

================================================================
== Vitis HLS Report for 'Block_entry_proc'
================================================================
* Date:           Wed Jun 17 16:34:04 2026

* Version:        2025.2 (Build 6295257 on Nov 14 2025)
* Project:        yolo_backbone_3
* Solution:       hls (Vivado IP Flow Target)
* Product family: kintex7
* Target device:  xc7k325t-ffg900-2


================================================================
== Performance Estimates
================================================================
+ Timing: 
    * Summary: 
    +--------+----------+----------+------------+
    |  Clock |  Target  | Estimated| Uncertainty|
    +--------+----------+----------+------------+
    |ap_clk  |  10.00 ns|  7.300 ns|     2.70 ns|
    +--------+----------+----------+------------+

+ Latency: 
    * Summary: 
    +---------+---------+-----------+-----------+------+------+---------+
    |  Latency (cycles) |   Latency (absolute)  |   Interval  | Pipeline|
    |   min   |   max   |    min    |    max    |  min |  max |   Type  |
    +---------+---------+-----------+-----------+------+------+---------+
    |     4677|     4677|  46.770 us|  46.770 us|  4677|  4677|       no|
    +---------+---------+-----------+-----------+------+------+---------+

    + Detail: 
        * Instance: 
        N/A

        * Loop: 
        N/A

============================================================
+ Verbose Summary: Synthesis Manager
============================================================
InlineROM: 1
ExposeGlobal: 0
============================================================
+ Verbose Summary: CDFG Model
============================================================
IsTopModel: 0
ResetActiveHigh: 1
IsCombinational: 2
IsDatapathOnly: 0
HasWiredReturn: 1
HasMFsm: 0
HasVarLatency: 1
IsPipeline: 0
IsRtlPipelined: 0
IsInstanceOverlapped: 0
IsDontTouch: 0
HasImplIP: 0
IsGatedGlobalClock: 0


============================================================
+ Verbose Summary: Schedule
============================================================
* Number of FSM states : 20
* Pipeline : 0
* Dataflow Pipeline: 0

* FSM state transitions: 
1 --> 2 
2 --> 3 
3 --> 4 
4 --> 5 
5 --> 6 
6 --> 7 
7 --> 8 
8 --> 9 
9 --> 10 
10 --> 11 
11 --> 12 
12 --> 13 
13 --> 14 
14 --> 15 
15 --> 16 
16 --> 17 
17 --> 18 
18 --> 19 
19 --> 20 
20 --> 

* FSM state operations: 

State 1 <SV = 0> <Delay = 7.30>
ST_1 : Operation 21 [1/1] (0.00ns)   --->   "%l1_b_in_read = read i64 @_ssdm_op_Read.ap_auto.i64, i64 %l1_b_in" [yolo_backbone_3.cpp:276]   --->   Operation 21 'read' 'l1_b_in_read' <Predicate = true> <Delay = 0.00>
ST_1 : Operation 22 [1/1] (0.00ns)   --->   "%trunc_ln = partselect i63 @_ssdm_op_PartSelect.i63.i64.i32.i32, i64 %l1_b_in_read, i32 1, i32 63" [yolo_backbone_3.cpp:276]   --->   Operation 22 'partselect' 'trunc_ln' <Predicate = true> <Delay = 0.00>
ST_1 : Operation 23 [1/1] (0.00ns)   --->   "%sext_ln276 = sext i63 %trunc_ln" [yolo_backbone_3.cpp:276]   --->   Operation 23 'sext' 'sext_ln276' <Predicate = true> <Delay = 0.00>
ST_1 : Operation 24 [1/1] (0.00ns)   --->   "%gmem1_addr = getelementptr i16 %gmem1, i64 %sext_ln276" [yolo_backbone_3.cpp:276]   --->   Operation 24 'getelementptr' 'gmem1_addr' <Predicate = true> <Delay = 0.00>
ST_1 : Operation 25 [8/8] (7.30ns)   --->   "%empty = readreq i1 @_ssdm_op_ReadReq.m_axi.p1i16, i16 %gmem1_addr, i64 32" [yolo_backbone_3.cpp:276]   --->   Operation 25 'readreq' 'empty' <Predicate = true> <Delay = 7.30> <CoreInst = "m_axi">   --->   Core 111 'm_axi' <Latency = 6> <II = 1> <Delay = 1.00> <Adapter> <Opcode : 'readrequnaligned' 'writerequnaligned' 'read' 'write' 'readreq' 'writereq' 'writeresp'>

State 2 <SV = 1> <Delay = 0.00>
ST_2 : Operation 26 [7/8] (7.30ns)   --->   "%empty = readreq i1 @_ssdm_op_ReadReq.m_axi.p1i16, i16 %gmem1_addr, i64 32" [yolo_backbone_3.cpp:276]   --->   Operation 26 'readreq' 'empty' <Predicate = true> <Delay = 7.30> <CoreInst = "m_axi">   --->   Core 111 'm_axi' <Latency = 6> <II = 1> <Delay = 1.00> <Adapter> <Opcode : 'readrequnaligned' 'writerequnaligned' 'read' 'write' 'readreq' 'writereq' 'writeresp'>

State 3 <SV = 2> <Delay = 0.00>
ST_3 : Operation 27 [6/8] (7.30ns)   --->   "%empty = readreq i1 @_ssdm_op_ReadReq.m_axi.p1i16, i16 %gmem1_addr, i64 32" [yolo_backbone_3.cpp:276]   --->   Operation 27 'readreq' 'empty' <Predicate = true> <Delay = 7.30> <CoreInst = "m_axi">   --->   Core 111 'm_axi' <Latency = 6> <II = 1> <Delay = 1.00> <Adapter> <Opcode : 'readrequnaligned' 'writerequnaligned' 'read' 'write' 'readreq' 'writereq' 'writeresp'>

State 4 <SV = 3> <Delay = 0.00>
ST_4 : Operation 28 [5/8] (7.30ns)   --->   "%empty = readreq i1 @_ssdm_op_ReadReq.m_axi.p1i16, i16 %gmem1_addr, i64 32" [yolo_backbone_3.cpp:276]   --->   Operation 28 'readreq' 'empty' <Predicate = true> <Delay = 7.30> <CoreInst = "m_axi">   --->   Core 111 'm_axi' <Latency = 6> <II = 1> <Delay = 1.00> <Adapter> <Opcode : 'readrequnaligned' 'writerequnaligned' 'read' 'write' 'readreq' 'writereq' 'writeresp'>

State 5 <SV = 4> <Delay = 0.00>
ST_5 : Operation 29 [4/8] (7.30ns)   --->   "%empty = readreq i1 @_ssdm_op_ReadReq.m_axi.p1i16, i16 %gmem1_addr, i64 32" [yolo_backbone_3.cpp:276]   --->   Operation 29 'readreq' 'empty' <Predicate = true> <Delay = 7.30> <CoreInst = "m_axi">   --->   Core 111 'm_axi' <Latency = 6> <II = 1> <Delay = 1.00> <Adapter> <Opcode : 'readrequnaligned' 'writerequnaligned' 'read' 'write' 'readreq' 'writereq' 'writeresp'>

State 6 <SV = 5> <Delay = 0.00>
ST_6 : Operation 30 [3/8] (7.30ns)   --->   "%empty = readreq i1 @_ssdm_op_ReadReq.m_axi.p1i16, i16 %gmem1_addr, i64 32" [yolo_backbone_3.cpp:276]   --->   Operation 30 'readreq' 'empty' <Predicate = true> <Delay = 7.30> <CoreInst = "m_axi">   --->   Core 111 'm_axi' <Latency = 6> <II = 1> <Delay = 1.00> <Adapter> <Opcode : 'readrequnaligned' 'writerequnaligned' 'read' 'write' 'readreq' 'writereq' 'writeresp'>

State 7 <SV = 6> <Delay = 0.00>
ST_7 : Operation 31 [2/8] (7.30ns)   --->   "%empty = readreq i1 @_ssdm_op_ReadReq.m_axi.p1i16, i16 %gmem1_addr, i64 32" [yolo_backbone_3.cpp:276]   --->   Operation 31 'readreq' 'empty' <Predicate = true> <Delay = 7.30> <CoreInst = "m_axi">   --->   Core 111 'm_axi' <Latency = 6> <II = 1> <Delay = 1.00> <Adapter> <Opcode : 'readrequnaligned' 'writerequnaligned' 'read' 'write' 'readreq' 'writereq' 'writeresp'>

State 8 <SV = 7> <Delay = 7.30>
ST_8 : Operation 32 [1/8] ( I:7.30ns O:7.30ns )   --->   "%empty = readreq i1 @_ssdm_op_ReadReq.m_axi.p1i16, i16 %gmem1_addr, i64 32" [yolo_backbone_3.cpp:276]   --->   Operation 32 'readreq' 'empty' <Predicate = true> <Delay = 7.30> <CoreInst = "m_axi">   --->   Core 111 'm_axi' <Latency = 6> <II = 1> <Delay = 1.00> <Adapter> <Opcode : 'readrequnaligned' 'writerequnaligned' 'read' 'write' 'readreq' 'writereq' 'writeresp'>

State 9 <SV = 8> <Delay = 0.00>
ST_9 : Operation 33 [2/2] (0.00ns)   --->   "%call_ln276 = call void @Block_entry_proc_Pipeline_VITIS_LOOP_276_1, i16 %gmem1, i63 %trunc_ln, i16 %l1_b_1, i16 %l1_b_0" [yolo_backbone_3.cpp:276]   --->   Operation 33 'call' 'call_ln276' <Predicate = true> <Delay = 0.00> <CoreType = "Generic">   --->   Generic Core

State 10 <SV = 9> <Delay = 0.00>
ST_10 : Operation 34 [1/2] (0.00ns)   --->   "%call_ln276 = call void @Block_entry_proc_Pipeline_VITIS_LOOP_276_1, i16 %gmem1, i63 %trunc_ln, i16 %l1_b_1, i16 %l1_b_0" [yolo_backbone_3.cpp:276]   --->   Operation 34 'call' 'call_ln276' <Predicate = true> <Delay = 0.00> <CoreType = "Generic">   --->   Generic Core

State 11 <SV = 10> <Delay = 7.30>
ST_11 : Operation 35 [1/1] (0.00ns)   --->   "%l1_w_in_read = read i64 @_ssdm_op_Read.ap_auto.i64, i64 %l1_w_in" [yolo_backbone_3.cpp:276]   --->   Operation 35 'read' 'l1_w_in_read' <Predicate = true> <Delay = 0.00>
ST_11 : Operation 36 [1/1] (0.00ns)   --->   "%trunc_ln3 = partselect i63 @_ssdm_op_PartSelect.i63.i64.i32.i32, i64 %l1_w_in_read, i32 1, i32 63" [yolo_backbone_3.cpp:281]   --->   Operation 36 'partselect' 'trunc_ln3' <Predicate = true> <Delay = 0.00>
ST_11 : Operation 37 [1/1] (0.00ns)   --->   "%sext_ln281 = sext i63 %trunc_ln3" [yolo_backbone_3.cpp:281]   --->   Operation 37 'sext' 'sext_ln281' <Predicate = true> <Delay = 0.00>
ST_11 : Operation 38 [1/1] (0.00ns)   --->   "%gmem1_addr_1 = getelementptr i16 %gmem1, i64 %sext_ln281" [yolo_backbone_3.cpp:281]   --->   Operation 38 'getelementptr' 'gmem1_addr_1' <Predicate = true> <Delay = 0.00>
ST_11 : Operation 39 [8/8] (7.30ns)   --->   "%empty_310 = readreq i1 @_ssdm_op_ReadReq.m_axi.p1i16, i16 %gmem1_addr_1, i64 4608" [yolo_backbone_3.cpp:281]   --->   Operation 39 'readreq' 'empty_310' <Predicate = true> <Delay = 7.30> <CoreInst = "m_axi">   --->   Core 111 'm_axi' <Latency = 6> <II = 1> <Delay = 1.00> <Adapter> <Opcode : 'readrequnaligned' 'writerequnaligned' 'read' 'write' 'readreq' 'writereq' 'writeresp'>

State 12 <SV = 11> <Delay = 0.00>
ST_12 : Operation 40 [7/8] (7.30ns)   --->   "%empty_310 = readreq i1 @_ssdm_op_ReadReq.m_axi.p1i16, i16 %gmem1_addr_1, i64 4608" [yolo_backbone_3.cpp:281]   --->   Operation 40 'readreq' 'empty_310' <Predicate = true> <Delay = 7.30> <CoreInst = "m_axi">   --->   Core 111 'm_axi' <Latency = 6> <II = 1> <Delay = 1.00> <Adapter> <Opcode : 'readrequnaligned' 'writerequnaligned' 'read' 'write' 'readreq' 'writereq' 'writeresp'>

State 13 <SV = 12> <Delay = 0.00>
ST_13 : Operation 41 [6/8] (7.30ns)   --->   "%empty_310 = readreq i1 @_ssdm_op_ReadReq.m_axi.p1i16, i16 %gmem1_addr_1, i64 4608" [yolo_backbone_3.cpp:281]   --->   Operation 41 'readreq' 'empty_310' <Predicate = true> <Delay = 7.30> <CoreInst = "m_axi">   --->   Core 111 'm_axi' <Latency = 6> <II = 1> <Delay = 1.00> <Adapter> <Opcode : 'readrequnaligned' 'writerequnaligned' 'read' 'write' 'readreq' 'writereq' 'writeresp'>

State 14 <SV = 13> <Delay = 0.00>
ST_14 : Operation 42 [5/8] (7.30ns)   --->   "%empty_310 = readreq i1 @_ssdm_op_ReadReq.m_axi.p1i16, i16 %gmem1_addr_1, i64 4608" [yolo_backbone_3.cpp:281]   --->   Operation 42 'readreq' 'empty_310' <Predicate = true> <Delay = 7.30> <CoreInst = "m_axi">   --->   Core 111 'm_axi' <Latency = 6> <II = 1> <Delay = 1.00> <Adapter> <Opcode : 'readrequnaligned' 'writerequnaligned' 'read' 'write' 'readreq' 'writereq' 'writeresp'>

State 15 <SV = 14> <Delay = 0.00>
ST_15 : Operation 43 [4/8] (7.30ns)   --->   "%empty_310 = readreq i1 @_ssdm_op_ReadReq.m_axi.p1i16, i16 %gmem1_addr_1, i64 4608" [yolo_backbone_3.cpp:281]   --->   Operation 43 'readreq' 'empty_310' <Predicate = true> <Delay = 7.30> <CoreInst = "m_axi">   --->   Core 111 'm_axi' <Latency = 6> <II = 1> <Delay = 1.00> <Adapter> <Opcode : 'readrequnaligned' 'writerequnaligned' 'read' 'write' 'readreq' 'writereq' 'writeresp'>

State 16 <SV = 15> <Delay = 0.00>
ST_16 : Operation 44 [3/8] (7.30ns)   --->   "%empty_310 = readreq i1 @_ssdm_op_ReadReq.m_axi.p1i16, i16 %gmem1_addr_1, i64 4608" [yolo_backbone_3.cpp:281]   --->   Operation 44 'readreq' 'empty_310' <Predicate = true> <Delay = 7.30> <CoreInst = "m_axi">   --->   Core 111 'm_axi' <Latency = 6> <II = 1> <Delay = 1.00> <Adapter> <Opcode : 'readrequnaligned' 'writerequnaligned' 'read' 'write' 'readreq' 'writereq' 'writeresp'>

State 17 <SV = 16> <Delay = 0.00>
ST_17 : Operation 45 [2/8] (7.30ns)   --->   "%empty_310 = readreq i1 @_ssdm_op_ReadReq.m_axi.p1i16, i16 %gmem1_addr_1, i64 4608" [yolo_backbone_3.cpp:281]   --->   Operation 45 'readreq' 'empty_310' <Predicate = true> <Delay = 7.30> <CoreInst = "m_axi">   --->   Core 111 'm_axi' <Latency = 6> <II = 1> <Delay = 1.00> <Adapter> <Opcode : 'readrequnaligned' 'writerequnaligned' 'read' 'write' 'readreq' 'writereq' 'writeresp'>

State 18 <SV = 17> <Delay = 7.30>
ST_18 : Operation 46 [1/8] ( I:7.30ns O:7.30ns )   --->   "%empty_310 = readreq i1 @_ssdm_op_ReadReq.m_axi.p1i16, i16 %gmem1_addr_1, i64 4608" [yolo_backbone_3.cpp:281]   --->   Operation 46 'readreq' 'empty_310' <Predicate = true> <Delay = 7.30> <CoreInst = "m_axi">   --->   Core 111 'm_axi' <Latency = 6> <II = 1> <Delay = 1.00> <Adapter> <Opcode : 'readrequnaligned' 'writerequnaligned' 'read' 'write' 'readreq' 'writereq' 'writeresp'>

State 19 <SV = 18> <Delay = 0.00>
ST_19 : Operation 47 [2/2] (0.00ns)   --->   "%call_ln281 = call void @Block_entry_proc_Pipeline_VITIS_LOOP_281_2, i16 %gmem1, i63 %trunc_ln3, i16 %l1_w_1_15_2_2, i16 %l1_w_1_15_2_1, i16 %l1_w_1_15_2_0, i16 %l1_w_1_15_1_2, i16 %l1_w_1_15_1_1, i16 %l1_w_1_15_1_0, i16 %l1_w_1_15_0_2, i16 %l1_w_1_15_0_1, i16 %l1_w_1_15_0_0, i16 %l1_w_1_14_2_2, i16 %l1_w_1_14_2_1, i16 %l1_w_1_14_2_0, i16 %l1_w_1_14_1_2, i16 %l1_w_1_14_1_1, i16 %l1_w_1_14_1_0, i16 %l1_w_1_14_0_2, i16 %l1_w_1_14_0_1, i16 %l1_w_1_14_0_0, i16 %l1_w_1_13_2_2, i16 %l1_w_1_13_2_1, i16 %l1_w_1_13_2_0, i16 %l1_w_1_13_1_2, i16 %l1_w_1_13_1_1, i16 %l1_w_1_13_1_0, i16 %l1_w_1_13_0_2, i16 %l1_w_1_13_0_1, i16 %l1_w_1_13_0_0, i16 %l1_w_1_12_2_2, i16 %l1_w_1_12_2_1, i16 %l1_w_1_12_2_0, i16 %l1_w_1_12_1_2, i16 %l1_w_1_12_1_1, i16 %l1_w_1_12_1_0, i16 %l1_w_1_12_0_2, i16 %l1_w_1_12_0_1, i16 %l1_w_1_12_0_0, i16 %l1_w_1_11_2_2, i16 %l1_w_1_11_2_1, i16 %l1_w_1_11_2_0, i16 %l1_w_1_11_1_2, i16 %l1_w_1_11_1_1, i16 %l1_w_1_11_1_0, i16 %l1_w_1_11_0_2, i16 %l1_w_1_11_0_1, i16 %l1_w_1_11_0_0, i16 %l1_w_1_10_2_2, i16 %l1_w_1_10_2_1, i16 %l1_w_1_10_2_0, i16 %l1_w_1_10_1_2, i16 %l1_w_1_10_1_1, i16 %l1_w_1_10_1_0, i16 %l1_w_1_10_0_2, i16 %l1_w_1_10_0_1, i16 %l1_w_1_10_0_0, i16 %l1_w_1_9_2_2, i16 %l1_w_1_9_2_1, i16 %l1_w_1_9_2_0, i16 %l1_w_1_9_1_2, i16 %l1_w_1_9_1_1, i16 %l1_w_1_9_1_0, i16 %l1_w_1_9_0_2, i16 %l1_w_1_9_0_1, i16 %l1_w_1_9_0_0, i16 %l1_w_1_8_2_2, i16 %l1_w_1_8_2_1, i16 %l1_w_1_8_2_0, i16 %l1_w_1_8_1_2, i16 %l1_w_1_8_1_1, i16 %l1_w_1_8_1_0, i16 %l1_w_1_8_0_2, i16 %l1_w_1_8_0_1, i16 %l1_w_1_8_0_0, i16 %l1_w_1_7_2_2, i16 %l1_w_1_7_2_1, i16 %l1_w_1_7_2_0, i16 %l1_w_1_7_1_2, i16 %l1_w_1_7_1_1, i16 %l1_w_1_7_1_0, i16 %l1_w_1_7_0_2, i16 %l1_w_1_7_0_1, i16 %l1_w_1_7_0_0, i16 %l1_w_1_6_2_2, i16 %l1_w_1_6_2_1, i16 %l1_w_1_6_2_0, i16 %l1_w_1_6_1_2, i16 %l1_w_1_6_1_1, i16 %l1_w_1_6_1_0, i16 %l1_w_1_6_0_2, i16 %l1_w_1_6_0_1, i16 %l1_w_1_6_0_0, i16 %l1_w_1_5_2_2, i16 %l1_w_1_5_2_1, i16 %l1_w_1_5_2_0, i16 %l1_w_1_5_1_2, i16 %l1_w_1_5_1_1, i16 %l1_w_1_5_1_0, i16 %l1_w_1_5_0_2, i16 %l1_w_1_5_0_1, i16 %l1_w_1_5_0_0, i16 %l1_w_1_4_2_2, i16 %l1_w_1_4_2_1, i16 %l1_w_1_4_2_0, i16 %l1_w_1_4_1_2, i16 %l1_w_1_4_1_1, i16 %l1_w_1_4_1_0, i16 %l1_w_1_4_0_2, i16 %l1_w_1_4_0_1, i16 %l1_w_1_4_0_0, i16 %l1_w_1_3_2_2, i16 %l1_w_1_3_2_1, i16 %l1_w_1_3_2_0, i16 %l1_w_1_3_1_2, i16 %l1_w_1_3_1_1, i16 %l1_w_1_3_1_0, i16 %l1_w_1_3_0_2, i16 %l1_w_1_3_0_1, i16 %l1_w_1_3_0_0, i16 %l1_w_1_2_2_2, i16 %l1_w_1_2_2_1, i16 %l1_w_1_2_2_0, i16 %l1_w_1_2_1_2, i16 %l1_w_1_2_1_1, i16 %l1_w_1_2_1_0, i16 %l1_w_1_2_0_2, i16 %l1_w_1_2_0_1, i16 %l1_w_1_2_0_0, i16 %l1_w_1_1_2_2, i16 %l1_w_1_1_2_1, i16 %l1_w_1_1_2_0, i16 %l1_w_1_1_1_2, i16 %l1_w_1_1_1_1, i16 %l1_w_1_1_1_0, i16 %l1_w_1_1_0_2, i16 %l1_w_1_1_0_1, i16 %l1_w_1_1_0_0, i16 %l1_w_1_0_2_2, i16 %l1_w_1_0_2_1, i16 %l1_w_1_0_2_0, i16 %l1_w_1_0_1_2, i16 %l1_w_1_0_1_1, i16 %l1_w_1_0_1_0, i16 %l1_w_1_0_0_2, i16 %l1_w_1_0_0_1, i16 %l1_w_1_0_0_0, i16 %l1_w_0_15_2_2, i16 %l1_w_0_15_2_1, i16 %l1_w_0_15_2_0, i16 %l1_w_0_15_1_2, i16 %l1_w_0_15_1_1, i16 %l1_w_0_15_1_0, i16 %l1_w_0_15_0_2, i16 %l1_w_0_15_0_1, i16 %l1_w_0_15_0_0, i16 %l1_w_0_14_2_2, i16 %l1_w_0_14_2_1, i16 %l1_w_0_14_2_0, i16 %l1_w_0_14_1_2, i16 %l1_w_0_14_1_1, i16 %l1_w_0_14_1_0, i16 %l1_w_0_14_0_2, i16 %l1_w_0_14_0_1, i16 %l1_w_0_14_0_0, i16 %l1_w_0_13_2_2, i16 %l1_w_0_13_2_1, i16 %l1_w_0_13_2_0, i16 %l1_w_0_13_1_2, i16 %l1_w_0_13_1_1, i16 %l1_w_0_13_1_0, i16 %l1_w_0_13_0_2, i16 %l1_w_0_13_0_1, i16 %l1_w_0_13_0_0, i16 %l1_w_0_12_2_2, i16 %l1_w_0_12_2_1, i16 %l1_w_0_12_2_0, i16 %l1_w_0_12_1_2, i16 %l1_w_0_12_1_1, i16 %l1_w_0_12_1_0, i16 %l1_w_0_12_0_2, i16 %l1_w_0_12_0_1, i16 %l1_w_0_12_0_0, i16 %l1_w_0_11_2_2, i16 %l1_w_0_11_2_1, i16 %l1_w_0_11_2_0, i16 %l1_w_0_11_1_2, i16 %l1_w_0_11_1_1, i16 %l1_w_0_11_1_0, i16 %l1_w_0_11_0_2, i16 %l1_w_0_11_0_1, i16 %l1_w_0_11_0_0, i16 %l1_w_0_10_2_2, i16 %l1_w_0_10_2_1, i16 %l1_w_0_10_2_0, i16 %l1_w_0_10_1_2, i16 %l1_w_0_10_1_1, i16 %l1_w_0_10_1_0, i16 %l1_w_0_10_0_2, i16 %l1_w_0_10_0_1, i16 %l1_w_0_10_0_0, i16 %l1_w_0_9_2_2, i16 %l1_w_0_9_2_1, i16 %l1_w_0_9_2_0, i16 %l1_w_0_9_1_2, i16 %l1_w_0_9_1_1, i16 %l1_w_0_9_1_0, i16 %l1_w_0_9_0_2, i16 %l1_w_0_9_0_1, i16 %l1_w_0_9_0_0, i16 %l1_w_0_8_2_2, i16 %l1_w_0_8_2_1, i16 %l1_w_0_8_2_0, i16 %l1_w_0_8_1_2, i16 %l1_w_0_8_1_1, i16 %l1_w_0_8_1_0, i16 %l1_w_0_8_0_2, i16 %l1_w_0_8_0_1, i16 %l1_w_0_8_0_0, i16 %l1_w_0_7_2_2, i16 %l1_w_0_7_2_1, i16 %l1_w_0_7_2_0, i16 %l1_w_0_7_1_2, i16 %l1_w_0_7_1_1, i16 %l1_w_0_7_1_0, i16 %l1_w_0_7_0_2, i16 %l1_w_0_7_0_1, i16 %l1_w_0_7_0_0, i16 %l1_w_0_6_2_2, i16 %l1_w_0_6_2_1, i16 %l1_w_0_6_2_0, i16 %l1_w_0_6_1_2, i16 %l1_w_0_6_1_1, i16 %l1_w_0_6_1_0, i16 %l1_w_0_6_0_2, i16 %l1_w_0_6_0_1, i16 %l1_w_0_6_0_0, i16 %l1_w_0_5_2_2, i16 %l1_w_0_5_2_1, i16 %l1_w_0_5_2_0, i16 %l1_w_0_5_1_2, i16 %l1_w_0_5_1_1, i16 %l1_w_0_5_1_0, i16 %l1_w_0_5_0_2, i16 %l1_w_0_5_0_1, i16 %l1_w_0_5_0_0, i16 %l1_w_0_4_2_2, i16 %l1_w_0_4_2_1, i16 %l1_w_0_4_2_0, i16 %l1_w_0_4_1_2, i16 %l1_w_0_4_1_1, i16 %l1_w_0_4_1_0, i16 %l1_w_0_4_0_2, i16 %l1_w_0_4_0_1, i16 %l1_w_0_4_0_0, i16 %l1_w_0_3_2_2, i16 %l1_w_0_3_2_1, i16 %l1_w_0_3_2_0, i16 %l1_w_0_3_1_2, i16 %l1_w_0_3_1_1, i16 %l1_w_0_3_1_0, i16 %l1_w_0_3_0_2, i16 %l1_w_0_3_0_1, i16 %l1_w_0_3_0_0, i16 %l1_w_0_2_2_2, i16 %l1_w_0_2_2_1, i16 %l1_w_0_2_2_0, i16 %l1_w_0_2_1_2, i16 %l1_w_0_2_1_1, i16 %l1_w_0_2_1_0, i16 %l1_w_0_2_0_2, i16 %l1_w_0_2_0_1, i16 %l1_w_0_2_0_0, i16 %l1_w_0_1_2_2, i16 %l1_w_0_1_2_1, i16 %l1_w_0_1_2_0, i16 %l1_w_0_1_1_2, i16 %l1_w_0_1_1_1, i16 %l1_w_0_1_1_0, i16 %l1_w_0_1_0_2, i16 %l1_w_0_1_0_1, i16 %l1_w_0_1_0_0, i16 %l1_w_0_0_2_2, i16 %l1_w_0_0_2_1, i16 %l1_w_0_0_2_0, i16 %l1_w_0_0_1_2, i16 %l1_w_0_0_1_1, i16 %l1_w_0_0_1_0, i16 %l1_w_0_0_0_2, i16 %l1_w_0_0_0_1, i16 %l1_w_0_0_0_0" [yolo_backbone_3.cpp:281]   --->   Operation 47 'call' 'call_ln281' <Predicate = true> <Delay = 0.00> <CoreType = "Generic">   --->   Generic Core

State 20 <SV = 19> <Delay = 0.00>
ST_20 : Operation 48 [1/1] (0.00ns)   --->   "%specinterface_ln0 = specinterface void @_ssdm_op_SpecInterface, i16 %gmem1, void @empty_9, i32 0, i32 0, void @empty_22, i32 0, i32 0, void @empty_32, void @empty_33, void @empty_22, i32 16, i32 16, i32 16, i32 16, void @empty_22, void @empty_22, i32 4294967295, i32 0, i32 0, i32 2"   --->   Operation 48 'specinterface' 'specinterface_ln0' <Predicate = true> <Delay = 0.00>
ST_20 : Operation 49 [1/2] (0.00ns)   --->   "%call_ln281 = call void @Block_entry_proc_Pipeline_VITIS_LOOP_281_2, i16 %gmem1, i63 %trunc_ln3, i16 %l1_w_1_15_2_2, i16 %l1_w_1_15_2_1, i16 %l1_w_1_15_2_0, i16 %l1_w_1_15_1_2, i16 %l1_w_1_15_1_1, i16 %l1_w_1_15_1_0, i16 %l1_w_1_15_0_2, i16 %l1_w_1_15_0_1, i16 %l1_w_1_15_0_0, i16 %l1_w_1_14_2_2, i16 %l1_w_1_14_2_1, i16 %l1_w_1_14_2_0, i16 %l1_w_1_14_1_2, i16 %l1_w_1_14_1_1, i16 %l1_w_1_14_1_0, i16 %l1_w_1_14_0_2, i16 %l1_w_1_14_0_1, i16 %l1_w_1_14_0_0, i16 %l1_w_1_13_2_2, i16 %l1_w_1_13_2_1, i16 %l1_w_1_13_2_0, i16 %l1_w_1_13_1_2, i16 %l1_w_1_13_1_1, i16 %l1_w_1_13_1_0, i16 %l1_w_1_13_0_2, i16 %l1_w_1_13_0_1, i16 %l1_w_1_13_0_0, i16 %l1_w_1_12_2_2, i16 %l1_w_1_12_2_1, i16 %l1_w_1_12_2_0, i16 %l1_w_1_12_1_2, i16 %l1_w_1_12_1_1, i16 %l1_w_1_12_1_0, i16 %l1_w_1_12_0_2, i16 %l1_w_1_12_0_1, i16 %l1_w_1_12_0_0, i16 %l1_w_1_11_2_2, i16 %l1_w_1_11_2_1, i16 %l1_w_1_11_2_0, i16 %l1_w_1_11_1_2, i16 %l1_w_1_11_1_1, i16 %l1_w_1_11_1_0, i16 %l1_w_1_11_0_2, i16 %l1_w_1_11_0_1, i16 %l1_w_1_11_0_0, i16 %l1_w_1_10_2_2, i16 %l1_w_1_10_2_1, i16 %l1_w_1_10_2_0, i16 %l1_w_1_10_1_2, i16 %l1_w_1_10_1_1, i16 %l1_w_1_10_1_0, i16 %l1_w_1_10_0_2, i16 %l1_w_1_10_0_1, i16 %l1_w_1_10_0_0, i16 %l1_w_1_9_2_2, i16 %l1_w_1_9_2_1, i16 %l1_w_1_9_2_0, i16 %l1_w_1_9_1_2, i16 %l1_w_1_9_1_1, i16 %l1_w_1_9_1_0, i16 %l1_w_1_9_0_2, i16 %l1_w_1_9_0_1, i16 %l1_w_1_9_0_0, i16 %l1_w_1_8_2_2, i16 %l1_w_1_8_2_1, i16 %l1_w_1_8_2_0, i16 %l1_w_1_8_1_2, i16 %l1_w_1_8_1_1, i16 %l1_w_1_8_1_0, i16 %l1_w_1_8_0_2, i16 %l1_w_1_8_0_1, i16 %l1_w_1_8_0_0, i16 %l1_w_1_7_2_2, i16 %l1_w_1_7_2_1, i16 %l1_w_1_7_2_0, i16 %l1_w_1_7_1_2, i16 %l1_w_1_7_1_1, i16 %l1_w_1_7_1_0, i16 %l1_w_1_7_0_2, i16 %l1_w_1_7_0_1, i16 %l1_w_1_7_0_0, i16 %l1_w_1_6_2_2, i16 %l1_w_1_6_2_1, i16 %l1_w_1_6_2_0, i16 %l1_w_1_6_1_2, i16 %l1_w_1_6_1_1, i16 %l1_w_1_6_1_0, i16 %l1_w_1_6_0_2, i16 %l1_w_1_6_0_1, i16 %l1_w_1_6_0_0, i16 %l1_w_1_5_2_2, i16 %l1_w_1_5_2_1, i16 %l1_w_1_5_2_0, i16 %l1_w_1_5_1_2, i16 %l1_w_1_5_1_1, i16 %l1_w_1_5_1_0, i16 %l1_w_1_5_0_2, i16 %l1_w_1_5_0_1, i16 %l1_w_1_5_0_0, i16 %l1_w_1_4_2_2, i16 %l1_w_1_4_2_1, i16 %l1_w_1_4_2_0, i16 %l1_w_1_4_1_2, i16 %l1_w_1_4_1_1, i16 %l1_w_1_4_1_0, i16 %l1_w_1_4_0_2, i16 %l1_w_1_4_0_1, i16 %l1_w_1_4_0_0, i16 %l1_w_1_3_2_2, i16 %l1_w_1_3_2_1, i16 %l1_w_1_3_2_0, i16 %l1_w_1_3_1_2, i16 %l1_w_1_3_1_1, i16 %l1_w_1_3_1_0, i16 %l1_w_1_3_0_2, i16 %l1_w_1_3_0_1, i16 %l1_w_1_3_0_0, i16 %l1_w_1_2_2_2, i16 %l1_w_1_2_2_1, i16 %l1_w_1_2_2_0, i16 %l1_w_1_2_1_2, i16 %l1_w_1_2_1_1, i16 %l1_w_1_2_1_0, i16 %l1_w_1_2_0_2, i16 %l1_w_1_2_0_1, i16 %l1_w_1_2_0_0, i16 %l1_w_1_1_2_2, i16 %l1_w_1_1_2_1, i16 %l1_w_1_1_2_0, i16 %l1_w_1_1_1_2, i16 %l1_w_1_1_1_1, i16 %l1_w_1_1_1_0, i16 %l1_w_1_1_0_2, i16 %l1_w_1_1_0_1, i16 %l1_w_1_1_0_0, i16 %l1_w_1_0_2_2, i16 %l1_w_1_0_2_1, i16 %l1_w_1_0_2_0, i16 %l1_w_1_0_1_2, i16 %l1_w_1_0_1_1, i16 %l1_w_1_0_1_0, i16 %l1_w_1_0_0_2, i16 %l1_w_1_0_0_1, i16 %l1_w_1_0_0_0, i16 %l1_w_0_15_2_2, i16 %l1_w_0_15_2_1, i16 %l1_w_0_15_2_0, i16 %l1_w_0_15_1_2, i16 %l1_w_0_15_1_1, i16 %l1_w_0_15_1_0, i16 %l1_w_0_15_0_2, i16 %l1_w_0_15_0_1, i16 %l1_w_0_15_0_0, i16 %l1_w_0_14_2_2, i16 %l1_w_0_14_2_1, i16 %l1_w_0_14_2_0, i16 %l1_w_0_14_1_2, i16 %l1_w_0_14_1_1, i16 %l1_w_0_14_1_0, i16 %l1_w_0_14_0_2, i16 %l1_w_0_14_0_1, i16 %l1_w_0_14_0_0, i16 %l1_w_0_13_2_2, i16 %l1_w_0_13_2_1, i16 %l1_w_0_13_2_0, i16 %l1_w_0_13_1_2, i16 %l1_w_0_13_1_1, i16 %l1_w_0_13_1_0, i16 %l1_w_0_13_0_2, i16 %l1_w_0_13_0_1, i16 %l1_w_0_13_0_0, i16 %l1_w_0_12_2_2, i16 %l1_w_0_12_2_1, i16 %l1_w_0_12_2_0, i16 %l1_w_0_12_1_2, i16 %l1_w_0_12_1_1, i16 %l1_w_0_12_1_0, i16 %l1_w_0_12_0_2, i16 %l1_w_0_12_0_1, i16 %l1_w_0_12_0_0, i16 %l1_w_0_11_2_2, i16 %l1_w_0_11_2_1, i16 %l1_w_0_11_2_0, i16 %l1_w_0_11_1_2, i16 %l1_w_0_11_1_1, i16 %l1_w_0_11_1_0, i16 %l1_w_0_11_0_2, i16 %l1_w_0_11_0_1, i16 %l1_w_0_11_0_0, i16 %l1_w_0_10_2_2, i16 %l1_w_0_10_2_1, i16 %l1_w_0_10_2_0, i16 %l1_w_0_10_1_2, i16 %l1_w_0_10_1_1, i16 %l1_w_0_10_1_0, i16 %l1_w_0_10_0_2, i16 %l1_w_0_10_0_1, i16 %l1_w_0_10_0_0, i16 %l1_w_0_9_2_2, i16 %l1_w_0_9_2_1, i16 %l1_w_0_9_2_0, i16 %l1_w_0_9_1_2, i16 %l1_w_0_9_1_1, i16 %l1_w_0_9_1_0, i16 %l1_w_0_9_0_2, i16 %l1_w_0_9_0_1, i16 %l1_w_0_9_0_0, i16 %l1_w_0_8_2_2, i16 %l1_w_0_8_2_1, i16 %l1_w_0_8_2_0, i16 %l1_w_0_8_1_2, i16 %l1_w_0_8_1_1, i16 %l1_w_0_8_1_0, i16 %l1_w_0_8_0_2, i16 %l1_w_0_8_0_1, i16 %l1_w_0_8_0_0, i16 %l1_w_0_7_2_2, i16 %l1_w_0_7_2_1, i16 %l1_w_0_7_2_0, i16 %l1_w_0_7_1_2, i16 %l1_w_0_7_1_1, i16 %l1_w_0_7_1_0, i16 %l1_w_0_7_0_2, i16 %l1_w_0_7_0_1, i16 %l1_w_0_7_0_0, i16 %l1_w_0_6_2_2, i16 %l1_w_0_6_2_1, i16 %l1_w_0_6_2_0, i16 %l1_w_0_6_1_2, i16 %l1_w_0_6_1_1, i16 %l1_w_0_6_1_0, i16 %l1_w_0_6_0_2, i16 %l1_w_0_6_0_1, i16 %l1_w_0_6_0_0, i16 %l1_w_0_5_2_2, i16 %l1_w_0_5_2_1, i16 %l1_w_0_5_2_0, i16 %l1_w_0_5_1_2, i16 %l1_w_0_5_1_1, i16 %l1_w_0_5_1_0, i16 %l1_w_0_5_0_2, i16 %l1_w_0_5_0_1, i16 %l1_w_0_5_0_0, i16 %l1_w_0_4_2_2, i16 %l1_w_0_4_2_1, i16 %l1_w_0_4_2_0, i16 %l1_w_0_4_1_2, i16 %l1_w_0_4_1_1, i16 %l1_w_0_4_1_0, i16 %l1_w_0_4_0_2, i16 %l1_w_0_4_0_1, i16 %l1_w_0_4_0_0, i16 %l1_w_0_3_2_2, i16 %l1_w_0_3_2_1, i16 %l1_w_0_3_2_0, i16 %l1_w_0_3_1_2, i16 %l1_w_0_3_1_1, i16 %l1_w_0_3_1_0, i16 %l1_w_0_3_0_2, i16 %l1_w_0_3_0_1, i16 %l1_w_0_3_0_0, i16 %l1_w_0_2_2_2, i16 %l1_w_0_2_2_1, i16 %l1_w_0_2_2_0, i16 %l1_w_0_2_1_2, i16 %l1_w_0_2_1_1, i16 %l1_w_0_2_1_0, i16 %l1_w_0_2_0_2, i16 %l1_w_0_2_0_1, i16 %l1_w_0_2_0_0, i16 %l1_w_0_1_2_2, i16 %l1_w_0_1_2_1, i16 %l1_w_0_1_2_0, i16 %l1_w_0_1_1_2, i16 %l1_w_0_1_1_1, i16 %l1_w_0_1_1_0, i16 %l1_w_0_1_0_2, i16 %l1_w_0_1_0_1, i16 %l1_w_0_1_0_0, i16 %l1_w_0_0_2_2, i16 %l1_w_0_0_2_1, i16 %l1_w_0_0_2_0, i16 %l1_w_0_0_1_2, i16 %l1_w_0_0_1_1, i16 %l1_w_0_0_1_0, i16 %l1_w_0_0_0_2, i16 %l1_w_0_0_0_1, i16 %l1_w_0_0_0_0" [yolo_backbone_3.cpp:281]   --->   Operation 49 'call' 'call_ln281' <Predicate = true> <Delay = 0.00> <CoreType = "Generic">   --->   Generic Core
ST_20 : Operation 50 [1/1] (0.00ns)   --->   "%ret_ln0 = ret"   --->   Operation 50 'ret' 'ret_ln0' <Predicate = true> <Delay = 0.00>


============================================================
+ Verbose Summary: Timing violations
============================================================
Target clock period: 10.000ns, clock uncertainty: 2.700ns.

 <State 1>: 7.300ns
The critical path consists of the following:
	wire read operation ('l1_b_in_read', yolo_backbone_3.cpp:276) on port 'l1_b_in' (yolo_backbone_3.cpp:276) [296]  (0.000 ns)
	'getelementptr' operation 16 bit ('gmem1_addr', yolo_backbone_3.cpp:276) [299]  (0.000 ns)
	bus request operation ('empty', yolo_backbone_3.cpp:276) on port 'gmem1' (yolo_backbone_3.cpp:276) [300]  (0.000 ns)
	blocking operation 7.3 ns on control path)

 <State 2>: 0.000ns
The critical path consists of the following:

 <State 3>: 0.000ns
The critical path consists of the following:

 <State 4>: 0.000ns
The critical path consists of the following:

 <State 5>: 0.000ns
The critical path consists of the following:

 <State 6>: 0.000ns
The critical path consists of the following:

 <State 7>: 0.000ns
The critical path consists of the following:

 <State 8>: 7.300ns
The critical path consists of the following:
	bus request operation ('empty', yolo_backbone_3.cpp:276) on port 'gmem1' (yolo_backbone_3.cpp:276) [300]  (7.300 ns)

 <State 9>: 0.000ns
The critical path consists of the following:

 <State 10>: 0.000ns
The critical path consists of the following:

 <State 11>: 7.300ns
The critical path consists of the following:
	wire read operation ('l1_w_in_read', yolo_backbone_3.cpp:276) on port 'l1_w_in' (yolo_backbone_3.cpp:276) [295]  (0.000 ns)
	'getelementptr' operation 16 bit ('gmem1_addr_1', yolo_backbone_3.cpp:281) [304]  (0.000 ns)
	bus request operation ('empty_310', yolo_backbone_3.cpp:281) on port 'gmem1' (yolo_backbone_3.cpp:281) [305]  (0.000 ns)
	blocking operation 7.3 ns on control path)

 <State 12>: 0.000ns
The critical path consists of the following:

 <State 13>: 0.000ns
The critical path consists of the following:

 <State 14>: 0.000ns
The critical path consists of the following:

 <State 15>: 0.000ns
The critical path consists of the following:

 <State 16>: 0.000ns
The critical path consists of the following:

 <State 17>: 0.000ns
The critical path consists of the following:

 <State 18>: 7.300ns
The critical path consists of the following:
	bus request operation ('empty_310', yolo_backbone_3.cpp:281) on port 'gmem1' (yolo_backbone_3.cpp:281) [305]  (7.300 ns)

 <State 19>: 0.000ns
The critical path consists of the following:

 <State 20>: 0.000ns
The critical path consists of the following:


============================================================
+ Verbose Summary: Binding
============================================================
N/A
* FSMD analyzer results:
  - Output states:
 - Input state : 
  - Chain level:
	State 1
	State 2
	State 3
	State 4
	State 5
	State 6
	State 7
	State 8
	State 9
	State 10
	State 11
	State 12
	State 13
	State 14
	State 15
	State 16
	State 17
	State 18
	State 19
	State 20


============================================================
+ Verbose Summary: Datapath Resource usage 
============================================================
N/A
