

================================================================
== Vitis HLS Report for 'Block_entry_proc_Pipeline_VITIS_LOOP_276_1'
================================================================
* Date:           Wed Jun 17 16:34:02 2026

* Version:        2025.2 (Build 6295257 on Nov 14 2025)
* Project:        yolo_backbone_3
* Solution:       hls (Vivado IP Flow Target)
* Product family: kintex7
* Target device:  xc7k325t-ffg900-2


================================================================
== Performance Estimates
================================================================
+ Timing: 
    * Summary: 
    +--------+----------+----------+------------+
    |  Clock |  Target  | Estimated| Uncertainty|
    +--------+----------+----------+------------+
    |ap_clk  |  10.00 ns|  7.300 ns|     2.70 ns|
    +--------+----------+----------+------------+

+ Latency: 
    * Summary: 
    +---------+---------+----------+----------+-----+-----+-------------------+
    |  Latency (cycles) |  Latency (absolute) |  Interval |      Pipeline     |
    |   min   |   max   |    min   |    max   | min | max |        Type       |
    +---------+---------+----------+----------+-----+-----+-------------------+
    |       35|       35|  0.350 us|  0.350 us|    0|    0|  loop pipeline stp|
    +---------+---------+----------+----------+-----+-----+-------------------+

    + Detail: 
        * Instance: 
        N/A

        * Loop: 
        +--------------------+---------+---------+----------+-----------+-----------+------+----------+
        |                    |  Latency (cycles) | Iteration|  Initiation Interval  | Trip |          |
        |      Loop Name     |   min   |   max   |  Latency |  achieved |   target  | Count| Pipelined|
        +--------------------+---------+---------+----------+-----------+-----------+------+----------+
        |- VITIS_LOOP_276_1  |       33|       33|         3|          1|          1|    32|       yes|
        +--------------------+---------+---------+----------+-----------+-----------+------+----------+

============================================================
+ Verbose Summary: Synthesis Manager
============================================================
InlineROM: 1
ExposeGlobal: 0
============================================================
+ Verbose Summary: CDFG Model
============================================================
IsTopModel: 0
ResetActiveHigh: 1
IsCombinational: 0
IsDatapathOnly: 0
HasWiredReturn: 1
HasMFsm: 2
HasVarLatency: 1
IsPipeline: 0
IsRtlPipelined: 0
IsInstanceOverlapped: 0
IsDontTouch: 0
HasImplIP: 0
IsGatedGlobalClock: 0

+ Individual pipeline summary: 
  * Pipeline-0: initiation interval (II) = 1, depth = 3


============================================================
+ Verbose Summary: Schedule
============================================================
* Number of FSM states : 3
* Pipeline : 1
  Pipeline-0 : II = 1, D = 3, States = { 1 2 3 }
* Dataflow Pipeline: 0

* FSM state transitions: 
1 --> 2 
2 --> 3 
3 --> 

* FSM state operations: 

State 1 <SV = 0> <Delay = 2.85>
ST_1 : Operation 6 [1/1] (0.00ns)   --->   "%oc = alloca i32 1" [yolo_backbone_3.cpp:276->yolo_backbone_3.cpp:276]   --->   Operation 6 'alloca' 'oc' <Predicate = true> <Delay = 0.00>
ST_1 : Operation 7 [1/1] (0.00ns)   --->   "%sext_ln276_read = read i63 @_ssdm_op_Read.ap_auto.i63, i63 %sext_ln276"   --->   Operation 7 'read' 'sext_ln276_read' <Predicate = true> <Delay = 0.00>
ST_1 : Operation 8 [1/1] (0.00ns)   --->   "%sext_ln276_cast = sext i63 %sext_ln276_read"   --->   Operation 8 'sext' 'sext_ln276_cast' <Predicate = true> <Delay = 0.00>
ST_1 : Operation 9 [1/1] (0.00ns)   --->   "%specinterface_ln0 = specinterface void @_ssdm_op_SpecInterface, i16 %gmem1, void @empty_9, i32 0, i32 0, void @empty_22, i32 0, i32 0, void @empty_32, void @empty_33, void @empty_22, i32 16, i32 16, i32 16, i32 16, void @empty_22, void @empty_22, i32 4294967295, i32 0, i32 0, i32 2"   --->   Operation 9 'specinterface' 'specinterface_ln0' <Predicate = true> <Delay = 0.00>
ST_1 : Operation 10 [1/1] (0.83ns)   --->   "%store_ln276 = store i6 0, i6 %oc" [yolo_backbone_3.cpp:276->yolo_backbone_3.cpp:276]   --->   Operation 10 'store' 'store_ln276' <Predicate = true> <Delay = 0.83>
ST_1 : Operation 11 [1/1] (0.00ns)   --->   "%br_ln0 = br void %for.inc.i"   --->   Operation 11 'br' 'br_ln0' <Predicate = true> <Delay = 0.00>
ST_1 : Operation 12 [1/1] (0.00ns)   --->   "%oc_3 = load i6 %oc" [yolo_backbone_3.cpp:276->yolo_backbone_3.cpp:276]   --->   Operation 12 'load' 'oc_3' <Predicate = true> <Delay = 0.00>
ST_1 : Operation 13 [1/1] (1.18ns)   --->   "%icmp_ln276 = icmp_eq  i6 %oc_3, i6 32" [yolo_backbone_3.cpp:276->yolo_backbone_3.cpp:276]   --->   Operation 13 'icmp' 'icmp_ln276' <Predicate = true> <Delay = 1.18> <CoreInst = "Cmp">   --->   Core 9 'Cmp' <Latency = 0> <II = 1> <Delay = 1.18> <FuncUnit> <Opcode : 'seteq' 'setne' 'setle' 'setge' 'setlt' 'setgt'> <InPorts = 2> <OutPorts = 1>
ST_1 : Operation 14 [1/1] (1.18ns)   --->   "%add_ln276 = add i6 %oc_3, i6 1" [yolo_backbone_3.cpp:276->yolo_backbone_3.cpp:276]   --->   Operation 14 'add' 'add_ln276' <Predicate = true> <Delay = 1.18> <CoreInst = "Adder">   --->   Core 1 'Adder' <Latency = 0> <II = 1> <Delay = 1.18> <FuncUnit> <Opcode : 'add' 'sub'> <InPorts = 2> <OutPorts = 1>
ST_1 : Operation 15 [1/1] (0.00ns)   --->   "%br_ln276 = br i1 %icmp_ln276, void %for.inc.split.i, void %Loop_VITIS_LOOP_276_1_proc.1.exit.exitStub" [yolo_backbone_3.cpp:276->yolo_backbone_3.cpp:276]   --->   Operation 15 'br' 'br_ln276' <Predicate = true> <Delay = 0.00>
ST_1 : Operation 16 [1/1] (0.00ns)   --->   "%trunc_ln276 = trunc i6 %oc_3" [yolo_backbone_3.cpp:276->yolo_backbone_3.cpp:276]   --->   Operation 16 'trunc' 'trunc_ln276' <Predicate = (!icmp_ln276)> <Delay = 0.00>
ST_1 : Operation 17 [1/1] (0.00ns)   --->   "%lshr_ln = partselect i4 @_ssdm_op_PartSelect.i4.i6.i32.i32, i6 %oc_3, i32 1, i32 4" [yolo_backbone_3.cpp:276->yolo_backbone_3.cpp:276]   --->   Operation 17 'partselect' 'lshr_ln' <Predicate = (!icmp_ln276)> <Delay = 0.00>
ST_1 : Operation 18 [1/1] (0.00ns)   --->   "%br_ln278 = br i1 %trunc_ln276, void %arrayidx2.case.0.i, void %arrayidx2.case.1.i" [yolo_backbone_3.cpp:278->yolo_backbone_3.cpp:276]   --->   Operation 18 'br' 'br_ln278' <Predicate = (!icmp_ln276)> <Delay = 0.00>
ST_1 : Operation 19 [1/1] (0.83ns)   --->   "%store_ln276 = store i6 %add_ln276, i6 %oc" [yolo_backbone_3.cpp:276->yolo_backbone_3.cpp:276]   --->   Operation 19 'store' 'store_ln276' <Predicate = (!icmp_ln276)> <Delay = 0.83>
ST_1 : Operation 20 [1/1] (0.00ns)   --->   "%br_ln276 = br void %for.inc.i" [yolo_backbone_3.cpp:276->yolo_backbone_3.cpp:276]   --->   Operation 20 'br' 'br_ln276' <Predicate = (!icmp_ln276)> <Delay = 0.00>

State 2 <SV = 1> <Delay = 7.30>
ST_2 : Operation 21 [1/1] (0.00ns)   --->   "%gmem1_addr = getelementptr i16 %gmem1, i64 %sext_ln276_cast" [yolo_backbone_3.cpp:276]   --->   Operation 21 'getelementptr' 'gmem1_addr' <Predicate = true> <Delay = 0.00>
ST_2 : Operation 22 [1/1] ( I:7.30ns O:7.30ns )   --->   "%gmem1_addr_read = read i16 @_ssdm_op_Read.m_axi.i16.p1i16, i16 %gmem1_addr" [yolo_backbone_3.cpp:278->yolo_backbone_3.cpp:276]   --->   Operation 22 'read' 'gmem1_addr_read' <Predicate = true> <Delay = 7.30> <CoreInst = "m_axi">   --->   Core 111 'm_axi' <Latency = 3> <II = 1> <Delay = 1.00> <Adapter> <Opcode : 'readrequnaligned' 'writerequnaligned' 'read' 'write' 'readreq' 'writereq' 'writeresp'>
ST_2 : Operation 33 [1/1] (0.83ns)   --->   "%ret_ln0 = ret"   --->   Operation 33 'ret' 'ret_ln0' <Predicate = (icmp_ln276)> <Delay = 0.83>

State 3 <SV = 2> <Delay = 1.14>
ST_3 : Operation 23 [1/1] (0.00ns)   --->   "%specpipeline_ln277 = specpipeline void @_ssdm_op_SpecPipeline, i32 1, i32 0, i32 0, i32 0, i32 4294967295, void @empty_22" [yolo_backbone_3.cpp:277->yolo_backbone_3.cpp:276]   --->   Operation 23 'specpipeline' 'specpipeline_ln277' <Predicate = true> <Delay = 0.00>
ST_3 : Operation 24 [1/1] (0.00ns)   --->   "%speclooptripcount_ln276 = speclooptripcount void @_ssdm_op_SpecLoopTripCount, i64 32, i64 32, i64 32" [yolo_backbone_3.cpp:276->yolo_backbone_3.cpp:276]   --->   Operation 24 'speclooptripcount' 'speclooptripcount_ln276' <Predicate = true> <Delay = 0.00>
ST_3 : Operation 25 [1/1] (0.00ns)   --->   "%specloopname_ln276 = specloopname void @_ssdm_op_SpecLoopName, void @empty_28" [yolo_backbone_3.cpp:276->yolo_backbone_3.cpp:276]   --->   Operation 25 'specloopname' 'specloopname_ln276' <Predicate = true> <Delay = 0.00>
ST_3 : Operation 26 [1/1] (0.00ns)   --->   "%zext_ln276 = zext i4 %lshr_ln" [yolo_backbone_3.cpp:276->yolo_backbone_3.cpp:276]   --->   Operation 26 'zext' 'zext_ln276' <Predicate = true> <Delay = 0.00>
ST_3 : Operation 27 [1/1] (0.00ns)   --->   "%l1_b_0_addr = getelementptr i16 %l1_b_0, i64 0, i64 %zext_ln276" [yolo_backbone_3.cpp:278->yolo_backbone_3.cpp:276]   --->   Operation 27 'getelementptr' 'l1_b_0_addr' <Predicate = true> <Delay = 0.00>
ST_3 : Operation 28 [1/1] (0.00ns)   --->   "%l1_b_1_addr = getelementptr i16 %l1_b_1, i64 0, i64 %zext_ln276" [yolo_backbone_3.cpp:278->yolo_backbone_3.cpp:276]   --->   Operation 28 'getelementptr' 'l1_b_1_addr' <Predicate = true> <Delay = 0.00>
ST_3 : Operation 29 [1/1] ( I:1.14ns O:1.14ns )   --->   "%store_ln278 = store i16 %gmem1_addr_read, i4 %l1_b_0_addr" [yolo_backbone_3.cpp:278->yolo_backbone_3.cpp:276]   --->   Operation 29 'store' 'store_ln278' <Predicate = (!trunc_ln276)> <Delay = 1.14> <CoreInst = "RAM">   --->   Core 81 'RAM' <Latency = 1> <II = 1> <Delay = 1.14> <Storage> <Opcode : 'load' 'store'> <Ports = 2> <Width = 16> <Depth = 16> <RAM>
ST_3 : Operation 30 [1/1] (0.00ns)   --->   "%br_ln278 = br void %arrayidx2.exit.i" [yolo_backbone_3.cpp:278->yolo_backbone_3.cpp:276]   --->   Operation 30 'br' 'br_ln278' <Predicate = (!trunc_ln276)> <Delay = 0.00>
ST_3 : Operation 31 [1/1] ( I:1.14ns O:1.14ns )   --->   "%store_ln278 = store i16 %gmem1_addr_read, i4 %l1_b_1_addr" [yolo_backbone_3.cpp:278->yolo_backbone_3.cpp:276]   --->   Operation 31 'store' 'store_ln278' <Predicate = (trunc_ln276)> <Delay = 1.14> <CoreInst = "RAM">   --->   Core 81 'RAM' <Latency = 1> <II = 1> <Delay = 1.14> <Storage> <Opcode : 'load' 'store'> <Ports = 2> <Width = 16> <Depth = 16> <RAM>
ST_3 : Operation 32 [1/1] (0.00ns)   --->   "%br_ln278 = br void %arrayidx2.exit.i" [yolo_backbone_3.cpp:278->yolo_backbone_3.cpp:276]   --->   Operation 32 'br' 'br_ln278' <Predicate = (trunc_ln276)> <Delay = 0.00>


============================================================
+ Verbose Summary: Timing violations
============================================================
Target clock period: 10.000ns, clock uncertainty: 2.700ns.

 <State 1>: 2.854ns
The critical path consists of the following:
	'store' operation ('store_ln276', yolo_backbone_3.cpp:276->yolo_backbone_3.cpp:276) of constant 0 6 bit on local variable 'oc', yolo_backbone_3.cpp:276->yolo_backbone_3.cpp:276 [9]  (0.833 ns)
	'load' operation 6 bit ('oc', yolo_backbone_3.cpp:276->yolo_backbone_3.cpp:276) on local variable 'oc', yolo_backbone_3.cpp:276->yolo_backbone_3.cpp:276 [12]  (0.000 ns)
	'icmp' operation 1 bit ('icmp_ln276', yolo_backbone_3.cpp:276->yolo_backbone_3.cpp:276) [13]  (1.188 ns)
	'store' operation ('store_ln276', yolo_backbone_3.cpp:276->yolo_backbone_3.cpp:276) of variable 'add_ln276', yolo_backbone_3.cpp:276->yolo_backbone_3.cpp:276 6 bit on local variable 'oc', yolo_backbone_3.cpp:276->yolo_backbone_3.cpp:276 [35]  (0.833 ns)

 <State 2>: 7.300ns
The critical path consists of the following:
	'getelementptr' operation 16 bit ('gmem1_addr', yolo_backbone_3.cpp:276) [17]  (0.000 ns)
	bus read operation ('gmem1_addr_read', yolo_backbone_3.cpp:278->yolo_backbone_3.cpp:276) on port 'gmem1' (yolo_backbone_3.cpp:278->yolo_backbone_3.cpp:276) [26]  (7.300 ns)

 <State 3>: 1.148ns
The critical path consists of the following:
	'getelementptr' operation 4 bit ('l1_b_0_addr', yolo_backbone_3.cpp:278->yolo_backbone_3.cpp:276) [24]  (0.000 ns)
	'store' operation ('store_ln278', yolo_backbone_3.cpp:278->yolo_backbone_3.cpp:276) of variable 'gmem1_addr_read', yolo_backbone_3.cpp:278->yolo_backbone_3.cpp:276 16 bit on array 'l1_b_0' [29]  (1.148 ns)


============================================================
+ Verbose Summary: Binding
============================================================
N/A
* FSMD analyzer results:
  - Output states:
 - Input state : 
  - Chain level:
	State 1
	State 2
	State 3


============================================================
+ Verbose Summary: Datapath Resource usage 
============================================================
N/A
