

================================================================
== Vitis HLS Report for 'residual_add_relu'
================================================================
* Date:           Wed Jun 17 16:34:56 2026

* Version:        2025.2 (Build 6295257 on Nov 14 2025)
* Project:        yolo_backbone_3
* Solution:       hls (Vivado IP Flow Target)
* Product family: kintex7
* Target device:  xc7k325t-ffg900-2


================================================================
== Performance Estimates
================================================================
+ Timing: 
    * Summary: 
    +--------+----------+----------+------------+
    |  Clock |  Target  | Estimated| Uncertainty|
    +--------+----------+----------+------------+
    |ap_clk  |  10.00 ns|  6.578 ns|     2.70 ns|
    +--------+----------+----------+------------+

+ Latency: 
    * Summary: 
    +---------+---------+----------+----------+-----+-----+------------------------------------------------+
    |  Latency (cycles) |  Latency (absolute) |  Interval |                    Pipeline                    |
    |   min   |   max   |    min   |    max   | min | max |                      Type                      |
    +---------+---------+----------+----------+-----+-----+------------------------------------------------+
    |      146|      146|  1.460 us|  1.460 us|  144|  144|  loop auto-rewind stp (delay=0 clock cycles(s))|
    +---------+---------+----------+----------+-----+-----+------------------------------------------------+

    + Detail: 
        * Instance: 
        N/A

        * Loop: 
        +--------------------+---------+---------+----------+-----------+-----------+------+----------+
        |                    |  Latency (cycles) | Iteration|  Initiation Interval  | Trip |          |
        |      Loop Name     |   min   |   max   |  Latency |  achieved |   target  | Count| Pipelined|
        +--------------------+---------+---------+----------+-----------+-----------+------+----------+
        |- VITIS_LOOP_163_1  |      144|      144|         2|          1|          1|   144|       yes|
        +--------------------+---------+---------+----------+-----------+-----------+------+----------+

============================================================
+ Verbose Summary: Synthesis Manager
============================================================
InlineROM: 1
ExposeGlobal: 0
============================================================
+ Verbose Summary: CDFG Model
============================================================
IsTopModel: 0
ResetActiveHigh: 1
IsCombinational: 2
IsDatapathOnly: 0
HasWiredReturn: 1
HasMFsm: 2
HasVarLatency: 1
IsPipeline: 0
IsRtlPipelined: 0
IsInstanceOverlapped: 0
IsDontTouch: 0
HasImplIP: 0
IsGatedGlobalClock: 0

+ Individual pipeline summary: 
  * Pipeline-0: initiation interval (II) = 1, depth = 2


============================================================
+ Verbose Summary: Schedule
============================================================
* Number of FSM states : 2
* Pipeline : 1
  Pipeline-0 : II = 1, D = 2, States = { 1 2 }
* Dataflow Pipeline: 0

* FSM state transitions: 
1 --> 2 
2 --> 

* FSM state operations: 

State 1 <SV = 0> <Delay = 5.34>
ST_1 : Operation 5 [1/1] (0.00ns)   --->   "%i = alloca i32 1" [yolo_backbone_3.cpp:163]   --->   Operation 5 'alloca' 'i' <Predicate = true> <Delay = 0.00>
ST_1 : Operation 6 [1/1] (0.00ns)   --->   "%specinterface_ln0 = specinterface void @_ssdm_op_SpecInterface, i512 %s_add_out, void @empty_2, i32 0, i32 0, void @empty_22, i32 0, i32 0, void @empty_22, void @empty_22, void @empty_22, i32 0, i32 0, i32 0, i32 0, void @empty_22, void @empty_22, i32 4294967295, i32 0, i32 0, i32 0"   --->   Operation 6 'specinterface' 'specinterface_ln0' <Predicate = true> <Delay = 0.00>
ST_1 : Operation 7 [1/1] (0.00ns)   --->   "%specinterface_ln0 = specinterface void @_ssdm_op_SpecInterface, i512 %s_l2_out, void @empty_2, i32 0, i32 0, void @empty_22, i32 0, i32 0, void @empty_22, void @empty_22, void @empty_22, i32 0, i32 0, i32 0, i32 0, void @empty_22, void @empty_22, i32 4294967295, i32 0, i32 0, i32 0"   --->   Operation 7 'specinterface' 'specinterface_ln0' <Predicate = true> <Delay = 0.00>
ST_1 : Operation 8 [1/1] (0.00ns)   --->   "%specinterface_ln0 = specinterface void @_ssdm_op_SpecInterface, i512 %s_res_sync, void @empty_2, i32 0, i32 0, void @empty_22, i32 0, i32 0, void @empty_22, void @empty_22, void @empty_22, i32 0, i32 0, i32 0, i32 0, void @empty_22, void @empty_22, i32 4294967295, i32 0, i32 0, i32 0"   --->   Operation 8 'specinterface' 'specinterface_ln0' <Predicate = true> <Delay = 0.00>
ST_1 : Operation 9 [1/1] (0.83ns)   --->   "%store_ln163 = store i8 0, i8 %i" [yolo_backbone_3.cpp:163]   --->   Operation 9 'store' 'store_ln163' <Predicate = true> <Delay = 0.83>
ST_1 : Operation 10 [1/1] (0.00ns)   --->   "%br_ln163 = br void %VITIS_LOOP_169_2.split" [yolo_backbone_3.cpp:163]   --->   Operation 10 'br' 'br_ln163' <Predicate = true> <Delay = 0.00>
ST_1 : Operation 11 [1/1] (0.00ns)   --->   "%i_3 = load i8 %i" [yolo_backbone_3.cpp:163]   --->   Operation 11 'load' 'i_3' <Predicate = true> <Delay = 0.00>
ST_1 : Operation 12 [1/1] ( I:2.46ns O:2.46ns )   --->   "%s_l2_out_read = read i512 @_ssdm_op_Read.ap_fifo.volatile.i512P0A, i512 %s_l2_out" [yolo_backbone_3.cpp:165]   --->   Operation 12 'read' 's_l2_out_read' <Predicate = true> <Delay = 2.46> <CoreInst = "FIFO_SRL">   --->   Core 80 'FIFO_SRL' <Latency = 0> <II = 1> <Delay = 2.46> <Storage> <Opcode : 'read' 'write' 'nbread' 'nbwrite'> <Ports = 0> <Width = 512> <Depth = 2> <FIFO>
ST_1 : Operation 13 [1/1] (0.00ns)   --->   "%trunc_ln165 = trunc i512 %s_l2_out_read" [yolo_backbone_3.cpp:165]   --->   Operation 13 'trunc' 'trunc_ln165' <Predicate = true> <Delay = 0.00>
ST_1 : Operation 14 [1/1] (0.00ns)   --->   "%trunc_ln165_1 = partselect i16 @_ssdm_op_PartSelect.i16.i512.i32.i32, i512 %s_l2_out_read, i32 16, i32 31" [yolo_backbone_3.cpp:165]   --->   Operation 14 'partselect' 'trunc_ln165_1' <Predicate = true> <Delay = 0.00>
ST_1 : Operation 15 [1/1] (0.00ns)   --->   "%trunc_ln165_2 = partselect i16 @_ssdm_op_PartSelect.i16.i512.i32.i32, i512 %s_l2_out_read, i32 32, i32 47" [yolo_backbone_3.cpp:165]   --->   Operation 15 'partselect' 'trunc_ln165_2' <Predicate = true> <Delay = 0.00>
ST_1 : Operation 16 [1/1] (0.00ns)   --->   "%trunc_ln165_3 = partselect i16 @_ssdm_op_PartSelect.i16.i512.i32.i32, i512 %s_l2_out_read, i32 48, i32 63" [yolo_backbone_3.cpp:165]   --->   Operation 16 'partselect' 'trunc_ln165_3' <Predicate = true> <Delay = 0.00>
ST_1 : Operation 17 [1/1] (0.00ns)   --->   "%trunc_ln165_4 = partselect i16 @_ssdm_op_PartSelect.i16.i512.i32.i32, i512 %s_l2_out_read, i32 64, i32 79" [yolo_backbone_3.cpp:165]   --->   Operation 17 'partselect' 'trunc_ln165_4' <Predicate = true> <Delay = 0.00>
ST_1 : Operation 18 [1/1] (0.00ns)   --->   "%trunc_ln165_5 = partselect i16 @_ssdm_op_PartSelect.i16.i512.i32.i32, i512 %s_l2_out_read, i32 80, i32 95" [yolo_backbone_3.cpp:165]   --->   Operation 18 'partselect' 'trunc_ln165_5' <Predicate = true> <Delay = 0.00>
ST_1 : Operation 19 [1/1] (0.00ns)   --->   "%trunc_ln165_6 = partselect i16 @_ssdm_op_PartSelect.i16.i512.i32.i32, i512 %s_l2_out_read, i32 96, i32 111" [yolo_backbone_3.cpp:165]   --->   Operation 19 'partselect' 'trunc_ln165_6' <Predicate = true> <Delay = 0.00>
ST_1 : Operation 20 [1/1] (0.00ns)   --->   "%trunc_ln165_7 = partselect i16 @_ssdm_op_PartSelect.i16.i512.i32.i32, i512 %s_l2_out_read, i32 112, i32 127" [yolo_backbone_3.cpp:165]   --->   Operation 20 'partselect' 'trunc_ln165_7' <Predicate = true> <Delay = 0.00>
ST_1 : Operation 21 [1/1] (0.00ns)   --->   "%trunc_ln165_8 = partselect i16 @_ssdm_op_PartSelect.i16.i512.i32.i32, i512 %s_l2_out_read, i32 128, i32 143" [yolo_backbone_3.cpp:165]   --->   Operation 21 'partselect' 'trunc_ln165_8' <Predicate = true> <Delay = 0.00>
ST_1 : Operation 22 [1/1] (0.00ns)   --->   "%trunc_ln165_9 = partselect i16 @_ssdm_op_PartSelect.i16.i512.i32.i32, i512 %s_l2_out_read, i32 144, i32 159" [yolo_backbone_3.cpp:165]   --->   Operation 22 'partselect' 'trunc_ln165_9' <Predicate = true> <Delay = 0.00>
ST_1 : Operation 23 [1/1] (0.00ns)   --->   "%trunc_ln165_s = partselect i16 @_ssdm_op_PartSelect.i16.i512.i32.i32, i512 %s_l2_out_read, i32 160, i32 175" [yolo_backbone_3.cpp:165]   --->   Operation 23 'partselect' 'trunc_ln165_s' <Predicate = true> <Delay = 0.00>
ST_1 : Operation 24 [1/1] (0.00ns)   --->   "%trunc_ln165_10 = partselect i16 @_ssdm_op_PartSelect.i16.i512.i32.i32, i512 %s_l2_out_read, i32 176, i32 191" [yolo_backbone_3.cpp:165]   --->   Operation 24 'partselect' 'trunc_ln165_10' <Predicate = true> <Delay = 0.00>
ST_1 : Operation 25 [1/1] (0.00ns)   --->   "%trunc_ln165_11 = partselect i16 @_ssdm_op_PartSelect.i16.i512.i32.i32, i512 %s_l2_out_read, i32 192, i32 207" [yolo_backbone_3.cpp:165]   --->   Operation 25 'partselect' 'trunc_ln165_11' <Predicate = true> <Delay = 0.00>
ST_1 : Operation 26 [1/1] (0.00ns)   --->   "%trunc_ln165_12 = partselect i16 @_ssdm_op_PartSelect.i16.i512.i32.i32, i512 %s_l2_out_read, i32 208, i32 223" [yolo_backbone_3.cpp:165]   --->   Operation 26 'partselect' 'trunc_ln165_12' <Predicate = true> <Delay = 0.00>
ST_1 : Operation 27 [1/1] (0.00ns)   --->   "%trunc_ln165_13 = partselect i16 @_ssdm_op_PartSelect.i16.i512.i32.i32, i512 %s_l2_out_read, i32 224, i32 239" [yolo_backbone_3.cpp:165]   --->   Operation 27 'partselect' 'trunc_ln165_13' <Predicate = true> <Delay = 0.00>
ST_1 : Operation 28 [1/1] (0.00ns)   --->   "%trunc_ln165_14 = partselect i16 @_ssdm_op_PartSelect.i16.i512.i32.i32, i512 %s_l2_out_read, i32 240, i32 255" [yolo_backbone_3.cpp:165]   --->   Operation 28 'partselect' 'trunc_ln165_14' <Predicate = true> <Delay = 0.00>
ST_1 : Operation 29 [1/1] (0.00ns)   --->   "%trunc_ln165_15 = partselect i16 @_ssdm_op_PartSelect.i16.i512.i32.i32, i512 %s_l2_out_read, i32 256, i32 271" [yolo_backbone_3.cpp:165]   --->   Operation 29 'partselect' 'trunc_ln165_15' <Predicate = true> <Delay = 0.00>
ST_1 : Operation 30 [1/1] (0.00ns)   --->   "%trunc_ln165_16 = partselect i16 @_ssdm_op_PartSelect.i16.i512.i32.i32, i512 %s_l2_out_read, i32 272, i32 287" [yolo_backbone_3.cpp:165]   --->   Operation 30 'partselect' 'trunc_ln165_16' <Predicate = true> <Delay = 0.00>
ST_1 : Operation 31 [1/1] (0.00ns)   --->   "%trunc_ln165_17 = partselect i16 @_ssdm_op_PartSelect.i16.i512.i32.i32, i512 %s_l2_out_read, i32 288, i32 303" [yolo_backbone_3.cpp:165]   --->   Operation 31 'partselect' 'trunc_ln165_17' <Predicate = true> <Delay = 0.00>
ST_1 : Operation 32 [1/1] (0.00ns)   --->   "%trunc_ln165_18 = partselect i16 @_ssdm_op_PartSelect.i16.i512.i32.i32, i512 %s_l2_out_read, i32 304, i32 319" [yolo_backbone_3.cpp:165]   --->   Operation 32 'partselect' 'trunc_ln165_18' <Predicate = true> <Delay = 0.00>
ST_1 : Operation 33 [1/1] (0.00ns)   --->   "%trunc_ln165_19 = partselect i16 @_ssdm_op_PartSelect.i16.i512.i32.i32, i512 %s_l2_out_read, i32 320, i32 335" [yolo_backbone_3.cpp:165]   --->   Operation 33 'partselect' 'trunc_ln165_19' <Predicate = true> <Delay = 0.00>
ST_1 : Operation 34 [1/1] (0.00ns)   --->   "%trunc_ln165_20 = partselect i16 @_ssdm_op_PartSelect.i16.i512.i32.i32, i512 %s_l2_out_read, i32 336, i32 351" [yolo_backbone_3.cpp:165]   --->   Operation 34 'partselect' 'trunc_ln165_20' <Predicate = true> <Delay = 0.00>
ST_1 : Operation 35 [1/1] (0.00ns)   --->   "%trunc_ln165_21 = partselect i16 @_ssdm_op_PartSelect.i16.i512.i32.i32, i512 %s_l2_out_read, i32 352, i32 367" [yolo_backbone_3.cpp:165]   --->   Operation 35 'partselect' 'trunc_ln165_21' <Predicate = true> <Delay = 0.00>
ST_1 : Operation 36 [1/1] (0.00ns)   --->   "%trunc_ln165_22 = partselect i16 @_ssdm_op_PartSelect.i16.i512.i32.i32, i512 %s_l2_out_read, i32 368, i32 383" [yolo_backbone_3.cpp:165]   --->   Operation 36 'partselect' 'trunc_ln165_22' <Predicate = true> <Delay = 0.00>
ST_1 : Operation 37 [1/1] (0.00ns)   --->   "%trunc_ln165_23 = partselect i16 @_ssdm_op_PartSelect.i16.i512.i32.i32, i512 %s_l2_out_read, i32 384, i32 399" [yolo_backbone_3.cpp:165]   --->   Operation 37 'partselect' 'trunc_ln165_23' <Predicate = true> <Delay = 0.00>
ST_1 : Operation 38 [1/1] (0.00ns)   --->   "%trunc_ln165_24 = partselect i16 @_ssdm_op_PartSelect.i16.i512.i32.i32, i512 %s_l2_out_read, i32 400, i32 415" [yolo_backbone_3.cpp:165]   --->   Operation 38 'partselect' 'trunc_ln165_24' <Predicate = true> <Delay = 0.00>
ST_1 : Operation 39 [1/1] (0.00ns)   --->   "%trunc_ln165_25 = partselect i16 @_ssdm_op_PartSelect.i16.i512.i32.i32, i512 %s_l2_out_read, i32 416, i32 431" [yolo_backbone_3.cpp:165]   --->   Operation 39 'partselect' 'trunc_ln165_25' <Predicate = true> <Delay = 0.00>
ST_1 : Operation 40 [1/1] (0.00ns)   --->   "%trunc_ln165_26 = partselect i16 @_ssdm_op_PartSelect.i16.i512.i32.i32, i512 %s_l2_out_read, i32 432, i32 447" [yolo_backbone_3.cpp:165]   --->   Operation 40 'partselect' 'trunc_ln165_26' <Predicate = true> <Delay = 0.00>
ST_1 : Operation 41 [1/1] (0.00ns)   --->   "%trunc_ln165_27 = partselect i16 @_ssdm_op_PartSelect.i16.i512.i32.i32, i512 %s_l2_out_read, i32 448, i32 463" [yolo_backbone_3.cpp:165]   --->   Operation 41 'partselect' 'trunc_ln165_27' <Predicate = true> <Delay = 0.00>
ST_1 : Operation 42 [1/1] (0.00ns)   --->   "%trunc_ln165_28 = partselect i16 @_ssdm_op_PartSelect.i16.i512.i32.i32, i512 %s_l2_out_read, i32 464, i32 479" [yolo_backbone_3.cpp:165]   --->   Operation 42 'partselect' 'trunc_ln165_28' <Predicate = true> <Delay = 0.00>
ST_1 : Operation 43 [1/1] (0.00ns)   --->   "%trunc_ln165_29 = partselect i16 @_ssdm_op_PartSelect.i16.i512.i32.i32, i512 %s_l2_out_read, i32 480, i32 495" [yolo_backbone_3.cpp:165]   --->   Operation 43 'partselect' 'trunc_ln165_29' <Predicate = true> <Delay = 0.00>
ST_1 : Operation 44 [1/1] (0.00ns)   --->   "%trunc_ln165_30 = partselect i16 @_ssdm_op_PartSelect.i16.i512.i32.i32, i512 %s_l2_out_read, i32 496, i32 511" [yolo_backbone_3.cpp:165]   --->   Operation 44 'partselect' 'trunc_ln165_30' <Predicate = true> <Delay = 0.00>
ST_1 : Operation 45 [1/1] ( I:2.64ns O:2.64ns )   --->   "%s_res_sync_read = read i512 @_ssdm_op_Read.ap_fifo.volatile.i512P0A, i512 %s_res_sync" [yolo_backbone_3.cpp:166]   --->   Operation 45 'read' 's_res_sync_read' <Predicate = true> <Delay = 2.64> <CoreInst = "FIFO">   --->   Core 77 'FIFO' <Latency = 0> <II = 1> <Delay = 2.64> <Storage> <Opcode : 'read' 'write' 'nbread' 'nbwrite'> <Ports = 0> <Width = 512> <Depth = 196> <FIFO>
ST_1 : Operation 46 [1/1] (0.00ns)   --->   "%trunc_ln166 = trunc i512 %s_res_sync_read" [yolo_backbone_3.cpp:166]   --->   Operation 46 'trunc' 'trunc_ln166' <Predicate = true> <Delay = 0.00>
ST_1 : Operation 47 [1/1] (0.00ns)   --->   "%trunc_ln166_1 = partselect i16 @_ssdm_op_PartSelect.i16.i512.i32.i32, i512 %s_res_sync_read, i32 16, i32 31" [yolo_backbone_3.cpp:166]   --->   Operation 47 'partselect' 'trunc_ln166_1' <Predicate = true> <Delay = 0.00>
ST_1 : Operation 48 [1/1] (0.00ns)   --->   "%trunc_ln166_2 = partselect i16 @_ssdm_op_PartSelect.i16.i512.i32.i32, i512 %s_res_sync_read, i32 32, i32 47" [yolo_backbone_3.cpp:166]   --->   Operation 48 'partselect' 'trunc_ln166_2' <Predicate = true> <Delay = 0.00>
ST_1 : Operation 49 [1/1] (0.00ns)   --->   "%trunc_ln166_3 = partselect i16 @_ssdm_op_PartSelect.i16.i512.i32.i32, i512 %s_res_sync_read, i32 48, i32 63" [yolo_backbone_3.cpp:166]   --->   Operation 49 'partselect' 'trunc_ln166_3' <Predicate = true> <Delay = 0.00>
ST_1 : Operation 50 [1/1] (0.00ns)   --->   "%trunc_ln166_4 = partselect i16 @_ssdm_op_PartSelect.i16.i512.i32.i32, i512 %s_res_sync_read, i32 64, i32 79" [yolo_backbone_3.cpp:166]   --->   Operation 50 'partselect' 'trunc_ln166_4' <Predicate = true> <Delay = 0.00>
ST_1 : Operation 51 [1/1] (0.00ns)   --->   "%trunc_ln166_5 = partselect i16 @_ssdm_op_PartSelect.i16.i512.i32.i32, i512 %s_res_sync_read, i32 80, i32 95" [yolo_backbone_3.cpp:166]   --->   Operation 51 'partselect' 'trunc_ln166_5' <Predicate = true> <Delay = 0.00>
ST_1 : Operation 52 [1/1] (0.00ns)   --->   "%trunc_ln166_6 = partselect i16 @_ssdm_op_PartSelect.i16.i512.i32.i32, i512 %s_res_sync_read, i32 96, i32 111" [yolo_backbone_3.cpp:166]   --->   Operation 52 'partselect' 'trunc_ln166_6' <Predicate = true> <Delay = 0.00>
ST_1 : Operation 53 [1/1] (0.00ns)   --->   "%trunc_ln166_7 = partselect i16 @_ssdm_op_PartSelect.i16.i512.i32.i32, i512 %s_res_sync_read, i32 112, i32 127" [yolo_backbone_3.cpp:166]   --->   Operation 53 'partselect' 'trunc_ln166_7' <Predicate = true> <Delay = 0.00>
ST_1 : Operation 54 [1/1] (0.00ns)   --->   "%trunc_ln166_8 = partselect i16 @_ssdm_op_PartSelect.i16.i512.i32.i32, i512 %s_res_sync_read, i32 128, i32 143" [yolo_backbone_3.cpp:166]   --->   Operation 54 'partselect' 'trunc_ln166_8' <Predicate = true> <Delay = 0.00>
ST_1 : Operation 55 [1/1] (0.00ns)   --->   "%trunc_ln166_9 = partselect i16 @_ssdm_op_PartSelect.i16.i512.i32.i32, i512 %s_res_sync_read, i32 144, i32 159" [yolo_backbone_3.cpp:166]   --->   Operation 55 'partselect' 'trunc_ln166_9' <Predicate = true> <Delay = 0.00>
ST_1 : Operation 56 [1/1] (0.00ns)   --->   "%trunc_ln166_s = partselect i16 @_ssdm_op_PartSelect.i16.i512.i32.i32, i512 %s_res_sync_read, i32 160, i32 175" [yolo_backbone_3.cpp:166]   --->   Operation 56 'partselect' 'trunc_ln166_s' <Predicate = true> <Delay = 0.00>
ST_1 : Operation 57 [1/1] (0.00ns)   --->   "%trunc_ln166_10 = partselect i16 @_ssdm_op_PartSelect.i16.i512.i32.i32, i512 %s_res_sync_read, i32 176, i32 191" [yolo_backbone_3.cpp:166]   --->   Operation 57 'partselect' 'trunc_ln166_10' <Predicate = true> <Delay = 0.00>
ST_1 : Operation 58 [1/1] (0.00ns)   --->   "%trunc_ln166_11 = partselect i16 @_ssdm_op_PartSelect.i16.i512.i32.i32, i512 %s_res_sync_read, i32 192, i32 207" [yolo_backbone_3.cpp:166]   --->   Operation 58 'partselect' 'trunc_ln166_11' <Predicate = true> <Delay = 0.00>
ST_1 : Operation 59 [1/1] (0.00ns)   --->   "%trunc_ln166_12 = partselect i16 @_ssdm_op_PartSelect.i16.i512.i32.i32, i512 %s_res_sync_read, i32 208, i32 223" [yolo_backbone_3.cpp:166]   --->   Operation 59 'partselect' 'trunc_ln166_12' <Predicate = true> <Delay = 0.00>
ST_1 : Operation 60 [1/1] (0.00ns)   --->   "%trunc_ln166_13 = partselect i16 @_ssdm_op_PartSelect.i16.i512.i32.i32, i512 %s_res_sync_read, i32 224, i32 239" [yolo_backbone_3.cpp:166]   --->   Operation 60 'partselect' 'trunc_ln166_13' <Predicate = true> <Delay = 0.00>
ST_1 : Operation 61 [1/1] (0.00ns)   --->   "%trunc_ln166_14 = partselect i16 @_ssdm_op_PartSelect.i16.i512.i32.i32, i512 %s_res_sync_read, i32 240, i32 255" [yolo_backbone_3.cpp:166]   --->   Operation 61 'partselect' 'trunc_ln166_14' <Predicate = true> <Delay = 0.00>
ST_1 : Operation 62 [1/1] (0.00ns)   --->   "%trunc_ln166_15 = partselect i16 @_ssdm_op_PartSelect.i16.i512.i32.i32, i512 %s_res_sync_read, i32 256, i32 271" [yolo_backbone_3.cpp:166]   --->   Operation 62 'partselect' 'trunc_ln166_15' <Predicate = true> <Delay = 0.00>
ST_1 : Operation 63 [1/1] (0.00ns)   --->   "%trunc_ln166_16 = partselect i16 @_ssdm_op_PartSelect.i16.i512.i32.i32, i512 %s_res_sync_read, i32 272, i32 287" [yolo_backbone_3.cpp:166]   --->   Operation 63 'partselect' 'trunc_ln166_16' <Predicate = true> <Delay = 0.00>
ST_1 : Operation 64 [1/1] (0.00ns)   --->   "%trunc_ln166_17 = partselect i16 @_ssdm_op_PartSelect.i16.i512.i32.i32, i512 %s_res_sync_read, i32 288, i32 303" [yolo_backbone_3.cpp:166]   --->   Operation 64 'partselect' 'trunc_ln166_17' <Predicate = true> <Delay = 0.00>
ST_1 : Operation 65 [1/1] (0.00ns)   --->   "%trunc_ln166_18 = partselect i16 @_ssdm_op_PartSelect.i16.i512.i32.i32, i512 %s_res_sync_read, i32 304, i32 319" [yolo_backbone_3.cpp:166]   --->   Operation 65 'partselect' 'trunc_ln166_18' <Predicate = true> <Delay = 0.00>
ST_1 : Operation 66 [1/1] (0.00ns)   --->   "%trunc_ln166_19 = partselect i16 @_ssdm_op_PartSelect.i16.i512.i32.i32, i512 %s_res_sync_read, i32 320, i32 335" [yolo_backbone_3.cpp:166]   --->   Operation 66 'partselect' 'trunc_ln166_19' <Predicate = true> <Delay = 0.00>
ST_1 : Operation 67 [1/1] (0.00ns)   --->   "%trunc_ln166_20 = partselect i16 @_ssdm_op_PartSelect.i16.i512.i32.i32, i512 %s_res_sync_read, i32 336, i32 351" [yolo_backbone_3.cpp:166]   --->   Operation 67 'partselect' 'trunc_ln166_20' <Predicate = true> <Delay = 0.00>
ST_1 : Operation 68 [1/1] (0.00ns)   --->   "%trunc_ln166_21 = partselect i16 @_ssdm_op_PartSelect.i16.i512.i32.i32, i512 %s_res_sync_read, i32 352, i32 367" [yolo_backbone_3.cpp:166]   --->   Operation 68 'partselect' 'trunc_ln166_21' <Predicate = true> <Delay = 0.00>
ST_1 : Operation 69 [1/1] (0.00ns)   --->   "%trunc_ln166_22 = partselect i16 @_ssdm_op_PartSelect.i16.i512.i32.i32, i512 %s_res_sync_read, i32 368, i32 383" [yolo_backbone_3.cpp:166]   --->   Operation 69 'partselect' 'trunc_ln166_22' <Predicate = true> <Delay = 0.00>
ST_1 : Operation 70 [1/1] (0.00ns)   --->   "%trunc_ln166_23 = partselect i16 @_ssdm_op_PartSelect.i16.i512.i32.i32, i512 %s_res_sync_read, i32 384, i32 399" [yolo_backbone_3.cpp:166]   --->   Operation 70 'partselect' 'trunc_ln166_23' <Predicate = true> <Delay = 0.00>
ST_1 : Operation 71 [1/1] (0.00ns)   --->   "%trunc_ln166_24 = partselect i16 @_ssdm_op_PartSelect.i16.i512.i32.i32, i512 %s_res_sync_read, i32 400, i32 415" [yolo_backbone_3.cpp:166]   --->   Operation 71 'partselect' 'trunc_ln166_24' <Predicate = true> <Delay = 0.00>
ST_1 : Operation 72 [1/1] (0.00ns)   --->   "%trunc_ln166_25 = partselect i16 @_ssdm_op_PartSelect.i16.i512.i32.i32, i512 %s_res_sync_read, i32 416, i32 431" [yolo_backbone_3.cpp:166]   --->   Operation 72 'partselect' 'trunc_ln166_25' <Predicate = true> <Delay = 0.00>
ST_1 : Operation 73 [1/1] (0.00ns)   --->   "%trunc_ln166_26 = partselect i16 @_ssdm_op_PartSelect.i16.i512.i32.i32, i512 %s_res_sync_read, i32 432, i32 447" [yolo_backbone_3.cpp:166]   --->   Operation 73 'partselect' 'trunc_ln166_26' <Predicate = true> <Delay = 0.00>
ST_1 : Operation 74 [1/1] (0.00ns)   --->   "%trunc_ln166_27 = partselect i16 @_ssdm_op_PartSelect.i16.i512.i32.i32, i512 %s_res_sync_read, i32 448, i32 463" [yolo_backbone_3.cpp:166]   --->   Operation 74 'partselect' 'trunc_ln166_27' <Predicate = true> <Delay = 0.00>
ST_1 : Operation 75 [1/1] (0.00ns)   --->   "%trunc_ln166_28 = partselect i16 @_ssdm_op_PartSelect.i16.i512.i32.i32, i512 %s_res_sync_read, i32 464, i32 479" [yolo_backbone_3.cpp:166]   --->   Operation 75 'partselect' 'trunc_ln166_28' <Predicate = true> <Delay = 0.00>
ST_1 : Operation 76 [1/1] (0.00ns)   --->   "%trunc_ln166_29 = partselect i16 @_ssdm_op_PartSelect.i16.i512.i32.i32, i512 %s_res_sync_read, i32 480, i32 495" [yolo_backbone_3.cpp:166]   --->   Operation 76 'partselect' 'trunc_ln166_29' <Predicate = true> <Delay = 0.00>
ST_1 : Operation 77 [1/1] (0.00ns)   --->   "%trunc_ln166_30 = partselect i16 @_ssdm_op_PartSelect.i16.i512.i32.i32, i512 %s_res_sync_read, i32 496, i32 511" [yolo_backbone_3.cpp:166]   --->   Operation 77 'partselect' 'trunc_ln166_30' <Predicate = true> <Delay = 0.00>
ST_1 : Operation 78 [1/1] (1.34ns)   --->   "%sum = add i16 %trunc_ln166, i16 %trunc_ln165" [yolo_backbone_3.cpp:171]   --->   Operation 78 'add' 'sum' <Predicate = true> <Delay = 1.34> <CoreInst = "Adder">   --->   Core 1 'Adder' <Latency = 0> <II = 1> <Delay = 1.34> <FuncUnit> <Opcode : 'add' 'sub'> <InPorts = 2> <OutPorts = 1>
ST_1 : Operation 79 [1/1] (1.34ns)   --->   "%icmp_ln172 = icmp_sgt  i16 %sum, i16 0" [yolo_backbone_3.cpp:172]   --->   Operation 79 'icmp' 'icmp_ln172' <Predicate = true> <Delay = 1.34> <CoreInst = "Cmp">   --->   Core 9 'Cmp' <Latency = 0> <II = 1> <Delay = 1.34> <FuncUnit> <Opcode : 'seteq' 'setne' 'setle' 'setge' 'setlt' 'setgt'> <InPorts = 2> <OutPorts = 1>
ST_1 : Operation 80 [1/1] (1.34ns)   --->   "%sum_1 = add i16 %trunc_ln166_1, i16 %trunc_ln165_1" [yolo_backbone_3.cpp:171]   --->   Operation 80 'add' 'sum_1' <Predicate = true> <Delay = 1.34> <CoreInst = "Adder">   --->   Core 1 'Adder' <Latency = 0> <II = 1> <Delay = 1.34> <FuncUnit> <Opcode : 'add' 'sub'> <InPorts = 2> <OutPorts = 1>
ST_1 : Operation 81 [1/1] (1.34ns)   --->   "%icmp_ln172_1 = icmp_sgt  i16 %sum_1, i16 0" [yolo_backbone_3.cpp:172]   --->   Operation 81 'icmp' 'icmp_ln172_1' <Predicate = true> <Delay = 1.34> <CoreInst = "Cmp">   --->   Core 9 'Cmp' <Latency = 0> <II = 1> <Delay = 1.34> <FuncUnit> <Opcode : 'seteq' 'setne' 'setle' 'setge' 'setlt' 'setgt'> <InPorts = 2> <OutPorts = 1>
ST_1 : Operation 82 [1/1] (1.34ns)   --->   "%sum_2 = add i16 %trunc_ln166_2, i16 %trunc_ln165_2" [yolo_backbone_3.cpp:171]   --->   Operation 82 'add' 'sum_2' <Predicate = true> <Delay = 1.34> <CoreInst = "Adder">   --->   Core 1 'Adder' <Latency = 0> <II = 1> <Delay = 1.34> <FuncUnit> <Opcode : 'add' 'sub'> <InPorts = 2> <OutPorts = 1>
ST_1 : Operation 83 [1/1] (1.34ns)   --->   "%icmp_ln172_2 = icmp_sgt  i16 %sum_2, i16 0" [yolo_backbone_3.cpp:172]   --->   Operation 83 'icmp' 'icmp_ln172_2' <Predicate = true> <Delay = 1.34> <CoreInst = "Cmp">   --->   Core 9 'Cmp' <Latency = 0> <II = 1> <Delay = 1.34> <FuncUnit> <Opcode : 'seteq' 'setne' 'setle' 'setge' 'setlt' 'setgt'> <InPorts = 2> <OutPorts = 1>
ST_1 : Operation 84 [1/1] (1.34ns)   --->   "%sum_3 = add i16 %trunc_ln166_3, i16 %trunc_ln165_3" [yolo_backbone_3.cpp:171]   --->   Operation 84 'add' 'sum_3' <Predicate = true> <Delay = 1.34> <CoreInst = "Adder">   --->   Core 1 'Adder' <Latency = 0> <II = 1> <Delay = 1.34> <FuncUnit> <Opcode : 'add' 'sub'> <InPorts = 2> <OutPorts = 1>
ST_1 : Operation 85 [1/1] (1.34ns)   --->   "%icmp_ln172_3 = icmp_sgt  i16 %sum_3, i16 0" [yolo_backbone_3.cpp:172]   --->   Operation 85 'icmp' 'icmp_ln172_3' <Predicate = true> <Delay = 1.34> <CoreInst = "Cmp">   --->   Core 9 'Cmp' <Latency = 0> <II = 1> <Delay = 1.34> <FuncUnit> <Opcode : 'seteq' 'setne' 'setle' 'setge' 'setlt' 'setgt'> <InPorts = 2> <OutPorts = 1>
ST_1 : Operation 86 [1/1] (1.34ns)   --->   "%sum_4 = add i16 %trunc_ln166_4, i16 %trunc_ln165_4" [yolo_backbone_3.cpp:171]   --->   Operation 86 'add' 'sum_4' <Predicate = true> <Delay = 1.34> <CoreInst = "Adder">   --->   Core 1 'Adder' <Latency = 0> <II = 1> <Delay = 1.34> <FuncUnit> <Opcode : 'add' 'sub'> <InPorts = 2> <OutPorts = 1>
ST_1 : Operation 87 [1/1] (1.34ns)   --->   "%icmp_ln172_4 = icmp_sgt  i16 %sum_4, i16 0" [yolo_backbone_3.cpp:172]   --->   Operation 87 'icmp' 'icmp_ln172_4' <Predicate = true> <Delay = 1.34> <CoreInst = "Cmp">   --->   Core 9 'Cmp' <Latency = 0> <II = 1> <Delay = 1.34> <FuncUnit> <Opcode : 'seteq' 'setne' 'setle' 'setge' 'setlt' 'setgt'> <InPorts = 2> <OutPorts = 1>
ST_1 : Operation 88 [1/1] (1.34ns)   --->   "%sum_5 = add i16 %trunc_ln166_5, i16 %trunc_ln165_5" [yolo_backbone_3.cpp:171]   --->   Operation 88 'add' 'sum_5' <Predicate = true> <Delay = 1.34> <CoreInst = "Adder">   --->   Core 1 'Adder' <Latency = 0> <II = 1> <Delay = 1.34> <FuncUnit> <Opcode : 'add' 'sub'> <InPorts = 2> <OutPorts = 1>
ST_1 : Operation 89 [1/1] (1.34ns)   --->   "%icmp_ln172_5 = icmp_sgt  i16 %sum_5, i16 0" [yolo_backbone_3.cpp:172]   --->   Operation 89 'icmp' 'icmp_ln172_5' <Predicate = true> <Delay = 1.34> <CoreInst = "Cmp">   --->   Core 9 'Cmp' <Latency = 0> <II = 1> <Delay = 1.34> <FuncUnit> <Opcode : 'seteq' 'setne' 'setle' 'setge' 'setlt' 'setgt'> <InPorts = 2> <OutPorts = 1>
ST_1 : Operation 90 [1/1] (1.34ns)   --->   "%sum_6 = add i16 %trunc_ln166_6, i16 %trunc_ln165_6" [yolo_backbone_3.cpp:171]   --->   Operation 90 'add' 'sum_6' <Predicate = true> <Delay = 1.34> <CoreInst = "Adder">   --->   Core 1 'Adder' <Latency = 0> <II = 1> <Delay = 1.34> <FuncUnit> <Opcode : 'add' 'sub'> <InPorts = 2> <OutPorts = 1>
ST_1 : Operation 91 [1/1] (1.34ns)   --->   "%icmp_ln172_6 = icmp_sgt  i16 %sum_6, i16 0" [yolo_backbone_3.cpp:172]   --->   Operation 91 'icmp' 'icmp_ln172_6' <Predicate = true> <Delay = 1.34> <CoreInst = "Cmp">   --->   Core 9 'Cmp' <Latency = 0> <II = 1> <Delay = 1.34> <FuncUnit> <Opcode : 'seteq' 'setne' 'setle' 'setge' 'setlt' 'setgt'> <InPorts = 2> <OutPorts = 1>
ST_1 : Operation 92 [1/1] (1.34ns)   --->   "%sum_7 = add i16 %trunc_ln166_7, i16 %trunc_ln165_7" [yolo_backbone_3.cpp:171]   --->   Operation 92 'add' 'sum_7' <Predicate = true> <Delay = 1.34> <CoreInst = "Adder">   --->   Core 1 'Adder' <Latency = 0> <II = 1> <Delay = 1.34> <FuncUnit> <Opcode : 'add' 'sub'> <InPorts = 2> <OutPorts = 1>
ST_1 : Operation 93 [1/1] (1.34ns)   --->   "%icmp_ln172_7 = icmp_sgt  i16 %sum_7, i16 0" [yolo_backbone_3.cpp:172]   --->   Operation 93 'icmp' 'icmp_ln172_7' <Predicate = true> <Delay = 1.34> <CoreInst = "Cmp">   --->   Core 9 'Cmp' <Latency = 0> <II = 1> <Delay = 1.34> <FuncUnit> <Opcode : 'seteq' 'setne' 'setle' 'setge' 'setlt' 'setgt'> <InPorts = 2> <OutPorts = 1>
ST_1 : Operation 94 [1/1] (1.34ns)   --->   "%sum_8 = add i16 %trunc_ln166_8, i16 %trunc_ln165_8" [yolo_backbone_3.cpp:171]   --->   Operation 94 'add' 'sum_8' <Predicate = true> <Delay = 1.34> <CoreInst = "Adder">   --->   Core 1 'Adder' <Latency = 0> <II = 1> <Delay = 1.34> <FuncUnit> <Opcode : 'add' 'sub'> <InPorts = 2> <OutPorts = 1>
ST_1 : Operation 95 [1/1] (1.34ns)   --->   "%icmp_ln172_8 = icmp_sgt  i16 %sum_8, i16 0" [yolo_backbone_3.cpp:172]   --->   Operation 95 'icmp' 'icmp_ln172_8' <Predicate = true> <Delay = 1.34> <CoreInst = "Cmp">   --->   Core 9 'Cmp' <Latency = 0> <II = 1> <Delay = 1.34> <FuncUnit> <Opcode : 'seteq' 'setne' 'setle' 'setge' 'setlt' 'setgt'> <InPorts = 2> <OutPorts = 1>
ST_1 : Operation 96 [1/1] (1.34ns)   --->   "%sum_9 = add i16 %trunc_ln166_9, i16 %trunc_ln165_9" [yolo_backbone_3.cpp:171]   --->   Operation 96 'add' 'sum_9' <Predicate = true> <Delay = 1.34> <CoreInst = "Adder">   --->   Core 1 'Adder' <Latency = 0> <II = 1> <Delay = 1.34> <FuncUnit> <Opcode : 'add' 'sub'> <InPorts = 2> <OutPorts = 1>
ST_1 : Operation 97 [1/1] (1.34ns)   --->   "%icmp_ln172_9 = icmp_sgt  i16 %sum_9, i16 0" [yolo_backbone_3.cpp:172]   --->   Operation 97 'icmp' 'icmp_ln172_9' <Predicate = true> <Delay = 1.34> <CoreInst = "Cmp">   --->   Core 9 'Cmp' <Latency = 0> <II = 1> <Delay = 1.34> <FuncUnit> <Opcode : 'seteq' 'setne' 'setle' 'setge' 'setlt' 'setgt'> <InPorts = 2> <OutPorts = 1>
ST_1 : Operation 98 [1/1] (1.34ns)   --->   "%sum_10 = add i16 %trunc_ln166_s, i16 %trunc_ln165_s" [yolo_backbone_3.cpp:171]   --->   Operation 98 'add' 'sum_10' <Predicate = true> <Delay = 1.34> <CoreInst = "Adder">   --->   Core 1 'Adder' <Latency = 0> <II = 1> <Delay = 1.34> <FuncUnit> <Opcode : 'add' 'sub'> <InPorts = 2> <OutPorts = 1>
ST_1 : Operation 99 [1/1] (1.34ns)   --->   "%icmp_ln172_10 = icmp_sgt  i16 %sum_10, i16 0" [yolo_backbone_3.cpp:172]   --->   Operation 99 'icmp' 'icmp_ln172_10' <Predicate = true> <Delay = 1.34> <CoreInst = "Cmp">   --->   Core 9 'Cmp' <Latency = 0> <II = 1> <Delay = 1.34> <FuncUnit> <Opcode : 'seteq' 'setne' 'setle' 'setge' 'setlt' 'setgt'> <InPorts = 2> <OutPorts = 1>
ST_1 : Operation 100 [1/1] (1.34ns)   --->   "%sum_11 = add i16 %trunc_ln166_10, i16 %trunc_ln165_10" [yolo_backbone_3.cpp:171]   --->   Operation 100 'add' 'sum_11' <Predicate = true> <Delay = 1.34> <CoreInst = "Adder">   --->   Core 1 'Adder' <Latency = 0> <II = 1> <Delay = 1.34> <FuncUnit> <Opcode : 'add' 'sub'> <InPorts = 2> <OutPorts = 1>
ST_1 : Operation 101 [1/1] (1.34ns)   --->   "%icmp_ln172_11 = icmp_sgt  i16 %sum_11, i16 0" [yolo_backbone_3.cpp:172]   --->   Operation 101 'icmp' 'icmp_ln172_11' <Predicate = true> <Delay = 1.34> <CoreInst = "Cmp">   --->   Core 9 'Cmp' <Latency = 0> <II = 1> <Delay = 1.34> <FuncUnit> <Opcode : 'seteq' 'setne' 'setle' 'setge' 'setlt' 'setgt'> <InPorts = 2> <OutPorts = 1>
ST_1 : Operation 102 [1/1] (1.34ns)   --->   "%sum_12 = add i16 %trunc_ln166_11, i16 %trunc_ln165_11" [yolo_backbone_3.cpp:171]   --->   Operation 102 'add' 'sum_12' <Predicate = true> <Delay = 1.34> <CoreInst = "Adder">   --->   Core 1 'Adder' <Latency = 0> <II = 1> <Delay = 1.34> <FuncUnit> <Opcode : 'add' 'sub'> <InPorts = 2> <OutPorts = 1>
ST_1 : Operation 103 [1/1] (1.34ns)   --->   "%icmp_ln172_12 = icmp_sgt  i16 %sum_12, i16 0" [yolo_backbone_3.cpp:172]   --->   Operation 103 'icmp' 'icmp_ln172_12' <Predicate = true> <Delay = 1.34> <CoreInst = "Cmp">   --->   Core 9 'Cmp' <Latency = 0> <II = 1> <Delay = 1.34> <FuncUnit> <Opcode : 'seteq' 'setne' 'setle' 'setge' 'setlt' 'setgt'> <InPorts = 2> <OutPorts = 1>
ST_1 : Operation 104 [1/1] (1.34ns)   --->   "%sum_13 = add i16 %trunc_ln166_12, i16 %trunc_ln165_12" [yolo_backbone_3.cpp:171]   --->   Operation 104 'add' 'sum_13' <Predicate = true> <Delay = 1.34> <CoreInst = "Adder">   --->   Core 1 'Adder' <Latency = 0> <II = 1> <Delay = 1.34> <FuncUnit> <Opcode : 'add' 'sub'> <InPorts = 2> <OutPorts = 1>
ST_1 : Operation 105 [1/1] (1.34ns)   --->   "%icmp_ln172_13 = icmp_sgt  i16 %sum_13, i16 0" [yolo_backbone_3.cpp:172]   --->   Operation 105 'icmp' 'icmp_ln172_13' <Predicate = true> <Delay = 1.34> <CoreInst = "Cmp">   --->   Core 9 'Cmp' <Latency = 0> <II = 1> <Delay = 1.34> <FuncUnit> <Opcode : 'seteq' 'setne' 'setle' 'setge' 'setlt' 'setgt'> <InPorts = 2> <OutPorts = 1>
ST_1 : Operation 106 [1/1] (1.34ns)   --->   "%sum_14 = add i16 %trunc_ln166_13, i16 %trunc_ln165_13" [yolo_backbone_3.cpp:171]   --->   Operation 106 'add' 'sum_14' <Predicate = true> <Delay = 1.34> <CoreInst = "Adder">   --->   Core 1 'Adder' <Latency = 0> <II = 1> <Delay = 1.34> <FuncUnit> <Opcode : 'add' 'sub'> <InPorts = 2> <OutPorts = 1>
ST_1 : Operation 107 [1/1] (1.34ns)   --->   "%icmp_ln172_14 = icmp_sgt  i16 %sum_14, i16 0" [yolo_backbone_3.cpp:172]   --->   Operation 107 'icmp' 'icmp_ln172_14' <Predicate = true> <Delay = 1.34> <CoreInst = "Cmp">   --->   Core 9 'Cmp' <Latency = 0> <II = 1> <Delay = 1.34> <FuncUnit> <Opcode : 'seteq' 'setne' 'setle' 'setge' 'setlt' 'setgt'> <InPorts = 2> <OutPorts = 1>
ST_1 : Operation 108 [1/1] (1.34ns)   --->   "%sum_15 = add i16 %trunc_ln166_14, i16 %trunc_ln165_14" [yolo_backbone_3.cpp:171]   --->   Operation 108 'add' 'sum_15' <Predicate = true> <Delay = 1.34> <CoreInst = "Adder">   --->   Core 1 'Adder' <Latency = 0> <II = 1> <Delay = 1.34> <FuncUnit> <Opcode : 'add' 'sub'> <InPorts = 2> <OutPorts = 1>
ST_1 : Operation 109 [1/1] (1.34ns)   --->   "%icmp_ln172_15 = icmp_sgt  i16 %sum_15, i16 0" [yolo_backbone_3.cpp:172]   --->   Operation 109 'icmp' 'icmp_ln172_15' <Predicate = true> <Delay = 1.34> <CoreInst = "Cmp">   --->   Core 9 'Cmp' <Latency = 0> <II = 1> <Delay = 1.34> <FuncUnit> <Opcode : 'seteq' 'setne' 'setle' 'setge' 'setlt' 'setgt'> <InPorts = 2> <OutPorts = 1>
ST_1 : Operation 110 [1/1] (1.34ns)   --->   "%sum_16 = add i16 %trunc_ln166_15, i16 %trunc_ln165_15" [yolo_backbone_3.cpp:171]   --->   Operation 110 'add' 'sum_16' <Predicate = true> <Delay = 1.34> <CoreInst = "Adder">   --->   Core 1 'Adder' <Latency = 0> <II = 1> <Delay = 1.34> <FuncUnit> <Opcode : 'add' 'sub'> <InPorts = 2> <OutPorts = 1>
ST_1 : Operation 111 [1/1] (1.34ns)   --->   "%icmp_ln172_16 = icmp_sgt  i16 %sum_16, i16 0" [yolo_backbone_3.cpp:172]   --->   Operation 111 'icmp' 'icmp_ln172_16' <Predicate = true> <Delay = 1.34> <CoreInst = "Cmp">   --->   Core 9 'Cmp' <Latency = 0> <II = 1> <Delay = 1.34> <FuncUnit> <Opcode : 'seteq' 'setne' 'setle' 'setge' 'setlt' 'setgt'> <InPorts = 2> <OutPorts = 1>
ST_1 : Operation 112 [1/1] (1.34ns)   --->   "%sum_17 = add i16 %trunc_ln166_16, i16 %trunc_ln165_16" [yolo_backbone_3.cpp:171]   --->   Operation 112 'add' 'sum_17' <Predicate = true> <Delay = 1.34> <CoreInst = "Adder">   --->   Core 1 'Adder' <Latency = 0> <II = 1> <Delay = 1.34> <FuncUnit> <Opcode : 'add' 'sub'> <InPorts = 2> <OutPorts = 1>
ST_1 : Operation 113 [1/1] (1.34ns)   --->   "%icmp_ln172_17 = icmp_sgt  i16 %sum_17, i16 0" [yolo_backbone_3.cpp:172]   --->   Operation 113 'icmp' 'icmp_ln172_17' <Predicate = true> <Delay = 1.34> <CoreInst = "Cmp">   --->   Core 9 'Cmp' <Latency = 0> <II = 1> <Delay = 1.34> <FuncUnit> <Opcode : 'seteq' 'setne' 'setle' 'setge' 'setlt' 'setgt'> <InPorts = 2> <OutPorts = 1>
ST_1 : Operation 114 [1/1] (1.34ns)   --->   "%sum_18 = add i16 %trunc_ln166_17, i16 %trunc_ln165_17" [yolo_backbone_3.cpp:171]   --->   Operation 114 'add' 'sum_18' <Predicate = true> <Delay = 1.34> <CoreInst = "Adder">   --->   Core 1 'Adder' <Latency = 0> <II = 1> <Delay = 1.34> <FuncUnit> <Opcode : 'add' 'sub'> <InPorts = 2> <OutPorts = 1>
ST_1 : Operation 115 [1/1] (1.34ns)   --->   "%icmp_ln172_18 = icmp_sgt  i16 %sum_18, i16 0" [yolo_backbone_3.cpp:172]   --->   Operation 115 'icmp' 'icmp_ln172_18' <Predicate = true> <Delay = 1.34> <CoreInst = "Cmp">   --->   Core 9 'Cmp' <Latency = 0> <II = 1> <Delay = 1.34> <FuncUnit> <Opcode : 'seteq' 'setne' 'setle' 'setge' 'setlt' 'setgt'> <InPorts = 2> <OutPorts = 1>
ST_1 : Operation 116 [1/1] (1.34ns)   --->   "%sum_19 = add i16 %trunc_ln166_18, i16 %trunc_ln165_18" [yolo_backbone_3.cpp:171]   --->   Operation 116 'add' 'sum_19' <Predicate = true> <Delay = 1.34> <CoreInst = "Adder">   --->   Core 1 'Adder' <Latency = 0> <II = 1> <Delay = 1.34> <FuncUnit> <Opcode : 'add' 'sub'> <InPorts = 2> <OutPorts = 1>
ST_1 : Operation 117 [1/1] (1.34ns)   --->   "%icmp_ln172_19 = icmp_sgt  i16 %sum_19, i16 0" [yolo_backbone_3.cpp:172]   --->   Operation 117 'icmp' 'icmp_ln172_19' <Predicate = true> <Delay = 1.34> <CoreInst = "Cmp">   --->   Core 9 'Cmp' <Latency = 0> <II = 1> <Delay = 1.34> <FuncUnit> <Opcode : 'seteq' 'setne' 'setle' 'setge' 'setlt' 'setgt'> <InPorts = 2> <OutPorts = 1>
ST_1 : Operation 118 [1/1] (1.34ns)   --->   "%sum_20 = add i16 %trunc_ln166_19, i16 %trunc_ln165_19" [yolo_backbone_3.cpp:171]   --->   Operation 118 'add' 'sum_20' <Predicate = true> <Delay = 1.34> <CoreInst = "Adder">   --->   Core 1 'Adder' <Latency = 0> <II = 1> <Delay = 1.34> <FuncUnit> <Opcode : 'add' 'sub'> <InPorts = 2> <OutPorts = 1>
ST_1 : Operation 119 [1/1] (1.34ns)   --->   "%icmp_ln172_20 = icmp_sgt  i16 %sum_20, i16 0" [yolo_backbone_3.cpp:172]   --->   Operation 119 'icmp' 'icmp_ln172_20' <Predicate = true> <Delay = 1.34> <CoreInst = "Cmp">   --->   Core 9 'Cmp' <Latency = 0> <II = 1> <Delay = 1.34> <FuncUnit> <Opcode : 'seteq' 'setne' 'setle' 'setge' 'setlt' 'setgt'> <InPorts = 2> <OutPorts = 1>
ST_1 : Operation 120 [1/1] (1.34ns)   --->   "%sum_21 = add i16 %trunc_ln166_20, i16 %trunc_ln165_20" [yolo_backbone_3.cpp:171]   --->   Operation 120 'add' 'sum_21' <Predicate = true> <Delay = 1.34> <CoreInst = "Adder">   --->   Core 1 'Adder' <Latency = 0> <II = 1> <Delay = 1.34> <FuncUnit> <Opcode : 'add' 'sub'> <InPorts = 2> <OutPorts = 1>
ST_1 : Operation 121 [1/1] (1.34ns)   --->   "%icmp_ln172_21 = icmp_sgt  i16 %sum_21, i16 0" [yolo_backbone_3.cpp:172]   --->   Operation 121 'icmp' 'icmp_ln172_21' <Predicate = true> <Delay = 1.34> <CoreInst = "Cmp">   --->   Core 9 'Cmp' <Latency = 0> <II = 1> <Delay = 1.34> <FuncUnit> <Opcode : 'seteq' 'setne' 'setle' 'setge' 'setlt' 'setgt'> <InPorts = 2> <OutPorts = 1>
ST_1 : Operation 122 [1/1] (1.34ns)   --->   "%sum_22 = add i16 %trunc_ln166_21, i16 %trunc_ln165_21" [yolo_backbone_3.cpp:171]   --->   Operation 122 'add' 'sum_22' <Predicate = true> <Delay = 1.34> <CoreInst = "Adder">   --->   Core 1 'Adder' <Latency = 0> <II = 1> <Delay = 1.34> <FuncUnit> <Opcode : 'add' 'sub'> <InPorts = 2> <OutPorts = 1>
ST_1 : Operation 123 [1/1] (1.34ns)   --->   "%icmp_ln172_22 = icmp_sgt  i16 %sum_22, i16 0" [yolo_backbone_3.cpp:172]   --->   Operation 123 'icmp' 'icmp_ln172_22' <Predicate = true> <Delay = 1.34> <CoreInst = "Cmp">   --->   Core 9 'Cmp' <Latency = 0> <II = 1> <Delay = 1.34> <FuncUnit> <Opcode : 'seteq' 'setne' 'setle' 'setge' 'setlt' 'setgt'> <InPorts = 2> <OutPorts = 1>
ST_1 : Operation 124 [1/1] (1.34ns)   --->   "%sum_23 = add i16 %trunc_ln166_22, i16 %trunc_ln165_22" [yolo_backbone_3.cpp:171]   --->   Operation 124 'add' 'sum_23' <Predicate = true> <Delay = 1.34> <CoreInst = "Adder">   --->   Core 1 'Adder' <Latency = 0> <II = 1> <Delay = 1.34> <FuncUnit> <Opcode : 'add' 'sub'> <InPorts = 2> <OutPorts = 1>
ST_1 : Operation 125 [1/1] (1.34ns)   --->   "%icmp_ln172_23 = icmp_sgt  i16 %sum_23, i16 0" [yolo_backbone_3.cpp:172]   --->   Operation 125 'icmp' 'icmp_ln172_23' <Predicate = true> <Delay = 1.34> <CoreInst = "Cmp">   --->   Core 9 'Cmp' <Latency = 0> <II = 1> <Delay = 1.34> <FuncUnit> <Opcode : 'seteq' 'setne' 'setle' 'setge' 'setlt' 'setgt'> <InPorts = 2> <OutPorts = 1>
ST_1 : Operation 126 [1/1] (1.34ns)   --->   "%sum_24 = add i16 %trunc_ln166_23, i16 %trunc_ln165_23" [yolo_backbone_3.cpp:171]   --->   Operation 126 'add' 'sum_24' <Predicate = true> <Delay = 1.34> <CoreInst = "Adder">   --->   Core 1 'Adder' <Latency = 0> <II = 1> <Delay = 1.34> <FuncUnit> <Opcode : 'add' 'sub'> <InPorts = 2> <OutPorts = 1>
ST_1 : Operation 127 [1/1] (1.34ns)   --->   "%icmp_ln172_24 = icmp_sgt  i16 %sum_24, i16 0" [yolo_backbone_3.cpp:172]   --->   Operation 127 'icmp' 'icmp_ln172_24' <Predicate = true> <Delay = 1.34> <CoreInst = "Cmp">   --->   Core 9 'Cmp' <Latency = 0> <II = 1> <Delay = 1.34> <FuncUnit> <Opcode : 'seteq' 'setne' 'setle' 'setge' 'setlt' 'setgt'> <InPorts = 2> <OutPorts = 1>
ST_1 : Operation 128 [1/1] (1.34ns)   --->   "%sum_25 = add i16 %trunc_ln166_24, i16 %trunc_ln165_24" [yolo_backbone_3.cpp:171]   --->   Operation 128 'add' 'sum_25' <Predicate = true> <Delay = 1.34> <CoreInst = "Adder">   --->   Core 1 'Adder' <Latency = 0> <II = 1> <Delay = 1.34> <FuncUnit> <Opcode : 'add' 'sub'> <InPorts = 2> <OutPorts = 1>
ST_1 : Operation 129 [1/1] (1.34ns)   --->   "%icmp_ln172_25 = icmp_sgt  i16 %sum_25, i16 0" [yolo_backbone_3.cpp:172]   --->   Operation 129 'icmp' 'icmp_ln172_25' <Predicate = true> <Delay = 1.34> <CoreInst = "Cmp">   --->   Core 9 'Cmp' <Latency = 0> <II = 1> <Delay = 1.34> <FuncUnit> <Opcode : 'seteq' 'setne' 'setle' 'setge' 'setlt' 'setgt'> <InPorts = 2> <OutPorts = 1>
ST_1 : Operation 130 [1/1] (1.34ns)   --->   "%sum_26 = add i16 %trunc_ln166_25, i16 %trunc_ln165_25" [yolo_backbone_3.cpp:171]   --->   Operation 130 'add' 'sum_26' <Predicate = true> <Delay = 1.34> <CoreInst = "Adder">   --->   Core 1 'Adder' <Latency = 0> <II = 1> <Delay = 1.34> <FuncUnit> <Opcode : 'add' 'sub'> <InPorts = 2> <OutPorts = 1>
ST_1 : Operation 131 [1/1] (1.34ns)   --->   "%icmp_ln172_26 = icmp_sgt  i16 %sum_26, i16 0" [yolo_backbone_3.cpp:172]   --->   Operation 131 'icmp' 'icmp_ln172_26' <Predicate = true> <Delay = 1.34> <CoreInst = "Cmp">   --->   Core 9 'Cmp' <Latency = 0> <II = 1> <Delay = 1.34> <FuncUnit> <Opcode : 'seteq' 'setne' 'setle' 'setge' 'setlt' 'setgt'> <InPorts = 2> <OutPorts = 1>
ST_1 : Operation 132 [1/1] (1.34ns)   --->   "%sum_27 = add i16 %trunc_ln166_26, i16 %trunc_ln165_26" [yolo_backbone_3.cpp:171]   --->   Operation 132 'add' 'sum_27' <Predicate = true> <Delay = 1.34> <CoreInst = "Adder">   --->   Core 1 'Adder' <Latency = 0> <II = 1> <Delay = 1.34> <FuncUnit> <Opcode : 'add' 'sub'> <InPorts = 2> <OutPorts = 1>
ST_1 : Operation 133 [1/1] (1.34ns)   --->   "%icmp_ln172_27 = icmp_sgt  i16 %sum_27, i16 0" [yolo_backbone_3.cpp:172]   --->   Operation 133 'icmp' 'icmp_ln172_27' <Predicate = true> <Delay = 1.34> <CoreInst = "Cmp">   --->   Core 9 'Cmp' <Latency = 0> <II = 1> <Delay = 1.34> <FuncUnit> <Opcode : 'seteq' 'setne' 'setle' 'setge' 'setlt' 'setgt'> <InPorts = 2> <OutPorts = 1>
ST_1 : Operation 134 [1/1] (1.34ns)   --->   "%sum_28 = add i16 %trunc_ln166_27, i16 %trunc_ln165_27" [yolo_backbone_3.cpp:171]   --->   Operation 134 'add' 'sum_28' <Predicate = true> <Delay = 1.34> <CoreInst = "Adder">   --->   Core 1 'Adder' <Latency = 0> <II = 1> <Delay = 1.34> <FuncUnit> <Opcode : 'add' 'sub'> <InPorts = 2> <OutPorts = 1>
ST_1 : Operation 135 [1/1] (1.34ns)   --->   "%icmp_ln172_28 = icmp_sgt  i16 %sum_28, i16 0" [yolo_backbone_3.cpp:172]   --->   Operation 135 'icmp' 'icmp_ln172_28' <Predicate = true> <Delay = 1.34> <CoreInst = "Cmp">   --->   Core 9 'Cmp' <Latency = 0> <II = 1> <Delay = 1.34> <FuncUnit> <Opcode : 'seteq' 'setne' 'setle' 'setge' 'setlt' 'setgt'> <InPorts = 2> <OutPorts = 1>
ST_1 : Operation 136 [1/1] (1.34ns)   --->   "%sum_29 = add i16 %trunc_ln166_28, i16 %trunc_ln165_28" [yolo_backbone_3.cpp:171]   --->   Operation 136 'add' 'sum_29' <Predicate = true> <Delay = 1.34> <CoreInst = "Adder">   --->   Core 1 'Adder' <Latency = 0> <II = 1> <Delay = 1.34> <FuncUnit> <Opcode : 'add' 'sub'> <InPorts = 2> <OutPorts = 1>
ST_1 : Operation 137 [1/1] (1.34ns)   --->   "%icmp_ln172_29 = icmp_sgt  i16 %sum_29, i16 0" [yolo_backbone_3.cpp:172]   --->   Operation 137 'icmp' 'icmp_ln172_29' <Predicate = true> <Delay = 1.34> <CoreInst = "Cmp">   --->   Core 9 'Cmp' <Latency = 0> <II = 1> <Delay = 1.34> <FuncUnit> <Opcode : 'seteq' 'setne' 'setle' 'setge' 'setlt' 'setgt'> <InPorts = 2> <OutPorts = 1>
ST_1 : Operation 138 [1/1] (1.34ns)   --->   "%sum_30 = add i16 %trunc_ln166_29, i16 %trunc_ln165_29" [yolo_backbone_3.cpp:171]   --->   Operation 138 'add' 'sum_30' <Predicate = true> <Delay = 1.34> <CoreInst = "Adder">   --->   Core 1 'Adder' <Latency = 0> <II = 1> <Delay = 1.34> <FuncUnit> <Opcode : 'add' 'sub'> <InPorts = 2> <OutPorts = 1>
ST_1 : Operation 139 [1/1] (1.34ns)   --->   "%icmp_ln172_30 = icmp_sgt  i16 %sum_30, i16 0" [yolo_backbone_3.cpp:172]   --->   Operation 139 'icmp' 'icmp_ln172_30' <Predicate = true> <Delay = 1.34> <CoreInst = "Cmp">   --->   Core 9 'Cmp' <Latency = 0> <II = 1> <Delay = 1.34> <FuncUnit> <Opcode : 'seteq' 'setne' 'setle' 'setge' 'setlt' 'setgt'> <InPorts = 2> <OutPorts = 1>
ST_1 : Operation 140 [1/1] (1.34ns)   --->   "%sum_31 = add i16 %trunc_ln166_30, i16 %trunc_ln165_30" [yolo_backbone_3.cpp:171]   --->   Operation 140 'add' 'sum_31' <Predicate = true> <Delay = 1.34> <CoreInst = "Adder">   --->   Core 1 'Adder' <Latency = 0> <II = 1> <Delay = 1.34> <FuncUnit> <Opcode : 'add' 'sub'> <InPorts = 2> <OutPorts = 1>
ST_1 : Operation 141 [1/1] (1.34ns)   --->   "%icmp_ln172_31 = icmp_sgt  i16 %sum_31, i16 0" [yolo_backbone_3.cpp:172]   --->   Operation 141 'icmp' 'icmp_ln172_31' <Predicate = true> <Delay = 1.34> <CoreInst = "Cmp">   --->   Core 9 'Cmp' <Latency = 0> <II = 1> <Delay = 1.34> <FuncUnit> <Opcode : 'seteq' 'setne' 'setle' 'setge' 'setlt' 'setgt'> <InPorts = 2> <OutPorts = 1>
ST_1 : Operation 142 [1/1] (1.35ns)   --->   "%i_4 = add i8 %i_3, i8 1" [yolo_backbone_3.cpp:163]   --->   Operation 142 'add' 'i_4' <Predicate = true> <Delay = 1.35> <CoreInst = "Adder">   --->   Core 1 'Adder' <Latency = 0> <II = 1> <Delay = 1.35> <FuncUnit> <Opcode : 'add' 'sub'> <InPorts = 2> <OutPorts = 1>
ST_1 : Operation 143 [1/1] (1.35ns)   --->   "%icmp_ln163 = icmp_eq  i8 %i_3, i8 143" [yolo_backbone_3.cpp:163]   --->   Operation 143 'icmp' 'icmp_ln163' <Predicate = true> <Delay = 1.35> <CoreInst = "Cmp">   --->   Core 9 'Cmp' <Latency = 0> <II = 1> <Delay = 1.35> <FuncUnit> <Opcode : 'seteq' 'setne' 'setle' 'setge' 'setlt' 'setgt'> <InPorts = 2> <OutPorts = 1>
ST_1 : Operation 144 [1/1] (0.83ns)   --->   "%store_ln163 = store i8 %i_4, i8 %i" [yolo_backbone_3.cpp:163]   --->   Operation 144 'store' 'store_ln163' <Predicate = true> <Delay = 0.83>
ST_1 : Operation 145 [1/1] (0.00ns)   --->   "%br_ln163 = br i1 %icmp_ln163, void %VITIS_LOOP_169_2.split, void %for.end16" [yolo_backbone_3.cpp:163]   --->   Operation 145 'br' 'br_ln163' <Predicate = true> <Delay = 0.00>

State 2 <SV = 1> <Delay = 6.57>
ST_2 : Operation 146 [1/1] (0.00ns)   --->   "%specpipeline_ln164 = specpipeline void @_ssdm_op_SpecPipeline, i32 1, i32 0, i32 0, i32 0, i32 4294967295, void @empty_22" [yolo_backbone_3.cpp:164]   --->   Operation 146 'specpipeline' 'specpipeline_ln164' <Predicate = true> <Delay = 0.00>
ST_2 : Operation 147 [1/1] (0.00ns)   --->   "%speclooptripcount_ln163 = speclooptripcount void @_ssdm_op_SpecLoopTripCount, i64 144, i64 144, i64 144" [yolo_backbone_3.cpp:163]   --->   Operation 147 'speclooptripcount' 'speclooptripcount_ln163' <Predicate = true> <Delay = 0.00>
ST_2 : Operation 148 [1/1] (0.00ns)   --->   "%specloopname_ln163 = specloopname void @_ssdm_op_SpecLoopName, void @empty_16" [yolo_backbone_3.cpp:163]   --->   Operation 148 'specloopname' 'specloopname_ln163' <Predicate = true> <Delay = 0.00>
ST_2 : Operation 149 [1/1] (0.00ns)   --->   "%sext_ln172 = sext i16 %sum" [yolo_backbone_3.cpp:172]   --->   Operation 149 'sext' 'sext_ln172' <Predicate = (!icmp_ln172)> <Delay = 0.00>
ST_2 : Operation 150 [1/1] (3.72ns)   --->   "%mul_ln172 = mul i24 %sext_ln172, i24 102" [yolo_backbone_3.cpp:172]   --->   Operation 150 'mul' 'mul_ln172' <Predicate = (!icmp_ln172)> <Delay = 3.72> <CoreInst = "Multiplier">   --->   Core 3 'Multiplier' <Latency = 0> <II = 1> <Delay = 3.72> <FuncUnit> <Opcode : 'mul'> <InPorts = 2> <OutPorts = 1>
ST_2 : Operation 151 [1/1] (0.00ns)   --->   "%trunc_ln3 = partselect i14 @_ssdm_op_PartSelect.i14.i24.i32.i32, i24 %mul_ln172, i32 10, i32 23" [yolo_backbone_3.cpp:172]   --->   Operation 151 'partselect' 'trunc_ln3' <Predicate = (!icmp_ln172)> <Delay = 0.00>
ST_2 : Operation 152 [1/1] (0.00ns)   --->   "%sext_ln172_1 = sext i14 %trunc_ln3" [yolo_backbone_3.cpp:172]   --->   Operation 152 'sext' 'sext_ln172_1' <Predicate = (!icmp_ln172)> <Delay = 0.00>
ST_2 : Operation 153 [1/1] (0.39ns)   --->   "%select_ln172 = select i1 %icmp_ln172, i16 %sum, i16 %sext_ln172_1" [yolo_backbone_3.cpp:172]   --->   Operation 153 'select' 'select_ln172' <Predicate = true> <Delay = 0.39> <CoreInst = "Sel">   --->   Core 73 'Sel' <Latency = 0> <II = 1> <Delay = 0.39> <FuncUnit> <Opcode : 'select'> <InPorts = 3> <OutPorts = 1>
ST_2 : Operation 154 [1/1] (0.00ns)   --->   "%sext_ln172_2 = sext i16 %sum_1" [yolo_backbone_3.cpp:172]   --->   Operation 154 'sext' 'sext_ln172_2' <Predicate = (!icmp_ln172_1)> <Delay = 0.00>
ST_2 : Operation 155 [1/1] (3.72ns)   --->   "%mul_ln172_1 = mul i24 %sext_ln172_2, i24 102" [yolo_backbone_3.cpp:172]   --->   Operation 155 'mul' 'mul_ln172_1' <Predicate = (!icmp_ln172_1)> <Delay = 3.72> <CoreInst = "Multiplier">   --->   Core 3 'Multiplier' <Latency = 0> <II = 1> <Delay = 3.72> <FuncUnit> <Opcode : 'mul'> <InPorts = 2> <OutPorts = 1>
ST_2 : Operation 156 [1/1] (0.00ns)   --->   "%trunc_ln172_1 = partselect i14 @_ssdm_op_PartSelect.i14.i24.i32.i32, i24 %mul_ln172_1, i32 10, i32 23" [yolo_backbone_3.cpp:172]   --->   Operation 156 'partselect' 'trunc_ln172_1' <Predicate = (!icmp_ln172_1)> <Delay = 0.00>
ST_2 : Operation 157 [1/1] (0.00ns)   --->   "%sext_ln172_3 = sext i14 %trunc_ln172_1" [yolo_backbone_3.cpp:172]   --->   Operation 157 'sext' 'sext_ln172_3' <Predicate = (!icmp_ln172_1)> <Delay = 0.00>
ST_2 : Operation 158 [1/1] (0.39ns)   --->   "%select_ln172_1 = select i1 %icmp_ln172_1, i16 %sum_1, i16 %sext_ln172_3" [yolo_backbone_3.cpp:172]   --->   Operation 158 'select' 'select_ln172_1' <Predicate = true> <Delay = 0.39> <CoreInst = "Sel">   --->   Core 73 'Sel' <Latency = 0> <II = 1> <Delay = 0.39> <FuncUnit> <Opcode : 'select'> <InPorts = 3> <OutPorts = 1>
ST_2 : Operation 159 [1/1] (0.00ns)   --->   "%sext_ln172_4 = sext i16 %sum_2" [yolo_backbone_3.cpp:172]   --->   Operation 159 'sext' 'sext_ln172_4' <Predicate = (!icmp_ln172_2)> <Delay = 0.00>
ST_2 : Operation 160 [1/1] (3.72ns)   --->   "%mul_ln172_2 = mul i24 %sext_ln172_4, i24 102" [yolo_backbone_3.cpp:172]   --->   Operation 160 'mul' 'mul_ln172_2' <Predicate = (!icmp_ln172_2)> <Delay = 3.72> <CoreInst = "Multiplier">   --->   Core 3 'Multiplier' <Latency = 0> <II = 1> <Delay = 3.72> <FuncUnit> <Opcode : 'mul'> <InPorts = 2> <OutPorts = 1>
ST_2 : Operation 161 [1/1] (0.00ns)   --->   "%trunc_ln172_2 = partselect i14 @_ssdm_op_PartSelect.i14.i24.i32.i32, i24 %mul_ln172_2, i32 10, i32 23" [yolo_backbone_3.cpp:172]   --->   Operation 161 'partselect' 'trunc_ln172_2' <Predicate = (!icmp_ln172_2)> <Delay = 0.00>
ST_2 : Operation 162 [1/1] (0.00ns)   --->   "%sext_ln172_5 = sext i14 %trunc_ln172_2" [yolo_backbone_3.cpp:172]   --->   Operation 162 'sext' 'sext_ln172_5' <Predicate = (!icmp_ln172_2)> <Delay = 0.00>
ST_2 : Operation 163 [1/1] (0.39ns)   --->   "%select_ln172_2 = select i1 %icmp_ln172_2, i16 %sum_2, i16 %sext_ln172_5" [yolo_backbone_3.cpp:172]   --->   Operation 163 'select' 'select_ln172_2' <Predicate = true> <Delay = 0.39> <CoreInst = "Sel">   --->   Core 73 'Sel' <Latency = 0> <II = 1> <Delay = 0.39> <FuncUnit> <Opcode : 'select'> <InPorts = 3> <OutPorts = 1>
ST_2 : Operation 164 [1/1] (0.00ns)   --->   "%sext_ln172_6 = sext i16 %sum_3" [yolo_backbone_3.cpp:172]   --->   Operation 164 'sext' 'sext_ln172_6' <Predicate = (!icmp_ln172_3)> <Delay = 0.00>
ST_2 : Operation 165 [1/1] (3.72ns)   --->   "%mul_ln172_3 = mul i24 %sext_ln172_6, i24 102" [yolo_backbone_3.cpp:172]   --->   Operation 165 'mul' 'mul_ln172_3' <Predicate = (!icmp_ln172_3)> <Delay = 3.72> <CoreInst = "Multiplier">   --->   Core 3 'Multiplier' <Latency = 0> <II = 1> <Delay = 3.72> <FuncUnit> <Opcode : 'mul'> <InPorts = 2> <OutPorts = 1>
ST_2 : Operation 166 [1/1] (0.00ns)   --->   "%trunc_ln172_3 = partselect i14 @_ssdm_op_PartSelect.i14.i24.i32.i32, i24 %mul_ln172_3, i32 10, i32 23" [yolo_backbone_3.cpp:172]   --->   Operation 166 'partselect' 'trunc_ln172_3' <Predicate = (!icmp_ln172_3)> <Delay = 0.00>
ST_2 : Operation 167 [1/1] (0.00ns)   --->   "%sext_ln172_7 = sext i14 %trunc_ln172_3" [yolo_backbone_3.cpp:172]   --->   Operation 167 'sext' 'sext_ln172_7' <Predicate = (!icmp_ln172_3)> <Delay = 0.00>
ST_2 : Operation 168 [1/1] (0.39ns)   --->   "%select_ln172_3 = select i1 %icmp_ln172_3, i16 %sum_3, i16 %sext_ln172_7" [yolo_backbone_3.cpp:172]   --->   Operation 168 'select' 'select_ln172_3' <Predicate = true> <Delay = 0.39> <CoreInst = "Sel">   --->   Core 73 'Sel' <Latency = 0> <II = 1> <Delay = 0.39> <FuncUnit> <Opcode : 'select'> <InPorts = 3> <OutPorts = 1>
ST_2 : Operation 169 [1/1] (0.00ns)   --->   "%sext_ln172_8 = sext i16 %sum_4" [yolo_backbone_3.cpp:172]   --->   Operation 169 'sext' 'sext_ln172_8' <Predicate = (!icmp_ln172_4)> <Delay = 0.00>
ST_2 : Operation 170 [1/1] (3.72ns)   --->   "%mul_ln172_4 = mul i24 %sext_ln172_8, i24 102" [yolo_backbone_3.cpp:172]   --->   Operation 170 'mul' 'mul_ln172_4' <Predicate = (!icmp_ln172_4)> <Delay = 3.72> <CoreInst = "Multiplier">   --->   Core 3 'Multiplier' <Latency = 0> <II = 1> <Delay = 3.72> <FuncUnit> <Opcode : 'mul'> <InPorts = 2> <OutPorts = 1>
ST_2 : Operation 171 [1/1] (0.00ns)   --->   "%trunc_ln172_4 = partselect i14 @_ssdm_op_PartSelect.i14.i24.i32.i32, i24 %mul_ln172_4, i32 10, i32 23" [yolo_backbone_3.cpp:172]   --->   Operation 171 'partselect' 'trunc_ln172_4' <Predicate = (!icmp_ln172_4)> <Delay = 0.00>
ST_2 : Operation 172 [1/1] (0.00ns)   --->   "%sext_ln172_9 = sext i14 %trunc_ln172_4" [yolo_backbone_3.cpp:172]   --->   Operation 172 'sext' 'sext_ln172_9' <Predicate = (!icmp_ln172_4)> <Delay = 0.00>
ST_2 : Operation 173 [1/1] (0.39ns)   --->   "%select_ln172_4 = select i1 %icmp_ln172_4, i16 %sum_4, i16 %sext_ln172_9" [yolo_backbone_3.cpp:172]   --->   Operation 173 'select' 'select_ln172_4' <Predicate = true> <Delay = 0.39> <CoreInst = "Sel">   --->   Core 73 'Sel' <Latency = 0> <II = 1> <Delay = 0.39> <FuncUnit> <Opcode : 'select'> <InPorts = 3> <OutPorts = 1>
ST_2 : Operation 174 [1/1] (0.00ns)   --->   "%sext_ln172_10 = sext i16 %sum_5" [yolo_backbone_3.cpp:172]   --->   Operation 174 'sext' 'sext_ln172_10' <Predicate = (!icmp_ln172_5)> <Delay = 0.00>
ST_2 : Operation 175 [1/1] (3.72ns)   --->   "%mul_ln172_5 = mul i24 %sext_ln172_10, i24 102" [yolo_backbone_3.cpp:172]   --->   Operation 175 'mul' 'mul_ln172_5' <Predicate = (!icmp_ln172_5)> <Delay = 3.72> <CoreInst = "Multiplier">   --->   Core 3 'Multiplier' <Latency = 0> <II = 1> <Delay = 3.72> <FuncUnit> <Opcode : 'mul'> <InPorts = 2> <OutPorts = 1>
ST_2 : Operation 176 [1/1] (0.00ns)   --->   "%trunc_ln172_5 = partselect i14 @_ssdm_op_PartSelect.i14.i24.i32.i32, i24 %mul_ln172_5, i32 10, i32 23" [yolo_backbone_3.cpp:172]   --->   Operation 176 'partselect' 'trunc_ln172_5' <Predicate = (!icmp_ln172_5)> <Delay = 0.00>
ST_2 : Operation 177 [1/1] (0.00ns)   --->   "%sext_ln172_11 = sext i14 %trunc_ln172_5" [yolo_backbone_3.cpp:172]   --->   Operation 177 'sext' 'sext_ln172_11' <Predicate = (!icmp_ln172_5)> <Delay = 0.00>
ST_2 : Operation 178 [1/1] (0.39ns)   --->   "%select_ln172_5 = select i1 %icmp_ln172_5, i16 %sum_5, i16 %sext_ln172_11" [yolo_backbone_3.cpp:172]   --->   Operation 178 'select' 'select_ln172_5' <Predicate = true> <Delay = 0.39> <CoreInst = "Sel">   --->   Core 73 'Sel' <Latency = 0> <II = 1> <Delay = 0.39> <FuncUnit> <Opcode : 'select'> <InPorts = 3> <OutPorts = 1>
ST_2 : Operation 179 [1/1] (0.00ns)   --->   "%sext_ln172_12 = sext i16 %sum_6" [yolo_backbone_3.cpp:172]   --->   Operation 179 'sext' 'sext_ln172_12' <Predicate = (!icmp_ln172_6)> <Delay = 0.00>
ST_2 : Operation 180 [1/1] (3.72ns)   --->   "%mul_ln172_6 = mul i24 %sext_ln172_12, i24 102" [yolo_backbone_3.cpp:172]   --->   Operation 180 'mul' 'mul_ln172_6' <Predicate = (!icmp_ln172_6)> <Delay = 3.72> <CoreInst = "Multiplier">   --->   Core 3 'Multiplier' <Latency = 0> <II = 1> <Delay = 3.72> <FuncUnit> <Opcode : 'mul'> <InPorts = 2> <OutPorts = 1>
ST_2 : Operation 181 [1/1] (0.00ns)   --->   "%trunc_ln172_6 = partselect i14 @_ssdm_op_PartSelect.i14.i24.i32.i32, i24 %mul_ln172_6, i32 10, i32 23" [yolo_backbone_3.cpp:172]   --->   Operation 181 'partselect' 'trunc_ln172_6' <Predicate = (!icmp_ln172_6)> <Delay = 0.00>
ST_2 : Operation 182 [1/1] (0.00ns)   --->   "%sext_ln172_13 = sext i14 %trunc_ln172_6" [yolo_backbone_3.cpp:172]   --->   Operation 182 'sext' 'sext_ln172_13' <Predicate = (!icmp_ln172_6)> <Delay = 0.00>
ST_2 : Operation 183 [1/1] (0.39ns)   --->   "%select_ln172_6 = select i1 %icmp_ln172_6, i16 %sum_6, i16 %sext_ln172_13" [yolo_backbone_3.cpp:172]   --->   Operation 183 'select' 'select_ln172_6' <Predicate = true> <Delay = 0.39> <CoreInst = "Sel">   --->   Core 73 'Sel' <Latency = 0> <II = 1> <Delay = 0.39> <FuncUnit> <Opcode : 'select'> <InPorts = 3> <OutPorts = 1>
ST_2 : Operation 184 [1/1] (0.00ns)   --->   "%sext_ln172_14 = sext i16 %sum_7" [yolo_backbone_3.cpp:172]   --->   Operation 184 'sext' 'sext_ln172_14' <Predicate = (!icmp_ln172_7)> <Delay = 0.00>
ST_2 : Operation 185 [1/1] (3.72ns)   --->   "%mul_ln172_7 = mul i24 %sext_ln172_14, i24 102" [yolo_backbone_3.cpp:172]   --->   Operation 185 'mul' 'mul_ln172_7' <Predicate = (!icmp_ln172_7)> <Delay = 3.72> <CoreInst = "Multiplier">   --->   Core 3 'Multiplier' <Latency = 0> <II = 1> <Delay = 3.72> <FuncUnit> <Opcode : 'mul'> <InPorts = 2> <OutPorts = 1>
ST_2 : Operation 186 [1/1] (0.00ns)   --->   "%trunc_ln172_7 = partselect i14 @_ssdm_op_PartSelect.i14.i24.i32.i32, i24 %mul_ln172_7, i32 10, i32 23" [yolo_backbone_3.cpp:172]   --->   Operation 186 'partselect' 'trunc_ln172_7' <Predicate = (!icmp_ln172_7)> <Delay = 0.00>
ST_2 : Operation 187 [1/1] (0.00ns)   --->   "%sext_ln172_15 = sext i14 %trunc_ln172_7" [yolo_backbone_3.cpp:172]   --->   Operation 187 'sext' 'sext_ln172_15' <Predicate = (!icmp_ln172_7)> <Delay = 0.00>
ST_2 : Operation 188 [1/1] (0.39ns)   --->   "%select_ln172_7 = select i1 %icmp_ln172_7, i16 %sum_7, i16 %sext_ln172_15" [yolo_backbone_3.cpp:172]   --->   Operation 188 'select' 'select_ln172_7' <Predicate = true> <Delay = 0.39> <CoreInst = "Sel">   --->   Core 73 'Sel' <Latency = 0> <II = 1> <Delay = 0.39> <FuncUnit> <Opcode : 'select'> <InPorts = 3> <OutPorts = 1>
ST_2 : Operation 189 [1/1] (0.00ns)   --->   "%sext_ln172_16 = sext i16 %sum_8" [yolo_backbone_3.cpp:172]   --->   Operation 189 'sext' 'sext_ln172_16' <Predicate = (!icmp_ln172_8)> <Delay = 0.00>
ST_2 : Operation 190 [1/1] (3.72ns)   --->   "%mul_ln172_8 = mul i24 %sext_ln172_16, i24 102" [yolo_backbone_3.cpp:172]   --->   Operation 190 'mul' 'mul_ln172_8' <Predicate = (!icmp_ln172_8)> <Delay = 3.72> <CoreInst = "Multiplier">   --->   Core 3 'Multiplier' <Latency = 0> <II = 1> <Delay = 3.72> <FuncUnit> <Opcode : 'mul'> <InPorts = 2> <OutPorts = 1>
ST_2 : Operation 191 [1/1] (0.00ns)   --->   "%trunc_ln172_8 = partselect i14 @_ssdm_op_PartSelect.i14.i24.i32.i32, i24 %mul_ln172_8, i32 10, i32 23" [yolo_backbone_3.cpp:172]   --->   Operation 191 'partselect' 'trunc_ln172_8' <Predicate = (!icmp_ln172_8)> <Delay = 0.00>
ST_2 : Operation 192 [1/1] (0.00ns)   --->   "%sext_ln172_17 = sext i14 %trunc_ln172_8" [yolo_backbone_3.cpp:172]   --->   Operation 192 'sext' 'sext_ln172_17' <Predicate = (!icmp_ln172_8)> <Delay = 0.00>
ST_2 : Operation 193 [1/1] (0.39ns)   --->   "%select_ln172_8 = select i1 %icmp_ln172_8, i16 %sum_8, i16 %sext_ln172_17" [yolo_backbone_3.cpp:172]   --->   Operation 193 'select' 'select_ln172_8' <Predicate = true> <Delay = 0.39> <CoreInst = "Sel">   --->   Core 73 'Sel' <Latency = 0> <II = 1> <Delay = 0.39> <FuncUnit> <Opcode : 'select'> <InPorts = 3> <OutPorts = 1>
ST_2 : Operation 194 [1/1] (0.00ns)   --->   "%sext_ln172_18 = sext i16 %sum_9" [yolo_backbone_3.cpp:172]   --->   Operation 194 'sext' 'sext_ln172_18' <Predicate = (!icmp_ln172_9)> <Delay = 0.00>
ST_2 : Operation 195 [1/1] (3.72ns)   --->   "%mul_ln172_9 = mul i24 %sext_ln172_18, i24 102" [yolo_backbone_3.cpp:172]   --->   Operation 195 'mul' 'mul_ln172_9' <Predicate = (!icmp_ln172_9)> <Delay = 3.72> <CoreInst = "Multiplier">   --->   Core 3 'Multiplier' <Latency = 0> <II = 1> <Delay = 3.72> <FuncUnit> <Opcode : 'mul'> <InPorts = 2> <OutPorts = 1>
ST_2 : Operation 196 [1/1] (0.00ns)   --->   "%trunc_ln172_9 = partselect i14 @_ssdm_op_PartSelect.i14.i24.i32.i32, i24 %mul_ln172_9, i32 10, i32 23" [yolo_backbone_3.cpp:172]   --->   Operation 196 'partselect' 'trunc_ln172_9' <Predicate = (!icmp_ln172_9)> <Delay = 0.00>
ST_2 : Operation 197 [1/1] (0.00ns)   --->   "%sext_ln172_19 = sext i14 %trunc_ln172_9" [yolo_backbone_3.cpp:172]   --->   Operation 197 'sext' 'sext_ln172_19' <Predicate = (!icmp_ln172_9)> <Delay = 0.00>
ST_2 : Operation 198 [1/1] (0.39ns)   --->   "%select_ln172_9 = select i1 %icmp_ln172_9, i16 %sum_9, i16 %sext_ln172_19" [yolo_backbone_3.cpp:172]   --->   Operation 198 'select' 'select_ln172_9' <Predicate = true> <Delay = 0.39> <CoreInst = "Sel">   --->   Core 73 'Sel' <Latency = 0> <II = 1> <Delay = 0.39> <FuncUnit> <Opcode : 'select'> <InPorts = 3> <OutPorts = 1>
ST_2 : Operation 199 [1/1] (0.00ns)   --->   "%sext_ln172_20 = sext i16 %sum_10" [yolo_backbone_3.cpp:172]   --->   Operation 199 'sext' 'sext_ln172_20' <Predicate = (!icmp_ln172_10)> <Delay = 0.00>
ST_2 : Operation 200 [1/1] (3.72ns)   --->   "%mul_ln172_10 = mul i24 %sext_ln172_20, i24 102" [yolo_backbone_3.cpp:172]   --->   Operation 200 'mul' 'mul_ln172_10' <Predicate = (!icmp_ln172_10)> <Delay = 3.72> <CoreInst = "Multiplier">   --->   Core 3 'Multiplier' <Latency = 0> <II = 1> <Delay = 3.72> <FuncUnit> <Opcode : 'mul'> <InPorts = 2> <OutPorts = 1>
ST_2 : Operation 201 [1/1] (0.00ns)   --->   "%trunc_ln172_s = partselect i14 @_ssdm_op_PartSelect.i14.i24.i32.i32, i24 %mul_ln172_10, i32 10, i32 23" [yolo_backbone_3.cpp:172]   --->   Operation 201 'partselect' 'trunc_ln172_s' <Predicate = (!icmp_ln172_10)> <Delay = 0.00>
ST_2 : Operation 202 [1/1] (0.00ns)   --->   "%sext_ln172_21 = sext i14 %trunc_ln172_s" [yolo_backbone_3.cpp:172]   --->   Operation 202 'sext' 'sext_ln172_21' <Predicate = (!icmp_ln172_10)> <Delay = 0.00>
ST_2 : Operation 203 [1/1] (0.39ns)   --->   "%select_ln172_10 = select i1 %icmp_ln172_10, i16 %sum_10, i16 %sext_ln172_21" [yolo_backbone_3.cpp:172]   --->   Operation 203 'select' 'select_ln172_10' <Predicate = true> <Delay = 0.39> <CoreInst = "Sel">   --->   Core 73 'Sel' <Latency = 0> <II = 1> <Delay = 0.39> <FuncUnit> <Opcode : 'select'> <InPorts = 3> <OutPorts = 1>
ST_2 : Operation 204 [1/1] (0.00ns)   --->   "%sext_ln172_22 = sext i16 %sum_11" [yolo_backbone_3.cpp:172]   --->   Operation 204 'sext' 'sext_ln172_22' <Predicate = (!icmp_ln172_11)> <Delay = 0.00>
ST_2 : Operation 205 [1/1] (3.72ns)   --->   "%mul_ln172_11 = mul i24 %sext_ln172_22, i24 102" [yolo_backbone_3.cpp:172]   --->   Operation 205 'mul' 'mul_ln172_11' <Predicate = (!icmp_ln172_11)> <Delay = 3.72> <CoreInst = "Multiplier">   --->   Core 3 'Multiplier' <Latency = 0> <II = 1> <Delay = 3.72> <FuncUnit> <Opcode : 'mul'> <InPorts = 2> <OutPorts = 1>
ST_2 : Operation 206 [1/1] (0.00ns)   --->   "%trunc_ln172_10 = partselect i14 @_ssdm_op_PartSelect.i14.i24.i32.i32, i24 %mul_ln172_11, i32 10, i32 23" [yolo_backbone_3.cpp:172]   --->   Operation 206 'partselect' 'trunc_ln172_10' <Predicate = (!icmp_ln172_11)> <Delay = 0.00>
ST_2 : Operation 207 [1/1] (0.00ns)   --->   "%sext_ln172_23 = sext i14 %trunc_ln172_10" [yolo_backbone_3.cpp:172]   --->   Operation 207 'sext' 'sext_ln172_23' <Predicate = (!icmp_ln172_11)> <Delay = 0.00>
ST_2 : Operation 208 [1/1] (0.39ns)   --->   "%select_ln172_11 = select i1 %icmp_ln172_11, i16 %sum_11, i16 %sext_ln172_23" [yolo_backbone_3.cpp:172]   --->   Operation 208 'select' 'select_ln172_11' <Predicate = true> <Delay = 0.39> <CoreInst = "Sel">   --->   Core 73 'Sel' <Latency = 0> <II = 1> <Delay = 0.39> <FuncUnit> <Opcode : 'select'> <InPorts = 3> <OutPorts = 1>
ST_2 : Operation 209 [1/1] (0.00ns)   --->   "%sext_ln172_24 = sext i16 %sum_12" [yolo_backbone_3.cpp:172]   --->   Operation 209 'sext' 'sext_ln172_24' <Predicate = (!icmp_ln172_12)> <Delay = 0.00>
ST_2 : Operation 210 [1/1] (3.72ns)   --->   "%mul_ln172_12 = mul i24 %sext_ln172_24, i24 102" [yolo_backbone_3.cpp:172]   --->   Operation 210 'mul' 'mul_ln172_12' <Predicate = (!icmp_ln172_12)> <Delay = 3.72> <CoreInst = "Multiplier">   --->   Core 3 'Multiplier' <Latency = 0> <II = 1> <Delay = 3.72> <FuncUnit> <Opcode : 'mul'> <InPorts = 2> <OutPorts = 1>
ST_2 : Operation 211 [1/1] (0.00ns)   --->   "%trunc_ln172_11 = partselect i14 @_ssdm_op_PartSelect.i14.i24.i32.i32, i24 %mul_ln172_12, i32 10, i32 23" [yolo_backbone_3.cpp:172]   --->   Operation 211 'partselect' 'trunc_ln172_11' <Predicate = (!icmp_ln172_12)> <Delay = 0.00>
ST_2 : Operation 212 [1/1] (0.00ns)   --->   "%sext_ln172_25 = sext i14 %trunc_ln172_11" [yolo_backbone_3.cpp:172]   --->   Operation 212 'sext' 'sext_ln172_25' <Predicate = (!icmp_ln172_12)> <Delay = 0.00>
ST_2 : Operation 213 [1/1] (0.39ns)   --->   "%select_ln172_12 = select i1 %icmp_ln172_12, i16 %sum_12, i16 %sext_ln172_25" [yolo_backbone_3.cpp:172]   --->   Operation 213 'select' 'select_ln172_12' <Predicate = true> <Delay = 0.39> <CoreInst = "Sel">   --->   Core 73 'Sel' <Latency = 0> <II = 1> <Delay = 0.39> <FuncUnit> <Opcode : 'select'> <InPorts = 3> <OutPorts = 1>
ST_2 : Operation 214 [1/1] (0.00ns)   --->   "%sext_ln172_26 = sext i16 %sum_13" [yolo_backbone_3.cpp:172]   --->   Operation 214 'sext' 'sext_ln172_26' <Predicate = (!icmp_ln172_13)> <Delay = 0.00>
ST_2 : Operation 215 [1/1] (3.72ns)   --->   "%mul_ln172_13 = mul i24 %sext_ln172_26, i24 102" [yolo_backbone_3.cpp:172]   --->   Operation 215 'mul' 'mul_ln172_13' <Predicate = (!icmp_ln172_13)> <Delay = 3.72> <CoreInst = "Multiplier">   --->   Core 3 'Multiplier' <Latency = 0> <II = 1> <Delay = 3.72> <FuncUnit> <Opcode : 'mul'> <InPorts = 2> <OutPorts = 1>
ST_2 : Operation 216 [1/1] (0.00ns)   --->   "%trunc_ln172_12 = partselect i14 @_ssdm_op_PartSelect.i14.i24.i32.i32, i24 %mul_ln172_13, i32 10, i32 23" [yolo_backbone_3.cpp:172]   --->   Operation 216 'partselect' 'trunc_ln172_12' <Predicate = (!icmp_ln172_13)> <Delay = 0.00>
ST_2 : Operation 217 [1/1] (0.00ns)   --->   "%sext_ln172_27 = sext i14 %trunc_ln172_12" [yolo_backbone_3.cpp:172]   --->   Operation 217 'sext' 'sext_ln172_27' <Predicate = (!icmp_ln172_13)> <Delay = 0.00>
ST_2 : Operation 218 [1/1] (0.39ns)   --->   "%select_ln172_13 = select i1 %icmp_ln172_13, i16 %sum_13, i16 %sext_ln172_27" [yolo_backbone_3.cpp:172]   --->   Operation 218 'select' 'select_ln172_13' <Predicate = true> <Delay = 0.39> <CoreInst = "Sel">   --->   Core 73 'Sel' <Latency = 0> <II = 1> <Delay = 0.39> <FuncUnit> <Opcode : 'select'> <InPorts = 3> <OutPorts = 1>
ST_2 : Operation 219 [1/1] (0.00ns)   --->   "%sext_ln172_28 = sext i16 %sum_14" [yolo_backbone_3.cpp:172]   --->   Operation 219 'sext' 'sext_ln172_28' <Predicate = (!icmp_ln172_14)> <Delay = 0.00>
ST_2 : Operation 220 [1/1] (3.72ns)   --->   "%mul_ln172_14 = mul i24 %sext_ln172_28, i24 102" [yolo_backbone_3.cpp:172]   --->   Operation 220 'mul' 'mul_ln172_14' <Predicate = (!icmp_ln172_14)> <Delay = 3.72> <CoreInst = "Multiplier">   --->   Core 3 'Multiplier' <Latency = 0> <II = 1> <Delay = 3.72> <FuncUnit> <Opcode : 'mul'> <InPorts = 2> <OutPorts = 1>
ST_2 : Operation 221 [1/1] (0.00ns)   --->   "%trunc_ln172_13 = partselect i14 @_ssdm_op_PartSelect.i14.i24.i32.i32, i24 %mul_ln172_14, i32 10, i32 23" [yolo_backbone_3.cpp:172]   --->   Operation 221 'partselect' 'trunc_ln172_13' <Predicate = (!icmp_ln172_14)> <Delay = 0.00>
ST_2 : Operation 222 [1/1] (0.00ns)   --->   "%sext_ln172_29 = sext i14 %trunc_ln172_13" [yolo_backbone_3.cpp:172]   --->   Operation 222 'sext' 'sext_ln172_29' <Predicate = (!icmp_ln172_14)> <Delay = 0.00>
ST_2 : Operation 223 [1/1] (0.39ns)   --->   "%select_ln172_14 = select i1 %icmp_ln172_14, i16 %sum_14, i16 %sext_ln172_29" [yolo_backbone_3.cpp:172]   --->   Operation 223 'select' 'select_ln172_14' <Predicate = true> <Delay = 0.39> <CoreInst = "Sel">   --->   Core 73 'Sel' <Latency = 0> <II = 1> <Delay = 0.39> <FuncUnit> <Opcode : 'select'> <InPorts = 3> <OutPorts = 1>
ST_2 : Operation 224 [1/1] (0.00ns)   --->   "%sext_ln172_30 = sext i16 %sum_15" [yolo_backbone_3.cpp:172]   --->   Operation 224 'sext' 'sext_ln172_30' <Predicate = (!icmp_ln172_15)> <Delay = 0.00>
ST_2 : Operation 225 [1/1] (3.72ns)   --->   "%mul_ln172_15 = mul i24 %sext_ln172_30, i24 102" [yolo_backbone_3.cpp:172]   --->   Operation 225 'mul' 'mul_ln172_15' <Predicate = (!icmp_ln172_15)> <Delay = 3.72> <CoreInst = "Multiplier">   --->   Core 3 'Multiplier' <Latency = 0> <II = 1> <Delay = 3.72> <FuncUnit> <Opcode : 'mul'> <InPorts = 2> <OutPorts = 1>
ST_2 : Operation 226 [1/1] (0.00ns)   --->   "%trunc_ln172_14 = partselect i14 @_ssdm_op_PartSelect.i14.i24.i32.i32, i24 %mul_ln172_15, i32 10, i32 23" [yolo_backbone_3.cpp:172]   --->   Operation 226 'partselect' 'trunc_ln172_14' <Predicate = (!icmp_ln172_15)> <Delay = 0.00>
ST_2 : Operation 227 [1/1] (0.00ns)   --->   "%sext_ln172_31 = sext i14 %trunc_ln172_14" [yolo_backbone_3.cpp:172]   --->   Operation 227 'sext' 'sext_ln172_31' <Predicate = (!icmp_ln172_15)> <Delay = 0.00>
ST_2 : Operation 228 [1/1] (0.39ns)   --->   "%select_ln172_15 = select i1 %icmp_ln172_15, i16 %sum_15, i16 %sext_ln172_31" [yolo_backbone_3.cpp:172]   --->   Operation 228 'select' 'select_ln172_15' <Predicate = true> <Delay = 0.39> <CoreInst = "Sel">   --->   Core 73 'Sel' <Latency = 0> <II = 1> <Delay = 0.39> <FuncUnit> <Opcode : 'select'> <InPorts = 3> <OutPorts = 1>
ST_2 : Operation 229 [1/1] (0.00ns)   --->   "%sext_ln172_32 = sext i16 %sum_16" [yolo_backbone_3.cpp:172]   --->   Operation 229 'sext' 'sext_ln172_32' <Predicate = (!icmp_ln172_16)> <Delay = 0.00>
ST_2 : Operation 230 [1/1] (3.72ns)   --->   "%mul_ln172_16 = mul i24 %sext_ln172_32, i24 102" [yolo_backbone_3.cpp:172]   --->   Operation 230 'mul' 'mul_ln172_16' <Predicate = (!icmp_ln172_16)> <Delay = 3.72> <CoreInst = "Multiplier">   --->   Core 3 'Multiplier' <Latency = 0> <II = 1> <Delay = 3.72> <FuncUnit> <Opcode : 'mul'> <InPorts = 2> <OutPorts = 1>
ST_2 : Operation 231 [1/1] (0.00ns)   --->   "%trunc_ln172_15 = partselect i14 @_ssdm_op_PartSelect.i14.i24.i32.i32, i24 %mul_ln172_16, i32 10, i32 23" [yolo_backbone_3.cpp:172]   --->   Operation 231 'partselect' 'trunc_ln172_15' <Predicate = (!icmp_ln172_16)> <Delay = 0.00>
ST_2 : Operation 232 [1/1] (0.00ns)   --->   "%sext_ln172_33 = sext i14 %trunc_ln172_15" [yolo_backbone_3.cpp:172]   --->   Operation 232 'sext' 'sext_ln172_33' <Predicate = (!icmp_ln172_16)> <Delay = 0.00>
ST_2 : Operation 233 [1/1] (0.39ns)   --->   "%select_ln172_16 = select i1 %icmp_ln172_16, i16 %sum_16, i16 %sext_ln172_33" [yolo_backbone_3.cpp:172]   --->   Operation 233 'select' 'select_ln172_16' <Predicate = true> <Delay = 0.39> <CoreInst = "Sel">   --->   Core 73 'Sel' <Latency = 0> <II = 1> <Delay = 0.39> <FuncUnit> <Opcode : 'select'> <InPorts = 3> <OutPorts = 1>
ST_2 : Operation 234 [1/1] (0.00ns)   --->   "%sext_ln172_34 = sext i16 %sum_17" [yolo_backbone_3.cpp:172]   --->   Operation 234 'sext' 'sext_ln172_34' <Predicate = (!icmp_ln172_17)> <Delay = 0.00>
ST_2 : Operation 235 [1/1] (3.72ns)   --->   "%mul_ln172_17 = mul i24 %sext_ln172_34, i24 102" [yolo_backbone_3.cpp:172]   --->   Operation 235 'mul' 'mul_ln172_17' <Predicate = (!icmp_ln172_17)> <Delay = 3.72> <CoreInst = "Multiplier">   --->   Core 3 'Multiplier' <Latency = 0> <II = 1> <Delay = 3.72> <FuncUnit> <Opcode : 'mul'> <InPorts = 2> <OutPorts = 1>
ST_2 : Operation 236 [1/1] (0.00ns)   --->   "%trunc_ln172_16 = partselect i14 @_ssdm_op_PartSelect.i14.i24.i32.i32, i24 %mul_ln172_17, i32 10, i32 23" [yolo_backbone_3.cpp:172]   --->   Operation 236 'partselect' 'trunc_ln172_16' <Predicate = (!icmp_ln172_17)> <Delay = 0.00>
ST_2 : Operation 237 [1/1] (0.00ns)   --->   "%sext_ln172_35 = sext i14 %trunc_ln172_16" [yolo_backbone_3.cpp:172]   --->   Operation 237 'sext' 'sext_ln172_35' <Predicate = (!icmp_ln172_17)> <Delay = 0.00>
ST_2 : Operation 238 [1/1] (0.39ns)   --->   "%select_ln172_17 = select i1 %icmp_ln172_17, i16 %sum_17, i16 %sext_ln172_35" [yolo_backbone_3.cpp:172]   --->   Operation 238 'select' 'select_ln172_17' <Predicate = true> <Delay = 0.39> <CoreInst = "Sel">   --->   Core 73 'Sel' <Latency = 0> <II = 1> <Delay = 0.39> <FuncUnit> <Opcode : 'select'> <InPorts = 3> <OutPorts = 1>
ST_2 : Operation 239 [1/1] (0.00ns)   --->   "%sext_ln172_36 = sext i16 %sum_18" [yolo_backbone_3.cpp:172]   --->   Operation 239 'sext' 'sext_ln172_36' <Predicate = (!icmp_ln172_18)> <Delay = 0.00>
ST_2 : Operation 240 [1/1] (3.72ns)   --->   "%mul_ln172_18 = mul i24 %sext_ln172_36, i24 102" [yolo_backbone_3.cpp:172]   --->   Operation 240 'mul' 'mul_ln172_18' <Predicate = (!icmp_ln172_18)> <Delay = 3.72> <CoreInst = "Multiplier">   --->   Core 3 'Multiplier' <Latency = 0> <II = 1> <Delay = 3.72> <FuncUnit> <Opcode : 'mul'> <InPorts = 2> <OutPorts = 1>
ST_2 : Operation 241 [1/1] (0.00ns)   --->   "%trunc_ln172_17 = partselect i14 @_ssdm_op_PartSelect.i14.i24.i32.i32, i24 %mul_ln172_18, i32 10, i32 23" [yolo_backbone_3.cpp:172]   --->   Operation 241 'partselect' 'trunc_ln172_17' <Predicate = (!icmp_ln172_18)> <Delay = 0.00>
ST_2 : Operation 242 [1/1] (0.00ns)   --->   "%sext_ln172_37 = sext i14 %trunc_ln172_17" [yolo_backbone_3.cpp:172]   --->   Operation 242 'sext' 'sext_ln172_37' <Predicate = (!icmp_ln172_18)> <Delay = 0.00>
ST_2 : Operation 243 [1/1] (0.39ns)   --->   "%select_ln172_18 = select i1 %icmp_ln172_18, i16 %sum_18, i16 %sext_ln172_37" [yolo_backbone_3.cpp:172]   --->   Operation 243 'select' 'select_ln172_18' <Predicate = true> <Delay = 0.39> <CoreInst = "Sel">   --->   Core 73 'Sel' <Latency = 0> <II = 1> <Delay = 0.39> <FuncUnit> <Opcode : 'select'> <InPorts = 3> <OutPorts = 1>
ST_2 : Operation 244 [1/1] (0.00ns)   --->   "%sext_ln172_38 = sext i16 %sum_19" [yolo_backbone_3.cpp:172]   --->   Operation 244 'sext' 'sext_ln172_38' <Predicate = (!icmp_ln172_19)> <Delay = 0.00>
ST_2 : Operation 245 [1/1] (3.72ns)   --->   "%mul_ln172_19 = mul i24 %sext_ln172_38, i24 102" [yolo_backbone_3.cpp:172]   --->   Operation 245 'mul' 'mul_ln172_19' <Predicate = (!icmp_ln172_19)> <Delay = 3.72> <CoreInst = "Multiplier">   --->   Core 3 'Multiplier' <Latency = 0> <II = 1> <Delay = 3.72> <FuncUnit> <Opcode : 'mul'> <InPorts = 2> <OutPorts = 1>
ST_2 : Operation 246 [1/1] (0.00ns)   --->   "%trunc_ln172_18 = partselect i14 @_ssdm_op_PartSelect.i14.i24.i32.i32, i24 %mul_ln172_19, i32 10, i32 23" [yolo_backbone_3.cpp:172]   --->   Operation 246 'partselect' 'trunc_ln172_18' <Predicate = (!icmp_ln172_19)> <Delay = 0.00>
ST_2 : Operation 247 [1/1] (0.00ns)   --->   "%sext_ln172_39 = sext i14 %trunc_ln172_18" [yolo_backbone_3.cpp:172]   --->   Operation 247 'sext' 'sext_ln172_39' <Predicate = (!icmp_ln172_19)> <Delay = 0.00>
ST_2 : Operation 248 [1/1] (0.39ns)   --->   "%select_ln172_19 = select i1 %icmp_ln172_19, i16 %sum_19, i16 %sext_ln172_39" [yolo_backbone_3.cpp:172]   --->   Operation 248 'select' 'select_ln172_19' <Predicate = true> <Delay = 0.39> <CoreInst = "Sel">   --->   Core 73 'Sel' <Latency = 0> <II = 1> <Delay = 0.39> <FuncUnit> <Opcode : 'select'> <InPorts = 3> <OutPorts = 1>
ST_2 : Operation 249 [1/1] (0.00ns)   --->   "%sext_ln172_40 = sext i16 %sum_20" [yolo_backbone_3.cpp:172]   --->   Operation 249 'sext' 'sext_ln172_40' <Predicate = (!icmp_ln172_20)> <Delay = 0.00>
ST_2 : Operation 250 [1/1] (3.72ns)   --->   "%mul_ln172_20 = mul i24 %sext_ln172_40, i24 102" [yolo_backbone_3.cpp:172]   --->   Operation 250 'mul' 'mul_ln172_20' <Predicate = (!icmp_ln172_20)> <Delay = 3.72> <CoreInst = "Multiplier">   --->   Core 3 'Multiplier' <Latency = 0> <II = 1> <Delay = 3.72> <FuncUnit> <Opcode : 'mul'> <InPorts = 2> <OutPorts = 1>
ST_2 : Operation 251 [1/1] (0.00ns)   --->   "%trunc_ln172_19 = partselect i14 @_ssdm_op_PartSelect.i14.i24.i32.i32, i24 %mul_ln172_20, i32 10, i32 23" [yolo_backbone_3.cpp:172]   --->   Operation 251 'partselect' 'trunc_ln172_19' <Predicate = (!icmp_ln172_20)> <Delay = 0.00>
ST_2 : Operation 252 [1/1] (0.00ns)   --->   "%sext_ln172_41 = sext i14 %trunc_ln172_19" [yolo_backbone_3.cpp:172]   --->   Operation 252 'sext' 'sext_ln172_41' <Predicate = (!icmp_ln172_20)> <Delay = 0.00>
ST_2 : Operation 253 [1/1] (0.39ns)   --->   "%select_ln172_20 = select i1 %icmp_ln172_20, i16 %sum_20, i16 %sext_ln172_41" [yolo_backbone_3.cpp:172]   --->   Operation 253 'select' 'select_ln172_20' <Predicate = true> <Delay = 0.39> <CoreInst = "Sel">   --->   Core 73 'Sel' <Latency = 0> <II = 1> <Delay = 0.39> <FuncUnit> <Opcode : 'select'> <InPorts = 3> <OutPorts = 1>
ST_2 : Operation 254 [1/1] (0.00ns)   --->   "%sext_ln172_42 = sext i16 %sum_21" [yolo_backbone_3.cpp:172]   --->   Operation 254 'sext' 'sext_ln172_42' <Predicate = (!icmp_ln172_21)> <Delay = 0.00>
ST_2 : Operation 255 [1/1] (3.72ns)   --->   "%mul_ln172_21 = mul i24 %sext_ln172_42, i24 102" [yolo_backbone_3.cpp:172]   --->   Operation 255 'mul' 'mul_ln172_21' <Predicate = (!icmp_ln172_21)> <Delay = 3.72> <CoreInst = "Multiplier">   --->   Core 3 'Multiplier' <Latency = 0> <II = 1> <Delay = 3.72> <FuncUnit> <Opcode : 'mul'> <InPorts = 2> <OutPorts = 1>
ST_2 : Operation 256 [1/1] (0.00ns)   --->   "%trunc_ln172_20 = partselect i14 @_ssdm_op_PartSelect.i14.i24.i32.i32, i24 %mul_ln172_21, i32 10, i32 23" [yolo_backbone_3.cpp:172]   --->   Operation 256 'partselect' 'trunc_ln172_20' <Predicate = (!icmp_ln172_21)> <Delay = 0.00>
ST_2 : Operation 257 [1/1] (0.00ns)   --->   "%sext_ln172_43 = sext i14 %trunc_ln172_20" [yolo_backbone_3.cpp:172]   --->   Operation 257 'sext' 'sext_ln172_43' <Predicate = (!icmp_ln172_21)> <Delay = 0.00>
ST_2 : Operation 258 [1/1] (0.39ns)   --->   "%select_ln172_21 = select i1 %icmp_ln172_21, i16 %sum_21, i16 %sext_ln172_43" [yolo_backbone_3.cpp:172]   --->   Operation 258 'select' 'select_ln172_21' <Predicate = true> <Delay = 0.39> <CoreInst = "Sel">   --->   Core 73 'Sel' <Latency = 0> <II = 1> <Delay = 0.39> <FuncUnit> <Opcode : 'select'> <InPorts = 3> <OutPorts = 1>
ST_2 : Operation 259 [1/1] (0.00ns)   --->   "%sext_ln172_44 = sext i16 %sum_22" [yolo_backbone_3.cpp:172]   --->   Operation 259 'sext' 'sext_ln172_44' <Predicate = (!icmp_ln172_22)> <Delay = 0.00>
ST_2 : Operation 260 [1/1] (3.72ns)   --->   "%mul_ln172_22 = mul i24 %sext_ln172_44, i24 102" [yolo_backbone_3.cpp:172]   --->   Operation 260 'mul' 'mul_ln172_22' <Predicate = (!icmp_ln172_22)> <Delay = 3.72> <CoreInst = "Multiplier">   --->   Core 3 'Multiplier' <Latency = 0> <II = 1> <Delay = 3.72> <FuncUnit> <Opcode : 'mul'> <InPorts = 2> <OutPorts = 1>
ST_2 : Operation 261 [1/1] (0.00ns)   --->   "%trunc_ln172_21 = partselect i14 @_ssdm_op_PartSelect.i14.i24.i32.i32, i24 %mul_ln172_22, i32 10, i32 23" [yolo_backbone_3.cpp:172]   --->   Operation 261 'partselect' 'trunc_ln172_21' <Predicate = (!icmp_ln172_22)> <Delay = 0.00>
ST_2 : Operation 262 [1/1] (0.00ns)   --->   "%sext_ln172_45 = sext i14 %trunc_ln172_21" [yolo_backbone_3.cpp:172]   --->   Operation 262 'sext' 'sext_ln172_45' <Predicate = (!icmp_ln172_22)> <Delay = 0.00>
ST_2 : Operation 263 [1/1] (0.39ns)   --->   "%select_ln172_22 = select i1 %icmp_ln172_22, i16 %sum_22, i16 %sext_ln172_45" [yolo_backbone_3.cpp:172]   --->   Operation 263 'select' 'select_ln172_22' <Predicate = true> <Delay = 0.39> <CoreInst = "Sel">   --->   Core 73 'Sel' <Latency = 0> <II = 1> <Delay = 0.39> <FuncUnit> <Opcode : 'select'> <InPorts = 3> <OutPorts = 1>
ST_2 : Operation 264 [1/1] (0.00ns)   --->   "%sext_ln172_46 = sext i16 %sum_23" [yolo_backbone_3.cpp:172]   --->   Operation 264 'sext' 'sext_ln172_46' <Predicate = (!icmp_ln172_23)> <Delay = 0.00>
ST_2 : Operation 265 [1/1] (3.72ns)   --->   "%mul_ln172_23 = mul i24 %sext_ln172_46, i24 102" [yolo_backbone_3.cpp:172]   --->   Operation 265 'mul' 'mul_ln172_23' <Predicate = (!icmp_ln172_23)> <Delay = 3.72> <CoreInst = "Multiplier">   --->   Core 3 'Multiplier' <Latency = 0> <II = 1> <Delay = 3.72> <FuncUnit> <Opcode : 'mul'> <InPorts = 2> <OutPorts = 1>
ST_2 : Operation 266 [1/1] (0.00ns)   --->   "%trunc_ln172_22 = partselect i14 @_ssdm_op_PartSelect.i14.i24.i32.i32, i24 %mul_ln172_23, i32 10, i32 23" [yolo_backbone_3.cpp:172]   --->   Operation 266 'partselect' 'trunc_ln172_22' <Predicate = (!icmp_ln172_23)> <Delay = 0.00>
ST_2 : Operation 267 [1/1] (0.00ns)   --->   "%sext_ln172_47 = sext i14 %trunc_ln172_22" [yolo_backbone_3.cpp:172]   --->   Operation 267 'sext' 'sext_ln172_47' <Predicate = (!icmp_ln172_23)> <Delay = 0.00>
ST_2 : Operation 268 [1/1] (0.39ns)   --->   "%select_ln172_23 = select i1 %icmp_ln172_23, i16 %sum_23, i16 %sext_ln172_47" [yolo_backbone_3.cpp:172]   --->   Operation 268 'select' 'select_ln172_23' <Predicate = true> <Delay = 0.39> <CoreInst = "Sel">   --->   Core 73 'Sel' <Latency = 0> <II = 1> <Delay = 0.39> <FuncUnit> <Opcode : 'select'> <InPorts = 3> <OutPorts = 1>
ST_2 : Operation 269 [1/1] (0.00ns)   --->   "%sext_ln172_48 = sext i16 %sum_24" [yolo_backbone_3.cpp:172]   --->   Operation 269 'sext' 'sext_ln172_48' <Predicate = (!icmp_ln172_24)> <Delay = 0.00>
ST_2 : Operation 270 [1/1] (3.72ns)   --->   "%mul_ln172_24 = mul i24 %sext_ln172_48, i24 102" [yolo_backbone_3.cpp:172]   --->   Operation 270 'mul' 'mul_ln172_24' <Predicate = (!icmp_ln172_24)> <Delay = 3.72> <CoreInst = "Multiplier">   --->   Core 3 'Multiplier' <Latency = 0> <II = 1> <Delay = 3.72> <FuncUnit> <Opcode : 'mul'> <InPorts = 2> <OutPorts = 1>
ST_2 : Operation 271 [1/1] (0.00ns)   --->   "%trunc_ln172_23 = partselect i14 @_ssdm_op_PartSelect.i14.i24.i32.i32, i24 %mul_ln172_24, i32 10, i32 23" [yolo_backbone_3.cpp:172]   --->   Operation 271 'partselect' 'trunc_ln172_23' <Predicate = (!icmp_ln172_24)> <Delay = 0.00>
ST_2 : Operation 272 [1/1] (0.00ns)   --->   "%sext_ln172_49 = sext i14 %trunc_ln172_23" [yolo_backbone_3.cpp:172]   --->   Operation 272 'sext' 'sext_ln172_49' <Predicate = (!icmp_ln172_24)> <Delay = 0.00>
ST_2 : Operation 273 [1/1] (0.39ns)   --->   "%select_ln172_24 = select i1 %icmp_ln172_24, i16 %sum_24, i16 %sext_ln172_49" [yolo_backbone_3.cpp:172]   --->   Operation 273 'select' 'select_ln172_24' <Predicate = true> <Delay = 0.39> <CoreInst = "Sel">   --->   Core 73 'Sel' <Latency = 0> <II = 1> <Delay = 0.39> <FuncUnit> <Opcode : 'select'> <InPorts = 3> <OutPorts = 1>
ST_2 : Operation 274 [1/1] (0.00ns)   --->   "%sext_ln172_50 = sext i16 %sum_25" [yolo_backbone_3.cpp:172]   --->   Operation 274 'sext' 'sext_ln172_50' <Predicate = (!icmp_ln172_25)> <Delay = 0.00>
ST_2 : Operation 275 [1/1] (3.72ns)   --->   "%mul_ln172_25 = mul i24 %sext_ln172_50, i24 102" [yolo_backbone_3.cpp:172]   --->   Operation 275 'mul' 'mul_ln172_25' <Predicate = (!icmp_ln172_25)> <Delay = 3.72> <CoreInst = "Multiplier">   --->   Core 3 'Multiplier' <Latency = 0> <II = 1> <Delay = 3.72> <FuncUnit> <Opcode : 'mul'> <InPorts = 2> <OutPorts = 1>
ST_2 : Operation 276 [1/1] (0.00ns)   --->   "%trunc_ln172_24 = partselect i14 @_ssdm_op_PartSelect.i14.i24.i32.i32, i24 %mul_ln172_25, i32 10, i32 23" [yolo_backbone_3.cpp:172]   --->   Operation 276 'partselect' 'trunc_ln172_24' <Predicate = (!icmp_ln172_25)> <Delay = 0.00>
ST_2 : Operation 277 [1/1] (0.00ns)   --->   "%sext_ln172_51 = sext i14 %trunc_ln172_24" [yolo_backbone_3.cpp:172]   --->   Operation 277 'sext' 'sext_ln172_51' <Predicate = (!icmp_ln172_25)> <Delay = 0.00>
ST_2 : Operation 278 [1/1] (0.39ns)   --->   "%select_ln172_25 = select i1 %icmp_ln172_25, i16 %sum_25, i16 %sext_ln172_51" [yolo_backbone_3.cpp:172]   --->   Operation 278 'select' 'select_ln172_25' <Predicate = true> <Delay = 0.39> <CoreInst = "Sel">   --->   Core 73 'Sel' <Latency = 0> <II = 1> <Delay = 0.39> <FuncUnit> <Opcode : 'select'> <InPorts = 3> <OutPorts = 1>
ST_2 : Operation 279 [1/1] (0.00ns)   --->   "%sext_ln172_52 = sext i16 %sum_26" [yolo_backbone_3.cpp:172]   --->   Operation 279 'sext' 'sext_ln172_52' <Predicate = (!icmp_ln172_26)> <Delay = 0.00>
ST_2 : Operation 280 [1/1] (3.72ns)   --->   "%mul_ln172_26 = mul i24 %sext_ln172_52, i24 102" [yolo_backbone_3.cpp:172]   --->   Operation 280 'mul' 'mul_ln172_26' <Predicate = (!icmp_ln172_26)> <Delay = 3.72> <CoreInst = "Multiplier">   --->   Core 3 'Multiplier' <Latency = 0> <II = 1> <Delay = 3.72> <FuncUnit> <Opcode : 'mul'> <InPorts = 2> <OutPorts = 1>
ST_2 : Operation 281 [1/1] (0.00ns)   --->   "%trunc_ln172_25 = partselect i14 @_ssdm_op_PartSelect.i14.i24.i32.i32, i24 %mul_ln172_26, i32 10, i32 23" [yolo_backbone_3.cpp:172]   --->   Operation 281 'partselect' 'trunc_ln172_25' <Predicate = (!icmp_ln172_26)> <Delay = 0.00>
ST_2 : Operation 282 [1/1] (0.00ns)   --->   "%sext_ln172_53 = sext i14 %trunc_ln172_25" [yolo_backbone_3.cpp:172]   --->   Operation 282 'sext' 'sext_ln172_53' <Predicate = (!icmp_ln172_26)> <Delay = 0.00>
ST_2 : Operation 283 [1/1] (0.39ns)   --->   "%select_ln172_26 = select i1 %icmp_ln172_26, i16 %sum_26, i16 %sext_ln172_53" [yolo_backbone_3.cpp:172]   --->   Operation 283 'select' 'select_ln172_26' <Predicate = true> <Delay = 0.39> <CoreInst = "Sel">   --->   Core 73 'Sel' <Latency = 0> <II = 1> <Delay = 0.39> <FuncUnit> <Opcode : 'select'> <InPorts = 3> <OutPorts = 1>
ST_2 : Operation 284 [1/1] (0.00ns)   --->   "%sext_ln172_54 = sext i16 %sum_27" [yolo_backbone_3.cpp:172]   --->   Operation 284 'sext' 'sext_ln172_54' <Predicate = (!icmp_ln172_27)> <Delay = 0.00>
ST_2 : Operation 285 [1/1] (3.72ns)   --->   "%mul_ln172_27 = mul i24 %sext_ln172_54, i24 102" [yolo_backbone_3.cpp:172]   --->   Operation 285 'mul' 'mul_ln172_27' <Predicate = (!icmp_ln172_27)> <Delay = 3.72> <CoreInst = "Multiplier">   --->   Core 3 'Multiplier' <Latency = 0> <II = 1> <Delay = 3.72> <FuncUnit> <Opcode : 'mul'> <InPorts = 2> <OutPorts = 1>
ST_2 : Operation 286 [1/1] (0.00ns)   --->   "%trunc_ln172_26 = partselect i14 @_ssdm_op_PartSelect.i14.i24.i32.i32, i24 %mul_ln172_27, i32 10, i32 23" [yolo_backbone_3.cpp:172]   --->   Operation 286 'partselect' 'trunc_ln172_26' <Predicate = (!icmp_ln172_27)> <Delay = 0.00>
ST_2 : Operation 287 [1/1] (0.00ns)   --->   "%sext_ln172_55 = sext i14 %trunc_ln172_26" [yolo_backbone_3.cpp:172]   --->   Operation 287 'sext' 'sext_ln172_55' <Predicate = (!icmp_ln172_27)> <Delay = 0.00>
ST_2 : Operation 288 [1/1] (0.39ns)   --->   "%select_ln172_27 = select i1 %icmp_ln172_27, i16 %sum_27, i16 %sext_ln172_55" [yolo_backbone_3.cpp:172]   --->   Operation 288 'select' 'select_ln172_27' <Predicate = true> <Delay = 0.39> <CoreInst = "Sel">   --->   Core 73 'Sel' <Latency = 0> <II = 1> <Delay = 0.39> <FuncUnit> <Opcode : 'select'> <InPorts = 3> <OutPorts = 1>
ST_2 : Operation 289 [1/1] (0.00ns)   --->   "%sext_ln172_56 = sext i16 %sum_28" [yolo_backbone_3.cpp:172]   --->   Operation 289 'sext' 'sext_ln172_56' <Predicate = (!icmp_ln172_28)> <Delay = 0.00>
ST_2 : Operation 290 [1/1] (3.72ns)   --->   "%mul_ln172_28 = mul i24 %sext_ln172_56, i24 102" [yolo_backbone_3.cpp:172]   --->   Operation 290 'mul' 'mul_ln172_28' <Predicate = (!icmp_ln172_28)> <Delay = 3.72> <CoreInst = "Multiplier">   --->   Core 3 'Multiplier' <Latency = 0> <II = 1> <Delay = 3.72> <FuncUnit> <Opcode : 'mul'> <InPorts = 2> <OutPorts = 1>
ST_2 : Operation 291 [1/1] (0.00ns)   --->   "%trunc_ln172_27 = partselect i14 @_ssdm_op_PartSelect.i14.i24.i32.i32, i24 %mul_ln172_28, i32 10, i32 23" [yolo_backbone_3.cpp:172]   --->   Operation 291 'partselect' 'trunc_ln172_27' <Predicate = (!icmp_ln172_28)> <Delay = 0.00>
ST_2 : Operation 292 [1/1] (0.00ns)   --->   "%sext_ln172_57 = sext i14 %trunc_ln172_27" [yolo_backbone_3.cpp:172]   --->   Operation 292 'sext' 'sext_ln172_57' <Predicate = (!icmp_ln172_28)> <Delay = 0.00>
ST_2 : Operation 293 [1/1] (0.39ns)   --->   "%select_ln172_28 = select i1 %icmp_ln172_28, i16 %sum_28, i16 %sext_ln172_57" [yolo_backbone_3.cpp:172]   --->   Operation 293 'select' 'select_ln172_28' <Predicate = true> <Delay = 0.39> <CoreInst = "Sel">   --->   Core 73 'Sel' <Latency = 0> <II = 1> <Delay = 0.39> <FuncUnit> <Opcode : 'select'> <InPorts = 3> <OutPorts = 1>
ST_2 : Operation 294 [1/1] (0.00ns)   --->   "%sext_ln172_58 = sext i16 %sum_29" [yolo_backbone_3.cpp:172]   --->   Operation 294 'sext' 'sext_ln172_58' <Predicate = (!icmp_ln172_29)> <Delay = 0.00>
ST_2 : Operation 295 [1/1] (3.72ns)   --->   "%mul_ln172_29 = mul i24 %sext_ln172_58, i24 102" [yolo_backbone_3.cpp:172]   --->   Operation 295 'mul' 'mul_ln172_29' <Predicate = (!icmp_ln172_29)> <Delay = 3.72> <CoreInst = "Multiplier">   --->   Core 3 'Multiplier' <Latency = 0> <II = 1> <Delay = 3.72> <FuncUnit> <Opcode : 'mul'> <InPorts = 2> <OutPorts = 1>
ST_2 : Operation 296 [1/1] (0.00ns)   --->   "%trunc_ln172_28 = partselect i14 @_ssdm_op_PartSelect.i14.i24.i32.i32, i24 %mul_ln172_29, i32 10, i32 23" [yolo_backbone_3.cpp:172]   --->   Operation 296 'partselect' 'trunc_ln172_28' <Predicate = (!icmp_ln172_29)> <Delay = 0.00>
ST_2 : Operation 297 [1/1] (0.00ns)   --->   "%sext_ln172_59 = sext i14 %trunc_ln172_28" [yolo_backbone_3.cpp:172]   --->   Operation 297 'sext' 'sext_ln172_59' <Predicate = (!icmp_ln172_29)> <Delay = 0.00>
ST_2 : Operation 298 [1/1] (0.39ns)   --->   "%select_ln172_29 = select i1 %icmp_ln172_29, i16 %sum_29, i16 %sext_ln172_59" [yolo_backbone_3.cpp:172]   --->   Operation 298 'select' 'select_ln172_29' <Predicate = true> <Delay = 0.39> <CoreInst = "Sel">   --->   Core 73 'Sel' <Latency = 0> <II = 1> <Delay = 0.39> <FuncUnit> <Opcode : 'select'> <InPorts = 3> <OutPorts = 1>
ST_2 : Operation 299 [1/1] (0.00ns)   --->   "%sext_ln172_60 = sext i16 %sum_30" [yolo_backbone_3.cpp:172]   --->   Operation 299 'sext' 'sext_ln172_60' <Predicate = (!icmp_ln172_30)> <Delay = 0.00>
ST_2 : Operation 300 [1/1] (3.72ns)   --->   "%mul_ln172_30 = mul i24 %sext_ln172_60, i24 102" [yolo_backbone_3.cpp:172]   --->   Operation 300 'mul' 'mul_ln172_30' <Predicate = (!icmp_ln172_30)> <Delay = 3.72> <CoreInst = "Multiplier">   --->   Core 3 'Multiplier' <Latency = 0> <II = 1> <Delay = 3.72> <FuncUnit> <Opcode : 'mul'> <InPorts = 2> <OutPorts = 1>
ST_2 : Operation 301 [1/1] (0.00ns)   --->   "%trunc_ln172_29 = partselect i14 @_ssdm_op_PartSelect.i14.i24.i32.i32, i24 %mul_ln172_30, i32 10, i32 23" [yolo_backbone_3.cpp:172]   --->   Operation 301 'partselect' 'trunc_ln172_29' <Predicate = (!icmp_ln172_30)> <Delay = 0.00>
ST_2 : Operation 302 [1/1] (0.00ns)   --->   "%sext_ln172_61 = sext i14 %trunc_ln172_29" [yolo_backbone_3.cpp:172]   --->   Operation 302 'sext' 'sext_ln172_61' <Predicate = (!icmp_ln172_30)> <Delay = 0.00>
ST_2 : Operation 303 [1/1] (0.39ns)   --->   "%select_ln172_30 = select i1 %icmp_ln172_30, i16 %sum_30, i16 %sext_ln172_61" [yolo_backbone_3.cpp:172]   --->   Operation 303 'select' 'select_ln172_30' <Predicate = true> <Delay = 0.39> <CoreInst = "Sel">   --->   Core 73 'Sel' <Latency = 0> <II = 1> <Delay = 0.39> <FuncUnit> <Opcode : 'select'> <InPorts = 3> <OutPorts = 1>
ST_2 : Operation 304 [1/1] (0.00ns)   --->   "%sext_ln172_62 = sext i16 %sum_31" [yolo_backbone_3.cpp:172]   --->   Operation 304 'sext' 'sext_ln172_62' <Predicate = (!icmp_ln172_31)> <Delay = 0.00>
ST_2 : Operation 305 [1/1] (3.72ns)   --->   "%mul_ln172_31 = mul i24 %sext_ln172_62, i24 102" [yolo_backbone_3.cpp:172]   --->   Operation 305 'mul' 'mul_ln172_31' <Predicate = (!icmp_ln172_31)> <Delay = 3.72> <CoreInst = "Multiplier">   --->   Core 3 'Multiplier' <Latency = 0> <II = 1> <Delay = 3.72> <FuncUnit> <Opcode : 'mul'> <InPorts = 2> <OutPorts = 1>
ST_2 : Operation 306 [1/1] (0.00ns)   --->   "%trunc_ln172_30 = partselect i14 @_ssdm_op_PartSelect.i14.i24.i32.i32, i24 %mul_ln172_31, i32 10, i32 23" [yolo_backbone_3.cpp:172]   --->   Operation 306 'partselect' 'trunc_ln172_30' <Predicate = (!icmp_ln172_31)> <Delay = 0.00>
ST_2 : Operation 307 [1/1] (0.00ns)   --->   "%sext_ln172_63 = sext i14 %trunc_ln172_30" [yolo_backbone_3.cpp:172]   --->   Operation 307 'sext' 'sext_ln172_63' <Predicate = (!icmp_ln172_31)> <Delay = 0.00>
ST_2 : Operation 308 [1/1] (0.39ns)   --->   "%select_ln172_31 = select i1 %icmp_ln172_31, i16 %sum_31, i16 %sext_ln172_63" [yolo_backbone_3.cpp:172]   --->   Operation 308 'select' 'select_ln172_31' <Predicate = true> <Delay = 0.39> <CoreInst = "Sel">   --->   Core 73 'Sel' <Latency = 0> <II = 1> <Delay = 0.39> <FuncUnit> <Opcode : 'select'> <InPorts = 3> <OutPorts = 1>
ST_2 : Operation 309 [1/1] (0.00ns)   --->   "%or_ln174_s = bitconcatenate i512 @_ssdm_op_BitConcatenate.i512.i16.i16.i16.i16.i16.i16.i16.i16.i16.i16.i16.i16.i16.i16.i16.i16.i16.i16.i16.i16.i16.i16.i16.i16.i16.i16.i16.i16.i16.i16.i16.i16, i16 %select_ln172_31, i16 %select_ln172_30, i16 %select_ln172_29, i16 %select_ln172_28, i16 %select_ln172_27, i16 %select_ln172_26, i16 %select_ln172_25, i16 %select_ln172_24, i16 %select_ln172_23, i16 %select_ln172_22, i16 %select_ln172_21, i16 %select_ln172_20, i16 %select_ln172_19, i16 %select_ln172_18, i16 %select_ln172_17, i16 %select_ln172_16, i16 %select_ln172_15, i16 %select_ln172_14, i16 %select_ln172_13, i16 %select_ln172_12, i16 %select_ln172_11, i16 %select_ln172_10, i16 %select_ln172_9, i16 %select_ln172_8, i16 %select_ln172_7, i16 %select_ln172_6, i16 %select_ln172_5, i16 %select_ln172_4, i16 %select_ln172_3, i16 %select_ln172_2, i16 %select_ln172_1, i16 %select_ln172" [yolo_backbone_3.cpp:174]   --->   Operation 309 'bitconcatenate' 'or_ln174_s' <Predicate = true> <Delay = 0.00>
ST_2 : Operation 310 [1/1] ( I:2.46ns O:2.46ns )   --->   "%write_ln174 = write void @_ssdm_op_Write.ap_fifo.volatile.i512P0A, i512 %s_add_out, i512 %or_ln174_s" [yolo_backbone_3.cpp:174]   --->   Operation 310 'write' 'write_ln174' <Predicate = true> <Delay = 2.46> <CoreInst = "FIFO_SRL">   --->   Core 80 'FIFO_SRL' <Latency = 0> <II = 1> <Delay = 2.46> <Storage> <Opcode : 'read' 'write' 'nbread' 'nbwrite'> <Ports = 0> <Width = 512> <Depth = 2> <FIFO>
ST_2 : Operation 311 [1/1] (0.83ns)   --->   "%ret_ln176 = ret" [yolo_backbone_3.cpp:176]   --->   Operation 311 'ret' 'ret_ln176' <Predicate = (icmp_ln163)> <Delay = 0.83>


============================================================
+ Verbose Summary: Timing violations
============================================================
Target clock period: 10.000ns, clock uncertainty: 2.700ns.

 <State 1>: 5.340ns
The critical path consists of the following:
	fifo read operation ('s_res_sync_read', yolo_backbone_3.cpp:166) on port 's_res_sync' (yolo_backbone_3.cpp:166) [48]  (2.648 ns)
	'add' operation 16 bit ('sum', yolo_backbone_3.cpp:171) [81]  (1.346 ns)
	'icmp' operation 1 bit ('icmp_ln172', yolo_backbone_3.cpp:172) [82]  (1.346 ns)

 <State 2>: 6.578ns
The critical path consists of the following:
	'mul' operation 24 bit ('mul_ln172', yolo_backbone_3.cpp:172) [84]  (3.720 ns)
	'select' operation 16 bit ('select_ln172', yolo_backbone_3.cpp:172) [87]  (0.390 ns)
	fifo write operation ('write_ln174', yolo_backbone_3.cpp:174) on port 's_add_out' (yolo_backbone_3.cpp:174) [306]  (2.468 ns)


============================================================
+ Verbose Summary: Binding
============================================================
N/A
* FSMD analyzer results:
  - Output states:
 - Input state : 
  - Chain level:
	State 1
	State 2


============================================================
+ Verbose Summary: Datapath Resource usage 
============================================================
N/A
