

================================================================
== Vitis HLS Report for 'split_and_crop'
================================================================
* Date:           Wed Jun 17 16:34:22 2026

* Version:        2025.2 (Build 6295257 on Nov 14 2025)
* Project:        yolo_backbone_3
* Solution:       hls (Vivado IP Flow Target)
* Product family: kintex7
* Target device:  xc7k325t-ffg900-2


================================================================
== Performance Estimates
================================================================
+ Timing: 
    * Summary: 
    +--------+----------+----------+------------+
    |  Clock |  Target  | Estimated| Uncertainty|
    +--------+----------+----------+------------+
    |ap_clk  |  10.00 ns|  5.116 ns|     2.70 ns|
    +--------+----------+----------+------------+

+ Latency: 
    * Summary: 
    +---------+---------+----------+----------+-----+-----+------------------------------------------------+
    |  Latency (cycles) |  Latency (absolute) |  Interval |                    Pipeline                    |
    |   min   |   max   |    min   |    max   | min | max |                      Type                      |
    +---------+---------+----------+----------+-----+-----+------------------------------------------------+
    |      198|      198|  1.980 us|  1.980 us|  196|  196|  loop auto-rewind stp (delay=0 clock cycles(s))|
    +---------+---------+----------+----------+-----+-----+------------------------------------------------+

    + Detail: 
        * Instance: 
        N/A

        * Loop: 
        +-----------------------------------+---------+---------+----------+-----------+-----------+------+----------+
        |                                   |  Latency (cycles) | Iteration|  Initiation Interval  | Trip |          |
        |             Loop Name             |   min   |   max   |  Latency |  achieved |   target  | Count| Pipelined|
        +-----------------------------------+---------+---------+----------+-----------+-----------+------+----------+
        |- VITIS_LOOP_78_1_VITIS_LOOP_79_2  |      196|      196|         2|          1|          1|   196|       yes|
        +-----------------------------------+---------+---------+----------+-----------+-----------+------+----------+

============================================================
+ Verbose Summary: Synthesis Manager
============================================================
InlineROM: 1
ExposeGlobal: 0
============================================================
+ Verbose Summary: CDFG Model
============================================================
IsTopModel: 0
ResetActiveHigh: 1
IsCombinational: 2
IsDatapathOnly: 0
HasWiredReturn: 1
HasMFsm: 2
HasVarLatency: 1
IsPipeline: 0
IsRtlPipelined: 0
IsInstanceOverlapped: 0
IsDontTouch: 0
HasImplIP: 0
IsGatedGlobalClock: 0

+ Individual pipeline summary: 
  * Pipeline-0: initiation interval (II) = 1, depth = 2


============================================================
+ Verbose Summary: Schedule
============================================================
* Number of FSM states : 2
* Pipeline : 1
  Pipeline-0 : II = 1, D = 2, States = { 1 2 }
* Dataflow Pipeline: 0

* FSM state transitions: 
1 --> 2 
2 --> 

* FSM state operations: 

State 1 <SV = 0> <Delay = 3.38>
ST_1 : Operation 5 [1/1] (0.00ns)   --->   "%indvar_flatten2 = alloca i32 1"   --->   Operation 5 'alloca' 'indvar_flatten2' <Predicate = true> <Delay = 0.00>
ST_1 : Operation 6 [1/1] (0.00ns)   --->   "%r = alloca i32 1" [yolo_backbone_3.cpp:78]   --->   Operation 6 'alloca' 'r' <Predicate = true> <Delay = 0.00>
ST_1 : Operation 7 [1/1] (0.00ns)   --->   "%c = alloca i32 1" [yolo_backbone_3.cpp:79]   --->   Operation 7 'alloca' 'c' <Predicate = true> <Delay = 0.00>
ST_1 : Operation 8 [1/1] (0.00ns)   --->   "%r_2 = alloca i32 1" [yolo_backbone_3.cpp:78]   --->   Operation 8 'alloca' 'r_2' <Predicate = true> <Delay = 0.00>
ST_1 : Operation 9 [1/1] (0.00ns)   --->   "%specinterface_ln0 = specinterface void @_ssdm_op_SpecInterface, i512 %s_res_sync, void @empty_2, i32 0, i32 0, void @empty_22, i32 0, i32 0, void @empty_22, void @empty_22, void @empty_22, i32 0, i32 0, i32 0, i32 0, void @empty_22, void @empty_22, i32 4294967295, i32 0, i32 0, i32 0"   --->   Operation 9 'specinterface' 'specinterface_ln0' <Predicate = true> <Delay = 0.00>
ST_1 : Operation 10 [1/1] (0.00ns)   --->   "%specinterface_ln0 = specinterface void @_ssdm_op_SpecInterface, i512 %s_conv2_in, void @empty_2, i32 0, i32 0, void @empty_22, i32 0, i32 0, void @empty_22, void @empty_22, void @empty_22, i32 0, i32 0, i32 0, i32 0, void @empty_22, void @empty_22, i32 4294967295, i32 0, i32 0, i32 0"   --->   Operation 10 'specinterface' 'specinterface_ln0' <Predicate = true> <Delay = 0.00>
ST_1 : Operation 11 [1/1] (0.00ns)   --->   "%specinterface_ln0 = specinterface void @_ssdm_op_SpecInterface, i512 %s_l1_out, void @empty_2, i32 0, i32 0, void @empty_22, i32 0, i32 0, void @empty_22, void @empty_22, void @empty_22, i32 0, i32 0, i32 0, i32 0, void @empty_22, void @empty_22, i32 4294967295, i32 0, i32 0, i32 0"   --->   Operation 11 'specinterface' 'specinterface_ln0' <Predicate = true> <Delay = 0.00>
ST_1 : Operation 12 [1/1] (0.83ns)   --->   "%store_ln78 = store i4 1, i4 %r_2" [yolo_backbone_3.cpp:78]   --->   Operation 12 'store' 'store_ln78' <Predicate = true> <Delay = 0.83>
ST_1 : Operation 13 [1/1] (0.83ns)   --->   "%store_ln79 = store i4 0, i4 %c" [yolo_backbone_3.cpp:79]   --->   Operation 13 'store' 'store_ln79' <Predicate = true> <Delay = 0.83>
ST_1 : Operation 14 [1/1] (0.83ns)   --->   "%store_ln78 = store i4 0, i4 %r" [yolo_backbone_3.cpp:78]   --->   Operation 14 'store' 'store_ln78' <Predicate = true> <Delay = 0.83>
ST_1 : Operation 15 [1/1] (0.83ns)   --->   "%store_ln0 = store i8 0, i8 %indvar_flatten2"   --->   Operation 15 'store' 'store_ln0' <Predicate = true> <Delay = 0.83>
ST_1 : Operation 16 [1/1] (0.83ns)   --->   "%br_ln0 = br void %for.inc11"   --->   Operation 16 'br' 'br_ln0' <Predicate = true> <Delay = 0.83>
ST_1 : Operation 17 [1/1] (0.00ns)   --->   "%icmp_ln795 = phi i1 0, void %entry, i1 %icmp_ln79, void %for.inc" [yolo_backbone_3.cpp:79]   --->   Operation 17 'phi' 'icmp_ln795' <Predicate = true> <Delay = 0.00>
ST_1 : Operation 18 [1/1] (0.00ns)   --->   "%indvar_flatten2_load = load i8 %indvar_flatten2" [yolo_backbone_3.cpp:78]   --->   Operation 18 'load' 'indvar_flatten2_load' <Predicate = true> <Delay = 0.00>
ST_1 : Operation 19 [1/1] (0.00ns)   --->   "%r_4 = load i4 %r" [yolo_backbone_3.cpp:78]   --->   Operation 19 'load' 'r_4' <Predicate = true> <Delay = 0.00>
ST_1 : Operation 20 [1/1] (0.00ns)   --->   "%c_2 = load i4 %c" [yolo_backbone_3.cpp:79]   --->   Operation 20 'load' 'c_2' <Predicate = true> <Delay = 0.00>
ST_1 : Operation 21 [1/1] (0.00ns)   --->   "%r_5 = load i4 %r_2" [yolo_backbone_3.cpp:78]   --->   Operation 21 'load' 'r_5' <Predicate = true> <Delay = 0.00>
ST_1 : Operation 22 [1/1] (0.51ns)   --->   "%r_6 = select i1 %icmp_ln795, i4 %r_5, i4 %r_4" [yolo_backbone_3.cpp:78]   --->   Operation 22 'select' 'r_6' <Predicate = true> <Delay = 0.51> <CoreInst = "Sel">   --->   Core 73 'Sel' <Latency = 0> <II = 1> <Delay = 0.51> <FuncUnit> <Opcode : 'select'> <InPorts = 3> <OutPorts = 1>
ST_1 : Operation 23 [1/1] (1.01ns)   --->   "%icmp_ln84 = icmp_eq  i4 %r_6, i4 0" [yolo_backbone_3.cpp:84]   --->   Operation 23 'icmp' 'icmp_ln84' <Predicate = true> <Delay = 1.01> <CoreInst = "Cmp">   --->   Core 9 'Cmp' <Latency = 0> <II = 1> <Delay = 1.01> <FuncUnit> <Opcode : 'seteq' 'setne' 'setle' 'setge' 'setlt' 'setgt'> <InPorts = 2> <OutPorts = 1>
ST_1 : Operation 24 [1/1] (1.01ns)   --->   "%icmp_ln84_1 = icmp_ult  i4 %r_6, i4 13" [yolo_backbone_3.cpp:84]   --->   Operation 24 'icmp' 'icmp_ln84_1' <Predicate = true> <Delay = 1.01> <CoreInst = "Cmp">   --->   Core 9 'Cmp' <Latency = 0> <II = 1> <Delay = 1.01> <FuncUnit> <Opcode : 'seteq' 'setne' 'setle' 'setge' 'setlt' 'setgt'> <InPorts = 2> <OutPorts = 1>
ST_1 : Operation 25 [1/1] (0.47ns)   --->   "%xor_ln84 = xor i1 %icmp_ln84, i1 %icmp_ln84_1" [yolo_backbone_3.cpp:84]   --->   Operation 25 'xor' 'xor_ln84' <Predicate = true> <Delay = 0.47> <CoreInst = "LogicGate">   --->   Core 74 'LogicGate' <Latency = 0> <II = 1> <Delay = 0.47> <FuncUnit> <Opcode : 'and' 'or' 'xor'> <InPorts = 2> <OutPorts = 1>
ST_1 : Operation 26 [1/1] (1.35ns)   --->   "%add_ln78 = add i8 %indvar_flatten2_load, i8 1" [yolo_backbone_3.cpp:78]   --->   Operation 26 'add' 'add_ln78' <Predicate = true> <Delay = 1.35> <CoreInst = "Adder">   --->   Core 1 'Adder' <Latency = 0> <II = 1> <Delay = 1.35> <FuncUnit> <Opcode : 'add' 'sub'> <InPorts = 2> <OutPorts = 1>
ST_1 : Operation 27 [1/1] (0.00ns)   --->   "%br_ln84 = br i1 %xor_ln84, void %for.inc, void %switch.early.test" [yolo_backbone_3.cpp:84]   --->   Operation 27 'br' 'br_ln84' <Predicate = true> <Delay = 0.00>
ST_1 : Operation 28 [1/1] (0.51ns)   --->   "%select_ln78_1 = select i1 %icmp_ln795, i4 0, i4 %c_2" [yolo_backbone_3.cpp:78]   --->   Operation 28 'select' 'select_ln78_1' <Predicate = (xor_ln84)> <Delay = 0.51> <CoreInst = "Sel">   --->   Core 73 'Sel' <Latency = 0> <II = 1> <Delay = 0.51> <FuncUnit> <Opcode : 'select'> <InPorts = 3> <OutPorts = 1>
ST_1 : Operation 29 [1/1] (1.01ns)   --->   "%empty = icmp_eq  i4 %select_ln78_1, i4 13" [yolo_backbone_3.cpp:78]   --->   Operation 29 'icmp' 'empty' <Predicate = (xor_ln84)> <Delay = 1.01> <CoreInst = "Cmp">   --->   Core 9 'Cmp' <Latency = 0> <II = 1> <Delay = 1.01> <FuncUnit> <Opcode : 'seteq' 'setne' 'setle' 'setge' 'setlt' 'setgt'> <InPorts = 2> <OutPorts = 1>
ST_1 : Operation 30 [1/1] (1.01ns)   --->   "%empty_71 = icmp_eq  i4 %select_ln78_1, i4 0" [yolo_backbone_3.cpp:78]   --->   Operation 30 'icmp' 'empty_71' <Predicate = (xor_ln84)> <Delay = 1.01> <CoreInst = "Cmp">   --->   Core 9 'Cmp' <Latency = 0> <II = 1> <Delay = 1.01> <FuncUnit> <Opcode : 'seteq' 'setne' 'setle' 'setge' 'setlt' 'setgt'> <InPorts = 2> <OutPorts = 1>
ST_1 : Operation 31 [1/1] (0.47ns)   --->   "%empty_72 = or i1 %empty_71, i1 %empty" [yolo_backbone_3.cpp:78]   --->   Operation 31 'or' 'empty_72' <Predicate = (xor_ln84)> <Delay = 0.47> <CoreInst = "LogicGate">   --->   Core 74 'LogicGate' <Latency = 0> <II = 1> <Delay = 0.47> <FuncUnit> <Opcode : 'and' 'or' 'xor'> <InPorts = 2> <OutPorts = 1>
ST_1 : Operation 32 [1/1] (0.00ns)   --->   "%br_ln78 = br i1 %empty_72, void %if.then, void %for.inc" [yolo_backbone_3.cpp:78]   --->   Operation 32 'br' 'br_ln78' <Predicate = (xor_ln84)> <Delay = 0.00>
ST_1 : Operation 33 [1/1] (1.01ns)   --->   "%add_ln79 = add i4 %c_2, i4 1" [yolo_backbone_3.cpp:79]   --->   Operation 33 'add' 'add_ln79' <Predicate = true> <Delay = 1.01> <CoreInst = "Adder">   --->   Core 1 'Adder' <Latency = 0> <II = 1> <Delay = 1.01> <FuncUnit> <Opcode : 'add' 'sub'> <InPorts = 2> <OutPorts = 1>
ST_1 : Operation 34 [1/1] (0.51ns)   --->   "%c_3 = select i1 %icmp_ln795, i4 1, i4 %add_ln79" [yolo_backbone_3.cpp:79]   --->   Operation 34 'select' 'c_3' <Predicate = true> <Delay = 0.51> <CoreInst = "Sel">   --->   Core 73 'Sel' <Latency = 0> <II = 1> <Delay = 0.51> <FuncUnit> <Opcode : 'select'> <InPorts = 3> <OutPorts = 1>
ST_1 : Operation 35 [1/1] (1.01ns)   --->   "%icmp_ln79 = icmp_eq  i4 %c_3, i4 14" [yolo_backbone_3.cpp:79]   --->   Operation 35 'icmp' 'icmp_ln79' <Predicate = true> <Delay = 1.01> <CoreInst = "Cmp">   --->   Core 9 'Cmp' <Latency = 0> <II = 1> <Delay = 1.01> <FuncUnit> <Opcode : 'seteq' 'setne' 'setle' 'setge' 'setlt' 'setgt'> <InPorts = 2> <OutPorts = 1>
ST_1 : Operation 36 [1/1] (1.01ns)   --->   "%r_7 = add i4 %r_6, i4 1" [yolo_backbone_3.cpp:78]   --->   Operation 36 'add' 'r_7' <Predicate = true> <Delay = 1.01> <CoreInst = "Adder">   --->   Core 1 'Adder' <Latency = 0> <II = 1> <Delay = 1.01> <FuncUnit> <Opcode : 'add' 'sub'> <InPorts = 2> <OutPorts = 1>
ST_1 : Operation 37 [1/1] (1.35ns)   --->   "%icmp_ln78 = icmp_eq  i8 %indvar_flatten2_load, i8 195" [yolo_backbone_3.cpp:78]   --->   Operation 37 'icmp' 'icmp_ln78' <Predicate = true> <Delay = 1.35> <CoreInst = "Cmp">   --->   Core 9 'Cmp' <Latency = 0> <II = 1> <Delay = 1.35> <FuncUnit> <Opcode : 'seteq' 'setne' 'setle' 'setge' 'setlt' 'setgt'> <InPorts = 2> <OutPorts = 1>
ST_1 : Operation 38 [1/1] (0.83ns)   --->   "%store_ln78 = store i4 %r_7, i4 %r_2" [yolo_backbone_3.cpp:78]   --->   Operation 38 'store' 'store_ln78' <Predicate = true> <Delay = 0.83>
ST_1 : Operation 39 [1/1] (0.83ns)   --->   "%store_ln79 = store i4 %c_3, i4 %c" [yolo_backbone_3.cpp:79]   --->   Operation 39 'store' 'store_ln79' <Predicate = true> <Delay = 0.83>
ST_1 : Operation 40 [1/1] (0.83ns)   --->   "%store_ln78 = store i4 %r_6, i4 %r" [yolo_backbone_3.cpp:78]   --->   Operation 40 'store' 'store_ln78' <Predicate = true> <Delay = 0.83>
ST_1 : Operation 41 [1/1] (0.83ns)   --->   "%store_ln78 = store i8 %add_ln78, i8 %indvar_flatten2" [yolo_backbone_3.cpp:78]   --->   Operation 41 'store' 'store_ln78' <Predicate = true> <Delay = 0.83>
ST_1 : Operation 42 [1/1] (0.00ns)   --->   "%br_ln78 = br i1 %icmp_ln78, void %for.inc11, void %for.end13" [yolo_backbone_3.cpp:78]   --->   Operation 42 'br' 'br_ln78' <Predicate = true> <Delay = 0.00>

State 2 <SV = 1> <Delay = 5.11>
ST_2 : Operation 43 [1/1] (0.00ns)   --->   "%specloopname_ln0 = specloopname void @_ssdm_op_SpecLoopName, void @VITIS_LOOP_78_1_VITIS_LOOP_79_2_str"   --->   Operation 43 'specloopname' 'specloopname_ln0' <Predicate = true> <Delay = 0.00>
ST_2 : Operation 44 [1/1] (0.00ns)   --->   "%speclooptripcount_ln0 = speclooptripcount void @_ssdm_op_SpecLoopTripCount, i64 196, i64 196, i64 196"   --->   Operation 44 'speclooptripcount' 'speclooptripcount_ln0' <Predicate = true> <Delay = 0.00>
ST_2 : Operation 45 [1/1] (0.00ns)   --->   "%specpipeline_ln80 = specpipeline void @_ssdm_op_SpecPipeline, i32 1, i32 0, i32 0, i32 0, i32 4294967295, void @empty_22" [yolo_backbone_3.cpp:80]   --->   Operation 45 'specpipeline' 'specpipeline_ln80' <Predicate = true> <Delay = 0.00>
ST_2 : Operation 46 [1/1] ( I:2.46ns O:2.46ns )   --->   "%s_l1_out_read = read i512 @_ssdm_op_Read.ap_fifo.volatile.i512P0A, i512 %s_l1_out" [yolo_backbone_3.cpp:81]   --->   Operation 46 'read' 's_l1_out_read' <Predicate = true> <Delay = 2.46> <CoreInst = "FIFO_SRL">   --->   Core 80 'FIFO_SRL' <Latency = 0> <II = 1> <Delay = 2.46> <Storage> <Opcode : 'read' 'write' 'nbread' 'nbwrite'> <Ports = 0> <Width = 512> <Depth = 2> <FIFO>
ST_2 : Operation 47 [1/1] ( I:2.46ns O:2.46ns )   --->   "%write_ln82 = write void @_ssdm_op_Write.ap_fifo.volatile.i512P0A, i512 %s_conv2_in, i512 %s_l1_out_read" [yolo_backbone_3.cpp:82]   --->   Operation 47 'write' 'write_ln82' <Predicate = true> <Delay = 2.46> <CoreInst = "FIFO_SRL">   --->   Core 80 'FIFO_SRL' <Latency = 0> <II = 1> <Delay = 2.46> <Storage> <Opcode : 'read' 'write' 'nbread' 'nbwrite'> <Ports = 0> <Width = 512> <Depth = 2> <FIFO>
ST_2 : Operation 48 [1/1] ( I:2.64ns O:2.64ns )   --->   "%write_ln85 = write void @_ssdm_op_Write.ap_fifo.volatile.i512P0A, i512 %s_res_sync, i512 %s_l1_out_read" [yolo_backbone_3.cpp:85]   --->   Operation 48 'write' 'write_ln85' <Predicate = (xor_ln84 & !empty_72)> <Delay = 2.64> <CoreInst = "FIFO">   --->   Core 77 'FIFO' <Latency = 0> <II = 1> <Delay = 2.64> <Storage> <Opcode : 'read' 'write' 'nbread' 'nbwrite'> <Ports = 0> <Width = 512> <Depth = 196> <FIFO>
ST_2 : Operation 49 [1/1] (0.00ns)   --->   "%br_ln86 = br void %for.inc" [yolo_backbone_3.cpp:86]   --->   Operation 49 'br' 'br_ln86' <Predicate = (xor_ln84 & !empty_72)> <Delay = 0.00>
ST_2 : Operation 50 [1/1] (0.83ns)   --->   "%ret_ln89 = ret" [yolo_backbone_3.cpp:89]   --->   Operation 50 'ret' 'ret_ln89' <Predicate = (icmp_ln78)> <Delay = 0.83>


============================================================
+ Verbose Summary: Timing violations
============================================================
Target clock period: 10.000ns, clock uncertainty: 2.700ns.

 <State 1>: 3.388ns
The critical path consists of the following:
	'store' operation ('store_ln79', yolo_backbone_3.cpp:79) of constant 0 4 bit on local variable 'c', yolo_backbone_3.cpp:79 [12]  (0.833 ns)
	'load' operation 4 bit ('c', yolo_backbone_3.cpp:79) on local variable 'c', yolo_backbone_3.cpp:79 [20]  (0.000 ns)
	'add' operation 4 bit ('add_ln79', yolo_backbone_3.cpp:79) [43]  (1.019 ns)
	'select' operation 4 bit ('c', yolo_backbone_3.cpp:79) [44]  (0.517 ns)
	'icmp' operation 1 bit ('icmp_ln79', yolo_backbone_3.cpp:79) [45]  (1.019 ns)

 <State 2>: 5.116ns
The critical path consists of the following:
	fifo read operation ('s_l1_out_read', yolo_backbone_3.cpp:81) on port 's_l1_out' (yolo_backbone_3.cpp:81) [29]  (2.468 ns)
	fifo write operation ('write_ln85', yolo_backbone_3.cpp:85) on port 's_res_sync' (yolo_backbone_3.cpp:85) [40]  (2.648 ns)


============================================================
+ Verbose Summary: Binding
============================================================
N/A
* FSMD analyzer results:
  - Output states:
 - Input state : 
  - Chain level:
	State 1
	State 2


============================================================
+ Verbose Summary: Datapath Resource usage 
============================================================
N/A
