

================================================================
== Vitis HLS Report for 'store_image'
================================================================
* Date:           Wed Jun 17 16:34:56 2026

* Version:        2025.2 (Build 6295257 on Nov 14 2025)
* Project:        yolo_backbone_3
* Solution:       hls (Vivado IP Flow Target)
* Product family: kintex7
* Target device:  xc7k325t-ffg900-2


================================================================
== Performance Estimates
================================================================
+ Timing: 
    * Summary: 
    +--------+----------+----------+------------+
    |  Clock |  Target  | Estimated| Uncertainty|
    +--------+----------+----------+------------+
    |ap_clk  |  10.00 ns|  7.300 ns|     2.70 ns|
    +--------+----------+----------+------------+

+ Latency: 
    * Summary: 
    +---------+---------+-----------+-----------+------+------+------------------------------------------------+
    |  Latency (cycles) |   Latency (absolute)  |   Interval  |                    Pipeline                    |
    |   min   |   max   |    min    |    max    |  min |  max |                      Type                      |
    +---------+---------+-----------+-----------+------+------+------------------------------------------------+
    |     1161|     1161|  11.610 us|  11.610 us|  1152|  1152|  loop auto-rewind stp (delay=0 clock cycles(s))|
    +---------+---------+-----------+-----------+------+------+------------------------------------------------+

    + Detail: 
        * Instance: 
        N/A

        * Loop: 
        +--------------------+---------+---------+----------+-----------+-----------+------+----------+
        |                    |  Latency (cycles) | Iteration|  Initiation Interval  | Trip |          |
        |      Loop Name     |   min   |   max   |  Latency |  achieved |   target  | Count| Pipelined|
        +--------------------+---------+---------+----------+-----------+-----------+------+----------+
        |- VITIS_LOOP_237_1  |     1159|     1159|        40|         32|          1|    36|       yes|
        +--------------------+---------+---------+----------+-----------+-----------+------+----------+

============================================================
+ Verbose Summary: Synthesis Manager
============================================================
InlineROM: 1
ExposeGlobal: 0
============================================================
+ Verbose Summary: CDFG Model
============================================================
IsTopModel: 0
ResetActiveHigh: 1
IsCombinational: 2
IsDatapathOnly: 0
HasWiredReturn: 1
HasMFsm: 2
HasVarLatency: 1
IsPipeline: 0
IsRtlPipelined: 0
IsInstanceOverlapped: 0
IsDontTouch: 0
HasImplIP: 0
IsGatedGlobalClock: 0

+ Individual pipeline summary: 
  * Pipeline-0: initiation interval (II) = 32, depth = 40


============================================================
+ Verbose Summary: Schedule
============================================================
* Number of FSM states : 40
* Pipeline : 1
  Pipeline-0 : II = 32, D = 40, States = { 1 2 3 4 5 6 7 8 9 10 11 12 13 14 15 16 17 18 19 20 21 22 23 24 25 26 27 28 29 30 31 32 33 34 35 36 37 38 39 40 }
* Dataflow Pipeline: 0

* FSM state transitions: 
1 --> 2 
2 --> 3 
3 --> 4 
4 --> 5 
5 --> 6 
6 --> 7 
7 --> 8 
8 --> 9 
9 --> 10 
10 --> 11 
11 --> 12 
12 --> 13 
13 --> 14 
14 --> 15 
15 --> 16 
16 --> 17 
17 --> 18 
18 --> 19 
19 --> 20 
20 --> 21 
21 --> 22 
22 --> 23 
23 --> 24 
24 --> 25 
25 --> 26 
26 --> 27 
27 --> 28 
28 --> 29 
29 --> 30 
30 --> 31 
31 --> 32 
32 --> 33 
33 --> 34 
34 --> 35 
35 --> 36 
36 --> 37 
37 --> 38 
38 --> 39 
39 --> 40 
40 --> 

* FSM state operations: 

State 1 <SV = 0> <Delay = 2.85>
ST_1 : Operation 43 [1/1] (0.00ns)   --->   "%i = alloca i32 1" [yolo_backbone_3.cpp:237]   --->   Operation 43 'alloca' 'i' <Predicate = true> <Delay = 0.00>
ST_1 : Operation 44 [1/1] (0.00ns)   --->   "%sext_ln2372 = alloca i32 1"   --->   Operation 44 'alloca' 'sext_ln2372' <Predicate = true> <Delay = 0.00>
ST_1 : Operation 45 [1/1] (0.00ns)   --->   "%specinterface_ln0 = specinterface void @_ssdm_op_SpecInterface, i64 %image_out, void @ap_fifo_str, i32 0, i32 0, void @p_str, i32 0, i32 0, void @p_str, void @p_str, void @p_str, i32 2, i32 2, i32 16, i32 16, void @p_str, void @ScalarProp_str, i32 4294967295, i32 0, i32 0, i32 0"   --->   Operation 45 'specinterface' 'specinterface_ln0' <Predicate = true> <Delay = 0.00>
ST_1 : Operation 46 [1/1] (0.00ns)   --->   "%specinterface_ln0 = specinterface void @_ssdm_op_SpecInterface, i512 %s_pool_out, void @empty_2, i32 0, i32 0, void @empty_22, i32 0, i32 0, void @empty_22, void @empty_22, void @empty_22, i32 0, i32 0, i32 0, i32 0, void @empty_22, void @empty_22, i32 4294967295, i32 0, i32 0, i32 0"   --->   Operation 46 'specinterface' 'specinterface_ln0' <Predicate = true> <Delay = 0.00>
ST_1 : Operation 47 [1/1] (0.00ns)   --->   "%specinterface_ln0 = specinterface void @_ssdm_op_SpecInterface, i16 %gmem3, void @empty_9, i32 0, i32 0, void @empty_22, i32 0, i32 0, void @empty_13, void @empty_33, void @empty_22, i32 16, i32 16, i32 16, i32 16, void @empty_22, void @empty_22, i32 4294967295, i32 0, i32 0, i32 2"   --->   Operation 47 'specinterface' 'specinterface_ln0' <Predicate = true> <Delay = 0.00>
ST_1 : Operation 48 [1/1] (0.83ns)   --->   "%store_ln237 = store i6 0, i6 %i" [yolo_backbone_3.cpp:237]   --->   Operation 48 'store' 'store_ln237' <Predicate = true> <Delay = 0.83>
ST_1 : Operation 49 [1/1] (0.83ns)   --->   "%br_ln237 = br void %new.header" [yolo_backbone_3.cpp:237]   --->   Operation 49 'br' 'br_ln237' <Predicate = true> <Delay = 0.83>
ST_1 : Operation 50 [1/1] (0.00ns)   --->   "%first_iter_0 = phi i1 1, void %entry, i1 0, void %new.latch.VITIS_LOOP_240_2.split.split"   --->   Operation 50 'phi' 'first_iter_0' <Predicate = true> <Delay = 0.00>
ST_1 : Operation 51 [1/1] (0.00ns)   --->   "%br_ln0 = br i1 %first_iter_0, void %VITIS_LOOP_240_2.split, void %for.first.iter.VITIS_LOOP_240_2.split"   --->   Operation 51 'br' 'br_ln0' <Predicate = true> <Delay = 0.00>
ST_1 : Operation 52 [1/1] (0.00ns)   --->   "%i_load = load i6 %i" [yolo_backbone_3.cpp:237]   --->   Operation 52 'load' 'i_load' <Predicate = true> <Delay = 0.00>
ST_1 : Operation 53 [1/1] (1.18ns)   --->   "%i_2 = add i6 %i_load, i6 1" [yolo_backbone_3.cpp:237]   --->   Operation 53 'add' 'i_2' <Predicate = true> <Delay = 1.18> <CoreInst = "Adder">   --->   Core 1 'Adder' <Latency = 0> <II = 1> <Delay = 1.18> <FuncUnit> <Opcode : 'add' 'sub'> <InPorts = 2> <OutPorts = 1>
ST_1 : Operation 54 [1/1] (1.18ns)   --->   "%icmp_ln237 = icmp_eq  i6 %i_load, i6 35" [yolo_backbone_3.cpp:237]   --->   Operation 54 'icmp' 'icmp_ln237' <Predicate = true> <Delay = 1.18> <CoreInst = "Cmp">   --->   Core 9 'Cmp' <Latency = 0> <II = 1> <Delay = 1.18> <FuncUnit> <Opcode : 'seteq' 'setne' 'setle' 'setge' 'setlt' 'setgt'> <InPorts = 2> <OutPorts = 1>
ST_1 : Operation 55 [1/1] (0.00ns)   --->   "%br_ln237 = br i1 %icmp_ln237, void %new.latch.VITIS_LOOP_240_2.split.split, void %last.iter.VITIS_LOOP_240_2.split.split" [yolo_backbone_3.cpp:237]   --->   Operation 55 'br' 'br_ln237' <Predicate = true> <Delay = 0.00>
ST_1 : Operation 56 [1/1] (0.83ns)   --->   "%store_ln237 = store i6 %i_2, i6 %i" [yolo_backbone_3.cpp:237]   --->   Operation 56 'store' 'store_ln237' <Predicate = true> <Delay = 0.83>
ST_1 : Operation 57 [1/1] (0.00ns)   --->   "%br_ln237 = br i1 %icmp_ln237, void %new.header, void %for.end9" [yolo_backbone_3.cpp:237]   --->   Operation 57 'br' 'br_ln237' <Predicate = true> <Delay = 0.00>

State 2 <SV = 1> <Delay = 2.20>
ST_2 : Operation 58 [1/1] ( I:2.20ns O:2.20ns )   --->   "%image_out_1 = read i64 @_ssdm_op_Read.ap_fifo.i64P0A, i64 %image_out"   --->   Operation 58 'read' 'image_out_1' <Predicate = (first_iter_0)> <Delay = 2.20> <CoreInst = "FIFO_SRL">   --->   Core 80 'FIFO_SRL' <Latency = 0> <II = 1> <Delay = 2.20> <Storage> <Opcode : 'read' 'write' 'nbread' 'nbwrite'> <Ports = 0> <Width = 64> <Depth = 8> <FIFO>
ST_2 : Operation 59 [1/1] (0.00ns)   --->   "%trunc_ln = partselect i63 @_ssdm_op_PartSelect.i63.i64.i32.i32, i64 %image_out_1, i32 1, i32 63" [yolo_backbone_3.cpp:237]   --->   Operation 59 'partselect' 'trunc_ln' <Predicate = (first_iter_0)> <Delay = 0.00>
ST_2 : Operation 60 [1/1] (0.00ns)   --->   "%sext_ln237 = sext i63 %trunc_ln" [yolo_backbone_3.cpp:237]   --->   Operation 60 'sext' 'sext_ln237' <Predicate = (first_iter_0)> <Delay = 0.00>
ST_2 : Operation 61 [1/1] (0.00ns)   --->   "%gmem3_addr = getelementptr i16 %gmem3, i64 %sext_ln237" [yolo_backbone_3.cpp:237]   --->   Operation 61 'getelementptr' 'gmem3_addr' <Predicate = (first_iter_0)> <Delay = 0.00>
ST_2 : Operation 62 [1/1] (0.00ns)   --->   "%store_ln237 = store i64 %sext_ln237, i64 %sext_ln2372" [yolo_backbone_3.cpp:237]   --->   Operation 62 'store' 'store_ln237' <Predicate = (first_iter_0)> <Delay = 0.00>

State 3 <SV = 2> <Delay = 7.30>
ST_3 : Operation 63 [1/1] ( I:7.30ns O:7.30ns )   --->   "%empty = writereq i1 @_ssdm_op_WriteReq.m_axi.p1i16, i16 %gmem3_addr, i64 1152" [yolo_backbone_3.cpp:237]   --->   Operation 63 'writereq' 'empty' <Predicate = (first_iter_0)> <Delay = 7.30> <CoreInst = "m_axi">   --->   Core 111 'm_axi' <Latency = 9> <II = 1> <Delay = 1.00> <Adapter> <Opcode : 'readrequnaligned' 'writerequnaligned' 'read' 'write' 'readreq' 'writereq' 'writeresp'>
ST_3 : Operation 64 [1/1] (0.00ns)   --->   "%br_ln0 = br void %VITIS_LOOP_240_2.split"   --->   Operation 64 'br' 'br_ln0' <Predicate = (first_iter_0)> <Delay = 0.00>
ST_3 : Operation 65 [1/1] ( I:2.46ns O:2.46ns )   --->   "%s_pool_out_read = read i512 @_ssdm_op_Read.ap_fifo.volatile.i512P0A, i512 %s_pool_out" [yolo_backbone_3.cpp:239]   --->   Operation 65 'read' 's_pool_out_read' <Predicate = true> <Delay = 2.46> <CoreInst = "FIFO_SRL">   --->   Core 80 'FIFO_SRL' <Latency = 0> <II = 1> <Delay = 2.46> <Storage> <Opcode : 'read' 'write' 'nbread' 'nbwrite'> <Ports = 0> <Width = 512> <Depth = 2> <FIFO>
ST_3 : Operation 66 [1/1] (0.00ns)   --->   "%trunc_ln239 = trunc i512 %s_pool_out_read" [yolo_backbone_3.cpp:239]   --->   Operation 66 'trunc' 'trunc_ln239' <Predicate = true> <Delay = 0.00>
ST_3 : Operation 67 [1/1] (0.00ns)   --->   "%trunc_ln239_1 = partselect i16 @_ssdm_op_PartSelect.i16.i512.i32.i32, i512 %s_pool_out_read, i32 16, i32 31" [yolo_backbone_3.cpp:239]   --->   Operation 67 'partselect' 'trunc_ln239_1' <Predicate = true> <Delay = 0.00>
ST_3 : Operation 68 [1/1] (0.00ns)   --->   "%trunc_ln239_2 = partselect i16 @_ssdm_op_PartSelect.i16.i512.i32.i32, i512 %s_pool_out_read, i32 32, i32 47" [yolo_backbone_3.cpp:239]   --->   Operation 68 'partselect' 'trunc_ln239_2' <Predicate = true> <Delay = 0.00>
ST_3 : Operation 69 [1/1] (0.00ns)   --->   "%trunc_ln239_3 = partselect i16 @_ssdm_op_PartSelect.i16.i512.i32.i32, i512 %s_pool_out_read, i32 48, i32 63" [yolo_backbone_3.cpp:239]   --->   Operation 69 'partselect' 'trunc_ln239_3' <Predicate = true> <Delay = 0.00>
ST_3 : Operation 70 [1/1] (0.00ns)   --->   "%trunc_ln239_4 = partselect i16 @_ssdm_op_PartSelect.i16.i512.i32.i32, i512 %s_pool_out_read, i32 64, i32 79" [yolo_backbone_3.cpp:239]   --->   Operation 70 'partselect' 'trunc_ln239_4' <Predicate = true> <Delay = 0.00>
ST_3 : Operation 71 [1/1] (0.00ns)   --->   "%trunc_ln239_5 = partselect i16 @_ssdm_op_PartSelect.i16.i512.i32.i32, i512 %s_pool_out_read, i32 80, i32 95" [yolo_backbone_3.cpp:239]   --->   Operation 71 'partselect' 'trunc_ln239_5' <Predicate = true> <Delay = 0.00>
ST_3 : Operation 72 [1/1] (0.00ns)   --->   "%trunc_ln239_6 = partselect i16 @_ssdm_op_PartSelect.i16.i512.i32.i32, i512 %s_pool_out_read, i32 96, i32 111" [yolo_backbone_3.cpp:239]   --->   Operation 72 'partselect' 'trunc_ln239_6' <Predicate = true> <Delay = 0.00>
ST_3 : Operation 73 [1/1] (0.00ns)   --->   "%trunc_ln239_7 = partselect i16 @_ssdm_op_PartSelect.i16.i512.i32.i32, i512 %s_pool_out_read, i32 112, i32 127" [yolo_backbone_3.cpp:239]   --->   Operation 73 'partselect' 'trunc_ln239_7' <Predicate = true> <Delay = 0.00>
ST_3 : Operation 74 [1/1] (0.00ns)   --->   "%trunc_ln239_8 = partselect i16 @_ssdm_op_PartSelect.i16.i512.i32.i32, i512 %s_pool_out_read, i32 128, i32 143" [yolo_backbone_3.cpp:239]   --->   Operation 74 'partselect' 'trunc_ln239_8' <Predicate = true> <Delay = 0.00>
ST_3 : Operation 75 [1/1] (0.00ns)   --->   "%trunc_ln239_9 = partselect i16 @_ssdm_op_PartSelect.i16.i512.i32.i32, i512 %s_pool_out_read, i32 144, i32 159" [yolo_backbone_3.cpp:239]   --->   Operation 75 'partselect' 'trunc_ln239_9' <Predicate = true> <Delay = 0.00>
ST_3 : Operation 76 [1/1] (0.00ns)   --->   "%trunc_ln239_s = partselect i16 @_ssdm_op_PartSelect.i16.i512.i32.i32, i512 %s_pool_out_read, i32 160, i32 175" [yolo_backbone_3.cpp:239]   --->   Operation 76 'partselect' 'trunc_ln239_s' <Predicate = true> <Delay = 0.00>
ST_3 : Operation 77 [1/1] (0.00ns)   --->   "%trunc_ln239_10 = partselect i16 @_ssdm_op_PartSelect.i16.i512.i32.i32, i512 %s_pool_out_read, i32 176, i32 191" [yolo_backbone_3.cpp:239]   --->   Operation 77 'partselect' 'trunc_ln239_10' <Predicate = true> <Delay = 0.00>
ST_3 : Operation 78 [1/1] (0.00ns)   --->   "%trunc_ln239_11 = partselect i16 @_ssdm_op_PartSelect.i16.i512.i32.i32, i512 %s_pool_out_read, i32 192, i32 207" [yolo_backbone_3.cpp:239]   --->   Operation 78 'partselect' 'trunc_ln239_11' <Predicate = true> <Delay = 0.00>
ST_3 : Operation 79 [1/1] (0.00ns)   --->   "%trunc_ln239_12 = partselect i16 @_ssdm_op_PartSelect.i16.i512.i32.i32, i512 %s_pool_out_read, i32 208, i32 223" [yolo_backbone_3.cpp:239]   --->   Operation 79 'partselect' 'trunc_ln239_12' <Predicate = true> <Delay = 0.00>
ST_3 : Operation 80 [1/1] (0.00ns)   --->   "%trunc_ln239_13 = partselect i16 @_ssdm_op_PartSelect.i16.i512.i32.i32, i512 %s_pool_out_read, i32 224, i32 239" [yolo_backbone_3.cpp:239]   --->   Operation 80 'partselect' 'trunc_ln239_13' <Predicate = true> <Delay = 0.00>
ST_3 : Operation 81 [1/1] (0.00ns)   --->   "%trunc_ln239_14 = partselect i16 @_ssdm_op_PartSelect.i16.i512.i32.i32, i512 %s_pool_out_read, i32 240, i32 255" [yolo_backbone_3.cpp:239]   --->   Operation 81 'partselect' 'trunc_ln239_14' <Predicate = true> <Delay = 0.00>
ST_3 : Operation 82 [1/1] (0.00ns)   --->   "%trunc_ln239_15 = partselect i16 @_ssdm_op_PartSelect.i16.i512.i32.i32, i512 %s_pool_out_read, i32 256, i32 271" [yolo_backbone_3.cpp:239]   --->   Operation 82 'partselect' 'trunc_ln239_15' <Predicate = true> <Delay = 0.00>
ST_3 : Operation 83 [1/1] (0.00ns)   --->   "%trunc_ln239_16 = partselect i16 @_ssdm_op_PartSelect.i16.i512.i32.i32, i512 %s_pool_out_read, i32 272, i32 287" [yolo_backbone_3.cpp:239]   --->   Operation 83 'partselect' 'trunc_ln239_16' <Predicate = true> <Delay = 0.00>
ST_3 : Operation 84 [1/1] (0.00ns)   --->   "%trunc_ln239_17 = partselect i16 @_ssdm_op_PartSelect.i16.i512.i32.i32, i512 %s_pool_out_read, i32 288, i32 303" [yolo_backbone_3.cpp:239]   --->   Operation 84 'partselect' 'trunc_ln239_17' <Predicate = true> <Delay = 0.00>
ST_3 : Operation 85 [1/1] (0.00ns)   --->   "%trunc_ln239_18 = partselect i16 @_ssdm_op_PartSelect.i16.i512.i32.i32, i512 %s_pool_out_read, i32 304, i32 319" [yolo_backbone_3.cpp:239]   --->   Operation 85 'partselect' 'trunc_ln239_18' <Predicate = true> <Delay = 0.00>
ST_3 : Operation 86 [1/1] (0.00ns)   --->   "%trunc_ln239_19 = partselect i16 @_ssdm_op_PartSelect.i16.i512.i32.i32, i512 %s_pool_out_read, i32 320, i32 335" [yolo_backbone_3.cpp:239]   --->   Operation 86 'partselect' 'trunc_ln239_19' <Predicate = true> <Delay = 0.00>
ST_3 : Operation 87 [1/1] (0.00ns)   --->   "%trunc_ln239_20 = partselect i16 @_ssdm_op_PartSelect.i16.i512.i32.i32, i512 %s_pool_out_read, i32 336, i32 351" [yolo_backbone_3.cpp:239]   --->   Operation 87 'partselect' 'trunc_ln239_20' <Predicate = true> <Delay = 0.00>
ST_3 : Operation 88 [1/1] (0.00ns)   --->   "%trunc_ln239_21 = partselect i16 @_ssdm_op_PartSelect.i16.i512.i32.i32, i512 %s_pool_out_read, i32 352, i32 367" [yolo_backbone_3.cpp:239]   --->   Operation 88 'partselect' 'trunc_ln239_21' <Predicate = true> <Delay = 0.00>
ST_3 : Operation 89 [1/1] (0.00ns)   --->   "%trunc_ln239_22 = partselect i16 @_ssdm_op_PartSelect.i16.i512.i32.i32, i512 %s_pool_out_read, i32 368, i32 383" [yolo_backbone_3.cpp:239]   --->   Operation 89 'partselect' 'trunc_ln239_22' <Predicate = true> <Delay = 0.00>
ST_3 : Operation 90 [1/1] (0.00ns)   --->   "%trunc_ln239_23 = partselect i16 @_ssdm_op_PartSelect.i16.i512.i32.i32, i512 %s_pool_out_read, i32 384, i32 399" [yolo_backbone_3.cpp:239]   --->   Operation 90 'partselect' 'trunc_ln239_23' <Predicate = true> <Delay = 0.00>
ST_3 : Operation 91 [1/1] (0.00ns)   --->   "%trunc_ln239_24 = partselect i16 @_ssdm_op_PartSelect.i16.i512.i32.i32, i512 %s_pool_out_read, i32 400, i32 415" [yolo_backbone_3.cpp:239]   --->   Operation 91 'partselect' 'trunc_ln239_24' <Predicate = true> <Delay = 0.00>
ST_3 : Operation 92 [1/1] (0.00ns)   --->   "%trunc_ln239_25 = partselect i16 @_ssdm_op_PartSelect.i16.i512.i32.i32, i512 %s_pool_out_read, i32 416, i32 431" [yolo_backbone_3.cpp:239]   --->   Operation 92 'partselect' 'trunc_ln239_25' <Predicate = true> <Delay = 0.00>
ST_3 : Operation 93 [1/1] (0.00ns)   --->   "%trunc_ln239_26 = partselect i16 @_ssdm_op_PartSelect.i16.i512.i32.i32, i512 %s_pool_out_read, i32 432, i32 447" [yolo_backbone_3.cpp:239]   --->   Operation 93 'partselect' 'trunc_ln239_26' <Predicate = true> <Delay = 0.00>
ST_3 : Operation 94 [1/1] (0.00ns)   --->   "%trunc_ln239_27 = partselect i16 @_ssdm_op_PartSelect.i16.i512.i32.i32, i512 %s_pool_out_read, i32 448, i32 463" [yolo_backbone_3.cpp:239]   --->   Operation 94 'partselect' 'trunc_ln239_27' <Predicate = true> <Delay = 0.00>
ST_3 : Operation 95 [1/1] (0.00ns)   --->   "%trunc_ln239_28 = partselect i16 @_ssdm_op_PartSelect.i16.i512.i32.i32, i512 %s_pool_out_read, i32 464, i32 479" [yolo_backbone_3.cpp:239]   --->   Operation 95 'partselect' 'trunc_ln239_28' <Predicate = true> <Delay = 0.00>
ST_3 : Operation 96 [1/1] (0.00ns)   --->   "%trunc_ln239_29 = partselect i16 @_ssdm_op_PartSelect.i16.i512.i32.i32, i512 %s_pool_out_read, i32 480, i32 495" [yolo_backbone_3.cpp:239]   --->   Operation 96 'partselect' 'trunc_ln239_29' <Predicate = true> <Delay = 0.00>
ST_3 : Operation 97 [1/1] (0.00ns)   --->   "%trunc_ln239_30 = partselect i16 @_ssdm_op_PartSelect.i16.i512.i32.i32, i512 %s_pool_out_read, i32 496, i32 511" [yolo_backbone_3.cpp:239]   --->   Operation 97 'partselect' 'trunc_ln239_30' <Predicate = true> <Delay = 0.00>

State 4 <SV = 3> <Delay = 7.30>
ST_4 : Operation 98 [1/1] (0.00ns)   --->   "%sext_ln2372_load = load i64 %sext_ln2372" [yolo_backbone_3.cpp:237]   --->   Operation 98 'load' 'sext_ln2372_load' <Predicate = true> <Delay = 0.00>
ST_4 : Operation 99 [1/1] (0.00ns)   --->   "%gmem3_addr_1 = getelementptr i16 %gmem3, i64 %sext_ln2372_load" [yolo_backbone_3.cpp:237]   --->   Operation 99 'getelementptr' 'gmem3_addr_1' <Predicate = true> <Delay = 0.00>
ST_4 : Operation 100 [1/1] ( I:7.30ns O:7.30ns )   --->   "%write_ln237 = write void @_ssdm_op_Write.m_axi.p1i16.i16, i16 %gmem3_addr_1, i16 %trunc_ln239, i2 3" [yolo_backbone_3.cpp:237]   --->   Operation 100 'write' 'write_ln237' <Predicate = true> <Delay = 7.30> <CoreInst = "m_axi">   --->   Core 111 'm_axi' <Latency = 5> <II = 1> <Delay = 1.00> <Adapter> <Opcode : 'readrequnaligned' 'writerequnaligned' 'read' 'write' 'readreq' 'writereq' 'writeresp'>

State 5 <SV = 4> <Delay = 7.30>
ST_5 : Operation 101 [1/1] ( I:7.30ns O:7.30ns )   --->   "%write_ln237 = write void @_ssdm_op_Write.m_axi.p1i16.i16, i16 %gmem3_addr_1, i16 %trunc_ln239_1, i2 3" [yolo_backbone_3.cpp:237]   --->   Operation 101 'write' 'write_ln237' <Predicate = true> <Delay = 7.30> <CoreInst = "m_axi">   --->   Core 111 'm_axi' <Latency = 5> <II = 1> <Delay = 1.00> <Adapter> <Opcode : 'readrequnaligned' 'writerequnaligned' 'read' 'write' 'readreq' 'writereq' 'writeresp'>

State 6 <SV = 5> <Delay = 7.30>
ST_6 : Operation 102 [1/1] ( I:7.30ns O:7.30ns )   --->   "%write_ln237 = write void @_ssdm_op_Write.m_axi.p1i16.i16, i16 %gmem3_addr_1, i16 %trunc_ln239_2, i2 3" [yolo_backbone_3.cpp:237]   --->   Operation 102 'write' 'write_ln237' <Predicate = true> <Delay = 7.30> <CoreInst = "m_axi">   --->   Core 111 'm_axi' <Latency = 5> <II = 1> <Delay = 1.00> <Adapter> <Opcode : 'readrequnaligned' 'writerequnaligned' 'read' 'write' 'readreq' 'writereq' 'writeresp'>

State 7 <SV = 6> <Delay = 7.30>
ST_7 : Operation 103 [1/1] ( I:7.30ns O:7.30ns )   --->   "%write_ln237 = write void @_ssdm_op_Write.m_axi.p1i16.i16, i16 %gmem3_addr_1, i16 %trunc_ln239_3, i2 3" [yolo_backbone_3.cpp:237]   --->   Operation 103 'write' 'write_ln237' <Predicate = true> <Delay = 7.30> <CoreInst = "m_axi">   --->   Core 111 'm_axi' <Latency = 5> <II = 1> <Delay = 1.00> <Adapter> <Opcode : 'readrequnaligned' 'writerequnaligned' 'read' 'write' 'readreq' 'writereq' 'writeresp'>

State 8 <SV = 7> <Delay = 7.30>
ST_8 : Operation 104 [1/1] ( I:7.30ns O:7.30ns )   --->   "%write_ln237 = write void @_ssdm_op_Write.m_axi.p1i16.i16, i16 %gmem3_addr_1, i16 %trunc_ln239_4, i2 3" [yolo_backbone_3.cpp:237]   --->   Operation 104 'write' 'write_ln237' <Predicate = true> <Delay = 7.30> <CoreInst = "m_axi">   --->   Core 111 'm_axi' <Latency = 5> <II = 1> <Delay = 1.00> <Adapter> <Opcode : 'readrequnaligned' 'writerequnaligned' 'read' 'write' 'readreq' 'writereq' 'writeresp'>

State 9 <SV = 8> <Delay = 7.30>
ST_9 : Operation 105 [1/1] ( I:7.30ns O:7.30ns )   --->   "%write_ln237 = write void @_ssdm_op_Write.m_axi.p1i16.i16, i16 %gmem3_addr_1, i16 %trunc_ln239_5, i2 3" [yolo_backbone_3.cpp:237]   --->   Operation 105 'write' 'write_ln237' <Predicate = true> <Delay = 7.30> <CoreInst = "m_axi">   --->   Core 111 'm_axi' <Latency = 5> <II = 1> <Delay = 1.00> <Adapter> <Opcode : 'readrequnaligned' 'writerequnaligned' 'read' 'write' 'readreq' 'writereq' 'writeresp'>

State 10 <SV = 9> <Delay = 7.30>
ST_10 : Operation 106 [1/1] ( I:7.30ns O:7.30ns )   --->   "%write_ln237 = write void @_ssdm_op_Write.m_axi.p1i16.i16, i16 %gmem3_addr_1, i16 %trunc_ln239_6, i2 3" [yolo_backbone_3.cpp:237]   --->   Operation 106 'write' 'write_ln237' <Predicate = true> <Delay = 7.30> <CoreInst = "m_axi">   --->   Core 111 'm_axi' <Latency = 5> <II = 1> <Delay = 1.00> <Adapter> <Opcode : 'readrequnaligned' 'writerequnaligned' 'read' 'write' 'readreq' 'writereq' 'writeresp'>

State 11 <SV = 10> <Delay = 7.30>
ST_11 : Operation 107 [1/1] ( I:7.30ns O:7.30ns )   --->   "%write_ln237 = write void @_ssdm_op_Write.m_axi.p1i16.i16, i16 %gmem3_addr_1, i16 %trunc_ln239_7, i2 3" [yolo_backbone_3.cpp:237]   --->   Operation 107 'write' 'write_ln237' <Predicate = true> <Delay = 7.30> <CoreInst = "m_axi">   --->   Core 111 'm_axi' <Latency = 5> <II = 1> <Delay = 1.00> <Adapter> <Opcode : 'readrequnaligned' 'writerequnaligned' 'read' 'write' 'readreq' 'writereq' 'writeresp'>

State 12 <SV = 11> <Delay = 7.30>
ST_12 : Operation 108 [1/1] ( I:7.30ns O:7.30ns )   --->   "%write_ln237 = write void @_ssdm_op_Write.m_axi.p1i16.i16, i16 %gmem3_addr_1, i16 %trunc_ln239_8, i2 3" [yolo_backbone_3.cpp:237]   --->   Operation 108 'write' 'write_ln237' <Predicate = true> <Delay = 7.30> <CoreInst = "m_axi">   --->   Core 111 'm_axi' <Latency = 5> <II = 1> <Delay = 1.00> <Adapter> <Opcode : 'readrequnaligned' 'writerequnaligned' 'read' 'write' 'readreq' 'writereq' 'writeresp'>

State 13 <SV = 12> <Delay = 7.30>
ST_13 : Operation 109 [1/1] ( I:7.30ns O:7.30ns )   --->   "%write_ln237 = write void @_ssdm_op_Write.m_axi.p1i16.i16, i16 %gmem3_addr_1, i16 %trunc_ln239_9, i2 3" [yolo_backbone_3.cpp:237]   --->   Operation 109 'write' 'write_ln237' <Predicate = true> <Delay = 7.30> <CoreInst = "m_axi">   --->   Core 111 'm_axi' <Latency = 5> <II = 1> <Delay = 1.00> <Adapter> <Opcode : 'readrequnaligned' 'writerequnaligned' 'read' 'write' 'readreq' 'writereq' 'writeresp'>

State 14 <SV = 13> <Delay = 7.30>
ST_14 : Operation 110 [1/1] ( I:7.30ns O:7.30ns )   --->   "%write_ln237 = write void @_ssdm_op_Write.m_axi.p1i16.i16, i16 %gmem3_addr_1, i16 %trunc_ln239_s, i2 3" [yolo_backbone_3.cpp:237]   --->   Operation 110 'write' 'write_ln237' <Predicate = true> <Delay = 7.30> <CoreInst = "m_axi">   --->   Core 111 'm_axi' <Latency = 5> <II = 1> <Delay = 1.00> <Adapter> <Opcode : 'readrequnaligned' 'writerequnaligned' 'read' 'write' 'readreq' 'writereq' 'writeresp'>

State 15 <SV = 14> <Delay = 7.30>
ST_15 : Operation 111 [1/1] ( I:7.30ns O:7.30ns )   --->   "%write_ln237 = write void @_ssdm_op_Write.m_axi.p1i16.i16, i16 %gmem3_addr_1, i16 %trunc_ln239_10, i2 3" [yolo_backbone_3.cpp:237]   --->   Operation 111 'write' 'write_ln237' <Predicate = true> <Delay = 7.30> <CoreInst = "m_axi">   --->   Core 111 'm_axi' <Latency = 5> <II = 1> <Delay = 1.00> <Adapter> <Opcode : 'readrequnaligned' 'writerequnaligned' 'read' 'write' 'readreq' 'writereq' 'writeresp'>

State 16 <SV = 15> <Delay = 7.30>
ST_16 : Operation 112 [1/1] ( I:7.30ns O:7.30ns )   --->   "%write_ln237 = write void @_ssdm_op_Write.m_axi.p1i16.i16, i16 %gmem3_addr_1, i16 %trunc_ln239_11, i2 3" [yolo_backbone_3.cpp:237]   --->   Operation 112 'write' 'write_ln237' <Predicate = true> <Delay = 7.30> <CoreInst = "m_axi">   --->   Core 111 'm_axi' <Latency = 5> <II = 1> <Delay = 1.00> <Adapter> <Opcode : 'readrequnaligned' 'writerequnaligned' 'read' 'write' 'readreq' 'writereq' 'writeresp'>

State 17 <SV = 16> <Delay = 7.30>
ST_17 : Operation 113 [1/1] ( I:7.30ns O:7.30ns )   --->   "%write_ln237 = write void @_ssdm_op_Write.m_axi.p1i16.i16, i16 %gmem3_addr_1, i16 %trunc_ln239_12, i2 3" [yolo_backbone_3.cpp:237]   --->   Operation 113 'write' 'write_ln237' <Predicate = true> <Delay = 7.30> <CoreInst = "m_axi">   --->   Core 111 'm_axi' <Latency = 5> <II = 1> <Delay = 1.00> <Adapter> <Opcode : 'readrequnaligned' 'writerequnaligned' 'read' 'write' 'readreq' 'writereq' 'writeresp'>

State 18 <SV = 17> <Delay = 7.30>
ST_18 : Operation 114 [1/1] ( I:7.30ns O:7.30ns )   --->   "%write_ln237 = write void @_ssdm_op_Write.m_axi.p1i16.i16, i16 %gmem3_addr_1, i16 %trunc_ln239_13, i2 3" [yolo_backbone_3.cpp:237]   --->   Operation 114 'write' 'write_ln237' <Predicate = true> <Delay = 7.30> <CoreInst = "m_axi">   --->   Core 111 'm_axi' <Latency = 5> <II = 1> <Delay = 1.00> <Adapter> <Opcode : 'readrequnaligned' 'writerequnaligned' 'read' 'write' 'readreq' 'writereq' 'writeresp'>

State 19 <SV = 18> <Delay = 7.30>
ST_19 : Operation 115 [1/1] ( I:7.30ns O:7.30ns )   --->   "%write_ln237 = write void @_ssdm_op_Write.m_axi.p1i16.i16, i16 %gmem3_addr_1, i16 %trunc_ln239_14, i2 3" [yolo_backbone_3.cpp:237]   --->   Operation 115 'write' 'write_ln237' <Predicate = true> <Delay = 7.30> <CoreInst = "m_axi">   --->   Core 111 'm_axi' <Latency = 5> <II = 1> <Delay = 1.00> <Adapter> <Opcode : 'readrequnaligned' 'writerequnaligned' 'read' 'write' 'readreq' 'writereq' 'writeresp'>

State 20 <SV = 19> <Delay = 7.30>
ST_20 : Operation 116 [1/1] ( I:7.30ns O:7.30ns )   --->   "%write_ln237 = write void @_ssdm_op_Write.m_axi.p1i16.i16, i16 %gmem3_addr_1, i16 %trunc_ln239_15, i2 3" [yolo_backbone_3.cpp:237]   --->   Operation 116 'write' 'write_ln237' <Predicate = true> <Delay = 7.30> <CoreInst = "m_axi">   --->   Core 111 'm_axi' <Latency = 5> <II = 1> <Delay = 1.00> <Adapter> <Opcode : 'readrequnaligned' 'writerequnaligned' 'read' 'write' 'readreq' 'writereq' 'writeresp'>

State 21 <SV = 20> <Delay = 7.30>
ST_21 : Operation 117 [1/1] ( I:7.30ns O:7.30ns )   --->   "%write_ln237 = write void @_ssdm_op_Write.m_axi.p1i16.i16, i16 %gmem3_addr_1, i16 %trunc_ln239_16, i2 3" [yolo_backbone_3.cpp:237]   --->   Operation 117 'write' 'write_ln237' <Predicate = true> <Delay = 7.30> <CoreInst = "m_axi">   --->   Core 111 'm_axi' <Latency = 5> <II = 1> <Delay = 1.00> <Adapter> <Opcode : 'readrequnaligned' 'writerequnaligned' 'read' 'write' 'readreq' 'writereq' 'writeresp'>

State 22 <SV = 21> <Delay = 7.30>
ST_22 : Operation 118 [1/1] ( I:7.30ns O:7.30ns )   --->   "%write_ln237 = write void @_ssdm_op_Write.m_axi.p1i16.i16, i16 %gmem3_addr_1, i16 %trunc_ln239_17, i2 3" [yolo_backbone_3.cpp:237]   --->   Operation 118 'write' 'write_ln237' <Predicate = true> <Delay = 7.30> <CoreInst = "m_axi">   --->   Core 111 'm_axi' <Latency = 5> <II = 1> <Delay = 1.00> <Adapter> <Opcode : 'readrequnaligned' 'writerequnaligned' 'read' 'write' 'readreq' 'writereq' 'writeresp'>

State 23 <SV = 22> <Delay = 7.30>
ST_23 : Operation 119 [1/1] ( I:7.30ns O:7.30ns )   --->   "%write_ln237 = write void @_ssdm_op_Write.m_axi.p1i16.i16, i16 %gmem3_addr_1, i16 %trunc_ln239_18, i2 3" [yolo_backbone_3.cpp:237]   --->   Operation 119 'write' 'write_ln237' <Predicate = true> <Delay = 7.30> <CoreInst = "m_axi">   --->   Core 111 'm_axi' <Latency = 5> <II = 1> <Delay = 1.00> <Adapter> <Opcode : 'readrequnaligned' 'writerequnaligned' 'read' 'write' 'readreq' 'writereq' 'writeresp'>

State 24 <SV = 23> <Delay = 7.30>
ST_24 : Operation 120 [1/1] ( I:7.30ns O:7.30ns )   --->   "%write_ln237 = write void @_ssdm_op_Write.m_axi.p1i16.i16, i16 %gmem3_addr_1, i16 %trunc_ln239_19, i2 3" [yolo_backbone_3.cpp:237]   --->   Operation 120 'write' 'write_ln237' <Predicate = true> <Delay = 7.30> <CoreInst = "m_axi">   --->   Core 111 'm_axi' <Latency = 5> <II = 1> <Delay = 1.00> <Adapter> <Opcode : 'readrequnaligned' 'writerequnaligned' 'read' 'write' 'readreq' 'writereq' 'writeresp'>

State 25 <SV = 24> <Delay = 7.30>
ST_25 : Operation 121 [1/1] ( I:7.30ns O:7.30ns )   --->   "%write_ln237 = write void @_ssdm_op_Write.m_axi.p1i16.i16, i16 %gmem3_addr_1, i16 %trunc_ln239_20, i2 3" [yolo_backbone_3.cpp:237]   --->   Operation 121 'write' 'write_ln237' <Predicate = true> <Delay = 7.30> <CoreInst = "m_axi">   --->   Core 111 'm_axi' <Latency = 5> <II = 1> <Delay = 1.00> <Adapter> <Opcode : 'readrequnaligned' 'writerequnaligned' 'read' 'write' 'readreq' 'writereq' 'writeresp'>

State 26 <SV = 25> <Delay = 7.30>
ST_26 : Operation 122 [1/1] ( I:7.30ns O:7.30ns )   --->   "%write_ln237 = write void @_ssdm_op_Write.m_axi.p1i16.i16, i16 %gmem3_addr_1, i16 %trunc_ln239_21, i2 3" [yolo_backbone_3.cpp:237]   --->   Operation 122 'write' 'write_ln237' <Predicate = true> <Delay = 7.30> <CoreInst = "m_axi">   --->   Core 111 'm_axi' <Latency = 5> <II = 1> <Delay = 1.00> <Adapter> <Opcode : 'readrequnaligned' 'writerequnaligned' 'read' 'write' 'readreq' 'writereq' 'writeresp'>

State 27 <SV = 26> <Delay = 7.30>
ST_27 : Operation 123 [1/1] ( I:7.30ns O:7.30ns )   --->   "%write_ln237 = write void @_ssdm_op_Write.m_axi.p1i16.i16, i16 %gmem3_addr_1, i16 %trunc_ln239_22, i2 3" [yolo_backbone_3.cpp:237]   --->   Operation 123 'write' 'write_ln237' <Predicate = true> <Delay = 7.30> <CoreInst = "m_axi">   --->   Core 111 'm_axi' <Latency = 5> <II = 1> <Delay = 1.00> <Adapter> <Opcode : 'readrequnaligned' 'writerequnaligned' 'read' 'write' 'readreq' 'writereq' 'writeresp'>

State 28 <SV = 27> <Delay = 7.30>
ST_28 : Operation 124 [1/1] ( I:7.30ns O:7.30ns )   --->   "%write_ln237 = write void @_ssdm_op_Write.m_axi.p1i16.i16, i16 %gmem3_addr_1, i16 %trunc_ln239_23, i2 3" [yolo_backbone_3.cpp:237]   --->   Operation 124 'write' 'write_ln237' <Predicate = true> <Delay = 7.30> <CoreInst = "m_axi">   --->   Core 111 'm_axi' <Latency = 5> <II = 1> <Delay = 1.00> <Adapter> <Opcode : 'readrequnaligned' 'writerequnaligned' 'read' 'write' 'readreq' 'writereq' 'writeresp'>

State 29 <SV = 28> <Delay = 7.30>
ST_29 : Operation 125 [1/1] ( I:7.30ns O:7.30ns )   --->   "%write_ln237 = write void @_ssdm_op_Write.m_axi.p1i16.i16, i16 %gmem3_addr_1, i16 %trunc_ln239_24, i2 3" [yolo_backbone_3.cpp:237]   --->   Operation 125 'write' 'write_ln237' <Predicate = true> <Delay = 7.30> <CoreInst = "m_axi">   --->   Core 111 'm_axi' <Latency = 5> <II = 1> <Delay = 1.00> <Adapter> <Opcode : 'readrequnaligned' 'writerequnaligned' 'read' 'write' 'readreq' 'writereq' 'writeresp'>

State 30 <SV = 29> <Delay = 7.30>
ST_30 : Operation 126 [1/1] ( I:7.30ns O:7.30ns )   --->   "%write_ln237 = write void @_ssdm_op_Write.m_axi.p1i16.i16, i16 %gmem3_addr_1, i16 %trunc_ln239_25, i2 3" [yolo_backbone_3.cpp:237]   --->   Operation 126 'write' 'write_ln237' <Predicate = true> <Delay = 7.30> <CoreInst = "m_axi">   --->   Core 111 'm_axi' <Latency = 5> <II = 1> <Delay = 1.00> <Adapter> <Opcode : 'readrequnaligned' 'writerequnaligned' 'read' 'write' 'readreq' 'writereq' 'writeresp'>

State 31 <SV = 30> <Delay = 7.30>
ST_31 : Operation 127 [1/1] ( I:7.30ns O:7.30ns )   --->   "%write_ln237 = write void @_ssdm_op_Write.m_axi.p1i16.i16, i16 %gmem3_addr_1, i16 %trunc_ln239_26, i2 3" [yolo_backbone_3.cpp:237]   --->   Operation 127 'write' 'write_ln237' <Predicate = true> <Delay = 7.30> <CoreInst = "m_axi">   --->   Core 111 'm_axi' <Latency = 5> <II = 1> <Delay = 1.00> <Adapter> <Opcode : 'readrequnaligned' 'writerequnaligned' 'read' 'write' 'readreq' 'writereq' 'writeresp'>

State 32 <SV = 31> <Delay = 7.30>
ST_32 : Operation 128 [1/1] ( I:7.30ns O:7.30ns )   --->   "%write_ln237 = write void @_ssdm_op_Write.m_axi.p1i16.i16, i16 %gmem3_addr_1, i16 %trunc_ln239_27, i2 3" [yolo_backbone_3.cpp:237]   --->   Operation 128 'write' 'write_ln237' <Predicate = true> <Delay = 7.30> <CoreInst = "m_axi">   --->   Core 111 'm_axi' <Latency = 5> <II = 1> <Delay = 1.00> <Adapter> <Opcode : 'readrequnaligned' 'writerequnaligned' 'read' 'write' 'readreq' 'writereq' 'writeresp'>

State 33 <SV = 32> <Delay = 7.30>
ST_33 : Operation 129 [1/1] ( I:7.30ns O:7.30ns )   --->   "%write_ln237 = write void @_ssdm_op_Write.m_axi.p1i16.i16, i16 %gmem3_addr_1, i16 %trunc_ln239_28, i2 3" [yolo_backbone_3.cpp:237]   --->   Operation 129 'write' 'write_ln237' <Predicate = true> <Delay = 7.30> <CoreInst = "m_axi">   --->   Core 111 'm_axi' <Latency = 5> <II = 1> <Delay = 1.00> <Adapter> <Opcode : 'readrequnaligned' 'writerequnaligned' 'read' 'write' 'readreq' 'writereq' 'writeresp'>

State 34 <SV = 33> <Delay = 7.30>
ST_34 : Operation 130 [1/1] ( I:7.30ns O:7.30ns )   --->   "%write_ln237 = write void @_ssdm_op_Write.m_axi.p1i16.i16, i16 %gmem3_addr_1, i16 %trunc_ln239_29, i2 3" [yolo_backbone_3.cpp:237]   --->   Operation 130 'write' 'write_ln237' <Predicate = true> <Delay = 7.30> <CoreInst = "m_axi">   --->   Core 111 'm_axi' <Latency = 5> <II = 1> <Delay = 1.00> <Adapter> <Opcode : 'readrequnaligned' 'writerequnaligned' 'read' 'write' 'readreq' 'writereq' 'writeresp'>

State 35 <SV = 34> <Delay = 7.30>
ST_35 : Operation 131 [1/1] (0.00ns)   --->   "%specpipeline_ln238 = specpipeline void @_ssdm_op_SpecPipeline, i32 1, i32 0, i32 0, i32 0, i32 4294967295, void @empty_22" [yolo_backbone_3.cpp:238]   --->   Operation 131 'specpipeline' 'specpipeline_ln238' <Predicate = true> <Delay = 0.00>
ST_35 : Operation 132 [1/1] (0.00ns)   --->   "%speclooptripcount_ln237 = speclooptripcount void @_ssdm_op_SpecLoopTripCount, i64 36, i64 36, i64 36" [yolo_backbone_3.cpp:237]   --->   Operation 132 'speclooptripcount' 'speclooptripcount_ln237' <Predicate = true> <Delay = 0.00>
ST_35 : Operation 133 [1/1] (0.00ns)   --->   "%specloopname_ln237 = specloopname void @_ssdm_op_SpecLoopName, void @empty_26" [yolo_backbone_3.cpp:237]   --->   Operation 133 'specloopname' 'specloopname_ln237' <Predicate = true> <Delay = 0.00>
ST_35 : Operation 134 [1/1] ( I:7.30ns O:7.30ns )   --->   "%write_ln237 = write void @_ssdm_op_Write.m_axi.p1i16.i16, i16 %gmem3_addr_1, i16 %trunc_ln239_30, i2 3" [yolo_backbone_3.cpp:237]   --->   Operation 134 'write' 'write_ln237' <Predicate = true> <Delay = 7.30> <CoreInst = "m_axi">   --->   Core 111 'm_axi' <Latency = 5> <II = 1> <Delay = 1.00> <Adapter> <Opcode : 'readrequnaligned' 'writerequnaligned' 'read' 'write' 'readreq' 'writereq' 'writeresp'>

State 36 <SV = 35> <Delay = 0.00>
ST_36 : Operation 135 [5/5] (7.30ns)   --->   "%empty_70 = writeresp i1 @_ssdm_op_WriteResp.m_axi.p1i16, i16 %gmem3_addr_1" [yolo_backbone_3.cpp:242]   --->   Operation 135 'writeresp' 'empty_70' <Predicate = (icmp_ln237)> <Delay = 7.30> <CoreInst = "m_axi">   --->   Core 111 'm_axi' <Latency = 3> <II = 1> <Delay = 1.00> <Adapter> <Opcode : 'readrequnaligned' 'writerequnaligned' 'read' 'write' 'readreq' 'writereq' 'writeresp'>

State 37 <SV = 36> <Delay = 0.00>
ST_37 : Operation 136 [4/5] (7.30ns)   --->   "%empty_70 = writeresp i1 @_ssdm_op_WriteResp.m_axi.p1i16, i16 %gmem3_addr_1" [yolo_backbone_3.cpp:242]   --->   Operation 136 'writeresp' 'empty_70' <Predicate = (icmp_ln237)> <Delay = 7.30> <CoreInst = "m_axi">   --->   Core 111 'm_axi' <Latency = 3> <II = 1> <Delay = 1.00> <Adapter> <Opcode : 'readrequnaligned' 'writerequnaligned' 'read' 'write' 'readreq' 'writereq' 'writeresp'>

State 38 <SV = 37> <Delay = 0.00>
ST_38 : Operation 137 [3/5] (7.30ns)   --->   "%empty_70 = writeresp i1 @_ssdm_op_WriteResp.m_axi.p1i16, i16 %gmem3_addr_1" [yolo_backbone_3.cpp:242]   --->   Operation 137 'writeresp' 'empty_70' <Predicate = (icmp_ln237)> <Delay = 7.30> <CoreInst = "m_axi">   --->   Core 111 'm_axi' <Latency = 3> <II = 1> <Delay = 1.00> <Adapter> <Opcode : 'readrequnaligned' 'writerequnaligned' 'read' 'write' 'readreq' 'writereq' 'writeresp'>

State 39 <SV = 38> <Delay = 0.00>
ST_39 : Operation 138 [2/5] (7.30ns)   --->   "%empty_70 = writeresp i1 @_ssdm_op_WriteResp.m_axi.p1i16, i16 %gmem3_addr_1" [yolo_backbone_3.cpp:242]   --->   Operation 138 'writeresp' 'empty_70' <Predicate = (icmp_ln237)> <Delay = 7.30> <CoreInst = "m_axi">   --->   Core 111 'm_axi' <Latency = 3> <II = 1> <Delay = 1.00> <Adapter> <Opcode : 'readrequnaligned' 'writerequnaligned' 'read' 'write' 'readreq' 'writereq' 'writeresp'>

State 40 <SV = 39> <Delay = 7.30>
ST_40 : Operation 139 [1/5] ( I:7.30ns O:7.30ns )   --->   "%empty_70 = writeresp i1 @_ssdm_op_WriteResp.m_axi.p1i16, i16 %gmem3_addr_1" [yolo_backbone_3.cpp:242]   --->   Operation 139 'writeresp' 'empty_70' <Predicate = (icmp_ln237)> <Delay = 7.30> <CoreInst = "m_axi">   --->   Core 111 'm_axi' <Latency = 3> <II = 1> <Delay = 1.00> <Adapter> <Opcode : 'readrequnaligned' 'writerequnaligned' 'read' 'write' 'readreq' 'writereq' 'writeresp'>
ST_40 : Operation 140 [1/1] (0.00ns)   --->   "%br_ln237 = br void %new.latch.VITIS_LOOP_240_2.split.split" [yolo_backbone_3.cpp:237]   --->   Operation 140 'br' 'br_ln237' <Predicate = (icmp_ln237)> <Delay = 0.00>
ST_40 : Operation 141 [1/1] (0.83ns)   --->   "%ret_ln242 = ret" [yolo_backbone_3.cpp:242]   --->   Operation 141 'ret' 'ret_ln242' <Predicate = (icmp_ln237)> <Delay = 0.83>


============================================================
+ Verbose Summary: Timing violations
============================================================
Target clock period: 10.000ns, clock uncertainty: 2.700ns.

 <State 1>: 2.854ns
The critical path consists of the following:
	'store' operation ('store_ln237', yolo_backbone_3.cpp:237) of constant 0 6 bit on local variable 'i', yolo_backbone_3.cpp:237 [9]  (0.833 ns)
	'load' operation 6 bit ('i_load', yolo_backbone_3.cpp:237) on local variable 'i', yolo_backbone_3.cpp:237 [23]  (0.000 ns)
	'add' operation 6 bit ('i_2', yolo_backbone_3.cpp:237) [94]  (1.188 ns)
	'store' operation ('store_ln237', yolo_backbone_3.cpp:237) of variable 'i_2', yolo_backbone_3.cpp:237 6 bit on local variable 'i', yolo_backbone_3.cpp:237 [101]  (0.833 ns)

 <State 2>: 2.207ns
The critical path consists of the following:
	fifo read operation ('image_out') on port 'image_out' [15]  (2.207 ns)

 <State 3>: 7.300ns
The critical path consists of the following:
	bus request operation ('empty', yolo_backbone_3.cpp:237) on port 'gmem3' (yolo_backbone_3.cpp:237) [19]  (7.300 ns)

 <State 4>: 7.300ns
The critical path consists of the following:
	'load' operation 64 bit ('sext_ln2372_load', yolo_backbone_3.cpp:237) on local variable 'sext_ln2372' [24]  (0.000 ns)
	'getelementptr' operation 16 bit ('gmem3_addr_1', yolo_backbone_3.cpp:237) [61]  (0.000 ns)
	bus write operation ('write_ln237', yolo_backbone_3.cpp:237) on port 'gmem3' (yolo_backbone_3.cpp:237) [62]  (7.300 ns)

 <State 5>: 7.300ns
The critical path consists of the following:
	bus write operation ('write_ln237', yolo_backbone_3.cpp:237) on port 'gmem3' (yolo_backbone_3.cpp:237) [63]  (7.300 ns)

 <State 6>: 7.300ns
The critical path consists of the following:
	bus write operation ('write_ln237', yolo_backbone_3.cpp:237) on port 'gmem3' (yolo_backbone_3.cpp:237) [64]  (7.300 ns)

 <State 7>: 7.300ns
The critical path consists of the following:
	bus write operation ('write_ln237', yolo_backbone_3.cpp:237) on port 'gmem3' (yolo_backbone_3.cpp:237) [65]  (7.300 ns)

 <State 8>: 7.300ns
The critical path consists of the following:
	bus write operation ('write_ln237', yolo_backbone_3.cpp:237) on port 'gmem3' (yolo_backbone_3.cpp:237) [66]  (7.300 ns)

 <State 9>: 7.300ns
The critical path consists of the following:
	bus write operation ('write_ln237', yolo_backbone_3.cpp:237) on port 'gmem3' (yolo_backbone_3.cpp:237) [67]  (7.300 ns)

 <State 10>: 7.300ns
The critical path consists of the following:
	bus write operation ('write_ln237', yolo_backbone_3.cpp:237) on port 'gmem3' (yolo_backbone_3.cpp:237) [68]  (7.300 ns)

 <State 11>: 7.300ns
The critical path consists of the following:
	bus write operation ('write_ln237', yolo_backbone_3.cpp:237) on port 'gmem3' (yolo_backbone_3.cpp:237) [69]  (7.300 ns)

 <State 12>: 7.300ns
The critical path consists of the following:
	bus write operation ('write_ln237', yolo_backbone_3.cpp:237) on port 'gmem3' (yolo_backbone_3.cpp:237) [70]  (7.300 ns)

 <State 13>: 7.300ns
The critical path consists of the following:
	bus write operation ('write_ln237', yolo_backbone_3.cpp:237) on port 'gmem3' (yolo_backbone_3.cpp:237) [71]  (7.300 ns)

 <State 14>: 7.300ns
The critical path consists of the following:
	bus write operation ('write_ln237', yolo_backbone_3.cpp:237) on port 'gmem3' (yolo_backbone_3.cpp:237) [72]  (7.300 ns)

 <State 15>: 7.300ns
The critical path consists of the following:
	bus write operation ('write_ln237', yolo_backbone_3.cpp:237) on port 'gmem3' (yolo_backbone_3.cpp:237) [73]  (7.300 ns)

 <State 16>: 7.300ns
The critical path consists of the following:
	bus write operation ('write_ln237', yolo_backbone_3.cpp:237) on port 'gmem3' (yolo_backbone_3.cpp:237) [74]  (7.300 ns)

 <State 17>: 7.300ns
The critical path consists of the following:
	bus write operation ('write_ln237', yolo_backbone_3.cpp:237) on port 'gmem3' (yolo_backbone_3.cpp:237) [75]  (7.300 ns)

 <State 18>: 7.300ns
The critical path consists of the following:
	bus write operation ('write_ln237', yolo_backbone_3.cpp:237) on port 'gmem3' (yolo_backbone_3.cpp:237) [76]  (7.300 ns)

 <State 19>: 7.300ns
The critical path consists of the following:
	bus write operation ('write_ln237', yolo_backbone_3.cpp:237) on port 'gmem3' (yolo_backbone_3.cpp:237) [77]  (7.300 ns)

 <State 20>: 7.300ns
The critical path consists of the following:
	bus write operation ('write_ln237', yolo_backbone_3.cpp:237) on port 'gmem3' (yolo_backbone_3.cpp:237) [78]  (7.300 ns)

 <State 21>: 7.300ns
The critical path consists of the following:
	bus write operation ('write_ln237', yolo_backbone_3.cpp:237) on port 'gmem3' (yolo_backbone_3.cpp:237) [79]  (7.300 ns)

 <State 22>: 7.300ns
The critical path consists of the following:
	bus write operation ('write_ln237', yolo_backbone_3.cpp:237) on port 'gmem3' (yolo_backbone_3.cpp:237) [80]  (7.300 ns)

 <State 23>: 7.300ns
The critical path consists of the following:
	bus write operation ('write_ln237', yolo_backbone_3.cpp:237) on port 'gmem3' (yolo_backbone_3.cpp:237) [81]  (7.300 ns)

 <State 24>: 7.300ns
The critical path consists of the following:
	bus write operation ('write_ln237', yolo_backbone_3.cpp:237) on port 'gmem3' (yolo_backbone_3.cpp:237) [82]  (7.300 ns)

 <State 25>: 7.300ns
The critical path consists of the following:
	bus write operation ('write_ln237', yolo_backbone_3.cpp:237) on port 'gmem3' (yolo_backbone_3.cpp:237) [83]  (7.300 ns)

 <State 26>: 7.300ns
The critical path consists of the following:
	bus write operation ('write_ln237', yolo_backbone_3.cpp:237) on port 'gmem3' (yolo_backbone_3.cpp:237) [84]  (7.300 ns)

 <State 27>: 7.300ns
The critical path consists of the following:
	bus write operation ('write_ln237', yolo_backbone_3.cpp:237) on port 'gmem3' (yolo_backbone_3.cpp:237) [85]  (7.300 ns)

 <State 28>: 7.300ns
The critical path consists of the following:
	bus write operation ('write_ln237', yolo_backbone_3.cpp:237) on port 'gmem3' (yolo_backbone_3.cpp:237) [86]  (7.300 ns)

 <State 29>: 7.300ns
The critical path consists of the following:
	bus write operation ('write_ln237', yolo_backbone_3.cpp:237) on port 'gmem3' (yolo_backbone_3.cpp:237) [87]  (7.300 ns)

 <State 30>: 7.300ns
The critical path consists of the following:
	bus write operation ('write_ln237', yolo_backbone_3.cpp:237) on port 'gmem3' (yolo_backbone_3.cpp:237) [88]  (7.300 ns)

 <State 31>: 7.300ns
The critical path consists of the following:
	bus write operation ('write_ln237', yolo_backbone_3.cpp:237) on port 'gmem3' (yolo_backbone_3.cpp:237) [89]  (7.300 ns)

 <State 32>: 7.300ns
The critical path consists of the following:
	bus write operation ('write_ln237', yolo_backbone_3.cpp:237) on port 'gmem3' (yolo_backbone_3.cpp:237) [90]  (7.300 ns)

 <State 33>: 7.300ns
The critical path consists of the following:
	bus write operation ('write_ln237', yolo_backbone_3.cpp:237) on port 'gmem3' (yolo_backbone_3.cpp:237) [91]  (7.300 ns)

 <State 34>: 7.300ns
The critical path consists of the following:
	bus write operation ('write_ln237', yolo_backbone_3.cpp:237) on port 'gmem3' (yolo_backbone_3.cpp:237) [92]  (7.300 ns)

 <State 35>: 7.300ns
The critical path consists of the following:
	bus write operation ('write_ln237', yolo_backbone_3.cpp:237) on port 'gmem3' (yolo_backbone_3.cpp:237) [93]  (7.300 ns)

 <State 36>: 0.000ns
The critical path consists of the following:

 <State 37>: 0.000ns
The critical path consists of the following:

 <State 38>: 0.000ns
The critical path consists of the following:

 <State 39>: 0.000ns
The critical path consists of the following:

 <State 40>: 7.300ns
The critical path consists of the following:
	bus response operation ('empty_70', yolo_backbone_3.cpp:242) on port 'gmem3' (yolo_backbone_3.cpp:242) [98]  (7.300 ns)


============================================================
+ Verbose Summary: Binding
============================================================
N/A
* FSMD analyzer results:
  - Output states:
 - Input state : 
  - Chain level:
	State 1
	State 2
	State 3
	State 4
	State 5
	State 6
	State 7
	State 8
	State 9
	State 10
	State 11
	State 12
	State 13
	State 14
	State 15
	State 16
	State 17
	State 18
	State 19
	State 20
	State 21
	State 22
	State 23
	State 24
	State 25
	State 26
	State 27
	State 28
	State 29
	State 30
	State 31
	State 32
	State 33
	State 34
	State 35
	State 36
	State 37
	State 38
	State 39
	State 40


============================================================
+ Verbose Summary: Datapath Resource usage 
============================================================
N/A
