/home/dlohchab/projects/Verilog/DVCON/task_detection_tpu/yolo_backbone_3/yolo_backbone_3/hls/.autopilot/db/yolo_backbone_3.pp.0.cpp:2269:5: remark: Added loop label VITIS_LOOP_676_1:   [xilinx-label-all-loops]
    for (unsigned i = low; i != high+1; ++i) {
    ^
    VITIS_LOOP_676_1: 
/home/dlohchab/projects/Verilog/DVCON/task_detection_tpu/yolo_backbone_3/yolo_backbone_3/hls/.autopilot/db/yolo_backbone_3.pp.0.cpp:2269:5: note: FIX-IT applied suggested code changes
/home/dlohchab/projects/Verilog/DVCON/task_detection_tpu/yolo_backbone_3/yolo_backbone_3/hls/.autopilot/db/yolo_backbone_3.pp.0.cpp:2283:5: remark: Added loop label VITIS_LOOP_690_1:   [xilinx-label-all-loops]
    for (unsigned i = low; i != high+1; ++i) {
    ^
    VITIS_LOOP_690_1: 
/home/dlohchab/projects/Verilog/DVCON/task_detection_tpu/yolo_backbone_3/yolo_backbone_3/hls/.autopilot/db/yolo_backbone_3.pp.0.cpp:2283:5: note: FIX-IT applied suggested code changes
/home/dlohchab/projects/Verilog/DVCON/task_detection_tpu/yolo_backbone_3/yolo_backbone_3/hls/.autopilot/db/yolo_backbone_3.pp.0.cpp:2297:5: remark: Added loop label VITIS_LOOP_704_1:   [xilinx-label-all-loops]
    for (unsigned i = low; i != high+1; ++i) {
    ^
    VITIS_LOOP_704_1: 
/home/dlohchab/projects/Verilog/DVCON/task_detection_tpu/yolo_backbone_3/yolo_backbone_3/hls/.autopilot/db/yolo_backbone_3.pp.0.cpp:2297:5: note: FIX-IT applied suggested code changes
/home/dlohchab/projects/Verilog/DVCON/task_detection_tpu/yolo_backbone_3/yolo_backbone_3/hls/.autopilot/db/yolo_backbone_3.pp.0.cpp:5836:7: remark: Added loop label VITIS_LOOP_1251_1:   [xilinx-label-all-loops]
      for (i = 0; i < __N - 1; ++i) {
      ^
      VITIS_LOOP_1251_1: 
/home/dlohchab/projects/Verilog/DVCON/task_detection_tpu/yolo_backbone_3/yolo_backbone_3/hls/.autopilot/db/yolo_backbone_3.pp.0.cpp:5836:7: note: FIX-IT applied suggested code changes
/home/dlohchab/projects/Verilog/DVCON/task_detection_tpu/yolo_backbone_3/yolo_backbone_3/hls/.autopilot/db/yolo_backbone_3.pp.0.cpp:54991:5: remark: Added loop label VITIS_LOOP_18_1:   [xilinx-label-all-loops]
    for(int ic=0; ic<16; ic++) {
    ^
    VITIS_LOOP_18_1: 
/home/dlohchab/projects/Verilog/DVCON/task_detection_tpu/yolo_backbone_3/yolo_backbone_3/hls/.autopilot/db/yolo_backbone_3.pp.0.cpp:54991:5: note: FIX-IT applied suggested code changes
/home/dlohchab/projects/Verilog/DVCON/task_detection_tpu/yolo_backbone_3/yolo_backbone_3/hls/.autopilot/db/yolo_backbone_3.pp.0.cpp:54992:9: remark: Added loop label VITIS_LOOP_19_2:   [xilinx-label-all-loops]
        for(int r=0; r<2; r++) for(int c=0; c<16; c++) line_buf[ic][r][c] = 0;
        ^
        VITIS_LOOP_19_2: 
/home/dlohchab/projects/Verilog/DVCON/task_detection_tpu/yolo_backbone_3/yolo_backbone_3/hls/.autopilot/db/yolo_backbone_3.pp.0.cpp:54992:9: note: FIX-IT applied suggested code changes
/home/dlohchab/projects/Verilog/DVCON/task_detection_tpu/yolo_backbone_3/yolo_backbone_3/hls/.autopilot/db/yolo_backbone_3.pp.0.cpp:54992:32: remark: Added loop label VITIS_LOOP_19_3:   [xilinx-label-all-loops]
        for(int r=0; r<2; r++) for(int c=0; c<16; c++) line_buf[ic][r][c] = 0;
                               ^
                               VITIS_LOOP_19_3: 
/home/dlohchab/projects/Verilog/DVCON/task_detection_tpu/yolo_backbone_3/yolo_backbone_3/hls/.autopilot/db/yolo_backbone_3.pp.0.cpp:54992:32: note: FIX-IT applied suggested code changes
/home/dlohchab/projects/Verilog/DVCON/task_detection_tpu/yolo_backbone_3/yolo_backbone_3/hls/.autopilot/db/yolo_backbone_3.pp.0.cpp:54993:9: remark: Added loop label VITIS_LOOP_20_4:   [xilinx-label-all-loops]
        for(int r=0; r<3; r++) for(int c=0; c<3; c++) window[ic][r][c] = 0;
        ^
        VITIS_LOOP_20_4: 
/home/dlohchab/projects/Verilog/DVCON/task_detection_tpu/yolo_backbone_3/yolo_backbone_3/hls/.autopilot/db/yolo_backbone_3.pp.0.cpp:54993:9: note: FIX-IT applied suggested code changes
/home/dlohchab/projects/Verilog/DVCON/task_detection_tpu/yolo_backbone_3/yolo_backbone_3/hls/.autopilot/db/yolo_backbone_3.pp.0.cpp:54993:32: remark: Added loop label VITIS_LOOP_20_5:   [xilinx-label-all-loops]
        for(int r=0; r<3; r++) for(int c=0; c<3; c++) window[ic][r][c] = 0;
                               ^
                               VITIS_LOOP_20_5: 
/home/dlohchab/projects/Verilog/DVCON/task_detection_tpu/yolo_backbone_3/yolo_backbone_3/hls/.autopilot/db/yolo_backbone_3.pp.0.cpp:54993:32: note: FIX-IT applied suggested code changes
/home/dlohchab/projects/Verilog/DVCON/task_detection_tpu/yolo_backbone_3/yolo_backbone_3/hls/.autopilot/db/yolo_backbone_3.pp.0.cpp:54996:5: remark: Added loop label VITIS_LOOP_23_6:   [xilinx-label-all-loops]
    for (int row = 0; row < 16; row++) {
    ^
    VITIS_LOOP_23_6: 
/home/dlohchab/projects/Verilog/DVCON/task_detection_tpu/yolo_backbone_3/yolo_backbone_3/hls/.autopilot/db/yolo_backbone_3.pp.0.cpp:54996:5: note: FIX-IT applied suggested code changes
/home/dlohchab/projects/Verilog/DVCON/task_detection_tpu/yolo_backbone_3/yolo_backbone_3/hls/.autopilot/db/yolo_backbone_3.pp.0.cpp:54997:9: remark: Added loop label VITIS_LOOP_24_7:   [xilinx-label-all-loops]
        for (int col = 0; col < 16; col++) {
        ^
        VITIS_LOOP_24_7: 
/home/dlohchab/projects/Verilog/DVCON/task_detection_tpu/yolo_backbone_3/yolo_backbone_3/hls/.autopilot/db/yolo_backbone_3.pp.0.cpp:54997:9: note: FIX-IT applied suggested code changes
/home/dlohchab/projects/Verilog/DVCON/task_detection_tpu/yolo_backbone_3/yolo_backbone_3/hls/.autopilot/db/yolo_backbone_3.pp.0.cpp:55000:13: remark: Added loop label VITIS_LOOP_27_8:   [xilinx-label-all-loops]
            for (int ic = 0; ic < 16; ic++) {
            ^
            VITIS_LOOP_27_8: 
/home/dlohchab/projects/Verilog/DVCON/task_detection_tpu/yolo_backbone_3/yolo_backbone_3/hls/.autopilot/db/yolo_backbone_3.pp.0.cpp:55000:13: note: FIX-IT applied suggested code changes
/home/dlohchab/projects/Verilog/DVCON/task_detection_tpu/yolo_backbone_3/yolo_backbone_3/hls/.autopilot/db/yolo_backbone_3.pp.0.cpp:55002:17: remark: Added loop label VITIS_LOOP_29_9:   [xilinx-label-all-loops]
                for (int r = 0; r < 3; r++) {
                ^
                VITIS_LOOP_29_9: 
/home/dlohchab/projects/Verilog/DVCON/task_detection_tpu/yolo_backbone_3/yolo_backbone_3/hls/.autopilot/db/yolo_backbone_3.pp.0.cpp:55002:17: note: FIX-IT applied suggested code changes
/home/dlohchab/projects/Verilog/DVCON/task_detection_tpu/yolo_backbone_3/yolo_backbone_3/hls/.autopilot/db/yolo_backbone_3.pp.0.cpp:55019:17: remark: Added loop label VITIS_LOOP_46_10:   [xilinx-label-all-loops]
                for (int oc = 0; oc < 32; oc += 2) {
                ^
                VITIS_LOOP_46_10: 
/home/dlohchab/projects/Verilog/DVCON/task_detection_tpu/yolo_backbone_3/yolo_backbone_3/hls/.autopilot/db/yolo_backbone_3.pp.0.cpp:55019:17: note: FIX-IT applied suggested code changes
/home/dlohchab/projects/Verilog/DVCON/task_detection_tpu/yolo_backbone_3/yolo_backbone_3/hls/.autopilot/db/yolo_backbone_3.pp.0.cpp:55023:21: remark: Added loop label VITIS_LOOP_50_11:   [xilinx-label-all-loops]
                    for (int ic = 0; ic < 16; ic++) {
                    ^
                    VITIS_LOOP_50_11: 
/home/dlohchab/projects/Verilog/DVCON/task_detection_tpu/yolo_backbone_3/yolo_backbone_3/hls/.autopilot/db/yolo_backbone_3.pp.0.cpp:55023:21: note: FIX-IT applied suggested code changes
/home/dlohchab/projects/Verilog/DVCON/task_detection_tpu/yolo_backbone_3/yolo_backbone_3/hls/.autopilot/db/yolo_backbone_3.pp.0.cpp:55025:25: remark: Added loop label VITIS_LOOP_52_12:   [xilinx-label-all-loops]
                        for (int r = 0; r < 3; r++) {
                        ^
                        VITIS_LOOP_52_12: 
/home/dlohchab/projects/Verilog/DVCON/task_detection_tpu/yolo_backbone_3/yolo_backbone_3/hls/.autopilot/db/yolo_backbone_3.pp.0.cpp:55025:25: note: FIX-IT applied suggested code changes
/home/dlohchab/projects/Verilog/DVCON/task_detection_tpu/yolo_backbone_3/yolo_backbone_3/hls/.autopilot/db/yolo_backbone_3.pp.0.cpp:55027:29: remark: Added loop label VITIS_LOOP_54_13:   [xilinx-label-all-loops]
                            for (int c = 0; c < 3; c++) {
                            ^
                            VITIS_LOOP_54_13: 
/home/dlohchab/projects/Verilog/DVCON/task_detection_tpu/yolo_backbone_3/yolo_backbone_3/hls/.autopilot/db/yolo_backbone_3.pp.0.cpp:55027:29: note: FIX-IT applied suggested code changes
/home/dlohchab/projects/Verilog/DVCON/task_detection_tpu/yolo_backbone_3/yolo_backbone_3/hls/.autopilot/db/yolo_backbone_3.pp.0.cpp:55051:5: remark: Added loop label VITIS_LOOP_78_1:   [xilinx-label-all-loops]
    for (int r = 0; r < (16 - 2); r++) {
    ^
    VITIS_LOOP_78_1: 
/home/dlohchab/projects/Verilog/DVCON/task_detection_tpu/yolo_backbone_3/yolo_backbone_3/hls/.autopilot/db/yolo_backbone_3.pp.0.cpp:55051:5: note: FIX-IT applied suggested code changes
/home/dlohchab/projects/Verilog/DVCON/task_detection_tpu/yolo_backbone_3/yolo_backbone_3/hls/.autopilot/db/yolo_backbone_3.pp.0.cpp:55052:9: remark: Added loop label VITIS_LOOP_79_2:   [xilinx-label-all-loops]
        for (int c = 0; c < (16 - 2); c++) {
        ^
        VITIS_LOOP_79_2: 
/home/dlohchab/projects/Verilog/DVCON/task_detection_tpu/yolo_backbone_3/yolo_backbone_3/hls/.autopilot/db/yolo_backbone_3.pp.0.cpp:55052:9: note: FIX-IT applied suggested code changes
/home/dlohchab/projects/Verilog/DVCON/task_detection_tpu/yolo_backbone_3/yolo_backbone_3/hls/.autopilot/db/yolo_backbone_3.pp.0.cpp:55079:5: remark: Added loop label VITIS_LOOP_106_1:   [xilinx-label-all-loops]
    for(int ic=0; ic<32; ic++) {
    ^
    VITIS_LOOP_106_1: 
/home/dlohchab/projects/Verilog/DVCON/task_detection_tpu/yolo_backbone_3/yolo_backbone_3/hls/.autopilot/db/yolo_backbone_3.pp.0.cpp:55079:5: note: FIX-IT applied suggested code changes
/home/dlohchab/projects/Verilog/DVCON/task_detection_tpu/yolo_backbone_3/yolo_backbone_3/hls/.autopilot/db/yolo_backbone_3.pp.0.cpp:55080:9: remark: Added loop label VITIS_LOOP_107_2:   [xilinx-label-all-loops]
        for(int r=0; r<2; r++) for(int c=0; c<(16 - 2); c++) line_buf[ic][r][c] = 0;
        ^
        VITIS_LOOP_107_2: 
/home/dlohchab/projects/Verilog/DVCON/task_detection_tpu/yolo_backbone_3/yolo_backbone_3/hls/.autopilot/db/yolo_backbone_3.pp.0.cpp:55080:9: note: FIX-IT applied suggested code changes
/home/dlohchab/projects/Verilog/DVCON/task_detection_tpu/yolo_backbone_3/yolo_backbone_3/hls/.autopilot/db/yolo_backbone_3.pp.0.cpp:55080:32: remark: Added loop label VITIS_LOOP_107_3:   [xilinx-label-all-loops]
        for(int r=0; r<2; r++) for(int c=0; c<(16 - 2); c++) line_buf[ic][r][c] = 0;
                               ^
                               VITIS_LOOP_107_3: 
/home/dlohchab/projects/Verilog/DVCON/task_detection_tpu/yolo_backbone_3/yolo_backbone_3/hls/.autopilot/db/yolo_backbone_3.pp.0.cpp:55080:32: note: FIX-IT applied suggested code changes
/home/dlohchab/projects/Verilog/DVCON/task_detection_tpu/yolo_backbone_3/yolo_backbone_3/hls/.autopilot/db/yolo_backbone_3.pp.0.cpp:55081:9: remark: Added loop label VITIS_LOOP_108_4:   [xilinx-label-all-loops]
        for(int r=0; r<3; r++) for(int c=0; c<3; c++) window[ic][r][c] = 0;
        ^
        VITIS_LOOP_108_4: 
/home/dlohchab/projects/Verilog/DVCON/task_detection_tpu/yolo_backbone_3/yolo_backbone_3/hls/.autopilot/db/yolo_backbone_3.pp.0.cpp:55081:9: note: FIX-IT applied suggested code changes
/home/dlohchab/projects/Verilog/DVCON/task_detection_tpu/yolo_backbone_3/yolo_backbone_3/hls/.autopilot/db/yolo_backbone_3.pp.0.cpp:55081:32: remark: Added loop label VITIS_LOOP_108_5:   [xilinx-label-all-loops]
        for(int r=0; r<3; r++) for(int c=0; c<3; c++) window[ic][r][c] = 0;
                               ^
                               VITIS_LOOP_108_5: 
/home/dlohchab/projects/Verilog/DVCON/task_detection_tpu/yolo_backbone_3/yolo_backbone_3/hls/.autopilot/db/yolo_backbone_3.pp.0.cpp:55081:32: note: FIX-IT applied suggested code changes
/home/dlohchab/projects/Verilog/DVCON/task_detection_tpu/yolo_backbone_3/yolo_backbone_3/hls/.autopilot/db/yolo_backbone_3.pp.0.cpp:55084:5: remark: Added loop label VITIS_LOOP_111_6:   [xilinx-label-all-loops]
    for (int row = 0; row < (16 - 2); row++) {
    ^
    VITIS_LOOP_111_6: 
/home/dlohchab/projects/Verilog/DVCON/task_detection_tpu/yolo_backbone_3/yolo_backbone_3/hls/.autopilot/db/yolo_backbone_3.pp.0.cpp:55084:5: note: FIX-IT applied suggested code changes
/home/dlohchab/projects/Verilog/DVCON/task_detection_tpu/yolo_backbone_3/yolo_backbone_3/hls/.autopilot/db/yolo_backbone_3.pp.0.cpp:55085:9: remark: Added loop label VITIS_LOOP_112_7:   [xilinx-label-all-loops]
        for (int col = 0; col < (16 - 2); col++) {
        ^
        VITIS_LOOP_112_7: 
/home/dlohchab/projects/Verilog/DVCON/task_detection_tpu/yolo_backbone_3/yolo_backbone_3/hls/.autopilot/db/yolo_backbone_3.pp.0.cpp:55085:9: note: FIX-IT applied suggested code changes
/home/dlohchab/projects/Verilog/DVCON/task_detection_tpu/yolo_backbone_3/yolo_backbone_3/hls/.autopilot/db/yolo_backbone_3.pp.0.cpp:55088:13: remark: Added loop label VITIS_LOOP_115_8:   [xilinx-label-all-loops]
            for (int ic = 0; ic < 32; ic++) {
            ^
            VITIS_LOOP_115_8: 
/home/dlohchab/projects/Verilog/DVCON/task_detection_tpu/yolo_backbone_3/yolo_backbone_3/hls/.autopilot/db/yolo_backbone_3.pp.0.cpp:55088:13: note: FIX-IT applied suggested code changes
/home/dlohchab/projects/Verilog/DVCON/task_detection_tpu/yolo_backbone_3/yolo_backbone_3/hls/.autopilot/db/yolo_backbone_3.pp.0.cpp:55090:17: remark: Added loop label VITIS_LOOP_117_9:   [xilinx-label-all-loops]
                for (int r = 0; r < 3; r++) {
                ^
                VITIS_LOOP_117_9: 
/home/dlohchab/projects/Verilog/DVCON/task_detection_tpu/yolo_backbone_3/yolo_backbone_3/hls/.autopilot/db/yolo_backbone_3.pp.0.cpp:55090:17: note: FIX-IT applied suggested code changes
/home/dlohchab/projects/Verilog/DVCON/task_detection_tpu/yolo_backbone_3/yolo_backbone_3/hls/.autopilot/db/yolo_backbone_3.pp.0.cpp:55107:17: remark: Added loop label VITIS_LOOP_134_10:   [xilinx-label-all-loops]
                for (int oc = 0; oc < 32; oc++) {
                ^
                VITIS_LOOP_134_10: 
/home/dlohchab/projects/Verilog/DVCON/task_detection_tpu/yolo_backbone_3/yolo_backbone_3/hls/.autopilot/db/yolo_backbone_3.pp.0.cpp:55107:17: note: FIX-IT applied suggested code changes
/home/dlohchab/projects/Verilog/DVCON/task_detection_tpu/yolo_backbone_3/yolo_backbone_3/hls/.autopilot/db/yolo_backbone_3.pp.0.cpp:55110:21: remark: Added loop label VITIS_LOOP_137_11:   [xilinx-label-all-loops]
                    for (int ic = 0; ic < 32; ic++) {
                    ^
                    VITIS_LOOP_137_11: 
/home/dlohchab/projects/Verilog/DVCON/task_detection_tpu/yolo_backbone_3/yolo_backbone_3/hls/.autopilot/db/yolo_backbone_3.pp.0.cpp:55110:21: note: FIX-IT applied suggested code changes
/home/dlohchab/projects/Verilog/DVCON/task_detection_tpu/yolo_backbone_3/yolo_backbone_3/hls/.autopilot/db/yolo_backbone_3.pp.0.cpp:55112:25: remark: Added loop label VITIS_LOOP_139_12:   [xilinx-label-all-loops]
                        for (int r = 0; r < 3; r++) {
                        ^
                        VITIS_LOOP_139_12: 
/home/dlohchab/projects/Verilog/DVCON/task_detection_tpu/yolo_backbone_3/yolo_backbone_3/hls/.autopilot/db/yolo_backbone_3.pp.0.cpp:55112:25: note: FIX-IT applied suggested code changes
/home/dlohchab/projects/Verilog/DVCON/task_detection_tpu/yolo_backbone_3/yolo_backbone_3/hls/.autopilot/db/yolo_backbone_3.pp.0.cpp:55114:29: remark: Added loop label VITIS_LOOP_141_13:   [xilinx-label-all-loops]
                            for (int c = 0; c < 3; c++) {
                            ^
                            VITIS_LOOP_141_13: 
/home/dlohchab/projects/Verilog/DVCON/task_detection_tpu/yolo_backbone_3/yolo_backbone_3/hls/.autopilot/db/yolo_backbone_3.pp.0.cpp:55114:29: note: FIX-IT applied suggested code changes
/home/dlohchab/projects/Verilog/DVCON/task_detection_tpu/yolo_backbone_3/yolo_backbone_3/hls/.autopilot/db/yolo_backbone_3.pp.0.cpp:55136:5: remark: Added loop label VITIS_LOOP_163_1:   [xilinx-label-all-loops]
    for (int i = 0; i < ((16 - 2) - 2) * ((16 - 2) - 2); i++) {
    ^
    VITIS_LOOP_163_1: 
/home/dlohchab/projects/Verilog/DVCON/task_detection_tpu/yolo_backbone_3/yolo_backbone_3/hls/.autopilot/db/yolo_backbone_3.pp.0.cpp:55136:5: note: FIX-IT applied suggested code changes
/home/dlohchab/projects/Verilog/DVCON/task_detection_tpu/yolo_backbone_3/yolo_backbone_3/hls/.autopilot/db/yolo_backbone_3.pp.0.cpp:55142:9: remark: Added loop label VITIS_LOOP_169_2:   [xilinx-label-all-loops]
        for (int c = 0; c < 32; c++) {
        ^
        VITIS_LOOP_169_2: 
/home/dlohchab/projects/Verilog/DVCON/task_detection_tpu/yolo_backbone_3/yolo_backbone_3/hls/.autopilot/db/yolo_backbone_3.pp.0.cpp:55142:9: note: FIX-IT applied suggested code changes
/home/dlohchab/projects/Verilog/DVCON/task_detection_tpu/yolo_backbone_3/yolo_backbone_3/hls/.autopilot/db/yolo_backbone_3.pp.0.cpp:55158:5: remark: Added loop label VITIS_LOOP_185_1:   [xilinx-label-all-loops]
    for (int r = 0; r < ((16 - 2) - 2); r++) {
    ^
    VITIS_LOOP_185_1: 
/home/dlohchab/projects/Verilog/DVCON/task_detection_tpu/yolo_backbone_3/yolo_backbone_3/hls/.autopilot/db/yolo_backbone_3.pp.0.cpp:55158:5: note: FIX-IT applied suggested code changes
/home/dlohchab/projects/Verilog/DVCON/task_detection_tpu/yolo_backbone_3/yolo_backbone_3/hls/.autopilot/db/yolo_backbone_3.pp.0.cpp:55162:9: remark: Added loop label VITIS_LOOP_189_2:   [xilinx-label-all-loops]
        for (int c = 0; c < ((16 - 2) - 2); c++) {
        ^
        VITIS_LOOP_189_2: 
/home/dlohchab/projects/Verilog/DVCON/task_detection_tpu/yolo_backbone_3/yolo_backbone_3/hls/.autopilot/db/yolo_backbone_3.pp.0.cpp:55162:9: note: FIX-IT applied suggested code changes
/home/dlohchab/projects/Verilog/DVCON/task_detection_tpu/yolo_backbone_3/yolo_backbone_3/hls/.autopilot/db/yolo_backbone_3.pp.0.cpp:55167:17: remark: Added loop label VITIS_LOOP_194_3:   [xilinx-label-all-loops]
                for(int ch = 0; ch < 32; ch++) {
                ^
                VITIS_LOOP_194_3: 
/home/dlohchab/projects/Verilog/DVCON/task_detection_tpu/yolo_backbone_3/yolo_backbone_3/hls/.autopilot/db/yolo_backbone_3.pp.0.cpp:55167:17: note: FIX-IT applied suggested code changes
/home/dlohchab/projects/Verilog/DVCON/task_detection_tpu/yolo_backbone_3/yolo_backbone_3/hls/.autopilot/db/yolo_backbone_3.pp.0.cpp:55173:17: remark: Added loop label VITIS_LOOP_200_4:   [xilinx-label-all-loops]
                for(int ch = 0; ch < 32; ch++) {
                ^
                VITIS_LOOP_200_4: 
/home/dlohchab/projects/Verilog/DVCON/task_detection_tpu/yolo_backbone_3/yolo_backbone_3/hls/.autopilot/db/yolo_backbone_3.pp.0.cpp:55173:17: note: FIX-IT applied suggested code changes
/home/dlohchab/projects/Verilog/DVCON/task_detection_tpu/yolo_backbone_3/yolo_backbone_3/hls/.autopilot/db/yolo_backbone_3.pp.0.cpp:55179:21: remark: Added loop label VITIS_LOOP_206_5:   [xilinx-label-all-loops]
                    for(int ch = 0; ch < 32; ch++) {
                    ^
                    VITIS_LOOP_206_5: 
/home/dlohchab/projects/Verilog/DVCON/task_detection_tpu/yolo_backbone_3/yolo_backbone_3/hls/.autopilot/db/yolo_backbone_3.pp.0.cpp:55179:21: note: FIX-IT applied suggested code changes
/home/dlohchab/projects/Verilog/DVCON/task_detection_tpu/yolo_backbone_3/yolo_backbone_3/hls/.autopilot/db/yolo_backbone_3.pp.0.cpp:55185:21: remark: Added loop label VITIS_LOOP_212_6:   [xilinx-label-all-loops]
                    for(int ch = 0; ch < 32; ch++) {
                    ^
                    VITIS_LOOP_212_6: 
/home/dlohchab/projects/Verilog/DVCON/task_detection_tpu/yolo_backbone_3/yolo_backbone_3/hls/.autopilot/db/yolo_backbone_3.pp.0.cpp:55185:21: note: FIX-IT applied suggested code changes
/home/dlohchab/projects/Verilog/DVCON/task_detection_tpu/yolo_backbone_3/yolo_backbone_3/hls/.autopilot/db/yolo_backbone_3.pp.0.cpp:55201:5: remark: Added loop label VITIS_LOOP_228_1:   [xilinx-label-all-loops]
    for(int i = 0; i < 16 * 16; i++) {
    ^
    VITIS_LOOP_228_1: 
/home/dlohchab/projects/Verilog/DVCON/task_detection_tpu/yolo_backbone_3/yolo_backbone_3/hls/.autopilot/db/yolo_backbone_3.pp.0.cpp:55201:5: note: FIX-IT applied suggested code changes
/home/dlohchab/projects/Verilog/DVCON/task_detection_tpu/yolo_backbone_3/yolo_backbone_3/hls/.autopilot/db/yolo_backbone_3.pp.0.cpp:55204:9: remark: Added loop label VITIS_LOOP_231_2:   [xilinx-label-all-loops]
        for(int c = 0; c < 16; c++) p.ch[c] = image_in[i * 16 + c];
        ^
        VITIS_LOOP_231_2: 
/home/dlohchab/projects/Verilog/DVCON/task_detection_tpu/yolo_backbone_3/yolo_backbone_3/hls/.autopilot/db/yolo_backbone_3.pp.0.cpp:55204:9: note: FIX-IT applied suggested code changes
/home/dlohchab/projects/Verilog/DVCON/task_detection_tpu/yolo_backbone_3/yolo_backbone_3/hls/.autopilot/db/yolo_backbone_3.pp.0.cpp:55210:5: remark: Added loop label VITIS_LOOP_237_1:   [xilinx-label-all-loops]
    for(int i = 0; i < (((16 - 2) - 2) / 2) * (((16 - 2) - 2) / 2); i++) {
    ^
    VITIS_LOOP_237_1: 
/home/dlohchab/projects/Verilog/DVCON/task_detection_tpu/yolo_backbone_3/yolo_backbone_3/hls/.autopilot/db/yolo_backbone_3.pp.0.cpp:55210:5: note: FIX-IT applied suggested code changes
/home/dlohchab/projects/Verilog/DVCON/task_detection_tpu/yolo_backbone_3/yolo_backbone_3/hls/.autopilot/db/yolo_backbone_3.pp.0.cpp:55213:9: remark: Added loop label VITIS_LOOP_240_2:   [xilinx-label-all-loops]
        for(int c = 0; c < 32; c++) image_out[i * 32 + c] = p.ch[c];
        ^
        VITIS_LOOP_240_2: 
/home/dlohchab/projects/Verilog/DVCON/task_detection_tpu/yolo_backbone_3/yolo_backbone_3/hls/.autopilot/db/yolo_backbone_3.pp.0.cpp:55213:9: note: FIX-IT applied suggested code changes
/home/dlohchab/projects/Verilog/DVCON/task_detection_tpu/yolo_backbone_3/yolo_backbone_3/hls/.autopilot/db/yolo_backbone_3.pp.0.cpp:55253:5: remark: Added loop label VITIS_LOOP_276_1:   [xilinx-label-all-loops]
    for(int oc=0; oc<32; oc++) {
    ^
    VITIS_LOOP_276_1: 
/home/dlohchab/projects/Verilog/DVCON/task_detection_tpu/yolo_backbone_3/yolo_backbone_3/hls/.autopilot/db/yolo_backbone_3.pp.0.cpp:55253:5: note: FIX-IT applied suggested code changes
/home/dlohchab/projects/Verilog/DVCON/task_detection_tpu/yolo_backbone_3/yolo_backbone_3/hls/.autopilot/db/yolo_backbone_3.pp.0.cpp:55258:5: remark: Added loop label VITIS_LOOP_281_2:   [xilinx-label-all-loops]
    for(int i=0; i < 32 * 16 * 9; i++) {
    ^
    VITIS_LOOP_281_2: 
/home/dlohchab/projects/Verilog/DVCON/task_detection_tpu/yolo_backbone_3/yolo_backbone_3/hls/.autopilot/db/yolo_backbone_3.pp.0.cpp:55258:5: note: FIX-IT applied suggested code changes
/home/dlohchab/projects/Verilog/DVCON/task_detection_tpu/yolo_backbone_3/yolo_backbone_3/hls/.autopilot/db/yolo_backbone_3.pp.0.cpp:55267:5: remark: Added loop label VITIS_LOOP_290_3:   [xilinx-label-all-loops]
    for(int oc=0; oc<32; oc++) {
    ^
    VITIS_LOOP_290_3: 
/home/dlohchab/projects/Verilog/DVCON/task_detection_tpu/yolo_backbone_3/yolo_backbone_3/hls/.autopilot/db/yolo_backbone_3.pp.0.cpp:55267:5: note: FIX-IT applied suggested code changes
/home/dlohchab/projects/Verilog/DVCON/task_detection_tpu/yolo_backbone_3/yolo_backbone_3/hls/.autopilot/db/yolo_backbone_3.pp.0.cpp:55272:5: remark: Added loop label VITIS_LOOP_295_4:   [xilinx-label-all-loops]
    for(int i=0; i < 32 * 32 * 9; i++) {
    ^
    VITIS_LOOP_295_4: 
/home/dlohchab/projects/Verilog/DVCON/task_detection_tpu/yolo_backbone_3/yolo_backbone_3/hls/.autopilot/db/yolo_backbone_3.pp.0.cpp:55272:5: note: FIX-IT applied suggested code changes
