

================================================================
== Vitis HLS Report for 'task_detection_accel_Pipeline_VITIS_LOOP_109_1_VITIS_LOOP_113_2'
================================================================
* Date:           Sun Jun 14 16:33:26 2026

* Version:        2025.2 (Build 6295257 on Nov 14 2025)
* Project:        task_detection_tpu
* Solution:       hls (Vivado IP Flow Target)
* Product family: kintex7
* Target device:  xc7k325t-ffg900-2


================================================================
== Performance Estimates
================================================================
+ Timing: 
    * Summary: 
    +--------+----------+----------+------------+
    |  Clock |  Target  | Estimated| Uncertainty|
    +--------+----------+----------+------------+
    |ap_clk  |  10.00 ns|  6.323 ns|     2.70 ns|
    +--------+----------+----------+------------+

+ Latency: 
    * Summary: 
    +---------+---------+-----------+-----------+-----+-----+-------------------+
    |  Latency (cycles) |   Latency (absolute)  |  Interval |      Pipeline     |
    |   min   |   max   |    min    |    max    | min | max |        Type       |
    +---------+---------+-----------+-----------+-----+-----+-------------------+
    |     8194|     8194|  81.940 us|  81.940 us|    0|    0|  loop pipeline stp|
    +---------+---------+-----------+-----------+-----+-----+-------------------+

    + Detail: 
        * Instance: 
        N/A

        * Loop: 
        +-------------------------------------+---------+---------+----------+-----------+-----------+------+----------+
        |                                     |  Latency (cycles) | Iteration|  Initiation Interval  | Trip |          |
        |              Loop Name              |   min   |   max   |  Latency |  achieved |   target  | Count| Pipelined|
        +-------------------------------------+---------+---------+----------+-----------+-----------+------+----------+
        |- VITIS_LOOP_109_1_VITIS_LOOP_113_2  |     8192|     8192|         1|          1|          1|  8192|       yes|
        +-------------------------------------+---------+---------+----------+-----------+-----------+------+----------+

============================================================
+ Verbose Summary: Synthesis Manager
============================================================
InlineROM: 1
ExposeGlobal: 0
============================================================
+ Verbose Summary: CDFG Model
============================================================
IsTopModel: 0
ResetActiveHigh: 1
IsCombinational: 0
IsDatapathOnly: 0
HasWiredReturn: 1
HasMFsm: 2
HasVarLatency: 1
IsPipeline: 0
IsRtlPipelined: 0
IsInstanceOverlapped: 0
IsDontTouch: 0
HasImplIP: 0
IsGatedGlobalClock: 0

+ Individual pipeline summary: 
  * Pipeline-0: initiation interval (II) = 1, depth = 1


============================================================
+ Verbose Summary: Schedule
============================================================
* Number of FSM states : 1
* Pipeline : 1
  Pipeline-0 : II = 1, D = 1, States = { 1 }
* Dataflow Pipeline: 0

* FSM state transitions: 
1 --> 

* FSM state operations: 

State 1 <SV = 0> <Delay = 6.32>
ST_1 : Operation 4 [1/1] (0.00ns)   --->   "%i = alloca i32 1" [mlp_engine.cpp:113->task_detection_accel.cpp:41]   --->   Operation 4 'alloca' 'i' <Predicate = true> <Delay = 0.00>
ST_1 : Operation 5 [1/1] (0.00ns)   --->   "%o = alloca i32 1" [mlp_engine.cpp:109->task_detection_accel.cpp:41]   --->   Operation 5 'alloca' 'o' <Predicate = true> <Delay = 0.00>
ST_1 : Operation 6 [1/1] (0.00ns)   --->   "%indvar_flatten30 = alloca i32 1"   --->   Operation 6 'alloca' 'indvar_flatten30' <Predicate = true> <Delay = 0.00>
ST_1 : Operation 7 [1/1] (0.83ns)   --->   "%store_ln0 = store i14 0, i14 %indvar_flatten30"   --->   Operation 7 'store' 'store_ln0' <Predicate = true> <Delay = 0.83>
ST_1 : Operation 8 [1/1] (0.83ns)   --->   "%store_ln109 = store i7 0, i7 %o" [mlp_engine.cpp:109->task_detection_accel.cpp:41]   --->   Operation 8 'store' 'store_ln109' <Predicate = true> <Delay = 0.83>
ST_1 : Operation 9 [1/1] (0.83ns)   --->   "%store_ln113 = store i8 0, i8 %i" [mlp_engine.cpp:113->task_detection_accel.cpp:41]   --->   Operation 9 'store' 'store_ln113' <Predicate = true> <Delay = 0.83>
ST_1 : Operation 10 [1/1] (0.00ns)   --->   "%br_ln0 = br void %for.inc.i34"   --->   Operation 10 'br' 'br_ln0' <Predicate = true> <Delay = 0.00>
ST_1 : Operation 11 [1/1] (0.00ns)   --->   "%indvar_flatten30_load = load i14 %indvar_flatten30" [mlp_engine.cpp:109->task_detection_accel.cpp:41]   --->   Operation 11 'load' 'indvar_flatten30_load' <Predicate = true> <Delay = 0.00>
ST_1 : Operation 12 [1/1] (1.34ns)   --->   "%icmp_ln109 = icmp_eq  i14 %indvar_flatten30_load, i14 8192" [mlp_engine.cpp:109->task_detection_accel.cpp:41]   --->   Operation 12 'icmp' 'icmp_ln109' <Predicate = true> <Delay = 1.34> <CoreInst = "Cmp">   --->   Core 9 'Cmp' <Latency = 0> <II = 1> <Delay = 1.34> <FuncUnit> <Opcode : 'seteq' 'setne' 'setle' 'setge' 'setlt' 'setgt'> <InPorts = 2> <OutPorts = 1>
ST_1 : Operation 13 [1/1] (1.34ns)   --->   "%add_ln109_1 = add i14 %indvar_flatten30_load, i14 1" [mlp_engine.cpp:109->task_detection_accel.cpp:41]   --->   Operation 13 'add' 'add_ln109_1' <Predicate = true> <Delay = 1.34> <CoreInst = "Adder">   --->   Core 1 'Adder' <Latency = 0> <II = 1> <Delay = 1.34> <FuncUnit> <Opcode : 'add' 'sub'> <InPorts = 2> <OutPorts = 1>
ST_1 : Operation 14 [1/1] (0.00ns)   --->   "%br_ln109 = br i1 %icmp_ln109, void %for.inc9.i37, void %for.end11.i38.exitStub" [mlp_engine.cpp:109->task_detection_accel.cpp:41]   --->   Operation 14 'br' 'br_ln109' <Predicate = true> <Delay = 0.00>
ST_1 : Operation 15 [1/1] (0.00ns)   --->   "%i_load = load i8 %i" [mlp_engine.cpp:113->task_detection_accel.cpp:41]   --->   Operation 15 'load' 'i_load' <Predicate = (!icmp_ln109)> <Delay = 0.00>
ST_1 : Operation 16 [1/1] (0.00ns)   --->   "%o_load = load i7 %o" [mlp_engine.cpp:109->task_detection_accel.cpp:41]   --->   Operation 16 'load' 'o_load' <Predicate = (!icmp_ln109)> <Delay = 0.00>
ST_1 : Operation 17 [1/1] (1.27ns)   --->   "%add_ln109 = add i7 %o_load, i7 1" [mlp_engine.cpp:109->task_detection_accel.cpp:41]   --->   Operation 17 'add' 'add_ln109' <Predicate = (!icmp_ln109)> <Delay = 1.27> <CoreInst = "Adder">   --->   Core 1 'Adder' <Latency = 0> <II = 1> <Delay = 1.27> <FuncUnit> <Opcode : 'add' 'sub'> <InPorts = 2> <OutPorts = 1>
ST_1 : Operation 18 [1/1] (0.00ns)   --->   "%specloopname_ln0 = specloopname void @_ssdm_op_SpecLoopName, void @VITIS_LOOP_109_1_VITIS_LOOP_113_2_str"   --->   Operation 18 'specloopname' 'specloopname_ln0' <Predicate = (!icmp_ln109)> <Delay = 0.00>
ST_1 : Operation 19 [1/1] (0.00ns)   --->   "%speclooptripcount_ln0 = speclooptripcount void @_ssdm_op_SpecLoopTripCount, i64 8192, i64 8192, i64 8192"   --->   Operation 19 'speclooptripcount' 'speclooptripcount_ln0' <Predicate = (!icmp_ln109)> <Delay = 0.00>
ST_1 : Operation 20 [1/1] (1.35ns)   --->   "%icmp_ln113 = icmp_eq  i8 %i_load, i8 128" [mlp_engine.cpp:113->task_detection_accel.cpp:41]   --->   Operation 20 'icmp' 'icmp_ln113' <Predicate = (!icmp_ln109)> <Delay = 1.35> <CoreInst = "Cmp">   --->   Core 9 'Cmp' <Latency = 0> <II = 1> <Delay = 1.35> <FuncUnit> <Opcode : 'seteq' 'setne' 'setle' 'setge' 'setlt' 'setgt'> <InPorts = 2> <OutPorts = 1>
ST_1 : Operation 21 [1/1] (0.37ns)   --->   "%select_ln109 = select i1 %icmp_ln113, i8 0, i8 %i_load" [mlp_engine.cpp:109->task_detection_accel.cpp:41]   --->   Operation 21 'select' 'select_ln109' <Predicate = (!icmp_ln109)> <Delay = 0.37> <CoreInst = "Sel">   --->   Core 73 'Sel' <Latency = 0> <II = 1> <Delay = 0.37> <FuncUnit> <Opcode : 'select'> <InPorts = 3> <OutPorts = 1>
ST_1 : Operation 22 [1/1] (0.51ns)   --->   "%select_ln109_1 = select i1 %icmp_ln113, i7 %add_ln109, i7 %o_load" [mlp_engine.cpp:109->task_detection_accel.cpp:41]   --->   Operation 22 'select' 'select_ln109_1' <Predicate = (!icmp_ln109)> <Delay = 0.51> <CoreInst = "Sel">   --->   Core 73 'Sel' <Latency = 0> <II = 1> <Delay = 0.51> <FuncUnit> <Opcode : 'select'> <InPorts = 3> <OutPorts = 1>
ST_1 : Operation 23 [1/1] (0.00ns)   --->   "%empty = trunc i7 %select_ln109_1" [mlp_engine.cpp:109->task_detection_accel.cpp:41]   --->   Operation 23 'trunc' 'empty' <Predicate = (!icmp_ln109)> <Delay = 0.00>
ST_1 : Operation 24 [1/1] (1.35ns)   --->   "%first_iter_4 = icmp_eq  i8 %select_ln109, i8 0" [mlp_engine.cpp:109->task_detection_accel.cpp:41]   --->   Operation 24 'icmp' 'first_iter_4' <Predicate = (!icmp_ln109)> <Delay = 1.35> <CoreInst = "Cmp">   --->   Core 9 'Cmp' <Latency = 0> <II = 1> <Delay = 1.35> <FuncUnit> <Opcode : 'seteq' 'setne' 'setle' 'setge' 'setlt' 'setgt'> <InPorts = 2> <OutPorts = 1>
ST_1 : Operation 25 [1/1] (0.00ns)   --->   "%zext_ln109 = zext i7 %select_ln109_1" [mlp_engine.cpp:109->task_detection_accel.cpp:41]   --->   Operation 25 'zext' 'zext_ln109' <Predicate = (!icmp_ln109)> <Delay = 0.00>
ST_1 : Operation 26 [1/1] (0.00ns)   --->   "%tmp_2 = bitconcatenate i13 @_ssdm_op_BitConcatenate.i13.i6.i7, i6 %empty, i7 0" [mlp_engine.cpp:115->task_detection_accel.cpp:41]   --->   Operation 26 'bitconcatenate' 'tmp_2' <Predicate = (!icmp_ln109)> <Delay = 0.00>
ST_1 : Operation 27 [1/1] (0.00ns)   --->   "%bias_2_addr = getelementptr i32 %bias_2, i64 0, i64 %zext_ln109" [mlp_engine.cpp:111->task_detection_accel.cpp:41]   --->   Operation 27 'getelementptr' 'bias_2_addr' <Predicate = (!icmp_ln109)> <Delay = 0.00>
ST_1 : Operation 28 [1/1] (0.00ns)   --->   "%br_ln113 = br i1 %first_iter_4, void %for.inc.i34.split, void %for.first.iter.for.inc.i34" [mlp_engine.cpp:113->task_detection_accel.cpp:41]   --->   Operation 28 'br' 'br_ln113' <Predicate = (!icmp_ln109)> <Delay = 0.00>
ST_1 : Operation 29 [1/1] ( I:2.26ns O:2.26ns )   --->   "%store_ln111 = store i32 0, i6 %bias_2_addr" [mlp_engine.cpp:111->task_detection_accel.cpp:41]   --->   Operation 29 'store' 'store_ln111' <Predicate = (!icmp_ln109 & first_iter_4)> <Delay = 2.26> <CoreInst = "RAM">   --->   Core 81 'RAM' <Latency = 1> <II = 1> <Delay = 2.26> <Storage> <Opcode : 'load' 'store'> <Ports = 2> <Width = 32> <Depth = 64> <RAM>
ST_1 : Operation 30 [1/1] (0.00ns)   --->   "%br_ln113 = br void %for.inc.i34.split" [mlp_engine.cpp:113->task_detection_accel.cpp:41]   --->   Operation 30 'br' 'br_ln113' <Predicate = (!icmp_ln109 & first_iter_4)> <Delay = 0.00>
ST_1 : Operation 31 [1/1] (0.00ns)   --->   "%zext_ln115 = zext i8 %select_ln109" [mlp_engine.cpp:115->task_detection_accel.cpp:41]   --->   Operation 31 'zext' 'zext_ln115' <Predicate = (!icmp_ln109)> <Delay = 0.00>
ST_1 : Operation 32 [1/1] (1.35ns)   --->   "%add_ln115 = add i13 %tmp_2, i13 %zext_ln115" [mlp_engine.cpp:115->task_detection_accel.cpp:41]   --->   Operation 32 'add' 'add_ln115' <Predicate = (!icmp_ln109)> <Delay = 1.35> <CoreInst = "Adder">   --->   Core 1 'Adder' <Latency = 0> <II = 1> <Delay = 1.35> <FuncUnit> <Opcode : 'add' 'sub'> <InPorts = 2> <OutPorts = 1>
ST_1 : Operation 33 [1/1] (0.00ns)   --->   "%zext_ln115_1 = zext i13 %add_ln115" [mlp_engine.cpp:115->task_detection_accel.cpp:41]   --->   Operation 33 'zext' 'zext_ln115_1' <Predicate = (!icmp_ln109)> <Delay = 0.00>
ST_1 : Operation 34 [1/1] (0.00ns)   --->   "%weights_2_addr = getelementptr i32 %weights_2, i64 0, i64 %zext_ln115_1" [mlp_engine.cpp:115->task_detection_accel.cpp:41]   --->   Operation 34 'getelementptr' 'weights_2_addr' <Predicate = (!icmp_ln109)> <Delay = 0.00>
ST_1 : Operation 35 [1/1] (0.00ns)   --->   "%specpipeline_ln113 = specpipeline void @_ssdm_op_SpecPipeline, i32 4294967295, i32 0, i32 0, i32 0, i32 4294967295, void @empty_13" [mlp_engine.cpp:113->task_detection_accel.cpp:41]   --->   Operation 35 'specpipeline' 'specpipeline_ln113' <Predicate = (!icmp_ln109)> <Delay = 0.00>
ST_1 : Operation 36 [1/1] ( I:2.26ns O:2.26ns )   --->   "%store_ln115 = store i32 0.01, i13 %weights_2_addr" [mlp_engine.cpp:115->task_detection_accel.cpp:41]   --->   Operation 36 'store' 'store_ln115' <Predicate = (!icmp_ln109)> <Delay = 2.26> <CoreInst = "RAM">   --->   Core 81 'RAM' <Latency = 1> <II = 1> <Delay = 2.26> <Storage> <Opcode : 'load' 'store'> <Ports = 2> <Width = 32> <Depth = 8192> <RAM>
ST_1 : Operation 37 [1/1] (1.35ns)   --->   "%add_ln113 = add i8 %select_ln109, i8 1" [mlp_engine.cpp:113->task_detection_accel.cpp:41]   --->   Operation 37 'add' 'add_ln113' <Predicate = (!icmp_ln109)> <Delay = 1.35> <CoreInst = "Adder">   --->   Core 1 'Adder' <Latency = 0> <II = 1> <Delay = 1.35> <FuncUnit> <Opcode : 'add' 'sub'> <InPorts = 2> <OutPorts = 1>
ST_1 : Operation 38 [1/1] (0.83ns)   --->   "%store_ln109 = store i14 %add_ln109_1, i14 %indvar_flatten30" [mlp_engine.cpp:109->task_detection_accel.cpp:41]   --->   Operation 38 'store' 'store_ln109' <Predicate = (!icmp_ln109)> <Delay = 0.83>
ST_1 : Operation 39 [1/1] (0.83ns)   --->   "%store_ln109 = store i7 %select_ln109_1, i7 %o" [mlp_engine.cpp:109->task_detection_accel.cpp:41]   --->   Operation 39 'store' 'store_ln109' <Predicate = (!icmp_ln109)> <Delay = 0.83>
ST_1 : Operation 40 [1/1] (0.83ns)   --->   "%store_ln113 = store i8 %add_ln113, i8 %i" [mlp_engine.cpp:113->task_detection_accel.cpp:41]   --->   Operation 40 'store' 'store_ln113' <Predicate = (!icmp_ln109)> <Delay = 0.83>
ST_1 : Operation 41 [1/1] (0.00ns)   --->   "%br_ln113 = br void %for.inc.i34" [mlp_engine.cpp:113->task_detection_accel.cpp:41]   --->   Operation 41 'br' 'br_ln113' <Predicate = (!icmp_ln109)> <Delay = 0.00>
ST_1 : Operation 42 [1/1] (0.83ns)   --->   "%ret_ln0 = ret"   --->   Operation 42 'ret' 'ret_ln0' <Predicate = (icmp_ln109)> <Delay = 0.83>


============================================================
+ Verbose Summary: Timing violations
============================================================
Target clock period: 10.000ns, clock uncertainty: 2.700ns.

 <State 1>: 6.323ns
The critical path consists of the following:
	'store' operation ('store_ln113', mlp_engine.cpp:113->task_detection_accel.cpp:41) of constant 0 8 bit on local variable 'i', mlp_engine.cpp:113->task_detection_accel.cpp:41 [8]  (0.833 ns)
	'load' operation 8 bit ('i_load', mlp_engine.cpp:113->task_detection_accel.cpp:41) on local variable 'i', mlp_engine.cpp:113->task_detection_accel.cpp:41 [16]  (0.000 ns)
	'icmp' operation 1 bit ('icmp_ln113', mlp_engine.cpp:113->task_detection_accel.cpp:41) [21]  (1.357 ns)
	'select' operation 7 bit ('select_ln109_1', mlp_engine.cpp:109->task_detection_accel.cpp:41) [23]  (0.517 ns)
	'add' operation 13 bit ('add_ln115', mlp_engine.cpp:115->task_detection_accel.cpp:41) [35]  (1.350 ns)
	'getelementptr' operation 13 bit ('weights_2_addr', mlp_engine.cpp:115->task_detection_accel.cpp:41) [37]  (0.000 ns)
	'store' operation ('store_ln115', mlp_engine.cpp:115->task_detection_accel.cpp:41) of constant 0.01 32 bit on array 'weights_2' [39]  (2.266 ns)


============================================================
+ Verbose Summary: Binding
============================================================
N/A
* FSMD analyzer results:
  - Output states:
 - Input state : 
  - Chain level:
	State 1


============================================================
+ Verbose Summary: Datapath Resource usage 
============================================================
N/A
