

================================================================
== Vitis HLS Report for 'task_detection_accel'
================================================================
* Date:           Sun Jun 14 16:33:27 2026

* Version:        2025.2 (Build 6295257 on Nov 14 2025)
* Project:        task_detection_tpu
* Solution:       hls (Vivado IP Flow Target)
* Product family: kintex7
* Target device:  xc7k325t-ffg900-2


================================================================
== Performance Estimates
================================================================
+ Timing: 
    * Summary: 
    +--------+----------+-----------+------------+
    |  Clock |  Target  | Estimated | Uncertainty|
    +--------+----------+-----------+------------+
    |ap_clk  |  10.00 ns|  53.553 ns|     2.70 ns|
    +--------+----------+-----------+------------+

+ Latency: 
    * Summary: 
    +---------+---------+----------+----------+-------+--------+---------+
    |  Latency (cycles) |  Latency (absolute) |    Interval    | Pipeline|
    |   min   |   max   |    min   |    max   |  min  |   max  |   Type  |
    +---------+---------+----------+----------+-------+--------+---------+
    |    87339|   174451|  4.677 ms|  9.342 ms|  87340|  174452|       no|
    +---------+---------+----------+----------+-------+--------+---------+

    + Detail: 
        * Instance: 
        +----------------------------------------------------------------------------+-----------------------------------------------------------------+---------+---------+-----------+-----------+-----+-----+-------------------+
        |                                                                            |                                                                 |  Latency (cycles) |   Latency (absolute)  |  Interval |      Pipeline     |
        |                                  Instance                                  |                              Module                             |   min   |   max   |    min    |    max    | min | max |        Type       |
        +----------------------------------------------------------------------------+-----------------------------------------------------------------+---------+---------+-----------+-----------+-----+-----+-------------------+
        |grp_task_detection_accel_Pipeline_VITIS_LOOP_29_1_fu_177                    |task_detection_accel_Pipeline_VITIS_LOOP_29_1                    |      183|      183|   1.830 us|   1.830 us|    0|    0|  loop pipeline stp|
        |grp_task_detection_accel_Pipeline_VITIS_LOOP_19_1_VITIS_LOOP_23_2_fu_185    |task_detection_accel_Pipeline_VITIS_LOOP_19_1_VITIS_LOOP_23_2    |    46082|    46082|   0.461 ms|   0.461 ms|    0|    0|  loop pipeline stp|
        |grp_task_detection_accel_Pipeline_VITIS_LOOP_32_3_VITIS_LOOP_38_4_fu_193    |task_detection_accel_Pipeline_VITIS_LOOP_32_3_VITIS_LOOP_38_4    |    46086|    46086|   2.468 ms|   2.468 ms|    0|    0|  loop pipeline stp|
        |grp_task_detection_accel_Pipeline_VITIS_LOOP_64_1_VITIS_LOOP_68_2_fu_203    |task_detection_accel_Pipeline_VITIS_LOOP_64_1_VITIS_LOOP_68_2    |    32770|    32770|   0.328 ms|   0.328 ms|    0|    0|  loop pipeline stp|
        |grp_task_detection_accel_Pipeline_VITIS_LOOP_77_3_VITIS_LOOP_83_4_fu_211    |task_detection_accel_Pipeline_VITIS_LOOP_77_3_VITIS_LOOP_83_4    |    32774|    32774|   1.755 ms|   1.755 ms|    0|    0|  loop pipeline stp|
        |grp_task_detection_accel_Pipeline_VITIS_LOOP_109_1_VITIS_LOOP_113_2_fu_221  |task_detection_accel_Pipeline_VITIS_LOOP_109_1_VITIS_LOOP_113_2  |     8194|     8194|  81.940 us|  81.940 us|    0|    0|  loop pipeline stp|
        |grp_task_detection_accel_Pipeline_VITIS_LOOP_122_3_VITIS_LOOP_128_4_fu_229  |task_detection_accel_Pipeline_VITIS_LOOP_122_3_VITIS_LOOP_128_4  |     8198|     8198|   0.439 ms|   0.439 ms|    0|    0|  loop pipeline stp|
        |grp_task_detection_accel_Pipeline_VITIS_LOOP_156_1_fu_239                   |task_detection_accel_Pipeline_VITIS_LOOP_156_1                   |       66|       66|   0.660 us|   0.660 us|    0|    0|  loop pipeline stp|
        |grp_task_detection_accel_Pipeline_VITIS_LOOP_166_2_fu_245                   |task_detection_accel_Pipeline_VITIS_LOOP_166_2                   |       70|       70|   1.830 us|   1.830 us|    0|    0|  loop pipeline stp|
        +----------------------------------------------------------------------------+-----------------------------------------------------------------+---------+---------+-----------+-----------+-----+-----+-------------------+

        * Loop: 
        N/A

============================================================
+ Verbose Summary: Synthesis Manager
============================================================
InlineROM: 1
ExposeGlobal: 0
============================================================
+ Verbose Summary: CDFG Model
============================================================
IsTopModel: 1
ResetActiveHigh: 1
IsCombinational: 0
IsDatapathOnly: 0
HasWiredReturn: 1
HasMFsm: 0
HasVarLatency: 1
IsPipeline: 0
IsRtlPipelined: 0
IsInstanceOverlapped: 0
IsDontTouch: 0
HasImplIP: 0
IsGatedGlobalClock: 0


============================================================
+ Verbose Summary: Schedule
============================================================
* Number of FSM states : 29
* Pipeline : 0
* Dataflow Pipeline: 0

* FSM state transitions: 
1 --> 2 
2 --> 3 
3 --> 4 
4 --> 5 
5 --> 6 
6 --> 7 
7 --> 8 
8 --> 9 
9 --> 10 
10 --> 11 
11 --> 12 
12 --> 13 
13 --> 14 
14 --> 15 
15 --> 16 
16 --> 17 
17 --> 18 
18 --> 19 
19 --> 20 
20 --> 21 
21 --> 22 
22 --> 23 
23 --> 24 
24 --> 25 
25 --> 26 
26 --> 27 
27 --> 28 
28 --> 29 
29 --> 

* FSM state operations: 

State 1 <SV = 0> <Delay = 2.26>
ST_1 : Operation 30 [1/1] (1.00ns)   --->   "%output_r_read = read i64 @_ssdm_op_Read.s_axilite.i64, i64 %output_r"   --->   Operation 30 'read' 'output_r_read' <Predicate = true> <Delay = 1.00> <CoreInst = "s_axilite">   --->   Core 112 's_axilite' <Latency = 0> <II = 1> <Delay = 1.00> <Adapter> <Opcode : 'read' 'write'>
ST_1 : Operation 31 [1/1] (1.00ns)   --->   "%input_r_read = read i64 @_ssdm_op_Read.s_axilite.i64, i64 %input_r"   --->   Operation 31 'read' 'input_r_read' <Predicate = true> <Delay = 1.00> <CoreInst = "s_axilite">   --->   Core 112 's_axilite' <Latency = 0> <II = 1> <Delay = 1.00> <Adapter> <Opcode : 'read' 'write'>
ST_1 : Operation 32 [1/1] (0.00ns)   --->   "%acc_9_loc = alloca i64 1"   --->   Operation 32 'alloca' 'acc_9_loc' <Predicate = true> <Delay = 0.00>
ST_1 : Operation 33 [1/1] (2.26ns)   --->   "%in_buf = alloca i64 1" [task_detection_accel.cpp:20]   --->   Operation 33 'alloca' 'in_buf' <Predicate = true> <Delay = 2.26>
ST_1 : Operation 34 [1/1] (2.26ns)   --->   "%l1 = alloca i64 1" [task_detection_accel.cpp:22]   --->   Operation 34 'alloca' 'l1' <Predicate = true> <Delay = 2.26>
ST_1 : Operation 35 [1/1] (2.26ns)   --->   "%l2 = alloca i64 1" [task_detection_accel.cpp:23]   --->   Operation 35 'alloca' 'l2' <Predicate = true> <Delay = 2.26>
ST_1 : Operation 36 [1/1] (2.26ns)   --->   "%l3 = alloca i64 1" [task_detection_accel.cpp:24]   --->   Operation 36 'alloca' 'l3' <Predicate = true> <Delay = 2.26>
ST_1 : Operation 37 [1/1] (0.00ns)   --->   "%trunc_ln = partselect i62 @_ssdm_op_PartSelect.i62.i64.i32.i32, i64 %input_r_read, i32 2, i32 63" [task_detection_accel.cpp:29]   --->   Operation 37 'partselect' 'trunc_ln' <Predicate = true> <Delay = 0.00>

State 2 <SV = 1> <Delay = 7.30>
ST_2 : Operation 38 [1/1] (0.00ns)   --->   "%sext_ln29 = sext i62 %trunc_ln" [task_detection_accel.cpp:29]   --->   Operation 38 'sext' 'sext_ln29' <Predicate = true> <Delay = 0.00>
ST_2 : Operation 39 [1/1] (0.00ns)   --->   "%gmem0_addr = getelementptr i32 %gmem0, i64 %sext_ln29" [task_detection_accel.cpp:29]   --->   Operation 39 'getelementptr' 'gmem0_addr' <Predicate = true> <Delay = 0.00>
ST_2 : Operation 40 [8/8] (7.30ns)   --->   "%empty = readreq i1 @_ssdm_op_ReadReq.m_axi.p1i32, i32 %gmem0_addr, i64 180" [task_detection_accel.cpp:29]   --->   Operation 40 'readreq' 'empty' <Predicate = true> <Delay = 7.30> <CoreInst = "m_axi">   --->   Core 111 'm_axi' <Latency = 6> <II = 1> <Delay = 1.00> <Adapter> <Opcode : 'readrequnaligned' 'writerequnaligned' 'read' 'write' 'readreq' 'writereq' 'writeresp'>

State 3 <SV = 2> <Delay = 0.00>
ST_3 : Operation 41 [7/8] (7.30ns)   --->   "%empty = readreq i1 @_ssdm_op_ReadReq.m_axi.p1i32, i32 %gmem0_addr, i64 180" [task_detection_accel.cpp:29]   --->   Operation 41 'readreq' 'empty' <Predicate = true> <Delay = 7.30> <CoreInst = "m_axi">   --->   Core 111 'm_axi' <Latency = 6> <II = 1> <Delay = 1.00> <Adapter> <Opcode : 'readrequnaligned' 'writerequnaligned' 'read' 'write' 'readreq' 'writereq' 'writeresp'>

State 4 <SV = 3> <Delay = 0.00>
ST_4 : Operation 42 [6/8] (7.30ns)   --->   "%empty = readreq i1 @_ssdm_op_ReadReq.m_axi.p1i32, i32 %gmem0_addr, i64 180" [task_detection_accel.cpp:29]   --->   Operation 42 'readreq' 'empty' <Predicate = true> <Delay = 7.30> <CoreInst = "m_axi">   --->   Core 111 'm_axi' <Latency = 6> <II = 1> <Delay = 1.00> <Adapter> <Opcode : 'readrequnaligned' 'writerequnaligned' 'read' 'write' 'readreq' 'writereq' 'writeresp'>

State 5 <SV = 4> <Delay = 0.00>
ST_5 : Operation 43 [5/8] (7.30ns)   --->   "%empty = readreq i1 @_ssdm_op_ReadReq.m_axi.p1i32, i32 %gmem0_addr, i64 180" [task_detection_accel.cpp:29]   --->   Operation 43 'readreq' 'empty' <Predicate = true> <Delay = 7.30> <CoreInst = "m_axi">   --->   Core 111 'm_axi' <Latency = 6> <II = 1> <Delay = 1.00> <Adapter> <Opcode : 'readrequnaligned' 'writerequnaligned' 'read' 'write' 'readreq' 'writereq' 'writeresp'>

State 6 <SV = 5> <Delay = 0.00>
ST_6 : Operation 44 [4/8] (7.30ns)   --->   "%empty = readreq i1 @_ssdm_op_ReadReq.m_axi.p1i32, i32 %gmem0_addr, i64 180" [task_detection_accel.cpp:29]   --->   Operation 44 'readreq' 'empty' <Predicate = true> <Delay = 7.30> <CoreInst = "m_axi">   --->   Core 111 'm_axi' <Latency = 6> <II = 1> <Delay = 1.00> <Adapter> <Opcode : 'readrequnaligned' 'writerequnaligned' 'read' 'write' 'readreq' 'writereq' 'writeresp'>

State 7 <SV = 6> <Delay = 0.00>
ST_7 : Operation 45 [3/8] (7.30ns)   --->   "%empty = readreq i1 @_ssdm_op_ReadReq.m_axi.p1i32, i32 %gmem0_addr, i64 180" [task_detection_accel.cpp:29]   --->   Operation 45 'readreq' 'empty' <Predicate = true> <Delay = 7.30> <CoreInst = "m_axi">   --->   Core 111 'm_axi' <Latency = 6> <II = 1> <Delay = 1.00> <Adapter> <Opcode : 'readrequnaligned' 'writerequnaligned' 'read' 'write' 'readreq' 'writereq' 'writeresp'>

State 8 <SV = 7> <Delay = 0.00>
ST_8 : Operation 46 [2/8] (7.30ns)   --->   "%empty = readreq i1 @_ssdm_op_ReadReq.m_axi.p1i32, i32 %gmem0_addr, i64 180" [task_detection_accel.cpp:29]   --->   Operation 46 'readreq' 'empty' <Predicate = true> <Delay = 7.30> <CoreInst = "m_axi">   --->   Core 111 'm_axi' <Latency = 6> <II = 1> <Delay = 1.00> <Adapter> <Opcode : 'readrequnaligned' 'writerequnaligned' 'read' 'write' 'readreq' 'writereq' 'writeresp'>

State 9 <SV = 8> <Delay = 7.30>
ST_9 : Operation 47 [1/8] ( I:7.30ns O:7.30ns )   --->   "%empty = readreq i1 @_ssdm_op_ReadReq.m_axi.p1i32, i32 %gmem0_addr, i64 180" [task_detection_accel.cpp:29]   --->   Operation 47 'readreq' 'empty' <Predicate = true> <Delay = 7.30> <CoreInst = "m_axi">   --->   Core 111 'm_axi' <Latency = 6> <II = 1> <Delay = 1.00> <Adapter> <Opcode : 'readrequnaligned' 'writerequnaligned' 'read' 'write' 'readreq' 'writereq' 'writeresp'>

State 10 <SV = 9> <Delay = 0.00>
ST_10 : Operation 48 [2/2] (0.00ns)   --->   "%call_ln29 = call void @task_detection_accel_Pipeline_VITIS_LOOP_29_1, i32 %gmem0, i62 %trunc_ln, i32 %in_buf" [task_detection_accel.cpp:29]   --->   Operation 48 'call' 'call_ln29' <Predicate = true> <Delay = 0.00> <CoreType = "Generic">   --->   Generic Core

State 11 <SV = 10> <Delay = 0.00>
ST_11 : Operation 49 [1/1] (0.00ns)   --->   "%spectopmodule_ln6 = spectopmodule void @_ssdm_op_SpecTopModule, void @empty_5" [task_detection_accel.cpp:6]   --->   Operation 49 'spectopmodule' 'spectopmodule_ln6' <Predicate = true> <Delay = 0.00>
ST_11 : Operation 50 [1/1] (0.00ns)   --->   "%specinterface_ln0 = specinterface void @_ssdm_op_SpecInterface, i32 %gmem0, void @empty_14, i32 0, i32 0, void @empty_13, i32 0, i32 0, void @empty_12, void @empty_11, void @empty_13, i32 16, i32 16, i32 16, i32 16, void @empty_13, void @empty_13, i32 4294967295, i32 0, i32 0, i32 4"   --->   Operation 50 'specinterface' 'specinterface_ln0' <Predicate = true> <Delay = 0.00>
ST_11 : Operation 51 [1/1] (0.00ns)   --->   "%specbitsmap_ln0 = specbitsmap void @_ssdm_op_SpecBitsMap, i32 %gmem0"   --->   Operation 51 'specbitsmap' 'specbitsmap_ln0' <Predicate = true> <Delay = 0.00>
ST_11 : Operation 52 [1/1] (0.00ns)   --->   "%specinterface_ln0 = specinterface void @_ssdm_op_SpecInterface, i32 %gmem1, void @empty_14, i32 0, i32 0, void @empty_13, i32 0, i32 0, void @empty, void @empty_11, void @empty_13, i32 16, i32 16, i32 16, i32 16, void @empty_13, void @empty_13, i32 4294967295, i32 0, i32 0, i32 4"   --->   Operation 52 'specinterface' 'specinterface_ln0' <Predicate = true> <Delay = 0.00>
ST_11 : Operation 53 [1/1] (0.00ns)   --->   "%specbitsmap_ln0 = specbitsmap void @_ssdm_op_SpecBitsMap, i32 %gmem1"   --->   Operation 53 'specbitsmap' 'specbitsmap_ln0' <Predicate = true> <Delay = 0.00>
ST_11 : Operation 54 [1/1] (0.00ns)   --->   "%specinterface_ln0 = specinterface void @_ssdm_op_SpecInterface, i64 %input_r, void @empty_10, i32 0, i32 0, void @empty_13, i32 0, i32 0, void @empty_9, void @empty_0, void @empty_13, i32 0, i32 0, i32 0, i32 0, void @empty_13, void @empty_1, i32 4294967295, i32 0, i32 0, i32 0"   --->   Operation 54 'specinterface' 'specinterface_ln0' <Predicate = true> <Delay = 0.00>
ST_11 : Operation 55 [1/1] (0.00ns)   --->   "%specinterface_ln0 = specinterface void @_ssdm_op_SpecInterface, i64 %input_r, void @empty_2, i32 0, i32 0, void @empty_13, i32 0, i32 0, void @empty_13, void @empty_13, void @empty_13, i32 0, i32 0, i32 0, i32 0, void @empty_13, void @empty_1, i32 4294967295, i32 0, i32 0, i32 0"   --->   Operation 55 'specinterface' 'specinterface_ln0' <Predicate = true> <Delay = 0.00>
ST_11 : Operation 56 [1/1] (0.00ns)   --->   "%specinterface_ln0 = specinterface void @_ssdm_op_SpecInterface, i64 %output_r, void @empty_10, i32 0, i32 0, void @empty_13, i32 0, i32 0, void @empty_9, void @empty_15, void @empty_13, i32 0, i32 0, i32 0, i32 0, void @empty_13, void @empty_1, i32 4294967295, i32 0, i32 0, i32 0"   --->   Operation 56 'specinterface' 'specinterface_ln0' <Predicate = true> <Delay = 0.00>
ST_11 : Operation 57 [1/1] (0.00ns)   --->   "%specinterface_ln0 = specinterface void @_ssdm_op_SpecInterface, i64 %output_r, void @empty_2, i32 0, i32 0, void @empty_13, i32 0, i32 0, void @empty_13, void @empty_13, void @empty_13, i32 0, i32 0, i32 0, i32 0, void @empty_13, void @empty_1, i32 4294967295, i32 0, i32 0, i32 0"   --->   Operation 57 'specinterface' 'specinterface_ln0' <Predicate = true> <Delay = 0.00>
ST_11 : Operation 58 [1/1] (0.00ns)   --->   "%specbitsmap_ln0 = specbitsmap void @_ssdm_op_SpecBitsMap, i32 %task_id"   --->   Operation 58 'specbitsmap' 'specbitsmap_ln0' <Predicate = true> <Delay = 0.00>
ST_11 : Operation 59 [1/1] (0.00ns)   --->   "%specinterface_ln0 = specinterface void @_ssdm_op_SpecInterface, i32 %task_id, void @empty_10, i32 4294967295, i32 4294967295, void @empty_13, i32 0, i32 0, void @empty_3, void @empty_0, void @empty_13, i32 0, i32 0, i32 0, i32 0, void @empty_13, void @empty_13, i32 4294967295, i32 0, i32 0, i32 0"   --->   Operation 59 'specinterface' 'specinterface_ln0' <Predicate = true> <Delay = 0.00>
ST_11 : Operation 60 [1/1] (0.00ns)   --->   "%specinterface_ln0 = specinterface void @_ssdm_op_SpecInterface, i32 %task_id, void @empty_2, i32 0, i32 0, void @empty_13, i32 0, i32 0, void @empty_13, void @empty_13, void @empty_13, i32 0, i32 0, i32 0, i32 0, void @empty_13, void @empty_13, i32 4294967295, i32 0, i32 0, i32 0"   --->   Operation 60 'specinterface' 'specinterface_ln0' <Predicate = true> <Delay = 0.00>
ST_11 : Operation 61 [1/1] (0.00ns)   --->   "%specbitsmap_ln0 = specbitsmap void @_ssdm_op_SpecBitsMap, i32 %top_k"   --->   Operation 61 'specbitsmap' 'specbitsmap_ln0' <Predicate = true> <Delay = 0.00>
ST_11 : Operation 62 [1/1] (0.00ns)   --->   "%specinterface_ln0 = specinterface void @_ssdm_op_SpecInterface, i32 %top_k, void @empty_10, i32 4294967295, i32 4294967295, void @empty_13, i32 0, i32 0, void @empty_3, void @empty_4, void @empty_13, i32 0, i32 0, i32 0, i32 0, void @empty_13, void @empty_13, i32 4294967295, i32 0, i32 0, i32 0"   --->   Operation 62 'specinterface' 'specinterface_ln0' <Predicate = true> <Delay = 0.00>
ST_11 : Operation 63 [1/1] (0.00ns)   --->   "%specinterface_ln0 = specinterface void @_ssdm_op_SpecInterface, i32 %top_k, void @empty_2, i32 0, i32 0, void @empty_13, i32 0, i32 0, void @empty_13, void @empty_13, void @empty_13, i32 0, i32 0, i32 0, i32 0, void @empty_13, void @empty_13, i32 4294967295, i32 0, i32 0, i32 0"   --->   Operation 63 'specinterface' 'specinterface_ln0' <Predicate = true> <Delay = 0.00>
ST_11 : Operation 64 [1/1] (0.00ns)   --->   "%specinterface_ln0 = specinterface void @_ssdm_op_SpecInterface, i32 0, void @empty_10, i32 0, i32 0, void @empty_13, i32 0, i32 0, void @empty_3, void @empty_13, void @empty_13, i32 0, i32 0, i32 0, i32 0, void @empty_13, void @empty_13, i32 0, i32 0, i32 0, i32 0"   --->   Operation 64 'specinterface' 'specinterface_ln0' <Predicate = true> <Delay = 0.00>
ST_11 : Operation 65 [1/2] (0.00ns)   --->   "%call_ln29 = call void @task_detection_accel_Pipeline_VITIS_LOOP_29_1, i32 %gmem0, i62 %trunc_ln, i32 %in_buf" [task_detection_accel.cpp:29]   --->   Operation 65 'call' 'call_ln29' <Predicate = true> <Delay = 0.00> <CoreType = "Generic">   --->   Generic Core
ST_11 : Operation 66 [1/1] (0.00ns)   --->   "%initialized_2_load = load i1 %initialized_2" [mlp_engine.cpp:17->task_detection_accel.cpp:37]   --->   Operation 66 'load' 'initialized_2_load' <Predicate = true> <Delay = 0.00>
ST_11 : Operation 67 [1/1] (0.00ns)   --->   "%br_ln17 = br i1 %initialized_2_load, void %for.inc.i.preheader, void %VITIS_LOOP_32_3.i" [mlp_engine.cpp:17->task_detection_accel.cpp:37]   --->   Operation 67 'br' 'br_ln17' <Predicate = true> <Delay = 0.00>
ST_11 : Operation 68 [2/2] (0.00ns)   --->   "%call_ln0 = call void @task_detection_accel_Pipeline_VITIS_LOOP_19_1_VITIS_LOOP_23_2, i32 %weights_1, i32 %bias_1"   --->   Operation 68 'call' 'call_ln0' <Predicate = (!initialized_2_load)> <Delay = 0.00> <CoreType = "Generic">   --->   Generic Core

State 12 <SV = 11> <Delay = 2.17>
ST_12 : Operation 69 [1/2] (2.17ns)   --->   "%call_ln0 = call void @task_detection_accel_Pipeline_VITIS_LOOP_19_1_VITIS_LOOP_23_2, i32 %weights_1, i32 %bias_1"   --->   Operation 69 'call' 'call_ln0' <Predicate = (!initialized_2_load)> <Delay = 2.17> <CoreType = "Generic">   --->   Generic Core
ST_12 : Operation 70 [1/1] (0.00ns)   --->   "%store_ln29 = store i1 1, i1 %initialized_2" [mlp_engine.cpp:29->task_detection_accel.cpp:37]   --->   Operation 70 'store' 'store_ln29' <Predicate = (!initialized_2_load)> <Delay = 0.00>
ST_12 : Operation 71 [1/1] (0.00ns)   --->   "%br_ln30 = br void %VITIS_LOOP_32_3.i" [mlp_engine.cpp:30->task_detection_accel.cpp:37]   --->   Operation 71 'br' 'br_ln30' <Predicate = (!initialized_2_load)> <Delay = 0.00>

State 13 <SV = 12> <Delay = 0.00>
ST_13 : Operation 72 [2/2] (0.00ns)   --->   "%call_ln0 = call void @task_detection_accel_Pipeline_VITIS_LOOP_32_3_VITIS_LOOP_38_4, i32 %in_buf, i32 %l1, i32 %weights_1, i32 %bias_1"   --->   Operation 72 'call' 'call_ln0' <Predicate = true> <Delay = 0.00> <CoreType = "Generic">   --->   Generic Core

State 14 <SV = 13> <Delay = 0.00>
ST_14 : Operation 73 [1/2] (0.00ns)   --->   "%call_ln0 = call void @task_detection_accel_Pipeline_VITIS_LOOP_32_3_VITIS_LOOP_38_4, i32 %in_buf, i32 %l1, i32 %weights_1, i32 %bias_1"   --->   Operation 73 'call' 'call_ln0' <Predicate = true> <Delay = 0.00> <CoreType = "Generic">   --->   Generic Core
ST_14 : Operation 74 [1/1] (0.00ns)   --->   "%initialized_1_load = load i1 %initialized_1" [mlp_engine.cpp:62->task_detection_accel.cpp:39]   --->   Operation 74 'load' 'initialized_1_load' <Predicate = true> <Delay = 0.00>
ST_14 : Operation 75 [1/1] (0.00ns)   --->   "%br_ln62 = br i1 %initialized_1_load, void %for.inc.i8.preheader, void %VITIS_LOOP_77_3.i" [mlp_engine.cpp:62->task_detection_accel.cpp:39]   --->   Operation 75 'br' 'br_ln62' <Predicate = true> <Delay = 0.00>
ST_14 : Operation 76 [2/2] (0.00ns)   --->   "%call_ln0 = call void @task_detection_accel_Pipeline_VITIS_LOOP_64_1_VITIS_LOOP_68_2, i32 %weights, i32 %bias"   --->   Operation 76 'call' 'call_ln0' <Predicate = (!initialized_1_load)> <Delay = 0.00> <CoreType = "Generic">   --->   Generic Core

State 15 <SV = 14> <Delay = 2.17>
ST_15 : Operation 77 [1/2] (2.17ns)   --->   "%call_ln0 = call void @task_detection_accel_Pipeline_VITIS_LOOP_64_1_VITIS_LOOP_68_2, i32 %weights, i32 %bias"   --->   Operation 77 'call' 'call_ln0' <Predicate = (!initialized_1_load)> <Delay = 2.17> <CoreType = "Generic">   --->   Generic Core
ST_15 : Operation 78 [1/1] (0.00ns)   --->   "%store_ln74 = store i1 1, i1 %initialized_1" [mlp_engine.cpp:74->task_detection_accel.cpp:39]   --->   Operation 78 'store' 'store_ln74' <Predicate = (!initialized_1_load)> <Delay = 0.00>
ST_15 : Operation 79 [1/1] (0.00ns)   --->   "%br_ln75 = br void %VITIS_LOOP_77_3.i" [mlp_engine.cpp:75->task_detection_accel.cpp:39]   --->   Operation 79 'br' 'br_ln75' <Predicate = (!initialized_1_load)> <Delay = 0.00>

State 16 <SV = 15> <Delay = 0.00>
ST_16 : Operation 80 [2/2] (0.00ns)   --->   "%call_ln0 = call void @task_detection_accel_Pipeline_VITIS_LOOP_77_3_VITIS_LOOP_83_4, i32 %l1, i32 %l2, i32 %weights, i32 %bias"   --->   Operation 80 'call' 'call_ln0' <Predicate = true> <Delay = 0.00> <CoreType = "Generic">   --->   Generic Core

State 17 <SV = 16> <Delay = 0.00>
ST_17 : Operation 81 [1/2] (0.00ns)   --->   "%call_ln0 = call void @task_detection_accel_Pipeline_VITIS_LOOP_77_3_VITIS_LOOP_83_4, i32 %l1, i32 %l2, i32 %weights, i32 %bias"   --->   Operation 81 'call' 'call_ln0' <Predicate = true> <Delay = 0.00> <CoreType = "Generic">   --->   Generic Core
ST_17 : Operation 82 [1/1] (0.00ns)   --->   "%initialized_3_load = load i1 %initialized_3" [mlp_engine.cpp:107->task_detection_accel.cpp:41]   --->   Operation 82 'load' 'initialized_3_load' <Predicate = true> <Delay = 0.00>
ST_17 : Operation 83 [1/1] (0.00ns)   --->   "%br_ln107 = br i1 %initialized_3_load, void %for.inc.i34.preheader, void %VITIS_LOOP_122_3.i" [mlp_engine.cpp:107->task_detection_accel.cpp:41]   --->   Operation 83 'br' 'br_ln107' <Predicate = true> <Delay = 0.00>
ST_17 : Operation 84 [2/2] (0.00ns)   --->   "%call_ln0 = call void @task_detection_accel_Pipeline_VITIS_LOOP_109_1_VITIS_LOOP_113_2, i32 %weights_2, i32 %bias_2"   --->   Operation 84 'call' 'call_ln0' <Predicate = (!initialized_3_load)> <Delay = 0.00> <CoreType = "Generic">   --->   Generic Core

State 18 <SV = 17> <Delay = 3.01>
ST_18 : Operation 85 [1/2] (3.01ns)   --->   "%call_ln0 = call void @task_detection_accel_Pipeline_VITIS_LOOP_109_1_VITIS_LOOP_113_2, i32 %weights_2, i32 %bias_2"   --->   Operation 85 'call' 'call_ln0' <Predicate = (!initialized_3_load)> <Delay = 3.01> <CoreType = "Generic">   --->   Generic Core
ST_18 : Operation 86 [1/1] (0.00ns)   --->   "%store_ln119 = store i1 1, i1 %initialized_3" [mlp_engine.cpp:119->task_detection_accel.cpp:41]   --->   Operation 86 'store' 'store_ln119' <Predicate = (!initialized_3_load)> <Delay = 0.00>
ST_18 : Operation 87 [1/1] (0.00ns)   --->   "%br_ln120 = br void %VITIS_LOOP_122_3.i" [mlp_engine.cpp:120->task_detection_accel.cpp:41]   --->   Operation 87 'br' 'br_ln120' <Predicate = (!initialized_3_load)> <Delay = 0.00>

State 19 <SV = 18> <Delay = 0.00>
ST_19 : Operation 88 [2/2] (0.00ns)   --->   "%call_ln0 = call void @task_detection_accel_Pipeline_VITIS_LOOP_122_3_VITIS_LOOP_128_4, i32 %l2, i32 %l3, i32 %weights_2, i32 %bias_2"   --->   Operation 88 'call' 'call_ln0' <Predicate = true> <Delay = 0.00> <CoreType = "Generic">   --->   Generic Core

State 20 <SV = 19> <Delay = 0.00>
ST_20 : Operation 89 [1/2] (0.00ns)   --->   "%call_ln0 = call void @task_detection_accel_Pipeline_VITIS_LOOP_122_3_VITIS_LOOP_128_4, i32 %l2, i32 %l3, i32 %weights_2, i32 %bias_2"   --->   Operation 89 'call' 'call_ln0' <Predicate = true> <Delay = 0.00> <CoreType = "Generic">   --->   Generic Core
ST_20 : Operation 90 [1/1] (0.00ns)   --->   "%initialized_load = load i1 %initialized" [mlp_engine.cpp:152->task_detection_accel.cpp:43]   --->   Operation 90 'load' 'initialized_load' <Predicate = true> <Delay = 0.00>
ST_20 : Operation 91 [1/1] (0.00ns)   --->   "%br_ln152 = br i1 %initialized_load, void %for.inc.i54.preheader, void %if.end.i" [mlp_engine.cpp:152->task_detection_accel.cpp:43]   --->   Operation 91 'br' 'br_ln152' <Predicate = true> <Delay = 0.00>
ST_20 : Operation 92 [2/2] (0.00ns)   --->   "%call_ln0 = call void @task_detection_accel_Pipeline_VITIS_LOOP_156_1, i32 %linear_64_1_float_float_weights_1"   --->   Operation 92 'call' 'call_ln0' <Predicate = (!initialized_load)> <Delay = 0.00> <CoreType = "Generic">   --->   Generic Core

State 21 <SV = 20> <Delay = 2.93>
ST_21 : Operation 93 [1/2] (2.93ns)   --->   "%call_ln0 = call void @task_detection_accel_Pipeline_VITIS_LOOP_156_1, i32 %linear_64_1_float_float_weights_1"   --->   Operation 93 'call' 'call_ln0' <Predicate = (!initialized_load)> <Delay = 2.93> <CoreType = "Generic">   --->   Generic Core
ST_21 : Operation 94 [1/1] (0.00ns)   --->   "%store_ln161 = store i1 1, i1 %initialized" [mlp_engine.cpp:161->task_detection_accel.cpp:43]   --->   Operation 94 'store' 'store_ln161' <Predicate = (!initialized_load)> <Delay = 0.00>
ST_21 : Operation 95 [1/1] (0.00ns)   --->   "%br_ln162 = br void %if.end.i" [mlp_engine.cpp:162->task_detection_accel.cpp:43]   --->   Operation 95 'br' 'br_ln162' <Predicate = (!initialized_load)> <Delay = 0.00>
ST_21 : Operation 96 [1/1] (0.00ns)   --->   "%trunc_ln1 = partselect i62 @_ssdm_op_PartSelect.i62.i64.i32.i32, i64 %output_r_read, i32 2, i32 63" [task_detection_accel.cpp:47]   --->   Operation 96 'partselect' 'trunc_ln1' <Predicate = true> <Delay = 0.00>
ST_21 : Operation 97 [1/1] (0.00ns)   --->   "%sext_ln47 = sext i62 %trunc_ln1" [task_detection_accel.cpp:47]   --->   Operation 97 'sext' 'sext_ln47' <Predicate = true> <Delay = 0.00>
ST_21 : Operation 98 [1/1] (0.00ns)   --->   "%gmem1_addr = getelementptr i32 %gmem1, i64 %sext_ln47" [task_detection_accel.cpp:47]   --->   Operation 98 'getelementptr' 'gmem1_addr' <Predicate = true> <Delay = 0.00>

State 22 <SV = 21> <Delay = 7.30>
ST_22 : Operation 99 [2/2] (0.00ns)   --->   "%call_ln0 = call void @task_detection_accel_Pipeline_VITIS_LOOP_166_2, i32 %l3, i32 %acc_9_loc, i32 %linear_64_1_float_float_weights_1"   --->   Operation 99 'call' 'call_ln0' <Predicate = true> <Delay = 0.00> <CoreType = "Generic">   --->   Generic Core
ST_22 : Operation 100 [1/1] ( I:7.30ns O:7.30ns )   --->   "%gmem1_addr_req = writereq i1 @_ssdm_op_WriteReq.m_axi.i32P1A, i32 %gmem1_addr, i64 1" [task_detection_accel.cpp:47]   --->   Operation 100 'writereq' 'gmem1_addr_req' <Predicate = true> <Delay = 7.30> <CoreInst = "m_axi">   --->   Core 111 'm_axi' <Latency = 9> <II = 1> <Delay = 1.00> <Adapter> <Opcode : 'readrequnaligned' 'writerequnaligned' 'read' 'write' 'readreq' 'writereq' 'writeresp'>

State 23 <SV = 22> <Delay = 0.00>
ST_23 : Operation 101 [1/2] (0.00ns)   --->   "%call_ln0 = call void @task_detection_accel_Pipeline_VITIS_LOOP_166_2, i32 %l3, i32 %acc_9_loc, i32 %linear_64_1_float_float_weights_1"   --->   Operation 101 'call' 'call_ln0' <Predicate = true> <Delay = 0.00> <CoreType = "Generic">   --->   Generic Core

State 24 <SV = 23> <Delay = 7.30>
ST_24 : Operation 102 [1/1] (0.00ns)   --->   "%acc_9_loc_load = load i32 %acc_9_loc"   --->   Operation 102 'load' 'acc_9_loc_load' <Predicate = true> <Delay = 0.00>
ST_24 : Operation 103 [1/1] (0.00ns)   --->   "%bitcast_ln47 = bitcast i32 %acc_9_loc_load" [task_detection_accel.cpp:47]   --->   Operation 103 'bitcast' 'bitcast_ln47' <Predicate = true> <Delay = 0.00>
ST_24 : Operation 104 [1/1] ( I:7.30ns O:7.30ns )   --->   "%write_ln47 = write void @_ssdm_op_Write.m_axi.i32P1A, i32 %gmem1_addr, i32 %bitcast_ln47, i4 15" [task_detection_accel.cpp:47]   --->   Operation 104 'write' 'write_ln47' <Predicate = true> <Delay = 7.30> <CoreInst = "m_axi">   --->   Core 111 'm_axi' <Latency = 5> <II = 1> <Delay = 1.00> <Adapter> <Opcode : 'readrequnaligned' 'writerequnaligned' 'read' 'write' 'readreq' 'writereq' 'writeresp'>

State 25 <SV = 24> <Delay = 0.00>
ST_25 : Operation 105 [5/5] (7.30ns)   --->   "%gmem1_addr_resp = writeresp i1 @_ssdm_op_WriteResp.m_axi.i32P1A, i32 %gmem1_addr" [task_detection_accel.cpp:47]   --->   Operation 105 'writeresp' 'gmem1_addr_resp' <Predicate = true> <Delay = 7.30> <CoreInst = "m_axi">   --->   Core 111 'm_axi' <Latency = 3> <II = 1> <Delay = 1.00> <Adapter> <Opcode : 'readrequnaligned' 'writerequnaligned' 'read' 'write' 'readreq' 'writereq' 'writeresp'>

State 26 <SV = 25> <Delay = 0.00>
ST_26 : Operation 106 [4/5] (7.30ns)   --->   "%gmem1_addr_resp = writeresp i1 @_ssdm_op_WriteResp.m_axi.i32P1A, i32 %gmem1_addr" [task_detection_accel.cpp:47]   --->   Operation 106 'writeresp' 'gmem1_addr_resp' <Predicate = true> <Delay = 7.30> <CoreInst = "m_axi">   --->   Core 111 'm_axi' <Latency = 3> <II = 1> <Delay = 1.00> <Adapter> <Opcode : 'readrequnaligned' 'writerequnaligned' 'read' 'write' 'readreq' 'writereq' 'writeresp'>

State 27 <SV = 26> <Delay = 0.00>
ST_27 : Operation 107 [3/5] (7.30ns)   --->   "%gmem1_addr_resp = writeresp i1 @_ssdm_op_WriteResp.m_axi.i32P1A, i32 %gmem1_addr" [task_detection_accel.cpp:47]   --->   Operation 107 'writeresp' 'gmem1_addr_resp' <Predicate = true> <Delay = 7.30> <CoreInst = "m_axi">   --->   Core 111 'm_axi' <Latency = 3> <II = 1> <Delay = 1.00> <Adapter> <Opcode : 'readrequnaligned' 'writerequnaligned' 'read' 'write' 'readreq' 'writereq' 'writeresp'>

State 28 <SV = 27> <Delay = 0.00>
ST_28 : Operation 108 [2/5] (7.30ns)   --->   "%gmem1_addr_resp = writeresp i1 @_ssdm_op_WriteResp.m_axi.i32P1A, i32 %gmem1_addr" [task_detection_accel.cpp:47]   --->   Operation 108 'writeresp' 'gmem1_addr_resp' <Predicate = true> <Delay = 7.30> <CoreInst = "m_axi">   --->   Core 111 'm_axi' <Latency = 3> <II = 1> <Delay = 1.00> <Adapter> <Opcode : 'readrequnaligned' 'writerequnaligned' 'read' 'write' 'readreq' 'writereq' 'writeresp'>

State 29 <SV = 28> <Delay = 7.30>
ST_29 : Operation 109 [1/5] ( I:7.30ns O:7.30ns )   --->   "%gmem1_addr_resp = writeresp i1 @_ssdm_op_WriteResp.m_axi.i32P1A, i32 %gmem1_addr" [task_detection_accel.cpp:47]   --->   Operation 109 'writeresp' 'gmem1_addr_resp' <Predicate = true> <Delay = 7.30> <CoreInst = "m_axi">   --->   Core 111 'm_axi' <Latency = 3> <II = 1> <Delay = 1.00> <Adapter> <Opcode : 'readrequnaligned' 'writerequnaligned' 'read' 'write' 'readreq' 'writereq' 'writeresp'>
ST_29 : Operation 110 [1/1] (0.00ns)   --->   "%ret_ln48 = ret" [task_detection_accel.cpp:48]   --->   Operation 110 'ret' 'ret_ln48' <Predicate = true> <Delay = 0.00>


============================================================
+ Verbose Summary: Binding
============================================================
STG Binding: 
---------------- STG Properties BEGIN ----------------
- Is combinational: 0
- Is one-state seq: 0
- Is datapath-only: 0
- Is pipelined: 0
- Is top level: 1
Port [ Return ] is wired: 1; IO mode=ap_ctrl_hs:ce=0
Port [ gmem0]:  wired=1; compound=1; hidden=0; nouse=0; global=0; static=0; extern=0; dir=0; type=4; pingpong=0; private_global=0; IO mode=m_axi:ce=0
Port [ gmem1]:  wired=1; compound=1; hidden=0; nouse=0; global=0; static=0; extern=0; dir=1; type=4; pingpong=0; private_global=0; IO mode=m_axi:ce=0
Port [ input_r]:  wired=1; compound=0; hidden=0; nouse=0; global=0; static=0; extern=0; dir=0; type=0; pingpong=0; private_global=0; IO mode=ap_none:ce=0
Port [ output_r]:  wired=1; compound=0; hidden=0; nouse=0; global=0; static=0; extern=0; dir=0; type=0; pingpong=0; private_global=0; IO mode=ap_none:ce=0
Port [ task_id]:  wired=1; compound=0; hidden=0; nouse=1; global=0; static=0; extern=0; dir=0; type=0; pingpong=0; private_global=0; IO mode=ap_none:ce=0
Port [ top_k]:  wired=1; compound=0; hidden=0; nouse=1; global=0; static=0; extern=0; dir=0; type=0; pingpong=0; private_global=0; IO mode=ap_none:ce=0
Port [ initialized_2]:  wired=0; compound=0; hidden=1; nouse=0; global=1; static=1; extern=0; dir=2; type=0; pingpong=0; private_global=1; IO mode=ap_ovld:ce=0
Port [ weights_1]:  wired=0; compound=1; hidden=1; nouse=0; global=1; static=1; extern=0; dir=2; type=1; pingpong=0; private_global=1; MemPort=[23]; IO mode=ap_memory:ce=0
Port [ bias_1]:  wired=0; compound=1; hidden=1; nouse=0; global=1; static=1; extern=0; dir=2; type=1; pingpong=0; private_global=1; MemPort=[23]; IO mode=ap_memory:ce=0
Port [ initialized_1]:  wired=0; compound=0; hidden=1; nouse=0; global=1; static=1; extern=0; dir=2; type=0; pingpong=0; private_global=1; IO mode=ap_ovld:ce=0
Port [ weights]:  wired=0; compound=1; hidden=1; nouse=0; global=1; static=1; extern=0; dir=2; type=1; pingpong=0; private_global=1; MemPort=[23]; IO mode=ap_memory:ce=0
Port [ bias]:  wired=0; compound=1; hidden=1; nouse=0; global=1; static=1; extern=0; dir=2; type=1; pingpong=0; private_global=1; MemPort=[23]; IO mode=ap_memory:ce=0
Port [ initialized_3]:  wired=0; compound=0; hidden=1; nouse=0; global=1; static=1; extern=0; dir=2; type=0; pingpong=0; private_global=1; IO mode=ap_ovld:ce=0
Port [ weights_2]:  wired=0; compound=1; hidden=1; nouse=0; global=1; static=1; extern=0; dir=2; type=1; pingpong=0; private_global=1; MemPort=[23]; IO mode=ap_memory:ce=0
Port [ bias_2]:  wired=0; compound=1; hidden=1; nouse=0; global=1; static=1; extern=0; dir=2; type=1; pingpong=0; private_global=1; MemPort=[23]; IO mode=ap_memory:ce=0
Port [ initialized]:  wired=0; compound=0; hidden=1; nouse=0; global=1; static=1; extern=0; dir=2; type=0; pingpong=0; private_global=1; IO mode=ap_ovld:ce=0
Port [ linear_64_1_float_float_weights_1]:  wired=0; compound=1; hidden=1; nouse=0; global=1; static=1; extern=0; dir=2; type=1; pingpong=0; private_global=1; MemPort=[23]; IO mode=ap_memory:ce=0
---------------- STG Properties END ------------------

---------------- Datapath Model BEGIN ----------------

<LifeTime>
<method=bitvector/>
output_r_read      (read         ) [ 001111111111111111111100000000]
input_r_read       (read         ) [ 000000000000000000000000000000]
acc_9_loc          (alloca       ) [ 001111111111111111111111100000]
in_buf             (alloca       ) [ 001111111111111000000000000000]
l1                 (alloca       ) [ 001111111111111111000000000000]
l2                 (alloca       ) [ 001111111111111111111000000000]
l3                 (alloca       ) [ 001111111111111111111111000000]
trunc_ln           (partselect   ) [ 001111111111000000000000000000]
sext_ln29          (sext         ) [ 000000000000000000000000000000]
gmem0_addr         (getelementptr) [ 000111111100000000000000000000]
empty              (readreq      ) [ 000000000000000000000000000000]
spectopmodule_ln6  (spectopmodule) [ 000000000000000000000000000000]
specinterface_ln0  (specinterface) [ 000000000000000000000000000000]
specbitsmap_ln0    (specbitsmap  ) [ 000000000000000000000000000000]
specinterface_ln0  (specinterface) [ 000000000000000000000000000000]
specbitsmap_ln0    (specbitsmap  ) [ 000000000000000000000000000000]
specinterface_ln0  (specinterface) [ 000000000000000000000000000000]
specinterface_ln0  (specinterface) [ 000000000000000000000000000000]
specinterface_ln0  (specinterface) [ 000000000000000000000000000000]
specinterface_ln0  (specinterface) [ 000000000000000000000000000000]
specbitsmap_ln0    (specbitsmap  ) [ 000000000000000000000000000000]
specinterface_ln0  (specinterface) [ 000000000000000000000000000000]
specinterface_ln0  (specinterface) [ 000000000000000000000000000000]
specbitsmap_ln0    (specbitsmap  ) [ 000000000000000000000000000000]
specinterface_ln0  (specinterface) [ 000000000000000000000000000000]
specinterface_ln0  (specinterface) [ 000000000000000000000000000000]
specinterface_ln0  (specinterface) [ 000000000000000000000000000000]
call_ln29          (call         ) [ 000000000000000000000000000000]
initialized_2_load (load         ) [ 000000000001100000000000000000]
br_ln17            (br           ) [ 000000000000000000000000000000]
call_ln0           (call         ) [ 000000000000000000000000000000]
store_ln29         (store        ) [ 000000000000000000000000000000]
br_ln30            (br           ) [ 000000000000000000000000000000]
call_ln0           (call         ) [ 000000000000000000000000000000]
initialized_1_load (load         ) [ 000000000000001100000000000000]
br_ln62            (br           ) [ 000000000000000000000000000000]
call_ln0           (call         ) [ 000000000000000000000000000000]
store_ln74         (store        ) [ 000000000000000000000000000000]
br_ln75            (br           ) [ 000000000000000000000000000000]
call_ln0           (call         ) [ 000000000000000000000000000000]
initialized_3_load (load         ) [ 000000000000000001100000000000]
br_ln107           (br           ) [ 000000000000000000000000000000]
call_ln0           (call         ) [ 000000000000000000000000000000]
store_ln119        (store        ) [ 000000000000000000000000000000]
br_ln120           (br           ) [ 000000000000000000000000000000]
call_ln0           (call         ) [ 000000000000000000000000000000]
initialized_load   (load         ) [ 000000000000000000001100000000]
br_ln152           (br           ) [ 000000000000000000000000000000]
call_ln0           (call         ) [ 000000000000000000000000000000]
store_ln161        (store        ) [ 000000000000000000000000000000]
br_ln162           (br           ) [ 000000000000000000000000000000]
trunc_ln1          (partselect   ) [ 000000000000000000000000000000]
sext_ln47          (sext         ) [ 000000000000000000000000000000]
gmem1_addr         (getelementptr) [ 000000000000000000000011111111]
gmem1_addr_req     (writereq     ) [ 000000000000000000000000000000]
call_ln0           (call         ) [ 000000000000000000000000000000]
acc_9_loc_load     (load         ) [ 000000000000000000000000000000]
bitcast_ln47       (bitcast      ) [ 000000000000000000000000000000]
write_ln47         (write        ) [ 000000000000000000000000000000]
gmem1_addr_resp    (writeresp    ) [ 000000000000000000000000000000]
ret_ln48           (ret          ) [ 000000000000000000000000000000]
</LifeTime>

<model>

<comp_list>
<comp id="0" class="1000" name="gmem0">
<pin_list>
<pin id="1" dir="1" index="0" bw="1" slack="0"/>
</pin_list>
<bind>
<StgValue><ssdm name="gmem0"/><MemPortTyVec>0 </MemPortTyVec>
</StgValue>
</bind>
</comp>

<comp id="2" class="1000" name="gmem1">
<pin_list>
<pin id="3" dir="1" index="0" bw="1" slack="0"/>
</pin_list>
<bind>
<StgValue><ssdm name="gmem1"/><MemPortTyVec>1 </MemPortTyVec>
</StgValue>
</bind>
</comp>

<comp id="4" class="1000" name="input_r">
<pin_list>
<pin id="5" dir="1" index="0" bw="1" slack="0"/>
</pin_list>
<bind>
<StgValue><ssdm name="input_r"/></StgValue>
</bind>
</comp>

<comp id="6" class="1000" name="output_r">
<pin_list>
<pin id="7" dir="1" index="0" bw="1" slack="0"/>
</pin_list>
<bind>
<StgValue><ssdm name="output_r"/></StgValue>
</bind>
</comp>

<comp id="8" class="1000" name="task_id">
<pin_list>
<pin id="9" dir="1" index="0" bw="1" slack="2147483647"/>
</pin_list>
<bind>
<StgValue><ssdm name="task_id"/></StgValue>
</bind>
</comp>

<comp id="10" class="1000" name="top_k">
<pin_list>
<pin id="11" dir="1" index="0" bw="1" slack="2147483647"/>
</pin_list>
<bind>
<StgValue><ssdm name="top_k"/></StgValue>
</bind>
</comp>

<comp id="12" class="1000" name="initialized_2">
<pin_list>
<pin id="13" dir="1" index="0" bw="1" slack="0"/>
</pin_list>
<bind>
<StgValue><ssdm name="initialized_2"/></StgValue>
</bind>
</comp>

<comp id="14" class="1000" name="weights_1">
<pin_list>
<pin id="15" dir="1" index="0" bw="1" slack="0"/>
</pin_list>
<bind>
<StgValue><ssdm name="weights_1"/><MemPortTyVec>2 3 </MemPortTyVec>
</StgValue>
</bind>
</comp>

<comp id="16" class="1000" name="bias_1">
<pin_list>
<pin id="17" dir="1" index="0" bw="1" slack="0"/>
</pin_list>
<bind>
<StgValue><ssdm name="bias_1"/><MemPortTyVec>2 3 </MemPortTyVec>
</StgValue>
</bind>
</comp>

<comp id="18" class="1000" name="initialized_1">
<pin_list>
<pin id="19" dir="1" index="0" bw="1" slack="0"/>
</pin_list>
<bind>
<StgValue><ssdm name="initialized_1"/></StgValue>
</bind>
</comp>

<comp id="20" class="1000" name="weights">
<pin_list>
<pin id="21" dir="1" index="0" bw="1" slack="0"/>
</pin_list>
<bind>
<StgValue><ssdm name="weights"/><MemPortTyVec>2 3 </MemPortTyVec>
</StgValue>
</bind>
</comp>

<comp id="22" class="1000" name="bias">
<pin_list>
<pin id="23" dir="1" index="0" bw="1" slack="0"/>
</pin_list>
<bind>
<StgValue><ssdm name="bias"/><MemPortTyVec>2 3 </MemPortTyVec>
</StgValue>
</bind>
</comp>

<comp id="24" class="1000" name="initialized_3">
<pin_list>
<pin id="25" dir="1" index="0" bw="1" slack="0"/>
</pin_list>
<bind>
<StgValue><ssdm name="initialized_3"/></StgValue>
</bind>
</comp>

<comp id="26" class="1000" name="weights_2">
<pin_list>
<pin id="27" dir="1" index="0" bw="1" slack="0"/>
</pin_list>
<bind>
<StgValue><ssdm name="weights_2"/><MemPortTyVec>2 3 </MemPortTyVec>
</StgValue>
</bind>
</comp>

<comp id="28" class="1000" name="bias_2">
<pin_list>
<pin id="29" dir="1" index="0" bw="1" slack="0"/>
</pin_list>
<bind>
<StgValue><ssdm name="bias_2"/><MemPortTyVec>2 3 </MemPortTyVec>
</StgValue>
</bind>
</comp>

<comp id="30" class="1000" name="initialized">
<pin_list>
<pin id="31" dir="1" index="0" bw="1" slack="0"/>
</pin_list>
<bind>
<StgValue><ssdm name="initialized"/></StgValue>
</bind>
</comp>

<comp id="32" class="1000" name="linear_64_1_float_float_weights_1">
<pin_list>
<pin id="33" dir="1" index="0" bw="1" slack="0"/>
</pin_list>
<bind>
<StgValue><ssdm name="linear_64_1_float_float_weights_1"/><MemPortTyVec>2 3 </MemPortTyVec>
</StgValue>
</bind>
</comp>

<comp id="34" class="1001" name="const_34">
<pin_list>
<pin id="35" dir="1" index="0" bw="1" slack="0"/>
</pin_list>
<bind>
<StgValue><ssdm name="_ssdm_op_Read.s_axilite.i64"/></StgValue>
</bind>
</comp>

<comp id="36" class="1001" name="const_36">
<pin_list>
<pin id="37" dir="1" index="0" bw="1" slack="0"/>
</pin_list>
<bind>
<StgValue><ssdm name=""/></StgValue>
</bind>
</comp>

<comp id="38" class="1001" name="const_38">
<pin_list>
<pin id="39" dir="1" index="0" bw="1" slack="0"/>
</pin_list>
<bind>
<StgValue><ssdm name="_ssdm_op_PartSelect.i62.i64.i32.i32"/></StgValue>
</bind>
</comp>

<comp id="40" class="1001" name="const_40">
<pin_list>
<pin id="41" dir="1" index="0" bw="1" slack="0"/>
</pin_list>
<bind>
<StgValue><ssdm name=""/></StgValue>
</bind>
</comp>

<comp id="42" class="1001" name="const_42">
<pin_list>
<pin id="43" dir="1" index="0" bw="1" slack="0"/>
</pin_list>
<bind>
<StgValue><ssdm name=""/></StgValue>
</bind>
</comp>

<comp id="44" class="1001" name="const_44">
<pin_list>
<pin id="45" dir="1" index="0" bw="1" slack="0"/>
</pin_list>
<bind>
<StgValue><ssdm name="_ssdm_op_ReadReq.m_axi.p1i32"/></StgValue>
</bind>
</comp>

<comp id="46" class="1001" name="const_46">
<pin_list>
<pin id="47" dir="1" index="0" bw="1" slack="0"/>
</pin_list>
<bind>
<StgValue><ssdm name=""/></StgValue>
</bind>
</comp>

<comp id="48" class="1001" name="const_48">
<pin_list>
<pin id="49" dir="1" index="0" bw="1" slack="0"/>
</pin_list>
<bind>
<StgValue><ssdm name="task_detection_accel_Pipeline_VITIS_LOOP_29_1"/></StgValue>
</bind>
</comp>

<comp id="50" class="1001" name="const_50">
<pin_list>
<pin id="51" dir="1" index="0" bw="1" slack="2147483647"/>
</pin_list>
<bind>
<StgValue><ssdm name="_ssdm_op_SpecTopModule"/></StgValue>
</bind>
</comp>

<comp id="52" class="1001" name="const_52">
<pin_list>
<pin id="53" dir="1" index="0" bw="1" slack="2147483647"/>
</pin_list>
<bind>
<StgValue><ssdm name="empty_5"/></StgValue>
</bind>
</comp>

<comp id="54" class="1001" name="const_54">
<pin_list>
<pin id="55" dir="1" index="0" bw="1" slack="2147483647"/>
</pin_list>
<bind>
<StgValue><ssdm name="_ssdm_op_SpecInterface"/></StgValue>
</bind>
</comp>

<comp id="56" class="1001" name="const_56">
<pin_list>
<pin id="57" dir="1" index="0" bw="1" slack="2147483647"/>
</pin_list>
<bind>
<StgValue><ssdm name="empty_14"/></StgValue>
</bind>
</comp>

<comp id="58" class="1001" name="const_58">
<pin_list>
<pin id="59" dir="1" index="0" bw="1" slack="2147483647"/>
</pin_list>
<bind>
<StgValue><ssdm name=""/></StgValue>
</bind>
</comp>

<comp id="60" class="1001" name="const_60">
<pin_list>
<pin id="61" dir="1" index="0" bw="1" slack="2147483647"/>
</pin_list>
<bind>
<StgValue><ssdm name="empty_13"/></StgValue>
</bind>
</comp>

<comp id="62" class="1001" name="const_62">
<pin_list>
<pin id="63" dir="1" index="0" bw="1" slack="2147483647"/>
</pin_list>
<bind>
<StgValue><ssdm name="empty_12"/></StgValue>
</bind>
</comp>

<comp id="64" class="1001" name="const_64">
<pin_list>
<pin id="65" dir="1" index="0" bw="1" slack="2147483647"/>
</pin_list>
<bind>
<StgValue><ssdm name="empty_11"/></StgValue>
</bind>
</comp>

<comp id="66" class="1001" name="const_66">
<pin_list>
<pin id="67" dir="1" index="0" bw="1" slack="2147483647"/>
</pin_list>
<bind>
<StgValue><ssdm name=""/></StgValue>
</bind>
</comp>

<comp id="68" class="1001" name="const_68">
<pin_list>
<pin id="69" dir="1" index="0" bw="1" slack="2147483647"/>
</pin_list>
<bind>
<StgValue><ssdm name=""/></StgValue>
</bind>
</comp>

<comp id="70" class="1001" name="const_70">
<pin_list>
<pin id="71" dir="1" index="0" bw="1" slack="2147483647"/>
</pin_list>
<bind>
<StgValue><ssdm name=""/></StgValue>
</bind>
</comp>

<comp id="72" class="1001" name="const_72">
<pin_list>
<pin id="73" dir="1" index="0" bw="1" slack="2147483647"/>
</pin_list>
<bind>
<StgValue><ssdm name="_ssdm_op_SpecBitsMap"/></StgValue>
</bind>
</comp>

<comp id="74" class="1001" name="const_74">
<pin_list>
<pin id="75" dir="1" index="0" bw="1" slack="2147483647"/>
</pin_list>
<bind>
<StgValue><ssdm name="empty"/></StgValue>
</bind>
</comp>

<comp id="76" class="1001" name="const_76">
<pin_list>
<pin id="77" dir="1" index="0" bw="1" slack="2147483647"/>
</pin_list>
<bind>
<StgValue><ssdm name="empty_10"/></StgValue>
</bind>
</comp>

<comp id="78" class="1001" name="const_78">
<pin_list>
<pin id="79" dir="1" index="0" bw="1" slack="2147483647"/>
</pin_list>
<bind>
<StgValue><ssdm name="empty_9"/></StgValue>
</bind>
</comp>

<comp id="80" class="1001" name="const_80">
<pin_list>
<pin id="81" dir="1" index="0" bw="1" slack="2147483647"/>
</pin_list>
<bind>
<StgValue><ssdm name="empty_0"/></StgValue>
</bind>
</comp>

<comp id="82" class="1001" name="const_82">
<pin_list>
<pin id="83" dir="1" index="0" bw="1" slack="2147483647"/>
</pin_list>
<bind>
<StgValue><ssdm name="empty_1"/></StgValue>
</bind>
</comp>

<comp id="84" class="1001" name="const_84">
<pin_list>
<pin id="85" dir="1" index="0" bw="1" slack="2147483647"/>
</pin_list>
<bind>
<StgValue><ssdm name="empty_2"/></StgValue>
</bind>
</comp>

<comp id="86" class="1001" name="const_86">
<pin_list>
<pin id="87" dir="1" index="0" bw="1" slack="2147483647"/>
</pin_list>
<bind>
<StgValue><ssdm name="empty_15"/></StgValue>
</bind>
</comp>

<comp id="88" class="1001" name="const_88">
<pin_list>
<pin id="89" dir="1" index="0" bw="1" slack="2147483647"/>
</pin_list>
<bind>
<StgValue><ssdm name="empty_3"/></StgValue>
</bind>
</comp>

<comp id="90" class="1001" name="const_90">
<pin_list>
<pin id="91" dir="1" index="0" bw="1" slack="2147483647"/>
</pin_list>
<bind>
<StgValue><ssdm name="empty_4"/></StgValue>
</bind>
</comp>

<comp id="92" class="1001" name="const_92">
<pin_list>
<pin id="93" dir="1" index="0" bw="1" slack="0"/>
</pin_list>
<bind>
<StgValue><ssdm name="task_detection_accel_Pipeline_VITIS_LOOP_19_1_VITIS_LOOP_23_2"/></StgValue>
</bind>
</comp>

<comp id="94" class="1001" name="const_94">
<pin_list>
<pin id="95" dir="1" index="0" bw="1" slack="0"/>
</pin_list>
<bind>
<StgValue><ssdm name=""/></StgValue>
</bind>
</comp>

<comp id="96" class="1001" name="const_96">
<pin_list>
<pin id="97" dir="1" index="0" bw="1" slack="0"/>
</pin_list>
<bind>
<StgValue><ssdm name="task_detection_accel_Pipeline_VITIS_LOOP_32_3_VITIS_LOOP_38_4"/></StgValue>
</bind>
</comp>

<comp id="98" class="1001" name="const_98">
<pin_list>
<pin id="99" dir="1" index="0" bw="1" slack="0"/>
</pin_list>
<bind>
<StgValue><ssdm name="task_detection_accel_Pipeline_VITIS_LOOP_64_1_VITIS_LOOP_68_2"/></StgValue>
</bind>
</comp>

<comp id="100" class="1001" name="const_100">
<pin_list>
<pin id="101" dir="1" index="0" bw="1" slack="0"/>
</pin_list>
<bind>
<StgValue><ssdm name="task_detection_accel_Pipeline_VITIS_LOOP_77_3_VITIS_LOOP_83_4"/></StgValue>
</bind>
</comp>

<comp id="102" class="1001" name="const_102">
<pin_list>
<pin id="103" dir="1" index="0" bw="1" slack="0"/>
</pin_list>
<bind>
<StgValue><ssdm name="task_detection_accel_Pipeline_VITIS_LOOP_109_1_VITIS_LOOP_113_2"/></StgValue>
</bind>
</comp>

<comp id="104" class="1001" name="const_104">
<pin_list>
<pin id="105" dir="1" index="0" bw="1" slack="0"/>
</pin_list>
<bind>
<StgValue><ssdm name="task_detection_accel_Pipeline_VITIS_LOOP_122_3_VITIS_LOOP_128_4"/></StgValue>
</bind>
</comp>

<comp id="106" class="1001" name="const_106">
<pin_list>
<pin id="107" dir="1" index="0" bw="1" slack="0"/>
</pin_list>
<bind>
<StgValue><ssdm name="task_detection_accel_Pipeline_VITIS_LOOP_156_1"/></StgValue>
</bind>
</comp>

<comp id="108" class="1001" name="const_108">
<pin_list>
<pin id="109" dir="1" index="0" bw="1" slack="0"/>
</pin_list>
<bind>
<StgValue><ssdm name="task_detection_accel_Pipeline_VITIS_LOOP_166_2"/></StgValue>
</bind>
</comp>

<comp id="110" class="1001" name="const_110">
<pin_list>
<pin id="111" dir="1" index="0" bw="1" slack="0"/>
</pin_list>
<bind>
<StgValue><ssdm name="_ssdm_op_WriteReq.m_axi.i32P1A"/></StgValue>
</bind>
</comp>

<comp id="112" class="1001" name="const_112">
<pin_list>
<pin id="113" dir="1" index="0" bw="1" slack="0"/>
</pin_list>
<bind>
<StgValue><ssdm name="_ssdm_op_Write.m_axi.i32P1A"/></StgValue>
</bind>
</comp>

<comp id="114" class="1001" name="const_114">
<pin_list>
<pin id="115" dir="1" index="0" bw="1" slack="0"/>
</pin_list>
<bind>
<StgValue><ssdm name=""/></StgValue>
</bind>
</comp>

<comp id="116" class="1001" name="const_116">
<pin_list>
<pin id="117" dir="1" index="0" bw="1" slack="0"/>
</pin_list>
<bind>
<StgValue><ssdm name="_ssdm_op_WriteResp.m_axi.i32P1A"/></StgValue>
</bind>
</comp>

<comp id="118" class="1004" name="acc_9_loc_fu_118">
<pin_list>
<pin id="119" dir="0" index="0" bw="1" slack="0"/>
<pin id="120" dir="1" index="1" bw="32" slack="21"/>
</pin_list>
<bind>
<opcode="alloca(26) " fcode="alloca"/>
<opset="acc_9_loc/1 "/>
</bind>
</comp>

<comp id="122" class="1004" name="in_buf_alloca_fu_122">
<pin_list>
<pin id="123" dir="0" index="0" bw="1" slack="0"/>
<pin id="124" dir="1" index="1" bw="32" slack="2147483647"/>
</pin_list>
<bind>
<opcode="alloca(26) " fcode="alloca"/>
<opset="in_buf/1 "/>
</bind>
</comp>

<comp id="126" class="1004" name="l1_alloca_fu_126">
<pin_list>
<pin id="127" dir="0" index="0" bw="1" slack="0"/>
<pin id="128" dir="1" index="1" bw="32" slack="2147483647"/>
</pin_list>
<bind>
<opcode="alloca(26) " fcode="alloca"/>
<opset="l1/1 "/>
</bind>
</comp>

<comp id="130" class="1004" name="l2_alloca_fu_130">
<pin_list>
<pin id="131" dir="0" index="0" bw="1" slack="0"/>
<pin id="132" dir="1" index="1" bw="32" slack="2147483647"/>
</pin_list>
<bind>
<opcode="alloca(26) " fcode="alloca"/>
<opset="l2/1 "/>
</bind>
</comp>

<comp id="134" class="1004" name="l3_alloca_fu_134">
<pin_list>
<pin id="135" dir="0" index="0" bw="1" slack="0"/>
<pin id="136" dir="1" index="1" bw="32" slack="2147483647"/>
</pin_list>
<bind>
<opcode="alloca(26) " fcode="alloca"/>
<opset="l3/1 "/>
</bind>
</comp>

<comp id="138" class="1004" name="output_r_read_read_fu_138">
<pin_list>
<pin id="139" dir="0" index="0" bw="64" slack="0"/>
<pin id="140" dir="0" index="1" bw="64" slack="0"/>
<pin id="141" dir="1" index="2" bw="64" slack="20"/>
</pin_list>
<bind>
<opcode="read(1150) " fcode="read"/>
<opset="output_r_read/1 "/>
</bind>
</comp>

<comp id="144" class="1004" name="input_r_read_read_fu_144">
<pin_list>
<pin id="145" dir="0" index="0" bw="64" slack="0"/>
<pin id="146" dir="0" index="1" bw="64" slack="0"/>
<pin id="147" dir="1" index="2" bw="64" slack="0"/>
</pin_list>
<bind>
<opcode="read(1150) " fcode="read"/>
<opset="input_r_read/1 "/>
</bind>
</comp>

<comp id="150" class="1004" name="grp_readreq_fu_150">
<pin_list>
<pin id="151" dir="0" index="0" bw="1" slack="0"/>
<pin id="152" dir="0" index="1" bw="32" slack="0"/>
<pin id="153" dir="0" index="2" bw="9" slack="0"/>
<pin id="154" dir="1" index="3" bw="1" slack="2147483647"/>
</pin_list>
<bind>
<opcode="readreq(1154) " fcode="readreq"/>
<opset="empty/2 "/>
</bind>
</comp>

<comp id="157" class="1004" name="gmem1_addr_req_writereq_fu_157">
<pin_list>
<pin id="158" dir="0" index="0" bw="1" slack="0"/>
<pin id="159" dir="0" index="1" bw="32" slack="1"/>
<pin id="160" dir="0" index="2" bw="1" slack="0"/>
<pin id="161" dir="1" index="3" bw="1" slack="2147483647"/>
</pin_list>
<bind>
<opcode="writereq(1155) " fcode="writereq"/>
<opset="gmem1_addr_req/22 "/>
</bind>
</comp>

<comp id="164" class="1004" name="write_ln47_write_fu_164">
<pin_list>
<pin id="165" dir="0" index="0" bw="0" slack="0"/>
<pin id="166" dir="0" index="1" bw="32" slack="3"/>
<pin id="167" dir="0" index="2" bw="32" slack="0"/>
<pin id="168" dir="0" index="3" bw="1" slack="0"/>
<pin id="169" dir="1" index="4" bw="0" slack="2147483647"/>
</pin_list>
<bind>
<opcode="write(1151) " fcode="write"/>
<opset="write_ln47/24 "/>
</bind>
</comp>

<comp id="172" class="1004" name="grp_writeresp_fu_172">
<pin_list>
<pin id="173" dir="0" index="0" bw="1" slack="0"/>
<pin id="174" dir="0" index="1" bw="32" slack="4"/>
<pin id="175" dir="1" index="2" bw="1" slack="2147483647"/>
</pin_list>
<bind>
<opcode="writeresp(1158) " fcode="writeresp"/>
<opset="gmem1_addr_resp/25 "/>
</bind>
</comp>

<comp id="177" class="1004" name="grp_task_detection_accel_Pipeline_VITIS_LOOP_29_1_fu_177">
<pin_list>
<pin id="178" dir="0" index="0" bw="0" slack="0"/>
<pin id="179" dir="0" index="1" bw="32" slack="0"/>
<pin id="180" dir="0" index="2" bw="62" slack="9"/>
<pin id="181" dir="0" index="3" bw="32" slack="2147483647"/>
<pin id="182" dir="1" index="4" bw="0" slack="2147483647"/>
</pin_list>
<bind>
<opcode="call(48) " fcode="call"/>
<opset="call_ln29/10 "/>
</bind>
</comp>

<comp id="185" class="1004" name="grp_task_detection_accel_Pipeline_VITIS_LOOP_19_1_VITIS_LOOP_23_2_fu_185">
<pin_list>
<pin id="186" dir="0" index="0" bw="0" slack="0"/>
<pin id="187" dir="0" index="1" bw="32" slack="0"/>
<pin id="188" dir="0" index="2" bw="32" slack="0"/>
<pin id="189" dir="1" index="3" bw="0" slack="2147483647"/>
</pin_list>
<bind>
<opcode="call(48) " fcode="call"/>
<opset="call_ln0/11 "/>
</bind>
</comp>

<comp id="193" class="1004" name="grp_task_detection_accel_Pipeline_VITIS_LOOP_32_3_VITIS_LOOP_38_4_fu_193">
<pin_list>
<pin id="194" dir="0" index="0" bw="0" slack="0"/>
<pin id="195" dir="0" index="1" bw="32" slack="2147483647"/>
<pin id="196" dir="0" index="2" bw="32" slack="2147483647"/>
<pin id="197" dir="0" index="3" bw="32" slack="0"/>
<pin id="198" dir="0" index="4" bw="32" slack="0"/>
<pin id="199" dir="1" index="5" bw="0" slack="2147483647"/>
</pin_list>
<bind>
<opcode="call(48) " fcode="call"/>
<opset="call_ln0/13 "/>
</bind>
</comp>

<comp id="203" class="1004" name="grp_task_detection_accel_Pipeline_VITIS_LOOP_64_1_VITIS_LOOP_68_2_fu_203">
<pin_list>
<pin id="204" dir="0" index="0" bw="0" slack="0"/>
<pin id="205" dir="0" index="1" bw="32" slack="0"/>
<pin id="206" dir="0" index="2" bw="32" slack="0"/>
<pin id="207" dir="1" index="3" bw="0" slack="2147483647"/>
</pin_list>
<bind>
<opcode="call(48) " fcode="call"/>
<opset="call_ln0/14 "/>
</bind>
</comp>

<comp id="211" class="1004" name="grp_task_detection_accel_Pipeline_VITIS_LOOP_77_3_VITIS_LOOP_83_4_fu_211">
<pin_list>
<pin id="212" dir="0" index="0" bw="0" slack="0"/>
<pin id="213" dir="0" index="1" bw="32" slack="2147483647"/>
<pin id="214" dir="0" index="2" bw="32" slack="2147483647"/>
<pin id="215" dir="0" index="3" bw="32" slack="0"/>
<pin id="216" dir="0" index="4" bw="32" slack="0"/>
<pin id="217" dir="1" index="5" bw="0" slack="2147483647"/>
</pin_list>
<bind>
<opcode="call(48) " fcode="call"/>
<opset="call_ln0/16 "/>
</bind>
</comp>

<comp id="221" class="1004" name="grp_task_detection_accel_Pipeline_VITIS_LOOP_109_1_VITIS_LOOP_113_2_fu_221">
<pin_list>
<pin id="222" dir="0" index="0" bw="0" slack="0"/>
<pin id="223" dir="0" index="1" bw="32" slack="0"/>
<pin id="224" dir="0" index="2" bw="32" slack="0"/>
<pin id="225" dir="1" index="3" bw="0" slack="2147483647"/>
</pin_list>
<bind>
<opcode="call(48) " fcode="call"/>
<opset="call_ln0/17 "/>
</bind>
</comp>

<comp id="229" class="1004" name="grp_task_detection_accel_Pipeline_VITIS_LOOP_122_3_VITIS_LOOP_128_4_fu_229">
<pin_list>
<pin id="230" dir="0" index="0" bw="0" slack="0"/>
<pin id="231" dir="0" index="1" bw="32" slack="2147483647"/>
<pin id="232" dir="0" index="2" bw="32" slack="2147483647"/>
<pin id="233" dir="0" index="3" bw="32" slack="0"/>
<pin id="234" dir="0" index="4" bw="32" slack="0"/>
<pin id="235" dir="1" index="5" bw="0" slack="2147483647"/>
</pin_list>
<bind>
<opcode="call(48) " fcode="call"/>
<opset="call_ln0/19 "/>
</bind>
</comp>

<comp id="239" class="1004" name="grp_task_detection_accel_Pipeline_VITIS_LOOP_156_1_fu_239">
<pin_list>
<pin id="240" dir="0" index="0" bw="0" slack="0"/>
<pin id="241" dir="0" index="1" bw="32" slack="0"/>
<pin id="242" dir="1" index="2" bw="0" slack="2147483647"/>
</pin_list>
<bind>
<opcode="call(48) " fcode="call"/>
<opset="call_ln0/20 "/>
</bind>
</comp>

<comp id="245" class="1004" name="grp_task_detection_accel_Pipeline_VITIS_LOOP_166_2_fu_245">
<pin_list>
<pin id="246" dir="0" index="0" bw="0" slack="0"/>
<pin id="247" dir="0" index="1" bw="32" slack="2147483647"/>
<pin id="248" dir="0" index="2" bw="32" slack="21"/>
<pin id="249" dir="0" index="3" bw="32" slack="0"/>
<pin id="250" dir="1" index="4" bw="0" slack="2147483647"/>
</pin_list>
<bind>
<opcode="call(48) " fcode="call"/>
<opset="call_ln0/22 "/>
</bind>
</comp>

<comp id="253" class="1004" name="trunc_ln_fu_253">
<pin_list>
<pin id="254" dir="0" index="0" bw="62" slack="0"/>
<pin id="255" dir="0" index="1" bw="64" slack="0"/>
<pin id="256" dir="0" index="2" bw="3" slack="0"/>
<pin id="257" dir="0" index="3" bw="7" slack="0"/>
<pin id="258" dir="1" index="4" bw="62" slack="1"/>
</pin_list>
<bind>
<opcode="partselect(1002) " fcode="partselect"/>
<opset="trunc_ln/1 "/>
</bind>
</comp>

<comp id="263" class="1004" name="sext_ln29_fu_263">
<pin_list>
<pin id="264" dir="0" index="0" bw="62" slack="1"/>
<pin id="265" dir="1" index="1" bw="64" slack="0"/>
</pin_list>
<bind>
<opcode="sext(35) " fcode="sext"/>
<opset="sext_ln29/2 "/>
</bind>
</comp>

<comp id="266" class="1004" name="gmem0_addr_fu_266">
<pin_list>
<pin id="267" dir="0" index="0" bw="32" slack="0"/>
<pin id="268" dir="0" index="1" bw="62" slack="0"/>
<pin id="269" dir="1" index="2" bw="32" slack="0"/>
</pin_list>
<bind>
<opcode="getelementptr(29) " fcode="getelementptr"/>
<opset="gmem0_addr/2 "/>
</bind>
</comp>

<comp id="273" class="1004" name="initialized_2_load_load_fu_273">
<pin_list>
<pin id="274" dir="0" index="0" bw="1" slack="0"/>
<pin id="275" dir="1" index="1" bw="1" slack="1"/>
</pin_list>
<bind>
<opcode="load(27) " fcode="load"/>
<opset="initialized_2_load/11 "/>
</bind>
</comp>

<comp id="277" class="1004" name="store_ln29_store_fu_277">
<pin_list>
<pin id="278" dir="0" index="0" bw="1" slack="0"/>
<pin id="279" dir="0" index="1" bw="1" slack="0"/>
<pin id="280" dir="1" index="2" bw="0" slack="2147483647"/>
</pin_list>
<bind>
<opcode="store(28) " fcode="store"/>
<opset="store_ln29/12 "/>
</bind>
</comp>

<comp id="283" class="1004" name="initialized_1_load_load_fu_283">
<pin_list>
<pin id="284" dir="0" index="0" bw="1" slack="0"/>
<pin id="285" dir="1" index="1" bw="1" slack="1"/>
</pin_list>
<bind>
<opcode="load(27) " fcode="load"/>
<opset="initialized_1_load/14 "/>
</bind>
</comp>

<comp id="287" class="1004" name="store_ln74_store_fu_287">
<pin_list>
<pin id="288" dir="0" index="0" bw="1" slack="0"/>
<pin id="289" dir="0" index="1" bw="1" slack="0"/>
<pin id="290" dir="1" index="2" bw="0" slack="2147483647"/>
</pin_list>
<bind>
<opcode="store(28) " fcode="store"/>
<opset="store_ln74/15 "/>
</bind>
</comp>

<comp id="293" class="1004" name="initialized_3_load_load_fu_293">
<pin_list>
<pin id="294" dir="0" index="0" bw="1" slack="0"/>
<pin id="295" dir="1" index="1" bw="1" slack="1"/>
</pin_list>
<bind>
<opcode="load(27) " fcode="load"/>
<opset="initialized_3_load/17 "/>
</bind>
</comp>

<comp id="297" class="1004" name="store_ln119_store_fu_297">
<pin_list>
<pin id="298" dir="0" index="0" bw="1" slack="0"/>
<pin id="299" dir="0" index="1" bw="1" slack="0"/>
<pin id="300" dir="1" index="2" bw="0" slack="2147483647"/>
</pin_list>
<bind>
<opcode="store(28) " fcode="store"/>
<opset="store_ln119/18 "/>
</bind>
</comp>

<comp id="303" class="1004" name="initialized_load_load_fu_303">
<pin_list>
<pin id="304" dir="0" index="0" bw="1" slack="0"/>
<pin id="305" dir="1" index="1" bw="1" slack="1"/>
</pin_list>
<bind>
<opcode="load(27) " fcode="load"/>
<opset="initialized_load/20 "/>
</bind>
</comp>

<comp id="307" class="1004" name="store_ln161_store_fu_307">
<pin_list>
<pin id="308" dir="0" index="0" bw="1" slack="0"/>
<pin id="309" dir="0" index="1" bw="1" slack="0"/>
<pin id="310" dir="1" index="2" bw="0" slack="2147483647"/>
</pin_list>
<bind>
<opcode="store(28) " fcode="store"/>
<opset="store_ln161/21 "/>
</bind>
</comp>

<comp id="313" class="1004" name="trunc_ln1_fu_313">
<pin_list>
<pin id="314" dir="0" index="0" bw="62" slack="0"/>
<pin id="315" dir="0" index="1" bw="64" slack="20"/>
<pin id="316" dir="0" index="2" bw="3" slack="0"/>
<pin id="317" dir="0" index="3" bw="7" slack="0"/>
<pin id="318" dir="1" index="4" bw="62" slack="0"/>
</pin_list>
<bind>
<opcode="partselect(1002) " fcode="partselect"/>
<opset="trunc_ln1/21 "/>
</bind>
</comp>

<comp id="322" class="1004" name="sext_ln47_fu_322">
<pin_list>
<pin id="323" dir="0" index="0" bw="62" slack="0"/>
<pin id="324" dir="1" index="1" bw="64" slack="0"/>
</pin_list>
<bind>
<opcode="sext(35) " fcode="sext"/>
<opset="sext_ln47/21 "/>
</bind>
</comp>

<comp id="326" class="1004" name="gmem1_addr_fu_326">
<pin_list>
<pin id="327" dir="0" index="0" bw="32" slack="0"/>
<pin id="328" dir="0" index="1" bw="62" slack="0"/>
<pin id="329" dir="1" index="2" bw="32" slack="1"/>
</pin_list>
<bind>
<opcode="getelementptr(29) " fcode="getelementptr"/>
<opset="gmem1_addr/21 "/>
</bind>
</comp>

<comp id="332" class="1004" name="acc_9_loc_load_load_fu_332">
<pin_list>
<pin id="333" dir="0" index="0" bw="32" slack="23"/>
<pin id="334" dir="1" index="1" bw="32" slack="0"/>
</pin_list>
<bind>
<opcode="load(27) " fcode="load"/>
<opset="acc_9_loc_load/24 "/>
</bind>
</comp>

<comp id="335" class="1004" name="bitcast_ln47_fu_335">
<pin_list>
<pin id="336" dir="0" index="0" bw="32" slack="0"/>
<pin id="337" dir="1" index="1" bw="32" slack="0"/>
</pin_list>
<bind>
<opcode="bitcast(44) " fcode="bitcast"/>
<opset="bitcast_ln47/24 "/>
</bind>
</comp>

<comp id="340" class="1005" name="output_r_read_reg_340">
<pin_list>
<pin id="341" dir="0" index="0" bw="64" slack="20"/>
<pin id="342" dir="1" index="1" bw="64" slack="20"/>
</pin_list>
<bind>
<opset="output_r_read "/>
</bind>
</comp>

<comp id="345" class="1005" name="acc_9_loc_reg_345">
<pin_list>
<pin id="346" dir="0" index="0" bw="32" slack="21"/>
<pin id="347" dir="1" index="1" bw="32" slack="21"/>
</pin_list>
<bind>
<opset="acc_9_loc "/>
</bind>
</comp>

<comp id="351" class="1005" name="trunc_ln_reg_351">
<pin_list>
<pin id="352" dir="0" index="0" bw="62" slack="1"/>
<pin id="353" dir="1" index="1" bw="62" slack="1"/>
</pin_list>
<bind>
<opset="trunc_ln "/>
</bind>
</comp>

<comp id="357" class="1005" name="gmem0_addr_reg_357">
<pin_list>
<pin id="358" dir="0" index="0" bw="32" slack="1"/>
<pin id="359" dir="1" index="1" bw="32" slack="1"/>
</pin_list>
<bind>
<opset="gmem0_addr "/>
</bind>
</comp>

<comp id="362" class="1005" name="initialized_2_load_reg_362">
<pin_list>
<pin id="363" dir="0" index="0" bw="1" slack="1"/>
<pin id="364" dir="1" index="1" bw="1" slack="2147483647"/>
</pin_list>
<bind>
<opset="initialized_2_load "/>
</bind>
</comp>

<comp id="366" class="1005" name="initialized_1_load_reg_366">
<pin_list>
<pin id="367" dir="0" index="0" bw="1" slack="1"/>
<pin id="368" dir="1" index="1" bw="1" slack="2147483647"/>
</pin_list>
<bind>
<opset="initialized_1_load "/>
</bind>
</comp>

<comp id="370" class="1005" name="initialized_3_load_reg_370">
<pin_list>
<pin id="371" dir="0" index="0" bw="1" slack="1"/>
<pin id="372" dir="1" index="1" bw="1" slack="2147483647"/>
</pin_list>
<bind>
<opset="initialized_3_load "/>
</bind>
</comp>

<comp id="374" class="1005" name="initialized_load_reg_374">
<pin_list>
<pin id="375" dir="0" index="0" bw="1" slack="1"/>
<pin id="376" dir="1" index="1" bw="1" slack="2147483647"/>
</pin_list>
<bind>
<opset="initialized_load "/>
</bind>
</comp>

<comp id="378" class="1005" name="gmem1_addr_reg_378">
<pin_list>
<pin id="379" dir="0" index="0" bw="32" slack="1"/>
<pin id="380" dir="1" index="1" bw="32" slack="1"/>
</pin_list>
<bind>
<opset="gmem1_addr "/>
</bind>
</comp>

</comp_list>

<net_list>
<net id="121"><net_src comp="36" pin="0"/><net_sink comp="118" pin=0"/></net>

<net id="125"><net_src comp="36" pin="0"/><net_sink comp="122" pin=0"/></net>

<net id="129"><net_src comp="36" pin="0"/><net_sink comp="126" pin=0"/></net>

<net id="133"><net_src comp="36" pin="0"/><net_sink comp="130" pin=0"/></net>

<net id="137"><net_src comp="36" pin="0"/><net_sink comp="134" pin=0"/></net>

<net id="142"><net_src comp="34" pin="0"/><net_sink comp="138" pin=0"/></net>

<net id="143"><net_src comp="6" pin="0"/><net_sink comp="138" pin=1"/></net>

<net id="148"><net_src comp="34" pin="0"/><net_sink comp="144" pin=0"/></net>

<net id="149"><net_src comp="4" pin="0"/><net_sink comp="144" pin=1"/></net>

<net id="155"><net_src comp="44" pin="0"/><net_sink comp="150" pin=0"/></net>

<net id="156"><net_src comp="46" pin="0"/><net_sink comp="150" pin=2"/></net>

<net id="162"><net_src comp="110" pin="0"/><net_sink comp="157" pin=0"/></net>

<net id="163"><net_src comp="36" pin="0"/><net_sink comp="157" pin=2"/></net>

<net id="170"><net_src comp="112" pin="0"/><net_sink comp="164" pin=0"/></net>

<net id="171"><net_src comp="114" pin="0"/><net_sink comp="164" pin=3"/></net>

<net id="176"><net_src comp="116" pin="0"/><net_sink comp="172" pin=0"/></net>

<net id="183"><net_src comp="48" pin="0"/><net_sink comp="177" pin=0"/></net>

<net id="184"><net_src comp="0" pin="0"/><net_sink comp="177" pin=1"/></net>

<net id="190"><net_src comp="92" pin="0"/><net_sink comp="185" pin=0"/></net>

<net id="191"><net_src comp="14" pin="0"/><net_sink comp="185" pin=1"/></net>

<net id="192"><net_src comp="16" pin="0"/><net_sink comp="185" pin=2"/></net>

<net id="200"><net_src comp="96" pin="0"/><net_sink comp="193" pin=0"/></net>

<net id="201"><net_src comp="14" pin="0"/><net_sink comp="193" pin=3"/></net>

<net id="202"><net_src comp="16" pin="0"/><net_sink comp="193" pin=4"/></net>

<net id="208"><net_src comp="98" pin="0"/><net_sink comp="203" pin=0"/></net>

<net id="209"><net_src comp="20" pin="0"/><net_sink comp="203" pin=1"/></net>

<net id="210"><net_src comp="22" pin="0"/><net_sink comp="203" pin=2"/></net>

<net id="218"><net_src comp="100" pin="0"/><net_sink comp="211" pin=0"/></net>

<net id="219"><net_src comp="20" pin="0"/><net_sink comp="211" pin=3"/></net>

<net id="220"><net_src comp="22" pin="0"/><net_sink comp="211" pin=4"/></net>

<net id="226"><net_src comp="102" pin="0"/><net_sink comp="221" pin=0"/></net>

<net id="227"><net_src comp="26" pin="0"/><net_sink comp="221" pin=1"/></net>

<net id="228"><net_src comp="28" pin="0"/><net_sink comp="221" pin=2"/></net>

<net id="236"><net_src comp="104" pin="0"/><net_sink comp="229" pin=0"/></net>

<net id="237"><net_src comp="26" pin="0"/><net_sink comp="229" pin=3"/></net>

<net id="238"><net_src comp="28" pin="0"/><net_sink comp="229" pin=4"/></net>

<net id="243"><net_src comp="106" pin="0"/><net_sink comp="239" pin=0"/></net>

<net id="244"><net_src comp="32" pin="0"/><net_sink comp="239" pin=1"/></net>

<net id="251"><net_src comp="108" pin="0"/><net_sink comp="245" pin=0"/></net>

<net id="252"><net_src comp="32" pin="0"/><net_sink comp="245" pin=3"/></net>

<net id="259"><net_src comp="38" pin="0"/><net_sink comp="253" pin=0"/></net>

<net id="260"><net_src comp="144" pin="2"/><net_sink comp="253" pin=1"/></net>

<net id="261"><net_src comp="40" pin="0"/><net_sink comp="253" pin=2"/></net>

<net id="262"><net_src comp="42" pin="0"/><net_sink comp="253" pin=3"/></net>

<net id="270"><net_src comp="0" pin="0"/><net_sink comp="266" pin=0"/></net>

<net id="271"><net_src comp="263" pin="1"/><net_sink comp="266" pin=1"/></net>

<net id="272"><net_src comp="266" pin="2"/><net_sink comp="150" pin=1"/></net>

<net id="276"><net_src comp="12" pin="0"/><net_sink comp="273" pin=0"/></net>

<net id="281"><net_src comp="94" pin="0"/><net_sink comp="277" pin=0"/></net>

<net id="282"><net_src comp="12" pin="0"/><net_sink comp="277" pin=1"/></net>

<net id="286"><net_src comp="18" pin="0"/><net_sink comp="283" pin=0"/></net>

<net id="291"><net_src comp="94" pin="0"/><net_sink comp="287" pin=0"/></net>

<net id="292"><net_src comp="18" pin="0"/><net_sink comp="287" pin=1"/></net>

<net id="296"><net_src comp="24" pin="0"/><net_sink comp="293" pin=0"/></net>

<net id="301"><net_src comp="94" pin="0"/><net_sink comp="297" pin=0"/></net>

<net id="302"><net_src comp="24" pin="0"/><net_sink comp="297" pin=1"/></net>

<net id="306"><net_src comp="30" pin="0"/><net_sink comp="303" pin=0"/></net>

<net id="311"><net_src comp="94" pin="0"/><net_sink comp="307" pin=0"/></net>

<net id="312"><net_src comp="30" pin="0"/><net_sink comp="307" pin=1"/></net>

<net id="319"><net_src comp="38" pin="0"/><net_sink comp="313" pin=0"/></net>

<net id="320"><net_src comp="40" pin="0"/><net_sink comp="313" pin=2"/></net>

<net id="321"><net_src comp="42" pin="0"/><net_sink comp="313" pin=3"/></net>

<net id="325"><net_src comp="313" pin="4"/><net_sink comp="322" pin=0"/></net>

<net id="330"><net_src comp="2" pin="0"/><net_sink comp="326" pin=0"/></net>

<net id="331"><net_src comp="322" pin="1"/><net_sink comp="326" pin=1"/></net>

<net id="338"><net_src comp="332" pin="1"/><net_sink comp="335" pin=0"/></net>

<net id="339"><net_src comp="335" pin="1"/><net_sink comp="164" pin=2"/></net>

<net id="343"><net_src comp="138" pin="2"/><net_sink comp="340" pin=0"/></net>

<net id="344"><net_src comp="340" pin="1"/><net_sink comp="313" pin=1"/></net>

<net id="348"><net_src comp="118" pin="1"/><net_sink comp="345" pin=0"/></net>

<net id="349"><net_src comp="345" pin="1"/><net_sink comp="245" pin=2"/></net>

<net id="350"><net_src comp="345" pin="1"/><net_sink comp="332" pin=0"/></net>

<net id="354"><net_src comp="253" pin="4"/><net_sink comp="351" pin=0"/></net>

<net id="355"><net_src comp="351" pin="1"/><net_sink comp="263" pin=0"/></net>

<net id="356"><net_src comp="351" pin="1"/><net_sink comp="177" pin=2"/></net>

<net id="360"><net_src comp="266" pin="2"/><net_sink comp="357" pin=0"/></net>

<net id="361"><net_src comp="357" pin="1"/><net_sink comp="150" pin=1"/></net>

<net id="365"><net_src comp="273" pin="1"/><net_sink comp="362" pin=0"/></net>

<net id="369"><net_src comp="283" pin="1"/><net_sink comp="366" pin=0"/></net>

<net id="373"><net_src comp="293" pin="1"/><net_sink comp="370" pin=0"/></net>

<net id="377"><net_src comp="303" pin="1"/><net_sink comp="374" pin=0"/></net>

<net id="381"><net_src comp="326" pin="2"/><net_sink comp="378" pin=0"/></net>

<net id="382"><net_src comp="378" pin="1"/><net_sink comp="157" pin=1"/></net>

<net id="383"><net_src comp="378" pin="1"/><net_sink comp="164" pin=1"/></net>

<net id="384"><net_src comp="378" pin="1"/><net_sink comp="172" pin=1"/></net>

</net_list>

</model> 
---------------- Datapath Model END ------------------

* FSMD analyzer results:
  - Output states:
	Port: gmem1 | {22 24 25 26 27 28 29 }
	Port: initialized_2 | {12 }
	Port: weights_1 | {11 12 }
	Port: bias_1 | {11 12 }
	Port: initialized_1 | {15 }
	Port: weights | {14 15 }
	Port: bias | {14 15 }
	Port: initialized_3 | {18 }
	Port: weights_2 | {17 18 }
	Port: bias_2 | {17 18 }
	Port: initialized | {21 }
	Port: linear_64_1_float_float_weights_1 | {20 21 }
 - Input state : 
	Port: task_detection_accel : gmem0 | {2 3 4 5 6 7 8 9 10 11 }
	Port: task_detection_accel : input_r | {1 }
	Port: task_detection_accel : output_r | {1 }
	Port: task_detection_accel : initialized_2 | {11 }
	Port: task_detection_accel : weights_1 | {13 14 }
	Port: task_detection_accel : bias_1 | {13 14 }
	Port: task_detection_accel : initialized_1 | {14 }
	Port: task_detection_accel : weights | {16 17 }
	Port: task_detection_accel : bias | {16 17 }
	Port: task_detection_accel : initialized_3 | {17 }
	Port: task_detection_accel : weights_2 | {19 20 }
	Port: task_detection_accel : bias_2 | {19 20 }
	Port: task_detection_accel : initialized | {20 }
	Port: task_detection_accel : linear_64_1_float_float_weights_1 | {22 23 }
  - Chain level:
	State 1
	State 2
		gmem0_addr : 1
		empty : 2
	State 3
	State 4
	State 5
	State 6
	State 7
	State 8
	State 9
	State 10
	State 11
		br_ln17 : 1
	State 12
	State 13
	State 14
		br_ln62 : 1
	State 15
	State 16
	State 17
		br_ln107 : 1
	State 18
	State 19
	State 20
		br_ln152 : 1
	State 21
		sext_ln47 : 1
		gmem1_addr : 2
	State 22
	State 23
	State 24
		bitcast_ln47 : 1
		write_ln47 : 2
	State 25
	State 26
	State 27
	State 28
	State 29


============================================================
+ Verbose Summary: Datapath Resource usage 
============================================================

* Functional unit list:
|----------|----------------------------------------------------------------------------|---------|---------|---------|---------|
| Operation|                               Functional Unit                              |   DSP   |  Delay  |    FF   |   LUT   |
|----------|----------------------------------------------------------------------------|---------|---------|---------|---------|
|          |          grp_task_detection_accel_Pipeline_VITIS_LOOP_29_1_fu_177          |    0    |    0    |   113   |    30   |
|          |  grp_task_detection_accel_Pipeline_VITIS_LOOP_19_1_VITIS_LOOP_23_2_fu_185  |    0    |    0    |    49   |   196   |
|          |  grp_task_detection_accel_Pipeline_VITIS_LOOP_32_3_VITIS_LOOP_38_4_fu_193  |    5    |  4.165  |   373   |   585   |
|          |  grp_task_detection_accel_Pipeline_VITIS_LOOP_64_1_VITIS_LOOP_68_2_fu_203  |    0    |    0    |    33   |   148   |
|   call   |  grp_task_detection_accel_Pipeline_VITIS_LOOP_77_3_VITIS_LOOP_83_4_fu_211  |    5    |  4.165  |   369   |   538   |
|          | grp_task_detection_accel_Pipeline_VITIS_LOOP_109_1_VITIS_LOOP_113_2_fu_221 |    0    |    0    |    29   |   136   |
|          | grp_task_detection_accel_Pipeline_VITIS_LOOP_122_3_VITIS_LOOP_128_4_fu_229 |    5    |  4.165  |   359   |   525   |
|          |          grp_task_detection_accel_Pipeline_VITIS_LOOP_156_1_fu_239         |    0    |    0    |    7    |    28   |
|          |          grp_task_detection_accel_Pipeline_VITIS_LOOP_166_2_fu_245         |    5    |  4.165  |   485   |   402   |
|----------|----------------------------------------------------------------------------|---------|---------|---------|---------|
|   read   |                          output_r_read_read_fu_138                         |    0    |    0    |    0    |    0    |
|          |                          input_r_read_read_fu_144                          |    0    |    0    |    0    |    0    |
|----------|----------------------------------------------------------------------------|---------|---------|---------|---------|
|  readreq |                             grp_readreq_fu_150                             |    0    |    0    |    0    |    0    |
|----------|----------------------------------------------------------------------------|---------|---------|---------|---------|
| writereq |                       gmem1_addr_req_writereq_fu_157                       |    0    |    0    |    0    |    0    |
|----------|----------------------------------------------------------------------------|---------|---------|---------|---------|
|   write  |                           write_ln47_write_fu_164                          |    0    |    0    |    0    |    0    |
|----------|----------------------------------------------------------------------------|---------|---------|---------|---------|
| writeresp|                            grp_writeresp_fu_172                            |    0    |    0    |    0    |    0    |
|----------|----------------------------------------------------------------------------|---------|---------|---------|---------|
|partselect|                               trunc_ln_fu_253                              |    0    |    0    |    0    |    0    |
|          |                              trunc_ln1_fu_313                              |    0    |    0    |    0    |    0    |
|----------|----------------------------------------------------------------------------|---------|---------|---------|---------|
|   sext   |                              sext_ln29_fu_263                              |    0    |    0    |    0    |    0    |
|          |                              sext_ln47_fu_322                              |    0    |    0    |    0    |    0    |
|----------|----------------------------------------------------------------------------|---------|---------|---------|---------|
|   Total  |                                                                            |    20   |  16.66  |   1817  |   2588  |
|----------|----------------------------------------------------------------------------|---------|---------|---------|---------|

Memories:
+---------------------------------+--------+--------+--------+--------+
|                                 |  BRAM  |   FF   |   LUT  |  URAM  |
+---------------------------------+--------+--------+--------+--------+
|               bias              |    1   |    0   |    0   |    0   |
|              bias_1             |    1   |    0   |    0   |    0   |
|              bias_2             |    1   |    0   |    0   |    0   |
|              in_buf             |    1   |    0   |    0   |    0   |
|                l1               |    1   |    0   |    0   |    0   |
|                l2               |    1   |    0   |    0   |    0   |
|                l3               |    1   |    0   |    0   |    0   |
|linear_64_1_float_float_weights_1|    1   |    0   |    0   |    0   |
|             weights             |   64   |    0   |    0   |    0   |
|            weights_1            |   128  |    0   |    0   |    0   |
|            weights_2            |   16   |    0   |    0   |    0   |
+---------------------------------+--------+--------+--------+--------+
|              Total              |   216  |    0   |    0   |    0   |
+---------------------------------+--------+--------+--------+--------+

* Register list:
+--------------------------+--------+
|                          |   FF   |
+--------------------------+--------+
|     acc_9_loc_reg_345    |   32   |
|    gmem0_addr_reg_357    |   32   |
|    gmem1_addr_reg_378    |   32   |
|initialized_1_load_reg_366|    1   |
|initialized_2_load_reg_362|    1   |
|initialized_3_load_reg_370|    1   |
| initialized_load_reg_374 |    1   |
|   output_r_read_reg_340  |   64   |
|     trunc_ln_reg_351     |   62   |
+--------------------------+--------+
|           Total          |   226  |
+--------------------------+--------+

* Multiplexer (MUX) list: 
|--------------------|------|------|------|--------||---------||---------||---------|
|        Comp        |  Pin | Size |  BW  | S x BW ||  Delay  ||    FF   ||   LUT   |
|--------------------|------|------|------|--------||---------||---------||---------|
| grp_readreq_fu_150 |  p1  |   2  |  32  |   64   ||    0    ||    9    |
|--------------------|------|------|------|--------||---------||---------||---------|
|        Total       |      |      |      |   64   ||  0.833  ||    0    ||    9    |
|--------------------|------|------|------|--------||---------||---------||---------|



* Summary:
+-----------+--------+--------+--------+--------+--------+--------+
|           |  BRAM  |   DSP  |  Delay |   FF   |   LUT  |  URAM  |
+-----------+--------+--------+--------+--------+--------+--------+
|  Function |    -   |   20   |   16   |  1817  |  2588  |    -   |
|   Memory  |   216  |    -   |    -   |    0   |    0   |    0   |
|Multiplexer|    -   |    -   |    0   |    0   |    9   |    -   |
|  Register |    -   |    -   |    -   |   226  |    -   |    -   |
+-----------+--------+--------+--------+--------+--------+--------+
|   Total   |   216  |   20   |   17   |  2043  |  2597  |    0   |
+-----------+--------+--------+--------+--------+--------+--------+
