

================================================================
== Vitis HLS Report for 'task_detection_accel_Pipeline_VITIS_LOOP_122_3_VITIS_LOOP_128_4'
================================================================
* Date:           Sun Jun 14 16:33:27 2026

* Version:        2025.2 (Build 6295257 on Nov 14 2025)
* Project:        task_detection_tpu
* Solution:       hls (Vivado IP Flow Target)
* Product family: kintex7
* Target device:  xc7k325t-ffg900-2


================================================================
== Performance Estimates
================================================================
+ Timing: 
    * Summary: 
    +--------+----------+-----------+------------+
    |  Clock |  Target  | Estimated | Uncertainty|
    +--------+----------+-----------+------------+
    |ap_clk  |  10.00 ns|  53.553 ns|     2.70 ns|
    +--------+----------+-----------+------------+

+ Latency: 
    * Summary: 
    +---------+---------+----------+----------+-----+-----+-------------------+
    |  Latency (cycles) |  Latency (absolute) |  Interval |      Pipeline     |
    |   min   |   max   |    min   |    max   | min | max |        Type       |
    +---------+---------+----------+----------+-----+-----+-------------------+
    |     8198|     8198|  0.439 ms|  0.439 ms|    0|    0|  loop pipeline stp|
    +---------+---------+----------+----------+-----+-----+-------------------+

    + Detail: 
        * Instance: 
        N/A

        * Loop: 
        +-------------------------------------+---------+---------+----------+-----------+-----------+------+----------+
        |                                     |  Latency (cycles) | Iteration|  Initiation Interval  | Trip |          |
        |              Loop Name              |   min   |   max   |  Latency |  achieved |   target  | Count| Pipelined|
        +-------------------------------------+---------+---------+----------+-----------+-----------+------+----------+
        |- VITIS_LOOP_122_3_VITIS_LOOP_128_4  |     8196|     8196|         6|          1|          1|  8192|       yes|
        +-------------------------------------+---------+---------+----------+-----------+-----------+------+----------+

============================================================
+ Verbose Summary: Synthesis Manager
============================================================
InlineROM: 1
ExposeGlobal: 0
============================================================
+ Verbose Summary: CDFG Model
============================================================
IsTopModel: 0
ResetActiveHigh: 1
IsCombinational: 0
IsDatapathOnly: 0
HasWiredReturn: 1
HasMFsm: 2
HasVarLatency: 1
IsPipeline: 0
IsRtlPipelined: 0
IsInstanceOverlapped: 0
IsDontTouch: 0
HasImplIP: 0
IsGatedGlobalClock: 0

+ Individual pipeline summary: 
  * Pipeline-0: initiation interval (II) = 1, depth = 6


============================================================
+ Verbose Summary: Schedule
============================================================
* Number of FSM states : 6
* Pipeline : 1
  Pipeline-0 : II = 1, D = 6, States = { 1 2 3 4 5 6 }
* Dataflow Pipeline: 0

* FSM state transitions: 
1 --> 2 
2 --> 3 
3 --> 4 
4 --> 5 
5 --> 6 
6 --> 

* FSM state operations: 

State 1 <SV = 0> <Delay = 6.32>
ST_1 : Operation 9 [1/1] (0.00ns)   --->   "%i = alloca i32 1" [mlp_engine.cpp:128->task_detection_accel.cpp:41]   --->   Operation 9 'alloca' 'i' <Predicate = true> <Delay = 0.00>
ST_1 : Operation 10 [1/1] (0.00ns)   --->   "%o = alloca i32 1" [mlp_engine.cpp:122->task_detection_accel.cpp:41]   --->   Operation 10 'alloca' 'o' <Predicate = true> <Delay = 0.00>
ST_1 : Operation 11 [1/1] (0.00ns)   --->   "%indvar_flatten37 = alloca i32 1"   --->   Operation 11 'alloca' 'indvar_flatten37' <Predicate = true> <Delay = 0.00>
ST_1 : Operation 12 [1/1] (0.00ns)   --->   "%acc = alloca i32 1" [mlp_engine.cpp:126->task_detection_accel.cpp:41]   --->   Operation 12 'alloca' 'acc' <Predicate = true> <Delay = 0.00>
ST_1 : Operation 13 [1/1] (0.83ns)   --->   "%store_ln0 = store i14 0, i14 %indvar_flatten37"   --->   Operation 13 'store' 'store_ln0' <Predicate = true> <Delay = 0.83>
ST_1 : Operation 14 [1/1] (0.83ns)   --->   "%store_ln122 = store i7 0, i7 %o" [mlp_engine.cpp:122->task_detection_accel.cpp:41]   --->   Operation 14 'store' 'store_ln122' <Predicate = true> <Delay = 0.83>
ST_1 : Operation 15 [1/1] (0.83ns)   --->   "%store_ln128 = store i8 0, i8 %i" [mlp_engine.cpp:128->task_detection_accel.cpp:41]   --->   Operation 15 'store' 'store_ln128' <Predicate = true> <Delay = 0.83>
ST_1 : Operation 16 [1/1] (0.00ns)   --->   "%br_ln0 = br void %for.inc30.i49"   --->   Operation 16 'br' 'br_ln0' <Predicate = true> <Delay = 0.00>
ST_1 : Operation 17 [1/1] (0.00ns)   --->   "%indvar_flatten37_load = load i14 %indvar_flatten37" [mlp_engine.cpp:122->task_detection_accel.cpp:41]   --->   Operation 17 'load' 'indvar_flatten37_load' <Predicate = true> <Delay = 0.00>
ST_1 : Operation 18 [1/1] (1.34ns)   --->   "%icmp_ln122 = icmp_eq  i14 %indvar_flatten37_load, i14 8192" [mlp_engine.cpp:122->task_detection_accel.cpp:41]   --->   Operation 18 'icmp' 'icmp_ln122' <Predicate = true> <Delay = 1.34> <CoreInst = "Cmp">   --->   Core 9 'Cmp' <Latency = 0> <II = 1> <Delay = 1.34> <FuncUnit> <Opcode : 'seteq' 'setne' 'setle' 'setge' 'setlt' 'setgt'> <InPorts = 2> <OutPorts = 1>
ST_1 : Operation 19 [1/1] (1.34ns)   --->   "%add_ln122_1 = add i14 %indvar_flatten37_load, i14 1" [mlp_engine.cpp:122->task_detection_accel.cpp:41]   --->   Operation 19 'add' 'add_ln122_1' <Predicate = true> <Delay = 1.34> <CoreInst = "Adder">   --->   Core 1 'Adder' <Latency = 0> <II = 1> <Delay = 1.34> <FuncUnit> <Opcode : 'add' 'sub'> <InPorts = 2> <OutPorts = 1>
ST_1 : Operation 20 [1/1] (0.00ns)   --->   "%br_ln122 = br i1 %icmp_ln122, void %for.inc35.i53, void %_Z13linear_128_64PfS_.exit.exitStub" [mlp_engine.cpp:122->task_detection_accel.cpp:41]   --->   Operation 20 'br' 'br_ln122' <Predicate = true> <Delay = 0.00>
ST_1 : Operation 21 [1/1] (0.00ns)   --->   "%i_load = load i8 %i" [mlp_engine.cpp:128->task_detection_accel.cpp:41]   --->   Operation 21 'load' 'i_load' <Predicate = (!icmp_ln122)> <Delay = 0.00>
ST_1 : Operation 22 [1/1] (0.00ns)   --->   "%o_load = load i7 %o" [mlp_engine.cpp:122->task_detection_accel.cpp:41]   --->   Operation 22 'load' 'o_load' <Predicate = (!icmp_ln122)> <Delay = 0.00>
ST_1 : Operation 23 [1/1] (1.27ns)   --->   "%add_ln122 = add i7 %o_load, i7 1" [mlp_engine.cpp:122->task_detection_accel.cpp:41]   --->   Operation 23 'add' 'add_ln122' <Predicate = (!icmp_ln122)> <Delay = 1.27> <CoreInst = "Adder">   --->   Core 1 'Adder' <Latency = 0> <II = 1> <Delay = 1.27> <FuncUnit> <Opcode : 'add' 'sub'> <InPorts = 2> <OutPorts = 1>
ST_1 : Operation 24 [1/1] (1.35ns)   --->   "%icmp_ln128 = icmp_eq  i8 %i_load, i8 128" [mlp_engine.cpp:128->task_detection_accel.cpp:41]   --->   Operation 24 'icmp' 'icmp_ln128' <Predicate = (!icmp_ln122)> <Delay = 1.35> <CoreInst = "Cmp">   --->   Core 9 'Cmp' <Latency = 0> <II = 1> <Delay = 1.35> <FuncUnit> <Opcode : 'seteq' 'setne' 'setle' 'setge' 'setlt' 'setgt'> <InPorts = 2> <OutPorts = 1>
ST_1 : Operation 25 [1/1] (0.37ns)   --->   "%select_ln122 = select i1 %icmp_ln128, i8 0, i8 %i_load" [mlp_engine.cpp:122->task_detection_accel.cpp:41]   --->   Operation 25 'select' 'select_ln122' <Predicate = (!icmp_ln122)> <Delay = 0.37> <CoreInst = "Sel">   --->   Core 73 'Sel' <Latency = 0> <II = 1> <Delay = 0.37> <FuncUnit> <Opcode : 'select'> <InPorts = 3> <OutPorts = 1>
ST_1 : Operation 26 [1/1] (0.51ns)   --->   "%select_ln122_1 = select i1 %icmp_ln128, i7 %add_ln122, i7 %o_load" [mlp_engine.cpp:122->task_detection_accel.cpp:41]   --->   Operation 26 'select' 'select_ln122_1' <Predicate = (!icmp_ln122)> <Delay = 0.51> <CoreInst = "Sel">   --->   Core 73 'Sel' <Latency = 0> <II = 1> <Delay = 0.51> <FuncUnit> <Opcode : 'select'> <InPorts = 3> <OutPorts = 1>
ST_1 : Operation 27 [1/1] (0.00ns)   --->   "%empty = trunc i7 %select_ln122_1" [mlp_engine.cpp:122->task_detection_accel.cpp:41]   --->   Operation 27 'trunc' 'empty' <Predicate = (!icmp_ln122)> <Delay = 0.00>
ST_1 : Operation 28 [1/1] (1.35ns)   --->   "%first_iter_5 = icmp_eq  i8 %select_ln122, i8 0" [mlp_engine.cpp:122->task_detection_accel.cpp:41]   --->   Operation 28 'icmp' 'first_iter_5' <Predicate = (!icmp_ln122)> <Delay = 1.35> <CoreInst = "Cmp">   --->   Core 9 'Cmp' <Latency = 0> <II = 1> <Delay = 1.35> <FuncUnit> <Opcode : 'seteq' 'setne' 'setle' 'setge' 'setlt' 'setgt'> <InPorts = 2> <OutPorts = 1>
ST_1 : Operation 29 [1/1] (0.00ns)   --->   "%tmp_3 = bitconcatenate i13 @_ssdm_op_BitConcatenate.i13.i6.i7, i6 %empty, i7 0" [mlp_engine.cpp:131->task_detection_accel.cpp:41]   --->   Operation 29 'bitconcatenate' 'tmp_3' <Predicate = (!icmp_ln122)> <Delay = 0.00>
ST_1 : Operation 30 [1/1] (0.00ns)   --->   "%br_ln128 = br i1 %first_iter_5, void %for.inc30.i49.split, void %for.first.iter.for.inc30.i49" [mlp_engine.cpp:128->task_detection_accel.cpp:41]   --->   Operation 30 'br' 'br_ln128' <Predicate = (!icmp_ln122)> <Delay = 0.00>
ST_1 : Operation 31 [1/1] (0.00ns)   --->   "%zext_ln128 = zext i8 %select_ln122" [mlp_engine.cpp:128->task_detection_accel.cpp:41]   --->   Operation 31 'zext' 'zext_ln128' <Predicate = (!icmp_ln122)> <Delay = 0.00>
ST_1 : Operation 32 [1/1] (0.00ns)   --->   "%zext_ln131 = zext i8 %select_ln122" [mlp_engine.cpp:131->task_detection_accel.cpp:41]   --->   Operation 32 'zext' 'zext_ln131' <Predicate = (!icmp_ln122)> <Delay = 0.00>
ST_1 : Operation 33 [1/1] (1.35ns)   --->   "%add_ln131 = add i13 %tmp_3, i13 %zext_ln131" [mlp_engine.cpp:131->task_detection_accel.cpp:41]   --->   Operation 33 'add' 'add_ln131' <Predicate = (!icmp_ln122)> <Delay = 1.35> <CoreInst = "Adder">   --->   Core 1 'Adder' <Latency = 0> <II = 1> <Delay = 1.35> <FuncUnit> <Opcode : 'add' 'sub'> <InPorts = 2> <OutPorts = 1>
ST_1 : Operation 34 [1/1] (0.00ns)   --->   "%zext_ln131_1 = zext i13 %add_ln131" [mlp_engine.cpp:131->task_detection_accel.cpp:41]   --->   Operation 34 'zext' 'zext_ln131_1' <Predicate = (!icmp_ln122)> <Delay = 0.00>
ST_1 : Operation 35 [1/1] (0.00ns)   --->   "%weights_2_addr = getelementptr i32 %weights_2, i64 0, i64 %zext_ln131_1" [mlp_engine.cpp:131->task_detection_accel.cpp:41]   --->   Operation 35 'getelementptr' 'weights_2_addr' <Predicate = (!icmp_ln122)> <Delay = 0.00>
ST_1 : Operation 36 [1/1] (0.00ns)   --->   "%l2_addr = getelementptr i32 %l2, i64 0, i64 %zext_ln128" [mlp_engine.cpp:131->task_detection_accel.cpp:41]   --->   Operation 36 'getelementptr' 'l2_addr' <Predicate = (!icmp_ln122)> <Delay = 0.00>
ST_1 : Operation 37 [2/2] (2.26ns)   --->   "%l2_load = load i7 %l2_addr" [mlp_engine.cpp:131->task_detection_accel.cpp:41]   --->   Operation 37 'load' 'l2_load' <Predicate = (!icmp_ln122)> <Delay = 2.26> <CoreInst = "RAM">   --->   Core 81 'RAM' <Latency = 1> <II = 1> <Delay = 2.26> <Storage> <Opcode : 'load' 'store'> <Ports = 2> <Width = 32> <Depth = 128> <RAM>
ST_1 : Operation 38 [2/2] (2.26ns)   --->   "%weights_2_load = load i13 %weights_2_addr" [mlp_engine.cpp:131->task_detection_accel.cpp:41]   --->   Operation 38 'load' 'weights_2_load' <Predicate = (!icmp_ln122)> <Delay = 2.26> <CoreInst = "RAM">   --->   Core 81 'RAM' <Latency = 1> <II = 1> <Delay = 2.26> <Storage> <Opcode : 'load' 'store'> <Ports = 2> <Width = 32> <Depth = 8192> <RAM>
ST_1 : Operation 39 [1/1] (1.35ns)   --->   "%add_ln128 = add i8 %select_ln122, i8 1" [mlp_engine.cpp:128->task_detection_accel.cpp:41]   --->   Operation 39 'add' 'add_ln128' <Predicate = (!icmp_ln122)> <Delay = 1.35> <CoreInst = "Adder">   --->   Core 1 'Adder' <Latency = 0> <II = 1> <Delay = 1.35> <FuncUnit> <Opcode : 'add' 'sub'> <InPorts = 2> <OutPorts = 1>
ST_1 : Operation 40 [1/1] (1.35ns)   --->   "%icmp_ln128_1 = icmp_eq  i8 %add_ln128, i8 128" [mlp_engine.cpp:128->task_detection_accel.cpp:41]   --->   Operation 40 'icmp' 'icmp_ln128_1' <Predicate = (!icmp_ln122)> <Delay = 1.35> <CoreInst = "Cmp">   --->   Core 9 'Cmp' <Latency = 0> <II = 1> <Delay = 1.35> <FuncUnit> <Opcode : 'seteq' 'setne' 'setle' 'setge' 'setlt' 'setgt'> <InPorts = 2> <OutPorts = 1>
ST_1 : Operation 41 [1/1] (0.00ns)   --->   "%br_ln128 = br i1 %icmp_ln128_1, void %new.latch.for.inc30.i49.split, void %last.iter.for.inc30.i49.split" [mlp_engine.cpp:128->task_detection_accel.cpp:41]   --->   Operation 41 'br' 'br_ln128' <Predicate = (!icmp_ln122)> <Delay = 0.00>
ST_1 : Operation 42 [1/1] (0.83ns)   --->   "%store_ln122 = store i14 %add_ln122_1, i14 %indvar_flatten37" [mlp_engine.cpp:122->task_detection_accel.cpp:41]   --->   Operation 42 'store' 'store_ln122' <Predicate = (!icmp_ln122)> <Delay = 0.83>
ST_1 : Operation 43 [1/1] (0.83ns)   --->   "%store_ln122 = store i7 %select_ln122_1, i7 %o" [mlp_engine.cpp:122->task_detection_accel.cpp:41]   --->   Operation 43 'store' 'store_ln122' <Predicate = (!icmp_ln122)> <Delay = 0.83>
ST_1 : Operation 44 [1/1] (0.83ns)   --->   "%store_ln128 = store i8 %add_ln128, i8 %i" [mlp_engine.cpp:128->task_detection_accel.cpp:41]   --->   Operation 44 'store' 'store_ln128' <Predicate = (!icmp_ln122)> <Delay = 0.83>

State 2 <SV = 1> <Delay = 9.28>
ST_2 : Operation 45 [1/2] ( I:2.26ns O:2.26ns )   --->   "%l2_load = load i7 %l2_addr" [mlp_engine.cpp:131->task_detection_accel.cpp:41]   --->   Operation 45 'load' 'l2_load' <Predicate = true> <Delay = 2.26> <CoreInst = "RAM">   --->   Core 81 'RAM' <Latency = 1> <II = 1> <Delay = 2.26> <Storage> <Opcode : 'load' 'store'> <Ports = 2> <Width = 32> <Depth = 128> <RAM>
ST_2 : Operation 46 [1/2] ( I:2.26ns O:2.26ns )   --->   "%weights_2_load = load i13 %weights_2_addr" [mlp_engine.cpp:131->task_detection_accel.cpp:41]   --->   Operation 46 'load' 'weights_2_load' <Predicate = true> <Delay = 2.26> <CoreInst = "RAM">   --->   Core 81 'RAM' <Latency = 1> <II = 1> <Delay = 2.26> <Storage> <Opcode : 'load' 'store'> <Ports = 2> <Width = 32> <Depth = 8192> <RAM>
ST_2 : Operation 47 [3/3] (7.01ns)   --->   "%mul_i2 = fmul i32 %l2_load, i32 %weights_2_load" [mlp_engine.cpp:131->task_detection_accel.cpp:41]   --->   Operation 47 'fmul' 'mul_i2' <Predicate = true> <Delay = 7.01> <CoreInst = "FMul_maxdsp">   --->   Core 30 'FMul_maxdsp' <Latency = 2> <II = 1> <Delay = 7.01> <FuncUnit> <Opcode : 'fmul'> <InPorts = 2> <OutPorts = 1>

State 3 <SV = 2> <Delay = 7.01>
ST_3 : Operation 48 [1/1] (0.00ns)   --->   "%specloopname_ln0 = specloopname void @_ssdm_op_SpecLoopName, void @VITIS_LOOP_122_3_VITIS_LOOP_128_4_str"   --->   Operation 48 'specloopname' 'specloopname_ln0' <Predicate = true> <Delay = 0.00>
ST_3 : Operation 49 [1/1] (0.00ns)   --->   "%speclooptripcount_ln0 = speclooptripcount void @_ssdm_op_SpecLoopTripCount, i64 8192, i64 8192, i64 8192"   --->   Operation 49 'speclooptripcount' 'speclooptripcount_ln0' <Predicate = true> <Delay = 0.00>
ST_3 : Operation 50 [1/1] (0.00ns)   --->   "%zext_ln122 = zext i7 %select_ln122_1" [mlp_engine.cpp:122->task_detection_accel.cpp:41]   --->   Operation 50 'zext' 'zext_ln122' <Predicate = true> <Delay = 0.00>
ST_3 : Operation 51 [1/1] (0.00ns)   --->   "%bias_2_addr = getelementptr i32 %bias_2, i64 0, i64 %zext_ln122" [mlp_engine.cpp:126->task_detection_accel.cpp:41]   --->   Operation 51 'getelementptr' 'bias_2_addr' <Predicate = true> <Delay = 0.00>
ST_3 : Operation 52 [2/2] (2.26ns)   --->   "%acc_4 = load i6 %bias_2_addr" [mlp_engine.cpp:126->task_detection_accel.cpp:41]   --->   Operation 52 'load' 'acc_4' <Predicate = (first_iter_5)> <Delay = 2.26> <CoreInst = "RAM">   --->   Core 81 'RAM' <Latency = 1> <II = 1> <Delay = 2.26> <Storage> <Opcode : 'load' 'store'> <Ports = 2> <Width = 32> <Depth = 64> <RAM>
ST_3 : Operation 53 [2/3] (7.01ns)   --->   "%mul_i2 = fmul i32 %l2_load, i32 %weights_2_load" [mlp_engine.cpp:131->task_detection_accel.cpp:41]   --->   Operation 53 'fmul' 'mul_i2' <Predicate = true> <Delay = 7.01> <CoreInst = "FMul_maxdsp">   --->   Core 30 'FMul_maxdsp' <Latency = 2> <II = 1> <Delay = 7.01> <FuncUnit> <Opcode : 'fmul'> <InPorts = 2> <OutPorts = 1>
ST_3 : Operation 54 [1/1] (0.00ns)   --->   "%l3_addr = getelementptr i32 %l3, i64 0, i64 %zext_ln122" [mlp_engine.cpp:134->task_detection_accel.cpp:41]   --->   Operation 54 'getelementptr' 'l3_addr' <Predicate = true> <Delay = 0.00>

State 4 <SV = 3> <Delay = 7.01>
ST_4 : Operation 55 [1/2] ( I:2.26ns O:2.26ns )   --->   "%acc_4 = load i6 %bias_2_addr" [mlp_engine.cpp:126->task_detection_accel.cpp:41]   --->   Operation 55 'load' 'acc_4' <Predicate = (first_iter_5)> <Delay = 2.26> <CoreInst = "RAM">   --->   Core 81 'RAM' <Latency = 1> <II = 1> <Delay = 2.26> <Storage> <Opcode : 'load' 'store'> <Ports = 2> <Width = 32> <Depth = 64> <RAM>
ST_4 : Operation 56 [1/1] (0.83ns)   --->   "%store_ln126 = store i32 %acc_4, i32 %acc" [mlp_engine.cpp:126->task_detection_accel.cpp:41]   --->   Operation 56 'store' 'store_ln126' <Predicate = (first_iter_5)> <Delay = 0.83>
ST_4 : Operation 57 [1/1] (0.00ns)   --->   "%br_ln128 = br void %for.inc30.i49.split" [mlp_engine.cpp:128->task_detection_accel.cpp:41]   --->   Operation 57 'br' 'br_ln128' <Predicate = (first_iter_5)> <Delay = 0.00>
ST_4 : Operation 58 [1/3] (7.01ns)   --->   "%mul_i2 = fmul i32 %l2_load, i32 %weights_2_load" [mlp_engine.cpp:131->task_detection_accel.cpp:41]   --->   Operation 58 'fmul' 'mul_i2' <Predicate = true> <Delay = 7.01> <CoreInst = "FMul_maxdsp">   --->   Core 30 'FMul_maxdsp' <Latency = 2> <II = 1> <Delay = 7.01> <FuncUnit> <Opcode : 'fmul'> <InPorts = 2> <OutPorts = 1>

State 5 <SV = 4> <Delay = 53.5>
ST_5 : Operation 59 [1/1] (0.00ns)   --->   "%acc_load = load i32 %acc" [mlp_engine.cpp:131->task_detection_accel.cpp:41]   --->   Operation 59 'load' 'acc_load' <Predicate = true> <Delay = 0.00>
ST_5 : Operation 60 [1/1] (0.00ns)   --->   "%specpipeline_ln130 = specpipeline void @_ssdm_op_SpecPipeline, i32 1, i32 0, i32 0, i32 0, i32 4294967295, void @empty_13" [mlp_engine.cpp:130->task_detection_accel.cpp:41]   --->   Operation 60 'specpipeline' 'specpipeline_ln130' <Predicate = true> <Delay = 0.00>
ST_5 : Operation 61 [1/1] (52.7ns)   --->   "%acc_5 = fadd i32 %acc_load, i32 %mul_i2" [mlp_engine.cpp:131->task_detection_accel.cpp:41]   --->   Operation 61 'fadd' 'acc_5' <Predicate = true> <Delay = 52.7> <CoreInst = "FAddSub_fulldsp">   --->   Core 18 'FAddSub_fulldsp' <Latency = 0> <II = 1> <Delay = 52.7> <FuncUnit> <Opcode : 'fadd' 'fsub'> <InPorts = 2> <OutPorts = 1>
ST_5 : Operation 62 [1/1] (0.83ns)   --->   "%store_ln126 = store i32 %acc_5, i32 %acc" [mlp_engine.cpp:126->task_detection_accel.cpp:41]   --->   Operation 62 'store' 'store_ln126' <Predicate = true> <Delay = 0.83>
ST_5 : Operation 63 [1/1] (0.00ns)   --->   "%br_ln128 = br void %for.inc30.i49" [mlp_engine.cpp:128->task_detection_accel.cpp:41]   --->   Operation 63 'br' 'br_ln128' <Predicate = true> <Delay = 0.00>
ST_5 : Operation 66 [1/1] (0.83ns)   --->   "%ret_ln0 = ret"   --->   Operation 66 'ret' 'ret_ln0' <Predicate = (icmp_ln122)> <Delay = 0.83>

State 6 <SV = 5> <Delay = 2.26>
ST_6 : Operation 64 [1/1] ( I:2.26ns O:2.26ns )   --->   "%store_ln134 = store i32 %acc_5, i6 %l3_addr" [mlp_engine.cpp:134->task_detection_accel.cpp:41]   --->   Operation 64 'store' 'store_ln134' <Predicate = (icmp_ln128_1)> <Delay = 2.26> <CoreInst = "RAM">   --->   Core 81 'RAM' <Latency = 1> <II = 1> <Delay = 2.26> <Storage> <Opcode : 'load' 'store'> <Ports = 2> <Width = 32> <Depth = 64> <RAM>
ST_6 : Operation 65 [1/1] (0.00ns)   --->   "%br_ln128 = br void %new.latch.for.inc30.i49.split" [mlp_engine.cpp:128->task_detection_accel.cpp:41]   --->   Operation 65 'br' 'br_ln128' <Predicate = (icmp_ln128_1)> <Delay = 0.00>


============================================================
+ Verbose Summary: Timing violations
============================================================
Target clock period: 10.000ns, clock uncertainty: 2.700ns.

 <State 1>: 6.323ns
The critical path consists of the following:
	'store' operation ('store_ln128', mlp_engine.cpp:128->task_detection_accel.cpp:41) of constant 0 8 bit on local variable 'i', mlp_engine.cpp:128->task_detection_accel.cpp:41 [11]  (0.833 ns)
	'load' operation 8 bit ('i_load', mlp_engine.cpp:128->task_detection_accel.cpp:41) on local variable 'i', mlp_engine.cpp:128->task_detection_accel.cpp:41 [19]  (0.000 ns)
	'icmp' operation 1 bit ('icmp_ln128', mlp_engine.cpp:128->task_detection_accel.cpp:41) [24]  (1.357 ns)
	'select' operation 7 bit ('select_ln122_1', mlp_engine.cpp:122->task_detection_accel.cpp:41) [26]  (0.517 ns)
	'add' operation 13 bit ('add_ln131', mlp_engine.cpp:131->task_detection_accel.cpp:41) [41]  (1.350 ns)
	'getelementptr' operation 13 bit ('weights_2_addr', mlp_engine.cpp:131->task_detection_accel.cpp:41) [43]  (0.000 ns)
	'load' operation 32 bit ('weights_2_load', mlp_engine.cpp:131->task_detection_accel.cpp:41) on array 'weights_2' [47]  (2.266 ns)

 <State 2>: 9.282ns
The critical path consists of the following:
	'load' operation 32 bit ('l2_load', mlp_engine.cpp:131->task_detection_accel.cpp:41) on array 'l2' [46]  (2.266 ns)
	'fmul' operation 32 bit ('mul_i2', mlp_engine.cpp:131->task_detection_accel.cpp:41) [48]  (7.016 ns)

 <State 3>: 7.016ns
The critical path consists of the following:
	'fmul' operation 32 bit ('mul_i2', mlp_engine.cpp:131->task_detection_accel.cpp:41) [48]  (7.016 ns)

 <State 4>: 7.016ns
The critical path consists of the following:
	'fmul' operation 32 bit ('mul_i2', mlp_engine.cpp:131->task_detection_accel.cpp:41) [48]  (7.016 ns)

 <State 5>: 53.553ns
The critical path consists of the following:
	'load' operation 32 bit ('acc_load', mlp_engine.cpp:131->task_detection_accel.cpp:41) on local variable 'acc', mlp_engine.cpp:126->task_detection_accel.cpp:41 [38]  (0.000 ns)
	'fadd' operation 32 bit ('acc', mlp_engine.cpp:131->task_detection_accel.cpp:41) [49]  (52.720 ns)
	'store' operation ('store_ln126', mlp_engine.cpp:126->task_detection_accel.cpp:41) of variable 'acc', mlp_engine.cpp:131->task_detection_accel.cpp:41 32 bit on local variable 'acc', mlp_engine.cpp:126->task_detection_accel.cpp:41 [58]  (0.833 ns)

 <State 6>: 2.266ns
The critical path consists of the following:
	'store' operation ('store_ln134', mlp_engine.cpp:134->task_detection_accel.cpp:41) of variable 'acc', mlp_engine.cpp:131->task_detection_accel.cpp:41 32 bit on array 'l3' [55]  (2.266 ns)


============================================================
+ Verbose Summary: Binding
============================================================
N/A
* FSMD analyzer results:
  - Output states:
 - Input state : 
  - Chain level:
	State 1
	State 2
	State 3
	State 4
	State 5
	State 6


============================================================
+ Verbose Summary: Datapath Resource usage 
============================================================
N/A
