

================================================================
== Vitis HLS Report for 'task_detection_accel_Pipeline_VITIS_LOOP_166_2'
================================================================
* Date:           Sun Jun 14 16:33:27 2026

* Version:        2025.2 (Build 6295257 on Nov 14 2025)
* Project:        task_detection_tpu
* Solution:       hls (Vivado IP Flow Target)
* Product family: kintex7
* Target device:  xc7k325t-ffg900-2


================================================================
== Performance Estimates
================================================================
+ Timing: 
    * Summary: 
    +--------+----------+-----------+------------+
    |  Clock |  Target  | Estimated | Uncertainty|
    +--------+----------+-----------+------------+
    |ap_clk  |  10.00 ns|  26.139 ns|     2.70 ns|
    +--------+----------+-----------+------------+

+ Latency: 
    * Summary: 
    +---------+---------+----------+----------+-----+-----+-------------------+
    |  Latency (cycles) |  Latency (absolute) |  Interval |      Pipeline     |
    |   min   |   max   |    min   |    max   | min | max |        Type       |
    +---------+---------+----------+----------+-----+-----+-------------------+
    |       70|       70|  1.830 us|  1.830 us|    0|    0|  loop pipeline stp|
    +---------+---------+----------+----------+-----+-----+-------------------+

    + Detail: 
        * Instance: 
        N/A

        * Loop: 
        +--------------------+---------+---------+----------+-----------+-----------+------+----------+
        |                    |  Latency (cycles) | Iteration|  Initiation Interval  | Trip |          |
        |      Loop Name     |   min   |   max   |  Latency |  achieved |   target  | Count| Pipelined|
        +--------------------+---------+---------+----------+-----------+-----------+------+----------+
        |- VITIS_LOOP_166_2  |       68|       68|         6|          1|          1|    64|       yes|
        +--------------------+---------+---------+----------+-----------+-----------+------+----------+

============================================================
+ Verbose Summary: Synthesis Manager
============================================================
InlineROM: 1
ExposeGlobal: 0
============================================================
+ Verbose Summary: CDFG Model
============================================================
IsTopModel: 0
ResetActiveHigh: 1
IsCombinational: 0
IsDatapathOnly: 0
HasWiredReturn: 1
HasMFsm: 2
HasVarLatency: 1
IsPipeline: 0
IsRtlPipelined: 0
IsInstanceOverlapped: 0
IsDontTouch: 0
HasImplIP: 0
IsGatedGlobalClock: 0

+ Individual pipeline summary: 
  * Pipeline-0: initiation interval (II) = 1, depth = 6


============================================================
+ Verbose Summary: Schedule
============================================================
* Number of FSM states : 6
* Pipeline : 1
  Pipeline-0 : II = 1, D = 6, States = { 1 2 3 4 5 6 }
* Dataflow Pipeline: 0

* FSM state transitions: 
1 --> 2 
2 --> 3 
3 --> 4 
4 --> 5 
5 --> 6 
6 --> 

* FSM state operations: 

State 1 <SV = 0> <Delay = 3.09>
ST_1 : Operation 9 [1/1] (0.00ns)   --->   "%acc = alloca i32 1" [mlp_engine.cpp:164->task_detection_accel.cpp:43]   --->   Operation 9 'alloca' 'acc' <Predicate = true> <Delay = 0.00>
ST_1 : Operation 10 [1/1] (0.00ns)   --->   "%i = alloca i32 1" [mlp_engine.cpp:166->task_detection_accel.cpp:43]   --->   Operation 10 'alloca' 'i' <Predicate = true> <Delay = 0.00>
ST_1 : Operation 11 [1/1] (0.83ns)   --->   "%store_ln166 = store i7 0, i7 %i" [mlp_engine.cpp:166->task_detection_accel.cpp:43]   --->   Operation 11 'store' 'store_ln166' <Predicate = true> <Delay = 0.83>
ST_1 : Operation 12 [1/1] (0.83ns)   --->   "%store_ln164 = store i32 0, i32 %acc" [mlp_engine.cpp:164->task_detection_accel.cpp:43]   --->   Operation 12 'store' 'store_ln164' <Predicate = true> <Delay = 0.83>
ST_1 : Operation 13 [1/1] (0.00ns)   --->   "%br_ln0 = br void %for.inc10.i"   --->   Operation 13 'br' 'br_ln0' <Predicate = true> <Delay = 0.00>
ST_1 : Operation 14 [1/1] (0.00ns)   --->   "%i_2 = load i7 %i" [mlp_engine.cpp:166->task_detection_accel.cpp:43]   --->   Operation 14 'load' 'i_2' <Predicate = true> <Delay = 0.00>
ST_1 : Operation 15 [1/1] (1.27ns)   --->   "%icmp_ln166 = icmp_eq  i7 %i_2, i7 64" [mlp_engine.cpp:166->task_detection_accel.cpp:43]   --->   Operation 15 'icmp' 'icmp_ln166' <Predicate = true> <Delay = 1.27> <CoreInst = "Cmp">   --->   Core 9 'Cmp' <Latency = 0> <II = 1> <Delay = 1.27> <FuncUnit> <Opcode : 'seteq' 'setne' 'setle' 'setge' 'setlt' 'setgt'> <InPorts = 2> <OutPorts = 1>
ST_1 : Operation 16 [1/1] (1.27ns)   --->   "%add_ln166 = add i7 %i_2, i7 1" [mlp_engine.cpp:166->task_detection_accel.cpp:43]   --->   Operation 16 'add' 'add_ln166' <Predicate = true> <Delay = 1.27> <CoreInst = "Adder">   --->   Core 1 'Adder' <Latency = 0> <II = 1> <Delay = 1.27> <FuncUnit> <Opcode : 'add' 'sub'> <InPorts = 2> <OutPorts = 1>
ST_1 : Operation 17 [1/1] (0.00ns)   --->   "%br_ln166 = br i1 %icmp_ln166, void %for.inc10.i.split, void %_Z11linear_64_1PfS_.exit.exitStub" [mlp_engine.cpp:166->task_detection_accel.cpp:43]   --->   Operation 17 'br' 'br_ln166' <Predicate = true> <Delay = 0.00>
ST_1 : Operation 18 [1/1] (0.00ns)   --->   "%zext_ln166 = zext i7 %i_2" [mlp_engine.cpp:166->task_detection_accel.cpp:43]   --->   Operation 18 'zext' 'zext_ln166' <Predicate = (!icmp_ln166)> <Delay = 0.00>
ST_1 : Operation 19 [1/1] (0.00ns)   --->   "%l3_addr = getelementptr i32 %l3, i64 0, i64 %zext_ln166" [mlp_engine.cpp:169->task_detection_accel.cpp:43]   --->   Operation 19 'getelementptr' 'l3_addr' <Predicate = (!icmp_ln166)> <Delay = 0.00>
ST_1 : Operation 20 [2/2] (2.26ns)   --->   "%l3_load = load i6 %l3_addr" [mlp_engine.cpp:169->task_detection_accel.cpp:43]   --->   Operation 20 'load' 'l3_load' <Predicate = (!icmp_ln166)> <Delay = 2.26> <CoreInst = "RAM">   --->   Core 81 'RAM' <Latency = 1> <II = 1> <Delay = 2.26> <Storage> <Opcode : 'load' 'store'> <Ports = 2> <Width = 32> <Depth = 64> <RAM>
ST_1 : Operation 21 [1/1] (0.00ns)   --->   "%linear_64_1_float_float_weights_1_addr = getelementptr i32 %linear_64_1_float_float_weights_1, i64 0, i64 %zext_ln166" [mlp_engine.cpp:169->task_detection_accel.cpp:43]   --->   Operation 21 'getelementptr' 'linear_64_1_float_float_weights_1_addr' <Predicate = (!icmp_ln166)> <Delay = 0.00>
ST_1 : Operation 22 [2/2] (2.26ns)   --->   "%linear_64_1_float_float_weights_1_load = load i6 %linear_64_1_float_float_weights_1_addr" [mlp_engine.cpp:169->task_detection_accel.cpp:43]   --->   Operation 22 'load' 'linear_64_1_float_float_weights_1_load' <Predicate = (!icmp_ln166)> <Delay = 2.26> <CoreInst = "RAM">   --->   Core 81 'RAM' <Latency = 1> <II = 1> <Delay = 2.26> <Storage> <Opcode : 'load' 'store'> <Ports = 2> <Width = 32> <Depth = 64> <RAM>
ST_1 : Operation 23 [1/1] (0.83ns)   --->   "%store_ln166 = store i7 %add_ln166, i7 %i" [mlp_engine.cpp:166->task_detection_accel.cpp:43]   --->   Operation 23 'store' 'store_ln166' <Predicate = (!icmp_ln166)> <Delay = 0.83>

State 2 <SV = 1> <Delay = 9.28>
ST_2 : Operation 24 [1/2] ( I:2.26ns O:2.26ns )   --->   "%l3_load = load i6 %l3_addr" [mlp_engine.cpp:169->task_detection_accel.cpp:43]   --->   Operation 24 'load' 'l3_load' <Predicate = true> <Delay = 2.26> <CoreInst = "RAM">   --->   Core 81 'RAM' <Latency = 1> <II = 1> <Delay = 2.26> <Storage> <Opcode : 'load' 'store'> <Ports = 2> <Width = 32> <Depth = 64> <RAM>
ST_2 : Operation 25 [1/2] ( I:2.26ns O:2.26ns )   --->   "%linear_64_1_float_float_weights_1_load = load i6 %linear_64_1_float_float_weights_1_addr" [mlp_engine.cpp:169->task_detection_accel.cpp:43]   --->   Operation 25 'load' 'linear_64_1_float_float_weights_1_load' <Predicate = true> <Delay = 2.26> <CoreInst = "RAM">   --->   Core 81 'RAM' <Latency = 1> <II = 1> <Delay = 2.26> <Storage> <Opcode : 'load' 'store'> <Ports = 2> <Width = 32> <Depth = 64> <RAM>
ST_2 : Operation 26 [3/3] (7.01ns)   --->   "%mul_i3 = fmul i32 %l3_load, i32 %linear_64_1_float_float_weights_1_load" [mlp_engine.cpp:169->task_detection_accel.cpp:43]   --->   Operation 26 'fmul' 'mul_i3' <Predicate = true> <Delay = 7.01> <CoreInst = "FMul_maxdsp">   --->   Core 30 'FMul_maxdsp' <Latency = 2> <II = 1> <Delay = 7.01> <FuncUnit> <Opcode : 'fmul'> <InPorts = 2> <OutPorts = 1>

State 3 <SV = 2> <Delay = 7.01>
ST_3 : Operation 27 [2/3] (7.01ns)   --->   "%mul_i3 = fmul i32 %l3_load, i32 %linear_64_1_float_float_weights_1_load" [mlp_engine.cpp:169->task_detection_accel.cpp:43]   --->   Operation 27 'fmul' 'mul_i3' <Predicate = true> <Delay = 7.01> <CoreInst = "FMul_maxdsp">   --->   Core 30 'FMul_maxdsp' <Latency = 2> <II = 1> <Delay = 7.01> <FuncUnit> <Opcode : 'fmul'> <InPorts = 2> <OutPorts = 1>

State 4 <SV = 3> <Delay = 7.01>
ST_4 : Operation 28 [1/3] (7.01ns)   --->   "%mul_i3 = fmul i32 %l3_load, i32 %linear_64_1_float_float_weights_1_load" [mlp_engine.cpp:169->task_detection_accel.cpp:43]   --->   Operation 28 'fmul' 'mul_i3' <Predicate = true> <Delay = 7.01> <CoreInst = "FMul_maxdsp">   --->   Core 30 'FMul_maxdsp' <Latency = 2> <II = 1> <Delay = 7.01> <FuncUnit> <Opcode : 'fmul'> <InPorts = 2> <OutPorts = 1>

State 5 <SV = 4> <Delay = 12.6>
ST_5 : Operation 29 [1/1] (0.00ns)   --->   "%acc_load_1 = load i32 %acc" [mlp_engine.cpp:169->task_detection_accel.cpp:43]   --->   Operation 29 'load' 'acc_load_1' <Predicate = true> <Delay = 0.00>
ST_5 : Operation 30 [2/2] (12.6ns)   --->   "%acc_3 = fadd i32 %acc_load_1, i32 %mul_i3" [mlp_engine.cpp:169->task_detection_accel.cpp:43]   --->   Operation 30 'fadd' 'acc_3' <Predicate = true> <Delay = 12.6> <CoreInst = "FAddSub_fulldsp">   --->   Core 18 'FAddSub_fulldsp' <Latency = 1> <II = 1> <Delay = 12.6> <FuncUnit> <Opcode : 'fadd' 'fsub'> <InPorts = 2> <OutPorts = 1>
ST_5 : Operation 37 [1/1] (0.00ns)   --->   "%acc_load = load i32 %acc"   --->   Operation 37 'load' 'acc_load' <Predicate = (icmp_ln166)> <Delay = 0.00>
ST_5 : Operation 38 [1/1] (0.00ns)   --->   "%write_ln0 = write void @_ssdm_op_Write.ap_auto.floatP0A, i32 %acc_9_out, i32 %acc_load"   --->   Operation 38 'write' 'write_ln0' <Predicate = (icmp_ln166)> <Delay = 0.00>
ST_5 : Operation 39 [1/1] (0.83ns)   --->   "%ret_ln0 = ret"   --->   Operation 39 'ret' 'ret_ln0' <Predicate = (icmp_ln166)> <Delay = 0.83>

State 6 <SV = 5> <Delay = 26.1>
ST_6 : Operation 31 [1/1] (0.00ns)   --->   "%specpipeline_ln168 = specpipeline void @_ssdm_op_SpecPipeline, i32 1, i32 0, i32 0, i32 0, i32 4294967295, void @empty_13" [mlp_engine.cpp:168->task_detection_accel.cpp:43]   --->   Operation 31 'specpipeline' 'specpipeline_ln168' <Predicate = true> <Delay = 0.00>
ST_6 : Operation 32 [1/1] (0.00ns)   --->   "%speclooptripcount_ln164 = speclooptripcount void @_ssdm_op_SpecLoopTripCount, i64 64, i64 64, i64 64" [mlp_engine.cpp:164->task_detection_accel.cpp:43]   --->   Operation 32 'speclooptripcount' 'speclooptripcount_ln164' <Predicate = true> <Delay = 0.00>
ST_6 : Operation 33 [1/1] (0.00ns)   --->   "%specloopname_ln166 = specloopname void @_ssdm_op_SpecLoopName, void @empty_6" [mlp_engine.cpp:166->task_detection_accel.cpp:43]   --->   Operation 33 'specloopname' 'specloopname_ln166' <Predicate = true> <Delay = 0.00>
ST_6 : Operation 34 [1/2] (12.6ns)   --->   "%acc_3 = fadd i32 %acc_load_1, i32 %mul_i3" [mlp_engine.cpp:169->task_detection_accel.cpp:43]   --->   Operation 34 'fadd' 'acc_3' <Predicate = true> <Delay = 12.6> <CoreInst = "FAddSub_fulldsp">   --->   Core 18 'FAddSub_fulldsp' <Latency = 1> <II = 1> <Delay = 12.6> <FuncUnit> <Opcode : 'fadd' 'fsub'> <InPorts = 2> <OutPorts = 1>
ST_6 : Operation 35 [1/1] (0.83ns)   --->   "%store_ln164 = store i32 %acc_3, i32 %acc" [mlp_engine.cpp:164->task_detection_accel.cpp:43]   --->   Operation 35 'store' 'store_ln164' <Predicate = true> <Delay = 0.83>
ST_6 : Operation 36 [1/1] (0.00ns)   --->   "%br_ln166 = br void %for.inc10.i" [mlp_engine.cpp:166->task_detection_accel.cpp:43]   --->   Operation 36 'br' 'br_ln166' <Predicate = true> <Delay = 0.00>


============================================================
+ Verbose Summary: Binding
============================================================
STG Binding: 
---------------- STG Properties BEGIN ----------------
- Is combinational: 0
- Is one-state seq: 0
- Is datapath-only: 0
- Is pipelined: 0
- Is top level: 0
Port [ Return ] is wired: 1; IO mode=ap_ctrl_hs:ce=0
Port [ l3]:  wired=1; compound=1; hidden=0; nouse=0; global=0; static=0; extern=0; dir=0; type=1; pingpong=0; private_global=0; MemPort=[13]; IO mode=ap_memory:ce=0
Port [ acc_9_out]:  wired=1; compound=0; hidden=0; nouse=0; global=0; static=0; extern=0; dir=1; type=0; pingpong=0; private_global=0; IO mode=ap_vld:ce=0
Port [ linear_64_1_float_float_weights_1]:  wired=1; compound=1; hidden=0; nouse=0; global=1; static=1; extern=0; dir=0; type=1; pingpong=0; private_global=0; MemPort=[13]; IO mode=ap_memory:ce=0
---------------- STG Properties END ------------------

---------------- Datapath Model BEGIN ----------------

<LifeTime>
<method=bitvector/>
acc                                    (alloca           ) [ 0111111]
i                                      (alloca           ) [ 0100000]
store_ln166                            (store            ) [ 0000000]
store_ln164                            (store            ) [ 0000000]
br_ln0                                 (br               ) [ 0000000]
i_2                                    (load             ) [ 0000000]
icmp_ln166                             (icmp             ) [ 0111110]
add_ln166                              (add              ) [ 0000000]
br_ln166                               (br               ) [ 0000000]
zext_ln166                             (zext             ) [ 0000000]
l3_addr                                (getelementptr    ) [ 0110000]
linear_64_1_float_float_weights_1_addr (getelementptr    ) [ 0110000]
store_ln166                            (store            ) [ 0000000]
l3_load                                (load             ) [ 0101100]
linear_64_1_float_float_weights_1_load (load             ) [ 0101100]
mul_i3                                 (fmul             ) [ 0100011]
acc_load_1                             (load             ) [ 0100001]
specpipeline_ln168                     (specpipeline     ) [ 0000000]
speclooptripcount_ln164                (speclooptripcount) [ 0000000]
specloopname_ln166                     (specloopname     ) [ 0000000]
acc_3                                  (fadd             ) [ 0000000]
store_ln164                            (store            ) [ 0000000]
br_ln166                               (br               ) [ 0000000]
acc_load                               (load             ) [ 0000000]
write_ln0                              (write            ) [ 0000000]
ret_ln0                                (ret              ) [ 0000000]
</LifeTime>

<model>

<comp_list>
<comp id="0" class="1000" name="l3">
<pin_list>
<pin id="1" dir="1" index="0" bw="1" slack="0"/>
</pin_list>
<bind>
<StgValue><ssdm name="l3"/><MemPortTyVec>1 3 </MemPortTyVec>
</StgValue>
</bind>
</comp>

<comp id="2" class="1000" name="acc_9_out">
<pin_list>
<pin id="3" dir="1" index="0" bw="1" slack="0"/>
</pin_list>
<bind>
<StgValue><ssdm name="acc_9_out"/></StgValue>
</bind>
</comp>

<comp id="4" class="1000" name="linear_64_1_float_float_weights_1">
<pin_list>
<pin id="5" dir="1" index="0" bw="1" slack="0"/>
</pin_list>
<bind>
<StgValue><ssdm name="linear_64_1_float_float_weights_1"/><MemPortTyVec>1 3 </MemPortTyVec>
</StgValue>
</bind>
</comp>

<comp id="6" class="1001" name="const_6">
<pin_list>
<pin id="7" dir="1" index="0" bw="1" slack="0"/>
</pin_list>
<bind>
<StgValue><ssdm name=""/></StgValue>
</bind>
</comp>

<comp id="8" class="1001" name="const_8">
<pin_list>
<pin id="9" dir="1" index="0" bw="1" slack="0"/>
</pin_list>
<bind>
<StgValue><ssdm name=""/></StgValue>
</bind>
</comp>

<comp id="10" class="1001" name="const_10">
<pin_list>
<pin id="11" dir="1" index="0" bw="1" slack="0"/>
</pin_list>
<bind>
<StgValue><ssdm name=""/></StgValue>
</bind>
</comp>

<comp id="12" class="1001" name="const_12">
<pin_list>
<pin id="13" dir="1" index="0" bw="1" slack="0"/>
</pin_list>
<bind>
<StgValue><ssdm name=""/></StgValue>
</bind>
</comp>

<comp id="14" class="1001" name="const_14">
<pin_list>
<pin id="15" dir="1" index="0" bw="1" slack="0"/>
</pin_list>
<bind>
<StgValue><ssdm name=""/></StgValue>
</bind>
</comp>

<comp id="16" class="1001" name="const_16">
<pin_list>
<pin id="17" dir="1" index="0" bw="1" slack="0"/>
</pin_list>
<bind>
<StgValue><ssdm name=""/></StgValue>
</bind>
</comp>

<comp id="18" class="1001" name="const_18">
<pin_list>
<pin id="19" dir="1" index="0" bw="1" slack="2147483647"/>
</pin_list>
<bind>
<StgValue><ssdm name="_ssdm_op_SpecPipeline"/></StgValue>
</bind>
</comp>

<comp id="20" class="1001" name="const_20">
<pin_list>
<pin id="21" dir="1" index="0" bw="1" slack="2147483647"/>
</pin_list>
<bind>
<StgValue><ssdm name=""/></StgValue>
</bind>
</comp>

<comp id="22" class="1001" name="const_22">
<pin_list>
<pin id="23" dir="1" index="0" bw="1" slack="2147483647"/>
</pin_list>
<bind>
<StgValue><ssdm name=""/></StgValue>
</bind>
</comp>

<comp id="24" class="1001" name="const_24">
<pin_list>
<pin id="25" dir="1" index="0" bw="1" slack="2147483647"/>
</pin_list>
<bind>
<StgValue><ssdm name="empty_13"/></StgValue>
</bind>
</comp>

<comp id="26" class="1001" name="const_26">
<pin_list>
<pin id="27" dir="1" index="0" bw="1" slack="2147483647"/>
</pin_list>
<bind>
<StgValue><ssdm name="_ssdm_op_SpecLoopTripCount"/></StgValue>
</bind>
</comp>

<comp id="28" class="1001" name="const_28">
<pin_list>
<pin id="29" dir="1" index="0" bw="1" slack="2147483647"/>
</pin_list>
<bind>
<StgValue><ssdm name=""/></StgValue>
</bind>
</comp>

<comp id="30" class="1001" name="const_30">
<pin_list>
<pin id="31" dir="1" index="0" bw="1" slack="2147483647"/>
</pin_list>
<bind>
<StgValue><ssdm name="_ssdm_op_SpecLoopName"/></StgValue>
</bind>
</comp>

<comp id="32" class="1001" name="const_32">
<pin_list>
<pin id="33" dir="1" index="0" bw="1" slack="2147483647"/>
</pin_list>
<bind>
<StgValue><ssdm name="empty_6"/></StgValue>
</bind>
</comp>

<comp id="34" class="1001" name="const_34">
<pin_list>
<pin id="35" dir="1" index="0" bw="1" slack="0"/>
</pin_list>
<bind>
<StgValue><ssdm name="_ssdm_op_Write.ap_auto.floatP0A"/></StgValue>
</bind>
</comp>

<comp id="36" class="1004" name="acc_fu_36">
<pin_list>
<pin id="37" dir="0" index="0" bw="1" slack="0"/>
<pin id="38" dir="1" index="1" bw="32" slack="0"/>
</pin_list>
<bind>
<opcode="alloca(26) " fcode="alloca"/>
<opset="acc/1 "/>
</bind>
</comp>

<comp id="40" class="1004" name="i_fu_40">
<pin_list>
<pin id="41" dir="0" index="0" bw="1" slack="0"/>
<pin id="42" dir="1" index="1" bw="7" slack="0"/>
</pin_list>
<bind>
<opcode="alloca(26) " fcode="alloca"/>
<opset="i/1 "/>
</bind>
</comp>

<comp id="44" class="1004" name="write_ln0_write_fu_44">
<pin_list>
<pin id="45" dir="0" index="0" bw="0" slack="0"/>
<pin id="46" dir="0" index="1" bw="32" slack="0"/>
<pin id="47" dir="0" index="2" bw="32" slack="0"/>
<pin id="48" dir="1" index="3" bw="0" slack="2147483647"/>
</pin_list>
<bind>
<opcode="write(1151) " fcode="write"/>
<opset="write_ln0/5 "/>
</bind>
</comp>

<comp id="51" class="1004" name="l3_addr_gep_fu_51">
<pin_list>
<pin id="52" dir="0" index="0" bw="32" slack="0"/>
<pin id="53" dir="0" index="1" bw="1" slack="0"/>
<pin id="54" dir="0" index="2" bw="7" slack="0"/>
<pin id="55" dir="1" index="3" bw="6" slack="0"/>
</pin_list>
<bind>
<opcode="getelementptr(29) " fcode="getelementptr"/>
<opset="l3_addr/1 "/>
</bind>
</comp>

<comp id="58" class="1004" name="grp_access_fu_58">
<pin_list>
<pin id="59" dir="0" index="0" bw="6" slack="0"/>
<pin id="60" dir="0" index="1" bw="32" slack="2147483647"/>
<pin id="61" dir="0" index="2" bw="0" slack="2147483647"/>
<pin id="62" dir="1" index="3" bw="32" slack="0"/>
</pin_list>
<bind>
<opcode="load(27) " fcode="load"/>
<opset="l3_load/1 "/>
</bind>
</comp>

<comp id="64" class="1004" name="linear_64_1_float_float_weights_1_addr_gep_fu_64">
<pin_list>
<pin id="65" dir="0" index="0" bw="32" slack="0"/>
<pin id="66" dir="0" index="1" bw="1" slack="0"/>
<pin id="67" dir="0" index="2" bw="7" slack="0"/>
<pin id="68" dir="1" index="3" bw="6" slack="0"/>
</pin_list>
<bind>
<opcode="getelementptr(29) " fcode="getelementptr"/>
<opset="linear_64_1_float_float_weights_1_addr/1 "/>
</bind>
</comp>

<comp id="71" class="1004" name="grp_access_fu_71">
<pin_list>
<pin id="72" dir="0" index="0" bw="6" slack="0"/>
<pin id="73" dir="0" index="1" bw="32" slack="2147483647"/>
<pin id="74" dir="0" index="2" bw="0" slack="2147483647"/>
<pin id="75" dir="1" index="3" bw="32" slack="0"/>
</pin_list>
<bind>
<opcode="load(27) " fcode="load"/>
<opset="linear_64_1_float_float_weights_1_load/1 "/>
</bind>
</comp>

<comp id="77" class="1004" name="grp_fu_77">
<pin_list>
<pin id="78" dir="0" index="0" bw="32" slack="0"/>
<pin id="79" dir="0" index="1" bw="32" slack="1"/>
<pin id="80" dir="1" index="2" bw="32" slack="0"/>
</pin_list>
<bind>
<opcode="fadd(9) " fcode="fadd"/>
<opset="acc_3/5 "/>
</bind>
</comp>

<comp id="81" class="1004" name="grp_fu_81">
<pin_list>
<pin id="82" dir="0" index="0" bw="32" slack="0"/>
<pin id="83" dir="0" index="1" bw="32" slack="0"/>
<pin id="84" dir="1" index="2" bw="32" slack="1"/>
</pin_list>
<bind>
<opcode="fmul(13) " fcode="fmul"/>
<opset="mul_i3/2 "/>
</bind>
</comp>

<comp id="87" class="1004" name="store_ln166_store_fu_87">
<pin_list>
<pin id="88" dir="0" index="0" bw="1" slack="0"/>
<pin id="89" dir="0" index="1" bw="7" slack="0"/>
<pin id="90" dir="1" index="2" bw="0" slack="2147483647"/>
</pin_list>
<bind>
<opcode="store(28) " fcode="store"/>
<opset="store_ln166/1 "/>
</bind>
</comp>

<comp id="92" class="1004" name="store_ln164_store_fu_92">
<pin_list>
<pin id="93" dir="0" index="0" bw="32" slack="0"/>
<pin id="94" dir="0" index="1" bw="32" slack="0"/>
<pin id="95" dir="1" index="2" bw="0" slack="2147483647"/>
</pin_list>
<bind>
<opcode="store(28) " fcode="store"/>
<opset="store_ln164/1 "/>
</bind>
</comp>

<comp id="97" class="1004" name="i_2_load_fu_97">
<pin_list>
<pin id="98" dir="0" index="0" bw="7" slack="0"/>
<pin id="99" dir="1" index="1" bw="7" slack="0"/>
</pin_list>
<bind>
<opcode="load(27) " fcode="load"/>
<opset="i_2/1 "/>
</bind>
</comp>

<comp id="100" class="1004" name="icmp_ln166_fu_100">
<pin_list>
<pin id="101" dir="0" index="0" bw="7" slack="0"/>
<pin id="102" dir="0" index="1" bw="7" slack="0"/>
<pin id="103" dir="1" index="2" bw="1" slack="4"/>
</pin_list>
<bind>
<opcode="icmp(45) " fcode="icmp"/>
<opset="icmp_ln166/1 "/>
</bind>
</comp>

<comp id="106" class="1004" name="add_ln166_fu_106">
<pin_list>
<pin id="107" dir="0" index="0" bw="7" slack="0"/>
<pin id="108" dir="0" index="1" bw="1" slack="0"/>
<pin id="109" dir="1" index="2" bw="7" slack="0"/>
</pin_list>
<bind>
<opcode="add(8) " fcode="add"/>
<opset="add_ln166/1 "/>
</bind>
</comp>

<comp id="112" class="1004" name="zext_ln166_fu_112">
<pin_list>
<pin id="113" dir="0" index="0" bw="7" slack="0"/>
<pin id="114" dir="1" index="1" bw="64" slack="0"/>
</pin_list>
<bind>
<opcode="zext(34) " fcode="zext"/>
<opset="zext_ln166/1 "/>
</bind>
</comp>

<comp id="118" class="1004" name="store_ln166_store_fu_118">
<pin_list>
<pin id="119" dir="0" index="0" bw="7" slack="0"/>
<pin id="120" dir="0" index="1" bw="7" slack="0"/>
<pin id="121" dir="1" index="2" bw="0" slack="2147483647"/>
</pin_list>
<bind>
<opcode="store(28) " fcode="store"/>
<opset="store_ln166/1 "/>
</bind>
</comp>

<comp id="123" class="1004" name="acc_load_1_load_fu_123">
<pin_list>
<pin id="124" dir="0" index="0" bw="32" slack="4"/>
<pin id="125" dir="1" index="1" bw="32" slack="0"/>
</pin_list>
<bind>
<opcode="load(27) " fcode="load"/>
<opset="acc_load_1/5 "/>
</bind>
</comp>

<comp id="127" class="1004" name="store_ln164_store_fu_127">
<pin_list>
<pin id="128" dir="0" index="0" bw="32" slack="0"/>
<pin id="129" dir="0" index="1" bw="32" slack="5"/>
<pin id="130" dir="1" index="2" bw="0" slack="2147483647"/>
</pin_list>
<bind>
<opcode="store(28) " fcode="store"/>
<opset="store_ln164/6 "/>
</bind>
</comp>

<comp id="132" class="1004" name="acc_load_load_fu_132">
<pin_list>
<pin id="133" dir="0" index="0" bw="32" slack="4"/>
<pin id="134" dir="1" index="1" bw="32" slack="0"/>
</pin_list>
<bind>
<opcode="load(27) " fcode="load"/>
<opset="acc_load/5 "/>
</bind>
</comp>

<comp id="136" class="1005" name="acc_reg_136">
<pin_list>
<pin id="137" dir="0" index="0" bw="32" slack="0"/>
<pin id="138" dir="1" index="1" bw="32" slack="0"/>
</pin_list>
<bind>
<opset="acc "/>
</bind>
</comp>

<comp id="144" class="1005" name="i_reg_144">
<pin_list>
<pin id="145" dir="0" index="0" bw="7" slack="0"/>
<pin id="146" dir="1" index="1" bw="7" slack="0"/>
</pin_list>
<bind>
<opset="i "/>
</bind>
</comp>

<comp id="151" class="1005" name="icmp_ln166_reg_151">
<pin_list>
<pin id="152" dir="0" index="0" bw="1" slack="4"/>
<pin id="153" dir="1" index="1" bw="1" slack="2147483647"/>
</pin_list>
<bind>
<opset="icmp_ln166 "/>
</bind>
</comp>

<comp id="155" class="1005" name="l3_addr_reg_155">
<pin_list>
<pin id="156" dir="0" index="0" bw="6" slack="1"/>
<pin id="157" dir="1" index="1" bw="6" slack="1"/>
</pin_list>
<bind>
<opset="l3_addr "/>
</bind>
</comp>

<comp id="160" class="1005" name="linear_64_1_float_float_weights_1_addr_reg_160">
<pin_list>
<pin id="161" dir="0" index="0" bw="6" slack="1"/>
<pin id="162" dir="1" index="1" bw="6" slack="1"/>
</pin_list>
<bind>
<opset="linear_64_1_float_float_weights_1_addr "/>
</bind>
</comp>

<comp id="165" class="1005" name="l3_load_reg_165">
<pin_list>
<pin id="166" dir="0" index="0" bw="32" slack="1"/>
<pin id="167" dir="1" index="1" bw="32" slack="1"/>
</pin_list>
<bind>
<opset="l3_load "/>
</bind>
</comp>

<comp id="170" class="1005" name="linear_64_1_float_float_weights_1_load_reg_170">
<pin_list>
<pin id="171" dir="0" index="0" bw="32" slack="1"/>
<pin id="172" dir="1" index="1" bw="32" slack="1"/>
</pin_list>
<bind>
<opset="linear_64_1_float_float_weights_1_load "/>
</bind>
</comp>

<comp id="175" class="1005" name="mul_i3_reg_175">
<pin_list>
<pin id="176" dir="0" index="0" bw="32" slack="1"/>
<pin id="177" dir="1" index="1" bw="32" slack="1"/>
</pin_list>
<bind>
<opset="mul_i3 "/>
</bind>
</comp>

<comp id="180" class="1005" name="acc_load_1_reg_180">
<pin_list>
<pin id="181" dir="0" index="0" bw="32" slack="1"/>
<pin id="182" dir="1" index="1" bw="32" slack="1"/>
</pin_list>
<bind>
<opset="acc_load_1 "/>
</bind>
</comp>

</comp_list>

<net_list>
<net id="39"><net_src comp="6" pin="0"/><net_sink comp="36" pin=0"/></net>

<net id="43"><net_src comp="6" pin="0"/><net_sink comp="40" pin=0"/></net>

<net id="49"><net_src comp="34" pin="0"/><net_sink comp="44" pin=0"/></net>

<net id="50"><net_src comp="2" pin="0"/><net_sink comp="44" pin=1"/></net>

<net id="56"><net_src comp="0" pin="0"/><net_sink comp="51" pin=0"/></net>

<net id="57"><net_src comp="16" pin="0"/><net_sink comp="51" pin=1"/></net>

<net id="63"><net_src comp="51" pin="3"/><net_sink comp="58" pin=0"/></net>

<net id="69"><net_src comp="4" pin="0"/><net_sink comp="64" pin=0"/></net>

<net id="70"><net_src comp="16" pin="0"/><net_sink comp="64" pin=1"/></net>

<net id="76"><net_src comp="64" pin="3"/><net_sink comp="71" pin=0"/></net>

<net id="85"><net_src comp="58" pin="3"/><net_sink comp="81" pin=0"/></net>

<net id="86"><net_src comp="71" pin="3"/><net_sink comp="81" pin=1"/></net>

<net id="91"><net_src comp="8" pin="0"/><net_sink comp="87" pin=0"/></net>

<net id="96"><net_src comp="10" pin="0"/><net_sink comp="92" pin=0"/></net>

<net id="104"><net_src comp="97" pin="1"/><net_sink comp="100" pin=0"/></net>

<net id="105"><net_src comp="12" pin="0"/><net_sink comp="100" pin=1"/></net>

<net id="110"><net_src comp="97" pin="1"/><net_sink comp="106" pin=0"/></net>

<net id="111"><net_src comp="14" pin="0"/><net_sink comp="106" pin=1"/></net>

<net id="115"><net_src comp="97" pin="1"/><net_sink comp="112" pin=0"/></net>

<net id="116"><net_src comp="112" pin="1"/><net_sink comp="51" pin=2"/></net>

<net id="117"><net_src comp="112" pin="1"/><net_sink comp="64" pin=2"/></net>

<net id="122"><net_src comp="106" pin="2"/><net_sink comp="118" pin=0"/></net>

<net id="126"><net_src comp="123" pin="1"/><net_sink comp="77" pin=0"/></net>

<net id="131"><net_src comp="77" pin="2"/><net_sink comp="127" pin=0"/></net>

<net id="135"><net_src comp="132" pin="1"/><net_sink comp="44" pin=2"/></net>

<net id="139"><net_src comp="36" pin="1"/><net_sink comp="136" pin=0"/></net>

<net id="140"><net_src comp="136" pin="1"/><net_sink comp="92" pin=1"/></net>

<net id="141"><net_src comp="136" pin="1"/><net_sink comp="123" pin=0"/></net>

<net id="142"><net_src comp="136" pin="1"/><net_sink comp="127" pin=1"/></net>

<net id="143"><net_src comp="136" pin="1"/><net_sink comp="132" pin=0"/></net>

<net id="147"><net_src comp="40" pin="1"/><net_sink comp="144" pin=0"/></net>

<net id="148"><net_src comp="144" pin="1"/><net_sink comp="87" pin=1"/></net>

<net id="149"><net_src comp="144" pin="1"/><net_sink comp="97" pin=0"/></net>

<net id="150"><net_src comp="144" pin="1"/><net_sink comp="118" pin=1"/></net>

<net id="154"><net_src comp="100" pin="2"/><net_sink comp="151" pin=0"/></net>

<net id="158"><net_src comp="51" pin="3"/><net_sink comp="155" pin=0"/></net>

<net id="159"><net_src comp="155" pin="1"/><net_sink comp="58" pin=0"/></net>

<net id="163"><net_src comp="64" pin="3"/><net_sink comp="160" pin=0"/></net>

<net id="164"><net_src comp="160" pin="1"/><net_sink comp="71" pin=0"/></net>

<net id="168"><net_src comp="58" pin="3"/><net_sink comp="165" pin=0"/></net>

<net id="169"><net_src comp="165" pin="1"/><net_sink comp="81" pin=0"/></net>

<net id="173"><net_src comp="71" pin="3"/><net_sink comp="170" pin=0"/></net>

<net id="174"><net_src comp="170" pin="1"/><net_sink comp="81" pin=1"/></net>

<net id="178"><net_src comp="81" pin="2"/><net_sink comp="175" pin=0"/></net>

<net id="179"><net_src comp="175" pin="1"/><net_sink comp="77" pin=1"/></net>

<net id="183"><net_src comp="123" pin="1"/><net_sink comp="180" pin=0"/></net>

<net id="184"><net_src comp="180" pin="1"/><net_sink comp="77" pin=0"/></net>

</net_list>

</model> 
---------------- Datapath Model END ------------------

* FSMD analyzer results:
  - Output states:
	Port: acc_9_out | {5 }
 - Input state : 
	Port: task_detection_accel_Pipeline_VITIS_LOOP_166_2 : l3 | {1 2 }
	Port: task_detection_accel_Pipeline_VITIS_LOOP_166_2 : linear_64_1_float_float_weights_1 | {1 2 }
  - Chain level:
	State 1
		store_ln166 : 1
		store_ln164 : 1
		i_2 : 1
		icmp_ln166 : 2
		add_ln166 : 2
		br_ln166 : 3
		zext_ln166 : 2
		l3_addr : 3
		l3_load : 4
		linear_64_1_float_float_weights_1_addr : 3
		linear_64_1_float_float_weights_1_load : 4
		store_ln166 : 3
	State 2
		mul_i3 : 1
	State 3
	State 4
	State 5
		acc_3 : 1
		write_ln0 : 1
	State 6
		store_ln164 : 1


============================================================
+ Verbose Summary: Datapath Resource usage 
============================================================

* Functional unit list:
|----------|-----------------------|---------|---------|---------|
| Operation|    Functional Unit    |   DSP   |    FF   |   LUT   |
|----------|-----------------------|---------|---------|---------|
|   fadd   |       grp_fu_77       |    2    |   177   |   194   |
|----------|-----------------------|---------|---------|---------|
|   fmul   |       grp_fu_81       |    3    |   128   |   135   |
|----------|-----------------------|---------|---------|---------|
|   icmp   |   icmp_ln166_fu_100   |    0    |    0    |    14   |
|----------|-----------------------|---------|---------|---------|
|    add   |    add_ln166_fu_106   |    0    |    0    |    14   |
|----------|-----------------------|---------|---------|---------|
|   write  | write_ln0_write_fu_44 |    0    |    0    |    0    |
|----------|-----------------------|---------|---------|---------|
|   zext   |   zext_ln166_fu_112   |    0    |    0    |    0    |
|----------|-----------------------|---------|---------|---------|
|   Total  |                       |    5    |   305   |   357   |
|----------|-----------------------|---------|---------|---------|

Memories:
N/A

* Register list:
+----------------------------------------------+--------+
|                                              |   FF   |
+----------------------------------------------+--------+
|              acc_load_1_reg_180              |   32   |
|                  acc_reg_136                 |   32   |
|                   i_reg_144                  |    7   |
|              icmp_ln166_reg_151              |    1   |
|                l3_addr_reg_155               |    6   |
|                l3_load_reg_165               |   32   |
|linear_64_1_float_float_weights_1_addr_reg_160|    6   |
|linear_64_1_float_float_weights_1_load_reg_170|   32   |
|                mul_i3_reg_175                |   32   |
+----------------------------------------------+--------+
|                     Total                    |   180  |
+----------------------------------------------+--------+

* Multiplexer (MUX) list: 
|------------------|------|------|------|--------||---------||---------||---------|
|       Comp       |  Pin | Size |  BW  | S x BW ||  Delay  ||    FF   ||   LUT   |
|------------------|------|------|------|--------||---------||---------||---------|
| grp_access_fu_58 |  p0  |   2  |   6  |   12   ||    0    ||    9    |
| grp_access_fu_71 |  p0  |   2  |   6  |   12   ||    0    ||    9    |
|     grp_fu_77    |  p0  |   2  |  32  |   64   ||    0    ||    9    |
|     grp_fu_81    |  p0  |   2  |  32  |   64   ||    0    ||    9    |
|     grp_fu_81    |  p1  |   2  |  32  |   64   ||    0    ||    9    |
|------------------|------|------|------|--------||---------||---------||---------|
|       Total      |      |      |      |   216  ||  4.165  ||    0    ||    45   |
|------------------|------|------|------|--------||---------||---------||---------|



* Summary:
+-----------+--------+--------+--------+--------+
|           |   DSP  |  Delay |   FF   |   LUT  |
+-----------+--------+--------+--------+--------+
|  Function |    5   |    -   |   305  |   357  |
|   Memory  |    -   |    -   |    -   |    -   |
|Multiplexer|    -   |    4   |    0   |   45   |
|  Register |    -   |    -   |   180  |    -   |
+-----------+--------+--------+--------+--------+
|   Total   |    5   |    4   |   485  |   402  |
+-----------+--------+--------+--------+--------+
