/home/dlohchab/projects/Verilog/DVCON/task_detection_tpu/task_detection_tpu/task_detection_tpu/hls/.autopilot/db/task_detection_accel.pp.0.cpp:2254:5: remark: Added loop label VITIS_LOOP_676_1:   [xilinx-label-all-loops]
    for (unsigned i = low; i != high+1; ++i) {
    ^
    VITIS_LOOP_676_1: 
/home/dlohchab/projects/Verilog/DVCON/task_detection_tpu/task_detection_tpu/task_detection_tpu/hls/.autopilot/db/task_detection_accel.pp.0.cpp:2254:5: note: FIX-IT applied suggested code changes
/home/dlohchab/projects/Verilog/DVCON/task_detection_tpu/task_detection_tpu/task_detection_tpu/hls/.autopilot/db/task_detection_accel.pp.0.cpp:2268:5: remark: Added loop label VITIS_LOOP_690_1:   [xilinx-label-all-loops]
    for (unsigned i = low; i != high+1; ++i) {
    ^
    VITIS_LOOP_690_1: 
/home/dlohchab/projects/Verilog/DVCON/task_detection_tpu/task_detection_tpu/task_detection_tpu/hls/.autopilot/db/task_detection_accel.pp.0.cpp:2268:5: note: FIX-IT applied suggested code changes
/home/dlohchab/projects/Verilog/DVCON/task_detection_tpu/task_detection_tpu/task_detection_tpu/hls/.autopilot/db/task_detection_accel.pp.0.cpp:2282:5: remark: Added loop label VITIS_LOOP_704_1:   [xilinx-label-all-loops]
    for (unsigned i = low; i != high+1; ++i) {
    ^
    VITIS_LOOP_704_1: 
/home/dlohchab/projects/Verilog/DVCON/task_detection_tpu/task_detection_tpu/task_detection_tpu/hls/.autopilot/db/task_detection_accel.pp.0.cpp:2282:5: note: FIX-IT applied suggested code changes
/home/dlohchab/projects/Verilog/DVCON/task_detection_tpu/task_detection_tpu/task_detection_tpu/hls/.autopilot/db/task_detection_accel.pp.0.cpp:5833:7: remark: Added loop label VITIS_LOOP_1251_1:   [xilinx-label-all-loops]
      for (i = 0; i < __N - 1; ++i) {
      ^
      VITIS_LOOP_1251_1: 
/home/dlohchab/projects/Verilog/DVCON/task_detection_tpu/task_detection_tpu/task_detection_tpu/hls/.autopilot/db/task_detection_accel.pp.0.cpp:5833:7: note: FIX-IT applied suggested code changes
/home/dlohchab/projects/Verilog/DVCON/task_detection_tpu/task_detection_tpu/task_detection_tpu/hls/.autopilot/db/task_detection_accel.pp.0.cpp:54882:5: remark: Added loop label VITIS_LOOP_29_1:   [xilinx-label-all-loops]
    for(int i = 0; i < 180; i++)
    ^
    VITIS_LOOP_29_1: 
/home/dlohchab/projects/Verilog/DVCON/task_detection_tpu/task_detection_tpu/task_detection_tpu/hls/.autopilot/db/task_detection_accel.pp.0.cpp:54882:5: note: FIX-IT applied suggested code changes
