

================================================================
== Vitis HLS Report for 'task_detection_accel_Pipeline_VITIS_LOOP_64_1_VITIS_LOOP_68_2'
================================================================
* Date:           Sun Jun 14 16:33:26 2026

* Version:        2025.2 (Build 6295257 on Nov 14 2025)
* Project:        task_detection_tpu
* Solution:       hls (Vivado IP Flow Target)
* Product family: kintex7
* Target device:  xc7k325t-ffg900-2


================================================================
== Performance Estimates
================================================================
+ Timing: 
    * Summary: 
    +--------+----------+----------+------------+
    |  Clock |  Target  | Estimated| Uncertainty|
    +--------+----------+----------+------------+
    |ap_clk  |  10.00 ns|  5.349 ns|     2.70 ns|
    +--------+----------+----------+------------+

+ Latency: 
    * Summary: 
    +---------+---------+----------+----------+-----+-----+-------------------+
    |  Latency (cycles) |  Latency (absolute) |  Interval |      Pipeline     |
    |   min   |   max   |    min   |    max   | min | max |        Type       |
    +---------+---------+----------+----------+-----+-----+-------------------+
    |    32770|    32770|  0.328 ms|  0.328 ms|    0|    0|  loop pipeline stp|
    +---------+---------+----------+----------+-----+-----+-------------------+

    + Detail: 
        * Instance: 
        N/A

        * Loop: 
        +-----------------------------------+---------+---------+----------+-----------+-----------+-------+----------+
        |                                   |  Latency (cycles) | Iteration|  Initiation Interval  |  Trip |          |
        |             Loop Name             |   min   |   max   |  Latency |  achieved |   target  | Count | Pipelined|
        +-----------------------------------+---------+---------+----------+-----------+-----------+-------+----------+
        |- VITIS_LOOP_64_1_VITIS_LOOP_68_2  |    32768|    32768|         1|          1|          1|  32768|       yes|
        +-----------------------------------+---------+---------+----------+-----------+-----------+-------+----------+

============================================================
+ Verbose Summary: Synthesis Manager
============================================================
InlineROM: 1
ExposeGlobal: 0
============================================================
+ Verbose Summary: CDFG Model
============================================================
IsTopModel: 0
ResetActiveHigh: 1
IsCombinational: 0
IsDatapathOnly: 0
HasWiredReturn: 1
HasMFsm: 2
HasVarLatency: 1
IsPipeline: 0
IsRtlPipelined: 0
IsInstanceOverlapped: 0
IsDontTouch: 0
HasImplIP: 0
IsGatedGlobalClock: 0

+ Individual pipeline summary: 
  * Pipeline-0: initiation interval (II) = 1, depth = 2


============================================================
+ Verbose Summary: Schedule
============================================================
* Number of FSM states : 2
* Pipeline : 1
  Pipeline-0 : II = 1, D = 2, States = { 1 2 }
* Dataflow Pipeline: 0

* FSM state transitions: 
1 --> 2 
2 --> 

* FSM state operations: 

State 1 <SV = 0> <Delay = 0.83>
ST_1 : Operation 4 [1/1] (0.00ns)   --->   "%i = alloca i32 1" [mlp_engine.cpp:68->task_detection_accel.cpp:39]   --->   Operation 4 'alloca' 'i' <Predicate = true> <Delay = 0.00>
ST_1 : Operation 5 [1/1] (0.00ns)   --->   "%o = alloca i32 1" [mlp_engine.cpp:64->task_detection_accel.cpp:39]   --->   Operation 5 'alloca' 'o' <Predicate = true> <Delay = 0.00>
ST_1 : Operation 6 [1/1] (0.00ns)   --->   "%indvar_flatten16 = alloca i32 1"   --->   Operation 6 'alloca' 'indvar_flatten16' <Predicate = true> <Delay = 0.00>
ST_1 : Operation 7 [1/1] (0.83ns)   --->   "%store_ln0 = store i16 0, i16 %indvar_flatten16"   --->   Operation 7 'store' 'store_ln0' <Predicate = true> <Delay = 0.83>
ST_1 : Operation 8 [1/1] (0.83ns)   --->   "%store_ln64 = store i8 0, i8 %o" [mlp_engine.cpp:64->task_detection_accel.cpp:39]   --->   Operation 8 'store' 'store_ln64' <Predicate = true> <Delay = 0.83>
ST_1 : Operation 9 [1/1] (0.83ns)   --->   "%store_ln68 = store i9 0, i9 %i" [mlp_engine.cpp:68->task_detection_accel.cpp:39]   --->   Operation 9 'store' 'store_ln68' <Predicate = true> <Delay = 0.83>
ST_1 : Operation 10 [1/1] (0.00ns)   --->   "%br_ln0 = br void %for.inc.i8"   --->   Operation 10 'br' 'br_ln0' <Predicate = true> <Delay = 0.00>

State 2 <SV = 1> <Delay = 5.34>
ST_2 : Operation 11 [1/1] (0.00ns)   --->   "%indvar_flatten16_load = load i16 %indvar_flatten16" [mlp_engine.cpp:64->task_detection_accel.cpp:39]   --->   Operation 11 'load' 'indvar_flatten16_load' <Predicate = true> <Delay = 0.00>
ST_2 : Operation 12 [1/1] (1.34ns)   --->   "%icmp_ln64 = icmp_eq  i16 %indvar_flatten16_load, i16 32768" [mlp_engine.cpp:64->task_detection_accel.cpp:39]   --->   Operation 12 'icmp' 'icmp_ln64' <Predicate = true> <Delay = 1.34> <CoreInst = "Cmp">   --->   Core 9 'Cmp' <Latency = 0> <II = 1> <Delay = 1.34> <FuncUnit> <Opcode : 'seteq' 'setne' 'setle' 'setge' 'setlt' 'setgt'> <InPorts = 2> <OutPorts = 1>
ST_2 : Operation 13 [1/1] (1.34ns)   --->   "%add_ln64_1 = add i16 %indvar_flatten16_load, i16 1" [mlp_engine.cpp:64->task_detection_accel.cpp:39]   --->   Operation 13 'add' 'add_ln64_1' <Predicate = true> <Delay = 1.34> <CoreInst = "Adder">   --->   Core 1 'Adder' <Latency = 0> <II = 1> <Delay = 1.34> <FuncUnit> <Opcode : 'add' 'sub'> <InPorts = 2> <OutPorts = 1>
ST_2 : Operation 14 [1/1] (0.00ns)   --->   "%br_ln64 = br i1 %icmp_ln64, void %for.inc9.i11, void %for.end11.i12.exitStub" [mlp_engine.cpp:64->task_detection_accel.cpp:39]   --->   Operation 14 'br' 'br_ln64' <Predicate = true> <Delay = 0.00>
ST_2 : Operation 15 [1/1] (0.00ns)   --->   "%i_load = load i9 %i" [mlp_engine.cpp:68->task_detection_accel.cpp:39]   --->   Operation 15 'load' 'i_load' <Predicate = (!icmp_ln64)> <Delay = 0.00>
ST_2 : Operation 16 [1/1] (0.00ns)   --->   "%o_load = load i8 %o" [mlp_engine.cpp:64->task_detection_accel.cpp:39]   --->   Operation 16 'load' 'o_load' <Predicate = (!icmp_ln64)> <Delay = 0.00>
ST_2 : Operation 17 [1/1] (1.35ns)   --->   "%add_ln64 = add i8 %o_load, i8 1" [mlp_engine.cpp:64->task_detection_accel.cpp:39]   --->   Operation 17 'add' 'add_ln64' <Predicate = (!icmp_ln64)> <Delay = 1.35> <CoreInst = "Adder">   --->   Core 1 'Adder' <Latency = 0> <II = 1> <Delay = 1.35> <FuncUnit> <Opcode : 'add' 'sub'> <InPorts = 2> <OutPorts = 1>
ST_2 : Operation 18 [1/1] (0.00ns)   --->   "%specloopname_ln0 = specloopname void @_ssdm_op_SpecLoopName, void @VITIS_LOOP_64_1_VITIS_LOOP_68_2_str"   --->   Operation 18 'specloopname' 'specloopname_ln0' <Predicate = (!icmp_ln64)> <Delay = 0.00>
ST_2 : Operation 19 [1/1] (0.00ns)   --->   "%speclooptripcount_ln0 = speclooptripcount void @_ssdm_op_SpecLoopTripCount, i64 32768, i64 32768, i64 32768"   --->   Operation 19 'speclooptripcount' 'speclooptripcount_ln0' <Predicate = (!icmp_ln64)> <Delay = 0.00>
ST_2 : Operation 20 [1/1] (1.35ns)   --->   "%icmp_ln68 = icmp_eq  i9 %i_load, i9 256" [mlp_engine.cpp:68->task_detection_accel.cpp:39]   --->   Operation 20 'icmp' 'icmp_ln68' <Predicate = (!icmp_ln64)> <Delay = 1.35> <CoreInst = "Cmp">   --->   Core 9 'Cmp' <Latency = 0> <II = 1> <Delay = 1.35> <FuncUnit> <Opcode : 'seteq' 'setne' 'setle' 'setge' 'setlt' 'setgt'> <InPorts = 2> <OutPorts = 1>
ST_2 : Operation 21 [1/1] (0.37ns)   --->   "%select_ln64 = select i1 %icmp_ln68, i9 0, i9 %i_load" [mlp_engine.cpp:64->task_detection_accel.cpp:39]   --->   Operation 21 'select' 'select_ln64' <Predicate = (!icmp_ln64)> <Delay = 0.37> <CoreInst = "Sel">   --->   Core 73 'Sel' <Latency = 0> <II = 1> <Delay = 0.37> <FuncUnit> <Opcode : 'select'> <InPorts = 3> <OutPorts = 1>
ST_2 : Operation 22 [1/1] (0.37ns)   --->   "%select_ln64_1 = select i1 %icmp_ln68, i8 %add_ln64, i8 %o_load" [mlp_engine.cpp:64->task_detection_accel.cpp:39]   --->   Operation 22 'select' 'select_ln64_1' <Predicate = (!icmp_ln64)> <Delay = 0.37> <CoreInst = "Sel">   --->   Core 73 'Sel' <Latency = 0> <II = 1> <Delay = 0.37> <FuncUnit> <Opcode : 'select'> <InPorts = 3> <OutPorts = 1>
ST_2 : Operation 23 [1/1] (0.00ns)   --->   "%empty = trunc i8 %select_ln64_1" [mlp_engine.cpp:64->task_detection_accel.cpp:39]   --->   Operation 23 'trunc' 'empty' <Predicate = (!icmp_ln64)> <Delay = 0.00>
ST_2 : Operation 24 [1/1] (1.35ns)   --->   "%first_iter_2 = icmp_eq  i9 %select_ln64, i9 0" [mlp_engine.cpp:64->task_detection_accel.cpp:39]   --->   Operation 24 'icmp' 'first_iter_2' <Predicate = (!icmp_ln64)> <Delay = 1.35> <CoreInst = "Cmp">   --->   Core 9 'Cmp' <Latency = 0> <II = 1> <Delay = 1.35> <FuncUnit> <Opcode : 'seteq' 'setne' 'setle' 'setge' 'setlt' 'setgt'> <InPorts = 2> <OutPorts = 1>
ST_2 : Operation 25 [1/1] (0.00ns)   --->   "%zext_ln64 = zext i8 %select_ln64_1" [mlp_engine.cpp:64->task_detection_accel.cpp:39]   --->   Operation 25 'zext' 'zext_ln64' <Predicate = (!icmp_ln64)> <Delay = 0.00>
ST_2 : Operation 26 [1/1] (0.00ns)   --->   "%tmp = bitconcatenate i15 @_ssdm_op_BitConcatenate.i15.i7.i8, i7 %empty, i8 0" [mlp_engine.cpp:70->task_detection_accel.cpp:39]   --->   Operation 26 'bitconcatenate' 'tmp' <Predicate = (!icmp_ln64)> <Delay = 0.00>
ST_2 : Operation 27 [1/1] (0.00ns)   --->   "%bias_addr = getelementptr i32 %bias, i64 0, i64 %zext_ln64" [mlp_engine.cpp:66->task_detection_accel.cpp:39]   --->   Operation 27 'getelementptr' 'bias_addr' <Predicate = (!icmp_ln64)> <Delay = 0.00>
ST_2 : Operation 28 [1/1] (0.00ns)   --->   "%br_ln68 = br i1 %first_iter_2, void %for.inc.i8.split, void %for.first.iter.for.inc.i8" [mlp_engine.cpp:68->task_detection_accel.cpp:39]   --->   Operation 28 'br' 'br_ln68' <Predicate = (!icmp_ln64)> <Delay = 0.00>
ST_2 : Operation 29 [1/1] ( I:2.26ns O:2.26ns )   --->   "%store_ln66 = store i32 0, i7 %bias_addr" [mlp_engine.cpp:66->task_detection_accel.cpp:39]   --->   Operation 29 'store' 'store_ln66' <Predicate = (!icmp_ln64 & first_iter_2)> <Delay = 2.26> <CoreInst = "RAM">   --->   Core 81 'RAM' <Latency = 1> <II = 1> <Delay = 2.26> <Storage> <Opcode : 'load' 'store'> <Ports = 2> <Width = 32> <Depth = 128> <RAM>
ST_2 : Operation 30 [1/1] (0.00ns)   --->   "%br_ln68 = br void %for.inc.i8.split" [mlp_engine.cpp:68->task_detection_accel.cpp:39]   --->   Operation 30 'br' 'br_ln68' <Predicate = (!icmp_ln64 & first_iter_2)> <Delay = 0.00>
ST_2 : Operation 31 [1/1] (0.00ns)   --->   "%zext_ln70 = zext i9 %select_ln64" [mlp_engine.cpp:70->task_detection_accel.cpp:39]   --->   Operation 31 'zext' 'zext_ln70' <Predicate = (!icmp_ln64)> <Delay = 0.00>
ST_2 : Operation 32 [1/1] (1.34ns)   --->   "%add_ln70 = add i15 %tmp, i15 %zext_ln70" [mlp_engine.cpp:70->task_detection_accel.cpp:39]   --->   Operation 32 'add' 'add_ln70' <Predicate = (!icmp_ln64)> <Delay = 1.34> <CoreInst = "Adder">   --->   Core 1 'Adder' <Latency = 0> <II = 1> <Delay = 1.34> <FuncUnit> <Opcode : 'add' 'sub'> <InPorts = 2> <OutPorts = 1>
ST_2 : Operation 33 [1/1] (0.00ns)   --->   "%zext_ln70_1 = zext i15 %add_ln70" [mlp_engine.cpp:70->task_detection_accel.cpp:39]   --->   Operation 33 'zext' 'zext_ln70_1' <Predicate = (!icmp_ln64)> <Delay = 0.00>
ST_2 : Operation 34 [1/1] (0.00ns)   --->   "%weights_addr = getelementptr i32 %weights, i64 0, i64 %zext_ln70_1" [mlp_engine.cpp:70->task_detection_accel.cpp:39]   --->   Operation 34 'getelementptr' 'weights_addr' <Predicate = (!icmp_ln64)> <Delay = 0.00>
ST_2 : Operation 35 [1/1] (0.00ns)   --->   "%specpipeline_ln68 = specpipeline void @_ssdm_op_SpecPipeline, i32 4294967295, i32 0, i32 0, i32 0, i32 4294967295, void @empty_13" [mlp_engine.cpp:68->task_detection_accel.cpp:39]   --->   Operation 35 'specpipeline' 'specpipeline_ln68' <Predicate = (!icmp_ln64)> <Delay = 0.00>
ST_2 : Operation 36 [1/1] ( I:2.26ns O:2.26ns )   --->   "%store_ln70 = store i32 0.01, i15 %weights_addr" [mlp_engine.cpp:70->task_detection_accel.cpp:39]   --->   Operation 36 'store' 'store_ln70' <Predicate = (!icmp_ln64)> <Delay = 2.26> <CoreInst = "RAM">   --->   Core 81 'RAM' <Latency = 1> <II = 1> <Delay = 2.26> <Storage> <Opcode : 'load' 'store'> <Ports = 2> <Width = 32> <Depth = 32768> <RAM>
ST_2 : Operation 37 [1/1] (1.35ns)   --->   "%add_ln68 = add i9 %select_ln64, i9 1" [mlp_engine.cpp:68->task_detection_accel.cpp:39]   --->   Operation 37 'add' 'add_ln68' <Predicate = (!icmp_ln64)> <Delay = 1.35> <CoreInst = "Adder">   --->   Core 1 'Adder' <Latency = 0> <II = 1> <Delay = 1.35> <FuncUnit> <Opcode : 'add' 'sub'> <InPorts = 2> <OutPorts = 1>
ST_2 : Operation 38 [1/1] (0.83ns)   --->   "%store_ln64 = store i16 %add_ln64_1, i16 %indvar_flatten16" [mlp_engine.cpp:64->task_detection_accel.cpp:39]   --->   Operation 38 'store' 'store_ln64' <Predicate = (!icmp_ln64)> <Delay = 0.83>
ST_2 : Operation 39 [1/1] (0.83ns)   --->   "%store_ln64 = store i8 %select_ln64_1, i8 %o" [mlp_engine.cpp:64->task_detection_accel.cpp:39]   --->   Operation 39 'store' 'store_ln64' <Predicate = (!icmp_ln64)> <Delay = 0.83>
ST_2 : Operation 40 [1/1] (0.83ns)   --->   "%store_ln68 = store i9 %add_ln68, i9 %i" [mlp_engine.cpp:68->task_detection_accel.cpp:39]   --->   Operation 40 'store' 'store_ln68' <Predicate = (!icmp_ln64)> <Delay = 0.83>
ST_2 : Operation 41 [1/1] (0.00ns)   --->   "%br_ln68 = br void %for.inc.i8" [mlp_engine.cpp:68->task_detection_accel.cpp:39]   --->   Operation 41 'br' 'br_ln68' <Predicate = (!icmp_ln64)> <Delay = 0.00>
ST_2 : Operation 42 [1/1] (0.83ns)   --->   "%ret_ln0 = ret"   --->   Operation 42 'ret' 'ret_ln0' <Predicate = (icmp_ln64)> <Delay = 0.83>


============================================================
+ Verbose Summary: Binding
============================================================
STG Binding: 
---------------- STG Properties BEGIN ----------------
- Is combinational: 0
- Is one-state seq: 0
- Is datapath-only: 0
- Is pipelined: 0
- Is top level: 0
Port [ Return ] is wired: 1; IO mode=ap_ctrl_hs:ce=0
Port [ weights]:  wired=1; compound=1; hidden=0; nouse=0; global=1; static=1; extern=0; dir=1; type=1; pingpong=0; private_global=0; MemPort=[03]; IO mode=ap_memory:ce=0
Port [ bias]:  wired=1; compound=1; hidden=0; nouse=0; global=1; static=1; extern=0; dir=1; type=1; pingpong=0; private_global=0; MemPort=[03]; IO mode=ap_memory:ce=0
---------------- STG Properties END ------------------

---------------- Datapath Model BEGIN ----------------

<LifeTime>
<method=bitvector/>
i                     (alloca           ) [ 011]
o                     (alloca           ) [ 011]
indvar_flatten16      (alloca           ) [ 011]
store_ln0             (store            ) [ 000]
store_ln64            (store            ) [ 000]
store_ln68            (store            ) [ 000]
br_ln0                (br               ) [ 000]
indvar_flatten16_load (load             ) [ 000]
icmp_ln64             (icmp             ) [ 011]
add_ln64_1            (add              ) [ 000]
br_ln64               (br               ) [ 000]
i_load                (load             ) [ 000]
o_load                (load             ) [ 000]
add_ln64              (add              ) [ 000]
specloopname_ln0      (specloopname     ) [ 000]
speclooptripcount_ln0 (speclooptripcount) [ 000]
icmp_ln68             (icmp             ) [ 000]
select_ln64           (select           ) [ 000]
select_ln64_1         (select           ) [ 000]
empty                 (trunc            ) [ 000]
first_iter_2          (icmp             ) [ 011]
zext_ln64             (zext             ) [ 000]
tmp                   (bitconcatenate   ) [ 000]
bias_addr             (getelementptr    ) [ 000]
br_ln68               (br               ) [ 000]
store_ln66            (store            ) [ 000]
br_ln68               (br               ) [ 000]
zext_ln70             (zext             ) [ 000]
add_ln70              (add              ) [ 000]
zext_ln70_1           (zext             ) [ 000]
weights_addr          (getelementptr    ) [ 000]
specpipeline_ln68     (specpipeline     ) [ 000]
store_ln70            (store            ) [ 000]
add_ln68              (add              ) [ 000]
store_ln64            (store            ) [ 000]
store_ln64            (store            ) [ 000]
store_ln68            (store            ) [ 000]
br_ln68               (br               ) [ 000]
ret_ln0               (ret              ) [ 000]
</LifeTime>

<model>

<comp_list>
<comp id="0" class="1000" name="weights">
<pin_list>
<pin id="1" dir="1" index="0" bw="1" slack="0"/>
</pin_list>
<bind>
<StgValue><ssdm name="weights"/><MemPortTyVec>0 3 </MemPortTyVec>
</StgValue>
</bind>
</comp>

<comp id="2" class="1000" name="bias">
<pin_list>
<pin id="3" dir="1" index="0" bw="1" slack="0"/>
</pin_list>
<bind>
<StgValue><ssdm name="bias"/><MemPortTyVec>0 3 </MemPortTyVec>
</StgValue>
</bind>
</comp>

<comp id="4" class="1001" name="const_4">
<pin_list>
<pin id="5" dir="1" index="0" bw="1" slack="0"/>
</pin_list>
<bind>
<StgValue><ssdm name=""/></StgValue>
</bind>
</comp>

<comp id="6" class="1001" name="const_6">
<pin_list>
<pin id="7" dir="1" index="0" bw="1" slack="0"/>
</pin_list>
<bind>
<StgValue><ssdm name=""/></StgValue>
</bind>
</comp>

<comp id="8" class="1001" name="const_8">
<pin_list>
<pin id="9" dir="1" index="0" bw="1" slack="0"/>
</pin_list>
<bind>
<StgValue><ssdm name=""/></StgValue>
</bind>
</comp>

<comp id="10" class="1001" name="const_10">
<pin_list>
<pin id="11" dir="1" index="0" bw="1" slack="0"/>
</pin_list>
<bind>
<StgValue><ssdm name=""/></StgValue>
</bind>
</comp>

<comp id="12" class="1001" name="const_12">
<pin_list>
<pin id="13" dir="1" index="0" bw="1" slack="0"/>
</pin_list>
<bind>
<StgValue><ssdm name=""/></StgValue>
</bind>
</comp>

<comp id="14" class="1001" name="const_14">
<pin_list>
<pin id="15" dir="1" index="0" bw="1" slack="0"/>
</pin_list>
<bind>
<StgValue><ssdm name=""/></StgValue>
</bind>
</comp>

<comp id="16" class="1001" name="const_16">
<pin_list>
<pin id="17" dir="1" index="0" bw="1" slack="0"/>
</pin_list>
<bind>
<StgValue><ssdm name=""/></StgValue>
</bind>
</comp>

<comp id="18" class="1001" name="const_18">
<pin_list>
<pin id="19" dir="1" index="0" bw="1" slack="2147483647"/>
</pin_list>
<bind>
<StgValue><ssdm name="_ssdm_op_SpecLoopName"/></StgValue>
</bind>
</comp>

<comp id="20" class="1001" name="const_20">
<pin_list>
<pin id="21" dir="1" index="0" bw="1" slack="2147483647"/>
</pin_list>
<bind>
<StgValue><ssdm name="VITIS_LOOP_64_1_VITIS_LOOP_68_2_str"/></StgValue>
</bind>
</comp>

<comp id="22" class="1001" name="const_22">
<pin_list>
<pin id="23" dir="1" index="0" bw="1" slack="2147483647"/>
</pin_list>
<bind>
<StgValue><ssdm name="_ssdm_op_SpecLoopTripCount"/></StgValue>
</bind>
</comp>

<comp id="24" class="1001" name="const_24">
<pin_list>
<pin id="25" dir="1" index="0" bw="1" slack="2147483647"/>
</pin_list>
<bind>
<StgValue><ssdm name=""/></StgValue>
</bind>
</comp>

<comp id="26" class="1001" name="const_26">
<pin_list>
<pin id="27" dir="1" index="0" bw="1" slack="0"/>
</pin_list>
<bind>
<StgValue><ssdm name=""/></StgValue>
</bind>
</comp>

<comp id="28" class="1001" name="const_28">
<pin_list>
<pin id="29" dir="1" index="0" bw="1" slack="0"/>
</pin_list>
<bind>
<StgValue><ssdm name="_ssdm_op_BitConcatenate.i15.i7.i8"/></StgValue>
</bind>
</comp>

<comp id="30" class="1001" name="const_30">
<pin_list>
<pin id="31" dir="1" index="0" bw="1" slack="0"/>
</pin_list>
<bind>
<StgValue><ssdm name=""/></StgValue>
</bind>
</comp>

<comp id="32" class="1001" name="const_32">
<pin_list>
<pin id="33" dir="1" index="0" bw="1" slack="0"/>
</pin_list>
<bind>
<StgValue><ssdm name=""/></StgValue>
</bind>
</comp>

<comp id="34" class="1001" name="const_34">
<pin_list>
<pin id="35" dir="1" index="0" bw="1" slack="2147483647"/>
</pin_list>
<bind>
<StgValue><ssdm name="_ssdm_op_SpecPipeline"/></StgValue>
</bind>
</comp>

<comp id="36" class="1001" name="const_36">
<pin_list>
<pin id="37" dir="1" index="0" bw="1" slack="2147483647"/>
</pin_list>
<bind>
<StgValue><ssdm name=""/></StgValue>
</bind>
</comp>

<comp id="38" class="1001" name="const_38">
<pin_list>
<pin id="39" dir="1" index="0" bw="1" slack="2147483647"/>
</pin_list>
<bind>
<StgValue><ssdm name=""/></StgValue>
</bind>
</comp>

<comp id="40" class="1001" name="const_40">
<pin_list>
<pin id="41" dir="1" index="0" bw="1" slack="2147483647"/>
</pin_list>
<bind>
<StgValue><ssdm name="empty_13"/></StgValue>
</bind>
</comp>

<comp id="42" class="1001" name="const_42">
<pin_list>
<pin id="43" dir="1" index="0" bw="1" slack="0"/>
</pin_list>
<bind>
<StgValue><ssdm name=""/></StgValue>
</bind>
</comp>

<comp id="44" class="1001" name="const_44">
<pin_list>
<pin id="45" dir="1" index="0" bw="1" slack="0"/>
</pin_list>
<bind>
<StgValue><ssdm name=""/></StgValue>
</bind>
</comp>

<comp id="46" class="1004" name="i_fu_46">
<pin_list>
<pin id="47" dir="0" index="0" bw="1" slack="0"/>
<pin id="48" dir="1" index="1" bw="9" slack="0"/>
</pin_list>
<bind>
<opcode="alloca(26) " fcode="alloca"/>
<opset="i/1 "/>
</bind>
</comp>

<comp id="50" class="1004" name="o_fu_50">
<pin_list>
<pin id="51" dir="0" index="0" bw="1" slack="0"/>
<pin id="52" dir="1" index="1" bw="8" slack="0"/>
</pin_list>
<bind>
<opcode="alloca(26) " fcode="alloca"/>
<opset="o/1 "/>
</bind>
</comp>

<comp id="54" class="1004" name="indvar_flatten16_fu_54">
<pin_list>
<pin id="55" dir="0" index="0" bw="1" slack="0"/>
<pin id="56" dir="1" index="1" bw="16" slack="0"/>
</pin_list>
<bind>
<opcode="alloca(26) " fcode="alloca"/>
<opset="indvar_flatten16/1 "/>
</bind>
</comp>

<comp id="58" class="1004" name="bias_addr_gep_fu_58">
<pin_list>
<pin id="59" dir="0" index="0" bw="32" slack="0"/>
<pin id="60" dir="0" index="1" bw="1" slack="0"/>
<pin id="61" dir="0" index="2" bw="8" slack="0"/>
<pin id="62" dir="1" index="3" bw="7" slack="0"/>
</pin_list>
<bind>
<opcode="getelementptr(29) " fcode="getelementptr"/>
<opset="bias_addr/2 "/>
</bind>
</comp>

<comp id="65" class="1004" name="store_ln66_access_fu_65">
<pin_list>
<pin id="66" dir="0" index="0" bw="7" slack="0"/>
<pin id="67" dir="0" index="1" bw="32" slack="0"/>
<pin id="68" dir="0" index="2" bw="0" slack="2147483647"/>
<pin id="69" dir="1" index="3" bw="32" slack="2147483647"/>
</pin_list>
<bind>
<opcode="store(28) " fcode="store"/>
<opset="store_ln66/2 "/>
</bind>
</comp>

<comp id="72" class="1004" name="weights_addr_gep_fu_72">
<pin_list>
<pin id="73" dir="0" index="0" bw="32" slack="0"/>
<pin id="74" dir="0" index="1" bw="1" slack="0"/>
<pin id="75" dir="0" index="2" bw="15" slack="0"/>
<pin id="76" dir="1" index="3" bw="15" slack="0"/>
</pin_list>
<bind>
<opcode="getelementptr(29) " fcode="getelementptr"/>
<opset="weights_addr/2 "/>
</bind>
</comp>

<comp id="79" class="1004" name="store_ln70_access_fu_79">
<pin_list>
<pin id="80" dir="0" index="0" bw="15" slack="0"/>
<pin id="81" dir="0" index="1" bw="32" slack="0"/>
<pin id="82" dir="0" index="2" bw="0" slack="2147483647"/>
<pin id="83" dir="1" index="3" bw="32" slack="2147483647"/>
</pin_list>
<bind>
<opcode="store(28) " fcode="store"/>
<opset="store_ln70/2 "/>
</bind>
</comp>

<comp id="86" class="1004" name="store_ln0_store_fu_86">
<pin_list>
<pin id="87" dir="0" index="0" bw="1" slack="0"/>
<pin id="88" dir="0" index="1" bw="16" slack="0"/>
<pin id="89" dir="1" index="2" bw="0" slack="2147483647"/>
</pin_list>
<bind>
<opcode="store(28) " fcode="store"/>
<opset="store_ln0/1 "/>
</bind>
</comp>

<comp id="91" class="1004" name="store_ln64_store_fu_91">
<pin_list>
<pin id="92" dir="0" index="0" bw="1" slack="0"/>
<pin id="93" dir="0" index="1" bw="8" slack="0"/>
<pin id="94" dir="1" index="2" bw="0" slack="2147483647"/>
</pin_list>
<bind>
<opcode="store(28) " fcode="store"/>
<opset="store_ln64/1 "/>
</bind>
</comp>

<comp id="96" class="1004" name="store_ln68_store_fu_96">
<pin_list>
<pin id="97" dir="0" index="0" bw="1" slack="0"/>
<pin id="98" dir="0" index="1" bw="9" slack="0"/>
<pin id="99" dir="1" index="2" bw="0" slack="2147483647"/>
</pin_list>
<bind>
<opcode="store(28) " fcode="store"/>
<opset="store_ln68/1 "/>
</bind>
</comp>

<comp id="101" class="1004" name="indvar_flatten16_load_load_fu_101">
<pin_list>
<pin id="102" dir="0" index="0" bw="16" slack="1"/>
<pin id="103" dir="1" index="1" bw="16" slack="0"/>
</pin_list>
<bind>
<opcode="load(27) " fcode="load"/>
<opset="indvar_flatten16_load/2 "/>
</bind>
</comp>

<comp id="104" class="1004" name="icmp_ln64_fu_104">
<pin_list>
<pin id="105" dir="0" index="0" bw="16" slack="0"/>
<pin id="106" dir="0" index="1" bw="16" slack="0"/>
<pin id="107" dir="1" index="2" bw="1" slack="2147483647"/>
</pin_list>
<bind>
<opcode="icmp(45) " fcode="icmp"/>
<opset="icmp_ln64/2 "/>
</bind>
</comp>

<comp id="110" class="1004" name="add_ln64_1_fu_110">
<pin_list>
<pin id="111" dir="0" index="0" bw="16" slack="0"/>
<pin id="112" dir="0" index="1" bw="1" slack="0"/>
<pin id="113" dir="1" index="2" bw="16" slack="0"/>
</pin_list>
<bind>
<opcode="add(8) " fcode="add"/>
<opset="add_ln64_1/2 "/>
</bind>
</comp>

<comp id="116" class="1004" name="i_load_load_fu_116">
<pin_list>
<pin id="117" dir="0" index="0" bw="9" slack="1"/>
<pin id="118" dir="1" index="1" bw="9" slack="0"/>
</pin_list>
<bind>
<opcode="load(27) " fcode="load"/>
<opset="i_load/2 "/>
</bind>
</comp>

<comp id="119" class="1004" name="o_load_load_fu_119">
<pin_list>
<pin id="120" dir="0" index="0" bw="8" slack="1"/>
<pin id="121" dir="1" index="1" bw="8" slack="0"/>
</pin_list>
<bind>
<opcode="load(27) " fcode="load"/>
<opset="o_load/2 "/>
</bind>
</comp>

<comp id="122" class="1004" name="add_ln64_fu_122">
<pin_list>
<pin id="123" dir="0" index="0" bw="8" slack="0"/>
<pin id="124" dir="0" index="1" bw="1" slack="0"/>
<pin id="125" dir="1" index="2" bw="8" slack="0"/>
</pin_list>
<bind>
<opcode="add(8) " fcode="add"/>
<opset="add_ln64/2 "/>
</bind>
</comp>

<comp id="128" class="1004" name="icmp_ln68_fu_128">
<pin_list>
<pin id="129" dir="0" index="0" bw="9" slack="0"/>
<pin id="130" dir="0" index="1" bw="9" slack="0"/>
<pin id="131" dir="1" index="2" bw="1" slack="0"/>
</pin_list>
<bind>
<opcode="icmp(45) " fcode="icmp"/>
<opset="icmp_ln68/2 "/>
</bind>
</comp>

<comp id="134" class="1004" name="select_ln64_fu_134">
<pin_list>
<pin id="135" dir="0" index="0" bw="1" slack="0"/>
<pin id="136" dir="0" index="1" bw="1" slack="0"/>
<pin id="137" dir="0" index="2" bw="9" slack="0"/>
<pin id="138" dir="1" index="3" bw="9" slack="0"/>
</pin_list>
<bind>
<opcode="select(49) " fcode="select"/>
<opset="select_ln64/2 "/>
</bind>
</comp>

<comp id="142" class="1004" name="select_ln64_1_fu_142">
<pin_list>
<pin id="143" dir="0" index="0" bw="1" slack="0"/>
<pin id="144" dir="0" index="1" bw="8" slack="0"/>
<pin id="145" dir="0" index="2" bw="8" slack="0"/>
<pin id="146" dir="1" index="3" bw="8" slack="0"/>
</pin_list>
<bind>
<opcode="select(49) " fcode="select"/>
<opset="select_ln64_1/2 "/>
</bind>
</comp>

<comp id="150" class="1004" name="empty_fu_150">
<pin_list>
<pin id="151" dir="0" index="0" bw="8" slack="0"/>
<pin id="152" dir="1" index="1" bw="7" slack="0"/>
</pin_list>
<bind>
<opcode="trunc(33) " fcode="trunc"/>
<opset="empty/2 "/>
</bind>
</comp>

<comp id="154" class="1004" name="first_iter_2_fu_154">
<pin_list>
<pin id="155" dir="0" index="0" bw="9" slack="0"/>
<pin id="156" dir="0" index="1" bw="1" slack="0"/>
<pin id="157" dir="1" index="2" bw="1" slack="2147483647"/>
</pin_list>
<bind>
<opcode="icmp(45) " fcode="icmp"/>
<opset="first_iter_2/2 "/>
</bind>
</comp>

<comp id="160" class="1004" name="zext_ln64_fu_160">
<pin_list>
<pin id="161" dir="0" index="0" bw="8" slack="0"/>
<pin id="162" dir="1" index="1" bw="64" slack="0"/>
</pin_list>
<bind>
<opcode="zext(34) " fcode="zext"/>
<opset="zext_ln64/2 "/>
</bind>
</comp>

<comp id="165" class="1004" name="tmp_fu_165">
<pin_list>
<pin id="166" dir="0" index="0" bw="15" slack="0"/>
<pin id="167" dir="0" index="1" bw="7" slack="0"/>
<pin id="168" dir="0" index="2" bw="1" slack="0"/>
<pin id="169" dir="1" index="3" bw="15" slack="0"/>
</pin_list>
<bind>
<opcode="bitconcatenate(1004) " fcode="bitconcatenate"/>
<opset="tmp/2 "/>
</bind>
</comp>

<comp id="173" class="1004" name="zext_ln70_fu_173">
<pin_list>
<pin id="174" dir="0" index="0" bw="9" slack="0"/>
<pin id="175" dir="1" index="1" bw="15" slack="0"/>
</pin_list>
<bind>
<opcode="zext(34) " fcode="zext"/>
<opset="zext_ln70/2 "/>
</bind>
</comp>

<comp id="177" class="1004" name="add_ln70_fu_177">
<pin_list>
<pin id="178" dir="0" index="0" bw="15" slack="0"/>
<pin id="179" dir="0" index="1" bw="9" slack="0"/>
<pin id="180" dir="1" index="2" bw="15" slack="0"/>
</pin_list>
<bind>
<opcode="add(8) " fcode="add"/>
<opset="add_ln70/2 "/>
</bind>
</comp>

<comp id="183" class="1004" name="zext_ln70_1_fu_183">
<pin_list>
<pin id="184" dir="0" index="0" bw="15" slack="0"/>
<pin id="185" dir="1" index="1" bw="64" slack="0"/>
</pin_list>
<bind>
<opcode="zext(34) " fcode="zext"/>
<opset="zext_ln70_1/2 "/>
</bind>
</comp>

<comp id="188" class="1004" name="add_ln68_fu_188">
<pin_list>
<pin id="189" dir="0" index="0" bw="9" slack="0"/>
<pin id="190" dir="0" index="1" bw="1" slack="0"/>
<pin id="191" dir="1" index="2" bw="9" slack="0"/>
</pin_list>
<bind>
<opcode="add(8) " fcode="add"/>
<opset="add_ln68/2 "/>
</bind>
</comp>

<comp id="194" class="1004" name="store_ln64_store_fu_194">
<pin_list>
<pin id="195" dir="0" index="0" bw="16" slack="0"/>
<pin id="196" dir="0" index="1" bw="16" slack="1"/>
<pin id="197" dir="1" index="2" bw="0" slack="2147483647"/>
</pin_list>
<bind>
<opcode="store(28) " fcode="store"/>
<opset="store_ln64/2 "/>
</bind>
</comp>

<comp id="199" class="1004" name="store_ln64_store_fu_199">
<pin_list>
<pin id="200" dir="0" index="0" bw="8" slack="0"/>
<pin id="201" dir="0" index="1" bw="8" slack="1"/>
<pin id="202" dir="1" index="2" bw="0" slack="2147483647"/>
</pin_list>
<bind>
<opcode="store(28) " fcode="store"/>
<opset="store_ln64/2 "/>
</bind>
</comp>

<comp id="204" class="1004" name="store_ln68_store_fu_204">
<pin_list>
<pin id="205" dir="0" index="0" bw="9" slack="0"/>
<pin id="206" dir="0" index="1" bw="9" slack="1"/>
<pin id="207" dir="1" index="2" bw="0" slack="2147483647"/>
</pin_list>
<bind>
<opcode="store(28) " fcode="store"/>
<opset="store_ln68/2 "/>
</bind>
</comp>

<comp id="209" class="1005" name="i_reg_209">
<pin_list>
<pin id="210" dir="0" index="0" bw="9" slack="0"/>
<pin id="211" dir="1" index="1" bw="9" slack="0"/>
</pin_list>
<bind>
<opset="i "/>
</bind>
</comp>

<comp id="216" class="1005" name="o_reg_216">
<pin_list>
<pin id="217" dir="0" index="0" bw="8" slack="0"/>
<pin id="218" dir="1" index="1" bw="8" slack="0"/>
</pin_list>
<bind>
<opset="o "/>
</bind>
</comp>

<comp id="223" class="1005" name="indvar_flatten16_reg_223">
<pin_list>
<pin id="224" dir="0" index="0" bw="16" slack="0"/>
<pin id="225" dir="1" index="1" bw="16" slack="0"/>
</pin_list>
<bind>
<opset="indvar_flatten16 "/>
</bind>
</comp>

</comp_list>

<net_list>
<net id="49"><net_src comp="4" pin="0"/><net_sink comp="46" pin=0"/></net>

<net id="53"><net_src comp="4" pin="0"/><net_sink comp="50" pin=0"/></net>

<net id="57"><net_src comp="4" pin="0"/><net_sink comp="54" pin=0"/></net>

<net id="63"><net_src comp="2" pin="0"/><net_sink comp="58" pin=0"/></net>

<net id="64"><net_src comp="30" pin="0"/><net_sink comp="58" pin=1"/></net>

<net id="70"><net_src comp="32" pin="0"/><net_sink comp="65" pin=1"/></net>

<net id="71"><net_src comp="58" pin="3"/><net_sink comp="65" pin=0"/></net>

<net id="77"><net_src comp="0" pin="0"/><net_sink comp="72" pin=0"/></net>

<net id="78"><net_src comp="30" pin="0"/><net_sink comp="72" pin=1"/></net>

<net id="84"><net_src comp="42" pin="0"/><net_sink comp="79" pin=1"/></net>

<net id="85"><net_src comp="72" pin="3"/><net_sink comp="79" pin=0"/></net>

<net id="90"><net_src comp="6" pin="0"/><net_sink comp="86" pin=0"/></net>

<net id="95"><net_src comp="8" pin="0"/><net_sink comp="91" pin=0"/></net>

<net id="100"><net_src comp="10" pin="0"/><net_sink comp="96" pin=0"/></net>

<net id="108"><net_src comp="101" pin="1"/><net_sink comp="104" pin=0"/></net>

<net id="109"><net_src comp="12" pin="0"/><net_sink comp="104" pin=1"/></net>

<net id="114"><net_src comp="101" pin="1"/><net_sink comp="110" pin=0"/></net>

<net id="115"><net_src comp="14" pin="0"/><net_sink comp="110" pin=1"/></net>

<net id="126"><net_src comp="119" pin="1"/><net_sink comp="122" pin=0"/></net>

<net id="127"><net_src comp="16" pin="0"/><net_sink comp="122" pin=1"/></net>

<net id="132"><net_src comp="116" pin="1"/><net_sink comp="128" pin=0"/></net>

<net id="133"><net_src comp="26" pin="0"/><net_sink comp="128" pin=1"/></net>

<net id="139"><net_src comp="128" pin="2"/><net_sink comp="134" pin=0"/></net>

<net id="140"><net_src comp="10" pin="0"/><net_sink comp="134" pin=1"/></net>

<net id="141"><net_src comp="116" pin="1"/><net_sink comp="134" pin=2"/></net>

<net id="147"><net_src comp="128" pin="2"/><net_sink comp="142" pin=0"/></net>

<net id="148"><net_src comp="122" pin="2"/><net_sink comp="142" pin=1"/></net>

<net id="149"><net_src comp="119" pin="1"/><net_sink comp="142" pin=2"/></net>

<net id="153"><net_src comp="142" pin="3"/><net_sink comp="150" pin=0"/></net>

<net id="158"><net_src comp="134" pin="3"/><net_sink comp="154" pin=0"/></net>

<net id="159"><net_src comp="10" pin="0"/><net_sink comp="154" pin=1"/></net>

<net id="163"><net_src comp="142" pin="3"/><net_sink comp="160" pin=0"/></net>

<net id="164"><net_src comp="160" pin="1"/><net_sink comp="58" pin=2"/></net>

<net id="170"><net_src comp="28" pin="0"/><net_sink comp="165" pin=0"/></net>

<net id="171"><net_src comp="150" pin="1"/><net_sink comp="165" pin=1"/></net>

<net id="172"><net_src comp="8" pin="0"/><net_sink comp="165" pin=2"/></net>

<net id="176"><net_src comp="134" pin="3"/><net_sink comp="173" pin=0"/></net>

<net id="181"><net_src comp="165" pin="3"/><net_sink comp="177" pin=0"/></net>

<net id="182"><net_src comp="173" pin="1"/><net_sink comp="177" pin=1"/></net>

<net id="186"><net_src comp="177" pin="2"/><net_sink comp="183" pin=0"/></net>

<net id="187"><net_src comp="183" pin="1"/><net_sink comp="72" pin=2"/></net>

<net id="192"><net_src comp="134" pin="3"/><net_sink comp="188" pin=0"/></net>

<net id="193"><net_src comp="44" pin="0"/><net_sink comp="188" pin=1"/></net>

<net id="198"><net_src comp="110" pin="2"/><net_sink comp="194" pin=0"/></net>

<net id="203"><net_src comp="142" pin="3"/><net_sink comp="199" pin=0"/></net>

<net id="208"><net_src comp="188" pin="2"/><net_sink comp="204" pin=0"/></net>

<net id="212"><net_src comp="46" pin="1"/><net_sink comp="209" pin=0"/></net>

<net id="213"><net_src comp="209" pin="1"/><net_sink comp="96" pin=1"/></net>

<net id="214"><net_src comp="209" pin="1"/><net_sink comp="116" pin=0"/></net>

<net id="215"><net_src comp="209" pin="1"/><net_sink comp="204" pin=1"/></net>

<net id="219"><net_src comp="50" pin="1"/><net_sink comp="216" pin=0"/></net>

<net id="220"><net_src comp="216" pin="1"/><net_sink comp="91" pin=1"/></net>

<net id="221"><net_src comp="216" pin="1"/><net_sink comp="119" pin=0"/></net>

<net id="222"><net_src comp="216" pin="1"/><net_sink comp="199" pin=1"/></net>

<net id="226"><net_src comp="54" pin="1"/><net_sink comp="223" pin=0"/></net>

<net id="227"><net_src comp="223" pin="1"/><net_sink comp="86" pin=1"/></net>

<net id="228"><net_src comp="223" pin="1"/><net_sink comp="101" pin=0"/></net>

<net id="229"><net_src comp="223" pin="1"/><net_sink comp="194" pin=1"/></net>

</net_list>

</model> 
---------------- Datapath Model END ------------------

* FSMD analyzer results:
  - Output states:
	Port: weights | {2 }
	Port: bias | {2 }
 - Input state : 
  - Chain level:
	State 1
		store_ln0 : 1
		store_ln64 : 1
		store_ln68 : 1
	State 2
		icmp_ln64 : 1
		add_ln64_1 : 1
		br_ln64 : 2
		add_ln64 : 1
		icmp_ln68 : 1
		select_ln64 : 2
		select_ln64_1 : 2
		empty : 3
		first_iter_2 : 3
		zext_ln64 : 3
		tmp : 4
		bias_addr : 4
		br_ln68 : 4
		store_ln66 : 5
		zext_ln70 : 3
		add_ln70 : 5
		zext_ln70_1 : 6
		weights_addr : 7
		store_ln70 : 8
		add_ln68 : 3
		store_ln64 : 2
		store_ln64 : 3
		store_ln68 : 4


============================================================
+ Verbose Summary: Datapath Resource usage 
============================================================

* Functional unit list:
|----------|----------------------|---------|---------|
| Operation|    Functional Unit   |    FF   |   LUT   |
|----------|----------------------|---------|---------|
|          |   add_ln64_1_fu_110  |    0    |    23   |
|    add   |    add_ln64_fu_122   |    0    |    15   |
|          |    add_ln70_fu_177   |    0    |    22   |
|          |    add_ln68_fu_188   |    0    |    16   |
|----------|----------------------|---------|---------|
|          |   icmp_ln64_fu_104   |    0    |    23   |
|   icmp   |   icmp_ln68_fu_128   |    0    |    16   |
|          |  first_iter_2_fu_154 |    0    |    16   |
|----------|----------------------|---------|---------|
|  select  |  select_ln64_fu_134  |    0    |    9    |
|          | select_ln64_1_fu_142 |    0    |    8    |
|----------|----------------------|---------|---------|
|   trunc  |     empty_fu_150     |    0    |    0    |
|----------|----------------------|---------|---------|
|          |   zext_ln64_fu_160   |    0    |    0    |
|   zext   |   zext_ln70_fu_173   |    0    |    0    |
|          |  zext_ln70_1_fu_183  |    0    |    0    |
|----------|----------------------|---------|---------|
|bitconcatenate|      tmp_fu_165      |    0    |    0    |
|----------|----------------------|---------|---------|
|   Total  |                      |    0    |   148   |
|----------|----------------------|---------|---------|

Memories:
N/A

* Register list:
+------------------------+--------+
|                        |   FF   |
+------------------------+--------+
|        i_reg_209       |    9   |
|indvar_flatten16_reg_223|   16   |
|        o_reg_216       |    8   |
+------------------------+--------+
|          Total         |   33   |
+------------------------+--------+

* Multiplexer (MUX) list: 
|--------|------|------|------|--------|
|  Comp  |  Pin | Size |  BW  | S x BW |
|--------|------|------|------|--------|
|  Total |      |      |      |    0   |
|--------|------|------|------|--------|



* Summary:
+-----------+--------+--------+
|           |   FF   |   LUT  |
+-----------+--------+--------+
|  Function |    0   |   148  |
|   Memory  |    -   |    -   |
|Multiplexer|    -   |    -   |
|  Register |   33   |    -   |
+-----------+--------+--------+
|   Total   |   33   |   148  |
+-----------+--------+--------+
