

================================================================
== Vitis HLS Report for 'task_detection_accel'
================================================================
* Date:           Sun Jun 14 16:33:27 2026

* Version:        2025.2 (Build 6295257 on Nov 14 2025)
* Project:        task_detection_tpu
* Solution:       hls (Vivado IP Flow Target)
* Product family: kintex7
* Target device:  xc7k325t-ffg900-2


================================================================
== Performance Estimates
================================================================
+ Timing: 
    * Summary: 
    +--------+----------+-----------+------------+
    |  Clock |  Target  | Estimated | Uncertainty|
    +--------+----------+-----------+------------+
    |ap_clk  |  10.00 ns|  53.553 ns|     2.70 ns|
    +--------+----------+-----------+------------+

+ Latency: 
    * Summary: 
    +---------+---------+----------+----------+-------+--------+---------+
    |  Latency (cycles) |  Latency (absolute) |    Interval    | Pipeline|
    |   min   |   max   |    min   |    max   |  min  |   max  |   Type  |
    +---------+---------+----------+----------+-------+--------+---------+
    |    87339|   174451|  4.677 ms|  9.342 ms|  87340|  174452|       no|
    +---------+---------+----------+----------+-------+--------+---------+

    + Detail: 
        * Instance: 
        N/A

        * Loop: 
        N/A

============================================================
+ Verbose Summary: Synthesis Manager
============================================================
InlineROM: 1
ExposeGlobal: 0
============================================================
+ Verbose Summary: CDFG Model
============================================================
IsTopModel: 1
ResetActiveHigh: 1
IsCombinational: 0
IsDatapathOnly: 0
HasWiredReturn: 1
HasMFsm: 0
HasVarLatency: 1
IsPipeline: 0
IsRtlPipelined: 0
IsInstanceOverlapped: 0
IsDontTouch: 0
HasImplIP: 0
IsGatedGlobalClock: 0


============================================================
+ Verbose Summary: Schedule
============================================================
* Number of FSM states : 29
* Pipeline : 0
* Dataflow Pipeline: 0

* FSM state transitions: 
1 --> 2 
2 --> 3 
3 --> 4 
4 --> 5 
5 --> 6 
6 --> 7 
7 --> 8 
8 --> 9 
9 --> 10 
10 --> 11 
11 --> 12 
12 --> 13 
13 --> 14 
14 --> 15 
15 --> 16 
16 --> 17 
17 --> 18 
18 --> 19 
19 --> 20 
20 --> 21 
21 --> 22 
22 --> 23 
23 --> 24 
24 --> 25 
25 --> 26 
26 --> 27 
27 --> 28 
28 --> 29 
29 --> 

* FSM state operations: 

State 1 <SV = 0> <Delay = 1.00>
ST_1 : Operation 30 [1/1] (1.00ns)   --->   "%output_r_read = read i64 @_ssdm_op_Read.s_axilite.i64, i64 %output_r"   --->   Operation 30 'read' 'output_r_read' <Predicate = true> <Delay = 1.00> <CoreInst = "s_axilite">   --->   Core 112 's_axilite' <Latency = 0> <II = 1> <Delay = 1.00> <Adapter> <Opcode : 'read' 'write'>
ST_1 : Operation 31 [1/1] (1.00ns)   --->   "%input_r_read = read i64 @_ssdm_op_Read.s_axilite.i64, i64 %input_r"   --->   Operation 31 'read' 'input_r_read' <Predicate = true> <Delay = 1.00> <CoreInst = "s_axilite">   --->   Core 112 's_axilite' <Latency = 0> <II = 1> <Delay = 1.00> <Adapter> <Opcode : 'read' 'write'>
ST_1 : Operation 32 [1/1] (0.00ns)   --->   "%acc_9_loc = alloca i64 1"   --->   Operation 32 'alloca' 'acc_9_loc' <Predicate = true> <Delay = 0.00>
ST_1 : Operation 33 [1/1] (0.00ns)   --->   "%in_buf = alloca i64 1" [task_detection_accel.cpp:20]   --->   Operation 33 'alloca' 'in_buf' <Predicate = true> <Delay = 0.00>
ST_1 : Operation 34 [1/1] (0.00ns)   --->   "%l1 = alloca i64 1" [task_detection_accel.cpp:22]   --->   Operation 34 'alloca' 'l1' <Predicate = true> <Delay = 0.00>
ST_1 : Operation 35 [1/1] (0.00ns)   --->   "%l2 = alloca i64 1" [task_detection_accel.cpp:23]   --->   Operation 35 'alloca' 'l2' <Predicate = true> <Delay = 0.00>
ST_1 : Operation 36 [1/1] (0.00ns)   --->   "%l3 = alloca i64 1" [task_detection_accel.cpp:24]   --->   Operation 36 'alloca' 'l3' <Predicate = true> <Delay = 0.00>
ST_1 : Operation 37 [1/1] (0.00ns)   --->   "%trunc_ln = partselect i62 @_ssdm_op_PartSelect.i62.i64.i32.i32, i64 %input_r_read, i32 2, i32 63" [task_detection_accel.cpp:29]   --->   Operation 37 'partselect' 'trunc_ln' <Predicate = true> <Delay = 0.00>

State 2 <SV = 1> <Delay = 7.30>
ST_2 : Operation 38 [1/1] (0.00ns)   --->   "%sext_ln29 = sext i62 %trunc_ln" [task_detection_accel.cpp:29]   --->   Operation 38 'sext' 'sext_ln29' <Predicate = true> <Delay = 0.00>
ST_2 : Operation 39 [1/1] (0.00ns)   --->   "%gmem0_addr = getelementptr i32 %gmem0, i64 %sext_ln29" [task_detection_accel.cpp:29]   --->   Operation 39 'getelementptr' 'gmem0_addr' <Predicate = true> <Delay = 0.00>
ST_2 : Operation 40 [8/8] (7.30ns)   --->   "%empty = readreq i1 @_ssdm_op_ReadReq.m_axi.p1i32, i32 %gmem0_addr, i64 180" [task_detection_accel.cpp:29]   --->   Operation 40 'readreq' 'empty' <Predicate = true> <Delay = 7.30> <CoreInst = "m_axi">   --->   Core 111 'm_axi' <Latency = 6> <II = 1> <Delay = 1.00> <Adapter> <Opcode : 'readrequnaligned' 'writerequnaligned' 'read' 'write' 'readreq' 'writereq' 'writeresp'>

State 3 <SV = 2> <Delay = 0.00>
ST_3 : Operation 41 [7/8] (7.30ns)   --->   "%empty = readreq i1 @_ssdm_op_ReadReq.m_axi.p1i32, i32 %gmem0_addr, i64 180" [task_detection_accel.cpp:29]   --->   Operation 41 'readreq' 'empty' <Predicate = true> <Delay = 7.30> <CoreInst = "m_axi">   --->   Core 111 'm_axi' <Latency = 6> <II = 1> <Delay = 1.00> <Adapter> <Opcode : 'readrequnaligned' 'writerequnaligned' 'read' 'write' 'readreq' 'writereq' 'writeresp'>

State 4 <SV = 3> <Delay = 0.00>
ST_4 : Operation 42 [6/8] (7.30ns)   --->   "%empty = readreq i1 @_ssdm_op_ReadReq.m_axi.p1i32, i32 %gmem0_addr, i64 180" [task_detection_accel.cpp:29]   --->   Operation 42 'readreq' 'empty' <Predicate = true> <Delay = 7.30> <CoreInst = "m_axi">   --->   Core 111 'm_axi' <Latency = 6> <II = 1> <Delay = 1.00> <Adapter> <Opcode : 'readrequnaligned' 'writerequnaligned' 'read' 'write' 'readreq' 'writereq' 'writeresp'>

State 5 <SV = 4> <Delay = 0.00>
ST_5 : Operation 43 [5/8] (7.30ns)   --->   "%empty = readreq i1 @_ssdm_op_ReadReq.m_axi.p1i32, i32 %gmem0_addr, i64 180" [task_detection_accel.cpp:29]   --->   Operation 43 'readreq' 'empty' <Predicate = true> <Delay = 7.30> <CoreInst = "m_axi">   --->   Core 111 'm_axi' <Latency = 6> <II = 1> <Delay = 1.00> <Adapter> <Opcode : 'readrequnaligned' 'writerequnaligned' 'read' 'write' 'readreq' 'writereq' 'writeresp'>

State 6 <SV = 5> <Delay = 0.00>
ST_6 : Operation 44 [4/8] (7.30ns)   --->   "%empty = readreq i1 @_ssdm_op_ReadReq.m_axi.p1i32, i32 %gmem0_addr, i64 180" [task_detection_accel.cpp:29]   --->   Operation 44 'readreq' 'empty' <Predicate = true> <Delay = 7.30> <CoreInst = "m_axi">   --->   Core 111 'm_axi' <Latency = 6> <II = 1> <Delay = 1.00> <Adapter> <Opcode : 'readrequnaligned' 'writerequnaligned' 'read' 'write' 'readreq' 'writereq' 'writeresp'>

State 7 <SV = 6> <Delay = 0.00>
ST_7 : Operation 45 [3/8] (7.30ns)   --->   "%empty = readreq i1 @_ssdm_op_ReadReq.m_axi.p1i32, i32 %gmem0_addr, i64 180" [task_detection_accel.cpp:29]   --->   Operation 45 'readreq' 'empty' <Predicate = true> <Delay = 7.30> <CoreInst = "m_axi">   --->   Core 111 'm_axi' <Latency = 6> <II = 1> <Delay = 1.00> <Adapter> <Opcode : 'readrequnaligned' 'writerequnaligned' 'read' 'write' 'readreq' 'writereq' 'writeresp'>

State 8 <SV = 7> <Delay = 0.00>
ST_8 : Operation 46 [2/8] (7.30ns)   --->   "%empty = readreq i1 @_ssdm_op_ReadReq.m_axi.p1i32, i32 %gmem0_addr, i64 180" [task_detection_accel.cpp:29]   --->   Operation 46 'readreq' 'empty' <Predicate = true> <Delay = 7.30> <CoreInst = "m_axi">   --->   Core 111 'm_axi' <Latency = 6> <II = 1> <Delay = 1.00> <Adapter> <Opcode : 'readrequnaligned' 'writerequnaligned' 'read' 'write' 'readreq' 'writereq' 'writeresp'>

State 9 <SV = 8> <Delay = 7.30>
ST_9 : Operation 47 [1/8] ( I:7.30ns O:7.30ns )   --->   "%empty = readreq i1 @_ssdm_op_ReadReq.m_axi.p1i32, i32 %gmem0_addr, i64 180" [task_detection_accel.cpp:29]   --->   Operation 47 'readreq' 'empty' <Predicate = true> <Delay = 7.30> <CoreInst = "m_axi">   --->   Core 111 'm_axi' <Latency = 6> <II = 1> <Delay = 1.00> <Adapter> <Opcode : 'readrequnaligned' 'writerequnaligned' 'read' 'write' 'readreq' 'writereq' 'writeresp'>

State 10 <SV = 9> <Delay = 0.00>
ST_10 : Operation 48 [2/2] (0.00ns)   --->   "%call_ln29 = call void @task_detection_accel_Pipeline_VITIS_LOOP_29_1, i32 %gmem0, i62 %trunc_ln, i32 %in_buf" [task_detection_accel.cpp:29]   --->   Operation 48 'call' 'call_ln29' <Predicate = true> <Delay = 0.00> <CoreType = "Generic">   --->   Generic Core

State 11 <SV = 10> <Delay = 0.00>
ST_11 : Operation 49 [1/1] (0.00ns)   --->   "%spectopmodule_ln6 = spectopmodule void @_ssdm_op_SpecTopModule, void @empty_5" [task_detection_accel.cpp:6]   --->   Operation 49 'spectopmodule' 'spectopmodule_ln6' <Predicate = true> <Delay = 0.00>
ST_11 : Operation 50 [1/1] (0.00ns)   --->   "%specinterface_ln0 = specinterface void @_ssdm_op_SpecInterface, i32 %gmem0, void @empty_14, i32 0, i32 0, void @empty_13, i32 0, i32 0, void @empty_12, void @empty_11, void @empty_13, i32 16, i32 16, i32 16, i32 16, void @empty_13, void @empty_13, i32 4294967295, i32 0, i32 0, i32 4"   --->   Operation 50 'specinterface' 'specinterface_ln0' <Predicate = true> <Delay = 0.00>
ST_11 : Operation 51 [1/1] (0.00ns)   --->   "%specbitsmap_ln0 = specbitsmap void @_ssdm_op_SpecBitsMap, i32 %gmem0"   --->   Operation 51 'specbitsmap' 'specbitsmap_ln0' <Predicate = true> <Delay = 0.00>
ST_11 : Operation 52 [1/1] (0.00ns)   --->   "%specinterface_ln0 = specinterface void @_ssdm_op_SpecInterface, i32 %gmem1, void @empty_14, i32 0, i32 0, void @empty_13, i32 0, i32 0, void @empty, void @empty_11, void @empty_13, i32 16, i32 16, i32 16, i32 16, void @empty_13, void @empty_13, i32 4294967295, i32 0, i32 0, i32 4"   --->   Operation 52 'specinterface' 'specinterface_ln0' <Predicate = true> <Delay = 0.00>
ST_11 : Operation 53 [1/1] (0.00ns)   --->   "%specbitsmap_ln0 = specbitsmap void @_ssdm_op_SpecBitsMap, i32 %gmem1"   --->   Operation 53 'specbitsmap' 'specbitsmap_ln0' <Predicate = true> <Delay = 0.00>
ST_11 : Operation 54 [1/1] (0.00ns)   --->   "%specinterface_ln0 = specinterface void @_ssdm_op_SpecInterface, i64 %input_r, void @empty_10, i32 0, i32 0, void @empty_13, i32 0, i32 0, void @empty_9, void @empty_0, void @empty_13, i32 0, i32 0, i32 0, i32 0, void @empty_13, void @empty_1, i32 4294967295, i32 0, i32 0, i32 0"   --->   Operation 54 'specinterface' 'specinterface_ln0' <Predicate = true> <Delay = 0.00>
ST_11 : Operation 55 [1/1] (0.00ns)   --->   "%specinterface_ln0 = specinterface void @_ssdm_op_SpecInterface, i64 %input_r, void @empty_2, i32 0, i32 0, void @empty_13, i32 0, i32 0, void @empty_13, void @empty_13, void @empty_13, i32 0, i32 0, i32 0, i32 0, void @empty_13, void @empty_1, i32 4294967295, i32 0, i32 0, i32 0"   --->   Operation 55 'specinterface' 'specinterface_ln0' <Predicate = true> <Delay = 0.00>
ST_11 : Operation 56 [1/1] (0.00ns)   --->   "%specinterface_ln0 = specinterface void @_ssdm_op_SpecInterface, i64 %output_r, void @empty_10, i32 0, i32 0, void @empty_13, i32 0, i32 0, void @empty_9, void @empty_15, void @empty_13, i32 0, i32 0, i32 0, i32 0, void @empty_13, void @empty_1, i32 4294967295, i32 0, i32 0, i32 0"   --->   Operation 56 'specinterface' 'specinterface_ln0' <Predicate = true> <Delay = 0.00>
ST_11 : Operation 57 [1/1] (0.00ns)   --->   "%specinterface_ln0 = specinterface void @_ssdm_op_SpecInterface, i64 %output_r, void @empty_2, i32 0, i32 0, void @empty_13, i32 0, i32 0, void @empty_13, void @empty_13, void @empty_13, i32 0, i32 0, i32 0, i32 0, void @empty_13, void @empty_1, i32 4294967295, i32 0, i32 0, i32 0"   --->   Operation 57 'specinterface' 'specinterface_ln0' <Predicate = true> <Delay = 0.00>
ST_11 : Operation 58 [1/1] (0.00ns)   --->   "%specbitsmap_ln0 = specbitsmap void @_ssdm_op_SpecBitsMap, i32 %task_id"   --->   Operation 58 'specbitsmap' 'specbitsmap_ln0' <Predicate = true> <Delay = 0.00>
ST_11 : Operation 59 [1/1] (0.00ns)   --->   "%specinterface_ln0 = specinterface void @_ssdm_op_SpecInterface, i32 %task_id, void @empty_10, i32 4294967295, i32 4294967295, void @empty_13, i32 0, i32 0, void @empty_3, void @empty_0, void @empty_13, i32 0, i32 0, i32 0, i32 0, void @empty_13, void @empty_13, i32 4294967295, i32 0, i32 0, i32 0"   --->   Operation 59 'specinterface' 'specinterface_ln0' <Predicate = true> <Delay = 0.00>
ST_11 : Operation 60 [1/1] (0.00ns)   --->   "%specinterface_ln0 = specinterface void @_ssdm_op_SpecInterface, i32 %task_id, void @empty_2, i32 0, i32 0, void @empty_13, i32 0, i32 0, void @empty_13, void @empty_13, void @empty_13, i32 0, i32 0, i32 0, i32 0, void @empty_13, void @empty_13, i32 4294967295, i32 0, i32 0, i32 0"   --->   Operation 60 'specinterface' 'specinterface_ln0' <Predicate = true> <Delay = 0.00>
ST_11 : Operation 61 [1/1] (0.00ns)   --->   "%specbitsmap_ln0 = specbitsmap void @_ssdm_op_SpecBitsMap, i32 %top_k"   --->   Operation 61 'specbitsmap' 'specbitsmap_ln0' <Predicate = true> <Delay = 0.00>
ST_11 : Operation 62 [1/1] (0.00ns)   --->   "%specinterface_ln0 = specinterface void @_ssdm_op_SpecInterface, i32 %top_k, void @empty_10, i32 4294967295, i32 4294967295, void @empty_13, i32 0, i32 0, void @empty_3, void @empty_4, void @empty_13, i32 0, i32 0, i32 0, i32 0, void @empty_13, void @empty_13, i32 4294967295, i32 0, i32 0, i32 0"   --->   Operation 62 'specinterface' 'specinterface_ln0' <Predicate = true> <Delay = 0.00>
ST_11 : Operation 63 [1/1] (0.00ns)   --->   "%specinterface_ln0 = specinterface void @_ssdm_op_SpecInterface, i32 %top_k, void @empty_2, i32 0, i32 0, void @empty_13, i32 0, i32 0, void @empty_13, void @empty_13, void @empty_13, i32 0, i32 0, i32 0, i32 0, void @empty_13, void @empty_13, i32 4294967295, i32 0, i32 0, i32 0"   --->   Operation 63 'specinterface' 'specinterface_ln0' <Predicate = true> <Delay = 0.00>
ST_11 : Operation 64 [1/1] (0.00ns)   --->   "%specinterface_ln0 = specinterface void @_ssdm_op_SpecInterface, i32 0, void @empty_10, i32 0, i32 0, void @empty_13, i32 0, i32 0, void @empty_3, void @empty_13, void @empty_13, i32 0, i32 0, i32 0, i32 0, void @empty_13, void @empty_13, i32 0, i32 0, i32 0, i32 0"   --->   Operation 64 'specinterface' 'specinterface_ln0' <Predicate = true> <Delay = 0.00>
ST_11 : Operation 65 [1/2] (0.00ns)   --->   "%call_ln29 = call void @task_detection_accel_Pipeline_VITIS_LOOP_29_1, i32 %gmem0, i62 %trunc_ln, i32 %in_buf" [task_detection_accel.cpp:29]   --->   Operation 65 'call' 'call_ln29' <Predicate = true> <Delay = 0.00> <CoreType = "Generic">   --->   Generic Core
ST_11 : Operation 66 [1/1] (0.00ns)   --->   "%initialized_2_load = load i1 %initialized_2" [mlp_engine.cpp:17->task_detection_accel.cpp:37]   --->   Operation 66 'load' 'initialized_2_load' <Predicate = true> <Delay = 0.00>
ST_11 : Operation 67 [1/1] (0.00ns)   --->   "%br_ln17 = br i1 %initialized_2_load, void %for.inc.i.preheader, void %VITIS_LOOP_32_3.i" [mlp_engine.cpp:17->task_detection_accel.cpp:37]   --->   Operation 67 'br' 'br_ln17' <Predicate = true> <Delay = 0.00>
ST_11 : Operation 68 [2/2] (0.00ns)   --->   "%call_ln0 = call void @task_detection_accel_Pipeline_VITIS_LOOP_19_1_VITIS_LOOP_23_2, i32 %weights_1, i32 %bias_1"   --->   Operation 68 'call' 'call_ln0' <Predicate = (!initialized_2_load)> <Delay = 0.00> <CoreType = "Generic">   --->   Generic Core

State 12 <SV = 11> <Delay = 2.17>
ST_12 : Operation 69 [1/2] (2.17ns)   --->   "%call_ln0 = call void @task_detection_accel_Pipeline_VITIS_LOOP_19_1_VITIS_LOOP_23_2, i32 %weights_1, i32 %bias_1"   --->   Operation 69 'call' 'call_ln0' <Predicate = (!initialized_2_load)> <Delay = 2.17> <CoreType = "Generic">   --->   Generic Core
ST_12 : Operation 70 [1/1] (0.00ns)   --->   "%store_ln29 = store i1 1, i1 %initialized_2" [mlp_engine.cpp:29->task_detection_accel.cpp:37]   --->   Operation 70 'store' 'store_ln29' <Predicate = (!initialized_2_load)> <Delay = 0.00>
ST_12 : Operation 71 [1/1] (0.00ns)   --->   "%br_ln30 = br void %VITIS_LOOP_32_3.i" [mlp_engine.cpp:30->task_detection_accel.cpp:37]   --->   Operation 71 'br' 'br_ln30' <Predicate = (!initialized_2_load)> <Delay = 0.00>

State 13 <SV = 12> <Delay = 0.00>
ST_13 : Operation 72 [2/2] (0.00ns)   --->   "%call_ln0 = call void @task_detection_accel_Pipeline_VITIS_LOOP_32_3_VITIS_LOOP_38_4, i32 %in_buf, i32 %l1, i32 %weights_1, i32 %bias_1"   --->   Operation 72 'call' 'call_ln0' <Predicate = true> <Delay = 0.00> <CoreType = "Generic">   --->   Generic Core

State 14 <SV = 13> <Delay = 0.00>
ST_14 : Operation 73 [1/2] (0.00ns)   --->   "%call_ln0 = call void @task_detection_accel_Pipeline_VITIS_LOOP_32_3_VITIS_LOOP_38_4, i32 %in_buf, i32 %l1, i32 %weights_1, i32 %bias_1"   --->   Operation 73 'call' 'call_ln0' <Predicate = true> <Delay = 0.00> <CoreType = "Generic">   --->   Generic Core
ST_14 : Operation 74 [1/1] (0.00ns)   --->   "%initialized_1_load = load i1 %initialized_1" [mlp_engine.cpp:62->task_detection_accel.cpp:39]   --->   Operation 74 'load' 'initialized_1_load' <Predicate = true> <Delay = 0.00>
ST_14 : Operation 75 [1/1] (0.00ns)   --->   "%br_ln62 = br i1 %initialized_1_load, void %for.inc.i8.preheader, void %VITIS_LOOP_77_3.i" [mlp_engine.cpp:62->task_detection_accel.cpp:39]   --->   Operation 75 'br' 'br_ln62' <Predicate = true> <Delay = 0.00>
ST_14 : Operation 76 [2/2] (0.00ns)   --->   "%call_ln0 = call void @task_detection_accel_Pipeline_VITIS_LOOP_64_1_VITIS_LOOP_68_2, i32 %weights, i32 %bias"   --->   Operation 76 'call' 'call_ln0' <Predicate = (!initialized_1_load)> <Delay = 0.00> <CoreType = "Generic">   --->   Generic Core

State 15 <SV = 14> <Delay = 2.17>
ST_15 : Operation 77 [1/2] (2.17ns)   --->   "%call_ln0 = call void @task_detection_accel_Pipeline_VITIS_LOOP_64_1_VITIS_LOOP_68_2, i32 %weights, i32 %bias"   --->   Operation 77 'call' 'call_ln0' <Predicate = (!initialized_1_load)> <Delay = 2.17> <CoreType = "Generic">   --->   Generic Core
ST_15 : Operation 78 [1/1] (0.00ns)   --->   "%store_ln74 = store i1 1, i1 %initialized_1" [mlp_engine.cpp:74->task_detection_accel.cpp:39]   --->   Operation 78 'store' 'store_ln74' <Predicate = (!initialized_1_load)> <Delay = 0.00>
ST_15 : Operation 79 [1/1] (0.00ns)   --->   "%br_ln75 = br void %VITIS_LOOP_77_3.i" [mlp_engine.cpp:75->task_detection_accel.cpp:39]   --->   Operation 79 'br' 'br_ln75' <Predicate = (!initialized_1_load)> <Delay = 0.00>

State 16 <SV = 15> <Delay = 0.00>
ST_16 : Operation 80 [2/2] (0.00ns)   --->   "%call_ln0 = call void @task_detection_accel_Pipeline_VITIS_LOOP_77_3_VITIS_LOOP_83_4, i32 %l1, i32 %l2, i32 %weights, i32 %bias"   --->   Operation 80 'call' 'call_ln0' <Predicate = true> <Delay = 0.00> <CoreType = "Generic">   --->   Generic Core

State 17 <SV = 16> <Delay = 0.00>
ST_17 : Operation 81 [1/2] (0.00ns)   --->   "%call_ln0 = call void @task_detection_accel_Pipeline_VITIS_LOOP_77_3_VITIS_LOOP_83_4, i32 %l1, i32 %l2, i32 %weights, i32 %bias"   --->   Operation 81 'call' 'call_ln0' <Predicate = true> <Delay = 0.00> <CoreType = "Generic">   --->   Generic Core
ST_17 : Operation 82 [1/1] (0.00ns)   --->   "%initialized_3_load = load i1 %initialized_3" [mlp_engine.cpp:107->task_detection_accel.cpp:41]   --->   Operation 82 'load' 'initialized_3_load' <Predicate = true> <Delay = 0.00>
ST_17 : Operation 83 [1/1] (0.00ns)   --->   "%br_ln107 = br i1 %initialized_3_load, void %for.inc.i34.preheader, void %VITIS_LOOP_122_3.i" [mlp_engine.cpp:107->task_detection_accel.cpp:41]   --->   Operation 83 'br' 'br_ln107' <Predicate = true> <Delay = 0.00>
ST_17 : Operation 84 [2/2] (0.00ns)   --->   "%call_ln0 = call void @task_detection_accel_Pipeline_VITIS_LOOP_109_1_VITIS_LOOP_113_2, i32 %weights_2, i32 %bias_2"   --->   Operation 84 'call' 'call_ln0' <Predicate = (!initialized_3_load)> <Delay = 0.00> <CoreType = "Generic">   --->   Generic Core

State 18 <SV = 17> <Delay = 3.01>
ST_18 : Operation 85 [1/2] (3.01ns)   --->   "%call_ln0 = call void @task_detection_accel_Pipeline_VITIS_LOOP_109_1_VITIS_LOOP_113_2, i32 %weights_2, i32 %bias_2"   --->   Operation 85 'call' 'call_ln0' <Predicate = (!initialized_3_load)> <Delay = 3.01> <CoreType = "Generic">   --->   Generic Core
ST_18 : Operation 86 [1/1] (0.00ns)   --->   "%store_ln119 = store i1 1, i1 %initialized_3" [mlp_engine.cpp:119->task_detection_accel.cpp:41]   --->   Operation 86 'store' 'store_ln119' <Predicate = (!initialized_3_load)> <Delay = 0.00>
ST_18 : Operation 87 [1/1] (0.00ns)   --->   "%br_ln120 = br void %VITIS_LOOP_122_3.i" [mlp_engine.cpp:120->task_detection_accel.cpp:41]   --->   Operation 87 'br' 'br_ln120' <Predicate = (!initialized_3_load)> <Delay = 0.00>

State 19 <SV = 18> <Delay = 0.00>
ST_19 : Operation 88 [2/2] (0.00ns)   --->   "%call_ln0 = call void @task_detection_accel_Pipeline_VITIS_LOOP_122_3_VITIS_LOOP_128_4, i32 %l2, i32 %l3, i32 %weights_2, i32 %bias_2"   --->   Operation 88 'call' 'call_ln0' <Predicate = true> <Delay = 0.00> <CoreType = "Generic">   --->   Generic Core

State 20 <SV = 19> <Delay = 0.00>
ST_20 : Operation 89 [1/2] (0.00ns)   --->   "%call_ln0 = call void @task_detection_accel_Pipeline_VITIS_LOOP_122_3_VITIS_LOOP_128_4, i32 %l2, i32 %l3, i32 %weights_2, i32 %bias_2"   --->   Operation 89 'call' 'call_ln0' <Predicate = true> <Delay = 0.00> <CoreType = "Generic">   --->   Generic Core
ST_20 : Operation 90 [1/1] (0.00ns)   --->   "%initialized_load = load i1 %initialized" [mlp_engine.cpp:152->task_detection_accel.cpp:43]   --->   Operation 90 'load' 'initialized_load' <Predicate = true> <Delay = 0.00>
ST_20 : Operation 91 [1/1] (0.00ns)   --->   "%br_ln152 = br i1 %initialized_load, void %for.inc.i54.preheader, void %if.end.i" [mlp_engine.cpp:152->task_detection_accel.cpp:43]   --->   Operation 91 'br' 'br_ln152' <Predicate = true> <Delay = 0.00>
ST_20 : Operation 92 [2/2] (0.00ns)   --->   "%call_ln0 = call void @task_detection_accel_Pipeline_VITIS_LOOP_156_1, i32 %linear_64_1_float_float_weights_1"   --->   Operation 92 'call' 'call_ln0' <Predicate = (!initialized_load)> <Delay = 0.00> <CoreType = "Generic">   --->   Generic Core

State 21 <SV = 20> <Delay = 2.93>
ST_21 : Operation 93 [1/2] (2.93ns)   --->   "%call_ln0 = call void @task_detection_accel_Pipeline_VITIS_LOOP_156_1, i32 %linear_64_1_float_float_weights_1"   --->   Operation 93 'call' 'call_ln0' <Predicate = (!initialized_load)> <Delay = 2.93> <CoreType = "Generic">   --->   Generic Core
ST_21 : Operation 94 [1/1] (0.00ns)   --->   "%store_ln161 = store i1 1, i1 %initialized" [mlp_engine.cpp:161->task_detection_accel.cpp:43]   --->   Operation 94 'store' 'store_ln161' <Predicate = (!initialized_load)> <Delay = 0.00>
ST_21 : Operation 95 [1/1] (0.00ns)   --->   "%br_ln162 = br void %if.end.i" [mlp_engine.cpp:162->task_detection_accel.cpp:43]   --->   Operation 95 'br' 'br_ln162' <Predicate = (!initialized_load)> <Delay = 0.00>
ST_21 : Operation 96 [1/1] (0.00ns)   --->   "%trunc_ln1 = partselect i62 @_ssdm_op_PartSelect.i62.i64.i32.i32, i64 %output_r_read, i32 2, i32 63" [task_detection_accel.cpp:47]   --->   Operation 96 'partselect' 'trunc_ln1' <Predicate = true> <Delay = 0.00>
ST_21 : Operation 97 [1/1] (0.00ns)   --->   "%sext_ln47 = sext i62 %trunc_ln1" [task_detection_accel.cpp:47]   --->   Operation 97 'sext' 'sext_ln47' <Predicate = true> <Delay = 0.00>
ST_21 : Operation 98 [1/1] (0.00ns)   --->   "%gmem1_addr = getelementptr i32 %gmem1, i64 %sext_ln47" [task_detection_accel.cpp:47]   --->   Operation 98 'getelementptr' 'gmem1_addr' <Predicate = true> <Delay = 0.00>

State 22 <SV = 21> <Delay = 7.30>
ST_22 : Operation 99 [2/2] (0.00ns)   --->   "%call_ln0 = call void @task_detection_accel_Pipeline_VITIS_LOOP_166_2, i32 %l3, i32 %acc_9_loc, i32 %linear_64_1_float_float_weights_1"   --->   Operation 99 'call' 'call_ln0' <Predicate = true> <Delay = 0.00> <CoreType = "Generic">   --->   Generic Core
ST_22 : Operation 100 [1/1] ( I:7.30ns O:7.30ns )   --->   "%gmem1_addr_req = writereq i1 @_ssdm_op_WriteReq.m_axi.i32P1A, i32 %gmem1_addr, i64 1" [task_detection_accel.cpp:47]   --->   Operation 100 'writereq' 'gmem1_addr_req' <Predicate = true> <Delay = 7.30> <CoreInst = "m_axi">   --->   Core 111 'm_axi' <Latency = 9> <II = 1> <Delay = 1.00> <Adapter> <Opcode : 'readrequnaligned' 'writerequnaligned' 'read' 'write' 'readreq' 'writereq' 'writeresp'>

State 23 <SV = 22> <Delay = 0.00>
ST_23 : Operation 101 [1/2] (0.00ns)   --->   "%call_ln0 = call void @task_detection_accel_Pipeline_VITIS_LOOP_166_2, i32 %l3, i32 %acc_9_loc, i32 %linear_64_1_float_float_weights_1"   --->   Operation 101 'call' 'call_ln0' <Predicate = true> <Delay = 0.00> <CoreType = "Generic">   --->   Generic Core

State 24 <SV = 23> <Delay = 7.30>
ST_24 : Operation 102 [1/1] (0.00ns)   --->   "%acc_9_loc_load = load i32 %acc_9_loc"   --->   Operation 102 'load' 'acc_9_loc_load' <Predicate = true> <Delay = 0.00>
ST_24 : Operation 103 [1/1] (0.00ns)   --->   "%bitcast_ln47 = bitcast i32 %acc_9_loc_load" [task_detection_accel.cpp:47]   --->   Operation 103 'bitcast' 'bitcast_ln47' <Predicate = true> <Delay = 0.00>
ST_24 : Operation 104 [1/1] ( I:7.30ns O:7.30ns )   --->   "%write_ln47 = write void @_ssdm_op_Write.m_axi.i32P1A, i32 %gmem1_addr, i32 %bitcast_ln47, i4 15" [task_detection_accel.cpp:47]   --->   Operation 104 'write' 'write_ln47' <Predicate = true> <Delay = 7.30> <CoreInst = "m_axi">   --->   Core 111 'm_axi' <Latency = 5> <II = 1> <Delay = 1.00> <Adapter> <Opcode : 'readrequnaligned' 'writerequnaligned' 'read' 'write' 'readreq' 'writereq' 'writeresp'>

State 25 <SV = 24> <Delay = 0.00>
ST_25 : Operation 105 [5/5] (7.30ns)   --->   "%gmem1_addr_resp = writeresp i1 @_ssdm_op_WriteResp.m_axi.i32P1A, i32 %gmem1_addr" [task_detection_accel.cpp:47]   --->   Operation 105 'writeresp' 'gmem1_addr_resp' <Predicate = true> <Delay = 7.30> <CoreInst = "m_axi">   --->   Core 111 'm_axi' <Latency = 3> <II = 1> <Delay = 1.00> <Adapter> <Opcode : 'readrequnaligned' 'writerequnaligned' 'read' 'write' 'readreq' 'writereq' 'writeresp'>

State 26 <SV = 25> <Delay = 0.00>
ST_26 : Operation 106 [4/5] (7.30ns)   --->   "%gmem1_addr_resp = writeresp i1 @_ssdm_op_WriteResp.m_axi.i32P1A, i32 %gmem1_addr" [task_detection_accel.cpp:47]   --->   Operation 106 'writeresp' 'gmem1_addr_resp' <Predicate = true> <Delay = 7.30> <CoreInst = "m_axi">   --->   Core 111 'm_axi' <Latency = 3> <II = 1> <Delay = 1.00> <Adapter> <Opcode : 'readrequnaligned' 'writerequnaligned' 'read' 'write' 'readreq' 'writereq' 'writeresp'>

State 27 <SV = 26> <Delay = 0.00>
ST_27 : Operation 107 [3/5] (7.30ns)   --->   "%gmem1_addr_resp = writeresp i1 @_ssdm_op_WriteResp.m_axi.i32P1A, i32 %gmem1_addr" [task_detection_accel.cpp:47]   --->   Operation 107 'writeresp' 'gmem1_addr_resp' <Predicate = true> <Delay = 7.30> <CoreInst = "m_axi">   --->   Core 111 'm_axi' <Latency = 3> <II = 1> <Delay = 1.00> <Adapter> <Opcode : 'readrequnaligned' 'writerequnaligned' 'read' 'write' 'readreq' 'writereq' 'writeresp'>

State 28 <SV = 27> <Delay = 0.00>
ST_28 : Operation 108 [2/5] (7.30ns)   --->   "%gmem1_addr_resp = writeresp i1 @_ssdm_op_WriteResp.m_axi.i32P1A, i32 %gmem1_addr" [task_detection_accel.cpp:47]   --->   Operation 108 'writeresp' 'gmem1_addr_resp' <Predicate = true> <Delay = 7.30> <CoreInst = "m_axi">   --->   Core 111 'm_axi' <Latency = 3> <II = 1> <Delay = 1.00> <Adapter> <Opcode : 'readrequnaligned' 'writerequnaligned' 'read' 'write' 'readreq' 'writereq' 'writeresp'>

State 29 <SV = 28> <Delay = 7.30>
ST_29 : Operation 109 [1/5] ( I:7.30ns O:7.30ns )   --->   "%gmem1_addr_resp = writeresp i1 @_ssdm_op_WriteResp.m_axi.i32P1A, i32 %gmem1_addr" [task_detection_accel.cpp:47]   --->   Operation 109 'writeresp' 'gmem1_addr_resp' <Predicate = true> <Delay = 7.30> <CoreInst = "m_axi">   --->   Core 111 'm_axi' <Latency = 3> <II = 1> <Delay = 1.00> <Adapter> <Opcode : 'readrequnaligned' 'writerequnaligned' 'read' 'write' 'readreq' 'writereq' 'writeresp'>
ST_29 : Operation 110 [1/1] (0.00ns)   --->   "%ret_ln48 = ret" [task_detection_accel.cpp:48]   --->   Operation 110 'ret' 'ret_ln48' <Predicate = true> <Delay = 0.00>


============================================================
+ Verbose Summary: Timing violations
============================================================
Target clock period: 10.000ns, clock uncertainty: 2.700ns.

 <State 1>: 1.000ns
The critical path consists of the following:
	s_axi read operation ('output') on port 'output_r' [18]  (1.000 ns)

 <State 2>: 7.300ns
The critical path consists of the following:
	'getelementptr' operation 32 bit ('gmem0_addr', task_detection_accel.cpp:29) [43]  (0.000 ns)
	bus request operation ('empty', task_detection_accel.cpp:29) on port 'gmem0' (task_detection_accel.cpp:29) [44]  (0.000 ns)
	blocking operation 7.3 ns on control path)

 <State 3>: 0.000ns
The critical path consists of the following:

 <State 4>: 0.000ns
The critical path consists of the following:

 <State 5>: 0.000ns
The critical path consists of the following:

 <State 6>: 0.000ns
The critical path consists of the following:

 <State 7>: 0.000ns
The critical path consists of the following:

 <State 8>: 0.000ns
The critical path consists of the following:

 <State 9>: 7.300ns
The critical path consists of the following:
	bus request operation ('empty', task_detection_accel.cpp:29) on port 'gmem0' (task_detection_accel.cpp:29) [44]  (7.300 ns)

 <State 10>: 0.000ns
The critical path consists of the following:

 <State 11>: 0.000ns
The critical path consists of the following:

 <State 12>: 2.179ns
The critical path consists of the following:
	'call' operation ('call_ln0') to 'task_detection_accel_Pipeline_VITIS_LOOP_19_1_VITIS_LOOP_23_2' [49]  (2.179 ns)

 <State 13>: 0.000ns
The critical path consists of the following:

 <State 14>: 0.000ns
The critical path consists of the following:

 <State 15>: 2.179ns
The critical path consists of the following:
	'call' operation ('call_ln0') to 'task_detection_accel_Pipeline_VITIS_LOOP_64_1_VITIS_LOOP_68_2' [57]  (2.179 ns)

 <State 16>: 0.000ns
The critical path consists of the following:

 <State 17>: 0.000ns
The critical path consists of the following:

 <State 18>: 3.015ns
The critical path consists of the following:
	'call' operation ('call_ln0') to 'task_detection_accel_Pipeline_VITIS_LOOP_109_1_VITIS_LOOP_113_2' [65]  (3.015 ns)

 <State 19>: 0.000ns
The critical path consists of the following:

 <State 20>: 0.000ns
The critical path consists of the following:

 <State 21>: 2.939ns
The critical path consists of the following:
	'call' operation ('call_ln0') to 'task_detection_accel_Pipeline_VITIS_LOOP_156_1' [73]  (2.939 ns)

 <State 22>: 7.300ns
The critical path consists of the following:
	bus request operation ('gmem1_addr_req', task_detection_accel.cpp:47) on port 'gmem1' (task_detection_accel.cpp:47) [83]  (7.300 ns)

 <State 23>: 0.000ns
The critical path consists of the following:

 <State 24>: 7.300ns
The critical path consists of the following:
	'load' operation 32 bit ('acc_9_loc_load') on local variable 'acc_9_loc' [78]  (0.000 ns)
	bus write operation ('write_ln47', task_detection_accel.cpp:47) on port 'gmem1' (task_detection_accel.cpp:47) [84]  (7.300 ns)

 <State 25>: 0.000ns
The critical path consists of the following:

 <State 26>: 0.000ns
The critical path consists of the following:

 <State 27>: 0.000ns
The critical path consists of the following:

 <State 28>: 0.000ns
The critical path consists of the following:

 <State 29>: 7.300ns
The critical path consists of the following:
	bus response operation ('gmem1_addr_resp', task_detection_accel.cpp:47) on port 'gmem1' (task_detection_accel.cpp:47) [85]  (7.300 ns)


============================================================
+ Verbose Summary: Binding
============================================================
N/A
* FSMD analyzer results:
  - Output states:
 - Input state : 
  - Chain level:
	State 1
	State 2
	State 3
	State 4
	State 5
	State 6
	State 7
	State 8
	State 9
	State 10
	State 11
	State 12
	State 13
	State 14
	State 15
	State 16
	State 17
	State 18
	State 19
	State 20
	State 21
	State 22
	State 23
	State 24
	State 25
	State 26
	State 27
	State 28
	State 29


============================================================
+ Verbose Summary: Datapath Resource usage 
============================================================
N/A
