

================================================================
== Vitis HLS Report for 'task_detection_accel_Pipeline_VITIS_LOOP_237_2'
================================================================
* Date:           Mon Jun 15 17:44:40 2026

* Version:        2025.2 (Build 6295257 on Nov 14 2025)
* Project:        task_detection_tpu
* Solution:       hls (Vivado IP Flow Target)
* Product family: kintex7
* Target device:  xc7k325t-ffg900-2


================================================================
== Performance Estimates
================================================================
+ Timing: 
    * Summary: 
    +--------+----------+----------+------------+
    |  Clock |  Target  | Estimated| Uncertainty|
    +--------+----------+----------+------------+
    |ap_clk  |  10.00 ns|  3.813 ns|     2.70 ns|
    +--------+----------+----------+------------+

+ Latency: 
    * Summary: 
    +---------+---------+----------+----------+-----+-----+-------------------+
    |  Latency (cycles) |  Latency (absolute) |  Interval |      Pipeline     |
    |   min   |   max   |    min   |    max   | min | max |        Type       |
    +---------+---------+----------+----------+-----+-----+-------------------+
    |       69|       69|  0.690 us|  0.690 us|    0|    0|  loop pipeline stp|
    +---------+---------+----------+----------+-----+-----+-------------------+

    + Detail: 
        * Instance: 
        N/A

        * Loop: 
        +--------------------+---------+---------+----------+-----------+-----------+------+----------+
        |                    |  Latency (cycles) | Iteration|  Initiation Interval  | Trip |          |
        |      Loop Name     |   min   |   max   |  Latency |  achieved |   target  | Count| Pipelined|
        +--------------------+---------+---------+----------+-----------+-----------+------+----------+
        |- VITIS_LOOP_237_2  |       67|       67|         5|          1|          1|    64|       yes|
        +--------------------+---------+---------+----------+-----------+-----------+------+----------+

============================================================
+ Verbose Summary: Synthesis Manager
============================================================
InlineROM: 1
ExposeGlobal: 0
============================================================
+ Verbose Summary: CDFG Model
============================================================
IsTopModel: 0
ResetActiveHigh: 1
IsCombinational: 0
IsDatapathOnly: 0
HasWiredReturn: 1
HasMFsm: 2
HasVarLatency: 1
IsPipeline: 0
IsRtlPipelined: 0
IsInstanceOverlapped: 0
IsDontTouch: 0
HasImplIP: 0
IsGatedGlobalClock: 0

+ Individual pipeline summary: 
  * Pipeline-0: initiation interval (II) = 1, depth = 5


============================================================
+ Verbose Summary: Schedule
============================================================
* Number of FSM states : 5
* Pipeline : 1
  Pipeline-0 : II = 1, D = 5, States = { 1 2 3 4 5 }
* Dataflow Pipeline: 0

* FSM state transitions: 
1 --> 2 
2 --> 3 
3 --> 4 
4 --> 5 
5 --> 

* FSM state operations: 

State 1 <SV = 0> <Delay = 2.93>
ST_1 : Operation 8 [1/1] (0.00ns)   --->   "%acc = alloca i32 1" [mlp_engine.cpp:235->task_detection_accel.cpp:39]   --->   Operation 8 'alloca' 'acc' <Predicate = true> <Delay = 0.00>
ST_1 : Operation 9 [1/1] (0.00ns)   --->   "%i = alloca i32 1" [mlp_engine.cpp:237->task_detection_accel.cpp:39]   --->   Operation 9 'alloca' 'i' <Predicate = true> <Delay = 0.00>
ST_1 : Operation 10 [1/1] (0.83ns)   --->   "%store_ln237 = store i7 0, i7 %i" [mlp_engine.cpp:237->task_detection_accel.cpp:39]   --->   Operation 10 'store' 'store_ln237' <Predicate = true> <Delay = 0.83>
ST_1 : Operation 11 [1/1] (0.83ns)   --->   "%store_ln235 = store i16 0, i16 %acc" [mlp_engine.cpp:235->task_detection_accel.cpp:39]   --->   Operation 11 'store' 'store_ln235' <Predicate = true> <Delay = 0.83>
ST_1 : Operation 12 [1/1] (0.00ns)   --->   "%br_ln0 = br void %for.body6.i"   --->   Operation 12 'br' 'br_ln0' <Predicate = true> <Delay = 0.00>
ST_1 : Operation 13 [1/1] (0.00ns)   --->   "%i_2 = load i7 %i" [mlp_engine.cpp:237->task_detection_accel.cpp:39]   --->   Operation 13 'load' 'i_2' <Predicate = true> <Delay = 0.00>
ST_1 : Operation 14 [1/1] (1.27ns)   --->   "%icmp_ln237 = icmp_eq  i7 %i_2, i7 64" [mlp_engine.cpp:237->task_detection_accel.cpp:39]   --->   Operation 14 'icmp' 'icmp_ln237' <Predicate = true> <Delay = 1.27> <CoreInst = "Cmp">   --->   Core 9 'Cmp' <Latency = 0> <II = 1> <Delay = 1.27> <FuncUnit> <Opcode : 'seteq' 'setne' 'setle' 'setge' 'setlt' 'setgt'> <InPorts = 2> <OutPorts = 1>
ST_1 : Operation 15 [1/1] (1.27ns)   --->   "%add_ln237 = add i7 %i_2, i7 1" [mlp_engine.cpp:237->task_detection_accel.cpp:39]   --->   Operation 15 'add' 'add_ln237' <Predicate = true> <Delay = 1.27> <CoreInst = "Adder">   --->   Core 1 'Adder' <Latency = 0> <II = 1> <Delay = 1.27> <FuncUnit> <Opcode : 'add' 'sub'> <InPorts = 2> <OutPorts = 1>
ST_1 : Operation 16 [1/1] (0.00ns)   --->   "%br_ln237 = br i1 %icmp_ln237, void %for.body6.i.split, void %_Z11linear_64_1P8ap_fixedILi16ELi6EL9ap_q_mode5EL9ap_o_mode3ELi0EES3_.exit_ifconv.exitStub" [mlp_engine.cpp:237->task_detection_accel.cpp:39]   --->   Operation 16 'br' 'br_ln237' <Predicate = true> <Delay = 0.00>
ST_1 : Operation 17 [1/1] (0.00ns)   --->   "%zext_ln237 = zext i7 %i_2" [mlp_engine.cpp:237->task_detection_accel.cpp:39]   --->   Operation 17 'zext' 'zext_ln237' <Predicate = (!icmp_ln237)> <Delay = 0.00>
ST_1 : Operation 18 [1/1] (0.00ns)   --->   "%trunc_ln237 = trunc i7 %i_2" [mlp_engine.cpp:237->task_detection_accel.cpp:39]   --->   Operation 18 'trunc' 'trunc_ln237' <Predicate = (!icmp_ln237)> <Delay = 0.00>
ST_1 : Operation 19 [1/1] (0.00ns)   --->   "%lshr_ln1 = partselect i3 @_ssdm_op_PartSelect.i3.i7.i32.i32, i7 %i_2, i32 3, i32 5" [mlp_engine.cpp:235->task_detection_accel.cpp:39]   --->   Operation 19 'partselect' 'lshr_ln1' <Predicate = (!icmp_ln237)> <Delay = 0.00>
ST_1 : Operation 20 [1/1] (0.00ns)   --->   "%zext_ln235 = zext i3 %lshr_ln1" [mlp_engine.cpp:235->task_detection_accel.cpp:39]   --->   Operation 20 'zext' 'zext_ln235' <Predicate = (!icmp_ln237)> <Delay = 0.00>
ST_1 : Operation 21 [1/1] (0.00ns)   --->   "%l3_addr = getelementptr i16 %l3, i64 0, i64 %zext_ln235" [mlp_engine.cpp:240->task_detection_accel.cpp:39]   --->   Operation 21 'getelementptr' 'l3_addr' <Predicate = (!icmp_ln237)> <Delay = 0.00>
ST_1 : Operation 22 [1/1] (0.00ns)   --->   "%l3_1_addr = getelementptr i16 %l3_1, i64 0, i64 %zext_ln235" [mlp_engine.cpp:240->task_detection_accel.cpp:39]   --->   Operation 22 'getelementptr' 'l3_1_addr' <Predicate = (!icmp_ln237)> <Delay = 0.00>
ST_1 : Operation 23 [1/1] (0.00ns)   --->   "%l3_2_addr = getelementptr i16 %l3_2, i64 0, i64 %zext_ln235" [mlp_engine.cpp:240->task_detection_accel.cpp:39]   --->   Operation 23 'getelementptr' 'l3_2_addr' <Predicate = (!icmp_ln237)> <Delay = 0.00>
ST_1 : Operation 24 [1/1] (0.00ns)   --->   "%l3_3_addr = getelementptr i16 %l3_3, i64 0, i64 %zext_ln235" [mlp_engine.cpp:240->task_detection_accel.cpp:39]   --->   Operation 24 'getelementptr' 'l3_3_addr' <Predicate = (!icmp_ln237)> <Delay = 0.00>
ST_1 : Operation 25 [1/1] (0.00ns)   --->   "%l3_4_addr = getelementptr i16 %l3_4, i64 0, i64 %zext_ln235" [mlp_engine.cpp:240->task_detection_accel.cpp:39]   --->   Operation 25 'getelementptr' 'l3_4_addr' <Predicate = (!icmp_ln237)> <Delay = 0.00>
ST_1 : Operation 26 [1/1] (0.00ns)   --->   "%l3_5_addr = getelementptr i16 %l3_5, i64 0, i64 %zext_ln235" [mlp_engine.cpp:240->task_detection_accel.cpp:39]   --->   Operation 26 'getelementptr' 'l3_5_addr' <Predicate = (!icmp_ln237)> <Delay = 0.00>
ST_1 : Operation 27 [1/1] (0.00ns)   --->   "%l3_6_addr = getelementptr i16 %l3_6, i64 0, i64 %zext_ln235" [mlp_engine.cpp:240->task_detection_accel.cpp:39]   --->   Operation 27 'getelementptr' 'l3_6_addr' <Predicate = (!icmp_ln237)> <Delay = 0.00>
ST_1 : Operation 28 [1/1] (0.00ns)   --->   "%l3_7_addr = getelementptr i16 %l3_7, i64 0, i64 %zext_ln235" [mlp_engine.cpp:240->task_detection_accel.cpp:39]   --->   Operation 28 'getelementptr' 'l3_7_addr' <Predicate = (!icmp_ln237)> <Delay = 0.00>
ST_1 : Operation 29 [2/2] (1.14ns)   --->   "%l3_load = load i3 %l3_addr" [mlp_engine.cpp:240->task_detection_accel.cpp:39]   --->   Operation 29 'load' 'l3_load' <Predicate = (!icmp_ln237)> <Delay = 1.14> <CoreInst = "RAM">   --->   Core 81 'RAM' <Latency = 1> <II = 1> <Delay = 1.14> <Storage> <Opcode : 'load' 'store'> <Ports = 2> <Width = 16> <Depth = 8> <RAM>
ST_1 : Operation 30 [2/2] (1.14ns)   --->   "%l3_1_load = load i3 %l3_1_addr" [mlp_engine.cpp:240->task_detection_accel.cpp:39]   --->   Operation 30 'load' 'l3_1_load' <Predicate = (!icmp_ln237)> <Delay = 1.14> <CoreInst = "RAM">   --->   Core 81 'RAM' <Latency = 1> <II = 1> <Delay = 1.14> <Storage> <Opcode : 'load' 'store'> <Ports = 2> <Width = 16> <Depth = 8> <RAM>
ST_1 : Operation 31 [2/2] (1.14ns)   --->   "%l3_2_load = load i3 %l3_2_addr" [mlp_engine.cpp:240->task_detection_accel.cpp:39]   --->   Operation 31 'load' 'l3_2_load' <Predicate = (!icmp_ln237)> <Delay = 1.14> <CoreInst = "RAM">   --->   Core 81 'RAM' <Latency = 1> <II = 1> <Delay = 1.14> <Storage> <Opcode : 'load' 'store'> <Ports = 2> <Width = 16> <Depth = 8> <RAM>
ST_1 : Operation 32 [2/2] (1.14ns)   --->   "%l3_3_load = load i3 %l3_3_addr" [mlp_engine.cpp:240->task_detection_accel.cpp:39]   --->   Operation 32 'load' 'l3_3_load' <Predicate = (!icmp_ln237)> <Delay = 1.14> <CoreInst = "RAM">   --->   Core 81 'RAM' <Latency = 1> <II = 1> <Delay = 1.14> <Storage> <Opcode : 'load' 'store'> <Ports = 2> <Width = 16> <Depth = 8> <RAM>
ST_1 : Operation 33 [2/2] (1.14ns)   --->   "%l3_4_load = load i3 %l3_4_addr" [mlp_engine.cpp:240->task_detection_accel.cpp:39]   --->   Operation 33 'load' 'l3_4_load' <Predicate = (!icmp_ln237)> <Delay = 1.14> <CoreInst = "RAM">   --->   Core 81 'RAM' <Latency = 1> <II = 1> <Delay = 1.14> <Storage> <Opcode : 'load' 'store'> <Ports = 2> <Width = 16> <Depth = 8> <RAM>
ST_1 : Operation 34 [2/2] (1.14ns)   --->   "%l3_5_load = load i3 %l3_5_addr" [mlp_engine.cpp:240->task_detection_accel.cpp:39]   --->   Operation 34 'load' 'l3_5_load' <Predicate = (!icmp_ln237)> <Delay = 1.14> <CoreInst = "RAM">   --->   Core 81 'RAM' <Latency = 1> <II = 1> <Delay = 1.14> <Storage> <Opcode : 'load' 'store'> <Ports = 2> <Width = 16> <Depth = 8> <RAM>
ST_1 : Operation 35 [2/2] (1.14ns)   --->   "%l3_6_load = load i3 %l3_6_addr" [mlp_engine.cpp:240->task_detection_accel.cpp:39]   --->   Operation 35 'load' 'l3_6_load' <Predicate = (!icmp_ln237)> <Delay = 1.14> <CoreInst = "RAM">   --->   Core 81 'RAM' <Latency = 1> <II = 1> <Delay = 1.14> <Storage> <Opcode : 'load' 'store'> <Ports = 2> <Width = 16> <Depth = 8> <RAM>
ST_1 : Operation 36 [2/2] (1.14ns)   --->   "%l3_7_load = load i3 %l3_7_addr" [mlp_engine.cpp:240->task_detection_accel.cpp:39]   --->   Operation 36 'load' 'l3_7_load' <Predicate = (!icmp_ln237)> <Delay = 1.14> <CoreInst = "RAM">   --->   Core 81 'RAM' <Latency = 1> <II = 1> <Delay = 1.14> <Storage> <Opcode : 'load' 'store'> <Ports = 2> <Width = 16> <Depth = 8> <RAM>
ST_1 : Operation 37 [1/1] (0.00ns)   --->   "%linear_64_1_ap_fixed_16_6_5_3_0_ap_fixed_16_6_5_3_0_weights_41_addr = getelementptr i4 %linear_64_1_ap_fixed_16_6_5_3_0_ap_fixed_16_6_5_3_0_weights_41, i64 0, i64 %zext_ln237" [mlp_engine.cpp:240->task_detection_accel.cpp:39]   --->   Operation 37 'getelementptr' 'linear_64_1_ap_fixed_16_6_5_3_0_ap_fixed_16_6_5_3_0_weights_41_addr' <Predicate = (!icmp_ln237)> <Delay = 0.00>
ST_1 : Operation 38 [2/2] (1.14ns)   --->   "%linear_64_1_ap_fixed_16_6_5_3_0_ap_fixed_16_6_5_3_0_weights_41_load = load i6 %linear_64_1_ap_fixed_16_6_5_3_0_ap_fixed_16_6_5_3_0_weights_41_addr" [mlp_engine.cpp:240->task_detection_accel.cpp:39]   --->   Operation 38 'load' 'linear_64_1_ap_fixed_16_6_5_3_0_ap_fixed_16_6_5_3_0_weights_41_load' <Predicate = (!icmp_ln237)> <Delay = 1.14> <CoreInst = "RAM">   --->   Core 81 'RAM' <Latency = 1> <II = 1> <Delay = 1.14> <Storage> <Opcode : 'load' 'store'> <Ports = 2> <Width = 4> <Depth = 64> <RAM>
ST_1 : Operation 39 [1/1] (0.83ns)   --->   "%store_ln237 = store i7 %add_ln237, i7 %i" [mlp_engine.cpp:237->task_detection_accel.cpp:39]   --->   Operation 39 'store' 'store_ln237' <Predicate = (!icmp_ln237)> <Delay = 0.83>

State 2 <SV = 1> <Delay = 3.09>
ST_2 : Operation 40 [1/2] ( I:1.14ns O:1.14ns )   --->   "%l3_load = load i3 %l3_addr" [mlp_engine.cpp:240->task_detection_accel.cpp:39]   --->   Operation 40 'load' 'l3_load' <Predicate = true> <Delay = 1.14> <CoreInst = "RAM">   --->   Core 81 'RAM' <Latency = 1> <II = 1> <Delay = 1.14> <Storage> <Opcode : 'load' 'store'> <Ports = 2> <Width = 16> <Depth = 8> <RAM>
ST_2 : Operation 41 [1/2] ( I:1.14ns O:1.14ns )   --->   "%l3_1_load = load i3 %l3_1_addr" [mlp_engine.cpp:240->task_detection_accel.cpp:39]   --->   Operation 41 'load' 'l3_1_load' <Predicate = true> <Delay = 1.14> <CoreInst = "RAM">   --->   Core 81 'RAM' <Latency = 1> <II = 1> <Delay = 1.14> <Storage> <Opcode : 'load' 'store'> <Ports = 2> <Width = 16> <Depth = 8> <RAM>
ST_2 : Operation 42 [1/2] ( I:1.14ns O:1.14ns )   --->   "%l3_2_load = load i3 %l3_2_addr" [mlp_engine.cpp:240->task_detection_accel.cpp:39]   --->   Operation 42 'load' 'l3_2_load' <Predicate = true> <Delay = 1.14> <CoreInst = "RAM">   --->   Core 81 'RAM' <Latency = 1> <II = 1> <Delay = 1.14> <Storage> <Opcode : 'load' 'store'> <Ports = 2> <Width = 16> <Depth = 8> <RAM>
ST_2 : Operation 43 [1/2] ( I:1.14ns O:1.14ns )   --->   "%l3_3_load = load i3 %l3_3_addr" [mlp_engine.cpp:240->task_detection_accel.cpp:39]   --->   Operation 43 'load' 'l3_3_load' <Predicate = true> <Delay = 1.14> <CoreInst = "RAM">   --->   Core 81 'RAM' <Latency = 1> <II = 1> <Delay = 1.14> <Storage> <Opcode : 'load' 'store'> <Ports = 2> <Width = 16> <Depth = 8> <RAM>
ST_2 : Operation 44 [1/2] ( I:1.14ns O:1.14ns )   --->   "%l3_4_load = load i3 %l3_4_addr" [mlp_engine.cpp:240->task_detection_accel.cpp:39]   --->   Operation 44 'load' 'l3_4_load' <Predicate = true> <Delay = 1.14> <CoreInst = "RAM">   --->   Core 81 'RAM' <Latency = 1> <II = 1> <Delay = 1.14> <Storage> <Opcode : 'load' 'store'> <Ports = 2> <Width = 16> <Depth = 8> <RAM>
ST_2 : Operation 45 [1/2] ( I:1.14ns O:1.14ns )   --->   "%l3_5_load = load i3 %l3_5_addr" [mlp_engine.cpp:240->task_detection_accel.cpp:39]   --->   Operation 45 'load' 'l3_5_load' <Predicate = true> <Delay = 1.14> <CoreInst = "RAM">   --->   Core 81 'RAM' <Latency = 1> <II = 1> <Delay = 1.14> <Storage> <Opcode : 'load' 'store'> <Ports = 2> <Width = 16> <Depth = 8> <RAM>
ST_2 : Operation 46 [1/2] ( I:1.14ns O:1.14ns )   --->   "%l3_6_load = load i3 %l3_6_addr" [mlp_engine.cpp:240->task_detection_accel.cpp:39]   --->   Operation 46 'load' 'l3_6_load' <Predicate = true> <Delay = 1.14> <CoreInst = "RAM">   --->   Core 81 'RAM' <Latency = 1> <II = 1> <Delay = 1.14> <Storage> <Opcode : 'load' 'store'> <Ports = 2> <Width = 16> <Depth = 8> <RAM>
ST_2 : Operation 47 [1/2] ( I:1.14ns O:1.14ns )   --->   "%l3_7_load = load i3 %l3_7_addr" [mlp_engine.cpp:240->task_detection_accel.cpp:39]   --->   Operation 47 'load' 'l3_7_load' <Predicate = true> <Delay = 1.14> <CoreInst = "RAM">   --->   Core 81 'RAM' <Latency = 1> <II = 1> <Delay = 1.14> <Storage> <Opcode : 'load' 'store'> <Ports = 2> <Width = 16> <Depth = 8> <RAM>
ST_2 : Operation 48 [1/1] (0.92ns)   --->   "%tmp_4 = sparsemux i16 @_ssdm_op_SparseMux.ap_auto.8i16.i16.i3, i3 0, i16 %l3_load, i3 1, i16 %l3_1_load, i3 2, i16 %l3_2_load, i3 3, i16 %l3_3_load, i3 4, i16 %l3_4_load, i3 5, i16 %l3_5_load, i3 6, i16 %l3_6_load, i3 7, i16 %l3_7_load, i16 0, i3 %trunc_ln237" [mlp_engine.cpp:240->task_detection_accel.cpp:39]   --->   Operation 48 'sparsemux' 'tmp_4' <Predicate = true> <Delay = 0.92> <CoreInst = "BinarySparseMux_DontCare">   --->   Core 137 'BinarySparseMux_DontCare' <Latency = 0> <II = 1> <Delay = 0.92> <FuncUnit> <Opcode : 'sparsemux'> <InPorts = 2> <OutPorts = 1>
ST_2 : Operation 49 [1/1] (0.00ns)   --->   "%sext_ln240 = sext i16 %tmp_4" [mlp_engine.cpp:240->task_detection_accel.cpp:39]   --->   Operation 49 'sext' 'sext_ln240' <Predicate = true> <Delay = 0.00>
ST_2 : Operation 50 [1/2] ( I:1.14ns O:1.14ns )   --->   "%linear_64_1_ap_fixed_16_6_5_3_0_ap_fixed_16_6_5_3_0_weights_41_load = load i6 %linear_64_1_ap_fixed_16_6_5_3_0_ap_fixed_16_6_5_3_0_weights_41_addr" [mlp_engine.cpp:240->task_detection_accel.cpp:39]   --->   Operation 50 'load' 'linear_64_1_ap_fixed_16_6_5_3_0_ap_fixed_16_6_5_3_0_weights_41_load' <Predicate = true> <Delay = 1.14> <CoreInst = "RAM">   --->   Core 81 'RAM' <Latency = 1> <II = 1> <Delay = 1.14> <Storage> <Opcode : 'load' 'store'> <Ports = 2> <Width = 4> <Depth = 64> <RAM>
ST_2 : Operation 51 [1/1] (0.00ns)   --->   "%zext_ln240 = zext i4 %linear_64_1_ap_fixed_16_6_5_3_0_ap_fixed_16_6_5_3_0_weights_41_load" [mlp_engine.cpp:240->task_detection_accel.cpp:39]   --->   Operation 51 'zext' 'zext_ln240' <Predicate = true> <Delay = 0.00>
ST_2 : Operation 52 [3/3] (1.02ns) (grouped into DSP with root node add_ln240)   --->   "%mul_ln240 = mul i20 %zext_ln240, i20 %sext_ln240" [mlp_engine.cpp:240->task_detection_accel.cpp:39]   --->   Operation 52 'mul' 'mul_ln240' <Predicate = true> <Delay = 1.02> <CoreInst = "DSP48">   --->   Core 116 'DSP48' <Latency = 3> <II = 1> <Delay = 1.54> <IPBlock> <Opcode : 'add' 'sub' 'mul' 'select'> <InPorts = 0> <OutPorts = 1> <Sync> <CReg>

State 3 <SV = 2> <Delay = 1.02>
ST_3 : Operation 53 [2/3] (1.02ns) (grouped into DSP with root node add_ln240)   --->   "%mul_ln240 = mul i20 %zext_ln240, i20 %sext_ln240" [mlp_engine.cpp:240->task_detection_accel.cpp:39]   --->   Operation 53 'mul' 'mul_ln240' <Predicate = true> <Delay = 1.02> <CoreInst = "DSP48">   --->   Core 116 'DSP48' <Latency = 3> <II = 1> <Delay = 1.54> <IPBlock> <Opcode : 'add' 'sub' 'mul' 'select'> <InPorts = 0> <OutPorts = 1> <Sync> <CReg>

State 4 <SV = 3> <Delay = 1.49>
ST_4 : Operation 54 [1/1] (0.00ns)   --->   "%acc_load_1 = load i16 %acc" [mlp_engine.cpp:240->task_detection_accel.cpp:39]   --->   Operation 54 'load' 'acc_load_1' <Predicate = true> <Delay = 0.00>
ST_4 : Operation 55 [1/3] (0.00ns) (grouped into DSP with root node add_ln240)   --->   "%mul_ln240 = mul i20 %zext_ln240, i20 %sext_ln240" [mlp_engine.cpp:240->task_detection_accel.cpp:39]   --->   Operation 55 'mul' 'mul_ln240' <Predicate = true> <Delay = 0.00> <CoreInst = "DSP48">   --->   Core 116 'DSP48' <Latency = 3> <II = 1> <Delay = 1.54> <IPBlock> <Opcode : 'add' 'sub' 'mul' 'select'> <InPorts = 0> <OutPorts = 1> <Sync> <CReg>
ST_4 : Operation 56 [1/1] (0.00ns)   --->   "%shl_ln = bitconcatenate i26 @_ssdm_op_BitConcatenate.i26.i16.i10, i16 %acc_load_1, i10 0" [mlp_engine.cpp:240->task_detection_accel.cpp:39]   --->   Operation 56 'bitconcatenate' 'shl_ln' <Predicate = true> <Delay = 0.00>
ST_4 : Operation 57 [1/1] (0.00ns) (grouped into DSP with root node add_ln240)   --->   "%sext_ln240_1 = sext i20 %mul_ln240" [mlp_engine.cpp:240->task_detection_accel.cpp:39]   --->   Operation 57 'sext' 'sext_ln240_1' <Predicate = true> <Delay = 0.00>
ST_4 : Operation 58 [2/2] (1.49ns) (root node of the DSP)   --->   "%add_ln240 = add i26 %shl_ln, i26 %sext_ln240_1" [mlp_engine.cpp:240->task_detection_accel.cpp:39]   --->   Operation 58 'add' 'add_ln240' <Predicate = true> <Delay = 1.49> <CoreInst = "DSP48">   --->   Core 116 'DSP48' <Latency = 3> <II = 1> <Delay = 1.54> <IPBlock> <Opcode : 'add' 'sub' 'mul' 'select'> <InPorts = 0> <OutPorts = 1> <Sync> <CReg>
ST_4 : Operation 66 [1/1] (0.00ns)   --->   "%acc_load = load i16 %acc"   --->   Operation 66 'load' 'acc_load' <Predicate = (icmp_ln237)> <Delay = 0.00>
ST_4 : Operation 67 [1/1] (0.00ns)   --->   "%write_ln0 = write void @_ssdm_op_Write.ap_auto.i16P0A, i16 %acc_out, i16 %acc_load"   --->   Operation 67 'write' 'write_ln0' <Predicate = (icmp_ln237)> <Delay = 0.00>
ST_4 : Operation 68 [1/1] (0.83ns)   --->   "%ret_ln0 = ret"   --->   Operation 68 'ret' 'ret_ln0' <Predicate = (icmp_ln237)> <Delay = 0.83>

State 5 <SV = 4> <Delay = 3.81>
ST_5 : Operation 59 [1/1] (0.00ns)   --->   "%specpipeline_ln239 = specpipeline void @_ssdm_op_SpecPipeline, i32 1, i32 0, i32 0, i32 0, i32 4294967295, void @empty_403" [mlp_engine.cpp:239->task_detection_accel.cpp:39]   --->   Operation 59 'specpipeline' 'specpipeline_ln239' <Predicate = true> <Delay = 0.00>
ST_5 : Operation 60 [1/1] (0.00ns)   --->   "%speclooptripcount_ln235 = speclooptripcount void @_ssdm_op_SpecLoopTripCount, i64 64, i64 64, i64 64" [mlp_engine.cpp:235->task_detection_accel.cpp:39]   --->   Operation 60 'speclooptripcount' 'speclooptripcount_ln235' <Predicate = true> <Delay = 0.00>
ST_5 : Operation 61 [1/1] (0.00ns)   --->   "%specloopname_ln237 = specloopname void @_ssdm_op_SpecLoopName, void @empty_397" [mlp_engine.cpp:237->task_detection_accel.cpp:39]   --->   Operation 61 'specloopname' 'specloopname_ln237' <Predicate = true> <Delay = 0.00>
ST_5 : Operation 62 [1/2] (1.49ns) (root node of the DSP)   --->   "%add_ln240 = add i26 %shl_ln, i26 %sext_ln240_1" [mlp_engine.cpp:240->task_detection_accel.cpp:39]   --->   Operation 62 'add' 'add_ln240' <Predicate = true> <Delay = 1.49> <CoreInst = "DSP48">   --->   Core 116 'DSP48' <Latency = 3> <II = 1> <Delay = 1.54> <IPBlock> <Opcode : 'add' 'sub' 'mul' 'select'> <InPorts = 0> <OutPorts = 1> <Sync> <CReg>
ST_5 : Operation 63 [1/1] (0.00ns)   --->   "%acc_1 = partselect i16 @_ssdm_op_PartSelect.i16.i26.i32.i32, i26 %add_ln240, i32 10, i32 25" [mlp_engine.cpp:240->task_detection_accel.cpp:39]   --->   Operation 63 'partselect' 'acc_1' <Predicate = true> <Delay = 0.00>
ST_5 : Operation 64 [1/1] (0.83ns)   --->   "%store_ln235 = store i16 %acc_1, i16 %acc" [mlp_engine.cpp:235->task_detection_accel.cpp:39]   --->   Operation 64 'store' 'store_ln235' <Predicate = true> <Delay = 0.83>
ST_5 : Operation 65 [1/1] (0.00ns)   --->   "%br_ln237 = br void %for.body6.i" [mlp_engine.cpp:237->task_detection_accel.cpp:39]   --->   Operation 65 'br' 'br_ln237' <Predicate = true> <Delay = 0.00>


============================================================
+ Verbose Summary: Timing violations
============================================================
Target clock period: 10.000ns, clock uncertainty: 2.700ns.

 <State 1>: 2.939ns
The critical path consists of the following:
	'store' operation ('store_ln237', mlp_engine.cpp:237->task_detection_accel.cpp:39) of constant 0 7 bit on local variable 'i', mlp_engine.cpp:237->task_detection_accel.cpp:39 [13]  (0.833 ns)
	'load' operation 7 bit ('i', mlp_engine.cpp:237->task_detection_accel.cpp:39) on local variable 'i', mlp_engine.cpp:237->task_detection_accel.cpp:39 [17]  (0.000 ns)
	'add' operation 7 bit ('add_ln237', mlp_engine.cpp:237->task_detection_accel.cpp:39) [19]  (1.272 ns)
	'store' operation ('store_ln237', mlp_engine.cpp:237->task_detection_accel.cpp:39) of variable 'add_ln237', mlp_engine.cpp:237->task_detection_accel.cpp:39 7 bit on local variable 'i', mlp_engine.cpp:237->task_detection_accel.cpp:39 [56]  (0.833 ns)

 <State 2>: 3.091ns
The critical path consists of the following:
	'load' operation 16 bit ('l3_load', mlp_engine.cpp:240->task_detection_accel.cpp:39) on array 'l3' [38]  (1.148 ns)
	'sparsemux' operation 16 bit ('tmp_4', mlp_engine.cpp:240->task_detection_accel.cpp:39) [46]  (0.923 ns)
	'mul' operation 20 bit of DSP[54] ('mul_ln240', mlp_engine.cpp:240->task_detection_accel.cpp:39) [51]  (1.020 ns)

 <State 3>: 1.020ns
The critical path consists of the following:
	'mul' operation 20 bit of DSP[54] ('mul_ln240', mlp_engine.cpp:240->task_detection_accel.cpp:39) [51]  (1.020 ns)

 <State 4>: 1.490ns
The critical path consists of the following:
	'load' operation 16 bit ('acc_load_1', mlp_engine.cpp:240->task_detection_accel.cpp:39) on local variable 'acc', mlp_engine.cpp:235->task_detection_accel.cpp:39 [22]  (0.000 ns)
	'add' operation 26 bit of DSP[54] ('add_ln240', mlp_engine.cpp:240->task_detection_accel.cpp:39) [54]  (1.490 ns)

 <State 5>: 3.813ns
The critical path consists of the following:
	'add' operation 26 bit of DSP[54] ('add_ln240', mlp_engine.cpp:240->task_detection_accel.cpp:39) [54]  (1.490 ns)
	'store' operation ('store_ln235', mlp_engine.cpp:235->task_detection_accel.cpp:39) of variable 'acc', mlp_engine.cpp:240->task_detection_accel.cpp:39 16 bit on local variable 'acc', mlp_engine.cpp:235->task_detection_accel.cpp:39 [57]  (0.833 ns)
	'load' operation 16 bit ('acc_load_1', mlp_engine.cpp:240->task_detection_accel.cpp:39) on local variable 'acc', mlp_engine.cpp:235->task_detection_accel.cpp:39 [22]  (0.000 ns)
	'add' operation 26 bit of DSP[54] ('add_ln240', mlp_engine.cpp:240->task_detection_accel.cpp:39) [54]  (1.490 ns)


============================================================
+ Verbose Summary: Binding
============================================================
N/A
* FSMD analyzer results:
  - Output states:
 - Input state : 
  - Chain level:
	State 1
	State 2
	State 3
	State 4
	State 5


============================================================
+ Verbose Summary: Datapath Resource usage 
============================================================
N/A
