

================================================================
== Vitis HLS Report for 'task_detection_accel_Pipeline_VITIS_LOOP_109_1_VITIS_LOOP_113_2'
================================================================
* Date:           Sun Jun 14 16:33:26 2026

* Version:        2025.2 (Build 6295257 on Nov 14 2025)
* Project:        task_detection_tpu
* Solution:       hls (Vivado IP Flow Target)
* Product family: kintex7
* Target device:  xc7k325t-ffg900-2


================================================================
== Performance Estimates
================================================================
+ Timing: 
    * Summary: 
    +--------+----------+----------+------------+
    |  Clock |  Target  | Estimated| Uncertainty|
    +--------+----------+----------+------------+
    |ap_clk  |  10.00 ns|  6.323 ns|     2.70 ns|
    +--------+----------+----------+------------+

+ Latency: 
    * Summary: 
    +---------+---------+-----------+-----------+-----+-----+-------------------+
    |  Latency (cycles) |   Latency (absolute)  |  Interval |      Pipeline     |
    |   min   |   max   |    min    |    max    | min | max |        Type       |
    +---------+---------+-----------+-----------+-----+-----+-------------------+
    |     8194|     8194|  81.940 us|  81.940 us|    0|    0|  loop pipeline stp|
    +---------+---------+-----------+-----------+-----+-----+-------------------+

    + Detail: 
        * Instance: 
        N/A

        * Loop: 
        +-------------------------------------+---------+---------+----------+-----------+-----------+------+----------+
        |                                     |  Latency (cycles) | Iteration|  Initiation Interval  | Trip |          |
        |              Loop Name              |   min   |   max   |  Latency |  achieved |   target  | Count| Pipelined|
        +-------------------------------------+---------+---------+----------+-----------+-----------+------+----------+
        |- VITIS_LOOP_109_1_VITIS_LOOP_113_2  |     8192|     8192|         1|          1|          1|  8192|       yes|
        +-------------------------------------+---------+---------+----------+-----------+-----------+------+----------+

============================================================
+ Verbose Summary: Synthesis Manager
============================================================
InlineROM: 1
ExposeGlobal: 0
============================================================
+ Verbose Summary: CDFG Model
============================================================
IsTopModel: 0
ResetActiveHigh: 1
IsCombinational: 0
IsDatapathOnly: 0
HasWiredReturn: 1
HasMFsm: 2
HasVarLatency: 1
IsPipeline: 0
IsRtlPipelined: 0
IsInstanceOverlapped: 0
IsDontTouch: 0
HasImplIP: 0
IsGatedGlobalClock: 0

+ Individual pipeline summary: 
  * Pipeline-0: initiation interval (II) = 1, depth = 1


============================================================
+ Verbose Summary: Schedule
============================================================
* Number of FSM states : 1
* Pipeline : 1
  Pipeline-0 : II = 1, D = 1, States = { 1 }
* Dataflow Pipeline: 0

* FSM state transitions: 
1 --> 

* FSM state operations: 

State 1 <SV = 0> <Delay = 6.32>
ST_1 : Operation 4 [1/1] (0.00ns)   --->   "%i = alloca i32 1" [mlp_engine.cpp:113->task_detection_accel.cpp:41]   --->   Operation 4 'alloca' 'i' <Predicate = true> <Delay = 0.00>
ST_1 : Operation 5 [1/1] (0.00ns)   --->   "%o = alloca i32 1" [mlp_engine.cpp:109->task_detection_accel.cpp:41]   --->   Operation 5 'alloca' 'o' <Predicate = true> <Delay = 0.00>
ST_1 : Operation 6 [1/1] (0.00ns)   --->   "%indvar_flatten30 = alloca i32 1"   --->   Operation 6 'alloca' 'indvar_flatten30' <Predicate = true> <Delay = 0.00>
ST_1 : Operation 7 [1/1] (0.83ns)   --->   "%store_ln0 = store i14 0, i14 %indvar_flatten30"   --->   Operation 7 'store' 'store_ln0' <Predicate = true> <Delay = 0.83>
ST_1 : Operation 8 [1/1] (0.83ns)   --->   "%store_ln109 = store i7 0, i7 %o" [mlp_engine.cpp:109->task_detection_accel.cpp:41]   --->   Operation 8 'store' 'store_ln109' <Predicate = true> <Delay = 0.83>
ST_1 : Operation 9 [1/1] (0.83ns)   --->   "%store_ln113 = store i8 0, i8 %i" [mlp_engine.cpp:113->task_detection_accel.cpp:41]   --->   Operation 9 'store' 'store_ln113' <Predicate = true> <Delay = 0.83>
ST_1 : Operation 10 [1/1] (0.00ns)   --->   "%br_ln0 = br void %for.inc.i34"   --->   Operation 10 'br' 'br_ln0' <Predicate = true> <Delay = 0.00>
ST_1 : Operation 11 [1/1] (0.00ns)   --->   "%indvar_flatten30_load = load i14 %indvar_flatten30" [mlp_engine.cpp:109->task_detection_accel.cpp:41]   --->   Operation 11 'load' 'indvar_flatten30_load' <Predicate = true> <Delay = 0.00>
ST_1 : Operation 12 [1/1] (1.34ns)   --->   "%icmp_ln109 = icmp_eq  i14 %indvar_flatten30_load, i14 8192" [mlp_engine.cpp:109->task_detection_accel.cpp:41]   --->   Operation 12 'icmp' 'icmp_ln109' <Predicate = true> <Delay = 1.34> <CoreInst = "Cmp">   --->   Core 9 'Cmp' <Latency = 0> <II = 1> <Delay = 1.34> <FuncUnit> <Opcode : 'seteq' 'setne' 'setle' 'setge' 'setlt' 'setgt'> <InPorts = 2> <OutPorts = 1>
ST_1 : Operation 13 [1/1] (1.34ns)   --->   "%add_ln109_1 = add i14 %indvar_flatten30_load, i14 1" [mlp_engine.cpp:109->task_detection_accel.cpp:41]   --->   Operation 13 'add' 'add_ln109_1' <Predicate = true> <Delay = 1.34> <CoreInst = "Adder">   --->   Core 1 'Adder' <Latency = 0> <II = 1> <Delay = 1.34> <FuncUnit> <Opcode : 'add' 'sub'> <InPorts = 2> <OutPorts = 1>
ST_1 : Operation 14 [1/1] (0.00ns)   --->   "%br_ln109 = br i1 %icmp_ln109, void %for.inc9.i37, void %for.end11.i38.exitStub" [mlp_engine.cpp:109->task_detection_accel.cpp:41]   --->   Operation 14 'br' 'br_ln109' <Predicate = true> <Delay = 0.00>
ST_1 : Operation 15 [1/1] (0.00ns)   --->   "%i_load = load i8 %i" [mlp_engine.cpp:113->task_detection_accel.cpp:41]   --->   Operation 15 'load' 'i_load' <Predicate = (!icmp_ln109)> <Delay = 0.00>
ST_1 : Operation 16 [1/1] (0.00ns)   --->   "%o_load = load i7 %o" [mlp_engine.cpp:109->task_detection_accel.cpp:41]   --->   Operation 16 'load' 'o_load' <Predicate = (!icmp_ln109)> <Delay = 0.00>
ST_1 : Operation 17 [1/1] (1.27ns)   --->   "%add_ln109 = add i7 %o_load, i7 1" [mlp_engine.cpp:109->task_detection_accel.cpp:41]   --->   Operation 17 'add' 'add_ln109' <Predicate = (!icmp_ln109)> <Delay = 1.27> <CoreInst = "Adder">   --->   Core 1 'Adder' <Latency = 0> <II = 1> <Delay = 1.27> <FuncUnit> <Opcode : 'add' 'sub'> <InPorts = 2> <OutPorts = 1>
ST_1 : Operation 18 [1/1] (0.00ns)   --->   "%specloopname_ln0 = specloopname void @_ssdm_op_SpecLoopName, void @VITIS_LOOP_109_1_VITIS_LOOP_113_2_str"   --->   Operation 18 'specloopname' 'specloopname_ln0' <Predicate = (!icmp_ln109)> <Delay = 0.00>
ST_1 : Operation 19 [1/1] (0.00ns)   --->   "%speclooptripcount_ln0 = speclooptripcount void @_ssdm_op_SpecLoopTripCount, i64 8192, i64 8192, i64 8192"   --->   Operation 19 'speclooptripcount' 'speclooptripcount_ln0' <Predicate = (!icmp_ln109)> <Delay = 0.00>
ST_1 : Operation 20 [1/1] (1.35ns)   --->   "%icmp_ln113 = icmp_eq  i8 %i_load, i8 128" [mlp_engine.cpp:113->task_detection_accel.cpp:41]   --->   Operation 20 'icmp' 'icmp_ln113' <Predicate = (!icmp_ln109)> <Delay = 1.35> <CoreInst = "Cmp">   --->   Core 9 'Cmp' <Latency = 0> <II = 1> <Delay = 1.35> <FuncUnit> <Opcode : 'seteq' 'setne' 'setle' 'setge' 'setlt' 'setgt'> <InPorts = 2> <OutPorts = 1>
ST_1 : Operation 21 [1/1] (0.37ns)   --->   "%select_ln109 = select i1 %icmp_ln113, i8 0, i8 %i_load" [mlp_engine.cpp:109->task_detection_accel.cpp:41]   --->   Operation 21 'select' 'select_ln109' <Predicate = (!icmp_ln109)> <Delay = 0.37> <CoreInst = "Sel">   --->   Core 73 'Sel' <Latency = 0> <II = 1> <Delay = 0.37> <FuncUnit> <Opcode : 'select'> <InPorts = 3> <OutPorts = 1>
ST_1 : Operation 22 [1/1] (0.51ns)   --->   "%select_ln109_1 = select i1 %icmp_ln113, i7 %add_ln109, i7 %o_load" [mlp_engine.cpp:109->task_detection_accel.cpp:41]   --->   Operation 22 'select' 'select_ln109_1' <Predicate = (!icmp_ln109)> <Delay = 0.51> <CoreInst = "Sel">   --->   Core 73 'Sel' <Latency = 0> <II = 1> <Delay = 0.51> <FuncUnit> <Opcode : 'select'> <InPorts = 3> <OutPorts = 1>
ST_1 : Operation 23 [1/1] (0.00ns)   --->   "%empty = trunc i7 %select_ln109_1" [mlp_engine.cpp:109->task_detection_accel.cpp:41]   --->   Operation 23 'trunc' 'empty' <Predicate = (!icmp_ln109)> <Delay = 0.00>
ST_1 : Operation 24 [1/1] (1.35ns)   --->   "%first_iter_4 = icmp_eq  i8 %select_ln109, i8 0" [mlp_engine.cpp:109->task_detection_accel.cpp:41]   --->   Operation 24 'icmp' 'first_iter_4' <Predicate = (!icmp_ln109)> <Delay = 1.35> <CoreInst = "Cmp">   --->   Core 9 'Cmp' <Latency = 0> <II = 1> <Delay = 1.35> <FuncUnit> <Opcode : 'seteq' 'setne' 'setle' 'setge' 'setlt' 'setgt'> <InPorts = 2> <OutPorts = 1>
ST_1 : Operation 25 [1/1] (0.00ns)   --->   "%zext_ln109 = zext i7 %select_ln109_1" [mlp_engine.cpp:109->task_detection_accel.cpp:41]   --->   Operation 25 'zext' 'zext_ln109' <Predicate = (!icmp_ln109)> <Delay = 0.00>
ST_1 : Operation 26 [1/1] (0.00ns)   --->   "%tmp_2 = bitconcatenate i13 @_ssdm_op_BitConcatenate.i13.i6.i7, i6 %empty, i7 0" [mlp_engine.cpp:115->task_detection_accel.cpp:41]   --->   Operation 26 'bitconcatenate' 'tmp_2' <Predicate = (!icmp_ln109)> <Delay = 0.00>
ST_1 : Operation 27 [1/1] (0.00ns)   --->   "%bias_2_addr = getelementptr i32 %bias_2, i64 0, i64 %zext_ln109" [mlp_engine.cpp:111->task_detection_accel.cpp:41]   --->   Operation 27 'getelementptr' 'bias_2_addr' <Predicate = (!icmp_ln109)> <Delay = 0.00>
ST_1 : Operation 28 [1/1] (0.00ns)   --->   "%br_ln113 = br i1 %first_iter_4, void %for.inc.i34.split, void %for.first.iter.for.inc.i34" [mlp_engine.cpp:113->task_detection_accel.cpp:41]   --->   Operation 28 'br' 'br_ln113' <Predicate = (!icmp_ln109)> <Delay = 0.00>
ST_1 : Operation 29 [1/1] ( I:2.26ns O:2.26ns )   --->   "%store_ln111 = store i32 0, i6 %bias_2_addr" [mlp_engine.cpp:111->task_detection_accel.cpp:41]   --->   Operation 29 'store' 'store_ln111' <Predicate = (!icmp_ln109 & first_iter_4)> <Delay = 2.26> <CoreInst = "RAM">   --->   Core 81 'RAM' <Latency = 1> <II = 1> <Delay = 2.26> <Storage> <Opcode : 'load' 'store'> <Ports = 2> <Width = 32> <Depth = 64> <RAM>
ST_1 : Operation 30 [1/1] (0.00ns)   --->   "%br_ln113 = br void %for.inc.i34.split" [mlp_engine.cpp:113->task_detection_accel.cpp:41]   --->   Operation 30 'br' 'br_ln113' <Predicate = (!icmp_ln109 & first_iter_4)> <Delay = 0.00>
ST_1 : Operation 31 [1/1] (0.00ns)   --->   "%zext_ln115 = zext i8 %select_ln109" [mlp_engine.cpp:115->task_detection_accel.cpp:41]   --->   Operation 31 'zext' 'zext_ln115' <Predicate = (!icmp_ln109)> <Delay = 0.00>
ST_1 : Operation 32 [1/1] (1.35ns)   --->   "%add_ln115 = add i13 %tmp_2, i13 %zext_ln115" [mlp_engine.cpp:115->task_detection_accel.cpp:41]   --->   Operation 32 'add' 'add_ln115' <Predicate = (!icmp_ln109)> <Delay = 1.35> <CoreInst = "Adder">   --->   Core 1 'Adder' <Latency = 0> <II = 1> <Delay = 1.35> <FuncUnit> <Opcode : 'add' 'sub'> <InPorts = 2> <OutPorts = 1>
ST_1 : Operation 33 [1/1] (0.00ns)   --->   "%zext_ln115_1 = zext i13 %add_ln115" [mlp_engine.cpp:115->task_detection_accel.cpp:41]   --->   Operation 33 'zext' 'zext_ln115_1' <Predicate = (!icmp_ln109)> <Delay = 0.00>
ST_1 : Operation 34 [1/1] (0.00ns)   --->   "%weights_2_addr = getelementptr i32 %weights_2, i64 0, i64 %zext_ln115_1" [mlp_engine.cpp:115->task_detection_accel.cpp:41]   --->   Operation 34 'getelementptr' 'weights_2_addr' <Predicate = (!icmp_ln109)> <Delay = 0.00>
ST_1 : Operation 35 [1/1] (0.00ns)   --->   "%specpipeline_ln113 = specpipeline void @_ssdm_op_SpecPipeline, i32 4294967295, i32 0, i32 0, i32 0, i32 4294967295, void @empty_13" [mlp_engine.cpp:113->task_detection_accel.cpp:41]   --->   Operation 35 'specpipeline' 'specpipeline_ln113' <Predicate = (!icmp_ln109)> <Delay = 0.00>
ST_1 : Operation 36 [1/1] ( I:2.26ns O:2.26ns )   --->   "%store_ln115 = store i32 0.01, i13 %weights_2_addr" [mlp_engine.cpp:115->task_detection_accel.cpp:41]   --->   Operation 36 'store' 'store_ln115' <Predicate = (!icmp_ln109)> <Delay = 2.26> <CoreInst = "RAM">   --->   Core 81 'RAM' <Latency = 1> <II = 1> <Delay = 2.26> <Storage> <Opcode : 'load' 'store'> <Ports = 2> <Width = 32> <Depth = 8192> <RAM>
ST_1 : Operation 37 [1/1] (1.35ns)   --->   "%add_ln113 = add i8 %select_ln109, i8 1" [mlp_engine.cpp:113->task_detection_accel.cpp:41]   --->   Operation 37 'add' 'add_ln113' <Predicate = (!icmp_ln109)> <Delay = 1.35> <CoreInst = "Adder">   --->   Core 1 'Adder' <Latency = 0> <II = 1> <Delay = 1.35> <FuncUnit> <Opcode : 'add' 'sub'> <InPorts = 2> <OutPorts = 1>
ST_1 : Operation 38 [1/1] (0.83ns)   --->   "%store_ln109 = store i14 %add_ln109_1, i14 %indvar_flatten30" [mlp_engine.cpp:109->task_detection_accel.cpp:41]   --->   Operation 38 'store' 'store_ln109' <Predicate = (!icmp_ln109)> <Delay = 0.83>
ST_1 : Operation 39 [1/1] (0.83ns)   --->   "%store_ln109 = store i7 %select_ln109_1, i7 %o" [mlp_engine.cpp:109->task_detection_accel.cpp:41]   --->   Operation 39 'store' 'store_ln109' <Predicate = (!icmp_ln109)> <Delay = 0.83>
ST_1 : Operation 40 [1/1] (0.83ns)   --->   "%store_ln113 = store i8 %add_ln113, i8 %i" [mlp_engine.cpp:113->task_detection_accel.cpp:41]   --->   Operation 40 'store' 'store_ln113' <Predicate = (!icmp_ln109)> <Delay = 0.83>
ST_1 : Operation 41 [1/1] (0.00ns)   --->   "%br_ln113 = br void %for.inc.i34" [mlp_engine.cpp:113->task_detection_accel.cpp:41]   --->   Operation 41 'br' 'br_ln113' <Predicate = (!icmp_ln109)> <Delay = 0.00>
ST_1 : Operation 42 [1/1] (0.83ns)   --->   "%ret_ln0 = ret"   --->   Operation 42 'ret' 'ret_ln0' <Predicate = (icmp_ln109)> <Delay = 0.83>


============================================================
+ Verbose Summary: Binding
============================================================
STG Binding: 
---------------- STG Properties BEGIN ----------------
- Is combinational: 0
- Is one-state seq: 0
- Is datapath-only: 0
- Is pipelined: 0
- Is top level: 0
Port [ Return ] is wired: 1; IO mode=ap_ctrl_hs:ce=0
Port [ weights_2]:  wired=1; compound=1; hidden=0; nouse=0; global=1; static=1; extern=0; dir=1; type=1; pingpong=0; private_global=0; MemPort=[03]; IO mode=ap_memory:ce=0
Port [ bias_2]:  wired=1; compound=1; hidden=0; nouse=0; global=1; static=1; extern=0; dir=1; type=1; pingpong=0; private_global=0; MemPort=[03]; IO mode=ap_memory:ce=0
---------------- STG Properties END ------------------

---------------- Datapath Model BEGIN ----------------

<LifeTime>
<method=bitvector/>
i                     (alloca           ) [ 01]
o                     (alloca           ) [ 01]
indvar_flatten30      (alloca           ) [ 01]
store_ln0             (store            ) [ 00]
store_ln109           (store            ) [ 00]
store_ln113           (store            ) [ 00]
br_ln0                (br               ) [ 00]
indvar_flatten30_load (load             ) [ 00]
icmp_ln109            (icmp             ) [ 01]
add_ln109_1           (add              ) [ 00]
br_ln109              (br               ) [ 00]
i_load                (load             ) [ 00]
o_load                (load             ) [ 00]
add_ln109             (add              ) [ 00]
specloopname_ln0      (specloopname     ) [ 00]
speclooptripcount_ln0 (speclooptripcount) [ 00]
icmp_ln113            (icmp             ) [ 00]
select_ln109          (select           ) [ 00]
select_ln109_1        (select           ) [ 00]
empty                 (trunc            ) [ 00]
first_iter_4          (icmp             ) [ 01]
zext_ln109            (zext             ) [ 00]
tmp_2                 (bitconcatenate   ) [ 00]
bias_2_addr           (getelementptr    ) [ 00]
br_ln113              (br               ) [ 00]
store_ln111           (store            ) [ 00]
br_ln113              (br               ) [ 00]
zext_ln115            (zext             ) [ 00]
add_ln115             (add              ) [ 00]
zext_ln115_1          (zext             ) [ 00]
weights_2_addr        (getelementptr    ) [ 00]
specpipeline_ln113    (specpipeline     ) [ 00]
store_ln115           (store            ) [ 00]
add_ln113             (add              ) [ 00]
store_ln109           (store            ) [ 00]
store_ln109           (store            ) [ 00]
store_ln113           (store            ) [ 00]
br_ln113              (br               ) [ 00]
ret_ln0               (ret              ) [ 00]
</LifeTime>

<model>

<comp_list>
<comp id="0" class="1000" name="weights_2">
<pin_list>
<pin id="1" dir="1" index="0" bw="1" slack="0"/>
</pin_list>
<bind>
<StgValue><ssdm name="weights_2"/><MemPortTyVec>0 3 </MemPortTyVec>
</StgValue>
</bind>
</comp>

<comp id="2" class="1000" name="bias_2">
<pin_list>
<pin id="3" dir="1" index="0" bw="1" slack="0"/>
</pin_list>
<bind>
<StgValue><ssdm name="bias_2"/><MemPortTyVec>0 3 </MemPortTyVec>
</StgValue>
</bind>
</comp>

<comp id="4" class="1001" name="const_4">
<pin_list>
<pin id="5" dir="1" index="0" bw="1" slack="0"/>
</pin_list>
<bind>
<StgValue><ssdm name=""/></StgValue>
</bind>
</comp>

<comp id="6" class="1001" name="const_6">
<pin_list>
<pin id="7" dir="1" index="0" bw="1" slack="0"/>
</pin_list>
<bind>
<StgValue><ssdm name=""/></StgValue>
</bind>
</comp>

<comp id="8" class="1001" name="const_8">
<pin_list>
<pin id="9" dir="1" index="0" bw="1" slack="0"/>
</pin_list>
<bind>
<StgValue><ssdm name=""/></StgValue>
</bind>
</comp>

<comp id="10" class="1001" name="const_10">
<pin_list>
<pin id="11" dir="1" index="0" bw="1" slack="0"/>
</pin_list>
<bind>
<StgValue><ssdm name=""/></StgValue>
</bind>
</comp>

<comp id="12" class="1001" name="const_12">
<pin_list>
<pin id="13" dir="1" index="0" bw="1" slack="0"/>
</pin_list>
<bind>
<StgValue><ssdm name=""/></StgValue>
</bind>
</comp>

<comp id="14" class="1001" name="const_14">
<pin_list>
<pin id="15" dir="1" index="0" bw="1" slack="0"/>
</pin_list>
<bind>
<StgValue><ssdm name=""/></StgValue>
</bind>
</comp>

<comp id="16" class="1001" name="const_16">
<pin_list>
<pin id="17" dir="1" index="0" bw="1" slack="0"/>
</pin_list>
<bind>
<StgValue><ssdm name=""/></StgValue>
</bind>
</comp>

<comp id="18" class="1001" name="const_18">
<pin_list>
<pin id="19" dir="1" index="0" bw="1" slack="2147483647"/>
</pin_list>
<bind>
<StgValue><ssdm name="_ssdm_op_SpecLoopName"/></StgValue>
</bind>
</comp>

<comp id="20" class="1001" name="const_20">
<pin_list>
<pin id="21" dir="1" index="0" bw="1" slack="2147483647"/>
</pin_list>
<bind>
<StgValue><ssdm name="VITIS_LOOP_109_1_VITIS_LOOP_113_2_str"/></StgValue>
</bind>
</comp>

<comp id="22" class="1001" name="const_22">
<pin_list>
<pin id="23" dir="1" index="0" bw="1" slack="2147483647"/>
</pin_list>
<bind>
<StgValue><ssdm name="_ssdm_op_SpecLoopTripCount"/></StgValue>
</bind>
</comp>

<comp id="24" class="1001" name="const_24">
<pin_list>
<pin id="25" dir="1" index="0" bw="1" slack="2147483647"/>
</pin_list>
<bind>
<StgValue><ssdm name=""/></StgValue>
</bind>
</comp>

<comp id="26" class="1001" name="const_26">
<pin_list>
<pin id="27" dir="1" index="0" bw="1" slack="0"/>
</pin_list>
<bind>
<StgValue><ssdm name=""/></StgValue>
</bind>
</comp>

<comp id="28" class="1001" name="const_28">
<pin_list>
<pin id="29" dir="1" index="0" bw="1" slack="0"/>
</pin_list>
<bind>
<StgValue><ssdm name="_ssdm_op_BitConcatenate.i13.i6.i7"/></StgValue>
</bind>
</comp>

<comp id="30" class="1001" name="const_30">
<pin_list>
<pin id="31" dir="1" index="0" bw="1" slack="0"/>
</pin_list>
<bind>
<StgValue><ssdm name=""/></StgValue>
</bind>
</comp>

<comp id="32" class="1001" name="const_32">
<pin_list>
<pin id="33" dir="1" index="0" bw="1" slack="0"/>
</pin_list>
<bind>
<StgValue><ssdm name=""/></StgValue>
</bind>
</comp>

<comp id="34" class="1001" name="const_34">
<pin_list>
<pin id="35" dir="1" index="0" bw="1" slack="2147483647"/>
</pin_list>
<bind>
<StgValue><ssdm name="_ssdm_op_SpecPipeline"/></StgValue>
</bind>
</comp>

<comp id="36" class="1001" name="const_36">
<pin_list>
<pin id="37" dir="1" index="0" bw="1" slack="2147483647"/>
</pin_list>
<bind>
<StgValue><ssdm name=""/></StgValue>
</bind>
</comp>

<comp id="38" class="1001" name="const_38">
<pin_list>
<pin id="39" dir="1" index="0" bw="1" slack="2147483647"/>
</pin_list>
<bind>
<StgValue><ssdm name=""/></StgValue>
</bind>
</comp>

<comp id="40" class="1001" name="const_40">
<pin_list>
<pin id="41" dir="1" index="0" bw="1" slack="2147483647"/>
</pin_list>
<bind>
<StgValue><ssdm name="empty_13"/></StgValue>
</bind>
</comp>

<comp id="42" class="1001" name="const_42">
<pin_list>
<pin id="43" dir="1" index="0" bw="1" slack="0"/>
</pin_list>
<bind>
<StgValue><ssdm name=""/></StgValue>
</bind>
</comp>

<comp id="44" class="1001" name="const_44">
<pin_list>
<pin id="45" dir="1" index="0" bw="1" slack="0"/>
</pin_list>
<bind>
<StgValue><ssdm name=""/></StgValue>
</bind>
</comp>

<comp id="46" class="1004" name="i_fu_46">
<pin_list>
<pin id="47" dir="0" index="0" bw="1" slack="0"/>
<pin id="48" dir="1" index="1" bw="8" slack="0"/>
</pin_list>
<bind>
<opcode="alloca(26) " fcode="alloca"/>
<opset="i/1 "/>
</bind>
</comp>

<comp id="50" class="1004" name="o_fu_50">
<pin_list>
<pin id="51" dir="0" index="0" bw="1" slack="0"/>
<pin id="52" dir="1" index="1" bw="7" slack="0"/>
</pin_list>
<bind>
<opcode="alloca(26) " fcode="alloca"/>
<opset="o/1 "/>
</bind>
</comp>

<comp id="54" class="1004" name="indvar_flatten30_fu_54">
<pin_list>
<pin id="55" dir="0" index="0" bw="1" slack="0"/>
<pin id="56" dir="1" index="1" bw="14" slack="0"/>
</pin_list>
<bind>
<opcode="alloca(26) " fcode="alloca"/>
<opset="indvar_flatten30/1 "/>
</bind>
</comp>

<comp id="58" class="1004" name="bias_2_addr_gep_fu_58">
<pin_list>
<pin id="59" dir="0" index="0" bw="32" slack="0"/>
<pin id="60" dir="0" index="1" bw="1" slack="0"/>
<pin id="61" dir="0" index="2" bw="7" slack="0"/>
<pin id="62" dir="1" index="3" bw="6" slack="0"/>
</pin_list>
<bind>
<opcode="getelementptr(29) " fcode="getelementptr"/>
<opset="bias_2_addr/1 "/>
</bind>
</comp>

<comp id="65" class="1004" name="store_ln111_access_fu_65">
<pin_list>
<pin id="66" dir="0" index="0" bw="6" slack="0"/>
<pin id="67" dir="0" index="1" bw="32" slack="0"/>
<pin id="68" dir="0" index="2" bw="0" slack="2147483647"/>
<pin id="69" dir="1" index="3" bw="32" slack="2147483647"/>
</pin_list>
<bind>
<opcode="store(28) " fcode="store"/>
<opset="store_ln111/1 "/>
</bind>
</comp>

<comp id="72" class="1004" name="weights_2_addr_gep_fu_72">
<pin_list>
<pin id="73" dir="0" index="0" bw="32" slack="0"/>
<pin id="74" dir="0" index="1" bw="1" slack="0"/>
<pin id="75" dir="0" index="2" bw="13" slack="0"/>
<pin id="76" dir="1" index="3" bw="13" slack="0"/>
</pin_list>
<bind>
<opcode="getelementptr(29) " fcode="getelementptr"/>
<opset="weights_2_addr/1 "/>
</bind>
</comp>

<comp id="79" class="1004" name="store_ln115_access_fu_79">
<pin_list>
<pin id="80" dir="0" index="0" bw="13" slack="0"/>
<pin id="81" dir="0" index="1" bw="32" slack="0"/>
<pin id="82" dir="0" index="2" bw="0" slack="2147483647"/>
<pin id="83" dir="1" index="3" bw="32" slack="2147483647"/>
</pin_list>
<bind>
<opcode="store(28) " fcode="store"/>
<opset="store_ln115/1 "/>
</bind>
</comp>

<comp id="86" class="1004" name="store_ln0_store_fu_86">
<pin_list>
<pin id="87" dir="0" index="0" bw="1" slack="0"/>
<pin id="88" dir="0" index="1" bw="14" slack="0"/>
<pin id="89" dir="1" index="2" bw="0" slack="2147483647"/>
</pin_list>
<bind>
<opcode="store(28) " fcode="store"/>
<opset="store_ln0/1 "/>
</bind>
</comp>

<comp id="91" class="1004" name="store_ln109_store_fu_91">
<pin_list>
<pin id="92" dir="0" index="0" bw="1" slack="0"/>
<pin id="93" dir="0" index="1" bw="7" slack="0"/>
<pin id="94" dir="1" index="2" bw="0" slack="2147483647"/>
</pin_list>
<bind>
<opcode="store(28) " fcode="store"/>
<opset="store_ln109/1 "/>
</bind>
</comp>

<comp id="96" class="1004" name="store_ln113_store_fu_96">
<pin_list>
<pin id="97" dir="0" index="0" bw="1" slack="0"/>
<pin id="98" dir="0" index="1" bw="8" slack="0"/>
<pin id="99" dir="1" index="2" bw="0" slack="2147483647"/>
</pin_list>
<bind>
<opcode="store(28) " fcode="store"/>
<opset="store_ln113/1 "/>
</bind>
</comp>

<comp id="101" class="1004" name="indvar_flatten30_load_load_fu_101">
<pin_list>
<pin id="102" dir="0" index="0" bw="14" slack="0"/>
<pin id="103" dir="1" index="1" bw="14" slack="0"/>
</pin_list>
<bind>
<opcode="load(27) " fcode="load"/>
<opset="indvar_flatten30_load/1 "/>
</bind>
</comp>

<comp id="104" class="1004" name="icmp_ln109_fu_104">
<pin_list>
<pin id="105" dir="0" index="0" bw="14" slack="0"/>
<pin id="106" dir="0" index="1" bw="14" slack="0"/>
<pin id="107" dir="1" index="2" bw="1" slack="2147483647"/>
</pin_list>
<bind>
<opcode="icmp(45) " fcode="icmp"/>
<opset="icmp_ln109/1 "/>
</bind>
</comp>

<comp id="110" class="1004" name="add_ln109_1_fu_110">
<pin_list>
<pin id="111" dir="0" index="0" bw="14" slack="0"/>
<pin id="112" dir="0" index="1" bw="1" slack="0"/>
<pin id="113" dir="1" index="2" bw="14" slack="0"/>
</pin_list>
<bind>
<opcode="add(8) " fcode="add"/>
<opset="add_ln109_1/1 "/>
</bind>
</comp>

<comp id="116" class="1004" name="i_load_load_fu_116">
<pin_list>
<pin id="117" dir="0" index="0" bw="8" slack="0"/>
<pin id="118" dir="1" index="1" bw="8" slack="0"/>
</pin_list>
<bind>
<opcode="load(27) " fcode="load"/>
<opset="i_load/1 "/>
</bind>
</comp>

<comp id="119" class="1004" name="o_load_load_fu_119">
<pin_list>
<pin id="120" dir="0" index="0" bw="7" slack="0"/>
<pin id="121" dir="1" index="1" bw="7" slack="0"/>
</pin_list>
<bind>
<opcode="load(27) " fcode="load"/>
<opset="o_load/1 "/>
</bind>
</comp>

<comp id="122" class="1004" name="add_ln109_fu_122">
<pin_list>
<pin id="123" dir="0" index="0" bw="7" slack="0"/>
<pin id="124" dir="0" index="1" bw="1" slack="0"/>
<pin id="125" dir="1" index="2" bw="7" slack="0"/>
</pin_list>
<bind>
<opcode="add(8) " fcode="add"/>
<opset="add_ln109/1 "/>
</bind>
</comp>

<comp id="128" class="1004" name="icmp_ln113_fu_128">
<pin_list>
<pin id="129" dir="0" index="0" bw="8" slack="0"/>
<pin id="130" dir="0" index="1" bw="8" slack="0"/>
<pin id="131" dir="1" index="2" bw="1" slack="0"/>
</pin_list>
<bind>
<opcode="icmp(45) " fcode="icmp"/>
<opset="icmp_ln113/1 "/>
</bind>
</comp>

<comp id="134" class="1004" name="select_ln109_fu_134">
<pin_list>
<pin id="135" dir="0" index="0" bw="1" slack="0"/>
<pin id="136" dir="0" index="1" bw="1" slack="0"/>
<pin id="137" dir="0" index="2" bw="8" slack="0"/>
<pin id="138" dir="1" index="3" bw="8" slack="0"/>
</pin_list>
<bind>
<opcode="select(49) " fcode="select"/>
<opset="select_ln109/1 "/>
</bind>
</comp>

<comp id="142" class="1004" name="select_ln109_1_fu_142">
<pin_list>
<pin id="143" dir="0" index="0" bw="1" slack="0"/>
<pin id="144" dir="0" index="1" bw="7" slack="0"/>
<pin id="145" dir="0" index="2" bw="7" slack="0"/>
<pin id="146" dir="1" index="3" bw="7" slack="0"/>
</pin_list>
<bind>
<opcode="select(49) " fcode="select"/>
<opset="select_ln109_1/1 "/>
</bind>
</comp>

<comp id="150" class="1004" name="empty_fu_150">
<pin_list>
<pin id="151" dir="0" index="0" bw="7" slack="0"/>
<pin id="152" dir="1" index="1" bw="6" slack="0"/>
</pin_list>
<bind>
<opcode="trunc(33) " fcode="trunc"/>
<opset="empty/1 "/>
</bind>
</comp>

<comp id="154" class="1004" name="first_iter_4_fu_154">
<pin_list>
<pin id="155" dir="0" index="0" bw="8" slack="0"/>
<pin id="156" dir="0" index="1" bw="1" slack="0"/>
<pin id="157" dir="1" index="2" bw="1" slack="2147483647"/>
</pin_list>
<bind>
<opcode="icmp(45) " fcode="icmp"/>
<opset="first_iter_4/1 "/>
</bind>
</comp>

<comp id="160" class="1004" name="zext_ln109_fu_160">
<pin_list>
<pin id="161" dir="0" index="0" bw="7" slack="0"/>
<pin id="162" dir="1" index="1" bw="64" slack="0"/>
</pin_list>
<bind>
<opcode="zext(34) " fcode="zext"/>
<opset="zext_ln109/1 "/>
</bind>
</comp>

<comp id="165" class="1004" name="tmp_2_fu_165">
<pin_list>
<pin id="166" dir="0" index="0" bw="13" slack="0"/>
<pin id="167" dir="0" index="1" bw="6" slack="0"/>
<pin id="168" dir="0" index="2" bw="1" slack="0"/>
<pin id="169" dir="1" index="3" bw="13" slack="0"/>
</pin_list>
<bind>
<opcode="bitconcatenate(1004) " fcode="bitconcatenate"/>
<opset="tmp_2/1 "/>
</bind>
</comp>

<comp id="173" class="1004" name="zext_ln115_fu_173">
<pin_list>
<pin id="174" dir="0" index="0" bw="8" slack="0"/>
<pin id="175" dir="1" index="1" bw="13" slack="0"/>
</pin_list>
<bind>
<opcode="zext(34) " fcode="zext"/>
<opset="zext_ln115/1 "/>
</bind>
</comp>

<comp id="177" class="1004" name="add_ln115_fu_177">
<pin_list>
<pin id="178" dir="0" index="0" bw="13" slack="0"/>
<pin id="179" dir="0" index="1" bw="8" slack="0"/>
<pin id="180" dir="1" index="2" bw="13" slack="0"/>
</pin_list>
<bind>
<opcode="add(8) " fcode="add"/>
<opset="add_ln115/1 "/>
</bind>
</comp>

<comp id="183" class="1004" name="zext_ln115_1_fu_183">
<pin_list>
<pin id="184" dir="0" index="0" bw="13" slack="0"/>
<pin id="185" dir="1" index="1" bw="64" slack="0"/>
</pin_list>
<bind>
<opcode="zext(34) " fcode="zext"/>
<opset="zext_ln115_1/1 "/>
</bind>
</comp>

<comp id="188" class="1004" name="add_ln113_fu_188">
<pin_list>
<pin id="189" dir="0" index="0" bw="8" slack="0"/>
<pin id="190" dir="0" index="1" bw="1" slack="0"/>
<pin id="191" dir="1" index="2" bw="8" slack="0"/>
</pin_list>
<bind>
<opcode="add(8) " fcode="add"/>
<opset="add_ln113/1 "/>
</bind>
</comp>

<comp id="194" class="1004" name="store_ln109_store_fu_194">
<pin_list>
<pin id="195" dir="0" index="0" bw="14" slack="0"/>
<pin id="196" dir="0" index="1" bw="14" slack="0"/>
<pin id="197" dir="1" index="2" bw="0" slack="2147483647"/>
</pin_list>
<bind>
<opcode="store(28) " fcode="store"/>
<opset="store_ln109/1 "/>
</bind>
</comp>

<comp id="199" class="1004" name="store_ln109_store_fu_199">
<pin_list>
<pin id="200" dir="0" index="0" bw="7" slack="0"/>
<pin id="201" dir="0" index="1" bw="7" slack="0"/>
<pin id="202" dir="1" index="2" bw="0" slack="2147483647"/>
</pin_list>
<bind>
<opcode="store(28) " fcode="store"/>
<opset="store_ln109/1 "/>
</bind>
</comp>

<comp id="204" class="1004" name="store_ln113_store_fu_204">
<pin_list>
<pin id="205" dir="0" index="0" bw="8" slack="0"/>
<pin id="206" dir="0" index="1" bw="8" slack="0"/>
<pin id="207" dir="1" index="2" bw="0" slack="2147483647"/>
</pin_list>
<bind>
<opcode="store(28) " fcode="store"/>
<opset="store_ln113/1 "/>
</bind>
</comp>

<comp id="209" class="1005" name="i_reg_209">
<pin_list>
<pin id="210" dir="0" index="0" bw="8" slack="0"/>
<pin id="211" dir="1" index="1" bw="8" slack="0"/>
</pin_list>
<bind>
<opset="i "/>
</bind>
</comp>

<comp id="216" class="1005" name="o_reg_216">
<pin_list>
<pin id="217" dir="0" index="0" bw="7" slack="0"/>
<pin id="218" dir="1" index="1" bw="7" slack="0"/>
</pin_list>
<bind>
<opset="o "/>
</bind>
</comp>

<comp id="223" class="1005" name="indvar_flatten30_reg_223">
<pin_list>
<pin id="224" dir="0" index="0" bw="14" slack="0"/>
<pin id="225" dir="1" index="1" bw="14" slack="0"/>
</pin_list>
<bind>
<opset="indvar_flatten30 "/>
</bind>
</comp>

</comp_list>

<net_list>
<net id="49"><net_src comp="4" pin="0"/><net_sink comp="46" pin=0"/></net>

<net id="53"><net_src comp="4" pin="0"/><net_sink comp="50" pin=0"/></net>

<net id="57"><net_src comp="4" pin="0"/><net_sink comp="54" pin=0"/></net>

<net id="63"><net_src comp="2" pin="0"/><net_sink comp="58" pin=0"/></net>

<net id="64"><net_src comp="30" pin="0"/><net_sink comp="58" pin=1"/></net>

<net id="70"><net_src comp="32" pin="0"/><net_sink comp="65" pin=1"/></net>

<net id="71"><net_src comp="58" pin="3"/><net_sink comp="65" pin=0"/></net>

<net id="77"><net_src comp="0" pin="0"/><net_sink comp="72" pin=0"/></net>

<net id="78"><net_src comp="30" pin="0"/><net_sink comp="72" pin=1"/></net>

<net id="84"><net_src comp="42" pin="0"/><net_sink comp="79" pin=1"/></net>

<net id="85"><net_src comp="72" pin="3"/><net_sink comp="79" pin=0"/></net>

<net id="90"><net_src comp="6" pin="0"/><net_sink comp="86" pin=0"/></net>

<net id="95"><net_src comp="8" pin="0"/><net_sink comp="91" pin=0"/></net>

<net id="100"><net_src comp="10" pin="0"/><net_sink comp="96" pin=0"/></net>

<net id="108"><net_src comp="101" pin="1"/><net_sink comp="104" pin=0"/></net>

<net id="109"><net_src comp="12" pin="0"/><net_sink comp="104" pin=1"/></net>

<net id="114"><net_src comp="101" pin="1"/><net_sink comp="110" pin=0"/></net>

<net id="115"><net_src comp="14" pin="0"/><net_sink comp="110" pin=1"/></net>

<net id="126"><net_src comp="119" pin="1"/><net_sink comp="122" pin=0"/></net>

<net id="127"><net_src comp="16" pin="0"/><net_sink comp="122" pin=1"/></net>

<net id="132"><net_src comp="116" pin="1"/><net_sink comp="128" pin=0"/></net>

<net id="133"><net_src comp="26" pin="0"/><net_sink comp="128" pin=1"/></net>

<net id="139"><net_src comp="128" pin="2"/><net_sink comp="134" pin=0"/></net>

<net id="140"><net_src comp="10" pin="0"/><net_sink comp="134" pin=1"/></net>

<net id="141"><net_src comp="116" pin="1"/><net_sink comp="134" pin=2"/></net>

<net id="147"><net_src comp="128" pin="2"/><net_sink comp="142" pin=0"/></net>

<net id="148"><net_src comp="122" pin="2"/><net_sink comp="142" pin=1"/></net>

<net id="149"><net_src comp="119" pin="1"/><net_sink comp="142" pin=2"/></net>

<net id="153"><net_src comp="142" pin="3"/><net_sink comp="150" pin=0"/></net>

<net id="158"><net_src comp="134" pin="3"/><net_sink comp="154" pin=0"/></net>

<net id="159"><net_src comp="10" pin="0"/><net_sink comp="154" pin=1"/></net>

<net id="163"><net_src comp="142" pin="3"/><net_sink comp="160" pin=0"/></net>

<net id="164"><net_src comp="160" pin="1"/><net_sink comp="58" pin=2"/></net>

<net id="170"><net_src comp="28" pin="0"/><net_sink comp="165" pin=0"/></net>

<net id="171"><net_src comp="150" pin="1"/><net_sink comp="165" pin=1"/></net>

<net id="172"><net_src comp="8" pin="0"/><net_sink comp="165" pin=2"/></net>

<net id="176"><net_src comp="134" pin="3"/><net_sink comp="173" pin=0"/></net>

<net id="181"><net_src comp="165" pin="3"/><net_sink comp="177" pin=0"/></net>

<net id="182"><net_src comp="173" pin="1"/><net_sink comp="177" pin=1"/></net>

<net id="186"><net_src comp="177" pin="2"/><net_sink comp="183" pin=0"/></net>

<net id="187"><net_src comp="183" pin="1"/><net_sink comp="72" pin=2"/></net>

<net id="192"><net_src comp="134" pin="3"/><net_sink comp="188" pin=0"/></net>

<net id="193"><net_src comp="44" pin="0"/><net_sink comp="188" pin=1"/></net>

<net id="198"><net_src comp="110" pin="2"/><net_sink comp="194" pin=0"/></net>

<net id="203"><net_src comp="142" pin="3"/><net_sink comp="199" pin=0"/></net>

<net id="208"><net_src comp="188" pin="2"/><net_sink comp="204" pin=0"/></net>

<net id="212"><net_src comp="46" pin="1"/><net_sink comp="209" pin=0"/></net>

<net id="213"><net_src comp="209" pin="1"/><net_sink comp="96" pin=1"/></net>

<net id="214"><net_src comp="209" pin="1"/><net_sink comp="116" pin=0"/></net>

<net id="215"><net_src comp="209" pin="1"/><net_sink comp="204" pin=1"/></net>

<net id="219"><net_src comp="50" pin="1"/><net_sink comp="216" pin=0"/></net>

<net id="220"><net_src comp="216" pin="1"/><net_sink comp="91" pin=1"/></net>

<net id="221"><net_src comp="216" pin="1"/><net_sink comp="119" pin=0"/></net>

<net id="222"><net_src comp="216" pin="1"/><net_sink comp="199" pin=1"/></net>

<net id="226"><net_src comp="54" pin="1"/><net_sink comp="223" pin=0"/></net>

<net id="227"><net_src comp="223" pin="1"/><net_sink comp="86" pin=1"/></net>

<net id="228"><net_src comp="223" pin="1"/><net_sink comp="101" pin=0"/></net>

<net id="229"><net_src comp="223" pin="1"/><net_sink comp="194" pin=1"/></net>

</net_list>

</model> 
---------------- Datapath Model END ------------------

* FSMD analyzer results:
  - Output states:
	Port: weights_2 | {1 }
	Port: bias_2 | {1 }
 - Input state : 
  - Chain level:
	State 1
		store_ln0 : 1
		store_ln109 : 1
		store_ln113 : 1
		indvar_flatten30_load : 1
		icmp_ln109 : 2
		add_ln109_1 : 2
		br_ln109 : 3
		i_load : 1
		o_load : 1
		add_ln109 : 2
		icmp_ln113 : 2
		select_ln109 : 3
		select_ln109_1 : 3
		empty : 4
		first_iter_4 : 4
		zext_ln109 : 4
		tmp_2 : 5
		bias_2_addr : 5
		br_ln113 : 5
		store_ln111 : 6
		zext_ln115 : 4
		add_ln115 : 6
		zext_ln115_1 : 7
		weights_2_addr : 8
		store_ln115 : 9
		add_ln113 : 4
		store_ln109 : 3
		store_ln109 : 4
		store_ln113 : 5


============================================================
+ Verbose Summary: Datapath Resource usage 
============================================================

* Functional unit list:
|----------|-----------------------|---------|---------|
| Operation|    Functional Unit    |    FF   |   LUT   |
|----------|-----------------------|---------|---------|
|          |   add_ln109_1_fu_110  |    0    |    21   |
|    add   |    add_ln109_fu_122   |    0    |    14   |
|          |    add_ln115_fu_177   |    0    |    20   |
|          |    add_ln113_fu_188   |    0    |    15   |
|----------|-----------------------|---------|---------|
|          |   icmp_ln109_fu_104   |    0    |    21   |
|   icmp   |   icmp_ln113_fu_128   |    0    |    15   |
|          |  first_iter_4_fu_154  |    0    |    15   |
|----------|-----------------------|---------|---------|
|  select  |  select_ln109_fu_134  |    0    |    8    |
|          | select_ln109_1_fu_142 |    0    |    7    |
|----------|-----------------------|---------|---------|
|   trunc  |      empty_fu_150     |    0    |    0    |
|----------|-----------------------|---------|---------|
|          |   zext_ln109_fu_160   |    0    |    0    |
|   zext   |   zext_ln115_fu_173   |    0    |    0    |
|          |  zext_ln115_1_fu_183  |    0    |    0    |
|----------|-----------------------|---------|---------|
|bitconcatenate|      tmp_2_fu_165     |    0    |    0    |
|----------|-----------------------|---------|---------|
|   Total  |                       |    0    |   136   |
|----------|-----------------------|---------|---------|

Memories:
N/A

* Register list:
+------------------------+--------+
|                        |   FF   |
+------------------------+--------+
|        i_reg_209       |    8   |
|indvar_flatten30_reg_223|   14   |
|        o_reg_216       |    7   |
+------------------------+--------+
|          Total         |   29   |
+------------------------+--------+

* Multiplexer (MUX) list: 
|--------|------|------|------|--------|
|  Comp  |  Pin | Size |  BW  | S x BW |
|--------|------|------|------|--------|
|  Total |      |      |      |    0   |
|--------|------|------|------|--------|



* Summary:
+-----------+--------+--------+
|           |   FF   |   LUT  |
+-----------+--------+--------+
|  Function |    0   |   136  |
|   Memory  |    -   |    -   |
|Multiplexer|    -   |    -   |
|  Register |   29   |    -   |
+-----------+--------+--------+
|   Total   |   29   |   136  |
+-----------+--------+--------+
