

================================================================
== Vitis HLS Report for 'task_detection_accel_Pipeline_VITIS_LOOP_77_3_VITIS_LOOP_83_4'
================================================================
* Date:           Sun Jun 14 16:33:26 2026

* Version:        2025.2 (Build 6295257 on Nov 14 2025)
* Project:        task_detection_tpu
* Solution:       hls (Vivado IP Flow Target)
* Product family: kintex7
* Target device:  xc7k325t-ffg900-2


================================================================
== Performance Estimates
================================================================
+ Timing: 
    * Summary: 
    +--------+----------+-----------+------------+
    |  Clock |  Target  | Estimated | Uncertainty|
    +--------+----------+-----------+------------+
    |ap_clk  |  10.00 ns|  53.553 ns|     2.70 ns|
    +--------+----------+-----------+------------+

+ Latency: 
    * Summary: 
    +---------+---------+----------+----------+-----+-----+-------------------+
    |  Latency (cycles) |  Latency (absolute) |  Interval |      Pipeline     |
    |   min   |   max   |    min   |    max   | min | max |        Type       |
    +---------+---------+----------+----------+-----+-----+-------------------+
    |    32774|    32774|  1.755 ms|  1.755 ms|    0|    0|  loop pipeline stp|
    +---------+---------+----------+----------+-----+-----+-------------------+

    + Detail: 
        * Instance: 
        N/A

        * Loop: 
        +-----------------------------------+---------+---------+----------+-----------+-----------+-------+----------+
        |                                   |  Latency (cycles) | Iteration|  Initiation Interval  |  Trip |          |
        |             Loop Name             |   min   |   max   |  Latency |  achieved |   target  | Count | Pipelined|
        +-----------------------------------+---------+---------+----------+-----------+-----------+-------+----------+
        |- VITIS_LOOP_77_3_VITIS_LOOP_83_4  |    32772|    32772|         6|          1|          1|  32768|       yes|
        +-----------------------------------+---------+---------+----------+-----------+-----------+-------+----------+

============================================================
+ Verbose Summary: Synthesis Manager
============================================================
InlineROM: 1
ExposeGlobal: 0
============================================================
+ Verbose Summary: CDFG Model
============================================================
IsTopModel: 0
ResetActiveHigh: 1
IsCombinational: 0
IsDatapathOnly: 0
HasWiredReturn: 1
HasMFsm: 2
HasVarLatency: 1
IsPipeline: 0
IsRtlPipelined: 0
IsInstanceOverlapped: 0
IsDontTouch: 0
HasImplIP: 0
IsGatedGlobalClock: 0

+ Individual pipeline summary: 
  * Pipeline-0: initiation interval (II) = 1, depth = 7


============================================================
+ Verbose Summary: Schedule
============================================================
* Number of FSM states : 7
* Pipeline : 1
  Pipeline-0 : II = 1, D = 7, States = { 1 2 3 4 5 6 7 }
* Dataflow Pipeline: 0

* FSM state transitions: 
1 --> 2 
2 --> 3 
3 --> 4 
4 --> 5 
5 --> 6 
6 --> 7 
7 --> 

* FSM state operations: 

State 1 <SV = 0> <Delay = 0.83>
ST_1 : Operation 9 [1/1] (0.00ns)   --->   "%i = alloca i32 1" [mlp_engine.cpp:83->task_detection_accel.cpp:39]   --->   Operation 9 'alloca' 'i' <Predicate = true> <Delay = 0.00>
ST_1 : Operation 10 [1/1] (0.00ns)   --->   "%o = alloca i32 1" [mlp_engine.cpp:77->task_detection_accel.cpp:39]   --->   Operation 10 'alloca' 'o' <Predicate = true> <Delay = 0.00>
ST_1 : Operation 11 [1/1] (0.00ns)   --->   "%indvar_flatten23 = alloca i32 1"   --->   Operation 11 'alloca' 'indvar_flatten23' <Predicate = true> <Delay = 0.00>
ST_1 : Operation 12 [1/1] (0.00ns)   --->   "%acc = alloca i32 1" [mlp_engine.cpp:81->task_detection_accel.cpp:39]   --->   Operation 12 'alloca' 'acc' <Predicate = true> <Delay = 0.00>
ST_1 : Operation 13 [1/1] (0.83ns)   --->   "%store_ln0 = store i16 0, i16 %indvar_flatten23"   --->   Operation 13 'store' 'store_ln0' <Predicate = true> <Delay = 0.83>
ST_1 : Operation 14 [1/1] (0.83ns)   --->   "%store_ln77 = store i8 0, i8 %o" [mlp_engine.cpp:77->task_detection_accel.cpp:39]   --->   Operation 14 'store' 'store_ln77' <Predicate = true> <Delay = 0.83>
ST_1 : Operation 15 [1/1] (0.83ns)   --->   "%store_ln83 = store i9 0, i9 %i" [mlp_engine.cpp:83->task_detection_accel.cpp:39]   --->   Operation 15 'store' 'store_ln83' <Predicate = true> <Delay = 0.83>
ST_1 : Operation 16 [1/1] (0.00ns)   --->   "%br_ln0 = br void %for.inc30.i23"   --->   Operation 16 'br' 'br_ln0' <Predicate = true> <Delay = 0.00>

State 2 <SV = 1> <Delay = 5.34>
ST_2 : Operation 17 [1/1] (0.00ns)   --->   "%indvar_flatten23_load = load i16 %indvar_flatten23" [mlp_engine.cpp:77->task_detection_accel.cpp:39]   --->   Operation 17 'load' 'indvar_flatten23_load' <Predicate = true> <Delay = 0.00>
ST_2 : Operation 18 [1/1] (1.34ns)   --->   "%icmp_ln77 = icmp_eq  i16 %indvar_flatten23_load, i16 32768" [mlp_engine.cpp:77->task_detection_accel.cpp:39]   --->   Operation 18 'icmp' 'icmp_ln77' <Predicate = true> <Delay = 1.34> <CoreInst = "Cmp">   --->   Core 9 'Cmp' <Latency = 0> <II = 1> <Delay = 1.34> <FuncUnit> <Opcode : 'seteq' 'setne' 'setle' 'setge' 'setlt' 'setgt'> <InPorts = 2> <OutPorts = 1>
ST_2 : Operation 19 [1/1] (1.34ns)   --->   "%add_ln77_1 = add i16 %indvar_flatten23_load, i16 1" [mlp_engine.cpp:77->task_detection_accel.cpp:39]   --->   Operation 19 'add' 'add_ln77_1' <Predicate = true> <Delay = 1.34> <CoreInst = "Adder">   --->   Core 1 'Adder' <Latency = 0> <II = 1> <Delay = 1.34> <FuncUnit> <Opcode : 'add' 'sub'> <InPorts = 2> <OutPorts = 1>
ST_2 : Operation 20 [1/1] (0.00ns)   --->   "%br_ln77 = br i1 %icmp_ln77, void %for.inc35.i27, void %_Z14linear_256_128PfS_.exit.exitStub" [mlp_engine.cpp:77->task_detection_accel.cpp:39]   --->   Operation 20 'br' 'br_ln77' <Predicate = true> <Delay = 0.00>
ST_2 : Operation 21 [1/1] (0.00ns)   --->   "%i_load = load i9 %i" [mlp_engine.cpp:83->task_detection_accel.cpp:39]   --->   Operation 21 'load' 'i_load' <Predicate = (!icmp_ln77)> <Delay = 0.00>
ST_2 : Operation 22 [1/1] (0.00ns)   --->   "%o_load = load i8 %o" [mlp_engine.cpp:77->task_detection_accel.cpp:39]   --->   Operation 22 'load' 'o_load' <Predicate = (!icmp_ln77)> <Delay = 0.00>
ST_2 : Operation 23 [1/1] (1.35ns)   --->   "%add_ln77 = add i8 %o_load, i8 1" [mlp_engine.cpp:77->task_detection_accel.cpp:39]   --->   Operation 23 'add' 'add_ln77' <Predicate = (!icmp_ln77)> <Delay = 1.35> <CoreInst = "Adder">   --->   Core 1 'Adder' <Latency = 0> <II = 1> <Delay = 1.35> <FuncUnit> <Opcode : 'add' 'sub'> <InPorts = 2> <OutPorts = 1>
ST_2 : Operation 24 [1/1] (1.35ns)   --->   "%icmp_ln83 = icmp_eq  i9 %i_load, i9 256" [mlp_engine.cpp:83->task_detection_accel.cpp:39]   --->   Operation 24 'icmp' 'icmp_ln83' <Predicate = (!icmp_ln77)> <Delay = 1.35> <CoreInst = "Cmp">   --->   Core 9 'Cmp' <Latency = 0> <II = 1> <Delay = 1.35> <FuncUnit> <Opcode : 'seteq' 'setne' 'setle' 'setge' 'setlt' 'setgt'> <InPorts = 2> <OutPorts = 1>
ST_2 : Operation 25 [1/1] (0.37ns)   --->   "%select_ln77 = select i1 %icmp_ln83, i9 0, i9 %i_load" [mlp_engine.cpp:77->task_detection_accel.cpp:39]   --->   Operation 25 'select' 'select_ln77' <Predicate = (!icmp_ln77)> <Delay = 0.37> <CoreInst = "Sel">   --->   Core 73 'Sel' <Latency = 0> <II = 1> <Delay = 0.37> <FuncUnit> <Opcode : 'select'> <InPorts = 3> <OutPorts = 1>
ST_2 : Operation 26 [1/1] (0.37ns)   --->   "%select_ln77_1 = select i1 %icmp_ln83, i8 %add_ln77, i8 %o_load" [mlp_engine.cpp:77->task_detection_accel.cpp:39]   --->   Operation 26 'select' 'select_ln77_1' <Predicate = (!icmp_ln77)> <Delay = 0.37> <CoreInst = "Sel">   --->   Core 73 'Sel' <Latency = 0> <II = 1> <Delay = 0.37> <FuncUnit> <Opcode : 'select'> <InPorts = 3> <OutPorts = 1>
ST_2 : Operation 27 [1/1] (0.00ns)   --->   "%empty = trunc i8 %select_ln77_1" [mlp_engine.cpp:77->task_detection_accel.cpp:39]   --->   Operation 27 'trunc' 'empty' <Predicate = (!icmp_ln77)> <Delay = 0.00>
ST_2 : Operation 28 [1/1] (1.35ns)   --->   "%first_iter_3 = icmp_eq  i9 %select_ln77, i9 0" [mlp_engine.cpp:77->task_detection_accel.cpp:39]   --->   Operation 28 'icmp' 'first_iter_3' <Predicate = (!icmp_ln77)> <Delay = 1.35> <CoreInst = "Cmp">   --->   Core 9 'Cmp' <Latency = 0> <II = 1> <Delay = 1.35> <FuncUnit> <Opcode : 'seteq' 'setne' 'setle' 'setge' 'setlt' 'setgt'> <InPorts = 2> <OutPorts = 1>
ST_2 : Operation 29 [1/1] (0.00ns)   --->   "%tmp_1 = bitconcatenate i15 @_ssdm_op_BitConcatenate.i15.i7.i8, i7 %empty, i8 0" [mlp_engine.cpp:86->task_detection_accel.cpp:39]   --->   Operation 29 'bitconcatenate' 'tmp_1' <Predicate = (!icmp_ln77)> <Delay = 0.00>
ST_2 : Operation 30 [1/1] (0.00ns)   --->   "%br_ln83 = br i1 %first_iter_3, void %for.inc30.i23.split, void %for.first.iter.for.inc30.i23" [mlp_engine.cpp:83->task_detection_accel.cpp:39]   --->   Operation 30 'br' 'br_ln83' <Predicate = (!icmp_ln77)> <Delay = 0.00>
ST_2 : Operation 31 [1/1] (0.00ns)   --->   "%zext_ln83 = zext i9 %select_ln77" [mlp_engine.cpp:83->task_detection_accel.cpp:39]   --->   Operation 31 'zext' 'zext_ln83' <Predicate = (!icmp_ln77)> <Delay = 0.00>
ST_2 : Operation 32 [1/1] (0.00ns)   --->   "%zext_ln86 = zext i9 %select_ln77" [mlp_engine.cpp:86->task_detection_accel.cpp:39]   --->   Operation 32 'zext' 'zext_ln86' <Predicate = (!icmp_ln77)> <Delay = 0.00>
ST_2 : Operation 33 [1/1] (1.34ns)   --->   "%add_ln86 = add i15 %tmp_1, i15 %zext_ln86" [mlp_engine.cpp:86->task_detection_accel.cpp:39]   --->   Operation 33 'add' 'add_ln86' <Predicate = (!icmp_ln77)> <Delay = 1.34> <CoreInst = "Adder">   --->   Core 1 'Adder' <Latency = 0> <II = 1> <Delay = 1.34> <FuncUnit> <Opcode : 'add' 'sub'> <InPorts = 2> <OutPorts = 1>
ST_2 : Operation 34 [1/1] (0.00ns)   --->   "%zext_ln86_1 = zext i15 %add_ln86" [mlp_engine.cpp:86->task_detection_accel.cpp:39]   --->   Operation 34 'zext' 'zext_ln86_1' <Predicate = (!icmp_ln77)> <Delay = 0.00>
ST_2 : Operation 35 [1/1] (0.00ns)   --->   "%weights_addr = getelementptr i32 %weights, i64 0, i64 %zext_ln86_1" [mlp_engine.cpp:86->task_detection_accel.cpp:39]   --->   Operation 35 'getelementptr' 'weights_addr' <Predicate = (!icmp_ln77)> <Delay = 0.00>
ST_2 : Operation 36 [1/1] (0.00ns)   --->   "%l1_addr = getelementptr i32 %l1, i64 0, i64 %zext_ln83" [mlp_engine.cpp:86->task_detection_accel.cpp:39]   --->   Operation 36 'getelementptr' 'l1_addr' <Predicate = (!icmp_ln77)> <Delay = 0.00>
ST_2 : Operation 37 [2/2] (2.26ns)   --->   "%l1_load = load i8 %l1_addr" [mlp_engine.cpp:86->task_detection_accel.cpp:39]   --->   Operation 37 'load' 'l1_load' <Predicate = (!icmp_ln77)> <Delay = 2.26> <CoreInst = "RAM">   --->   Core 81 'RAM' <Latency = 1> <II = 1> <Delay = 2.26> <Storage> <Opcode : 'load' 'store'> <Ports = 2> <Width = 32> <Depth = 256> <RAM>
ST_2 : Operation 38 [2/2] (2.26ns)   --->   "%weights_load = load i15 %weights_addr" [mlp_engine.cpp:86->task_detection_accel.cpp:39]   --->   Operation 38 'load' 'weights_load' <Predicate = (!icmp_ln77)> <Delay = 2.26> <CoreInst = "RAM">   --->   Core 81 'RAM' <Latency = 1> <II = 1> <Delay = 2.26> <Storage> <Opcode : 'load' 'store'> <Ports = 2> <Width = 32> <Depth = 32768> <RAM>
ST_2 : Operation 39 [1/1] (1.35ns)   --->   "%add_ln83 = add i9 %select_ln77, i9 1" [mlp_engine.cpp:83->task_detection_accel.cpp:39]   --->   Operation 39 'add' 'add_ln83' <Predicate = (!icmp_ln77)> <Delay = 1.35> <CoreInst = "Adder">   --->   Core 1 'Adder' <Latency = 0> <II = 1> <Delay = 1.35> <FuncUnit> <Opcode : 'add' 'sub'> <InPorts = 2> <OutPorts = 1>
ST_2 : Operation 40 [1/1] (1.35ns)   --->   "%icmp_ln83_1 = icmp_eq  i9 %add_ln83, i9 256" [mlp_engine.cpp:83->task_detection_accel.cpp:39]   --->   Operation 40 'icmp' 'icmp_ln83_1' <Predicate = (!icmp_ln77)> <Delay = 1.35> <CoreInst = "Cmp">   --->   Core 9 'Cmp' <Latency = 0> <II = 1> <Delay = 1.35> <FuncUnit> <Opcode : 'seteq' 'setne' 'setle' 'setge' 'setlt' 'setgt'> <InPorts = 2> <OutPorts = 1>
ST_2 : Operation 41 [1/1] (0.00ns)   --->   "%br_ln83 = br i1 %icmp_ln83_1, void %new.latch.for.inc30.i23.split, void %last.iter.for.inc30.i23.split" [mlp_engine.cpp:83->task_detection_accel.cpp:39]   --->   Operation 41 'br' 'br_ln83' <Predicate = (!icmp_ln77)> <Delay = 0.00>
ST_2 : Operation 42 [1/1] (0.83ns)   --->   "%store_ln77 = store i16 %add_ln77_1, i16 %indvar_flatten23" [mlp_engine.cpp:77->task_detection_accel.cpp:39]   --->   Operation 42 'store' 'store_ln77' <Predicate = (!icmp_ln77)> <Delay = 0.83>
ST_2 : Operation 43 [1/1] (0.83ns)   --->   "%store_ln77 = store i8 %select_ln77_1, i8 %o" [mlp_engine.cpp:77->task_detection_accel.cpp:39]   --->   Operation 43 'store' 'store_ln77' <Predicate = (!icmp_ln77)> <Delay = 0.83>
ST_2 : Operation 44 [1/1] (0.83ns)   --->   "%store_ln83 = store i9 %add_ln83, i9 %i" [mlp_engine.cpp:83->task_detection_accel.cpp:39]   --->   Operation 44 'store' 'store_ln83' <Predicate = (!icmp_ln77)> <Delay = 0.83>

State 3 <SV = 2> <Delay = 9.28>
ST_3 : Operation 45 [1/2] ( I:2.26ns O:2.26ns )   --->   "%l1_load = load i8 %l1_addr" [mlp_engine.cpp:86->task_detection_accel.cpp:39]   --->   Operation 45 'load' 'l1_load' <Predicate = true> <Delay = 2.26> <CoreInst = "RAM">   --->   Core 81 'RAM' <Latency = 1> <II = 1> <Delay = 2.26> <Storage> <Opcode : 'load' 'store'> <Ports = 2> <Width = 32> <Depth = 256> <RAM>
ST_3 : Operation 46 [1/2] ( I:2.26ns O:2.26ns )   --->   "%weights_load = load i15 %weights_addr" [mlp_engine.cpp:86->task_detection_accel.cpp:39]   --->   Operation 46 'load' 'weights_load' <Predicate = true> <Delay = 2.26> <CoreInst = "RAM">   --->   Core 81 'RAM' <Latency = 1> <II = 1> <Delay = 2.26> <Storage> <Opcode : 'load' 'store'> <Ports = 2> <Width = 32> <Depth = 32768> <RAM>
ST_3 : Operation 47 [3/3] (7.01ns)   --->   "%mul_i1 = fmul i32 %l1_load, i32 %weights_load" [mlp_engine.cpp:86->task_detection_accel.cpp:39]   --->   Operation 47 'fmul' 'mul_i1' <Predicate = true> <Delay = 7.01> <CoreInst = "FMul_maxdsp">   --->   Core 30 'FMul_maxdsp' <Latency = 2> <II = 1> <Delay = 7.01> <FuncUnit> <Opcode : 'fmul'> <InPorts = 2> <OutPorts = 1>

State 4 <SV = 3> <Delay = 7.01>
ST_4 : Operation 48 [1/1] (0.00ns)   --->   "%specloopname_ln0 = specloopname void @_ssdm_op_SpecLoopName, void @VITIS_LOOP_77_3_VITIS_LOOP_83_4_str"   --->   Operation 48 'specloopname' 'specloopname_ln0' <Predicate = true> <Delay = 0.00>
ST_4 : Operation 49 [1/1] (0.00ns)   --->   "%speclooptripcount_ln0 = speclooptripcount void @_ssdm_op_SpecLoopTripCount, i64 32768, i64 32768, i64 32768"   --->   Operation 49 'speclooptripcount' 'speclooptripcount_ln0' <Predicate = true> <Delay = 0.00>
ST_4 : Operation 50 [1/1] (0.00ns)   --->   "%zext_ln77 = zext i8 %select_ln77_1" [mlp_engine.cpp:77->task_detection_accel.cpp:39]   --->   Operation 50 'zext' 'zext_ln77' <Predicate = true> <Delay = 0.00>
ST_4 : Operation 51 [1/1] (0.00ns)   --->   "%bias_addr = getelementptr i32 %bias, i64 0, i64 %zext_ln77" [mlp_engine.cpp:81->task_detection_accel.cpp:39]   --->   Operation 51 'getelementptr' 'bias_addr' <Predicate = true> <Delay = 0.00>
ST_4 : Operation 52 [2/2] (2.26ns)   --->   "%acc_1 = load i7 %bias_addr" [mlp_engine.cpp:81->task_detection_accel.cpp:39]   --->   Operation 52 'load' 'acc_1' <Predicate = (first_iter_3)> <Delay = 2.26> <CoreInst = "RAM">   --->   Core 81 'RAM' <Latency = 1> <II = 1> <Delay = 2.26> <Storage> <Opcode : 'load' 'store'> <Ports = 2> <Width = 32> <Depth = 128> <RAM>
ST_4 : Operation 53 [2/3] (7.01ns)   --->   "%mul_i1 = fmul i32 %l1_load, i32 %weights_load" [mlp_engine.cpp:86->task_detection_accel.cpp:39]   --->   Operation 53 'fmul' 'mul_i1' <Predicate = true> <Delay = 7.01> <CoreInst = "FMul_maxdsp">   --->   Core 30 'FMul_maxdsp' <Latency = 2> <II = 1> <Delay = 7.01> <FuncUnit> <Opcode : 'fmul'> <InPorts = 2> <OutPorts = 1>
ST_4 : Operation 54 [1/1] (0.00ns)   --->   "%l2_addr = getelementptr i32 %l2, i64 0, i64 %zext_ln77" [mlp_engine.cpp:89->task_detection_accel.cpp:39]   --->   Operation 54 'getelementptr' 'l2_addr' <Predicate = true> <Delay = 0.00>

State 5 <SV = 4> <Delay = 7.01>
ST_5 : Operation 55 [1/2] ( I:2.26ns O:2.26ns )   --->   "%acc_1 = load i7 %bias_addr" [mlp_engine.cpp:81->task_detection_accel.cpp:39]   --->   Operation 55 'load' 'acc_1' <Predicate = (first_iter_3)> <Delay = 2.26> <CoreInst = "RAM">   --->   Core 81 'RAM' <Latency = 1> <II = 1> <Delay = 2.26> <Storage> <Opcode : 'load' 'store'> <Ports = 2> <Width = 32> <Depth = 128> <RAM>
ST_5 : Operation 56 [1/1] (0.83ns)   --->   "%store_ln81 = store i32 %acc_1, i32 %acc" [mlp_engine.cpp:81->task_detection_accel.cpp:39]   --->   Operation 56 'store' 'store_ln81' <Predicate = (first_iter_3)> <Delay = 0.83>
ST_5 : Operation 57 [1/1] (0.00ns)   --->   "%br_ln83 = br void %for.inc30.i23.split" [mlp_engine.cpp:83->task_detection_accel.cpp:39]   --->   Operation 57 'br' 'br_ln83' <Predicate = (first_iter_3)> <Delay = 0.00>
ST_5 : Operation 58 [1/3] (7.01ns)   --->   "%mul_i1 = fmul i32 %l1_load, i32 %weights_load" [mlp_engine.cpp:86->task_detection_accel.cpp:39]   --->   Operation 58 'fmul' 'mul_i1' <Predicate = true> <Delay = 7.01> <CoreInst = "FMul_maxdsp">   --->   Core 30 'FMul_maxdsp' <Latency = 2> <II = 1> <Delay = 7.01> <FuncUnit> <Opcode : 'fmul'> <InPorts = 2> <OutPorts = 1>

State 6 <SV = 5> <Delay = 53.5>
ST_6 : Operation 59 [1/1] (0.00ns)   --->   "%acc_load = load i32 %acc" [mlp_engine.cpp:86->task_detection_accel.cpp:39]   --->   Operation 59 'load' 'acc_load' <Predicate = true> <Delay = 0.00>
ST_6 : Operation 60 [1/1] (0.00ns)   --->   "%specpipeline_ln85 = specpipeline void @_ssdm_op_SpecPipeline, i32 1, i32 0, i32 0, i32 0, i32 4294967295, void @empty_13" [mlp_engine.cpp:85->task_detection_accel.cpp:39]   --->   Operation 60 'specpipeline' 'specpipeline_ln85' <Predicate = true> <Delay = 0.00>
ST_6 : Operation 61 [1/1] (52.7ns)   --->   "%acc_2 = fadd i32 %acc_load, i32 %mul_i1" [mlp_engine.cpp:86->task_detection_accel.cpp:39]   --->   Operation 61 'fadd' 'acc_2' <Predicate = true> <Delay = 52.7> <CoreInst = "FAddSub_fulldsp">   --->   Core 18 'FAddSub_fulldsp' <Latency = 0> <II = 1> <Delay = 52.7> <FuncUnit> <Opcode : 'fadd' 'fsub'> <InPorts = 2> <OutPorts = 1>
ST_6 : Operation 62 [1/1] (0.83ns)   --->   "%store_ln81 = store i32 %acc_2, i32 %acc" [mlp_engine.cpp:81->task_detection_accel.cpp:39]   --->   Operation 62 'store' 'store_ln81' <Predicate = true> <Delay = 0.83>
ST_6 : Operation 63 [1/1] (0.00ns)   --->   "%br_ln83 = br void %for.inc30.i23" [mlp_engine.cpp:83->task_detection_accel.cpp:39]   --->   Operation 63 'br' 'br_ln83' <Predicate = true> <Delay = 0.00>
ST_6 : Operation 66 [1/1] (0.83ns)   --->   "%ret_ln0 = ret"   --->   Operation 66 'ret' 'ret_ln0' <Predicate = (icmp_ln77)> <Delay = 0.83>

State 7 <SV = 6> <Delay = 2.26>
ST_7 : Operation 64 [1/1] ( I:2.26ns O:2.26ns )   --->   "%store_ln89 = store i32 %acc_2, i7 %l2_addr" [mlp_engine.cpp:89->task_detection_accel.cpp:39]   --->   Operation 64 'store' 'store_ln89' <Predicate = (icmp_ln83_1)> <Delay = 2.26> <CoreInst = "RAM">   --->   Core 81 'RAM' <Latency = 1> <II = 1> <Delay = 2.26> <Storage> <Opcode : 'load' 'store'> <Ports = 2> <Width = 32> <Depth = 128> <RAM>
ST_7 : Operation 65 [1/1] (0.00ns)   --->   "%br_ln83 = br void %new.latch.for.inc30.i23.split" [mlp_engine.cpp:83->task_detection_accel.cpp:39]   --->   Operation 65 'br' 'br_ln83' <Predicate = (icmp_ln83_1)> <Delay = 0.00>


============================================================
+ Verbose Summary: Timing violations
============================================================
Target clock period: 10.000ns, clock uncertainty: 2.700ns.

 <State 1>: 0.833ns
The critical path consists of the following:
	'alloca' operation 16 bit ('indvar_flatten23') [7]  (0.000 ns)
	'store' operation ('store_ln0') of constant 0 16 bit on local variable 'indvar_flatten23' [9]  (0.833 ns)

 <State 2>: 5.342ns
The critical path consists of the following:
	'load' operation 8 bit ('o_load', mlp_engine.cpp:77->task_detection_accel.cpp:39) on local variable 'o', mlp_engine.cpp:77->task_detection_accel.cpp:39 [20]  (0.000 ns)
	'add' operation 8 bit ('add_ln77', mlp_engine.cpp:77->task_detection_accel.cpp:39) [21]  (1.357 ns)
	'select' operation 8 bit ('select_ln77_1', mlp_engine.cpp:77->task_detection_accel.cpp:39) [26]  (0.372 ns)
	'add' operation 15 bit ('add_ln86', mlp_engine.cpp:86->task_detection_accel.cpp:39) [41]  (1.347 ns)
	'getelementptr' operation 15 bit ('weights_addr', mlp_engine.cpp:86->task_detection_accel.cpp:39) [43]  (0.000 ns)
	'load' operation 32 bit ('weights_load', mlp_engine.cpp:86->task_detection_accel.cpp:39) on array 'weights' [47]  (2.266 ns)

 <State 3>: 9.282ns
The critical path consists of the following:
	'load' operation 32 bit ('l1_load', mlp_engine.cpp:86->task_detection_accel.cpp:39) on array 'l1' [46]  (2.266 ns)
	'fmul' operation 32 bit ('mul_i1', mlp_engine.cpp:86->task_detection_accel.cpp:39) [48]  (7.016 ns)

 <State 4>: 7.016ns
The critical path consists of the following:
	'fmul' operation 32 bit ('mul_i1', mlp_engine.cpp:86->task_detection_accel.cpp:39) [48]  (7.016 ns)

 <State 5>: 7.016ns
The critical path consists of the following:
	'fmul' operation 32 bit ('mul_i1', mlp_engine.cpp:86->task_detection_accel.cpp:39) [48]  (7.016 ns)

 <State 6>: 53.553ns
The critical path consists of the following:
	'load' operation 32 bit ('acc_load', mlp_engine.cpp:86->task_detection_accel.cpp:39) on local variable 'acc', mlp_engine.cpp:81->task_detection_accel.cpp:39 [38]  (0.000 ns)
	'fadd' operation 32 bit ('acc', mlp_engine.cpp:86->task_detection_accel.cpp:39) [49]  (52.720 ns)
	'store' operation ('store_ln81', mlp_engine.cpp:81->task_detection_accel.cpp:39) of variable 'acc', mlp_engine.cpp:86->task_detection_accel.cpp:39 32 bit on local variable 'acc', mlp_engine.cpp:81->task_detection_accel.cpp:39 [58]  (0.833 ns)

 <State 7>: 2.266ns
The critical path consists of the following:
	'store' operation ('store_ln89', mlp_engine.cpp:89->task_detection_accel.cpp:39) of variable 'acc', mlp_engine.cpp:86->task_detection_accel.cpp:39 32 bit on array 'l2' [55]  (2.266 ns)


============================================================
+ Verbose Summary: Binding
============================================================
N/A
* FSMD analyzer results:
  - Output states:
 - Input state : 
  - Chain level:
	State 1
	State 2
	State 3
	State 4
	State 5
	State 6
	State 7


============================================================
+ Verbose Summary: Datapath Resource usage 
============================================================
N/A
