

================================================================
== Vitis HLS Report for 'task_detection_accel_Pipeline_VITIS_LOOP_166_2'
================================================================
* Date:           Sun Jun 14 16:33:27 2026

* Version:        2025.2 (Build 6295257 on Nov 14 2025)
* Project:        task_detection_tpu
* Solution:       hls (Vivado IP Flow Target)
* Product family: kintex7
* Target device:  xc7k325t-ffg900-2


================================================================
== Performance Estimates
================================================================
+ Timing: 
    * Summary: 
    +--------+----------+-----------+------------+
    |  Clock |  Target  | Estimated | Uncertainty|
    +--------+----------+-----------+------------+
    |ap_clk  |  10.00 ns|  26.139 ns|     2.70 ns|
    +--------+----------+-----------+------------+

+ Latency: 
    * Summary: 
    +---------+---------+----------+----------+-----+-----+-------------------+
    |  Latency (cycles) |  Latency (absolute) |  Interval |      Pipeline     |
    |   min   |   max   |    min   |    max   | min | max |        Type       |
    +---------+---------+----------+----------+-----+-----+-------------------+
    |       70|       70|  1.830 us|  1.830 us|    0|    0|  loop pipeline stp|
    +---------+---------+----------+----------+-----+-----+-------------------+

    + Detail: 
        * Instance: 
        N/A

        * Loop: 
        +--------------------+---------+---------+----------+-----------+-----------+------+----------+
        |                    |  Latency (cycles) | Iteration|  Initiation Interval  | Trip |          |
        |      Loop Name     |   min   |   max   |  Latency |  achieved |   target  | Count| Pipelined|
        +--------------------+---------+---------+----------+-----------+-----------+------+----------+
        |- VITIS_LOOP_166_2  |       68|       68|         6|          1|          1|    64|       yes|
        +--------------------+---------+---------+----------+-----------+-----------+------+----------+

============================================================
+ Verbose Summary: Synthesis Manager
============================================================
InlineROM: 1
ExposeGlobal: 0
============================================================
+ Verbose Summary: CDFG Model
============================================================
IsTopModel: 0
ResetActiveHigh: 1
IsCombinational: 0
IsDatapathOnly: 0
HasWiredReturn: 1
HasMFsm: 2
HasVarLatency: 1
IsPipeline: 0
IsRtlPipelined: 0
IsInstanceOverlapped: 0
IsDontTouch: 0
HasImplIP: 0
IsGatedGlobalClock: 0

+ Individual pipeline summary: 
  * Pipeline-0: initiation interval (II) = 1, depth = 6


============================================================
+ Verbose Summary: Schedule
============================================================
* Number of FSM states : 6
* Pipeline : 1
  Pipeline-0 : II = 1, D = 6, States = { 1 2 3 4 5 6 }
* Dataflow Pipeline: 0

* FSM state transitions: 
1 --> 2 
2 --> 3 
3 --> 4 
4 --> 5 
5 --> 6 
6 --> 

* FSM state operations: 

State 1 <SV = 0> <Delay = 3.09>
ST_1 : Operation 9 [1/1] (0.00ns)   --->   "%acc = alloca i32 1" [mlp_engine.cpp:164->task_detection_accel.cpp:43]   --->   Operation 9 'alloca' 'acc' <Predicate = true> <Delay = 0.00>
ST_1 : Operation 10 [1/1] (0.00ns)   --->   "%i = alloca i32 1" [mlp_engine.cpp:166->task_detection_accel.cpp:43]   --->   Operation 10 'alloca' 'i' <Predicate = true> <Delay = 0.00>
ST_1 : Operation 11 [1/1] (0.83ns)   --->   "%store_ln166 = store i7 0, i7 %i" [mlp_engine.cpp:166->task_detection_accel.cpp:43]   --->   Operation 11 'store' 'store_ln166' <Predicate = true> <Delay = 0.83>
ST_1 : Operation 12 [1/1] (0.83ns)   --->   "%store_ln164 = store i32 0, i32 %acc" [mlp_engine.cpp:164->task_detection_accel.cpp:43]   --->   Operation 12 'store' 'store_ln164' <Predicate = true> <Delay = 0.83>
ST_1 : Operation 13 [1/1] (0.00ns)   --->   "%br_ln0 = br void %for.inc10.i"   --->   Operation 13 'br' 'br_ln0' <Predicate = true> <Delay = 0.00>
ST_1 : Operation 14 [1/1] (0.00ns)   --->   "%i_2 = load i7 %i" [mlp_engine.cpp:166->task_detection_accel.cpp:43]   --->   Operation 14 'load' 'i_2' <Predicate = true> <Delay = 0.00>
ST_1 : Operation 15 [1/1] (1.27ns)   --->   "%icmp_ln166 = icmp_eq  i7 %i_2, i7 64" [mlp_engine.cpp:166->task_detection_accel.cpp:43]   --->   Operation 15 'icmp' 'icmp_ln166' <Predicate = true> <Delay = 1.27> <CoreInst = "Cmp">   --->   Core 9 'Cmp' <Latency = 0> <II = 1> <Delay = 1.27> <FuncUnit> <Opcode : 'seteq' 'setne' 'setle' 'setge' 'setlt' 'setgt'> <InPorts = 2> <OutPorts = 1>
ST_1 : Operation 16 [1/1] (1.27ns)   --->   "%add_ln166 = add i7 %i_2, i7 1" [mlp_engine.cpp:166->task_detection_accel.cpp:43]   --->   Operation 16 'add' 'add_ln166' <Predicate = true> <Delay = 1.27> <CoreInst = "Adder">   --->   Core 1 'Adder' <Latency = 0> <II = 1> <Delay = 1.27> <FuncUnit> <Opcode : 'add' 'sub'> <InPorts = 2> <OutPorts = 1>
ST_1 : Operation 17 [1/1] (0.00ns)   --->   "%br_ln166 = br i1 %icmp_ln166, void %for.inc10.i.split, void %_Z11linear_64_1PfS_.exit.exitStub" [mlp_engine.cpp:166->task_detection_accel.cpp:43]   --->   Operation 17 'br' 'br_ln166' <Predicate = true> <Delay = 0.00>
ST_1 : Operation 18 [1/1] (0.00ns)   --->   "%zext_ln166 = zext i7 %i_2" [mlp_engine.cpp:166->task_detection_accel.cpp:43]   --->   Operation 18 'zext' 'zext_ln166' <Predicate = (!icmp_ln166)> <Delay = 0.00>
ST_1 : Operation 19 [1/1] (0.00ns)   --->   "%l3_addr = getelementptr i32 %l3, i64 0, i64 %zext_ln166" [mlp_engine.cpp:169->task_detection_accel.cpp:43]   --->   Operation 19 'getelementptr' 'l3_addr' <Predicate = (!icmp_ln166)> <Delay = 0.00>
ST_1 : Operation 20 [2/2] (2.26ns)   --->   "%l3_load = load i6 %l3_addr" [mlp_engine.cpp:169->task_detection_accel.cpp:43]   --->   Operation 20 'load' 'l3_load' <Predicate = (!icmp_ln166)> <Delay = 2.26> <CoreInst = "RAM">   --->   Core 81 'RAM' <Latency = 1> <II = 1> <Delay = 2.26> <Storage> <Opcode : 'load' 'store'> <Ports = 2> <Width = 32> <Depth = 64> <RAM>
ST_1 : Operation 21 [1/1] (0.00ns)   --->   "%linear_64_1_float_float_weights_1_addr = getelementptr i32 %linear_64_1_float_float_weights_1, i64 0, i64 %zext_ln166" [mlp_engine.cpp:169->task_detection_accel.cpp:43]   --->   Operation 21 'getelementptr' 'linear_64_1_float_float_weights_1_addr' <Predicate = (!icmp_ln166)> <Delay = 0.00>
ST_1 : Operation 22 [2/2] (2.26ns)   --->   "%linear_64_1_float_float_weights_1_load = load i6 %linear_64_1_float_float_weights_1_addr" [mlp_engine.cpp:169->task_detection_accel.cpp:43]   --->   Operation 22 'load' 'linear_64_1_float_float_weights_1_load' <Predicate = (!icmp_ln166)> <Delay = 2.26> <CoreInst = "RAM">   --->   Core 81 'RAM' <Latency = 1> <II = 1> <Delay = 2.26> <Storage> <Opcode : 'load' 'store'> <Ports = 2> <Width = 32> <Depth = 64> <RAM>
ST_1 : Operation 23 [1/1] (0.83ns)   --->   "%store_ln166 = store i7 %add_ln166, i7 %i" [mlp_engine.cpp:166->task_detection_accel.cpp:43]   --->   Operation 23 'store' 'store_ln166' <Predicate = (!icmp_ln166)> <Delay = 0.83>

State 2 <SV = 1> <Delay = 9.28>
ST_2 : Operation 24 [1/2] ( I:2.26ns O:2.26ns )   --->   "%l3_load = load i6 %l3_addr" [mlp_engine.cpp:169->task_detection_accel.cpp:43]   --->   Operation 24 'load' 'l3_load' <Predicate = true> <Delay = 2.26> <CoreInst = "RAM">   --->   Core 81 'RAM' <Latency = 1> <II = 1> <Delay = 2.26> <Storage> <Opcode : 'load' 'store'> <Ports = 2> <Width = 32> <Depth = 64> <RAM>
ST_2 : Operation 25 [1/2] ( I:2.26ns O:2.26ns )   --->   "%linear_64_1_float_float_weights_1_load = load i6 %linear_64_1_float_float_weights_1_addr" [mlp_engine.cpp:169->task_detection_accel.cpp:43]   --->   Operation 25 'load' 'linear_64_1_float_float_weights_1_load' <Predicate = true> <Delay = 2.26> <CoreInst = "RAM">   --->   Core 81 'RAM' <Latency = 1> <II = 1> <Delay = 2.26> <Storage> <Opcode : 'load' 'store'> <Ports = 2> <Width = 32> <Depth = 64> <RAM>
ST_2 : Operation 26 [3/3] (7.01ns)   --->   "%mul_i3 = fmul i32 %l3_load, i32 %linear_64_1_float_float_weights_1_load" [mlp_engine.cpp:169->task_detection_accel.cpp:43]   --->   Operation 26 'fmul' 'mul_i3' <Predicate = true> <Delay = 7.01> <CoreInst = "FMul_maxdsp">   --->   Core 30 'FMul_maxdsp' <Latency = 2> <II = 1> <Delay = 7.01> <FuncUnit> <Opcode : 'fmul'> <InPorts = 2> <OutPorts = 1>

State 3 <SV = 2> <Delay = 7.01>
ST_3 : Operation 27 [2/3] (7.01ns)   --->   "%mul_i3 = fmul i32 %l3_load, i32 %linear_64_1_float_float_weights_1_load" [mlp_engine.cpp:169->task_detection_accel.cpp:43]   --->   Operation 27 'fmul' 'mul_i3' <Predicate = true> <Delay = 7.01> <CoreInst = "FMul_maxdsp">   --->   Core 30 'FMul_maxdsp' <Latency = 2> <II = 1> <Delay = 7.01> <FuncUnit> <Opcode : 'fmul'> <InPorts = 2> <OutPorts = 1>

State 4 <SV = 3> <Delay = 7.01>
ST_4 : Operation 28 [1/3] (7.01ns)   --->   "%mul_i3 = fmul i32 %l3_load, i32 %linear_64_1_float_float_weights_1_load" [mlp_engine.cpp:169->task_detection_accel.cpp:43]   --->   Operation 28 'fmul' 'mul_i3' <Predicate = true> <Delay = 7.01> <CoreInst = "FMul_maxdsp">   --->   Core 30 'FMul_maxdsp' <Latency = 2> <II = 1> <Delay = 7.01> <FuncUnit> <Opcode : 'fmul'> <InPorts = 2> <OutPorts = 1>

State 5 <SV = 4> <Delay = 12.6>
ST_5 : Operation 29 [1/1] (0.00ns)   --->   "%acc_load_1 = load i32 %acc" [mlp_engine.cpp:169->task_detection_accel.cpp:43]   --->   Operation 29 'load' 'acc_load_1' <Predicate = true> <Delay = 0.00>
ST_5 : Operation 30 [2/2] (12.6ns)   --->   "%acc_3 = fadd i32 %acc_load_1, i32 %mul_i3" [mlp_engine.cpp:169->task_detection_accel.cpp:43]   --->   Operation 30 'fadd' 'acc_3' <Predicate = true> <Delay = 12.6> <CoreInst = "FAddSub_fulldsp">   --->   Core 18 'FAddSub_fulldsp' <Latency = 1> <II = 1> <Delay = 12.6> <FuncUnit> <Opcode : 'fadd' 'fsub'> <InPorts = 2> <OutPorts = 1>
ST_5 : Operation 37 [1/1] (0.00ns)   --->   "%acc_load = load i32 %acc"   --->   Operation 37 'load' 'acc_load' <Predicate = (icmp_ln166)> <Delay = 0.00>
ST_5 : Operation 38 [1/1] (0.00ns)   --->   "%write_ln0 = write void @_ssdm_op_Write.ap_auto.floatP0A, i32 %acc_9_out, i32 %acc_load"   --->   Operation 38 'write' 'write_ln0' <Predicate = (icmp_ln166)> <Delay = 0.00>
ST_5 : Operation 39 [1/1] (0.83ns)   --->   "%ret_ln0 = ret"   --->   Operation 39 'ret' 'ret_ln0' <Predicate = (icmp_ln166)> <Delay = 0.83>

State 6 <SV = 5> <Delay = 26.1>
ST_6 : Operation 31 [1/1] (0.00ns)   --->   "%specpipeline_ln168 = specpipeline void @_ssdm_op_SpecPipeline, i32 1, i32 0, i32 0, i32 0, i32 4294967295, void @empty_13" [mlp_engine.cpp:168->task_detection_accel.cpp:43]   --->   Operation 31 'specpipeline' 'specpipeline_ln168' <Predicate = true> <Delay = 0.00>
ST_6 : Operation 32 [1/1] (0.00ns)   --->   "%speclooptripcount_ln164 = speclooptripcount void @_ssdm_op_SpecLoopTripCount, i64 64, i64 64, i64 64" [mlp_engine.cpp:164->task_detection_accel.cpp:43]   --->   Operation 32 'speclooptripcount' 'speclooptripcount_ln164' <Predicate = true> <Delay = 0.00>
ST_6 : Operation 33 [1/1] (0.00ns)   --->   "%specloopname_ln166 = specloopname void @_ssdm_op_SpecLoopName, void @empty_6" [mlp_engine.cpp:166->task_detection_accel.cpp:43]   --->   Operation 33 'specloopname' 'specloopname_ln166' <Predicate = true> <Delay = 0.00>
ST_6 : Operation 34 [1/2] (12.6ns)   --->   "%acc_3 = fadd i32 %acc_load_1, i32 %mul_i3" [mlp_engine.cpp:169->task_detection_accel.cpp:43]   --->   Operation 34 'fadd' 'acc_3' <Predicate = true> <Delay = 12.6> <CoreInst = "FAddSub_fulldsp">   --->   Core 18 'FAddSub_fulldsp' <Latency = 1> <II = 1> <Delay = 12.6> <FuncUnit> <Opcode : 'fadd' 'fsub'> <InPorts = 2> <OutPorts = 1>
ST_6 : Operation 35 [1/1] (0.83ns)   --->   "%store_ln164 = store i32 %acc_3, i32 %acc" [mlp_engine.cpp:164->task_detection_accel.cpp:43]   --->   Operation 35 'store' 'store_ln164' <Predicate = true> <Delay = 0.83>
ST_6 : Operation 36 [1/1] (0.00ns)   --->   "%br_ln166 = br void %for.inc10.i" [mlp_engine.cpp:166->task_detection_accel.cpp:43]   --->   Operation 36 'br' 'br_ln166' <Predicate = true> <Delay = 0.00>


============================================================
+ Verbose Summary: Timing violations
============================================================
Target clock period: 10.000ns, clock uncertainty: 2.700ns.

 <State 1>: 3.099ns
The critical path consists of the following:
	'store' operation ('store_ln166', mlp_engine.cpp:166->task_detection_accel.cpp:43) of constant 0 7 bit on local variable 'i', mlp_engine.cpp:166->task_detection_accel.cpp:43 [6]  (0.833 ns)
	'load' operation 7 bit ('i', mlp_engine.cpp:166->task_detection_accel.cpp:43) on local variable 'i', mlp_engine.cpp:166->task_detection_accel.cpp:43 [10]  (0.000 ns)
	'getelementptr' operation 6 bit ('l3_addr', mlp_engine.cpp:169->task_detection_accel.cpp:43) [20]  (0.000 ns)
	'load' operation 32 bit ('l3_load', mlp_engine.cpp:169->task_detection_accel.cpp:43) on array 'l3' [21]  (2.266 ns)

 <State 2>: 9.282ns
The critical path consists of the following:
	'load' operation 32 bit ('l3_load', mlp_engine.cpp:169->task_detection_accel.cpp:43) on array 'l3' [21]  (2.266 ns)
	'fmul' operation 32 bit ('mul_i3', mlp_engine.cpp:169->task_detection_accel.cpp:43) [24]  (7.016 ns)

 <State 3>: 7.016ns
The critical path consists of the following:
	'fmul' operation 32 bit ('mul_i3', mlp_engine.cpp:169->task_detection_accel.cpp:43) [24]  (7.016 ns)

 <State 4>: 7.016ns
The critical path consists of the following:
	'fmul' operation 32 bit ('mul_i3', mlp_engine.cpp:169->task_detection_accel.cpp:43) [24]  (7.016 ns)

 <State 5>: 12.653ns
The critical path consists of the following:
	'load' operation 32 bit ('acc_load_1', mlp_engine.cpp:169->task_detection_accel.cpp:43) on local variable 'acc', mlp_engine.cpp:164->task_detection_accel.cpp:43 [15]  (0.000 ns)
	'fadd' operation 32 bit ('acc', mlp_engine.cpp:169->task_detection_accel.cpp:43) [25]  (12.653 ns)

 <State 6>: 26.139ns
The critical path consists of the following:
	'fadd' operation 32 bit ('acc', mlp_engine.cpp:169->task_detection_accel.cpp:43) [25]  (12.653 ns)
	'store' operation ('store_ln164', mlp_engine.cpp:164->task_detection_accel.cpp:43) of variable 'acc', mlp_engine.cpp:169->task_detection_accel.cpp:43 32 bit on local variable 'acc', mlp_engine.cpp:164->task_detection_accel.cpp:43 [27]  (0.833 ns)
	'load' operation 32 bit ('acc_load_1', mlp_engine.cpp:169->task_detection_accel.cpp:43) on local variable 'acc', mlp_engine.cpp:164->task_detection_accel.cpp:43 [15]  (0.000 ns)
	'fadd' operation 32 bit ('acc', mlp_engine.cpp:169->task_detection_accel.cpp:43) [25]  (12.653 ns)


============================================================
+ Verbose Summary: Binding
============================================================
N/A
* FSMD analyzer results:
  - Output states:
 - Input state : 
  - Chain level:
	State 1
	State 2
	State 3
	State 4
	State 5
	State 6


============================================================
+ Verbose Summary: Datapath Resource usage 
============================================================
N/A
