

================================================================
== Vitis HLS Report for 'task_detection_accel_Pipeline_VITIS_LOOP_77_3_VITIS_LOOP_83_4'
================================================================
* Date:           Sun Jun 14 16:33:26 2026

* Version:        2025.2 (Build 6295257 on Nov 14 2025)
* Project:        task_detection_tpu
* Solution:       hls (Vivado IP Flow Target)
* Product family: kintex7
* Target device:  xc7k325t-ffg900-2


================================================================
== Performance Estimates
================================================================
+ Timing: 
    * Summary: 
    +--------+----------+-----------+------------+
    |  Clock |  Target  | Estimated | Uncertainty|
    +--------+----------+-----------+------------+
    |ap_clk  |  10.00 ns|  53.553 ns|     2.70 ns|
    +--------+----------+-----------+------------+

+ Latency: 
    * Summary: 
    +---------+---------+----------+----------+-----+-----+-------------------+
    |  Latency (cycles) |  Latency (absolute) |  Interval |      Pipeline     |
    |   min   |   max   |    min   |    max   | min | max |        Type       |
    +---------+---------+----------+----------+-----+-----+-------------------+
    |    32774|    32774|  1.755 ms|  1.755 ms|    0|    0|  loop pipeline stp|
    +---------+---------+----------+----------+-----+-----+-------------------+

    + Detail: 
        * Instance: 
        N/A

        * Loop: 
        +-----------------------------------+---------+---------+----------+-----------+-----------+-------+----------+
        |                                   |  Latency (cycles) | Iteration|  Initiation Interval  |  Trip |          |
        |             Loop Name             |   min   |   max   |  Latency |  achieved |   target  | Count | Pipelined|
        +-----------------------------------+---------+---------+----------+-----------+-----------+-------+----------+
        |- VITIS_LOOP_77_3_VITIS_LOOP_83_4  |    32772|    32772|         6|          1|          1|  32768|       yes|
        +-----------------------------------+---------+---------+----------+-----------+-----------+-------+----------+

============================================================
+ Verbose Summary: Synthesis Manager
============================================================
InlineROM: 1
ExposeGlobal: 0
============================================================
+ Verbose Summary: CDFG Model
============================================================
IsTopModel: 0
ResetActiveHigh: 1
IsCombinational: 0
IsDatapathOnly: 0
HasWiredReturn: 1
HasMFsm: 2
HasVarLatency: 1
IsPipeline: 0
IsRtlPipelined: 0
IsInstanceOverlapped: 0
IsDontTouch: 0
HasImplIP: 0
IsGatedGlobalClock: 0

+ Individual pipeline summary: 
  * Pipeline-0: initiation interval (II) = 1, depth = 7


============================================================
+ Verbose Summary: Schedule
============================================================
* Number of FSM states : 7
* Pipeline : 1
  Pipeline-0 : II = 1, D = 7, States = { 1 2 3 4 5 6 7 }
* Dataflow Pipeline: 0

* FSM state transitions: 
1 --> 2 
2 --> 3 
3 --> 4 
4 --> 5 
5 --> 6 
6 --> 7 
7 --> 

* FSM state operations: 

State 1 <SV = 0> <Delay = 0.83>
ST_1 : Operation 9 [1/1] (0.00ns)   --->   "%i = alloca i32 1" [mlp_engine.cpp:83->task_detection_accel.cpp:39]   --->   Operation 9 'alloca' 'i' <Predicate = true> <Delay = 0.00>
ST_1 : Operation 10 [1/1] (0.00ns)   --->   "%o = alloca i32 1" [mlp_engine.cpp:77->task_detection_accel.cpp:39]   --->   Operation 10 'alloca' 'o' <Predicate = true> <Delay = 0.00>
ST_1 : Operation 11 [1/1] (0.00ns)   --->   "%indvar_flatten23 = alloca i32 1"   --->   Operation 11 'alloca' 'indvar_flatten23' <Predicate = true> <Delay = 0.00>
ST_1 : Operation 12 [1/1] (0.00ns)   --->   "%acc = alloca i32 1" [mlp_engine.cpp:81->task_detection_accel.cpp:39]   --->   Operation 12 'alloca' 'acc' <Predicate = true> <Delay = 0.00>
ST_1 : Operation 13 [1/1] (0.83ns)   --->   "%store_ln0 = store i16 0, i16 %indvar_flatten23"   --->   Operation 13 'store' 'store_ln0' <Predicate = true> <Delay = 0.83>
ST_1 : Operation 14 [1/1] (0.83ns)   --->   "%store_ln77 = store i8 0, i8 %o" [mlp_engine.cpp:77->task_detection_accel.cpp:39]   --->   Operation 14 'store' 'store_ln77' <Predicate = true> <Delay = 0.83>
ST_1 : Operation 15 [1/1] (0.83ns)   --->   "%store_ln83 = store i9 0, i9 %i" [mlp_engine.cpp:83->task_detection_accel.cpp:39]   --->   Operation 15 'store' 'store_ln83' <Predicate = true> <Delay = 0.83>
ST_1 : Operation 16 [1/1] (0.00ns)   --->   "%br_ln0 = br void %for.inc30.i23"   --->   Operation 16 'br' 'br_ln0' <Predicate = true> <Delay = 0.00>

State 2 <SV = 1> <Delay = 5.34>
ST_2 : Operation 17 [1/1] (0.00ns)   --->   "%indvar_flatten23_load = load i16 %indvar_flatten23" [mlp_engine.cpp:77->task_detection_accel.cpp:39]   --->   Operation 17 'load' 'indvar_flatten23_load' <Predicate = true> <Delay = 0.00>
ST_2 : Operation 18 [1/1] (1.34ns)   --->   "%icmp_ln77 = icmp_eq  i16 %indvar_flatten23_load, i16 32768" [mlp_engine.cpp:77->task_detection_accel.cpp:39]   --->   Operation 18 'icmp' 'icmp_ln77' <Predicate = true> <Delay = 1.34> <CoreInst = "Cmp">   --->   Core 9 'Cmp' <Latency = 0> <II = 1> <Delay = 1.34> <FuncUnit> <Opcode : 'seteq' 'setne' 'setle' 'setge' 'setlt' 'setgt'> <InPorts = 2> <OutPorts = 1>
ST_2 : Operation 19 [1/1] (1.34ns)   --->   "%add_ln77_1 = add i16 %indvar_flatten23_load, i16 1" [mlp_engine.cpp:77->task_detection_accel.cpp:39]   --->   Operation 19 'add' 'add_ln77_1' <Predicate = true> <Delay = 1.34> <CoreInst = "Adder">   --->   Core 1 'Adder' <Latency = 0> <II = 1> <Delay = 1.34> <FuncUnit> <Opcode : 'add' 'sub'> <InPorts = 2> <OutPorts = 1>
ST_2 : Operation 20 [1/1] (0.00ns)   --->   "%br_ln77 = br i1 %icmp_ln77, void %for.inc35.i27, void %_Z14linear_256_128PfS_.exit.exitStub" [mlp_engine.cpp:77->task_detection_accel.cpp:39]   --->   Operation 20 'br' 'br_ln77' <Predicate = true> <Delay = 0.00>
ST_2 : Operation 21 [1/1] (0.00ns)   --->   "%i_load = load i9 %i" [mlp_engine.cpp:83->task_detection_accel.cpp:39]   --->   Operation 21 'load' 'i_load' <Predicate = (!icmp_ln77)> <Delay = 0.00>
ST_2 : Operation 22 [1/1] (0.00ns)   --->   "%o_load = load i8 %o" [mlp_engine.cpp:77->task_detection_accel.cpp:39]   --->   Operation 22 'load' 'o_load' <Predicate = (!icmp_ln77)> <Delay = 0.00>
ST_2 : Operation 23 [1/1] (1.35ns)   --->   "%add_ln77 = add i8 %o_load, i8 1" [mlp_engine.cpp:77->task_detection_accel.cpp:39]   --->   Operation 23 'add' 'add_ln77' <Predicate = (!icmp_ln77)> <Delay = 1.35> <CoreInst = "Adder">   --->   Core 1 'Adder' <Latency = 0> <II = 1> <Delay = 1.35> <FuncUnit> <Opcode : 'add' 'sub'> <InPorts = 2> <OutPorts = 1>
ST_2 : Operation 24 [1/1] (1.35ns)   --->   "%icmp_ln83 = icmp_eq  i9 %i_load, i9 256" [mlp_engine.cpp:83->task_detection_accel.cpp:39]   --->   Operation 24 'icmp' 'icmp_ln83' <Predicate = (!icmp_ln77)> <Delay = 1.35> <CoreInst = "Cmp">   --->   Core 9 'Cmp' <Latency = 0> <II = 1> <Delay = 1.35> <FuncUnit> <Opcode : 'seteq' 'setne' 'setle' 'setge' 'setlt' 'setgt'> <InPorts = 2> <OutPorts = 1>
ST_2 : Operation 25 [1/1] (0.37ns)   --->   "%select_ln77 = select i1 %icmp_ln83, i9 0, i9 %i_load" [mlp_engine.cpp:77->task_detection_accel.cpp:39]   --->   Operation 25 'select' 'select_ln77' <Predicate = (!icmp_ln77)> <Delay = 0.37> <CoreInst = "Sel">   --->   Core 73 'Sel' <Latency = 0> <II = 1> <Delay = 0.37> <FuncUnit> <Opcode : 'select'> <InPorts = 3> <OutPorts = 1>
ST_2 : Operation 26 [1/1] (0.37ns)   --->   "%select_ln77_1 = select i1 %icmp_ln83, i8 %add_ln77, i8 %o_load" [mlp_engine.cpp:77->task_detection_accel.cpp:39]   --->   Operation 26 'select' 'select_ln77_1' <Predicate = (!icmp_ln77)> <Delay = 0.37> <CoreInst = "Sel">   --->   Core 73 'Sel' <Latency = 0> <II = 1> <Delay = 0.37> <FuncUnit> <Opcode : 'select'> <InPorts = 3> <OutPorts = 1>
ST_2 : Operation 27 [1/1] (0.00ns)   --->   "%empty = trunc i8 %select_ln77_1" [mlp_engine.cpp:77->task_detection_accel.cpp:39]   --->   Operation 27 'trunc' 'empty' <Predicate = (!icmp_ln77)> <Delay = 0.00>
ST_2 : Operation 28 [1/1] (1.35ns)   --->   "%first_iter_3 = icmp_eq  i9 %select_ln77, i9 0" [mlp_engine.cpp:77->task_detection_accel.cpp:39]   --->   Operation 28 'icmp' 'first_iter_3' <Predicate = (!icmp_ln77)> <Delay = 1.35> <CoreInst = "Cmp">   --->   Core 9 'Cmp' <Latency = 0> <II = 1> <Delay = 1.35> <FuncUnit> <Opcode : 'seteq' 'setne' 'setle' 'setge' 'setlt' 'setgt'> <InPorts = 2> <OutPorts = 1>
ST_2 : Operation 29 [1/1] (0.00ns)   --->   "%tmp_1 = bitconcatenate i15 @_ssdm_op_BitConcatenate.i15.i7.i8, i7 %empty, i8 0" [mlp_engine.cpp:86->task_detection_accel.cpp:39]   --->   Operation 29 'bitconcatenate' 'tmp_1' <Predicate = (!icmp_ln77)> <Delay = 0.00>
ST_2 : Operation 30 [1/1] (0.00ns)   --->   "%br_ln83 = br i1 %first_iter_3, void %for.inc30.i23.split, void %for.first.iter.for.inc30.i23" [mlp_engine.cpp:83->task_detection_accel.cpp:39]   --->   Operation 30 'br' 'br_ln83' <Predicate = (!icmp_ln77)> <Delay = 0.00>
ST_2 : Operation 31 [1/1] (0.00ns)   --->   "%zext_ln83 = zext i9 %select_ln77" [mlp_engine.cpp:83->task_detection_accel.cpp:39]   --->   Operation 31 'zext' 'zext_ln83' <Predicate = (!icmp_ln77)> <Delay = 0.00>
ST_2 : Operation 32 [1/1] (0.00ns)   --->   "%zext_ln86 = zext i9 %select_ln77" [mlp_engine.cpp:86->task_detection_accel.cpp:39]   --->   Operation 32 'zext' 'zext_ln86' <Predicate = (!icmp_ln77)> <Delay = 0.00>
ST_2 : Operation 33 [1/1] (1.34ns)   --->   "%add_ln86 = add i15 %tmp_1, i15 %zext_ln86" [mlp_engine.cpp:86->task_detection_accel.cpp:39]   --->   Operation 33 'add' 'add_ln86' <Predicate = (!icmp_ln77)> <Delay = 1.34> <CoreInst = "Adder">   --->   Core 1 'Adder' <Latency = 0> <II = 1> <Delay = 1.34> <FuncUnit> <Opcode : 'add' 'sub'> <InPorts = 2> <OutPorts = 1>
ST_2 : Operation 34 [1/1] (0.00ns)   --->   "%zext_ln86_1 = zext i15 %add_ln86" [mlp_engine.cpp:86->task_detection_accel.cpp:39]   --->   Operation 34 'zext' 'zext_ln86_1' <Predicate = (!icmp_ln77)> <Delay = 0.00>
ST_2 : Operation 35 [1/1] (0.00ns)   --->   "%weights_addr = getelementptr i32 %weights, i64 0, i64 %zext_ln86_1" [mlp_engine.cpp:86->task_detection_accel.cpp:39]   --->   Operation 35 'getelementptr' 'weights_addr' <Predicate = (!icmp_ln77)> <Delay = 0.00>
ST_2 : Operation 36 [1/1] (0.00ns)   --->   "%l1_addr = getelementptr i32 %l1, i64 0, i64 %zext_ln83" [mlp_engine.cpp:86->task_detection_accel.cpp:39]   --->   Operation 36 'getelementptr' 'l1_addr' <Predicate = (!icmp_ln77)> <Delay = 0.00>
ST_2 : Operation 37 [2/2] (2.26ns)   --->   "%l1_load = load i8 %l1_addr" [mlp_engine.cpp:86->task_detection_accel.cpp:39]   --->   Operation 37 'load' 'l1_load' <Predicate = (!icmp_ln77)> <Delay = 2.26> <CoreInst = "RAM">   --->   Core 81 'RAM' <Latency = 1> <II = 1> <Delay = 2.26> <Storage> <Opcode : 'load' 'store'> <Ports = 2> <Width = 32> <Depth = 256> <RAM>
ST_2 : Operation 38 [2/2] (2.26ns)   --->   "%weights_load = load i15 %weights_addr" [mlp_engine.cpp:86->task_detection_accel.cpp:39]   --->   Operation 38 'load' 'weights_load' <Predicate = (!icmp_ln77)> <Delay = 2.26> <CoreInst = "RAM">   --->   Core 81 'RAM' <Latency = 1> <II = 1> <Delay = 2.26> <Storage> <Opcode : 'load' 'store'> <Ports = 2> <Width = 32> <Depth = 32768> <RAM>
ST_2 : Operation 39 [1/1] (1.35ns)   --->   "%add_ln83 = add i9 %select_ln77, i9 1" [mlp_engine.cpp:83->task_detection_accel.cpp:39]   --->   Operation 39 'add' 'add_ln83' <Predicate = (!icmp_ln77)> <Delay = 1.35> <CoreInst = "Adder">   --->   Core 1 'Adder' <Latency = 0> <II = 1> <Delay = 1.35> <FuncUnit> <Opcode : 'add' 'sub'> <InPorts = 2> <OutPorts = 1>
ST_2 : Operation 40 [1/1] (1.35ns)   --->   "%icmp_ln83_1 = icmp_eq  i9 %add_ln83, i9 256" [mlp_engine.cpp:83->task_detection_accel.cpp:39]   --->   Operation 40 'icmp' 'icmp_ln83_1' <Predicate = (!icmp_ln77)> <Delay = 1.35> <CoreInst = "Cmp">   --->   Core 9 'Cmp' <Latency = 0> <II = 1> <Delay = 1.35> <FuncUnit> <Opcode : 'seteq' 'setne' 'setle' 'setge' 'setlt' 'setgt'> <InPorts = 2> <OutPorts = 1>
ST_2 : Operation 41 [1/1] (0.00ns)   --->   "%br_ln83 = br i1 %icmp_ln83_1, void %new.latch.for.inc30.i23.split, void %last.iter.for.inc30.i23.split" [mlp_engine.cpp:83->task_detection_accel.cpp:39]   --->   Operation 41 'br' 'br_ln83' <Predicate = (!icmp_ln77)> <Delay = 0.00>
ST_2 : Operation 42 [1/1] (0.83ns)   --->   "%store_ln77 = store i16 %add_ln77_1, i16 %indvar_flatten23" [mlp_engine.cpp:77->task_detection_accel.cpp:39]   --->   Operation 42 'store' 'store_ln77' <Predicate = (!icmp_ln77)> <Delay = 0.83>
ST_2 : Operation 43 [1/1] (0.83ns)   --->   "%store_ln77 = store i8 %select_ln77_1, i8 %o" [mlp_engine.cpp:77->task_detection_accel.cpp:39]   --->   Operation 43 'store' 'store_ln77' <Predicate = (!icmp_ln77)> <Delay = 0.83>
ST_2 : Operation 44 [1/1] (0.83ns)   --->   "%store_ln83 = store i9 %add_ln83, i9 %i" [mlp_engine.cpp:83->task_detection_accel.cpp:39]   --->   Operation 44 'store' 'store_ln83' <Predicate = (!icmp_ln77)> <Delay = 0.83>

State 3 <SV = 2> <Delay = 9.28>
ST_3 : Operation 45 [1/2] ( I:2.26ns O:2.26ns )   --->   "%l1_load = load i8 %l1_addr" [mlp_engine.cpp:86->task_detection_accel.cpp:39]   --->   Operation 45 'load' 'l1_load' <Predicate = true> <Delay = 2.26> <CoreInst = "RAM">   --->   Core 81 'RAM' <Latency = 1> <II = 1> <Delay = 2.26> <Storage> <Opcode : 'load' 'store'> <Ports = 2> <Width = 32> <Depth = 256> <RAM>
ST_3 : Operation 46 [1/2] ( I:2.26ns O:2.26ns )   --->   "%weights_load = load i15 %weights_addr" [mlp_engine.cpp:86->task_detection_accel.cpp:39]   --->   Operation 46 'load' 'weights_load' <Predicate = true> <Delay = 2.26> <CoreInst = "RAM">   --->   Core 81 'RAM' <Latency = 1> <II = 1> <Delay = 2.26> <Storage> <Opcode : 'load' 'store'> <Ports = 2> <Width = 32> <Depth = 32768> <RAM>
ST_3 : Operation 47 [3/3] (7.01ns)   --->   "%mul_i1 = fmul i32 %l1_load, i32 %weights_load" [mlp_engine.cpp:86->task_detection_accel.cpp:39]   --->   Operation 47 'fmul' 'mul_i1' <Predicate = true> <Delay = 7.01> <CoreInst = "FMul_maxdsp">   --->   Core 30 'FMul_maxdsp' <Latency = 2> <II = 1> <Delay = 7.01> <FuncUnit> <Opcode : 'fmul'> <InPorts = 2> <OutPorts = 1>

State 4 <SV = 3> <Delay = 7.01>
ST_4 : Operation 48 [1/1] (0.00ns)   --->   "%specloopname_ln0 = specloopname void @_ssdm_op_SpecLoopName, void @VITIS_LOOP_77_3_VITIS_LOOP_83_4_str"   --->   Operation 48 'specloopname' 'specloopname_ln0' <Predicate = true> <Delay = 0.00>
ST_4 : Operation 49 [1/1] (0.00ns)   --->   "%speclooptripcount_ln0 = speclooptripcount void @_ssdm_op_SpecLoopTripCount, i64 32768, i64 32768, i64 32768"   --->   Operation 49 'speclooptripcount' 'speclooptripcount_ln0' <Predicate = true> <Delay = 0.00>
ST_4 : Operation 50 [1/1] (0.00ns)   --->   "%zext_ln77 = zext i8 %select_ln77_1" [mlp_engine.cpp:77->task_detection_accel.cpp:39]   --->   Operation 50 'zext' 'zext_ln77' <Predicate = true> <Delay = 0.00>
ST_4 : Operation 51 [1/1] (0.00ns)   --->   "%bias_addr = getelementptr i32 %bias, i64 0, i64 %zext_ln77" [mlp_engine.cpp:81->task_detection_accel.cpp:39]   --->   Operation 51 'getelementptr' 'bias_addr' <Predicate = true> <Delay = 0.00>
ST_4 : Operation 52 [2/2] (2.26ns)   --->   "%acc_1 = load i7 %bias_addr" [mlp_engine.cpp:81->task_detection_accel.cpp:39]   --->   Operation 52 'load' 'acc_1' <Predicate = (first_iter_3)> <Delay = 2.26> <CoreInst = "RAM">   --->   Core 81 'RAM' <Latency = 1> <II = 1> <Delay = 2.26> <Storage> <Opcode : 'load' 'store'> <Ports = 2> <Width = 32> <Depth = 128> <RAM>
ST_4 : Operation 53 [2/3] (7.01ns)   --->   "%mul_i1 = fmul i32 %l1_load, i32 %weights_load" [mlp_engine.cpp:86->task_detection_accel.cpp:39]   --->   Operation 53 'fmul' 'mul_i1' <Predicate = true> <Delay = 7.01> <CoreInst = "FMul_maxdsp">   --->   Core 30 'FMul_maxdsp' <Latency = 2> <II = 1> <Delay = 7.01> <FuncUnit> <Opcode : 'fmul'> <InPorts = 2> <OutPorts = 1>
ST_4 : Operation 54 [1/1] (0.00ns)   --->   "%l2_addr = getelementptr i32 %l2, i64 0, i64 %zext_ln77" [mlp_engine.cpp:89->task_detection_accel.cpp:39]   --->   Operation 54 'getelementptr' 'l2_addr' <Predicate = true> <Delay = 0.00>

State 5 <SV = 4> <Delay = 7.01>
ST_5 : Operation 55 [1/2] ( I:2.26ns O:2.26ns )   --->   "%acc_1 = load i7 %bias_addr" [mlp_engine.cpp:81->task_detection_accel.cpp:39]   --->   Operation 55 'load' 'acc_1' <Predicate = (first_iter_3)> <Delay = 2.26> <CoreInst = "RAM">   --->   Core 81 'RAM' <Latency = 1> <II = 1> <Delay = 2.26> <Storage> <Opcode : 'load' 'store'> <Ports = 2> <Width = 32> <Depth = 128> <RAM>
ST_5 : Operation 56 [1/1] (0.83ns)   --->   "%store_ln81 = store i32 %acc_1, i32 %acc" [mlp_engine.cpp:81->task_detection_accel.cpp:39]   --->   Operation 56 'store' 'store_ln81' <Predicate = (first_iter_3)> <Delay = 0.83>
ST_5 : Operation 57 [1/1] (0.00ns)   --->   "%br_ln83 = br void %for.inc30.i23.split" [mlp_engine.cpp:83->task_detection_accel.cpp:39]   --->   Operation 57 'br' 'br_ln83' <Predicate = (first_iter_3)> <Delay = 0.00>
ST_5 : Operation 58 [1/3] (7.01ns)   --->   "%mul_i1 = fmul i32 %l1_load, i32 %weights_load" [mlp_engine.cpp:86->task_detection_accel.cpp:39]   --->   Operation 58 'fmul' 'mul_i1' <Predicate = true> <Delay = 7.01> <CoreInst = "FMul_maxdsp">   --->   Core 30 'FMul_maxdsp' <Latency = 2> <II = 1> <Delay = 7.01> <FuncUnit> <Opcode : 'fmul'> <InPorts = 2> <OutPorts = 1>

State 6 <SV = 5> <Delay = 53.5>
ST_6 : Operation 59 [1/1] (0.00ns)   --->   "%acc_load = load i32 %acc" [mlp_engine.cpp:86->task_detection_accel.cpp:39]   --->   Operation 59 'load' 'acc_load' <Predicate = true> <Delay = 0.00>
ST_6 : Operation 60 [1/1] (0.00ns)   --->   "%specpipeline_ln85 = specpipeline void @_ssdm_op_SpecPipeline, i32 1, i32 0, i32 0, i32 0, i32 4294967295, void @empty_13" [mlp_engine.cpp:85->task_detection_accel.cpp:39]   --->   Operation 60 'specpipeline' 'specpipeline_ln85' <Predicate = true> <Delay = 0.00>
ST_6 : Operation 61 [1/1] (52.7ns)   --->   "%acc_2 = fadd i32 %acc_load, i32 %mul_i1" [mlp_engine.cpp:86->task_detection_accel.cpp:39]   --->   Operation 61 'fadd' 'acc_2' <Predicate = true> <Delay = 52.7> <CoreInst = "FAddSub_fulldsp">   --->   Core 18 'FAddSub_fulldsp' <Latency = 0> <II = 1> <Delay = 52.7> <FuncUnit> <Opcode : 'fadd' 'fsub'> <InPorts = 2> <OutPorts = 1>
ST_6 : Operation 62 [1/1] (0.83ns)   --->   "%store_ln81 = store i32 %acc_2, i32 %acc" [mlp_engine.cpp:81->task_detection_accel.cpp:39]   --->   Operation 62 'store' 'store_ln81' <Predicate = true> <Delay = 0.83>
ST_6 : Operation 63 [1/1] (0.00ns)   --->   "%br_ln83 = br void %for.inc30.i23" [mlp_engine.cpp:83->task_detection_accel.cpp:39]   --->   Operation 63 'br' 'br_ln83' <Predicate = true> <Delay = 0.00>
ST_6 : Operation 66 [1/1] (0.83ns)   --->   "%ret_ln0 = ret"   --->   Operation 66 'ret' 'ret_ln0' <Predicate = (icmp_ln77)> <Delay = 0.83>

State 7 <SV = 6> <Delay = 2.26>
ST_7 : Operation 64 [1/1] ( I:2.26ns O:2.26ns )   --->   "%store_ln89 = store i32 %acc_2, i7 %l2_addr" [mlp_engine.cpp:89->task_detection_accel.cpp:39]   --->   Operation 64 'store' 'store_ln89' <Predicate = (icmp_ln83_1)> <Delay = 2.26> <CoreInst = "RAM">   --->   Core 81 'RAM' <Latency = 1> <II = 1> <Delay = 2.26> <Storage> <Opcode : 'load' 'store'> <Ports = 2> <Width = 32> <Depth = 128> <RAM>
ST_7 : Operation 65 [1/1] (0.00ns)   --->   "%br_ln83 = br void %new.latch.for.inc30.i23.split" [mlp_engine.cpp:83->task_detection_accel.cpp:39]   --->   Operation 65 'br' 'br_ln83' <Predicate = (icmp_ln83_1)> <Delay = 0.00>


============================================================
+ Verbose Summary: Binding
============================================================
STG Binding: 
---------------- STG Properties BEGIN ----------------
- Is combinational: 0
- Is one-state seq: 0
- Is datapath-only: 0
- Is pipelined: 0
- Is top level: 0
Port [ Return ] is wired: 1; IO mode=ap_ctrl_hs:ce=0
Port [ l1]:  wired=1; compound=1; hidden=0; nouse=0; global=0; static=0; extern=0; dir=0; type=1; pingpong=0; private_global=0; MemPort=[13]; IO mode=ap_memory:ce=0
Port [ l2]:  wired=1; compound=1; hidden=0; nouse=0; global=0; static=0; extern=0; dir=1; type=1; pingpong=0; private_global=0; MemPort=[03]; IO mode=ap_memory:ce=0
Port [ weights]:  wired=1; compound=1; hidden=0; nouse=0; global=1; static=1; extern=0; dir=0; type=1; pingpong=0; private_global=0; MemPort=[13]; IO mode=ap_memory:ce=0
Port [ bias]:  wired=1; compound=1; hidden=0; nouse=0; global=1; static=1; extern=0; dir=0; type=1; pingpong=0; private_global=0; MemPort=[13]; IO mode=ap_memory:ce=0
---------------- STG Properties END ------------------

---------------- Datapath Model BEGIN ----------------

<LifeTime>
<method=bitvector/>
i                     (alloca           ) [ 01100000]
o                     (alloca           ) [ 01100000]
indvar_flatten23      (alloca           ) [ 01100000]
acc                   (alloca           ) [ 01111110]
store_ln0             (store            ) [ 00000000]
store_ln77            (store            ) [ 00000000]
store_ln83            (store            ) [ 00000000]
br_ln0                (br               ) [ 00000000]
indvar_flatten23_load (load             ) [ 00000000]
icmp_ln77             (icmp             ) [ 01111110]
add_ln77_1            (add              ) [ 00000000]
br_ln77               (br               ) [ 00000000]
i_load                (load             ) [ 00000000]
o_load                (load             ) [ 00000000]
add_ln77              (add              ) [ 00000000]
icmp_ln83             (icmp             ) [ 00000000]
select_ln77           (select           ) [ 00000000]
select_ln77_1         (select           ) [ 01011000]
empty                 (trunc            ) [ 00000000]
first_iter_3          (icmp             ) [ 01011100]
tmp_1                 (bitconcatenate   ) [ 00000000]
br_ln83               (br               ) [ 00000000]
zext_ln83             (zext             ) [ 00000000]
zext_ln86             (zext             ) [ 00000000]
add_ln86              (add              ) [ 00000000]
zext_ln86_1           (zext             ) [ 00000000]
weights_addr          (getelementptr    ) [ 01010000]
l1_addr               (getelementptr    ) [ 01010000]
add_ln83              (add              ) [ 00000000]
icmp_ln83_1           (icmp             ) [ 01011111]
br_ln83               (br               ) [ 00000000]
store_ln77            (store            ) [ 00000000]
store_ln77            (store            ) [ 00000000]
store_ln83            (store            ) [ 00000000]
l1_load               (load             ) [ 01001100]
weights_load          (load             ) [ 01001100]
specloopname_ln0      (specloopname     ) [ 00000000]
speclooptripcount_ln0 (speclooptripcount) [ 00000000]
zext_ln77             (zext             ) [ 00000000]
bias_addr             (getelementptr    ) [ 01000100]
l2_addr               (getelementptr    ) [ 01000111]
acc_1                 (load             ) [ 00000000]
store_ln81            (store            ) [ 00000000]
br_ln83               (br               ) [ 00000000]
mul_i1                (fmul             ) [ 01000010]
acc_load              (load             ) [ 00000000]
specpipeline_ln85     (specpipeline     ) [ 00000000]
acc_2                 (fadd             ) [ 01000001]
store_ln81            (store            ) [ 00000000]
br_ln83               (br               ) [ 00000000]
store_ln89            (store            ) [ 00000000]
br_ln83               (br               ) [ 00000000]
ret_ln0               (ret              ) [ 00000000]
</LifeTime>

<model>

<comp_list>
<comp id="0" class="1000" name="l1">
<pin_list>
<pin id="1" dir="1" index="0" bw="1" slack="0"/>
</pin_list>
<bind>
<StgValue><ssdm name="l1"/><MemPortTyVec>1 3 </MemPortTyVec>
</StgValue>
</bind>
</comp>

<comp id="2" class="1000" name="l2">
<pin_list>
<pin id="3" dir="1" index="0" bw="1" slack="0"/>
</pin_list>
<bind>
<StgValue><ssdm name="l2"/><MemPortTyVec>0 3 </MemPortTyVec>
</StgValue>
</bind>
</comp>

<comp id="4" class="1000" name="weights">
<pin_list>
<pin id="5" dir="1" index="0" bw="1" slack="0"/>
</pin_list>
<bind>
<StgValue><ssdm name="weights"/><MemPortTyVec>1 3 </MemPortTyVec>
</StgValue>
</bind>
</comp>

<comp id="6" class="1000" name="bias">
<pin_list>
<pin id="7" dir="1" index="0" bw="1" slack="0"/>
</pin_list>
<bind>
<StgValue><ssdm name="bias"/><MemPortTyVec>1 3 </MemPortTyVec>
</StgValue>
</bind>
</comp>

<comp id="8" class="1001" name="const_8">
<pin_list>
<pin id="9" dir="1" index="0" bw="1" slack="0"/>
</pin_list>
<bind>
<StgValue><ssdm name=""/></StgValue>
</bind>
</comp>

<comp id="10" class="1001" name="const_10">
<pin_list>
<pin id="11" dir="1" index="0" bw="1" slack="0"/>
</pin_list>
<bind>
<StgValue><ssdm name=""/></StgValue>
</bind>
</comp>

<comp id="12" class="1001" name="const_12">
<pin_list>
<pin id="13" dir="1" index="0" bw="1" slack="0"/>
</pin_list>
<bind>
<StgValue><ssdm name=""/></StgValue>
</bind>
</comp>

<comp id="14" class="1001" name="const_14">
<pin_list>
<pin id="15" dir="1" index="0" bw="1" slack="0"/>
</pin_list>
<bind>
<StgValue><ssdm name=""/></StgValue>
</bind>
</comp>

<comp id="16" class="1001" name="const_16">
<pin_list>
<pin id="17" dir="1" index="0" bw="1" slack="0"/>
</pin_list>
<bind>
<StgValue><ssdm name=""/></StgValue>
</bind>
</comp>

<comp id="18" class="1001" name="const_18">
<pin_list>
<pin id="19" dir="1" index="0" bw="1" slack="0"/>
</pin_list>
<bind>
<StgValue><ssdm name=""/></StgValue>
</bind>
</comp>

<comp id="20" class="1001" name="const_20">
<pin_list>
<pin id="21" dir="1" index="0" bw="1" slack="0"/>
</pin_list>
<bind>
<StgValue><ssdm name=""/></StgValue>
</bind>
</comp>

<comp id="22" class="1001" name="const_22">
<pin_list>
<pin id="23" dir="1" index="0" bw="1" slack="0"/>
</pin_list>
<bind>
<StgValue><ssdm name=""/></StgValue>
</bind>
</comp>

<comp id="24" class="1001" name="const_24">
<pin_list>
<pin id="25" dir="1" index="0" bw="1" slack="0"/>
</pin_list>
<bind>
<StgValue><ssdm name="_ssdm_op_BitConcatenate.i15.i7.i8"/></StgValue>
</bind>
</comp>

<comp id="26" class="1001" name="const_26">
<pin_list>
<pin id="27" dir="1" index="0" bw="1" slack="0"/>
</pin_list>
<bind>
<StgValue><ssdm name=""/></StgValue>
</bind>
</comp>

<comp id="28" class="1001" name="const_28">
<pin_list>
<pin id="29" dir="1" index="0" bw="1" slack="0"/>
</pin_list>
<bind>
<StgValue><ssdm name=""/></StgValue>
</bind>
</comp>

<comp id="30" class="1001" name="const_30">
<pin_list>
<pin id="31" dir="1" index="0" bw="1" slack="2147483647"/>
</pin_list>
<bind>
<StgValue><ssdm name="_ssdm_op_SpecLoopName"/></StgValue>
</bind>
</comp>

<comp id="32" class="1001" name="const_32">
<pin_list>
<pin id="33" dir="1" index="0" bw="1" slack="2147483647"/>
</pin_list>
<bind>
<StgValue><ssdm name="VITIS_LOOP_77_3_VITIS_LOOP_83_4_str"/></StgValue>
</bind>
</comp>

<comp id="34" class="1001" name="const_34">
<pin_list>
<pin id="35" dir="1" index="0" bw="1" slack="2147483647"/>
</pin_list>
<bind>
<StgValue><ssdm name="_ssdm_op_SpecLoopTripCount"/></StgValue>
</bind>
</comp>

<comp id="36" class="1001" name="const_36">
<pin_list>
<pin id="37" dir="1" index="0" bw="1" slack="2147483647"/>
</pin_list>
<bind>
<StgValue><ssdm name=""/></StgValue>
</bind>
</comp>

<comp id="38" class="1001" name="const_38">
<pin_list>
<pin id="39" dir="1" index="0" bw="1" slack="2147483647"/>
</pin_list>
<bind>
<StgValue><ssdm name="_ssdm_op_SpecPipeline"/></StgValue>
</bind>
</comp>

<comp id="40" class="1001" name="const_40">
<pin_list>
<pin id="41" dir="1" index="0" bw="1" slack="2147483647"/>
</pin_list>
<bind>
<StgValue><ssdm name=""/></StgValue>
</bind>
</comp>

<comp id="42" class="1001" name="const_42">
<pin_list>
<pin id="43" dir="1" index="0" bw="1" slack="2147483647"/>
</pin_list>
<bind>
<StgValue><ssdm name=""/></StgValue>
</bind>
</comp>

<comp id="44" class="1001" name="const_44">
<pin_list>
<pin id="45" dir="1" index="0" bw="1" slack="2147483647"/>
</pin_list>
<bind>
<StgValue><ssdm name="empty_13"/></StgValue>
</bind>
</comp>

<comp id="46" class="1004" name="i_fu_46">
<pin_list>
<pin id="47" dir="0" index="0" bw="1" slack="0"/>
<pin id="48" dir="1" index="1" bw="9" slack="0"/>
</pin_list>
<bind>
<opcode="alloca(26) " fcode="alloca"/>
<opset="i/1 "/>
</bind>
</comp>

<comp id="50" class="1004" name="o_fu_50">
<pin_list>
<pin id="51" dir="0" index="0" bw="1" slack="0"/>
<pin id="52" dir="1" index="1" bw="8" slack="0"/>
</pin_list>
<bind>
<opcode="alloca(26) " fcode="alloca"/>
<opset="o/1 "/>
</bind>
</comp>

<comp id="54" class="1004" name="indvar_flatten23_fu_54">
<pin_list>
<pin id="55" dir="0" index="0" bw="1" slack="0"/>
<pin id="56" dir="1" index="1" bw="16" slack="0"/>
</pin_list>
<bind>
<opcode="alloca(26) " fcode="alloca"/>
<opset="indvar_flatten23/1 "/>
</bind>
</comp>

<comp id="58" class="1004" name="acc_fu_58">
<pin_list>
<pin id="59" dir="0" index="0" bw="1" slack="0"/>
<pin id="60" dir="1" index="1" bw="32" slack="4"/>
</pin_list>
<bind>
<opcode="alloca(26) " fcode="alloca"/>
<opset="acc/1 "/>
</bind>
</comp>

<comp id="62" class="1004" name="weights_addr_gep_fu_62">
<pin_list>
<pin id="63" dir="0" index="0" bw="32" slack="0"/>
<pin id="64" dir="0" index="1" bw="1" slack="0"/>
<pin id="65" dir="0" index="2" bw="15" slack="0"/>
<pin id="66" dir="1" index="3" bw="15" slack="0"/>
</pin_list>
<bind>
<opcode="getelementptr(29) " fcode="getelementptr"/>
<opset="weights_addr/2 "/>
</bind>
</comp>

<comp id="69" class="1004" name="l1_addr_gep_fu_69">
<pin_list>
<pin id="70" dir="0" index="0" bw="32" slack="0"/>
<pin id="71" dir="0" index="1" bw="1" slack="0"/>
<pin id="72" dir="0" index="2" bw="9" slack="0"/>
<pin id="73" dir="1" index="3" bw="8" slack="0"/>
</pin_list>
<bind>
<opcode="getelementptr(29) " fcode="getelementptr"/>
<opset="l1_addr/2 "/>
</bind>
</comp>

<comp id="76" class="1004" name="grp_access_fu_76">
<pin_list>
<pin id="77" dir="0" index="0" bw="8" slack="0"/>
<pin id="78" dir="0" index="1" bw="32" slack="2147483647"/>
<pin id="79" dir="0" index="2" bw="0" slack="2147483647"/>
<pin id="80" dir="1" index="3" bw="32" slack="0"/>
</pin_list>
<bind>
<opcode="load(27) " fcode="load"/>
<opset="l1_load/2 "/>
</bind>
</comp>

<comp id="82" class="1004" name="grp_access_fu_82">
<pin_list>
<pin id="83" dir="0" index="0" bw="15" slack="0"/>
<pin id="84" dir="0" index="1" bw="32" slack="2147483647"/>
<pin id="85" dir="0" index="2" bw="0" slack="2147483647"/>
<pin id="86" dir="1" index="3" bw="32" slack="0"/>
</pin_list>
<bind>
<opcode="load(27) " fcode="load"/>
<opset="weights_load/2 "/>
</bind>
</comp>

<comp id="88" class="1004" name="bias_addr_gep_fu_88">
<pin_list>
<pin id="89" dir="0" index="0" bw="32" slack="0"/>
<pin id="90" dir="0" index="1" bw="1" slack="0"/>
<pin id="91" dir="0" index="2" bw="8" slack="0"/>
<pin id="92" dir="1" index="3" bw="7" slack="0"/>
</pin_list>
<bind>
<opcode="getelementptr(29) " fcode="getelementptr"/>
<opset="bias_addr/4 "/>
</bind>
</comp>

<comp id="95" class="1004" name="grp_access_fu_95">
<pin_list>
<pin id="96" dir="0" index="0" bw="7" slack="0"/>
<pin id="97" dir="0" index="1" bw="32" slack="2147483647"/>
<pin id="98" dir="0" index="2" bw="0" slack="2147483647"/>
<pin id="99" dir="1" index="3" bw="32" slack="0"/>
</pin_list>
<bind>
<opcode="load(27) " fcode="load"/>
<opset="acc_1/4 "/>
</bind>
</comp>

<comp id="101" class="1004" name="l2_addr_gep_fu_101">
<pin_list>
<pin id="102" dir="0" index="0" bw="32" slack="0"/>
<pin id="103" dir="0" index="1" bw="1" slack="0"/>
<pin id="104" dir="0" index="2" bw="8" slack="0"/>
<pin id="105" dir="1" index="3" bw="7" slack="3"/>
</pin_list>
<bind>
<opcode="getelementptr(29) " fcode="getelementptr"/>
<opset="l2_addr/4 "/>
</bind>
</comp>

<comp id="108" class="1004" name="store_ln89_access_fu_108">
<pin_list>
<pin id="109" dir="0" index="0" bw="7" slack="3"/>
<pin id="110" dir="0" index="1" bw="32" slack="1"/>
<pin id="111" dir="0" index="2" bw="0" slack="2147483647"/>
<pin id="112" dir="1" index="3" bw="32" slack="2147483647"/>
</pin_list>
<bind>
<opcode="store(28) " fcode="store"/>
<opset="store_ln89/7 "/>
</bind>
</comp>

<comp id="113" class="1004" name="acc_2_fu_113">
<pin_list>
<pin id="114" dir="0" index="0" bw="32" slack="0"/>
<pin id="115" dir="0" index="1" bw="32" slack="1"/>
<pin id="116" dir="1" index="2" bw="32" slack="0"/>
</pin_list>
<bind>
<opcode="fadd(9) " fcode="fadd"/>
<opset="acc_2/6 "/>
</bind>
</comp>

<comp id="117" class="1004" name="grp_fu_117">
<pin_list>
<pin id="118" dir="0" index="0" bw="32" slack="0"/>
<pin id="119" dir="0" index="1" bw="32" slack="0"/>
<pin id="120" dir="1" index="2" bw="32" slack="1"/>
</pin_list>
<bind>
<opcode="fmul(13) " fcode="fmul"/>
<opset="mul_i1/3 "/>
</bind>
</comp>

<comp id="123" class="1004" name="store_ln0_store_fu_123">
<pin_list>
<pin id="124" dir="0" index="0" bw="1" slack="0"/>
<pin id="125" dir="0" index="1" bw="16" slack="0"/>
<pin id="126" dir="1" index="2" bw="0" slack="2147483647"/>
</pin_list>
<bind>
<opcode="store(28) " fcode="store"/>
<opset="store_ln0/1 "/>
</bind>
</comp>

<comp id="128" class="1004" name="store_ln77_store_fu_128">
<pin_list>
<pin id="129" dir="0" index="0" bw="1" slack="0"/>
<pin id="130" dir="0" index="1" bw="8" slack="0"/>
<pin id="131" dir="1" index="2" bw="0" slack="2147483647"/>
</pin_list>
<bind>
<opcode="store(28) " fcode="store"/>
<opset="store_ln77/1 "/>
</bind>
</comp>

<comp id="133" class="1004" name="store_ln83_store_fu_133">
<pin_list>
<pin id="134" dir="0" index="0" bw="1" slack="0"/>
<pin id="135" dir="0" index="1" bw="9" slack="0"/>
<pin id="136" dir="1" index="2" bw="0" slack="2147483647"/>
</pin_list>
<bind>
<opcode="store(28) " fcode="store"/>
<opset="store_ln83/1 "/>
</bind>
</comp>

<comp id="138" class="1004" name="indvar_flatten23_load_load_fu_138">
<pin_list>
<pin id="139" dir="0" index="0" bw="16" slack="1"/>
<pin id="140" dir="1" index="1" bw="16" slack="0"/>
</pin_list>
<bind>
<opcode="load(27) " fcode="load"/>
<opset="indvar_flatten23_load/2 "/>
</bind>
</comp>

<comp id="141" class="1004" name="icmp_ln77_fu_141">
<pin_list>
<pin id="142" dir="0" index="0" bw="16" slack="0"/>
<pin id="143" dir="0" index="1" bw="16" slack="0"/>
<pin id="144" dir="1" index="2" bw="1" slack="4"/>
</pin_list>
<bind>
<opcode="icmp(45) " fcode="icmp"/>
<opset="icmp_ln77/2 "/>
</bind>
</comp>

<comp id="147" class="1004" name="add_ln77_1_fu_147">
<pin_list>
<pin id="148" dir="0" index="0" bw="16" slack="0"/>
<pin id="149" dir="0" index="1" bw="1" slack="0"/>
<pin id="150" dir="1" index="2" bw="16" slack="0"/>
</pin_list>
<bind>
<opcode="add(8) " fcode="add"/>
<opset="add_ln77_1/2 "/>
</bind>
</comp>

<comp id="153" class="1004" name="i_load_load_fu_153">
<pin_list>
<pin id="154" dir="0" index="0" bw="9" slack="1"/>
<pin id="155" dir="1" index="1" bw="9" slack="0"/>
</pin_list>
<bind>
<opcode="load(27) " fcode="load"/>
<opset="i_load/2 "/>
</bind>
</comp>

<comp id="156" class="1004" name="o_load_load_fu_156">
<pin_list>
<pin id="157" dir="0" index="0" bw="8" slack="1"/>
<pin id="158" dir="1" index="1" bw="8" slack="0"/>
</pin_list>
<bind>
<opcode="load(27) " fcode="load"/>
<opset="o_load/2 "/>
</bind>
</comp>

<comp id="159" class="1004" name="add_ln77_fu_159">
<pin_list>
<pin id="160" dir="0" index="0" bw="8" slack="0"/>
<pin id="161" dir="0" index="1" bw="1" slack="0"/>
<pin id="162" dir="1" index="2" bw="8" slack="0"/>
</pin_list>
<bind>
<opcode="add(8) " fcode="add"/>
<opset="add_ln77/2 "/>
</bind>
</comp>

<comp id="165" class="1004" name="icmp_ln83_fu_165">
<pin_list>
<pin id="166" dir="0" index="0" bw="9" slack="0"/>
<pin id="167" dir="0" index="1" bw="9" slack="0"/>
<pin id="168" dir="1" index="2" bw="1" slack="0"/>
</pin_list>
<bind>
<opcode="icmp(45) " fcode="icmp"/>
<opset="icmp_ln83/2 "/>
</bind>
</comp>

<comp id="171" class="1004" name="select_ln77_fu_171">
<pin_list>
<pin id="172" dir="0" index="0" bw="1" slack="0"/>
<pin id="173" dir="0" index="1" bw="1" slack="0"/>
<pin id="174" dir="0" index="2" bw="9" slack="0"/>
<pin id="175" dir="1" index="3" bw="9" slack="0"/>
</pin_list>
<bind>
<opcode="select(49) " fcode="select"/>
<opset="select_ln77/2 "/>
</bind>
</comp>

<comp id="179" class="1004" name="select_ln77_1_fu_179">
<pin_list>
<pin id="180" dir="0" index="0" bw="1" slack="0"/>
<pin id="181" dir="0" index="1" bw="8" slack="0"/>
<pin id="182" dir="0" index="2" bw="8" slack="0"/>
<pin id="183" dir="1" index="3" bw="8" slack="0"/>
</pin_list>
<bind>
<opcode="select(49) " fcode="select"/>
<opset="select_ln77_1/2 "/>
</bind>
</comp>

<comp id="187" class="1004" name="empty_fu_187">
<pin_list>
<pin id="188" dir="0" index="0" bw="8" slack="0"/>
<pin id="189" dir="1" index="1" bw="7" slack="0"/>
</pin_list>
<bind>
<opcode="trunc(33) " fcode="trunc"/>
<opset="empty/2 "/>
</bind>
</comp>

<comp id="191" class="1004" name="first_iter_3_fu_191">
<pin_list>
<pin id="192" dir="0" index="0" bw="9" slack="0"/>
<pin id="193" dir="0" index="1" bw="1" slack="0"/>
<pin id="194" dir="1" index="2" bw="1" slack="2"/>
</pin_list>
<bind>
<opcode="icmp(45) " fcode="icmp"/>
<opset="first_iter_3/2 "/>
</bind>
</comp>

<comp id="197" class="1004" name="tmp_1_fu_197">
<pin_list>
<pin id="198" dir="0" index="0" bw="15" slack="0"/>
<pin id="199" dir="0" index="1" bw="7" slack="0"/>
<pin id="200" dir="0" index="2" bw="1" slack="0"/>
<pin id="201" dir="1" index="3" bw="15" slack="0"/>
</pin_list>
<bind>
<opcode="bitconcatenate(1004) " fcode="bitconcatenate"/>
<opset="tmp_1/2 "/>
</bind>
</comp>

<comp id="205" class="1004" name="zext_ln83_fu_205">
<pin_list>
<pin id="206" dir="0" index="0" bw="9" slack="0"/>
<pin id="207" dir="1" index="1" bw="64" slack="0"/>
</pin_list>
<bind>
<opcode="zext(34) " fcode="zext"/>
<opset="zext_ln83/2 "/>
</bind>
</comp>

<comp id="210" class="1004" name="zext_ln86_fu_210">
<pin_list>
<pin id="211" dir="0" index="0" bw="9" slack="0"/>
<pin id="212" dir="1" index="1" bw="15" slack="0"/>
</pin_list>
<bind>
<opcode="zext(34) " fcode="zext"/>
<opset="zext_ln86/2 "/>
</bind>
</comp>

<comp id="214" class="1004" name="add_ln86_fu_214">
<pin_list>
<pin id="215" dir="0" index="0" bw="15" slack="0"/>
<pin id="216" dir="0" index="1" bw="9" slack="0"/>
<pin id="217" dir="1" index="2" bw="15" slack="0"/>
</pin_list>
<bind>
<opcode="add(8) " fcode="add"/>
<opset="add_ln86/2 "/>
</bind>
</comp>

<comp id="220" class="1004" name="zext_ln86_1_fu_220">
<pin_list>
<pin id="221" dir="0" index="0" bw="15" slack="0"/>
<pin id="222" dir="1" index="1" bw="64" slack="0"/>
</pin_list>
<bind>
<opcode="zext(34) " fcode="zext"/>
<opset="zext_ln86_1/2 "/>
</bind>
</comp>

<comp id="225" class="1004" name="add_ln83_fu_225">
<pin_list>
<pin id="226" dir="0" index="0" bw="9" slack="0"/>
<pin id="227" dir="0" index="1" bw="1" slack="0"/>
<pin id="228" dir="1" index="2" bw="9" slack="0"/>
</pin_list>
<bind>
<opcode="add(8) " fcode="add"/>
<opset="add_ln83/2 "/>
</bind>
</comp>

<comp id="231" class="1004" name="icmp_ln83_1_fu_231">
<pin_list>
<pin id="232" dir="0" index="0" bw="9" slack="0"/>
<pin id="233" dir="0" index="1" bw="9" slack="0"/>
<pin id="234" dir="1" index="2" bw="1" slack="5"/>
</pin_list>
<bind>
<opcode="icmp(45) " fcode="icmp"/>
<opset="icmp_ln83_1/2 "/>
</bind>
</comp>

<comp id="237" class="1004" name="store_ln77_store_fu_237">
<pin_list>
<pin id="238" dir="0" index="0" bw="16" slack="0"/>
<pin id="239" dir="0" index="1" bw="16" slack="1"/>
<pin id="240" dir="1" index="2" bw="0" slack="2147483647"/>
</pin_list>
<bind>
<opcode="store(28) " fcode="store"/>
<opset="store_ln77/2 "/>
</bind>
</comp>

<comp id="242" class="1004" name="store_ln77_store_fu_242">
<pin_list>
<pin id="243" dir="0" index="0" bw="8" slack="0"/>
<pin id="244" dir="0" index="1" bw="8" slack="1"/>
<pin id="245" dir="1" index="2" bw="0" slack="2147483647"/>
</pin_list>
<bind>
<opcode="store(28) " fcode="store"/>
<opset="store_ln77/2 "/>
</bind>
</comp>

<comp id="247" class="1004" name="store_ln83_store_fu_247">
<pin_list>
<pin id="248" dir="0" index="0" bw="9" slack="0"/>
<pin id="249" dir="0" index="1" bw="9" slack="1"/>
<pin id="250" dir="1" index="2" bw="0" slack="2147483647"/>
</pin_list>
<bind>
<opcode="store(28) " fcode="store"/>
<opset="store_ln83/2 "/>
</bind>
</comp>

<comp id="252" class="1004" name="zext_ln77_fu_252">
<pin_list>
<pin id="253" dir="0" index="0" bw="8" slack="2"/>
<pin id="254" dir="1" index="1" bw="64" slack="0"/>
</pin_list>
<bind>
<opcode="zext(34) " fcode="zext"/>
<opset="zext_ln77/4 "/>
</bind>
</comp>

<comp id="257" class="1004" name="store_ln81_store_fu_257">
<pin_list>
<pin id="258" dir="0" index="0" bw="32" slack="0"/>
<pin id="259" dir="0" index="1" bw="32" slack="4"/>
<pin id="260" dir="1" index="2" bw="0" slack="2147483647"/>
</pin_list>
<bind>
<opcode="store(28) " fcode="store"/>
<opset="store_ln81/5 "/>
</bind>
</comp>

<comp id="262" class="1004" name="acc_load_load_fu_262">
<pin_list>
<pin id="263" dir="0" index="0" bw="32" slack="5"/>
<pin id="264" dir="1" index="1" bw="32" slack="0"/>
</pin_list>
<bind>
<opcode="load(27) " fcode="load"/>
<opset="acc_load/6 "/>
</bind>
</comp>

<comp id="266" class="1004" name="store_ln81_store_fu_266">
<pin_list>
<pin id="267" dir="0" index="0" bw="32" slack="0"/>
<pin id="268" dir="0" index="1" bw="32" slack="5"/>
<pin id="269" dir="1" index="2" bw="0" slack="2147483647"/>
</pin_list>
<bind>
<opcode="store(28) " fcode="store"/>
<opset="store_ln81/6 "/>
</bind>
</comp>

<comp id="271" class="1005" name="i_reg_271">
<pin_list>
<pin id="272" dir="0" index="0" bw="9" slack="0"/>
<pin id="273" dir="1" index="1" bw="9" slack="0"/>
</pin_list>
<bind>
<opset="i "/>
</bind>
</comp>

<comp id="278" class="1005" name="o_reg_278">
<pin_list>
<pin id="279" dir="0" index="0" bw="8" slack="0"/>
<pin id="280" dir="1" index="1" bw="8" slack="0"/>
</pin_list>
<bind>
<opset="o "/>
</bind>
</comp>

<comp id="285" class="1005" name="indvar_flatten23_reg_285">
<pin_list>
<pin id="286" dir="0" index="0" bw="16" slack="0"/>
<pin id="287" dir="1" index="1" bw="16" slack="0"/>
</pin_list>
<bind>
<opset="indvar_flatten23 "/>
</bind>
</comp>

<comp id="292" class="1005" name="acc_reg_292">
<pin_list>
<pin id="293" dir="0" index="0" bw="32" slack="4"/>
<pin id="294" dir="1" index="1" bw="32" slack="4"/>
</pin_list>
<bind>
<opset="acc "/>
</bind>
</comp>

<comp id="299" class="1005" name="icmp_ln77_reg_299">
<pin_list>
<pin id="300" dir="0" index="0" bw="1" slack="4"/>
<pin id="301" dir="1" index="1" bw="1" slack="2147483647"/>
</pin_list>
<bind>
<opset="icmp_ln77 "/>
</bind>
</comp>

<comp id="303" class="1005" name="select_ln77_1_reg_303">
<pin_list>
<pin id="304" dir="0" index="0" bw="8" slack="2"/>
<pin id="305" dir="1" index="1" bw="8" slack="2"/>
</pin_list>
<bind>
<opset="select_ln77_1 "/>
</bind>
</comp>

<comp id="308" class="1005" name="first_iter_3_reg_308">
<pin_list>
<pin id="309" dir="0" index="0" bw="1" slack="2"/>
<pin id="310" dir="1" index="1" bw="1" slack="2147483647"/>
</pin_list>
<bind>
<opset="first_iter_3 "/>
</bind>
</comp>

<comp id="312" class="1005" name="weights_addr_reg_312">
<pin_list>
<pin id="313" dir="0" index="0" bw="15" slack="1"/>
<pin id="314" dir="1" index="1" bw="15" slack="1"/>
</pin_list>
<bind>
<opset="weights_addr "/>
</bind>
</comp>

<comp id="317" class="1005" name="l1_addr_reg_317">
<pin_list>
<pin id="318" dir="0" index="0" bw="8" slack="1"/>
<pin id="319" dir="1" index="1" bw="8" slack="1"/>
</pin_list>
<bind>
<opset="l1_addr "/>
</bind>
</comp>

<comp id="322" class="1005" name="icmp_ln83_1_reg_322">
<pin_list>
<pin id="323" dir="0" index="0" bw="1" slack="5"/>
<pin id="324" dir="1" index="1" bw="1" slack="2147483647"/>
</pin_list>
<bind>
<opset="icmp_ln83_1 "/>
</bind>
</comp>

<comp id="326" class="1005" name="l1_load_reg_326">
<pin_list>
<pin id="327" dir="0" index="0" bw="32" slack="1"/>
<pin id="328" dir="1" index="1" bw="32" slack="1"/>
</pin_list>
<bind>
<opset="l1_load "/>
</bind>
</comp>

<comp id="331" class="1005" name="weights_load_reg_331">
<pin_list>
<pin id="332" dir="0" index="0" bw="32" slack="1"/>
<pin id="333" dir="1" index="1" bw="32" slack="1"/>
</pin_list>
<bind>
<opset="weights_load "/>
</bind>
</comp>

<comp id="336" class="1005" name="bias_addr_reg_336">
<pin_list>
<pin id="337" dir="0" index="0" bw="7" slack="1"/>
<pin id="338" dir="1" index="1" bw="7" slack="1"/>
</pin_list>
<bind>
<opset="bias_addr "/>
</bind>
</comp>

<comp id="341" class="1005" name="l2_addr_reg_341">
<pin_list>
<pin id="342" dir="0" index="0" bw="7" slack="3"/>
<pin id="343" dir="1" index="1" bw="7" slack="3"/>
</pin_list>
<bind>
<opset="l2_addr "/>
</bind>
</comp>

<comp id="346" class="1005" name="mul_i1_reg_346">
<pin_list>
<pin id="347" dir="0" index="0" bw="32" slack="1"/>
<pin id="348" dir="1" index="1" bw="32" slack="1"/>
</pin_list>
<bind>
<opset="mul_i1 "/>
</bind>
</comp>

<comp id="351" class="1005" name="acc_2_reg_351">
<pin_list>
<pin id="352" dir="0" index="0" bw="32" slack="1"/>
<pin id="353" dir="1" index="1" bw="32" slack="1"/>
</pin_list>
<bind>
<opset="acc_2 "/>
</bind>
</comp>

</comp_list>

<net_list>
<net id="49"><net_src comp="8" pin="0"/><net_sink comp="46" pin=0"/></net>

<net id="53"><net_src comp="8" pin="0"/><net_sink comp="50" pin=0"/></net>

<net id="57"><net_src comp="8" pin="0"/><net_sink comp="54" pin=0"/></net>

<net id="61"><net_src comp="8" pin="0"/><net_sink comp="58" pin=0"/></net>

<net id="67"><net_src comp="4" pin="0"/><net_sink comp="62" pin=0"/></net>

<net id="68"><net_src comp="26" pin="0"/><net_sink comp="62" pin=1"/></net>

<net id="74"><net_src comp="0" pin="0"/><net_sink comp="69" pin=0"/></net>

<net id="75"><net_src comp="26" pin="0"/><net_sink comp="69" pin=1"/></net>

<net id="81"><net_src comp="69" pin="3"/><net_sink comp="76" pin=0"/></net>

<net id="87"><net_src comp="62" pin="3"/><net_sink comp="82" pin=0"/></net>

<net id="93"><net_src comp="6" pin="0"/><net_sink comp="88" pin=0"/></net>

<net id="94"><net_src comp="26" pin="0"/><net_sink comp="88" pin=1"/></net>

<net id="100"><net_src comp="88" pin="3"/><net_sink comp="95" pin=0"/></net>

<net id="106"><net_src comp="2" pin="0"/><net_sink comp="101" pin=0"/></net>

<net id="107"><net_src comp="26" pin="0"/><net_sink comp="101" pin=1"/></net>

<net id="121"><net_src comp="76" pin="3"/><net_sink comp="117" pin=0"/></net>

<net id="122"><net_src comp="82" pin="3"/><net_sink comp="117" pin=1"/></net>

<net id="127"><net_src comp="10" pin="0"/><net_sink comp="123" pin=0"/></net>

<net id="132"><net_src comp="12" pin="0"/><net_sink comp="128" pin=0"/></net>

<net id="137"><net_src comp="14" pin="0"/><net_sink comp="133" pin=0"/></net>

<net id="145"><net_src comp="138" pin="1"/><net_sink comp="141" pin=0"/></net>

<net id="146"><net_src comp="16" pin="0"/><net_sink comp="141" pin=1"/></net>

<net id="151"><net_src comp="138" pin="1"/><net_sink comp="147" pin=0"/></net>

<net id="152"><net_src comp="18" pin="0"/><net_sink comp="147" pin=1"/></net>

<net id="163"><net_src comp="156" pin="1"/><net_sink comp="159" pin=0"/></net>

<net id="164"><net_src comp="20" pin="0"/><net_sink comp="159" pin=1"/></net>

<net id="169"><net_src comp="153" pin="1"/><net_sink comp="165" pin=0"/></net>

<net id="170"><net_src comp="22" pin="0"/><net_sink comp="165" pin=1"/></net>

<net id="176"><net_src comp="165" pin="2"/><net_sink comp="171" pin=0"/></net>

<net id="177"><net_src comp="14" pin="0"/><net_sink comp="171" pin=1"/></net>

<net id="178"><net_src comp="153" pin="1"/><net_sink comp="171" pin=2"/></net>

<net id="184"><net_src comp="165" pin="2"/><net_sink comp="179" pin=0"/></net>

<net id="185"><net_src comp="159" pin="2"/><net_sink comp="179" pin=1"/></net>

<net id="186"><net_src comp="156" pin="1"/><net_sink comp="179" pin=2"/></net>

<net id="190"><net_src comp="179" pin="3"/><net_sink comp="187" pin=0"/></net>

<net id="195"><net_src comp="171" pin="3"/><net_sink comp="191" pin=0"/></net>

<net id="196"><net_src comp="14" pin="0"/><net_sink comp="191" pin=1"/></net>

<net id="202"><net_src comp="24" pin="0"/><net_sink comp="197" pin=0"/></net>

<net id="203"><net_src comp="187" pin="1"/><net_sink comp="197" pin=1"/></net>

<net id="204"><net_src comp="12" pin="0"/><net_sink comp="197" pin=2"/></net>

<net id="208"><net_src comp="171" pin="3"/><net_sink comp="205" pin=0"/></net>

<net id="209"><net_src comp="205" pin="1"/><net_sink comp="69" pin=2"/></net>

<net id="213"><net_src comp="171" pin="3"/><net_sink comp="210" pin=0"/></net>

<net id="218"><net_src comp="197" pin="3"/><net_sink comp="214" pin=0"/></net>

<net id="219"><net_src comp="210" pin="1"/><net_sink comp="214" pin=1"/></net>

<net id="223"><net_src comp="214" pin="2"/><net_sink comp="220" pin=0"/></net>

<net id="224"><net_src comp="220" pin="1"/><net_sink comp="62" pin=2"/></net>

<net id="229"><net_src comp="171" pin="3"/><net_sink comp="225" pin=0"/></net>

<net id="230"><net_src comp="28" pin="0"/><net_sink comp="225" pin=1"/></net>

<net id="235"><net_src comp="225" pin="2"/><net_sink comp="231" pin=0"/></net>

<net id="236"><net_src comp="22" pin="0"/><net_sink comp="231" pin=1"/></net>

<net id="241"><net_src comp="147" pin="2"/><net_sink comp="237" pin=0"/></net>

<net id="246"><net_src comp="179" pin="3"/><net_sink comp="242" pin=0"/></net>

<net id="251"><net_src comp="225" pin="2"/><net_sink comp="247" pin=0"/></net>

<net id="255"><net_src comp="252" pin="1"/><net_sink comp="88" pin=2"/></net>

<net id="256"><net_src comp="252" pin="1"/><net_sink comp="101" pin=2"/></net>

<net id="261"><net_src comp="95" pin="3"/><net_sink comp="257" pin=0"/></net>

<net id="265"><net_src comp="262" pin="1"/><net_sink comp="113" pin=0"/></net>

<net id="270"><net_src comp="113" pin="2"/><net_sink comp="266" pin=0"/></net>

<net id="274"><net_src comp="46" pin="1"/><net_sink comp="271" pin=0"/></net>

<net id="275"><net_src comp="271" pin="1"/><net_sink comp="133" pin=1"/></net>

<net id="276"><net_src comp="271" pin="1"/><net_sink comp="153" pin=0"/></net>

<net id="277"><net_src comp="271" pin="1"/><net_sink comp="247" pin=1"/></net>

<net id="281"><net_src comp="50" pin="1"/><net_sink comp="278" pin=0"/></net>

<net id="282"><net_src comp="278" pin="1"/><net_sink comp="128" pin=1"/></net>

<net id="283"><net_src comp="278" pin="1"/><net_sink comp="156" pin=0"/></net>

<net id="284"><net_src comp="278" pin="1"/><net_sink comp="242" pin=1"/></net>

<net id="288"><net_src comp="54" pin="1"/><net_sink comp="285" pin=0"/></net>

<net id="289"><net_src comp="285" pin="1"/><net_sink comp="123" pin=1"/></net>

<net id="290"><net_src comp="285" pin="1"/><net_sink comp="138" pin=0"/></net>

<net id="291"><net_src comp="285" pin="1"/><net_sink comp="237" pin=1"/></net>

<net id="295"><net_src comp="58" pin="1"/><net_sink comp="292" pin=0"/></net>

<net id="296"><net_src comp="292" pin="1"/><net_sink comp="257" pin=1"/></net>

<net id="297"><net_src comp="292" pin="1"/><net_sink comp="262" pin=0"/></net>

<net id="298"><net_src comp="292" pin="1"/><net_sink comp="266" pin=1"/></net>

<net id="302"><net_src comp="141" pin="2"/><net_sink comp="299" pin=0"/></net>

<net id="306"><net_src comp="179" pin="3"/><net_sink comp="303" pin=0"/></net>

<net id="307"><net_src comp="303" pin="1"/><net_sink comp="252" pin=0"/></net>

<net id="311"><net_src comp="191" pin="2"/><net_sink comp="308" pin=0"/></net>

<net id="315"><net_src comp="62" pin="3"/><net_sink comp="312" pin=0"/></net>

<net id="316"><net_src comp="312" pin="1"/><net_sink comp="82" pin=0"/></net>

<net id="320"><net_src comp="69" pin="3"/><net_sink comp="317" pin=0"/></net>

<net id="321"><net_src comp="317" pin="1"/><net_sink comp="76" pin=0"/></net>

<net id="325"><net_src comp="231" pin="2"/><net_sink comp="322" pin=0"/></net>

<net id="329"><net_src comp="76" pin="3"/><net_sink comp="326" pin=0"/></net>

<net id="330"><net_src comp="326" pin="1"/><net_sink comp="117" pin=0"/></net>

<net id="334"><net_src comp="82" pin="3"/><net_sink comp="331" pin=0"/></net>

<net id="335"><net_src comp="331" pin="1"/><net_sink comp="117" pin=1"/></net>

<net id="339"><net_src comp="88" pin="3"/><net_sink comp="336" pin=0"/></net>

<net id="340"><net_src comp="336" pin="1"/><net_sink comp="95" pin=0"/></net>

<net id="344"><net_src comp="101" pin="3"/><net_sink comp="341" pin=0"/></net>

<net id="345"><net_src comp="341" pin="1"/><net_sink comp="108" pin=0"/></net>

<net id="349"><net_src comp="117" pin="2"/><net_sink comp="346" pin=0"/></net>

<net id="350"><net_src comp="346" pin="1"/><net_sink comp="113" pin=1"/></net>

<net id="354"><net_src comp="113" pin="2"/><net_sink comp="351" pin=0"/></net>

<net id="355"><net_src comp="351" pin="1"/><net_sink comp="108" pin=1"/></net>

</net_list>

</model> 
---------------- Datapath Model END ------------------

* FSMD analyzer results:
  - Output states:
	Port: l2 | {7 }
 - Input state : 
	Port: task_detection_accel_Pipeline_VITIS_LOOP_77_3_VITIS_LOOP_83_4 : l1 | {2 3 }
	Port: task_detection_accel_Pipeline_VITIS_LOOP_77_3_VITIS_LOOP_83_4 : weights | {2 3 }
	Port: task_detection_accel_Pipeline_VITIS_LOOP_77_3_VITIS_LOOP_83_4 : bias | {4 5 }
  - Chain level:
	State 1
		store_ln0 : 1
		store_ln77 : 1
		store_ln83 : 1
	State 2
		icmp_ln77 : 1
		add_ln77_1 : 1
		br_ln77 : 2
		add_ln77 : 1
		icmp_ln83 : 1
		select_ln77 : 2
		select_ln77_1 : 2
		empty : 3
		first_iter_3 : 3
		tmp_1 : 4
		br_ln83 : 4
		zext_ln83 : 3
		zext_ln86 : 3
		add_ln86 : 5
		zext_ln86_1 : 6
		weights_addr : 7
		l1_addr : 4
		l1_load : 5
		weights_load : 8
		add_ln83 : 3
		icmp_ln83_1 : 4
		br_ln83 : 5
		store_ln77 : 2
		store_ln77 : 3
		store_ln83 : 4
	State 3
		mul_i1 : 1
	State 4
		bias_addr : 1
		acc_1 : 2
		l2_addr : 1
	State 5
		store_ln81 : 1
	State 6
		acc_2 : 1
		store_ln81 : 2
	State 7


============================================================
+ Verbose Summary: Datapath Resource usage 
============================================================

* Functional unit list:
|----------|----------------------|---------|---------|---------|
| Operation|    Functional Unit   |   DSP   |    FF   |   LUT   |
|----------|----------------------|---------|---------|---------|
|   fmul   |      grp_fu_117      |    3    |   128   |   135   |
|----------|----------------------|---------|---------|---------|
|   fadd   |     acc_2_fu_113     |    2    |    0    |   194   |
|----------|----------------------|---------|---------|---------|
|          |   add_ln77_1_fu_147  |    0    |    0    |    23   |
|    add   |    add_ln77_fu_159   |    0    |    0    |    15   |
|          |    add_ln86_fu_214   |    0    |    0    |    22   |
|          |    add_ln83_fu_225   |    0    |    0    |    16   |
|----------|----------------------|---------|---------|---------|
|          |   icmp_ln77_fu_141   |    0    |    0    |    23   |
|   icmp   |   icmp_ln83_fu_165   |    0    |    0    |    16   |
|          |  first_iter_3_fu_191 |    0    |    0    |    16   |
|          |  icmp_ln83_1_fu_231  |    0    |    0    |    16   |
|----------|----------------------|---------|---------|---------|
|  select  |  select_ln77_fu_171  |    0    |    0    |    9    |
|          | select_ln77_1_fu_179 |    0    |    0    |    8    |
|----------|----------------------|---------|---------|---------|
|   trunc  |     empty_fu_187     |    0    |    0    |    0    |
|----------|----------------------|---------|---------|---------|
|bitconcatenate|     tmp_1_fu_197     |    0    |    0    |    0    |
|----------|----------------------|---------|---------|---------|
|          |   zext_ln83_fu_205   |    0    |    0    |    0    |
|   zext   |   zext_ln86_fu_210   |    0    |    0    |    0    |
|          |  zext_ln86_1_fu_220  |    0    |    0    |    0    |
|          |   zext_ln77_fu_252   |    0    |    0    |    0    |
|----------|----------------------|---------|---------|---------|
|   Total  |                      |    5    |   128   |   493   |
|----------|----------------------|---------|---------|---------|

Memories:
N/A

* Register list:
+------------------------+--------+
|                        |   FF   |
+------------------------+--------+
|      acc_2_reg_351     |   32   |
|       acc_reg_292      |   32   |
|    bias_addr_reg_336   |    7   |
|  first_iter_3_reg_308  |    1   |
|        i_reg_271       |    9   |
|    icmp_ln77_reg_299   |    1   |
|   icmp_ln83_1_reg_322  |    1   |
|indvar_flatten23_reg_285|   16   |
|     l1_addr_reg_317    |    8   |
|     l1_load_reg_326    |   32   |
|     l2_addr_reg_341    |    7   |
|     mul_i1_reg_346     |   32   |
|        o_reg_278       |    8   |
|  select_ln77_1_reg_303 |    8   |
|  weights_addr_reg_312  |   15   |
|  weights_load_reg_331  |   32   |
+------------------------+--------+
|          Total         |   241  |
+------------------------+--------+

* Multiplexer (MUX) list: 
|------------------|------|------|------|--------||---------||---------||---------|
|       Comp       |  Pin | Size |  BW  | S x BW ||  Delay  ||    FF   ||   LUT   |
|------------------|------|------|------|--------||---------||---------||---------|
| grp_access_fu_76 |  p0  |   2  |   8  |   16   ||    0    ||    9    |
| grp_access_fu_82 |  p0  |   2  |  15  |   30   ||    0    ||    9    |
| grp_access_fu_95 |  p0  |   2  |   7  |   14   ||    0    ||    9    |
|    grp_fu_117    |  p0  |   2  |  32  |   64   ||    0    ||    9    |
|    grp_fu_117    |  p1  |   2  |  32  |   64   ||    0    ||    9    |
|------------------|------|------|------|--------||---------||---------||---------|
|       Total      |      |      |      |   188  ||  4.165  ||    0    ||    45   |
|------------------|------|------|------|--------||---------||---------||---------|



* Summary:
+-----------+--------+--------+--------+--------+
|           |   DSP  |  Delay |   FF   |   LUT  |
+-----------+--------+--------+--------+--------+
|  Function |    5   |    -   |   128  |   493  |
|   Memory  |    -   |    -   |    -   |    -   |
|Multiplexer|    -   |    4   |    0   |   45   |
|  Register |    -   |    -   |   241  |    -   |
+-----------+--------+--------+--------+--------+
|   Total   |    5   |    4   |   369  |   538  |
+-----------+--------+--------+--------+--------+
