

================================================================
== Vitis HLS Report for 'task_detection_accel_Pipeline_VITIS_LOOP_19_1_VITIS_LOOP_23_2'
================================================================
* Date:           Sun Jun 14 16:33:25 2026

* Version:        2025.2 (Build 6295257 on Nov 14 2025)
* Project:        task_detection_tpu
* Solution:       hls (Vivado IP Flow Target)
* Product family: kintex7
* Target device:  xc7k325t-ffg900-2


================================================================
== Performance Estimates
================================================================
+ Timing: 
    * Summary: 
    +--------+----------+----------+------------+
    |  Clock |  Target  | Estimated| Uncertainty|
    +--------+----------+----------+------------+
    |ap_clk  |  10.00 ns|  5.645 ns|     2.70 ns|
    +--------+----------+----------+------------+

+ Latency: 
    * Summary: 
    +---------+---------+----------+----------+-----+-----+-------------------+
    |  Latency (cycles) |  Latency (absolute) |  Interval |      Pipeline     |
    |   min   |   max   |    min   |    max   | min | max |        Type       |
    +---------+---------+----------+----------+-----+-----+-------------------+
    |    46082|    46082|  0.461 ms|  0.461 ms|    0|    0|  loop pipeline stp|
    +---------+---------+----------+----------+-----+-----+-------------------+

    + Detail: 
        * Instance: 
        N/A

        * Loop: 
        +-----------------------------------+---------+---------+----------+-----------+-----------+-------+----------+
        |                                   |  Latency (cycles) | Iteration|  Initiation Interval  |  Trip |          |
        |             Loop Name             |   min   |   max   |  Latency |  achieved |   target  | Count | Pipelined|
        +-----------------------------------+---------+---------+----------+-----------+-----------+-------+----------+
        |- VITIS_LOOP_19_1_VITIS_LOOP_23_2  |    46080|    46080|         2|          1|          1|  46080|       yes|
        +-----------------------------------+---------+---------+----------+-----------+-----------+-------+----------+

============================================================
+ Verbose Summary: Synthesis Manager
============================================================
InlineROM: 1
ExposeGlobal: 0
============================================================
+ Verbose Summary: CDFG Model
============================================================
IsTopModel: 0
ResetActiveHigh: 1
IsCombinational: 0
IsDatapathOnly: 0
HasWiredReturn: 1
HasMFsm: 2
HasVarLatency: 1
IsPipeline: 0
IsRtlPipelined: 0
IsInstanceOverlapped: 0
IsDontTouch: 0
HasImplIP: 0
IsGatedGlobalClock: 0

+ Individual pipeline summary: 
  * Pipeline-0: initiation interval (II) = 1, depth = 3


============================================================
+ Verbose Summary: Schedule
============================================================
* Number of FSM states : 3
* Pipeline : 1
  Pipeline-0 : II = 1, D = 3, States = { 1 2 3 }
* Dataflow Pipeline: 0

* FSM state transitions: 
1 --> 2 
2 --> 3 
3 --> 

* FSM state operations: 

State 1 <SV = 0> <Delay = 0.83>
ST_1 : Operation 5 [1/1] (0.00ns)   --->   "%i_1 = alloca i32 1" [mlp_engine.cpp:23->task_detection_accel.cpp:37]   --->   Operation 5 'alloca' 'i_1' <Predicate = true> <Delay = 0.00>
ST_1 : Operation 6 [1/1] (0.00ns)   --->   "%o = alloca i32 1" [mlp_engine.cpp:19->task_detection_accel.cpp:37]   --->   Operation 6 'alloca' 'o' <Predicate = true> <Delay = 0.00>
ST_1 : Operation 7 [1/1] (0.00ns)   --->   "%indvar_flatten = alloca i32 1"   --->   Operation 7 'alloca' 'indvar_flatten' <Predicate = true> <Delay = 0.00>
ST_1 : Operation 8 [1/1] (0.83ns)   --->   "%store_ln0 = store i16 0, i16 %indvar_flatten"   --->   Operation 8 'store' 'store_ln0' <Predicate = true> <Delay = 0.83>
ST_1 : Operation 9 [1/1] (0.83ns)   --->   "%store_ln19 = store i9 0, i9 %o" [mlp_engine.cpp:19->task_detection_accel.cpp:37]   --->   Operation 9 'store' 'store_ln19' <Predicate = true> <Delay = 0.83>
ST_1 : Operation 10 [1/1] (0.83ns)   --->   "%store_ln23 = store i8 0, i8 %i_1" [mlp_engine.cpp:23->task_detection_accel.cpp:37]   --->   Operation 10 'store' 'store_ln23' <Predicate = true> <Delay = 0.83>
ST_1 : Operation 11 [1/1] (0.00ns)   --->   "%br_ln0 = br void %for.inc.i"   --->   Operation 11 'br' 'br_ln0' <Predicate = true> <Delay = 0.00>

State 2 <SV = 1> <Delay = 5.64>
ST_2 : Operation 12 [1/1] (0.00ns)   --->   "%indvar_flatten_load = load i16 %indvar_flatten" [mlp_engine.cpp:19->task_detection_accel.cpp:37]   --->   Operation 12 'load' 'indvar_flatten_load' <Predicate = true> <Delay = 0.00>
ST_2 : Operation 13 [1/1] (1.34ns)   --->   "%icmp_ln19 = icmp_eq  i16 %indvar_flatten_load, i16 46080" [mlp_engine.cpp:19->task_detection_accel.cpp:37]   --->   Operation 13 'icmp' 'icmp_ln19' <Predicate = true> <Delay = 1.34> <CoreInst = "Cmp">   --->   Core 9 'Cmp' <Latency = 0> <II = 1> <Delay = 1.34> <FuncUnit> <Opcode : 'seteq' 'setne' 'setle' 'setge' 'setlt' 'setgt'> <InPorts = 2> <OutPorts = 1>
ST_2 : Operation 14 [1/1] (1.34ns)   --->   "%add_ln19_1 = add i16 %indvar_flatten_load, i16 1" [mlp_engine.cpp:19->task_detection_accel.cpp:37]   --->   Operation 14 'add' 'add_ln19_1' <Predicate = true> <Delay = 1.34> <CoreInst = "Adder">   --->   Core 1 'Adder' <Latency = 0> <II = 1> <Delay = 1.34> <FuncUnit> <Opcode : 'add' 'sub'> <InPorts = 2> <OutPorts = 1>
ST_2 : Operation 15 [1/1] (0.00ns)   --->   "%br_ln19 = br i1 %icmp_ln19, void %for.inc9.i, void %for.end11.i.exitStub" [mlp_engine.cpp:19->task_detection_accel.cpp:37]   --->   Operation 15 'br' 'br_ln19' <Predicate = true> <Delay = 0.00>
ST_2 : Operation 16 [1/1] (0.00ns)   --->   "%i_1_load = load i8 %i_1" [mlp_engine.cpp:23->task_detection_accel.cpp:37]   --->   Operation 16 'load' 'i_1_load' <Predicate = (!icmp_ln19)> <Delay = 0.00>
ST_2 : Operation 17 [1/1] (0.00ns)   --->   "%o_load = load i9 %o" [mlp_engine.cpp:19->task_detection_accel.cpp:37]   --->   Operation 17 'load' 'o_load' <Predicate = (!icmp_ln19)> <Delay = 0.00>
ST_2 : Operation 18 [1/1] (1.35ns)   --->   "%add_ln19 = add i9 %o_load, i9 1" [mlp_engine.cpp:19->task_detection_accel.cpp:37]   --->   Operation 18 'add' 'add_ln19' <Predicate = (!icmp_ln19)> <Delay = 1.35> <CoreInst = "Adder">   --->   Core 1 'Adder' <Latency = 0> <II = 1> <Delay = 1.35> <FuncUnit> <Opcode : 'add' 'sub'> <InPorts = 2> <OutPorts = 1>
ST_2 : Operation 19 [1/1] (0.00ns)   --->   "%specloopname_ln0 = specloopname void @_ssdm_op_SpecLoopName, void @VITIS_LOOP_19_1_VITIS_LOOP_23_2_str"   --->   Operation 19 'specloopname' 'specloopname_ln0' <Predicate = (!icmp_ln19)> <Delay = 0.00>
ST_2 : Operation 20 [1/1] (0.00ns)   --->   "%speclooptripcount_ln0 = speclooptripcount void @_ssdm_op_SpecLoopTripCount, i64 46080, i64 46080, i64 46080"   --->   Operation 20 'speclooptripcount' 'speclooptripcount_ln0' <Predicate = (!icmp_ln19)> <Delay = 0.00>
ST_2 : Operation 21 [1/1] (1.35ns)   --->   "%icmp_ln23 = icmp_eq  i8 %i_1_load, i8 180" [mlp_engine.cpp:23->task_detection_accel.cpp:37]   --->   Operation 21 'icmp' 'icmp_ln23' <Predicate = (!icmp_ln19)> <Delay = 1.35> <CoreInst = "Cmp">   --->   Core 9 'Cmp' <Latency = 0> <II = 1> <Delay = 1.35> <FuncUnit> <Opcode : 'seteq' 'setne' 'setle' 'setge' 'setlt' 'setgt'> <InPorts = 2> <OutPorts = 1>
ST_2 : Operation 22 [1/1] (0.37ns)   --->   "%select_ln19 = select i1 %icmp_ln23, i8 0, i8 %i_1_load" [mlp_engine.cpp:19->task_detection_accel.cpp:37]   --->   Operation 22 'select' 'select_ln19' <Predicate = (!icmp_ln19)> <Delay = 0.37> <CoreInst = "Sel">   --->   Core 73 'Sel' <Latency = 0> <II = 1> <Delay = 0.37> <FuncUnit> <Opcode : 'select'> <InPorts = 3> <OutPorts = 1>
ST_2 : Operation 23 [1/1] (0.37ns)   --->   "%select_ln19_1 = select i1 %icmp_ln23, i9 %add_ln19, i9 %o_load" [mlp_engine.cpp:19->task_detection_accel.cpp:37]   --->   Operation 23 'select' 'select_ln19_1' <Predicate = (!icmp_ln19)> <Delay = 0.37> <CoreInst = "Sel">   --->   Core 73 'Sel' <Latency = 0> <II = 1> <Delay = 0.37> <FuncUnit> <Opcode : 'select'> <InPorts = 3> <OutPorts = 1>
ST_2 : Operation 24 [1/1] (1.35ns)   --->   "%first_iter_0 = icmp_eq  i8 %select_ln19, i8 0" [mlp_engine.cpp:19->task_detection_accel.cpp:37]   --->   Operation 24 'icmp' 'first_iter_0' <Predicate = (!icmp_ln19)> <Delay = 1.35> <CoreInst = "Cmp">   --->   Core 9 'Cmp' <Latency = 0> <II = 1> <Delay = 1.35> <FuncUnit> <Opcode : 'seteq' 'setne' 'setle' 'setge' 'setlt' 'setgt'> <InPorts = 2> <OutPorts = 1>
ST_2 : Operation 25 [1/1] (0.00ns)   --->   "%zext_ln19 = zext i9 %select_ln19_1" [mlp_engine.cpp:19->task_detection_accel.cpp:37]   --->   Operation 25 'zext' 'zext_ln19' <Predicate = (!icmp_ln19)> <Delay = 0.00>
ST_2 : Operation 26 [1/1] (0.00ns)   --->   "%zext_ln21 = zext i9 %select_ln19_1" [mlp_engine.cpp:21->task_detection_accel.cpp:37]   --->   Operation 26 'zext' 'zext_ln21' <Predicate = (!icmp_ln19)> <Delay = 0.00>
ST_2 : Operation 27 [1/1] (2.57ns)   --->   "%mul_ln21 = mul i16 %zext_ln21, i16 180" [mlp_engine.cpp:21->task_detection_accel.cpp:37]   --->   Operation 27 'mul' 'mul_ln21' <Predicate = (!icmp_ln19)> <Delay = 2.57> <CoreInst = "Multiplier">   --->   Core 3 'Multiplier' <Latency = 0> <II = 1> <Delay = 2.57> <FuncUnit> <Opcode : 'mul'> <InPorts = 2> <OutPorts = 1>
ST_2 : Operation 28 [1/1] (0.00ns)   --->   "%bias_1_addr = getelementptr i32 %bias_1, i64 0, i64 %zext_ln19" [mlp_engine.cpp:21->task_detection_accel.cpp:37]   --->   Operation 28 'getelementptr' 'bias_1_addr' <Predicate = (!icmp_ln19)> <Delay = 0.00>
ST_2 : Operation 29 [1/1] (0.00ns)   --->   "%br_ln23 = br i1 %first_iter_0, void %for.inc.i.split, void %for.first.iter.for.inc.i" [mlp_engine.cpp:23->task_detection_accel.cpp:37]   --->   Operation 29 'br' 'br_ln23' <Predicate = (!icmp_ln19)> <Delay = 0.00>
ST_2 : Operation 30 [1/1] ( I:2.26ns O:2.26ns )   --->   "%store_ln21 = store i32 0, i8 %bias_1_addr" [mlp_engine.cpp:21->task_detection_accel.cpp:37]   --->   Operation 30 'store' 'store_ln21' <Predicate = (!icmp_ln19 & first_iter_0)> <Delay = 2.26> <CoreInst = "RAM">   --->   Core 81 'RAM' <Latency = 1> <II = 1> <Delay = 2.26> <Storage> <Opcode : 'load' 'store'> <Ports = 2> <Width = 32> <Depth = 256> <RAM>
ST_2 : Operation 31 [1/1] (0.00ns)   --->   "%br_ln23 = br void %for.inc.i.split" [mlp_engine.cpp:23->task_detection_accel.cpp:37]   --->   Operation 31 'br' 'br_ln23' <Predicate = (!icmp_ln19 & first_iter_0)> <Delay = 0.00>
ST_2 : Operation 32 [1/1] (0.00ns)   --->   "%zext_ln25 = zext i8 %select_ln19" [mlp_engine.cpp:25->task_detection_accel.cpp:37]   --->   Operation 32 'zext' 'zext_ln25' <Predicate = (!icmp_ln19)> <Delay = 0.00>
ST_2 : Operation 33 [1/1] (1.34ns)   --->   "%add_ln25 = add i16 %mul_ln21, i16 %zext_ln25" [mlp_engine.cpp:25->task_detection_accel.cpp:37]   --->   Operation 33 'add' 'add_ln25' <Predicate = (!icmp_ln19)> <Delay = 1.34> <CoreInst = "Adder">   --->   Core 1 'Adder' <Latency = 0> <II = 1> <Delay = 1.34> <FuncUnit> <Opcode : 'add' 'sub'> <InPorts = 2> <OutPorts = 1>
ST_2 : Operation 34 [1/1] (1.35ns)   --->   "%add_ln23 = add i8 %select_ln19, i8 1" [mlp_engine.cpp:23->task_detection_accel.cpp:37]   --->   Operation 34 'add' 'add_ln23' <Predicate = (!icmp_ln19)> <Delay = 1.35> <CoreInst = "Adder">   --->   Core 1 'Adder' <Latency = 0> <II = 1> <Delay = 1.35> <FuncUnit> <Opcode : 'add' 'sub'> <InPorts = 2> <OutPorts = 1>
ST_2 : Operation 35 [1/1] (0.83ns)   --->   "%store_ln19 = store i16 %add_ln19_1, i16 %indvar_flatten" [mlp_engine.cpp:19->task_detection_accel.cpp:37]   --->   Operation 35 'store' 'store_ln19' <Predicate = (!icmp_ln19)> <Delay = 0.83>
ST_2 : Operation 36 [1/1] (0.83ns)   --->   "%store_ln19 = store i9 %select_ln19_1, i9 %o" [mlp_engine.cpp:19->task_detection_accel.cpp:37]   --->   Operation 36 'store' 'store_ln19' <Predicate = (!icmp_ln19)> <Delay = 0.83>
ST_2 : Operation 37 [1/1] (0.83ns)   --->   "%store_ln23 = store i8 %add_ln23, i8 %i_1" [mlp_engine.cpp:23->task_detection_accel.cpp:37]   --->   Operation 37 'store' 'store_ln23' <Predicate = (!icmp_ln19)> <Delay = 0.83>
ST_2 : Operation 43 [1/1] (0.83ns)   --->   "%ret_ln0 = ret"   --->   Operation 43 'ret' 'ret_ln0' <Predicate = (icmp_ln19)> <Delay = 0.83>

State 3 <SV = 2> <Delay = 2.26>
ST_3 : Operation 38 [1/1] (0.00ns)   --->   "%zext_ln25_1 = zext i16 %add_ln25" [mlp_engine.cpp:25->task_detection_accel.cpp:37]   --->   Operation 38 'zext' 'zext_ln25_1' <Predicate = true> <Delay = 0.00>
ST_3 : Operation 39 [1/1] (0.00ns)   --->   "%weights_1_addr = getelementptr i32 %weights_1, i64 0, i64 %zext_ln25_1" [mlp_engine.cpp:25->task_detection_accel.cpp:37]   --->   Operation 39 'getelementptr' 'weights_1_addr' <Predicate = true> <Delay = 0.00>
ST_3 : Operation 40 [1/1] (0.00ns)   --->   "%specpipeline_ln23 = specpipeline void @_ssdm_op_SpecPipeline, i32 4294967295, i32 0, i32 0, i32 0, i32 4294967295, void @empty_13" [mlp_engine.cpp:23->task_detection_accel.cpp:37]   --->   Operation 40 'specpipeline' 'specpipeline_ln23' <Predicate = true> <Delay = 0.00>
ST_3 : Operation 41 [1/1] ( I:2.26ns O:2.26ns )   --->   "%store_ln25 = store i32 0.01, i16 %weights_1_addr" [mlp_engine.cpp:25->task_detection_accel.cpp:37]   --->   Operation 41 'store' 'store_ln25' <Predicate = true> <Delay = 2.26> <CoreInst = "RAM">   --->   Core 81 'RAM' <Latency = 1> <II = 1> <Delay = 2.26> <Storage> <Opcode : 'load' 'store'> <Ports = 2> <Width = 32> <Depth = 46080> <RAM>
ST_3 : Operation 42 [1/1] (0.00ns)   --->   "%br_ln23 = br void %for.inc.i" [mlp_engine.cpp:23->task_detection_accel.cpp:37]   --->   Operation 42 'br' 'br_ln23' <Predicate = true> <Delay = 0.00>


============================================================
+ Verbose Summary: Timing violations
============================================================
Target clock period: 10.000ns, clock uncertainty: 2.700ns.

 <State 1>: 0.833ns
The critical path consists of the following:
	'alloca' operation 16 bit ('indvar_flatten') [5]  (0.000 ns)
	'store' operation ('store_ln0') of constant 0 16 bit on local variable 'indvar_flatten' [6]  (0.833 ns)

 <State 2>: 5.645ns
The critical path consists of the following:
	'load' operation 8 bit ('i_1_load', mlp_engine.cpp:23->task_detection_accel.cpp:37) on local variable 'i', mlp_engine.cpp:23->task_detection_accel.cpp:37 [16]  (0.000 ns)
	'icmp' operation 1 bit ('icmp_ln23', mlp_engine.cpp:23->task_detection_accel.cpp:37) [21]  (1.357 ns)
	'select' operation 9 bit ('select_ln19_1', mlp_engine.cpp:19->task_detection_accel.cpp:37) [23]  (0.372 ns)
	'mul' operation 16 bit ('mul_ln21', mlp_engine.cpp:21->task_detection_accel.cpp:37) [27]  (2.570 ns)
	'add' operation 16 bit ('add_ln25', mlp_engine.cpp:25->task_detection_accel.cpp:37) [35]  (1.346 ns)

 <State 3>: 2.266ns
The critical path consists of the following:
	'getelementptr' operation 16 bit ('weights_1_addr', mlp_engine.cpp:25->task_detection_accel.cpp:37) [37]  (0.000 ns)
	'store' operation ('store_ln25', mlp_engine.cpp:25->task_detection_accel.cpp:37) of constant 0.01 32 bit on array 'weights_1' [39]  (2.266 ns)


============================================================
+ Verbose Summary: Binding
============================================================
N/A
* FSMD analyzer results:
  - Output states:
 - Input state : 
  - Chain level:
	State 1
	State 2
	State 3


============================================================
+ Verbose Summary: Datapath Resource usage 
============================================================
N/A
