  **** HLS Build v2025.2 6295257
INFO: [HLS 200-2005] Using work_dir /home/dlohchab/projects/Verilog/DVCON/task_detection_tpu/tpu_pe_experiment/tpu_pe_experiment 
INFO: [HLS 200-2176] Writing Vitis IDE component file /home/dlohchab/projects/Verilog/DVCON/task_detection_tpu/tpu_pe_experiment/tpu_pe_experiment/vitis-comp.json
INFO: [HLS 200-10] Creating and opening component '/home/dlohchab/projects/Verilog/DVCON/task_detection_tpu/tpu_pe_experiment/tpu_pe_experiment'.
INFO: [HLS 200-1505] Using default flow_target 'vivado'
Resolution: For help on HLS 200-1505 see docs.amd.com/access/sources/dita/topic?Doc_Version=2025.2%20English&url=ug1448-hls-guidance&resourceid=200-1505.html
INFO: [HLS 200-2174] Applying component config ini file hls_config.cfg
INFO: [HLS 200-1465] Applying config ini 'syn.file=../task_detection_tpu/pe.cpp' from hls_config.cfg(8)
INFO: [HLS 200-10] Adding design file '/home/dlohchab/projects/Verilog/DVCON/task_detection_tpu/task_detection_tpu/pe.cpp' to the project
INFO: [HLS 200-1465] Applying config ini 'syn.file=../task_detection_tpu/systolic_2x2.cpp' from hls_config.cfg(9)
INFO: [HLS 200-10] Adding design file '/home/dlohchab/projects/Verilog/DVCON/task_detection_tpu/task_detection_tpu/systolic_2x2.cpp' to the project
INFO: [HLS 200-1465] Applying config ini 'syn.file=../task_detection_tpu/systolic_4x4.cpp' from hls_config.cfg(10)
INFO: [HLS 200-10] Adding design file '/home/dlohchab/projects/Verilog/DVCON/task_detection_tpu/task_detection_tpu/systolic_4x4.cpp' to the project
INFO: [HLS 200-1465] Applying config ini 'syn.file=../task_detection_tpu/systolic_8x8.cpp' from hls_config.cfg(11)
INFO: [HLS 200-10] Adding design file '/home/dlohchab/projects/Verilog/DVCON/task_detection_tpu/task_detection_tpu/systolic_8x8.cpp' to the project
INFO: [HLS 200-1465] Applying config ini 'tb.file=../task_detection_tpu/systolic_8x8_tb.cpp' from hls_config.cfg(12)
INFO: [HLS 200-10] Adding test bench file '/home/dlohchab/projects/Verilog/DVCON/task_detection_tpu/task_detection_tpu/systolic_8x8_tb.cpp' to the project
INFO: [HLS 200-1465] Applying config ini 'syn.top=systolic_4x4' from hls_config.cfg(7)
INFO: [HLS 200-1465] Applying config ini 'flow_target=vivado' from hls_config.cfg(4)
INFO: [HLS 200-1505] Using flow_target 'vivado'
Resolution: For help on HLS 200-1505 see docs.amd.com/access/sources/dita/topic?Doc_Version=2025.2%20English&url=ug1448-hls-guidance&resourceid=200-1505.html
INFO: [HLS 200-1465] Applying config ini 'part=xc7k325tffg900-2' from hls_config.cfg(1)
INFO: [HLS 200-1611] Setting target device to 'xc7k325t-ffg900-2'
INFO: [HLS 200-1465] Applying config ini 'package.output.format=ip_catalog' from hls_config.cfg(5)
INFO: [HLS 200-2176] Writing Vitis IDE component file /home/dlohchab/projects/Verilog/DVCON/task_detection_tpu/tpu_pe_experiment/tpu_pe_experiment/vitis-comp.json
INFO: [SIM 211-2] *************** CSIM start ***************
INFO: [HLS 200-2191] C-Simulation will use clang-16 as the compiler
INFO: [HLS 200-2036] Building debug C Simulation binaries
   Compiling ../../../../../task_detection_tpu/systolic_8x8_tb.cpp in debug mode
   Compiling ../../../../../task_detection_tpu/systolic_8x8.cpp in debug mode
   Compiling ../../../../../task_detection_tpu/systolic_4x4.cpp in debug mode
   Compiling ../../../../../task_detection_tpu/systolic_2x2.cpp in debug mode
   Compiling ../../../../../task_detection_tpu/pe.cpp in debug mode
   Generating csim.exe
--- Resetting Array ---
--- Pumping Skewed Data (15 cycles) ---
--- Final Output ---
8	14	18	20	20	18	14	8	
7	16	21	24	25	24	21	16	
6	14	24	28	30	30	28	24	
5	12	21	-32	-29	-28	-29	-32	
4	10	18	28	-24	-22	-22	-24	
3	8	15	24	-29	-16	-15	-16	
2	6	12	20	30	-22	-8	-8	
1	4	9	16	25	-28	-15	0	
INFO: [SIM 211-1] CSim done with 0 errors.
INFO: [SIM 211-3] *************** CSIM finish ***************
INFO: [HLS 200-112] Total CPU user time: 13.86 seconds. Total CPU system time: 1.25 seconds. Total elapsed time: 19.2 seconds; peak allocated memory: 275.441 MB.
INFO: [vitis-run 60-791] Total elapsed time: 0h 0m 30s
