  **** HLS Build v2025.2 6295257
INFO: [HLS 200-2005] Using work_dir /home/dlohchab/projects/Verilog/DVCON/task_detection_tpu/tpu_pe_experiment/tpu_pe_experiment 
INFO: [HLS 200-2176] Writing Vitis IDE component file /home/dlohchab/projects/Verilog/DVCON/task_detection_tpu/tpu_pe_experiment/tpu_pe_experiment/vitis-comp.json
INFO: [HLS 200-10] Creating and opening component '/home/dlohchab/projects/Verilog/DVCON/task_detection_tpu/tpu_pe_experiment/tpu_pe_experiment'.
INFO: [HLS 200-1505] Using default flow_target 'vivado'
Resolution: For help on HLS 200-1505 see docs.amd.com/access/sources/dita/topic?Doc_Version=2025.2%20English&url=ug1448-hls-guidance&resourceid=200-1505.html
INFO: [HLS 200-2174] Applying component config ini file hls_config.cfg
INFO: [HLS 200-1465] Applying config ini 'syn.file=../task_detection_tpu/pe.cpp' from hls_config.cfg(8)
INFO: [HLS 200-10] Adding design file '/home/dlohchab/projects/Verilog/DVCON/task_detection_tpu/task_detection_tpu/pe.cpp' to the project
INFO: [HLS 200-1465] Applying config ini 'syn.file=../task_detection_tpu/systolic_2x2.cpp' from hls_config.cfg(9)
INFO: [HLS 200-10] Adding design file '/home/dlohchab/projects/Verilog/DVCON/task_detection_tpu/task_detection_tpu/systolic_2x2.cpp' to the project
INFO: [HLS 200-1465] Applying config ini 'tb.file=../task_detection_tpu/systolic_2x2_tb.cpp' from hls_config.cfg(10)
INFO: [HLS 200-10] Adding test bench file '/home/dlohchab/projects/Verilog/DVCON/task_detection_tpu/task_detection_tpu/systolic_2x2_tb.cpp' to the project
INFO: [HLS 200-1465] Applying config ini 'syn.top=systolic_array_2x2' from hls_config.cfg(7)
INFO: [HLS 200-1465] Applying config ini 'flow_target=vivado' from hls_config.cfg(4)
INFO: [HLS 200-1505] Using flow_target 'vivado'
Resolution: For help on HLS 200-1505 see docs.amd.com/access/sources/dita/topic?Doc_Version=2025.2%20English&url=ug1448-hls-guidance&resourceid=200-1505.html
INFO: [HLS 200-1465] Applying config ini 'part=xc7k325tffg900-2' from hls_config.cfg(1)
INFO: [HLS 200-1611] Setting target device to 'xc7k325t-ffg900-2'
INFO: [HLS 200-1465] Applying config ini 'package.output.format=ip_catalog' from hls_config.cfg(5)
INFO: [HLS 200-2176] Writing Vitis IDE component file /home/dlohchab/projects/Verilog/DVCON/task_detection_tpu/tpu_pe_experiment/tpu_pe_experiment/vitis-comp.json
INFO: [HLS 200-111] Finished File checks and directory preparation: CPU user time: 4.83 seconds. CPU system time: 0.82 seconds. Elapsed time: 8.36 seconds; current allocated memory: 273.453 MB.
INFO: [HLS 200-2191] C-Synthesis will use clang-16 as the compiler
INFO: [HLS 200-10] Analyzing design file '../task_detection_tpu/systolic_2x2.cpp' ... 
INFO: [HLS 200-10] Analyzing design file '../task_detection_tpu/pe.cpp' ... 
WARNING: [HLS 200-1986] Could not apply TOP directive, invalid function, label, or variable (:0)
INFO: [HLS 200-111] Finished Source Code Analysis and Preprocessing: CPU user time: 18.5 seconds. CPU system time: 1.63 seconds. Elapsed time: 24.87 seconds; current allocated memory: 275.117 MB.
ERROR: [HLS 214-157] Top function not found: there is no function named 'systolic_array_2x2'
error: Top function not found: there is no function named 'systolic_array_2x2'
ERROR: Error in opt
INFO: [HLS 200-112] Total CPU user time: 26.09 seconds. Total CPU system time: 2.68 seconds. Total elapsed time: 36.83 seconds; peak allocated memory: 275.289 MB.
