  **** HLS Build v2025.2 6295257
INFO: [HLS 200-2005] Using work_dir /home/dlohchab/projects/Verilog/DVCON/task_detection_tpu/tpu_pe_experiment/tpu_pe_experiment 
INFO: [HLS 200-2176] Writing Vitis IDE component file /home/dlohchab/projects/Verilog/DVCON/task_detection_tpu/tpu_pe_experiment/tpu_pe_experiment/vitis-comp.json
INFO: [HLS 200-10] Creating and opening component '/home/dlohchab/projects/Verilog/DVCON/task_detection_tpu/tpu_pe_experiment/tpu_pe_experiment'.
INFO: [HLS 200-1505] Using default flow_target 'vivado'
Resolution: For help on HLS 200-1505 see docs.amd.com/access/sources/dita/topic?Doc_Version=2025.2%20English&url=ug1448-hls-guidance&resourceid=200-1505.html
INFO: [HLS 200-2174] Applying component config ini file hls_config.cfg
INFO: [HLS 200-1465] Applying config ini 'syn.file=../task_detection_tpu/pe.cpp' from hls_config.cfg(8)
INFO: [HLS 200-10] Adding design file '/home/dlohchab/projects/Verilog/DVCON/task_detection_tpu/task_detection_tpu/pe.cpp' to the project
INFO: [HLS 200-1465] Applying config ini 'syn.file=../task_detection_tpu/systolic_2x2.cpp' from hls_config.cfg(9)
INFO: [HLS 200-10] Adding design file '/home/dlohchab/projects/Verilog/DVCON/task_detection_tpu/task_detection_tpu/systolic_2x2.cpp' to the project
INFO: [HLS 200-1465] Applying config ini 'syn.file=../task_detection_tpu/systolic_4x4.cpp' from hls_config.cfg(10)
INFO: [HLS 200-10] Adding design file '/home/dlohchab/projects/Verilog/DVCON/task_detection_tpu/task_detection_tpu/systolic_4x4.cpp' to the project
INFO: [HLS 200-1465] Applying config ini 'syn.file=../task_detection_tpu/systolic_8x8.cpp' from hls_config.cfg(11)
INFO: [HLS 200-10] Adding design file '/home/dlohchab/projects/Verilog/DVCON/task_detection_tpu/task_detection_tpu/systolic_8x8.cpp' to the project
INFO: [HLS 200-1465] Applying config ini 'tb.file=../task_detection_tpu/systolic_8x8_tb.cpp' from hls_config.cfg(12)
INFO: [HLS 200-10] Adding test bench file '/home/dlohchab/projects/Verilog/DVCON/task_detection_tpu/task_detection_tpu/systolic_8x8_tb.cpp' to the project
INFO: [HLS 200-1465] Applying config ini 'syn.top=systolic_8x8' from hls_config.cfg(7)
INFO: [HLS 200-1465] Applying config ini 'flow_target=vivado' from hls_config.cfg(4)
INFO: [HLS 200-1505] Using flow_target 'vivado'
Resolution: For help on HLS 200-1505 see docs.amd.com/access/sources/dita/topic?Doc_Version=2025.2%20English&url=ug1448-hls-guidance&resourceid=200-1505.html
INFO: [HLS 200-1465] Applying config ini 'part=xc7k325tffg900-2' from hls_config.cfg(1)
INFO: [HLS 200-1611] Setting target device to 'xc7k325t-ffg900-2'
INFO: [HLS 200-1465] Applying config ini 'package.output.format=ip_catalog' from hls_config.cfg(5)
INFO: [HLS 200-2176] Writing Vitis IDE component file /home/dlohchab/projects/Verilog/DVCON/task_detection_tpu/tpu_pe_experiment/tpu_pe_experiment/vitis-comp.json
INFO: [HLS 200-111] Finished File checks and directory preparation: CPU user time: 7.58 seconds. CPU system time: 0.91 seconds. Elapsed time: 11.16 seconds; current allocated memory: 273.457 MB.
INFO: [HLS 200-2191] C-Synthesis will use clang-16 as the compiler
INFO: [HLS 200-10] Analyzing design file '../task_detection_tpu/systolic_8x8.cpp' ... 
INFO: [HLS 200-10] Analyzing design file '../task_detection_tpu/systolic_4x4.cpp' ... 
INFO: [HLS 200-10] Analyzing design file '../task_detection_tpu/systolic_2x2.cpp' ... 
INFO: [HLS 200-10] Analyzing design file '../task_detection_tpu/pe.cpp' ... 
INFO: [HLS 200-111] Finished Source Code Analysis and Preprocessing: CPU user time: 36.45 seconds. CPU system time: 3.06 seconds. Elapsed time: 45.65 seconds; current allocated memory: 275.383 MB.
INFO: [HLS 200-777] Using interface defaults for 'Vivado' flow target.
INFO: [HLS 200-1995] There were 555 instructions in the design after the 'Compile/Link' phase of compilation. See the Design Size Report for more details (/home/dlohchab/projects/Verilog/DVCON/task_detection_tpu/tpu_pe_experiment/tpu_pe_experiment/hls/syn/report/csynth_design_size.rpt:2)
INFO: [HLS 200-1995] There were 3,869 instructions in the design after the 'Unroll/Inline (step 1)' phase of compilation. See the Design Size Report for more details (/home/dlohchab/projects/Verilog/DVCON/task_detection_tpu/tpu_pe_experiment/tpu_pe_experiment/hls/syn/report/csynth_design_size.rpt:2)
INFO: [HLS 200-1995] There were 1,915 instructions in the design after the 'Unroll/Inline (step 2)' phase of compilation. See the Design Size Report for more details (/home/dlohchab/projects/Verilog/DVCON/task_detection_tpu/tpu_pe_experiment/tpu_pe_experiment/hls/syn/report/csynth_design_size.rpt:2)
INFO: [HLS 200-1995] There were 1,915 instructions in the design after the 'Unroll/Inline (step 3)' phase of compilation. See the Design Size Report for more details (/home/dlohchab/projects/Verilog/DVCON/task_detection_tpu/tpu_pe_experiment/tpu_pe_experiment/hls/syn/report/csynth_design_size.rpt:2)
INFO: [HLS 200-1995] There were 1,915 instructions in the design after the 'Unroll/Inline (step 4)' phase of compilation. See the Design Size Report for more details (/home/dlohchab/projects/Verilog/DVCON/task_detection_tpu/tpu_pe_experiment/tpu_pe_experiment/hls/syn/report/csynth_design_size.rpt:2)
INFO: [HLS 200-1995] There were 3,101 instructions in the design after the 'Array/Struct (step 1)' phase of compilation. See the Design Size Report for more details (/home/dlohchab/projects/Verilog/DVCON/task_detection_tpu/tpu_pe_experiment/tpu_pe_experiment/hls/syn/report/csynth_design_size.rpt:2)
INFO: [HLS 200-1995] There were 3,055 instructions in the design after the 'Array/Struct (step 2)' phase of compilation. See the Design Size Report for more details (/home/dlohchab/projects/Verilog/DVCON/task_detection_tpu/tpu_pe_experiment/tpu_pe_experiment/hls/syn/report/csynth_design_size.rpt:2)
INFO: [HLS 200-1995] There were 3,119 instructions in the design after the 'Array/Struct (step 3)' phase of compilation. See the Design Size Report for more details (/home/dlohchab/projects/Verilog/DVCON/task_detection_tpu/tpu_pe_experiment/tpu_pe_experiment/hls/syn/report/csynth_design_size.rpt:2)
INFO: [HLS 200-1995] There were 3,183 instructions in the design after the 'Array/Struct (step 4)' phase of compilation. See the Design Size Report for more details (/home/dlohchab/projects/Verilog/DVCON/task_detection_tpu/tpu_pe_experiment/tpu_pe_experiment/hls/syn/report/csynth_design_size.rpt:2)
INFO: [HLS 200-1995] There were 3,183 instructions in the design after the 'Array/Struct (step 5)' phase of compilation. See the Design Size Report for more details (/home/dlohchab/projects/Verilog/DVCON/task_detection_tpu/tpu_pe_experiment/tpu_pe_experiment/hls/syn/report/csynth_design_size.rpt:2)
INFO: [HLS 200-1995] There were 3,055 instructions in the design after the 'Performance (step 1)' phase of compilation. See the Design Size Report for more details (/home/dlohchab/projects/Verilog/DVCON/task_detection_tpu/tpu_pe_experiment/tpu_pe_experiment/hls/syn/report/csynth_design_size.rpt:2)
INFO: [HLS 200-1995] There were 2,039 instructions in the design after the 'Performance (step 2)' phase of compilation. See the Design Size Report for more details (/home/dlohchab/projects/Verilog/DVCON/task_detection_tpu/tpu_pe_experiment/tpu_pe_experiment/hls/syn/report/csynth_design_size.rpt:2)
INFO: [HLS 200-1995] There were 1,346 instructions in the design after the 'Performance (step 3)' phase of compilation. See the Design Size Report for more details (/home/dlohchab/projects/Verilog/DVCON/task_detection_tpu/tpu_pe_experiment/tpu_pe_experiment/hls/syn/report/csynth_design_size.rpt:2)
INFO: [HLS 200-1995] There were 1,343 instructions in the design after the 'Performance (step 4)' phase of compilation. See the Design Size Report for more details (/home/dlohchab/projects/Verilog/DVCON/task_detection_tpu/tpu_pe_experiment/tpu_pe_experiment/hls/syn/report/csynth_design_size.rpt:2)
INFO: [HLS 200-1995] There were 1,351 instructions in the design after the 'HW Transforms (step 1)' phase of compilation. See the Design Size Report for more details (/home/dlohchab/projects/Verilog/DVCON/task_detection_tpu/tpu_pe_experiment/tpu_pe_experiment/hls/syn/report/csynth_design_size.rpt:2)
INFO: [HLS 200-1995] There were 1,353 instructions in the design after the 'HW Transforms (step 2)' phase of compilation. See the Design Size Report for more details (/home/dlohchab/projects/Verilog/DVCON/task_detection_tpu/tpu_pe_experiment/tpu_pe_experiment/hls/syn/report/csynth_design_size.rpt:2)
INFO: [HLS 214-291] Loop 'VITIS_LOOP_58_4' is marked as complete unroll implied by the pipeline pragma (../task_detection_tpu/systolic_8x8.cpp:58:22)
INFO: [HLS 214-291] Loop 'VITIS_LOOP_60_5' is marked as complete unroll implied by the pipeline pragma (../task_detection_tpu/systolic_8x8.cpp:60:26)
INFO: [HLS 214-291] Loop 'VITIS_LOOP_37_2' is marked as complete unroll implied by the pipeline pragma (../task_detection_tpu/systolic_8x8.cpp:37:22)
INFO: [HLS 214-291] Loop 'VITIS_LOOP_39_3' is marked as complete unroll implied by the pipeline pragma (../task_detection_tpu/systolic_8x8.cpp:39:26)
INFO: [HLS 214-291] Loop 'VITIS_LOOP_30_1' is marked as complete unroll implied by the pipeline pragma (../task_detection_tpu/systolic_8x8.cpp:30:22)
INFO: [HLS 214-186] Unrolling loop 'VITIS_LOOP_58_4' (../task_detection_tpu/systolic_8x8.cpp:58:22) in function 'systolic_8x8' completely with a factor of 8 (../task_detection_tpu/systolic_8x8.cpp:13:0)
INFO: [HLS 214-186] Unrolling loop 'VITIS_LOOP_60_5' (../task_detection_tpu/systolic_8x8.cpp:60:26) in function 'systolic_8x8' completely with a factor of 8 (../task_detection_tpu/systolic_8x8.cpp:13:0)
INFO: [HLS 214-186] Unrolling loop 'VITIS_LOOP_37_2' (../task_detection_tpu/systolic_8x8.cpp:37:22) in function 'systolic_8x8' completely with a factor of 8 (../task_detection_tpu/systolic_8x8.cpp:13:0)
INFO: [HLS 214-186] Unrolling loop 'VITIS_LOOP_39_3' (../task_detection_tpu/systolic_8x8.cpp:39:26) in function 'systolic_8x8' completely with a factor of 8 (../task_detection_tpu/systolic_8x8.cpp:13:0)
INFO: [HLS 214-186] Unrolling loop 'VITIS_LOOP_30_1' (../task_detection_tpu/systolic_8x8.cpp:30:22) in function 'systolic_8x8' completely with a factor of 8 (../task_detection_tpu/systolic_8x8.cpp:13:0)
INFO: [HLS 214-248] Applying array_partition to '_ZZ12systolic_8x8P8ap_fixedILi16ELi6EL9ap_q_mode5EL9ap_o_mode3ELi0EES3_PA8_S2_bE3acc': Complete partitioning on dimension 1. Complete partitioning on dimension 2. (../task_detection_tpu/systolic_8x8.cpp:17:0)
INFO: [HLS 214-248] Applying array_partition to 'a_wire': Complete partitioning on dimension 1. Complete partitioning on dimension 2. (../task_detection_tpu/systolic_8x8.cpp:22:12)
INFO: [HLS 214-248] Applying array_partition to 'b_wire': Complete partitioning on dimension 1. Complete partitioning on dimension 2. (../task_detection_tpu/systolic_8x8.cpp:26:12)
INFO: [HLS 214-241] Aggregating bram variable 'C_out' with compact=bit mode in 16-bits (../task_detection_tpu/systolic_8x8.cpp:13:0)
INFO: [HLS 214-364] Automatically inlining function 'mac_pe(ap_fixed<16, 6, (ap_q_mode)5, (ap_o_mode)3, 0>, ap_fixed<16, 6, (ap_q_mode)5, (ap_o_mode)3, 0>, ap_fixed<16, 6, (ap_q_mode)5, (ap_o_mode)3, 0>&, ap_fixed<16, 6, (ap_q_mode)5, (ap_o_mode)3, 0>&, ap_fixed<16, 6, (ap_q_mode)5, (ap_o_mode)3, 0>&)' to improve effectiveness of pipeline pragma in function 'systolic_8x8(ap_fixed<16, 6, (ap_q_mode)5, (ap_o_mode)3, 0>*, ap_fixed<16, 6, (ap_q_mode)5, (ap_o_mode)3, 0>*, ap_fixed<16, 6, (ap_q_mode)5, (ap_o_mode)3, 0> (*) [8], bool)' (../task_detection_tpu/systolic_8x8.cpp:47:13)
INFO: [HLS 200-111] Finished Compiling Optimization and Transform: CPU user time: 5.75 seconds. CPU system time: 0.51 seconds. Elapsed time: 10.46 seconds; current allocated memory: 279.746 MB.
INFO: [HLS 200-111] Finished Checking Pragmas: CPU user time: 0 seconds. CPU system time: 0 seconds. Elapsed time: 0 seconds; current allocated memory: 279.746 MB.
INFO: [HLS 200-10] Starting code transformations ...
INFO: [HLS 200-111] Finished Standard Transforms: CPU user time: 0.07 seconds. CPU system time: 0.01 seconds. Elapsed time: 0.11 seconds; current allocated memory: 282.633 MB.
INFO: [HLS 200-10] Checking synthesizability ...
INFO: [HLS 200-111] Finished Checking Synthesizability: CPU user time: 0.06 seconds. CPU system time: 0.01 seconds. Elapsed time: 0.06 seconds; current allocated memory: 282.906 MB.
INFO: [HLS 200-111] Finished Loop, function and other optimizations: CPU user time: 0.21 seconds. CPU system time: 0.01 seconds. Elapsed time: 0.23 seconds; current allocated memory: 308.477 MB.
INFO: [HLS 200-111] Finished Architecture Synthesis: CPU user time: 0.25 seconds. CPU system time: 0 seconds. Elapsed time: 0.28 seconds; current allocated memory: 308.477 MB.
INFO: [HLS 200-10] Starting hardware synthesis ...
INFO: [HLS 200-10] Synthesizing 'systolic_8x8' ...
INFO: [SYN 201-201] Setting up clock 'default' with a period of 10ns.
INFO: [HLS 200-10] ----------------------------------------------------------------
INFO: [HLS 200-42] -- Implementing module 'systolic_8x8' 
INFO: [HLS 200-10] ----------------------------------------------------------------
INFO: [SCHED 204-11] Starting scheduling ...
INFO: [HLS 200-486] Changing DSP latency (root=add_ln18_62) to 3 in order to utilize available DSP registers.
INFO: [HLS 200-486] Changing DSP latency (root=add_ln18_61) to 3 in order to utilize available DSP registers.
INFO: [HLS 200-486] Changing DSP latency (root=add_ln18_60) to 3 in order to utilize available DSP registers.
INFO: [HLS 200-486] Changing DSP latency (root=add_ln18_59) to 3 in order to utilize available DSP registers.
INFO: [HLS 200-486] Changing DSP latency (root=add_ln18_58) to 3 in order to utilize available DSP registers.
INFO: [HLS 200-486] Changing DSP latency (root=add_ln18_57) to 3 in order to utilize available DSP registers.
INFO: [HLS 200-486] Changing DSP latency (root=add_ln18_56) to 3 in order to utilize available DSP registers.
INFO: [HLS 200-486] Changing DSP latency (root=add_ln18_55) to 3 in order to utilize available DSP registers.
INFO: [HLS 200-486] Changing DSP latency (root=add_ln18_54) to 3 in order to utilize available DSP registers.
INFO: [HLS 200-486] Changing DSP latency (root=add_ln18_53) to 3 in order to utilize available DSP registers.
INFO: [HLS 200-486] Changing DSP latency (root=add_ln18_52) to 3 in order to utilize available DSP registers.
INFO: [HLS 200-486] Changing DSP latency (root=add_ln18_51) to 3 in order to utilize available DSP registers.
INFO: [HLS 200-486] Changing DSP latency (root=add_ln18_50) to 3 in order to utilize available DSP registers.
INFO: [HLS 200-486] Changing DSP latency (root=add_ln18_49) to 3 in order to utilize available DSP registers.
INFO: [HLS 200-486] Changing DSP latency (root=add_ln18_48) to 3 in order to utilize available DSP registers.
INFO: [HLS 200-486] Changing DSP latency (root=add_ln18_47) to 3 in order to utilize available DSP registers.
INFO: [HLS 200-486] Changing DSP latency (root=add_ln18_46) to 3 in order to utilize available DSP registers.
INFO: [HLS 200-486] Changing DSP latency (root=add_ln18_45) to 3 in order to utilize available DSP registers.
INFO: [HLS 200-486] Changing DSP latency (root=add_ln18_44) to 3 in order to utilize available DSP registers.
INFO: [HLS 200-486] Changing DSP latency (root=add_ln18_43) to 3 in order to utilize available DSP registers.
INFO: [HLS 200-486] Changing DSP latency (root=add_ln18_42) to 3 in order to utilize available DSP registers.
INFO: [HLS 200-486] Changing DSP latency (root=add_ln18_41) to 3 in order to utilize available DSP registers.
INFO: [HLS 200-486] Changing DSP latency (root=add_ln18_40) to 3 in order to utilize available DSP registers.
INFO: [HLS 200-486] Changing DSP latency (root=add_ln18_39) to 3 in order to utilize available DSP registers.
INFO: [HLS 200-486] Changing DSP latency (root=add_ln18_38) to 3 in order to utilize available DSP registers.
INFO: [HLS 200-486] Changing DSP latency (root=add_ln18_37) to 3 in order to utilize available DSP registers.
INFO: [HLS 200-486] Changing DSP latency (root=add_ln18_36) to 3 in order to utilize available DSP registers.
INFO: [HLS 200-486] Changing DSP latency (root=add_ln18_35) to 3 in order to utilize available DSP registers.
INFO: [HLS 200-486] Changing DSP latency (root=add_ln18_34) to 3 in order to utilize available DSP registers.
INFO: [HLS 200-486] Changing DSP latency (root=add_ln18_33) to 3 in order to utilize available DSP registers.
INFO: [HLS 200-486] Changing DSP latency (root=add_ln18_32) to 3 in order to utilize available DSP registers.
INFO: [HLS 200-486] Changing DSP latency (root=add_ln18_31) to 3 in order to utilize available DSP registers.
INFO: [HLS 200-486] Changing DSP latency (root=add_ln18_30) to 3 in order to utilize available DSP registers.
INFO: [HLS 200-486] Changing DSP latency (root=add_ln18_29) to 3 in order to utilize available DSP registers.
INFO: [HLS 200-486] Changing DSP latency (root=add_ln18_28) to 3 in order to utilize available DSP registers.
INFO: [HLS 200-486] Changing DSP latency (root=add_ln18_27) to 3 in order to utilize available DSP registers.
INFO: [HLS 200-486] Changing DSP latency (root=add_ln18_26) to 3 in order to utilize available DSP registers.
INFO: [HLS 200-486] Changing DSP latency (root=add_ln18_25) to 3 in order to utilize available DSP registers.
INFO: [HLS 200-486] Changing DSP latency (root=add_ln18_24) to 3 in order to utilize available DSP registers.
INFO: [HLS 200-486] Changing DSP latency (root=add_ln18_23) to 3 in order to utilize available DSP registers.
INFO: [HLS 200-486] Changing DSP latency (root=add_ln18_22) to 3 in order to utilize available DSP registers.
INFO: [HLS 200-486] Changing DSP latency (root=add_ln18_21) to 3 in order to utilize available DSP registers.
INFO: [HLS 200-486] Changing DSP latency (root=add_ln18_20) to 3 in order to utilize available DSP registers.
INFO: [HLS 200-486] Changing DSP latency (root=add_ln18_19) to 3 in order to utilize available DSP registers.
INFO: [HLS 200-486] Changing DSP latency (root=add_ln18_18) to 3 in order to utilize available DSP registers.
INFO: [HLS 200-486] Changing DSP latency (root=add_ln18_17) to 3 in order to utilize available DSP registers.
INFO: [HLS 200-486] Changing DSP latency (root=add_ln18_16) to 3 in order to utilize available DSP registers.
INFO: [HLS 200-486] Changing DSP latency (root=add_ln18_15) to 3 in order to utilize available DSP registers.
INFO: [HLS 200-486] Changing DSP latency (root=add_ln18_14) to 3 in order to utilize available DSP registers.
INFO: [HLS 200-486] Changing DSP latency (root=add_ln18_13) to 3 in order to utilize available DSP registers.
INFO: [HLS 200-486] Changing DSP latency (root=add_ln18_12) to 3 in order to utilize available DSP registers.
INFO: [HLS 200-486] Changing DSP latency (root=add_ln18_11) to 3 in order to utilize available DSP registers.
INFO: [HLS 200-486] Changing DSP latency (root=add_ln18_10) to 3 in order to utilize available DSP registers.
INFO: [HLS 200-486] Changing DSP latency (root=add_ln18_9) to 3 in order to utilize available DSP registers.
INFO: [HLS 200-486] Changing DSP latency (root=add_ln18_8) to 3 in order to utilize available DSP registers.
INFO: [HLS 200-486] Changing DSP latency (root=add_ln18_7) to 3 in order to utilize available DSP registers.
INFO: [HLS 200-486] Changing DSP latency (root=add_ln18_6) to 3 in order to utilize available DSP registers.
INFO: [HLS 200-486] Changing DSP latency (root=add_ln18_5) to 3 in order to utilize available DSP registers.
INFO: [HLS 200-486] Changing DSP latency (root=add_ln18_4) to 3 in order to utilize available DSP registers.
INFO: [HLS 200-486] Changing DSP latency (root=add_ln18_3) to 3 in order to utilize available DSP registers.
INFO: [HLS 200-486] Changing DSP latency (root=add_ln18_2) to 3 in order to utilize available DSP registers.
INFO: [HLS 200-486] Changing DSP latency (root=add_ln18_1) to 3 in order to utilize available DSP registers.
INFO: [HLS 200-486] Changing DSP latency (root=add_ln18_63) to 3 in order to utilize available DSP registers.
INFO: [SCHED 204-61] Pipelining function 'systolic_8x8'.
WARNING: [HLS 200-448] Lower bound of II is 32 due to multiple 'store' operation ('C_out_addr_write_ln62', ../task_detection_tpu/systolic_8x8.cpp:62) of variable 'p_0_0_0', ../task_detection_tpu/pe.cpp:18->../task_detection_tpu/systolic_8x8.cpp:47 16 bit on array 'C_out', 'store' operation ('C_out_addr_1_write_ln62', ../task_detection_tpu/systolic_8x8.cpp:62) of variable 'p_0_0_0_18', ../task_detection_tpu/pe.cpp:18->../task_detection_tpu/systolic_8x8.cpp:47 16 bit on array 'C_out', 'store' operation ('C_out_addr_2_write_ln62', ../task_detection_tpu/systolic_8x8.cpp:62) of variable 'p_0_0_0_211', ../task_detection_tpu/pe.cpp:18->../task_detection_tpu/systolic_8x8.cpp:47 16 bit on array 'C_out', 'store' operation ('C_out_addr_3_write_ln62', ../task_detection_tpu/systolic_8x8.cpp:62) of variable 'p_0_0_0_314', ../task_detection_tpu/pe.cpp:18->../task_detection_tpu/systolic_8x8.cpp:47 16 bit on array 'C_out', 'store' operation ('C_out_addr_4_write_ln62', ../task_detection_tpu/systolic_8x8.cpp:62) of variable 'p_0_0_0_417', ../task_detection_tpu/pe.cpp:18->../task_detection_tpu/systolic_8x8.cpp:47 16 bit on array 'C_out', 'store' operation ('C_out_addr_5_write_ln62', ../task_detection_tpu/systolic_8x8.cpp:62) of variable 'p_0_0_0_520', ../task_detection_tpu/pe.cpp:18->../task_detection_tpu/systolic_8x8.cpp:47 16 bit on array 'C_out', 'store' operation ('C_out_addr_6_write_ln62', ../task_detection_tpu/systolic_8x8.cpp:62) of variable 'p_0_0_0_623', ../task_detection_tpu/pe.cpp:18->../task_detection_tpu/systolic_8x8.cpp:47 16 bit on array 'C_out', 'store' operation ('C_out_addr_7_write_ln62', ../task_detection_tpu/systolic_8x8.cpp:62) of variable 'p_0_0_0_726', ../task_detection_tpu/pe.cpp:18->../task_detection_tpu/systolic_8x8.cpp:47 16 bit on array 'C_out', 'store' operation ('C_out_addr_8_write_ln62', ../task_detection_tpu/systolic_8x8.cpp:62) of variable 'p_0_0_0_1', ../task_detection_tpu/pe.cpp:18->../task_detection_tpu/systolic_8x8.cpp:47 16 bit on array 'C_out', 'store' operation ('C_out_addr_9_write_ln62', ../task_detection_tpu/systolic_8x8.cpp:62) of variable 'p_0_0_0_1_1', ../task_detection_tpu/pe.cpp:18->../task_detection_tpu/systolic_8x8.cpp:47 16 bit on array 'C_out', 'store' operation ('C_out_addr_10_write_ln62', ../task_detection_tpu/systolic_8x8.cpp:62) of variable 'p_0_0_0_1_2', ../task_detection_tpu/pe.cpp:18->../task_detection_tpu/systolic_8x8.cpp:47 16 bit on array 'C_out', 'store' operation ('C_out_addr_11_write_ln62', ../task_detection_tpu/systolic_8x8.cpp:62) of variable 'p_0_0_0_1_3', ../task_detection_tpu/pe.cpp:18->../task_detection_tpu/systolic_8x8.cpp:47 16 bit on array 'C_out', 'store' operation ('C_out_addr_12_write_ln62', ../task_detection_tpu/systolic_8x8.cpp:62) of variable 'p_0_0_0_1_4', ../task_detection_tpu/pe.cpp:18->../task_detection_tpu/systolic_8x8.cpp:47 16 bit on array 'C_out', 'store' operation ('C_out_addr_13_write_ln62', ../task_detection_tpu/systolic_8x8.cpp:62) of variable 'p_0_0_0_1_5', ../task_detection_tpu/pe.cpp:18->../task_detection_tpu/systolic_8x8.cpp:47 16 bit on array 'C_out', 'store' operation ('C_out_addr_14_write_ln62', ../task_detection_tpu/systolic_8x8.cpp:62) of variable 'p_0_0_0_1_6', ../task_detection_tpu/pe.cpp:18->../task_detection_tpu/systolic_8x8.cpp:47 16 bit on array 'C_out', 'store' operation ('C_out_addr_15_write_ln62', ../task_detection_tpu/systolic_8x8.cpp:62) of variable 'p_0_0_0_1_7', ../task_detection_tpu/pe.cpp:18->../task_detection_tpu/systolic_8x8.cpp:47 16 bit on array 'C_out', 'store' operation ('C_out_addr_16_write_ln62', ../task_detection_tpu/systolic_8x8.cpp:62) of variable 'p_0_0_0_2', ../task_detection_tpu/pe.cpp:18->../task_detection_tpu/systolic_8x8.cpp:47 16 bit on array 'C_out', 'store' operation ('C_out_addr_17_write_ln62', ../task_detection_tpu/systolic_8x8.cpp:62) of variable 'p_0_0_0_2_1', ../task_detection_tpu/pe.cpp:18->../task_detection_tpu/systolic_8x8.cpp:47 16 bit on array 'C_out', 'store' operation ('C_out_addr_18_write_ln62', ../task_detection_tpu/systolic_8x8.cpp:62) of variable 'p_0_0_0_2_2', ../task_detection_tpu/pe.cpp:18->../task_detection_tpu/systolic_8x8.cpp:47 16 bit on array 'C_out', 'store' operation ('C_out_addr_19_write_ln62', ../task_detection_tpu/systolic_8x8.cpp:62) of variable 'p_0_0_0_2_3', ../task_detection_tpu/pe.cpp:18->../task_detection_tpu/systolic_8x8.cpp:47 16 bit on array 'C_out', 'store' operation ('C_out_addr_20_write_ln62', ../task_detection_tpu/systolic_8x8.cpp:62) of variable 'p_0_0_0_2_4', ../task_detection_tpu/pe.cpp:18->../task_detection_tpu/systolic_8x8.cpp:47 16 bit on array 'C_out', 'store' operation ('C_out_addr_21_write_ln62', ../task_detection_tpu/systolic_8x8.cpp:62) of variable 'p_0_0_0_2_5', ../task_detection_tpu/pe.cpp:18->../task_detection_tpu/systolic_8x8.cpp:47 16 bit on array 'C_out', 'store' operation ('C_out_addr_22_write_ln62', ../task_detection_tpu/systolic_8x8.cpp:62) of variable 'p_0_0_0_2_6', ../task_detection_tpu/pe.cpp:18->../task_detection_tpu/systolic_8x8.cpp:47 16 bit on array 'C_out', 'store' operation ('C_out_addr_23_write_ln62', ../task_detection_tpu/systolic_8x8.cpp:62) of variable 'p_0_0_0_2_7', ../task_detection_tpu/pe.cpp:18->../task_detection_tpu/systolic_8x8.cpp:47 16 bit on array 'C_out', 'store' operation ('C_out_addr_24_write_ln62', ../task_detection_tpu/systolic_8x8.cpp:62) of variable 'p_0_0_0_3', ../task_detection_tpu/pe.cpp:18->../task_detection_tpu/systolic_8x8.cpp:47 16 bit on array 'C_out', 'store' operation ('C_out_addr_25_write_ln62', ../task_detection_tpu/systolic_8x8.cpp:62) of variable 'p_0_0_0_3_1', ../task_detection_tpu/pe.cpp:18->../task_detection_tpu/systolic_8x8.cpp:47 16 bit on array 'C_out', 'store' operation ('C_out_addr_26_write_ln62', ../task_detection_tpu/systolic_8x8.cpp:62) of variable 'p_0_0_0_3_2', ../task_detection_tpu/pe.cpp:18->../task_detection_tpu/systolic_8x8.cpp:47 16 bit on array 'C_out', 'store' operation ('C_out_addr_27_write_ln62', ../task_detection_tpu/systolic_8x8.cpp:62) of variable 'p_0_0_0_3_3', ../task_detection_tpu/pe.cpp:18->../task_detection_tpu/systolic_8x8.cpp:47 16 bit on array 'C_out', 'store' operation ('C_out_addr_28_write_ln62', ../task_detection_tpu/systolic_8x8.cpp:62) of variable 'p_0_0_0_3_4', ../task_detection_tpu/pe.cpp:18->../task_detection_tpu/systolic_8x8.cpp:47 16 bit on array 'C_out', 'store' operation ('C_out_addr_29_write_ln62', ../task_detection_tpu/systolic_8x8.cpp:62) of variable 'p_0_0_0_3_5', ../task_detection_tpu/pe.cpp:18->../task_detection_tpu/systolic_8x8.cpp:47 16 bit on array 'C_out', 'store' operation ('C_out_addr_30_write_ln62', ../task_detection_tpu/systolic_8x8.cpp:62) of variable 'p_0_0_0_3_6', ../task_detection_tpu/pe.cpp:18->../task_detection_tpu/systolic_8x8.cpp:47 16 bit on array 'C_out', 'store' operation ('C_out_addr_31_write_ln62', ../task_detection_tpu/systolic_8x8.cpp:62) of variable 'p_0_0_0_3_7', ../task_detection_tpu/pe.cpp:18->../task_detection_tpu/systolic_8x8.cpp:47 16 bit on array 'C_out', 'store' operation ('C_out_addr_32_write_ln62', ../task_detection_tpu/systolic_8x8.cpp:62) of variable 'p_0_0_0_4', ../task_detection_tpu/pe.cpp:18->../task_detection_tpu/systolic_8x8.cpp:47 16 bit on array 'C_out', 'store' operation ('C_out_addr_33_write_ln62', ../task_detection_tpu/systolic_8x8.cpp:62) of variable 'p_0_0_0_4_1', ../task_detection_tpu/pe.cpp:18->../task_detection_tpu/systolic_8x8.cpp:47 16 bit on array 'C_out', 'store' operation ('C_out_addr_34_write_ln62', ../task_detection_tpu/systolic_8x8.cpp:62) of variable 'p_0_0_0_4_2', ../task_detection_tpu/pe.cpp:18->../task_detection_tpu/systolic_8x8.cpp:47 16 bit on array 'C_out', 'store' operation ('C_out_addr_35_write_ln62', ../task_detection_tpu/systolic_8x8.cpp:62) of variable 'p_0_0_0_4_3', ../task_detection_tpu/pe.cpp:18->../task_detection_tpu/systolic_8x8.cpp:47 16 bit on array 'C_out', 'store' operation ('C_out_addr_36_write_ln62', ../task_detection_tpu/systolic_8x8.cpp:62) of variable 'p_0_0_0_4_4', ../task_detection_tpu/pe.cpp:18->../task_detection_tpu/systolic_8x8.cpp:47 16 bit on array 'C_out', 'store' operation ('C_out_addr_37_write_ln62', ../task_detection_tpu/systolic_8x8.cpp:62) of variable 'p_0_0_0_4_5', ../task_detection_tpu/pe.cpp:18->../task_detection_tpu/systolic_8x8.cpp:47 16 bit on array 'C_out', 'store' operation ('C_out_addr_38_write_ln62', ../task_detection_tpu/systolic_8x8.cpp:62) of variable 'p_0_0_0_4_6', ../task_detection_tpu/pe.cpp:18->../task_detection_tpu/systolic_8x8.cpp:47 16 bit on array 'C_out', 'store' operation ('C_out_addr_39_write_ln62', ../task_detection_tpu/systolic_8x8.cpp:62) of variable 'p_0_0_0_4_7', ../task_detection_tpu/pe.cpp:18->../task_detection_tpu/systolic_8x8.cpp:47 16 bit on array 'C_out', 'store' operation ('C_out_addr_40_write_ln62', ../task_detection_tpu/systolic_8x8.cpp:62) of variable 'p_0_0_0_5', ../task_detection_tpu/pe.cpp:18->../task_detection_tpu/systolic_8x8.cpp:47 16 bit on array 'C_out', 'store' operation ('C_out_addr_41_write_ln62', ../task_detection_tpu/systolic_8x8.cpp:62) of variable 'p_0_0_0_5_1', ../task_detection_tpu/pe.cpp:18->../task_detection_tpu/systolic_8x8.cpp:47 16 bit on array 'C_out', 'store' operation ('C_out_addr_42_write_ln62', ../task_detection_tpu/systolic_8x8.cpp:62) of variable 'p_0_0_0_5_2', ../task_detection_tpu/pe.cpp:18->../task_detection_tpu/systolic_8x8.cpp:47 16 bit on array 'C_out', 'store' operation ('C_out_addr_43_write_ln62', ../task_detection_tpu/systolic_8x8.cpp:62) of variable 'p_0_0_0_5_3', ../task_detection_tpu/pe.cpp:18->../task_detection_tpu/systolic_8x8.cpp:47 16 bit on array 'C_out', 'store' operation ('C_out_addr_44_write_ln62', ../task_detection_tpu/systolic_8x8.cpp:62) of variable 'p_0_0_0_5_4', ../task_detection_tpu/pe.cpp:18->../task_detection_tpu/systolic_8x8.cpp:47 16 bit on array 'C_out', 'store' operation ('C_out_addr_45_write_ln62', ../task_detection_tpu/systolic_8x8.cpp:62) of variable 'p_0_0_0_5_5', ../task_detection_tpu/pe.cpp:18->../task_detection_tpu/systolic_8x8.cpp:47 16 bit on array 'C_out', 'store' operation ('C_out_addr_46_write_ln62', ../task_detection_tpu/systolic_8x8.cpp:62) of variable 'p_0_0_0_5_6', ../task_detection_tpu/pe.cpp:18->../task_detection_tpu/systolic_8x8.cpp:47 16 bit on array 'C_out', 'store' operation ('C_out_addr_47_write_ln62', ../task_detection_tpu/systolic_8x8.cpp:62) of variable 'p_0_0_0_5_7', ../task_detection_tpu/pe.cpp:18->../task_detection_tpu/systolic_8x8.cpp:47 16 bit on array 'C_out', 'store' operation ('C_out_addr_48_write_ln62', ../task_detection_tpu/systolic_8x8.cpp:62) of variable 'p_0_0_0_6', ../task_detection_tpu/pe.cpp:18->../task_detection_tpu/systolic_8x8.cpp:47 16 bit on array 'C_out', 'store' operation ('C_out_addr_49_write_ln62', ../task_detection_tpu/systolic_8x8.cpp:62) of variable 'p_0_0_0_6_1', ../task_detection_tpu/pe.cpp:18->../task_detection_tpu/systolic_8x8.cpp:47 16 bit on array 'C_out', 'store' operation ('C_out_addr_50_write_ln62', ../task_detection_tpu/systolic_8x8.cpp:62) of variable 'p_0_0_0_6_2', ../task_detection_tpu/pe.cpp:18->../task_detection_tpu/systolic_8x8.cpp:47 16 bit on array 'C_out', 'store' operation ('C_out_addr_51_write_ln62', ../task_detection_tpu/systolic_8x8.cpp:62) of variable 'p_0_0_0_6_3', ../task_detection_tpu/pe.cpp:18->../task_detection_tpu/systolic_8x8.cpp:47 16 bit on array 'C_out', 'store' operation ('C_out_addr_52_write_ln62', ../task_detection_tpu/systolic_8x8.cpp:62) of variable 'p_0_0_0_6_4', ../task_detection_tpu/pe.cpp:18->../task_detection_tpu/systolic_8x8.cpp:47 16 bit on array 'C_out', 'store' operation ('C_out_addr_53_write_ln62', ../task_detection_tpu/systolic_8x8.cpp:62) of variable 'p_0_0_0_6_5', ../task_detection_tpu/pe.cpp:18->../task_detection_tpu/systolic_8x8.cpp:47 16 bit on array 'C_out', 'store' operation ('C_out_addr_54_write_ln62', ../task_detection_tpu/systolic_8x8.cpp:62) of variable 'p_0_0_0_6_6', ../task_detection_tpu/pe.cpp:18->../task_detection_tpu/systolic_8x8.cpp:47 16 bit on array 'C_out', 'store' operation ('C_out_addr_55_write_ln62', ../task_detection_tpu/systolic_8x8.cpp:62) of variable 'p_0_0_0_6_7', ../task_detection_tpu/pe.cpp:18->../task_detection_tpu/systolic_8x8.cpp:47 16 bit on array 'C_out', 'store' operation ('C_out_addr_56_write_ln62', ../task_detection_tpu/systolic_8x8.cpp:62) of variable 'p_0_0_0_7', ../task_detection_tpu/pe.cpp:18->../task_detection_tpu/systolic_8x8.cpp:47 16 bit on array 'C_out', 'store' operation ('C_out_addr_57_write_ln62', ../task_detection_tpu/systolic_8x8.cpp:62) of variable 'p_0_0_0_7_1', ../task_detection_tpu/pe.cpp:18->../task_detection_tpu/systolic_8x8.cpp:47 16 bit on array 'C_out', 'store' operation ('C_out_addr_58_write_ln62', ../task_detection_tpu/systolic_8x8.cpp:62) of variable 'p_0_0_0_7_2', ../task_detection_tpu/pe.cpp:18->../task_detection_tpu/systolic_8x8.cpp:47 16 bit on array 'C_out', 'store' operation ('C_out_addr_59_write_ln62', ../task_detection_tpu/systolic_8x8.cpp:62) of variable 'p_0_0_0_7_3', ../task_detection_tpu/pe.cpp:18->../task_detection_tpu/systolic_8x8.cpp:47 16 bit on array 'C_out', 'store' operation ('C_out_addr_60_write_ln62', ../task_detection_tpu/systolic_8x8.cpp:62) of variable 'p_0_0_0_7_4', ../task_detection_tpu/pe.cpp:18->../task_detection_tpu/systolic_8x8.cpp:47 16 bit on array 'C_out', 'store' operation ('C_out_addr_61_write_ln62', ../task_detection_tpu/systolic_8x8.cpp:62) of variable 'p_0_0_0_7_5', ../task_detection_tpu/pe.cpp:18->../task_detection_tpu/systolic_8x8.cpp:47 16 bit on array 'C_out', 'store' operation ('C_out_addr_62_write_ln62', ../task_detection_tpu/systolic_8x8.cpp:62) of variable 'trunc_ln18_123', ../task_detection_tpu/pe.cpp:18->../task_detection_tpu/systolic_8x8.cpp:47 16 bit on array 'C_out', 'store' operation ('C_out_addr_63_write_ln62', ../task_detection_tpu/systolic_8x8.cpp:62) of variable 'trunc_ln18_124', ../task_detection_tpu/pe.cpp:18->../task_detection_tpu/systolic_8x8.cpp:47 16 bit on array 'C_out' accessing core:RAM:C_out
INFO: [HLS 200-1470] Pipelining result : Target II = 1, Final II = 32, Depth = 36, function 'systolic_8x8'
INFO: [SCHED 204-11] Finished scheduling.
INFO: [HLS 200-111] Finished Scheduling: CPU user time: 0.51 seconds. CPU system time: 0.03 seconds. Elapsed time: 0.75 seconds; current allocated memory: 308.477 MB.
INFO: [BIND 205-100] Starting micro-architecture generation ...
INFO: [BIND 205-101] Performing variable lifetime analysis.
INFO: [BIND 205-101] Exploring resource sharing.
INFO: [BIND 205-101] Binding ...
INFO: [BIND 205-100] Finished micro-architecture generation.
INFO: [HLS 200-111] Finished Binding: CPU user time: 0.2 seconds. CPU system time: 0.02 seconds. Elapsed time: 0.36 seconds; current allocated memory: 308.477 MB.
INFO: [HLS 200-10] ----------------------------------------------------------------
INFO: [HLS 200-10] -- Generating RTL for module 'systolic_8x8' 
INFO: [HLS 200-10] ----------------------------------------------------------------
INFO: [RTGEN 206-500] Setting interface mode on port 'systolic_8x8/A_in' to 'ap_memory'.
INFO: [RTGEN 206-500] Setting interface mode on port 'systolic_8x8/B_in' to 'ap_memory'.
INFO: [RTGEN 206-500] Setting interface mode on port 'systolic_8x8/C_out' to 'ap_memory'.
INFO: [RTGEN 206-500] Setting interface mode on port 'systolic_8x8/reset' to 'ap_none'.
INFO: [RTGEN 206-500] Setting interface mode on function 'systolic_8x8' to 'ap_ctrl_hs'.
WARNING: [RTGEN 206-101] Register 'p_ZZ12systolic_8x8P8ap_fixedILi16ELi6EL9ap_q_mode5EL9ap_o_mode3ELi0EES3_PA8_S2_bE' is power-on initialization.
WARNING: [RTGEN 206-101] Register 'p_ZZ12systolic_8x8P8ap_fixedILi16ELi6EL9ap_q_mode5EL9ap_o_mode3ELi0EES3_PA8_S2_bE_63' is power-on initialization.
WARNING: [RTGEN 206-101] Register 'p_ZZ12systolic_8x8P8ap_fixedILi16ELi6EL9ap_q_mode5EL9ap_o_mode3ELi0EES3_PA8_S2_bE_62' is power-on initialization.
WARNING: [RTGEN 206-101] Register 'p_ZZ12systolic_8x8P8ap_fixedILi16ELi6EL9ap_q_mode5EL9ap_o_mode3ELi0EES3_PA8_S2_bE_61' is power-on initialization.
WARNING: [RTGEN 206-101] Register 'p_ZZ12systolic_8x8P8ap_fixedILi16ELi6EL9ap_q_mode5EL9ap_o_mode3ELi0EES3_PA8_S2_bE_60' is power-on initialization.
WARNING: [RTGEN 206-101] Register 'p_ZZ12systolic_8x8P8ap_fixedILi16ELi6EL9ap_q_mode5EL9ap_o_mode3ELi0EES3_PA8_S2_bE_59' is power-on initialization.
WARNING: [RTGEN 206-101] Register 'p_ZZ12systolic_8x8P8ap_fixedILi16ELi6EL9ap_q_mode5EL9ap_o_mode3ELi0EES3_PA8_S2_bE_58' is power-on initialization.
WARNING: [RTGEN 206-101] Register 'p_ZZ12systolic_8x8P8ap_fixedILi16ELi6EL9ap_q_mode5EL9ap_o_mode3ELi0EES3_PA8_S2_bE_57' is power-on initialization.
WARNING: [RTGEN 206-101] Register 'p_ZZ12systolic_8x8P8ap_fixedILi16ELi6EL9ap_q_mode5EL9ap_o_mode3ELi0EES3_PA8_S2_bE_56' is power-on initialization.
WARNING: [RTGEN 206-101] Register 'p_ZZ12systolic_8x8P8ap_fixedILi16ELi6EL9ap_q_mode5EL9ap_o_mode3ELi0EES3_PA8_S2_bE_55' is power-on initialization.
WARNING: [RTGEN 206-101] Register 'p_ZZ12systolic_8x8P8ap_fixedILi16ELi6EL9ap_q_mode5EL9ap_o_mode3ELi0EES3_PA8_S2_bE_54' is power-on initialization.
WARNING: [RTGEN 206-101] Register 'p_ZZ12systolic_8x8P8ap_fixedILi16ELi6EL9ap_q_mode5EL9ap_o_mode3ELi0EES3_PA8_S2_bE_53' is power-on initialization.
WARNING: [RTGEN 206-101] Register 'p_ZZ12systolic_8x8P8ap_fixedILi16ELi6EL9ap_q_mode5EL9ap_o_mode3ELi0EES3_PA8_S2_bE_52' is power-on initialization.
WARNING: [RTGEN 206-101] Register 'p_ZZ12systolic_8x8P8ap_fixedILi16ELi6EL9ap_q_mode5EL9ap_o_mode3ELi0EES3_PA8_S2_bE_51' is power-on initialization.
WARNING: [RTGEN 206-101] Register 'p_ZZ12systolic_8x8P8ap_fixedILi16ELi6EL9ap_q_mode5EL9ap_o_mode3ELi0EES3_PA8_S2_bE_50' is power-on initialization.
WARNING: [RTGEN 206-101] Register 'p_ZZ12systolic_8x8P8ap_fixedILi16ELi6EL9ap_q_mode5EL9ap_o_mode3ELi0EES3_PA8_S2_bE_49' is power-on initialization.
WARNING: [RTGEN 206-101] Register 'p_ZZ12systolic_8x8P8ap_fixedILi16ELi6EL9ap_q_mode5EL9ap_o_mode3ELi0EES3_PA8_S2_bE_48' is power-on initialization.
WARNING: [RTGEN 206-101] Register 'p_ZZ12systolic_8x8P8ap_fixedILi16ELi6EL9ap_q_mode5EL9ap_o_mode3ELi0EES3_PA8_S2_bE_47' is power-on initialization.
WARNING: [RTGEN 206-101] Register 'p_ZZ12systolic_8x8P8ap_fixedILi16ELi6EL9ap_q_mode5EL9ap_o_mode3ELi0EES3_PA8_S2_bE_46' is power-on initialization.
WARNING: [RTGEN 206-101] Register 'p_ZZ12systolic_8x8P8ap_fixedILi16ELi6EL9ap_q_mode5EL9ap_o_mode3ELi0EES3_PA8_S2_bE_45' is power-on initialization.
WARNING: [RTGEN 206-101] Register 'p_ZZ12systolic_8x8P8ap_fixedILi16ELi6EL9ap_q_mode5EL9ap_o_mode3ELi0EES3_PA8_S2_bE_44' is power-on initialization.
WARNING: [RTGEN 206-101] Register 'p_ZZ12systolic_8x8P8ap_fixedILi16ELi6EL9ap_q_mode5EL9ap_o_mode3ELi0EES3_PA8_S2_bE_43' is power-on initialization.
WARNING: [RTGEN 206-101] Register 'p_ZZ12systolic_8x8P8ap_fixedILi16ELi6EL9ap_q_mode5EL9ap_o_mode3ELi0EES3_PA8_S2_bE_42' is power-on initialization.
WARNING: [RTGEN 206-101] Register 'p_ZZ12systolic_8x8P8ap_fixedILi16ELi6EL9ap_q_mode5EL9ap_o_mode3ELi0EES3_PA8_S2_bE_41' is power-on initialization.
WARNING: [RTGEN 206-101] Register 'p_ZZ12systolic_8x8P8ap_fixedILi16ELi6EL9ap_q_mode5EL9ap_o_mode3ELi0EES3_PA8_S2_bE_40' is power-on initialization.
WARNING: [RTGEN 206-101] Register 'p_ZZ12systolic_8x8P8ap_fixedILi16ELi6EL9ap_q_mode5EL9ap_o_mode3ELi0EES3_PA8_S2_bE_39' is power-on initialization.
WARNING: [RTGEN 206-101] Register 'p_ZZ12systolic_8x8P8ap_fixedILi16ELi6EL9ap_q_mode5EL9ap_o_mode3ELi0EES3_PA8_S2_bE_38' is power-on initialization.
WARNING: [RTGEN 206-101] Register 'p_ZZ12systolic_8x8P8ap_fixedILi16ELi6EL9ap_q_mode5EL9ap_o_mode3ELi0EES3_PA8_S2_bE_37' is power-on initialization.
WARNING: [RTGEN 206-101] Register 'p_ZZ12systolic_8x8P8ap_fixedILi16ELi6EL9ap_q_mode5EL9ap_o_mode3ELi0EES3_PA8_S2_bE_36' is power-on initialization.
WARNING: [RTGEN 206-101] Register 'p_ZZ12systolic_8x8P8ap_fixedILi16ELi6EL9ap_q_mode5EL9ap_o_mode3ELi0EES3_PA8_S2_bE_35' is power-on initialization.
WARNING: [RTGEN 206-101] Register 'p_ZZ12systolic_8x8P8ap_fixedILi16ELi6EL9ap_q_mode5EL9ap_o_mode3ELi0EES3_PA8_S2_bE_34' is power-on initialization.
WARNING: [RTGEN 206-101] Register 'p_ZZ12systolic_8x8P8ap_fixedILi16ELi6EL9ap_q_mode5EL9ap_o_mode3ELi0EES3_PA8_S2_bE_33' is power-on initialization.
WARNING: [RTGEN 206-101] Register 'p_ZZ12systolic_8x8P8ap_fixedILi16ELi6EL9ap_q_mode5EL9ap_o_mode3ELi0EES3_PA8_S2_bE_32' is power-on initialization.
WARNING: [RTGEN 206-101] Register 'p_ZZ12systolic_8x8P8ap_fixedILi16ELi6EL9ap_q_mode5EL9ap_o_mode3ELi0EES3_PA8_S2_bE_31' is power-on initialization.
WARNING: [RTGEN 206-101] Register 'p_ZZ12systolic_8x8P8ap_fixedILi16ELi6EL9ap_q_mode5EL9ap_o_mode3ELi0EES3_PA8_S2_bE_30' is power-on initialization.
WARNING: [RTGEN 206-101] Register 'p_ZZ12systolic_8x8P8ap_fixedILi16ELi6EL9ap_q_mode5EL9ap_o_mode3ELi0EES3_PA8_S2_bE_29' is power-on initialization.
WARNING: [RTGEN 206-101] Register 'p_ZZ12systolic_8x8P8ap_fixedILi16ELi6EL9ap_q_mode5EL9ap_o_mode3ELi0EES3_PA8_S2_bE_28' is power-on initialization.
WARNING: [RTGEN 206-101] Register 'p_ZZ12systolic_8x8P8ap_fixedILi16ELi6EL9ap_q_mode5EL9ap_o_mode3ELi0EES3_PA8_S2_bE_27' is power-on initialization.
WARNING: [RTGEN 206-101] Register 'p_ZZ12systolic_8x8P8ap_fixedILi16ELi6EL9ap_q_mode5EL9ap_o_mode3ELi0EES3_PA8_S2_bE_26' is power-on initialization.
WARNING: [RTGEN 206-101] Register 'p_ZZ12systolic_8x8P8ap_fixedILi16ELi6EL9ap_q_mode5EL9ap_o_mode3ELi0EES3_PA8_S2_bE_25' is power-on initialization.
WARNING: [RTGEN 206-101] Register 'p_ZZ12systolic_8x8P8ap_fixedILi16ELi6EL9ap_q_mode5EL9ap_o_mode3ELi0EES3_PA8_S2_bE_24' is power-on initialization.
WARNING: [RTGEN 206-101] Register 'p_ZZ12systolic_8x8P8ap_fixedILi16ELi6EL9ap_q_mode5EL9ap_o_mode3ELi0EES3_PA8_S2_bE_23' is power-on initialization.
WARNING: [RTGEN 206-101] Register 'p_ZZ12systolic_8x8P8ap_fixedILi16ELi6EL9ap_q_mode5EL9ap_o_mode3ELi0EES3_PA8_S2_bE_22' is power-on initialization.
WARNING: [RTGEN 206-101] Register 'p_ZZ12systolic_8x8P8ap_fixedILi16ELi6EL9ap_q_mode5EL9ap_o_mode3ELi0EES3_PA8_S2_bE_21' is power-on initialization.
WARNING: [RTGEN 206-101] Register 'p_ZZ12systolic_8x8P8ap_fixedILi16ELi6EL9ap_q_mode5EL9ap_o_mode3ELi0EES3_PA8_S2_bE_20' is power-on initialization.
WARNING: [RTGEN 206-101] Register 'p_ZZ12systolic_8x8P8ap_fixedILi16ELi6EL9ap_q_mode5EL9ap_o_mode3ELi0EES3_PA8_S2_bE_19' is power-on initialization.
WARNING: [RTGEN 206-101] Register 'p_ZZ12systolic_8x8P8ap_fixedILi16ELi6EL9ap_q_mode5EL9ap_o_mode3ELi0EES3_PA8_S2_bE_18' is power-on initialization.
WARNING: [RTGEN 206-101] Register 'p_ZZ12systolic_8x8P8ap_fixedILi16ELi6EL9ap_q_mode5EL9ap_o_mode3ELi0EES3_PA8_S2_bE_17' is power-on initialization.
WARNING: [RTGEN 206-101] Register 'p_ZZ12systolic_8x8P8ap_fixedILi16ELi6EL9ap_q_mode5EL9ap_o_mode3ELi0EES3_PA8_S2_bE_16' is power-on initialization.
WARNING: [RTGEN 206-101] Register 'p_ZZ12systolic_8x8P8ap_fixedILi16ELi6EL9ap_q_mode5EL9ap_o_mode3ELi0EES3_PA8_S2_bE_15' is power-on initialization.
WARNING: [RTGEN 206-101] Register 'p_ZZ12systolic_8x8P8ap_fixedILi16ELi6EL9ap_q_mode5EL9ap_o_mode3ELi0EES3_PA8_S2_bE_14' is power-on initialization.
WARNING: [RTGEN 206-101] Register 'p_ZZ12systolic_8x8P8ap_fixedILi16ELi6EL9ap_q_mode5EL9ap_o_mode3ELi0EES3_PA8_S2_bE_13' is power-on initialization.
WARNING: [RTGEN 206-101] Register 'p_ZZ12systolic_8x8P8ap_fixedILi16ELi6EL9ap_q_mode5EL9ap_o_mode3ELi0EES3_PA8_S2_bE_12' is power-on initialization.
WARNING: [RTGEN 206-101] Register 'p_ZZ12systolic_8x8P8ap_fixedILi16ELi6EL9ap_q_mode5EL9ap_o_mode3ELi0EES3_PA8_S2_bE_11' is power-on initialization.
WARNING: [RTGEN 206-101] Register 'p_ZZ12systolic_8x8P8ap_fixedILi16ELi6EL9ap_q_mode5EL9ap_o_mode3ELi0EES3_PA8_S2_bE_10' is power-on initialization.
WARNING: [RTGEN 206-101] Register 'p_ZZ12systolic_8x8P8ap_fixedILi16ELi6EL9ap_q_mode5EL9ap_o_mode3ELi0EES3_PA8_S2_bE_9' is power-on initialization.
WARNING: [RTGEN 206-101] Register 'p_ZZ12systolic_8x8P8ap_fixedILi16ELi6EL9ap_q_mode5EL9ap_o_mode3ELi0EES3_PA8_S2_bE_8' is power-on initialization.
WARNING: [RTGEN 206-101] Register 'p_ZZ12systolic_8x8P8ap_fixedILi16ELi6EL9ap_q_mode5EL9ap_o_mode3ELi0EES3_PA8_S2_bE_7' is power-on initialization.
WARNING: [RTGEN 206-101] Register 'p_ZZ12systolic_8x8P8ap_fixedILi16ELi6EL9ap_q_mode5EL9ap_o_mode3ELi0EES3_PA8_S2_bE_6' is power-on initialization.
WARNING: [RTGEN 206-101] Register 'p_ZZ12systolic_8x8P8ap_fixedILi16ELi6EL9ap_q_mode5EL9ap_o_mode3ELi0EES3_PA8_S2_bE_5' is power-on initialization.
WARNING: [RTGEN 206-101] Register 'p_ZZ12systolic_8x8P8ap_fixedILi16ELi6EL9ap_q_mode5EL9ap_o_mode3ELi0EES3_PA8_S2_bE_4' is power-on initialization.
WARNING: [RTGEN 206-101] Register 'p_ZZ12systolic_8x8P8ap_fixedILi16ELi6EL9ap_q_mode5EL9ap_o_mode3ELi0EES3_PA8_S2_bE_3' is power-on initialization.
WARNING: [RTGEN 206-101] Register 'p_ZZ12systolic_8x8P8ap_fixedILi16ELi6EL9ap_q_mode5EL9ap_o_mode3ELi0EES3_PA8_S2_bE_2' is power-on initialization.
WARNING: [RTGEN 206-101] Register 'p_ZZ12systolic_8x8P8ap_fixedILi16ELi6EL9ap_q_mode5EL9ap_o_mode3ELi0EES3_PA8_S2_bE_1' is power-on initialization.
INFO: [HLS 200-1030] Apply Unified Pipeline Control on module 'systolic_8x8' pipeline 'systolic_8x8' pipeline type 'function pipeline'
INFO: [RTGEN 206-100] Generating core module 'mac_muladd_16s_16s_26s_26_4_1': 63 instance(s).
INFO: [RTGEN 206-100] Generating core module 'mul_16s_16s_26_1_1': 63 instance(s).
INFO: [RTGEN 206-100] Finished creating RTL model for 'systolic_8x8'.
INFO: [HLS 200-111] Finished Creating RTL model: CPU user time: 0.41 seconds. CPU system time: 0.02 seconds. Elapsed time: 0.62 seconds; current allocated memory: 311.496 MB.
INFO: [HLS 200-111] Finished Generating all RTL models: CPU user time: 0.79 seconds. CPU system time: 0.05 seconds. Elapsed time: 1.06 seconds; current allocated memory: 330.520 MB.
INFO: [HLS 200-2225] Wrote inferred directives to file /home/dlohchab/projects/Verilog/DVCON/task_detection_tpu/tpu_pe_experiment/tpu_pe_experiment/hls/syn/inferred_directives.ini
INFO: [HLS 200-111] Finished Updating report files: CPU user time: 0.64 seconds. CPU system time: 0.09 seconds. Elapsed time: 0.9 seconds; current allocated memory: 334.012 MB.
INFO: [VHDL 208-304] Generating VHDL RTL for systolic_8x8.
INFO: [VLOG 209-307] Generating Verilog RTL for systolic_8x8.
INFO: [HLS 200-789] **** Estimated Fmax: 166.56 MHz
INFO: [HLS 200-112] Total CPU user time: 52.95 seconds. Total CPU system time: 4.72 seconds. Total elapsed time: 71.7 seconds; peak allocated memory: 334.012 MB.
INFO: [v++ 60-791] Total elapsed time: 0h 1m 17s
