

================================================================
== Vitis HLS Report for 'conv2d_core_Pipeline_VITIS_LOOP_45_1_VITIS_LOOP_46_2'
================================================================
* Date:           Tue Jun 16 23:20:23 2026

* Version:        2025.2 (Build 6295257 on Nov 14 2025)
* Project:        yolo_conv2d_experiment
* Solution:       hls (Vivado IP Flow Target)
* Product family: kintex7
* Target device:  xc7k325t-ffg900-2


================================================================
== Performance Estimates
================================================================
+ Timing: 
    * Summary: 
    +--------+----------+----------+------------+
    |  Clock |  Target  | Estimated| Uncertainty|
    +--------+----------+----------+------------+
    |ap_clk  |  10.00 ns|  3.482 ns|     2.70 ns|
    +--------+----------+----------+------------+

+ Latency: 
    * Summary: 
    +---------+---------+-----------+-----------+-----+-----+-------------------+
    |  Latency (cycles) |   Latency (absolute)  |  Interval |      Pipeline     |
    |   min   |   max   |    min    |    max    | min | max |        Type       |
    +---------+---------+-----------+-----------+-----+-----+-------------------+
    |        8|        8|  80.000 ns|  80.000 ns|    0|    0|  loop pipeline stp|
    +---------+---------+-----------+-----------+-----+-----+-------------------+

    + Detail: 
        * Instance: 
        N/A

        * Loop: 
        +-----------------------------------+---------+---------+----------+-----------+-----------+------+----------+
        |                                   |  Latency (cycles) | Iteration|  Initiation Interval  | Trip |          |
        |             Loop Name             |   min   |   max   |  Latency |  achieved |   target  | Count| Pipelined|
        +-----------------------------------+---------+---------+----------+-----------+-----------+------+----------+
        |- VITIS_LOOP_45_1_VITIS_LOOP_46_2  |        6|        6|         1|          1|          1|     6|       yes|
        +-----------------------------------+---------+---------+----------+-----------+-----------+------+----------+

============================================================
+ Verbose Summary: Synthesis Manager
============================================================
InlineROM: 1
ExposeGlobal: 0
============================================================
+ Verbose Summary: CDFG Model
============================================================
IsTopModel: 0
ResetActiveHigh: 1
IsCombinational: 0
IsDatapathOnly: 0
HasWiredReturn: 1
HasMFsm: 2
HasVarLatency: 1
IsPipeline: 0
IsRtlPipelined: 0
IsInstanceOverlapped: 0
IsDontTouch: 0
HasImplIP: 0
IsGatedGlobalClock: 0

+ Individual pipeline summary: 
  * Pipeline-0: initiation interval (II) = 1, depth = 1


============================================================
+ Verbose Summary: Schedule
============================================================
* Number of FSM states : 1
* Pipeline : 1
  Pipeline-0 : II = 1, D = 1, States = { 1 }
* Dataflow Pipeline: 0

* FSM state transitions: 
1 --> 

* FSM state operations: 

State 1 <SV = 0> <Delay = 3.48>
ST_1 : Operation 4 [1/1] (0.00ns)   --->   "%r = alloca i32 1" [yolo_conv.cpp:46]   --->   Operation 4 'alloca' 'r' <Predicate = true> <Delay = 0.00>
ST_1 : Operation 5 [1/1] (0.00ns)   --->   "%ic = alloca i32 1" [yolo_conv.cpp:45]   --->   Operation 5 'alloca' 'ic' <Predicate = true> <Delay = 0.00>
ST_1 : Operation 6 [1/1] (0.00ns)   --->   "%indvar_flatten = alloca i32 1"   --->   Operation 6 'alloca' 'indvar_flatten' <Predicate = true> <Delay = 0.00>
ST_1 : Operation 7 [1/1] (0.83ns)   --->   "%store_ln0 = store i3 0, i3 %indvar_flatten"   --->   Operation 7 'store' 'store_ln0' <Predicate = true> <Delay = 0.83>
ST_1 : Operation 8 [1/1] (0.83ns)   --->   "%store_ln45 = store i2 0, i2 %ic" [yolo_conv.cpp:45]   --->   Operation 8 'store' 'store_ln45' <Predicate = true> <Delay = 0.83>
ST_1 : Operation 9 [1/1] (0.83ns)   --->   "%store_ln46 = store i2 0, i2 %r" [yolo_conv.cpp:46]   --->   Operation 9 'store' 'store_ln46' <Predicate = true> <Delay = 0.83>
ST_1 : Operation 10 [1/1] (0.00ns)   --->   "%br_ln0 = br void %VITIS_LOOP_47_3"   --->   Operation 10 'br' 'br_ln0' <Predicate = true> <Delay = 0.00>
ST_1 : Operation 11 [1/1] (0.00ns)   --->   "%indvar_flatten_load = load i3 %indvar_flatten" [yolo_conv.cpp:45]   --->   Operation 11 'load' 'indvar_flatten_load' <Predicate = true> <Delay = 0.00>
ST_1 : Operation 12 [1/1] (0.93ns)   --->   "%icmp_ln45 = icmp_eq  i3 %indvar_flatten_load, i3 6" [yolo_conv.cpp:45]   --->   Operation 12 'icmp' 'icmp_ln45' <Predicate = true> <Delay = 0.93> <CoreInst = "Cmp">   --->   Core 9 'Cmp' <Latency = 0> <II = 1> <Delay = 0.93> <FuncUnit> <Opcode : 'seteq' 'setne' 'setle' 'setge' 'setlt' 'setgt'> <InPorts = 2> <OutPorts = 1>
ST_1 : Operation 13 [1/1] (0.93ns)   --->   "%add_ln45 = add i3 %indvar_flatten_load, i3 1" [yolo_conv.cpp:45]   --->   Operation 13 'add' 'add_ln45' <Predicate = true> <Delay = 0.93> <CoreInst = "Adder">   --->   Core 1 'Adder' <Latency = 0> <II = 1> <Delay = 0.93> <FuncUnit> <Opcode : 'add' 'sub'> <InPorts = 2> <OutPorts = 1>
ST_1 : Operation 14 [1/1] (0.00ns)   --->   "%br_ln45 = br i1 %icmp_ln45, void %for.inc16, void %VITIS_LOOP_56_6.preheader.exitStub" [yolo_conv.cpp:45]   --->   Operation 14 'br' 'br_ln45' <Predicate = true> <Delay = 0.00>
ST_1 : Operation 15 [1/1] (0.00ns)   --->   "%r_load = load i2 %r" [yolo_conv.cpp:45]   --->   Operation 15 'load' 'r_load' <Predicate = (!icmp_ln45)> <Delay = 0.00>
ST_1 : Operation 16 [1/1] (0.00ns)   --->   "%ic_load = load i2 %ic" [yolo_conv.cpp:45]   --->   Operation 16 'load' 'ic_load' <Predicate = (!icmp_ln45)> <Delay = 0.00>
ST_1 : Operation 17 [1/1] (0.00ns)   --->   "%trunc_ln45 = trunc i2 %r_load" [yolo_conv.cpp:45]   --->   Operation 17 'trunc' 'trunc_ln45' <Predicate = (!icmp_ln45)> <Delay = 0.00>
ST_1 : Operation 18 [1/1] (0.00ns)   --->   "%specloopname_ln0 = specloopname void @_ssdm_op_SpecLoopName, void @VITIS_LOOP_45_1_VITIS_LOOP_46_2_str"   --->   Operation 18 'specloopname' 'specloopname_ln0' <Predicate = (!icmp_ln45)> <Delay = 0.00>
ST_1 : Operation 19 [1/1] (0.00ns)   --->   "%speclooptripcount_ln0 = speclooptripcount void @_ssdm_op_SpecLoopTripCount, i64 6, i64 6, i64 6"   --->   Operation 19 'speclooptripcount' 'speclooptripcount_ln0' <Predicate = (!icmp_ln45)> <Delay = 0.00>
ST_1 : Operation 20 [1/1] (0.85ns)   --->   "%icmp_ln46 = icmp_eq  i2 %r_load, i2 2" [yolo_conv.cpp:46]   --->   Operation 20 'icmp' 'icmp_ln46' <Predicate = (!icmp_ln45)> <Delay = 0.85> <CoreInst = "Cmp">   --->   Core 9 'Cmp' <Latency = 0> <II = 1> <Delay = 0.85> <FuncUnit> <Opcode : 'seteq' 'setne' 'setle' 'setge' 'setlt' 'setgt'> <InPorts = 2> <OutPorts = 1>
ST_1 : Operation 21 [1/1] (0.00ns) (grouped into LUT with out node and_ln45)   --->   "%xor_ln45 = xor i1 %icmp_ln46, i1 1" [yolo_conv.cpp:45]   --->   Operation 21 'xor' 'xor_ln45' <Predicate = (!icmp_ln45)> <Delay = 0.00> <CoreInst = "LogicGate">   --->   Core 74 'LogicGate' <Latency = 0> <II = 1> <Delay = 0.47> <FuncUnit> <Opcode : 'and' 'or' 'xor'> <InPorts = 2> <OutPorts = 1>
ST_1 : Operation 22 [1/1] (0.47ns) (out node of the LUT)   --->   "%and_ln45 = and i1 %trunc_ln45, i1 %xor_ln45" [yolo_conv.cpp:45]   --->   Operation 22 'and' 'and_ln45' <Predicate = (!icmp_ln45)> <Delay = 0.47> <CoreInst = "LogicGate">   --->   Core 74 'LogicGate' <Latency = 0> <II = 1> <Delay = 0.47> <FuncUnit> <Opcode : 'and' 'or' 'xor'> <InPorts = 2> <OutPorts = 1>
ST_1 : Operation 23 [1/1] (0.85ns)   --->   "%add_ln45_1 = add i2 %ic_load, i2 1" [yolo_conv.cpp:45]   --->   Operation 23 'add' 'add_ln45_1' <Predicate = (!icmp_ln45)> <Delay = 0.85> <CoreInst = "Adder">   --->   Core 1 'Adder' <Latency = 0> <II = 1> <Delay = 0.85> <FuncUnit> <Opcode : 'add' 'sub'> <InPorts = 2> <OutPorts = 1>
ST_1 : Operation 24 [1/1] (0.48ns)   --->   "%select_ln45 = select i1 %icmp_ln46, i2 %add_ln45_1, i2 %ic_load" [yolo_conv.cpp:45]   --->   Operation 24 'select' 'select_ln45' <Predicate = (!icmp_ln45)> <Delay = 0.48> <CoreInst = "Sel">   --->   Core 73 'Sel' <Latency = 0> <II = 1> <Delay = 0.48> <FuncUnit> <Opcode : 'select'> <InPorts = 3> <OutPorts = 1>
ST_1 : Operation 25 [1/1] (0.00ns) (grouped into LUT with out node first_iter_0)   --->   "%r_cast_not = xor i1 %trunc_ln45, i1 1" [yolo_conv.cpp:45]   --->   Operation 25 'xor' 'r_cast_not' <Predicate = (!icmp_ln45)> <Delay = 0.00> <CoreInst = "LogicGate">   --->   Core 74 'LogicGate' <Latency = 0> <II = 1> <Delay = 0.47> <FuncUnit> <Opcode : 'and' 'or' 'xor'> <InPorts = 2> <OutPorts = 1>
ST_1 : Operation 26 [1/1] (0.47ns) (out node of the LUT)   --->   "%first_iter_0 = or i1 %icmp_ln46, i1 %r_cast_not" [yolo_conv.cpp:46]   --->   Operation 26 'or' 'first_iter_0' <Predicate = (!icmp_ln45)> <Delay = 0.47> <CoreInst = "LogicGate">   --->   Core 74 'LogicGate' <Latency = 0> <II = 1> <Delay = 0.47> <FuncUnit> <Opcode : 'and' 'or' 'xor'> <InPorts = 2> <OutPorts = 1>
ST_1 : Operation 27 [1/1] (0.00ns)   --->   "%specpipeline_ln46 = specpipeline void @_ssdm_op_SpecPipeline, i32 4294967295, i32 0, i32 0, i32 0, i32 4294967295, void @empty_17" [yolo_conv.cpp:46]   --->   Operation 27 'specpipeline' 'specpipeline_ln46' <Predicate = (!icmp_ln45)> <Delay = 0.00>
ST_1 : Operation 28 [1/1] (0.85ns)   --->   "%switch_ln49 = switch i2 %select_ln45, void %arrayidx1236.case.2, i2 0, void %arrayidx1236.case.0, i2 1, void %arrayidx1236.case.1" [yolo_conv.cpp:49]   --->   Operation 28 'switch' 'switch_ln49' <Predicate = (!icmp_ln45)> <Delay = 0.85>
ST_1 : Operation 29 [1/1] (0.00ns)   --->   "%br_ln49 = br i1 %first_iter_0, void %arrayidx1236.15.case.1635, void %arrayidx1236.15.case.0634" [yolo_conv.cpp:49]   --->   Operation 29 'br' 'br_ln49' <Predicate = (!icmp_ln45 & select_ln45 == 1)> <Delay = 0.00>
ST_1 : Operation 30 [1/1] (0.00ns)   --->   "%write_ln49 = write void @_ssdm_op_Write.ap_auto.i16P0A, i16 %line_buf_48, i16 0" [yolo_conv.cpp:49]   --->   Operation 30 'write' 'write_ln49' <Predicate = (!icmp_ln45 & select_ln45 == 1 & !first_iter_0)> <Delay = 0.00>
ST_1 : Operation 31 [1/1] (0.00ns)   --->   "%write_ln49 = write void @_ssdm_op_Write.ap_auto.i16P0A, i16 %line_buf_49, i16 0" [yolo_conv.cpp:49]   --->   Operation 31 'write' 'write_ln49' <Predicate = (!icmp_ln45 & select_ln45 == 1 & !first_iter_0)> <Delay = 0.00>
ST_1 : Operation 32 [1/1] (0.00ns)   --->   "%write_ln49 = write void @_ssdm_op_Write.ap_auto.i16P0A, i16 %line_buf_50, i16 0" [yolo_conv.cpp:49]   --->   Operation 32 'write' 'write_ln49' <Predicate = (!icmp_ln45 & select_ln45 == 1 & !first_iter_0)> <Delay = 0.00>
ST_1 : Operation 33 [1/1] (0.00ns)   --->   "%write_ln49 = write void @_ssdm_op_Write.ap_auto.i16P0A, i16 %line_buf_51, i16 0" [yolo_conv.cpp:49]   --->   Operation 33 'write' 'write_ln49' <Predicate = (!icmp_ln45 & select_ln45 == 1 & !first_iter_0)> <Delay = 0.00>
ST_1 : Operation 34 [1/1] (0.00ns)   --->   "%write_ln49 = write void @_ssdm_op_Write.ap_auto.i16P0A, i16 %line_buf_52, i16 0" [yolo_conv.cpp:49]   --->   Operation 34 'write' 'write_ln49' <Predicate = (!icmp_ln45 & select_ln45 == 1 & !first_iter_0)> <Delay = 0.00>
ST_1 : Operation 35 [1/1] (0.00ns)   --->   "%write_ln49 = write void @_ssdm_op_Write.ap_auto.i16P0A, i16 %line_buf_53, i16 0" [yolo_conv.cpp:49]   --->   Operation 35 'write' 'write_ln49' <Predicate = (!icmp_ln45 & select_ln45 == 1 & !first_iter_0)> <Delay = 0.00>
ST_1 : Operation 36 [1/1] (0.00ns)   --->   "%write_ln49 = write void @_ssdm_op_Write.ap_auto.i16P0A, i16 %line_buf_54, i16 0" [yolo_conv.cpp:49]   --->   Operation 36 'write' 'write_ln49' <Predicate = (!icmp_ln45 & select_ln45 == 1 & !first_iter_0)> <Delay = 0.00>
ST_1 : Operation 37 [1/1] (0.00ns)   --->   "%write_ln49 = write void @_ssdm_op_Write.ap_auto.i16P0A, i16 %line_buf_55, i16 0" [yolo_conv.cpp:49]   --->   Operation 37 'write' 'write_ln49' <Predicate = (!icmp_ln45 & select_ln45 == 1 & !first_iter_0)> <Delay = 0.00>
ST_1 : Operation 38 [1/1] (0.00ns)   --->   "%write_ln49 = write void @_ssdm_op_Write.ap_auto.i16P0A, i16 %line_buf_56, i16 0" [yolo_conv.cpp:49]   --->   Operation 38 'write' 'write_ln49' <Predicate = (!icmp_ln45 & select_ln45 == 1 & !first_iter_0)> <Delay = 0.00>
ST_1 : Operation 39 [1/1] (0.00ns)   --->   "%write_ln49 = write void @_ssdm_op_Write.ap_auto.i16P0A, i16 %line_buf_57, i16 0" [yolo_conv.cpp:49]   --->   Operation 39 'write' 'write_ln49' <Predicate = (!icmp_ln45 & select_ln45 == 1 & !first_iter_0)> <Delay = 0.00>
ST_1 : Operation 40 [1/1] (0.00ns)   --->   "%write_ln49 = write void @_ssdm_op_Write.ap_auto.i16P0A, i16 %line_buf_58, i16 0" [yolo_conv.cpp:49]   --->   Operation 40 'write' 'write_ln49' <Predicate = (!icmp_ln45 & select_ln45 == 1 & !first_iter_0)> <Delay = 0.00>
ST_1 : Operation 41 [1/1] (0.00ns)   --->   "%write_ln49 = write void @_ssdm_op_Write.ap_auto.i16P0A, i16 %line_buf_59, i16 0" [yolo_conv.cpp:49]   --->   Operation 41 'write' 'write_ln49' <Predicate = (!icmp_ln45 & select_ln45 == 1 & !first_iter_0)> <Delay = 0.00>
ST_1 : Operation 42 [1/1] (0.00ns)   --->   "%write_ln49 = write void @_ssdm_op_Write.ap_auto.i16P0A, i16 %line_buf_60, i16 0" [yolo_conv.cpp:49]   --->   Operation 42 'write' 'write_ln49' <Predicate = (!icmp_ln45 & select_ln45 == 1 & !first_iter_0)> <Delay = 0.00>
ST_1 : Operation 43 [1/1] (0.00ns)   --->   "%write_ln49 = write void @_ssdm_op_Write.ap_auto.i16P0A, i16 %line_buf_61, i16 0" [yolo_conv.cpp:49]   --->   Operation 43 'write' 'write_ln49' <Predicate = (!icmp_ln45 & select_ln45 == 1 & !first_iter_0)> <Delay = 0.00>
ST_1 : Operation 44 [1/1] (0.00ns)   --->   "%write_ln49 = write void @_ssdm_op_Write.ap_auto.i16P0A, i16 %line_buf_62, i16 0" [yolo_conv.cpp:49]   --->   Operation 44 'write' 'write_ln49' <Predicate = (!icmp_ln45 & select_ln45 == 1 & !first_iter_0)> <Delay = 0.00>
ST_1 : Operation 45 [1/1] (0.00ns)   --->   "%write_ln49 = write void @_ssdm_op_Write.ap_auto.i16P0A, i16 %line_buf_63, i16 0" [yolo_conv.cpp:49]   --->   Operation 45 'write' 'write_ln49' <Predicate = (!icmp_ln45 & select_ln45 == 1 & !first_iter_0)> <Delay = 0.00>
ST_1 : Operation 46 [1/1] (0.00ns)   --->   "%br_ln49 = br void %arrayidx1236.15.exit633" [yolo_conv.cpp:49]   --->   Operation 46 'br' 'br_ln49' <Predicate = (!icmp_ln45 & select_ln45 == 1 & !first_iter_0)> <Delay = 0.00>
ST_1 : Operation 47 [1/1] (0.00ns)   --->   "%write_ln49 = write void @_ssdm_op_Write.ap_auto.i16P0A, i16 %line_buf_32, i16 0" [yolo_conv.cpp:49]   --->   Operation 47 'write' 'write_ln49' <Predicate = (!icmp_ln45 & select_ln45 == 1 & first_iter_0)> <Delay = 0.00>
ST_1 : Operation 48 [1/1] (0.00ns)   --->   "%write_ln49 = write void @_ssdm_op_Write.ap_auto.i16P0A, i16 %line_buf_33, i16 0" [yolo_conv.cpp:49]   --->   Operation 48 'write' 'write_ln49' <Predicate = (!icmp_ln45 & select_ln45 == 1 & first_iter_0)> <Delay = 0.00>
ST_1 : Operation 49 [1/1] (0.00ns)   --->   "%write_ln49 = write void @_ssdm_op_Write.ap_auto.i16P0A, i16 %line_buf_34, i16 0" [yolo_conv.cpp:49]   --->   Operation 49 'write' 'write_ln49' <Predicate = (!icmp_ln45 & select_ln45 == 1 & first_iter_0)> <Delay = 0.00>
ST_1 : Operation 50 [1/1] (0.00ns)   --->   "%write_ln49 = write void @_ssdm_op_Write.ap_auto.i16P0A, i16 %line_buf_35, i16 0" [yolo_conv.cpp:49]   --->   Operation 50 'write' 'write_ln49' <Predicate = (!icmp_ln45 & select_ln45 == 1 & first_iter_0)> <Delay = 0.00>
ST_1 : Operation 51 [1/1] (0.00ns)   --->   "%write_ln49 = write void @_ssdm_op_Write.ap_auto.i16P0A, i16 %line_buf_36, i16 0" [yolo_conv.cpp:49]   --->   Operation 51 'write' 'write_ln49' <Predicate = (!icmp_ln45 & select_ln45 == 1 & first_iter_0)> <Delay = 0.00>
ST_1 : Operation 52 [1/1] (0.00ns)   --->   "%write_ln49 = write void @_ssdm_op_Write.ap_auto.i16P0A, i16 %line_buf_37, i16 0" [yolo_conv.cpp:49]   --->   Operation 52 'write' 'write_ln49' <Predicate = (!icmp_ln45 & select_ln45 == 1 & first_iter_0)> <Delay = 0.00>
ST_1 : Operation 53 [1/1] (0.00ns)   --->   "%write_ln49 = write void @_ssdm_op_Write.ap_auto.i16P0A, i16 %line_buf_38, i16 0" [yolo_conv.cpp:49]   --->   Operation 53 'write' 'write_ln49' <Predicate = (!icmp_ln45 & select_ln45 == 1 & first_iter_0)> <Delay = 0.00>
ST_1 : Operation 54 [1/1] (0.00ns)   --->   "%write_ln49 = write void @_ssdm_op_Write.ap_auto.i16P0A, i16 %line_buf_39, i16 0" [yolo_conv.cpp:49]   --->   Operation 54 'write' 'write_ln49' <Predicate = (!icmp_ln45 & select_ln45 == 1 & first_iter_0)> <Delay = 0.00>
ST_1 : Operation 55 [1/1] (0.00ns)   --->   "%write_ln49 = write void @_ssdm_op_Write.ap_auto.i16P0A, i16 %line_buf_40, i16 0" [yolo_conv.cpp:49]   --->   Operation 55 'write' 'write_ln49' <Predicate = (!icmp_ln45 & select_ln45 == 1 & first_iter_0)> <Delay = 0.00>
ST_1 : Operation 56 [1/1] (0.00ns)   --->   "%write_ln49 = write void @_ssdm_op_Write.ap_auto.i16P0A, i16 %line_buf_41, i16 0" [yolo_conv.cpp:49]   --->   Operation 56 'write' 'write_ln49' <Predicate = (!icmp_ln45 & select_ln45 == 1 & first_iter_0)> <Delay = 0.00>
ST_1 : Operation 57 [1/1] (0.00ns)   --->   "%write_ln49 = write void @_ssdm_op_Write.ap_auto.i16P0A, i16 %line_buf_42, i16 0" [yolo_conv.cpp:49]   --->   Operation 57 'write' 'write_ln49' <Predicate = (!icmp_ln45 & select_ln45 == 1 & first_iter_0)> <Delay = 0.00>
ST_1 : Operation 58 [1/1] (0.00ns)   --->   "%write_ln49 = write void @_ssdm_op_Write.ap_auto.i16P0A, i16 %line_buf_43, i16 0" [yolo_conv.cpp:49]   --->   Operation 58 'write' 'write_ln49' <Predicate = (!icmp_ln45 & select_ln45 == 1 & first_iter_0)> <Delay = 0.00>
ST_1 : Operation 59 [1/1] (0.00ns)   --->   "%write_ln49 = write void @_ssdm_op_Write.ap_auto.i16P0A, i16 %line_buf_44, i16 0" [yolo_conv.cpp:49]   --->   Operation 59 'write' 'write_ln49' <Predicate = (!icmp_ln45 & select_ln45 == 1 & first_iter_0)> <Delay = 0.00>
ST_1 : Operation 60 [1/1] (0.00ns)   --->   "%write_ln49 = write void @_ssdm_op_Write.ap_auto.i16P0A, i16 %line_buf_45, i16 0" [yolo_conv.cpp:49]   --->   Operation 60 'write' 'write_ln49' <Predicate = (!icmp_ln45 & select_ln45 == 1 & first_iter_0)> <Delay = 0.00>
ST_1 : Operation 61 [1/1] (0.00ns)   --->   "%write_ln49 = write void @_ssdm_op_Write.ap_auto.i16P0A, i16 %line_buf_46, i16 0" [yolo_conv.cpp:49]   --->   Operation 61 'write' 'write_ln49' <Predicate = (!icmp_ln45 & select_ln45 == 1 & first_iter_0)> <Delay = 0.00>
ST_1 : Operation 62 [1/1] (0.00ns)   --->   "%write_ln49 = write void @_ssdm_op_Write.ap_auto.i16P0A, i16 %line_buf_47, i16 0" [yolo_conv.cpp:49]   --->   Operation 62 'write' 'write_ln49' <Predicate = (!icmp_ln45 & select_ln45 == 1 & first_iter_0)> <Delay = 0.00>
ST_1 : Operation 63 [1/1] (0.00ns)   --->   "%br_ln49 = br void %arrayidx1236.15.exit633" [yolo_conv.cpp:49]   --->   Operation 63 'br' 'br_ln49' <Predicate = (!icmp_ln45 & select_ln45 == 1 & first_iter_0)> <Delay = 0.00>
ST_1 : Operation 64 [1/1] (0.00ns)   --->   "%br_ln49 = br void %arrayidx1236.15.exit" [yolo_conv.cpp:49]   --->   Operation 64 'br' 'br_ln49' <Predicate = (!icmp_ln45 & select_ln45 == 1)> <Delay = 0.00>
ST_1 : Operation 65 [1/1] (0.00ns)   --->   "%br_ln49 = br i1 %first_iter_0, void %arrayidx1236.15.case.1631, void %arrayidx1236.15.case.0630" [yolo_conv.cpp:49]   --->   Operation 65 'br' 'br_ln49' <Predicate = (!icmp_ln45 & select_ln45 == 0)> <Delay = 0.00>
ST_1 : Operation 66 [1/1] (0.00ns)   --->   "%write_ln49 = write void @_ssdm_op_Write.ap_auto.i16P0A, i16 %line_buf_16, i16 0" [yolo_conv.cpp:49]   --->   Operation 66 'write' 'write_ln49' <Predicate = (!icmp_ln45 & select_ln45 == 0 & !first_iter_0)> <Delay = 0.00>
ST_1 : Operation 67 [1/1] (0.00ns)   --->   "%write_ln49 = write void @_ssdm_op_Write.ap_auto.i16P0A, i16 %line_buf_17, i16 0" [yolo_conv.cpp:49]   --->   Operation 67 'write' 'write_ln49' <Predicate = (!icmp_ln45 & select_ln45 == 0 & !first_iter_0)> <Delay = 0.00>
ST_1 : Operation 68 [1/1] (0.00ns)   --->   "%write_ln49 = write void @_ssdm_op_Write.ap_auto.i16P0A, i16 %line_buf_18, i16 0" [yolo_conv.cpp:49]   --->   Operation 68 'write' 'write_ln49' <Predicate = (!icmp_ln45 & select_ln45 == 0 & !first_iter_0)> <Delay = 0.00>
ST_1 : Operation 69 [1/1] (0.00ns)   --->   "%write_ln49 = write void @_ssdm_op_Write.ap_auto.i16P0A, i16 %line_buf_19, i16 0" [yolo_conv.cpp:49]   --->   Operation 69 'write' 'write_ln49' <Predicate = (!icmp_ln45 & select_ln45 == 0 & !first_iter_0)> <Delay = 0.00>
ST_1 : Operation 70 [1/1] (0.00ns)   --->   "%write_ln49 = write void @_ssdm_op_Write.ap_auto.i16P0A, i16 %line_buf_20, i16 0" [yolo_conv.cpp:49]   --->   Operation 70 'write' 'write_ln49' <Predicate = (!icmp_ln45 & select_ln45 == 0 & !first_iter_0)> <Delay = 0.00>
ST_1 : Operation 71 [1/1] (0.00ns)   --->   "%write_ln49 = write void @_ssdm_op_Write.ap_auto.i16P0A, i16 %line_buf_21, i16 0" [yolo_conv.cpp:49]   --->   Operation 71 'write' 'write_ln49' <Predicate = (!icmp_ln45 & select_ln45 == 0 & !first_iter_0)> <Delay = 0.00>
ST_1 : Operation 72 [1/1] (0.00ns)   --->   "%write_ln49 = write void @_ssdm_op_Write.ap_auto.i16P0A, i16 %line_buf_22, i16 0" [yolo_conv.cpp:49]   --->   Operation 72 'write' 'write_ln49' <Predicate = (!icmp_ln45 & select_ln45 == 0 & !first_iter_0)> <Delay = 0.00>
ST_1 : Operation 73 [1/1] (0.00ns)   --->   "%write_ln49 = write void @_ssdm_op_Write.ap_auto.i16P0A, i16 %line_buf_23, i16 0" [yolo_conv.cpp:49]   --->   Operation 73 'write' 'write_ln49' <Predicate = (!icmp_ln45 & select_ln45 == 0 & !first_iter_0)> <Delay = 0.00>
ST_1 : Operation 74 [1/1] (0.00ns)   --->   "%write_ln49 = write void @_ssdm_op_Write.ap_auto.i16P0A, i16 %line_buf_24, i16 0" [yolo_conv.cpp:49]   --->   Operation 74 'write' 'write_ln49' <Predicate = (!icmp_ln45 & select_ln45 == 0 & !first_iter_0)> <Delay = 0.00>
ST_1 : Operation 75 [1/1] (0.00ns)   --->   "%write_ln49 = write void @_ssdm_op_Write.ap_auto.i16P0A, i16 %line_buf_25, i16 0" [yolo_conv.cpp:49]   --->   Operation 75 'write' 'write_ln49' <Predicate = (!icmp_ln45 & select_ln45 == 0 & !first_iter_0)> <Delay = 0.00>
ST_1 : Operation 76 [1/1] (0.00ns)   --->   "%write_ln49 = write void @_ssdm_op_Write.ap_auto.i16P0A, i16 %line_buf_26, i16 0" [yolo_conv.cpp:49]   --->   Operation 76 'write' 'write_ln49' <Predicate = (!icmp_ln45 & select_ln45 == 0 & !first_iter_0)> <Delay = 0.00>
ST_1 : Operation 77 [1/1] (0.00ns)   --->   "%write_ln49 = write void @_ssdm_op_Write.ap_auto.i16P0A, i16 %line_buf_27, i16 0" [yolo_conv.cpp:49]   --->   Operation 77 'write' 'write_ln49' <Predicate = (!icmp_ln45 & select_ln45 == 0 & !first_iter_0)> <Delay = 0.00>
ST_1 : Operation 78 [1/1] (0.00ns)   --->   "%write_ln49 = write void @_ssdm_op_Write.ap_auto.i16P0A, i16 %line_buf_28, i16 0" [yolo_conv.cpp:49]   --->   Operation 78 'write' 'write_ln49' <Predicate = (!icmp_ln45 & select_ln45 == 0 & !first_iter_0)> <Delay = 0.00>
ST_1 : Operation 79 [1/1] (0.00ns)   --->   "%write_ln49 = write void @_ssdm_op_Write.ap_auto.i16P0A, i16 %line_buf_29, i16 0" [yolo_conv.cpp:49]   --->   Operation 79 'write' 'write_ln49' <Predicate = (!icmp_ln45 & select_ln45 == 0 & !first_iter_0)> <Delay = 0.00>
ST_1 : Operation 80 [1/1] (0.00ns)   --->   "%write_ln49 = write void @_ssdm_op_Write.ap_auto.i16P0A, i16 %line_buf_30, i16 0" [yolo_conv.cpp:49]   --->   Operation 80 'write' 'write_ln49' <Predicate = (!icmp_ln45 & select_ln45 == 0 & !first_iter_0)> <Delay = 0.00>
ST_1 : Operation 81 [1/1] (0.00ns)   --->   "%write_ln49 = write void @_ssdm_op_Write.ap_auto.i16P0A, i16 %line_buf_31, i16 0" [yolo_conv.cpp:49]   --->   Operation 81 'write' 'write_ln49' <Predicate = (!icmp_ln45 & select_ln45 == 0 & !first_iter_0)> <Delay = 0.00>
ST_1 : Operation 82 [1/1] (0.00ns)   --->   "%br_ln49 = br void %arrayidx1236.15.exit629" [yolo_conv.cpp:49]   --->   Operation 82 'br' 'br_ln49' <Predicate = (!icmp_ln45 & select_ln45 == 0 & !first_iter_0)> <Delay = 0.00>
ST_1 : Operation 83 [1/1] (0.00ns)   --->   "%write_ln49 = write void @_ssdm_op_Write.ap_auto.i16P0A, i16 %line_buf, i16 0" [yolo_conv.cpp:49]   --->   Operation 83 'write' 'write_ln49' <Predicate = (!icmp_ln45 & select_ln45 == 0 & first_iter_0)> <Delay = 0.00>
ST_1 : Operation 84 [1/1] (0.00ns)   --->   "%write_ln49 = write void @_ssdm_op_Write.ap_auto.i16P0A, i16 %line_buf_1, i16 0" [yolo_conv.cpp:49]   --->   Operation 84 'write' 'write_ln49' <Predicate = (!icmp_ln45 & select_ln45 == 0 & first_iter_0)> <Delay = 0.00>
ST_1 : Operation 85 [1/1] (0.00ns)   --->   "%write_ln49 = write void @_ssdm_op_Write.ap_auto.i16P0A, i16 %line_buf_2, i16 0" [yolo_conv.cpp:49]   --->   Operation 85 'write' 'write_ln49' <Predicate = (!icmp_ln45 & select_ln45 == 0 & first_iter_0)> <Delay = 0.00>
ST_1 : Operation 86 [1/1] (0.00ns)   --->   "%write_ln49 = write void @_ssdm_op_Write.ap_auto.i16P0A, i16 %line_buf_3, i16 0" [yolo_conv.cpp:49]   --->   Operation 86 'write' 'write_ln49' <Predicate = (!icmp_ln45 & select_ln45 == 0 & first_iter_0)> <Delay = 0.00>
ST_1 : Operation 87 [1/1] (0.00ns)   --->   "%write_ln49 = write void @_ssdm_op_Write.ap_auto.i16P0A, i16 %line_buf_4, i16 0" [yolo_conv.cpp:49]   --->   Operation 87 'write' 'write_ln49' <Predicate = (!icmp_ln45 & select_ln45 == 0 & first_iter_0)> <Delay = 0.00>
ST_1 : Operation 88 [1/1] (0.00ns)   --->   "%write_ln49 = write void @_ssdm_op_Write.ap_auto.i16P0A, i16 %line_buf_5, i16 0" [yolo_conv.cpp:49]   --->   Operation 88 'write' 'write_ln49' <Predicate = (!icmp_ln45 & select_ln45 == 0 & first_iter_0)> <Delay = 0.00>
ST_1 : Operation 89 [1/1] (0.00ns)   --->   "%write_ln49 = write void @_ssdm_op_Write.ap_auto.i16P0A, i16 %line_buf_6, i16 0" [yolo_conv.cpp:49]   --->   Operation 89 'write' 'write_ln49' <Predicate = (!icmp_ln45 & select_ln45 == 0 & first_iter_0)> <Delay = 0.00>
ST_1 : Operation 90 [1/1] (0.00ns)   --->   "%write_ln49 = write void @_ssdm_op_Write.ap_auto.i16P0A, i16 %line_buf_7, i16 0" [yolo_conv.cpp:49]   --->   Operation 90 'write' 'write_ln49' <Predicate = (!icmp_ln45 & select_ln45 == 0 & first_iter_0)> <Delay = 0.00>
ST_1 : Operation 91 [1/1] (0.00ns)   --->   "%write_ln49 = write void @_ssdm_op_Write.ap_auto.i16P0A, i16 %line_buf_8, i16 0" [yolo_conv.cpp:49]   --->   Operation 91 'write' 'write_ln49' <Predicate = (!icmp_ln45 & select_ln45 == 0 & first_iter_0)> <Delay = 0.00>
ST_1 : Operation 92 [1/1] (0.00ns)   --->   "%write_ln49 = write void @_ssdm_op_Write.ap_auto.i16P0A, i16 %line_buf_9, i16 0" [yolo_conv.cpp:49]   --->   Operation 92 'write' 'write_ln49' <Predicate = (!icmp_ln45 & select_ln45 == 0 & first_iter_0)> <Delay = 0.00>
ST_1 : Operation 93 [1/1] (0.00ns)   --->   "%write_ln49 = write void @_ssdm_op_Write.ap_auto.i16P0A, i16 %line_buf_10, i16 0" [yolo_conv.cpp:49]   --->   Operation 93 'write' 'write_ln49' <Predicate = (!icmp_ln45 & select_ln45 == 0 & first_iter_0)> <Delay = 0.00>
ST_1 : Operation 94 [1/1] (0.00ns)   --->   "%write_ln49 = write void @_ssdm_op_Write.ap_auto.i16P0A, i16 %line_buf_11, i16 0" [yolo_conv.cpp:49]   --->   Operation 94 'write' 'write_ln49' <Predicate = (!icmp_ln45 & select_ln45 == 0 & first_iter_0)> <Delay = 0.00>
ST_1 : Operation 95 [1/1] (0.00ns)   --->   "%write_ln49 = write void @_ssdm_op_Write.ap_auto.i16P0A, i16 %line_buf_12, i16 0" [yolo_conv.cpp:49]   --->   Operation 95 'write' 'write_ln49' <Predicate = (!icmp_ln45 & select_ln45 == 0 & first_iter_0)> <Delay = 0.00>
ST_1 : Operation 96 [1/1] (0.00ns)   --->   "%write_ln49 = write void @_ssdm_op_Write.ap_auto.i16P0A, i16 %line_buf_13, i16 0" [yolo_conv.cpp:49]   --->   Operation 96 'write' 'write_ln49' <Predicate = (!icmp_ln45 & select_ln45 == 0 & first_iter_0)> <Delay = 0.00>
ST_1 : Operation 97 [1/1] (0.00ns)   --->   "%write_ln49 = write void @_ssdm_op_Write.ap_auto.i16P0A, i16 %line_buf_14, i16 0" [yolo_conv.cpp:49]   --->   Operation 97 'write' 'write_ln49' <Predicate = (!icmp_ln45 & select_ln45 == 0 & first_iter_0)> <Delay = 0.00>
ST_1 : Operation 98 [1/1] (0.00ns)   --->   "%write_ln49 = write void @_ssdm_op_Write.ap_auto.i16P0A, i16 %line_buf_15, i16 0" [yolo_conv.cpp:49]   --->   Operation 98 'write' 'write_ln49' <Predicate = (!icmp_ln45 & select_ln45 == 0 & first_iter_0)> <Delay = 0.00>
ST_1 : Operation 99 [1/1] (0.00ns)   --->   "%br_ln49 = br void %arrayidx1236.15.exit629" [yolo_conv.cpp:49]   --->   Operation 99 'br' 'br_ln49' <Predicate = (!icmp_ln45 & select_ln45 == 0 & first_iter_0)> <Delay = 0.00>
ST_1 : Operation 100 [1/1] (0.00ns)   --->   "%br_ln49 = br void %arrayidx1236.15.exit" [yolo_conv.cpp:49]   --->   Operation 100 'br' 'br_ln49' <Predicate = (!icmp_ln45 & select_ln45 == 0)> <Delay = 0.00>
ST_1 : Operation 101 [1/1] (0.00ns)   --->   "%br_ln49 = br i1 %first_iter_0, void %arrayidx1236.15.case.1639, void %arrayidx1236.15.case.0638" [yolo_conv.cpp:49]   --->   Operation 101 'br' 'br_ln49' <Predicate = (!icmp_ln45 & select_ln45 != 0 & select_ln45 != 1)> <Delay = 0.00>
ST_1 : Operation 102 [1/1] (0.00ns)   --->   "%write_ln49 = write void @_ssdm_op_Write.ap_auto.i16P0A, i16 %line_buf_80, i16 0" [yolo_conv.cpp:49]   --->   Operation 102 'write' 'write_ln49' <Predicate = (!icmp_ln45 & select_ln45 != 0 & select_ln45 != 1 & !first_iter_0)> <Delay = 0.00>
ST_1 : Operation 103 [1/1] (0.00ns)   --->   "%write_ln49 = write void @_ssdm_op_Write.ap_auto.i16P0A, i16 %line_buf_81, i16 0" [yolo_conv.cpp:49]   --->   Operation 103 'write' 'write_ln49' <Predicate = (!icmp_ln45 & select_ln45 != 0 & select_ln45 != 1 & !first_iter_0)> <Delay = 0.00>
ST_1 : Operation 104 [1/1] (0.00ns)   --->   "%write_ln49 = write void @_ssdm_op_Write.ap_auto.i16P0A, i16 %line_buf_82, i16 0" [yolo_conv.cpp:49]   --->   Operation 104 'write' 'write_ln49' <Predicate = (!icmp_ln45 & select_ln45 != 0 & select_ln45 != 1 & !first_iter_0)> <Delay = 0.00>
ST_1 : Operation 105 [1/1] (0.00ns)   --->   "%write_ln49 = write void @_ssdm_op_Write.ap_auto.i16P0A, i16 %line_buf_83, i16 0" [yolo_conv.cpp:49]   --->   Operation 105 'write' 'write_ln49' <Predicate = (!icmp_ln45 & select_ln45 != 0 & select_ln45 != 1 & !first_iter_0)> <Delay = 0.00>
ST_1 : Operation 106 [1/1] (0.00ns)   --->   "%write_ln49 = write void @_ssdm_op_Write.ap_auto.i16P0A, i16 %line_buf_84, i16 0" [yolo_conv.cpp:49]   --->   Operation 106 'write' 'write_ln49' <Predicate = (!icmp_ln45 & select_ln45 != 0 & select_ln45 != 1 & !first_iter_0)> <Delay = 0.00>
ST_1 : Operation 107 [1/1] (0.00ns)   --->   "%write_ln49 = write void @_ssdm_op_Write.ap_auto.i16P0A, i16 %line_buf_85, i16 0" [yolo_conv.cpp:49]   --->   Operation 107 'write' 'write_ln49' <Predicate = (!icmp_ln45 & select_ln45 != 0 & select_ln45 != 1 & !first_iter_0)> <Delay = 0.00>
ST_1 : Operation 108 [1/1] (0.00ns)   --->   "%write_ln49 = write void @_ssdm_op_Write.ap_auto.i16P0A, i16 %line_buf_86, i16 0" [yolo_conv.cpp:49]   --->   Operation 108 'write' 'write_ln49' <Predicate = (!icmp_ln45 & select_ln45 != 0 & select_ln45 != 1 & !first_iter_0)> <Delay = 0.00>
ST_1 : Operation 109 [1/1] (0.00ns)   --->   "%write_ln49 = write void @_ssdm_op_Write.ap_auto.i16P0A, i16 %line_buf_87, i16 0" [yolo_conv.cpp:49]   --->   Operation 109 'write' 'write_ln49' <Predicate = (!icmp_ln45 & select_ln45 != 0 & select_ln45 != 1 & !first_iter_0)> <Delay = 0.00>
ST_1 : Operation 110 [1/1] (0.00ns)   --->   "%write_ln49 = write void @_ssdm_op_Write.ap_auto.i16P0A, i16 %line_buf_88, i16 0" [yolo_conv.cpp:49]   --->   Operation 110 'write' 'write_ln49' <Predicate = (!icmp_ln45 & select_ln45 != 0 & select_ln45 != 1 & !first_iter_0)> <Delay = 0.00>
ST_1 : Operation 111 [1/1] (0.00ns)   --->   "%write_ln49 = write void @_ssdm_op_Write.ap_auto.i16P0A, i16 %line_buf_89, i16 0" [yolo_conv.cpp:49]   --->   Operation 111 'write' 'write_ln49' <Predicate = (!icmp_ln45 & select_ln45 != 0 & select_ln45 != 1 & !first_iter_0)> <Delay = 0.00>
ST_1 : Operation 112 [1/1] (0.00ns)   --->   "%write_ln49 = write void @_ssdm_op_Write.ap_auto.i16P0A, i16 %line_buf_90, i16 0" [yolo_conv.cpp:49]   --->   Operation 112 'write' 'write_ln49' <Predicate = (!icmp_ln45 & select_ln45 != 0 & select_ln45 != 1 & !first_iter_0)> <Delay = 0.00>
ST_1 : Operation 113 [1/1] (0.00ns)   --->   "%write_ln49 = write void @_ssdm_op_Write.ap_auto.i16P0A, i16 %line_buf_91, i16 0" [yolo_conv.cpp:49]   --->   Operation 113 'write' 'write_ln49' <Predicate = (!icmp_ln45 & select_ln45 != 0 & select_ln45 != 1 & !first_iter_0)> <Delay = 0.00>
ST_1 : Operation 114 [1/1] (0.00ns)   --->   "%write_ln49 = write void @_ssdm_op_Write.ap_auto.i16P0A, i16 %line_buf_92, i16 0" [yolo_conv.cpp:49]   --->   Operation 114 'write' 'write_ln49' <Predicate = (!icmp_ln45 & select_ln45 != 0 & select_ln45 != 1 & !first_iter_0)> <Delay = 0.00>
ST_1 : Operation 115 [1/1] (0.00ns)   --->   "%write_ln49 = write void @_ssdm_op_Write.ap_auto.i16P0A, i16 %line_buf_93, i16 0" [yolo_conv.cpp:49]   --->   Operation 115 'write' 'write_ln49' <Predicate = (!icmp_ln45 & select_ln45 != 0 & select_ln45 != 1 & !first_iter_0)> <Delay = 0.00>
ST_1 : Operation 116 [1/1] (0.00ns)   --->   "%write_ln49 = write void @_ssdm_op_Write.ap_auto.i16P0A, i16 %line_buf_94, i16 0" [yolo_conv.cpp:49]   --->   Operation 116 'write' 'write_ln49' <Predicate = (!icmp_ln45 & select_ln45 != 0 & select_ln45 != 1 & !first_iter_0)> <Delay = 0.00>
ST_1 : Operation 117 [1/1] (0.00ns)   --->   "%write_ln49 = write void @_ssdm_op_Write.ap_auto.i16P0A, i16 %line_buf_95, i16 0" [yolo_conv.cpp:49]   --->   Operation 117 'write' 'write_ln49' <Predicate = (!icmp_ln45 & select_ln45 != 0 & select_ln45 != 1 & !first_iter_0)> <Delay = 0.00>
ST_1 : Operation 118 [1/1] (0.00ns)   --->   "%br_ln49 = br void %arrayidx1236.15.exit637" [yolo_conv.cpp:49]   --->   Operation 118 'br' 'br_ln49' <Predicate = (!icmp_ln45 & select_ln45 != 0 & select_ln45 != 1 & !first_iter_0)> <Delay = 0.00>
ST_1 : Operation 119 [1/1] (0.00ns)   --->   "%write_ln49 = write void @_ssdm_op_Write.ap_auto.i16P0A, i16 %line_buf_64, i16 0" [yolo_conv.cpp:49]   --->   Operation 119 'write' 'write_ln49' <Predicate = (!icmp_ln45 & select_ln45 != 0 & select_ln45 != 1 & first_iter_0)> <Delay = 0.00>
ST_1 : Operation 120 [1/1] (0.00ns)   --->   "%write_ln49 = write void @_ssdm_op_Write.ap_auto.i16P0A, i16 %line_buf_65, i16 0" [yolo_conv.cpp:49]   --->   Operation 120 'write' 'write_ln49' <Predicate = (!icmp_ln45 & select_ln45 != 0 & select_ln45 != 1 & first_iter_0)> <Delay = 0.00>
ST_1 : Operation 121 [1/1] (0.00ns)   --->   "%write_ln49 = write void @_ssdm_op_Write.ap_auto.i16P0A, i16 %line_buf_66, i16 0" [yolo_conv.cpp:49]   --->   Operation 121 'write' 'write_ln49' <Predicate = (!icmp_ln45 & select_ln45 != 0 & select_ln45 != 1 & first_iter_0)> <Delay = 0.00>
ST_1 : Operation 122 [1/1] (0.00ns)   --->   "%write_ln49 = write void @_ssdm_op_Write.ap_auto.i16P0A, i16 %line_buf_67, i16 0" [yolo_conv.cpp:49]   --->   Operation 122 'write' 'write_ln49' <Predicate = (!icmp_ln45 & select_ln45 != 0 & select_ln45 != 1 & first_iter_0)> <Delay = 0.00>
ST_1 : Operation 123 [1/1] (0.00ns)   --->   "%write_ln49 = write void @_ssdm_op_Write.ap_auto.i16P0A, i16 %line_buf_68, i16 0" [yolo_conv.cpp:49]   --->   Operation 123 'write' 'write_ln49' <Predicate = (!icmp_ln45 & select_ln45 != 0 & select_ln45 != 1 & first_iter_0)> <Delay = 0.00>
ST_1 : Operation 124 [1/1] (0.00ns)   --->   "%write_ln49 = write void @_ssdm_op_Write.ap_auto.i16P0A, i16 %line_buf_69, i16 0" [yolo_conv.cpp:49]   --->   Operation 124 'write' 'write_ln49' <Predicate = (!icmp_ln45 & select_ln45 != 0 & select_ln45 != 1 & first_iter_0)> <Delay = 0.00>
ST_1 : Operation 125 [1/1] (0.00ns)   --->   "%write_ln49 = write void @_ssdm_op_Write.ap_auto.i16P0A, i16 %line_buf_70, i16 0" [yolo_conv.cpp:49]   --->   Operation 125 'write' 'write_ln49' <Predicate = (!icmp_ln45 & select_ln45 != 0 & select_ln45 != 1 & first_iter_0)> <Delay = 0.00>
ST_1 : Operation 126 [1/1] (0.00ns)   --->   "%write_ln49 = write void @_ssdm_op_Write.ap_auto.i16P0A, i16 %line_buf_71, i16 0" [yolo_conv.cpp:49]   --->   Operation 126 'write' 'write_ln49' <Predicate = (!icmp_ln45 & select_ln45 != 0 & select_ln45 != 1 & first_iter_0)> <Delay = 0.00>
ST_1 : Operation 127 [1/1] (0.00ns)   --->   "%write_ln49 = write void @_ssdm_op_Write.ap_auto.i16P0A, i16 %line_buf_72, i16 0" [yolo_conv.cpp:49]   --->   Operation 127 'write' 'write_ln49' <Predicate = (!icmp_ln45 & select_ln45 != 0 & select_ln45 != 1 & first_iter_0)> <Delay = 0.00>
ST_1 : Operation 128 [1/1] (0.00ns)   --->   "%write_ln49 = write void @_ssdm_op_Write.ap_auto.i16P0A, i16 %line_buf_73, i16 0" [yolo_conv.cpp:49]   --->   Operation 128 'write' 'write_ln49' <Predicate = (!icmp_ln45 & select_ln45 != 0 & select_ln45 != 1 & first_iter_0)> <Delay = 0.00>
ST_1 : Operation 129 [1/1] (0.00ns)   --->   "%write_ln49 = write void @_ssdm_op_Write.ap_auto.i16P0A, i16 %line_buf_74, i16 0" [yolo_conv.cpp:49]   --->   Operation 129 'write' 'write_ln49' <Predicate = (!icmp_ln45 & select_ln45 != 0 & select_ln45 != 1 & first_iter_0)> <Delay = 0.00>
ST_1 : Operation 130 [1/1] (0.00ns)   --->   "%write_ln49 = write void @_ssdm_op_Write.ap_auto.i16P0A, i16 %line_buf_75, i16 0" [yolo_conv.cpp:49]   --->   Operation 130 'write' 'write_ln49' <Predicate = (!icmp_ln45 & select_ln45 != 0 & select_ln45 != 1 & first_iter_0)> <Delay = 0.00>
ST_1 : Operation 131 [1/1] (0.00ns)   --->   "%write_ln49 = write void @_ssdm_op_Write.ap_auto.i16P0A, i16 %line_buf_76, i16 0" [yolo_conv.cpp:49]   --->   Operation 131 'write' 'write_ln49' <Predicate = (!icmp_ln45 & select_ln45 != 0 & select_ln45 != 1 & first_iter_0)> <Delay = 0.00>
ST_1 : Operation 132 [1/1] (0.00ns)   --->   "%write_ln49 = write void @_ssdm_op_Write.ap_auto.i16P0A, i16 %line_buf_77, i16 0" [yolo_conv.cpp:49]   --->   Operation 132 'write' 'write_ln49' <Predicate = (!icmp_ln45 & select_ln45 != 0 & select_ln45 != 1 & first_iter_0)> <Delay = 0.00>
ST_1 : Operation 133 [1/1] (0.00ns)   --->   "%write_ln49 = write void @_ssdm_op_Write.ap_auto.i16P0A, i16 %line_buf_78, i16 0" [yolo_conv.cpp:49]   --->   Operation 133 'write' 'write_ln49' <Predicate = (!icmp_ln45 & select_ln45 != 0 & select_ln45 != 1 & first_iter_0)> <Delay = 0.00>
ST_1 : Operation 134 [1/1] (0.00ns)   --->   "%write_ln49 = write void @_ssdm_op_Write.ap_auto.i16P0A, i16 %line_buf_79, i16 0" [yolo_conv.cpp:49]   --->   Operation 134 'write' 'write_ln49' <Predicate = (!icmp_ln45 & select_ln45 != 0 & select_ln45 != 1 & first_iter_0)> <Delay = 0.00>
ST_1 : Operation 135 [1/1] (0.00ns)   --->   "%br_ln49 = br void %arrayidx1236.15.exit637" [yolo_conv.cpp:49]   --->   Operation 135 'br' 'br_ln49' <Predicate = (!icmp_ln45 & select_ln45 != 0 & select_ln45 != 1 & first_iter_0)> <Delay = 0.00>
ST_1 : Operation 136 [1/1] (0.00ns)   --->   "%br_ln49 = br void %arrayidx1236.15.exit" [yolo_conv.cpp:49]   --->   Operation 136 'br' 'br_ln49' <Predicate = (!icmp_ln45 & select_ln45 != 0 & select_ln45 != 1)> <Delay = 0.00>
ST_1 : Operation 137 [1/1] (0.48ns)   --->   "%select_ln46 = select i1 %and_ln45, i2 2, i2 1" [yolo_conv.cpp:46]   --->   Operation 137 'select' 'select_ln46' <Predicate = (!icmp_ln45)> <Delay = 0.48> <CoreInst = "Sel">   --->   Core 73 'Sel' <Latency = 0> <II = 1> <Delay = 0.48> <FuncUnit> <Opcode : 'select'> <InPorts = 3> <OutPorts = 1>
ST_1 : Operation 138 [1/1] (0.83ns)   --->   "%store_ln45 = store i3 %add_ln45, i3 %indvar_flatten" [yolo_conv.cpp:45]   --->   Operation 138 'store' 'store_ln45' <Predicate = (!icmp_ln45)> <Delay = 0.83>
ST_1 : Operation 139 [1/1] (0.83ns)   --->   "%store_ln45 = store i2 %select_ln45, i2 %ic" [yolo_conv.cpp:45]   --->   Operation 139 'store' 'store_ln45' <Predicate = (!icmp_ln45)> <Delay = 0.83>
ST_1 : Operation 140 [1/1] (0.83ns)   --->   "%store_ln46 = store i2 %select_ln46, i2 %r" [yolo_conv.cpp:46]   --->   Operation 140 'store' 'store_ln46' <Predicate = (!icmp_ln45)> <Delay = 0.83>
ST_1 : Operation 141 [1/1] (0.00ns)   --->   "%br_ln46 = br void %VITIS_LOOP_47_3" [yolo_conv.cpp:46]   --->   Operation 141 'br' 'br_ln46' <Predicate = (!icmp_ln45)> <Delay = 0.00>
ST_1 : Operation 142 [1/1] (0.83ns)   --->   "%ret_ln0 = ret"   --->   Operation 142 'ret' 'ret_ln0' <Predicate = (icmp_ln45)> <Delay = 0.83>


============================================================
+ Verbose Summary: Timing violations
============================================================
Target clock period: 10.000ns, clock uncertainty: 2.700ns.

 <State 1>: 3.482ns
The critical path consists of the following:
	'store' operation ('store_ln46', yolo_conv.cpp:46) of constant 0 2 bit on local variable 'r', yolo_conv.cpp:46 [102]  (0.833 ns)
	'load' operation 2 bit ('r_load', yolo_conv.cpp:45) on local variable 'r', yolo_conv.cpp:46 [110]  (0.000 ns)
	'icmp' operation 1 bit ('icmp_ln46', yolo_conv.cpp:46) [115]  (0.850 ns)
	'xor' operation 1 bit ('xor_ln45', yolo_conv.cpp:45) [116]  (0.000 ns)
	'and' operation 1 bit ('and_ln45', yolo_conv.cpp:45) [117]  (0.479 ns)
	'select' operation 2 bit ('select_ln46', yolo_conv.cpp:46) [245]  (0.487 ns)
	'store' operation ('store_ln46', yolo_conv.cpp:46) of variable 'select_ln46', yolo_conv.cpp:46 2 bit on local variable 'r', yolo_conv.cpp:46 [248]  (0.833 ns)


============================================================
+ Verbose Summary: Binding
============================================================
N/A
* FSMD analyzer results:
  - Output states:
 - Input state : 
  - Chain level:
	State 1


============================================================
+ Verbose Summary: Datapath Resource usage 
============================================================
N/A
