

================================================================
== Vitis HLS Report for 'load_image_Pipeline_VITIS_LOOP_7_1'
================================================================
* Date:           Tue Jun 16 23:20:22 2026

* Version:        2025.2 (Build 6295257 on Nov 14 2025)
* Project:        yolo_conv2d_experiment
* Solution:       hls (Vivado IP Flow Target)
* Product family: kintex7
* Target device:  xc7k325t-ffg900-2


================================================================
== Performance Estimates
================================================================
+ Timing: 
    * Summary: 
    +--------+----------+----------+------------+
    |  Clock |  Target  | Estimated| Uncertainty|
    +--------+----------+----------+------------+
    |ap_clk  |  10.00 ns|  7.300 ns|     2.70 ns|
    +--------+----------+----------+------------+

+ Latency: 
    * Summary: 
    +---------+---------+----------+----------+-----+-----+-------------------+
    |  Latency (cycles) |  Latency (absolute) |  Interval |      Pipeline     |
    |   min   |   max   |    min   |    max   | min | max |        Type       |
    +---------+---------+----------+----------+-----+-----+-------------------+
    |      773|      773|  7.730 us|  7.730 us|    0|    0|  loop pipeline stp|
    +---------+---------+----------+----------+-----+-----+-------------------+

    + Detail: 
        * Instance: 
        N/A

        * Loop: 
        +------------------+---------+---------+----------+-----------+-----------+------+----------+
        |                  |  Latency (cycles) | Iteration|  Initiation Interval  | Trip |          |
        |     Loop Name    |   min   |   max   |  Latency |  achieved |   target  | Count| Pipelined|
        +------------------+---------+---------+----------+-----------+-----------+------+----------+
        |- VITIS_LOOP_7_1  |      771|      771|         7|          3|          1|   256|       yes|
        +------------------+---------+---------+----------+-----------+-----------+------+----------+

============================================================
+ Verbose Summary: Synthesis Manager
============================================================
InlineROM: 1
ExposeGlobal: 0
============================================================
+ Verbose Summary: CDFG Model
============================================================
IsTopModel: 0
ResetActiveHigh: 1
IsCombinational: 0
IsDatapathOnly: 0
HasWiredReturn: 1
HasMFsm: 2
HasVarLatency: 1
IsPipeline: 0
IsRtlPipelined: 0
IsInstanceOverlapped: 0
IsDontTouch: 0
HasImplIP: 0
IsGatedGlobalClock: 0

+ Individual pipeline summary: 
  * Pipeline-0: initiation interval (II) = 3, depth = 7


============================================================
+ Verbose Summary: Schedule
============================================================
* Number of FSM states : 7
* Pipeline : 1
  Pipeline-0 : II = 3, D = 7, States = { 1 2 3 4 5 6 7 }
* Dataflow Pipeline: 0

* FSM state transitions: 
1 --> 2 
2 --> 3 
3 --> 4 
4 --> 5 
5 --> 6 
6 --> 7 
7 --> 

* FSM state operations: 

State 1 <SV = 0> <Delay = 3.02>
ST_1 : Operation 10 [1/1] (0.00ns)   --->   "%i = alloca i32 1" [yolo_conv.cpp:7]   --->   Operation 10 'alloca' 'i' <Predicate = true> <Delay = 0.00>
ST_1 : Operation 11 [1/1] (0.00ns)   --->   "%sext_ln7_read = read i62 @_ssdm_op_Read.ap_auto.i62, i62 %sext_ln7"   --->   Operation 11 'read' 'sext_ln7_read' <Predicate = true> <Delay = 0.00>
ST_1 : Operation 12 [1/1] (0.00ns)   --->   "%sext_ln7_cast = sext i62 %sext_ln7_read"   --->   Operation 12 'sext' 'sext_ln7_cast' <Predicate = true> <Delay = 0.00>
ST_1 : Operation 13 [1/1] (0.00ns)   --->   "%specstablecontent_ln0 = specstablecontent void @_ssdm_op_SpecStableContent, i32 %gmem0, i1 1, void @p_str"   --->   Operation 13 'specstablecontent' 'specstablecontent_ln0' <Predicate = true> <Delay = 0.00>
ST_1 : Operation 14 [1/1] (0.00ns)   --->   "%specinterface_ln0 = specinterface void @_ssdm_op_SpecInterface, i32 %gmem0, void @empty_5, i32 0, i32 0, void @empty_17, i32 0, i32 768, void @empty_18, void @empty_16, void @empty_17, i32 16, i32 16, i32 16, i32 16, void @empty_17, void @empty_17, i32 4294967295, i32 0, i32 0, i32 4"   --->   Operation 14 'specinterface' 'specinterface_ln0' <Predicate = true> <Delay = 0.00>
ST_1 : Operation 15 [1/1] (0.00ns)   --->   "%specinterface_ln0 = specinterface void @_ssdm_op_SpecInterface, i48 %stream_in, void @empty_10, i32 0, i32 0, void @empty_17, i32 0, i32 0, void @empty_17, void @empty_17, void @empty_17, i32 0, i32 0, i32 0, i32 0, void @empty_17, void @empty_17, i32 4294967295, i32 0, i32 0, i32 0"   --->   Operation 15 'specinterface' 'specinterface_ln0' <Predicate = true> <Delay = 0.00>
ST_1 : Operation 16 [1/1] (0.83ns)   --->   "%store_ln7 = store i9 0, i9 %i" [yolo_conv.cpp:7]   --->   Operation 16 'store' 'store_ln7' <Predicate = true> <Delay = 0.83>
ST_1 : Operation 17 [1/1] (0.00ns)   --->   "%br_ln0 = br void %VITIS_LOOP_10_2"   --->   Operation 17 'br' 'br_ln0' <Predicate = true> <Delay = 0.00>
ST_1 : Operation 18 [1/1] (0.00ns)   --->   "%i_2 = load i9 %i" [yolo_conv.cpp:7]   --->   Operation 18 'load' 'i_2' <Predicate = true> <Delay = 0.00>
ST_1 : Operation 19 [1/1] (1.35ns)   --->   "%icmp_ln7 = icmp_eq  i9 %i_2, i9 256" [yolo_conv.cpp:7]   --->   Operation 19 'icmp' 'icmp_ln7' <Predicate = true> <Delay = 1.35> <CoreInst = "Cmp">   --->   Core 9 'Cmp' <Latency = 0> <II = 1> <Delay = 1.35> <FuncUnit> <Opcode : 'seteq' 'setne' 'setle' 'setge' 'setlt' 'setgt'> <InPorts = 2> <OutPorts = 1>
ST_1 : Operation 20 [1/1] (1.35ns)   --->   "%add_ln7 = add i9 %i_2, i9 1" [yolo_conv.cpp:7]   --->   Operation 20 'add' 'add_ln7' <Predicate = true> <Delay = 1.35> <CoreInst = "Adder">   --->   Core 1 'Adder' <Latency = 0> <II = 1> <Delay = 1.35> <FuncUnit> <Opcode : 'add' 'sub'> <InPorts = 2> <OutPorts = 1>
ST_1 : Operation 21 [1/1] (0.00ns)   --->   "%br_ln7 = br i1 %icmp_ln7, void %VITIS_LOOP_10_2.split_ifconv, void %for.end9.exitStub" [yolo_conv.cpp:7]   --->   Operation 21 'br' 'br_ln7' <Predicate = true> <Delay = 0.00>
ST_1 : Operation 22 [1/1] (0.83ns)   --->   "%store_ln7 = store i9 %add_ln7, i9 %i" [yolo_conv.cpp:7]   --->   Operation 22 'store' 'store_ln7' <Predicate = (!icmp_ln7)> <Delay = 0.83>

State 2 <SV = 1> <Delay = 7.30>
ST_2 : Operation 23 [1/1] (0.00ns)   --->   "%gmem0_addr = getelementptr i32 %gmem0, i64 %sext_ln7_cast" [yolo_conv.cpp:7]   --->   Operation 23 'getelementptr' 'gmem0_addr' <Predicate = (!icmp_ln7)> <Delay = 0.00>
ST_2 : Operation 24 [1/1] ( I:7.30ns O:7.30ns )   --->   "%gmem0_addr_read = read i32 @_ssdm_op_Read.m_axi.i32.p1i32, i32 %gmem0_addr" [yolo_conv.cpp:12]   --->   Operation 24 'read' 'gmem0_addr_read' <Predicate = (!icmp_ln7)> <Delay = 7.30> <CoreInst = "m_axi">   --->   Core 111 'm_axi' <Latency = 3> <II = 1> <Delay = 1.00> <Adapter> <Opcode : 'readrequnaligned' 'writerequnaligned' 'read' 'write' 'readreq' 'writereq' 'writeresp'>

State 3 <SV = 2> <Delay = 7.30>
ST_3 : Operation 25 [1/1] (0.00ns)   --->   "%bitcast_ln12 = bitcast i32 %gmem0_addr_read" [yolo_conv.cpp:12]   --->   Operation 25 'bitcast' 'bitcast_ln12' <Predicate = (!icmp_ln7)> <Delay = 0.00>
ST_3 : Operation 26 [1/1] ( I:7.30ns O:7.30ns )   --->   "%gmem0_addr_read_1 = read i32 @_ssdm_op_Read.m_axi.i32.p1i32, i32 %gmem0_addr" [yolo_conv.cpp:12]   --->   Operation 26 'read' 'gmem0_addr_read_1' <Predicate = (!icmp_ln7)> <Delay = 7.30> <CoreInst = "m_axi">   --->   Core 111 'm_axi' <Latency = 3> <II = 1> <Delay = 1.00> <Adapter> <Opcode : 'readrequnaligned' 'writerequnaligned' 'read' 'write' 'readreq' 'writereq' 'writeresp'>
ST_3 : Operation 27 [2/2] (2.30ns)   --->   "%pf = fpext i32 %bitcast_ln12" [yolo_conv.cpp:12]   --->   Operation 27 'fpext' 'pf' <Predicate = (!icmp_ln7)> <Delay = 2.30> <CoreInst = "Float2Double">   --->   Core 64 'Float2Double' <Latency = 1> <II = 1> <Delay = 2.30> <FuncUnit> <Opcode : 'fpext'> <InPorts = 1> <OutPorts = 1>

State 4 <SV = 3> <Delay = 7.30>
ST_4 : Operation 28 [1/1] (0.00ns)   --->   "%bitcast_ln12_1 = bitcast i32 %gmem0_addr_read_1" [yolo_conv.cpp:12]   --->   Operation 28 'bitcast' 'bitcast_ln12_1' <Predicate = true> <Delay = 0.00>
ST_4 : Operation 29 [1/1] ( I:7.30ns O:7.30ns )   --->   "%gmem0_addr_read_2 = read i32 @_ssdm_op_Read.m_axi.i32.p1i32, i32 %gmem0_addr" [yolo_conv.cpp:12]   --->   Operation 29 'read' 'gmem0_addr_read_2' <Predicate = true> <Delay = 7.30> <CoreInst = "m_axi">   --->   Core 111 'm_axi' <Latency = 3> <II = 1> <Delay = 1.00> <Adapter> <Opcode : 'readrequnaligned' 'writerequnaligned' 'read' 'write' 'readreq' 'writereq' 'writeresp'>
ST_4 : Operation 30 [1/2] (2.30ns)   --->   "%pf = fpext i32 %bitcast_ln12" [yolo_conv.cpp:12]   --->   Operation 30 'fpext' 'pf' <Predicate = true> <Delay = 2.30> <CoreInst = "Float2Double">   --->   Core 64 'Float2Double' <Latency = 1> <II = 1> <Delay = 2.30> <FuncUnit> <Opcode : 'fpext'> <InPorts = 1> <OutPorts = 1>
ST_4 : Operation 31 [1/1] (0.00ns)   --->   "%bitcast_ln726 = bitcast i64 %pf" [yolo_conv.cpp:12]   --->   Operation 31 'bitcast' 'bitcast_ln726' <Predicate = true> <Delay = 0.00>
ST_4 : Operation 32 [1/1] (0.00ns)   --->   "%trunc_ln12 = trunc i64 %bitcast_ln726" [yolo_conv.cpp:12]   --->   Operation 32 'trunc' 'trunc_ln12' <Predicate = true> <Delay = 0.00>
ST_4 : Operation 33 [1/1] (0.00ns)   --->   "%tmp = bitselect i1 @_ssdm_op_BitSelect.i1.i64.i32, i64 %bitcast_ln726, i32 63" [yolo_conv.cpp:12]   --->   Operation 33 'bitselect' 'tmp' <Predicate = true> <Delay = 0.00>
ST_4 : Operation 34 [1/1] (0.00ns)   --->   "%tmp_s = partselect i11 @_ssdm_op_PartSelect.i11.i64.i32, i64 %bitcast_ln726, i32 52" [yolo_conv.cpp:12]   --->   Operation 34 'partselect' 'tmp_s' <Predicate = true> <Delay = 0.00>
ST_4 : Operation 35 [1/1] (0.00ns)   --->   "%trunc_ln12_1 = trunc i64 %bitcast_ln726" [yolo_conv.cpp:12]   --->   Operation 35 'trunc' 'trunc_ln12_1' <Predicate = true> <Delay = 0.00>
ST_4 : Operation 36 [1/1] (1.72ns)   --->   "%icmp_ln12 = icmp_eq  i63 %trunc_ln12, i63 0" [yolo_conv.cpp:12]   --->   Operation 36 'icmp' 'icmp_ln12' <Predicate = true> <Delay = 1.72> <CoreInst = "Cmp">   --->   Core 9 'Cmp' <Latency = 0> <II = 1> <Delay = 1.72> <FuncUnit> <Opcode : 'seteq' 'setne' 'setle' 'setge' 'setlt' 'setgt'> <InPorts = 2> <OutPorts = 1>
ST_4 : Operation 37 [2/2] (2.30ns)   --->   "%pf_1 = fpext i32 %bitcast_ln12_1" [yolo_conv.cpp:12]   --->   Operation 37 'fpext' 'pf_1' <Predicate = true> <Delay = 2.30> <CoreInst = "Float2Double">   --->   Core 64 'Float2Double' <Latency = 1> <II = 1> <Delay = 2.30> <FuncUnit> <Opcode : 'fpext'> <InPorts = 1> <OutPorts = 1>
ST_4 : Operation 153 [1/1] (0.83ns)   --->   "%ret_ln0 = ret"   --->   Operation 153 'ret' 'ret_ln0' <Predicate = (icmp_ln7)> <Delay = 0.83>

State 5 <SV = 4> <Delay = 7.03>
ST_5 : Operation 38 [1/1] (0.00ns)   --->   "%bitcast_ln12_2 = bitcast i32 %gmem0_addr_read_2" [yolo_conv.cpp:12]   --->   Operation 38 'bitcast' 'bitcast_ln12_2' <Predicate = true> <Delay = 0.00>
ST_5 : Operation 39 [1/1] (0.00ns)   --->   "%zext_ln12 = zext i11 %tmp_s" [yolo_conv.cpp:12]   --->   Operation 39 'zext' 'zext_ln12' <Predicate = true> <Delay = 0.00>
ST_5 : Operation 40 [1/1] (0.00ns)   --->   "%zext_ln12_1_cast = bitconcatenate i53 @_ssdm_op_BitConcatenate.i53.i1.i52, i1 1, i52 %trunc_ln12_1" [yolo_conv.cpp:12]   --->   Operation 40 'bitconcatenate' 'zext_ln12_1_cast' <Predicate = true> <Delay = 0.00>
ST_5 : Operation 41 [1/1] (0.00ns)   --->   "%zext_ln12_1 = zext i53 %zext_ln12_1_cast" [yolo_conv.cpp:12]   --->   Operation 41 'zext' 'zext_ln12_1' <Predicate = true> <Delay = 0.00>
ST_5 : Operation 42 [1/1] (1.67ns)   --->   "%sub_ln12 = sub i54 0, i54 %zext_ln12_1" [yolo_conv.cpp:12]   --->   Operation 42 'sub' 'sub_ln12' <Predicate = (tmp)> <Delay = 1.67> <CoreInst = "Adder">   --->   Core 1 'Adder' <Latency = 0> <II = 1> <Delay = 1.67> <FuncUnit> <Opcode : 'add' 'sub'> <InPorts = 2> <OutPorts = 1>
ST_5 : Operation 43 [1/1] (0.54ns)   --->   "%select_ln12 = select i1 %tmp, i54 %sub_ln12, i54 %zext_ln12_1" [yolo_conv.cpp:12]   --->   Operation 43 'select' 'select_ln12' <Predicate = true> <Delay = 0.54> <CoreInst = "Sel">   --->   Core 73 'Sel' <Latency = 0> <II = 1> <Delay = 0.54> <FuncUnit> <Opcode : 'select'> <InPorts = 3> <OutPorts = 1>
ST_5 : Operation 44 [1/1] (1.35ns)   --->   "%sub_ln12_1 = sub i12 1075, i12 %zext_ln12" [yolo_conv.cpp:12]   --->   Operation 44 'sub' 'sub_ln12_1' <Predicate = true> <Delay = 1.35> <CoreInst = "Adder">   --->   Core 1 'Adder' <Latency = 0> <II = 1> <Delay = 1.35> <FuncUnit> <Opcode : 'add' 'sub'> <InPorts = 2> <OutPorts = 1>
ST_5 : Operation 45 [1/1] (0.00ns)   --->   "%trunc_ln12_2 = trunc i12 %sub_ln12_1" [yolo_conv.cpp:12]   --->   Operation 45 'trunc' 'trunc_ln12_2' <Predicate = true> <Delay = 0.00>
ST_5 : Operation 46 [1/1] (1.35ns)   --->   "%icmp_ln12_1 = icmp_sgt  i12 %sub_ln12_1, i12 10" [yolo_conv.cpp:12]   --->   Operation 46 'icmp' 'icmp_ln12_1' <Predicate = true> <Delay = 1.35> <CoreInst = "Cmp">   --->   Core 9 'Cmp' <Latency = 0> <II = 1> <Delay = 1.35> <FuncUnit> <Opcode : 'seteq' 'setne' 'setle' 'setge' 'setlt' 'setgt'> <InPorts = 2> <OutPorts = 1>
ST_5 : Operation 47 [1/1] (1.35ns)   --->   "%add_ln12 = add i11 %trunc_ln12_2, i11 2038" [yolo_conv.cpp:12]   --->   Operation 47 'add' 'add_ln12' <Predicate = true> <Delay = 1.35> <CoreInst = "Adder">   --->   Core 1 'Adder' <Latency = 0> <II = 1> <Delay = 1.35> <FuncUnit> <Opcode : 'add' 'sub'> <InPorts = 2> <OutPorts = 1>
ST_5 : Operation 48 [1/1] (1.35ns)   --->   "%sub_ln12_2 = sub i11 10, i11 %trunc_ln12_2" [yolo_conv.cpp:12]   --->   Operation 48 'sub' 'sub_ln12_2' <Predicate = true> <Delay = 1.35> <CoreInst = "Adder">   --->   Core 1 'Adder' <Latency = 0> <II = 1> <Delay = 1.35> <FuncUnit> <Opcode : 'add' 'sub'> <InPorts = 2> <OutPorts = 1>
ST_5 : Operation 49 [1/1] (0.49ns)   --->   "%select_ln12_1 = select i1 %icmp_ln12_1, i11 %add_ln12, i11 %sub_ln12_2" [yolo_conv.cpp:12]   --->   Operation 49 'select' 'select_ln12_1' <Predicate = true> <Delay = 0.49> <CoreInst = "Sel">   --->   Core 73 'Sel' <Latency = 0> <II = 1> <Delay = 0.49> <FuncUnit> <Opcode : 'select'> <InPorts = 3> <OutPorts = 1>
ST_5 : Operation 50 [1/1] (1.35ns)   --->   "%icmp_ln12_2 = icmp_eq  i12 %sub_ln12_1, i12 10" [yolo_conv.cpp:12]   --->   Operation 50 'icmp' 'icmp_ln12_2' <Predicate = true> <Delay = 1.35> <CoreInst = "Cmp">   --->   Core 9 'Cmp' <Latency = 0> <II = 1> <Delay = 1.35> <FuncUnit> <Opcode : 'seteq' 'setne' 'setle' 'setge' 'setlt' 'setgt'> <InPorts = 2> <OutPorts = 1>
ST_5 : Operation 51 [1/1] (0.00ns)   --->   "%trunc_ln12_3 = trunc i54 %select_ln12" [yolo_conv.cpp:12]   --->   Operation 51 'trunc' 'trunc_ln12_3' <Predicate = true> <Delay = 0.00>
ST_5 : Operation 52 [1/1] (1.35ns)   --->   "%icmp_ln12_3 = icmp_ult  i11 %select_ln12_1, i11 54" [yolo_conv.cpp:12]   --->   Operation 52 'icmp' 'icmp_ln12_3' <Predicate = true> <Delay = 1.35> <CoreInst = "Cmp">   --->   Core 9 'Cmp' <Latency = 0> <II = 1> <Delay = 1.35> <FuncUnit> <Opcode : 'seteq' 'setne' 'setle' 'setge' 'setlt' 'setgt'> <InPorts = 2> <OutPorts = 1>
ST_5 : Operation 53 [1/1] (0.00ns) (grouped into LUT with out node select_ln12_2)   --->   "%select_ln12_12 = select i1 %tmp, i16 65535, i16 0" [yolo_conv.cpp:12]   --->   Operation 53 'select' 'select_ln12_12' <Predicate = true> <Delay = 0.00> <CoreInst = "Sel">   --->   Core 73 'Sel' <Latency = 0> <II = 1> <Delay = 0.48> <FuncUnit> <Opcode : 'select'> <InPorts = 3> <OutPorts = 1>
ST_5 : Operation 54 [1/1] (0.00ns)   --->   "%zext_ln12_2 = zext i11 %select_ln12_1" [yolo_conv.cpp:12]   --->   Operation 54 'zext' 'zext_ln12_2' <Predicate = true> <Delay = 0.00>
ST_5 : Operation 55 [1/1] (2.49ns)   --->   "%ashr_ln12 = ashr i54 %select_ln12, i54 %zext_ln12_2" [yolo_conv.cpp:12]   --->   Operation 55 'ashr' 'ashr_ln12' <Predicate = true> <Delay = 2.49> <CoreInst = "Shifter">   --->   Core 75 'Shifter' <Latency = 0> <II = 1> <Delay = 2.49> <FuncUnit> <Opcode : 'shl' 'lshr' 'ashr'> <InPorts = 2> <OutPorts = 1>
ST_5 : Operation 56 [1/1] (0.00ns) (grouped into LUT with out node select_ln12_2)   --->   "%trunc_ln12_4 = trunc i54 %ashr_ln12" [yolo_conv.cpp:12]   --->   Operation 56 'trunc' 'trunc_ln12_4' <Predicate = true> <Delay = 0.00>
ST_5 : Operation 57 [1/1] (0.48ns) (out node of the LUT)   --->   "%select_ln12_2 = select i1 %icmp_ln12_3, i16 %trunc_ln12_4, i16 %select_ln12_12" [yolo_conv.cpp:12]   --->   Operation 57 'select' 'select_ln12_2' <Predicate = true> <Delay = 0.48> <CoreInst = "Sel">   --->   Core 73 'Sel' <Latency = 0> <II = 1> <Delay = 0.39> <FuncUnit> <Opcode : 'select'> <InPorts = 3> <OutPorts = 1>
ST_5 : Operation 58 [1/1] (0.00ns)   --->   "%tmp_62 = partselect i7 @_ssdm_op_PartSelect.i7.i11.i32.i32, i11 %select_ln12_1, i32 4, i32 10" [yolo_conv.cpp:12]   --->   Operation 58 'partselect' 'tmp_62' <Predicate = true> <Delay = 0.00>
ST_5 : Operation 59 [1/1] (1.27ns)   --->   "%icmp_ln12_4 = icmp_eq  i7 %tmp_62, i7 0" [yolo_conv.cpp:12]   --->   Operation 59 'icmp' 'icmp_ln12_4' <Predicate = true> <Delay = 1.27> <CoreInst = "Cmp">   --->   Core 9 'Cmp' <Latency = 0> <II = 1> <Delay = 1.27> <FuncUnit> <Opcode : 'seteq' 'setne' 'setle' 'setge' 'setlt' 'setgt'> <InPorts = 2> <OutPorts = 1>
ST_5 : Operation 60 [1/1] (0.00ns)   --->   "%select_ln12_1cast = zext i11 %select_ln12_1" [yolo_conv.cpp:12]   --->   Operation 60 'zext' 'select_ln12_1cast' <Predicate = true> <Delay = 0.00>
ST_5 : Operation 61 [1/1] (2.21ns)   --->   "%shl_ln12 = shl i16 %trunc_ln12_3, i16 %select_ln12_1cast" [yolo_conv.cpp:12]   --->   Operation 61 'shl' 'shl_ln12' <Predicate = true> <Delay = 2.21> <CoreInst = "Shifter">   --->   Core 75 'Shifter' <Latency = 0> <II = 1> <Delay = 2.21> <FuncUnit> <Opcode : 'shl' 'lshr' 'ashr'> <InPorts = 2> <OutPorts = 1>
ST_5 : Operation 62 [1/1] (0.39ns)   --->   "%select_ln12_3 = select i1 %icmp_ln12_4, i16 %shl_ln12, i16 0" [yolo_conv.cpp:12]   --->   Operation 62 'select' 'select_ln12_3' <Predicate = true> <Delay = 0.39> <CoreInst = "Sel">   --->   Core 73 'Sel' <Latency = 0> <II = 1> <Delay = 0.39> <FuncUnit> <Opcode : 'select'> <InPorts = 3> <OutPorts = 1>
ST_5 : Operation 63 [1/1] (0.00ns) (grouped into LUT with out node and_ln12)   --->   "%xor_ln12 = xor i1 %icmp_ln12, i1 1" [yolo_conv.cpp:12]   --->   Operation 63 'xor' 'xor_ln12' <Predicate = true> <Delay = 0.00> <CoreInst = "LogicGate">   --->   Core 74 'LogicGate' <Latency = 0> <II = 1> <Delay = 0.47> <FuncUnit> <Opcode : 'and' 'or' 'xor'> <InPorts = 2> <OutPorts = 1>
ST_5 : Operation 64 [1/1] (0.47ns) (out node of the LUT)   --->   "%and_ln12 = and i1 %icmp_ln12_2, i1 %xor_ln12" [yolo_conv.cpp:12]   --->   Operation 64 'and' 'and_ln12' <Predicate = true> <Delay = 0.47> <CoreInst = "LogicGate">   --->   Core 74 'LogicGate' <Latency = 0> <II = 1> <Delay = 0.47> <FuncUnit> <Opcode : 'and' 'or' 'xor'> <InPorts = 2> <OutPorts = 1>
ST_5 : Operation 65 [1/1] (0.00ns) (grouped into LUT with out node and_ln12_1)   --->   "%or_ln12 = or i1 %icmp_ln12, i1 %icmp_ln12_2" [yolo_conv.cpp:12]   --->   Operation 65 'or' 'or_ln12' <Predicate = true> <Delay = 0.00> <CoreInst = "LogicGate">   --->   Core 74 'LogicGate' <Latency = 0> <II = 1> <Delay = 0.47> <FuncUnit> <Opcode : 'and' 'or' 'xor'> <InPorts = 2> <OutPorts = 1>
ST_5 : Operation 66 [1/1] (0.00ns) (grouped into LUT with out node and_ln12_1)   --->   "%xor_ln12_1 = xor i1 %or_ln12, i1 1" [yolo_conv.cpp:12]   --->   Operation 66 'xor' 'xor_ln12_1' <Predicate = true> <Delay = 0.00> <CoreInst = "LogicGate">   --->   Core 74 'LogicGate' <Latency = 0> <II = 1> <Delay = 0.47> <FuncUnit> <Opcode : 'and' 'or' 'xor'> <InPorts = 2> <OutPorts = 1>
ST_5 : Operation 67 [1/1] (0.47ns) (out node of the LUT)   --->   "%and_ln12_1 = and i1 %icmp_ln12_1, i1 %xor_ln12_1" [yolo_conv.cpp:12]   --->   Operation 67 'and' 'and_ln12_1' <Predicate = true> <Delay = 0.47> <CoreInst = "LogicGate">   --->   Core 74 'LogicGate' <Latency = 0> <II = 1> <Delay = 0.47> <FuncUnit> <Opcode : 'and' 'or' 'xor'> <InPorts = 2> <OutPorts = 1>
ST_5 : Operation 68 [1/1] (0.00ns)   --->   "%sel_tmp6 = bitconcatenate i3 @_ssdm_op_BitConcatenate.i3.i1.i1.i1, i1 %icmp_ln12, i1 %and_ln12, i1 %and_ln12_1" [yolo_conv.cpp:12]   --->   Operation 68 'bitconcatenate' 'sel_tmp6' <Predicate = true> <Delay = 0.00>
ST_5 : Operation 69 [1/1] (0.84ns)   --->   "%storemerge4_i = sparsemux i16 @_ssdm_op_SparseMux.ap_auto.4i16.i16.i3, i3 4, i16 0, i3 2, i16 %trunc_ln12_3, i3 1, i16 %select_ln12_2, i3 0, i16 %select_ln12_3, i16 0, i3 %sel_tmp6" [yolo_conv.cpp:12]   --->   Operation 69 'sparsemux' 'storemerge4_i' <Predicate = true> <Delay = 0.84> <CoreInst = "OneHotSparseMux_HasDef">   --->   Core 140 'OneHotSparseMux_HasDef' <Latency = 0> <II = 1> <Delay = 0.84> <FuncUnit> <Opcode : 'sparsemux'> <InPorts = 2> <OutPorts = 1>
ST_5 : Operation 70 [1/2] (2.30ns)   --->   "%pf_1 = fpext i32 %bitcast_ln12_1" [yolo_conv.cpp:12]   --->   Operation 70 'fpext' 'pf_1' <Predicate = true> <Delay = 2.30> <CoreInst = "Float2Double">   --->   Core 64 'Float2Double' <Latency = 1> <II = 1> <Delay = 2.30> <FuncUnit> <Opcode : 'fpext'> <InPorts = 1> <OutPorts = 1>
ST_5 : Operation 71 [1/1] (0.00ns)   --->   "%bitcast_ln726_1 = bitcast i64 %pf_1" [yolo_conv.cpp:12]   --->   Operation 71 'bitcast' 'bitcast_ln726_1' <Predicate = true> <Delay = 0.00>
ST_5 : Operation 72 [1/1] (0.00ns)   --->   "%trunc_ln12_6 = trunc i64 %bitcast_ln726_1" [yolo_conv.cpp:12]   --->   Operation 72 'trunc' 'trunc_ln12_6' <Predicate = true> <Delay = 0.00>
ST_5 : Operation 73 [1/1] (0.00ns)   --->   "%tmp_63 = bitselect i1 @_ssdm_op_BitSelect.i1.i64.i32, i64 %bitcast_ln726_1, i32 63" [yolo_conv.cpp:12]   --->   Operation 73 'bitselect' 'tmp_63' <Predicate = true> <Delay = 0.00>
ST_5 : Operation 74 [1/1] (0.00ns)   --->   "%tmp_64 = partselect i11 @_ssdm_op_PartSelect.i11.i64.i32, i64 %bitcast_ln726_1, i32 52" [yolo_conv.cpp:12]   --->   Operation 74 'partselect' 'tmp_64' <Predicate = true> <Delay = 0.00>
ST_5 : Operation 75 [1/1] (0.00ns)   --->   "%trunc_ln12_7 = trunc i64 %bitcast_ln726_1" [yolo_conv.cpp:12]   --->   Operation 75 'trunc' 'trunc_ln12_7' <Predicate = true> <Delay = 0.00>
ST_5 : Operation 76 [1/1] (1.72ns)   --->   "%icmp_ln12_5 = icmp_eq  i63 %trunc_ln12_6, i63 0" [yolo_conv.cpp:12]   --->   Operation 76 'icmp' 'icmp_ln12_5' <Predicate = true> <Delay = 1.72> <CoreInst = "Cmp">   --->   Core 9 'Cmp' <Latency = 0> <II = 1> <Delay = 1.72> <FuncUnit> <Opcode : 'seteq' 'setne' 'setle' 'setge' 'setlt' 'setgt'> <InPorts = 2> <OutPorts = 1>
ST_5 : Operation 77 [2/2] (2.30ns)   --->   "%pf_2 = fpext i32 %bitcast_ln12_2" [yolo_conv.cpp:12]   --->   Operation 77 'fpext' 'pf_2' <Predicate = true> <Delay = 2.30> <CoreInst = "Float2Double">   --->   Core 64 'Float2Double' <Latency = 1> <II = 1> <Delay = 2.30> <FuncUnit> <Opcode : 'fpext'> <InPorts = 1> <OutPorts = 1>

State 6 <SV = 5> <Delay = 7.03>
ST_6 : Operation 78 [1/1] (0.00ns)   --->   "%zext_ln12_3 = zext i11 %tmp_64" [yolo_conv.cpp:12]   --->   Operation 78 'zext' 'zext_ln12_3' <Predicate = true> <Delay = 0.00>
ST_6 : Operation 79 [1/1] (0.00ns)   --->   "%zext_ln12_7_cast = bitconcatenate i53 @_ssdm_op_BitConcatenate.i53.i1.i52, i1 1, i52 %trunc_ln12_7" [yolo_conv.cpp:12]   --->   Operation 79 'bitconcatenate' 'zext_ln12_7_cast' <Predicate = true> <Delay = 0.00>
ST_6 : Operation 80 [1/1] (0.00ns)   --->   "%zext_ln12_7 = zext i53 %zext_ln12_7_cast" [yolo_conv.cpp:12]   --->   Operation 80 'zext' 'zext_ln12_7' <Predicate = true> <Delay = 0.00>
ST_6 : Operation 81 [1/1] (1.67ns)   --->   "%sub_ln12_3 = sub i54 0, i54 %zext_ln12_7" [yolo_conv.cpp:12]   --->   Operation 81 'sub' 'sub_ln12_3' <Predicate = (tmp_63)> <Delay = 1.67> <CoreInst = "Adder">   --->   Core 1 'Adder' <Latency = 0> <II = 1> <Delay = 1.67> <FuncUnit> <Opcode : 'add' 'sub'> <InPorts = 2> <OutPorts = 1>
ST_6 : Operation 82 [1/1] (0.54ns)   --->   "%select_ln12_4 = select i1 %tmp_63, i54 %sub_ln12_3, i54 %zext_ln12_7" [yolo_conv.cpp:12]   --->   Operation 82 'select' 'select_ln12_4' <Predicate = true> <Delay = 0.54> <CoreInst = "Sel">   --->   Core 73 'Sel' <Latency = 0> <II = 1> <Delay = 0.54> <FuncUnit> <Opcode : 'select'> <InPorts = 3> <OutPorts = 1>
ST_6 : Operation 83 [1/1] (1.35ns)   --->   "%sub_ln12_4 = sub i12 1075, i12 %zext_ln12_3" [yolo_conv.cpp:12]   --->   Operation 83 'sub' 'sub_ln12_4' <Predicate = true> <Delay = 1.35> <CoreInst = "Adder">   --->   Core 1 'Adder' <Latency = 0> <II = 1> <Delay = 1.35> <FuncUnit> <Opcode : 'add' 'sub'> <InPorts = 2> <OutPorts = 1>
ST_6 : Operation 84 [1/1] (0.00ns)   --->   "%trunc_ln12_8 = trunc i12 %sub_ln12_4" [yolo_conv.cpp:12]   --->   Operation 84 'trunc' 'trunc_ln12_8' <Predicate = true> <Delay = 0.00>
ST_6 : Operation 85 [1/1] (1.35ns)   --->   "%icmp_ln12_6 = icmp_sgt  i12 %sub_ln12_4, i12 10" [yolo_conv.cpp:12]   --->   Operation 85 'icmp' 'icmp_ln12_6' <Predicate = true> <Delay = 1.35> <CoreInst = "Cmp">   --->   Core 9 'Cmp' <Latency = 0> <II = 1> <Delay = 1.35> <FuncUnit> <Opcode : 'seteq' 'setne' 'setle' 'setge' 'setlt' 'setgt'> <InPorts = 2> <OutPorts = 1>
ST_6 : Operation 86 [1/1] (1.35ns)   --->   "%add_ln12_1 = add i11 %trunc_ln12_8, i11 2038" [yolo_conv.cpp:12]   --->   Operation 86 'add' 'add_ln12_1' <Predicate = true> <Delay = 1.35> <CoreInst = "Adder">   --->   Core 1 'Adder' <Latency = 0> <II = 1> <Delay = 1.35> <FuncUnit> <Opcode : 'add' 'sub'> <InPorts = 2> <OutPorts = 1>
ST_6 : Operation 87 [1/1] (1.35ns)   --->   "%sub_ln12_5 = sub i11 10, i11 %trunc_ln12_8" [yolo_conv.cpp:12]   --->   Operation 87 'sub' 'sub_ln12_5' <Predicate = true> <Delay = 1.35> <CoreInst = "Adder">   --->   Core 1 'Adder' <Latency = 0> <II = 1> <Delay = 1.35> <FuncUnit> <Opcode : 'add' 'sub'> <InPorts = 2> <OutPorts = 1>
ST_6 : Operation 88 [1/1] (0.49ns)   --->   "%select_ln12_5 = select i1 %icmp_ln12_6, i11 %add_ln12_1, i11 %sub_ln12_5" [yolo_conv.cpp:12]   --->   Operation 88 'select' 'select_ln12_5' <Predicate = true> <Delay = 0.49> <CoreInst = "Sel">   --->   Core 73 'Sel' <Latency = 0> <II = 1> <Delay = 0.49> <FuncUnit> <Opcode : 'select'> <InPorts = 3> <OutPorts = 1>
ST_6 : Operation 89 [1/1] (1.35ns)   --->   "%icmp_ln12_7 = icmp_eq  i12 %sub_ln12_4, i12 10" [yolo_conv.cpp:12]   --->   Operation 89 'icmp' 'icmp_ln12_7' <Predicate = true> <Delay = 1.35> <CoreInst = "Cmp">   --->   Core 9 'Cmp' <Latency = 0> <II = 1> <Delay = 1.35> <FuncUnit> <Opcode : 'seteq' 'setne' 'setle' 'setge' 'setlt' 'setgt'> <InPorts = 2> <OutPorts = 1>
ST_6 : Operation 90 [1/1] (0.00ns)   --->   "%trunc_ln12_9 = trunc i54 %select_ln12_4" [yolo_conv.cpp:12]   --->   Operation 90 'trunc' 'trunc_ln12_9' <Predicate = true> <Delay = 0.00>
ST_6 : Operation 91 [1/1] (1.35ns)   --->   "%icmp_ln12_8 = icmp_ult  i11 %select_ln12_5, i11 54" [yolo_conv.cpp:12]   --->   Operation 91 'icmp' 'icmp_ln12_8' <Predicate = true> <Delay = 1.35> <CoreInst = "Cmp">   --->   Core 9 'Cmp' <Latency = 0> <II = 1> <Delay = 1.35> <FuncUnit> <Opcode : 'seteq' 'setne' 'setle' 'setge' 'setlt' 'setgt'> <InPorts = 2> <OutPorts = 1>
ST_6 : Operation 92 [1/1] (0.00ns) (grouped into LUT with out node select_ln12_6)   --->   "%select_ln12_13 = select i1 %tmp_63, i16 65535, i16 0" [yolo_conv.cpp:12]   --->   Operation 92 'select' 'select_ln12_13' <Predicate = true> <Delay = 0.00> <CoreInst = "Sel">   --->   Core 73 'Sel' <Latency = 0> <II = 1> <Delay = 0.48> <FuncUnit> <Opcode : 'select'> <InPorts = 3> <OutPorts = 1>
ST_6 : Operation 93 [1/1] (0.00ns)   --->   "%zext_ln12_5 = zext i11 %select_ln12_5" [yolo_conv.cpp:12]   --->   Operation 93 'zext' 'zext_ln12_5' <Predicate = true> <Delay = 0.00>
ST_6 : Operation 94 [1/1] (2.49ns)   --->   "%ashr_ln12_1 = ashr i54 %select_ln12_4, i54 %zext_ln12_5" [yolo_conv.cpp:12]   --->   Operation 94 'ashr' 'ashr_ln12_1' <Predicate = true> <Delay = 2.49> <CoreInst = "Shifter">   --->   Core 75 'Shifter' <Latency = 0> <II = 1> <Delay = 2.49> <FuncUnit> <Opcode : 'shl' 'lshr' 'ashr'> <InPorts = 2> <OutPorts = 1>
ST_6 : Operation 95 [1/1] (0.00ns) (grouped into LUT with out node select_ln12_6)   --->   "%trunc_ln12_10 = trunc i54 %ashr_ln12_1" [yolo_conv.cpp:12]   --->   Operation 95 'trunc' 'trunc_ln12_10' <Predicate = true> <Delay = 0.00>
ST_6 : Operation 96 [1/1] (0.48ns) (out node of the LUT)   --->   "%select_ln12_6 = select i1 %icmp_ln12_8, i16 %trunc_ln12_10, i16 %select_ln12_13" [yolo_conv.cpp:12]   --->   Operation 96 'select' 'select_ln12_6' <Predicate = true> <Delay = 0.48> <CoreInst = "Sel">   --->   Core 73 'Sel' <Latency = 0> <II = 1> <Delay = 0.39> <FuncUnit> <Opcode : 'select'> <InPorts = 3> <OutPorts = 1>
ST_6 : Operation 97 [1/1] (0.00ns)   --->   "%tmp_65 = partselect i7 @_ssdm_op_PartSelect.i7.i11.i32.i32, i11 %select_ln12_5, i32 4, i32 10" [yolo_conv.cpp:12]   --->   Operation 97 'partselect' 'tmp_65' <Predicate = true> <Delay = 0.00>
ST_6 : Operation 98 [1/1] (1.27ns)   --->   "%icmp_ln12_9 = icmp_eq  i7 %tmp_65, i7 0" [yolo_conv.cpp:12]   --->   Operation 98 'icmp' 'icmp_ln12_9' <Predicate = true> <Delay = 1.27> <CoreInst = "Cmp">   --->   Core 9 'Cmp' <Latency = 0> <II = 1> <Delay = 1.27> <FuncUnit> <Opcode : 'seteq' 'setne' 'setle' 'setge' 'setlt' 'setgt'> <InPorts = 2> <OutPorts = 1>
ST_6 : Operation 99 [1/1] (0.00ns)   --->   "%select_ln12_5cast = zext i11 %select_ln12_5" [yolo_conv.cpp:12]   --->   Operation 99 'zext' 'select_ln12_5cast' <Predicate = true> <Delay = 0.00>
ST_6 : Operation 100 [1/1] (2.21ns)   --->   "%shl_ln12_1 = shl i16 %trunc_ln12_9, i16 %select_ln12_5cast" [yolo_conv.cpp:12]   --->   Operation 100 'shl' 'shl_ln12_1' <Predicate = true> <Delay = 2.21> <CoreInst = "Shifter">   --->   Core 75 'Shifter' <Latency = 0> <II = 1> <Delay = 2.21> <FuncUnit> <Opcode : 'shl' 'lshr' 'ashr'> <InPorts = 2> <OutPorts = 1>
ST_6 : Operation 101 [1/1] (0.39ns)   --->   "%select_ln12_7 = select i1 %icmp_ln12_9, i16 %shl_ln12_1, i16 0" [yolo_conv.cpp:12]   --->   Operation 101 'select' 'select_ln12_7' <Predicate = true> <Delay = 0.39> <CoreInst = "Sel">   --->   Core 73 'Sel' <Latency = 0> <II = 1> <Delay = 0.39> <FuncUnit> <Opcode : 'select'> <InPorts = 3> <OutPorts = 1>
ST_6 : Operation 102 [1/1] (0.00ns) (grouped into LUT with out node and_ln12_2)   --->   "%xor_ln12_2 = xor i1 %icmp_ln12_5, i1 1" [yolo_conv.cpp:12]   --->   Operation 102 'xor' 'xor_ln12_2' <Predicate = true> <Delay = 0.00> <CoreInst = "LogicGate">   --->   Core 74 'LogicGate' <Latency = 0> <II = 1> <Delay = 0.47> <FuncUnit> <Opcode : 'and' 'or' 'xor'> <InPorts = 2> <OutPorts = 1>
ST_6 : Operation 103 [1/1] (0.47ns) (out node of the LUT)   --->   "%and_ln12_2 = and i1 %icmp_ln12_7, i1 %xor_ln12_2" [yolo_conv.cpp:12]   --->   Operation 103 'and' 'and_ln12_2' <Predicate = true> <Delay = 0.47> <CoreInst = "LogicGate">   --->   Core 74 'LogicGate' <Latency = 0> <II = 1> <Delay = 0.47> <FuncUnit> <Opcode : 'and' 'or' 'xor'> <InPorts = 2> <OutPorts = 1>
ST_6 : Operation 104 [1/1] (0.00ns) (grouped into LUT with out node and_ln12_3)   --->   "%or_ln12_1 = or i1 %icmp_ln12_5, i1 %icmp_ln12_7" [yolo_conv.cpp:12]   --->   Operation 104 'or' 'or_ln12_1' <Predicate = true> <Delay = 0.00> <CoreInst = "LogicGate">   --->   Core 74 'LogicGate' <Latency = 0> <II = 1> <Delay = 0.47> <FuncUnit> <Opcode : 'and' 'or' 'xor'> <InPorts = 2> <OutPorts = 1>
ST_6 : Operation 105 [1/1] (0.00ns) (grouped into LUT with out node and_ln12_3)   --->   "%xor_ln12_3 = xor i1 %or_ln12_1, i1 1" [yolo_conv.cpp:12]   --->   Operation 105 'xor' 'xor_ln12_3' <Predicate = true> <Delay = 0.00> <CoreInst = "LogicGate">   --->   Core 74 'LogicGate' <Latency = 0> <II = 1> <Delay = 0.47> <FuncUnit> <Opcode : 'and' 'or' 'xor'> <InPorts = 2> <OutPorts = 1>
ST_6 : Operation 106 [1/1] (0.47ns) (out node of the LUT)   --->   "%and_ln12_3 = and i1 %icmp_ln12_6, i1 %xor_ln12_3" [yolo_conv.cpp:12]   --->   Operation 106 'and' 'and_ln12_3' <Predicate = true> <Delay = 0.47> <CoreInst = "LogicGate">   --->   Core 74 'LogicGate' <Latency = 0> <II = 1> <Delay = 0.47> <FuncUnit> <Opcode : 'and' 'or' 'xor'> <InPorts = 2> <OutPorts = 1>
ST_6 : Operation 107 [1/1] (0.00ns)   --->   "%sel_tmp = bitconcatenate i3 @_ssdm_op_BitConcatenate.i3.i1.i1.i1, i1 %icmp_ln12_5, i1 %and_ln12_2, i1 %and_ln12_3" [yolo_conv.cpp:12]   --->   Operation 107 'bitconcatenate' 'sel_tmp' <Predicate = true> <Delay = 0.00>
ST_6 : Operation 108 [1/1] (0.84ns)   --->   "%storemerge4_i2 = sparsemux i16 @_ssdm_op_SparseMux.ap_auto.4i16.i16.i3, i3 4, i16 0, i3 2, i16 %trunc_ln12_9, i3 1, i16 %select_ln12_6, i3 0, i16 %select_ln12_7, i16 0, i3 %sel_tmp" [yolo_conv.cpp:12]   --->   Operation 108 'sparsemux' 'storemerge4_i2' <Predicate = true> <Delay = 0.84> <CoreInst = "OneHotSparseMux_HasDef">   --->   Core 140 'OneHotSparseMux_HasDef' <Latency = 0> <II = 1> <Delay = 0.84> <FuncUnit> <Opcode : 'sparsemux'> <InPorts = 2> <OutPorts = 1>
ST_6 : Operation 109 [1/2] (2.30ns)   --->   "%pf_2 = fpext i32 %bitcast_ln12_2" [yolo_conv.cpp:12]   --->   Operation 109 'fpext' 'pf_2' <Predicate = true> <Delay = 2.30> <CoreInst = "Float2Double">   --->   Core 64 'Float2Double' <Latency = 1> <II = 1> <Delay = 2.30> <FuncUnit> <Opcode : 'fpext'> <InPorts = 1> <OutPorts = 1>
ST_6 : Operation 110 [1/1] (0.00ns)   --->   "%bitcast_ln726_2 = bitcast i64 %pf_2" [yolo_conv.cpp:12]   --->   Operation 110 'bitcast' 'bitcast_ln726_2' <Predicate = true> <Delay = 0.00>
ST_6 : Operation 111 [1/1] (0.00ns)   --->   "%trunc_ln12_12 = trunc i64 %bitcast_ln726_2" [yolo_conv.cpp:12]   --->   Operation 111 'trunc' 'trunc_ln12_12' <Predicate = true> <Delay = 0.00>
ST_6 : Operation 112 [1/1] (0.00ns)   --->   "%tmp_66 = bitselect i1 @_ssdm_op_BitSelect.i1.i64.i32, i64 %bitcast_ln726_2, i32 63" [yolo_conv.cpp:12]   --->   Operation 112 'bitselect' 'tmp_66' <Predicate = true> <Delay = 0.00>
ST_6 : Operation 113 [1/1] (0.00ns)   --->   "%tmp_67 = partselect i11 @_ssdm_op_PartSelect.i11.i64.i32, i64 %bitcast_ln726_2, i32 52" [yolo_conv.cpp:12]   --->   Operation 113 'partselect' 'tmp_67' <Predicate = true> <Delay = 0.00>
ST_6 : Operation 114 [1/1] (0.00ns)   --->   "%zext_ln12_6 = zext i11 %tmp_67" [yolo_conv.cpp:12]   --->   Operation 114 'zext' 'zext_ln12_6' <Predicate = true> <Delay = 0.00>
ST_6 : Operation 115 [1/1] (0.00ns)   --->   "%trunc_ln12_13 = trunc i64 %bitcast_ln726_2" [yolo_conv.cpp:12]   --->   Operation 115 'trunc' 'trunc_ln12_13' <Predicate = true> <Delay = 0.00>
ST_6 : Operation 116 [1/1] (0.00ns)   --->   "%zext_ln12_10_cast = bitconcatenate i53 @_ssdm_op_BitConcatenate.i53.i1.i52, i1 1, i52 %trunc_ln12_13" [yolo_conv.cpp:12]   --->   Operation 116 'bitconcatenate' 'zext_ln12_10_cast' <Predicate = true> <Delay = 0.00>
ST_6 : Operation 117 [1/1] (0.00ns)   --->   "%zext_ln12_10 = zext i53 %zext_ln12_10_cast" [yolo_conv.cpp:12]   --->   Operation 117 'zext' 'zext_ln12_10' <Predicate = true> <Delay = 0.00>
ST_6 : Operation 118 [1/1] (1.67ns)   --->   "%sub_ln12_6 = sub i54 0, i54 %zext_ln12_10" [yolo_conv.cpp:12]   --->   Operation 118 'sub' 'sub_ln12_6' <Predicate = true> <Delay = 1.67> <CoreInst = "Adder">   --->   Core 1 'Adder' <Latency = 0> <II = 1> <Delay = 1.67> <FuncUnit> <Opcode : 'add' 'sub'> <InPorts = 2> <OutPorts = 1>
ST_6 : Operation 119 [1/1] (0.54ns)   --->   "%select_ln12_8 = select i1 %tmp_66, i54 %sub_ln12_6, i54 %zext_ln12_10" [yolo_conv.cpp:12]   --->   Operation 119 'select' 'select_ln12_8' <Predicate = true> <Delay = 0.54> <CoreInst = "Sel">   --->   Core 73 'Sel' <Latency = 0> <II = 1> <Delay = 0.54> <FuncUnit> <Opcode : 'select'> <InPorts = 3> <OutPorts = 1>
ST_6 : Operation 120 [1/1] (1.72ns)   --->   "%icmp_ln12_10 = icmp_eq  i63 %trunc_ln12_12, i63 0" [yolo_conv.cpp:12]   --->   Operation 120 'icmp' 'icmp_ln12_10' <Predicate = true> <Delay = 1.72> <CoreInst = "Cmp">   --->   Core 9 'Cmp' <Latency = 0> <II = 1> <Delay = 1.72> <FuncUnit> <Opcode : 'seteq' 'setne' 'setle' 'setge' 'setlt' 'setgt'> <InPorts = 2> <OutPorts = 1>
ST_6 : Operation 121 [1/1] (1.35ns)   --->   "%sub_ln12_7 = sub i12 1075, i12 %zext_ln12_6" [yolo_conv.cpp:12]   --->   Operation 121 'sub' 'sub_ln12_7' <Predicate = true> <Delay = 1.35> <CoreInst = "Adder">   --->   Core 1 'Adder' <Latency = 0> <II = 1> <Delay = 1.35> <FuncUnit> <Opcode : 'add' 'sub'> <InPorts = 2> <OutPorts = 1>
ST_6 : Operation 122 [1/1] (0.00ns)   --->   "%trunc_ln12_14 = trunc i12 %sub_ln12_7" [yolo_conv.cpp:12]   --->   Operation 122 'trunc' 'trunc_ln12_14' <Predicate = true> <Delay = 0.00>
ST_6 : Operation 123 [1/1] (1.35ns)   --->   "%icmp_ln12_11 = icmp_sgt  i12 %sub_ln12_7, i12 10" [yolo_conv.cpp:12]   --->   Operation 123 'icmp' 'icmp_ln12_11' <Predicate = true> <Delay = 1.35> <CoreInst = "Cmp">   --->   Core 9 'Cmp' <Latency = 0> <II = 1> <Delay = 1.35> <FuncUnit> <Opcode : 'seteq' 'setne' 'setle' 'setge' 'setlt' 'setgt'> <InPorts = 2> <OutPorts = 1>
ST_6 : Operation 124 [1/1] (1.35ns)   --->   "%add_ln12_2 = add i11 %trunc_ln12_14, i11 2038" [yolo_conv.cpp:12]   --->   Operation 124 'add' 'add_ln12_2' <Predicate = true> <Delay = 1.35> <CoreInst = "Adder">   --->   Core 1 'Adder' <Latency = 0> <II = 1> <Delay = 1.35> <FuncUnit> <Opcode : 'add' 'sub'> <InPorts = 2> <OutPorts = 1>
ST_6 : Operation 125 [1/1] (1.35ns)   --->   "%sub_ln12_8 = sub i11 10, i11 %trunc_ln12_14" [yolo_conv.cpp:12]   --->   Operation 125 'sub' 'sub_ln12_8' <Predicate = true> <Delay = 1.35> <CoreInst = "Adder">   --->   Core 1 'Adder' <Latency = 0> <II = 1> <Delay = 1.35> <FuncUnit> <Opcode : 'add' 'sub'> <InPorts = 2> <OutPorts = 1>
ST_6 : Operation 126 [1/1] (0.49ns)   --->   "%select_ln12_9 = select i1 %icmp_ln12_11, i11 %add_ln12_2, i11 %sub_ln12_8" [yolo_conv.cpp:12]   --->   Operation 126 'select' 'select_ln12_9' <Predicate = true> <Delay = 0.49> <CoreInst = "Sel">   --->   Core 73 'Sel' <Latency = 0> <II = 1> <Delay = 0.49> <FuncUnit> <Opcode : 'select'> <InPorts = 3> <OutPorts = 1>
ST_6 : Operation 127 [1/1] (1.35ns)   --->   "%icmp_ln12_12 = icmp_eq  i12 %sub_ln12_7, i12 10" [yolo_conv.cpp:12]   --->   Operation 127 'icmp' 'icmp_ln12_12' <Predicate = true> <Delay = 1.35> <CoreInst = "Cmp">   --->   Core 9 'Cmp' <Latency = 0> <II = 1> <Delay = 1.35> <FuncUnit> <Opcode : 'seteq' 'setne' 'setle' 'setge' 'setlt' 'setgt'> <InPorts = 2> <OutPorts = 1>
ST_6 : Operation 128 [1/1] (0.00ns)   --->   "%trunc_ln12_15 = trunc i54 %select_ln12_8" [yolo_conv.cpp:12]   --->   Operation 128 'trunc' 'trunc_ln12_15' <Predicate = true> <Delay = 0.00>
ST_6 : Operation 129 [1/1] (0.00ns)   --->   "%tmp_68 = partselect i7 @_ssdm_op_PartSelect.i7.i11.i32.i32, i11 %select_ln12_9, i32 4, i32 10" [yolo_conv.cpp:12]   --->   Operation 129 'partselect' 'tmp_68' <Predicate = true> <Delay = 0.00>
ST_6 : Operation 130 [1/1] (1.27ns)   --->   "%icmp_ln12_14 = icmp_eq  i7 %tmp_68, i7 0" [yolo_conv.cpp:12]   --->   Operation 130 'icmp' 'icmp_ln12_14' <Predicate = true> <Delay = 1.27> <CoreInst = "Cmp">   --->   Core 9 'Cmp' <Latency = 0> <II = 1> <Delay = 1.27> <FuncUnit> <Opcode : 'seteq' 'setne' 'setle' 'setge' 'setlt' 'setgt'> <InPorts = 2> <OutPorts = 1>
ST_6 : Operation 131 [1/1] (0.00ns) (grouped into LUT with out node and_ln12_5)   --->   "%or_ln12_2 = or i1 %icmp_ln12_10, i1 %icmp_ln12_12" [yolo_conv.cpp:12]   --->   Operation 131 'or' 'or_ln12_2' <Predicate = true> <Delay = 0.00> <CoreInst = "LogicGate">   --->   Core 74 'LogicGate' <Latency = 0> <II = 1> <Delay = 0.47> <FuncUnit> <Opcode : 'and' 'or' 'xor'> <InPorts = 2> <OutPorts = 1>
ST_6 : Operation 132 [1/1] (0.00ns) (grouped into LUT with out node and_ln12_5)   --->   "%xor_ln12_5 = xor i1 %or_ln12_2, i1 1" [yolo_conv.cpp:12]   --->   Operation 132 'xor' 'xor_ln12_5' <Predicate = true> <Delay = 0.00> <CoreInst = "LogicGate">   --->   Core 74 'LogicGate' <Latency = 0> <II = 1> <Delay = 0.47> <FuncUnit> <Opcode : 'and' 'or' 'xor'> <InPorts = 2> <OutPorts = 1>
ST_6 : Operation 133 [1/1] (0.47ns) (out node of the LUT)   --->   "%and_ln12_5 = and i1 %icmp_ln12_11, i1 %xor_ln12_5" [yolo_conv.cpp:12]   --->   Operation 133 'and' 'and_ln12_5' <Predicate = true> <Delay = 0.47> <CoreInst = "LogicGate">   --->   Core 74 'LogicGate' <Latency = 0> <II = 1> <Delay = 0.47> <FuncUnit> <Opcode : 'and' 'or' 'xor'> <InPorts = 2> <OutPorts = 1>

State 7 <SV = 6> <Delay = 6.30>
ST_7 : Operation 134 [1/1] (0.00ns)   --->   "%specpipeline_ln8 = specpipeline void @_ssdm_op_SpecPipeline, i32 1, i32 0, i32 0, i32 0, i32 4294967295, void @empty_17" [yolo_conv.cpp:8]   --->   Operation 134 'specpipeline' 'specpipeline_ln8' <Predicate = true> <Delay = 0.00>
ST_7 : Operation 135 [1/1] (0.00ns)   --->   "%speclooptripcount_ln7 = speclooptripcount void @_ssdm_op_SpecLoopTripCount, i64 256, i64 256, i64 256" [yolo_conv.cpp:7]   --->   Operation 135 'speclooptripcount' 'speclooptripcount_ln7' <Predicate = true> <Delay = 0.00>
ST_7 : Operation 136 [1/1] (0.00ns)   --->   "%specloopname_ln7 = specloopname void @_ssdm_op_SpecLoopName, void @empty_13" [yolo_conv.cpp:7]   --->   Operation 136 'specloopname' 'specloopname_ln7' <Predicate = true> <Delay = 0.00>
ST_7 : Operation 137 [1/1] (1.35ns)   --->   "%icmp_ln12_13 = icmp_ult  i11 %select_ln12_9, i11 54" [yolo_conv.cpp:12]   --->   Operation 137 'icmp' 'icmp_ln12_13' <Predicate = true> <Delay = 1.35> <CoreInst = "Cmp">   --->   Core 9 'Cmp' <Latency = 0> <II = 1> <Delay = 1.35> <FuncUnit> <Opcode : 'seteq' 'setne' 'setle' 'setge' 'setlt' 'setgt'> <InPorts = 2> <OutPorts = 1>
ST_7 : Operation 138 [1/1] (0.00ns) (grouped into LUT with out node select_ln12_10)   --->   "%select_ln12_14 = select i1 %tmp_66, i16 65535, i16 0" [yolo_conv.cpp:12]   --->   Operation 138 'select' 'select_ln12_14' <Predicate = true> <Delay = 0.00> <CoreInst = "Sel">   --->   Core 73 'Sel' <Latency = 0> <II = 1> <Delay = 0.48> <FuncUnit> <Opcode : 'select'> <InPorts = 3> <OutPorts = 1>
ST_7 : Operation 139 [1/1] (0.00ns)   --->   "%zext_ln12_8 = zext i11 %select_ln12_9" [yolo_conv.cpp:12]   --->   Operation 139 'zext' 'zext_ln12_8' <Predicate = true> <Delay = 0.00>
ST_7 : Operation 140 [1/1] (2.49ns)   --->   "%ashr_ln12_2 = ashr i54 %select_ln12_8, i54 %zext_ln12_8" [yolo_conv.cpp:12]   --->   Operation 140 'ashr' 'ashr_ln12_2' <Predicate = true> <Delay = 2.49> <CoreInst = "Shifter">   --->   Core 75 'Shifter' <Latency = 0> <II = 1> <Delay = 2.49> <FuncUnit> <Opcode : 'shl' 'lshr' 'ashr'> <InPorts = 2> <OutPorts = 1>
ST_7 : Operation 141 [1/1] (0.00ns) (grouped into LUT with out node select_ln12_10)   --->   "%trunc_ln12_16 = trunc i54 %ashr_ln12_2" [yolo_conv.cpp:12]   --->   Operation 141 'trunc' 'trunc_ln12_16' <Predicate = true> <Delay = 0.00>
ST_7 : Operation 142 [1/1] (0.48ns) (out node of the LUT)   --->   "%select_ln12_10 = select i1 %icmp_ln12_13, i16 %trunc_ln12_16, i16 %select_ln12_14" [yolo_conv.cpp:12]   --->   Operation 142 'select' 'select_ln12_10' <Predicate = true> <Delay = 0.48> <CoreInst = "Sel">   --->   Core 73 'Sel' <Latency = 0> <II = 1> <Delay = 0.39> <FuncUnit> <Opcode : 'select'> <InPorts = 3> <OutPorts = 1>
ST_7 : Operation 143 [1/1] (0.00ns)   --->   "%select_ln12_9cast = zext i11 %select_ln12_9" [yolo_conv.cpp:12]   --->   Operation 143 'zext' 'select_ln12_9cast' <Predicate = (icmp_ln12_14)> <Delay = 0.00>
ST_7 : Operation 144 [1/1] (2.21ns)   --->   "%shl_ln12_2 = shl i16 %trunc_ln12_15, i16 %select_ln12_9cast" [yolo_conv.cpp:12]   --->   Operation 144 'shl' 'shl_ln12_2' <Predicate = (icmp_ln12_14)> <Delay = 2.21> <CoreInst = "Shifter">   --->   Core 75 'Shifter' <Latency = 0> <II = 1> <Delay = 2.21> <FuncUnit> <Opcode : 'shl' 'lshr' 'ashr'> <InPorts = 2> <OutPorts = 1>
ST_7 : Operation 145 [1/1] (0.39ns)   --->   "%select_ln12_11 = select i1 %icmp_ln12_14, i16 %shl_ln12_2, i16 0" [yolo_conv.cpp:12]   --->   Operation 145 'select' 'select_ln12_11' <Predicate = true> <Delay = 0.39> <CoreInst = "Sel">   --->   Core 73 'Sel' <Latency = 0> <II = 1> <Delay = 0.39> <FuncUnit> <Opcode : 'select'> <InPorts = 3> <OutPorts = 1>
ST_7 : Operation 146 [1/1] (0.00ns) (grouped into LUT with out node and_ln12_4)   --->   "%xor_ln12_4 = xor i1 %icmp_ln12_10, i1 1" [yolo_conv.cpp:12]   --->   Operation 146 'xor' 'xor_ln12_4' <Predicate = true> <Delay = 0.00> <CoreInst = "LogicGate">   --->   Core 74 'LogicGate' <Latency = 0> <II = 1> <Delay = 0.47> <FuncUnit> <Opcode : 'and' 'or' 'xor'> <InPorts = 2> <OutPorts = 1>
ST_7 : Operation 147 [1/1] (0.47ns) (out node of the LUT)   --->   "%and_ln12_4 = and i1 %icmp_ln12_12, i1 %xor_ln12_4" [yolo_conv.cpp:12]   --->   Operation 147 'and' 'and_ln12_4' <Predicate = true> <Delay = 0.47> <CoreInst = "LogicGate">   --->   Core 74 'LogicGate' <Latency = 0> <II = 1> <Delay = 0.47> <FuncUnit> <Opcode : 'and' 'or' 'xor'> <InPorts = 2> <OutPorts = 1>
ST_7 : Operation 148 [1/1] (0.00ns)   --->   "%sel_tmp3 = bitconcatenate i3 @_ssdm_op_BitConcatenate.i3.i1.i1.i1, i1 %icmp_ln12_10, i1 %and_ln12_4, i1 %and_ln12_5" [yolo_conv.cpp:12]   --->   Operation 148 'bitconcatenate' 'sel_tmp3' <Predicate = true> <Delay = 0.00>
ST_7 : Operation 149 [1/1] (0.84ns)   --->   "%storemerge4_i3 = sparsemux i16 @_ssdm_op_SparseMux.ap_auto.4i16.i16.i3, i3 4, i16 0, i3 2, i16 %trunc_ln12_15, i3 1, i16 %select_ln12_10, i3 0, i16 %select_ln12_11, i16 0, i3 %sel_tmp3" [yolo_conv.cpp:12]   --->   Operation 149 'sparsemux' 'storemerge4_i3' <Predicate = true> <Delay = 0.84> <CoreInst = "OneHotSparseMux_HasDef">   --->   Core 140 'OneHotSparseMux_HasDef' <Latency = 0> <II = 1> <Delay = 0.84> <FuncUnit> <Opcode : 'sparsemux'> <InPorts = 2> <OutPorts = 1>
ST_7 : Operation 150 [1/1] (0.00ns)   --->   "%p_0 = bitconcatenate i48 @_ssdm_op_BitConcatenate.i48.i16.i16.i16, i16 %storemerge4_i3, i16 %storemerge4_i2, i16 %storemerge4_i" [yolo_conv.cpp:14]   --->   Operation 150 'bitconcatenate' 'p_0' <Predicate = true> <Delay = 0.00>
ST_7 : Operation 151 [1/1] ( I:2.46ns O:2.46ns )   --->   "%write_ln14 = write void @_ssdm_op_Write.ap_fifo.volatile.i48P0A, i48 %stream_in, i48 %p_0" [yolo_conv.cpp:14]   --->   Operation 151 'write' 'write_ln14' <Predicate = true> <Delay = 2.46> <CoreInst = "FIFO_SRL">   --->   Core 80 'FIFO_SRL' <Latency = 0> <II = 1> <Delay = 2.46> <Storage> <Opcode : 'read' 'write' 'nbread' 'nbwrite'> <Ports = 0> <Width = 48> <Depth = 2> <FIFO>
ST_7 : Operation 152 [1/1] (0.00ns)   --->   "%br_ln7 = br void %VITIS_LOOP_10_2" [yolo_conv.cpp:7]   --->   Operation 152 'br' 'br_ln7' <Predicate = true> <Delay = 0.00>


============================================================
+ Verbose Summary: Timing violations
============================================================
Target clock period: 10.000ns, clock uncertainty: 2.700ns.

 <State 1>: 3.022ns
The critical path consists of the following:
	'store' operation ('store_ln7', yolo_conv.cpp:7) of constant 0 9 bit on local variable 'i', yolo_conv.cpp:7 [10]  (0.833 ns)
	'load' operation 9 bit ('i', yolo_conv.cpp:7) on local variable 'i', yolo_conv.cpp:7 [13]  (0.000 ns)
	'icmp' operation 1 bit ('icmp_ln7', yolo_conv.cpp:7) [14]  (1.356 ns)
	'store' operation ('store_ln7', yolo_conv.cpp:7) of variable 'add_ln7', yolo_conv.cpp:7 9 bit on local variable 'i', yolo_conv.cpp:7 [144]  (0.833 ns)

 <State 2>: 7.300ns
The critical path consists of the following:
	'getelementptr' operation 32 bit ('gmem0_addr', yolo_conv.cpp:7) [18]  (0.000 ns)
	bus read operation ('gmem0_addr_read', yolo_conv.cpp:12) on port 'gmem0' (yolo_conv.cpp:12) [22]  (7.300 ns)

 <State 3>: 7.300ns
The critical path consists of the following:
	bus read operation ('gmem0_addr_read_1', yolo_conv.cpp:12) on port 'gmem0' (yolo_conv.cpp:12) [24]  (7.300 ns)

 <State 4>: 7.300ns
The critical path consists of the following:
	bus read operation ('gmem0_addr_read_2', yolo_conv.cpp:12) on port 'gmem0' (yolo_conv.cpp:12) [26]  (7.300 ns)

 <State 5>: 7.037ns
The critical path consists of the following:
	'sub' operation 12 bit ('sub_ln12_1', yolo_conv.cpp:12) [40]  (1.352 ns)
	'add' operation 11 bit ('add_ln12', yolo_conv.cpp:12) [43]  (1.353 ns)
	'select' operation 11 bit ('select_ln12_1', yolo_conv.cpp:12) [45]  (0.498 ns)
	'ashr' operation 54 bit ('ashr_ln12', yolo_conv.cpp:12) [51]  (2.499 ns)
	'select' operation 16 bit ('select_ln12_2', yolo_conv.cpp:12) [53]  (0.487 ns)
	'sparsemux' operation 16 bit ('storemerge4_i', yolo_conv.cpp:12) [65]  (0.848 ns)

 <State 6>: 7.037ns
The critical path consists of the following:
	'sub' operation 12 bit ('sub_ln12_4', yolo_conv.cpp:12) [78]  (1.352 ns)
	'add' operation 11 bit ('add_ln12_1', yolo_conv.cpp:12) [81]  (1.353 ns)
	'select' operation 11 bit ('select_ln12_5', yolo_conv.cpp:12) [83]  (0.498 ns)
	'ashr' operation 54 bit ('ashr_ln12_1', yolo_conv.cpp:12) [89]  (2.499 ns)
	'select' operation 16 bit ('select_ln12_6', yolo_conv.cpp:12) [91]  (0.487 ns)
	'sparsemux' operation 16 bit ('storemerge4_i2', yolo_conv.cpp:12) [103]  (0.848 ns)

 <State 7>: 6.302ns
The critical path consists of the following:
	'ashr' operation 54 bit ('ashr_ln12_2', yolo_conv.cpp:12) [127]  (2.499 ns)
	'select' operation 16 bit ('select_ln12_10', yolo_conv.cpp:12) [129]  (0.487 ns)
	'sparsemux' operation 16 bit ('storemerge4_i3', yolo_conv.cpp:12) [141]  (0.848 ns)
	fifo write operation ('write_ln14', yolo_conv.cpp:14) on port 'stream_in' (yolo_conv.cpp:14) [143]  (2.468 ns)


============================================================
+ Verbose Summary: Binding
============================================================
N/A
* FSMD analyzer results:
  - Output states:
 - Input state : 
  - Chain level:
	State 1
	State 2
	State 3
	State 4
	State 5
	State 6
	State 7


============================================================
+ Verbose Summary: Datapath Resource usage 
============================================================
N/A
