

================================================================
== Vitis HLS Report for 'store_image'
================================================================
* Date:           Tue Jun 16 23:20:33 2026

* Version:        2025.2 (Build 6295257 on Nov 14 2025)
* Project:        yolo_conv2d_experiment
* Solution:       hls (Vivado IP Flow Target)
* Product family: kintex7
* Target device:  xc7k325t-ffg900-2


================================================================
== Performance Estimates
================================================================
+ Timing: 
    * Summary: 
    +--------+----------+----------+------------+
    |  Clock |  Target  | Estimated| Uncertainty|
    +--------+----------+----------+------------+
    |ap_clk  |  10.00 ns|  7.300 ns|     2.70 ns|
    +--------+----------+----------+------------+

+ Latency: 
    * Summary: 
    +---------+---------+-----------+-----------+------+------+---------+
    |  Latency (cycles) |   Latency (absolute)  |   Interval  | Pipeline|
    |   min   |   max   |    min    |    max    |  min |  max |   Type  |
    +---------+---------+-----------+-----------+------+------+---------+
    |     3147|     3147|  31.470 us|  31.470 us|  3147|  3147|       no|
    +---------+---------+-----------+-----------+------+------+---------+

    + Detail: 
        * Instance: 
        +------------------------------------------------+--------------------------------------+---------+---------+-----------+-----------+-----+-----+-------------------+
        |                                                |                                      |  Latency (cycles) |   Latency (absolute)  |  Interval |      Pipeline     |
        |                    Instance                    |                Module                |   min   |   max   |    min    |    max    | min | max |        Type       |
        +------------------------------------------------+--------------------------------------+---------+---------+-----------+-----------+-----+-----+-------------------+
        |grp_store_image_Pipeline_VITIS_LOOP_19_1_fu_68  |store_image_Pipeline_VITIS_LOOP_19_1  |     3140|     3140|  31.400 us|  31.400 us|    0|    0|  loop pipeline stp|
        +------------------------------------------------+--------------------------------------+---------+---------+-----------+-----------+-----+-----+-------------------+

        * Loop: 
        N/A

============================================================
+ Verbose Summary: Synthesis Manager
============================================================
InlineROM: 1
ExposeGlobal: 0
============================================================
+ Verbose Summary: CDFG Model
============================================================
IsTopModel: 0
ResetActiveHigh: 1
IsCombinational: 2
IsDatapathOnly: 0
HasWiredReturn: 1
HasMFsm: 0
HasVarLatency: 1
IsPipeline: 0
IsRtlPipelined: 0
IsInstanceOverlapped: 0
IsDontTouch: 0
HasImplIP: 0
IsGatedGlobalClock: 0


============================================================
+ Verbose Summary: Schedule
============================================================
* Number of FSM states : 8
* Pipeline : 0
* Dataflow Pipeline: 0

* FSM state transitions: 
1 --> 2 
2 --> 3 
3 --> 4 
4 --> 5 
5 --> 6 
6 --> 7 
7 --> 8 
8 --> 

* FSM state operations: 

State 1 <SV = 0> <Delay = 7.30>
ST_1 : Operation 9 [1/1] (0.00ns)   --->   "%image_out_read = read i64 @_ssdm_op_Read.ap_auto.i64, i64 %image_out" [yolo_conv.cpp:18]   --->   Operation 9 'read' 'image_out_read' <Predicate = true> <Delay = 0.00>
ST_1 : Operation 10 [1/1] (0.00ns)   --->   "%trunc_ln = partselect i62 @_ssdm_op_PartSelect.i62.i64.i32.i32, i64 %image_out_read, i32 2, i32 63" [yolo_conv.cpp:19]   --->   Operation 10 'partselect' 'trunc_ln' <Predicate = true> <Delay = 0.00>
ST_1 : Operation 11 [1/1] (0.00ns)   --->   "%sext_ln19 = sext i62 %trunc_ln" [yolo_conv.cpp:19]   --->   Operation 11 'sext' 'sext_ln19' <Predicate = true> <Delay = 0.00>
ST_1 : Operation 12 [1/1] (0.00ns)   --->   "%gmem3_addr = getelementptr i32 %gmem3, i64 %sext_ln19" [yolo_conv.cpp:19]   --->   Operation 12 'getelementptr' 'gmem3_addr' <Predicate = true> <Delay = 0.00>
ST_1 : Operation 13 [1/1] ( I:7.30ns O:7.30ns )   --->   "%empty = writereq i1 @_ssdm_op_WriteReq.m_axi.p1i32, i32 %gmem3_addr, i64 3136" [yolo_conv.cpp:19]   --->   Operation 13 'writereq' 'empty' <Predicate = true> <Delay = 7.30> <CoreInst = "m_axi">   --->   Core 111 'm_axi' <Latency = 9> <II = 1> <Delay = 1.00> <Adapter> <Opcode : 'readrequnaligned' 'writerequnaligned' 'read' 'write' 'readreq' 'writereq' 'writeresp'>

State 2 <SV = 1> <Delay = 0.00>
ST_2 : Operation 14 [2/2] (0.00ns)   --->   "%call_ln19 = call void @store_image_Pipeline_VITIS_LOOP_19_1, i32 %gmem3, i62 %trunc_ln, i256 %stream_out" [yolo_conv.cpp:19]   --->   Operation 14 'call' 'call_ln19' <Predicate = true> <Delay = 0.00> <CoreType = "Generic">   --->   Generic Core

State 3 <SV = 2> <Delay = 0.00>
ST_3 : Operation 15 [1/2] (0.00ns)   --->   "%call_ln19 = call void @store_image_Pipeline_VITIS_LOOP_19_1, i32 %gmem3, i62 %trunc_ln, i256 %stream_out" [yolo_conv.cpp:19]   --->   Operation 15 'call' 'call_ln19' <Predicate = true> <Delay = 0.00> <CoreType = "Generic">   --->   Generic Core

State 4 <SV = 3> <Delay = 0.00>
ST_4 : Operation 16 [5/5] (7.30ns)   --->   "%empty_63 = writeresp i1 @_ssdm_op_WriteResp.m_axi.p1i32, i32 %gmem3_addr" [yolo_conv.cpp:27]   --->   Operation 16 'writeresp' 'empty_63' <Predicate = true> <Delay = 7.30> <CoreInst = "m_axi">   --->   Core 111 'm_axi' <Latency = 3> <II = 1> <Delay = 1.00> <Adapter> <Opcode : 'readrequnaligned' 'writerequnaligned' 'read' 'write' 'readreq' 'writereq' 'writeresp'>

State 5 <SV = 4> <Delay = 0.00>
ST_5 : Operation 17 [4/5] (7.30ns)   --->   "%empty_63 = writeresp i1 @_ssdm_op_WriteResp.m_axi.p1i32, i32 %gmem3_addr" [yolo_conv.cpp:27]   --->   Operation 17 'writeresp' 'empty_63' <Predicate = true> <Delay = 7.30> <CoreInst = "m_axi">   --->   Core 111 'm_axi' <Latency = 3> <II = 1> <Delay = 1.00> <Adapter> <Opcode : 'readrequnaligned' 'writerequnaligned' 'read' 'write' 'readreq' 'writereq' 'writeresp'>

State 6 <SV = 5> <Delay = 0.00>
ST_6 : Operation 18 [3/5] (7.30ns)   --->   "%empty_63 = writeresp i1 @_ssdm_op_WriteResp.m_axi.p1i32, i32 %gmem3_addr" [yolo_conv.cpp:27]   --->   Operation 18 'writeresp' 'empty_63' <Predicate = true> <Delay = 7.30> <CoreInst = "m_axi">   --->   Core 111 'm_axi' <Latency = 3> <II = 1> <Delay = 1.00> <Adapter> <Opcode : 'readrequnaligned' 'writerequnaligned' 'read' 'write' 'readreq' 'writereq' 'writeresp'>

State 7 <SV = 6> <Delay = 0.00>
ST_7 : Operation 19 [2/5] (7.30ns)   --->   "%empty_63 = writeresp i1 @_ssdm_op_WriteResp.m_axi.p1i32, i32 %gmem3_addr" [yolo_conv.cpp:27]   --->   Operation 19 'writeresp' 'empty_63' <Predicate = true> <Delay = 7.30> <CoreInst = "m_axi">   --->   Core 111 'm_axi' <Latency = 3> <II = 1> <Delay = 1.00> <Adapter> <Opcode : 'readrequnaligned' 'writerequnaligned' 'read' 'write' 'readreq' 'writereq' 'writeresp'>

State 8 <SV = 7> <Delay = 7.30>
ST_8 : Operation 20 [1/1] (0.00ns)   --->   "%specstablecontent_ln0 = specstablecontent void @_ssdm_op_SpecStableContent, i64 %image_out, i1 1, void @p_str"   --->   Operation 20 'specstablecontent' 'specstablecontent_ln0' <Predicate = true> <Delay = 0.00>
ST_8 : Operation 21 [1/1] (0.00ns)   --->   "%specinterface_ln0 = specinterface void @_ssdm_op_SpecInterface, i256 %stream_out, void @empty_10, i32 0, i32 0, void @empty_17, i32 0, i32 0, void @empty_17, void @empty_17, void @empty_17, i32 0, i32 0, i32 0, i32 0, void @empty_17, void @empty_17, i32 4294967295, i32 0, i32 0, i32 0"   --->   Operation 21 'specinterface' 'specinterface_ln0' <Predicate = true> <Delay = 0.00>
ST_8 : Operation 22 [1/1] (0.00ns)   --->   "%specinterface_ln0 = specinterface void @_ssdm_op_SpecInterface, i32 %gmem3, void @empty_5, i32 0, i32 0, void @empty_17, i32 0, i32 3136, void @empty_15, void @empty_16, void @empty_17, i32 16, i32 16, i32 16, i32 16, void @empty_17, void @empty_17, i32 4294967295, i32 0, i32 0, i32 4"   --->   Operation 22 'specinterface' 'specinterface_ln0' <Predicate = true> <Delay = 0.00>
ST_8 : Operation 23 [1/5] ( I:7.30ns O:7.30ns )   --->   "%empty_63 = writeresp i1 @_ssdm_op_WriteResp.m_axi.p1i32, i32 %gmem3_addr" [yolo_conv.cpp:27]   --->   Operation 23 'writeresp' 'empty_63' <Predicate = true> <Delay = 7.30> <CoreInst = "m_axi">   --->   Core 111 'm_axi' <Latency = 3> <II = 1> <Delay = 1.00> <Adapter> <Opcode : 'readrequnaligned' 'writerequnaligned' 'read' 'write' 'readreq' 'writereq' 'writeresp'>
ST_8 : Operation 24 [1/1] (0.00ns)   --->   "%ret_ln27 = ret" [yolo_conv.cpp:27]   --->   Operation 24 'ret' 'ret_ln27' <Predicate = true> <Delay = 0.00>


============================================================
+ Verbose Summary: Binding
============================================================
STG Binding: 
---------------- STG Properties BEGIN ----------------
- Is combinational: 0
- Is one-state seq: 0
- Is datapath-only: 0
- Is pipelined: 0
- Is top level: 0
Port [ Return ] is wired: 1; IO mode=ap_ctrl_hs:ce=0
Port [ stream_out]:  wired=1; compound=1; hidden=0; nouse=0; global=0; static=0; extern=0; dir=0; type=3; pingpong=0; private_global=0; IO mode=ap_fifo:ce=0
Port [ gmem3]:  wired=1; compound=1; hidden=0; nouse=0; global=0; static=0; extern=0; dir=1; type=4; pingpong=0; private_global=0; IO mode=m_axi:ce=0
Port [ image_out]:  wired=1; compound=0; hidden=0; nouse=0; global=0; static=0; extern=0; dir=0; type=0; pingpong=0; private_global=0; IO mode=ap_stable:ce=0
---------------- STG Properties END ------------------

---------------- Datapath Model BEGIN ----------------

<LifeTime>
<method=bitvector/>
image_out_read        (read             ) [ 000000000]
trunc_ln              (partselect       ) [ 001100000]
sext_ln19             (sext             ) [ 000000000]
gmem3_addr            (getelementptr    ) [ 001111111]
empty                 (writereq         ) [ 000000000]
call_ln19             (call             ) [ 000000000]
specstablecontent_ln0 (specstablecontent) [ 000000000]
specinterface_ln0     (specinterface    ) [ 000000000]
specinterface_ln0     (specinterface    ) [ 000000000]
empty_63              (writeresp        ) [ 000000000]
ret_ln27              (ret              ) [ 000000000]
</LifeTime>

<model>

<comp_list>
<comp id="0" class="1000" name="stream_out">
<pin_list>
<pin id="1" dir="1" index="0" bw="1" slack="0"/>
</pin_list>
<bind>
<StgValue><ssdm name="stream_out"/></StgValue>
</bind>
</comp>

<comp id="2" class="1000" name="gmem3">
<pin_list>
<pin id="3" dir="1" index="0" bw="1" slack="0"/>
</pin_list>
<bind>
<StgValue><ssdm name="gmem3"/><MemPortTyVec>1 </MemPortTyVec>
</StgValue>
</bind>
</comp>

<comp id="4" class="1000" name="image_out">
<pin_list>
<pin id="5" dir="1" index="0" bw="1" slack="0"/>
</pin_list>
<bind>
<StgValue><ssdm name="image_out"/></StgValue>
</bind>
</comp>

<comp id="6" class="1001" name="const_6">
<pin_list>
<pin id="7" dir="1" index="0" bw="1" slack="0"/>
</pin_list>
<bind>
<StgValue><ssdm name="_ssdm_op_Read.ap_auto.i64"/></StgValue>
</bind>
</comp>

<comp id="8" class="1001" name="const_8">
<pin_list>
<pin id="9" dir="1" index="0" bw="1" slack="0"/>
</pin_list>
<bind>
<StgValue><ssdm name="_ssdm_op_PartSelect.i62.i64.i32.i32"/></StgValue>
</bind>
</comp>

<comp id="10" class="1001" name="const_10">
<pin_list>
<pin id="11" dir="1" index="0" bw="1" slack="0"/>
</pin_list>
<bind>
<StgValue><ssdm name=""/></StgValue>
</bind>
</comp>

<comp id="12" class="1001" name="const_12">
<pin_list>
<pin id="13" dir="1" index="0" bw="1" slack="0"/>
</pin_list>
<bind>
<StgValue><ssdm name=""/></StgValue>
</bind>
</comp>

<comp id="14" class="1001" name="const_14">
<pin_list>
<pin id="15" dir="1" index="0" bw="1" slack="0"/>
</pin_list>
<bind>
<StgValue><ssdm name="_ssdm_op_WriteReq.m_axi.p1i32"/></StgValue>
</bind>
</comp>

<comp id="16" class="1001" name="const_16">
<pin_list>
<pin id="17" dir="1" index="0" bw="1" slack="0"/>
</pin_list>
<bind>
<StgValue><ssdm name=""/></StgValue>
</bind>
</comp>

<comp id="18" class="1001" name="const_18">
<pin_list>
<pin id="19" dir="1" index="0" bw="1" slack="0"/>
</pin_list>
<bind>
<StgValue><ssdm name="store_image_Pipeline_VITIS_LOOP_19_1"/></StgValue>
</bind>
</comp>

<comp id="20" class="1001" name="const_20">
<pin_list>
<pin id="21" dir="1" index="0" bw="1" slack="0"/>
</pin_list>
<bind>
<StgValue><ssdm name="_ssdm_op_WriteResp.m_axi.p1i32"/></StgValue>
</bind>
</comp>

<comp id="22" class="1001" name="const_22">
<pin_list>
<pin id="23" dir="1" index="0" bw="1" slack="2147483647"/>
</pin_list>
<bind>
<StgValue><ssdm name="_ssdm_op_SpecStableContent"/></StgValue>
</bind>
</comp>

<comp id="24" class="1001" name="const_24">
<pin_list>
<pin id="25" dir="1" index="0" bw="1" slack="2147483647"/>
</pin_list>
<bind>
<StgValue><ssdm name=""/></StgValue>
</bind>
</comp>

<comp id="26" class="1001" name="const_26">
<pin_list>
<pin id="27" dir="1" index="0" bw="1" slack="2147483647"/>
</pin_list>
<bind>
<StgValue><ssdm name="p_str"/></StgValue>
</bind>
</comp>

<comp id="28" class="1001" name="const_28">
<pin_list>
<pin id="29" dir="1" index="0" bw="1" slack="2147483647"/>
</pin_list>
<bind>
<StgValue><ssdm name="_ssdm_op_SpecInterface"/></StgValue>
</bind>
</comp>

<comp id="30" class="1001" name="const_30">
<pin_list>
<pin id="31" dir="1" index="0" bw="1" slack="2147483647"/>
</pin_list>
<bind>
<StgValue><ssdm name="empty_10"/></StgValue>
</bind>
</comp>

<comp id="32" class="1001" name="const_32">
<pin_list>
<pin id="33" dir="1" index="0" bw="1" slack="2147483647"/>
</pin_list>
<bind>
<StgValue><ssdm name=""/></StgValue>
</bind>
</comp>

<comp id="34" class="1001" name="const_34">
<pin_list>
<pin id="35" dir="1" index="0" bw="1" slack="2147483647"/>
</pin_list>
<bind>
<StgValue><ssdm name="empty_17"/></StgValue>
</bind>
</comp>

<comp id="36" class="1001" name="const_36">
<pin_list>
<pin id="37" dir="1" index="0" bw="1" slack="2147483647"/>
</pin_list>
<bind>
<StgValue><ssdm name=""/></StgValue>
</bind>
</comp>

<comp id="38" class="1001" name="const_38">
<pin_list>
<pin id="39" dir="1" index="0" bw="1" slack="2147483647"/>
</pin_list>
<bind>
<StgValue><ssdm name="empty_5"/></StgValue>
</bind>
</comp>

<comp id="40" class="1001" name="const_40">
<pin_list>
<pin id="41" dir="1" index="0" bw="1" slack="2147483647"/>
</pin_list>
<bind>
<StgValue><ssdm name=""/></StgValue>
</bind>
</comp>

<comp id="42" class="1001" name="const_42">
<pin_list>
<pin id="43" dir="1" index="0" bw="1" slack="2147483647"/>
</pin_list>
<bind>
<StgValue><ssdm name="empty_15"/></StgValue>
</bind>
</comp>

<comp id="44" class="1001" name="const_44">
<pin_list>
<pin id="45" dir="1" index="0" bw="1" slack="2147483647"/>
</pin_list>
<bind>
<StgValue><ssdm name="empty_16"/></StgValue>
</bind>
</comp>

<comp id="46" class="1001" name="const_46">
<pin_list>
<pin id="47" dir="1" index="0" bw="1" slack="2147483647"/>
</pin_list>
<bind>
<StgValue><ssdm name=""/></StgValue>
</bind>
</comp>

<comp id="48" class="1001" name="const_48">
<pin_list>
<pin id="49" dir="1" index="0" bw="1" slack="2147483647"/>
</pin_list>
<bind>
<StgValue><ssdm name=""/></StgValue>
</bind>
</comp>

<comp id="50" class="1004" name="image_out_read_read_fu_50">
<pin_list>
<pin id="51" dir="0" index="0" bw="64" slack="0"/>
<pin id="52" dir="0" index="1" bw="64" slack="0"/>
<pin id="53" dir="1" index="2" bw="64" slack="0"/>
</pin_list>
<bind>
<opcode="read(1150) " fcode="read"/>
<opset="image_out_read/1 "/>
</bind>
</comp>

<comp id="56" class="1004" name="empty_writereq_fu_56">
<pin_list>
<pin id="57" dir="0" index="0" bw="1" slack="0"/>
<pin id="58" dir="0" index="1" bw="32" slack="0"/>
<pin id="59" dir="0" index="2" bw="13" slack="0"/>
<pin id="60" dir="1" index="3" bw="1" slack="2147483647"/>
</pin_list>
<bind>
<opcode="writereq(1155) " fcode="writereq"/>
<opset="empty/1 "/>
</bind>
</comp>

<comp id="63" class="1004" name="grp_writeresp_fu_63">
<pin_list>
<pin id="64" dir="0" index="0" bw="1" slack="0"/>
<pin id="65" dir="0" index="1" bw="32" slack="3"/>
<pin id="66" dir="1" index="2" bw="1" slack="2147483647"/>
</pin_list>
<bind>
<opcode="writeresp(1158) " fcode="writeresp"/>
<opset="empty_63/4 "/>
</bind>
</comp>

<comp id="68" class="1004" name="grp_store_image_Pipeline_VITIS_LOOP_19_1_fu_68">
<pin_list>
<pin id="69" dir="0" index="0" bw="0" slack="0"/>
<pin id="70" dir="0" index="1" bw="32" slack="0"/>
<pin id="71" dir="0" index="2" bw="62" slack="1"/>
<pin id="72" dir="0" index="3" bw="256" slack="0"/>
<pin id="73" dir="1" index="4" bw="0" slack="2147483647"/>
</pin_list>
<bind>
<opcode="call(48) " fcode="call"/>
<opset="call_ln19/2 "/>
</bind>
</comp>

<comp id="77" class="1004" name="trunc_ln_fu_77">
<pin_list>
<pin id="78" dir="0" index="0" bw="62" slack="0"/>
<pin id="79" dir="0" index="1" bw="64" slack="0"/>
<pin id="80" dir="0" index="2" bw="3" slack="0"/>
<pin id="81" dir="0" index="3" bw="7" slack="0"/>
<pin id="82" dir="1" index="4" bw="62" slack="0"/>
</pin_list>
<bind>
<opcode="partselect(1002) " fcode="partselect"/>
<opset="trunc_ln/1 "/>
</bind>
</comp>

<comp id="87" class="1004" name="sext_ln19_fu_87">
<pin_list>
<pin id="88" dir="0" index="0" bw="62" slack="0"/>
<pin id="89" dir="1" index="1" bw="64" slack="0"/>
</pin_list>
<bind>
<opcode="sext(35) " fcode="sext"/>
<opset="sext_ln19/1 "/>
</bind>
</comp>

<comp id="91" class="1004" name="gmem3_addr_fu_91">
<pin_list>
<pin id="92" dir="0" index="0" bw="32" slack="0"/>
<pin id="93" dir="0" index="1" bw="62" slack="0"/>
<pin id="94" dir="1" index="2" bw="32" slack="0"/>
</pin_list>
<bind>
<opcode="getelementptr(29) " fcode="getelementptr"/>
<opset="gmem3_addr/1 "/>
</bind>
</comp>

<comp id="98" class="1005" name="trunc_ln_reg_98">
<pin_list>
<pin id="99" dir="0" index="0" bw="62" slack="1"/>
<pin id="100" dir="1" index="1" bw="62" slack="1"/>
</pin_list>
<bind>
<opset="trunc_ln "/>
</bind>
</comp>

<comp id="103" class="1005" name="gmem3_addr_reg_103">
<pin_list>
<pin id="104" dir="0" index="0" bw="32" slack="3"/>
<pin id="105" dir="1" index="1" bw="32" slack="3"/>
</pin_list>
<bind>
<opset="gmem3_addr "/>
</bind>
</comp>

</comp_list>

<net_list>
<net id="54"><net_src comp="6" pin="0"/><net_sink comp="50" pin=0"/></net>

<net id="55"><net_src comp="4" pin="0"/><net_sink comp="50" pin=1"/></net>

<net id="61"><net_src comp="14" pin="0"/><net_sink comp="56" pin=0"/></net>

<net id="62"><net_src comp="16" pin="0"/><net_sink comp="56" pin=2"/></net>

<net id="67"><net_src comp="20" pin="0"/><net_sink comp="63" pin=0"/></net>

<net id="74"><net_src comp="18" pin="0"/><net_sink comp="68" pin=0"/></net>

<net id="75"><net_src comp="2" pin="0"/><net_sink comp="68" pin=1"/></net>

<net id="76"><net_src comp="0" pin="0"/><net_sink comp="68" pin=3"/></net>

<net id="83"><net_src comp="8" pin="0"/><net_sink comp="77" pin=0"/></net>

<net id="84"><net_src comp="50" pin="2"/><net_sink comp="77" pin=1"/></net>

<net id="85"><net_src comp="10" pin="0"/><net_sink comp="77" pin=2"/></net>

<net id="86"><net_src comp="12" pin="0"/><net_sink comp="77" pin=3"/></net>

<net id="90"><net_src comp="77" pin="4"/><net_sink comp="87" pin=0"/></net>

<net id="95"><net_src comp="2" pin="0"/><net_sink comp="91" pin=0"/></net>

<net id="96"><net_src comp="87" pin="1"/><net_sink comp="91" pin=1"/></net>

<net id="97"><net_src comp="91" pin="2"/><net_sink comp="56" pin=1"/></net>

<net id="101"><net_src comp="77" pin="4"/><net_sink comp="98" pin=0"/></net>

<net id="102"><net_src comp="98" pin="1"/><net_sink comp="68" pin=2"/></net>

<net id="106"><net_src comp="91" pin="2"/><net_sink comp="103" pin=0"/></net>

<net id="107"><net_src comp="103" pin="1"/><net_sink comp="63" pin=1"/></net>

</net_list>

</model> 
---------------- Datapath Model END ------------------

* FSMD analyzer results:
  - Output states:
	Port: gmem3 | {1 2 3 4 5 6 7 8 }
 - Input state : 
	Port: store_image : stream_out | {2 3 }
	Port: store_image : image_out | {1 }
  - Chain level:
	State 1
		sext_ln19 : 1
		gmem3_addr : 2
		empty : 3
	State 2
	State 3
	State 4
	State 5
	State 6
	State 7
	State 8


============================================================
+ Verbose Summary: Datapath Resource usage 
============================================================

* Functional unit list:
|----------|------------------------------------------------|---------|---------|---------|
| Operation|                 Functional Unit                |  Delay  |    FF   |   LUT   |
|----------|------------------------------------------------|---------|---------|---------|
|   call   | grp_store_image_Pipeline_VITIS_LOOP_19_1_fu_68 |  1.042  |   1081  |   3247  |
|----------|------------------------------------------------|---------|---------|---------|
|   read   |            image_out_read_read_fu_50           |    0    |    0    |    0    |
|----------|------------------------------------------------|---------|---------|---------|
| writereq |              empty_writereq_fu_56              |    0    |    0    |    0    |
|----------|------------------------------------------------|---------|---------|---------|
| writeresp|               grp_writeresp_fu_63              |    0    |    0    |    0    |
|----------|------------------------------------------------|---------|---------|---------|
|partselect|                 trunc_ln_fu_77                 |    0    |    0    |    0    |
|----------|------------------------------------------------|---------|---------|---------|
|   sext   |                 sext_ln19_fu_87                |    0    |    0    |    0    |
|----------|------------------------------------------------|---------|---------|---------|
|   Total  |                                                |  1.042  |   1081  |   3247  |
|----------|------------------------------------------------|---------|---------|---------|

Memories:
N/A

* Register list:
+------------------+--------+
|                  |   FF   |
+------------------+--------+
|gmem3_addr_reg_103|   32   |
|  trunc_ln_reg_98 |   62   |
+------------------+--------+
|       Total      |   94   |
+------------------+--------+

* Multiplexer (MUX) list: 
|--------|------|------|------|--------|
|  Comp  |  Pin | Size |  BW  | S x BW |
|--------|------|------|------|--------|
|  Total |      |      |      |    0   |
|--------|------|------|------|--------|



* Summary:
+-----------+--------+--------+--------+
|           |  Delay |   FF   |   LUT  |
+-----------+--------+--------+--------+
|  Function |    1   |  1081  |  3247  |
|   Memory  |    -   |    -   |    -   |
|Multiplexer|    -   |    -   |    -   |
|  Register |    -   |   94   |    -   |
+-----------+--------+--------+--------+
|   Total   |    1   |  1175  |  3247  |
+-----------+--------+--------+--------+
