

================================================================
== Vitis HLS Report for 'yolo_conv_layer_Pipeline_VITIS_LOOP_160_5'
================================================================
* Date:           Tue Jun 16 23:20:22 2026

* Version:        2025.2 (Build 6295257 on Nov 14 2025)
* Project:        yolo_conv2d_experiment
* Solution:       hls (Vivado IP Flow Target)
* Product family: kintex7
* Target device:  xc7k325t-ffg900-2


================================================================
== Performance Estimates
================================================================
+ Timing: 
    * Summary: 
    +--------+----------+----------+------------+
    |  Clock |  Target  | Estimated| Uncertainty|
    +--------+----------+----------+------------+
    |ap_clk  |  10.00 ns|  7.300 ns|     2.70 ns|
    +--------+----------+----------+------------+

+ Latency: 
    * Summary: 
    +---------+---------+----------+----------+-----+-----+-------------------+
    |  Latency (cycles) |  Latency (absolute) |  Interval |      Pipeline     |
    |   min   |   max   |    min   |    max   | min | max |        Type       |
    +---------+---------+----------+----------+-----+-----+-------------------+
    |       21|       21|  0.210 us|  0.210 us|    0|    0|  loop pipeline stp|
    +---------+---------+----------+----------+-----+-----+-------------------+

    + Detail: 
        * Instance: 
        N/A

        * Loop: 
        +--------------------+---------+---------+----------+-----------+-----------+------+----------+
        |                    |  Latency (cycles) | Iteration|  Initiation Interval  | Trip |          |
        |      Loop Name     |   min   |   max   |  Latency |  achieved |   target  | Count| Pipelined|
        +--------------------+---------+---------+----------+-----------+-----------+------+----------+
        |- VITIS_LOOP_160_5  |       19|       19|         5|          1|          1|    16|       yes|
        +--------------------+---------+---------+----------+-----------+-----------+------+----------+

============================================================
+ Verbose Summary: Synthesis Manager
============================================================
InlineROM: 1
ExposeGlobal: 0
============================================================
+ Verbose Summary: CDFG Model
============================================================
IsTopModel: 0
ResetActiveHigh: 1
IsCombinational: 0
IsDatapathOnly: 0
HasWiredReturn: 1
HasMFsm: 2
HasVarLatency: 1
IsPipeline: 0
IsRtlPipelined: 0
IsInstanceOverlapped: 0
IsDontTouch: 0
HasImplIP: 0
IsGatedGlobalClock: 0

+ Individual pipeline summary: 
  * Pipeline-0: initiation interval (II) = 1, depth = 5


============================================================
+ Verbose Summary: Schedule
============================================================
* Number of FSM states : 5
* Pipeline : 1
  Pipeline-0 : II = 1, D = 5, States = { 1 2 3 4 5 }
* Dataflow Pipeline: 0

* FSM state transitions: 
1 --> 2 
2 --> 3 
3 --> 4 
4 --> 5 
5 --> 

* FSM state operations: 

State 1 <SV = 0> <Delay = 2.76>
ST_1 : Operation 8 [1/1] (0.00ns)   --->   "%oc = alloca i32 1" [yolo_conv.cpp:160]   --->   Operation 8 'alloca' 'oc' <Predicate = true> <Delay = 0.00>
ST_1 : Operation 9 [1/1] (0.00ns)   --->   "%storemerge4_i811045 = alloca i32 1"   --->   Operation 9 'alloca' 'storemerge4_i811045' <Predicate = true> <Delay = 0.00>
ST_1 : Operation 10 [1/1] (0.00ns)   --->   "%storemerge4_i811047 = alloca i32 1"   --->   Operation 10 'alloca' 'storemerge4_i811047' <Predicate = true> <Delay = 0.00>
ST_1 : Operation 11 [1/1] (0.00ns)   --->   "%storemerge4_i811049 = alloca i32 1"   --->   Operation 11 'alloca' 'storemerge4_i811049' <Predicate = true> <Delay = 0.00>
ST_1 : Operation 12 [1/1] (0.00ns)   --->   "%storemerge4_i811051 = alloca i32 1"   --->   Operation 12 'alloca' 'storemerge4_i811051' <Predicate = true> <Delay = 0.00>
ST_1 : Operation 13 [1/1] (0.00ns)   --->   "%storemerge4_i811053 = alloca i32 1"   --->   Operation 13 'alloca' 'storemerge4_i811053' <Predicate = true> <Delay = 0.00>
ST_1 : Operation 14 [1/1] (0.00ns)   --->   "%storemerge4_i811055 = alloca i32 1"   --->   Operation 14 'alloca' 'storemerge4_i811055' <Predicate = true> <Delay = 0.00>
ST_1 : Operation 15 [1/1] (0.00ns)   --->   "%storemerge4_i811057 = alloca i32 1"   --->   Operation 15 'alloca' 'storemerge4_i811057' <Predicate = true> <Delay = 0.00>
ST_1 : Operation 16 [1/1] (0.00ns)   --->   "%storemerge4_i811059 = alloca i32 1"   --->   Operation 16 'alloca' 'storemerge4_i811059' <Predicate = true> <Delay = 0.00>
ST_1 : Operation 17 [1/1] (0.00ns)   --->   "%storemerge4_i811061 = alloca i32 1"   --->   Operation 17 'alloca' 'storemerge4_i811061' <Predicate = true> <Delay = 0.00>
ST_1 : Operation 18 [1/1] (0.00ns)   --->   "%storemerge4_i811063 = alloca i32 1"   --->   Operation 18 'alloca' 'storemerge4_i811063' <Predicate = true> <Delay = 0.00>
ST_1 : Operation 19 [1/1] (0.00ns)   --->   "%storemerge4_i811065 = alloca i32 1"   --->   Operation 19 'alloca' 'storemerge4_i811065' <Predicate = true> <Delay = 0.00>
ST_1 : Operation 20 [1/1] (0.00ns)   --->   "%storemerge4_i811067 = alloca i32 1"   --->   Operation 20 'alloca' 'storemerge4_i811067' <Predicate = true> <Delay = 0.00>
ST_1 : Operation 21 [1/1] (0.00ns)   --->   "%storemerge4_i811069 = alloca i32 1"   --->   Operation 21 'alloca' 'storemerge4_i811069' <Predicate = true> <Delay = 0.00>
ST_1 : Operation 22 [1/1] (0.00ns)   --->   "%storemerge4_i811071 = alloca i32 1"   --->   Operation 22 'alloca' 'storemerge4_i811071' <Predicate = true> <Delay = 0.00>
ST_1 : Operation 23 [1/1] (0.00ns)   --->   "%storemerge4_i811073 = alloca i32 1"   --->   Operation 23 'alloca' 'storemerge4_i811073' <Predicate = true> <Delay = 0.00>
ST_1 : Operation 24 [1/1] (0.00ns)   --->   "%storemerge4_i811075 = alloca i32 1"   --->   Operation 24 'alloca' 'storemerge4_i811075' <Predicate = true> <Delay = 0.00>
ST_1 : Operation 25 [1/1] (0.00ns)   --->   "%sext_ln160_read = read i62 @_ssdm_op_Read.ap_auto.i62, i62 %sext_ln160"   --->   Operation 25 'read' 'sext_ln160_read' <Predicate = true> <Delay = 0.00>
ST_1 : Operation 26 [1/1] (0.00ns)   --->   "%sext_ln160_cast = sext i62 %sext_ln160_read"   --->   Operation 26 'sext' 'sext_ln160_cast' <Predicate = true> <Delay = 0.00>
ST_1 : Operation 27 [1/1] (0.00ns)   --->   "%specinterface_ln0 = specinterface void @_ssdm_op_SpecInterface, i32 %gmem2, void @empty_5, i32 0, i32 0, void @empty_17, i32 0, i32 16, void @empty_14, void @empty_16, void @empty_17, i32 16, i32 16, i32 16, i32 16, void @empty_17, void @empty_17, i32 4294967295, i32 0, i32 0, i32 4"   --->   Operation 27 'specinterface' 'specinterface_ln0' <Predicate = true> <Delay = 0.00>
ST_1 : Operation 28 [1/1] (0.83ns)   --->   "%store_ln160 = store i5 0, i5 %oc" [yolo_conv.cpp:160]   --->   Operation 28 'store' 'store_ln160' <Predicate = true> <Delay = 0.83>
ST_1 : Operation 29 [1/1] (0.00ns)   --->   "%br_ln0 = br void %for.inc44"   --->   Operation 29 'br' 'br_ln0' <Predicate = true> <Delay = 0.00>
ST_1 : Operation 30 [1/1] (0.00ns)   --->   "%oc_1 = load i5 %oc" [yolo_conv.cpp:160]   --->   Operation 30 'load' 'oc_1' <Predicate = true> <Delay = 0.00>
ST_1 : Operation 31 [1/1] (0.00ns)   --->   "%specbitsmap_ln0 = specbitsmap void @_ssdm_op_SpecBitsMap, i32 %gmem2"   --->   Operation 31 'specbitsmap' 'specbitsmap_ln0' <Predicate = true> <Delay = 0.00>
ST_1 : Operation 32 [1/1] (1.10ns)   --->   "%icmp_ln160 = icmp_eq  i5 %oc_1, i5 16" [yolo_conv.cpp:160]   --->   Operation 32 'icmp' 'icmp_ln160' <Predicate = true> <Delay = 1.10> <CoreInst = "Cmp">   --->   Core 9 'Cmp' <Latency = 0> <II = 1> <Delay = 1.10> <FuncUnit> <Opcode : 'seteq' 'setne' 'setle' 'setge' 'setlt' 'setgt'> <InPorts = 2> <OutPorts = 1>
ST_1 : Operation 33 [1/1] (1.10ns)   --->   "%add_ln160 = add i5 %oc_1, i5 1" [yolo_conv.cpp:160]   --->   Operation 33 'add' 'add_ln160' <Predicate = true> <Delay = 1.10> <CoreInst = "Adder">   --->   Core 1 'Adder' <Latency = 0> <II = 1> <Delay = 1.10> <FuncUnit> <Opcode : 'add' 'sub'> <InPorts = 2> <OutPorts = 1>
ST_1 : Operation 34 [1/1] (0.00ns)   --->   "%br_ln160 = br i1 %icmp_ln160, void %for.inc44.split_ifconv, void %for.end46.exitStub" [yolo_conv.cpp:160]   --->   Operation 34 'br' 'br_ln160' <Predicate = true> <Delay = 0.00>
ST_1 : Operation 35 [1/1] (0.00ns)   --->   "%trunc_ln160 = trunc i5 %oc_1" [yolo_conv.cpp:160]   --->   Operation 35 'trunc' 'trunc_ln160' <Predicate = (!icmp_ln160)> <Delay = 0.00>
ST_1 : Operation 36 [1/1] (1.01ns)   --->   "%switch_ln162 = switch i4 %trunc_ln160, void %arrayidx43.case.15, i4 0, void %arrayidx43.case.0, i4 1, void %arrayidx43.case.1, i4 2, void %arrayidx43.case.2, i4 3, void %arrayidx43.case.3, i4 4, void %arrayidx43.case.4, i4 5, void %arrayidx43.case.5, i4 6, void %arrayidx43.case.6, i4 7, void %arrayidx43.case.7, i4 8, void %arrayidx43.case.8, i4 9, void %arrayidx43.case.9, i4 10, void %arrayidx43.case.10, i4 11, void %arrayidx43.case.11, i4 12, void %arrayidx43.case.12, i4 13, void %arrayidx43.case.13, i4 14, void %for.inc44.split_ifconv.arrayidx43.exit_crit_edge" [yolo_conv.cpp:162]   --->   Operation 36 'switch' 'switch_ln162' <Predicate = (!icmp_ln160)> <Delay = 1.01>
ST_1 : Operation 37 [1/1] (0.83ns)   --->   "%store_ln160 = store i5 %add_ln160, i5 %oc" [yolo_conv.cpp:160]   --->   Operation 37 'store' 'store_ln160' <Predicate = (!icmp_ln160)> <Delay = 0.83>
ST_1 : Operation 38 [1/1] (0.00ns)   --->   "%br_ln160 = br void %for.inc44" [yolo_conv.cpp:160]   --->   Operation 38 'br' 'br_ln160' <Predicate = (!icmp_ln160)> <Delay = 0.00>

State 2 <SV = 1> <Delay = 7.30>
ST_2 : Operation 39 [1/1] (0.00ns)   --->   "%gmem2_addr = getelementptr i32 %gmem2, i64 %sext_ln160_cast" [yolo_conv.cpp:160]   --->   Operation 39 'getelementptr' 'gmem2_addr' <Predicate = true> <Delay = 0.00>
ST_2 : Operation 40 [1/1] ( I:7.30ns O:7.30ns )   --->   "%gmem2_addr_read = read i32 @_ssdm_op_Read.m_axi.i32.p1i32, i32 %gmem2_addr" [yolo_conv.cpp:162]   --->   Operation 40 'read' 'gmem2_addr_read' <Predicate = true> <Delay = 7.30> <CoreInst = "m_axi">   --->   Core 111 'm_axi' <Latency = 3> <II = 1> <Delay = 1.00> <Adapter> <Opcode : 'readrequnaligned' 'writerequnaligned' 'read' 'write' 'readreq' 'writereq' 'writeresp'>

State 3 <SV = 2> <Delay = 2.30>
ST_3 : Operation 41 [1/1] (0.00ns)   --->   "%bitcast_ln162 = bitcast i32 %gmem2_addr_read" [yolo_conv.cpp:162]   --->   Operation 41 'bitcast' 'bitcast_ln162' <Predicate = true> <Delay = 0.00>
ST_3 : Operation 42 [2/2] (2.30ns)   --->   "%pf = fpext i32 %bitcast_ln162" [yolo_conv.cpp:162]   --->   Operation 42 'fpext' 'pf' <Predicate = true> <Delay = 2.30> <CoreInst = "Float2Double">   --->   Core 64 'Float2Double' <Latency = 1> <II = 1> <Delay = 2.30> <FuncUnit> <Opcode : 'fpext'> <InPorts = 1> <OutPorts = 1>

State 4 <SV = 3> <Delay = 4.02>
ST_4 : Operation 43 [1/2] (2.30ns)   --->   "%pf = fpext i32 %bitcast_ln162" [yolo_conv.cpp:162]   --->   Operation 43 'fpext' 'pf' <Predicate = true> <Delay = 2.30> <CoreInst = "Float2Double">   --->   Core 64 'Float2Double' <Latency = 1> <II = 1> <Delay = 2.30> <FuncUnit> <Opcode : 'fpext'> <InPorts = 1> <OutPorts = 1>
ST_4 : Operation 44 [1/1] (0.00ns)   --->   "%bitcast_ln726 = bitcast i64 %pf" [yolo_conv.cpp:162]   --->   Operation 44 'bitcast' 'bitcast_ln726' <Predicate = true> <Delay = 0.00>
ST_4 : Operation 45 [1/1] (0.00ns)   --->   "%trunc_ln162 = trunc i64 %bitcast_ln726" [yolo_conv.cpp:162]   --->   Operation 45 'trunc' 'trunc_ln162' <Predicate = true> <Delay = 0.00>
ST_4 : Operation 46 [1/1] (0.00ns)   --->   "%tmp = bitselect i1 @_ssdm_op_BitSelect.i1.i64.i32, i64 %bitcast_ln726, i32 63" [yolo_conv.cpp:162]   --->   Operation 46 'bitselect' 'tmp' <Predicate = true> <Delay = 0.00>
ST_4 : Operation 47 [1/1] (0.00ns)   --->   "%tmp_1 = partselect i11 @_ssdm_op_PartSelect.i11.i64.i32, i64 %bitcast_ln726, i32 52" [yolo_conv.cpp:162]   --->   Operation 47 'partselect' 'tmp_1' <Predicate = true> <Delay = 0.00>
ST_4 : Operation 48 [1/1] (0.00ns)   --->   "%trunc_ln162_1 = trunc i64 %bitcast_ln726" [yolo_conv.cpp:162]   --->   Operation 48 'trunc' 'trunc_ln162_1' <Predicate = true> <Delay = 0.00>
ST_4 : Operation 49 [1/1] (1.72ns)   --->   "%icmp_ln162 = icmp_eq  i63 %trunc_ln162, i63 0" [yolo_conv.cpp:162]   --->   Operation 49 'icmp' 'icmp_ln162' <Predicate = true> <Delay = 1.72> <CoreInst = "Cmp">   --->   Core 9 'Cmp' <Latency = 0> <II = 1> <Delay = 1.72> <FuncUnit> <Opcode : 'seteq' 'setne' 'setle' 'setge' 'setlt' 'setgt'> <InPorts = 2> <OutPorts = 1>
ST_4 : Operation 116 [1/1] (0.00ns)   --->   "%storemerge4_i811045_load = load i16 %storemerge4_i811045"   --->   Operation 116 'load' 'storemerge4_i811045_load' <Predicate = (icmp_ln160)> <Delay = 0.00>
ST_4 : Operation 117 [1/1] (0.00ns)   --->   "%storemerge4_i811047_load = load i16 %storemerge4_i811047"   --->   Operation 117 'load' 'storemerge4_i811047_load' <Predicate = (icmp_ln160)> <Delay = 0.00>
ST_4 : Operation 118 [1/1] (0.00ns)   --->   "%storemerge4_i811049_load = load i16 %storemerge4_i811049"   --->   Operation 118 'load' 'storemerge4_i811049_load' <Predicate = (icmp_ln160)> <Delay = 0.00>
ST_4 : Operation 119 [1/1] (0.00ns)   --->   "%storemerge4_i811051_load = load i16 %storemerge4_i811051"   --->   Operation 119 'load' 'storemerge4_i811051_load' <Predicate = (icmp_ln160)> <Delay = 0.00>
ST_4 : Operation 120 [1/1] (0.00ns)   --->   "%storemerge4_i811053_load = load i16 %storemerge4_i811053"   --->   Operation 120 'load' 'storemerge4_i811053_load' <Predicate = (icmp_ln160)> <Delay = 0.00>
ST_4 : Operation 121 [1/1] (0.00ns)   --->   "%storemerge4_i811055_load = load i16 %storemerge4_i811055"   --->   Operation 121 'load' 'storemerge4_i811055_load' <Predicate = (icmp_ln160)> <Delay = 0.00>
ST_4 : Operation 122 [1/1] (0.00ns)   --->   "%storemerge4_i811057_load = load i16 %storemerge4_i811057"   --->   Operation 122 'load' 'storemerge4_i811057_load' <Predicate = (icmp_ln160)> <Delay = 0.00>
ST_4 : Operation 123 [1/1] (0.00ns)   --->   "%storemerge4_i811059_load = load i16 %storemerge4_i811059"   --->   Operation 123 'load' 'storemerge4_i811059_load' <Predicate = (icmp_ln160)> <Delay = 0.00>
ST_4 : Operation 124 [1/1] (0.00ns)   --->   "%storemerge4_i811061_load = load i16 %storemerge4_i811061"   --->   Operation 124 'load' 'storemerge4_i811061_load' <Predicate = (icmp_ln160)> <Delay = 0.00>
ST_4 : Operation 125 [1/1] (0.00ns)   --->   "%storemerge4_i811063_load = load i16 %storemerge4_i811063"   --->   Operation 125 'load' 'storemerge4_i811063_load' <Predicate = (icmp_ln160)> <Delay = 0.00>
ST_4 : Operation 126 [1/1] (0.00ns)   --->   "%storemerge4_i811065_load = load i16 %storemerge4_i811065"   --->   Operation 126 'load' 'storemerge4_i811065_load' <Predicate = (icmp_ln160)> <Delay = 0.00>
ST_4 : Operation 127 [1/1] (0.00ns)   --->   "%storemerge4_i811067_load = load i16 %storemerge4_i811067"   --->   Operation 127 'load' 'storemerge4_i811067_load' <Predicate = (icmp_ln160)> <Delay = 0.00>
ST_4 : Operation 128 [1/1] (0.00ns)   --->   "%storemerge4_i811069_load = load i16 %storemerge4_i811069"   --->   Operation 128 'load' 'storemerge4_i811069_load' <Predicate = (icmp_ln160)> <Delay = 0.00>
ST_4 : Operation 129 [1/1] (0.00ns)   --->   "%storemerge4_i811071_load = load i16 %storemerge4_i811071"   --->   Operation 129 'load' 'storemerge4_i811071_load' <Predicate = (icmp_ln160)> <Delay = 0.00>
ST_4 : Operation 130 [1/1] (0.00ns)   --->   "%storemerge4_i811073_load = load i16 %storemerge4_i811073"   --->   Operation 130 'load' 'storemerge4_i811073_load' <Predicate = (icmp_ln160)> <Delay = 0.00>
ST_4 : Operation 131 [1/1] (0.00ns)   --->   "%storemerge4_i811075_load = load i16 %storemerge4_i811075"   --->   Operation 131 'load' 'storemerge4_i811075_load' <Predicate = (icmp_ln160)> <Delay = 0.00>
ST_4 : Operation 132 [1/1] (0.00ns)   --->   "%write_ln0 = write void @_ssdm_op_Write.ap_auto.i16P0A, i16 %storemerge4_i811075_out, i16 %storemerge4_i811075_load"   --->   Operation 132 'write' 'write_ln0' <Predicate = (icmp_ln160)> <Delay = 0.00>
ST_4 : Operation 133 [1/1] (0.00ns)   --->   "%write_ln0 = write void @_ssdm_op_Write.ap_auto.i16P0A, i16 %storemerge4_i811073_out, i16 %storemerge4_i811073_load"   --->   Operation 133 'write' 'write_ln0' <Predicate = (icmp_ln160)> <Delay = 0.00>
ST_4 : Operation 134 [1/1] (0.00ns)   --->   "%write_ln0 = write void @_ssdm_op_Write.ap_auto.i16P0A, i16 %storemerge4_i811071_out, i16 %storemerge4_i811071_load"   --->   Operation 134 'write' 'write_ln0' <Predicate = (icmp_ln160)> <Delay = 0.00>
ST_4 : Operation 135 [1/1] (0.00ns)   --->   "%write_ln0 = write void @_ssdm_op_Write.ap_auto.i16P0A, i16 %storemerge4_i811069_out, i16 %storemerge4_i811069_load"   --->   Operation 135 'write' 'write_ln0' <Predicate = (icmp_ln160)> <Delay = 0.00>
ST_4 : Operation 136 [1/1] (0.00ns)   --->   "%write_ln0 = write void @_ssdm_op_Write.ap_auto.i16P0A, i16 %storemerge4_i811067_out, i16 %storemerge4_i811067_load"   --->   Operation 136 'write' 'write_ln0' <Predicate = (icmp_ln160)> <Delay = 0.00>
ST_4 : Operation 137 [1/1] (0.00ns)   --->   "%write_ln0 = write void @_ssdm_op_Write.ap_auto.i16P0A, i16 %storemerge4_i811065_out, i16 %storemerge4_i811065_load"   --->   Operation 137 'write' 'write_ln0' <Predicate = (icmp_ln160)> <Delay = 0.00>
ST_4 : Operation 138 [1/1] (0.00ns)   --->   "%write_ln0 = write void @_ssdm_op_Write.ap_auto.i16P0A, i16 %storemerge4_i811063_out, i16 %storemerge4_i811063_load"   --->   Operation 138 'write' 'write_ln0' <Predicate = (icmp_ln160)> <Delay = 0.00>
ST_4 : Operation 139 [1/1] (0.00ns)   --->   "%write_ln0 = write void @_ssdm_op_Write.ap_auto.i16P0A, i16 %storemerge4_i811061_out, i16 %storemerge4_i811061_load"   --->   Operation 139 'write' 'write_ln0' <Predicate = (icmp_ln160)> <Delay = 0.00>
ST_4 : Operation 140 [1/1] (0.00ns)   --->   "%write_ln0 = write void @_ssdm_op_Write.ap_auto.i16P0A, i16 %storemerge4_i811059_out, i16 %storemerge4_i811059_load"   --->   Operation 140 'write' 'write_ln0' <Predicate = (icmp_ln160)> <Delay = 0.00>
ST_4 : Operation 141 [1/1] (0.00ns)   --->   "%write_ln0 = write void @_ssdm_op_Write.ap_auto.i16P0A, i16 %storemerge4_i811057_out, i16 %storemerge4_i811057_load"   --->   Operation 141 'write' 'write_ln0' <Predicate = (icmp_ln160)> <Delay = 0.00>
ST_4 : Operation 142 [1/1] (0.00ns)   --->   "%write_ln0 = write void @_ssdm_op_Write.ap_auto.i16P0A, i16 %storemerge4_i811055_out, i16 %storemerge4_i811055_load"   --->   Operation 142 'write' 'write_ln0' <Predicate = (icmp_ln160)> <Delay = 0.00>
ST_4 : Operation 143 [1/1] (0.00ns)   --->   "%write_ln0 = write void @_ssdm_op_Write.ap_auto.i16P0A, i16 %storemerge4_i811053_out, i16 %storemerge4_i811053_load"   --->   Operation 143 'write' 'write_ln0' <Predicate = (icmp_ln160)> <Delay = 0.00>
ST_4 : Operation 144 [1/1] (0.00ns)   --->   "%write_ln0 = write void @_ssdm_op_Write.ap_auto.i16P0A, i16 %storemerge4_i811051_out, i16 %storemerge4_i811051_load"   --->   Operation 144 'write' 'write_ln0' <Predicate = (icmp_ln160)> <Delay = 0.00>
ST_4 : Operation 145 [1/1] (0.00ns)   --->   "%write_ln0 = write void @_ssdm_op_Write.ap_auto.i16P0A, i16 %storemerge4_i811049_out, i16 %storemerge4_i811049_load"   --->   Operation 145 'write' 'write_ln0' <Predicate = (icmp_ln160)> <Delay = 0.00>
ST_4 : Operation 146 [1/1] (0.00ns)   --->   "%write_ln0 = write void @_ssdm_op_Write.ap_auto.i16P0A, i16 %storemerge4_i811047_out, i16 %storemerge4_i811047_load"   --->   Operation 146 'write' 'write_ln0' <Predicate = (icmp_ln160)> <Delay = 0.00>
ST_4 : Operation 147 [1/1] (0.00ns)   --->   "%write_ln0 = write void @_ssdm_op_Write.ap_auto.i16P0A, i16 %storemerge4_i811045_out, i16 %storemerge4_i811045_load"   --->   Operation 147 'write' 'write_ln0' <Predicate = (icmp_ln160)> <Delay = 0.00>
ST_4 : Operation 148 [1/1] (0.83ns)   --->   "%ret_ln0 = ret"   --->   Operation 148 'ret' 'ret_ln0' <Predicate = (icmp_ln160)> <Delay = 0.83>

State 5 <SV = 4> <Delay = 7.03>
ST_5 : Operation 50 [1/1] (0.00ns)   --->   "%specpipeline_ln161 = specpipeline void @_ssdm_op_SpecPipeline, i32 1, i32 0, i32 0, i32 0, i32 4294967295, void @empty_17" [yolo_conv.cpp:161]   --->   Operation 50 'specpipeline' 'specpipeline_ln161' <Predicate = true> <Delay = 0.00>
ST_5 : Operation 51 [1/1] (0.00ns)   --->   "%speclooptripcount_ln160 = speclooptripcount void @_ssdm_op_SpecLoopTripCount, i64 16, i64 16, i64 16" [yolo_conv.cpp:160]   --->   Operation 51 'speclooptripcount' 'speclooptripcount_ln160' <Predicate = true> <Delay = 0.00>
ST_5 : Operation 52 [1/1] (0.00ns)   --->   "%specloopname_ln160 = specloopname void @_ssdm_op_SpecLoopName, void @empty_8" [yolo_conv.cpp:160]   --->   Operation 52 'specloopname' 'specloopname_ln160' <Predicate = true> <Delay = 0.00>
ST_5 : Operation 53 [1/1] (0.00ns)   --->   "%zext_ln162 = zext i11 %tmp_1" [yolo_conv.cpp:162]   --->   Operation 53 'zext' 'zext_ln162' <Predicate = true> <Delay = 0.00>
ST_5 : Operation 54 [1/1] (0.00ns)   --->   "%zext_ln162_1_cast = bitconcatenate i53 @_ssdm_op_BitConcatenate.i53.i1.i52, i1 1, i52 %trunc_ln162_1" [yolo_conv.cpp:162]   --->   Operation 54 'bitconcatenate' 'zext_ln162_1_cast' <Predicate = true> <Delay = 0.00>
ST_5 : Operation 55 [1/1] (0.00ns)   --->   "%zext_ln162_1 = zext i53 %zext_ln162_1_cast" [yolo_conv.cpp:162]   --->   Operation 55 'zext' 'zext_ln162_1' <Predicate = true> <Delay = 0.00>
ST_5 : Operation 56 [1/1] (1.67ns)   --->   "%sub_ln162 = sub i54 0, i54 %zext_ln162_1" [yolo_conv.cpp:162]   --->   Operation 56 'sub' 'sub_ln162' <Predicate = (tmp)> <Delay = 1.67> <CoreInst = "Adder">   --->   Core 1 'Adder' <Latency = 0> <II = 1> <Delay = 1.67> <FuncUnit> <Opcode : 'add' 'sub'> <InPorts = 2> <OutPorts = 1>
ST_5 : Operation 57 [1/1] (0.54ns)   --->   "%select_ln162 = select i1 %tmp, i54 %sub_ln162, i54 %zext_ln162_1" [yolo_conv.cpp:162]   --->   Operation 57 'select' 'select_ln162' <Predicate = true> <Delay = 0.54> <CoreInst = "Sel">   --->   Core 73 'Sel' <Latency = 0> <II = 1> <Delay = 0.54> <FuncUnit> <Opcode : 'select'> <InPorts = 3> <OutPorts = 1>
ST_5 : Operation 58 [1/1] (1.35ns)   --->   "%sub_ln162_1 = sub i12 1075, i12 %zext_ln162" [yolo_conv.cpp:162]   --->   Operation 58 'sub' 'sub_ln162_1' <Predicate = true> <Delay = 1.35> <CoreInst = "Adder">   --->   Core 1 'Adder' <Latency = 0> <II = 1> <Delay = 1.35> <FuncUnit> <Opcode : 'add' 'sub'> <InPorts = 2> <OutPorts = 1>
ST_5 : Operation 59 [1/1] (0.00ns)   --->   "%trunc_ln162_2 = trunc i12 %sub_ln162_1" [yolo_conv.cpp:162]   --->   Operation 59 'trunc' 'trunc_ln162_2' <Predicate = true> <Delay = 0.00>
ST_5 : Operation 60 [1/1] (1.35ns)   --->   "%icmp_ln162_1 = icmp_sgt  i12 %sub_ln162_1, i12 10" [yolo_conv.cpp:162]   --->   Operation 60 'icmp' 'icmp_ln162_1' <Predicate = true> <Delay = 1.35> <CoreInst = "Cmp">   --->   Core 9 'Cmp' <Latency = 0> <II = 1> <Delay = 1.35> <FuncUnit> <Opcode : 'seteq' 'setne' 'setle' 'setge' 'setlt' 'setgt'> <InPorts = 2> <OutPorts = 1>
ST_5 : Operation 61 [1/1] (1.35ns)   --->   "%add_ln162 = add i11 %trunc_ln162_2, i11 2038" [yolo_conv.cpp:162]   --->   Operation 61 'add' 'add_ln162' <Predicate = true> <Delay = 1.35> <CoreInst = "Adder">   --->   Core 1 'Adder' <Latency = 0> <II = 1> <Delay = 1.35> <FuncUnit> <Opcode : 'add' 'sub'> <InPorts = 2> <OutPorts = 1>
ST_5 : Operation 62 [1/1] (1.35ns)   --->   "%sub_ln162_2 = sub i11 10, i11 %trunc_ln162_2" [yolo_conv.cpp:162]   --->   Operation 62 'sub' 'sub_ln162_2' <Predicate = true> <Delay = 1.35> <CoreInst = "Adder">   --->   Core 1 'Adder' <Latency = 0> <II = 1> <Delay = 1.35> <FuncUnit> <Opcode : 'add' 'sub'> <InPorts = 2> <OutPorts = 1>
ST_5 : Operation 63 [1/1] (0.49ns)   --->   "%select_ln162_1 = select i1 %icmp_ln162_1, i11 %add_ln162, i11 %sub_ln162_2" [yolo_conv.cpp:162]   --->   Operation 63 'select' 'select_ln162_1' <Predicate = true> <Delay = 0.49> <CoreInst = "Sel">   --->   Core 73 'Sel' <Latency = 0> <II = 1> <Delay = 0.49> <FuncUnit> <Opcode : 'select'> <InPorts = 3> <OutPorts = 1>
ST_5 : Operation 64 [1/1] (1.35ns)   --->   "%icmp_ln162_2 = icmp_eq  i12 %sub_ln162_1, i12 10" [yolo_conv.cpp:162]   --->   Operation 64 'icmp' 'icmp_ln162_2' <Predicate = true> <Delay = 1.35> <CoreInst = "Cmp">   --->   Core 9 'Cmp' <Latency = 0> <II = 1> <Delay = 1.35> <FuncUnit> <Opcode : 'seteq' 'setne' 'setle' 'setge' 'setlt' 'setgt'> <InPorts = 2> <OutPorts = 1>
ST_5 : Operation 65 [1/1] (0.00ns)   --->   "%trunc_ln162_3 = trunc i54 %select_ln162" [yolo_conv.cpp:162]   --->   Operation 65 'trunc' 'trunc_ln162_3' <Predicate = true> <Delay = 0.00>
ST_5 : Operation 66 [1/1] (1.35ns)   --->   "%icmp_ln162_3 = icmp_ult  i11 %select_ln162_1, i11 54" [yolo_conv.cpp:162]   --->   Operation 66 'icmp' 'icmp_ln162_3' <Predicate = true> <Delay = 1.35> <CoreInst = "Cmp">   --->   Core 9 'Cmp' <Latency = 0> <II = 1> <Delay = 1.35> <FuncUnit> <Opcode : 'seteq' 'setne' 'setle' 'setge' 'setlt' 'setgt'> <InPorts = 2> <OutPorts = 1>
ST_5 : Operation 67 [1/1] (0.00ns) (grouped into LUT with out node select_ln162_2)   --->   "%select_ln162_4 = select i1 %tmp, i16 65535, i16 0" [yolo_conv.cpp:162]   --->   Operation 67 'select' 'select_ln162_4' <Predicate = true> <Delay = 0.00> <CoreInst = "Sel">   --->   Core 73 'Sel' <Latency = 0> <II = 1> <Delay = 0.48> <FuncUnit> <Opcode : 'select'> <InPorts = 3> <OutPorts = 1>
ST_5 : Operation 68 [1/1] (0.00ns)   --->   "%zext_ln162_2 = zext i11 %select_ln162_1" [yolo_conv.cpp:162]   --->   Operation 68 'zext' 'zext_ln162_2' <Predicate = true> <Delay = 0.00>
ST_5 : Operation 69 [1/1] (2.49ns)   --->   "%ashr_ln162 = ashr i54 %select_ln162, i54 %zext_ln162_2" [yolo_conv.cpp:162]   --->   Operation 69 'ashr' 'ashr_ln162' <Predicate = true> <Delay = 2.49> <CoreInst = "Shifter">   --->   Core 75 'Shifter' <Latency = 0> <II = 1> <Delay = 2.49> <FuncUnit> <Opcode : 'shl' 'lshr' 'ashr'> <InPorts = 2> <OutPorts = 1>
ST_5 : Operation 70 [1/1] (0.00ns) (grouped into LUT with out node select_ln162_2)   --->   "%trunc_ln162_4 = trunc i54 %ashr_ln162" [yolo_conv.cpp:162]   --->   Operation 70 'trunc' 'trunc_ln162_4' <Predicate = true> <Delay = 0.00>
ST_5 : Operation 71 [1/1] (0.48ns) (out node of the LUT)   --->   "%select_ln162_2 = select i1 %icmp_ln162_3, i16 %trunc_ln162_4, i16 %select_ln162_4" [yolo_conv.cpp:162]   --->   Operation 71 'select' 'select_ln162_2' <Predicate = true> <Delay = 0.48> <CoreInst = "Sel">   --->   Core 73 'Sel' <Latency = 0> <II = 1> <Delay = 0.39> <FuncUnit> <Opcode : 'select'> <InPorts = 3> <OutPorts = 1>
ST_5 : Operation 72 [1/1] (0.00ns)   --->   "%tmp_2 = partselect i7 @_ssdm_op_PartSelect.i7.i11.i32.i32, i11 %select_ln162_1, i32 4, i32 10" [yolo_conv.cpp:162]   --->   Operation 72 'partselect' 'tmp_2' <Predicate = true> <Delay = 0.00>
ST_5 : Operation 73 [1/1] (1.27ns)   --->   "%icmp_ln162_4 = icmp_eq  i7 %tmp_2, i7 0" [yolo_conv.cpp:162]   --->   Operation 73 'icmp' 'icmp_ln162_4' <Predicate = true> <Delay = 1.27> <CoreInst = "Cmp">   --->   Core 9 'Cmp' <Latency = 0> <II = 1> <Delay = 1.27> <FuncUnit> <Opcode : 'seteq' 'setne' 'setle' 'setge' 'setlt' 'setgt'> <InPorts = 2> <OutPorts = 1>
ST_5 : Operation 74 [1/1] (0.00ns)   --->   "%select_ln162_1cast = zext i11 %select_ln162_1" [yolo_conv.cpp:162]   --->   Operation 74 'zext' 'select_ln162_1cast' <Predicate = true> <Delay = 0.00>
ST_5 : Operation 75 [1/1] (2.21ns)   --->   "%shl_ln162 = shl i16 %trunc_ln162_3, i16 %select_ln162_1cast" [yolo_conv.cpp:162]   --->   Operation 75 'shl' 'shl_ln162' <Predicate = true> <Delay = 2.21> <CoreInst = "Shifter">   --->   Core 75 'Shifter' <Latency = 0> <II = 1> <Delay = 2.21> <FuncUnit> <Opcode : 'shl' 'lshr' 'ashr'> <InPorts = 2> <OutPorts = 1>
ST_5 : Operation 76 [1/1] (0.39ns)   --->   "%select_ln162_3 = select i1 %icmp_ln162_4, i16 %shl_ln162, i16 0" [yolo_conv.cpp:162]   --->   Operation 76 'select' 'select_ln162_3' <Predicate = true> <Delay = 0.39> <CoreInst = "Sel">   --->   Core 73 'Sel' <Latency = 0> <II = 1> <Delay = 0.39> <FuncUnit> <Opcode : 'select'> <InPorts = 3> <OutPorts = 1>
ST_5 : Operation 77 [1/1] (0.00ns) (grouped into LUT with out node and_ln162)   --->   "%xor_ln162 = xor i1 %icmp_ln162, i1 1" [yolo_conv.cpp:162]   --->   Operation 77 'xor' 'xor_ln162' <Predicate = true> <Delay = 0.00> <CoreInst = "LogicGate">   --->   Core 74 'LogicGate' <Latency = 0> <II = 1> <Delay = 0.47> <FuncUnit> <Opcode : 'and' 'or' 'xor'> <InPorts = 2> <OutPorts = 1>
ST_5 : Operation 78 [1/1] (0.47ns) (out node of the LUT)   --->   "%and_ln162 = and i1 %icmp_ln162_2, i1 %xor_ln162" [yolo_conv.cpp:162]   --->   Operation 78 'and' 'and_ln162' <Predicate = true> <Delay = 0.47> <CoreInst = "LogicGate">   --->   Core 74 'LogicGate' <Latency = 0> <II = 1> <Delay = 0.47> <FuncUnit> <Opcode : 'and' 'or' 'xor'> <InPorts = 2> <OutPorts = 1>
ST_5 : Operation 79 [1/1] (0.00ns) (grouped into LUT with out node and_ln162_1)   --->   "%or_ln162 = or i1 %icmp_ln162, i1 %icmp_ln162_2" [yolo_conv.cpp:162]   --->   Operation 79 'or' 'or_ln162' <Predicate = true> <Delay = 0.00> <CoreInst = "LogicGate">   --->   Core 74 'LogicGate' <Latency = 0> <II = 1> <Delay = 0.47> <FuncUnit> <Opcode : 'and' 'or' 'xor'> <InPorts = 2> <OutPorts = 1>
ST_5 : Operation 80 [1/1] (0.00ns) (grouped into LUT with out node and_ln162_1)   --->   "%xor_ln162_1 = xor i1 %or_ln162, i1 1" [yolo_conv.cpp:162]   --->   Operation 80 'xor' 'xor_ln162_1' <Predicate = true> <Delay = 0.00> <CoreInst = "LogicGate">   --->   Core 74 'LogicGate' <Latency = 0> <II = 1> <Delay = 0.47> <FuncUnit> <Opcode : 'and' 'or' 'xor'> <InPorts = 2> <OutPorts = 1>
ST_5 : Operation 81 [1/1] (0.47ns) (out node of the LUT)   --->   "%and_ln162_1 = and i1 %icmp_ln162_1, i1 %xor_ln162_1" [yolo_conv.cpp:162]   --->   Operation 81 'and' 'and_ln162_1' <Predicate = true> <Delay = 0.47> <CoreInst = "LogicGate">   --->   Core 74 'LogicGate' <Latency = 0> <II = 1> <Delay = 0.47> <FuncUnit> <Opcode : 'and' 'or' 'xor'> <InPorts = 2> <OutPorts = 1>
ST_5 : Operation 82 [1/1] (0.00ns)   --->   "%sel_tmp2 = bitconcatenate i3 @_ssdm_op_BitConcatenate.i3.i1.i1.i1, i1 %icmp_ln162, i1 %and_ln162, i1 %and_ln162_1" [yolo_conv.cpp:162]   --->   Operation 82 'bitconcatenate' 'sel_tmp2' <Predicate = true> <Delay = 0.00>
ST_5 : Operation 83 [1/1] (0.84ns)   --->   "%storemerge4_i1 = sparsemux i16 @_ssdm_op_SparseMux.ap_auto.4i16.i16.i3, i3 4, i16 0, i3 2, i16 %trunc_ln162_3, i3 1, i16 %select_ln162_2, i3 0, i16 %select_ln162_3, i16 0, i3 %sel_tmp2" [yolo_conv.cpp:162]   --->   Operation 83 'sparsemux' 'storemerge4_i1' <Predicate = true> <Delay = 0.84> <CoreInst = "OneHotSparseMux_HasDef">   --->   Core 140 'OneHotSparseMux_HasDef' <Latency = 0> <II = 1> <Delay = 0.84> <FuncUnit> <Opcode : 'sparsemux'> <InPorts = 2> <OutPorts = 1>
ST_5 : Operation 84 [1/1] (0.00ns)   --->   "%store_ln162 = store i16 %storemerge4_i1, i16 %storemerge4_i811045" [yolo_conv.cpp:162]   --->   Operation 84 'store' 'store_ln162' <Predicate = (trunc_ln160 == 14)> <Delay = 0.00>
ST_5 : Operation 85 [1/1] (0.00ns)   --->   "%br_ln162 = br void %arrayidx43.exit" [yolo_conv.cpp:162]   --->   Operation 85 'br' 'br_ln162' <Predicate = (trunc_ln160 == 14)> <Delay = 0.00>
ST_5 : Operation 86 [1/1] (0.00ns)   --->   "%store_ln162 = store i16 %storemerge4_i1, i16 %storemerge4_i811047" [yolo_conv.cpp:162]   --->   Operation 86 'store' 'store_ln162' <Predicate = (trunc_ln160 == 13)> <Delay = 0.00>
ST_5 : Operation 87 [1/1] (0.00ns)   --->   "%br_ln162 = br void %arrayidx43.exit" [yolo_conv.cpp:162]   --->   Operation 87 'br' 'br_ln162' <Predicate = (trunc_ln160 == 13)> <Delay = 0.00>
ST_5 : Operation 88 [1/1] (0.00ns)   --->   "%store_ln162 = store i16 %storemerge4_i1, i16 %storemerge4_i811049" [yolo_conv.cpp:162]   --->   Operation 88 'store' 'store_ln162' <Predicate = (trunc_ln160 == 12)> <Delay = 0.00>
ST_5 : Operation 89 [1/1] (0.00ns)   --->   "%br_ln162 = br void %arrayidx43.exit" [yolo_conv.cpp:162]   --->   Operation 89 'br' 'br_ln162' <Predicate = (trunc_ln160 == 12)> <Delay = 0.00>
ST_5 : Operation 90 [1/1] (0.00ns)   --->   "%store_ln162 = store i16 %storemerge4_i1, i16 %storemerge4_i811051" [yolo_conv.cpp:162]   --->   Operation 90 'store' 'store_ln162' <Predicate = (trunc_ln160 == 11)> <Delay = 0.00>
ST_5 : Operation 91 [1/1] (0.00ns)   --->   "%br_ln162 = br void %arrayidx43.exit" [yolo_conv.cpp:162]   --->   Operation 91 'br' 'br_ln162' <Predicate = (trunc_ln160 == 11)> <Delay = 0.00>
ST_5 : Operation 92 [1/1] (0.00ns)   --->   "%store_ln162 = store i16 %storemerge4_i1, i16 %storemerge4_i811053" [yolo_conv.cpp:162]   --->   Operation 92 'store' 'store_ln162' <Predicate = (trunc_ln160 == 10)> <Delay = 0.00>
ST_5 : Operation 93 [1/1] (0.00ns)   --->   "%br_ln162 = br void %arrayidx43.exit" [yolo_conv.cpp:162]   --->   Operation 93 'br' 'br_ln162' <Predicate = (trunc_ln160 == 10)> <Delay = 0.00>
ST_5 : Operation 94 [1/1] (0.00ns)   --->   "%store_ln162 = store i16 %storemerge4_i1, i16 %storemerge4_i811055" [yolo_conv.cpp:162]   --->   Operation 94 'store' 'store_ln162' <Predicate = (trunc_ln160 == 9)> <Delay = 0.00>
ST_5 : Operation 95 [1/1] (0.00ns)   --->   "%br_ln162 = br void %arrayidx43.exit" [yolo_conv.cpp:162]   --->   Operation 95 'br' 'br_ln162' <Predicate = (trunc_ln160 == 9)> <Delay = 0.00>
ST_5 : Operation 96 [1/1] (0.00ns)   --->   "%store_ln162 = store i16 %storemerge4_i1, i16 %storemerge4_i811057" [yolo_conv.cpp:162]   --->   Operation 96 'store' 'store_ln162' <Predicate = (trunc_ln160 == 8)> <Delay = 0.00>
ST_5 : Operation 97 [1/1] (0.00ns)   --->   "%br_ln162 = br void %arrayidx43.exit" [yolo_conv.cpp:162]   --->   Operation 97 'br' 'br_ln162' <Predicate = (trunc_ln160 == 8)> <Delay = 0.00>
ST_5 : Operation 98 [1/1] (0.00ns)   --->   "%store_ln162 = store i16 %storemerge4_i1, i16 %storemerge4_i811059" [yolo_conv.cpp:162]   --->   Operation 98 'store' 'store_ln162' <Predicate = (trunc_ln160 == 7)> <Delay = 0.00>
ST_5 : Operation 99 [1/1] (0.00ns)   --->   "%br_ln162 = br void %arrayidx43.exit" [yolo_conv.cpp:162]   --->   Operation 99 'br' 'br_ln162' <Predicate = (trunc_ln160 == 7)> <Delay = 0.00>
ST_5 : Operation 100 [1/1] (0.00ns)   --->   "%store_ln162 = store i16 %storemerge4_i1, i16 %storemerge4_i811061" [yolo_conv.cpp:162]   --->   Operation 100 'store' 'store_ln162' <Predicate = (trunc_ln160 == 6)> <Delay = 0.00>
ST_5 : Operation 101 [1/1] (0.00ns)   --->   "%br_ln162 = br void %arrayidx43.exit" [yolo_conv.cpp:162]   --->   Operation 101 'br' 'br_ln162' <Predicate = (trunc_ln160 == 6)> <Delay = 0.00>
ST_5 : Operation 102 [1/1] (0.00ns)   --->   "%store_ln162 = store i16 %storemerge4_i1, i16 %storemerge4_i811063" [yolo_conv.cpp:162]   --->   Operation 102 'store' 'store_ln162' <Predicate = (trunc_ln160 == 5)> <Delay = 0.00>
ST_5 : Operation 103 [1/1] (0.00ns)   --->   "%br_ln162 = br void %arrayidx43.exit" [yolo_conv.cpp:162]   --->   Operation 103 'br' 'br_ln162' <Predicate = (trunc_ln160 == 5)> <Delay = 0.00>
ST_5 : Operation 104 [1/1] (0.00ns)   --->   "%store_ln162 = store i16 %storemerge4_i1, i16 %storemerge4_i811065" [yolo_conv.cpp:162]   --->   Operation 104 'store' 'store_ln162' <Predicate = (trunc_ln160 == 4)> <Delay = 0.00>
ST_5 : Operation 105 [1/1] (0.00ns)   --->   "%br_ln162 = br void %arrayidx43.exit" [yolo_conv.cpp:162]   --->   Operation 105 'br' 'br_ln162' <Predicate = (trunc_ln160 == 4)> <Delay = 0.00>
ST_5 : Operation 106 [1/1] (0.00ns)   --->   "%store_ln162 = store i16 %storemerge4_i1, i16 %storemerge4_i811067" [yolo_conv.cpp:162]   --->   Operation 106 'store' 'store_ln162' <Predicate = (trunc_ln160 == 3)> <Delay = 0.00>
ST_5 : Operation 107 [1/1] (0.00ns)   --->   "%br_ln162 = br void %arrayidx43.exit" [yolo_conv.cpp:162]   --->   Operation 107 'br' 'br_ln162' <Predicate = (trunc_ln160 == 3)> <Delay = 0.00>
ST_5 : Operation 108 [1/1] (0.00ns)   --->   "%store_ln162 = store i16 %storemerge4_i1, i16 %storemerge4_i811069" [yolo_conv.cpp:162]   --->   Operation 108 'store' 'store_ln162' <Predicate = (trunc_ln160 == 2)> <Delay = 0.00>
ST_5 : Operation 109 [1/1] (0.00ns)   --->   "%br_ln162 = br void %arrayidx43.exit" [yolo_conv.cpp:162]   --->   Operation 109 'br' 'br_ln162' <Predicate = (trunc_ln160 == 2)> <Delay = 0.00>
ST_5 : Operation 110 [1/1] (0.00ns)   --->   "%store_ln162 = store i16 %storemerge4_i1, i16 %storemerge4_i811071" [yolo_conv.cpp:162]   --->   Operation 110 'store' 'store_ln162' <Predicate = (trunc_ln160 == 1)> <Delay = 0.00>
ST_5 : Operation 111 [1/1] (0.00ns)   --->   "%br_ln162 = br void %arrayidx43.exit" [yolo_conv.cpp:162]   --->   Operation 111 'br' 'br_ln162' <Predicate = (trunc_ln160 == 1)> <Delay = 0.00>
ST_5 : Operation 112 [1/1] (0.00ns)   --->   "%store_ln162 = store i16 %storemerge4_i1, i16 %storemerge4_i811073" [yolo_conv.cpp:162]   --->   Operation 112 'store' 'store_ln162' <Predicate = (trunc_ln160 == 0)> <Delay = 0.00>
ST_5 : Operation 113 [1/1] (0.00ns)   --->   "%br_ln162 = br void %arrayidx43.exit" [yolo_conv.cpp:162]   --->   Operation 113 'br' 'br_ln162' <Predicate = (trunc_ln160 == 0)> <Delay = 0.00>
ST_5 : Operation 114 [1/1] (0.00ns)   --->   "%store_ln162 = store i16 %storemerge4_i1, i16 %storemerge4_i811075" [yolo_conv.cpp:162]   --->   Operation 114 'store' 'store_ln162' <Predicate = (trunc_ln160 == 15)> <Delay = 0.00>
ST_5 : Operation 115 [1/1] (0.00ns)   --->   "%br_ln162 = br void %arrayidx43.exit" [yolo_conv.cpp:162]   --->   Operation 115 'br' 'br_ln162' <Predicate = (trunc_ln160 == 15)> <Delay = 0.00>


============================================================
+ Verbose Summary: Timing violations
============================================================
Target clock period: 10.000ns, clock uncertainty: 2.700ns.

 <State 1>: 2.769ns
The critical path consists of the following:
	'store' operation ('store_ln160', yolo_conv.cpp:160) of constant 0 5 bit on local variable 'oc', yolo_conv.cpp:160 [39]  (0.833 ns)
	'load' operation 5 bit ('oc', yolo_conv.cpp:160) on local variable 'oc', yolo_conv.cpp:160 [42]  (0.000 ns)
	'icmp' operation 1 bit ('icmp_ln160', yolo_conv.cpp:160) [44]  (1.103 ns)
	'store' operation ('store_ln160', yolo_conv.cpp:160) of variable 'add_ln160', yolo_conv.cpp:160 5 bit on local variable 'oc', yolo_conv.cpp:160 [143]  (0.833 ns)

 <State 2>: 7.300ns
The critical path consists of the following:
	'getelementptr' operation 32 bit ('gmem2_addr', yolo_conv.cpp:160) [48]  (0.000 ns)
	bus read operation ('gmem2_addr_read', yolo_conv.cpp:162) on port 'gmem2' (yolo_conv.cpp:162) [53]  (7.300 ns)

 <State 3>: 2.306ns
The critical path consists of the following:
	'fpext' operation 64 bit ('pf', yolo_conv.cpp:162) [55]  (2.306 ns)

 <State 4>: 4.027ns
The critical path consists of the following:
	'fpext' operation 64 bit ('pf', yolo_conv.cpp:162) [55]  (2.306 ns)
	'icmp' operation 1 bit ('icmp_ln162', yolo_conv.cpp:162) [66]  (1.721 ns)

 <State 5>: 7.037ns
The critical path consists of the following:
	'sub' operation 12 bit ('sub_ln162_1', yolo_conv.cpp:162) [67]  (1.352 ns)
	'add' operation 11 bit ('add_ln162', yolo_conv.cpp:162) [70]  (1.353 ns)
	'select' operation 11 bit ('select_ln162_1', yolo_conv.cpp:162) [72]  (0.498 ns)
	'ashr' operation 54 bit ('ashr_ln162', yolo_conv.cpp:162) [78]  (2.499 ns)
	'select' operation 16 bit ('select_ln162_2', yolo_conv.cpp:162) [80]  (0.487 ns)
	'sparsemux' operation 16 bit ('storemerge4_i1', yolo_conv.cpp:162) [92]  (0.848 ns)
	'store' operation ('store_ln162', yolo_conv.cpp:162) of variable 'storemerge4_i1', yolo_conv.cpp:162 16 bit on local variable 'storemerge4_i811059' [116]  (0.000 ns)


============================================================
+ Verbose Summary: Binding
============================================================
N/A
* FSMD analyzer results:
  - Output states:
 - Input state : 
  - Chain level:
	State 1
	State 2
	State 3
	State 4
	State 5


============================================================
+ Verbose Summary: Datapath Resource usage 
============================================================
N/A
