

================================================================
== Synthesis Summary Report of 'linear_180_16'
================================================================
+ General Information: 
    * Date:           Mon Jun 15 16:42:39 2026
    * Version:        2025.2 (Build 6295257 on Nov 14 2025)
    * Project:        linear_180_16
    * Solution:       hls (Vivado IP Flow Target)
    * Product family: kintex7
    * Target device:  xc7k325t-ffg900-2
    

* Performance & Resource Estimates: 
+-------------------------------------------------------------+--------+---------------+----------+---------+------+----------+---------+-----------+--------+---------+---------+-----------+-----------+-----+
|                           Modules                           |  Issue |               | Iteration|         | Trip |          |       Latency       |        |         |         |           |           |     |
|                           & Loops                           |  Type  | Violation Type|  Latency | Interval| Count| Pipelined| (cycles)|    (ns)   |  Slack |  BRAM   |   DSP   |     FF    |    LUT    | URAM|
+-------------------------------------------------------------+--------+---------------+----------+---------+------+----------+---------+-----------+--------+---------+---------+-----------+-----------+-----+
|+ linear_180_16                                              |  Timing|              -|         -|     3080|     -|        no|     3079|  8.048e+04|  -18.84|  16 (1%)|  80 (9%)|  6031 (1%)|  6572 (3%)|    -|
| + linear_180_16_Pipeline_VITIS_LOOP_190_1_VITIS_LOOP_192_2  |       -|              -|         -|        -|     -|       yes|     2882|  2.882e+04|    1.20|        -|        -|   27 (~0%)|  157 (~0%)|    -|
|  o VITIS_LOOP_190_1_VITIS_LOOP_192_2                        |       -|              -|         1|        1|  2880|       yes|     2880|  2.880e+04|    7.30|        -|        -|          -|          -|    -|
| + linear_180_16_Pipeline_VITIS_LOOP_211_4                   |  Timing|              -|         -|        -|     -|       yes|      186|  4.862e+03|  -18.84|        -|  80 (9%)|  5988 (1%)|  5652 (2%)|    -|
|  o VITIS_LOOP_211_4                                         |       -|              -|         6|        1|   180|       yes|      184|  4.810e+03|    7.30|        -|        -|          -|          -|    -|
+-------------------------------------------------------------+--------+---------------+----------+---------+------+----------+---------+-----------+--------+---------+---------+-----------+-----------+-----+
    Name Prefix: '+' for module, 'o' for loop, '*' for dataflow


================================================================
== HW Interfaces
================================================================
* AP_MEMORY
+-------------------+-----------+----------+
| Port              | Direction | Bitwidth |
+-------------------+-----------+----------+
| input_r_address0  | out       | 8        |
| input_r_q0        | in        | 32       |
| output_r_address0 | out       | 4        |
| output_r_address1 | out       | 4        |
| output_r_d0       | out       | 32       |
| output_r_d1       | out       | 32       |
+-------------------+-----------+----------+

* TOP LEVEL CONTROL
+-----------+------------+-----------------------------------+
| Interface | Type       | Ports                             |
+-----------+------------+-----------------------------------+
| ap_clk    | clock      | ap_clk                            |
| ap_rst    | reset      | ap_rst                            |
| ap_ctrl   | ap_ctrl_hs | ap_done ap_idle ap_ready ap_start |
+-----------+------------+-----------------------------------+


================================================================
== SW I/O Information
================================================================
* Top Function Arguments
+----------+-----------+----------+
| Argument | Direction | Datatype |
+----------+-----------+----------+
| input    | in        | float*   |
| output   | out       | float*   |
+----------+-----------+----------+

* SW-to-HW Mapping
+----------+-------------------+---------+----------+
| Argument | HW Interface      | HW Type | HW Usage |
+----------+-------------------+---------+----------+
| input    | input_r_address0  | port    | offset   |
| input    | input_r_ce0       | port    |          |
| input    | input_r_q0        | port    |          |
| output   | output_r_address0 | port    | offset   |
| output   | output_r_ce0      | port    |          |
| output   | output_r_we0      | port    |          |
| output   | output_r_d0       | port    |          |
| output   | output_r_address1 | port    | offset   |
| output   | output_r_ce1      | port    |          |
| output   | output_r_we1      | port    |          |
| output   | output_r_d1       | port    |          |
+----------+-------------------+---------+----------+


================================================================
== Bind Op Report
================================================================
+-------------------------------------------------------------+-----+--------+----------------+--------+----------+---------+
| Name                                                        | DSP | Pragma | Variable       | Op     | Impl     | Latency |
+-------------------------------------------------------------+-----+--------+----------------+--------+----------+---------+
| + linear_180_16                                             | 80  |        |                |        |          |         |
|  + linear_180_16_Pipeline_VITIS_LOOP_190_1_VITIS_LOOP_192_2 | 0   |        |                |        |          |         |
|    icmp_ln190_fu_354_p2                                     |     |        | icmp_ln190     | seteq  | auto     | 0       |
|    add_ln190_fu_360_p2                                      |     |        | add_ln190      | add    | fabric   | 0       |
|    icmp_ln192_fu_372_p2                                     |     |        | icmp_ln192     | seteq  | auto     | 0       |
|    select_ln190_fu_378_p3                                   |     |        | select_ln190   | select | auto_sel | 0       |
|    add_ln190_1_fu_386_p2                                    |     |        | add_ln190_1    | add    | fabric   | 0       |
|    select_ln190_1_fu_392_p3                                 |     |        | select_ln190_1 | select | auto_sel | 0       |
|    add_ln192_fu_458_p2                                      |     |        | add_ln192      | add    | fabric   | 0       |
|  + linear_180_16_Pipeline_VITIS_LOOP_211_4                  | 80  |        |                |        |          |         |
|    icmp_ln211_fu_733_p2                                     |     |        | icmp_ln211     | seteq  | auto     | 0       |
|    add_ln211_fu_739_p2                                      |     |        | add_ln211      | add    | fabric   | 0       |
|    fmul_32ns_32ns_32_3_max_dsp_1_U33                        | 3   |        | mul            | fmul   | maxdsp   | 2       |
|    fadd_32ns_32ns_32_2_full_dsp_1_U17                       | 2   |        | add            | fadd   | fulldsp  | 1       |
|    fmul_32ns_32ns_32_3_max_dsp_1_U34                        | 3   |        | mul_1          | fmul   | maxdsp   | 2       |
|    fadd_32ns_32ns_32_2_full_dsp_1_U18                       | 2   |        | add_1          | fadd   | fulldsp  | 1       |
|    fmul_32ns_32ns_32_3_max_dsp_1_U35                        | 3   |        | mul_2          | fmul   | maxdsp   | 2       |
|    fadd_32ns_32ns_32_2_full_dsp_1_U19                       | 2   |        | add_2          | fadd   | fulldsp  | 1       |
|    fmul_32ns_32ns_32_3_max_dsp_1_U36                        | 3   |        | mul_3          | fmul   | maxdsp   | 2       |
|    fadd_32ns_32ns_32_2_full_dsp_1_U20                       | 2   |        | add_3          | fadd   | fulldsp  | 1       |
|    fmul_32ns_32ns_32_3_max_dsp_1_U37                        | 3   |        | mul_4          | fmul   | maxdsp   | 2       |
|    fadd_32ns_32ns_32_2_full_dsp_1_U21                       | 2   |        | add_4          | fadd   | fulldsp  | 1       |
|    fmul_32ns_32ns_32_3_max_dsp_1_U38                        | 3   |        | mul_5          | fmul   | maxdsp   | 2       |
|    fadd_32ns_32ns_32_2_full_dsp_1_U22                       | 2   |        | add_5          | fadd   | fulldsp  | 1       |
|    fmul_32ns_32ns_32_3_max_dsp_1_U39                        | 3   |        | mul_6          | fmul   | maxdsp   | 2       |
|    fadd_32ns_32ns_32_2_full_dsp_1_U23                       | 2   |        | add_6          | fadd   | fulldsp  | 1       |
|    fmul_32ns_32ns_32_3_max_dsp_1_U40                        | 3   |        | mul_7          | fmul   | maxdsp   | 2       |
|    fadd_32ns_32ns_32_2_full_dsp_1_U24                       | 2   |        | add_7          | fadd   | fulldsp  | 1       |
|    fmul_32ns_32ns_32_3_max_dsp_1_U41                        | 3   |        | mul_8          | fmul   | maxdsp   | 2       |
|    fadd_32ns_32ns_32_2_full_dsp_1_U25                       | 2   |        | add_8          | fadd   | fulldsp  | 1       |
|    fmul_32ns_32ns_32_3_max_dsp_1_U42                        | 3   |        | mul_9          | fmul   | maxdsp   | 2       |
|    fadd_32ns_32ns_32_2_full_dsp_1_U26                       | 2   |        | add_9          | fadd   | fulldsp  | 1       |
|    fmul_32ns_32ns_32_3_max_dsp_1_U43                        | 3   |        | mul_s          | fmul   | maxdsp   | 2       |
|    fadd_32ns_32ns_32_2_full_dsp_1_U27                       | 2   |        | add_s          | fadd   | fulldsp  | 1       |
|    fmul_32ns_32ns_32_3_max_dsp_1_U44                        | 3   |        | mul_10         | fmul   | maxdsp   | 2       |
|    fadd_32ns_32ns_32_2_full_dsp_1_U28                       | 2   |        | add_10         | fadd   | fulldsp  | 1       |
|    fmul_32ns_32ns_32_3_max_dsp_1_U45                        | 3   |        | mul_11         | fmul   | maxdsp   | 2       |
|    fadd_32ns_32ns_32_2_full_dsp_1_U29                       | 2   |        | add_11         | fadd   | fulldsp  | 1       |
|    fmul_32ns_32ns_32_3_max_dsp_1_U46                        | 3   |        | mul_12         | fmul   | maxdsp   | 2       |
|    fadd_32ns_32ns_32_2_full_dsp_1_U30                       | 2   |        | add_12         | fadd   | fulldsp  | 1       |
|    fmul_32ns_32ns_32_3_max_dsp_1_U47                        | 3   |        | mul_13         | fmul   | maxdsp   | 2       |
|    fadd_32ns_32ns_32_2_full_dsp_1_U31                       | 2   |        | add_13         | fadd   | fulldsp  | 1       |
|    fmul_32ns_32ns_32_3_max_dsp_1_U48                        | 3   |        | mul_14         | fmul   | maxdsp   | 2       |
|    fadd_32ns_32ns_32_2_full_dsp_1_U32                       | 2   |        | add_14         | fadd   | fulldsp  | 1       |
+-------------------------------------------------------------+-----+--------+----------------+--------+----------+---------+


================================================================
== Storage Report
================================================================
+-----------------------------------------+--------+------+------+------+--------+-------------------------------------+------+---------+------------------+
| Name                                    | Usage  | Type | BRAM | URAM | Pragma | Variable                            | Impl | Latency | Bitwidth, Depth, |
|                                         |        |      |      |      |        |                                     |      |         | Banks            |
+-----------------------------------------+--------+------+------+------+--------+-------------------------------------+------+---------+------------------+
| + linear_180_16                         |        |      | 16   | 0    |        |                                     |      |         |                  |
|   linear_180_16_float_float_weights_U   | ram_1p |      | 1    |      |        | linear_180_16_float_float_weights   | auto | 1       | 32, 180, 1       |
|   linear_180_16_float_float_weights_1_U | ram_1p |      | 1    |      |        | linear_180_16_float_float_weights_1 | auto | 1       | 32, 180, 1       |
|   linear_180_16_float_float_weights_2_U | ram_1p |      | 1    |      |        | linear_180_16_float_float_weights_2 | auto | 1       | 32, 180, 1       |
|   linear_180_16_float_float_weights_3_U | ram_1p |      | 1    |      |        | linear_180_16_float_float_weights_3 | auto | 1       | 32, 180, 1       |
|   linear_180_16_float_float_weights_4_U | ram_1p |      | 1    |      |        | linear_180_16_float_float_weights_4 | auto | 1       | 32, 180, 1       |
|   linear_180_16_float_float_weights_5_U | ram_1p |      | 1    |      |        | linear_180_16_float_float_weights_5 | auto | 1       | 32, 180, 1       |
|   linear_180_16_float_float_weights_6_U | ram_1p |      | 1    |      |        | linear_180_16_float_float_weights_6 | auto | 1       | 32, 180, 1       |
|   linear_180_16_float_float_weights_7_U | ram_1p |      | 1    |      |        | linear_180_16_float_float_weights_7 | auto | 1       | 32, 180, 1       |
|   linear_180_16_float_float_weights_8_U | ram_1p |      | 1    |      |        | linear_180_16_float_float_weights_8 | auto | 1       | 32, 180, 1       |
|   linear_180_16_float_float_weights_9_U | ram_1p |      | 1    |      |        | linear_180_16_float_float_weights_9 | auto | 1       | 32, 180, 1       |
|   p_ZZ13linear_180_16PfS_E7weights_10_U | ram_1p |      | 1    |      |        | p_ZZ13linear_180_16PfS_E7weights_10 | auto | 1       | 32, 180, 1       |
|   p_ZZ13linear_180_16PfS_E7weights_11_U | ram_1p |      | 1    |      |        | p_ZZ13linear_180_16PfS_E7weights_11 | auto | 1       | 32, 180, 1       |
|   p_ZZ13linear_180_16PfS_E7weights_12_U | ram_1p |      | 1    |      |        | p_ZZ13linear_180_16PfS_E7weights_12 | auto | 1       | 32, 180, 1       |
|   p_ZZ13linear_180_16PfS_E7weights_13_U | ram_1p |      | 1    |      |        | p_ZZ13linear_180_16PfS_E7weights_13 | auto | 1       | 32, 180, 1       |
|   p_ZZ13linear_180_16PfS_E7weights_14_U | ram_1p |      | 1    |      |        | p_ZZ13linear_180_16PfS_E7weights_14 | auto | 1       | 32, 180, 1       |
|   p_ZZ13linear_180_16PfS_E7weights_15_U | ram_1p |      | 1    |      |        | p_ZZ13linear_180_16PfS_E7weights_15 | auto | 1       | 32, 180, 1       |
+-----------------------------------------+--------+------+------+------+--------+-------------------------------------+------+---------+------------------+


================================================================
== Pragma Report
================================================================
* Inferred Pragmas
+-----------------+---------------------------------------------------------------------+---------------------------------------------------------------------------------------------------------------------------------+--------------------------------------------------------------------------+
| Type            | Options                                                             | Location                                                                                                                        | Inferred From                                                            |
+-----------------+---------------------------------------------------------------------+---------------------------------------------------------------------------------------------------------------------------------+--------------------------------------------------------------------------+
| LOOP_FLATTEN    |                                                                     | loop VITIS_LOOP_190_1 (../task_detection_tpu/mlp_engine.cpp:190:27) in linear_180_16 (../task_detection_tpu/mlp_engine.cpp:190) | pipeline ../task_detection_tpu/mlp_engine.cpp:192 (Performance Budgeter) |
| ARRAY_PARTITION | dim=1 type=complete variable=linear_180_16(float*, float*)::weights | variable linear_180_16(float*, float*)::weights in linear_180_16 (../task_detection_tpu/mlp_engine.cpp:184)                     | pipeline ../task_detection_tpu/mlp_engine.cpp:213                        |
| PIPELINE        |                                                                     | loop VITIS_LOOP_192_2 (../task_detection_tpu/mlp_engine.cpp:192:31) in linear_180_16 (../task_detection_tpu/mlp_engine.cpp:192) | syn.compile.pipeline_loops=64                                            |
+-----------------+---------------------------------------------------------------------+---------------------------------------------------------------------------------------------------------------------------------+--------------------------------------------------------------------------+

* Valid Pragma Syntax
+-----------------+-----------------------+-------------------------------------------------------------+
| Type            | Options               | Location                                                    |
+-----------------+-----------------------+-------------------------------------------------------------+
| LOOP_TRIPCOUNT  | min=256 max=256       | in linear_180_256 (../task_detection_tpu/mlp_engine.cpp:34) |
| PIPELINE        | ii=1                  | in linear_180_256 (../task_detection_tpu/mlp_engine.cpp:40) |
| LOOP_TRIPCOUNT  | min=128 max=128       | in linear_256_128 (../task_detection_tpu/mlp_engine.cpp:79) |
| PIPELINE        | ii=1                  | in linear_256_128 (../task_detection_tpu/mlp_engine.cpp:85) |
| LOOP_TRIPCOUNT  | min=64 max=64         | in linear_128_64 (../task_detection_tpu/mlp_engine.cpp:124) |
| PIPELINE        | ii=1                  | in linear_128_64 (../task_detection_tpu/mlp_engine.cpp:130) |
| PIPELINE        | ii=1                  | in linear_64_1 (../task_detection_tpu/mlp_engine.cpp:168)   |
| ARRAY_PARTITION | variable=acc complete | in linear_180_16 (../task_detection_tpu/mlp_engine.cpp:203) |
| UNROLL          |                       | in linear_180_16 (../task_detection_tpu/mlp_engine.cpp:207) |
| PIPELINE        | ii=1                  | in linear_180_16 (../task_detection_tpu/mlp_engine.cpp:213) |
| UNROLL          |                       | in linear_180_16 (../task_detection_tpu/mlp_engine.cpp:219) |
| UNROLL          |                       | in linear_180_16 (../task_detection_tpu/mlp_engine.cpp:226) |
+-----------------+-----------------------+-------------------------------------------------------------+


