INFO: [SIM 2] *************** CSIM start ***************
   Compiling ../../../../../task_detection_tpu/tpu_tile_tb.cpp in debug mode
   Compiling ../../../../../task_detection_tpu/mlp_engine.cpp in debug mode
   Generating csim.exe
Outputs:
out[0] = 1.8
out[1] = 1.8
out[2] = 1.8
out[3] = 1.8
out[4] = 1.8
out[5] = 1.8
out[6] = 1.8
out[7] = 1.8
out[8] = 1.8
out[9] = 1.8
out[10] = 1.8
out[11] = 1.8
out[12] = 1.8
out[13] = 1.8
out[14] = 1.8
out[15] = 1.8
INFO: [SIM 1] CSim done with 0 errors.
INFO: [SIM 3] *************** CSIM finish ***************
