

================================================================
== Synthesis Summary Report of 'matmul_tile_16x16'
================================================================
+ General Information: 
    * Date:           Mon Jun 15 18:23:23 2026
    * Version:        2025.2 (Build 6295257 on Nov 14 2025)
    * Project:        matmul_tile_8x8
    * Solution:       hls (Vivado IP Flow Target)
    * Product family: kintex7
    * Target device:  xc7k325t-ffg900-2
    

* Performance & Resource Estimates: 
+----------------------+------+---------------+----------+---------+------+----------+---------+-----------+------+------+---------+------------+-----------+-----+
|        Modules       | Issue|               | Iteration|         | Trip |          |       Latency       |      |      |         |            |           |     |
|        & Loops       | Type | Violation Type|  Latency | Interval| Count| Pipelined| (cycles)|    (ns)   | Slack| BRAM |   DSP   |     FF     |    LUT    | URAM|
+----------------------+------+---------------+----------+---------+------+----------+---------+-----------+------+------+---------+------------+-----------+-----+
|+ matmul_tile_16x16   |     -|              -|         -|      256|     -|    rewind|      275|  2.750e+03|  3.38|     -|  16 (1%)|  2178 (~0%)|  988 (~0%)|    -|
| o ROW_LOOP_COL_LOOP  |     -|              -|        19|        1|   256|       yes|      273|  2.730e+03|  7.30|     -|        -|           -|          -|    -|
+----------------------+------+---------------+----------+---------+------+----------+---------+-----------+------+------+---------+------------+-----------+-----+
    Name Prefix: '+' for module, 'o' for loop, '*' for dataflow


================================================================
== HW Interfaces
================================================================
* AP_MEMORY
+---------------+-----------+----------+
| Port          | Direction | Bitwidth |
+---------------+-----------+----------+
| A_0_address0  | out       | 4        |
| A_0_q0        | in        | 16       |
| A_10_address0 | out       | 4        |
| A_10_q0       | in        | 16       |
| A_11_address0 | out       | 4        |
| A_11_q0       | in        | 16       |
| A_12_address0 | out       | 4        |
| A_12_q0       | in        | 16       |
| A_13_address0 | out       | 4        |
| A_13_q0       | in        | 16       |
| A_14_address0 | out       | 4        |
| A_14_q0       | in        | 16       |
| A_15_address0 | out       | 4        |
| A_15_q0       | in        | 16       |
| A_1_address0  | out       | 4        |
| A_1_q0        | in        | 16       |
| A_2_address0  | out       | 4        |
| A_2_q0        | in        | 16       |
| A_3_address0  | out       | 4        |
| A_3_q0        | in        | 16       |
| A_4_address0  | out       | 4        |
| A_4_q0        | in        | 16       |
| A_5_address0  | out       | 4        |
| A_5_q0        | in        | 16       |
| A_6_address0  | out       | 4        |
| A_6_q0        | in        | 16       |
| A_7_address0  | out       | 4        |
| A_7_q0        | in        | 16       |
| A_8_address0  | out       | 4        |
| A_8_q0        | in        | 16       |
| A_9_address0  | out       | 4        |
| A_9_q0        | in        | 16       |
| B_0_address0  | out       | 4        |
| B_0_q0        | in        | 16       |
| B_10_address0 | out       | 4        |
| B_10_q0       | in        | 16       |
| B_11_address0 | out       | 4        |
| B_11_q0       | in        | 16       |
| B_12_address0 | out       | 4        |
| B_12_q0       | in        | 16       |
| B_13_address0 | out       | 4        |
| B_13_q0       | in        | 16       |
| B_14_address0 | out       | 4        |
| B_14_q0       | in        | 16       |
| B_15_address0 | out       | 4        |
| B_15_q0       | in        | 16       |
| B_1_address0  | out       | 4        |
| B_1_q0        | in        | 16       |
| B_2_address0  | out       | 4        |
| B_2_q0        | in        | 16       |
| B_3_address0  | out       | 4        |
| B_3_q0        | in        | 16       |
| B_4_address0  | out       | 4        |
| B_4_q0        | in        | 16       |
| B_5_address0  | out       | 4        |
| B_5_q0        | in        | 16       |
| B_6_address0  | out       | 4        |
| B_6_q0        | in        | 16       |
| B_7_address0  | out       | 4        |
| B_7_q0        | in        | 16       |
| B_8_address0  | out       | 4        |
| B_8_q0        | in        | 16       |
| B_9_address0  | out       | 4        |
| B_9_q0        | in        | 16       |
| C_address0    | out       | 8        |
| C_d0          | out       | 16       |
+---------------+-----------+----------+

* TOP LEVEL CONTROL
+-----------+------------+-----------------------------------+
| Interface | Type       | Ports                             |
+-----------+------------+-----------------------------------+
| ap_clk    | clock      | ap_clk                            |
| ap_rst    | reset      | ap_rst                            |
| ap_ctrl   | ap_ctrl_hs | ap_done ap_idle ap_ready ap_start |
+-----------+------------+-----------------------------------+


================================================================
== SW I/O Information
================================================================
* Top Function Arguments
+----------+-----------+-------------------------------------------------+
| Argument | Direction | Datatype                                        |
+----------+-----------+-------------------------------------------------+
| A        | in        | ap_fixed<16, 6, (ap_q_mode)5, (ap_o_mode)3, 0>* |
| B        | in        | ap_fixed<16, 6, (ap_q_mode)5, (ap_o_mode)3, 0>* |
| C        | out       | ap_fixed<16, 6, (ap_q_mode)5, (ap_o_mode)3, 0>* |
+----------+-----------+-------------------------------------------------+

* SW-to-HW Mapping
+----------+---------------+---------+----------+
| Argument | HW Interface  | HW Type | HW Usage |
+----------+---------------+---------+----------+
| A        | A_0_address0  | port    | offset   |
| A        | A_0_ce0       | port    |          |
| A        | A_0_q0        | port    |          |
| A        | A_1_address0  | port    | offset   |
| A        | A_1_ce0       | port    |          |
| A        | A_1_q0        | port    |          |
| A        | A_2_address0  | port    | offset   |
| A        | A_2_ce0       | port    |          |
| A        | A_2_q0        | port    |          |
| A        | A_3_address0  | port    | offset   |
| A        | A_3_ce0       | port    |          |
| A        | A_3_q0        | port    |          |
| A        | A_4_address0  | port    | offset   |
| A        | A_4_ce0       | port    |          |
| A        | A_4_q0        | port    |          |
| A        | A_5_address0  | port    | offset   |
| A        | A_5_ce0       | port    |          |
| A        | A_5_q0        | port    |          |
| A        | A_6_address0  | port    | offset   |
| A        | A_6_ce0       | port    |          |
| A        | A_6_q0        | port    |          |
| A        | A_7_address0  | port    | offset   |
| A        | A_7_ce0       | port    |          |
| A        | A_7_q0        | port    |          |
| A        | A_8_address0  | port    | offset   |
| A        | A_8_ce0       | port    |          |
| A        | A_8_q0        | port    |          |
| A        | A_9_address0  | port    | offset   |
| A        | A_9_ce0       | port    |          |
| A        | A_9_q0        | port    |          |
| A        | A_10_address0 | port    | offset   |
| A        | A_10_ce0      | port    |          |
| A        | A_10_q0       | port    |          |
| A        | A_11_address0 | port    | offset   |
| A        | A_11_ce0      | port    |          |
| A        | A_11_q0       | port    |          |
| A        | A_12_address0 | port    | offset   |
| A        | A_12_ce0      | port    |          |
| A        | A_12_q0       | port    |          |
| A        | A_13_address0 | port    | offset   |
| A        | A_13_ce0      | port    |          |
| A        | A_13_q0       | port    |          |
| A        | A_14_address0 | port    | offset   |
| A        | A_14_ce0      | port    |          |
| A        | A_14_q0       | port    |          |
| A        | A_15_address0 | port    | offset   |
| A        | A_15_ce0      | port    |          |
| A        | A_15_q0       | port    |          |
| B        | B_0_address0  | port    | offset   |
| B        | B_0_ce0       | port    |          |
| B        | B_0_q0        | port    |          |
| B        | B_1_address0  | port    | offset   |
| B        | B_1_ce0       | port    |          |
| B        | B_1_q0        | port    |          |
| B        | B_2_address0  | port    | offset   |
| B        | B_2_ce0       | port    |          |
| B        | B_2_q0        | port    |          |
| B        | B_3_address0  | port    | offset   |
| B        | B_3_ce0       | port    |          |
| B        | B_3_q0        | port    |          |
| B        | B_4_address0  | port    | offset   |
| B        | B_4_ce0       | port    |          |
| B        | B_4_q0        | port    |          |
| B        | B_5_address0  | port    | offset   |
| B        | B_5_ce0       | port    |          |
| B        | B_5_q0        | port    |          |
| B        | B_6_address0  | port    | offset   |
| B        | B_6_ce0       | port    |          |
| B        | B_6_q0        | port    |          |
| B        | B_7_address0  | port    | offset   |
| B        | B_7_ce0       | port    |          |
| B        | B_7_q0        | port    |          |
| B        | B_8_address0  | port    | offset   |
| B        | B_8_ce0       | port    |          |
| B        | B_8_q0        | port    |          |
| B        | B_9_address0  | port    | offset   |
| B        | B_9_ce0       | port    |          |
| B        | B_9_q0        | port    |          |
| B        | B_10_address0 | port    | offset   |
| B        | B_10_ce0      | port    |          |
| B        | B_10_q0       | port    |          |
| B        | B_11_address0 | port    | offset   |
| B        | B_11_ce0      | port    |          |
| B        | B_11_q0       | port    |          |
| B        | B_12_address0 | port    | offset   |
| B        | B_12_ce0      | port    |          |
| B        | B_12_q0       | port    |          |
| B        | B_13_address0 | port    | offset   |
| B        | B_13_ce0      | port    |          |
| B        | B_13_q0       | port    |          |
| B        | B_14_address0 | port    | offset   |
| B        | B_14_ce0      | port    |          |
| B        | B_14_q0       | port    |          |
| B        | B_15_address0 | port    | offset   |
| B        | B_15_ce0      | port    |          |
| B        | B_15_q0       | port    |          |
| C        | C_address0    | port    | offset   |
| C        | C_ce0         | port    |          |
| C        | C_we0         | port    |          |
| C        | C_d0          | port    |          |
+----------+---------------+---------+----------+


================================================================
== Bind Op Report
================================================================
+-------------------------------------+-----+--------+-------------+--------+-----------+---------+
| Name                                | DSP | Pragma | Variable    | Op     | Impl      | Latency |
+-------------------------------------+-----+--------+-------------+--------+-----------+---------+
| + matmul_tile_16x16                 | 16  |        |             |        |           |         |
|   add_ln13_fu_599_p2                |     |        | add_ln13    | add    | fabric    | 0       |
|   select_ln13_fu_605_p3             |     |        | select_ln13 | select | auto_sel  | 0       |
|   i_3_fu_613_p3                     |     |        | i_3         | select | auto_sel  | 0       |
|   add_ln30_fu_677_p2                |     |        | add_ln30    | add    | fabric    | 0       |
|   mul_16s_16s_26_1_1_U1             | 1   |        | mul_ln27    | mul    | auto      | 0       |
|   mac_muladd_16s_16s_26s_26_4_1_U2  | 1   |        | mul_ln27_1  | mul    | dsp_slice | 3       |
|   mac_muladd_16s_16s_26s_26_4_1_U2  | 1   |        | add_ln27    | add    | dsp_slice | 3       |
|   mac_muladd_16s_16s_26s_26_4_1_U3  | 1   |        | mul_ln27_2  | mul    | dsp_slice | 3       |
|   mac_muladd_16s_16s_26s_26_4_1_U3  | 1   |        | add_ln27_1  | add    | dsp_slice | 3       |
|   mac_muladd_16s_16s_26s_26_4_1_U4  | 1   |        | mul_ln27_3  | mul    | dsp_slice | 3       |
|   mac_muladd_16s_16s_26s_26_4_1_U4  | 1   |        | add_ln27_2  | add    | dsp_slice | 3       |
|   mac_muladd_16s_16s_26s_26_4_1_U5  | 1   |        | mul_ln27_4  | mul    | dsp_slice | 3       |
|   mac_muladd_16s_16s_26s_26_4_1_U5  | 1   |        | add_ln27_3  | add    | dsp_slice | 3       |
|   mac_muladd_16s_16s_26s_26_4_1_U6  | 1   |        | mul_ln27_5  | mul    | dsp_slice | 3       |
|   mac_muladd_16s_16s_26s_26_4_1_U6  | 1   |        | add_ln27_4  | add    | dsp_slice | 3       |
|   mac_muladd_16s_16s_26s_26_4_1_U7  | 1   |        | mul_ln27_6  | mul    | dsp_slice | 3       |
|   mac_muladd_16s_16s_26s_26_4_1_U7  | 1   |        | add_ln27_5  | add    | dsp_slice | 3       |
|   mac_muladd_16s_16s_26s_26_4_1_U8  | 1   |        | mul_ln27_7  | mul    | dsp_slice | 3       |
|   mac_muladd_16s_16s_26s_26_4_1_U8  | 1   |        | add_ln27_6  | add    | dsp_slice | 3       |
|   mac_muladd_16s_16s_26s_26_4_1_U9  | 1   |        | mul_ln27_8  | mul    | dsp_slice | 3       |
|   mac_muladd_16s_16s_26s_26_4_1_U9  | 1   |        | add_ln27_7  | add    | dsp_slice | 3       |
|   mac_muladd_16s_16s_26s_26_4_1_U10 | 1   |        | mul_ln27_9  | mul    | dsp_slice | 3       |
|   mac_muladd_16s_16s_26s_26_4_1_U10 | 1   |        | add_ln27_8  | add    | dsp_slice | 3       |
|   mac_muladd_16s_16s_26s_26_4_1_U11 | 1   |        | mul_ln27_10 | mul    | dsp_slice | 3       |
|   mac_muladd_16s_16s_26s_26_4_1_U11 | 1   |        | add_ln27_9  | add    | dsp_slice | 3       |
|   mac_muladd_16s_16s_26s_26_4_1_U12 | 1   |        | mul_ln27_11 | mul    | dsp_slice | 3       |
|   mac_muladd_16s_16s_26s_26_4_1_U12 | 1   |        | add_ln27_10 | add    | dsp_slice | 3       |
|   mac_muladd_16s_16s_26s_26_4_1_U13 | 1   |        | mul_ln27_12 | mul    | dsp_slice | 3       |
|   mac_muladd_16s_16s_26s_26_4_1_U13 | 1   |        | add_ln27_11 | add    | dsp_slice | 3       |
|   mac_muladd_16s_16s_26s_26_4_1_U14 | 1   |        | mul_ln27_13 | mul    | dsp_slice | 3       |
|   mac_muladd_16s_16s_26s_26_4_1_U14 | 1   |        | add_ln27_12 | add    | dsp_slice | 3       |
|   mac_muladd_16s_16s_26s_26_4_1_U15 | 1   |        | mul_ln27_14 | mul    | dsp_slice | 3       |
|   mac_muladd_16s_16s_26s_26_4_1_U15 | 1   |        | add_ln27_13 | add    | dsp_slice | 3       |
|   mac_muladd_16s_16s_26s_26_4_1_U16 | 1   |        | mul_ln27_15 | mul    | dsp_slice | 3       |
|   mac_muladd_16s_16s_26s_26_4_1_U16 | 1   |        | add_ln27_14 | add    | dsp_slice | 3       |
|   j_3_fu_683_p2                     |     |        | j_3         | add    | fabric    | 0       |
|   add_ln13_1_fu_689_p2              |     |        | add_ln13_1  | add    | fabric    | 0       |
|   icmp_ln16_fu_695_p2               |     |        | icmp_ln16   | seteq  | auto      | 0       |
|   icmp_ln13_fu_701_p2               |     |        | icmp_ln13   | seteq  | auto      | 0       |
+-------------------------------------+-----+--------+-------------+--------+-----------+---------+


================================================================
== Storage Report
================================================================
  No bind storage info in design

================================================================
== Pragma Report
================================================================
* Inferred Pragmas
+--------------+---------+----------------------------------------------------------------------------------------------------------------------+------------------------------------------------+
| Type         | Options | Location                                                                                                             | Inferred From                                  |
+--------------+---------+----------------------------------------------------------------------------------------------------------------------+------------------------------------------------+
| LOOP_FLATTEN |         | loop ROW_LOOP (../task_detection_tpu/tpu_core.cpp:13:5) in matmul_tile_16x16 (../task_detection_tpu/tpu_core.cpp:13) | pipeline ../task_detection_tpu/tpu_core.cpp:18 |
+--------------+---------+----------------------------------------------------------------------------------------------------------------------+------------------------------------------------+

* Valid Pragma Syntax
+-----------------+---------------------------+--------------------------------------------------------------+
| Type            | Options                   | Location                                                     |
+-----------------+---------------------------+--------------------------------------------------------------+
| ARRAY_PARTITION | variable=A complete dim=2 | in matmul_tile_16x16 (../task_detection_tpu/tpu_core.cpp:9)  |
| ARRAY_PARTITION | variable=B complete dim=1 | in matmul_tile_16x16 (../task_detection_tpu/tpu_core.cpp:10) |
| PIPELINE        | ii=1                      | in matmul_tile_16x16 (../task_detection_tpu/tpu_core.cpp:18) |
| UNROLL          |                           | in matmul_tile_16x16 (../task_detection_tpu/tpu_core.cpp:25) |
+-----------------+---------------------------+--------------------------------------------------------------+


