================================================================
== Design Size Report
================================================================

* Total Instructions per Compilation Phase
+---------------+----------------------------+--------------+----------------------------------------------------------------------------------------+
| Phase         | Step                       | Instructions | Description                                                                            |
+---------------+----------------------------+--------------+----------------------------------------------------------------------------------------+
| Compile/Link  |                            |  2,290       | After all functions are compiled and linked into a single design                       |
|               |                            |              |                                                                                        |
| Unroll/Inline |                            |              | After user unroll and inline pragmas are applied                                       |
|               | (1) unroll                 | 18,457       | user unroll pragmas are applied                                                        |
|               | (2) simplification         |  6,019       | simplification of applied user unroll pragmas                                          |
|               | (3) inline                 |  5,879       | user inline pragmas are applied                                                        |
|               | (4) simplification         |  5,848       | simplification of applied user inline pragmas                                          |
|               |                            |              |                                                                                        |
| Array/Struct  |                            |              | After user array partition and struct aggregate/disaggregate pragmas are applied       |
|               | (1) array partition        |  8,230       | user array partition pragmas are applied                                               |
|               | (2) simplification         |  7,826       | simplification of applied user array partition & struct aggregate/disaggregate pragmas |
|               | (3) aggregate/disaggregate |  7,830       | user struct aggregate/disaggregate pragmas are applied                                 |
|               | (4) array reshape          |  8,072       | apply array reshape pragmas                                                            |
|               | (5) access patterns        | 13,693       | array access pattern optmizations                                                      |
|               |                            |              |                                                                                        |
| Performance   |                            |              | After transformations are applied to meet performance pragma targets                   |
|               | (1) loop simplification    | 10,520       | loop and instruction simplification                                                    |
|               | (2) parallelization        |  8,758       | loops are unrolled or pipelined to meet performance targets                            |
|               | (3) array partition        |  9,354       | arrays are partitioned to meet performance targets                                     |
|               | (4) simplification         |  9,169       | simplification of design after performance transformations                             |
|               |                            |              |                                                                                        |
| HW Transforms |                            |              | After hardware transfomations                                                          |
|               | (1) lowering               |  9,115       | initial conversion to HW specific instructions                                         |
|               | (2) optimizations          |  9,139       | high level synthesis optimizations                                                     |
+---------------+----------------------------+--------------+----------------------------------------------------------------------------------------+

* Instructions per Function for each Compilation Phase
+-------------------+-------------------+--------------+---------------+--------------+-------------+---------------+
| Function          | Location          | Compile/Link | Unroll/Inline | Array/Struct | Performance | HW Transforms |
+-------------------+-------------------+--------------+---------------+--------------+-------------+---------------+
| + yolo_conv_layer | yolo_conv.cpp:130 | 2,290        | 5,848         | 13,693       | 9,169       | 9,139         |
|  + process_image  | yolo_conv.cpp:111 | 1,394        | 5,708         | 5,693        | 5,634       | 5,584         |
|     load_image    | yolo_conv.cpp:6   |  441         |  146          |   167        |  167        |  163          |
|     conv2d_core   | yolo_conv.cpp:32  |  774         | 4,618         | 4,499        | 4,440       | 4,436         |
|     store_image   | yolo_conv.cpp:18  |  161         |  936          | 1,019        | 1,019       |  973          |
+-------------------+-------------------+--------------+---------------+--------------+-------------+---------------+

* Design Size Message Settings
+---------------------------------------------+--------+------------------------------------------------------------------+
| Message Setting                             | Value  | Description                                                      |
+---------------------------------------------+--------+------------------------------------------------------------------+
| config_compile -design_size_maximum_warning | 100000 | Show a warning when total design instructions exceeds this value |
+---------------------------------------------+--------+------------------------------------------------------------------+


