/home/dlohchab/projects/Verilog/DVCON/task_detection_tpu/tpu_pe_experiment/tpu_pe_experiment/hls/.autopilot/db/systolic_2x2.pp.0.cpp:2277:5: remark: Added loop label VITIS_LOOP_676_1:   [xilinx-label-all-loops]
    for (unsigned i = low; i != high+1; ++i) {
    ^
    VITIS_LOOP_676_1: 
/home/dlohchab/projects/Verilog/DVCON/task_detection_tpu/tpu_pe_experiment/tpu_pe_experiment/hls/.autopilot/db/systolic_2x2.pp.0.cpp:2277:5: note: FIX-IT applied suggested code changes
/home/dlohchab/projects/Verilog/DVCON/task_detection_tpu/tpu_pe_experiment/tpu_pe_experiment/hls/.autopilot/db/systolic_2x2.pp.0.cpp:2291:5: remark: Added loop label VITIS_LOOP_690_1:   [xilinx-label-all-loops]
    for (unsigned i = low; i != high+1; ++i) {
    ^
    VITIS_LOOP_690_1: 
/home/dlohchab/projects/Verilog/DVCON/task_detection_tpu/tpu_pe_experiment/tpu_pe_experiment/hls/.autopilot/db/systolic_2x2.pp.0.cpp:2291:5: note: FIX-IT applied suggested code changes
/home/dlohchab/projects/Verilog/DVCON/task_detection_tpu/tpu_pe_experiment/tpu_pe_experiment/hls/.autopilot/db/systolic_2x2.pp.0.cpp:2305:5: remark: Added loop label VITIS_LOOP_704_1:   [xilinx-label-all-loops]
    for (unsigned i = low; i != high+1; ++i) {
    ^
    VITIS_LOOP_704_1: 
/home/dlohchab/projects/Verilog/DVCON/task_detection_tpu/tpu_pe_experiment/tpu_pe_experiment/hls/.autopilot/db/systolic_2x2.pp.0.cpp:2305:5: note: FIX-IT applied suggested code changes
/home/dlohchab/projects/Verilog/DVCON/task_detection_tpu/tpu_pe_experiment/tpu_pe_experiment/hls/.autopilot/db/systolic_2x2.pp.0.cpp:5844:7: remark: Added loop label VITIS_LOOP_1251_1:   [xilinx-label-all-loops]
      for (i = 0; i < __N - 1; ++i) {
      ^
      VITIS_LOOP_1251_1: 
/home/dlohchab/projects/Verilog/DVCON/task_detection_tpu/tpu_pe_experiment/tpu_pe_experiment/hls/.autopilot/db/systolic_2x2.pp.0.cpp:5844:7: note: FIX-IT applied suggested code changes
/home/dlohchab/projects/Verilog/DVCON/task_detection_tpu/tpu_pe_experiment/tpu_pe_experiment/hls/.autopilot/db/systolic_2x2.pp.0.cpp:54878:9: remark: Added loop label VITIS_LOOP_21_1:   [xilinx-label-all-loops]
        for(int i = 0; i < 2; i++) {
        ^
        VITIS_LOOP_21_1: 
/home/dlohchab/projects/Verilog/DVCON/task_detection_tpu/tpu_pe_experiment/tpu_pe_experiment/hls/.autopilot/db/systolic_2x2.pp.0.cpp:54878:9: note: FIX-IT applied suggested code changes
/home/dlohchab/projects/Verilog/DVCON/task_detection_tpu/tpu_pe_experiment/tpu_pe_experiment/hls/.autopilot/db/systolic_2x2.pp.0.cpp:54879:13: remark: Added loop label VITIS_LOOP_22_2:   [xilinx-label-all-loops]
            for(int j = 0; j < 2; j++) {
            ^
            VITIS_LOOP_22_2: 
/home/dlohchab/projects/Verilog/DVCON/task_detection_tpu/tpu_pe_experiment/tpu_pe_experiment/hls/.autopilot/db/systolic_2x2.pp.0.cpp:54879:13: note: FIX-IT applied suggested code changes
/home/dlohchab/projects/Verilog/DVCON/task_detection_tpu/tpu_pe_experiment/tpu_pe_experiment/hls/.autopilot/db/systolic_2x2.pp.0.cpp:54915:5: remark: Added loop label VITIS_LOOP_58_3:   [xilinx-label-all-loops]
    for(int i = 0; i < 2; i++) {
    ^
    VITIS_LOOP_58_3: 
/home/dlohchab/projects/Verilog/DVCON/task_detection_tpu/tpu_pe_experiment/tpu_pe_experiment/hls/.autopilot/db/systolic_2x2.pp.0.cpp:54915:5: note: FIX-IT applied suggested code changes
/home/dlohchab/projects/Verilog/DVCON/task_detection_tpu/tpu_pe_experiment/tpu_pe_experiment/hls/.autopilot/db/systolic_2x2.pp.0.cpp:54916:9: remark: Added loop label VITIS_LOOP_59_4:   [xilinx-label-all-loops]
        for(int j = 0; j < 2; j++) {
        ^
        VITIS_LOOP_59_4: 
/home/dlohchab/projects/Verilog/DVCON/task_detection_tpu/tpu_pe_experiment/tpu_pe_experiment/hls/.autopilot/db/systolic_2x2.pp.0.cpp:54916:9: note: FIX-IT applied suggested code changes
