/home/dlohchab/projects/Verilog/DVCON/task_detection_tpu/tpu_pe_experiment/tpu_pe_experiment/hls/.autopilot/db/systolic_8x8.pp.0.cpp:2277:5: remark: Added loop label VITIS_LOOP_676_1:   [xilinx-label-all-loops]
    for (unsigned i = low; i != high+1; ++i) {
    ^
    VITIS_LOOP_676_1: 
/home/dlohchab/projects/Verilog/DVCON/task_detection_tpu/tpu_pe_experiment/tpu_pe_experiment/hls/.autopilot/db/systolic_8x8.pp.0.cpp:2277:5: note: FIX-IT applied suggested code changes
/home/dlohchab/projects/Verilog/DVCON/task_detection_tpu/tpu_pe_experiment/tpu_pe_experiment/hls/.autopilot/db/systolic_8x8.pp.0.cpp:2291:5: remark: Added loop label VITIS_LOOP_690_1:   [xilinx-label-all-loops]
    for (unsigned i = low; i != high+1; ++i) {
    ^
    VITIS_LOOP_690_1: 
/home/dlohchab/projects/Verilog/DVCON/task_detection_tpu/tpu_pe_experiment/tpu_pe_experiment/hls/.autopilot/db/systolic_8x8.pp.0.cpp:2291:5: note: FIX-IT applied suggested code changes
/home/dlohchab/projects/Verilog/DVCON/task_detection_tpu/tpu_pe_experiment/tpu_pe_experiment/hls/.autopilot/db/systolic_8x8.pp.0.cpp:2305:5: remark: Added loop label VITIS_LOOP_704_1:   [xilinx-label-all-loops]
    for (unsigned i = low; i != high+1; ++i) {
    ^
    VITIS_LOOP_704_1: 
/home/dlohchab/projects/Verilog/DVCON/task_detection_tpu/tpu_pe_experiment/tpu_pe_experiment/hls/.autopilot/db/systolic_8x8.pp.0.cpp:2305:5: note: FIX-IT applied suggested code changes
/home/dlohchab/projects/Verilog/DVCON/task_detection_tpu/tpu_pe_experiment/tpu_pe_experiment/hls/.autopilot/db/systolic_8x8.pp.0.cpp:5844:7: remark: Added loop label VITIS_LOOP_1251_1:   [xilinx-label-all-loops]
      for (i = 0; i < __N - 1; ++i) {
      ^
      VITIS_LOOP_1251_1: 
/home/dlohchab/projects/Verilog/DVCON/task_detection_tpu/tpu_pe_experiment/tpu_pe_experiment/hls/.autopilot/db/systolic_8x8.pp.0.cpp:5844:7: note: FIX-IT applied suggested code changes
/home/dlohchab/projects/Verilog/DVCON/task_detection_tpu/tpu_pe_experiment/tpu_pe_experiment/hls/.autopilot/db/systolic_8x8.pp.0.cpp:54887:5: remark: Added loop label VITIS_LOOP_30_1:   [xilinx-label-all-loops]
    for(int i = 0; i < 8; i++) {
    ^
    VITIS_LOOP_30_1: 
/home/dlohchab/projects/Verilog/DVCON/task_detection_tpu/tpu_pe_experiment/tpu_pe_experiment/hls/.autopilot/db/systolic_8x8.pp.0.cpp:54887:5: note: FIX-IT applied suggested code changes
/home/dlohchab/projects/Verilog/DVCON/task_detection_tpu/tpu_pe_experiment/tpu_pe_experiment/hls/.autopilot/db/systolic_8x8.pp.0.cpp:54894:5: remark: Added loop label VITIS_LOOP_37_2:   [xilinx-label-all-loops]
    for(int i = 0; i < 8; i++) {
    ^
    VITIS_LOOP_37_2: 
/home/dlohchab/projects/Verilog/DVCON/task_detection_tpu/tpu_pe_experiment/tpu_pe_experiment/hls/.autopilot/db/systolic_8x8.pp.0.cpp:54894:5: note: FIX-IT applied suggested code changes
/home/dlohchab/projects/Verilog/DVCON/task_detection_tpu/tpu_pe_experiment/tpu_pe_experiment/hls/.autopilot/db/systolic_8x8.pp.0.cpp:54896:9: remark: Added loop label VITIS_LOOP_39_3:   [xilinx-label-all-loops]
        for(int j = 0; j < 8; j++) {
        ^
        VITIS_LOOP_39_3: 
/home/dlohchab/projects/Verilog/DVCON/task_detection_tpu/tpu_pe_experiment/tpu_pe_experiment/hls/.autopilot/db/systolic_8x8.pp.0.cpp:54896:9: note: FIX-IT applied suggested code changes
/home/dlohchab/projects/Verilog/DVCON/task_detection_tpu/tpu_pe_experiment/tpu_pe_experiment/hls/.autopilot/db/systolic_8x8.pp.0.cpp:54915:5: remark: Added loop label VITIS_LOOP_58_4:   [xilinx-label-all-loops]
    for(int i = 0; i < 8; i++) {
    ^
    VITIS_LOOP_58_4: 
/home/dlohchab/projects/Verilog/DVCON/task_detection_tpu/tpu_pe_experiment/tpu_pe_experiment/hls/.autopilot/db/systolic_8x8.pp.0.cpp:54915:5: note: FIX-IT applied suggested code changes
/home/dlohchab/projects/Verilog/DVCON/task_detection_tpu/tpu_pe_experiment/tpu_pe_experiment/hls/.autopilot/db/systolic_8x8.pp.0.cpp:54917:9: remark: Added loop label VITIS_LOOP_60_5:   [xilinx-label-all-loops]
        for(int j = 0; j < 8; j++) {
        ^
        VITIS_LOOP_60_5: 
/home/dlohchab/projects/Verilog/DVCON/task_detection_tpu/tpu_pe_experiment/tpu_pe_experiment/hls/.autopilot/db/systolic_8x8.pp.0.cpp:54917:9: note: FIX-IT applied suggested code changes
