

================================================================
== Vitis HLS Report for 'Block_entry_proc_Pipeline_VITIS_LOOP_259_1'
================================================================
* Date:           Wed Jun 17 17:44:56 2026

* Version:        2025.2 (Build 6295257 on Nov 14 2025)
* Project:        yolo_backbone_v4
* Solution:       hls (Vivado IP Flow Target)
* Product family: kintex7
* Target device:  xc7k325t-ffg900-2


================================================================
== Performance Estimates
================================================================
+ Timing: 
    * Summary: 
    +--------+----------+----------+------------+
    |  Clock |  Target  | Estimated| Uncertainty|
    +--------+----------+----------+------------+
    |ap_clk  |  10.00 ns|  7.300 ns|     2.70 ns|
    +--------+----------+----------+------------+

+ Latency: 
    * Summary: 
    +---------+---------+----------+----------+-----+-----+-------------------+
    |  Latency (cycles) |  Latency (absolute) |  Interval |      Pipeline     |
    |   min   |   max   |    min   |    max   | min | max |        Type       |
    +---------+---------+----------+----------+-----+-----+-------------------+
    |       67|       67|  0.670 us|  0.670 us|    0|    0|  loop pipeline stp|
    +---------+---------+----------+----------+-----+-----+-------------------+

    + Detail: 
        * Instance: 
        N/A

        * Loop: 
        +--------------------+---------+---------+----------+-----------+-----------+------+----------+
        |                    |  Latency (cycles) | Iteration|  Initiation Interval  | Trip |          |
        |      Loop Name     |   min   |   max   |  Latency |  achieved |   target  | Count| Pipelined|
        +--------------------+---------+---------+----------+-----------+-----------+------+----------+
        |- VITIS_LOOP_259_1  |       65|       65|         3|          1|          1|    64|       yes|
        +--------------------+---------+---------+----------+-----------+-----------+------+----------+



================================================================
== Utilization Estimates
================================================================
* Summary: 
+-----------------+---------+-----+--------+--------+-----+
|       Name      | BRAM_18K| DSP |   FF   |   LUT  | URAM|
+-----------------+---------+-----+--------+--------+-----+
|DSP              |        -|    -|       -|       -|    -|
|Expression       |        -|    -|       0|      33|    -|
|FIFO             |        -|    -|       -|       -|    -|
|Instance         |        -|    -|       -|       -|    -|
|Memory           |        -|    -|       -|       -|    -|
|Multiplexer      |        -|    -|       0|      45|    -|
|Register         |        -|    -|      43|       -|    -|
+-----------------+---------+-----+--------+--------+-----+
|Total            |        0|    0|      43|      78|    0|
+-----------------+---------+-----+--------+--------+-----+
|Available        |      890|  840|  407600|  203800|    0|
+-----------------+---------+-----+--------+--------+-----+
|Utilization (%)  |        0|    0|      ~0|      ~0|    0|
+-----------------+---------+-----+--------+--------+-----+

+ Detail: 
    * Instance: 
    N/A

    * DSP: 
    N/A

    * Memory: 
    N/A

    * FIFO: 
    N/A

    * Expression: 
    +---------------------------+----------+----+---+----+------------+------------+
    |       Variable Name       | Operation| DSP| FF| LUT| Bitwidth P0| Bitwidth P1|
    +---------------------------+----------+----+---+----+------------+------------+
    |add_ln259_fu_94_p2         |         +|   0|  0|  14|           7|           1|
    |ap_block_pp0_stage0_11001  |       and|   0|  0|   2|           1|           1|
    |icmp_ln259_fu_88_p2        |      icmp|   0|  0|  15|           7|           8|
    |ap_enable_pp0              |       xor|   0|  0|   2|           1|           2|
    +---------------------------+----------+----+---+----+------------+------------+
    |Total                      |          |   0|  0|  33|          16|          12|
    +---------------------------+----------+----+---+----+------------+------------+

    * Multiplexer: 
    +-------------------------+----+-----------+-----+-----------+
    |           Name          | LUT| Input Size| Bits| Total Bits|
    +-------------------------+----+-----------+-----+-----------+
    |ap_done_int              |   9|          2|    1|          2|
    |ap_enable_reg_pp0_iter1  |   9|          2|    1|          2|
    |ap_sig_allocacmp_oc_2    |   9|          2|    7|         14|
    |gmem1_blk_n_R            |   9|          2|    1|          2|
    |oc_fu_48                 |   9|          2|    7|         14|
    +-------------------------+----+-----------+-----+-----------+
    |Total                    |  45|         10|   17|         34|
    +-------------------------+----+-----------+-----+-----------+

    * Register: 
    +-------------------------------------------+----+----+-----+-----------+
    |                    Name                   | FF | LUT| Bits| Const Bits|
    +-------------------------------------------+----+----+-----+-----------+
    |ap_CS_fsm                                  |   1|   0|    1|          0|
    |ap_block_pp0_stage0_subdone_grp0_done_reg  |   1|   0|    1|          0|
    |ap_done_reg                                |   1|   0|    1|          0|
    |ap_enable_reg_pp0_iter1                    |   1|   0|    1|          0|
    |ap_enable_reg_pp0_iter2                    |   1|   0|    1|          0|
    |ap_loop_exit_ready_pp0_iter1_reg           |   1|   0|    1|          0|
    |gmem1_addr_read_reg_136                    |  16|   0|   16|          0|
    |oc_2_reg_127                               |   7|   0|    7|          0|
    |oc_2_reg_127_pp0_iter1_reg                 |   7|   0|    7|          0|
    |oc_fu_48                                   |   7|   0|    7|          0|
    +-------------------------------------------+----+----+-----+-----------+
    |Total                                      |  43|   0|   43|          0|
    +-------------------------------------------+----+----+-----+-----------+



================================================================
== Interface
================================================================
* Summary: 
+------------------------+-----+-----+------------+--------------------------------------------+--------------+
|        RTL Ports       | Dir | Bits|  Protocol  |                Source Object               |    C Type    |
+------------------------+-----+-----+------------+--------------------------------------------+--------------+
|ap_clk                  |   in|    1|  ap_ctrl_hs|  Block_entry_proc_Pipeline_VITIS_LOOP_259_1|  return value|
|ap_rst                  |   in|    1|  ap_ctrl_hs|  Block_entry_proc_Pipeline_VITIS_LOOP_259_1|  return value|
|ap_start                |   in|    1|  ap_ctrl_hs|  Block_entry_proc_Pipeline_VITIS_LOOP_259_1|  return value|
|ap_done                 |  out|    1|  ap_ctrl_hs|  Block_entry_proc_Pipeline_VITIS_LOOP_259_1|  return value|
|ap_idle                 |  out|    1|  ap_ctrl_hs|  Block_entry_proc_Pipeline_VITIS_LOOP_259_1|  return value|
|ap_ready                |  out|    1|  ap_ctrl_hs|  Block_entry_proc_Pipeline_VITIS_LOOP_259_1|  return value|
|m_axi_gmem1_0_AWVALID   |  out|    1|       m_axi|                                       gmem1|       pointer|
|m_axi_gmem1_0_AWREADY   |   in|    1|       m_axi|                                       gmem1|       pointer|
|m_axi_gmem1_0_AWADDR    |  out|   64|       m_axi|                                       gmem1|       pointer|
|m_axi_gmem1_0_AWID      |  out|    1|       m_axi|                                       gmem1|       pointer|
|m_axi_gmem1_0_AWLEN     |  out|   32|       m_axi|                                       gmem1|       pointer|
|m_axi_gmem1_0_AWSIZE    |  out|    3|       m_axi|                                       gmem1|       pointer|
|m_axi_gmem1_0_AWBURST   |  out|    2|       m_axi|                                       gmem1|       pointer|
|m_axi_gmem1_0_AWLOCK    |  out|    2|       m_axi|                                       gmem1|       pointer|
|m_axi_gmem1_0_AWCACHE   |  out|    4|       m_axi|                                       gmem1|       pointer|
|m_axi_gmem1_0_AWPROT    |  out|    3|       m_axi|                                       gmem1|       pointer|
|m_axi_gmem1_0_AWQOS     |  out|    4|       m_axi|                                       gmem1|       pointer|
|m_axi_gmem1_0_AWREGION  |  out|    4|       m_axi|                                       gmem1|       pointer|
|m_axi_gmem1_0_AWUSER    |  out|    1|       m_axi|                                       gmem1|       pointer|
|m_axi_gmem1_0_WVALID    |  out|    1|       m_axi|                                       gmem1|       pointer|
|m_axi_gmem1_0_WREADY    |   in|    1|       m_axi|                                       gmem1|       pointer|
|m_axi_gmem1_0_WDATA     |  out|   16|       m_axi|                                       gmem1|       pointer|
|m_axi_gmem1_0_WSTRB     |  out|    2|       m_axi|                                       gmem1|       pointer|
|m_axi_gmem1_0_WLAST     |  out|    1|       m_axi|                                       gmem1|       pointer|
|m_axi_gmem1_0_WID       |  out|    1|       m_axi|                                       gmem1|       pointer|
|m_axi_gmem1_0_WUSER     |  out|    1|       m_axi|                                       gmem1|       pointer|
|m_axi_gmem1_0_ARVALID   |  out|    1|       m_axi|                                       gmem1|       pointer|
|m_axi_gmem1_0_ARREADY   |   in|    1|       m_axi|                                       gmem1|       pointer|
|m_axi_gmem1_0_ARADDR    |  out|   64|       m_axi|                                       gmem1|       pointer|
|m_axi_gmem1_0_ARID      |  out|    1|       m_axi|                                       gmem1|       pointer|
|m_axi_gmem1_0_ARLEN     |  out|   32|       m_axi|                                       gmem1|       pointer|
|m_axi_gmem1_0_ARSIZE    |  out|    3|       m_axi|                                       gmem1|       pointer|
|m_axi_gmem1_0_ARBURST   |  out|    2|       m_axi|                                       gmem1|       pointer|
|m_axi_gmem1_0_ARLOCK    |  out|    2|       m_axi|                                       gmem1|       pointer|
|m_axi_gmem1_0_ARCACHE   |  out|    4|       m_axi|                                       gmem1|       pointer|
|m_axi_gmem1_0_ARPROT    |  out|    3|       m_axi|                                       gmem1|       pointer|
|m_axi_gmem1_0_ARQOS     |  out|    4|       m_axi|                                       gmem1|       pointer|
|m_axi_gmem1_0_ARREGION  |  out|    4|       m_axi|                                       gmem1|       pointer|
|m_axi_gmem1_0_ARUSER    |  out|    1|       m_axi|                                       gmem1|       pointer|
|m_axi_gmem1_0_RVALID    |   in|    1|       m_axi|                                       gmem1|       pointer|
|m_axi_gmem1_0_RREADY    |  out|    1|       m_axi|                                       gmem1|       pointer|
|m_axi_gmem1_0_RDATA     |   in|   16|       m_axi|                                       gmem1|       pointer|
|m_axi_gmem1_0_RLAST     |   in|    1|       m_axi|                                       gmem1|       pointer|
|m_axi_gmem1_0_RID       |   in|    1|       m_axi|                                       gmem1|       pointer|
|m_axi_gmem1_0_RFIFONUM  |   in|   10|       m_axi|                                       gmem1|       pointer|
|m_axi_gmem1_0_RUSER     |   in|    1|       m_axi|                                       gmem1|       pointer|
|m_axi_gmem1_0_RRESP     |   in|    2|       m_axi|                                       gmem1|       pointer|
|m_axi_gmem1_0_BVALID    |   in|    1|       m_axi|                                       gmem1|       pointer|
|m_axi_gmem1_0_BREADY    |  out|    1|       m_axi|                                       gmem1|       pointer|
|m_axi_gmem1_0_BRESP     |   in|    2|       m_axi|                                       gmem1|       pointer|
|m_axi_gmem1_0_BID       |   in|    1|       m_axi|                                       gmem1|       pointer|
|m_axi_gmem1_0_BUSER     |   in|    1|       m_axi|                                       gmem1|       pointer|
|sext_ln259              |   in|   63|     ap_none|                                  sext_ln259|        scalar|
|l1_b_address0           |  out|    6|   ap_memory|                                        l1_b|         array|
|l1_b_ce0                |  out|    1|   ap_memory|                                        l1_b|         array|
|l1_b_we0                |  out|    1|   ap_memory|                                        l1_b|         array|
|l1_b_d0                 |  out|   16|   ap_memory|                                        l1_b|         array|
+------------------------+-----+-----+------------+--------------------------------------------+--------------+

============================================================
+ Verbose Summary: Synthesis Manager
============================================================
InlineROM: 1
ExposeGlobal: 0
============================================================
+ Verbose Summary: CDFG Model
============================================================
IsTopModel: 0
ResetActiveHigh: 1
IsCombinational: 2
IsDatapathOnly: 2
HasWiredReturn: 1
HasMFsm: 2
HasVarLatency: 1
IsPipeline: 0
IsRtlPipelined: 0
IsInstanceOverlapped: 0
IsDontTouch: 0
HasImplIP: 0
IsGatedGlobalClock: 0

+ Individual pipeline summary: 
  * Pipeline-0: initiation interval (II) = 1, depth = 3


============================================================
+ Verbose Summary: Schedule
============================================================
* Number of FSM states : 3
* Pipeline : 1
  Pipeline-0 : II = 1, D = 3, States = { 1 2 3 }
* Dataflow Pipeline: 0

* FSM state transitions: 
1 --> 2 
2 --> 3 
3 --> 

* FSM state operations: 

State 1 <SV = 0> <Delay = 2.93>
ST_1 : Operation 6 [1/1] (0.00ns)   --->   "%oc = alloca i32 1" [yolo_backbone_4.cpp:259->yolo_backbone_4.cpp:259]   --->   Operation 6 'alloca' 'oc' <Predicate = true> <Delay = 0.00>
ST_1 : Operation 7 [1/1] (0.00ns)   --->   "%sext_ln259_read = read i63 @_ssdm_op_Read.ap_auto.i63, i63 %sext_ln259"   --->   Operation 7 'read' 'sext_ln259_read' <Predicate = true> <Delay = 0.00>
ST_1 : Operation 8 [1/1] (0.00ns)   --->   "%sext_ln259_cast = sext i63 %sext_ln259_read"   --->   Operation 8 'sext' 'sext_ln259_cast' <Predicate = true> <Delay = 0.00>
ST_1 : Operation 9 [1/1] (0.00ns)   --->   "%specinterface_ln0 = specinterface void @_ssdm_op_SpecInterface, i16 %gmem1, void @empty_8, i32 0, i32 0, void @empty_9, i32 0, i32 0, void @empty_30, void @empty_31, void @empty_9, i32 16, i32 16, i32 16, i32 16, void @empty_9, void @empty_9, i32 4294967295, i32 0, i32 0, i32 2"   --->   Operation 9 'specinterface' 'specinterface_ln0' <Predicate = true> <Delay = 0.00>
ST_1 : Operation 10 [1/1] (0.83ns)   --->   "%store_ln259 = store i7 0, i7 %oc" [yolo_backbone_4.cpp:259->yolo_backbone_4.cpp:259]   --->   Operation 10 'store' 'store_ln259' <Predicate = true> <Delay = 0.83>
ST_1 : Operation 11 [1/1] (0.00ns)   --->   "%br_ln0 = br void %for.inc.i"   --->   Operation 11 'br' 'br_ln0' <Predicate = true> <Delay = 0.00>
ST_1 : Operation 12 [1/1] (0.00ns)   --->   "%oc_2 = load i7 %oc" [yolo_backbone_4.cpp:259->yolo_backbone_4.cpp:259]   --->   Operation 12 'load' 'oc_2' <Predicate = true> <Delay = 0.00>
ST_1 : Operation 13 [1/1] (1.27ns)   --->   "%icmp_ln259 = icmp_eq  i7 %oc_2, i7 64" [yolo_backbone_4.cpp:259->yolo_backbone_4.cpp:259]   --->   Operation 13 'icmp' 'icmp_ln259' <Predicate = true> <Delay = 1.27> <CoreInst = "Cmp">   --->   Core 9 'Cmp' <Latency = 0> <II = 1> <Delay = 1.35> <FuncUnit> <Opcode : 'seteq' 'setne' 'setle' 'setge' 'setlt' 'setgt'> <InPorts = 2> <OutPorts = 1>
ST_1 : Operation 14 [1/1] (1.27ns)   --->   "%add_ln259 = add i7 %oc_2, i7 1" [yolo_backbone_4.cpp:259->yolo_backbone_4.cpp:259]   --->   Operation 14 'add' 'add_ln259' <Predicate = true> <Delay = 1.27> <CoreInst = "Adder">   --->   Core 1 'Adder' <Latency = 0> <II = 1> <Delay = 1.27> <FuncUnit> <Opcode : 'add' 'sub'> <InPorts = 2> <OutPorts = 1>
ST_1 : Operation 15 [1/1] (0.00ns)   --->   "%br_ln259 = br i1 %icmp_ln259, void %for.inc.split.i, void %Loop_VITIS_LOOP_259_1_proc.1.exit.exitStub" [yolo_backbone_4.cpp:259->yolo_backbone_4.cpp:259]   --->   Operation 15 'br' 'br_ln259' <Predicate = true> <Delay = 0.00>
ST_1 : Operation 16 [1/1] (0.83ns)   --->   "%store_ln259 = store i7 %add_ln259, i7 %oc" [yolo_backbone_4.cpp:259->yolo_backbone_4.cpp:259]   --->   Operation 16 'store' 'store_ln259' <Predicate = (!icmp_ln259)> <Delay = 0.83>

State 2 <SV = 1> <Delay = 7.30>
ST_2 : Operation 17 [1/1] (0.00ns)   --->   "%gmem1_addr = getelementptr i16 %gmem1, i64 %sext_ln259_cast" [yolo_backbone_4.cpp:259]   --->   Operation 17 'getelementptr' 'gmem1_addr' <Predicate = true> <Delay = 0.00>
ST_2 : Operation 18 [1/1] ( I:7.30ns O:7.30ns )   --->   "%gmem1_addr_read = read i16 @_ssdm_op_Read.m_axi.i16.p1i16, i64 %gmem1_addr" [yolo_backbone_4.cpp:261->yolo_backbone_4.cpp:259]   --->   Operation 18 'read' 'gmem1_addr_read' <Predicate = true> <Delay = 7.30> <CoreInst = "m_axi">   --->   Core 111 'm_axi' <Latency = 3> <II = 1> <Delay = 1.00> <Adapter> <Opcode : 'readrequnaligned' 'writerequnaligned' 'read' 'write' 'readreq' 'writereq' 'writeresp'>
ST_2 : Operation 26 [1/1] (0.83ns)   --->   "%ret_ln0 = ret"   --->   Operation 26 'ret' 'ret_ln0' <Predicate = (icmp_ln259)> <Delay = 0.83>

State 3 <SV = 2> <Delay = 2.26>
ST_3 : Operation 19 [1/1] (0.00ns)   --->   "%zext_ln259 = zext i7 %oc_2" [yolo_backbone_4.cpp:259->yolo_backbone_4.cpp:259]   --->   Operation 19 'zext' 'zext_ln259' <Predicate = true> <Delay = 0.00>
ST_3 : Operation 20 [1/1] (0.00ns)   --->   "%specpipeline_ln260 = specpipeline void @_ssdm_op_SpecPipeline, i32 1, i32 0, i32 0, i32 0, i32 4294967295, void @empty_9" [yolo_backbone_4.cpp:260->yolo_backbone_4.cpp:259]   --->   Operation 20 'specpipeline' 'specpipeline_ln260' <Predicate = true> <Delay = 0.00>
ST_3 : Operation 21 [1/1] (0.00ns)   --->   "%speclooptripcount_ln259 = speclooptripcount void @_ssdm_op_SpecLoopTripCount, i64 64, i64 64, i64 64" [yolo_backbone_4.cpp:259->yolo_backbone_4.cpp:259]   --->   Operation 21 'speclooptripcount' 'speclooptripcount_ln259' <Predicate = true> <Delay = 0.00>
ST_3 : Operation 22 [1/1] (0.00ns)   --->   "%specloopname_ln259 = specloopname void @_ssdm_op_SpecLoopName, void @empty_26" [yolo_backbone_4.cpp:259->yolo_backbone_4.cpp:259]   --->   Operation 22 'specloopname' 'specloopname_ln259' <Predicate = true> <Delay = 0.00>
ST_3 : Operation 23 [1/1] (0.00ns)   --->   "%l1_b_addr = getelementptr i16 %l1_b, i64 0, i64 %zext_ln259" [yolo_backbone_4.cpp:261->yolo_backbone_4.cpp:259]   --->   Operation 23 'getelementptr' 'l1_b_addr' <Predicate = true> <Delay = 0.00>
ST_3 : Operation 24 [1/1] ( I:2.26ns O:2.26ns )   --->   "%store_ln261 = store i16 %gmem1_addr_read, i6 %l1_b_addr" [yolo_backbone_4.cpp:261->yolo_backbone_4.cpp:259]   --->   Operation 24 'store' 'store_ln261' <Predicate = true> <Delay = 2.26> <CoreInst = "RAM">   --->   Core 81 'RAM' <Latency = 1> <II = 1> <Delay = 2.26> <Storage> <Opcode : 'load' 'store'> <Ports = 2> <Width = 16> <Depth = 64> <RAM>
ST_3 : Operation 25 [1/1] (0.00ns)   --->   "%br_ln259 = br void %for.inc.i" [yolo_backbone_4.cpp:259->yolo_backbone_4.cpp:259]   --->   Operation 25 'br' 'br_ln259' <Predicate = true> <Delay = 0.00>


============================================================
+ Verbose Summary: Binding
============================================================
STG Binding: 
---------------- STG Properties BEGIN ----------------
- Is combinational: 0
- Is one-state seq: 0
- Is datapath-only: 0
- Is pipelined: 0
- Is top level: 0
Port [ Return ] is wired: 1; IO mode=ap_ctrl_hs:ce=0
Port [ gmem1]:  wired=1; compound=1; hidden=0; nouse=0; global=0; static=0; extern=0; dir=0; type=4; pingpong=0; private_global=0; IO mode=m_axi:ce=0
Port [ sext_ln259]:  wired=1; compound=0; hidden=0; nouse=0; global=0; static=0; extern=0; dir=0; type=0; pingpong=0; private_global=0; IO mode=ap_none:ce=0
Port [ l1_b]:  wired=1; compound=1; hidden=0; nouse=0; global=0; static=0; extern=0; dir=1; type=1; pingpong=1; private_global=0; MemPort=[03]; IO mode=ap_memory:ce=0
---------------- STG Properties END ------------------

---------------- Datapath Model BEGIN ----------------

<LifeTime>
<method=bitvector/>
oc                      (alloca           ) [ 0100]
sext_ln259_read         (read             ) [ 0000]
sext_ln259_cast         (sext             ) [ 0110]
specinterface_ln0       (specinterface    ) [ 0000]
store_ln259             (store            ) [ 0000]
br_ln0                  (br               ) [ 0000]
oc_2                    (load             ) [ 0111]
icmp_ln259              (icmp             ) [ 0110]
add_ln259               (add              ) [ 0000]
br_ln259                (br               ) [ 0000]
store_ln259             (store            ) [ 0000]
gmem1_addr              (getelementptr    ) [ 0000]
gmem1_addr_read         (read             ) [ 0101]
zext_ln259              (zext             ) [ 0000]
specpipeline_ln260      (specpipeline     ) [ 0000]
speclooptripcount_ln259 (speclooptripcount) [ 0000]
specloopname_ln259      (specloopname     ) [ 0000]
l1_b_addr               (getelementptr    ) [ 0000]
store_ln261             (store            ) [ 0000]
br_ln259                (br               ) [ 0000]
ret_ln0                 (ret              ) [ 0000]
</LifeTime>

<model>

<comp_list>
<comp id="0" class="1000" name="gmem1">
<pin_list>
<pin id="1" dir="1" index="0" bw="1" slack="0"/>
</pin_list>
<bind>
<StgValue><ssdm name="gmem1"/><MemPortTyVec>0 </MemPortTyVec>
</StgValue>
</bind>
</comp>

<comp id="2" class="1000" name="sext_ln259">
<pin_list>
<pin id="3" dir="1" index="0" bw="1" slack="0"/>
</pin_list>
<bind>
<StgValue><ssdm name="sext_ln259"/></StgValue>
</bind>
</comp>

<comp id="4" class="1000" name="l1_b">
<pin_list>
<pin id="5" dir="1" index="0" bw="1" slack="0"/>
</pin_list>
<bind>
<StgValue><ssdm name="l1_b"/><MemPortTyVec>0 3 </MemPortTyVec>
</StgValue>
</bind>
</comp>

<comp id="6" class="1001" name="const_6">
<pin_list>
<pin id="7" dir="1" index="0" bw="1" slack="0"/>
</pin_list>
<bind>
<StgValue><ssdm name=""/></StgValue>
</bind>
</comp>

<comp id="8" class="1001" name="const_8">
<pin_list>
<pin id="9" dir="1" index="0" bw="1" slack="0"/>
</pin_list>
<bind>
<StgValue><ssdm name="_ssdm_op_Read.ap_auto.i63"/></StgValue>
</bind>
</comp>

<comp id="10" class="1001" name="const_10">
<pin_list>
<pin id="11" dir="1" index="0" bw="1" slack="2147483647"/>
</pin_list>
<bind>
<StgValue><ssdm name="_ssdm_op_SpecInterface"/></StgValue>
</bind>
</comp>

<comp id="12" class="1001" name="const_12">
<pin_list>
<pin id="13" dir="1" index="0" bw="1" slack="2147483647"/>
</pin_list>
<bind>
<StgValue><ssdm name="empty_8"/></StgValue>
</bind>
</comp>

<comp id="14" class="1001" name="const_14">
<pin_list>
<pin id="15" dir="1" index="0" bw="1" slack="2147483647"/>
</pin_list>
<bind>
<StgValue><ssdm name=""/></StgValue>
</bind>
</comp>

<comp id="16" class="1001" name="const_16">
<pin_list>
<pin id="17" dir="1" index="0" bw="1" slack="2147483647"/>
</pin_list>
<bind>
<StgValue><ssdm name="empty_9"/></StgValue>
</bind>
</comp>

<comp id="18" class="1001" name="const_18">
<pin_list>
<pin id="19" dir="1" index="0" bw="1" slack="2147483647"/>
</pin_list>
<bind>
<StgValue><ssdm name="empty_30"/></StgValue>
</bind>
</comp>

<comp id="20" class="1001" name="const_20">
<pin_list>
<pin id="21" dir="1" index="0" bw="1" slack="2147483647"/>
</pin_list>
<bind>
<StgValue><ssdm name="empty_31"/></StgValue>
</bind>
</comp>

<comp id="22" class="1001" name="const_22">
<pin_list>
<pin id="23" dir="1" index="0" bw="1" slack="2147483647"/>
</pin_list>
<bind>
<StgValue><ssdm name=""/></StgValue>
</bind>
</comp>

<comp id="24" class="1001" name="const_24">
<pin_list>
<pin id="25" dir="1" index="0" bw="1" slack="2147483647"/>
</pin_list>
<bind>
<StgValue><ssdm name=""/></StgValue>
</bind>
</comp>

<comp id="26" class="1001" name="const_26">
<pin_list>
<pin id="27" dir="1" index="0" bw="1" slack="2147483647"/>
</pin_list>
<bind>
<StgValue><ssdm name=""/></StgValue>
</bind>
</comp>

<comp id="28" class="1001" name="const_28">
<pin_list>
<pin id="29" dir="1" index="0" bw="1" slack="0"/>
</pin_list>
<bind>
<StgValue><ssdm name=""/></StgValue>
</bind>
</comp>

<comp id="30" class="1001" name="const_30">
<pin_list>
<pin id="31" dir="1" index="0" bw="1" slack="0"/>
</pin_list>
<bind>
<StgValue><ssdm name=""/></StgValue>
</bind>
</comp>

<comp id="32" class="1001" name="const_32">
<pin_list>
<pin id="33" dir="1" index="0" bw="1" slack="0"/>
</pin_list>
<bind>
<StgValue><ssdm name=""/></StgValue>
</bind>
</comp>

<comp id="34" class="1001" name="const_34">
<pin_list>
<pin id="35" dir="1" index="0" bw="1" slack="0"/>
</pin_list>
<bind>
<StgValue><ssdm name="_ssdm_op_Read.m_axi.i16.p1i16"/></StgValue>
</bind>
</comp>

<comp id="36" class="1001" name="const_36">
<pin_list>
<pin id="37" dir="1" index="0" bw="1" slack="2147483647"/>
</pin_list>
<bind>
<StgValue><ssdm name="_ssdm_op_SpecPipeline"/></StgValue>
</bind>
</comp>

<comp id="38" class="1001" name="const_38">
<pin_list>
<pin id="39" dir="1" index="0" bw="1" slack="2147483647"/>
</pin_list>
<bind>
<StgValue><ssdm name="_ssdm_op_SpecLoopTripCount"/></StgValue>
</bind>
</comp>

<comp id="40" class="1001" name="const_40">
<pin_list>
<pin id="41" dir="1" index="0" bw="1" slack="2147483647"/>
</pin_list>
<bind>
<StgValue><ssdm name=""/></StgValue>
</bind>
</comp>

<comp id="42" class="1001" name="const_42">
<pin_list>
<pin id="43" dir="1" index="0" bw="1" slack="2147483647"/>
</pin_list>
<bind>
<StgValue><ssdm name="_ssdm_op_SpecLoopName"/></StgValue>
</bind>
</comp>

<comp id="44" class="1001" name="const_44">
<pin_list>
<pin id="45" dir="1" index="0" bw="1" slack="2147483647"/>
</pin_list>
<bind>
<StgValue><ssdm name="empty_26"/></StgValue>
</bind>
</comp>

<comp id="46" class="1001" name="const_46">
<pin_list>
<pin id="47" dir="1" index="0" bw="1" slack="0"/>
</pin_list>
<bind>
<StgValue><ssdm name=""/></StgValue>
</bind>
</comp>

<comp id="48" class="1004" name="oc_fu_48">
<pin_list>
<pin id="49" dir="0" index="0" bw="1" slack="0"/>
<pin id="50" dir="1" index="1" bw="7" slack="0"/>
</pin_list>
<bind>
<opcode="alloca(26) " fcode="alloca"/>
<opset="oc/1 "/>
</bind>
</comp>

<comp id="52" class="1004" name="sext_ln259_read_read_fu_52">
<pin_list>
<pin id="53" dir="0" index="0" bw="63" slack="0"/>
<pin id="54" dir="0" index="1" bw="63" slack="0"/>
<pin id="55" dir="1" index="2" bw="63" slack="0"/>
</pin_list>
<bind>
<opcode="read(1150) " fcode="read"/>
<opset="sext_ln259_read/1 "/>
</bind>
</comp>

<comp id="58" class="1004" name="l1_b_addr_gep_fu_58">
<pin_list>
<pin id="59" dir="0" index="0" bw="16" slack="0"/>
<pin id="60" dir="0" index="1" bw="1" slack="0"/>
<pin id="61" dir="0" index="2" bw="7" slack="0"/>
<pin id="62" dir="1" index="3" bw="6" slack="0"/>
</pin_list>
<bind>
<opcode="getelementptr(29) " fcode="getelementptr"/>
<opset="l1_b_addr/3 "/>
</bind>
</comp>

<comp id="65" class="1004" name="store_ln261_access_fu_65">
<pin_list>
<pin id="66" dir="0" index="0" bw="6" slack="0"/>
<pin id="67" dir="0" index="1" bw="16" slack="1"/>
<pin id="68" dir="0" index="2" bw="0" slack="2147483647"/>
<pin id="69" dir="1" index="3" bw="16" slack="2147483647"/>
</pin_list>
<bind>
<opcode="store(28) " fcode="store"/>
<opset="store_ln261/3 "/>
</bind>
</comp>

<comp id="71" class="1004" name="gmem1_addr_read_read_fu_71">
<pin_list>
<pin id="72" dir="0" index="0" bw="16" slack="0"/>
<pin id="73" dir="0" index="1" bw="16" slack="0"/>
<pin id="74" dir="1" index="2" bw="16" slack="1"/>
</pin_list>
<bind>
<opcode="read(1150) " fcode="read"/>
<opset="gmem1_addr_read/2 "/>
</bind>
</comp>

<comp id="76" class="1004" name="sext_ln259_cast_fu_76">
<pin_list>
<pin id="77" dir="0" index="0" bw="63" slack="0"/>
<pin id="78" dir="1" index="1" bw="64" slack="1"/>
</pin_list>
<bind>
<opcode="sext(35) " fcode="sext"/>
<opset="sext_ln259_cast/1 "/>
</bind>
</comp>

<comp id="80" class="1004" name="store_ln259_store_fu_80">
<pin_list>
<pin id="81" dir="0" index="0" bw="1" slack="0"/>
<pin id="82" dir="0" index="1" bw="7" slack="0"/>
<pin id="83" dir="1" index="2" bw="0" slack="2147483647"/>
</pin_list>
<bind>
<opcode="store(28) " fcode="store"/>
<opset="store_ln259/1 "/>
</bind>
</comp>

<comp id="85" class="1004" name="oc_2_load_fu_85">
<pin_list>
<pin id="86" dir="0" index="0" bw="7" slack="0"/>
<pin id="87" dir="1" index="1" bw="7" slack="0"/>
</pin_list>
<bind>
<opcode="load(27) " fcode="load"/>
<opset="oc_2/1 "/>
</bind>
</comp>

<comp id="88" class="1004" name="icmp_ln259_fu_88">
<pin_list>
<pin id="89" dir="0" index="0" bw="7" slack="0"/>
<pin id="90" dir="0" index="1" bw="7" slack="0"/>
<pin id="91" dir="1" index="2" bw="1" slack="1"/>
</pin_list>
<bind>
<opcode="icmp(45) " fcode="icmp"/>
<opset="icmp_ln259/1 "/>
</bind>
</comp>

<comp id="94" class="1004" name="add_ln259_fu_94">
<pin_list>
<pin id="95" dir="0" index="0" bw="7" slack="0"/>
<pin id="96" dir="0" index="1" bw="1" slack="0"/>
<pin id="97" dir="1" index="2" bw="7" slack="0"/>
</pin_list>
<bind>
<opcode="add(8) " fcode="add"/>
<opset="add_ln259/1 "/>
</bind>
</comp>

<comp id="100" class="1004" name="store_ln259_store_fu_100">
<pin_list>
<pin id="101" dir="0" index="0" bw="7" slack="0"/>
<pin id="102" dir="0" index="1" bw="7" slack="0"/>
<pin id="103" dir="1" index="2" bw="0" slack="2147483647"/>
</pin_list>
<bind>
<opcode="store(28) " fcode="store"/>
<opset="store_ln259/1 "/>
</bind>
</comp>

<comp id="105" class="1004" name="gmem1_addr_fu_105">
<pin_list>
<pin id="106" dir="0" index="0" bw="64" slack="0"/>
<pin id="107" dir="0" index="1" bw="64" slack="1"/>
<pin id="108" dir="1" index="2" bw="64" slack="0"/>
</pin_list>
<bind>
<opcode="getelementptr(29) " fcode="getelementptr"/>
<opset="gmem1_addr/2 "/>
</bind>
</comp>

<comp id="111" class="1004" name="zext_ln259_fu_111">
<pin_list>
<pin id="112" dir="0" index="0" bw="7" slack="2"/>
<pin id="113" dir="1" index="1" bw="64" slack="0"/>
</pin_list>
<bind>
<opcode="zext(34) " fcode="zext"/>
<opset="zext_ln259/3 "/>
</bind>
</comp>

<comp id="115" class="1005" name="oc_reg_115">
<pin_list>
<pin id="116" dir="0" index="0" bw="7" slack="0"/>
<pin id="117" dir="1" index="1" bw="7" slack="0"/>
</pin_list>
<bind>
<opset="oc "/>
</bind>
</comp>

<comp id="122" class="1005" name="sext_ln259_cast_reg_122">
<pin_list>
<pin id="123" dir="0" index="0" bw="64" slack="1"/>
<pin id="124" dir="1" index="1" bw="64" slack="1"/>
</pin_list>
<bind>
<opset="sext_ln259_cast "/>
</bind>
</comp>

<comp id="127" class="1005" name="oc_2_reg_127">
<pin_list>
<pin id="128" dir="0" index="0" bw="7" slack="2"/>
<pin id="129" dir="1" index="1" bw="7" slack="2"/>
</pin_list>
<bind>
<opset="oc_2 "/>
</bind>
</comp>

<comp id="132" class="1005" name="icmp_ln259_reg_132">
<pin_list>
<pin id="133" dir="0" index="0" bw="1" slack="1"/>
<pin id="134" dir="1" index="1" bw="1" slack="2147483647"/>
</pin_list>
<bind>
<opset="icmp_ln259 "/>
</bind>
</comp>

<comp id="136" class="1005" name="gmem1_addr_read_reg_136">
<pin_list>
<pin id="137" dir="0" index="0" bw="16" slack="1"/>
<pin id="138" dir="1" index="1" bw="16" slack="1"/>
</pin_list>
<bind>
<opset="gmem1_addr_read "/>
</bind>
</comp>

</comp_list>

<net_list>
<net id="51"><net_src comp="6" pin="0"/><net_sink comp="48" pin=0"/></net>

<net id="56"><net_src comp="8" pin="0"/><net_sink comp="52" pin=0"/></net>

<net id="57"><net_src comp="2" pin="0"/><net_sink comp="52" pin=1"/></net>

<net id="63"><net_src comp="4" pin="0"/><net_sink comp="58" pin=0"/></net>

<net id="64"><net_src comp="46" pin="0"/><net_sink comp="58" pin=1"/></net>

<net id="70"><net_src comp="58" pin="3"/><net_sink comp="65" pin=0"/></net>

<net id="75"><net_src comp="34" pin="0"/><net_sink comp="71" pin=0"/></net>

<net id="79"><net_src comp="52" pin="2"/><net_sink comp="76" pin=0"/></net>

<net id="84"><net_src comp="28" pin="0"/><net_sink comp="80" pin=0"/></net>

<net id="92"><net_src comp="85" pin="1"/><net_sink comp="88" pin=0"/></net>

<net id="93"><net_src comp="30" pin="0"/><net_sink comp="88" pin=1"/></net>

<net id="98"><net_src comp="85" pin="1"/><net_sink comp="94" pin=0"/></net>

<net id="99"><net_src comp="32" pin="0"/><net_sink comp="94" pin=1"/></net>

<net id="104"><net_src comp="94" pin="2"/><net_sink comp="100" pin=0"/></net>

<net id="109"><net_src comp="0" pin="0"/><net_sink comp="105" pin=0"/></net>

<net id="110"><net_src comp="105" pin="2"/><net_sink comp="71" pin=1"/></net>

<net id="114"><net_src comp="111" pin="1"/><net_sink comp="58" pin=2"/></net>

<net id="118"><net_src comp="48" pin="1"/><net_sink comp="115" pin=0"/></net>

<net id="119"><net_src comp="115" pin="1"/><net_sink comp="80" pin=1"/></net>

<net id="120"><net_src comp="115" pin="1"/><net_sink comp="85" pin=0"/></net>

<net id="121"><net_src comp="115" pin="1"/><net_sink comp="100" pin=1"/></net>

<net id="125"><net_src comp="76" pin="1"/><net_sink comp="122" pin=0"/></net>

<net id="126"><net_src comp="122" pin="1"/><net_sink comp="105" pin=1"/></net>

<net id="130"><net_src comp="85" pin="1"/><net_sink comp="127" pin=0"/></net>

<net id="131"><net_src comp="127" pin="1"/><net_sink comp="111" pin=0"/></net>

<net id="135"><net_src comp="88" pin="2"/><net_sink comp="132" pin=0"/></net>

<net id="139"><net_src comp="71" pin="2"/><net_sink comp="136" pin=0"/></net>

<net id="140"><net_src comp="136" pin="1"/><net_sink comp="65" pin=1"/></net>

</net_list>

</model> 
---------------- Datapath Model END ------------------

* FSMD analyzer results:
  - Output states:
	Port: gmem1 | {}
	Port: l1_b | {3 }
 - Input state : 
	Port: Block_entry_proc_Pipeline_VITIS_LOOP_259_1 : gmem1 | {2 }
	Port: Block_entry_proc_Pipeline_VITIS_LOOP_259_1 : sext_ln259 | {1 }
	Port: Block_entry_proc_Pipeline_VITIS_LOOP_259_1 : l1_b | {}
  - Chain level:
	State 1
		store_ln259 : 1
		oc_2 : 1
		icmp_ln259 : 2
		add_ln259 : 2
		br_ln259 : 3
		store_ln259 : 3
	State 2
		gmem1_addr_read : 1
	State 3
		l1_b_addr : 1
		store_ln261 : 2


============================================================
+ Verbose Summary: Datapath Resource usage 
============================================================

* Functional unit list:
|----------|----------------------------|---------|---------|
| Operation|       Functional Unit      |    FF   |   LUT   |
|----------|----------------------------|---------|---------|
|   icmp   |      icmp_ln259_fu_88      |    0    |    14   |
|----------|----------------------------|---------|---------|
|    add   |       add_ln259_fu_94      |    0    |    14   |
|----------|----------------------------|---------|---------|
|   read   | sext_ln259_read_read_fu_52 |    0    |    0    |
|          | gmem1_addr_read_read_fu_71 |    0    |    0    |
|----------|----------------------------|---------|---------|
|   sext   |    sext_ln259_cast_fu_76   |    0    |    0    |
|----------|----------------------------|---------|---------|
|   zext   |      zext_ln259_fu_111     |    0    |    0    |
|----------|----------------------------|---------|---------|
|   Total  |                            |    0    |    28   |
|----------|----------------------------|---------|---------|

Memories:
N/A

* Register list:
+-----------------------+--------+
|                       |   FF   |
+-----------------------+--------+
|gmem1_addr_read_reg_136|   16   |
|   icmp_ln259_reg_132  |    1   |
|      oc_2_reg_127     |    7   |
|       oc_reg_115      |    7   |
|sext_ln259_cast_reg_122|   64   |
+-----------------------+--------+
|         Total         |   95   |
+-----------------------+--------+

* Multiplexer (MUX) list: 
|--------|------|------|------|--------|
|  Comp  |  Pin | Size |  BW  | S x BW |
|--------|------|------|------|--------|
|  Total |      |      |      |    0   |
|--------|------|------|------|--------|



* Summary:
+-----------+--------+--------+
|           |   FF   |   LUT  |
+-----------+--------+--------+
|  Function |    0   |   28   |
|   Memory  |    -   |    -   |
|Multiplexer|    -   |    -   |
|  Register |   95   |    -   |
+-----------+--------+--------+
|   Total   |   95   |   28   |
+-----------+--------+--------+
