

================================================================
== Vitis HLS Report for 'Block_entry_proc_1_Pipeline_VITIS_LOOP_273_3'
================================================================
* Date:           Wed Jun 17 17:43:43 2026

* Version:        2025.2 (Build 6295257 on Nov 14 2025)
* Project:        yolo_backbone_v4
* Solution:       hls (Vivado IP Flow Target)
* Product family: kintex7
* Target device:  xc7k325t-ffg900-2


================================================================
== Performance Estimates
================================================================
+ Timing: 
    * Summary: 
    +--------+----------+----------+------------+
    |  Clock |  Target  | Estimated| Uncertainty|
    +--------+----------+----------+------------+
    |ap_clk  |  10.00 ns|  7.300 ns|     2.70 ns|
    +--------+----------+----------+------------+

+ Latency: 
    * Summary: 
    +---------+---------+----------+----------+-----+-----+-------------------+
    |  Latency (cycles) |  Latency (absolute) |  Interval |      Pipeline     |
    |   min   |   max   |    min   |    max   | min | max |        Type       |
    +---------+---------+----------+----------+-----+-----+-------------------+
    |       67|       67|  0.670 us|  0.670 us|    0|    0|  loop pipeline stp|
    +---------+---------+----------+----------+-----+-----+-------------------+

    + Detail: 
        * Instance: 
        N/A

        * Loop: 
        +--------------------+---------+---------+----------+-----------+-----------+------+----------+
        |                    |  Latency (cycles) | Iteration|  Initiation Interval  | Trip |          |
        |      Loop Name     |   min   |   max   |  Latency |  achieved |   target  | Count| Pipelined|
        +--------------------+---------+---------+----------+-----------+-----------+------+----------+
        |- VITIS_LOOP_273_3  |       65|       65|         3|          1|          1|    64|       yes|
        +--------------------+---------+---------+----------+-----------+-----------+------+----------+

============================================================
+ Verbose Summary: Synthesis Manager
============================================================
InlineROM: 1
ExposeGlobal: 0
============================================================
+ Verbose Summary: CDFG Model
============================================================
IsTopModel: 0
ResetActiveHigh: 1
IsCombinational: 0
IsDatapathOnly: 0
HasWiredReturn: 1
HasMFsm: 2
HasVarLatency: 1
IsPipeline: 0
IsRtlPipelined: 0
IsInstanceOverlapped: 0
IsDontTouch: 0
HasImplIP: 0
IsGatedGlobalClock: 0

+ Individual pipeline summary: 
  * Pipeline-0: initiation interval (II) = 1, depth = 3


============================================================
+ Verbose Summary: Schedule
============================================================
* Number of FSM states : 3
* Pipeline : 1
  Pipeline-0 : II = 1, D = 3, States = { 1 2 3 }
* Dataflow Pipeline: 0

* FSM state transitions: 
1 --> 2 
2 --> 3 
3 --> 

* FSM state operations: 

State 1 <SV = 0> <Delay = 2.93>
ST_1 : Operation 6 [1/1] (0.00ns)   --->   "%oc = alloca i32 1" [yolo_backbone_4.cpp:273->yolo_backbone_4.cpp:273]   --->   Operation 6 'alloca' 'oc' <Predicate = true> <Delay = 0.00>
ST_1 : Operation 7 [1/1] (0.00ns)   --->   "%sext_ln273_read = read i63 @_ssdm_op_Read.ap_auto.i63, i63 %sext_ln273"   --->   Operation 7 'read' 'sext_ln273_read' <Predicate = true> <Delay = 0.00>
ST_1 : Operation 8 [1/1] (0.00ns)   --->   "%sext_ln273_cast = sext i63 %sext_ln273_read"   --->   Operation 8 'sext' 'sext_ln273_cast' <Predicate = true> <Delay = 0.00>
ST_1 : Operation 9 [1/1] (0.00ns)   --->   "%specinterface_ln0 = specinterface void @_ssdm_op_SpecInterface, i16 %gmem2, void @empty_8, i32 0, i32 0, void @empty_9, i32 0, i32 0, void @empty_22, void @empty_31, void @empty_9, i32 16, i32 16, i32 16, i32 16, void @empty_9, void @empty_9, i32 4294967295, i32 0, i32 0, i32 2"   --->   Operation 9 'specinterface' 'specinterface_ln0' <Predicate = true> <Delay = 0.00>
ST_1 : Operation 10 [1/1] (0.83ns)   --->   "%store_ln273 = store i7 0, i7 %oc" [yolo_backbone_4.cpp:273->yolo_backbone_4.cpp:273]   --->   Operation 10 'store' 'store_ln273' <Predicate = true> <Delay = 0.83>
ST_1 : Operation 11 [1/1] (0.00ns)   --->   "%br_ln0 = br void %for.inc34.i"   --->   Operation 11 'br' 'br_ln0' <Predicate = true> <Delay = 0.00>
ST_1 : Operation 12 [1/1] (0.00ns)   --->   "%oc_3 = load i7 %oc" [yolo_backbone_4.cpp:273->yolo_backbone_4.cpp:273]   --->   Operation 12 'load' 'oc_3' <Predicate = true> <Delay = 0.00>
ST_1 : Operation 13 [1/1] (1.27ns)   --->   "%icmp_ln273 = icmp_eq  i7 %oc_3, i7 64" [yolo_backbone_4.cpp:273->yolo_backbone_4.cpp:273]   --->   Operation 13 'icmp' 'icmp_ln273' <Predicate = true> <Delay = 1.27> <CoreInst = "Cmp">   --->   Core 9 'Cmp' <Latency = 0> <II = 1> <Delay = 1.27> <FuncUnit> <Opcode : 'seteq' 'setne' 'setle' 'setge' 'setlt' 'setgt'> <InPorts = 2> <OutPorts = 1>
ST_1 : Operation 14 [1/1] (1.27ns)   --->   "%add_ln273 = add i7 %oc_3, i7 1" [yolo_backbone_4.cpp:273->yolo_backbone_4.cpp:273]   --->   Operation 14 'add' 'add_ln273' <Predicate = true> <Delay = 1.27> <CoreInst = "Adder">   --->   Core 1 'Adder' <Latency = 0> <II = 1> <Delay = 1.27> <FuncUnit> <Opcode : 'add' 'sub'> <InPorts = 2> <OutPorts = 1>
ST_1 : Operation 15 [1/1] (0.00ns)   --->   "%br_ln273 = br i1 %icmp_ln273, void %for.inc34.split.i, void %Loop_VITIS_LOOP_273_3_proc.1.exit.exitStub" [yolo_backbone_4.cpp:273->yolo_backbone_4.cpp:273]   --->   Operation 15 'br' 'br_ln273' <Predicate = true> <Delay = 0.00>
ST_1 : Operation 16 [1/1] (0.83ns)   --->   "%store_ln273 = store i7 %add_ln273, i7 %oc" [yolo_backbone_4.cpp:273->yolo_backbone_4.cpp:273]   --->   Operation 16 'store' 'store_ln273' <Predicate = (!icmp_ln273)> <Delay = 0.83>

State 2 <SV = 1> <Delay = 7.30>
ST_2 : Operation 17 [1/1] (0.00ns)   --->   "%gmem2_addr = getelementptr i16 %gmem2, i64 %sext_ln273_cast" [yolo_backbone_4.cpp:273]   --->   Operation 17 'getelementptr' 'gmem2_addr' <Predicate = true> <Delay = 0.00>
ST_2 : Operation 18 [1/1] ( I:7.30ns O:7.30ns )   --->   "%gmem2_addr_read = read i16 @_ssdm_op_Read.m_axi.i16.p1i16, i16 %gmem2_addr" [yolo_backbone_4.cpp:275->yolo_backbone_4.cpp:273]   --->   Operation 18 'read' 'gmem2_addr_read' <Predicate = true> <Delay = 7.30> <CoreInst = "m_axi">   --->   Core 111 'm_axi' <Latency = 3> <II = 1> <Delay = 1.00> <Adapter> <Opcode : 'readrequnaligned' 'writerequnaligned' 'read' 'write' 'readreq' 'writereq' 'writeresp'>
ST_2 : Operation 26 [1/1] (0.83ns)   --->   "%ret_ln0 = ret"   --->   Operation 26 'ret' 'ret_ln0' <Predicate = (icmp_ln273)> <Delay = 0.83>

State 3 <SV = 2> <Delay = 2.26>
ST_3 : Operation 19 [1/1] (0.00ns)   --->   "%zext_ln273 = zext i7 %oc_3" [yolo_backbone_4.cpp:273->yolo_backbone_4.cpp:273]   --->   Operation 19 'zext' 'zext_ln273' <Predicate = true> <Delay = 0.00>
ST_3 : Operation 20 [1/1] (0.00ns)   --->   "%specpipeline_ln274 = specpipeline void @_ssdm_op_SpecPipeline, i32 1, i32 0, i32 0, i32 0, i32 4294967295, void @empty_9" [yolo_backbone_4.cpp:274->yolo_backbone_4.cpp:273]   --->   Operation 20 'specpipeline' 'specpipeline_ln274' <Predicate = true> <Delay = 0.00>
ST_3 : Operation 21 [1/1] (0.00ns)   --->   "%speclooptripcount_ln273 = speclooptripcount void @_ssdm_op_SpecLoopTripCount, i64 64, i64 64, i64 64" [yolo_backbone_4.cpp:273->yolo_backbone_4.cpp:273]   --->   Operation 21 'speclooptripcount' 'speclooptripcount_ln273' <Predicate = true> <Delay = 0.00>
ST_3 : Operation 22 [1/1] (0.00ns)   --->   "%specloopname_ln273 = specloopname void @_ssdm_op_SpecLoopName, void @empty_20" [yolo_backbone_4.cpp:273->yolo_backbone_4.cpp:273]   --->   Operation 22 'specloopname' 'specloopname_ln273' <Predicate = true> <Delay = 0.00>
ST_3 : Operation 23 [1/1] (0.00ns)   --->   "%l2_b_addr = getelementptr i16 %l2_b, i64 0, i64 %zext_ln273" [yolo_backbone_4.cpp:275->yolo_backbone_4.cpp:273]   --->   Operation 23 'getelementptr' 'l2_b_addr' <Predicate = true> <Delay = 0.00>
ST_3 : Operation 24 [1/1] ( I:2.26ns O:2.26ns )   --->   "%store_ln275 = store i16 %gmem2_addr_read, i6 %l2_b_addr" [yolo_backbone_4.cpp:275->yolo_backbone_4.cpp:273]   --->   Operation 24 'store' 'store_ln275' <Predicate = true> <Delay = 2.26> <CoreInst = "RAM">   --->   Core 81 'RAM' <Latency = 1> <II = 1> <Delay = 2.26> <Storage> <Opcode : 'load' 'store'> <Ports = 2> <Width = 16> <Depth = 64> <RAM>
ST_3 : Operation 25 [1/1] (0.00ns)   --->   "%br_ln273 = br void %for.inc34.i" [yolo_backbone_4.cpp:273->yolo_backbone_4.cpp:273]   --->   Operation 25 'br' 'br_ln273' <Predicate = true> <Delay = 0.00>


============================================================
+ Verbose Summary: Timing violations
============================================================
Target clock period: 10.000ns, clock uncertainty: 2.700ns.

 <State 1>: 2.939ns
The critical path consists of the following:
	'store' operation ('store_ln273', yolo_backbone_4.cpp:273->yolo_backbone_4.cpp:273) of constant 0 7 bit on local variable 'oc', yolo_backbone_4.cpp:273->yolo_backbone_4.cpp:273 [8]  (0.833 ns)
	'load' operation 7 bit ('oc', yolo_backbone_4.cpp:273->yolo_backbone_4.cpp:273) on local variable 'oc', yolo_backbone_4.cpp:273->yolo_backbone_4.cpp:273 [11]  (0.000 ns)
	'icmp' operation 1 bit ('icmp_ln273', yolo_backbone_4.cpp:273->yolo_backbone_4.cpp:273) [12]  (1.272 ns)
	'store' operation ('store_ln273', yolo_backbone_4.cpp:273->yolo_backbone_4.cpp:273) of variable 'add_ln273', yolo_backbone_4.cpp:273->yolo_backbone_4.cpp:273 7 bit on local variable 'oc', yolo_backbone_4.cpp:273->yolo_backbone_4.cpp:273 [24]  (0.833 ns)

 <State 2>: 7.300ns
The critical path consists of the following:
	'getelementptr' operation 16 bit ('gmem2_addr', yolo_backbone_4.cpp:273) [16]  (0.000 ns)
	bus read operation ('gmem2_addr_read', yolo_backbone_4.cpp:275->yolo_backbone_4.cpp:273) on port 'gmem2' (yolo_backbone_4.cpp:275->yolo_backbone_4.cpp:273) [22]  (7.300 ns)

 <State 3>: 2.266ns
The critical path consists of the following:
	'getelementptr' operation 6 bit ('l2_b_addr', yolo_backbone_4.cpp:275->yolo_backbone_4.cpp:273) [21]  (0.000 ns)
	'store' operation ('store_ln275', yolo_backbone_4.cpp:275->yolo_backbone_4.cpp:273) of variable 'gmem2_addr_read', yolo_backbone_4.cpp:275->yolo_backbone_4.cpp:273 16 bit on array 'l2_b' [23]  (2.266 ns)


============================================================
+ Verbose Summary: Binding
============================================================
N/A
* FSMD analyzer results:
  - Output states:
 - Input state : 
  - Chain level:
	State 1
	State 2
	State 3


============================================================
+ Verbose Summary: Datapath Resource usage 
============================================================
N/A
