

================================================================
== Vitis HLS Report for 'load_image'
================================================================
* Date:           Wed Jun 17 17:45:03 2026

* Version:        2025.2 (Build 6295257 on Nov 14 2025)
* Project:        yolo_backbone_v4
* Solution:       hls (Vivado IP Flow Target)
* Product family: kintex7
* Target device:  xc7k325t-ffg900-2


================================================================
== Performance Estimates
================================================================
+ Timing: 
    * Summary: 
    +--------+----------+----------+------------+
    |  Clock |  Target  | Estimated| Uncertainty|
    +--------+----------+----------+------------+
    |ap_clk  |  10.00 ns|  7.300 ns|     2.70 ns|
    +--------+----------+----------+------------+

+ Latency: 
    * Summary: 
    +---------+---------+-----------+-----------+------+------+------------------------------------------------+
    |  Latency (cycles) |   Latency (absolute)  |   Interval  |                    Pipeline                    |
    |   min   |   max   |    min    |    max    |  min |  max |                      Type                      |
    +---------+---------+-----------+-----------+------+------+------------------------------------------------+
    |     1163|     1163|  11.630 us|  11.630 us|  1152|  1152|  loop auto-rewind stp (delay=0 clock cycles(s))|
    +---------+---------+-----------+-----------+------+------+------------------------------------------------+

    + Detail: 
        * Instance: 
        N/A

        * Loop: 
        +--------------------+---------+---------+----------+-----------+-----------+------+----------+
        |                    |  Latency (cycles) | Iteration|  Initiation Interval  | Trip |          |
        |      Loop Name     |   min   |   max   |  Latency |  achieved |   target  | Count| Pipelined|
        +--------------------+---------+---------+----------+-----------+-----------+------+----------+
        |- VITIS_LOOP_212_1  |     1161|     1161|        42|         32|          1|    36|       yes|
        +--------------------+---------+---------+----------+-----------+-----------+------+----------+



================================================================
== Utilization Estimates
================================================================
* Summary: 
+-----------------+---------+-----+--------+--------+-----+
|       Name      | BRAM_18K| DSP |   FF   |   LUT  | URAM|
+-----------------+---------+-----+--------+--------+-----+
|DSP              |        -|    -|       -|       -|    -|
|Expression       |        -|    -|       0|      98|    -|
|FIFO             |        -|    -|       -|       -|    -|
|Instance         |        -|    -|       -|       -|    -|
|Memory           |        -|    -|       -|       -|    -|
|Multiplexer      |        -|    -|       0|     228|    -|
|Register         |        -|    -|     620|       -|    -|
+-----------------+---------+-----+--------+--------+-----+
|Total            |        0|    0|     620|     326|    0|
+-----------------+---------+-----+--------+--------+-----+
|Available        |      890|  840|  407600|  203800|    0|
+-----------------+---------+-----+--------+--------+-----+
|Utilization (%)  |        0|    0|      ~0|      ~0|    0|
+-----------------+---------+-----+--------+--------+-----+

+ Detail: 
    * Instance: 
    N/A

    * DSP: 
    N/A

    * Memory: 
    N/A

    * FIFO: 
    N/A

    * Expression: 
    +----------------------------+----------+----+---+----+------------+------------+
    |        Variable Name       | Operation| DSP| FF| LUT| Bitwidth P0| Bitwidth P1|
    +----------------------------+----------+----+---+----+------------+------------+
    |i_5_fu_134_p2               |         +|   0|  0|  14|           6|           1|
    |ap_block_pp0_stage11_11001  |       and|   0|  0|   2|           1|           1|
    |ap_block_pp0_stage12_11001  |       and|   0|  0|   2|           1|           1|
    |ap_block_pp0_stage13_11001  |       and|   0|  0|   2|           1|           1|
    |ap_block_pp0_stage14_11001  |       and|   0|  0|   2|           1|           1|
    |ap_block_pp0_stage15_11001  |       and|   0|  0|   2|           1|           1|
    |ap_block_pp0_stage16_11001  |       and|   0|  0|   2|           1|           1|
    |ap_block_pp0_stage17_11001  |       and|   0|  0|   2|           1|           1|
    |ap_block_pp0_stage18_11001  |       and|   0|  0|   2|           1|           1|
    |ap_block_pp0_stage19_11001  |       and|   0|  0|   2|           1|           1|
    |ap_block_pp0_stage20_11001  |       and|   0|  0|   2|           1|           1|
    |ap_block_pp0_stage21_11001  |       and|   0|  0|   2|           1|           1|
    |ap_block_pp0_stage22_11001  |       and|   0|  0|   2|           1|           1|
    |ap_block_pp0_stage23_11001  |       and|   0|  0|   2|           1|           1|
    |ap_block_pp0_stage24_11001  |       and|   0|  0|   2|           1|           1|
    |ap_block_pp0_stage25_11001  |       and|   0|  0|   2|           1|           1|
    |ap_block_pp0_stage26_11001  |       and|   0|  0|   2|           1|           1|
    |ap_block_pp0_stage27_11001  |       and|   0|  0|   2|           1|           1|
    |ap_block_pp0_stage28_11001  |       and|   0|  0|   2|           1|           1|
    |ap_block_pp0_stage29_11001  |       and|   0|  0|   2|           1|           1|
    |ap_block_pp0_stage2_11001   |       and|   0|  0|   2|           1|           1|
    |ap_block_pp0_stage30_11001  |       and|   0|  0|   2|           1|           1|
    |ap_block_pp0_stage31_11001  |       and|   0|  0|   2|           1|           1|
    |ap_block_pp0_stage3_11001   |       and|   0|  0|   2|           1|           1|
    |ap_block_pp0_stage4_11001   |       and|   0|  0|   2|           1|           1|
    |ap_block_pp0_stage5_11001   |       and|   0|  0|   2|           1|           1|
    |ap_block_pp0_stage6_11001   |       and|   0|  0|   2|           1|           1|
    |ap_block_pp0_stage7_11001   |       and|   0|  0|   2|           1|           1|
    |ap_block_pp0_stage8_11001   |       and|   0|  0|   2|           1|           1|
    |ap_block_state2_io          |       and|   0|  0|   2|           1|           1|
    |ap_condition_1119           |       and|   0|  0|   2|           1|           1|
    |icmp_ln212_fu_140_p2        |      icmp|   0|  0|  14|           6|           6|
    |ap_block_pp0_stage0_11001   |        or|   0|  0|   2|           1|           1|
    |ap_block_pp0_stage10_11001  |        or|   0|  0|   2|           1|           1|
    |ap_block_pp0_stage1_11001   |        or|   0|  0|   2|           1|           1|
    |ap_block_pp0_stage9_01001   |        or|   0|  0|   2|           1|           1|
    |ap_enable_pp0               |       xor|   0|  0|   2|           1|           2|
    +----------------------------+----------+----+---+----+------------+------------+
    |Total                       |          |   0|  0|  98|          47|          43|
    +----------------------------+----------+----+---+----+------------+------------+

    * Multiplexer: 
    +----------------------------------+-----+-----------+-----+-----------+
    |               Name               | LUT | Input Size| Bits| Total Bits|
    +----------------------------------+-----+-----------+-----+-----------+
    |ap_NS_fsm                         |  156|         33|    1|         33|
    |ap_done_int                       |    9|          2|    1|          2|
    |ap_enable_reg_pp0_iter0           |    9|          2|    1|          2|
    |ap_enable_reg_pp0_iter1           |    9|          2|    1|          2|
    |ap_loop_exit_ready_pp0_iter1_reg  |    9|          2|    1|          2|
    |gmem0_blk_n_AR                    |    9|          2|    1|          2|
    |gmem0_blk_n_R                     |    9|          2|    1|          2|
    |i_fu_64                           |    9|          2|    6|         12|
    |s_img_in_blk_n                    |    9|          2|    1|          2|
    +----------------------------------+-----+-----------+-----+-----------+
    |Total                             |  228|         49|   14|         59|
    +----------------------------------+-----+-----------+-----+-----------+

    * Register: 
    +----------------------------------+----+----+-----+-----------+
    |               Name               | FF | LUT| Bits| Const Bits|
    +----------------------------------+----+----+-----+-----------+
    |ap_CS_fsm                         |  32|   0|   32|          0|
    |ap_done_reg                       |   1|   0|    1|          0|
    |ap_enable_reg_pp0_iter0_reg       |   1|   0|    1|          0|
    |ap_enable_reg_pp0_iter1           |   1|   0|    1|          0|
    |ap_loop_exit_ready_pp0_iter1_reg  |   1|   0|    1|          0|
    |first_iter_0_reg_93               |   1|   0|    1|          0|
    |gmem0_addr_read_10_reg_255        |  16|   0|   16|          0|
    |gmem0_addr_read_11_reg_260        |  16|   0|   16|          0|
    |gmem0_addr_read_12_reg_265        |  16|   0|   16|          0|
    |gmem0_addr_read_13_reg_270        |  16|   0|   16|          0|
    |gmem0_addr_read_14_reg_275        |  16|   0|   16|          0|
    |gmem0_addr_read_15_reg_280        |  16|   0|   16|          0|
    |gmem0_addr_read_16_reg_285        |  16|   0|   16|          0|
    |gmem0_addr_read_17_reg_290        |  16|   0|   16|          0|
    |gmem0_addr_read_18_reg_295        |  16|   0|   16|          0|
    |gmem0_addr_read_19_reg_300        |  16|   0|   16|          0|
    |gmem0_addr_read_1_reg_210         |  16|   0|   16|          0|
    |gmem0_addr_read_20_reg_305        |  16|   0|   16|          0|
    |gmem0_addr_read_21_reg_310        |  16|   0|   16|          0|
    |gmem0_addr_read_22_reg_315        |  16|   0|   16|          0|
    |gmem0_addr_read_23_reg_320        |  16|   0|   16|          0|
    |gmem0_addr_read_24_reg_325        |  16|   0|   16|          0|
    |gmem0_addr_read_25_reg_330        |  16|   0|   16|          0|
    |gmem0_addr_read_26_reg_335        |  16|   0|   16|          0|
    |gmem0_addr_read_27_reg_340        |  16|   0|   16|          0|
    |gmem0_addr_read_28_reg_345        |  16|   0|   16|          0|
    |gmem0_addr_read_29_reg_350        |  16|   0|   16|          0|
    |gmem0_addr_read_2_reg_215         |  16|   0|   16|          0|
    |gmem0_addr_read_30_reg_355        |  16|   0|   16|          0|
    |gmem0_addr_read_31_reg_360        |  16|   0|   16|          0|
    |gmem0_addr_read_3_reg_220         |  16|   0|   16|          0|
    |gmem0_addr_read_4_reg_225         |  16|   0|   16|          0|
    |gmem0_addr_read_5_reg_230         |  16|   0|   16|          0|
    |gmem0_addr_read_6_reg_235         |  16|   0|   16|          0|
    |gmem0_addr_read_7_reg_240         |  16|   0|   16|          0|
    |gmem0_addr_read_8_reg_245         |  16|   0|   16|          0|
    |gmem0_addr_read_9_reg_250         |  16|   0|   16|          0|
    |gmem0_addr_read_reg_201           |  16|   0|   16|          0|
    |gmem0_addr_reg_195                |  64|   0|   64|          0|
    |i_fu_64                           |   6|   0|    6|          0|
    |icmp_ln212_reg_206                |   1|   0|    1|          0|
    +----------------------------------+----+----+-----+-----------+
    |Total                             | 620|   0|  620|          0|
    +----------------------------------+----+----+-----+-----------+



================================================================
== Interface
================================================================
* Summary: 
+-------------------------+-----+-----+------------+--------------+--------------+
|        RTL Ports        | Dir | Bits|  Protocol  | Source Object|    C Type    |
+-------------------------+-----+-----+------------+--------------+--------------+
|ap_clk                   |   in|    1|  ap_ctrl_hs|    load_image|  return value|
|ap_rst                   |   in|    1|  ap_ctrl_hs|    load_image|  return value|
|ap_start                 |   in|    1|  ap_ctrl_hs|    load_image|  return value|
|ap_done                  |  out|    1|  ap_ctrl_hs|    load_image|  return value|
|ap_continue              |   in|    1|  ap_ctrl_hs|    load_image|  return value|
|ap_idle                  |  out|    1|  ap_ctrl_hs|    load_image|  return value|
|ap_ready                 |  out|    1|  ap_ctrl_hs|    load_image|  return value|
|m_axi_gmem0_0_AWVALID    |  out|    1|       m_axi|         gmem0|       pointer|
|m_axi_gmem0_0_AWREADY    |   in|    1|       m_axi|         gmem0|       pointer|
|m_axi_gmem0_0_AWADDR     |  out|   64|       m_axi|         gmem0|       pointer|
|m_axi_gmem0_0_AWID       |  out|    1|       m_axi|         gmem0|       pointer|
|m_axi_gmem0_0_AWLEN      |  out|   32|       m_axi|         gmem0|       pointer|
|m_axi_gmem0_0_AWSIZE     |  out|    3|       m_axi|         gmem0|       pointer|
|m_axi_gmem0_0_AWBURST    |  out|    2|       m_axi|         gmem0|       pointer|
|m_axi_gmem0_0_AWLOCK     |  out|    2|       m_axi|         gmem0|       pointer|
|m_axi_gmem0_0_AWCACHE    |  out|    4|       m_axi|         gmem0|       pointer|
|m_axi_gmem0_0_AWPROT     |  out|    3|       m_axi|         gmem0|       pointer|
|m_axi_gmem0_0_AWQOS      |  out|    4|       m_axi|         gmem0|       pointer|
|m_axi_gmem0_0_AWREGION   |  out|    4|       m_axi|         gmem0|       pointer|
|m_axi_gmem0_0_AWUSER     |  out|    1|       m_axi|         gmem0|       pointer|
|m_axi_gmem0_0_WVALID     |  out|    1|       m_axi|         gmem0|       pointer|
|m_axi_gmem0_0_WREADY     |   in|    1|       m_axi|         gmem0|       pointer|
|m_axi_gmem0_0_WDATA      |  out|   16|       m_axi|         gmem0|       pointer|
|m_axi_gmem0_0_WSTRB      |  out|    2|       m_axi|         gmem0|       pointer|
|m_axi_gmem0_0_WLAST      |  out|    1|       m_axi|         gmem0|       pointer|
|m_axi_gmem0_0_WID        |  out|    1|       m_axi|         gmem0|       pointer|
|m_axi_gmem0_0_WUSER      |  out|    1|       m_axi|         gmem0|       pointer|
|m_axi_gmem0_0_ARVALID    |  out|    1|       m_axi|         gmem0|       pointer|
|m_axi_gmem0_0_ARREADY    |   in|    1|       m_axi|         gmem0|       pointer|
|m_axi_gmem0_0_ARADDR     |  out|   64|       m_axi|         gmem0|       pointer|
|m_axi_gmem0_0_ARID       |  out|    1|       m_axi|         gmem0|       pointer|
|m_axi_gmem0_0_ARLEN      |  out|   32|       m_axi|         gmem0|       pointer|
|m_axi_gmem0_0_ARSIZE     |  out|    3|       m_axi|         gmem0|       pointer|
|m_axi_gmem0_0_ARBURST    |  out|    2|       m_axi|         gmem0|       pointer|
|m_axi_gmem0_0_ARLOCK     |  out|    2|       m_axi|         gmem0|       pointer|
|m_axi_gmem0_0_ARCACHE    |  out|    4|       m_axi|         gmem0|       pointer|
|m_axi_gmem0_0_ARPROT     |  out|    3|       m_axi|         gmem0|       pointer|
|m_axi_gmem0_0_ARQOS      |  out|    4|       m_axi|         gmem0|       pointer|
|m_axi_gmem0_0_ARREGION   |  out|    4|       m_axi|         gmem0|       pointer|
|m_axi_gmem0_0_ARUSER     |  out|    1|       m_axi|         gmem0|       pointer|
|m_axi_gmem0_0_RVALID     |   in|    1|       m_axi|         gmem0|       pointer|
|m_axi_gmem0_0_RREADY     |  out|    1|       m_axi|         gmem0|       pointer|
|m_axi_gmem0_0_RDATA      |   in|   16|       m_axi|         gmem0|       pointer|
|m_axi_gmem0_0_RLAST      |   in|    1|       m_axi|         gmem0|       pointer|
|m_axi_gmem0_0_RID        |   in|    1|       m_axi|         gmem0|       pointer|
|m_axi_gmem0_0_RFIFONUM   |   in|   10|       m_axi|         gmem0|       pointer|
|m_axi_gmem0_0_RUSER      |   in|    1|       m_axi|         gmem0|       pointer|
|m_axi_gmem0_0_RRESP      |   in|    2|       m_axi|         gmem0|       pointer|
|m_axi_gmem0_0_BVALID     |   in|    1|       m_axi|         gmem0|       pointer|
|m_axi_gmem0_0_BREADY     |  out|    1|       m_axi|         gmem0|       pointer|
|m_axi_gmem0_0_BRESP      |   in|    2|       m_axi|         gmem0|       pointer|
|m_axi_gmem0_0_BID        |   in|    1|       m_axi|         gmem0|       pointer|
|m_axi_gmem0_0_BUSER      |   in|    1|       m_axi|         gmem0|       pointer|
|s_img_in_din             |  out|  512|     ap_fifo|      s_img_in|       pointer|
|s_img_in_full_n          |   in|    1|     ap_fifo|      s_img_in|       pointer|
|s_img_in_write           |  out|    1|     ap_fifo|      s_img_in|       pointer|
|s_img_in_num_data_valid  |   in|    3|     ap_fifo|      s_img_in|       pointer|
|s_img_in_fifo_cap        |   in|    3|     ap_fifo|      s_img_in|       pointer|
|image_in                 |   in|   64|     ap_none|      image_in|        scalar|
+-------------------------+-----+-----+------------+--------------+--------------+

============================================================
+ Verbose Summary: Synthesis Manager
============================================================
InlineROM: 1
ExposeGlobal: 0
============================================================
+ Verbose Summary: CDFG Model
============================================================
IsTopModel: 0
ResetActiveHigh: 1
IsCombinational: 2
IsDatapathOnly: 0
HasWiredReturn: 1
HasMFsm: 2
HasVarLatency: 1
IsPipeline: 0
IsRtlPipelined: 0
IsInstanceOverlapped: 0
IsDontTouch: 0
HasImplIP: 0
IsGatedGlobalClock: 0

+ Individual pipeline summary: 
  * Pipeline-0: initiation interval (II) = 32, depth = 42


============================================================
+ Verbose Summary: Schedule
============================================================
* Number of FSM states : 42
* Pipeline : 1
  Pipeline-0 : II = 32, D = 42, States = { 1 2 3 4 5 6 7 8 9 10 11 12 13 14 15 16 17 18 19 20 21 22 23 24 25 26 27 28 29 30 31 32 33 34 35 36 37 38 39 40 41 42 }
* Dataflow Pipeline: 0

* FSM state transitions: 
1 --> 2 
2 --> 3 
3 --> 4 
4 --> 5 
5 --> 6 
6 --> 7 
7 --> 8 
8 --> 9 
9 --> 10 
10 --> 11 
11 --> 12 
12 --> 13 
13 --> 14 
14 --> 15 
15 --> 16 
16 --> 17 
17 --> 18 
18 --> 19 
19 --> 20 
20 --> 21 
21 --> 22 
22 --> 23 
23 --> 24 
24 --> 25 
25 --> 26 
26 --> 27 
27 --> 28 
28 --> 29 
29 --> 30 
30 --> 31 
31 --> 32 
32 --> 33 
33 --> 34 
34 --> 35 
35 --> 36 
36 --> 37 
37 --> 38 
38 --> 39 
39 --> 40 
40 --> 41 
41 --> 42 
42 --> 

* FSM state operations: 

State 1 <SV = 0> <Delay = 0.83>
ST_1 : Operation 45 [1/1] (0.00ns)   --->   "%i = alloca i32 1" [yolo_backbone_4.cpp:212]   --->   Operation 45 'alloca' 'i' <Predicate = true> <Delay = 0.00>
ST_1 : Operation 46 [1/1] (0.00ns)   --->   "%specinterface_ln0 = specinterface void @_ssdm_op_SpecInterface, i512 %s_img_in, void @empty_1, i32 0, i32 0, void @empty_9, i32 0, i32 0, void @empty_9, void @empty_9, void @empty_9, i32 0, i32 0, i32 0, i32 0, void @empty_9, void @empty_9, i32 4294967295, i32 0, i32 0, i32 0"   --->   Operation 46 'specinterface' 'specinterface_ln0' <Predicate = true> <Delay = 0.00>
ST_1 : Operation 47 [1/1] (0.00ns)   --->   "%specinterface_ln0 = specinterface void @_ssdm_op_SpecInterface, i16 %gmem0, void @empty_8, i32 0, i32 0, void @empty_9, i32 0, i32 0, void @empty_32, void @empty_31, void @empty_9, i32 16, i32 16, i32 16, i32 16, void @empty_9, void @empty_9, i32 4294967295, i32 0, i32 0, i32 2"   --->   Operation 47 'specinterface' 'specinterface_ln0' <Predicate = true> <Delay = 0.00>
ST_1 : Operation 48 [1/1] (0.00ns)   --->   "%image_in_read = read i64 @_ssdm_op_Read.ap_auto.i64, i64 %image_in" [yolo_backbone_4.cpp:211]   --->   Operation 48 'read' 'image_in_read' <Predicate = true> <Delay = 0.00>
ST_1 : Operation 49 [1/1] (0.83ns)   --->   "%store_ln212 = store i6 0, i6 %i" [yolo_backbone_4.cpp:212]   --->   Operation 49 'store' 'store_ln212' <Predicate = true> <Delay = 0.83>
ST_1 : Operation 50 [1/1] (0.83ns)   --->   "%br_ln212 = br void %new.header" [yolo_backbone_4.cpp:212]   --->   Operation 50 'br' 'br_ln212' <Predicate = true> <Delay = 0.83>
ST_1 : Operation 51 [1/1] (0.00ns)   --->   "%first_iter_0 = phi i1 1, void %entry, i1 0, void %VITIS_LOOP_215_2.split"   --->   Operation 51 'phi' 'first_iter_0' <Predicate = true> <Delay = 0.00>
ST_1 : Operation 52 [1/1] (0.00ns)   --->   "%trunc_ln = partselect i63 @_ssdm_op_PartSelect.i63.i64.i32.i32, i64 %image_in_read, i32 1, i32 63" [yolo_backbone_4.cpp:212]   --->   Operation 52 'partselect' 'trunc_ln' <Predicate = true> <Delay = 0.00>
ST_1 : Operation 53 [1/1] (0.00ns)   --->   "%sext_ln212 = sext i63 %trunc_ln" [yolo_backbone_4.cpp:212]   --->   Operation 53 'sext' 'sext_ln212' <Predicate = true> <Delay = 0.00>
ST_1 : Operation 54 [1/1] (0.00ns)   --->   "%gmem0_addr = getelementptr i16 %gmem0, i64 %sext_ln212" [yolo_backbone_4.cpp:212]   --->   Operation 54 'getelementptr' 'gmem0_addr' <Predicate = true> <Delay = 0.00>
ST_1 : Operation 55 [1/1] (0.00ns)   --->   "%br_ln0 = br i1 %first_iter_0, void %VITIS_LOOP_215_2.split, void %for.first.iter.VITIS_LOOP_215_2.split"   --->   Operation 55 'br' 'br_ln0' <Predicate = true> <Delay = 0.00>

State 2 <SV = 1> <Delay = 0.00>
ST_2 : Operation 56 [8/8] (7.30ns)   --->   "%empty = readreq i1 @_ssdm_op_ReadReq.m_axi.p1i16, i64 %gmem0_addr, i64 1152" [yolo_backbone_4.cpp:212]   --->   Operation 56 'readreq' 'empty' <Predicate = (first_iter_0)> <Delay = 7.30> <CoreInst = "m_axi">   --->   Core 111 'm_axi' <Latency = 6> <II = 1> <Delay = 1.00> <Adapter> <Opcode : 'readrequnaligned' 'writerequnaligned' 'read' 'write' 'readreq' 'writereq' 'writeresp'>

State 3 <SV = 2> <Delay = 0.00>
ST_3 : Operation 57 [7/8] (7.30ns)   --->   "%empty = readreq i1 @_ssdm_op_ReadReq.m_axi.p1i16, i64 %gmem0_addr, i64 1152" [yolo_backbone_4.cpp:212]   --->   Operation 57 'readreq' 'empty' <Predicate = (first_iter_0)> <Delay = 7.30> <CoreInst = "m_axi">   --->   Core 111 'm_axi' <Latency = 6> <II = 1> <Delay = 1.00> <Adapter> <Opcode : 'readrequnaligned' 'writerequnaligned' 'read' 'write' 'readreq' 'writereq' 'writeresp'>

State 4 <SV = 3> <Delay = 0.00>
ST_4 : Operation 58 [6/8] (7.30ns)   --->   "%empty = readreq i1 @_ssdm_op_ReadReq.m_axi.p1i16, i64 %gmem0_addr, i64 1152" [yolo_backbone_4.cpp:212]   --->   Operation 58 'readreq' 'empty' <Predicate = (first_iter_0)> <Delay = 7.30> <CoreInst = "m_axi">   --->   Core 111 'm_axi' <Latency = 6> <II = 1> <Delay = 1.00> <Adapter> <Opcode : 'readrequnaligned' 'writerequnaligned' 'read' 'write' 'readreq' 'writereq' 'writeresp'>

State 5 <SV = 4> <Delay = 0.00>
ST_5 : Operation 59 [5/8] (7.30ns)   --->   "%empty = readreq i1 @_ssdm_op_ReadReq.m_axi.p1i16, i64 %gmem0_addr, i64 1152" [yolo_backbone_4.cpp:212]   --->   Operation 59 'readreq' 'empty' <Predicate = (first_iter_0)> <Delay = 7.30> <CoreInst = "m_axi">   --->   Core 111 'm_axi' <Latency = 6> <II = 1> <Delay = 1.00> <Adapter> <Opcode : 'readrequnaligned' 'writerequnaligned' 'read' 'write' 'readreq' 'writereq' 'writeresp'>

State 6 <SV = 5> <Delay = 0.00>
ST_6 : Operation 60 [4/8] (7.30ns)   --->   "%empty = readreq i1 @_ssdm_op_ReadReq.m_axi.p1i16, i64 %gmem0_addr, i64 1152" [yolo_backbone_4.cpp:212]   --->   Operation 60 'readreq' 'empty' <Predicate = (first_iter_0)> <Delay = 7.30> <CoreInst = "m_axi">   --->   Core 111 'm_axi' <Latency = 6> <II = 1> <Delay = 1.00> <Adapter> <Opcode : 'readrequnaligned' 'writerequnaligned' 'read' 'write' 'readreq' 'writereq' 'writeresp'>

State 7 <SV = 6> <Delay = 0.00>
ST_7 : Operation 61 [3/8] (7.30ns)   --->   "%empty = readreq i1 @_ssdm_op_ReadReq.m_axi.p1i16, i64 %gmem0_addr, i64 1152" [yolo_backbone_4.cpp:212]   --->   Operation 61 'readreq' 'empty' <Predicate = (first_iter_0)> <Delay = 7.30> <CoreInst = "m_axi">   --->   Core 111 'm_axi' <Latency = 6> <II = 1> <Delay = 1.00> <Adapter> <Opcode : 'readrequnaligned' 'writerequnaligned' 'read' 'write' 'readreq' 'writereq' 'writeresp'>

State 8 <SV = 7> <Delay = 0.00>
ST_8 : Operation 62 [2/8] (7.30ns)   --->   "%empty = readreq i1 @_ssdm_op_ReadReq.m_axi.p1i16, i64 %gmem0_addr, i64 1152" [yolo_backbone_4.cpp:212]   --->   Operation 62 'readreq' 'empty' <Predicate = (first_iter_0)> <Delay = 7.30> <CoreInst = "m_axi">   --->   Core 111 'm_axi' <Latency = 6> <II = 1> <Delay = 1.00> <Adapter> <Opcode : 'readrequnaligned' 'writerequnaligned' 'read' 'write' 'readreq' 'writereq' 'writeresp'>

State 9 <SV = 8> <Delay = 7.30>
ST_9 : Operation 63 [1/8] ( I:7.30ns O:7.30ns )   --->   "%empty = readreq i1 @_ssdm_op_ReadReq.m_axi.p1i16, i64 %gmem0_addr, i64 1152" [yolo_backbone_4.cpp:212]   --->   Operation 63 'readreq' 'empty' <Predicate = (first_iter_0)> <Delay = 7.30> <CoreInst = "m_axi">   --->   Core 111 'm_axi' <Latency = 6> <II = 1> <Delay = 1.00> <Adapter> <Opcode : 'readrequnaligned' 'writerequnaligned' 'read' 'write' 'readreq' 'writereq' 'writeresp'>
ST_9 : Operation 64 [1/1] (0.00ns)   --->   "%br_ln0 = br void %VITIS_LOOP_215_2.split"   --->   Operation 64 'br' 'br_ln0' <Predicate = (first_iter_0)> <Delay = 0.00>

State 10 <SV = 9> <Delay = 7.30>
ST_10 : Operation 65 [1/1] (0.00ns)   --->   "%i_load = load i6 %i" [yolo_backbone_4.cpp:212]   --->   Operation 65 'load' 'i_load' <Predicate = true> <Delay = 0.00>
ST_10 : Operation 66 [1/1] ( I:7.30ns O:7.30ns )   --->   "%gmem0_addr_read = read i16 @_ssdm_op_Read.m_axi.i16.p1i16, i64 %gmem0_addr" [yolo_backbone_4.cpp:215]   --->   Operation 66 'read' 'gmem0_addr_read' <Predicate = true> <Delay = 7.30> <CoreInst = "m_axi">   --->   Core 111 'm_axi' <Latency = 3> <II = 1> <Delay = 1.00> <Adapter> <Opcode : 'readrequnaligned' 'writerequnaligned' 'read' 'write' 'readreq' 'writereq' 'writeresp'>
ST_10 : Operation 67 [1/1] (1.18ns)   --->   "%i_5 = add i6 %i_load, i6 1" [yolo_backbone_4.cpp:212]   --->   Operation 67 'add' 'i_5' <Predicate = true> <Delay = 1.18> <CoreInst = "Adder">   --->   Core 1 'Adder' <Latency = 0> <II = 1> <Delay = 1.18> <FuncUnit> <Opcode : 'add' 'sub'> <InPorts = 2> <OutPorts = 1>
ST_10 : Operation 68 [1/1] (1.18ns)   --->   "%icmp_ln212 = icmp_eq  i6 %i_load, i6 35" [yolo_backbone_4.cpp:212]   --->   Operation 68 'icmp' 'icmp_ln212' <Predicate = true> <Delay = 1.18> <CoreInst = "Cmp">   --->   Core 9 'Cmp' <Latency = 0> <II = 1> <Delay = 1.18> <FuncUnit> <Opcode : 'seteq' 'setne' 'setle' 'setge' 'setlt' 'setgt'> <InPorts = 2> <OutPorts = 1>
ST_10 : Operation 69 [1/1] (0.83ns)   --->   "%store_ln212 = store i6 %i_5, i6 %i" [yolo_backbone_4.cpp:212]   --->   Operation 69 'store' 'store_ln212' <Predicate = true> <Delay = 0.83>
ST_10 : Operation 70 [1/1] (0.00ns)   --->   "%br_ln212 = br i1 %icmp_ln212, void %new.header, void %for.end9" [yolo_backbone_4.cpp:212]   --->   Operation 70 'br' 'br_ln212' <Predicate = true> <Delay = 0.00>

State 11 <SV = 10> <Delay = 7.30>
ST_11 : Operation 71 [1/1] ( I:7.30ns O:7.30ns )   --->   "%gmem0_addr_read_1 = read i16 @_ssdm_op_Read.m_axi.i16.p1i16, i64 %gmem0_addr" [yolo_backbone_4.cpp:215]   --->   Operation 71 'read' 'gmem0_addr_read_1' <Predicate = true> <Delay = 7.30> <CoreInst = "m_axi">   --->   Core 111 'm_axi' <Latency = 3> <II = 1> <Delay = 1.00> <Adapter> <Opcode : 'readrequnaligned' 'writerequnaligned' 'read' 'write' 'readreq' 'writereq' 'writeresp'>

State 12 <SV = 11> <Delay = 7.30>
ST_12 : Operation 72 [1/1] ( I:7.30ns O:7.30ns )   --->   "%gmem0_addr_read_2 = read i16 @_ssdm_op_Read.m_axi.i16.p1i16, i64 %gmem0_addr" [yolo_backbone_4.cpp:215]   --->   Operation 72 'read' 'gmem0_addr_read_2' <Predicate = true> <Delay = 7.30> <CoreInst = "m_axi">   --->   Core 111 'm_axi' <Latency = 3> <II = 1> <Delay = 1.00> <Adapter> <Opcode : 'readrequnaligned' 'writerequnaligned' 'read' 'write' 'readreq' 'writereq' 'writeresp'>

State 13 <SV = 12> <Delay = 7.30>
ST_13 : Operation 73 [1/1] ( I:7.30ns O:7.30ns )   --->   "%gmem0_addr_read_3 = read i16 @_ssdm_op_Read.m_axi.i16.p1i16, i64 %gmem0_addr" [yolo_backbone_4.cpp:215]   --->   Operation 73 'read' 'gmem0_addr_read_3' <Predicate = true> <Delay = 7.30> <CoreInst = "m_axi">   --->   Core 111 'm_axi' <Latency = 3> <II = 1> <Delay = 1.00> <Adapter> <Opcode : 'readrequnaligned' 'writerequnaligned' 'read' 'write' 'readreq' 'writereq' 'writeresp'>

State 14 <SV = 13> <Delay = 7.30>
ST_14 : Operation 74 [1/1] ( I:7.30ns O:7.30ns )   --->   "%gmem0_addr_read_4 = read i16 @_ssdm_op_Read.m_axi.i16.p1i16, i64 %gmem0_addr" [yolo_backbone_4.cpp:215]   --->   Operation 74 'read' 'gmem0_addr_read_4' <Predicate = true> <Delay = 7.30> <CoreInst = "m_axi">   --->   Core 111 'm_axi' <Latency = 3> <II = 1> <Delay = 1.00> <Adapter> <Opcode : 'readrequnaligned' 'writerequnaligned' 'read' 'write' 'readreq' 'writereq' 'writeresp'>

State 15 <SV = 14> <Delay = 7.30>
ST_15 : Operation 75 [1/1] ( I:7.30ns O:7.30ns )   --->   "%gmem0_addr_read_5 = read i16 @_ssdm_op_Read.m_axi.i16.p1i16, i64 %gmem0_addr" [yolo_backbone_4.cpp:215]   --->   Operation 75 'read' 'gmem0_addr_read_5' <Predicate = true> <Delay = 7.30> <CoreInst = "m_axi">   --->   Core 111 'm_axi' <Latency = 3> <II = 1> <Delay = 1.00> <Adapter> <Opcode : 'readrequnaligned' 'writerequnaligned' 'read' 'write' 'readreq' 'writereq' 'writeresp'>

State 16 <SV = 15> <Delay = 7.30>
ST_16 : Operation 76 [1/1] ( I:7.30ns O:7.30ns )   --->   "%gmem0_addr_read_6 = read i16 @_ssdm_op_Read.m_axi.i16.p1i16, i64 %gmem0_addr" [yolo_backbone_4.cpp:215]   --->   Operation 76 'read' 'gmem0_addr_read_6' <Predicate = true> <Delay = 7.30> <CoreInst = "m_axi">   --->   Core 111 'm_axi' <Latency = 3> <II = 1> <Delay = 1.00> <Adapter> <Opcode : 'readrequnaligned' 'writerequnaligned' 'read' 'write' 'readreq' 'writereq' 'writeresp'>

State 17 <SV = 16> <Delay = 7.30>
ST_17 : Operation 77 [1/1] ( I:7.30ns O:7.30ns )   --->   "%gmem0_addr_read_7 = read i16 @_ssdm_op_Read.m_axi.i16.p1i16, i64 %gmem0_addr" [yolo_backbone_4.cpp:215]   --->   Operation 77 'read' 'gmem0_addr_read_7' <Predicate = true> <Delay = 7.30> <CoreInst = "m_axi">   --->   Core 111 'm_axi' <Latency = 3> <II = 1> <Delay = 1.00> <Adapter> <Opcode : 'readrequnaligned' 'writerequnaligned' 'read' 'write' 'readreq' 'writereq' 'writeresp'>

State 18 <SV = 17> <Delay = 7.30>
ST_18 : Operation 78 [1/1] ( I:7.30ns O:7.30ns )   --->   "%gmem0_addr_read_8 = read i16 @_ssdm_op_Read.m_axi.i16.p1i16, i64 %gmem0_addr" [yolo_backbone_4.cpp:215]   --->   Operation 78 'read' 'gmem0_addr_read_8' <Predicate = true> <Delay = 7.30> <CoreInst = "m_axi">   --->   Core 111 'm_axi' <Latency = 3> <II = 1> <Delay = 1.00> <Adapter> <Opcode : 'readrequnaligned' 'writerequnaligned' 'read' 'write' 'readreq' 'writereq' 'writeresp'>

State 19 <SV = 18> <Delay = 7.30>
ST_19 : Operation 79 [1/1] ( I:7.30ns O:7.30ns )   --->   "%gmem0_addr_read_9 = read i16 @_ssdm_op_Read.m_axi.i16.p1i16, i64 %gmem0_addr" [yolo_backbone_4.cpp:215]   --->   Operation 79 'read' 'gmem0_addr_read_9' <Predicate = true> <Delay = 7.30> <CoreInst = "m_axi">   --->   Core 111 'm_axi' <Latency = 3> <II = 1> <Delay = 1.00> <Adapter> <Opcode : 'readrequnaligned' 'writerequnaligned' 'read' 'write' 'readreq' 'writereq' 'writeresp'>

State 20 <SV = 19> <Delay = 7.30>
ST_20 : Operation 80 [1/1] ( I:7.30ns O:7.30ns )   --->   "%gmem0_addr_read_10 = read i16 @_ssdm_op_Read.m_axi.i16.p1i16, i64 %gmem0_addr" [yolo_backbone_4.cpp:215]   --->   Operation 80 'read' 'gmem0_addr_read_10' <Predicate = true> <Delay = 7.30> <CoreInst = "m_axi">   --->   Core 111 'm_axi' <Latency = 3> <II = 1> <Delay = 1.00> <Adapter> <Opcode : 'readrequnaligned' 'writerequnaligned' 'read' 'write' 'readreq' 'writereq' 'writeresp'>

State 21 <SV = 20> <Delay = 7.30>
ST_21 : Operation 81 [1/1] ( I:7.30ns O:7.30ns )   --->   "%gmem0_addr_read_11 = read i16 @_ssdm_op_Read.m_axi.i16.p1i16, i64 %gmem0_addr" [yolo_backbone_4.cpp:215]   --->   Operation 81 'read' 'gmem0_addr_read_11' <Predicate = true> <Delay = 7.30> <CoreInst = "m_axi">   --->   Core 111 'm_axi' <Latency = 3> <II = 1> <Delay = 1.00> <Adapter> <Opcode : 'readrequnaligned' 'writerequnaligned' 'read' 'write' 'readreq' 'writereq' 'writeresp'>

State 22 <SV = 21> <Delay = 7.30>
ST_22 : Operation 82 [1/1] ( I:7.30ns O:7.30ns )   --->   "%gmem0_addr_read_12 = read i16 @_ssdm_op_Read.m_axi.i16.p1i16, i64 %gmem0_addr" [yolo_backbone_4.cpp:215]   --->   Operation 82 'read' 'gmem0_addr_read_12' <Predicate = true> <Delay = 7.30> <CoreInst = "m_axi">   --->   Core 111 'm_axi' <Latency = 3> <II = 1> <Delay = 1.00> <Adapter> <Opcode : 'readrequnaligned' 'writerequnaligned' 'read' 'write' 'readreq' 'writereq' 'writeresp'>

State 23 <SV = 22> <Delay = 7.30>
ST_23 : Operation 83 [1/1] ( I:7.30ns O:7.30ns )   --->   "%gmem0_addr_read_13 = read i16 @_ssdm_op_Read.m_axi.i16.p1i16, i64 %gmem0_addr" [yolo_backbone_4.cpp:215]   --->   Operation 83 'read' 'gmem0_addr_read_13' <Predicate = true> <Delay = 7.30> <CoreInst = "m_axi">   --->   Core 111 'm_axi' <Latency = 3> <II = 1> <Delay = 1.00> <Adapter> <Opcode : 'readrequnaligned' 'writerequnaligned' 'read' 'write' 'readreq' 'writereq' 'writeresp'>

State 24 <SV = 23> <Delay = 7.30>
ST_24 : Operation 84 [1/1] ( I:7.30ns O:7.30ns )   --->   "%gmem0_addr_read_14 = read i16 @_ssdm_op_Read.m_axi.i16.p1i16, i64 %gmem0_addr" [yolo_backbone_4.cpp:215]   --->   Operation 84 'read' 'gmem0_addr_read_14' <Predicate = true> <Delay = 7.30> <CoreInst = "m_axi">   --->   Core 111 'm_axi' <Latency = 3> <II = 1> <Delay = 1.00> <Adapter> <Opcode : 'readrequnaligned' 'writerequnaligned' 'read' 'write' 'readreq' 'writereq' 'writeresp'>

State 25 <SV = 24> <Delay = 7.30>
ST_25 : Operation 85 [1/1] ( I:7.30ns O:7.30ns )   --->   "%gmem0_addr_read_15 = read i16 @_ssdm_op_Read.m_axi.i16.p1i16, i64 %gmem0_addr" [yolo_backbone_4.cpp:215]   --->   Operation 85 'read' 'gmem0_addr_read_15' <Predicate = true> <Delay = 7.30> <CoreInst = "m_axi">   --->   Core 111 'm_axi' <Latency = 3> <II = 1> <Delay = 1.00> <Adapter> <Opcode : 'readrequnaligned' 'writerequnaligned' 'read' 'write' 'readreq' 'writereq' 'writeresp'>

State 26 <SV = 25> <Delay = 7.30>
ST_26 : Operation 86 [1/1] ( I:7.30ns O:7.30ns )   --->   "%gmem0_addr_read_16 = read i16 @_ssdm_op_Read.m_axi.i16.p1i16, i64 %gmem0_addr" [yolo_backbone_4.cpp:215]   --->   Operation 86 'read' 'gmem0_addr_read_16' <Predicate = true> <Delay = 7.30> <CoreInst = "m_axi">   --->   Core 111 'm_axi' <Latency = 3> <II = 1> <Delay = 1.00> <Adapter> <Opcode : 'readrequnaligned' 'writerequnaligned' 'read' 'write' 'readreq' 'writereq' 'writeresp'>

State 27 <SV = 26> <Delay = 7.30>
ST_27 : Operation 87 [1/1] ( I:7.30ns O:7.30ns )   --->   "%gmem0_addr_read_17 = read i16 @_ssdm_op_Read.m_axi.i16.p1i16, i64 %gmem0_addr" [yolo_backbone_4.cpp:215]   --->   Operation 87 'read' 'gmem0_addr_read_17' <Predicate = true> <Delay = 7.30> <CoreInst = "m_axi">   --->   Core 111 'm_axi' <Latency = 3> <II = 1> <Delay = 1.00> <Adapter> <Opcode : 'readrequnaligned' 'writerequnaligned' 'read' 'write' 'readreq' 'writereq' 'writeresp'>

State 28 <SV = 27> <Delay = 7.30>
ST_28 : Operation 88 [1/1] ( I:7.30ns O:7.30ns )   --->   "%gmem0_addr_read_18 = read i16 @_ssdm_op_Read.m_axi.i16.p1i16, i64 %gmem0_addr" [yolo_backbone_4.cpp:215]   --->   Operation 88 'read' 'gmem0_addr_read_18' <Predicate = true> <Delay = 7.30> <CoreInst = "m_axi">   --->   Core 111 'm_axi' <Latency = 3> <II = 1> <Delay = 1.00> <Adapter> <Opcode : 'readrequnaligned' 'writerequnaligned' 'read' 'write' 'readreq' 'writereq' 'writeresp'>

State 29 <SV = 28> <Delay = 7.30>
ST_29 : Operation 89 [1/1] ( I:7.30ns O:7.30ns )   --->   "%gmem0_addr_read_19 = read i16 @_ssdm_op_Read.m_axi.i16.p1i16, i64 %gmem0_addr" [yolo_backbone_4.cpp:215]   --->   Operation 89 'read' 'gmem0_addr_read_19' <Predicate = true> <Delay = 7.30> <CoreInst = "m_axi">   --->   Core 111 'm_axi' <Latency = 3> <II = 1> <Delay = 1.00> <Adapter> <Opcode : 'readrequnaligned' 'writerequnaligned' 'read' 'write' 'readreq' 'writereq' 'writeresp'>

State 30 <SV = 29> <Delay = 7.30>
ST_30 : Operation 90 [1/1] ( I:7.30ns O:7.30ns )   --->   "%gmem0_addr_read_20 = read i16 @_ssdm_op_Read.m_axi.i16.p1i16, i64 %gmem0_addr" [yolo_backbone_4.cpp:215]   --->   Operation 90 'read' 'gmem0_addr_read_20' <Predicate = true> <Delay = 7.30> <CoreInst = "m_axi">   --->   Core 111 'm_axi' <Latency = 3> <II = 1> <Delay = 1.00> <Adapter> <Opcode : 'readrequnaligned' 'writerequnaligned' 'read' 'write' 'readreq' 'writereq' 'writeresp'>

State 31 <SV = 30> <Delay = 7.30>
ST_31 : Operation 91 [1/1] ( I:7.30ns O:7.30ns )   --->   "%gmem0_addr_read_21 = read i16 @_ssdm_op_Read.m_axi.i16.p1i16, i64 %gmem0_addr" [yolo_backbone_4.cpp:215]   --->   Operation 91 'read' 'gmem0_addr_read_21' <Predicate = true> <Delay = 7.30> <CoreInst = "m_axi">   --->   Core 111 'm_axi' <Latency = 3> <II = 1> <Delay = 1.00> <Adapter> <Opcode : 'readrequnaligned' 'writerequnaligned' 'read' 'write' 'readreq' 'writereq' 'writeresp'>

State 32 <SV = 31> <Delay = 7.30>
ST_32 : Operation 92 [1/1] ( I:7.30ns O:7.30ns )   --->   "%gmem0_addr_read_22 = read i16 @_ssdm_op_Read.m_axi.i16.p1i16, i64 %gmem0_addr" [yolo_backbone_4.cpp:215]   --->   Operation 92 'read' 'gmem0_addr_read_22' <Predicate = true> <Delay = 7.30> <CoreInst = "m_axi">   --->   Core 111 'm_axi' <Latency = 3> <II = 1> <Delay = 1.00> <Adapter> <Opcode : 'readrequnaligned' 'writerequnaligned' 'read' 'write' 'readreq' 'writereq' 'writeresp'>

State 33 <SV = 32> <Delay = 7.30>
ST_33 : Operation 93 [1/1] ( I:7.30ns O:7.30ns )   --->   "%gmem0_addr_read_23 = read i16 @_ssdm_op_Read.m_axi.i16.p1i16, i64 %gmem0_addr" [yolo_backbone_4.cpp:215]   --->   Operation 93 'read' 'gmem0_addr_read_23' <Predicate = true> <Delay = 7.30> <CoreInst = "m_axi">   --->   Core 111 'm_axi' <Latency = 3> <II = 1> <Delay = 1.00> <Adapter> <Opcode : 'readrequnaligned' 'writerequnaligned' 'read' 'write' 'readreq' 'writereq' 'writeresp'>

State 34 <SV = 33> <Delay = 7.30>
ST_34 : Operation 94 [1/1] ( I:7.30ns O:7.30ns )   --->   "%gmem0_addr_read_24 = read i16 @_ssdm_op_Read.m_axi.i16.p1i16, i64 %gmem0_addr" [yolo_backbone_4.cpp:215]   --->   Operation 94 'read' 'gmem0_addr_read_24' <Predicate = true> <Delay = 7.30> <CoreInst = "m_axi">   --->   Core 111 'm_axi' <Latency = 3> <II = 1> <Delay = 1.00> <Adapter> <Opcode : 'readrequnaligned' 'writerequnaligned' 'read' 'write' 'readreq' 'writereq' 'writeresp'>

State 35 <SV = 34> <Delay = 7.30>
ST_35 : Operation 95 [1/1] ( I:7.30ns O:7.30ns )   --->   "%gmem0_addr_read_25 = read i16 @_ssdm_op_Read.m_axi.i16.p1i16, i64 %gmem0_addr" [yolo_backbone_4.cpp:215]   --->   Operation 95 'read' 'gmem0_addr_read_25' <Predicate = true> <Delay = 7.30> <CoreInst = "m_axi">   --->   Core 111 'm_axi' <Latency = 3> <II = 1> <Delay = 1.00> <Adapter> <Opcode : 'readrequnaligned' 'writerequnaligned' 'read' 'write' 'readreq' 'writereq' 'writeresp'>

State 36 <SV = 35> <Delay = 7.30>
ST_36 : Operation 96 [1/1] ( I:7.30ns O:7.30ns )   --->   "%gmem0_addr_read_26 = read i16 @_ssdm_op_Read.m_axi.i16.p1i16, i64 %gmem0_addr" [yolo_backbone_4.cpp:215]   --->   Operation 96 'read' 'gmem0_addr_read_26' <Predicate = true> <Delay = 7.30> <CoreInst = "m_axi">   --->   Core 111 'm_axi' <Latency = 3> <II = 1> <Delay = 1.00> <Adapter> <Opcode : 'readrequnaligned' 'writerequnaligned' 'read' 'write' 'readreq' 'writereq' 'writeresp'>

State 37 <SV = 36> <Delay = 7.30>
ST_37 : Operation 97 [1/1] ( I:7.30ns O:7.30ns )   --->   "%gmem0_addr_read_27 = read i16 @_ssdm_op_Read.m_axi.i16.p1i16, i64 %gmem0_addr" [yolo_backbone_4.cpp:215]   --->   Operation 97 'read' 'gmem0_addr_read_27' <Predicate = true> <Delay = 7.30> <CoreInst = "m_axi">   --->   Core 111 'm_axi' <Latency = 3> <II = 1> <Delay = 1.00> <Adapter> <Opcode : 'readrequnaligned' 'writerequnaligned' 'read' 'write' 'readreq' 'writereq' 'writeresp'>

State 38 <SV = 37> <Delay = 7.30>
ST_38 : Operation 98 [1/1] ( I:7.30ns O:7.30ns )   --->   "%gmem0_addr_read_28 = read i16 @_ssdm_op_Read.m_axi.i16.p1i16, i64 %gmem0_addr" [yolo_backbone_4.cpp:215]   --->   Operation 98 'read' 'gmem0_addr_read_28' <Predicate = true> <Delay = 7.30> <CoreInst = "m_axi">   --->   Core 111 'm_axi' <Latency = 3> <II = 1> <Delay = 1.00> <Adapter> <Opcode : 'readrequnaligned' 'writerequnaligned' 'read' 'write' 'readreq' 'writereq' 'writeresp'>

State 39 <SV = 38> <Delay = 7.30>
ST_39 : Operation 99 [1/1] ( I:7.30ns O:7.30ns )   --->   "%gmem0_addr_read_29 = read i16 @_ssdm_op_Read.m_axi.i16.p1i16, i64 %gmem0_addr" [yolo_backbone_4.cpp:215]   --->   Operation 99 'read' 'gmem0_addr_read_29' <Predicate = true> <Delay = 7.30> <CoreInst = "m_axi">   --->   Core 111 'm_axi' <Latency = 3> <II = 1> <Delay = 1.00> <Adapter> <Opcode : 'readrequnaligned' 'writerequnaligned' 'read' 'write' 'readreq' 'writereq' 'writeresp'>

State 40 <SV = 39> <Delay = 7.30>
ST_40 : Operation 100 [1/1] ( I:7.30ns O:7.30ns )   --->   "%gmem0_addr_read_30 = read i16 @_ssdm_op_Read.m_axi.i16.p1i16, i64 %gmem0_addr" [yolo_backbone_4.cpp:215]   --->   Operation 100 'read' 'gmem0_addr_read_30' <Predicate = true> <Delay = 7.30> <CoreInst = "m_axi">   --->   Core 111 'm_axi' <Latency = 3> <II = 1> <Delay = 1.00> <Adapter> <Opcode : 'readrequnaligned' 'writerequnaligned' 'read' 'write' 'readreq' 'writereq' 'writeresp'>

State 41 <SV = 40> <Delay = 7.30>
ST_41 : Operation 101 [1/1] ( I:7.30ns O:7.30ns )   --->   "%gmem0_addr_read_31 = read i16 @_ssdm_op_Read.m_axi.i16.p1i16, i64 %gmem0_addr" [yolo_backbone_4.cpp:215]   --->   Operation 101 'read' 'gmem0_addr_read_31' <Predicate = true> <Delay = 7.30> <CoreInst = "m_axi">   --->   Core 111 'm_axi' <Latency = 3> <II = 1> <Delay = 1.00> <Adapter> <Opcode : 'readrequnaligned' 'writerequnaligned' 'read' 'write' 'readreq' 'writereq' 'writeresp'>

State 42 <SV = 41> <Delay = 2.46>
ST_42 : Operation 102 [1/1] (0.00ns)   --->   "%specpipeline_ln213 = specpipeline void @_ssdm_op_SpecPipeline, i32 1, i32 0, i32 0, i32 0, i32 4294967295, void @empty_9" [yolo_backbone_4.cpp:213]   --->   Operation 102 'specpipeline' 'specpipeline_ln213' <Predicate = true> <Delay = 0.00>
ST_42 : Operation 103 [1/1] (0.00ns)   --->   "%speclooptripcount_ln212 = speclooptripcount void @_ssdm_op_SpecLoopTripCount, i64 36, i64 36, i64 36" [yolo_backbone_4.cpp:212]   --->   Operation 103 'speclooptripcount' 'speclooptripcount_ln212' <Predicate = true> <Delay = 0.00>
ST_42 : Operation 104 [1/1] (0.00ns)   --->   "%specloopname_ln212 = specloopname void @_ssdm_op_SpecLoopName, void @empty_24" [yolo_backbone_4.cpp:212]   --->   Operation 104 'specloopname' 'specloopname_ln212' <Predicate = true> <Delay = 0.00>
ST_42 : Operation 105 [1/1] (0.00ns)   --->   "%or_ln216_s = bitconcatenate i512 @_ssdm_op_BitConcatenate.i512.i16.i16.i16.i16.i16.i16.i16.i16.i16.i16.i16.i16.i16.i16.i16.i16.i16.i16.i16.i16.i16.i16.i16.i16.i16.i16.i16.i16.i16.i16.i16.i16, i16 %gmem0_addr_read_31, i16 %gmem0_addr_read_30, i16 %gmem0_addr_read_29, i16 %gmem0_addr_read_28, i16 %gmem0_addr_read_27, i16 %gmem0_addr_read_26, i16 %gmem0_addr_read_25, i16 %gmem0_addr_read_24, i16 %gmem0_addr_read_23, i16 %gmem0_addr_read_22, i16 %gmem0_addr_read_21, i16 %gmem0_addr_read_20, i16 %gmem0_addr_read_19, i16 %gmem0_addr_read_18, i16 %gmem0_addr_read_17, i16 %gmem0_addr_read_16, i16 %gmem0_addr_read_15, i16 %gmem0_addr_read_14, i16 %gmem0_addr_read_13, i16 %gmem0_addr_read_12, i16 %gmem0_addr_read_11, i16 %gmem0_addr_read_10, i16 %gmem0_addr_read_9, i16 %gmem0_addr_read_8, i16 %gmem0_addr_read_7, i16 %gmem0_addr_read_6, i16 %gmem0_addr_read_5, i16 %gmem0_addr_read_4, i16 %gmem0_addr_read_3, i16 %gmem0_addr_read_2, i16 %gmem0_addr_read_1, i16 %gmem0_addr_read" [yolo_backbone_4.cpp:216]   --->   Operation 105 'bitconcatenate' 'or_ln216_s' <Predicate = true> <Delay = 0.00>
ST_42 : Operation 106 [1/1] ( I:2.46ns O:2.46ns )   --->   "%write_ln216 = write void @_ssdm_op_Write.ap_fifo.volatile.i512P0A, i512 %s_img_in, i512 %or_ln216_s" [yolo_backbone_4.cpp:216]   --->   Operation 106 'write' 'write_ln216' <Predicate = true> <Delay = 2.46> <CoreInst = "FIFO_SRL">   --->   Core 80 'FIFO_SRL' <Latency = 0> <II = 1> <Delay = 2.46> <Storage> <Opcode : 'read' 'write' 'nbread' 'nbwrite'> <Ports = 0> <Width = 512> <Depth = 2> <FIFO>
ST_42 : Operation 107 [1/1] (0.83ns)   --->   "%ret_ln218 = ret" [yolo_backbone_4.cpp:218]   --->   Operation 107 'ret' 'ret_ln218' <Predicate = (icmp_ln212)> <Delay = 0.83>


============================================================
+ Verbose Summary: Binding
============================================================
STG Binding: 
---------------- STG Properties BEGIN ----------------
- Is combinational: 0
- Is one-state seq: 0
- Is datapath-only: 0
- Is pipelined: 0
- Is top level: 0
Port [ Return ] is wired: 1; IO mode=ap_ctrl_hs:ce=0
Port [ gmem0]:  wired=1; compound=1; hidden=0; nouse=0; global=0; static=0; extern=0; dir=0; type=4; pingpong=0; private_global=0; IO mode=m_axi:ce=0
Port [ image_in]:  wired=1; compound=0; hidden=0; nouse=0; global=0; static=0; extern=0; dir=0; type=0; pingpong=0; private_global=0; IO mode=ap_none:ce=0
Port [ s_img_in]:  wired=1; compound=1; hidden=0; nouse=0; global=0; static=0; extern=0; dir=1; type=3; pingpong=0; private_global=0; IO mode=ap_fifo:ce=0
---------------- STG Properties END ------------------

---------------- Datapath Model BEGIN ----------------

<LifeTime>
<method=bitvector/>
i                       (alloca           ) [ 0111111111100000000000000000000000000000000]
specinterface_ln0       (specinterface    ) [ 0000000000000000000000000000000000000000000]
specinterface_ln0       (specinterface    ) [ 0000000000000000000000000000000000000000000]
image_in_read           (read             ) [ 0000000000000000000000000000000000000000000]
store_ln212             (store            ) [ 0000000000000000000000000000000000000000000]
br_ln212                (br               ) [ 0000000000000000000000000000000000000000000]
first_iter_0            (phi              ) [ 0111111111000000000000000000000000000000000]
trunc_ln                (partselect       ) [ 0000000000000000000000000000000000000000000]
sext_ln212              (sext             ) [ 0000000000000000000000000000000000000000000]
gmem0_addr              (getelementptr    ) [ 0111111111111111111111111111111111111111110]
br_ln0                  (br               ) [ 0000000000000000000000000000000000000000000]
empty                   (readreq          ) [ 0000000000000000000000000000000000000000000]
br_ln0                  (br               ) [ 0000000000000000000000000000000000000000000]
i_load                  (load             ) [ 0000000000000000000000000000000000000000000]
gmem0_addr_read         (read             ) [ 0111111111111111111111111111111111111111111]
i_5                     (add              ) [ 0000000000000000000000000000000000000000000]
icmp_ln212              (icmp             ) [ 0111111111111111111111111111111111111111111]
store_ln212             (store            ) [ 0000000000000000000000000000000000000000000]
br_ln212                (br               ) [ 0100000000100000000000000000000000000000000]
gmem0_addr_read_1       (read             ) [ 0111111111101111111111111111111111111111111]
gmem0_addr_read_2       (read             ) [ 0111111111100111111111111111111111111111111]
gmem0_addr_read_3       (read             ) [ 0111111111100011111111111111111111111111111]
gmem0_addr_read_4       (read             ) [ 0111111111100001111111111111111111111111111]
gmem0_addr_read_5       (read             ) [ 0111111111100000111111111111111111111111111]
gmem0_addr_read_6       (read             ) [ 0111111111100000011111111111111111111111111]
gmem0_addr_read_7       (read             ) [ 0111111111100000001111111111111111111111111]
gmem0_addr_read_8       (read             ) [ 0111111111100000000111111111111111111111111]
gmem0_addr_read_9       (read             ) [ 0111111111100000000011111111111111111111111]
gmem0_addr_read_10      (read             ) [ 0111111111100000000001111111111111111111111]
gmem0_addr_read_11      (read             ) [ 0111111111100000000000111111111111111111111]
gmem0_addr_read_12      (read             ) [ 0111111111100000000000011111111111111111111]
gmem0_addr_read_13      (read             ) [ 0111111111100000000000001111111111111111111]
gmem0_addr_read_14      (read             ) [ 0111111111100000000000000111111111111111111]
gmem0_addr_read_15      (read             ) [ 0111111111100000000000000011111111111111111]
gmem0_addr_read_16      (read             ) [ 0111111111100000000000000001111111111111111]
gmem0_addr_read_17      (read             ) [ 0111111111100000000000000000111111111111111]
gmem0_addr_read_18      (read             ) [ 0111111111100000000000000000011111111111111]
gmem0_addr_read_19      (read             ) [ 0111111111100000000000000000001111111111111]
gmem0_addr_read_20      (read             ) [ 0111111111100000000000000000000111111111111]
gmem0_addr_read_21      (read             ) [ 0111111111100000000000000000000011111111111]
gmem0_addr_read_22      (read             ) [ 0111111111100000000000000000000001111111111]
gmem0_addr_read_23      (read             ) [ 0011111111100000000000000000000000111111111]
gmem0_addr_read_24      (read             ) [ 0001111111100000000000000000000000011111111]
gmem0_addr_read_25      (read             ) [ 0000111111100000000000000000000000001111111]
gmem0_addr_read_26      (read             ) [ 0000011111100000000000000000000000000111111]
gmem0_addr_read_27      (read             ) [ 0000001111100000000000000000000000000011111]
gmem0_addr_read_28      (read             ) [ 0000000111100000000000000000000000000001111]
gmem0_addr_read_29      (read             ) [ 0000000011100000000000000000000000000000111]
gmem0_addr_read_30      (read             ) [ 0000000001100000000000000000000000000000011]
gmem0_addr_read_31      (read             ) [ 0000000000100000000000000000000000000000001]
specpipeline_ln213      (specpipeline     ) [ 0000000000000000000000000000000000000000000]
speclooptripcount_ln212 (speclooptripcount) [ 0000000000000000000000000000000000000000000]
specloopname_ln212      (specloopname     ) [ 0000000000000000000000000000000000000000000]
or_ln216_s              (bitconcatenate   ) [ 0000000000000000000000000000000000000000000]
write_ln216             (write            ) [ 0000000000000000000000000000000000000000000]
ret_ln218               (ret              ) [ 0000000000000000000000000000000000000000000]
</LifeTime>

<model>

<comp_list>
<comp id="0" class="1000" name="gmem0">
<pin_list>
<pin id="1" dir="1" index="0" bw="1" slack="0"/>
</pin_list>
<bind>
<StgValue><ssdm name="gmem0"/><MemPortTyVec>0 </MemPortTyVec>
</StgValue>
</bind>
</comp>

<comp id="2" class="1000" name="image_in">
<pin_list>
<pin id="3" dir="1" index="0" bw="1" slack="0"/>
</pin_list>
<bind>
<StgValue><ssdm name="image_in"/></StgValue>
</bind>
</comp>

<comp id="4" class="1000" name="s_img_in">
<pin_list>
<pin id="5" dir="1" index="0" bw="1" slack="0"/>
</pin_list>
<bind>
<StgValue><ssdm name="s_img_in"/></StgValue>
</bind>
</comp>

<comp id="6" class="1001" name="const_6">
<pin_list>
<pin id="7" dir="1" index="0" bw="1" slack="0"/>
</pin_list>
<bind>
<StgValue><ssdm name=""/></StgValue>
</bind>
</comp>

<comp id="8" class="1001" name="const_8">
<pin_list>
<pin id="9" dir="1" index="0" bw="1" slack="2147483647"/>
</pin_list>
<bind>
<StgValue><ssdm name="_ssdm_op_SpecInterface"/></StgValue>
</bind>
</comp>

<comp id="10" class="1001" name="const_10">
<pin_list>
<pin id="11" dir="1" index="0" bw="1" slack="2147483647"/>
</pin_list>
<bind>
<StgValue><ssdm name="empty_1"/></StgValue>
</bind>
</comp>

<comp id="12" class="1001" name="const_12">
<pin_list>
<pin id="13" dir="1" index="0" bw="1" slack="2147483647"/>
</pin_list>
<bind>
<StgValue><ssdm name=""/></StgValue>
</bind>
</comp>

<comp id="14" class="1001" name="const_14">
<pin_list>
<pin id="15" dir="1" index="0" bw="1" slack="2147483647"/>
</pin_list>
<bind>
<StgValue><ssdm name="empty_9"/></StgValue>
</bind>
</comp>

<comp id="16" class="1001" name="const_16">
<pin_list>
<pin id="17" dir="1" index="0" bw="1" slack="2147483647"/>
</pin_list>
<bind>
<StgValue><ssdm name=""/></StgValue>
</bind>
</comp>

<comp id="18" class="1001" name="const_18">
<pin_list>
<pin id="19" dir="1" index="0" bw="1" slack="2147483647"/>
</pin_list>
<bind>
<StgValue><ssdm name="empty_8"/></StgValue>
</bind>
</comp>

<comp id="20" class="1001" name="const_20">
<pin_list>
<pin id="21" dir="1" index="0" bw="1" slack="2147483647"/>
</pin_list>
<bind>
<StgValue><ssdm name="empty_32"/></StgValue>
</bind>
</comp>

<comp id="22" class="1001" name="const_22">
<pin_list>
<pin id="23" dir="1" index="0" bw="1" slack="2147483647"/>
</pin_list>
<bind>
<StgValue><ssdm name="empty_31"/></StgValue>
</bind>
</comp>

<comp id="24" class="1001" name="const_24">
<pin_list>
<pin id="25" dir="1" index="0" bw="1" slack="2147483647"/>
</pin_list>
<bind>
<StgValue><ssdm name=""/></StgValue>
</bind>
</comp>

<comp id="26" class="1001" name="const_26">
<pin_list>
<pin id="27" dir="1" index="0" bw="1" slack="2147483647"/>
</pin_list>
<bind>
<StgValue><ssdm name=""/></StgValue>
</bind>
</comp>

<comp id="28" class="1001" name="const_28">
<pin_list>
<pin id="29" dir="1" index="0" bw="1" slack="0"/>
</pin_list>
<bind>
<StgValue><ssdm name="_ssdm_op_Read.ap_auto.i64"/></StgValue>
</bind>
</comp>

<comp id="30" class="1001" name="const_30">
<pin_list>
<pin id="31" dir="1" index="0" bw="1" slack="0"/>
</pin_list>
<bind>
<StgValue><ssdm name=""/></StgValue>
</bind>
</comp>

<comp id="32" class="1001" name="const_32">
<pin_list>
<pin id="33" dir="1" index="0" bw="1" slack="0"/>
</pin_list>
<bind>
<StgValue><ssdm name=""/></StgValue>
</bind>
</comp>

<comp id="34" class="1001" name="const_34">
<pin_list>
<pin id="35" dir="1" index="0" bw="1" slack="1"/>
</pin_list>
<bind>
<StgValue><ssdm name=""/></StgValue>
</bind>
</comp>

<comp id="36" class="1001" name="const_36">
<pin_list>
<pin id="37" dir="1" index="0" bw="1" slack="0"/>
</pin_list>
<bind>
<StgValue><ssdm name="_ssdm_op_PartSelect.i63.i64.i32.i32"/></StgValue>
</bind>
</comp>

<comp id="38" class="1001" name="const_38">
<pin_list>
<pin id="39" dir="1" index="0" bw="1" slack="0"/>
</pin_list>
<bind>
<StgValue><ssdm name=""/></StgValue>
</bind>
</comp>

<comp id="40" class="1001" name="const_40">
<pin_list>
<pin id="41" dir="1" index="0" bw="1" slack="0"/>
</pin_list>
<bind>
<StgValue><ssdm name="_ssdm_op_ReadReq.m_axi.p1i16"/></StgValue>
</bind>
</comp>

<comp id="42" class="1001" name="const_42">
<pin_list>
<pin id="43" dir="1" index="0" bw="1" slack="0"/>
</pin_list>
<bind>
<StgValue><ssdm name=""/></StgValue>
</bind>
</comp>

<comp id="44" class="1001" name="const_44">
<pin_list>
<pin id="45" dir="1" index="0" bw="1" slack="0"/>
</pin_list>
<bind>
<StgValue><ssdm name="_ssdm_op_Read.m_axi.i16.p1i16"/></StgValue>
</bind>
</comp>

<comp id="46" class="1001" name="const_46">
<pin_list>
<pin id="47" dir="1" index="0" bw="1" slack="0"/>
</pin_list>
<bind>
<StgValue><ssdm name=""/></StgValue>
</bind>
</comp>

<comp id="48" class="1001" name="const_48">
<pin_list>
<pin id="49" dir="1" index="0" bw="1" slack="0"/>
</pin_list>
<bind>
<StgValue><ssdm name=""/></StgValue>
</bind>
</comp>

<comp id="50" class="1001" name="const_50">
<pin_list>
<pin id="51" dir="1" index="0" bw="1" slack="2147483647"/>
</pin_list>
<bind>
<StgValue><ssdm name="_ssdm_op_SpecPipeline"/></StgValue>
</bind>
</comp>

<comp id="52" class="1001" name="const_52">
<pin_list>
<pin id="53" dir="1" index="0" bw="1" slack="2147483647"/>
</pin_list>
<bind>
<StgValue><ssdm name="_ssdm_op_SpecLoopTripCount"/></StgValue>
</bind>
</comp>

<comp id="54" class="1001" name="const_54">
<pin_list>
<pin id="55" dir="1" index="0" bw="1" slack="2147483647"/>
</pin_list>
<bind>
<StgValue><ssdm name=""/></StgValue>
</bind>
</comp>

<comp id="56" class="1001" name="const_56">
<pin_list>
<pin id="57" dir="1" index="0" bw="1" slack="2147483647"/>
</pin_list>
<bind>
<StgValue><ssdm name="_ssdm_op_SpecLoopName"/></StgValue>
</bind>
</comp>

<comp id="58" class="1001" name="const_58">
<pin_list>
<pin id="59" dir="1" index="0" bw="1" slack="2147483647"/>
</pin_list>
<bind>
<StgValue><ssdm name="empty_24"/></StgValue>
</bind>
</comp>

<comp id="60" class="1001" name="const_60">
<pin_list>
<pin id="61" dir="1" index="0" bw="1" slack="0"/>
</pin_list>
<bind>
<StgValue><ssdm name="_ssdm_op_BitConcatenate.i512.i16.i16.i16.i16.i16.i16.i16.i16.i16.i16.i16.i16.i16.i16.i16.i16.i16.i16.i16.i16.i16.i16.i16.i16.i16.i16.i16.i16.i16.i16.i16.i16"/></StgValue>
</bind>
</comp>

<comp id="62" class="1001" name="const_62">
<pin_list>
<pin id="63" dir="1" index="0" bw="1" slack="0"/>
</pin_list>
<bind>
<StgValue><ssdm name="_ssdm_op_Write.ap_fifo.volatile.i512P0A"/></StgValue>
</bind>
</comp>

<comp id="64" class="1004" name="i_fu_64">
<pin_list>
<pin id="65" dir="0" index="0" bw="1" slack="0"/>
<pin id="66" dir="1" index="1" bw="6" slack="0"/>
</pin_list>
<bind>
<opcode="alloca(26) " fcode="alloca"/>
<opset="i/1 "/>
</bind>
</comp>

<comp id="68" class="1004" name="image_in_read_read_fu_68">
<pin_list>
<pin id="69" dir="0" index="0" bw="64" slack="0"/>
<pin id="70" dir="0" index="1" bw="64" slack="0"/>
<pin id="71" dir="1" index="2" bw="64" slack="0"/>
</pin_list>
<bind>
<opcode="read(1150) " fcode="read"/>
<opset="image_in_read/1 "/>
</bind>
</comp>

<comp id="74" class="1004" name="write_ln216_write_fu_74">
<pin_list>
<pin id="75" dir="0" index="0" bw="0" slack="0"/>
<pin id="76" dir="0" index="1" bw="512" slack="0"/>
<pin id="77" dir="0" index="2" bw="512" slack="0"/>
<pin id="78" dir="1" index="3" bw="0" slack="2147483647"/>
</pin_list>
<bind>
<opcode="write(1151) " fcode="write"/>
<opset="write_ln216/42 "/>
</bind>
</comp>

<comp id="81" class="1004" name="grp_readreq_fu_81">
<pin_list>
<pin id="82" dir="0" index="0" bw="1" slack="0"/>
<pin id="83" dir="0" index="1" bw="16" slack="1"/>
<pin id="84" dir="0" index="2" bw="12" slack="0"/>
<pin id="85" dir="1" index="3" bw="1" slack="2147483647"/>
</pin_list>
<bind>
<opcode="readreq(1154) " fcode="readreq"/>
<opset="empty/2 "/>
</bind>
</comp>

<comp id="88" class="1004" name="grp_read_fu_88">
<pin_list>
<pin id="89" dir="0" index="0" bw="16" slack="0"/>
<pin id="90" dir="0" index="1" bw="16" slack="9"/>
<pin id="91" dir="1" index="2" bw="16" slack="1"/>
</pin_list>
<bind>
<opcode="read(1150) " fcode="read"/>
<opset="gmem0_addr_read/10 gmem0_addr_read_1/11 gmem0_addr_read_2/12 gmem0_addr_read_3/13 gmem0_addr_read_4/14 gmem0_addr_read_5/15 gmem0_addr_read_6/16 gmem0_addr_read_7/17 gmem0_addr_read_8/18 gmem0_addr_read_9/19 gmem0_addr_read_10/20 gmem0_addr_read_11/21 gmem0_addr_read_12/22 gmem0_addr_read_13/23 gmem0_addr_read_14/24 gmem0_addr_read_15/25 gmem0_addr_read_16/26 gmem0_addr_read_17/27 gmem0_addr_read_18/28 gmem0_addr_read_19/29 gmem0_addr_read_20/30 gmem0_addr_read_21/31 gmem0_addr_read_22/32 gmem0_addr_read_23/33 gmem0_addr_read_24/34 gmem0_addr_read_25/35 gmem0_addr_read_26/36 gmem0_addr_read_27/37 gmem0_addr_read_28/38 gmem0_addr_read_29/39 gmem0_addr_read_30/40 gmem0_addr_read_31/41 "/>
</bind>
</comp>

<comp id="93" class="1005" name="first_iter_0_reg_93">
<pin_list>
<pin id="94" dir="0" index="0" bw="1" slack="1"/>
<pin id="95" dir="1" index="1" bw="1" slack="1"/>
</pin_list>
<bind>
<opset="first_iter_0 (phireg) "/>
</bind>
</comp>

<comp id="97" class="1004" name="first_iter_0_phi_fu_97">
<pin_list>
<pin id="98" dir="0" index="0" bw="1" slack="0"/>
<pin id="99" dir="0" index="1" bw="0" slack="2147483647"/>
<pin id="100" dir="0" index="2" bw="1" slack="1"/>
<pin id="101" dir="0" index="3" bw="0" slack="2147483647"/>
<pin id="102" dir="1" index="4" bw="1" slack="1"/>
</pin_list>
<bind>
<opcode="phi(47) " fcode="phi"/>
<opset="first_iter_0/1 "/>
</bind>
</comp>

<comp id="106" class="1004" name="store_ln212_store_fu_106">
<pin_list>
<pin id="107" dir="0" index="0" bw="1" slack="0"/>
<pin id="108" dir="0" index="1" bw="6" slack="0"/>
<pin id="109" dir="1" index="2" bw="0" slack="2147483647"/>
</pin_list>
<bind>
<opcode="store(28) " fcode="store"/>
<opset="store_ln212/1 "/>
</bind>
</comp>

<comp id="111" class="1004" name="trunc_ln_fu_111">
<pin_list>
<pin id="112" dir="0" index="0" bw="63" slack="0"/>
<pin id="113" dir="0" index="1" bw="64" slack="0"/>
<pin id="114" dir="0" index="2" bw="1" slack="0"/>
<pin id="115" dir="0" index="3" bw="7" slack="0"/>
<pin id="116" dir="1" index="4" bw="63" slack="0"/>
</pin_list>
<bind>
<opcode="partselect(1002) " fcode="partselect"/>
<opset="trunc_ln/1 "/>
</bind>
</comp>

<comp id="121" class="1004" name="sext_ln212_fu_121">
<pin_list>
<pin id="122" dir="0" index="0" bw="63" slack="0"/>
<pin id="123" dir="1" index="1" bw="64" slack="0"/>
</pin_list>
<bind>
<opcode="sext(35) " fcode="sext"/>
<opset="sext_ln212/1 "/>
</bind>
</comp>

<comp id="125" class="1004" name="gmem0_addr_fu_125">
<pin_list>
<pin id="126" dir="0" index="0" bw="64" slack="0"/>
<pin id="127" dir="0" index="1" bw="64" slack="0"/>
<pin id="128" dir="1" index="2" bw="64" slack="1"/>
</pin_list>
<bind>
<opcode="getelementptr(29) " fcode="getelementptr"/>
<opset="gmem0_addr/1 "/>
</bind>
</comp>

<comp id="131" class="1004" name="i_load_load_fu_131">
<pin_list>
<pin id="132" dir="0" index="0" bw="6" slack="9"/>
<pin id="133" dir="1" index="1" bw="6" slack="0"/>
</pin_list>
<bind>
<opcode="load(27) " fcode="load"/>
<opset="i_load/10 "/>
</bind>
</comp>

<comp id="134" class="1004" name="i_5_fu_134">
<pin_list>
<pin id="135" dir="0" index="0" bw="6" slack="0"/>
<pin id="136" dir="0" index="1" bw="1" slack="0"/>
<pin id="137" dir="1" index="2" bw="6" slack="0"/>
</pin_list>
<bind>
<opcode="add(8) " fcode="add"/>
<opset="i_5/10 "/>
</bind>
</comp>

<comp id="140" class="1004" name="icmp_ln212_fu_140">
<pin_list>
<pin id="141" dir="0" index="0" bw="6" slack="0"/>
<pin id="142" dir="0" index="1" bw="6" slack="0"/>
<pin id="143" dir="1" index="2" bw="1" slack="1"/>
</pin_list>
<bind>
<opcode="icmp(45) " fcode="icmp"/>
<opset="icmp_ln212/10 "/>
</bind>
</comp>

<comp id="146" class="1004" name="store_ln212_store_fu_146">
<pin_list>
<pin id="147" dir="0" index="0" bw="6" slack="0"/>
<pin id="148" dir="0" index="1" bw="6" slack="9"/>
<pin id="149" dir="1" index="2" bw="0" slack="2147483647"/>
</pin_list>
<bind>
<opcode="store(28) " fcode="store"/>
<opset="store_ln212/10 "/>
</bind>
</comp>

<comp id="151" class="1004" name="or_ln216_s_fu_151">
<pin_list>
<pin id="152" dir="0" index="0" bw="512" slack="0"/>
<pin id="153" dir="0" index="1" bw="16" slack="1"/>
<pin id="154" dir="0" index="2" bw="16" slack="2"/>
<pin id="155" dir="0" index="3" bw="16" slack="3"/>
<pin id="156" dir="0" index="4" bw="16" slack="4"/>
<pin id="157" dir="0" index="5" bw="16" slack="5"/>
<pin id="158" dir="0" index="6" bw="16" slack="6"/>
<pin id="159" dir="0" index="7" bw="16" slack="7"/>
<pin id="160" dir="0" index="8" bw="16" slack="8"/>
<pin id="161" dir="0" index="9" bw="16" slack="9"/>
<pin id="162" dir="0" index="10" bw="16" slack="10"/>
<pin id="163" dir="0" index="11" bw="16" slack="11"/>
<pin id="164" dir="0" index="12" bw="16" slack="12"/>
<pin id="165" dir="0" index="13" bw="16" slack="13"/>
<pin id="166" dir="0" index="14" bw="16" slack="14"/>
<pin id="167" dir="0" index="15" bw="16" slack="15"/>
<pin id="168" dir="0" index="16" bw="16" slack="16"/>
<pin id="169" dir="0" index="17" bw="16" slack="17"/>
<pin id="170" dir="0" index="18" bw="16" slack="18"/>
<pin id="171" dir="0" index="19" bw="16" slack="19"/>
<pin id="172" dir="0" index="20" bw="16" slack="20"/>
<pin id="173" dir="0" index="21" bw="16" slack="21"/>
<pin id="174" dir="0" index="22" bw="16" slack="22"/>
<pin id="175" dir="0" index="23" bw="16" slack="23"/>
<pin id="176" dir="0" index="24" bw="16" slack="24"/>
<pin id="177" dir="0" index="25" bw="16" slack="25"/>
<pin id="178" dir="0" index="26" bw="16" slack="26"/>
<pin id="179" dir="0" index="27" bw="16" slack="27"/>
<pin id="180" dir="0" index="28" bw="16" slack="28"/>
<pin id="181" dir="0" index="29" bw="16" slack="29"/>
<pin id="182" dir="0" index="30" bw="16" slack="30"/>
<pin id="183" dir="0" index="31" bw="16" slack="31"/>
<pin id="184" dir="0" index="32" bw="16" slack="32"/>
<pin id="185" dir="1" index="33" bw="512" slack="0"/>
</pin_list>
<bind>
<opcode="bitconcatenate(1004) " fcode="bitconcatenate"/>
<opset="or_ln216_s/42 "/>
</bind>
</comp>

<comp id="188" class="1005" name="i_reg_188">
<pin_list>
<pin id="189" dir="0" index="0" bw="6" slack="0"/>
<pin id="190" dir="1" index="1" bw="6" slack="0"/>
</pin_list>
<bind>
<opset="i "/>
</bind>
</comp>

<comp id="195" class="1005" name="gmem0_addr_reg_195">
<pin_list>
<pin id="196" dir="0" index="0" bw="16" slack="1"/>
<pin id="197" dir="1" index="1" bw="16" slack="1"/>
</pin_list>
<bind>
<opset="gmem0_addr "/>
</bind>
</comp>

<comp id="201" class="1005" name="gmem0_addr_read_reg_201">
<pin_list>
<pin id="202" dir="0" index="0" bw="16" slack="32"/>
<pin id="203" dir="1" index="1" bw="16" slack="32"/>
</pin_list>
<bind>
<opset="gmem0_addr_read "/>
</bind>
</comp>

<comp id="206" class="1005" name="icmp_ln212_reg_206">
<pin_list>
<pin id="207" dir="0" index="0" bw="1" slack="1"/>
<pin id="208" dir="1" index="1" bw="1" slack="2147483647"/>
</pin_list>
<bind>
<opset="icmp_ln212 "/>
</bind>
</comp>

<comp id="210" class="1005" name="gmem0_addr_read_1_reg_210">
<pin_list>
<pin id="211" dir="0" index="0" bw="16" slack="31"/>
<pin id="212" dir="1" index="1" bw="16" slack="31"/>
</pin_list>
<bind>
<opset="gmem0_addr_read_1 "/>
</bind>
</comp>

<comp id="215" class="1005" name="gmem0_addr_read_2_reg_215">
<pin_list>
<pin id="216" dir="0" index="0" bw="16" slack="30"/>
<pin id="217" dir="1" index="1" bw="16" slack="30"/>
</pin_list>
<bind>
<opset="gmem0_addr_read_2 "/>
</bind>
</comp>

<comp id="220" class="1005" name="gmem0_addr_read_3_reg_220">
<pin_list>
<pin id="221" dir="0" index="0" bw="16" slack="29"/>
<pin id="222" dir="1" index="1" bw="16" slack="29"/>
</pin_list>
<bind>
<opset="gmem0_addr_read_3 "/>
</bind>
</comp>

<comp id="225" class="1005" name="gmem0_addr_read_4_reg_225">
<pin_list>
<pin id="226" dir="0" index="0" bw="16" slack="28"/>
<pin id="227" dir="1" index="1" bw="16" slack="28"/>
</pin_list>
<bind>
<opset="gmem0_addr_read_4 "/>
</bind>
</comp>

<comp id="230" class="1005" name="gmem0_addr_read_5_reg_230">
<pin_list>
<pin id="231" dir="0" index="0" bw="16" slack="27"/>
<pin id="232" dir="1" index="1" bw="16" slack="27"/>
</pin_list>
<bind>
<opset="gmem0_addr_read_5 "/>
</bind>
</comp>

<comp id="235" class="1005" name="gmem0_addr_read_6_reg_235">
<pin_list>
<pin id="236" dir="0" index="0" bw="16" slack="26"/>
<pin id="237" dir="1" index="1" bw="16" slack="26"/>
</pin_list>
<bind>
<opset="gmem0_addr_read_6 "/>
</bind>
</comp>

<comp id="240" class="1005" name="gmem0_addr_read_7_reg_240">
<pin_list>
<pin id="241" dir="0" index="0" bw="16" slack="25"/>
<pin id="242" dir="1" index="1" bw="16" slack="25"/>
</pin_list>
<bind>
<opset="gmem0_addr_read_7 "/>
</bind>
</comp>

<comp id="245" class="1005" name="gmem0_addr_read_8_reg_245">
<pin_list>
<pin id="246" dir="0" index="0" bw="16" slack="24"/>
<pin id="247" dir="1" index="1" bw="16" slack="24"/>
</pin_list>
<bind>
<opset="gmem0_addr_read_8 "/>
</bind>
</comp>

<comp id="250" class="1005" name="gmem0_addr_read_9_reg_250">
<pin_list>
<pin id="251" dir="0" index="0" bw="16" slack="23"/>
<pin id="252" dir="1" index="1" bw="16" slack="23"/>
</pin_list>
<bind>
<opset="gmem0_addr_read_9 "/>
</bind>
</comp>

<comp id="255" class="1005" name="gmem0_addr_read_10_reg_255">
<pin_list>
<pin id="256" dir="0" index="0" bw="16" slack="22"/>
<pin id="257" dir="1" index="1" bw="16" slack="22"/>
</pin_list>
<bind>
<opset="gmem0_addr_read_10 "/>
</bind>
</comp>

<comp id="260" class="1005" name="gmem0_addr_read_11_reg_260">
<pin_list>
<pin id="261" dir="0" index="0" bw="16" slack="21"/>
<pin id="262" dir="1" index="1" bw="16" slack="21"/>
</pin_list>
<bind>
<opset="gmem0_addr_read_11 "/>
</bind>
</comp>

<comp id="265" class="1005" name="gmem0_addr_read_12_reg_265">
<pin_list>
<pin id="266" dir="0" index="0" bw="16" slack="20"/>
<pin id="267" dir="1" index="1" bw="16" slack="20"/>
</pin_list>
<bind>
<opset="gmem0_addr_read_12 "/>
</bind>
</comp>

<comp id="270" class="1005" name="gmem0_addr_read_13_reg_270">
<pin_list>
<pin id="271" dir="0" index="0" bw="16" slack="19"/>
<pin id="272" dir="1" index="1" bw="16" slack="19"/>
</pin_list>
<bind>
<opset="gmem0_addr_read_13 "/>
</bind>
</comp>

<comp id="275" class="1005" name="gmem0_addr_read_14_reg_275">
<pin_list>
<pin id="276" dir="0" index="0" bw="16" slack="18"/>
<pin id="277" dir="1" index="1" bw="16" slack="18"/>
</pin_list>
<bind>
<opset="gmem0_addr_read_14 "/>
</bind>
</comp>

<comp id="280" class="1005" name="gmem0_addr_read_15_reg_280">
<pin_list>
<pin id="281" dir="0" index="0" bw="16" slack="17"/>
<pin id="282" dir="1" index="1" bw="16" slack="17"/>
</pin_list>
<bind>
<opset="gmem0_addr_read_15 "/>
</bind>
</comp>

<comp id="285" class="1005" name="gmem0_addr_read_16_reg_285">
<pin_list>
<pin id="286" dir="0" index="0" bw="16" slack="16"/>
<pin id="287" dir="1" index="1" bw="16" slack="16"/>
</pin_list>
<bind>
<opset="gmem0_addr_read_16 "/>
</bind>
</comp>

<comp id="290" class="1005" name="gmem0_addr_read_17_reg_290">
<pin_list>
<pin id="291" dir="0" index="0" bw="16" slack="15"/>
<pin id="292" dir="1" index="1" bw="16" slack="15"/>
</pin_list>
<bind>
<opset="gmem0_addr_read_17 "/>
</bind>
</comp>

<comp id="295" class="1005" name="gmem0_addr_read_18_reg_295">
<pin_list>
<pin id="296" dir="0" index="0" bw="16" slack="14"/>
<pin id="297" dir="1" index="1" bw="16" slack="14"/>
</pin_list>
<bind>
<opset="gmem0_addr_read_18 "/>
</bind>
</comp>

<comp id="300" class="1005" name="gmem0_addr_read_19_reg_300">
<pin_list>
<pin id="301" dir="0" index="0" bw="16" slack="13"/>
<pin id="302" dir="1" index="1" bw="16" slack="13"/>
</pin_list>
<bind>
<opset="gmem0_addr_read_19 "/>
</bind>
</comp>

<comp id="305" class="1005" name="gmem0_addr_read_20_reg_305">
<pin_list>
<pin id="306" dir="0" index="0" bw="16" slack="12"/>
<pin id="307" dir="1" index="1" bw="16" slack="12"/>
</pin_list>
<bind>
<opset="gmem0_addr_read_20 "/>
</bind>
</comp>

<comp id="310" class="1005" name="gmem0_addr_read_21_reg_310">
<pin_list>
<pin id="311" dir="0" index="0" bw="16" slack="11"/>
<pin id="312" dir="1" index="1" bw="16" slack="11"/>
</pin_list>
<bind>
<opset="gmem0_addr_read_21 "/>
</bind>
</comp>

<comp id="315" class="1005" name="gmem0_addr_read_22_reg_315">
<pin_list>
<pin id="316" dir="0" index="0" bw="16" slack="10"/>
<pin id="317" dir="1" index="1" bw="16" slack="10"/>
</pin_list>
<bind>
<opset="gmem0_addr_read_22 "/>
</bind>
</comp>

<comp id="320" class="1005" name="gmem0_addr_read_23_reg_320">
<pin_list>
<pin id="321" dir="0" index="0" bw="16" slack="9"/>
<pin id="322" dir="1" index="1" bw="16" slack="9"/>
</pin_list>
<bind>
<opset="gmem0_addr_read_23 "/>
</bind>
</comp>

<comp id="325" class="1005" name="gmem0_addr_read_24_reg_325">
<pin_list>
<pin id="326" dir="0" index="0" bw="16" slack="8"/>
<pin id="327" dir="1" index="1" bw="16" slack="8"/>
</pin_list>
<bind>
<opset="gmem0_addr_read_24 "/>
</bind>
</comp>

<comp id="330" class="1005" name="gmem0_addr_read_25_reg_330">
<pin_list>
<pin id="331" dir="0" index="0" bw="16" slack="7"/>
<pin id="332" dir="1" index="1" bw="16" slack="7"/>
</pin_list>
<bind>
<opset="gmem0_addr_read_25 "/>
</bind>
</comp>

<comp id="335" class="1005" name="gmem0_addr_read_26_reg_335">
<pin_list>
<pin id="336" dir="0" index="0" bw="16" slack="6"/>
<pin id="337" dir="1" index="1" bw="16" slack="6"/>
</pin_list>
<bind>
<opset="gmem0_addr_read_26 "/>
</bind>
</comp>

<comp id="340" class="1005" name="gmem0_addr_read_27_reg_340">
<pin_list>
<pin id="341" dir="0" index="0" bw="16" slack="5"/>
<pin id="342" dir="1" index="1" bw="16" slack="5"/>
</pin_list>
<bind>
<opset="gmem0_addr_read_27 "/>
</bind>
</comp>

<comp id="345" class="1005" name="gmem0_addr_read_28_reg_345">
<pin_list>
<pin id="346" dir="0" index="0" bw="16" slack="4"/>
<pin id="347" dir="1" index="1" bw="16" slack="4"/>
</pin_list>
<bind>
<opset="gmem0_addr_read_28 "/>
</bind>
</comp>

<comp id="350" class="1005" name="gmem0_addr_read_29_reg_350">
<pin_list>
<pin id="351" dir="0" index="0" bw="16" slack="3"/>
<pin id="352" dir="1" index="1" bw="16" slack="3"/>
</pin_list>
<bind>
<opset="gmem0_addr_read_29 "/>
</bind>
</comp>

<comp id="355" class="1005" name="gmem0_addr_read_30_reg_355">
<pin_list>
<pin id="356" dir="0" index="0" bw="16" slack="2"/>
<pin id="357" dir="1" index="1" bw="16" slack="2"/>
</pin_list>
<bind>
<opset="gmem0_addr_read_30 "/>
</bind>
</comp>

<comp id="360" class="1005" name="gmem0_addr_read_31_reg_360">
<pin_list>
<pin id="361" dir="0" index="0" bw="16" slack="1"/>
<pin id="362" dir="1" index="1" bw="16" slack="1"/>
</pin_list>
<bind>
<opset="gmem0_addr_read_31 "/>
</bind>
</comp>

</comp_list>

<net_list>
<net id="67"><net_src comp="6" pin="0"/><net_sink comp="64" pin=0"/></net>

<net id="72"><net_src comp="28" pin="0"/><net_sink comp="68" pin=0"/></net>

<net id="73"><net_src comp="2" pin="0"/><net_sink comp="68" pin=1"/></net>

<net id="79"><net_src comp="62" pin="0"/><net_sink comp="74" pin=0"/></net>

<net id="80"><net_src comp="4" pin="0"/><net_sink comp="74" pin=1"/></net>

<net id="86"><net_src comp="40" pin="0"/><net_sink comp="81" pin=0"/></net>

<net id="87"><net_src comp="42" pin="0"/><net_sink comp="81" pin=2"/></net>

<net id="92"><net_src comp="44" pin="0"/><net_sink comp="88" pin=0"/></net>

<net id="96"><net_src comp="34" pin="0"/><net_sink comp="93" pin=0"/></net>

<net id="103"><net_src comp="32" pin="0"/><net_sink comp="97" pin=0"/></net>

<net id="104"><net_src comp="93" pin="1"/><net_sink comp="97" pin=2"/></net>

<net id="105"><net_src comp="97" pin="4"/><net_sink comp="93" pin=0"/></net>

<net id="110"><net_src comp="30" pin="0"/><net_sink comp="106" pin=0"/></net>

<net id="117"><net_src comp="36" pin="0"/><net_sink comp="111" pin=0"/></net>

<net id="118"><net_src comp="68" pin="2"/><net_sink comp="111" pin=1"/></net>

<net id="119"><net_src comp="6" pin="0"/><net_sink comp="111" pin=2"/></net>

<net id="120"><net_src comp="38" pin="0"/><net_sink comp="111" pin=3"/></net>

<net id="124"><net_src comp="111" pin="4"/><net_sink comp="121" pin=0"/></net>

<net id="129"><net_src comp="0" pin="0"/><net_sink comp="125" pin=0"/></net>

<net id="130"><net_src comp="121" pin="1"/><net_sink comp="125" pin=1"/></net>

<net id="138"><net_src comp="131" pin="1"/><net_sink comp="134" pin=0"/></net>

<net id="139"><net_src comp="46" pin="0"/><net_sink comp="134" pin=1"/></net>

<net id="144"><net_src comp="131" pin="1"/><net_sink comp="140" pin=0"/></net>

<net id="145"><net_src comp="48" pin="0"/><net_sink comp="140" pin=1"/></net>

<net id="150"><net_src comp="134" pin="2"/><net_sink comp="146" pin=0"/></net>

<net id="186"><net_src comp="60" pin="0"/><net_sink comp="151" pin=0"/></net>

<net id="187"><net_src comp="151" pin="33"/><net_sink comp="74" pin=2"/></net>

<net id="191"><net_src comp="64" pin="1"/><net_sink comp="188" pin=0"/></net>

<net id="192"><net_src comp="188" pin="1"/><net_sink comp="106" pin=1"/></net>

<net id="193"><net_src comp="188" pin="1"/><net_sink comp="131" pin=0"/></net>

<net id="194"><net_src comp="188" pin="1"/><net_sink comp="146" pin=1"/></net>

<net id="198"><net_src comp="125" pin="2"/><net_sink comp="195" pin=0"/></net>

<net id="199"><net_src comp="195" pin="1"/><net_sink comp="81" pin=1"/></net>

<net id="200"><net_src comp="195" pin="1"/><net_sink comp="88" pin=1"/></net>

<net id="204"><net_src comp="88" pin="2"/><net_sink comp="201" pin=0"/></net>

<net id="205"><net_src comp="201" pin="1"/><net_sink comp="151" pin=32"/></net>

<net id="209"><net_src comp="140" pin="2"/><net_sink comp="206" pin=0"/></net>

<net id="213"><net_src comp="88" pin="2"/><net_sink comp="210" pin=0"/></net>

<net id="214"><net_src comp="210" pin="1"/><net_sink comp="151" pin=31"/></net>

<net id="218"><net_src comp="88" pin="2"/><net_sink comp="215" pin=0"/></net>

<net id="219"><net_src comp="215" pin="1"/><net_sink comp="151" pin=30"/></net>

<net id="223"><net_src comp="88" pin="2"/><net_sink comp="220" pin=0"/></net>

<net id="224"><net_src comp="220" pin="1"/><net_sink comp="151" pin=29"/></net>

<net id="228"><net_src comp="88" pin="2"/><net_sink comp="225" pin=0"/></net>

<net id="229"><net_src comp="225" pin="1"/><net_sink comp="151" pin=28"/></net>

<net id="233"><net_src comp="88" pin="2"/><net_sink comp="230" pin=0"/></net>

<net id="234"><net_src comp="230" pin="1"/><net_sink comp="151" pin=27"/></net>

<net id="238"><net_src comp="88" pin="2"/><net_sink comp="235" pin=0"/></net>

<net id="239"><net_src comp="235" pin="1"/><net_sink comp="151" pin=26"/></net>

<net id="243"><net_src comp="88" pin="2"/><net_sink comp="240" pin=0"/></net>

<net id="244"><net_src comp="240" pin="1"/><net_sink comp="151" pin=25"/></net>

<net id="248"><net_src comp="88" pin="2"/><net_sink comp="245" pin=0"/></net>

<net id="249"><net_src comp="245" pin="1"/><net_sink comp="151" pin=24"/></net>

<net id="253"><net_src comp="88" pin="2"/><net_sink comp="250" pin=0"/></net>

<net id="254"><net_src comp="250" pin="1"/><net_sink comp="151" pin=23"/></net>

<net id="258"><net_src comp="88" pin="2"/><net_sink comp="255" pin=0"/></net>

<net id="259"><net_src comp="255" pin="1"/><net_sink comp="151" pin=22"/></net>

<net id="263"><net_src comp="88" pin="2"/><net_sink comp="260" pin=0"/></net>

<net id="264"><net_src comp="260" pin="1"/><net_sink comp="151" pin=21"/></net>

<net id="268"><net_src comp="88" pin="2"/><net_sink comp="265" pin=0"/></net>

<net id="269"><net_src comp="265" pin="1"/><net_sink comp="151" pin=20"/></net>

<net id="273"><net_src comp="88" pin="2"/><net_sink comp="270" pin=0"/></net>

<net id="274"><net_src comp="270" pin="1"/><net_sink comp="151" pin=19"/></net>

<net id="278"><net_src comp="88" pin="2"/><net_sink comp="275" pin=0"/></net>

<net id="279"><net_src comp="275" pin="1"/><net_sink comp="151" pin=18"/></net>

<net id="283"><net_src comp="88" pin="2"/><net_sink comp="280" pin=0"/></net>

<net id="284"><net_src comp="280" pin="1"/><net_sink comp="151" pin=17"/></net>

<net id="288"><net_src comp="88" pin="2"/><net_sink comp="285" pin=0"/></net>

<net id="289"><net_src comp="285" pin="1"/><net_sink comp="151" pin=16"/></net>

<net id="293"><net_src comp="88" pin="2"/><net_sink comp="290" pin=0"/></net>

<net id="294"><net_src comp="290" pin="1"/><net_sink comp="151" pin=15"/></net>

<net id="298"><net_src comp="88" pin="2"/><net_sink comp="295" pin=0"/></net>

<net id="299"><net_src comp="295" pin="1"/><net_sink comp="151" pin=14"/></net>

<net id="303"><net_src comp="88" pin="2"/><net_sink comp="300" pin=0"/></net>

<net id="304"><net_src comp="300" pin="1"/><net_sink comp="151" pin=13"/></net>

<net id="308"><net_src comp="88" pin="2"/><net_sink comp="305" pin=0"/></net>

<net id="309"><net_src comp="305" pin="1"/><net_sink comp="151" pin=12"/></net>

<net id="313"><net_src comp="88" pin="2"/><net_sink comp="310" pin=0"/></net>

<net id="314"><net_src comp="310" pin="1"/><net_sink comp="151" pin=11"/></net>

<net id="318"><net_src comp="88" pin="2"/><net_sink comp="315" pin=0"/></net>

<net id="319"><net_src comp="315" pin="1"/><net_sink comp="151" pin=10"/></net>

<net id="323"><net_src comp="88" pin="2"/><net_sink comp="320" pin=0"/></net>

<net id="324"><net_src comp="320" pin="1"/><net_sink comp="151" pin=9"/></net>

<net id="328"><net_src comp="88" pin="2"/><net_sink comp="325" pin=0"/></net>

<net id="329"><net_src comp="325" pin="1"/><net_sink comp="151" pin=8"/></net>

<net id="333"><net_src comp="88" pin="2"/><net_sink comp="330" pin=0"/></net>

<net id="334"><net_src comp="330" pin="1"/><net_sink comp="151" pin=7"/></net>

<net id="338"><net_src comp="88" pin="2"/><net_sink comp="335" pin=0"/></net>

<net id="339"><net_src comp="335" pin="1"/><net_sink comp="151" pin=6"/></net>

<net id="343"><net_src comp="88" pin="2"/><net_sink comp="340" pin=0"/></net>

<net id="344"><net_src comp="340" pin="1"/><net_sink comp="151" pin=5"/></net>

<net id="348"><net_src comp="88" pin="2"/><net_sink comp="345" pin=0"/></net>

<net id="349"><net_src comp="345" pin="1"/><net_sink comp="151" pin=4"/></net>

<net id="353"><net_src comp="88" pin="2"/><net_sink comp="350" pin=0"/></net>

<net id="354"><net_src comp="350" pin="1"/><net_sink comp="151" pin=3"/></net>

<net id="358"><net_src comp="88" pin="2"/><net_sink comp="355" pin=0"/></net>

<net id="359"><net_src comp="355" pin="1"/><net_sink comp="151" pin=2"/></net>

<net id="363"><net_src comp="88" pin="2"/><net_sink comp="360" pin=0"/></net>

<net id="364"><net_src comp="360" pin="1"/><net_sink comp="151" pin=1"/></net>

</net_list>

</model> 
---------------- Datapath Model END ------------------

* FSMD analyzer results:
  - Output states:
	Port: gmem0 | {}
	Port: s_img_in | {42 }
 - Input state : 
	Port: load_image : gmem0 | {2 3 4 5 6 7 8 9 10 11 12 13 14 15 16 17 18 19 20 21 22 23 24 25 26 27 28 29 30 31 32 33 34 35 36 37 38 39 40 41 }
	Port: load_image : image_in | {1 }
  - Chain level:
	State 1
		store_ln212 : 1
		first_iter_0 : 1
		sext_ln212 : 1
		gmem0_addr : 2
		br_ln0 : 2
	State 2
	State 3
	State 4
	State 5
	State 6
	State 7
	State 8
	State 9
	State 10
		i_5 : 1
		icmp_ln212 : 1
		store_ln212 : 2
		br_ln212 : 2
	State 11
	State 12
	State 13
	State 14
	State 15
	State 16
	State 17
	State 18
	State 19
	State 20
	State 21
	State 22
	State 23
	State 24
	State 25
	State 26
	State 27
	State 28
	State 29
	State 30
	State 31
	State 32
	State 33
	State 34
	State 35
	State 36
	State 37
	State 38
	State 39
	State 40
	State 41
	State 42
		write_ln216 : 1


============================================================
+ Verbose Summary: Datapath Resource usage 
============================================================

* Functional unit list:
|----------|--------------------------|---------|---------|
| Operation|      Functional Unit     |    FF   |   LUT   |
|----------|--------------------------|---------|---------|
|    add   |        i_5_fu_134        |    0    |    14   |
|----------|--------------------------|---------|---------|
|   icmp   |     icmp_ln212_fu_140    |    0    |    14   |
|----------|--------------------------|---------|---------|
|   read   | image_in_read_read_fu_68 |    0    |    0    |
|          |      grp_read_fu_88      |    0    |    0    |
|----------|--------------------------|---------|---------|
|   write  |  write_ln216_write_fu_74 |    0    |    0    |
|----------|--------------------------|---------|---------|
|  readreq |     grp_readreq_fu_81    |    0    |    0    |
|----------|--------------------------|---------|---------|
|partselect|      trunc_ln_fu_111     |    0    |    0    |
|----------|--------------------------|---------|---------|
|   sext   |     sext_ln212_fu_121    |    0    |    0    |
|----------|--------------------------|---------|---------|
|bitconcatenate|     or_ln216_s_fu_151    |    0    |    0    |
|----------|--------------------------|---------|---------|
|   Total  |                          |    0    |    28   |
|----------|--------------------------|---------|---------|

Memories:
N/A

* Register list:
+--------------------------+--------+
|                          |   FF   |
+--------------------------+--------+
|    first_iter_0_reg_93   |    1   |
|gmem0_addr_read_10_reg_255|   16   |
|gmem0_addr_read_11_reg_260|   16   |
|gmem0_addr_read_12_reg_265|   16   |
|gmem0_addr_read_13_reg_270|   16   |
|gmem0_addr_read_14_reg_275|   16   |
|gmem0_addr_read_15_reg_280|   16   |
|gmem0_addr_read_16_reg_285|   16   |
|gmem0_addr_read_17_reg_290|   16   |
|gmem0_addr_read_18_reg_295|   16   |
|gmem0_addr_read_19_reg_300|   16   |
| gmem0_addr_read_1_reg_210|   16   |
|gmem0_addr_read_20_reg_305|   16   |
|gmem0_addr_read_21_reg_310|   16   |
|gmem0_addr_read_22_reg_315|   16   |
|gmem0_addr_read_23_reg_320|   16   |
|gmem0_addr_read_24_reg_325|   16   |
|gmem0_addr_read_25_reg_330|   16   |
|gmem0_addr_read_26_reg_335|   16   |
|gmem0_addr_read_27_reg_340|   16   |
|gmem0_addr_read_28_reg_345|   16   |
|gmem0_addr_read_29_reg_350|   16   |
| gmem0_addr_read_2_reg_215|   16   |
|gmem0_addr_read_30_reg_355|   16   |
|gmem0_addr_read_31_reg_360|   16   |
| gmem0_addr_read_3_reg_220|   16   |
| gmem0_addr_read_4_reg_225|   16   |
| gmem0_addr_read_5_reg_230|   16   |
| gmem0_addr_read_6_reg_235|   16   |
| gmem0_addr_read_7_reg_240|   16   |
| gmem0_addr_read_8_reg_245|   16   |
| gmem0_addr_read_9_reg_250|   16   |
|  gmem0_addr_read_reg_201 |   16   |
|    gmem0_addr_reg_195    |   16   |
|         i_reg_188        |    6   |
|    icmp_ln212_reg_206    |    1   |
+--------------------------+--------+
|           Total          |   536  |
+--------------------------+--------+

* Multiplexer (MUX) list: 
|---------------------|------|------|------|--------||---------||---------||---------|
|         Comp        |  Pin | Size |  BW  | S x BW ||  Delay  ||    FF   ||   LUT   |
|---------------------|------|------|------|--------||---------||---------||---------|
| first_iter_0_reg_93 |  p0  |   2  |   1  |    2   ||    0    ||    9    |
|---------------------|------|------|------|--------||---------||---------||---------|
|        Total        |      |      |      |    2   ||  0.833  ||    0    ||    9    |
|---------------------|------|------|------|--------||---------||---------||---------|



* Summary:
+-----------+--------+--------+--------+
|           |  Delay |   FF   |   LUT  |
+-----------+--------+--------+--------+
|  Function |    -   |    0   |   28   |
|   Memory  |    -   |    -   |    -   |
|Multiplexer|    0   |    0   |    9   |
|  Register |    -   |   536  |    -   |
+-----------+--------+--------+--------+
|   Total   |    0   |   536  |   37   |
+-----------+--------+--------+--------+
