

================================================================
== Vitis HLS Report for 'split_and_crop'
================================================================
* Date:           Wed Jun 17 17:44:09 2026

* Version:        2025.2 (Build 6295257 on Nov 14 2025)
* Project:        yolo_backbone_v4
* Solution:       hls (Vivado IP Flow Target)
* Product family: kintex7
* Target device:  xc7k325t-ffg900-2


================================================================
== Performance Estimates
================================================================
+ Timing: 
    * Summary: 
    +--------+----------+----------+------------+
    |  Clock |  Target  | Estimated| Uncertainty|
    +--------+----------+----------+------------+
    |ap_clk  |  10.00 ns|  5.040 ns|     2.70 ns|
    +--------+----------+----------+------------+

+ Latency: 
    * Summary: 
    +---------+---------+----------+----------+-----+-----+------------------------------------------------+
    |  Latency (cycles) |  Latency (absolute) |  Interval |                    Pipeline                    |
    |   min   |   max   |    min   |    max   | min | max |                      Type                      |
    +---------+---------+----------+----------+-----+-----+------------------------------------------------+
    |       18|       18|  0.180 us|  0.180 us|   16|   16|  loop auto-rewind stp (delay=0 clock cycles(s))|
    +---------+---------+----------+----------+-----+-----+------------------------------------------------+

    + Detail: 
        * Instance: 
        N/A

        * Loop: 
        +-----------------------------------+---------+---------+----------+-----------+-----------+------+----------+
        |                                   |  Latency (cycles) | Iteration|  Initiation Interval  | Trip |          |
        |             Loop Name             |   min   |   max   |  Latency |  achieved |   target  | Count| Pipelined|
        +-----------------------------------+---------+---------+----------+-----------+-----------+------+----------+
        |- VITIS_LOOP_69_1_VITIS_LOOP_70_2  |       16|       16|         2|          1|          1|    16|       yes|
        +-----------------------------------+---------+---------+----------+-----------+-----------+------+----------+

============================================================
+ Verbose Summary: Synthesis Manager
============================================================
InlineROM: 1
ExposeGlobal: 0
============================================================
+ Verbose Summary: CDFG Model
============================================================
IsTopModel: 0
ResetActiveHigh: 1
IsCombinational: 2
IsDatapathOnly: 0
HasWiredReturn: 1
HasMFsm: 2
HasVarLatency: 1
IsPipeline: 0
IsRtlPipelined: 0
IsInstanceOverlapped: 0
IsDontTouch: 0
HasImplIP: 0
IsGatedGlobalClock: 0

+ Individual pipeline summary: 
  * Pipeline-0: initiation interval (II) = 1, depth = 2


============================================================
+ Verbose Summary: Schedule
============================================================
* Number of FSM states : 2
* Pipeline : 1
  Pipeline-0 : II = 1, D = 2, States = { 1 2 }
* Dataflow Pipeline: 0

* FSM state transitions: 
1 --> 2 
2 --> 

* FSM state operations: 

State 1 <SV = 0> <Delay = 3.69>
ST_1 : Operation 5 [1/1] (0.00ns)   --->   "%indvar_flatten2 = alloca i32 1"   --->   Operation 5 'alloca' 'indvar_flatten2' <Predicate = true> <Delay = 0.00>
ST_1 : Operation 6 [1/1] (0.00ns)   --->   "%r = alloca i32 1" [yolo_backbone_4.cpp:69]   --->   Operation 6 'alloca' 'r' <Predicate = true> <Delay = 0.00>
ST_1 : Operation 7 [1/1] (0.00ns)   --->   "%c = alloca i32 1" [yolo_backbone_4.cpp:70]   --->   Operation 7 'alloca' 'c' <Predicate = true> <Delay = 0.00>
ST_1 : Operation 8 [1/1] (0.00ns)   --->   "%specinterface_ln0 = specinterface void @_ssdm_op_SpecInterface, i1024 %s_res_sync, void @empty_1, i32 0, i32 0, void @empty_9, i32 0, i32 0, void @empty_9, void @empty_9, void @empty_9, i32 0, i32 0, i32 0, i32 0, void @empty_9, void @empty_9, i32 4294967295, i32 0, i32 0, i32 0"   --->   Operation 8 'specinterface' 'specinterface_ln0' <Predicate = true> <Delay = 0.00>
ST_1 : Operation 9 [1/1] (0.00ns)   --->   "%specinterface_ln0 = specinterface void @_ssdm_op_SpecInterface, i1024 %s_conv2_in, void @empty_1, i32 0, i32 0, void @empty_9, i32 0, i32 0, void @empty_9, void @empty_9, void @empty_9, i32 0, i32 0, i32 0, i32 0, void @empty_9, void @empty_9, i32 4294967295, i32 0, i32 0, i32 0"   --->   Operation 9 'specinterface' 'specinterface_ln0' <Predicate = true> <Delay = 0.00>
ST_1 : Operation 10 [1/1] (0.00ns)   --->   "%specinterface_ln0 = specinterface void @_ssdm_op_SpecInterface, i1024 %s_l1_out, void @empty_1, i32 0, i32 0, void @empty_9, i32 0, i32 0, void @empty_9, void @empty_9, void @empty_9, i32 0, i32 0, i32 0, i32 0, void @empty_9, void @empty_9, i32 4294967295, i32 0, i32 0, i32 0"   --->   Operation 10 'specinterface' 'specinterface_ln0' <Predicate = true> <Delay = 0.00>
ST_1 : Operation 11 [1/1] (0.83ns)   --->   "%store_ln70 = store i3 0, i3 %c" [yolo_backbone_4.cpp:70]   --->   Operation 11 'store' 'store_ln70' <Predicate = true> <Delay = 0.83>
ST_1 : Operation 12 [1/1] (0.83ns)   --->   "%store_ln69 = store i3 0, i3 %r" [yolo_backbone_4.cpp:69]   --->   Operation 12 'store' 'store_ln69' <Predicate = true> <Delay = 0.83>
ST_1 : Operation 13 [1/1] (0.83ns)   --->   "%store_ln0 = store i4 0, i4 %indvar_flatten2"   --->   Operation 13 'store' 'store_ln0' <Predicate = true> <Delay = 0.83>
ST_1 : Operation 14 [1/1] (0.83ns)   --->   "%br_ln0 = br void %for.inc11"   --->   Operation 14 'br' 'br_ln0' <Predicate = true> <Delay = 0.83>
ST_1 : Operation 15 [1/1] (0.00ns)   --->   "%icmp_ln705 = phi i1 0, void %entry, i1 %icmp_ln70, void %for.inc" [yolo_backbone_4.cpp:70]   --->   Operation 15 'phi' 'icmp_ln705' <Predicate = true> <Delay = 0.00>
ST_1 : Operation 16 [1/1] (0.00ns)   --->   "%indvar_flatten2_load = load i4 %indvar_flatten2" [yolo_backbone_4.cpp:69]   --->   Operation 16 'load' 'indvar_flatten2_load' <Predicate = true> <Delay = 0.00>
ST_1 : Operation 17 [1/1] (0.00ns)   --->   "%r_1 = load i3 %r" [yolo_backbone_4.cpp:69]   --->   Operation 17 'load' 'r_1' <Predicate = true> <Delay = 0.00>
ST_1 : Operation 18 [1/1] (0.00ns)   --->   "%c_2 = load i3 %c" [yolo_backbone_4.cpp:69]   --->   Operation 18 'load' 'c_2' <Predicate = true> <Delay = 0.00>
ST_1 : Operation 19 [1/1] (0.93ns)   --->   "%r_2 = add i3 %r_1, i3 1" [yolo_backbone_4.cpp:69]   --->   Operation 19 'add' 'r_2' <Predicate = true> <Delay = 0.93> <CoreInst = "Adder">   --->   Core 1 'Adder' <Latency = 0> <II = 1> <Delay = 0.93> <FuncUnit> <Opcode : 'add' 'sub'> <InPorts = 2> <OutPorts = 1>
ST_1 : Operation 20 [1/1] (0.51ns)   --->   "%select_ln69 = select i1 %icmp_ln705, i3 0, i3 %c_2" [yolo_backbone_4.cpp:69]   --->   Operation 20 'select' 'select_ln69' <Predicate = true> <Delay = 0.51> <CoreInst = "Sel">   --->   Core 73 'Sel' <Latency = 0> <II = 1> <Delay = 0.51> <FuncUnit> <Opcode : 'select'> <InPorts = 3> <OutPorts = 1>
ST_1 : Operation 21 [1/1] (0.51ns)   --->   "%r_4 = select i1 %icmp_ln705, i3 %r_2, i3 %r_1" [yolo_backbone_4.cpp:69]   --->   Operation 21 'select' 'r_4' <Predicate = true> <Delay = 0.51> <CoreInst = "Sel">   --->   Core 73 'Sel' <Latency = 0> <II = 1> <Delay = 0.51> <FuncUnit> <Opcode : 'select'> <InPorts = 3> <OutPorts = 1>
ST_1 : Operation 22 [1/1] (0.93ns)   --->   "%icmp_ln74 = icmp_eq  i3 %r_4, i3 0" [yolo_backbone_4.cpp:74]   --->   Operation 22 'icmp' 'icmp_ln74' <Predicate = true> <Delay = 0.93> <CoreInst = "Cmp">   --->   Core 9 'Cmp' <Latency = 0> <II = 1> <Delay = 0.93> <FuncUnit> <Opcode : 'seteq' 'setne' 'setle' 'setge' 'setlt' 'setgt'> <InPorts = 2> <OutPorts = 1>
ST_1 : Operation 23 [1/1] (0.93ns)   --->   "%icmp_ln74_1 = icmp_ult  i3 %r_4, i3 3" [yolo_backbone_4.cpp:74]   --->   Operation 23 'icmp' 'icmp_ln74_1' <Predicate = true> <Delay = 0.93> <CoreInst = "Cmp">   --->   Core 9 'Cmp' <Latency = 0> <II = 1> <Delay = 0.93> <FuncUnit> <Opcode : 'seteq' 'setne' 'setle' 'setge' 'setlt' 'setgt'> <InPorts = 2> <OutPorts = 1>
ST_1 : Operation 24 [1/1] (0.47ns)   --->   "%xor_ln74 = xor i1 %icmp_ln74, i1 %icmp_ln74_1" [yolo_backbone_4.cpp:74]   --->   Operation 24 'xor' 'xor_ln74' <Predicate = true> <Delay = 0.47> <CoreInst = "LogicGate">   --->   Core 74 'LogicGate' <Latency = 0> <II = 1> <Delay = 0.47> <FuncUnit> <Opcode : 'and' 'or' 'xor'> <InPorts = 2> <OutPorts = 1>
ST_1 : Operation 25 [1/1] (0.00ns)   --->   "%trunc_ln70 = trunc i3 %select_ln69" [yolo_backbone_4.cpp:70]   --->   Operation 25 'trunc' 'trunc_ln70' <Predicate = true> <Delay = 0.00>
ST_1 : Operation 26 [1/1] (1.01ns)   --->   "%add_ln69 = add i4 %indvar_flatten2_load, i4 1" [yolo_backbone_4.cpp:69]   --->   Operation 26 'add' 'add_ln69' <Predicate = true> <Delay = 1.01> <CoreInst = "Adder">   --->   Core 1 'Adder' <Latency = 0> <II = 1> <Delay = 1.01> <FuncUnit> <Opcode : 'add' 'sub'> <InPorts = 2> <OutPorts = 1>
ST_1 : Operation 27 [1/1] (0.00ns)   --->   "%br_ln74 = br i1 %xor_ln74, void %for.inc, void %switch.early.test" [yolo_backbone_4.cpp:74]   --->   Operation 27 'br' 'br_ln74' <Predicate = true> <Delay = 0.00>
ST_1 : Operation 28 [1/1] (0.85ns)   --->   "%empty = icmp_eq  i2 %trunc_ln70, i2 3" [yolo_backbone_4.cpp:70]   --->   Operation 28 'icmp' 'empty' <Predicate = (xor_ln74)> <Delay = 0.85> <CoreInst = "Cmp">   --->   Core 9 'Cmp' <Latency = 0> <II = 1> <Delay = 0.85> <FuncUnit> <Opcode : 'seteq' 'setne' 'setle' 'setge' 'setlt' 'setgt'> <InPorts = 2> <OutPorts = 1>
ST_1 : Operation 29 [1/1] (0.85ns)   --->   "%empty_67 = icmp_eq  i2 %trunc_ln70, i2 0" [yolo_backbone_4.cpp:70]   --->   Operation 29 'icmp' 'empty_67' <Predicate = (xor_ln74)> <Delay = 0.85> <CoreInst = "Cmp">   --->   Core 9 'Cmp' <Latency = 0> <II = 1> <Delay = 0.85> <FuncUnit> <Opcode : 'seteq' 'setne' 'setle' 'setge' 'setlt' 'setgt'> <InPorts = 2> <OutPorts = 1>
ST_1 : Operation 30 [1/1] (0.47ns)   --->   "%empty_68 = or i1 %empty_67, i1 %empty" [yolo_backbone_4.cpp:70]   --->   Operation 30 'or' 'empty_68' <Predicate = (xor_ln74)> <Delay = 0.47> <CoreInst = "LogicGate">   --->   Core 74 'LogicGate' <Latency = 0> <II = 1> <Delay = 0.47> <FuncUnit> <Opcode : 'and' 'or' 'xor'> <InPorts = 2> <OutPorts = 1>
ST_1 : Operation 31 [1/1] (0.00ns)   --->   "%br_ln70 = br i1 %empty_68, void %if.then, void %for.inc" [yolo_backbone_4.cpp:70]   --->   Operation 31 'br' 'br_ln70' <Predicate = (xor_ln74)> <Delay = 0.00>
ST_1 : Operation 32 [1/1] (0.93ns)   --->   "%c_3 = add i3 %select_ln69, i3 1" [yolo_backbone_4.cpp:70]   --->   Operation 32 'add' 'c_3' <Predicate = true> <Delay = 0.93> <CoreInst = "Adder">   --->   Core 1 'Adder' <Latency = 0> <II = 1> <Delay = 0.93> <FuncUnit> <Opcode : 'add' 'sub'> <InPorts = 2> <OutPorts = 1>
ST_1 : Operation 33 [1/1] (0.93ns)   --->   "%icmp_ln70 = icmp_eq  i3 %c_3, i3 4" [yolo_backbone_4.cpp:70]   --->   Operation 33 'icmp' 'icmp_ln70' <Predicate = true> <Delay = 0.93> <CoreInst = "Cmp">   --->   Core 9 'Cmp' <Latency = 0> <II = 1> <Delay = 0.93> <FuncUnit> <Opcode : 'seteq' 'setne' 'setle' 'setge' 'setlt' 'setgt'> <InPorts = 2> <OutPorts = 1>
ST_1 : Operation 34 [1/1] (1.01ns)   --->   "%icmp_ln69 = icmp_eq  i4 %indvar_flatten2_load, i4 15" [yolo_backbone_4.cpp:69]   --->   Operation 34 'icmp' 'icmp_ln69' <Predicate = true> <Delay = 1.01> <CoreInst = "Cmp">   --->   Core 9 'Cmp' <Latency = 0> <II = 1> <Delay = 1.01> <FuncUnit> <Opcode : 'seteq' 'setne' 'setle' 'setge' 'setlt' 'setgt'> <InPorts = 2> <OutPorts = 1>
ST_1 : Operation 35 [1/1] (0.83ns)   --->   "%store_ln70 = store i3 %c_3, i3 %c" [yolo_backbone_4.cpp:70]   --->   Operation 35 'store' 'store_ln70' <Predicate = true> <Delay = 0.83>
ST_1 : Operation 36 [1/1] (0.83ns)   --->   "%store_ln69 = store i3 %r_4, i3 %r" [yolo_backbone_4.cpp:69]   --->   Operation 36 'store' 'store_ln69' <Predicate = true> <Delay = 0.83>
ST_1 : Operation 37 [1/1] (0.83ns)   --->   "%store_ln69 = store i4 %add_ln69, i4 %indvar_flatten2" [yolo_backbone_4.cpp:69]   --->   Operation 37 'store' 'store_ln69' <Predicate = true> <Delay = 0.83>
ST_1 : Operation 38 [1/1] (0.00ns)   --->   "%br_ln69 = br i1 %icmp_ln69, void %for.inc11, void %for.end13" [yolo_backbone_4.cpp:69]   --->   Operation 38 'br' 'br_ln69' <Predicate = true> <Delay = 0.00>

State 2 <SV = 1> <Delay = 5.04>
ST_2 : Operation 39 [1/1] (0.00ns)   --->   "%specloopname_ln0 = specloopname void @_ssdm_op_SpecLoopName, void @VITIS_LOOP_69_1_VITIS_LOOP_70_2_str"   --->   Operation 39 'specloopname' 'specloopname_ln0' <Predicate = true> <Delay = 0.00>
ST_2 : Operation 40 [1/1] (0.00ns)   --->   "%speclooptripcount_ln0 = speclooptripcount void @_ssdm_op_SpecLoopTripCount, i64 16, i64 16, i64 16"   --->   Operation 40 'speclooptripcount' 'speclooptripcount_ln0' <Predicate = true> <Delay = 0.00>
ST_2 : Operation 41 [1/1] (0.00ns)   --->   "%specpipeline_ln71 = specpipeline void @_ssdm_op_SpecPipeline, i32 1, i32 0, i32 0, i32 0, i32 4294967295, void @empty_9" [yolo_backbone_4.cpp:71]   --->   Operation 41 'specpipeline' 'specpipeline_ln71' <Predicate = true> <Delay = 0.00>
ST_2 : Operation 42 [1/1] ( I:2.46ns O:2.46ns )   --->   "%s_l1_out_read = read i1024 @_ssdm_op_Read.ap_fifo.volatile.i1024P0A, i1024 %s_l1_out" [yolo_backbone_4.cpp:72]   --->   Operation 42 'read' 's_l1_out_read' <Predicate = true> <Delay = 2.46> <CoreInst = "FIFO_SRL">   --->   Core 80 'FIFO_SRL' <Latency = 0> <II = 1> <Delay = 2.46> <Storage> <Opcode : 'read' 'write' 'nbread' 'nbwrite'> <Ports = 0> <Width = 1024> <Depth = 2> <FIFO>
ST_2 : Operation 43 [1/1] ( I:2.46ns O:2.46ns )   --->   "%write_ln73 = write void @_ssdm_op_Write.ap_fifo.volatile.i1024P0A, i1024 %s_conv2_in, i1024 %s_l1_out_read" [yolo_backbone_4.cpp:73]   --->   Operation 43 'write' 'write_ln73' <Predicate = true> <Delay = 2.46> <CoreInst = "FIFO_SRL">   --->   Core 80 'FIFO_SRL' <Latency = 0> <II = 1> <Delay = 2.46> <Storage> <Opcode : 'read' 'write' 'nbread' 'nbwrite'> <Ports = 0> <Width = 1024> <Depth = 2> <FIFO>
ST_2 : Operation 44 [1/1] ( I:2.57ns O:2.57ns )   --->   "%write_ln75 = write void @_ssdm_op_Write.ap_fifo.volatile.i1024P0A, i1024 %s_res_sync, i1024 %s_l1_out_read" [yolo_backbone_4.cpp:75]   --->   Operation 44 'write' 'write_ln75' <Predicate = (xor_ln74 & !empty_68)> <Delay = 2.57> <CoreInst = "FIFO">   --->   Core 77 'FIFO' <Latency = 0> <II = 1> <Delay = 2.57> <Storage> <Opcode : 'read' 'write' 'nbread' 'nbwrite'> <Ports = 0> <Width = 1024> <Depth = 8> <FIFO>
ST_2 : Operation 45 [1/1] (0.00ns)   --->   "%br_ln76 = br void %for.inc" [yolo_backbone_4.cpp:76]   --->   Operation 45 'br' 'br_ln76' <Predicate = (xor_ln74 & !empty_68)> <Delay = 0.00>
ST_2 : Operation 46 [1/1] (0.83ns)   --->   "%ret_ln79 = ret" [yolo_backbone_4.cpp:79]   --->   Operation 46 'ret' 'ret_ln79' <Predicate = (icmp_ln69)> <Delay = 0.83>


============================================================
+ Verbose Summary: Binding
============================================================
STG Binding: 
---------------- STG Properties BEGIN ----------------
- Is combinational: 0
- Is one-state seq: 0
- Is datapath-only: 0
- Is pipelined: 0
- Is top level: 0
Port [ Return ] is wired: 1; IO mode=ap_ctrl_hs:ce=0
Port [ s_l1_out]:  wired=1; compound=1; hidden=0; nouse=0; global=0; static=0; extern=0; dir=0; type=3; pingpong=0; private_global=0; IO mode=ap_fifo:ce=0
Port [ s_conv2_in]:  wired=1; compound=1; hidden=0; nouse=0; global=0; static=0; extern=0; dir=1; type=3; pingpong=0; private_global=0; IO mode=ap_fifo:ce=0
Port [ s_res_sync]:  wired=1; compound=1; hidden=0; nouse=0; global=0; static=0; extern=0; dir=1; type=3; pingpong=0; private_global=0; IO mode=ap_fifo:ce=0
---------------- STG Properties END ------------------

---------------- Datapath Model BEGIN ----------------

<LifeTime>
<method=bitvector/>
indvar_flatten2       (alloca           ) [ 010]
r                     (alloca           ) [ 010]
c                     (alloca           ) [ 010]
specinterface_ln0     (specinterface    ) [ 000]
specinterface_ln0     (specinterface    ) [ 000]
specinterface_ln0     (specinterface    ) [ 000]
store_ln70            (store            ) [ 000]
store_ln69            (store            ) [ 000]
store_ln0             (store            ) [ 000]
br_ln0                (br               ) [ 000]
icmp_ln705            (phi              ) [ 010]
indvar_flatten2_load  (load             ) [ 000]
r_1                   (load             ) [ 000]
c_2                   (load             ) [ 000]
r_2                   (add              ) [ 000]
select_ln69           (select           ) [ 000]
r_4                   (select           ) [ 000]
icmp_ln74             (icmp             ) [ 000]
icmp_ln74_1           (icmp             ) [ 000]
xor_ln74              (xor              ) [ 011]
trunc_ln70            (trunc            ) [ 000]
add_ln69              (add              ) [ 000]
br_ln74               (br               ) [ 000]
empty                 (icmp             ) [ 000]
empty_67              (icmp             ) [ 000]
empty_68              (or               ) [ 011]
br_ln70               (br               ) [ 000]
c_3                   (add              ) [ 000]
icmp_ln70             (icmp             ) [ 010]
icmp_ln69             (icmp             ) [ 011]
store_ln70            (store            ) [ 000]
store_ln69            (store            ) [ 000]
store_ln69            (store            ) [ 000]
br_ln69               (br               ) [ 010]
specloopname_ln0      (specloopname     ) [ 000]
speclooptripcount_ln0 (speclooptripcount) [ 000]
specpipeline_ln71     (specpipeline     ) [ 000]
s_l1_out_read         (read             ) [ 000]
write_ln73            (write            ) [ 000]
write_ln75            (write            ) [ 000]
br_ln76               (br               ) [ 000]
ret_ln79              (ret              ) [ 000]
</LifeTime>

<model>

<comp_list>
<comp id="0" class="1000" name="s_l1_out">
<pin_list>
<pin id="1" dir="1" index="0" bw="1" slack="0"/>
</pin_list>
<bind>
<StgValue><ssdm name="s_l1_out"/></StgValue>
</bind>
</comp>

<comp id="2" class="1000" name="s_conv2_in">
<pin_list>
<pin id="3" dir="1" index="0" bw="1" slack="0"/>
</pin_list>
<bind>
<StgValue><ssdm name="s_conv2_in"/></StgValue>
</bind>
</comp>

<comp id="4" class="1000" name="s_res_sync">
<pin_list>
<pin id="5" dir="1" index="0" bw="1" slack="0"/>
</pin_list>
<bind>
<StgValue><ssdm name="s_res_sync"/></StgValue>
</bind>
</comp>

<comp id="6" class="1001" name="const_6">
<pin_list>
<pin id="7" dir="1" index="0" bw="1" slack="0"/>
</pin_list>
<bind>
<StgValue><ssdm name=""/></StgValue>
</bind>
</comp>

<comp id="8" class="1001" name="const_8">
<pin_list>
<pin id="9" dir="1" index="0" bw="1" slack="2147483647"/>
</pin_list>
<bind>
<StgValue><ssdm name="_ssdm_op_SpecInterface"/></StgValue>
</bind>
</comp>

<comp id="10" class="1001" name="const_10">
<pin_list>
<pin id="11" dir="1" index="0" bw="1" slack="2147483647"/>
</pin_list>
<bind>
<StgValue><ssdm name="empty_1"/></StgValue>
</bind>
</comp>

<comp id="12" class="1001" name="const_12">
<pin_list>
<pin id="13" dir="1" index="0" bw="1" slack="2147483647"/>
</pin_list>
<bind>
<StgValue><ssdm name=""/></StgValue>
</bind>
</comp>

<comp id="14" class="1001" name="const_14">
<pin_list>
<pin id="15" dir="1" index="0" bw="1" slack="2147483647"/>
</pin_list>
<bind>
<StgValue><ssdm name="empty_9"/></StgValue>
</bind>
</comp>

<comp id="16" class="1001" name="const_16">
<pin_list>
<pin id="17" dir="1" index="0" bw="1" slack="2147483647"/>
</pin_list>
<bind>
<StgValue><ssdm name=""/></StgValue>
</bind>
</comp>

<comp id="18" class="1001" name="const_18">
<pin_list>
<pin id="19" dir="1" index="0" bw="1" slack="0"/>
</pin_list>
<bind>
<StgValue><ssdm name=""/></StgValue>
</bind>
</comp>

<comp id="20" class="1001" name="const_20">
<pin_list>
<pin id="21" dir="1" index="0" bw="1" slack="0"/>
</pin_list>
<bind>
<StgValue><ssdm name=""/></StgValue>
</bind>
</comp>

<comp id="22" class="1001" name="const_22">
<pin_list>
<pin id="23" dir="1" index="0" bw="1" slack="0"/>
</pin_list>
<bind>
<StgValue><ssdm name=""/></StgValue>
</bind>
</comp>

<comp id="24" class="1001" name="const_24">
<pin_list>
<pin id="25" dir="1" index="0" bw="1" slack="0"/>
</pin_list>
<bind>
<StgValue><ssdm name=""/></StgValue>
</bind>
</comp>

<comp id="26" class="1001" name="const_26">
<pin_list>
<pin id="27" dir="1" index="0" bw="1" slack="0"/>
</pin_list>
<bind>
<StgValue><ssdm name=""/></StgValue>
</bind>
</comp>

<comp id="28" class="1001" name="const_28">
<pin_list>
<pin id="29" dir="1" index="0" bw="1" slack="0"/>
</pin_list>
<bind>
<StgValue><ssdm name=""/></StgValue>
</bind>
</comp>

<comp id="30" class="1001" name="const_30">
<pin_list>
<pin id="31" dir="1" index="0" bw="1" slack="0"/>
</pin_list>
<bind>
<StgValue><ssdm name=""/></StgValue>
</bind>
</comp>

<comp id="32" class="1001" name="const_32">
<pin_list>
<pin id="33" dir="1" index="0" bw="1" slack="0"/>
</pin_list>
<bind>
<StgValue><ssdm name=""/></StgValue>
</bind>
</comp>

<comp id="34" class="1001" name="const_34">
<pin_list>
<pin id="35" dir="1" index="0" bw="1" slack="0"/>
</pin_list>
<bind>
<StgValue><ssdm name=""/></StgValue>
</bind>
</comp>

<comp id="36" class="1001" name="const_36">
<pin_list>
<pin id="37" dir="1" index="0" bw="1" slack="0"/>
</pin_list>
<bind>
<StgValue><ssdm name=""/></StgValue>
</bind>
</comp>

<comp id="38" class="1001" name="const_38">
<pin_list>
<pin id="39" dir="1" index="0" bw="1" slack="2147483647"/>
</pin_list>
<bind>
<StgValue><ssdm name="_ssdm_op_SpecLoopName"/></StgValue>
</bind>
</comp>

<comp id="40" class="1001" name="const_40">
<pin_list>
<pin id="41" dir="1" index="0" bw="1" slack="2147483647"/>
</pin_list>
<bind>
<StgValue><ssdm name="VITIS_LOOP_69_1_VITIS_LOOP_70_2_str"/></StgValue>
</bind>
</comp>

<comp id="42" class="1001" name="const_42">
<pin_list>
<pin id="43" dir="1" index="0" bw="1" slack="2147483647"/>
</pin_list>
<bind>
<StgValue><ssdm name="_ssdm_op_SpecLoopTripCount"/></StgValue>
</bind>
</comp>

<comp id="44" class="1001" name="const_44">
<pin_list>
<pin id="45" dir="1" index="0" bw="1" slack="2147483647"/>
</pin_list>
<bind>
<StgValue><ssdm name=""/></StgValue>
</bind>
</comp>

<comp id="46" class="1001" name="const_46">
<pin_list>
<pin id="47" dir="1" index="0" bw="1" slack="2147483647"/>
</pin_list>
<bind>
<StgValue><ssdm name="_ssdm_op_SpecPipeline"/></StgValue>
</bind>
</comp>

<comp id="48" class="1001" name="const_48">
<pin_list>
<pin id="49" dir="1" index="0" bw="1" slack="0"/>
</pin_list>
<bind>
<StgValue><ssdm name="_ssdm_op_Read.ap_fifo.volatile.i1024P0A"/></StgValue>
</bind>
</comp>

<comp id="50" class="1001" name="const_50">
<pin_list>
<pin id="51" dir="1" index="0" bw="1" slack="0"/>
</pin_list>
<bind>
<StgValue><ssdm name="_ssdm_op_Write.ap_fifo.volatile.i1024P0A"/></StgValue>
</bind>
</comp>

<comp id="52" class="1004" name="indvar_flatten2_fu_52">
<pin_list>
<pin id="53" dir="0" index="0" bw="1" slack="0"/>
<pin id="54" dir="1" index="1" bw="4" slack="0"/>
</pin_list>
<bind>
<opcode="alloca(26) " fcode="alloca"/>
<opset="indvar_flatten2/1 "/>
</bind>
</comp>

<comp id="56" class="1004" name="r_fu_56">
<pin_list>
<pin id="57" dir="0" index="0" bw="1" slack="0"/>
<pin id="58" dir="1" index="1" bw="3" slack="0"/>
</pin_list>
<bind>
<opcode="alloca(26) " fcode="alloca"/>
<opset="r/1 "/>
</bind>
</comp>

<comp id="60" class="1004" name="c_fu_60">
<pin_list>
<pin id="61" dir="0" index="0" bw="1" slack="0"/>
<pin id="62" dir="1" index="1" bw="3" slack="0"/>
</pin_list>
<bind>
<opcode="alloca(26) " fcode="alloca"/>
<opset="c/1 "/>
</bind>
</comp>

<comp id="64" class="1004" name="s_l1_out_read_read_fu_64">
<pin_list>
<pin id="65" dir="0" index="0" bw="1024" slack="0"/>
<pin id="66" dir="0" index="1" bw="1024" slack="0"/>
<pin id="67" dir="1" index="2" bw="1024" slack="0"/>
</pin_list>
<bind>
<opcode="read(1150) " fcode="read"/>
<opset="s_l1_out_read/2 "/>
</bind>
</comp>

<comp id="70" class="1004" name="write_ln73_write_fu_70">
<pin_list>
<pin id="71" dir="0" index="0" bw="0" slack="0"/>
<pin id="72" dir="0" index="1" bw="1024" slack="0"/>
<pin id="73" dir="0" index="2" bw="1024" slack="0"/>
<pin id="74" dir="1" index="3" bw="0" slack="2147483647"/>
</pin_list>
<bind>
<opcode="write(1151) " fcode="write"/>
<opset="write_ln73/2 "/>
</bind>
</comp>

<comp id="78" class="1004" name="write_ln75_write_fu_78">
<pin_list>
<pin id="79" dir="0" index="0" bw="0" slack="0"/>
<pin id="80" dir="0" index="1" bw="1024" slack="0"/>
<pin id="81" dir="0" index="2" bw="1024" slack="0"/>
<pin id="82" dir="1" index="3" bw="0" slack="2147483647"/>
</pin_list>
<bind>
<opcode="write(1151) " fcode="write"/>
<opset="write_ln75/2 "/>
</bind>
</comp>

<comp id="86" class="1005" name="icmp_ln705_reg_86">
<pin_list>
<pin id="87" dir="0" index="0" bw="1" slack="2147483647"/>
<pin id="88" dir="1" index="1" bw="1" slack="2147483647"/>
</pin_list>
<bind>
<opset="icmp_ln705 (phireg) "/>
</bind>
</comp>

<comp id="89" class="1004" name="icmp_ln705_phi_fu_89">
<pin_list>
<pin id="90" dir="0" index="0" bw="1" slack="0"/>
<pin id="91" dir="0" index="1" bw="0" slack="2147483647"/>
<pin id="92" dir="0" index="2" bw="1" slack="0"/>
<pin id="93" dir="0" index="3" bw="0" slack="2147483647"/>
<pin id="94" dir="1" index="4" bw="1" slack="0"/>
</pin_list>
<bind>
<opcode="phi(47) " fcode="phi"/>
<opset="icmp_ln705/1 "/>
</bind>
</comp>

<comp id="96" class="1004" name="store_ln70_store_fu_96">
<pin_list>
<pin id="97" dir="0" index="0" bw="1" slack="0"/>
<pin id="98" dir="0" index="1" bw="3" slack="0"/>
<pin id="99" dir="1" index="2" bw="0" slack="2147483647"/>
</pin_list>
<bind>
<opcode="store(28) " fcode="store"/>
<opset="store_ln70/1 "/>
</bind>
</comp>

<comp id="101" class="1004" name="store_ln69_store_fu_101">
<pin_list>
<pin id="102" dir="0" index="0" bw="1" slack="0"/>
<pin id="103" dir="0" index="1" bw="3" slack="0"/>
<pin id="104" dir="1" index="2" bw="0" slack="2147483647"/>
</pin_list>
<bind>
<opcode="store(28) " fcode="store"/>
<opset="store_ln69/1 "/>
</bind>
</comp>

<comp id="106" class="1004" name="store_ln0_store_fu_106">
<pin_list>
<pin id="107" dir="0" index="0" bw="1" slack="0"/>
<pin id="108" dir="0" index="1" bw="4" slack="0"/>
<pin id="109" dir="1" index="2" bw="0" slack="2147483647"/>
</pin_list>
<bind>
<opcode="store(28) " fcode="store"/>
<opset="store_ln0/1 "/>
</bind>
</comp>

<comp id="111" class="1004" name="indvar_flatten2_load_load_fu_111">
<pin_list>
<pin id="112" dir="0" index="0" bw="4" slack="0"/>
<pin id="113" dir="1" index="1" bw="4" slack="0"/>
</pin_list>
<bind>
<opcode="load(27) " fcode="load"/>
<opset="indvar_flatten2_load/1 "/>
</bind>
</comp>

<comp id="114" class="1004" name="r_1_load_fu_114">
<pin_list>
<pin id="115" dir="0" index="0" bw="3" slack="0"/>
<pin id="116" dir="1" index="1" bw="3" slack="0"/>
</pin_list>
<bind>
<opcode="load(27) " fcode="load"/>
<opset="r_1/1 "/>
</bind>
</comp>

<comp id="117" class="1004" name="c_2_load_fu_117">
<pin_list>
<pin id="118" dir="0" index="0" bw="3" slack="0"/>
<pin id="119" dir="1" index="1" bw="3" slack="0"/>
</pin_list>
<bind>
<opcode="load(27) " fcode="load"/>
<opset="c_2/1 "/>
</bind>
</comp>

<comp id="120" class="1004" name="r_2_fu_120">
<pin_list>
<pin id="121" dir="0" index="0" bw="3" slack="0"/>
<pin id="122" dir="0" index="1" bw="1" slack="0"/>
<pin id="123" dir="1" index="2" bw="3" slack="0"/>
</pin_list>
<bind>
<opcode="add(8) " fcode="add"/>
<opset="r_2/1 "/>
</bind>
</comp>

<comp id="126" class="1004" name="select_ln69_fu_126">
<pin_list>
<pin id="127" dir="0" index="0" bw="1" slack="0"/>
<pin id="128" dir="0" index="1" bw="1" slack="0"/>
<pin id="129" dir="0" index="2" bw="3" slack="0"/>
<pin id="130" dir="1" index="3" bw="3" slack="0"/>
</pin_list>
<bind>
<opcode="select(49) " fcode="select"/>
<opset="select_ln69/1 "/>
</bind>
</comp>

<comp id="134" class="1004" name="r_4_fu_134">
<pin_list>
<pin id="135" dir="0" index="0" bw="1" slack="0"/>
<pin id="136" dir="0" index="1" bw="3" slack="0"/>
<pin id="137" dir="0" index="2" bw="3" slack="0"/>
<pin id="138" dir="1" index="3" bw="3" slack="0"/>
</pin_list>
<bind>
<opcode="select(49) " fcode="select"/>
<opset="r_4/1 "/>
</bind>
</comp>

<comp id="142" class="1004" name="icmp_ln74_fu_142">
<pin_list>
<pin id="143" dir="0" index="0" bw="3" slack="0"/>
<pin id="144" dir="0" index="1" bw="1" slack="0"/>
<pin id="145" dir="1" index="2" bw="1" slack="0"/>
</pin_list>
<bind>
<opcode="icmp(45) " fcode="icmp"/>
<opset="icmp_ln74/1 "/>
</bind>
</comp>

<comp id="148" class="1004" name="icmp_ln74_1_fu_148">
<pin_list>
<pin id="149" dir="0" index="0" bw="3" slack="0"/>
<pin id="150" dir="0" index="1" bw="3" slack="0"/>
<pin id="151" dir="1" index="2" bw="1" slack="0"/>
</pin_list>
<bind>
<opcode="icmp(45) " fcode="icmp"/>
<opset="icmp_ln74_1/1 "/>
</bind>
</comp>

<comp id="154" class="1004" name="xor_ln74_fu_154">
<pin_list>
<pin id="155" dir="0" index="0" bw="1" slack="0"/>
<pin id="156" dir="0" index="1" bw="1" slack="0"/>
<pin id="157" dir="1" index="2" bw="1" slack="1"/>
</pin_list>
<bind>
<opcode="xor(25) " fcode="xor"/>
<opset="xor_ln74/1 "/>
</bind>
</comp>

<comp id="160" class="1004" name="trunc_ln70_fu_160">
<pin_list>
<pin id="161" dir="0" index="0" bw="3" slack="0"/>
<pin id="162" dir="1" index="1" bw="2" slack="0"/>
</pin_list>
<bind>
<opcode="trunc(33) " fcode="trunc"/>
<opset="trunc_ln70/1 "/>
</bind>
</comp>

<comp id="164" class="1004" name="add_ln69_fu_164">
<pin_list>
<pin id="165" dir="0" index="0" bw="4" slack="0"/>
<pin id="166" dir="0" index="1" bw="1" slack="0"/>
<pin id="167" dir="1" index="2" bw="4" slack="0"/>
</pin_list>
<bind>
<opcode="add(8) " fcode="add"/>
<opset="add_ln69/1 "/>
</bind>
</comp>

<comp id="170" class="1004" name="empty_fu_170">
<pin_list>
<pin id="171" dir="0" index="0" bw="2" slack="0"/>
<pin id="172" dir="0" index="1" bw="1" slack="0"/>
<pin id="173" dir="1" index="2" bw="1" slack="0"/>
</pin_list>
<bind>
<opcode="icmp(45) " fcode="icmp"/>
<opset="empty/1 "/>
</bind>
</comp>

<comp id="176" class="1004" name="empty_67_fu_176">
<pin_list>
<pin id="177" dir="0" index="0" bw="2" slack="0"/>
<pin id="178" dir="0" index="1" bw="1" slack="0"/>
<pin id="179" dir="1" index="2" bw="1" slack="0"/>
</pin_list>
<bind>
<opcode="icmp(45) " fcode="icmp"/>
<opset="empty_67/1 "/>
</bind>
</comp>

<comp id="182" class="1004" name="empty_68_fu_182">
<pin_list>
<pin id="183" dir="0" index="0" bw="1" slack="0"/>
<pin id="184" dir="0" index="1" bw="1" slack="0"/>
<pin id="185" dir="1" index="2" bw="1" slack="1"/>
</pin_list>
<bind>
<opcode="or(24) " fcode="or"/>
<opset="empty_68/1 "/>
</bind>
</comp>

<comp id="188" class="1004" name="c_3_fu_188">
<pin_list>
<pin id="189" dir="0" index="0" bw="3" slack="0"/>
<pin id="190" dir="0" index="1" bw="1" slack="0"/>
<pin id="191" dir="1" index="2" bw="3" slack="0"/>
</pin_list>
<bind>
<opcode="add(8) " fcode="add"/>
<opset="c_3/1 "/>
</bind>
</comp>

<comp id="194" class="1004" name="icmp_ln70_fu_194">
<pin_list>
<pin id="195" dir="0" index="0" bw="3" slack="0"/>
<pin id="196" dir="0" index="1" bw="3" slack="0"/>
<pin id="197" dir="1" index="2" bw="1" slack="0"/>
</pin_list>
<bind>
<opcode="icmp(45) " fcode="icmp"/>
<opset="icmp_ln70/1 "/>
</bind>
</comp>

<comp id="200" class="1004" name="icmp_ln69_fu_200">
<pin_list>
<pin id="201" dir="0" index="0" bw="4" slack="0"/>
<pin id="202" dir="0" index="1" bw="1" slack="0"/>
<pin id="203" dir="1" index="2" bw="1" slack="1"/>
</pin_list>
<bind>
<opcode="icmp(45) " fcode="icmp"/>
<opset="icmp_ln69/1 "/>
</bind>
</comp>

<comp id="206" class="1004" name="store_ln70_store_fu_206">
<pin_list>
<pin id="207" dir="0" index="0" bw="3" slack="0"/>
<pin id="208" dir="0" index="1" bw="3" slack="0"/>
<pin id="209" dir="1" index="2" bw="0" slack="2147483647"/>
</pin_list>
<bind>
<opcode="store(28) " fcode="store"/>
<opset="store_ln70/1 "/>
</bind>
</comp>

<comp id="211" class="1004" name="store_ln69_store_fu_211">
<pin_list>
<pin id="212" dir="0" index="0" bw="3" slack="0"/>
<pin id="213" dir="0" index="1" bw="3" slack="0"/>
<pin id="214" dir="1" index="2" bw="0" slack="2147483647"/>
</pin_list>
<bind>
<opcode="store(28) " fcode="store"/>
<opset="store_ln69/1 "/>
</bind>
</comp>

<comp id="216" class="1004" name="store_ln69_store_fu_216">
<pin_list>
<pin id="217" dir="0" index="0" bw="4" slack="0"/>
<pin id="218" dir="0" index="1" bw="4" slack="0"/>
<pin id="219" dir="1" index="2" bw="0" slack="2147483647"/>
</pin_list>
<bind>
<opcode="store(28) " fcode="store"/>
<opset="store_ln69/1 "/>
</bind>
</comp>

<comp id="221" class="1005" name="indvar_flatten2_reg_221">
<pin_list>
<pin id="222" dir="0" index="0" bw="4" slack="0"/>
<pin id="223" dir="1" index="1" bw="4" slack="0"/>
</pin_list>
<bind>
<opset="indvar_flatten2 "/>
</bind>
</comp>

<comp id="228" class="1005" name="r_reg_228">
<pin_list>
<pin id="229" dir="0" index="0" bw="3" slack="0"/>
<pin id="230" dir="1" index="1" bw="3" slack="0"/>
</pin_list>
<bind>
<opset="r "/>
</bind>
</comp>

<comp id="235" class="1005" name="c_reg_235">
<pin_list>
<pin id="236" dir="0" index="0" bw="3" slack="0"/>
<pin id="237" dir="1" index="1" bw="3" slack="0"/>
</pin_list>
<bind>
<opset="c "/>
</bind>
</comp>

<comp id="242" class="1005" name="xor_ln74_reg_242">
<pin_list>
<pin id="243" dir="0" index="0" bw="1" slack="1"/>
<pin id="244" dir="1" index="1" bw="1" slack="2147483647"/>
</pin_list>
<bind>
<opset="xor_ln74 "/>
</bind>
</comp>

<comp id="246" class="1005" name="empty_68_reg_246">
<pin_list>
<pin id="247" dir="0" index="0" bw="1" slack="1"/>
<pin id="248" dir="1" index="1" bw="1" slack="2147483647"/>
</pin_list>
<bind>
<opset="empty_68 "/>
</bind>
</comp>

<comp id="250" class="1005" name="icmp_ln70_reg_250">
<pin_list>
<pin id="251" dir="0" index="0" bw="1" slack="0"/>
<pin id="252" dir="1" index="1" bw="1" slack="0"/>
</pin_list>
<bind>
<opset="icmp_ln70 "/>
</bind>
</comp>

<comp id="255" class="1005" name="icmp_ln69_reg_255">
<pin_list>
<pin id="256" dir="0" index="0" bw="1" slack="1"/>
<pin id="257" dir="1" index="1" bw="1" slack="2147483647"/>
</pin_list>
<bind>
<opset="icmp_ln69 "/>
</bind>
</comp>

</comp_list>

<net_list>
<net id="55"><net_src comp="6" pin="0"/><net_sink comp="52" pin=0"/></net>

<net id="59"><net_src comp="6" pin="0"/><net_sink comp="56" pin=0"/></net>

<net id="63"><net_src comp="6" pin="0"/><net_sink comp="60" pin=0"/></net>

<net id="68"><net_src comp="48" pin="0"/><net_sink comp="64" pin=0"/></net>

<net id="69"><net_src comp="0" pin="0"/><net_sink comp="64" pin=1"/></net>

<net id="75"><net_src comp="50" pin="0"/><net_sink comp="70" pin=0"/></net>

<net id="76"><net_src comp="2" pin="0"/><net_sink comp="70" pin=1"/></net>

<net id="77"><net_src comp="64" pin="2"/><net_sink comp="70" pin=2"/></net>

<net id="83"><net_src comp="50" pin="0"/><net_sink comp="78" pin=0"/></net>

<net id="84"><net_src comp="4" pin="0"/><net_sink comp="78" pin=1"/></net>

<net id="85"><net_src comp="64" pin="2"/><net_sink comp="78" pin=2"/></net>

<net id="95"><net_src comp="22" pin="0"/><net_sink comp="89" pin=0"/></net>

<net id="100"><net_src comp="18" pin="0"/><net_sink comp="96" pin=0"/></net>

<net id="105"><net_src comp="18" pin="0"/><net_sink comp="101" pin=0"/></net>

<net id="110"><net_src comp="20" pin="0"/><net_sink comp="106" pin=0"/></net>

<net id="124"><net_src comp="114" pin="1"/><net_sink comp="120" pin=0"/></net>

<net id="125"><net_src comp="24" pin="0"/><net_sink comp="120" pin=1"/></net>

<net id="131"><net_src comp="89" pin="4"/><net_sink comp="126" pin=0"/></net>

<net id="132"><net_src comp="18" pin="0"/><net_sink comp="126" pin=1"/></net>

<net id="133"><net_src comp="117" pin="1"/><net_sink comp="126" pin=2"/></net>

<net id="139"><net_src comp="89" pin="4"/><net_sink comp="134" pin=0"/></net>

<net id="140"><net_src comp="120" pin="2"/><net_sink comp="134" pin=1"/></net>

<net id="141"><net_src comp="114" pin="1"/><net_sink comp="134" pin=2"/></net>

<net id="146"><net_src comp="134" pin="3"/><net_sink comp="142" pin=0"/></net>

<net id="147"><net_src comp="18" pin="0"/><net_sink comp="142" pin=1"/></net>

<net id="152"><net_src comp="134" pin="3"/><net_sink comp="148" pin=0"/></net>

<net id="153"><net_src comp="26" pin="0"/><net_sink comp="148" pin=1"/></net>

<net id="158"><net_src comp="142" pin="2"/><net_sink comp="154" pin=0"/></net>

<net id="159"><net_src comp="148" pin="2"/><net_sink comp="154" pin=1"/></net>

<net id="163"><net_src comp="126" pin="3"/><net_sink comp="160" pin=0"/></net>

<net id="168"><net_src comp="111" pin="1"/><net_sink comp="164" pin=0"/></net>

<net id="169"><net_src comp="28" pin="0"/><net_sink comp="164" pin=1"/></net>

<net id="174"><net_src comp="160" pin="1"/><net_sink comp="170" pin=0"/></net>

<net id="175"><net_src comp="30" pin="0"/><net_sink comp="170" pin=1"/></net>

<net id="180"><net_src comp="160" pin="1"/><net_sink comp="176" pin=0"/></net>

<net id="181"><net_src comp="32" pin="0"/><net_sink comp="176" pin=1"/></net>

<net id="186"><net_src comp="176" pin="2"/><net_sink comp="182" pin=0"/></net>

<net id="187"><net_src comp="170" pin="2"/><net_sink comp="182" pin=1"/></net>

<net id="192"><net_src comp="126" pin="3"/><net_sink comp="188" pin=0"/></net>

<net id="193"><net_src comp="24" pin="0"/><net_sink comp="188" pin=1"/></net>

<net id="198"><net_src comp="188" pin="2"/><net_sink comp="194" pin=0"/></net>

<net id="199"><net_src comp="34" pin="0"/><net_sink comp="194" pin=1"/></net>

<net id="204"><net_src comp="111" pin="1"/><net_sink comp="200" pin=0"/></net>

<net id="205"><net_src comp="36" pin="0"/><net_sink comp="200" pin=1"/></net>

<net id="210"><net_src comp="188" pin="2"/><net_sink comp="206" pin=0"/></net>

<net id="215"><net_src comp="134" pin="3"/><net_sink comp="211" pin=0"/></net>

<net id="220"><net_src comp="164" pin="2"/><net_sink comp="216" pin=0"/></net>

<net id="224"><net_src comp="52" pin="1"/><net_sink comp="221" pin=0"/></net>

<net id="225"><net_src comp="221" pin="1"/><net_sink comp="106" pin=1"/></net>

<net id="226"><net_src comp="221" pin="1"/><net_sink comp="111" pin=0"/></net>

<net id="227"><net_src comp="221" pin="1"/><net_sink comp="216" pin=1"/></net>

<net id="231"><net_src comp="56" pin="1"/><net_sink comp="228" pin=0"/></net>

<net id="232"><net_src comp="228" pin="1"/><net_sink comp="101" pin=1"/></net>

<net id="233"><net_src comp="228" pin="1"/><net_sink comp="114" pin=0"/></net>

<net id="234"><net_src comp="228" pin="1"/><net_sink comp="211" pin=1"/></net>

<net id="238"><net_src comp="60" pin="1"/><net_sink comp="235" pin=0"/></net>

<net id="239"><net_src comp="235" pin="1"/><net_sink comp="96" pin=1"/></net>

<net id="240"><net_src comp="235" pin="1"/><net_sink comp="117" pin=0"/></net>

<net id="241"><net_src comp="235" pin="1"/><net_sink comp="206" pin=1"/></net>

<net id="245"><net_src comp="154" pin="2"/><net_sink comp="242" pin=0"/></net>

<net id="249"><net_src comp="182" pin="2"/><net_sink comp="246" pin=0"/></net>

<net id="253"><net_src comp="194" pin="2"/><net_sink comp="250" pin=0"/></net>

<net id="254"><net_src comp="250" pin="1"/><net_sink comp="89" pin=2"/></net>

<net id="258"><net_src comp="200" pin="2"/><net_sink comp="255" pin=0"/></net>

</net_list>

</model> 
---------------- Datapath Model END ------------------

* FSMD analyzer results:
  - Output states:
	Port: s_conv2_in | {2 }
	Port: s_res_sync | {2 }
 - Input state : 
	Port: split_and_crop : s_l1_out | {2 }
  - Chain level:
	State 1
		store_ln70 : 1
		store_ln69 : 1
		store_ln0 : 1
		icmp_ln705 : 1
		indvar_flatten2_load : 1
		r_1 : 1
		c_2 : 1
		r_2 : 2
		select_ln69 : 2
		r_4 : 3
		icmp_ln74 : 4
		icmp_ln74_1 : 4
		xor_ln74 : 5
		trunc_ln70 : 3
		add_ln69 : 2
		br_ln74 : 5
		empty : 4
		empty_67 : 4
		empty_68 : 5
		br_ln70 : 5
		c_3 : 3
		icmp_ln70 : 4
		icmp_ln69 : 2
		store_ln70 : 4
		store_ln69 : 4
		store_ln69 : 3
		br_ln69 : 3
	State 2


============================================================
+ Verbose Summary: Datapath Resource usage 
============================================================

* Functional unit list:
|----------|--------------------------|---------|---------|
| Operation|      Functional Unit     |    FF   |   LUT   |
|----------|--------------------------|---------|---------|
|          |     icmp_ln74_fu_142     |    0    |    11   |
|          |    icmp_ln74_1_fu_148    |    0    |    11   |
|   icmp   |       empty_fu_170       |    0    |    10   |
|          |      empty_67_fu_176     |    0    |    10   |
|          |     icmp_ln70_fu_194     |    0    |    11   |
|          |     icmp_ln69_fu_200     |    0    |    13   |
|----------|--------------------------|---------|---------|
|          |        r_2_fu_120        |    0    |    11   |
|    add   |      add_ln69_fu_164     |    0    |    13   |
|          |        c_3_fu_188        |    0    |    11   |
|----------|--------------------------|---------|---------|
|  select  |    select_ln69_fu_126    |    0    |    3    |
|          |        r_4_fu_134        |    0    |    3    |
|----------|--------------------------|---------|---------|
|    xor   |      xor_ln74_fu_154     |    0    |    2    |
|----------|--------------------------|---------|---------|
|    or    |      empty_68_fu_182     |    0    |    2    |
|----------|--------------------------|---------|---------|
|   read   | s_l1_out_read_read_fu_64 |    0    |    0    |
|----------|--------------------------|---------|---------|
|   write  |  write_ln73_write_fu_70  |    0    |    0    |
|          |  write_ln75_write_fu_78  |    0    |    0    |
|----------|--------------------------|---------|---------|
|   trunc  |     trunc_ln70_fu_160    |    0    |    0    |
|----------|--------------------------|---------|---------|
|   Total  |                          |    0    |   111   |
|----------|--------------------------|---------|---------|

Memories:
N/A

* Register list:
+-----------------------+--------+
|                       |   FF   |
+-----------------------+--------+
|       c_reg_235       |    3   |
|    empty_68_reg_246   |    1   |
|   icmp_ln69_reg_255   |    1   |
|   icmp_ln705_reg_86   |    1   |
|   icmp_ln70_reg_250   |    1   |
|indvar_flatten2_reg_221|    4   |
|       r_reg_228       |    3   |
|    xor_ln74_reg_242   |    1   |
+-----------------------+--------+
|         Total         |   15   |
+-----------------------+--------+

* Multiplexer (MUX) list: 
|--------|------|------|------|--------|
|  Comp  |  Pin | Size |  BW  | S x BW |
|--------|------|------|------|--------|
|  Total |      |      |      |    0   |
|--------|------|------|------|--------|



* Summary:
+-----------+--------+--------+
|           |   FF   |   LUT  |
+-----------+--------+--------+
|  Function |    0   |   111  |
|   Memory  |    -   |    -   |
|Multiplexer|    -   |    -   |
|  Register |   15   |    -   |
+-----------+--------+--------+
|   Total   |   15   |   111  |
+-----------+--------+--------+
