

================================================================
== Vitis HLS Report for 'store_image'
================================================================
* Date:           Wed Jun 17 17:44:54 2026

* Version:        2025.2 (Build 6295257 on Nov 14 2025)
* Project:        yolo_backbone_v4
* Solution:       hls (Vivado IP Flow Target)
* Product family: kintex7
* Target device:  xc7k325t-ffg900-2


================================================================
== Performance Estimates
================================================================
+ Timing: 
    * Summary: 
    +--------+----------+----------+------------+
    |  Clock |  Target  | Estimated| Uncertainty|
    +--------+----------+----------+------------+
    |ap_clk  |  10.00 ns|  7.300 ns|     2.70 ns|
    +--------+----------+----------+------------+

+ Latency: 
    * Summary: 
    +---------+---------+----------+----------+-----+-----+---------+
    |  Latency (cycles) |  Latency (absolute) |  Interval | Pipeline|
    |   min   |   max   |    min   |    max   | min | max |   Type  |
    +---------+---------+----------+----------+-----+-----+---------+
    |       70|       70|  0.700 us|  0.700 us|   70|   70|       no|
    +---------+---------+----------+----------+-----+-----+---------+

    + Detail: 
        * Instance: 
        N/A

        * Loop: 
        N/A

============================================================
+ Verbose Summary: Synthesis Manager
============================================================
InlineROM: 1
ExposeGlobal: 0
============================================================
+ Verbose Summary: CDFG Model
============================================================
IsTopModel: 0
ResetActiveHigh: 1
IsCombinational: 2
IsDatapathOnly: 0
HasWiredReturn: 1
HasMFsm: 0
HasVarLatency: 1
IsPipeline: 0
IsRtlPipelined: 0
IsInstanceOverlapped: 0
IsDontTouch: 0
HasImplIP: 0
IsGatedGlobalClock: 0


============================================================
+ Verbose Summary: Schedule
============================================================
* Number of FSM states : 71
* Pipeline : 0
* Dataflow Pipeline: 0

* FSM state transitions: 
1 --> 2 
2 --> 3 
3 --> 4 
4 --> 5 
5 --> 6 
6 --> 7 
7 --> 8 
8 --> 9 
9 --> 10 
10 --> 11 
11 --> 12 
12 --> 13 
13 --> 14 
14 --> 15 
15 --> 16 
16 --> 17 
17 --> 18 
18 --> 19 
19 --> 20 
20 --> 21 
21 --> 22 
22 --> 23 
23 --> 24 
24 --> 25 
25 --> 26 
26 --> 27 
27 --> 28 
28 --> 29 
29 --> 30 
30 --> 31 
31 --> 32 
32 --> 33 
33 --> 34 
34 --> 35 
35 --> 36 
36 --> 37 
37 --> 38 
38 --> 39 
39 --> 40 
40 --> 41 
41 --> 42 
42 --> 43 
43 --> 44 
44 --> 45 
45 --> 46 
46 --> 47 
47 --> 48 
48 --> 49 
49 --> 50 
50 --> 51 
51 --> 52 
52 --> 53 
53 --> 54 
54 --> 55 
55 --> 56 
56 --> 57 
57 --> 58 
58 --> 59 
59 --> 60 
60 --> 61 
61 --> 62 
62 --> 63 
63 --> 64 
64 --> 65 
65 --> 66 
66 --> 67 
67 --> 68 
68 --> 69 
69 --> 70 
70 --> 71 
71 --> 

* FSM state operations: 

State 1 <SV = 0> <Delay = 2.46>
ST_1 : Operation 72 [1/1] ( I:2.20ns O:2.20ns )   --->   "%image_out_1 = read i64 @_ssdm_op_Read.ap_fifo.i64P0A, i64 %image_out"   --->   Operation 72 'read' 'image_out_1' <Predicate = true> <Delay = 2.20> <CoreInst = "FIFO_SRL">   --->   Core 80 'FIFO_SRL' <Latency = 0> <II = 1> <Delay = 2.20> <Storage> <Opcode : 'read' 'write' 'nbread' 'nbwrite'> <Ports = 0> <Width = 64> <Depth = 8> <FIFO>
ST_1 : Operation 73 [1/1] ( I:2.46ns O:2.46ns )   --->   "%s_pool_out_read = read i1024 @_ssdm_op_Read.ap_fifo.volatile.i1024P0A, i1024 %s_pool_out" [yolo_backbone_4.cpp:223]   --->   Operation 73 'read' 's_pool_out_read' <Predicate = true> <Delay = 2.46> <CoreInst = "FIFO_SRL">   --->   Core 80 'FIFO_SRL' <Latency = 0> <II = 1> <Delay = 2.46> <Storage> <Opcode : 'read' 'write' 'nbread' 'nbwrite'> <Ports = 0> <Width = 1024> <Depth = 2> <FIFO>
ST_1 : Operation 74 [1/1] (0.00ns)   --->   "%trunc_ln223 = trunc i1024 %s_pool_out_read" [yolo_backbone_4.cpp:223]   --->   Operation 74 'trunc' 'trunc_ln223' <Predicate = true> <Delay = 0.00>
ST_1 : Operation 75 [1/1] (0.00ns)   --->   "%trunc_ln223_1 = partselect i16 @_ssdm_op_PartSelect.i16.i1024.i32.i32, i1024 %s_pool_out_read, i32 16, i32 31" [yolo_backbone_4.cpp:223]   --->   Operation 75 'partselect' 'trunc_ln223_1' <Predicate = true> <Delay = 0.00>
ST_1 : Operation 76 [1/1] (0.00ns)   --->   "%trunc_ln223_2 = partselect i16 @_ssdm_op_PartSelect.i16.i1024.i32.i32, i1024 %s_pool_out_read, i32 32, i32 47" [yolo_backbone_4.cpp:223]   --->   Operation 76 'partselect' 'trunc_ln223_2' <Predicate = true> <Delay = 0.00>
ST_1 : Operation 77 [1/1] (0.00ns)   --->   "%trunc_ln223_3 = partselect i16 @_ssdm_op_PartSelect.i16.i1024.i32.i32, i1024 %s_pool_out_read, i32 48, i32 63" [yolo_backbone_4.cpp:223]   --->   Operation 77 'partselect' 'trunc_ln223_3' <Predicate = true> <Delay = 0.00>
ST_1 : Operation 78 [1/1] (0.00ns)   --->   "%trunc_ln223_4 = partselect i16 @_ssdm_op_PartSelect.i16.i1024.i32.i32, i1024 %s_pool_out_read, i32 64, i32 79" [yolo_backbone_4.cpp:223]   --->   Operation 78 'partselect' 'trunc_ln223_4' <Predicate = true> <Delay = 0.00>
ST_1 : Operation 79 [1/1] (0.00ns)   --->   "%trunc_ln223_5 = partselect i16 @_ssdm_op_PartSelect.i16.i1024.i32.i32, i1024 %s_pool_out_read, i32 80, i32 95" [yolo_backbone_4.cpp:223]   --->   Operation 79 'partselect' 'trunc_ln223_5' <Predicate = true> <Delay = 0.00>
ST_1 : Operation 80 [1/1] (0.00ns)   --->   "%trunc_ln223_6 = partselect i16 @_ssdm_op_PartSelect.i16.i1024.i32.i32, i1024 %s_pool_out_read, i32 96, i32 111" [yolo_backbone_4.cpp:223]   --->   Operation 80 'partselect' 'trunc_ln223_6' <Predicate = true> <Delay = 0.00>
ST_1 : Operation 81 [1/1] (0.00ns)   --->   "%trunc_ln223_7 = partselect i16 @_ssdm_op_PartSelect.i16.i1024.i32.i32, i1024 %s_pool_out_read, i32 112, i32 127" [yolo_backbone_4.cpp:223]   --->   Operation 81 'partselect' 'trunc_ln223_7' <Predicate = true> <Delay = 0.00>
ST_1 : Operation 82 [1/1] (0.00ns)   --->   "%trunc_ln223_8 = partselect i16 @_ssdm_op_PartSelect.i16.i1024.i32.i32, i1024 %s_pool_out_read, i32 128, i32 143" [yolo_backbone_4.cpp:223]   --->   Operation 82 'partselect' 'trunc_ln223_8' <Predicate = true> <Delay = 0.00>
ST_1 : Operation 83 [1/1] (0.00ns)   --->   "%trunc_ln223_9 = partselect i16 @_ssdm_op_PartSelect.i16.i1024.i32.i32, i1024 %s_pool_out_read, i32 144, i32 159" [yolo_backbone_4.cpp:223]   --->   Operation 83 'partselect' 'trunc_ln223_9' <Predicate = true> <Delay = 0.00>
ST_1 : Operation 84 [1/1] (0.00ns)   --->   "%trunc_ln223_s = partselect i16 @_ssdm_op_PartSelect.i16.i1024.i32.i32, i1024 %s_pool_out_read, i32 160, i32 175" [yolo_backbone_4.cpp:223]   --->   Operation 84 'partselect' 'trunc_ln223_s' <Predicate = true> <Delay = 0.00>
ST_1 : Operation 85 [1/1] (0.00ns)   --->   "%trunc_ln223_10 = partselect i16 @_ssdm_op_PartSelect.i16.i1024.i32.i32, i1024 %s_pool_out_read, i32 176, i32 191" [yolo_backbone_4.cpp:223]   --->   Operation 85 'partselect' 'trunc_ln223_10' <Predicate = true> <Delay = 0.00>
ST_1 : Operation 86 [1/1] (0.00ns)   --->   "%trunc_ln223_11 = partselect i16 @_ssdm_op_PartSelect.i16.i1024.i32.i32, i1024 %s_pool_out_read, i32 192, i32 207" [yolo_backbone_4.cpp:223]   --->   Operation 86 'partselect' 'trunc_ln223_11' <Predicate = true> <Delay = 0.00>
ST_1 : Operation 87 [1/1] (0.00ns)   --->   "%trunc_ln223_12 = partselect i16 @_ssdm_op_PartSelect.i16.i1024.i32.i32, i1024 %s_pool_out_read, i32 208, i32 223" [yolo_backbone_4.cpp:223]   --->   Operation 87 'partselect' 'trunc_ln223_12' <Predicate = true> <Delay = 0.00>
ST_1 : Operation 88 [1/1] (0.00ns)   --->   "%trunc_ln223_13 = partselect i16 @_ssdm_op_PartSelect.i16.i1024.i32.i32, i1024 %s_pool_out_read, i32 224, i32 239" [yolo_backbone_4.cpp:223]   --->   Operation 88 'partselect' 'trunc_ln223_13' <Predicate = true> <Delay = 0.00>
ST_1 : Operation 89 [1/1] (0.00ns)   --->   "%trunc_ln223_14 = partselect i16 @_ssdm_op_PartSelect.i16.i1024.i32.i32, i1024 %s_pool_out_read, i32 240, i32 255" [yolo_backbone_4.cpp:223]   --->   Operation 89 'partselect' 'trunc_ln223_14' <Predicate = true> <Delay = 0.00>
ST_1 : Operation 90 [1/1] (0.00ns)   --->   "%trunc_ln223_15 = partselect i16 @_ssdm_op_PartSelect.i16.i1024.i32.i32, i1024 %s_pool_out_read, i32 256, i32 271" [yolo_backbone_4.cpp:223]   --->   Operation 90 'partselect' 'trunc_ln223_15' <Predicate = true> <Delay = 0.00>
ST_1 : Operation 91 [1/1] (0.00ns)   --->   "%trunc_ln223_16 = partselect i16 @_ssdm_op_PartSelect.i16.i1024.i32.i32, i1024 %s_pool_out_read, i32 272, i32 287" [yolo_backbone_4.cpp:223]   --->   Operation 91 'partselect' 'trunc_ln223_16' <Predicate = true> <Delay = 0.00>
ST_1 : Operation 92 [1/1] (0.00ns)   --->   "%trunc_ln223_17 = partselect i16 @_ssdm_op_PartSelect.i16.i1024.i32.i32, i1024 %s_pool_out_read, i32 288, i32 303" [yolo_backbone_4.cpp:223]   --->   Operation 92 'partselect' 'trunc_ln223_17' <Predicate = true> <Delay = 0.00>
ST_1 : Operation 93 [1/1] (0.00ns)   --->   "%trunc_ln223_18 = partselect i16 @_ssdm_op_PartSelect.i16.i1024.i32.i32, i1024 %s_pool_out_read, i32 304, i32 319" [yolo_backbone_4.cpp:223]   --->   Operation 93 'partselect' 'trunc_ln223_18' <Predicate = true> <Delay = 0.00>
ST_1 : Operation 94 [1/1] (0.00ns)   --->   "%trunc_ln223_19 = partselect i16 @_ssdm_op_PartSelect.i16.i1024.i32.i32, i1024 %s_pool_out_read, i32 320, i32 335" [yolo_backbone_4.cpp:223]   --->   Operation 94 'partselect' 'trunc_ln223_19' <Predicate = true> <Delay = 0.00>
ST_1 : Operation 95 [1/1] (0.00ns)   --->   "%trunc_ln223_20 = partselect i16 @_ssdm_op_PartSelect.i16.i1024.i32.i32, i1024 %s_pool_out_read, i32 336, i32 351" [yolo_backbone_4.cpp:223]   --->   Operation 95 'partselect' 'trunc_ln223_20' <Predicate = true> <Delay = 0.00>
ST_1 : Operation 96 [1/1] (0.00ns)   --->   "%trunc_ln223_21 = partselect i16 @_ssdm_op_PartSelect.i16.i1024.i32.i32, i1024 %s_pool_out_read, i32 352, i32 367" [yolo_backbone_4.cpp:223]   --->   Operation 96 'partselect' 'trunc_ln223_21' <Predicate = true> <Delay = 0.00>
ST_1 : Operation 97 [1/1] (0.00ns)   --->   "%trunc_ln223_22 = partselect i16 @_ssdm_op_PartSelect.i16.i1024.i32.i32, i1024 %s_pool_out_read, i32 368, i32 383" [yolo_backbone_4.cpp:223]   --->   Operation 97 'partselect' 'trunc_ln223_22' <Predicate = true> <Delay = 0.00>
ST_1 : Operation 98 [1/1] (0.00ns)   --->   "%trunc_ln223_23 = partselect i16 @_ssdm_op_PartSelect.i16.i1024.i32.i32, i1024 %s_pool_out_read, i32 384, i32 399" [yolo_backbone_4.cpp:223]   --->   Operation 98 'partselect' 'trunc_ln223_23' <Predicate = true> <Delay = 0.00>
ST_1 : Operation 99 [1/1] (0.00ns)   --->   "%trunc_ln223_24 = partselect i16 @_ssdm_op_PartSelect.i16.i1024.i32.i32, i1024 %s_pool_out_read, i32 400, i32 415" [yolo_backbone_4.cpp:223]   --->   Operation 99 'partselect' 'trunc_ln223_24' <Predicate = true> <Delay = 0.00>
ST_1 : Operation 100 [1/1] (0.00ns)   --->   "%trunc_ln223_25 = partselect i16 @_ssdm_op_PartSelect.i16.i1024.i32.i32, i1024 %s_pool_out_read, i32 416, i32 431" [yolo_backbone_4.cpp:223]   --->   Operation 100 'partselect' 'trunc_ln223_25' <Predicate = true> <Delay = 0.00>
ST_1 : Operation 101 [1/1] (0.00ns)   --->   "%trunc_ln223_26 = partselect i16 @_ssdm_op_PartSelect.i16.i1024.i32.i32, i1024 %s_pool_out_read, i32 432, i32 447" [yolo_backbone_4.cpp:223]   --->   Operation 101 'partselect' 'trunc_ln223_26' <Predicate = true> <Delay = 0.00>
ST_1 : Operation 102 [1/1] (0.00ns)   --->   "%trunc_ln223_27 = partselect i16 @_ssdm_op_PartSelect.i16.i1024.i32.i32, i1024 %s_pool_out_read, i32 448, i32 463" [yolo_backbone_4.cpp:223]   --->   Operation 102 'partselect' 'trunc_ln223_27' <Predicate = true> <Delay = 0.00>
ST_1 : Operation 103 [1/1] (0.00ns)   --->   "%trunc_ln223_28 = partselect i16 @_ssdm_op_PartSelect.i16.i1024.i32.i32, i1024 %s_pool_out_read, i32 464, i32 479" [yolo_backbone_4.cpp:223]   --->   Operation 103 'partselect' 'trunc_ln223_28' <Predicate = true> <Delay = 0.00>
ST_1 : Operation 104 [1/1] (0.00ns)   --->   "%trunc_ln223_29 = partselect i16 @_ssdm_op_PartSelect.i16.i1024.i32.i32, i1024 %s_pool_out_read, i32 480, i32 495" [yolo_backbone_4.cpp:223]   --->   Operation 104 'partselect' 'trunc_ln223_29' <Predicate = true> <Delay = 0.00>
ST_1 : Operation 105 [1/1] (0.00ns)   --->   "%trunc_ln223_30 = partselect i16 @_ssdm_op_PartSelect.i16.i1024.i32.i32, i1024 %s_pool_out_read, i32 496, i32 511" [yolo_backbone_4.cpp:223]   --->   Operation 105 'partselect' 'trunc_ln223_30' <Predicate = true> <Delay = 0.00>
ST_1 : Operation 106 [1/1] (0.00ns)   --->   "%trunc_ln223_31 = partselect i16 @_ssdm_op_PartSelect.i16.i1024.i32.i32, i1024 %s_pool_out_read, i32 512, i32 527" [yolo_backbone_4.cpp:223]   --->   Operation 106 'partselect' 'trunc_ln223_31' <Predicate = true> <Delay = 0.00>
ST_1 : Operation 107 [1/1] (0.00ns)   --->   "%trunc_ln223_32 = partselect i16 @_ssdm_op_PartSelect.i16.i1024.i32.i32, i1024 %s_pool_out_read, i32 528, i32 543" [yolo_backbone_4.cpp:223]   --->   Operation 107 'partselect' 'trunc_ln223_32' <Predicate = true> <Delay = 0.00>
ST_1 : Operation 108 [1/1] (0.00ns)   --->   "%trunc_ln223_33 = partselect i16 @_ssdm_op_PartSelect.i16.i1024.i32.i32, i1024 %s_pool_out_read, i32 544, i32 559" [yolo_backbone_4.cpp:223]   --->   Operation 108 'partselect' 'trunc_ln223_33' <Predicate = true> <Delay = 0.00>
ST_1 : Operation 109 [1/1] (0.00ns)   --->   "%trunc_ln223_34 = partselect i16 @_ssdm_op_PartSelect.i16.i1024.i32.i32, i1024 %s_pool_out_read, i32 560, i32 575" [yolo_backbone_4.cpp:223]   --->   Operation 109 'partselect' 'trunc_ln223_34' <Predicate = true> <Delay = 0.00>
ST_1 : Operation 110 [1/1] (0.00ns)   --->   "%trunc_ln223_35 = partselect i16 @_ssdm_op_PartSelect.i16.i1024.i32.i32, i1024 %s_pool_out_read, i32 576, i32 591" [yolo_backbone_4.cpp:223]   --->   Operation 110 'partselect' 'trunc_ln223_35' <Predicate = true> <Delay = 0.00>
ST_1 : Operation 111 [1/1] (0.00ns)   --->   "%trunc_ln223_36 = partselect i16 @_ssdm_op_PartSelect.i16.i1024.i32.i32, i1024 %s_pool_out_read, i32 592, i32 607" [yolo_backbone_4.cpp:223]   --->   Operation 111 'partselect' 'trunc_ln223_36' <Predicate = true> <Delay = 0.00>
ST_1 : Operation 112 [1/1] (0.00ns)   --->   "%trunc_ln223_37 = partselect i16 @_ssdm_op_PartSelect.i16.i1024.i32.i32, i1024 %s_pool_out_read, i32 608, i32 623" [yolo_backbone_4.cpp:223]   --->   Operation 112 'partselect' 'trunc_ln223_37' <Predicate = true> <Delay = 0.00>
ST_1 : Operation 113 [1/1] (0.00ns)   --->   "%trunc_ln223_38 = partselect i16 @_ssdm_op_PartSelect.i16.i1024.i32.i32, i1024 %s_pool_out_read, i32 624, i32 639" [yolo_backbone_4.cpp:223]   --->   Operation 113 'partselect' 'trunc_ln223_38' <Predicate = true> <Delay = 0.00>
ST_1 : Operation 114 [1/1] (0.00ns)   --->   "%trunc_ln223_39 = partselect i16 @_ssdm_op_PartSelect.i16.i1024.i32.i32, i1024 %s_pool_out_read, i32 640, i32 655" [yolo_backbone_4.cpp:223]   --->   Operation 114 'partselect' 'trunc_ln223_39' <Predicate = true> <Delay = 0.00>
ST_1 : Operation 115 [1/1] (0.00ns)   --->   "%trunc_ln223_40 = partselect i16 @_ssdm_op_PartSelect.i16.i1024.i32.i32, i1024 %s_pool_out_read, i32 656, i32 671" [yolo_backbone_4.cpp:223]   --->   Operation 115 'partselect' 'trunc_ln223_40' <Predicate = true> <Delay = 0.00>
ST_1 : Operation 116 [1/1] (0.00ns)   --->   "%trunc_ln223_41 = partselect i16 @_ssdm_op_PartSelect.i16.i1024.i32.i32, i1024 %s_pool_out_read, i32 672, i32 687" [yolo_backbone_4.cpp:223]   --->   Operation 116 'partselect' 'trunc_ln223_41' <Predicate = true> <Delay = 0.00>
ST_1 : Operation 117 [1/1] (0.00ns)   --->   "%trunc_ln223_42 = partselect i16 @_ssdm_op_PartSelect.i16.i1024.i32.i32, i1024 %s_pool_out_read, i32 688, i32 703" [yolo_backbone_4.cpp:223]   --->   Operation 117 'partselect' 'trunc_ln223_42' <Predicate = true> <Delay = 0.00>
ST_1 : Operation 118 [1/1] (0.00ns)   --->   "%trunc_ln223_43 = partselect i16 @_ssdm_op_PartSelect.i16.i1024.i32.i32, i1024 %s_pool_out_read, i32 704, i32 719" [yolo_backbone_4.cpp:223]   --->   Operation 118 'partselect' 'trunc_ln223_43' <Predicate = true> <Delay = 0.00>
ST_1 : Operation 119 [1/1] (0.00ns)   --->   "%trunc_ln223_44 = partselect i16 @_ssdm_op_PartSelect.i16.i1024.i32.i32, i1024 %s_pool_out_read, i32 720, i32 735" [yolo_backbone_4.cpp:223]   --->   Operation 119 'partselect' 'trunc_ln223_44' <Predicate = true> <Delay = 0.00>
ST_1 : Operation 120 [1/1] (0.00ns)   --->   "%trunc_ln223_45 = partselect i16 @_ssdm_op_PartSelect.i16.i1024.i32.i32, i1024 %s_pool_out_read, i32 736, i32 751" [yolo_backbone_4.cpp:223]   --->   Operation 120 'partselect' 'trunc_ln223_45' <Predicate = true> <Delay = 0.00>
ST_1 : Operation 121 [1/1] (0.00ns)   --->   "%trunc_ln223_46 = partselect i16 @_ssdm_op_PartSelect.i16.i1024.i32.i32, i1024 %s_pool_out_read, i32 752, i32 767" [yolo_backbone_4.cpp:223]   --->   Operation 121 'partselect' 'trunc_ln223_46' <Predicate = true> <Delay = 0.00>
ST_1 : Operation 122 [1/1] (0.00ns)   --->   "%trunc_ln223_47 = partselect i16 @_ssdm_op_PartSelect.i16.i1024.i32.i32, i1024 %s_pool_out_read, i32 768, i32 783" [yolo_backbone_4.cpp:223]   --->   Operation 122 'partselect' 'trunc_ln223_47' <Predicate = true> <Delay = 0.00>
ST_1 : Operation 123 [1/1] (0.00ns)   --->   "%trunc_ln223_48 = partselect i16 @_ssdm_op_PartSelect.i16.i1024.i32.i32, i1024 %s_pool_out_read, i32 784, i32 799" [yolo_backbone_4.cpp:223]   --->   Operation 123 'partselect' 'trunc_ln223_48' <Predicate = true> <Delay = 0.00>
ST_1 : Operation 124 [1/1] (0.00ns)   --->   "%trunc_ln223_49 = partselect i16 @_ssdm_op_PartSelect.i16.i1024.i32.i32, i1024 %s_pool_out_read, i32 800, i32 815" [yolo_backbone_4.cpp:223]   --->   Operation 124 'partselect' 'trunc_ln223_49' <Predicate = true> <Delay = 0.00>
ST_1 : Operation 125 [1/1] (0.00ns)   --->   "%trunc_ln223_50 = partselect i16 @_ssdm_op_PartSelect.i16.i1024.i32.i32, i1024 %s_pool_out_read, i32 816, i32 831" [yolo_backbone_4.cpp:223]   --->   Operation 125 'partselect' 'trunc_ln223_50' <Predicate = true> <Delay = 0.00>
ST_1 : Operation 126 [1/1] (0.00ns)   --->   "%trunc_ln223_51 = partselect i16 @_ssdm_op_PartSelect.i16.i1024.i32.i32, i1024 %s_pool_out_read, i32 832, i32 847" [yolo_backbone_4.cpp:223]   --->   Operation 126 'partselect' 'trunc_ln223_51' <Predicate = true> <Delay = 0.00>
ST_1 : Operation 127 [1/1] (0.00ns)   --->   "%trunc_ln223_52 = partselect i16 @_ssdm_op_PartSelect.i16.i1024.i32.i32, i1024 %s_pool_out_read, i32 848, i32 863" [yolo_backbone_4.cpp:223]   --->   Operation 127 'partselect' 'trunc_ln223_52' <Predicate = true> <Delay = 0.00>
ST_1 : Operation 128 [1/1] (0.00ns)   --->   "%trunc_ln223_53 = partselect i16 @_ssdm_op_PartSelect.i16.i1024.i32.i32, i1024 %s_pool_out_read, i32 864, i32 879" [yolo_backbone_4.cpp:223]   --->   Operation 128 'partselect' 'trunc_ln223_53' <Predicate = true> <Delay = 0.00>
ST_1 : Operation 129 [1/1] (0.00ns)   --->   "%trunc_ln223_54 = partselect i16 @_ssdm_op_PartSelect.i16.i1024.i32.i32, i1024 %s_pool_out_read, i32 880, i32 895" [yolo_backbone_4.cpp:223]   --->   Operation 129 'partselect' 'trunc_ln223_54' <Predicate = true> <Delay = 0.00>
ST_1 : Operation 130 [1/1] (0.00ns)   --->   "%trunc_ln223_55 = partselect i16 @_ssdm_op_PartSelect.i16.i1024.i32.i32, i1024 %s_pool_out_read, i32 896, i32 911" [yolo_backbone_4.cpp:223]   --->   Operation 130 'partselect' 'trunc_ln223_55' <Predicate = true> <Delay = 0.00>
ST_1 : Operation 131 [1/1] (0.00ns)   --->   "%trunc_ln223_56 = partselect i16 @_ssdm_op_PartSelect.i16.i1024.i32.i32, i1024 %s_pool_out_read, i32 912, i32 927" [yolo_backbone_4.cpp:223]   --->   Operation 131 'partselect' 'trunc_ln223_56' <Predicate = true> <Delay = 0.00>
ST_1 : Operation 132 [1/1] (0.00ns)   --->   "%trunc_ln223_57 = partselect i16 @_ssdm_op_PartSelect.i16.i1024.i32.i32, i1024 %s_pool_out_read, i32 928, i32 943" [yolo_backbone_4.cpp:223]   --->   Operation 132 'partselect' 'trunc_ln223_57' <Predicate = true> <Delay = 0.00>
ST_1 : Operation 133 [1/1] (0.00ns)   --->   "%trunc_ln223_58 = partselect i16 @_ssdm_op_PartSelect.i16.i1024.i32.i32, i1024 %s_pool_out_read, i32 944, i32 959" [yolo_backbone_4.cpp:223]   --->   Operation 133 'partselect' 'trunc_ln223_58' <Predicate = true> <Delay = 0.00>
ST_1 : Operation 134 [1/1] (0.00ns)   --->   "%trunc_ln223_59 = partselect i16 @_ssdm_op_PartSelect.i16.i1024.i32.i32, i1024 %s_pool_out_read, i32 960, i32 975" [yolo_backbone_4.cpp:223]   --->   Operation 134 'partselect' 'trunc_ln223_59' <Predicate = true> <Delay = 0.00>
ST_1 : Operation 135 [1/1] (0.00ns)   --->   "%trunc_ln223_60 = partselect i16 @_ssdm_op_PartSelect.i16.i1024.i32.i32, i1024 %s_pool_out_read, i32 976, i32 991" [yolo_backbone_4.cpp:223]   --->   Operation 135 'partselect' 'trunc_ln223_60' <Predicate = true> <Delay = 0.00>
ST_1 : Operation 136 [1/1] (0.00ns)   --->   "%trunc_ln223_61 = partselect i16 @_ssdm_op_PartSelect.i16.i1024.i32.i32, i1024 %s_pool_out_read, i32 992, i32 1007" [yolo_backbone_4.cpp:223]   --->   Operation 136 'partselect' 'trunc_ln223_61' <Predicate = true> <Delay = 0.00>
ST_1 : Operation 137 [1/1] (0.00ns)   --->   "%trunc_ln223_62 = partselect i16 @_ssdm_op_PartSelect.i16.i1024.i32.i32, i1024 %s_pool_out_read, i32 1008, i32 1023" [yolo_backbone_4.cpp:223]   --->   Operation 137 'partselect' 'trunc_ln223_62' <Predicate = true> <Delay = 0.00>
ST_1 : Operation 138 [1/1] (0.00ns)   --->   "%trunc_ln1 = partselect i63 @_ssdm_op_PartSelect.i63.i64.i32.i32, i64 %image_out_1, i32 1, i32 63" [yolo_backbone_4.cpp:226]   --->   Operation 138 'partselect' 'trunc_ln1' <Predicate = true> <Delay = 0.00>
ST_1 : Operation 139 [1/1] (0.00ns)   --->   "%sext_ln226 = sext i63 %trunc_ln1" [yolo_backbone_4.cpp:226]   --->   Operation 139 'sext' 'sext_ln226' <Predicate = true> <Delay = 0.00>
ST_1 : Operation 140 [1/1] (0.00ns)   --->   "%gmem3_addr = getelementptr i16 %gmem3, i64 %sext_ln226" [yolo_backbone_4.cpp:226]   --->   Operation 140 'getelementptr' 'gmem3_addr' <Predicate = true> <Delay = 0.00>

State 2 <SV = 1> <Delay = 7.30>
ST_2 : Operation 141 [1/1] ( I:7.30ns O:7.30ns )   --->   "%empty = writereq i1 @_ssdm_op_WriteReq.m_axi.p1i16, i16 %gmem3_addr, i64 64" [yolo_backbone_4.cpp:226]   --->   Operation 141 'writereq' 'empty' <Predicate = true> <Delay = 7.30> <CoreInst = "m_axi">   --->   Core 111 'm_axi' <Latency = 9> <II = 1> <Delay = 1.00> <Adapter> <Opcode : 'readrequnaligned' 'writerequnaligned' 'read' 'write' 'readreq' 'writereq' 'writeresp'>

State 3 <SV = 2> <Delay = 7.30>
ST_3 : Operation 142 [1/1] ( I:7.30ns O:7.30ns )   --->   "%write_ln226 = write void @_ssdm_op_Write.m_axi.p1i16.i16, i16 %gmem3_addr, i16 %trunc_ln223, i2 3" [yolo_backbone_4.cpp:226]   --->   Operation 142 'write' 'write_ln226' <Predicate = true> <Delay = 7.30> <CoreInst = "m_axi">   --->   Core 111 'm_axi' <Latency = 5> <II = 1> <Delay = 1.00> <Adapter> <Opcode : 'readrequnaligned' 'writerequnaligned' 'read' 'write' 'readreq' 'writereq' 'writeresp'>

State 4 <SV = 3> <Delay = 7.30>
ST_4 : Operation 143 [1/1] ( I:7.30ns O:7.30ns )   --->   "%write_ln226 = write void @_ssdm_op_Write.m_axi.p1i16.i16, i16 %gmem3_addr, i16 %trunc_ln223_1, i2 3" [yolo_backbone_4.cpp:226]   --->   Operation 143 'write' 'write_ln226' <Predicate = true> <Delay = 7.30> <CoreInst = "m_axi">   --->   Core 111 'm_axi' <Latency = 5> <II = 1> <Delay = 1.00> <Adapter> <Opcode : 'readrequnaligned' 'writerequnaligned' 'read' 'write' 'readreq' 'writereq' 'writeresp'>

State 5 <SV = 4> <Delay = 7.30>
ST_5 : Operation 144 [1/1] ( I:7.30ns O:7.30ns )   --->   "%write_ln226 = write void @_ssdm_op_Write.m_axi.p1i16.i16, i16 %gmem3_addr, i16 %trunc_ln223_2, i2 3" [yolo_backbone_4.cpp:226]   --->   Operation 144 'write' 'write_ln226' <Predicate = true> <Delay = 7.30> <CoreInst = "m_axi">   --->   Core 111 'm_axi' <Latency = 5> <II = 1> <Delay = 1.00> <Adapter> <Opcode : 'readrequnaligned' 'writerequnaligned' 'read' 'write' 'readreq' 'writereq' 'writeresp'>

State 6 <SV = 5> <Delay = 7.30>
ST_6 : Operation 145 [1/1] ( I:7.30ns O:7.30ns )   --->   "%write_ln226 = write void @_ssdm_op_Write.m_axi.p1i16.i16, i16 %gmem3_addr, i16 %trunc_ln223_3, i2 3" [yolo_backbone_4.cpp:226]   --->   Operation 145 'write' 'write_ln226' <Predicate = true> <Delay = 7.30> <CoreInst = "m_axi">   --->   Core 111 'm_axi' <Latency = 5> <II = 1> <Delay = 1.00> <Adapter> <Opcode : 'readrequnaligned' 'writerequnaligned' 'read' 'write' 'readreq' 'writereq' 'writeresp'>

State 7 <SV = 6> <Delay = 7.30>
ST_7 : Operation 146 [1/1] ( I:7.30ns O:7.30ns )   --->   "%write_ln226 = write void @_ssdm_op_Write.m_axi.p1i16.i16, i16 %gmem3_addr, i16 %trunc_ln223_4, i2 3" [yolo_backbone_4.cpp:226]   --->   Operation 146 'write' 'write_ln226' <Predicate = true> <Delay = 7.30> <CoreInst = "m_axi">   --->   Core 111 'm_axi' <Latency = 5> <II = 1> <Delay = 1.00> <Adapter> <Opcode : 'readrequnaligned' 'writerequnaligned' 'read' 'write' 'readreq' 'writereq' 'writeresp'>

State 8 <SV = 7> <Delay = 7.30>
ST_8 : Operation 147 [1/1] ( I:7.30ns O:7.30ns )   --->   "%write_ln226 = write void @_ssdm_op_Write.m_axi.p1i16.i16, i16 %gmem3_addr, i16 %trunc_ln223_5, i2 3" [yolo_backbone_4.cpp:226]   --->   Operation 147 'write' 'write_ln226' <Predicate = true> <Delay = 7.30> <CoreInst = "m_axi">   --->   Core 111 'm_axi' <Latency = 5> <II = 1> <Delay = 1.00> <Adapter> <Opcode : 'readrequnaligned' 'writerequnaligned' 'read' 'write' 'readreq' 'writereq' 'writeresp'>

State 9 <SV = 8> <Delay = 7.30>
ST_9 : Operation 148 [1/1] ( I:7.30ns O:7.30ns )   --->   "%write_ln226 = write void @_ssdm_op_Write.m_axi.p1i16.i16, i16 %gmem3_addr, i16 %trunc_ln223_6, i2 3" [yolo_backbone_4.cpp:226]   --->   Operation 148 'write' 'write_ln226' <Predicate = true> <Delay = 7.30> <CoreInst = "m_axi">   --->   Core 111 'm_axi' <Latency = 5> <II = 1> <Delay = 1.00> <Adapter> <Opcode : 'readrequnaligned' 'writerequnaligned' 'read' 'write' 'readreq' 'writereq' 'writeresp'>

State 10 <SV = 9> <Delay = 7.30>
ST_10 : Operation 149 [1/1] ( I:7.30ns O:7.30ns )   --->   "%write_ln226 = write void @_ssdm_op_Write.m_axi.p1i16.i16, i16 %gmem3_addr, i16 %trunc_ln223_7, i2 3" [yolo_backbone_4.cpp:226]   --->   Operation 149 'write' 'write_ln226' <Predicate = true> <Delay = 7.30> <CoreInst = "m_axi">   --->   Core 111 'm_axi' <Latency = 5> <II = 1> <Delay = 1.00> <Adapter> <Opcode : 'readrequnaligned' 'writerequnaligned' 'read' 'write' 'readreq' 'writereq' 'writeresp'>

State 11 <SV = 10> <Delay = 7.30>
ST_11 : Operation 150 [1/1] ( I:7.30ns O:7.30ns )   --->   "%write_ln226 = write void @_ssdm_op_Write.m_axi.p1i16.i16, i16 %gmem3_addr, i16 %trunc_ln223_8, i2 3" [yolo_backbone_4.cpp:226]   --->   Operation 150 'write' 'write_ln226' <Predicate = true> <Delay = 7.30> <CoreInst = "m_axi">   --->   Core 111 'm_axi' <Latency = 5> <II = 1> <Delay = 1.00> <Adapter> <Opcode : 'readrequnaligned' 'writerequnaligned' 'read' 'write' 'readreq' 'writereq' 'writeresp'>

State 12 <SV = 11> <Delay = 7.30>
ST_12 : Operation 151 [1/1] ( I:7.30ns O:7.30ns )   --->   "%write_ln226 = write void @_ssdm_op_Write.m_axi.p1i16.i16, i16 %gmem3_addr, i16 %trunc_ln223_9, i2 3" [yolo_backbone_4.cpp:226]   --->   Operation 151 'write' 'write_ln226' <Predicate = true> <Delay = 7.30> <CoreInst = "m_axi">   --->   Core 111 'm_axi' <Latency = 5> <II = 1> <Delay = 1.00> <Adapter> <Opcode : 'readrequnaligned' 'writerequnaligned' 'read' 'write' 'readreq' 'writereq' 'writeresp'>

State 13 <SV = 12> <Delay = 7.30>
ST_13 : Operation 152 [1/1] ( I:7.30ns O:7.30ns )   --->   "%write_ln226 = write void @_ssdm_op_Write.m_axi.p1i16.i16, i16 %gmem3_addr, i16 %trunc_ln223_s, i2 3" [yolo_backbone_4.cpp:226]   --->   Operation 152 'write' 'write_ln226' <Predicate = true> <Delay = 7.30> <CoreInst = "m_axi">   --->   Core 111 'm_axi' <Latency = 5> <II = 1> <Delay = 1.00> <Adapter> <Opcode : 'readrequnaligned' 'writerequnaligned' 'read' 'write' 'readreq' 'writereq' 'writeresp'>

State 14 <SV = 13> <Delay = 7.30>
ST_14 : Operation 153 [1/1] ( I:7.30ns O:7.30ns )   --->   "%write_ln226 = write void @_ssdm_op_Write.m_axi.p1i16.i16, i16 %gmem3_addr, i16 %trunc_ln223_10, i2 3" [yolo_backbone_4.cpp:226]   --->   Operation 153 'write' 'write_ln226' <Predicate = true> <Delay = 7.30> <CoreInst = "m_axi">   --->   Core 111 'm_axi' <Latency = 5> <II = 1> <Delay = 1.00> <Adapter> <Opcode : 'readrequnaligned' 'writerequnaligned' 'read' 'write' 'readreq' 'writereq' 'writeresp'>

State 15 <SV = 14> <Delay = 7.30>
ST_15 : Operation 154 [1/1] ( I:7.30ns O:7.30ns )   --->   "%write_ln226 = write void @_ssdm_op_Write.m_axi.p1i16.i16, i16 %gmem3_addr, i16 %trunc_ln223_11, i2 3" [yolo_backbone_4.cpp:226]   --->   Operation 154 'write' 'write_ln226' <Predicate = true> <Delay = 7.30> <CoreInst = "m_axi">   --->   Core 111 'm_axi' <Latency = 5> <II = 1> <Delay = 1.00> <Adapter> <Opcode : 'readrequnaligned' 'writerequnaligned' 'read' 'write' 'readreq' 'writereq' 'writeresp'>

State 16 <SV = 15> <Delay = 7.30>
ST_16 : Operation 155 [1/1] ( I:7.30ns O:7.30ns )   --->   "%write_ln226 = write void @_ssdm_op_Write.m_axi.p1i16.i16, i16 %gmem3_addr, i16 %trunc_ln223_12, i2 3" [yolo_backbone_4.cpp:226]   --->   Operation 155 'write' 'write_ln226' <Predicate = true> <Delay = 7.30> <CoreInst = "m_axi">   --->   Core 111 'm_axi' <Latency = 5> <II = 1> <Delay = 1.00> <Adapter> <Opcode : 'readrequnaligned' 'writerequnaligned' 'read' 'write' 'readreq' 'writereq' 'writeresp'>

State 17 <SV = 16> <Delay = 7.30>
ST_17 : Operation 156 [1/1] ( I:7.30ns O:7.30ns )   --->   "%write_ln226 = write void @_ssdm_op_Write.m_axi.p1i16.i16, i16 %gmem3_addr, i16 %trunc_ln223_13, i2 3" [yolo_backbone_4.cpp:226]   --->   Operation 156 'write' 'write_ln226' <Predicate = true> <Delay = 7.30> <CoreInst = "m_axi">   --->   Core 111 'm_axi' <Latency = 5> <II = 1> <Delay = 1.00> <Adapter> <Opcode : 'readrequnaligned' 'writerequnaligned' 'read' 'write' 'readreq' 'writereq' 'writeresp'>

State 18 <SV = 17> <Delay = 7.30>
ST_18 : Operation 157 [1/1] ( I:7.30ns O:7.30ns )   --->   "%write_ln226 = write void @_ssdm_op_Write.m_axi.p1i16.i16, i16 %gmem3_addr, i16 %trunc_ln223_14, i2 3" [yolo_backbone_4.cpp:226]   --->   Operation 157 'write' 'write_ln226' <Predicate = true> <Delay = 7.30> <CoreInst = "m_axi">   --->   Core 111 'm_axi' <Latency = 5> <II = 1> <Delay = 1.00> <Adapter> <Opcode : 'readrequnaligned' 'writerequnaligned' 'read' 'write' 'readreq' 'writereq' 'writeresp'>

State 19 <SV = 18> <Delay = 7.30>
ST_19 : Operation 158 [1/1] ( I:7.30ns O:7.30ns )   --->   "%write_ln226 = write void @_ssdm_op_Write.m_axi.p1i16.i16, i16 %gmem3_addr, i16 %trunc_ln223_15, i2 3" [yolo_backbone_4.cpp:226]   --->   Operation 158 'write' 'write_ln226' <Predicate = true> <Delay = 7.30> <CoreInst = "m_axi">   --->   Core 111 'm_axi' <Latency = 5> <II = 1> <Delay = 1.00> <Adapter> <Opcode : 'readrequnaligned' 'writerequnaligned' 'read' 'write' 'readreq' 'writereq' 'writeresp'>

State 20 <SV = 19> <Delay = 7.30>
ST_20 : Operation 159 [1/1] ( I:7.30ns O:7.30ns )   --->   "%write_ln226 = write void @_ssdm_op_Write.m_axi.p1i16.i16, i16 %gmem3_addr, i16 %trunc_ln223_16, i2 3" [yolo_backbone_4.cpp:226]   --->   Operation 159 'write' 'write_ln226' <Predicate = true> <Delay = 7.30> <CoreInst = "m_axi">   --->   Core 111 'm_axi' <Latency = 5> <II = 1> <Delay = 1.00> <Adapter> <Opcode : 'readrequnaligned' 'writerequnaligned' 'read' 'write' 'readreq' 'writereq' 'writeresp'>

State 21 <SV = 20> <Delay = 7.30>
ST_21 : Operation 160 [1/1] ( I:7.30ns O:7.30ns )   --->   "%write_ln226 = write void @_ssdm_op_Write.m_axi.p1i16.i16, i16 %gmem3_addr, i16 %trunc_ln223_17, i2 3" [yolo_backbone_4.cpp:226]   --->   Operation 160 'write' 'write_ln226' <Predicate = true> <Delay = 7.30> <CoreInst = "m_axi">   --->   Core 111 'm_axi' <Latency = 5> <II = 1> <Delay = 1.00> <Adapter> <Opcode : 'readrequnaligned' 'writerequnaligned' 'read' 'write' 'readreq' 'writereq' 'writeresp'>

State 22 <SV = 21> <Delay = 7.30>
ST_22 : Operation 161 [1/1] ( I:7.30ns O:7.30ns )   --->   "%write_ln226 = write void @_ssdm_op_Write.m_axi.p1i16.i16, i16 %gmem3_addr, i16 %trunc_ln223_18, i2 3" [yolo_backbone_4.cpp:226]   --->   Operation 161 'write' 'write_ln226' <Predicate = true> <Delay = 7.30> <CoreInst = "m_axi">   --->   Core 111 'm_axi' <Latency = 5> <II = 1> <Delay = 1.00> <Adapter> <Opcode : 'readrequnaligned' 'writerequnaligned' 'read' 'write' 'readreq' 'writereq' 'writeresp'>

State 23 <SV = 22> <Delay = 7.30>
ST_23 : Operation 162 [1/1] ( I:7.30ns O:7.30ns )   --->   "%write_ln226 = write void @_ssdm_op_Write.m_axi.p1i16.i16, i16 %gmem3_addr, i16 %trunc_ln223_19, i2 3" [yolo_backbone_4.cpp:226]   --->   Operation 162 'write' 'write_ln226' <Predicate = true> <Delay = 7.30> <CoreInst = "m_axi">   --->   Core 111 'm_axi' <Latency = 5> <II = 1> <Delay = 1.00> <Adapter> <Opcode : 'readrequnaligned' 'writerequnaligned' 'read' 'write' 'readreq' 'writereq' 'writeresp'>

State 24 <SV = 23> <Delay = 7.30>
ST_24 : Operation 163 [1/1] ( I:7.30ns O:7.30ns )   --->   "%write_ln226 = write void @_ssdm_op_Write.m_axi.p1i16.i16, i16 %gmem3_addr, i16 %trunc_ln223_20, i2 3" [yolo_backbone_4.cpp:226]   --->   Operation 163 'write' 'write_ln226' <Predicate = true> <Delay = 7.30> <CoreInst = "m_axi">   --->   Core 111 'm_axi' <Latency = 5> <II = 1> <Delay = 1.00> <Adapter> <Opcode : 'readrequnaligned' 'writerequnaligned' 'read' 'write' 'readreq' 'writereq' 'writeresp'>

State 25 <SV = 24> <Delay = 7.30>
ST_25 : Operation 164 [1/1] ( I:7.30ns O:7.30ns )   --->   "%write_ln226 = write void @_ssdm_op_Write.m_axi.p1i16.i16, i16 %gmem3_addr, i16 %trunc_ln223_21, i2 3" [yolo_backbone_4.cpp:226]   --->   Operation 164 'write' 'write_ln226' <Predicate = true> <Delay = 7.30> <CoreInst = "m_axi">   --->   Core 111 'm_axi' <Latency = 5> <II = 1> <Delay = 1.00> <Adapter> <Opcode : 'readrequnaligned' 'writerequnaligned' 'read' 'write' 'readreq' 'writereq' 'writeresp'>

State 26 <SV = 25> <Delay = 7.30>
ST_26 : Operation 165 [1/1] ( I:7.30ns O:7.30ns )   --->   "%write_ln226 = write void @_ssdm_op_Write.m_axi.p1i16.i16, i16 %gmem3_addr, i16 %trunc_ln223_22, i2 3" [yolo_backbone_4.cpp:226]   --->   Operation 165 'write' 'write_ln226' <Predicate = true> <Delay = 7.30> <CoreInst = "m_axi">   --->   Core 111 'm_axi' <Latency = 5> <II = 1> <Delay = 1.00> <Adapter> <Opcode : 'readrequnaligned' 'writerequnaligned' 'read' 'write' 'readreq' 'writereq' 'writeresp'>

State 27 <SV = 26> <Delay = 7.30>
ST_27 : Operation 166 [1/1] ( I:7.30ns O:7.30ns )   --->   "%write_ln226 = write void @_ssdm_op_Write.m_axi.p1i16.i16, i16 %gmem3_addr, i16 %trunc_ln223_23, i2 3" [yolo_backbone_4.cpp:226]   --->   Operation 166 'write' 'write_ln226' <Predicate = true> <Delay = 7.30> <CoreInst = "m_axi">   --->   Core 111 'm_axi' <Latency = 5> <II = 1> <Delay = 1.00> <Adapter> <Opcode : 'readrequnaligned' 'writerequnaligned' 'read' 'write' 'readreq' 'writereq' 'writeresp'>

State 28 <SV = 27> <Delay = 7.30>
ST_28 : Operation 167 [1/1] ( I:7.30ns O:7.30ns )   --->   "%write_ln226 = write void @_ssdm_op_Write.m_axi.p1i16.i16, i16 %gmem3_addr, i16 %trunc_ln223_24, i2 3" [yolo_backbone_4.cpp:226]   --->   Operation 167 'write' 'write_ln226' <Predicate = true> <Delay = 7.30> <CoreInst = "m_axi">   --->   Core 111 'm_axi' <Latency = 5> <II = 1> <Delay = 1.00> <Adapter> <Opcode : 'readrequnaligned' 'writerequnaligned' 'read' 'write' 'readreq' 'writereq' 'writeresp'>

State 29 <SV = 28> <Delay = 7.30>
ST_29 : Operation 168 [1/1] ( I:7.30ns O:7.30ns )   --->   "%write_ln226 = write void @_ssdm_op_Write.m_axi.p1i16.i16, i16 %gmem3_addr, i16 %trunc_ln223_25, i2 3" [yolo_backbone_4.cpp:226]   --->   Operation 168 'write' 'write_ln226' <Predicate = true> <Delay = 7.30> <CoreInst = "m_axi">   --->   Core 111 'm_axi' <Latency = 5> <II = 1> <Delay = 1.00> <Adapter> <Opcode : 'readrequnaligned' 'writerequnaligned' 'read' 'write' 'readreq' 'writereq' 'writeresp'>

State 30 <SV = 29> <Delay = 7.30>
ST_30 : Operation 169 [1/1] ( I:7.30ns O:7.30ns )   --->   "%write_ln226 = write void @_ssdm_op_Write.m_axi.p1i16.i16, i16 %gmem3_addr, i16 %trunc_ln223_26, i2 3" [yolo_backbone_4.cpp:226]   --->   Operation 169 'write' 'write_ln226' <Predicate = true> <Delay = 7.30> <CoreInst = "m_axi">   --->   Core 111 'm_axi' <Latency = 5> <II = 1> <Delay = 1.00> <Adapter> <Opcode : 'readrequnaligned' 'writerequnaligned' 'read' 'write' 'readreq' 'writereq' 'writeresp'>

State 31 <SV = 30> <Delay = 7.30>
ST_31 : Operation 170 [1/1] ( I:7.30ns O:7.30ns )   --->   "%write_ln226 = write void @_ssdm_op_Write.m_axi.p1i16.i16, i16 %gmem3_addr, i16 %trunc_ln223_27, i2 3" [yolo_backbone_4.cpp:226]   --->   Operation 170 'write' 'write_ln226' <Predicate = true> <Delay = 7.30> <CoreInst = "m_axi">   --->   Core 111 'm_axi' <Latency = 5> <II = 1> <Delay = 1.00> <Adapter> <Opcode : 'readrequnaligned' 'writerequnaligned' 'read' 'write' 'readreq' 'writereq' 'writeresp'>

State 32 <SV = 31> <Delay = 7.30>
ST_32 : Operation 171 [1/1] ( I:7.30ns O:7.30ns )   --->   "%write_ln226 = write void @_ssdm_op_Write.m_axi.p1i16.i16, i16 %gmem3_addr, i16 %trunc_ln223_28, i2 3" [yolo_backbone_4.cpp:226]   --->   Operation 171 'write' 'write_ln226' <Predicate = true> <Delay = 7.30> <CoreInst = "m_axi">   --->   Core 111 'm_axi' <Latency = 5> <II = 1> <Delay = 1.00> <Adapter> <Opcode : 'readrequnaligned' 'writerequnaligned' 'read' 'write' 'readreq' 'writereq' 'writeresp'>

State 33 <SV = 32> <Delay = 7.30>
ST_33 : Operation 172 [1/1] ( I:7.30ns O:7.30ns )   --->   "%write_ln226 = write void @_ssdm_op_Write.m_axi.p1i16.i16, i16 %gmem3_addr, i16 %trunc_ln223_29, i2 3" [yolo_backbone_4.cpp:226]   --->   Operation 172 'write' 'write_ln226' <Predicate = true> <Delay = 7.30> <CoreInst = "m_axi">   --->   Core 111 'm_axi' <Latency = 5> <II = 1> <Delay = 1.00> <Adapter> <Opcode : 'readrequnaligned' 'writerequnaligned' 'read' 'write' 'readreq' 'writereq' 'writeresp'>

State 34 <SV = 33> <Delay = 7.30>
ST_34 : Operation 173 [1/1] ( I:7.30ns O:7.30ns )   --->   "%write_ln226 = write void @_ssdm_op_Write.m_axi.p1i16.i16, i16 %gmem3_addr, i16 %trunc_ln223_30, i2 3" [yolo_backbone_4.cpp:226]   --->   Operation 173 'write' 'write_ln226' <Predicate = true> <Delay = 7.30> <CoreInst = "m_axi">   --->   Core 111 'm_axi' <Latency = 5> <II = 1> <Delay = 1.00> <Adapter> <Opcode : 'readrequnaligned' 'writerequnaligned' 'read' 'write' 'readreq' 'writereq' 'writeresp'>

State 35 <SV = 34> <Delay = 7.30>
ST_35 : Operation 174 [1/1] ( I:7.30ns O:7.30ns )   --->   "%write_ln226 = write void @_ssdm_op_Write.m_axi.p1i16.i16, i16 %gmem3_addr, i16 %trunc_ln223_31, i2 3" [yolo_backbone_4.cpp:226]   --->   Operation 174 'write' 'write_ln226' <Predicate = true> <Delay = 7.30> <CoreInst = "m_axi">   --->   Core 111 'm_axi' <Latency = 5> <II = 1> <Delay = 1.00> <Adapter> <Opcode : 'readrequnaligned' 'writerequnaligned' 'read' 'write' 'readreq' 'writereq' 'writeresp'>

State 36 <SV = 35> <Delay = 7.30>
ST_36 : Operation 175 [1/1] ( I:7.30ns O:7.30ns )   --->   "%write_ln226 = write void @_ssdm_op_Write.m_axi.p1i16.i16, i16 %gmem3_addr, i16 %trunc_ln223_32, i2 3" [yolo_backbone_4.cpp:226]   --->   Operation 175 'write' 'write_ln226' <Predicate = true> <Delay = 7.30> <CoreInst = "m_axi">   --->   Core 111 'm_axi' <Latency = 5> <II = 1> <Delay = 1.00> <Adapter> <Opcode : 'readrequnaligned' 'writerequnaligned' 'read' 'write' 'readreq' 'writereq' 'writeresp'>

State 37 <SV = 36> <Delay = 7.30>
ST_37 : Operation 176 [1/1] ( I:7.30ns O:7.30ns )   --->   "%write_ln226 = write void @_ssdm_op_Write.m_axi.p1i16.i16, i16 %gmem3_addr, i16 %trunc_ln223_33, i2 3" [yolo_backbone_4.cpp:226]   --->   Operation 176 'write' 'write_ln226' <Predicate = true> <Delay = 7.30> <CoreInst = "m_axi">   --->   Core 111 'm_axi' <Latency = 5> <II = 1> <Delay = 1.00> <Adapter> <Opcode : 'readrequnaligned' 'writerequnaligned' 'read' 'write' 'readreq' 'writereq' 'writeresp'>

State 38 <SV = 37> <Delay = 7.30>
ST_38 : Operation 177 [1/1] ( I:7.30ns O:7.30ns )   --->   "%write_ln226 = write void @_ssdm_op_Write.m_axi.p1i16.i16, i16 %gmem3_addr, i16 %trunc_ln223_34, i2 3" [yolo_backbone_4.cpp:226]   --->   Operation 177 'write' 'write_ln226' <Predicate = true> <Delay = 7.30> <CoreInst = "m_axi">   --->   Core 111 'm_axi' <Latency = 5> <II = 1> <Delay = 1.00> <Adapter> <Opcode : 'readrequnaligned' 'writerequnaligned' 'read' 'write' 'readreq' 'writereq' 'writeresp'>

State 39 <SV = 38> <Delay = 7.30>
ST_39 : Operation 178 [1/1] ( I:7.30ns O:7.30ns )   --->   "%write_ln226 = write void @_ssdm_op_Write.m_axi.p1i16.i16, i16 %gmem3_addr, i16 %trunc_ln223_35, i2 3" [yolo_backbone_4.cpp:226]   --->   Operation 178 'write' 'write_ln226' <Predicate = true> <Delay = 7.30> <CoreInst = "m_axi">   --->   Core 111 'm_axi' <Latency = 5> <II = 1> <Delay = 1.00> <Adapter> <Opcode : 'readrequnaligned' 'writerequnaligned' 'read' 'write' 'readreq' 'writereq' 'writeresp'>

State 40 <SV = 39> <Delay = 7.30>
ST_40 : Operation 179 [1/1] ( I:7.30ns O:7.30ns )   --->   "%write_ln226 = write void @_ssdm_op_Write.m_axi.p1i16.i16, i16 %gmem3_addr, i16 %trunc_ln223_36, i2 3" [yolo_backbone_4.cpp:226]   --->   Operation 179 'write' 'write_ln226' <Predicate = true> <Delay = 7.30> <CoreInst = "m_axi">   --->   Core 111 'm_axi' <Latency = 5> <II = 1> <Delay = 1.00> <Adapter> <Opcode : 'readrequnaligned' 'writerequnaligned' 'read' 'write' 'readreq' 'writereq' 'writeresp'>

State 41 <SV = 40> <Delay = 7.30>
ST_41 : Operation 180 [1/1] ( I:7.30ns O:7.30ns )   --->   "%write_ln226 = write void @_ssdm_op_Write.m_axi.p1i16.i16, i16 %gmem3_addr, i16 %trunc_ln223_37, i2 3" [yolo_backbone_4.cpp:226]   --->   Operation 180 'write' 'write_ln226' <Predicate = true> <Delay = 7.30> <CoreInst = "m_axi">   --->   Core 111 'm_axi' <Latency = 5> <II = 1> <Delay = 1.00> <Adapter> <Opcode : 'readrequnaligned' 'writerequnaligned' 'read' 'write' 'readreq' 'writereq' 'writeresp'>

State 42 <SV = 41> <Delay = 7.30>
ST_42 : Operation 181 [1/1] ( I:7.30ns O:7.30ns )   --->   "%write_ln226 = write void @_ssdm_op_Write.m_axi.p1i16.i16, i16 %gmem3_addr, i16 %trunc_ln223_38, i2 3" [yolo_backbone_4.cpp:226]   --->   Operation 181 'write' 'write_ln226' <Predicate = true> <Delay = 7.30> <CoreInst = "m_axi">   --->   Core 111 'm_axi' <Latency = 5> <II = 1> <Delay = 1.00> <Adapter> <Opcode : 'readrequnaligned' 'writerequnaligned' 'read' 'write' 'readreq' 'writereq' 'writeresp'>

State 43 <SV = 42> <Delay = 7.30>
ST_43 : Operation 182 [1/1] ( I:7.30ns O:7.30ns )   --->   "%write_ln226 = write void @_ssdm_op_Write.m_axi.p1i16.i16, i16 %gmem3_addr, i16 %trunc_ln223_39, i2 3" [yolo_backbone_4.cpp:226]   --->   Operation 182 'write' 'write_ln226' <Predicate = true> <Delay = 7.30> <CoreInst = "m_axi">   --->   Core 111 'm_axi' <Latency = 5> <II = 1> <Delay = 1.00> <Adapter> <Opcode : 'readrequnaligned' 'writerequnaligned' 'read' 'write' 'readreq' 'writereq' 'writeresp'>

State 44 <SV = 43> <Delay = 7.30>
ST_44 : Operation 183 [1/1] ( I:7.30ns O:7.30ns )   --->   "%write_ln226 = write void @_ssdm_op_Write.m_axi.p1i16.i16, i16 %gmem3_addr, i16 %trunc_ln223_40, i2 3" [yolo_backbone_4.cpp:226]   --->   Operation 183 'write' 'write_ln226' <Predicate = true> <Delay = 7.30> <CoreInst = "m_axi">   --->   Core 111 'm_axi' <Latency = 5> <II = 1> <Delay = 1.00> <Adapter> <Opcode : 'readrequnaligned' 'writerequnaligned' 'read' 'write' 'readreq' 'writereq' 'writeresp'>

State 45 <SV = 44> <Delay = 7.30>
ST_45 : Operation 184 [1/1] ( I:7.30ns O:7.30ns )   --->   "%write_ln226 = write void @_ssdm_op_Write.m_axi.p1i16.i16, i16 %gmem3_addr, i16 %trunc_ln223_41, i2 3" [yolo_backbone_4.cpp:226]   --->   Operation 184 'write' 'write_ln226' <Predicate = true> <Delay = 7.30> <CoreInst = "m_axi">   --->   Core 111 'm_axi' <Latency = 5> <II = 1> <Delay = 1.00> <Adapter> <Opcode : 'readrequnaligned' 'writerequnaligned' 'read' 'write' 'readreq' 'writereq' 'writeresp'>

State 46 <SV = 45> <Delay = 7.30>
ST_46 : Operation 185 [1/1] ( I:7.30ns O:7.30ns )   --->   "%write_ln226 = write void @_ssdm_op_Write.m_axi.p1i16.i16, i16 %gmem3_addr, i16 %trunc_ln223_42, i2 3" [yolo_backbone_4.cpp:226]   --->   Operation 185 'write' 'write_ln226' <Predicate = true> <Delay = 7.30> <CoreInst = "m_axi">   --->   Core 111 'm_axi' <Latency = 5> <II = 1> <Delay = 1.00> <Adapter> <Opcode : 'readrequnaligned' 'writerequnaligned' 'read' 'write' 'readreq' 'writereq' 'writeresp'>

State 47 <SV = 46> <Delay = 7.30>
ST_47 : Operation 186 [1/1] ( I:7.30ns O:7.30ns )   --->   "%write_ln226 = write void @_ssdm_op_Write.m_axi.p1i16.i16, i16 %gmem3_addr, i16 %trunc_ln223_43, i2 3" [yolo_backbone_4.cpp:226]   --->   Operation 186 'write' 'write_ln226' <Predicate = true> <Delay = 7.30> <CoreInst = "m_axi">   --->   Core 111 'm_axi' <Latency = 5> <II = 1> <Delay = 1.00> <Adapter> <Opcode : 'readrequnaligned' 'writerequnaligned' 'read' 'write' 'readreq' 'writereq' 'writeresp'>

State 48 <SV = 47> <Delay = 7.30>
ST_48 : Operation 187 [1/1] ( I:7.30ns O:7.30ns )   --->   "%write_ln226 = write void @_ssdm_op_Write.m_axi.p1i16.i16, i16 %gmem3_addr, i16 %trunc_ln223_44, i2 3" [yolo_backbone_4.cpp:226]   --->   Operation 187 'write' 'write_ln226' <Predicate = true> <Delay = 7.30> <CoreInst = "m_axi">   --->   Core 111 'm_axi' <Latency = 5> <II = 1> <Delay = 1.00> <Adapter> <Opcode : 'readrequnaligned' 'writerequnaligned' 'read' 'write' 'readreq' 'writereq' 'writeresp'>

State 49 <SV = 48> <Delay = 7.30>
ST_49 : Operation 188 [1/1] ( I:7.30ns O:7.30ns )   --->   "%write_ln226 = write void @_ssdm_op_Write.m_axi.p1i16.i16, i16 %gmem3_addr, i16 %trunc_ln223_45, i2 3" [yolo_backbone_4.cpp:226]   --->   Operation 188 'write' 'write_ln226' <Predicate = true> <Delay = 7.30> <CoreInst = "m_axi">   --->   Core 111 'm_axi' <Latency = 5> <II = 1> <Delay = 1.00> <Adapter> <Opcode : 'readrequnaligned' 'writerequnaligned' 'read' 'write' 'readreq' 'writereq' 'writeresp'>

State 50 <SV = 49> <Delay = 7.30>
ST_50 : Operation 189 [1/1] ( I:7.30ns O:7.30ns )   --->   "%write_ln226 = write void @_ssdm_op_Write.m_axi.p1i16.i16, i16 %gmem3_addr, i16 %trunc_ln223_46, i2 3" [yolo_backbone_4.cpp:226]   --->   Operation 189 'write' 'write_ln226' <Predicate = true> <Delay = 7.30> <CoreInst = "m_axi">   --->   Core 111 'm_axi' <Latency = 5> <II = 1> <Delay = 1.00> <Adapter> <Opcode : 'readrequnaligned' 'writerequnaligned' 'read' 'write' 'readreq' 'writereq' 'writeresp'>

State 51 <SV = 50> <Delay = 7.30>
ST_51 : Operation 190 [1/1] ( I:7.30ns O:7.30ns )   --->   "%write_ln226 = write void @_ssdm_op_Write.m_axi.p1i16.i16, i16 %gmem3_addr, i16 %trunc_ln223_47, i2 3" [yolo_backbone_4.cpp:226]   --->   Operation 190 'write' 'write_ln226' <Predicate = true> <Delay = 7.30> <CoreInst = "m_axi">   --->   Core 111 'm_axi' <Latency = 5> <II = 1> <Delay = 1.00> <Adapter> <Opcode : 'readrequnaligned' 'writerequnaligned' 'read' 'write' 'readreq' 'writereq' 'writeresp'>

State 52 <SV = 51> <Delay = 7.30>
ST_52 : Operation 191 [1/1] ( I:7.30ns O:7.30ns )   --->   "%write_ln226 = write void @_ssdm_op_Write.m_axi.p1i16.i16, i16 %gmem3_addr, i16 %trunc_ln223_48, i2 3" [yolo_backbone_4.cpp:226]   --->   Operation 191 'write' 'write_ln226' <Predicate = true> <Delay = 7.30> <CoreInst = "m_axi">   --->   Core 111 'm_axi' <Latency = 5> <II = 1> <Delay = 1.00> <Adapter> <Opcode : 'readrequnaligned' 'writerequnaligned' 'read' 'write' 'readreq' 'writereq' 'writeresp'>

State 53 <SV = 52> <Delay = 7.30>
ST_53 : Operation 192 [1/1] ( I:7.30ns O:7.30ns )   --->   "%write_ln226 = write void @_ssdm_op_Write.m_axi.p1i16.i16, i16 %gmem3_addr, i16 %trunc_ln223_49, i2 3" [yolo_backbone_4.cpp:226]   --->   Operation 192 'write' 'write_ln226' <Predicate = true> <Delay = 7.30> <CoreInst = "m_axi">   --->   Core 111 'm_axi' <Latency = 5> <II = 1> <Delay = 1.00> <Adapter> <Opcode : 'readrequnaligned' 'writerequnaligned' 'read' 'write' 'readreq' 'writereq' 'writeresp'>

State 54 <SV = 53> <Delay = 7.30>
ST_54 : Operation 193 [1/1] ( I:7.30ns O:7.30ns )   --->   "%write_ln226 = write void @_ssdm_op_Write.m_axi.p1i16.i16, i16 %gmem3_addr, i16 %trunc_ln223_50, i2 3" [yolo_backbone_4.cpp:226]   --->   Operation 193 'write' 'write_ln226' <Predicate = true> <Delay = 7.30> <CoreInst = "m_axi">   --->   Core 111 'm_axi' <Latency = 5> <II = 1> <Delay = 1.00> <Adapter> <Opcode : 'readrequnaligned' 'writerequnaligned' 'read' 'write' 'readreq' 'writereq' 'writeresp'>

State 55 <SV = 54> <Delay = 7.30>
ST_55 : Operation 194 [1/1] ( I:7.30ns O:7.30ns )   --->   "%write_ln226 = write void @_ssdm_op_Write.m_axi.p1i16.i16, i16 %gmem3_addr, i16 %trunc_ln223_51, i2 3" [yolo_backbone_4.cpp:226]   --->   Operation 194 'write' 'write_ln226' <Predicate = true> <Delay = 7.30> <CoreInst = "m_axi">   --->   Core 111 'm_axi' <Latency = 5> <II = 1> <Delay = 1.00> <Adapter> <Opcode : 'readrequnaligned' 'writerequnaligned' 'read' 'write' 'readreq' 'writereq' 'writeresp'>

State 56 <SV = 55> <Delay = 7.30>
ST_56 : Operation 195 [1/1] ( I:7.30ns O:7.30ns )   --->   "%write_ln226 = write void @_ssdm_op_Write.m_axi.p1i16.i16, i16 %gmem3_addr, i16 %trunc_ln223_52, i2 3" [yolo_backbone_4.cpp:226]   --->   Operation 195 'write' 'write_ln226' <Predicate = true> <Delay = 7.30> <CoreInst = "m_axi">   --->   Core 111 'm_axi' <Latency = 5> <II = 1> <Delay = 1.00> <Adapter> <Opcode : 'readrequnaligned' 'writerequnaligned' 'read' 'write' 'readreq' 'writereq' 'writeresp'>

State 57 <SV = 56> <Delay = 7.30>
ST_57 : Operation 196 [1/1] ( I:7.30ns O:7.30ns )   --->   "%write_ln226 = write void @_ssdm_op_Write.m_axi.p1i16.i16, i16 %gmem3_addr, i16 %trunc_ln223_53, i2 3" [yolo_backbone_4.cpp:226]   --->   Operation 196 'write' 'write_ln226' <Predicate = true> <Delay = 7.30> <CoreInst = "m_axi">   --->   Core 111 'm_axi' <Latency = 5> <II = 1> <Delay = 1.00> <Adapter> <Opcode : 'readrequnaligned' 'writerequnaligned' 'read' 'write' 'readreq' 'writereq' 'writeresp'>

State 58 <SV = 57> <Delay = 7.30>
ST_58 : Operation 197 [1/1] ( I:7.30ns O:7.30ns )   --->   "%write_ln226 = write void @_ssdm_op_Write.m_axi.p1i16.i16, i16 %gmem3_addr, i16 %trunc_ln223_54, i2 3" [yolo_backbone_4.cpp:226]   --->   Operation 197 'write' 'write_ln226' <Predicate = true> <Delay = 7.30> <CoreInst = "m_axi">   --->   Core 111 'm_axi' <Latency = 5> <II = 1> <Delay = 1.00> <Adapter> <Opcode : 'readrequnaligned' 'writerequnaligned' 'read' 'write' 'readreq' 'writereq' 'writeresp'>

State 59 <SV = 58> <Delay = 7.30>
ST_59 : Operation 198 [1/1] ( I:7.30ns O:7.30ns )   --->   "%write_ln226 = write void @_ssdm_op_Write.m_axi.p1i16.i16, i16 %gmem3_addr, i16 %trunc_ln223_55, i2 3" [yolo_backbone_4.cpp:226]   --->   Operation 198 'write' 'write_ln226' <Predicate = true> <Delay = 7.30> <CoreInst = "m_axi">   --->   Core 111 'm_axi' <Latency = 5> <II = 1> <Delay = 1.00> <Adapter> <Opcode : 'readrequnaligned' 'writerequnaligned' 'read' 'write' 'readreq' 'writereq' 'writeresp'>

State 60 <SV = 59> <Delay = 7.30>
ST_60 : Operation 199 [1/1] ( I:7.30ns O:7.30ns )   --->   "%write_ln226 = write void @_ssdm_op_Write.m_axi.p1i16.i16, i16 %gmem3_addr, i16 %trunc_ln223_56, i2 3" [yolo_backbone_4.cpp:226]   --->   Operation 199 'write' 'write_ln226' <Predicate = true> <Delay = 7.30> <CoreInst = "m_axi">   --->   Core 111 'm_axi' <Latency = 5> <II = 1> <Delay = 1.00> <Adapter> <Opcode : 'readrequnaligned' 'writerequnaligned' 'read' 'write' 'readreq' 'writereq' 'writeresp'>

State 61 <SV = 60> <Delay = 7.30>
ST_61 : Operation 200 [1/1] ( I:7.30ns O:7.30ns )   --->   "%write_ln226 = write void @_ssdm_op_Write.m_axi.p1i16.i16, i16 %gmem3_addr, i16 %trunc_ln223_57, i2 3" [yolo_backbone_4.cpp:226]   --->   Operation 200 'write' 'write_ln226' <Predicate = true> <Delay = 7.30> <CoreInst = "m_axi">   --->   Core 111 'm_axi' <Latency = 5> <II = 1> <Delay = 1.00> <Adapter> <Opcode : 'readrequnaligned' 'writerequnaligned' 'read' 'write' 'readreq' 'writereq' 'writeresp'>

State 62 <SV = 61> <Delay = 7.30>
ST_62 : Operation 201 [1/1] ( I:7.30ns O:7.30ns )   --->   "%write_ln226 = write void @_ssdm_op_Write.m_axi.p1i16.i16, i16 %gmem3_addr, i16 %trunc_ln223_58, i2 3" [yolo_backbone_4.cpp:226]   --->   Operation 201 'write' 'write_ln226' <Predicate = true> <Delay = 7.30> <CoreInst = "m_axi">   --->   Core 111 'm_axi' <Latency = 5> <II = 1> <Delay = 1.00> <Adapter> <Opcode : 'readrequnaligned' 'writerequnaligned' 'read' 'write' 'readreq' 'writereq' 'writeresp'>

State 63 <SV = 62> <Delay = 7.30>
ST_63 : Operation 202 [1/1] ( I:7.30ns O:7.30ns )   --->   "%write_ln226 = write void @_ssdm_op_Write.m_axi.p1i16.i16, i16 %gmem3_addr, i16 %trunc_ln223_59, i2 3" [yolo_backbone_4.cpp:226]   --->   Operation 202 'write' 'write_ln226' <Predicate = true> <Delay = 7.30> <CoreInst = "m_axi">   --->   Core 111 'm_axi' <Latency = 5> <II = 1> <Delay = 1.00> <Adapter> <Opcode : 'readrequnaligned' 'writerequnaligned' 'read' 'write' 'readreq' 'writereq' 'writeresp'>

State 64 <SV = 63> <Delay = 7.30>
ST_64 : Operation 203 [1/1] ( I:7.30ns O:7.30ns )   --->   "%write_ln226 = write void @_ssdm_op_Write.m_axi.p1i16.i16, i16 %gmem3_addr, i16 %trunc_ln223_60, i2 3" [yolo_backbone_4.cpp:226]   --->   Operation 203 'write' 'write_ln226' <Predicate = true> <Delay = 7.30> <CoreInst = "m_axi">   --->   Core 111 'm_axi' <Latency = 5> <II = 1> <Delay = 1.00> <Adapter> <Opcode : 'readrequnaligned' 'writerequnaligned' 'read' 'write' 'readreq' 'writereq' 'writeresp'>

State 65 <SV = 64> <Delay = 7.30>
ST_65 : Operation 204 [1/1] ( I:7.30ns O:7.30ns )   --->   "%write_ln226 = write void @_ssdm_op_Write.m_axi.p1i16.i16, i16 %gmem3_addr, i16 %trunc_ln223_61, i2 3" [yolo_backbone_4.cpp:226]   --->   Operation 204 'write' 'write_ln226' <Predicate = true> <Delay = 7.30> <CoreInst = "m_axi">   --->   Core 111 'm_axi' <Latency = 5> <II = 1> <Delay = 1.00> <Adapter> <Opcode : 'readrequnaligned' 'writerequnaligned' 'read' 'write' 'readreq' 'writereq' 'writeresp'>

State 66 <SV = 65> <Delay = 7.30>
ST_66 : Operation 205 [1/1] ( I:7.30ns O:7.30ns )   --->   "%write_ln226 = write void @_ssdm_op_Write.m_axi.p1i16.i16, i16 %gmem3_addr, i16 %trunc_ln223_62, i2 3" [yolo_backbone_4.cpp:226]   --->   Operation 205 'write' 'write_ln226' <Predicate = true> <Delay = 7.30> <CoreInst = "m_axi">   --->   Core 111 'm_axi' <Latency = 5> <II = 1> <Delay = 1.00> <Adapter> <Opcode : 'readrequnaligned' 'writerequnaligned' 'read' 'write' 'readreq' 'writereq' 'writeresp'>

State 67 <SV = 66> <Delay = 0.00>
ST_67 : Operation 206 [5/5] (7.30ns)   --->   "%empty_66 = writeresp i1 @_ssdm_op_WriteResp.m_axi.p1i16, i16 %gmem3_addr" [yolo_backbone_4.cpp:226]   --->   Operation 206 'writeresp' 'empty_66' <Predicate = true> <Delay = 7.30> <CoreInst = "m_axi">   --->   Core 111 'm_axi' <Latency = 3> <II = 1> <Delay = 1.00> <Adapter> <Opcode : 'readrequnaligned' 'writerequnaligned' 'read' 'write' 'readreq' 'writereq' 'writeresp'>

State 68 <SV = 67> <Delay = 0.00>
ST_68 : Operation 207 [4/5] (7.30ns)   --->   "%empty_66 = writeresp i1 @_ssdm_op_WriteResp.m_axi.p1i16, i16 %gmem3_addr" [yolo_backbone_4.cpp:226]   --->   Operation 207 'writeresp' 'empty_66' <Predicate = true> <Delay = 7.30> <CoreInst = "m_axi">   --->   Core 111 'm_axi' <Latency = 3> <II = 1> <Delay = 1.00> <Adapter> <Opcode : 'readrequnaligned' 'writerequnaligned' 'read' 'write' 'readreq' 'writereq' 'writeresp'>

State 69 <SV = 68> <Delay = 0.00>
ST_69 : Operation 208 [3/5] (7.30ns)   --->   "%empty_66 = writeresp i1 @_ssdm_op_WriteResp.m_axi.p1i16, i16 %gmem3_addr" [yolo_backbone_4.cpp:226]   --->   Operation 208 'writeresp' 'empty_66' <Predicate = true> <Delay = 7.30> <CoreInst = "m_axi">   --->   Core 111 'm_axi' <Latency = 3> <II = 1> <Delay = 1.00> <Adapter> <Opcode : 'readrequnaligned' 'writerequnaligned' 'read' 'write' 'readreq' 'writereq' 'writeresp'>

State 70 <SV = 69> <Delay = 0.00>
ST_70 : Operation 209 [2/5] (7.30ns)   --->   "%empty_66 = writeresp i1 @_ssdm_op_WriteResp.m_axi.p1i16, i16 %gmem3_addr" [yolo_backbone_4.cpp:226]   --->   Operation 209 'writeresp' 'empty_66' <Predicate = true> <Delay = 7.30> <CoreInst = "m_axi">   --->   Core 111 'm_axi' <Latency = 3> <II = 1> <Delay = 1.00> <Adapter> <Opcode : 'readrequnaligned' 'writerequnaligned' 'read' 'write' 'readreq' 'writereq' 'writeresp'>

State 71 <SV = 70> <Delay = 7.30>
ST_71 : Operation 210 [1/1] (0.00ns)   --->   "%specinterface_ln0 = specinterface void @_ssdm_op_SpecInterface, i64 %image_out, void @ap_fifo_str, i32 0, i32 0, void @p_str, i32 0, i32 0, void @p_str, void @p_str, void @p_str, i32 2, i32 2, i32 16, i32 16, void @p_str, void @ScalarProp_str, i32 4294967295, i32 0, i32 0, i32 0"   --->   Operation 210 'specinterface' 'specinterface_ln0' <Predicate = true> <Delay = 0.00>
ST_71 : Operation 211 [1/1] (0.00ns)   --->   "%specinterface_ln0 = specinterface void @_ssdm_op_SpecInterface, i1024 %s_pool_out, void @empty_1, i32 0, i32 0, void @empty_9, i32 0, i32 0, void @empty_9, void @empty_9, void @empty_9, i32 0, i32 0, i32 0, i32 0, void @empty_9, void @empty_9, i32 4294967295, i32 0, i32 0, i32 0"   --->   Operation 211 'specinterface' 'specinterface_ln0' <Predicate = true> <Delay = 0.00>
ST_71 : Operation 212 [1/1] (0.00ns)   --->   "%specinterface_ln0 = specinterface void @_ssdm_op_SpecInterface, i16 %gmem3, void @empty_8, i32 0, i32 0, void @empty_9, i32 0, i32 0, void @empty_12, void @empty_31, void @empty_9, i32 16, i32 16, i32 16, i32 16, void @empty_9, void @empty_9, i32 4294967295, i32 0, i32 0, i32 2"   --->   Operation 212 'specinterface' 'specinterface_ln0' <Predicate = true> <Delay = 0.00>
ST_71 : Operation 213 [1/5] ( I:7.30ns O:7.30ns )   --->   "%empty_66 = writeresp i1 @_ssdm_op_WriteResp.m_axi.p1i16, i16 %gmem3_addr" [yolo_backbone_4.cpp:226]   --->   Operation 213 'writeresp' 'empty_66' <Predicate = true> <Delay = 7.30> <CoreInst = "m_axi">   --->   Core 111 'm_axi' <Latency = 3> <II = 1> <Delay = 1.00> <Adapter> <Opcode : 'readrequnaligned' 'writerequnaligned' 'read' 'write' 'readreq' 'writereq' 'writeresp'>
ST_71 : Operation 214 [1/1] (0.00ns)   --->   "%ret_ln226 = ret" [yolo_backbone_4.cpp:226]   --->   Operation 214 'ret' 'ret_ln226' <Predicate = true> <Delay = 0.00>


============================================================
+ Verbose Summary: Timing violations
============================================================
Target clock period: 10.000ns, clock uncertainty: 2.700ns.

 <State 1>: 2.468ns
The critical path consists of the following:
	fifo read operation ('s_pool_out_read', yolo_backbone_4.cpp:223) on port 's_pool_out' (yolo_backbone_4.cpp:223) [8]  (2.468 ns)

 <State 2>: 7.300ns
The critical path consists of the following:
	bus request operation ('empty', yolo_backbone_4.cpp:226) on port 'gmem3' (yolo_backbone_4.cpp:226) [76]  (7.300 ns)

 <State 3>: 7.300ns
The critical path consists of the following:
	bus write operation ('write_ln226', yolo_backbone_4.cpp:226) on port 'gmem3' (yolo_backbone_4.cpp:226) [77]  (7.300 ns)

 <State 4>: 7.300ns
The critical path consists of the following:
	bus write operation ('write_ln226', yolo_backbone_4.cpp:226) on port 'gmem3' (yolo_backbone_4.cpp:226) [78]  (7.300 ns)

 <State 5>: 7.300ns
The critical path consists of the following:
	bus write operation ('write_ln226', yolo_backbone_4.cpp:226) on port 'gmem3' (yolo_backbone_4.cpp:226) [79]  (7.300 ns)

 <State 6>: 7.300ns
The critical path consists of the following:
	bus write operation ('write_ln226', yolo_backbone_4.cpp:226) on port 'gmem3' (yolo_backbone_4.cpp:226) [80]  (7.300 ns)

 <State 7>: 7.300ns
The critical path consists of the following:
	bus write operation ('write_ln226', yolo_backbone_4.cpp:226) on port 'gmem3' (yolo_backbone_4.cpp:226) [81]  (7.300 ns)

 <State 8>: 7.300ns
The critical path consists of the following:
	bus write operation ('write_ln226', yolo_backbone_4.cpp:226) on port 'gmem3' (yolo_backbone_4.cpp:226) [82]  (7.300 ns)

 <State 9>: 7.300ns
The critical path consists of the following:
	bus write operation ('write_ln226', yolo_backbone_4.cpp:226) on port 'gmem3' (yolo_backbone_4.cpp:226) [83]  (7.300 ns)

 <State 10>: 7.300ns
The critical path consists of the following:
	bus write operation ('write_ln226', yolo_backbone_4.cpp:226) on port 'gmem3' (yolo_backbone_4.cpp:226) [84]  (7.300 ns)

 <State 11>: 7.300ns
The critical path consists of the following:
	bus write operation ('write_ln226', yolo_backbone_4.cpp:226) on port 'gmem3' (yolo_backbone_4.cpp:226) [85]  (7.300 ns)

 <State 12>: 7.300ns
The critical path consists of the following:
	bus write operation ('write_ln226', yolo_backbone_4.cpp:226) on port 'gmem3' (yolo_backbone_4.cpp:226) [86]  (7.300 ns)

 <State 13>: 7.300ns
The critical path consists of the following:
	bus write operation ('write_ln226', yolo_backbone_4.cpp:226) on port 'gmem3' (yolo_backbone_4.cpp:226) [87]  (7.300 ns)

 <State 14>: 7.300ns
The critical path consists of the following:
	bus write operation ('write_ln226', yolo_backbone_4.cpp:226) on port 'gmem3' (yolo_backbone_4.cpp:226) [88]  (7.300 ns)

 <State 15>: 7.300ns
The critical path consists of the following:
	bus write operation ('write_ln226', yolo_backbone_4.cpp:226) on port 'gmem3' (yolo_backbone_4.cpp:226) [89]  (7.300 ns)

 <State 16>: 7.300ns
The critical path consists of the following:
	bus write operation ('write_ln226', yolo_backbone_4.cpp:226) on port 'gmem3' (yolo_backbone_4.cpp:226) [90]  (7.300 ns)

 <State 17>: 7.300ns
The critical path consists of the following:
	bus write operation ('write_ln226', yolo_backbone_4.cpp:226) on port 'gmem3' (yolo_backbone_4.cpp:226) [91]  (7.300 ns)

 <State 18>: 7.300ns
The critical path consists of the following:
	bus write operation ('write_ln226', yolo_backbone_4.cpp:226) on port 'gmem3' (yolo_backbone_4.cpp:226) [92]  (7.300 ns)

 <State 19>: 7.300ns
The critical path consists of the following:
	bus write operation ('write_ln226', yolo_backbone_4.cpp:226) on port 'gmem3' (yolo_backbone_4.cpp:226) [93]  (7.300 ns)

 <State 20>: 7.300ns
The critical path consists of the following:
	bus write operation ('write_ln226', yolo_backbone_4.cpp:226) on port 'gmem3' (yolo_backbone_4.cpp:226) [94]  (7.300 ns)

 <State 21>: 7.300ns
The critical path consists of the following:
	bus write operation ('write_ln226', yolo_backbone_4.cpp:226) on port 'gmem3' (yolo_backbone_4.cpp:226) [95]  (7.300 ns)

 <State 22>: 7.300ns
The critical path consists of the following:
	bus write operation ('write_ln226', yolo_backbone_4.cpp:226) on port 'gmem3' (yolo_backbone_4.cpp:226) [96]  (7.300 ns)

 <State 23>: 7.300ns
The critical path consists of the following:
	bus write operation ('write_ln226', yolo_backbone_4.cpp:226) on port 'gmem3' (yolo_backbone_4.cpp:226) [97]  (7.300 ns)

 <State 24>: 7.300ns
The critical path consists of the following:
	bus write operation ('write_ln226', yolo_backbone_4.cpp:226) on port 'gmem3' (yolo_backbone_4.cpp:226) [98]  (7.300 ns)

 <State 25>: 7.300ns
The critical path consists of the following:
	bus write operation ('write_ln226', yolo_backbone_4.cpp:226) on port 'gmem3' (yolo_backbone_4.cpp:226) [99]  (7.300 ns)

 <State 26>: 7.300ns
The critical path consists of the following:
	bus write operation ('write_ln226', yolo_backbone_4.cpp:226) on port 'gmem3' (yolo_backbone_4.cpp:226) [100]  (7.300 ns)

 <State 27>: 7.300ns
The critical path consists of the following:
	bus write operation ('write_ln226', yolo_backbone_4.cpp:226) on port 'gmem3' (yolo_backbone_4.cpp:226) [101]  (7.300 ns)

 <State 28>: 7.300ns
The critical path consists of the following:
	bus write operation ('write_ln226', yolo_backbone_4.cpp:226) on port 'gmem3' (yolo_backbone_4.cpp:226) [102]  (7.300 ns)

 <State 29>: 7.300ns
The critical path consists of the following:
	bus write operation ('write_ln226', yolo_backbone_4.cpp:226) on port 'gmem3' (yolo_backbone_4.cpp:226) [103]  (7.300 ns)

 <State 30>: 7.300ns
The critical path consists of the following:
	bus write operation ('write_ln226', yolo_backbone_4.cpp:226) on port 'gmem3' (yolo_backbone_4.cpp:226) [104]  (7.300 ns)

 <State 31>: 7.300ns
The critical path consists of the following:
	bus write operation ('write_ln226', yolo_backbone_4.cpp:226) on port 'gmem3' (yolo_backbone_4.cpp:226) [105]  (7.300 ns)

 <State 32>: 7.300ns
The critical path consists of the following:
	bus write operation ('write_ln226', yolo_backbone_4.cpp:226) on port 'gmem3' (yolo_backbone_4.cpp:226) [106]  (7.300 ns)

 <State 33>: 7.300ns
The critical path consists of the following:
	bus write operation ('write_ln226', yolo_backbone_4.cpp:226) on port 'gmem3' (yolo_backbone_4.cpp:226) [107]  (7.300 ns)

 <State 34>: 7.300ns
The critical path consists of the following:
	bus write operation ('write_ln226', yolo_backbone_4.cpp:226) on port 'gmem3' (yolo_backbone_4.cpp:226) [108]  (7.300 ns)

 <State 35>: 7.300ns
The critical path consists of the following:
	bus write operation ('write_ln226', yolo_backbone_4.cpp:226) on port 'gmem3' (yolo_backbone_4.cpp:226) [109]  (7.300 ns)

 <State 36>: 7.300ns
The critical path consists of the following:
	bus write operation ('write_ln226', yolo_backbone_4.cpp:226) on port 'gmem3' (yolo_backbone_4.cpp:226) [110]  (7.300 ns)

 <State 37>: 7.300ns
The critical path consists of the following:
	bus write operation ('write_ln226', yolo_backbone_4.cpp:226) on port 'gmem3' (yolo_backbone_4.cpp:226) [111]  (7.300 ns)

 <State 38>: 7.300ns
The critical path consists of the following:
	bus write operation ('write_ln226', yolo_backbone_4.cpp:226) on port 'gmem3' (yolo_backbone_4.cpp:226) [112]  (7.300 ns)

 <State 39>: 7.300ns
The critical path consists of the following:
	bus write operation ('write_ln226', yolo_backbone_4.cpp:226) on port 'gmem3' (yolo_backbone_4.cpp:226) [113]  (7.300 ns)

 <State 40>: 7.300ns
The critical path consists of the following:
	bus write operation ('write_ln226', yolo_backbone_4.cpp:226) on port 'gmem3' (yolo_backbone_4.cpp:226) [114]  (7.300 ns)

 <State 41>: 7.300ns
The critical path consists of the following:
	bus write operation ('write_ln226', yolo_backbone_4.cpp:226) on port 'gmem3' (yolo_backbone_4.cpp:226) [115]  (7.300 ns)

 <State 42>: 7.300ns
The critical path consists of the following:
	bus write operation ('write_ln226', yolo_backbone_4.cpp:226) on port 'gmem3' (yolo_backbone_4.cpp:226) [116]  (7.300 ns)

 <State 43>: 7.300ns
The critical path consists of the following:
	bus write operation ('write_ln226', yolo_backbone_4.cpp:226) on port 'gmem3' (yolo_backbone_4.cpp:226) [117]  (7.300 ns)

 <State 44>: 7.300ns
The critical path consists of the following:
	bus write operation ('write_ln226', yolo_backbone_4.cpp:226) on port 'gmem3' (yolo_backbone_4.cpp:226) [118]  (7.300 ns)

 <State 45>: 7.300ns
The critical path consists of the following:
	bus write operation ('write_ln226', yolo_backbone_4.cpp:226) on port 'gmem3' (yolo_backbone_4.cpp:226) [119]  (7.300 ns)

 <State 46>: 7.300ns
The critical path consists of the following:
	bus write operation ('write_ln226', yolo_backbone_4.cpp:226) on port 'gmem3' (yolo_backbone_4.cpp:226) [120]  (7.300 ns)

 <State 47>: 7.300ns
The critical path consists of the following:
	bus write operation ('write_ln226', yolo_backbone_4.cpp:226) on port 'gmem3' (yolo_backbone_4.cpp:226) [121]  (7.300 ns)

 <State 48>: 7.300ns
The critical path consists of the following:
	bus write operation ('write_ln226', yolo_backbone_4.cpp:226) on port 'gmem3' (yolo_backbone_4.cpp:226) [122]  (7.300 ns)

 <State 49>: 7.300ns
The critical path consists of the following:
	bus write operation ('write_ln226', yolo_backbone_4.cpp:226) on port 'gmem3' (yolo_backbone_4.cpp:226) [123]  (7.300 ns)

 <State 50>: 7.300ns
The critical path consists of the following:
	bus write operation ('write_ln226', yolo_backbone_4.cpp:226) on port 'gmem3' (yolo_backbone_4.cpp:226) [124]  (7.300 ns)

 <State 51>: 7.300ns
The critical path consists of the following:
	bus write operation ('write_ln226', yolo_backbone_4.cpp:226) on port 'gmem3' (yolo_backbone_4.cpp:226) [125]  (7.300 ns)

 <State 52>: 7.300ns
The critical path consists of the following:
	bus write operation ('write_ln226', yolo_backbone_4.cpp:226) on port 'gmem3' (yolo_backbone_4.cpp:226) [126]  (7.300 ns)

 <State 53>: 7.300ns
The critical path consists of the following:
	bus write operation ('write_ln226', yolo_backbone_4.cpp:226) on port 'gmem3' (yolo_backbone_4.cpp:226) [127]  (7.300 ns)

 <State 54>: 7.300ns
The critical path consists of the following:
	bus write operation ('write_ln226', yolo_backbone_4.cpp:226) on port 'gmem3' (yolo_backbone_4.cpp:226) [128]  (7.300 ns)

 <State 55>: 7.300ns
The critical path consists of the following:
	bus write operation ('write_ln226', yolo_backbone_4.cpp:226) on port 'gmem3' (yolo_backbone_4.cpp:226) [129]  (7.300 ns)

 <State 56>: 7.300ns
The critical path consists of the following:
	bus write operation ('write_ln226', yolo_backbone_4.cpp:226) on port 'gmem3' (yolo_backbone_4.cpp:226) [130]  (7.300 ns)

 <State 57>: 7.300ns
The critical path consists of the following:
	bus write operation ('write_ln226', yolo_backbone_4.cpp:226) on port 'gmem3' (yolo_backbone_4.cpp:226) [131]  (7.300 ns)

 <State 58>: 7.300ns
The critical path consists of the following:
	bus write operation ('write_ln226', yolo_backbone_4.cpp:226) on port 'gmem3' (yolo_backbone_4.cpp:226) [132]  (7.300 ns)

 <State 59>: 7.300ns
The critical path consists of the following:
	bus write operation ('write_ln226', yolo_backbone_4.cpp:226) on port 'gmem3' (yolo_backbone_4.cpp:226) [133]  (7.300 ns)

 <State 60>: 7.300ns
The critical path consists of the following:
	bus write operation ('write_ln226', yolo_backbone_4.cpp:226) on port 'gmem3' (yolo_backbone_4.cpp:226) [134]  (7.300 ns)

 <State 61>: 7.300ns
The critical path consists of the following:
	bus write operation ('write_ln226', yolo_backbone_4.cpp:226) on port 'gmem3' (yolo_backbone_4.cpp:226) [135]  (7.300 ns)

 <State 62>: 7.300ns
The critical path consists of the following:
	bus write operation ('write_ln226', yolo_backbone_4.cpp:226) on port 'gmem3' (yolo_backbone_4.cpp:226) [136]  (7.300 ns)

 <State 63>: 7.300ns
The critical path consists of the following:
	bus write operation ('write_ln226', yolo_backbone_4.cpp:226) on port 'gmem3' (yolo_backbone_4.cpp:226) [137]  (7.300 ns)

 <State 64>: 7.300ns
The critical path consists of the following:
	bus write operation ('write_ln226', yolo_backbone_4.cpp:226) on port 'gmem3' (yolo_backbone_4.cpp:226) [138]  (7.300 ns)

 <State 65>: 7.300ns
The critical path consists of the following:
	bus write operation ('write_ln226', yolo_backbone_4.cpp:226) on port 'gmem3' (yolo_backbone_4.cpp:226) [139]  (7.300 ns)

 <State 66>: 7.300ns
The critical path consists of the following:
	bus write operation ('write_ln226', yolo_backbone_4.cpp:226) on port 'gmem3' (yolo_backbone_4.cpp:226) [140]  (7.300 ns)

 <State 67>: 0.000ns
The critical path consists of the following:

 <State 68>: 0.000ns
The critical path consists of the following:

 <State 69>: 0.000ns
The critical path consists of the following:

 <State 70>: 0.000ns
The critical path consists of the following:

 <State 71>: 7.300ns
The critical path consists of the following:
	bus response operation ('empty_66', yolo_backbone_4.cpp:226) on port 'gmem3' (yolo_backbone_4.cpp:226) [141]  (7.300 ns)


============================================================
+ Verbose Summary: Binding
============================================================
N/A
* FSMD analyzer results:
  - Output states:
 - Input state : 
  - Chain level:
	State 1
	State 2
	State 3
	State 4
	State 5
	State 6
	State 7
	State 8
	State 9
	State 10
	State 11
	State 12
	State 13
	State 14
	State 15
	State 16
	State 17
	State 18
	State 19
	State 20
	State 21
	State 22
	State 23
	State 24
	State 25
	State 26
	State 27
	State 28
	State 29
	State 30
	State 31
	State 32
	State 33
	State 34
	State 35
	State 36
	State 37
	State 38
	State 39
	State 40
	State 41
	State 42
	State 43
	State 44
	State 45
	State 46
	State 47
	State 48
	State 49
	State 50
	State 51
	State 52
	State 53
	State 54
	State 55
	State 56
	State 57
	State 58
	State 59
	State 60
	State 61
	State 62
	State 63
	State 64
	State 65
	State 66
	State 67
	State 68
	State 69
	State 70
	State 71


============================================================
+ Verbose Summary: Datapath Resource usage 
============================================================
N/A
