================================================================
== Design Size Report
================================================================

* Total Instructions per Compilation Phase
+---------------+----------------------------+--------------+----------------------------------------------------------------------------------------+
| Phase         | Step                       | Instructions | Description                                                                            |
+---------------+----------------------------+--------------+----------------------------------------------------------------------------------------+
| Compile/Link  |                            |   4,170      | After all functions are compiled and linked into a single design                       |
|               |                            |              |                                                                                        |
| Unroll/Inline |                            |              | After user unroll and inline pragmas are applied                                       |
|               | (1) unroll                 |  39,804      | user unroll pragmas are applied                                                        |
|               | (2) simplification         |  14,690      | simplification of applied user unroll pragmas                                          |
|               | (3) inline                 |  10,992      | user inline pragmas are applied                                                        |
|               | (4) simplification         |  10,160      | simplification of applied user inline pragmas                                          |
|               |                            |              |                                                                                        |
| Array/Struct  |                            |              | After user array partition and struct aggregate/disaggregate pragmas are applied       |
|               | (1) array partition        | 281,490 *    | user array partition pragmas are applied                                               |
|               | (2) simplification         |  14,848      | simplification of applied user array partition & struct aggregate/disaggregate pragmas |
|               | (3) aggregate/disaggregate |  14,848      | user struct aggregate/disaggregate pragmas are applied                                 |
|               | (4) array reshape          |  14,848      | apply array reshape pragmas                                                            |
|               | (5) access patterns        |  14,980      | array access pattern optmizations                                                      |
|               |                            |              |                                                                                        |
| Performance   |                            |              | After transformations are applied to meet performance pragma targets                   |
|               | (1) loop simplification    |  14,955      | loop and instruction simplification                                                    |
|               | (2) parallelization        |  14,859      | loops are unrolled or pipelined to meet performance targets                            |
|               | (3) array partition        |  14,845      | arrays are partitioned to meet performance targets                                     |
|               | (4) simplification         |  14,845      | simplification of design after performance transformations                             |
|               |                            |              |                                                                                        |
| HW Transforms |                            |              | After hardware transfomations                                                          |
|               | (1) lowering               |  14,863      | initial conversion to HW specific instructions                                         |
|               | (2) optimizations          |  13,332      | high level synthesis optimizations                                                     |
+---------------+----------------------------+--------------+----------------------------------------------------------------------------------------+
    * - Exceeded design size warning message threshold

* Instructions per Function for each Compilation Phase
+--------------------+-------------------+--------------+---------------+--------------+-------------+---------------+
| Function           | Location          | Compile/Link | Unroll/Inline | Array/Struct | Performance | HW Transforms |
+--------------------+-------------------+--------------+---------------+--------------+-------------+---------------+
|   yolo_npu_v2_core | yolo_npu_v2.cpp:4 | 4,170        | 10,160        | 14,980       | 14,845      | 13,332        |
+--------------------+-------------------+--------------+---------------+--------------+-------------+---------------+

* Design Size Message Settings
+---------------------------------------------+--------+------------------------------------------------------------------+
| Message Setting                             | Value  | Description                                                      |
+---------------------------------------------+--------+------------------------------------------------------------------+
| config_compile -design_size_maximum_warning | 100000 | Show a warning when total design instructions exceeds this value |
+---------------------------------------------+--------+------------------------------------------------------------------+


