

================================================================
== Vitis HLS Report for 'yolo_npu_v2_core_Pipeline_VITIS_LOOP_193_24_VITIS_LOOP_195_25_VITIS_LOOP_197_26'
================================================================
* Date:           Sat Jun 20 09:59:06 2026

* Version:        2025.2 (Build 6295257 on Nov 14 2025)
* Project:        yolo_npu
* Solution:       hls (Vivado IP Flow Target)
* Product family: kintex7
* Target device:  xc7k325t-ffg900-2


================================================================
== Performance Estimates
================================================================
+ Timing: 
    * Summary: 
    +--------+----------+-----------+------------+
    |  Clock |  Target  | Estimated | Uncertainty|
    +--------+----------+-----------+------------+
    |ap_clk  |  20.00 ns|  35.551 ns|     5.40 ns|
    +--------+----------+-----------+------------+

+ Latency: 
    * Summary: 
    +---------+---------+-----------+-----------+-----+-----+-------------------+
    |  Latency (cycles) |   Latency (absolute)  |  Interval |      Pipeline     |
    |   min   |   max   |    min    |    max    | min | max |        Type       |
    +---------+---------+-----------+-----------+-----+-----+-------------------+
    |        2|   917506|  71.102 ns|  32.618 ms|    0|    0|  loop pipeline stp|
    +---------+---------+-----------+-----------+-----+-----+-------------------+

    + Detail: 
        * Instance: 
        N/A

        * Loop: 
        +---------------------------------------------------------+---------+---------+----------+-----------+-----------+-----------+----------+
        |                                                         |  Latency (cycles) | Iteration|  Initiation Interval  |    Trip   |          |
        |                        Loop Name                        |   min   |   max   |  Latency |  achieved |   target  |   Count   | Pipelined|
        +---------------------------------------------------------+---------+---------+----------+-----------+-----------+-----------+----------+
        |- VITIS_LOOP_193_24_VITIS_LOOP_195_25_VITIS_LOOP_197_26  |        0|   917504|        15|         14|          1|  0 ~ 65536|       yes|
        +---------------------------------------------------------+---------+---------+----------+-----------+-----------+-----------+----------+



================================================================
== Utilization Estimates
================================================================
* Summary: 
+-----------------+---------+-----+--------+--------+-----+
|       Name      | BRAM_18K| DSP |   FF   |   LUT  | URAM|
+-----------------+---------+-----+--------+--------+-----+
|DSP              |        -|    -|       -|       -|    -|
|Expression       |        -|    -|       0|    6184|    -|
|FIFO             |        -|    -|       -|       -|    -|
|Instance         |        -|   12|       0|     221|    -|
|Memory           |        -|    -|       -|       -|    -|
|Multiplexer      |        -|    -|       0|     222|    -|
|Register         |        -|    -|    1126|       -|    -|
+-----------------+---------+-----+--------+--------+-----+
|Total            |        0|   12|    1126|    6627|    0|
+-----------------+---------+-----+--------+--------+-----+
|Available        |      890|  840|  407600|  203800|    0|
+-----------------+---------+-----+--------+--------+-----+
|Utilization (%)  |        0|    1|      ~0|       3|    0|
+-----------------+---------+-----+--------+--------+-----+

+ Detail: 
    * Instance: 
    +-----------------------------+-----------------------+---------+----+---+-----+-----+
    |           Instance          |         Module        | BRAM_18K| DSP| FF| LUT | URAM|
    +-----------------------------+-----------------------+---------+----+---+-----+-----+
    |mul_16s_8ns_24_1_1_U1886     |mul_16s_8ns_24_1_1     |        0|   1|  0|    6|    0|
    |mul_31ns_32s_62_1_1_U1883    |mul_31ns_32s_62_1_1    |        0|   4|  0|   21|    0|
    |mul_62ns_32s_63_1_1_U1884    |mul_62ns_32s_63_1_1    |        0|   7|  0|   41|    0|
    |sparsemux_65_5_16_1_1_U1885  |sparsemux_65_5_16_1_1  |        0|   0|  0|  153|    0|
    +-----------------------------+-----------------------+---------+----+---+-----+-----+
    |Total                        |                       |        0|  12|  0|  221|    0|
    +-----------------------------+-----------------------+---------+----+---+-----+-----+

    * DSP: 
    N/A

    * Memory: 
    N/A

    * FIFO: 
    N/A

    * Expression: 
    +-----------------------------------------+----------+----+---+------+------------+------------+
    |              Variable Name              | Operation| DSP| FF|  LUT | Bitwidth P0| Bitwidth P1|
    +-----------------------------------------+----------+----+---+------+------------+------------+
    |add_ln193_1_fu_927_p2                    |         +|   0|  0|   100|          93|           1|
    |add_ln193_fu_942_p2                      |         +|   0|  0|    38|          31|           1|
    |add_ln195_1_fu_1124_p2                   |         +|   0|  0|    71|          64|           1|
    |add_ln195_fu_988_p2                      |         +|   0|  0|    38|          31|           1|
    |add_ln197_fu_1118_p2                     |         +|   0|  0|    38|          31|           1|
    |add_ln200_1_fu_1065_p2                   |         +|   0|  0|    18|          11|          11|
    |add_ln200_fu_1027_p2                     |         +|   0|  0|    15|           8|           8|
    |add_ln210_1_fu_1107_p2                   |         +|   0|  0|    40|          33|          33|
    |add_ln210_2_fu_1305_p2                   |         +|   0|  0|    63|          63|          63|
    |add_ln210_fu_1045_p2                     |         +|   0|  0|    69|          62|          62|
    |add_ln211_1_fu_1314_p2                   |         +|   0|  0|    63|          63|          63|
    |add_ln211_fu_1328_p2                     |         +|   0|  0|    71|          64|          64|
    |add_ln216_1_fu_1361_p2                   |         +|   0|  0|    63|          63|          63|
    |add_ln216_fu_1114_p2                     |         +|   0|  0|    40|          33|          33|
    |add_ln217_1_fu_1370_p2                   |         +|   0|  0|    63|          63|          63|
    |add_ln217_fu_1384_p2                     |         +|   0|  0|    71|          64|          64|
    |val_3_fu_1489_p2                         |         +|   0|  0|    23|          16|          16|
    |ap_block_pp0_stage10_01001_grp3          |       and|   0|  0|     2|           1|           1|
    |ap_block_pp0_stage10_11001_grp3          |       and|   0|  0|     2|           1|           1|
    |ap_block_pp0_stage1_11001                |       and|   0|  0|     2|           1|           1|
    |ap_block_pp0_stage2_11001_grp1           |       and|   0|  0|     2|           1|           1|
    |ap_block_pp0_stage9_11001_grp2           |       and|   0|  0|     2|           1|           1|
    |ap_block_state10_io_grp2                 |       and|   0|  0|     2|           1|           1|
    |ap_block_state11_io_grp3                 |       and|   0|  0|     2|           1|           1|
    |ap_block_state11_pp0_stage10_iter0_grp3  |       and|   0|  0|     2|           1|           1|
    |ap_block_state3_io_grp1                  |       and|   0|  0|     2|           1|           1|
    |ap_predicate_op207_readreq_state3        |       and|   0|  0|     2|           1|           1|
    |icmp_ln193_fu_922_p2                     |      icmp|   0|  0|   100|          93|          93|
    |icmp_ln195_fu_948_p2                     |      icmp|   0|  0|    71|          64|          64|
    |icmp_ln197_fu_917_p2                     |      icmp|   0|  0|    39|          32|          32|
    |icmp_ln204_fu_1413_p2                    |      icmp|   0|  0|    23|          16|           1|
    |icmp_ln208_fu_876_p2                     |      icmp|   0|  0|    39|          32|           1|
    |lshr_ln211_fu_1479_p2                    |      lshr|   0|  0|  2171|        1024|        1024|
    |or_ln203_1_fu_1423_p2                    |        or|   0|  0|     2|           1|           1|
    |or_ln203_fu_1418_p2                      |        or|   0|  0|     2|           1|           1|
    |select_ln193_1_fu_961_p3                 |    select|   0|  0|    31|           1|           1|
    |select_ln193_2_fu_969_p3                 |    select|   0|  0|     2|           1|           1|
    |select_ln193_3_fu_976_p3                 |    select|   0|  0|    31|           1|          31|
    |select_ln193_fu_953_p3                   |    select|   0|  0|    31|           1|           1|
    |select_ln195_1_fu_1002_p3                |    select|   0|  0|    31|           1|          31|
    |select_ln195_2_fu_1130_p3                |    select|   0|  0|    64|           1|           1|
    |select_ln195_fu_994_p3                   |    select|   0|  0|    31|           1|          31|
    |val_2_fu_1451_p3                         |    select|   0|  0|    16|           1|          16|
    |m_axi_gmem_0_WDATA                       |       shl|   0|  0|  2171|        1024|        1024|
    |shl_ln217_fu_1397_p2                     |       shl|   0|  0|   423|           2|         128|
    |ap_enable_pp0                            |       xor|   0|  0|     2|           1|           2|
    +-----------------------------------------+----------+----+---+------+------------+------------+
    |Total                                    |          |   0|  0|  6184|        3101|        3042|
    +-----------------------------------------+----------+----+---+------+------------+------------+

    * Multiplexer: 
    +--------------------------------+----+-----------+-----+-----------+
    |              Name              | LUT| Input Size| Bits| Total Bits|
    +--------------------------------+----+-----------+-----+-----------+
    |ap_NS_fsm                       |  61|         15|    1|         15|
    |ap_done_int                     |   9|          2|    1|          2|
    |ap_enable_reg_pp0_iter0         |   9|          2|    1|          2|
    |ap_enable_reg_pp0_iter0_reg     |   9|          2|    1|          2|
    |ap_enable_reg_pp0_iter1         |   9|          2|    1|          2|
    |ap_phi_mux_val_1_phi_fu_830_p4  |   9|          2|   16|         32|
    |c_fu_274                        |   9|          2|   31|         62|
    |gmem_blk_n_AR                   |   9|          2|    1|          2|
    |gmem_blk_n_AW                   |   9|          2|    1|          2|
    |gmem_blk_n_B                    |   9|          2|    1|          2|
    |gmem_blk_n_R                    |   9|          2|    1|          2|
    |gmem_blk_n_W                    |   9|          2|    1|          2|
    |grp_fu_840_p0                   |  13|          3|   62|        186|
    |grp_fu_840_p1                   |  13|          3|   32|         96|
    |indvar_flatten147_fu_278        |   9|          2|   64|        128|
    |indvar_flatten171_fu_286        |   9|          2|   93|        186|
    |oc_2_fu_270                     |   9|          2|   31|         62|
    |r_fu_282                        |   9|          2|   31|         62|
    +--------------------------------+----+-----------+-----+-----------+
    |Total                           | 222|         51|  370|        847|
    +--------------------------------+----+-----------+-----+-----------+

    * Register: 
    +-------------------------------------------+-----+----+-----+-----------+
    |                    Name                   |  FF | LUT| Bits| Const Bits|
    +-------------------------------------------+-----+----+-----+-----------+
    |add_ln210_1_reg_1808                       |   33|   0|   33|          0|
    |add_ln210_reg_1638                         |   62|   0|   62|          0|
    |add_ln216_reg_1813                         |   33|   0|   33|          0|
    |ap_CS_fsm                                  |   14|   0|   14|          0|
    |ap_block_pp0_stage1_subdone_grp0_done_reg  |    1|   0|    1|          0|
    |ap_block_pp0_stage2_subdone_grp0_done_reg  |    1|   0|    1|          0|
    |ap_done_reg                                |    1|   0|    1|          0|
    |ap_enable_reg_pp0_iter0_reg                |    1|   0|    1|          0|
    |ap_enable_reg_pp0_iter1                    |    1|   0|    1|          0|
    |ap_phi_reg_pp0_iter0_val_1_reg_827         |   16|   0|   16|          0|
    |c_fu_274                                   |   31|   0|   31|          0|
    |icmp_ln193_reg_1628                        |    1|   0|    1|          0|
    |icmp_ln208_reg_1624                        |    1|   0|    1|          0|
    |indvar_flatten147_fu_278                   |   64|   0|   64|          0|
    |indvar_flatten171_fu_286                   |   93|   0|   93|          0|
    |mul_ln43_cast_reg_1609                     |   62|   0|   64|          2|
    |oc_2_fu_270                                |   31|   0|   31|          0|
    |r_fu_282                                   |   31|   0|   31|          0|
    |select_ln195_reg_1632                      |   31|   0|   31|          0|
    |sext_ln193_1_cast_reg_1589                 |   33|   0|   33|          0|
    |sext_ln193_2_cast_reg_1599                 |   63|   0|   63|          0|
    |sext_ln193_3_cast_reg_1584                 |   33|   0|   33|          0|
    |sext_ln193_4_cast_reg_1594                 |   63|   0|   63|          0|
    |sext_ln193_5_cast_reg_1614                 |   33|   0|   33|          0|
    |sext_ln193_cast_reg_1619                   |   33|   0|   33|          0|
    |sext_ln65_cast_reg_1604                    |   62|   0|   62|          0|
    |shl_ln217_reg_1846                         |  128|   0|  128|          0|
    |trunc_ln197_reg_1643                       |    5|   0|    5|          0|
    |trunc_ln211_reg_1836                       |    7|   0|    7|          0|
    |trunc_ln217_1_reg_1851                     |   57|   0|   57|          0|
    |trunc_ln217_reg_1841                       |    7|   0|    7|          0|
    |val_2_reg_1856                             |   16|   0|   16|          0|
    |val_reg_1823                               |   16|   0|   16|          0|
    |zext_ln210_reg_1818                        |   62|   0|   63|          1|
    +-------------------------------------------+-----+----+-----+-----------+
    |Total                                      | 1126|   0| 1129|          3|
    +-------------------------------------------+-----+----+-----+-----------+



================================================================
== Interface
================================================================
* Summary: 
+-----------------------+-----+------+------------+---------------------------------------------------------------------------------+--------------+
|       RTL Ports       | Dir | Bits |  Protocol  |                                  Source Object                                  |    C Type    |
+-----------------------+-----+------+------------+---------------------------------------------------------------------------------+--------------+
|ap_clk                 |   in|     1|  ap_ctrl_hs|  yolo_npu_v2_core_Pipeline_VITIS_LOOP_193_24_VITIS_LOOP_195_25_VITIS_LOOP_197_26|  return value|
|ap_rst                 |   in|     1|  ap_ctrl_hs|  yolo_npu_v2_core_Pipeline_VITIS_LOOP_193_24_VITIS_LOOP_195_25_VITIS_LOOP_197_26|  return value|
|ap_start               |   in|     1|  ap_ctrl_hs|  yolo_npu_v2_core_Pipeline_VITIS_LOOP_193_24_VITIS_LOOP_195_25_VITIS_LOOP_197_26|  return value|
|ap_done                |  out|     1|  ap_ctrl_hs|  yolo_npu_v2_core_Pipeline_VITIS_LOOP_193_24_VITIS_LOOP_195_25_VITIS_LOOP_197_26|  return value|
|ap_idle                |  out|     1|  ap_ctrl_hs|  yolo_npu_v2_core_Pipeline_VITIS_LOOP_193_24_VITIS_LOOP_195_25_VITIS_LOOP_197_26|  return value|
|ap_ready               |  out|     1|  ap_ctrl_hs|  yolo_npu_v2_core_Pipeline_VITIS_LOOP_193_24_VITIS_LOOP_195_25_VITIS_LOOP_197_26|  return value|
|m_axi_gmem_0_AWVALID   |  out|     1|       m_axi|                                                                             gmem|       pointer|
|m_axi_gmem_0_AWREADY   |   in|     1|       m_axi|                                                                             gmem|       pointer|
|m_axi_gmem_0_AWADDR    |  out|    64|       m_axi|                                                                             gmem|       pointer|
|m_axi_gmem_0_AWID      |  out|     1|       m_axi|                                                                             gmem|       pointer|
|m_axi_gmem_0_AWLEN     |  out|    32|       m_axi|                                                                             gmem|       pointer|
|m_axi_gmem_0_AWSIZE    |  out|     3|       m_axi|                                                                             gmem|       pointer|
|m_axi_gmem_0_AWBURST   |  out|     2|       m_axi|                                                                             gmem|       pointer|
|m_axi_gmem_0_AWLOCK    |  out|     2|       m_axi|                                                                             gmem|       pointer|
|m_axi_gmem_0_AWCACHE   |  out|     4|       m_axi|                                                                             gmem|       pointer|
|m_axi_gmem_0_AWPROT    |  out|     3|       m_axi|                                                                             gmem|       pointer|
|m_axi_gmem_0_AWQOS     |  out|     4|       m_axi|                                                                             gmem|       pointer|
|m_axi_gmem_0_AWREGION  |  out|     4|       m_axi|                                                                             gmem|       pointer|
|m_axi_gmem_0_AWUSER    |  out|     1|       m_axi|                                                                             gmem|       pointer|
|m_axi_gmem_0_WVALID    |  out|     1|       m_axi|                                                                             gmem|       pointer|
|m_axi_gmem_0_WREADY    |   in|     1|       m_axi|                                                                             gmem|       pointer|
|m_axi_gmem_0_WDATA     |  out|  1024|       m_axi|                                                                             gmem|       pointer|
|m_axi_gmem_0_WSTRB     |  out|   128|       m_axi|                                                                             gmem|       pointer|
|m_axi_gmem_0_WLAST     |  out|     1|       m_axi|                                                                             gmem|       pointer|
|m_axi_gmem_0_WID       |  out|     1|       m_axi|                                                                             gmem|       pointer|
|m_axi_gmem_0_WUSER     |  out|     1|       m_axi|                                                                             gmem|       pointer|
|m_axi_gmem_0_ARVALID   |  out|     1|       m_axi|                                                                             gmem|       pointer|
|m_axi_gmem_0_ARREADY   |   in|     1|       m_axi|                                                                             gmem|       pointer|
|m_axi_gmem_0_ARADDR    |  out|    64|       m_axi|                                                                             gmem|       pointer|
|m_axi_gmem_0_ARID      |  out|     1|       m_axi|                                                                             gmem|       pointer|
|m_axi_gmem_0_ARLEN     |  out|    32|       m_axi|                                                                             gmem|       pointer|
|m_axi_gmem_0_ARSIZE    |  out|     3|       m_axi|                                                                             gmem|       pointer|
|m_axi_gmem_0_ARBURST   |  out|     2|       m_axi|                                                                             gmem|       pointer|
|m_axi_gmem_0_ARLOCK    |  out|     2|       m_axi|                                                                             gmem|       pointer|
|m_axi_gmem_0_ARCACHE   |  out|     4|       m_axi|                                                                             gmem|       pointer|
|m_axi_gmem_0_ARPROT    |  out|     3|       m_axi|                                                                             gmem|       pointer|
|m_axi_gmem_0_ARQOS     |  out|     4|       m_axi|                                                                             gmem|       pointer|
|m_axi_gmem_0_ARREGION  |  out|     4|       m_axi|                                                                             gmem|       pointer|
|m_axi_gmem_0_ARUSER    |  out|     1|       m_axi|                                                                             gmem|       pointer|
|m_axi_gmem_0_RVALID    |   in|     1|       m_axi|                                                                             gmem|       pointer|
|m_axi_gmem_0_RREADY    |  out|     1|       m_axi|                                                                             gmem|       pointer|
|m_axi_gmem_0_RDATA     |   in|  1024|       m_axi|                                                                             gmem|       pointer|
|m_axi_gmem_0_RLAST     |   in|     1|       m_axi|                                                                             gmem|       pointer|
|m_axi_gmem_0_RID       |   in|     1|       m_axi|                                                                             gmem|       pointer|
|m_axi_gmem_0_RFIFONUM  |   in|     9|       m_axi|                                                                             gmem|       pointer|
|m_axi_gmem_0_RUSER     |   in|     1|       m_axi|                                                                             gmem|       pointer|
|m_axi_gmem_0_RRESP     |   in|     2|       m_axi|                                                                             gmem|       pointer|
|m_axi_gmem_0_BVALID    |   in|     1|       m_axi|                                                                             gmem|       pointer|
|m_axi_gmem_0_BREADY    |  out|     1|       m_axi|                                                                             gmem|       pointer|
|m_axi_gmem_0_BRESP     |   in|     2|       m_axi|                                                                             gmem|       pointer|
|m_axi_gmem_0_BID       |   in|     1|       m_axi|                                                                             gmem|       pointer|
|m_axi_gmem_0_BUSER     |   in|     1|       m_axi|                                                                             gmem|       pointer|
|cmd_apply_residual     |   in|    32|     ap_none|                                                               cmd_apply_residual|        scalar|
|cmd_out_channels       |   in|    32|     ap_none|                                                                 cmd_out_channels|        scalar|
|mul_ln43_1             |   in|    93|     ap_none|                                                                       mul_ln43_1|        scalar|
|sext_ln193             |   in|    32|     ap_none|                                                                       sext_ln193|        scalar|
|sext_ln193_5           |   in|    32|     ap_none|                                                                     sext_ln193_5|        scalar|
|ddr_mem                |   in|    64|     ap_none|                                                                          ddr_mem|        scalar|
|mul_ln43               |   in|    62|     ap_none|                                                                         mul_ln43|        scalar|
|empty                  |   in|     1|     ap_none|                                                                            empty|        scalar|
|sext_ln65              |   in|    32|     ap_none|                                                                        sext_ln65|        scalar|
|sext_ln193_2           |   in|    32|     ap_none|                                                                     sext_ln193_2|        scalar|
|sext_ln193_4           |   in|    32|     ap_none|                                                                     sext_ln193_4|        scalar|
|sp_out_fm_address0     |  out|    11|   ap_memory|                                                                        sp_out_fm|         array|
|sp_out_fm_ce0          |  out|     1|   ap_memory|                                                                        sp_out_fm|         array|
|sp_out_fm_q0           |   in|    16|   ap_memory|                                                                        sp_out_fm|         array|
|sp_out_fm_1_address0   |  out|    11|   ap_memory|                                                                      sp_out_fm_1|         array|
|sp_out_fm_1_ce0        |  out|     1|   ap_memory|                                                                      sp_out_fm_1|         array|
|sp_out_fm_1_q0         |   in|    16|   ap_memory|                                                                      sp_out_fm_1|         array|
|sp_out_fm_2_address0   |  out|    11|   ap_memory|                                                                      sp_out_fm_2|         array|
|sp_out_fm_2_ce0        |  out|     1|   ap_memory|                                                                      sp_out_fm_2|         array|
|sp_out_fm_2_q0         |   in|    16|   ap_memory|                                                                      sp_out_fm_2|         array|
|sp_out_fm_3_address0   |  out|    11|   ap_memory|                                                                      sp_out_fm_3|         array|
|sp_out_fm_3_ce0        |  out|     1|   ap_memory|                                                                      sp_out_fm_3|         array|
|sp_out_fm_3_q0         |   in|    16|   ap_memory|                                                                      sp_out_fm_3|         array|
|sp_out_fm_4_address0   |  out|    11|   ap_memory|                                                                      sp_out_fm_4|         array|
|sp_out_fm_4_ce0        |  out|     1|   ap_memory|                                                                      sp_out_fm_4|         array|
|sp_out_fm_4_q0         |   in|    16|   ap_memory|                                                                      sp_out_fm_4|         array|
|sp_out_fm_5_address0   |  out|    11|   ap_memory|                                                                      sp_out_fm_5|         array|
|sp_out_fm_5_ce0        |  out|     1|   ap_memory|                                                                      sp_out_fm_5|         array|
|sp_out_fm_5_q0         |   in|    16|   ap_memory|                                                                      sp_out_fm_5|         array|
|sp_out_fm_6_address0   |  out|    11|   ap_memory|                                                                      sp_out_fm_6|         array|
|sp_out_fm_6_ce0        |  out|     1|   ap_memory|                                                                      sp_out_fm_6|         array|
|sp_out_fm_6_q0         |   in|    16|   ap_memory|                                                                      sp_out_fm_6|         array|
|sp_out_fm_7_address0   |  out|    11|   ap_memory|                                                                      sp_out_fm_7|         array|
|sp_out_fm_7_ce0        |  out|     1|   ap_memory|                                                                      sp_out_fm_7|         array|
|sp_out_fm_7_q0         |   in|    16|   ap_memory|                                                                      sp_out_fm_7|         array|
|sp_out_fm_8_address0   |  out|    11|   ap_memory|                                                                      sp_out_fm_8|         array|
|sp_out_fm_8_ce0        |  out|     1|   ap_memory|                                                                      sp_out_fm_8|         array|
|sp_out_fm_8_q0         |   in|    16|   ap_memory|                                                                      sp_out_fm_8|         array|
|sp_out_fm_9_address0   |  out|    11|   ap_memory|                                                                      sp_out_fm_9|         array|
|sp_out_fm_9_ce0        |  out|     1|   ap_memory|                                                                      sp_out_fm_9|         array|
|sp_out_fm_9_q0         |   in|    16|   ap_memory|                                                                      sp_out_fm_9|         array|
|sp_out_fm_10_address0  |  out|    11|   ap_memory|                                                                     sp_out_fm_10|         array|
|sp_out_fm_10_ce0       |  out|     1|   ap_memory|                                                                     sp_out_fm_10|         array|
|sp_out_fm_10_q0        |   in|    16|   ap_memory|                                                                     sp_out_fm_10|         array|
|sp_out_fm_11_address0  |  out|    11|   ap_memory|                                                                     sp_out_fm_11|         array|
|sp_out_fm_11_ce0       |  out|     1|   ap_memory|                                                                     sp_out_fm_11|         array|
|sp_out_fm_11_q0        |   in|    16|   ap_memory|                                                                     sp_out_fm_11|         array|
|sp_out_fm_12_address0  |  out|    11|   ap_memory|                                                                     sp_out_fm_12|         array|
|sp_out_fm_12_ce0       |  out|     1|   ap_memory|                                                                     sp_out_fm_12|         array|
|sp_out_fm_12_q0        |   in|    16|   ap_memory|                                                                     sp_out_fm_12|         array|
|sp_out_fm_13_address0  |  out|    11|   ap_memory|                                                                     sp_out_fm_13|         array|
|sp_out_fm_13_ce0       |  out|     1|   ap_memory|                                                                     sp_out_fm_13|         array|
|sp_out_fm_13_q0        |   in|    16|   ap_memory|                                                                     sp_out_fm_13|         array|
|sp_out_fm_14_address0  |  out|    11|   ap_memory|                                                                     sp_out_fm_14|         array|
|sp_out_fm_14_ce0       |  out|     1|   ap_memory|                                                                     sp_out_fm_14|         array|
|sp_out_fm_14_q0        |   in|    16|   ap_memory|                                                                     sp_out_fm_14|         array|
|sp_out_fm_15_address0  |  out|    11|   ap_memory|                                                                     sp_out_fm_15|         array|
|sp_out_fm_15_ce0       |  out|     1|   ap_memory|                                                                     sp_out_fm_15|         array|
|sp_out_fm_15_q0        |   in|    16|   ap_memory|                                                                     sp_out_fm_15|         array|
|sp_out_fm_16_address0  |  out|    11|   ap_memory|                                                                     sp_out_fm_16|         array|
|sp_out_fm_16_ce0       |  out|     1|   ap_memory|                                                                     sp_out_fm_16|         array|
|sp_out_fm_16_q0        |   in|    16|   ap_memory|                                                                     sp_out_fm_16|         array|
|sp_out_fm_17_address0  |  out|    11|   ap_memory|                                                                     sp_out_fm_17|         array|
|sp_out_fm_17_ce0       |  out|     1|   ap_memory|                                                                     sp_out_fm_17|         array|
|sp_out_fm_17_q0        |   in|    16|   ap_memory|                                                                     sp_out_fm_17|         array|
|sp_out_fm_18_address0  |  out|    11|   ap_memory|                                                                     sp_out_fm_18|         array|
|sp_out_fm_18_ce0       |  out|     1|   ap_memory|                                                                     sp_out_fm_18|         array|
|sp_out_fm_18_q0        |   in|    16|   ap_memory|                                                                     sp_out_fm_18|         array|
|sp_out_fm_19_address0  |  out|    11|   ap_memory|                                                                     sp_out_fm_19|         array|
|sp_out_fm_19_ce0       |  out|     1|   ap_memory|                                                                     sp_out_fm_19|         array|
|sp_out_fm_19_q0        |   in|    16|   ap_memory|                                                                     sp_out_fm_19|         array|
|sp_out_fm_20_address0  |  out|    11|   ap_memory|                                                                     sp_out_fm_20|         array|
|sp_out_fm_20_ce0       |  out|     1|   ap_memory|                                                                     sp_out_fm_20|         array|
|sp_out_fm_20_q0        |   in|    16|   ap_memory|                                                                     sp_out_fm_20|         array|
|sp_out_fm_21_address0  |  out|    11|   ap_memory|                                                                     sp_out_fm_21|         array|
|sp_out_fm_21_ce0       |  out|     1|   ap_memory|                                                                     sp_out_fm_21|         array|
|sp_out_fm_21_q0        |   in|    16|   ap_memory|                                                                     sp_out_fm_21|         array|
|sp_out_fm_22_address0  |  out|    11|   ap_memory|                                                                     sp_out_fm_22|         array|
|sp_out_fm_22_ce0       |  out|     1|   ap_memory|                                                                     sp_out_fm_22|         array|
|sp_out_fm_22_q0        |   in|    16|   ap_memory|                                                                     sp_out_fm_22|         array|
|sp_out_fm_23_address0  |  out|    11|   ap_memory|                                                                     sp_out_fm_23|         array|
|sp_out_fm_23_ce0       |  out|     1|   ap_memory|                                                                     sp_out_fm_23|         array|
|sp_out_fm_23_q0        |   in|    16|   ap_memory|                                                                     sp_out_fm_23|         array|
|sp_out_fm_24_address0  |  out|    11|   ap_memory|                                                                     sp_out_fm_24|         array|
|sp_out_fm_24_ce0       |  out|     1|   ap_memory|                                                                     sp_out_fm_24|         array|
|sp_out_fm_24_q0        |   in|    16|   ap_memory|                                                                     sp_out_fm_24|         array|
|sp_out_fm_25_address0  |  out|    11|   ap_memory|                                                                     sp_out_fm_25|         array|
|sp_out_fm_25_ce0       |  out|     1|   ap_memory|                                                                     sp_out_fm_25|         array|
|sp_out_fm_25_q0        |   in|    16|   ap_memory|                                                                     sp_out_fm_25|         array|
|sp_out_fm_26_address0  |  out|    11|   ap_memory|                                                                     sp_out_fm_26|         array|
|sp_out_fm_26_ce0       |  out|     1|   ap_memory|                                                                     sp_out_fm_26|         array|
|sp_out_fm_26_q0        |   in|    16|   ap_memory|                                                                     sp_out_fm_26|         array|
|sp_out_fm_27_address0  |  out|    11|   ap_memory|                                                                     sp_out_fm_27|         array|
|sp_out_fm_27_ce0       |  out|     1|   ap_memory|                                                                     sp_out_fm_27|         array|
|sp_out_fm_27_q0        |   in|    16|   ap_memory|                                                                     sp_out_fm_27|         array|
|sp_out_fm_28_address0  |  out|    11|   ap_memory|                                                                     sp_out_fm_28|         array|
|sp_out_fm_28_ce0       |  out|     1|   ap_memory|                                                                     sp_out_fm_28|         array|
|sp_out_fm_28_q0        |   in|    16|   ap_memory|                                                                     sp_out_fm_28|         array|
|sp_out_fm_29_address0  |  out|    11|   ap_memory|                                                                     sp_out_fm_29|         array|
|sp_out_fm_29_ce0       |  out|     1|   ap_memory|                                                                     sp_out_fm_29|         array|
|sp_out_fm_29_q0        |   in|    16|   ap_memory|                                                                     sp_out_fm_29|         array|
|sp_out_fm_30_address0  |  out|    11|   ap_memory|                                                                     sp_out_fm_30|         array|
|sp_out_fm_30_ce0       |  out|     1|   ap_memory|                                                                     sp_out_fm_30|         array|
|sp_out_fm_30_q0        |   in|    16|   ap_memory|                                                                     sp_out_fm_30|         array|
|sp_out_fm_31_address0  |  out|    11|   ap_memory|                                                                     sp_out_fm_31|         array|
|sp_out_fm_31_ce0       |  out|     1|   ap_memory|                                                                     sp_out_fm_31|         array|
|sp_out_fm_31_q0        |   in|    16|   ap_memory|                                                                     sp_out_fm_31|         array|
|icmp_ln35              |   in|     1|     ap_none|                                                                        icmp_ln35|        scalar|
|icmp_ln203             |   in|     1|     ap_none|                                                                       icmp_ln203|        scalar|
|sext_ln193_1           |   in|    32|     ap_none|                                                                     sext_ln193_1|        scalar|
|sext_ln193_3           |   in|    32|     ap_none|                                                                     sext_ln193_3|        scalar|
+-----------------------+-----+------+------------+---------------------------------------------------------------------------------+--------------+

