

================================================================
== Vitis HLS Report for 'Block_entry_proc_Pipeline_VITIS_LOOP_259_1'
================================================================
* Date:           Wed Jun 17 17:44:56 2026

* Version:        2025.2 (Build 6295257 on Nov 14 2025)
* Project:        yolo_backbone_v4
* Solution:       hls (Vivado IP Flow Target)
* Product family: kintex7
* Target device:  xc7k325t-ffg900-2


================================================================
== Performance Estimates
================================================================
+ Timing: 
    * Summary: 
    +--------+----------+----------+------------+
    |  Clock |  Target  | Estimated| Uncertainty|
    +--------+----------+----------+------------+
    |ap_clk  |  10.00 ns|  7.300 ns|     2.70 ns|
    +--------+----------+----------+------------+

+ Latency: 
    * Summary: 
    +---------+---------+----------+----------+-----+-----+-------------------+
    |  Latency (cycles) |  Latency (absolute) |  Interval |      Pipeline     |
    |   min   |   max   |    min   |    max   | min | max |        Type       |
    +---------+---------+----------+----------+-----+-----+-------------------+
    |       67|       67|  0.670 us|  0.670 us|    0|    0|  loop pipeline stp|
    +---------+---------+----------+----------+-----+-----+-------------------+

    + Detail: 
        * Instance: 
        N/A

        * Loop: 
        +--------------------+---------+---------+----------+-----------+-----------+------+----------+
        |                    |  Latency (cycles) | Iteration|  Initiation Interval  | Trip |          |
        |      Loop Name     |   min   |   max   |  Latency |  achieved |   target  | Count| Pipelined|
        +--------------------+---------+---------+----------+-----------+-----------+------+----------+
        |- VITIS_LOOP_259_1  |       65|       65|         3|          1|          1|    64|       yes|
        +--------------------+---------+---------+----------+-----------+-----------+------+----------+



================================================================
== Utilization Estimates
================================================================
* Summary: 
+-----------------+---------+-----+--------+--------+-----+
|       Name      | BRAM_18K| DSP |   FF   |   LUT  | URAM|
+-----------------+---------+-----+--------+--------+-----+
|DSP              |        -|    -|       -|       -|    -|
|Expression       |        -|    -|       0|      33|    -|
|FIFO             |        -|    -|       -|       -|    -|
|Instance         |        -|    -|       -|       -|    -|
|Memory           |        -|    -|       -|       -|    -|
|Multiplexer      |        -|    -|       0|      45|    -|
|Register         |        -|    -|      43|       -|    -|
+-----------------+---------+-----+--------+--------+-----+
|Total            |        0|    0|      43|      78|    0|
+-----------------+---------+-----+--------+--------+-----+
|Available        |      890|  840|  407600|  203800|    0|
+-----------------+---------+-----+--------+--------+-----+
|Utilization (%)  |        0|    0|      ~0|      ~0|    0|
+-----------------+---------+-----+--------+--------+-----+

+ Detail: 
    * Instance: 
    N/A

    * DSP: 
    N/A

    * Memory: 
    N/A

    * FIFO: 
    N/A

    * Expression: 
    +---------------------------+----------+----+---+----+------------+------------+
    |       Variable Name       | Operation| DSP| FF| LUT| Bitwidth P0| Bitwidth P1|
    +---------------------------+----------+----+---+----+------------+------------+
    |add_ln259_fu_94_p2         |         +|   0|  0|  14|           7|           1|
    |ap_block_pp0_stage0_11001  |       and|   0|  0|   2|           1|           1|
    |icmp_ln259_fu_88_p2        |      icmp|   0|  0|  15|           7|           8|
    |ap_enable_pp0              |       xor|   0|  0|   2|           1|           2|
    +---------------------------+----------+----+---+----+------------+------------+
    |Total                      |          |   0|  0|  33|          16|          12|
    +---------------------------+----------+----+---+----+------------+------------+

    * Multiplexer: 
    +-------------------------+----+-----------+-----+-----------+
    |           Name          | LUT| Input Size| Bits| Total Bits|
    +-------------------------+----+-----------+-----+-----------+
    |ap_done_int              |   9|          2|    1|          2|
    |ap_enable_reg_pp0_iter1  |   9|          2|    1|          2|
    |ap_sig_allocacmp_oc_2    |   9|          2|    7|         14|
    |gmem1_blk_n_R            |   9|          2|    1|          2|
    |oc_fu_48                 |   9|          2|    7|         14|
    +-------------------------+----+-----------+-----+-----------+
    |Total                    |  45|         10|   17|         34|
    +-------------------------+----+-----------+-----+-----------+

    * Register: 
    +-------------------------------------------+----+----+-----+-----------+
    |                    Name                   | FF | LUT| Bits| Const Bits|
    +-------------------------------------------+----+----+-----+-----------+
    |ap_CS_fsm                                  |   1|   0|    1|          0|
    |ap_block_pp0_stage0_subdone_grp0_done_reg  |   1|   0|    1|          0|
    |ap_done_reg                                |   1|   0|    1|          0|
    |ap_enable_reg_pp0_iter1                    |   1|   0|    1|          0|
    |ap_enable_reg_pp0_iter2                    |   1|   0|    1|          0|
    |ap_loop_exit_ready_pp0_iter1_reg           |   1|   0|    1|          0|
    |gmem1_addr_read_reg_136                    |  16|   0|   16|          0|
    |oc_2_reg_127                               |   7|   0|    7|          0|
    |oc_2_reg_127_pp0_iter1_reg                 |   7|   0|    7|          0|
    |oc_fu_48                                   |   7|   0|    7|          0|
    +-------------------------------------------+----+----+-----+-----------+
    |Total                                      |  43|   0|   43|          0|
    +-------------------------------------------+----+----+-----+-----------+



================================================================
== Interface
================================================================
* Summary: 
+------------------------+-----+-----+------------+--------------------------------------------+--------------+
|        RTL Ports       | Dir | Bits|  Protocol  |                Source Object               |    C Type    |
+------------------------+-----+-----+------------+--------------------------------------------+--------------+
|ap_clk                  |   in|    1|  ap_ctrl_hs|  Block_entry_proc_Pipeline_VITIS_LOOP_259_1|  return value|
|ap_rst                  |   in|    1|  ap_ctrl_hs|  Block_entry_proc_Pipeline_VITIS_LOOP_259_1|  return value|
|ap_start                |   in|    1|  ap_ctrl_hs|  Block_entry_proc_Pipeline_VITIS_LOOP_259_1|  return value|
|ap_done                 |  out|    1|  ap_ctrl_hs|  Block_entry_proc_Pipeline_VITIS_LOOP_259_1|  return value|
|ap_idle                 |  out|    1|  ap_ctrl_hs|  Block_entry_proc_Pipeline_VITIS_LOOP_259_1|  return value|
|ap_ready                |  out|    1|  ap_ctrl_hs|  Block_entry_proc_Pipeline_VITIS_LOOP_259_1|  return value|
|m_axi_gmem1_0_AWVALID   |  out|    1|       m_axi|                                       gmem1|       pointer|
|m_axi_gmem1_0_AWREADY   |   in|    1|       m_axi|                                       gmem1|       pointer|
|m_axi_gmem1_0_AWADDR    |  out|   64|       m_axi|                                       gmem1|       pointer|
|m_axi_gmem1_0_AWID      |  out|    1|       m_axi|                                       gmem1|       pointer|
|m_axi_gmem1_0_AWLEN     |  out|   32|       m_axi|                                       gmem1|       pointer|
|m_axi_gmem1_0_AWSIZE    |  out|    3|       m_axi|                                       gmem1|       pointer|
|m_axi_gmem1_0_AWBURST   |  out|    2|       m_axi|                                       gmem1|       pointer|
|m_axi_gmem1_0_AWLOCK    |  out|    2|       m_axi|                                       gmem1|       pointer|
|m_axi_gmem1_0_AWCACHE   |  out|    4|       m_axi|                                       gmem1|       pointer|
|m_axi_gmem1_0_AWPROT    |  out|    3|       m_axi|                                       gmem1|       pointer|
|m_axi_gmem1_0_AWQOS     |  out|    4|       m_axi|                                       gmem1|       pointer|
|m_axi_gmem1_0_AWREGION  |  out|    4|       m_axi|                                       gmem1|       pointer|
|m_axi_gmem1_0_AWUSER    |  out|    1|       m_axi|                                       gmem1|       pointer|
|m_axi_gmem1_0_WVALID    |  out|    1|       m_axi|                                       gmem1|       pointer|
|m_axi_gmem1_0_WREADY    |   in|    1|       m_axi|                                       gmem1|       pointer|
|m_axi_gmem1_0_WDATA     |  out|   16|       m_axi|                                       gmem1|       pointer|
|m_axi_gmem1_0_WSTRB     |  out|    2|       m_axi|                                       gmem1|       pointer|
|m_axi_gmem1_0_WLAST     |  out|    1|       m_axi|                                       gmem1|       pointer|
|m_axi_gmem1_0_WID       |  out|    1|       m_axi|                                       gmem1|       pointer|
|m_axi_gmem1_0_WUSER     |  out|    1|       m_axi|                                       gmem1|       pointer|
|m_axi_gmem1_0_ARVALID   |  out|    1|       m_axi|                                       gmem1|       pointer|
|m_axi_gmem1_0_ARREADY   |   in|    1|       m_axi|                                       gmem1|       pointer|
|m_axi_gmem1_0_ARADDR    |  out|   64|       m_axi|                                       gmem1|       pointer|
|m_axi_gmem1_0_ARID      |  out|    1|       m_axi|                                       gmem1|       pointer|
|m_axi_gmem1_0_ARLEN     |  out|   32|       m_axi|                                       gmem1|       pointer|
|m_axi_gmem1_0_ARSIZE    |  out|    3|       m_axi|                                       gmem1|       pointer|
|m_axi_gmem1_0_ARBURST   |  out|    2|       m_axi|                                       gmem1|       pointer|
|m_axi_gmem1_0_ARLOCK    |  out|    2|       m_axi|                                       gmem1|       pointer|
|m_axi_gmem1_0_ARCACHE   |  out|    4|       m_axi|                                       gmem1|       pointer|
|m_axi_gmem1_0_ARPROT    |  out|    3|       m_axi|                                       gmem1|       pointer|
|m_axi_gmem1_0_ARQOS     |  out|    4|       m_axi|                                       gmem1|       pointer|
|m_axi_gmem1_0_ARREGION  |  out|    4|       m_axi|                                       gmem1|       pointer|
|m_axi_gmem1_0_ARUSER    |  out|    1|       m_axi|                                       gmem1|       pointer|
|m_axi_gmem1_0_RVALID    |   in|    1|       m_axi|                                       gmem1|       pointer|
|m_axi_gmem1_0_RREADY    |  out|    1|       m_axi|                                       gmem1|       pointer|
|m_axi_gmem1_0_RDATA     |   in|   16|       m_axi|                                       gmem1|       pointer|
|m_axi_gmem1_0_RLAST     |   in|    1|       m_axi|                                       gmem1|       pointer|
|m_axi_gmem1_0_RID       |   in|    1|       m_axi|                                       gmem1|       pointer|
|m_axi_gmem1_0_RFIFONUM  |   in|   10|       m_axi|                                       gmem1|       pointer|
|m_axi_gmem1_0_RUSER     |   in|    1|       m_axi|                                       gmem1|       pointer|
|m_axi_gmem1_0_RRESP     |   in|    2|       m_axi|                                       gmem1|       pointer|
|m_axi_gmem1_0_BVALID    |   in|    1|       m_axi|                                       gmem1|       pointer|
|m_axi_gmem1_0_BREADY    |  out|    1|       m_axi|                                       gmem1|       pointer|
|m_axi_gmem1_0_BRESP     |   in|    2|       m_axi|                                       gmem1|       pointer|
|m_axi_gmem1_0_BID       |   in|    1|       m_axi|                                       gmem1|       pointer|
|m_axi_gmem1_0_BUSER     |   in|    1|       m_axi|                                       gmem1|       pointer|
|sext_ln259              |   in|   63|     ap_none|                                  sext_ln259|        scalar|
|l1_b_address0           |  out|    6|   ap_memory|                                        l1_b|         array|
|l1_b_ce0                |  out|    1|   ap_memory|                                        l1_b|         array|
|l1_b_we0                |  out|    1|   ap_memory|                                        l1_b|         array|
|l1_b_d0                 |  out|   16|   ap_memory|                                        l1_b|         array|
+------------------------+-----+-----+------------+--------------------------------------------+--------------+

