================================================================
== Design Size Report
================================================================

* Total Instructions per Compilation Phase
+---------------+----------------------------+--------------+----------------------------------------------------------------------------------------+
| Phase         | Step                       | Instructions | Description                                                                            |
+---------------+----------------------------+--------------+----------------------------------------------------------------------------------------+
| Compile/Link  |                            |   3,027      | After all functions are compiled and linked into a single design                       |
|               |                            |              |                                                                                        |
| Unroll/Inline |                            |              | After user unroll and inline pragmas are applied                                       |
|               | (1) unroll                 |  35,758      | user unroll pragmas are applied                                                        |
|               | (2) simplification         |  14,736      | simplification of applied user unroll pragmas                                          |
|               | (3) inline                 |  13,813      | user inline pragmas are applied                                                        |
|               | (4) simplification         |  13,813      | simplification of applied user inline pragmas                                          |
|               |                            |              |                                                                                        |
| Array/Struct  |                            |              | After user array partition and struct aggregate/disaggregate pragmas are applied       |
|               | (1) array partition        | 220,470 *    | user array partition pragmas are applied                                               |
|               | (2) simplification         |  23,949      | simplification of applied user array partition & struct aggregate/disaggregate pragmas |
|               | (3) aggregate/disaggregate |  23,970      | user struct aggregate/disaggregate pragmas are applied                                 |
|               | (4) array reshape          |  28,783      | apply array reshape pragmas                                                            |
|               | (5) access patterns        |  30,933      | array access pattern optmizations                                                      |
|               |                            |              |                                                                                        |
| Performance   |                            |              | After transformations are applied to meet performance pragma targets                   |
|               | (1) loop simplification    |  30,806      | loop and instruction simplification                                                    |
|               | (2) parallelization        |  26,883      | loops are unrolled or pipelined to meet performance targets                            |
|               | (3) array partition        |  30,787      | arrays are partitioned to meet performance targets                                     |
|               | (4) simplification         |  28,197      | simplification of design after performance transformations                             |
|               |                            |              |                                                                                        |
| HW Transforms |                            |              | After hardware transfomations                                                          |
|               | (1) lowering               |  27,174      | initial conversion to HW specific instructions                                         |
|               | (2) optimizations          |  27,304      | high level synthesis optimizations                                                     |
+---------------+----------------------------+--------------+----------------------------------------------------------------------------------------+
    * - Exceeded design size warning message threshold

* Instructions per Function for each Compilation Phase
+----------------------+-------------------------+--------------+---------------+--------------+-------------+---------------+
| Function             | Location                | Compile/Link | Unroll/Inline | Array/Struct | Performance | HW Transforms |
+----------------------+-------------------------+--------------+---------------+--------------+-------------+---------------+
| + yolo_backbone_v4   | yolo_backbone_4.cpp:229 | 3,027        | 13,813        | 30,933       | 28,197      | 27,304        |
|    load_image        | yolo_backbone_4.cpp:211 |   38         |   136         |   330        |   330       |   266         |
|    conv_layer_1      | yolo_backbone_4.cpp:6   |  765         | 4,419         | 7,638        | 7,359       | 7,269         |
|    split_and_crop    | yolo_backbone_4.cpp:64  |   50         |    26         |   858        |   858       |   605         |
|    conv_layer_2      | yolo_backbone_4.cpp:84  |  776         | 6,176         | 11,803       | 9,603       | 9,487         |
|    residual_add_relu | yolo_backbone_4.cpp:151 |  990         |   652         | 1,868        | 1,868       | 1,669         |
|    max_pool_2x2      | yolo_backbone_4.cpp:171 |  189         | 2,081         | 1,879        | 1,622       | 1,494         |
|    store_image       | yolo_backbone_4.cpp:220 |   40         |   194         |   517        |   517       |   452         |
+----------------------+-------------------------+--------------+---------------+--------------+-------------+---------------+

* Design Size Message Settings
+---------------------------------------------+--------+------------------------------------------------------------------+
| Message Setting                             | Value  | Description                                                      |
+---------------------------------------------+--------+------------------------------------------------------------------+
| config_compile -design_size_maximum_warning | 100000 | Show a warning when total design instructions exceeds this value |
+---------------------------------------------+--------+------------------------------------------------------------------+


