

================================================================
== Vitis HLS Report for 'load_image'
================================================================
* Date:           Wed Jun 17 17:45:03 2026

* Version:        2025.2 (Build 6295257 on Nov 14 2025)
* Project:        yolo_backbone_v4
* Solution:       hls (Vivado IP Flow Target)
* Product family: kintex7
* Target device:  xc7k325t-ffg900-2


================================================================
== Performance Estimates
================================================================
+ Timing: 
    * Summary: 
    +--------+----------+----------+------------+
    |  Clock |  Target  | Estimated| Uncertainty|
    +--------+----------+----------+------------+
    |ap_clk  |  10.00 ns|  7.300 ns|     2.70 ns|
    +--------+----------+----------+------------+

+ Latency: 
    * Summary: 
    +---------+---------+-----------+-----------+------+------+------------------------------------------------+
    |  Latency (cycles) |   Latency (absolute)  |   Interval  |                    Pipeline                    |
    |   min   |   max   |    min    |    max    |  min |  max |                      Type                      |
    +---------+---------+-----------+-----------+------+------+------------------------------------------------+
    |     1163|     1163|  11.630 us|  11.630 us|  1152|  1152|  loop auto-rewind stp (delay=0 clock cycles(s))|
    +---------+---------+-----------+-----------+------+------+------------------------------------------------+

    + Detail: 
        * Instance: 
        N/A

        * Loop: 
        +--------------------+---------+---------+----------+-----------+-----------+------+----------+
        |                    |  Latency (cycles) | Iteration|  Initiation Interval  | Trip |          |
        |      Loop Name     |   min   |   max   |  Latency |  achieved |   target  | Count| Pipelined|
        +--------------------+---------+---------+----------+-----------+-----------+------+----------+
        |- VITIS_LOOP_212_1  |     1161|     1161|        42|         32|          1|    36|       yes|
        +--------------------+---------+---------+----------+-----------+-----------+------+----------+



================================================================
== Utilization Estimates
================================================================
* Summary: 
+-----------------+---------+-----+--------+--------+-----+
|       Name      | BRAM_18K| DSP |   FF   |   LUT  | URAM|
+-----------------+---------+-----+--------+--------+-----+
|DSP              |        -|    -|       -|       -|    -|
|Expression       |        -|    -|       0|      98|    -|
|FIFO             |        -|    -|       -|       -|    -|
|Instance         |        -|    -|       -|       -|    -|
|Memory           |        -|    -|       -|       -|    -|
|Multiplexer      |        -|    -|       0|     228|    -|
|Register         |        -|    -|     620|       -|    -|
+-----------------+---------+-----+--------+--------+-----+
|Total            |        0|    0|     620|     326|    0|
+-----------------+---------+-----+--------+--------+-----+
|Available        |      890|  840|  407600|  203800|    0|
+-----------------+---------+-----+--------+--------+-----+
|Utilization (%)  |        0|    0|      ~0|      ~0|    0|
+-----------------+---------+-----+--------+--------+-----+

+ Detail: 
    * Instance: 
    N/A

    * DSP: 
    N/A

    * Memory: 
    N/A

    * FIFO: 
    N/A

    * Expression: 
    +----------------------------+----------+----+---+----+------------+------------+
    |        Variable Name       | Operation| DSP| FF| LUT| Bitwidth P0| Bitwidth P1|
    +----------------------------+----------+----+---+----+------------+------------+
    |i_5_fu_134_p2               |         +|   0|  0|  14|           6|           1|
    |ap_block_pp0_stage11_11001  |       and|   0|  0|   2|           1|           1|
    |ap_block_pp0_stage12_11001  |       and|   0|  0|   2|           1|           1|
    |ap_block_pp0_stage13_11001  |       and|   0|  0|   2|           1|           1|
    |ap_block_pp0_stage14_11001  |       and|   0|  0|   2|           1|           1|
    |ap_block_pp0_stage15_11001  |       and|   0|  0|   2|           1|           1|
    |ap_block_pp0_stage16_11001  |       and|   0|  0|   2|           1|           1|
    |ap_block_pp0_stage17_11001  |       and|   0|  0|   2|           1|           1|
    |ap_block_pp0_stage18_11001  |       and|   0|  0|   2|           1|           1|
    |ap_block_pp0_stage19_11001  |       and|   0|  0|   2|           1|           1|
    |ap_block_pp0_stage20_11001  |       and|   0|  0|   2|           1|           1|
    |ap_block_pp0_stage21_11001  |       and|   0|  0|   2|           1|           1|
    |ap_block_pp0_stage22_11001  |       and|   0|  0|   2|           1|           1|
    |ap_block_pp0_stage23_11001  |       and|   0|  0|   2|           1|           1|
    |ap_block_pp0_stage24_11001  |       and|   0|  0|   2|           1|           1|
    |ap_block_pp0_stage25_11001  |       and|   0|  0|   2|           1|           1|
    |ap_block_pp0_stage26_11001  |       and|   0|  0|   2|           1|           1|
    |ap_block_pp0_stage27_11001  |       and|   0|  0|   2|           1|           1|
    |ap_block_pp0_stage28_11001  |       and|   0|  0|   2|           1|           1|
    |ap_block_pp0_stage29_11001  |       and|   0|  0|   2|           1|           1|
    |ap_block_pp0_stage2_11001   |       and|   0|  0|   2|           1|           1|
    |ap_block_pp0_stage30_11001  |       and|   0|  0|   2|           1|           1|
    |ap_block_pp0_stage31_11001  |       and|   0|  0|   2|           1|           1|
    |ap_block_pp0_stage3_11001   |       and|   0|  0|   2|           1|           1|
    |ap_block_pp0_stage4_11001   |       and|   0|  0|   2|           1|           1|
    |ap_block_pp0_stage5_11001   |       and|   0|  0|   2|           1|           1|
    |ap_block_pp0_stage6_11001   |       and|   0|  0|   2|           1|           1|
    |ap_block_pp0_stage7_11001   |       and|   0|  0|   2|           1|           1|
    |ap_block_pp0_stage8_11001   |       and|   0|  0|   2|           1|           1|
    |ap_block_state2_io          |       and|   0|  0|   2|           1|           1|
    |ap_condition_1119           |       and|   0|  0|   2|           1|           1|
    |icmp_ln212_fu_140_p2        |      icmp|   0|  0|  14|           6|           6|
    |ap_block_pp0_stage0_11001   |        or|   0|  0|   2|           1|           1|
    |ap_block_pp0_stage10_11001  |        or|   0|  0|   2|           1|           1|
    |ap_block_pp0_stage1_11001   |        or|   0|  0|   2|           1|           1|
    |ap_block_pp0_stage9_01001   |        or|   0|  0|   2|           1|           1|
    |ap_enable_pp0               |       xor|   0|  0|   2|           1|           2|
    +----------------------------+----------+----+---+----+------------+------------+
    |Total                       |          |   0|  0|  98|          47|          43|
    +----------------------------+----------+----+---+----+------------+------------+

    * Multiplexer: 
    +----------------------------------+-----+-----------+-----+-----------+
    |               Name               | LUT | Input Size| Bits| Total Bits|
    +----------------------------------+-----+-----------+-----+-----------+
    |ap_NS_fsm                         |  156|         33|    1|         33|
    |ap_done_int                       |    9|          2|    1|          2|
    |ap_enable_reg_pp0_iter0           |    9|          2|    1|          2|
    |ap_enable_reg_pp0_iter1           |    9|          2|    1|          2|
    |ap_loop_exit_ready_pp0_iter1_reg  |    9|          2|    1|          2|
    |gmem0_blk_n_AR                    |    9|          2|    1|          2|
    |gmem0_blk_n_R                     |    9|          2|    1|          2|
    |i_fu_64                           |    9|          2|    6|         12|
    |s_img_in_blk_n                    |    9|          2|    1|          2|
    +----------------------------------+-----+-----------+-----+-----------+
    |Total                             |  228|         49|   14|         59|
    +----------------------------------+-----+-----------+-----+-----------+

    * Register: 
    +----------------------------------+----+----+-----+-----------+
    |               Name               | FF | LUT| Bits| Const Bits|
    +----------------------------------+----+----+-----+-----------+
    |ap_CS_fsm                         |  32|   0|   32|          0|
    |ap_done_reg                       |   1|   0|    1|          0|
    |ap_enable_reg_pp0_iter0_reg       |   1|   0|    1|          0|
    |ap_enable_reg_pp0_iter1           |   1|   0|    1|          0|
    |ap_loop_exit_ready_pp0_iter1_reg  |   1|   0|    1|          0|
    |first_iter_0_reg_93               |   1|   0|    1|          0|
    |gmem0_addr_read_10_reg_255        |  16|   0|   16|          0|
    |gmem0_addr_read_11_reg_260        |  16|   0|   16|          0|
    |gmem0_addr_read_12_reg_265        |  16|   0|   16|          0|
    |gmem0_addr_read_13_reg_270        |  16|   0|   16|          0|
    |gmem0_addr_read_14_reg_275        |  16|   0|   16|          0|
    |gmem0_addr_read_15_reg_280        |  16|   0|   16|          0|
    |gmem0_addr_read_16_reg_285        |  16|   0|   16|          0|
    |gmem0_addr_read_17_reg_290        |  16|   0|   16|          0|
    |gmem0_addr_read_18_reg_295        |  16|   0|   16|          0|
    |gmem0_addr_read_19_reg_300        |  16|   0|   16|          0|
    |gmem0_addr_read_1_reg_210         |  16|   0|   16|          0|
    |gmem0_addr_read_20_reg_305        |  16|   0|   16|          0|
    |gmem0_addr_read_21_reg_310        |  16|   0|   16|          0|
    |gmem0_addr_read_22_reg_315        |  16|   0|   16|          0|
    |gmem0_addr_read_23_reg_320        |  16|   0|   16|          0|
    |gmem0_addr_read_24_reg_325        |  16|   0|   16|          0|
    |gmem0_addr_read_25_reg_330        |  16|   0|   16|          0|
    |gmem0_addr_read_26_reg_335        |  16|   0|   16|          0|
    |gmem0_addr_read_27_reg_340        |  16|   0|   16|          0|
    |gmem0_addr_read_28_reg_345        |  16|   0|   16|          0|
    |gmem0_addr_read_29_reg_350        |  16|   0|   16|          0|
    |gmem0_addr_read_2_reg_215         |  16|   0|   16|          0|
    |gmem0_addr_read_30_reg_355        |  16|   0|   16|          0|
    |gmem0_addr_read_31_reg_360        |  16|   0|   16|          0|
    |gmem0_addr_read_3_reg_220         |  16|   0|   16|          0|
    |gmem0_addr_read_4_reg_225         |  16|   0|   16|          0|
    |gmem0_addr_read_5_reg_230         |  16|   0|   16|          0|
    |gmem0_addr_read_6_reg_235         |  16|   0|   16|          0|
    |gmem0_addr_read_7_reg_240         |  16|   0|   16|          0|
    |gmem0_addr_read_8_reg_245         |  16|   0|   16|          0|
    |gmem0_addr_read_9_reg_250         |  16|   0|   16|          0|
    |gmem0_addr_read_reg_201           |  16|   0|   16|          0|
    |gmem0_addr_reg_195                |  64|   0|   64|          0|
    |i_fu_64                           |   6|   0|    6|          0|
    |icmp_ln212_reg_206                |   1|   0|    1|          0|
    +----------------------------------+----+----+-----+-----------+
    |Total                             | 620|   0|  620|          0|
    +----------------------------------+----+----+-----+-----------+



================================================================
== Interface
================================================================
* Summary: 
+-------------------------+-----+-----+------------+--------------+--------------+
|        RTL Ports        | Dir | Bits|  Protocol  | Source Object|    C Type    |
+-------------------------+-----+-----+------------+--------------+--------------+
|ap_clk                   |   in|    1|  ap_ctrl_hs|    load_image|  return value|
|ap_rst                   |   in|    1|  ap_ctrl_hs|    load_image|  return value|
|ap_start                 |   in|    1|  ap_ctrl_hs|    load_image|  return value|
|ap_done                  |  out|    1|  ap_ctrl_hs|    load_image|  return value|
|ap_continue              |   in|    1|  ap_ctrl_hs|    load_image|  return value|
|ap_idle                  |  out|    1|  ap_ctrl_hs|    load_image|  return value|
|ap_ready                 |  out|    1|  ap_ctrl_hs|    load_image|  return value|
|m_axi_gmem0_0_AWVALID    |  out|    1|       m_axi|         gmem0|       pointer|
|m_axi_gmem0_0_AWREADY    |   in|    1|       m_axi|         gmem0|       pointer|
|m_axi_gmem0_0_AWADDR     |  out|   64|       m_axi|         gmem0|       pointer|
|m_axi_gmem0_0_AWID       |  out|    1|       m_axi|         gmem0|       pointer|
|m_axi_gmem0_0_AWLEN      |  out|   32|       m_axi|         gmem0|       pointer|
|m_axi_gmem0_0_AWSIZE     |  out|    3|       m_axi|         gmem0|       pointer|
|m_axi_gmem0_0_AWBURST    |  out|    2|       m_axi|         gmem0|       pointer|
|m_axi_gmem0_0_AWLOCK     |  out|    2|       m_axi|         gmem0|       pointer|
|m_axi_gmem0_0_AWCACHE    |  out|    4|       m_axi|         gmem0|       pointer|
|m_axi_gmem0_0_AWPROT     |  out|    3|       m_axi|         gmem0|       pointer|
|m_axi_gmem0_0_AWQOS      |  out|    4|       m_axi|         gmem0|       pointer|
|m_axi_gmem0_0_AWREGION   |  out|    4|       m_axi|         gmem0|       pointer|
|m_axi_gmem0_0_AWUSER     |  out|    1|       m_axi|         gmem0|       pointer|
|m_axi_gmem0_0_WVALID     |  out|    1|       m_axi|         gmem0|       pointer|
|m_axi_gmem0_0_WREADY     |   in|    1|       m_axi|         gmem0|       pointer|
|m_axi_gmem0_0_WDATA      |  out|   16|       m_axi|         gmem0|       pointer|
|m_axi_gmem0_0_WSTRB      |  out|    2|       m_axi|         gmem0|       pointer|
|m_axi_gmem0_0_WLAST      |  out|    1|       m_axi|         gmem0|       pointer|
|m_axi_gmem0_0_WID        |  out|    1|       m_axi|         gmem0|       pointer|
|m_axi_gmem0_0_WUSER      |  out|    1|       m_axi|         gmem0|       pointer|
|m_axi_gmem0_0_ARVALID    |  out|    1|       m_axi|         gmem0|       pointer|
|m_axi_gmem0_0_ARREADY    |   in|    1|       m_axi|         gmem0|       pointer|
|m_axi_gmem0_0_ARADDR     |  out|   64|       m_axi|         gmem0|       pointer|
|m_axi_gmem0_0_ARID       |  out|    1|       m_axi|         gmem0|       pointer|
|m_axi_gmem0_0_ARLEN      |  out|   32|       m_axi|         gmem0|       pointer|
|m_axi_gmem0_0_ARSIZE     |  out|    3|       m_axi|         gmem0|       pointer|
|m_axi_gmem0_0_ARBURST    |  out|    2|       m_axi|         gmem0|       pointer|
|m_axi_gmem0_0_ARLOCK     |  out|    2|       m_axi|         gmem0|       pointer|
|m_axi_gmem0_0_ARCACHE    |  out|    4|       m_axi|         gmem0|       pointer|
|m_axi_gmem0_0_ARPROT     |  out|    3|       m_axi|         gmem0|       pointer|
|m_axi_gmem0_0_ARQOS      |  out|    4|       m_axi|         gmem0|       pointer|
|m_axi_gmem0_0_ARREGION   |  out|    4|       m_axi|         gmem0|       pointer|
|m_axi_gmem0_0_ARUSER     |  out|    1|       m_axi|         gmem0|       pointer|
|m_axi_gmem0_0_RVALID     |   in|    1|       m_axi|         gmem0|       pointer|
|m_axi_gmem0_0_RREADY     |  out|    1|       m_axi|         gmem0|       pointer|
|m_axi_gmem0_0_RDATA      |   in|   16|       m_axi|         gmem0|       pointer|
|m_axi_gmem0_0_RLAST      |   in|    1|       m_axi|         gmem0|       pointer|
|m_axi_gmem0_0_RID        |   in|    1|       m_axi|         gmem0|       pointer|
|m_axi_gmem0_0_RFIFONUM   |   in|   10|       m_axi|         gmem0|       pointer|
|m_axi_gmem0_0_RUSER      |   in|    1|       m_axi|         gmem0|       pointer|
|m_axi_gmem0_0_RRESP      |   in|    2|       m_axi|         gmem0|       pointer|
|m_axi_gmem0_0_BVALID     |   in|    1|       m_axi|         gmem0|       pointer|
|m_axi_gmem0_0_BREADY     |  out|    1|       m_axi|         gmem0|       pointer|
|m_axi_gmem0_0_BRESP      |   in|    2|       m_axi|         gmem0|       pointer|
|m_axi_gmem0_0_BID        |   in|    1|       m_axi|         gmem0|       pointer|
|m_axi_gmem0_0_BUSER      |   in|    1|       m_axi|         gmem0|       pointer|
|s_img_in_din             |  out|  512|     ap_fifo|      s_img_in|       pointer|
|s_img_in_full_n          |   in|    1|     ap_fifo|      s_img_in|       pointer|
|s_img_in_write           |  out|    1|     ap_fifo|      s_img_in|       pointer|
|s_img_in_num_data_valid  |   in|    3|     ap_fifo|      s_img_in|       pointer|
|s_img_in_fifo_cap        |   in|    3|     ap_fifo|      s_img_in|       pointer|
|image_in                 |   in|   64|     ap_none|      image_in|        scalar|
+-------------------------+-----+-----+------------+--------------+--------------+

