

================================================================
== Vitis HLS Report for 'residual_add_relu'
================================================================
* Date:           Wed Jun 17 17:45:47 2026

* Version:        2025.2 (Build 6295257 on Nov 14 2025)
* Project:        yolo_backbone_v4
* Solution:       hls (Vivado IP Flow Target)
* Product family: kintex7
* Target device:  xc7k325t-ffg900-2


================================================================
== Performance Estimates
================================================================
+ Timing: 
    * Summary: 
    +--------+----------+----------+------------+
    |  Clock |  Target  | Estimated| Uncertainty|
    +--------+----------+----------+------------+
    |ap_clk  |  10.00 ns|  6.578 ns|     2.70 ns|
    +--------+----------+----------+------------+

+ Latency: 
    * Summary: 
    +---------+---------+-----------+-----------+-----+-----+------------------------------------------------+
    |  Latency (cycles) |   Latency (absolute)  |  Interval |                    Pipeline                    |
    |   min   |   max   |    min    |    max    | min | max |                      Type                      |
    +---------+---------+-----------+-----------+-----+-----+------------------------------------------------+
    |        6|        6|  60.000 ns|  60.000 ns|    4|    4|  loop auto-rewind stp (delay=0 clock cycles(s))|
    +---------+---------+-----------+-----------+-----+-----+------------------------------------------------+

    + Detail: 
        * Instance: 
        N/A

        * Loop: 
        +--------------------+---------+---------+----------+-----------+-----------+------+----------+
        |                    |  Latency (cycles) | Iteration|  Initiation Interval  | Trip |          |
        |      Loop Name     |   min   |   max   |  Latency |  achieved |   target  | Count| Pipelined|
        +--------------------+---------+---------+----------+-----------+-----------+------+----------+
        |- VITIS_LOOP_156_1  |        4|        4|         2|          1|          1|     4|       yes|
        +--------------------+---------+---------+----------+-----------+-----------+------+----------+



================================================================
== Utilization Estimates
================================================================
* Summary: 
+-----------------+---------+-----+--------+--------+-----+
|       Name      | BRAM_18K| DSP |   FF   |   LUT  | URAM|
+-----------------+---------+-----+--------+--------+-----+
|DSP              |        -|    -|       -|       -|    -|
|Expression       |        -|    -|       0|    3998|    -|
|FIFO             |        -|    -|       -|       -|    -|
|Instance         |        -|   64|       0|     384|    -|
|Memory           |        -|    -|       -|       -|    -|
|Multiplexer      |        -|    -|       0|      72|    -|
|Register         |        -|    -|    1095|       -|    -|
+-----------------+---------+-----+--------+--------+-----+
|Total            |        0|   64|    1095|    4454|    0|
+-----------------+---------+-----+--------+--------+-----+
|Available        |      890|  840|  407600|  203800|    0|
+-----------------+---------+-----+--------+--------+-----+
|Utilization (%)  |        0|    7|      ~0|       2|    0|
+-----------------+---------+-----+--------+--------+-----+

+ Detail: 
    * Instance: 
    +--------------------------+--------------------+---------+----+---+----+-----+
    |         Instance         |       Module       | BRAM_18K| DSP| FF| LUT| URAM|
    +--------------------------+--------------------+---------+----+---+----+-----+
    |mul_16s_8ns_24_1_1_U5453  |mul_16s_8ns_24_1_1  |        0|   1|  0|   6|    0|
    |mul_16s_8ns_24_1_1_U5454  |mul_16s_8ns_24_1_1  |        0|   1|  0|   6|    0|
    |mul_16s_8ns_24_1_1_U5455  |mul_16s_8ns_24_1_1  |        0|   1|  0|   6|    0|
    |mul_16s_8ns_24_1_1_U5456  |mul_16s_8ns_24_1_1  |        0|   1|  0|   6|    0|
    |mul_16s_8ns_24_1_1_U5457  |mul_16s_8ns_24_1_1  |        0|   1|  0|   6|    0|
    |mul_16s_8ns_24_1_1_U5458  |mul_16s_8ns_24_1_1  |        0|   1|  0|   6|    0|
    |mul_16s_8ns_24_1_1_U5459  |mul_16s_8ns_24_1_1  |        0|   1|  0|   6|    0|
    |mul_16s_8ns_24_1_1_U5460  |mul_16s_8ns_24_1_1  |        0|   1|  0|   6|    0|
    |mul_16s_8ns_24_1_1_U5461  |mul_16s_8ns_24_1_1  |        0|   1|  0|   6|    0|
    |mul_16s_8ns_24_1_1_U5462  |mul_16s_8ns_24_1_1  |        0|   1|  0|   6|    0|
    |mul_16s_8ns_24_1_1_U5463  |mul_16s_8ns_24_1_1  |        0|   1|  0|   6|    0|
    |mul_16s_8ns_24_1_1_U5464  |mul_16s_8ns_24_1_1  |        0|   1|  0|   6|    0|
    |mul_16s_8ns_24_1_1_U5465  |mul_16s_8ns_24_1_1  |        0|   1|  0|   6|    0|
    |mul_16s_8ns_24_1_1_U5466  |mul_16s_8ns_24_1_1  |        0|   1|  0|   6|    0|
    |mul_16s_8ns_24_1_1_U5467  |mul_16s_8ns_24_1_1  |        0|   1|  0|   6|    0|
    |mul_16s_8ns_24_1_1_U5468  |mul_16s_8ns_24_1_1  |        0|   1|  0|   6|    0|
    |mul_16s_8ns_24_1_1_U5469  |mul_16s_8ns_24_1_1  |        0|   1|  0|   6|    0|
    |mul_16s_8ns_24_1_1_U5470  |mul_16s_8ns_24_1_1  |        0|   1|  0|   6|    0|
    |mul_16s_8ns_24_1_1_U5471  |mul_16s_8ns_24_1_1  |        0|   1|  0|   6|    0|
    |mul_16s_8ns_24_1_1_U5472  |mul_16s_8ns_24_1_1  |        0|   1|  0|   6|    0|
    |mul_16s_8ns_24_1_1_U5473  |mul_16s_8ns_24_1_1  |        0|   1|  0|   6|    0|
    |mul_16s_8ns_24_1_1_U5474  |mul_16s_8ns_24_1_1  |        0|   1|  0|   6|    0|
    |mul_16s_8ns_24_1_1_U5475  |mul_16s_8ns_24_1_1  |        0|   1|  0|   6|    0|
    |mul_16s_8ns_24_1_1_U5476  |mul_16s_8ns_24_1_1  |        0|   1|  0|   6|    0|
    |mul_16s_8ns_24_1_1_U5477  |mul_16s_8ns_24_1_1  |        0|   1|  0|   6|    0|
    |mul_16s_8ns_24_1_1_U5478  |mul_16s_8ns_24_1_1  |        0|   1|  0|   6|    0|
    |mul_16s_8ns_24_1_1_U5479  |mul_16s_8ns_24_1_1  |        0|   1|  0|   6|    0|
    |mul_16s_8ns_24_1_1_U5480  |mul_16s_8ns_24_1_1  |        0|   1|  0|   6|    0|
    |mul_16s_8ns_24_1_1_U5481  |mul_16s_8ns_24_1_1  |        0|   1|  0|   6|    0|
    |mul_16s_8ns_24_1_1_U5482  |mul_16s_8ns_24_1_1  |        0|   1|  0|   6|    0|
    |mul_16s_8ns_24_1_1_U5483  |mul_16s_8ns_24_1_1  |        0|   1|  0|   6|    0|
    |mul_16s_8ns_24_1_1_U5484  |mul_16s_8ns_24_1_1  |        0|   1|  0|   6|    0|
    |mul_16s_8ns_24_1_1_U5485  |mul_16s_8ns_24_1_1  |        0|   1|  0|   6|    0|
    |mul_16s_8ns_24_1_1_U5486  |mul_16s_8ns_24_1_1  |        0|   1|  0|   6|    0|
    |mul_16s_8ns_24_1_1_U5487  |mul_16s_8ns_24_1_1  |        0|   1|  0|   6|    0|
    |mul_16s_8ns_24_1_1_U5488  |mul_16s_8ns_24_1_1  |        0|   1|  0|   6|    0|
    |mul_16s_8ns_24_1_1_U5489  |mul_16s_8ns_24_1_1  |        0|   1|  0|   6|    0|
    |mul_16s_8ns_24_1_1_U5490  |mul_16s_8ns_24_1_1  |        0|   1|  0|   6|    0|
    |mul_16s_8ns_24_1_1_U5491  |mul_16s_8ns_24_1_1  |        0|   1|  0|   6|    0|
    |mul_16s_8ns_24_1_1_U5492  |mul_16s_8ns_24_1_1  |        0|   1|  0|   6|    0|
    |mul_16s_8ns_24_1_1_U5493  |mul_16s_8ns_24_1_1  |        0|   1|  0|   6|    0|
    |mul_16s_8ns_24_1_1_U5494  |mul_16s_8ns_24_1_1  |        0|   1|  0|   6|    0|
    |mul_16s_8ns_24_1_1_U5495  |mul_16s_8ns_24_1_1  |        0|   1|  0|   6|    0|
    |mul_16s_8ns_24_1_1_U5496  |mul_16s_8ns_24_1_1  |        0|   1|  0|   6|    0|
    |mul_16s_8ns_24_1_1_U5497  |mul_16s_8ns_24_1_1  |        0|   1|  0|   6|    0|
    |mul_16s_8ns_24_1_1_U5498  |mul_16s_8ns_24_1_1  |        0|   1|  0|   6|    0|
    |mul_16s_8ns_24_1_1_U5499  |mul_16s_8ns_24_1_1  |        0|   1|  0|   6|    0|
    |mul_16s_8ns_24_1_1_U5500  |mul_16s_8ns_24_1_1  |        0|   1|  0|   6|    0|
    |mul_16s_8ns_24_1_1_U5501  |mul_16s_8ns_24_1_1  |        0|   1|  0|   6|    0|
    |mul_16s_8ns_24_1_1_U5502  |mul_16s_8ns_24_1_1  |        0|   1|  0|   6|    0|
    |mul_16s_8ns_24_1_1_U5503  |mul_16s_8ns_24_1_1  |        0|   1|  0|   6|    0|
    |mul_16s_8ns_24_1_1_U5504  |mul_16s_8ns_24_1_1  |        0|   1|  0|   6|    0|
    |mul_16s_8ns_24_1_1_U5505  |mul_16s_8ns_24_1_1  |        0|   1|  0|   6|    0|
    |mul_16s_8ns_24_1_1_U5506  |mul_16s_8ns_24_1_1  |        0|   1|  0|   6|    0|
    |mul_16s_8ns_24_1_1_U5507  |mul_16s_8ns_24_1_1  |        0|   1|  0|   6|    0|
    |mul_16s_8ns_24_1_1_U5508  |mul_16s_8ns_24_1_1  |        0|   1|  0|   6|    0|
    |mul_16s_8ns_24_1_1_U5509  |mul_16s_8ns_24_1_1  |        0|   1|  0|   6|    0|
    |mul_16s_8ns_24_1_1_U5510  |mul_16s_8ns_24_1_1  |        0|   1|  0|   6|    0|
    |mul_16s_8ns_24_1_1_U5511  |mul_16s_8ns_24_1_1  |        0|   1|  0|   6|    0|
    |mul_16s_8ns_24_1_1_U5512  |mul_16s_8ns_24_1_1  |        0|   1|  0|   6|    0|
    |mul_16s_8ns_24_1_1_U5513  |mul_16s_8ns_24_1_1  |        0|   1|  0|   6|    0|
    |mul_16s_8ns_24_1_1_U5514  |mul_16s_8ns_24_1_1  |        0|   1|  0|   6|    0|
    |mul_16s_8ns_24_1_1_U5515  |mul_16s_8ns_24_1_1  |        0|   1|  0|   6|    0|
    |mul_16s_8ns_24_1_1_U5516  |mul_16s_8ns_24_1_1  |        0|   1|  0|   6|    0|
    +--------------------------+--------------------+---------+----+---+----+-----+
    |Total                     |                    |        0|  64|  0| 384|    0|
    +--------------------------+--------------------+---------+----+---+----+-----+

    * DSP: 
    N/A

    * Memory: 
    N/A

    * FIFO: 
    N/A

    * Expression: 
    +---------------------------------------+----------+----+---+----+------------+------------+
    |             Variable Name             | Operation| DSP| FF| LUT| Bitwidth P0| Bitwidth P1|
    +---------------------------------------+----------+----+---+----+------------+------------+
    |i_3_fu_2371_p2                         |         +|   0|  0|  10|           2|           1|
    |sum_10_fu_1723_p2                      |         +|   0|  0|  23|          16|          16|
    |sum_11_fu_1735_p2                      |         +|   0|  0|  23|          16|          16|
    |sum_12_fu_1747_p2                      |         +|   0|  0|  23|          16|          16|
    |sum_13_fu_1759_p2                      |         +|   0|  0|  23|          16|          16|
    |sum_14_fu_1771_p2                      |         +|   0|  0|  23|          16|          16|
    |sum_15_fu_1783_p2                      |         +|   0|  0|  23|          16|          16|
    |sum_16_fu_1795_p2                      |         +|   0|  0|  23|          16|          16|
    |sum_17_fu_1807_p2                      |         +|   0|  0|  23|          16|          16|
    |sum_18_fu_1819_p2                      |         +|   0|  0|  23|          16|          16|
    |sum_19_fu_1831_p2                      |         +|   0|  0|  23|          16|          16|
    |sum_1_fu_1615_p2                       |         +|   0|  0|  23|          16|          16|
    |sum_20_fu_1843_p2                      |         +|   0|  0|  23|          16|          16|
    |sum_21_fu_1855_p2                      |         +|   0|  0|  23|          16|          16|
    |sum_22_fu_1867_p2                      |         +|   0|  0|  23|          16|          16|
    |sum_23_fu_1879_p2                      |         +|   0|  0|  23|          16|          16|
    |sum_24_fu_1891_p2                      |         +|   0|  0|  23|          16|          16|
    |sum_25_fu_1903_p2                      |         +|   0|  0|  23|          16|          16|
    |sum_26_fu_1915_p2                      |         +|   0|  0|  23|          16|          16|
    |sum_27_fu_1927_p2                      |         +|   0|  0|  23|          16|          16|
    |sum_28_fu_1939_p2                      |         +|   0|  0|  23|          16|          16|
    |sum_29_fu_1951_p2                      |         +|   0|  0|  23|          16|          16|
    |sum_2_fu_1627_p2                       |         +|   0|  0|  23|          16|          16|
    |sum_30_fu_1963_p2                      |         +|   0|  0|  23|          16|          16|
    |sum_31_fu_1975_p2                      |         +|   0|  0|  23|          16|          16|
    |sum_32_fu_1987_p2                      |         +|   0|  0|  23|          16|          16|
    |sum_33_fu_1999_p2                      |         +|   0|  0|  23|          16|          16|
    |sum_34_fu_2011_p2                      |         +|   0|  0|  23|          16|          16|
    |sum_35_fu_2023_p2                      |         +|   0|  0|  23|          16|          16|
    |sum_36_fu_2035_p2                      |         +|   0|  0|  23|          16|          16|
    |sum_37_fu_2047_p2                      |         +|   0|  0|  23|          16|          16|
    |sum_38_fu_2059_p2                      |         +|   0|  0|  23|          16|          16|
    |sum_39_fu_2071_p2                      |         +|   0|  0|  23|          16|          16|
    |sum_3_fu_1639_p2                       |         +|   0|  0|  23|          16|          16|
    |sum_40_fu_2083_p2                      |         +|   0|  0|  23|          16|          16|
    |sum_41_fu_2095_p2                      |         +|   0|  0|  23|          16|          16|
    |sum_42_fu_2107_p2                      |         +|   0|  0|  23|          16|          16|
    |sum_43_fu_2119_p2                      |         +|   0|  0|  23|          16|          16|
    |sum_44_fu_2131_p2                      |         +|   0|  0|  23|          16|          16|
    |sum_45_fu_2143_p2                      |         +|   0|  0|  23|          16|          16|
    |sum_46_fu_2155_p2                      |         +|   0|  0|  23|          16|          16|
    |sum_47_fu_2167_p2                      |         +|   0|  0|  23|          16|          16|
    |sum_48_fu_2179_p2                      |         +|   0|  0|  23|          16|          16|
    |sum_49_fu_2191_p2                      |         +|   0|  0|  23|          16|          16|
    |sum_4_fu_1651_p2                       |         +|   0|  0|  23|          16|          16|
    |sum_50_fu_2203_p2                      |         +|   0|  0|  23|          16|          16|
    |sum_51_fu_2215_p2                      |         +|   0|  0|  23|          16|          16|
    |sum_52_fu_2227_p2                      |         +|   0|  0|  23|          16|          16|
    |sum_53_fu_2239_p2                      |         +|   0|  0|  23|          16|          16|
    |sum_54_fu_2251_p2                      |         +|   0|  0|  23|          16|          16|
    |sum_55_fu_2263_p2                      |         +|   0|  0|  23|          16|          16|
    |sum_56_fu_2275_p2                      |         +|   0|  0|  23|          16|          16|
    |sum_57_fu_2287_p2                      |         +|   0|  0|  23|          16|          16|
    |sum_58_fu_2299_p2                      |         +|   0|  0|  23|          16|          16|
    |sum_59_fu_2311_p2                      |         +|   0|  0|  23|          16|          16|
    |sum_5_fu_1663_p2                       |         +|   0|  0|  23|          16|          16|
    |sum_60_fu_2323_p2                      |         +|   0|  0|  23|          16|          16|
    |sum_61_fu_2335_p2                      |         +|   0|  0|  23|          16|          16|
    |sum_62_fu_2347_p2                      |         +|   0|  0|  23|          16|          16|
    |sum_63_fu_2359_p2                      |         +|   0|  0|  23|          16|          16|
    |sum_6_fu_1675_p2                       |         +|   0|  0|  23|          16|          16|
    |sum_7_fu_1687_p2                       |         +|   0|  0|  23|          16|          16|
    |sum_8_fu_1699_p2                       |         +|   0|  0|  23|          16|          16|
    |sum_9_fu_1711_p2                       |         +|   0|  0|  23|          16|          16|
    |sum_fu_1603_p2                         |         +|   0|  0|  23|          16|          16|
    |ap_condition_378                       |       and|   0|  0|   2|           1|           1|
    |icmp_ln156_fu_2377_p2                  |      icmp|   0|  0|  10|           2|           2|
    |icmp_ln165_10_fu_1729_p2               |      icmp|   0|  0|  23|          16|           1|
    |icmp_ln165_11_fu_1741_p2               |      icmp|   0|  0|  23|          16|           1|
    |icmp_ln165_12_fu_1753_p2               |      icmp|   0|  0|  23|          16|           1|
    |icmp_ln165_13_fu_1765_p2               |      icmp|   0|  0|  23|          16|           1|
    |icmp_ln165_14_fu_1777_p2               |      icmp|   0|  0|  23|          16|           1|
    |icmp_ln165_15_fu_1789_p2               |      icmp|   0|  0|  23|          16|           1|
    |icmp_ln165_16_fu_1801_p2               |      icmp|   0|  0|  23|          16|           1|
    |icmp_ln165_17_fu_1813_p2               |      icmp|   0|  0|  23|          16|           1|
    |icmp_ln165_18_fu_1825_p2               |      icmp|   0|  0|  23|          16|           1|
    |icmp_ln165_19_fu_1837_p2               |      icmp|   0|  0|  23|          16|           1|
    |icmp_ln165_1_fu_1621_p2                |      icmp|   0|  0|  23|          16|           1|
    |icmp_ln165_20_fu_1849_p2               |      icmp|   0|  0|  23|          16|           1|
    |icmp_ln165_21_fu_1861_p2               |      icmp|   0|  0|  23|          16|           1|
    |icmp_ln165_22_fu_1873_p2               |      icmp|   0|  0|  23|          16|           1|
    |icmp_ln165_23_fu_1885_p2               |      icmp|   0|  0|  23|          16|           1|
    |icmp_ln165_24_fu_1897_p2               |      icmp|   0|  0|  23|          16|           1|
    |icmp_ln165_25_fu_1909_p2               |      icmp|   0|  0|  23|          16|           1|
    |icmp_ln165_26_fu_1921_p2               |      icmp|   0|  0|  23|          16|           1|
    |icmp_ln165_27_fu_1933_p2               |      icmp|   0|  0|  23|          16|           1|
    |icmp_ln165_28_fu_1945_p2               |      icmp|   0|  0|  23|          16|           1|
    |icmp_ln165_29_fu_1957_p2               |      icmp|   0|  0|  23|          16|           1|
    |icmp_ln165_2_fu_1633_p2                |      icmp|   0|  0|  23|          16|           1|
    |icmp_ln165_30_fu_1969_p2               |      icmp|   0|  0|  23|          16|           1|
    |icmp_ln165_31_fu_1981_p2               |      icmp|   0|  0|  23|          16|           1|
    |icmp_ln165_32_fu_1993_p2               |      icmp|   0|  0|  23|          16|           1|
    |icmp_ln165_33_fu_2005_p2               |      icmp|   0|  0|  23|          16|           1|
    |icmp_ln165_34_fu_2017_p2               |      icmp|   0|  0|  23|          16|           1|
    |icmp_ln165_35_fu_2029_p2               |      icmp|   0|  0|  23|          16|           1|
    |icmp_ln165_36_fu_2041_p2               |      icmp|   0|  0|  23|          16|           1|
    |icmp_ln165_37_fu_2053_p2               |      icmp|   0|  0|  23|          16|           1|
    |icmp_ln165_38_fu_2065_p2               |      icmp|   0|  0|  23|          16|           1|
    |icmp_ln165_39_fu_2077_p2               |      icmp|   0|  0|  23|          16|           1|
    |icmp_ln165_3_fu_1645_p2                |      icmp|   0|  0|  23|          16|           1|
    |icmp_ln165_40_fu_2089_p2               |      icmp|   0|  0|  23|          16|           1|
    |icmp_ln165_41_fu_2101_p2               |      icmp|   0|  0|  23|          16|           1|
    |icmp_ln165_42_fu_2113_p2               |      icmp|   0|  0|  23|          16|           1|
    |icmp_ln165_43_fu_2125_p2               |      icmp|   0|  0|  23|          16|           1|
    |icmp_ln165_44_fu_2137_p2               |      icmp|   0|  0|  23|          16|           1|
    |icmp_ln165_45_fu_2149_p2               |      icmp|   0|  0|  23|          16|           1|
    |icmp_ln165_46_fu_2161_p2               |      icmp|   0|  0|  23|          16|           1|
    |icmp_ln165_47_fu_2173_p2               |      icmp|   0|  0|  23|          16|           1|
    |icmp_ln165_48_fu_2185_p2               |      icmp|   0|  0|  23|          16|           1|
    |icmp_ln165_49_fu_2197_p2               |      icmp|   0|  0|  23|          16|           1|
    |icmp_ln165_4_fu_1657_p2                |      icmp|   0|  0|  23|          16|           1|
    |icmp_ln165_50_fu_2209_p2               |      icmp|   0|  0|  23|          16|           1|
    |icmp_ln165_51_fu_2221_p2               |      icmp|   0|  0|  23|          16|           1|
    |icmp_ln165_52_fu_2233_p2               |      icmp|   0|  0|  23|          16|           1|
    |icmp_ln165_53_fu_2245_p2               |      icmp|   0|  0|  23|          16|           1|
    |icmp_ln165_54_fu_2257_p2               |      icmp|   0|  0|  23|          16|           1|
    |icmp_ln165_55_fu_2269_p2               |      icmp|   0|  0|  23|          16|           1|
    |icmp_ln165_56_fu_2281_p2               |      icmp|   0|  0|  23|          16|           1|
    |icmp_ln165_57_fu_2293_p2               |      icmp|   0|  0|  23|          16|           1|
    |icmp_ln165_58_fu_2305_p2               |      icmp|   0|  0|  23|          16|           1|
    |icmp_ln165_59_fu_2317_p2               |      icmp|   0|  0|  23|          16|           1|
    |icmp_ln165_5_fu_1669_p2                |      icmp|   0|  0|  23|          16|           1|
    |icmp_ln165_60_fu_2329_p2               |      icmp|   0|  0|  23|          16|           1|
    |icmp_ln165_61_fu_2341_p2               |      icmp|   0|  0|  23|          16|           1|
    |icmp_ln165_62_fu_2353_p2               |      icmp|   0|  0|  23|          16|           1|
    |icmp_ln165_63_fu_2365_p2               |      icmp|   0|  0|  23|          16|           1|
    |icmp_ln165_6_fu_1681_p2                |      icmp|   0|  0|  23|          16|           1|
    |icmp_ln165_7_fu_1693_p2                |      icmp|   0|  0|  23|          16|           1|
    |icmp_ln165_8_fu_1705_p2                |      icmp|   0|  0|  23|          16|           1|
    |icmp_ln165_9_fu_1717_p2                |      icmp|   0|  0|  23|          16|           1|
    |icmp_ln165_fu_1609_p2                  |      icmp|   0|  0|  23|          16|           1|
    |ap_block_pp0_stage0_01001_grp1         |        or|   0|  0|   2|           1|           1|
    |ap_block_pp0_stage0_11001              |        or|   0|  0|   2|           1|           1|
    |ap_block_state1_pp0_stage0_iter0_grp1  |        or|   0|  0|   2|           1|           1|
    |select_ln165_10_fu_2701_p3             |    select|   0|  0|  16|           1|          16|
    |select_ln165_11_fu_2730_p3             |    select|   0|  0|  16|           1|          16|
    |select_ln165_12_fu_2759_p3             |    select|   0|  0|  16|           1|          16|
    |select_ln165_13_fu_2788_p3             |    select|   0|  0|  16|           1|          16|
    |select_ln165_14_fu_2817_p3             |    select|   0|  0|  16|           1|          16|
    |select_ln165_15_fu_2846_p3             |    select|   0|  0|  16|           1|          16|
    |select_ln165_16_fu_2875_p3             |    select|   0|  0|  16|           1|          16|
    |select_ln165_17_fu_2904_p3             |    select|   0|  0|  16|           1|          16|
    |select_ln165_18_fu_2933_p3             |    select|   0|  0|  16|           1|          16|
    |select_ln165_19_fu_2962_p3             |    select|   0|  0|  16|           1|          16|
    |select_ln165_1_fu_2440_p3              |    select|   0|  0|  16|           1|          16|
    |select_ln165_20_fu_2991_p3             |    select|   0|  0|  16|           1|          16|
    |select_ln165_21_fu_3020_p3             |    select|   0|  0|  16|           1|          16|
    |select_ln165_22_fu_3049_p3             |    select|   0|  0|  16|           1|          16|
    |select_ln165_23_fu_3078_p3             |    select|   0|  0|  16|           1|          16|
    |select_ln165_24_fu_3107_p3             |    select|   0|  0|  16|           1|          16|
    |select_ln165_25_fu_3136_p3             |    select|   0|  0|  16|           1|          16|
    |select_ln165_26_fu_3165_p3             |    select|   0|  0|  16|           1|          16|
    |select_ln165_27_fu_3194_p3             |    select|   0|  0|  16|           1|          16|
    |select_ln165_28_fu_3223_p3             |    select|   0|  0|  16|           1|          16|
    |select_ln165_29_fu_3252_p3             |    select|   0|  0|  16|           1|          16|
    |select_ln165_2_fu_2469_p3              |    select|   0|  0|  16|           1|          16|
    |select_ln165_30_fu_3281_p3             |    select|   0|  0|  16|           1|          16|
    |select_ln165_31_fu_3310_p3             |    select|   0|  0|  16|           1|          16|
    |select_ln165_32_fu_3339_p3             |    select|   0|  0|  16|           1|          16|
    |select_ln165_33_fu_3368_p3             |    select|   0|  0|  16|           1|          16|
    |select_ln165_34_fu_3397_p3             |    select|   0|  0|  16|           1|          16|
    |select_ln165_35_fu_3426_p3             |    select|   0|  0|  16|           1|          16|
    |select_ln165_36_fu_3455_p3             |    select|   0|  0|  16|           1|          16|
    |select_ln165_37_fu_3484_p3             |    select|   0|  0|  16|           1|          16|
    |select_ln165_38_fu_3513_p3             |    select|   0|  0|  16|           1|          16|
    |select_ln165_39_fu_3542_p3             |    select|   0|  0|  16|           1|          16|
    |select_ln165_3_fu_2498_p3              |    select|   0|  0|  16|           1|          16|
    |select_ln165_40_fu_3571_p3             |    select|   0|  0|  16|           1|          16|
    |select_ln165_41_fu_3600_p3             |    select|   0|  0|  16|           1|          16|
    |select_ln165_42_fu_3629_p3             |    select|   0|  0|  16|           1|          16|
    |select_ln165_43_fu_3658_p3             |    select|   0|  0|  16|           1|          16|
    |select_ln165_44_fu_3687_p3             |    select|   0|  0|  16|           1|          16|
    |select_ln165_45_fu_3716_p3             |    select|   0|  0|  16|           1|          16|
    |select_ln165_46_fu_3745_p3             |    select|   0|  0|  16|           1|          16|
    |select_ln165_47_fu_3774_p3             |    select|   0|  0|  16|           1|          16|
    |select_ln165_48_fu_3803_p3             |    select|   0|  0|  16|           1|          16|
    |select_ln165_49_fu_3832_p3             |    select|   0|  0|  16|           1|          16|
    |select_ln165_4_fu_2527_p3              |    select|   0|  0|  16|           1|          16|
    |select_ln165_50_fu_3861_p3             |    select|   0|  0|  16|           1|          16|
    |select_ln165_51_fu_3890_p3             |    select|   0|  0|  16|           1|          16|
    |select_ln165_52_fu_3919_p3             |    select|   0|  0|  16|           1|          16|
    |select_ln165_53_fu_3948_p3             |    select|   0|  0|  16|           1|          16|
    |select_ln165_54_fu_3977_p3             |    select|   0|  0|  16|           1|          16|
    |select_ln165_55_fu_4006_p3             |    select|   0|  0|  16|           1|          16|
    |select_ln165_56_fu_4035_p3             |    select|   0|  0|  16|           1|          16|
    |select_ln165_57_fu_4064_p3             |    select|   0|  0|  16|           1|          16|
    |select_ln165_58_fu_4093_p3             |    select|   0|  0|  16|           1|          16|
    |select_ln165_59_fu_4122_p3             |    select|   0|  0|  16|           1|          16|
    |select_ln165_5_fu_2556_p3              |    select|   0|  0|  16|           1|          16|
    |select_ln165_60_fu_4151_p3             |    select|   0|  0|  16|           1|          16|
    |select_ln165_61_fu_4180_p3             |    select|   0|  0|  16|           1|          16|
    |select_ln165_62_fu_4209_p3             |    select|   0|  0|  16|           1|          16|
    |select_ln165_63_fu_4238_p3             |    select|   0|  0|  16|           1|          16|
    |select_ln165_6_fu_2585_p3              |    select|   0|  0|  16|           1|          16|
    |select_ln165_7_fu_2614_p3              |    select|   0|  0|  16|           1|          16|
    |select_ln165_8_fu_2643_p3              |    select|   0|  0|  16|           1|          16|
    |select_ln165_9_fu_2672_p3              |    select|   0|  0|  16|           1|          16|
    |select_ln165_fu_2411_p3                |    select|   0|  0|  16|           1|          16|
    |ap_enable_pp0                          |       xor|   0|  0|   2|           1|           2|
    +---------------------------------------+----------+----+---+----+------------+------------+
    |Total                                  |          |   0|  0|3998|        2121|        2121|
    +---------------------------------------+----------+----+---+----+------------+------------+

    * Multiplexer: 
    +----------------------------------+----+-----------+-----+-----------+
    |               Name               | LUT| Input Size| Bits| Total Bits|
    +----------------------------------+----+-----------+-----+-----------+
    |ap_done_int                       |   9|          2|    1|          2|
    |ap_loop_exit_ready_pp0_iter1_reg  |   9|          2|    1|          2|
    |ap_sig_allocacmp_i_2              |   9|          2|    2|          4|
    |i_fu_304                          |   9|          2|    2|          4|
    |real_start                        |   9|          2|    1|          2|
    |s_add_out_blk_n                   |   9|          2|    1|          2|
    |s_l2_out_blk_n                    |   9|          2|    1|          2|
    |s_res_sync_blk_n                  |   9|          2|    1|          2|
    +----------------------------------+----+-----------+-----+-----------+
    |Total                             |  72|         16|   10|         20|
    +----------------------------------+----+-----------+-----+-----------+

    * Register: 
    +----------------------------------+----+----+-----+-----------+
    |               Name               | FF | LUT| Bits| Const Bits|
    +----------------------------------+----+----+-----+-----------+
    |ap_CS_fsm                         |   1|   0|    1|          0|
    |ap_done_reg                       |   1|   0|    1|          0|
    |ap_enable_reg_pp0_iter1           |   1|   0|    1|          0|
    |ap_loop_exit_ready_pp0_iter1_reg  |   1|   0|    1|          0|
    |i_fu_304                          |   2|   0|    2|          0|
    |icmp_ln165_10_reg_4500            |   1|   0|    1|          0|
    |icmp_ln165_11_reg_4511            |   1|   0|    1|          0|
    |icmp_ln165_12_reg_4522            |   1|   0|    1|          0|
    |icmp_ln165_13_reg_4533            |   1|   0|    1|          0|
    |icmp_ln165_14_reg_4544            |   1|   0|    1|          0|
    |icmp_ln165_15_reg_4555            |   1|   0|    1|          0|
    |icmp_ln165_16_reg_4566            |   1|   0|    1|          0|
    |icmp_ln165_17_reg_4577            |   1|   0|    1|          0|
    |icmp_ln165_18_reg_4588            |   1|   0|    1|          0|
    |icmp_ln165_19_reg_4599            |   1|   0|    1|          0|
    |icmp_ln165_1_reg_4401             |   1|   0|    1|          0|
    |icmp_ln165_20_reg_4610            |   1|   0|    1|          0|
    |icmp_ln165_21_reg_4621            |   1|   0|    1|          0|
    |icmp_ln165_22_reg_4632            |   1|   0|    1|          0|
    |icmp_ln165_23_reg_4643            |   1|   0|    1|          0|
    |icmp_ln165_24_reg_4654            |   1|   0|    1|          0|
    |icmp_ln165_25_reg_4665            |   1|   0|    1|          0|
    |icmp_ln165_26_reg_4676            |   1|   0|    1|          0|
    |icmp_ln165_27_reg_4687            |   1|   0|    1|          0|
    |icmp_ln165_28_reg_4698            |   1|   0|    1|          0|
    |icmp_ln165_29_reg_4709            |   1|   0|    1|          0|
    |icmp_ln165_2_reg_4412             |   1|   0|    1|          0|
    |icmp_ln165_30_reg_4720            |   1|   0|    1|          0|
    |icmp_ln165_31_reg_4731            |   1|   0|    1|          0|
    |icmp_ln165_32_reg_4742            |   1|   0|    1|          0|
    |icmp_ln165_33_reg_4753            |   1|   0|    1|          0|
    |icmp_ln165_34_reg_4764            |   1|   0|    1|          0|
    |icmp_ln165_35_reg_4775            |   1|   0|    1|          0|
    |icmp_ln165_36_reg_4786            |   1|   0|    1|          0|
    |icmp_ln165_37_reg_4797            |   1|   0|    1|          0|
    |icmp_ln165_38_reg_4808            |   1|   0|    1|          0|
    |icmp_ln165_39_reg_4819            |   1|   0|    1|          0|
    |icmp_ln165_3_reg_4423             |   1|   0|    1|          0|
    |icmp_ln165_40_reg_4830            |   1|   0|    1|          0|
    |icmp_ln165_41_reg_4841            |   1|   0|    1|          0|
    |icmp_ln165_42_reg_4852            |   1|   0|    1|          0|
    |icmp_ln165_43_reg_4863            |   1|   0|    1|          0|
    |icmp_ln165_44_reg_4874            |   1|   0|    1|          0|
    |icmp_ln165_45_reg_4885            |   1|   0|    1|          0|
    |icmp_ln165_46_reg_4896            |   1|   0|    1|          0|
    |icmp_ln165_47_reg_4907            |   1|   0|    1|          0|
    |icmp_ln165_48_reg_4918            |   1|   0|    1|          0|
    |icmp_ln165_49_reg_4929            |   1|   0|    1|          0|
    |icmp_ln165_4_reg_4434             |   1|   0|    1|          0|
    |icmp_ln165_50_reg_4940            |   1|   0|    1|          0|
    |icmp_ln165_51_reg_4951            |   1|   0|    1|          0|
    |icmp_ln165_52_reg_4962            |   1|   0|    1|          0|
    |icmp_ln165_53_reg_4973            |   1|   0|    1|          0|
    |icmp_ln165_54_reg_4984            |   1|   0|    1|          0|
    |icmp_ln165_55_reg_4995            |   1|   0|    1|          0|
    |icmp_ln165_56_reg_5006            |   1|   0|    1|          0|
    |icmp_ln165_57_reg_5017            |   1|   0|    1|          0|
    |icmp_ln165_58_reg_5028            |   1|   0|    1|          0|
    |icmp_ln165_59_reg_5039            |   1|   0|    1|          0|
    |icmp_ln165_5_reg_4445             |   1|   0|    1|          0|
    |icmp_ln165_60_reg_5050            |   1|   0|    1|          0|
    |icmp_ln165_61_reg_5061            |   1|   0|    1|          0|
    |icmp_ln165_62_reg_5072            |   1|   0|    1|          0|
    |icmp_ln165_63_reg_5083            |   1|   0|    1|          0|
    |icmp_ln165_6_reg_4456             |   1|   0|    1|          0|
    |icmp_ln165_7_reg_4467             |   1|   0|    1|          0|
    |icmp_ln165_8_reg_4478             |   1|   0|    1|          0|
    |icmp_ln165_9_reg_4489             |   1|   0|    1|          0|
    |icmp_ln165_reg_4390               |   1|   0|    1|          0|
    |start_once_reg                    |   1|   0|    1|          0|
    |sum_10_reg_4494                   |  16|   0|   16|          0|
    |sum_11_reg_4505                   |  16|   0|   16|          0|
    |sum_12_reg_4516                   |  16|   0|   16|          0|
    |sum_13_reg_4527                   |  16|   0|   16|          0|
    |sum_14_reg_4538                   |  16|   0|   16|          0|
    |sum_15_reg_4549                   |  16|   0|   16|          0|
    |sum_16_reg_4560                   |  16|   0|   16|          0|
    |sum_17_reg_4571                   |  16|   0|   16|          0|
    |sum_18_reg_4582                   |  16|   0|   16|          0|
    |sum_19_reg_4593                   |  16|   0|   16|          0|
    |sum_1_reg_4395                    |  16|   0|   16|          0|
    |sum_20_reg_4604                   |  16|   0|   16|          0|
    |sum_21_reg_4615                   |  16|   0|   16|          0|
    |sum_22_reg_4626                   |  16|   0|   16|          0|
    |sum_23_reg_4637                   |  16|   0|   16|          0|
    |sum_24_reg_4648                   |  16|   0|   16|          0|
    |sum_25_reg_4659                   |  16|   0|   16|          0|
    |sum_26_reg_4670                   |  16|   0|   16|          0|
    |sum_27_reg_4681                   |  16|   0|   16|          0|
    |sum_28_reg_4692                   |  16|   0|   16|          0|
    |sum_29_reg_4703                   |  16|   0|   16|          0|
    |sum_2_reg_4406                    |  16|   0|   16|          0|
    |sum_30_reg_4714                   |  16|   0|   16|          0|
    |sum_31_reg_4725                   |  16|   0|   16|          0|
    |sum_32_reg_4736                   |  16|   0|   16|          0|
    |sum_33_reg_4747                   |  16|   0|   16|          0|
    |sum_34_reg_4758                   |  16|   0|   16|          0|
    |sum_35_reg_4769                   |  16|   0|   16|          0|
    |sum_36_reg_4780                   |  16|   0|   16|          0|
    |sum_37_reg_4791                   |  16|   0|   16|          0|
    |sum_38_reg_4802                   |  16|   0|   16|          0|
    |sum_39_reg_4813                   |  16|   0|   16|          0|
    |sum_3_reg_4417                    |  16|   0|   16|          0|
    |sum_40_reg_4824                   |  16|   0|   16|          0|
    |sum_41_reg_4835                   |  16|   0|   16|          0|
    |sum_42_reg_4846                   |  16|   0|   16|          0|
    |sum_43_reg_4857                   |  16|   0|   16|          0|
    |sum_44_reg_4868                   |  16|   0|   16|          0|
    |sum_45_reg_4879                   |  16|   0|   16|          0|
    |sum_46_reg_4890                   |  16|   0|   16|          0|
    |sum_47_reg_4901                   |  16|   0|   16|          0|
    |sum_48_reg_4912                   |  16|   0|   16|          0|
    |sum_49_reg_4923                   |  16|   0|   16|          0|
    |sum_4_reg_4428                    |  16|   0|   16|          0|
    |sum_50_reg_4934                   |  16|   0|   16|          0|
    |sum_51_reg_4945                   |  16|   0|   16|          0|
    |sum_52_reg_4956                   |  16|   0|   16|          0|
    |sum_53_reg_4967                   |  16|   0|   16|          0|
    |sum_54_reg_4978                   |  16|   0|   16|          0|
    |sum_55_reg_4989                   |  16|   0|   16|          0|
    |sum_56_reg_5000                   |  16|   0|   16|          0|
    |sum_57_reg_5011                   |  16|   0|   16|          0|
    |sum_58_reg_5022                   |  16|   0|   16|          0|
    |sum_59_reg_5033                   |  16|   0|   16|          0|
    |sum_5_reg_4439                    |  16|   0|   16|          0|
    |sum_60_reg_5044                   |  16|   0|   16|          0|
    |sum_61_reg_5055                   |  16|   0|   16|          0|
    |sum_62_reg_5066                   |  16|   0|   16|          0|
    |sum_63_reg_5077                   |  16|   0|   16|          0|
    |sum_6_reg_4450                    |  16|   0|   16|          0|
    |sum_7_reg_4461                    |  16|   0|   16|          0|
    |sum_8_reg_4472                    |  16|   0|   16|          0|
    |sum_9_reg_4483                    |  16|   0|   16|          0|
    |sum_reg_4384                      |  16|   0|   16|          0|
    +----------------------------------+----+----+-----+-----------+
    |Total                             |1095|   0| 1095|          0|
    +----------------------------------+----+----+-----+-----------+



================================================================
== Interface
================================================================
* Summary: 
+---------------------------+-----+------+------------+-------------------+--------------+
|         RTL Ports         | Dir | Bits |  Protocol  |   Source Object   |    C Type    |
+---------------------------+-----+------+------------+-------------------+--------------+
|ap_clk                     |   in|     1|  ap_ctrl_hs|  residual_add_relu|  return value|
|ap_rst                     |   in|     1|  ap_ctrl_hs|  residual_add_relu|  return value|
|ap_start                   |   in|     1|  ap_ctrl_hs|  residual_add_relu|  return value|
|start_full_n               |   in|     1|  ap_ctrl_hs|  residual_add_relu|  return value|
|ap_done                    |  out|     1|  ap_ctrl_hs|  residual_add_relu|  return value|
|ap_continue                |   in|     1|  ap_ctrl_hs|  residual_add_relu|  return value|
|ap_idle                    |  out|     1|  ap_ctrl_hs|  residual_add_relu|  return value|
|ap_ready                   |  out|     1|  ap_ctrl_hs|  residual_add_relu|  return value|
|start_out                  |  out|     1|  ap_ctrl_hs|  residual_add_relu|  return value|
|start_write                |  out|     1|  ap_ctrl_hs|  residual_add_relu|  return value|
|s_l2_out_dout              |   in|  1024|     ap_fifo|           s_l2_out|       pointer|
|s_l2_out_empty_n           |   in|     1|     ap_fifo|           s_l2_out|       pointer|
|s_l2_out_read              |  out|     1|     ap_fifo|           s_l2_out|       pointer|
|s_l2_out_num_data_valid    |   in|     3|     ap_fifo|           s_l2_out|       pointer|
|s_l2_out_fifo_cap          |   in|     3|     ap_fifo|           s_l2_out|       pointer|
|s_res_sync_dout            |   in|  1024|     ap_fifo|         s_res_sync|       pointer|
|s_res_sync_empty_n         |   in|     1|     ap_fifo|         s_res_sync|       pointer|
|s_res_sync_read            |  out|     1|     ap_fifo|         s_res_sync|       pointer|
|s_res_sync_num_data_valid  |   in|     4|     ap_fifo|         s_res_sync|       pointer|
|s_res_sync_fifo_cap        |   in|     4|     ap_fifo|         s_res_sync|       pointer|
|s_add_out_din              |  out|  1024|     ap_fifo|          s_add_out|       pointer|
|s_add_out_full_n           |   in|     1|     ap_fifo|          s_add_out|       pointer|
|s_add_out_write            |  out|     1|     ap_fifo|          s_add_out|       pointer|
|s_add_out_num_data_valid   |   in|    32|     ap_fifo|          s_add_out|       pointer|
|s_add_out_fifo_cap         |   in|    32|     ap_fifo|          s_add_out|       pointer|
+---------------------------+-----+------+------------+-------------------+--------------+

