

================================================================
== Vitis HLS Report for 'split_and_crop'
================================================================
* Date:           Wed Jun 17 17:45:32 2026

* Version:        2025.2 (Build 6295257 on Nov 14 2025)
* Project:        yolo_backbone_v4
* Solution:       hls (Vivado IP Flow Target)
* Product family: kintex7
* Target device:  xc7k325t-ffg900-2


================================================================
== Performance Estimates
================================================================
+ Timing: 
    * Summary: 
    +--------+----------+----------+------------+
    |  Clock |  Target  | Estimated| Uncertainty|
    +--------+----------+----------+------------+
    |ap_clk  |  10.00 ns|  5.040 ns|     2.70 ns|
    +--------+----------+----------+------------+

+ Latency: 
    * Summary: 
    +---------+---------+----------+----------+-----+-----+------------------------------------------------+
    |  Latency (cycles) |  Latency (absolute) |  Interval |                    Pipeline                    |
    |   min   |   max   |    min   |    max   | min | max |                      Type                      |
    +---------+---------+----------+----------+-----+-----+------------------------------------------------+
    |       18|       18|  0.180 us|  0.180 us|   16|   16|  loop auto-rewind stp (delay=0 clock cycles(s))|
    +---------+---------+----------+----------+-----+-----+------------------------------------------------+

    + Detail: 
        * Instance: 
        N/A

        * Loop: 
        +-----------------------------------+---------+---------+----------+-----------+-----------+------+----------+
        |                                   |  Latency (cycles) | Iteration|  Initiation Interval  | Trip |          |
        |             Loop Name             |   min   |   max   |  Latency |  achieved |   target  | Count| Pipelined|
        +-----------------------------------+---------+---------+----------+-----------+-----------+------+----------+
        |- VITIS_LOOP_69_1_VITIS_LOOP_70_2  |       16|       16|         2|          1|          1|    16|       yes|
        +-----------------------------------+---------+---------+----------+-----------+-----------+------+----------+



================================================================
== Utilization Estimates
================================================================
* Summary: 
+-----------------+---------+-----+--------+--------+-----+
|       Name      | BRAM_18K| DSP |   FF   |   LUT  | URAM|
+-----------------+---------+-----+--------+--------+-----+
|DSP              |        -|    -|       -|       -|    -|
|Expression       |        -|    -|       0|     125|    -|
|FIFO             |        -|    -|       -|       -|    -|
|Instance         |        -|    -|       -|       -|    -|
|Memory           |        -|    -|       -|       -|    -|
|Multiplexer      |        -|    -|       0|     108|    -|
|Register         |        -|    -|      18|       -|    -|
+-----------------+---------+-----+--------+--------+-----+
|Total            |        0|    0|      18|     233|    0|
+-----------------+---------+-----+--------+--------+-----+
|Available        |      890|  840|  407600|  203800|    0|
+-----------------+---------+-----+--------+--------+-----+
|Utilization (%)  |        0|    0|      ~0|      ~0|    0|
+-----------------+---------+-----+--------+--------+-----+

+ Detail: 
    * Instance: 
    N/A

    * DSP: 
    N/A

    * Memory: 
    N/A

    * FIFO: 
    N/A

    * Expression: 
    +----------------------------------+----------+----+---+----+------------+------------+
    |           Variable Name          | Operation| DSP| FF| LUT| Bitwidth P0| Bitwidth P1|
    +----------------------------------+----------+----+---+----+------------+------------+
    |add_ln69_fu_164_p2                |         +|   0|  0|  13|           4|           1|
    |c_3_fu_188_p2                     |         +|   0|  0|  11|           3|           1|
    |r_2_fu_120_p2                     |         +|   0|  0|  11|           3|           1|
    |ap_condition_107                  |       and|   0|  0|   2|           1|           1|
    |ap_condition_235                  |       and|   0|  0|   2|           1|           1|
    |ap_predicate_op44_write_state2    |       and|   0|  0|   2|           1|           1|
    |empty_67_fu_176_p2                |      icmp|   0|  0|  10|           2|           1|
    |empty_fu_170_p2                   |      icmp|   0|  0|  10|           2|           2|
    |icmp_ln69_fu_200_p2               |      icmp|   0|  0|  13|           4|           2|
    |icmp_ln70_fu_194_p2               |      icmp|   0|  0|  13|           3|           4|
    |icmp_ln74_1_fu_148_p2             |      icmp|   0|  0|  11|           3|           2|
    |icmp_ln74_fu_142_p2               |      icmp|   0|  0|  11|           3|           1|
    |ap_block_pp0_stage0_01001         |        or|   0|  0|   2|           1|           1|
    |ap_block_state2_pp0_stage0_iter1  |        or|   0|  0|   2|           1|           1|
    |empty_68_fu_182_p2                |        or|   0|  0|   2|           1|           1|
    |r_4_fu_134_p3                     |    select|   0|  0|   3|           1|           3|
    |select_ln69_fu_126_p3             |    select|   0|  0|   3|           1|           1|
    |ap_enable_pp0                     |       xor|   0|  0|   2|           1|           2|
    |xor_ln74_fu_154_p2                |       xor|   0|  0|   2|           1|           1|
    +----------------------------------+----------+----+---+----+------------+------------+
    |Total                             |          |   0|  0| 125|          37|          28|
    +----------------------------------+----------+----+---+----+------------+------------+

    * Multiplexer: 
    +---------------------------------------+----+-----------+-----+-----------+
    |                  Name                 | LUT| Input Size| Bits| Total Bits|
    +---------------------------------------+----+-----------+-----+-----------+
    |ap_done_int                            |   9|          2|    1|          2|
    |ap_loop_exit_ready_pp0_iter1_reg       |   9|          2|    1|          2|
    |ap_phi_mux_icmp_ln705_phi_fu_89_p4     |   9|          2|    1|          2|
    |ap_sig_allocacmp_c_2                   |   9|          2|    3|          6|
    |ap_sig_allocacmp_indvar_flatten2_load  |   9|          2|    4|          8|
    |ap_sig_allocacmp_r_1                   |   9|          2|    3|          6|
    |c_fu_60                                |   9|          2|    3|          6|
    |indvar_flatten2_fu_52                  |   9|          2|    4|          8|
    |r_fu_56                                |   9|          2|    3|          6|
    |s_conv2_in_blk_n                       |   9|          2|    1|          2|
    |s_l1_out_blk_n                         |   9|          2|    1|          2|
    |s_res_sync_blk_n                       |   9|          2|    1|          2|
    +---------------------------------------+----+-----------+-----+-----------+
    |Total                                  | 108|         24|   26|         52|
    +---------------------------------------+----+-----------+-----+-----------+

    * Register: 
    +----------------------------------+---+----+-----+-----------+
    |               Name               | FF| LUT| Bits| Const Bits|
    +----------------------------------+---+----+-----+-----------+
    |ap_CS_fsm                         |  1|   0|    1|          0|
    |ap_done_reg                       |  1|   0|    1|          0|
    |ap_enable_reg_pp0_iter1           |  1|   0|    1|          0|
    |ap_loop_exit_ready_pp0_iter1_reg  |  1|   0|    1|          0|
    |c_fu_60                           |  3|   0|    3|          0|
    |empty_68_reg_246                  |  1|   0|    1|          0|
    |icmp_ln69_reg_255                 |  1|   0|    1|          0|
    |icmp_ln70_reg_250                 |  1|   0|    1|          0|
    |indvar_flatten2_fu_52             |  4|   0|    4|          0|
    |r_fu_56                           |  3|   0|    3|          0|
    |xor_ln74_reg_242                  |  1|   0|    1|          0|
    +----------------------------------+---+----+-----+-----------+
    |Total                             | 18|   0|   18|          0|
    +----------------------------------+---+----+-----+-----------+



================================================================
== Interface
================================================================
* Summary: 
+---------------------------+-----+------+------------+----------------+--------------+
|         RTL Ports         | Dir | Bits |  Protocol  |  Source Object |    C Type    |
+---------------------------+-----+------+------------+----------------+--------------+
|ap_clk                     |   in|     1|  ap_ctrl_hs|  split_and_crop|  return value|
|ap_rst                     |   in|     1|  ap_ctrl_hs|  split_and_crop|  return value|
|ap_start                   |   in|     1|  ap_ctrl_hs|  split_and_crop|  return value|
|ap_done                    |  out|     1|  ap_ctrl_hs|  split_and_crop|  return value|
|ap_continue                |   in|     1|  ap_ctrl_hs|  split_and_crop|  return value|
|ap_idle                    |  out|     1|  ap_ctrl_hs|  split_and_crop|  return value|
|ap_ready                   |  out|     1|  ap_ctrl_hs|  split_and_crop|  return value|
|s_l1_out_dout              |   in|  1024|     ap_fifo|        s_l1_out|       pointer|
|s_l1_out_empty_n           |   in|     1|     ap_fifo|        s_l1_out|       pointer|
|s_l1_out_read              |  out|     1|     ap_fifo|        s_l1_out|       pointer|
|s_l1_out_num_data_valid    |   in|     3|     ap_fifo|        s_l1_out|       pointer|
|s_l1_out_fifo_cap          |   in|     3|     ap_fifo|        s_l1_out|       pointer|
|s_conv2_in_din             |  out|  1024|     ap_fifo|      s_conv2_in|       pointer|
|s_conv2_in_full_n          |   in|     1|     ap_fifo|      s_conv2_in|       pointer|
|s_conv2_in_write           |  out|     1|     ap_fifo|      s_conv2_in|       pointer|
|s_conv2_in_num_data_valid  |   in|    32|     ap_fifo|      s_conv2_in|       pointer|
|s_conv2_in_fifo_cap        |   in|    32|     ap_fifo|      s_conv2_in|       pointer|
|s_res_sync_din             |  out|  1024|     ap_fifo|      s_res_sync|       pointer|
|s_res_sync_full_n          |   in|     1|     ap_fifo|      s_res_sync|       pointer|
|s_res_sync_write           |  out|     1|     ap_fifo|      s_res_sync|       pointer|
|s_res_sync_num_data_valid  |   in|    32|     ap_fifo|      s_res_sync|       pointer|
|s_res_sync_fifo_cap        |   in|    32|     ap_fifo|      s_res_sync|       pointer|
+---------------------------+-----+------+------------+----------------+--------------+

