Tue Jun 16 23:44:26 2026: Running xcd server. This server was built by gradle.
Tue Jun 16 23:44:26 2026: Server was asked to start on port: '42017'
Tue Jun 16 23:44:26 2026: Server is using token UUID: '065a7f13-e951-4b2c-a082-f1e1e4915749'
Tue Jun 16 23:44:26 2026: SESSION_MGR: creating session with session uuid: '6d04a3e9-ade5-4ab9-8d63-1f78fcd2ec76' and name 'default'
Tue Jun 16 23:44:26 2026: Attempting to start server on port '42017'
Tue Jun 16 23:44:26 2026: XCD main fifo: created main fifo '/tmp/xcdmain065a7f13-e951-4b2c-a082-f1e1e4915749', fd read = 13
Tue Jun 16 23:44:26 2026: Running Dispatch Server
Tue Jun 16 23:44:26 2026: Version 2.2.0
Tue Jun 16 23:44:31 2026: Dispatch Server: Accepted socket connection from client
Tue Jun 16 23:44:31 2026: Starting Socket connection
Tue Jun 16 23:44:31 2026: EXCHANGE_TOKEN received, server token: 065a7f13-e951-4b2c-a082-f1e1e4915749, passed token: 065a7f13-e951-4b2c-a082-f1e1e4915749
Tue Jun 16 23:44:31 2026: DISPATCH_HANDLER: Adding handler from function makeHandler in library libxv_system_diagram
Tue Jun 16 23:44:31 2026: SESSION_MGR: creating session with session uuid: 'c76587ea-3d19-4c4c-95f3-88053816bae1' and name 'vitis-run_compile_yolo_backbone_1'
Tue Jun 16 23:44:31 2026: KERNEL_SVC: creating session with uuid: 'c76587ea-3d19-4c4c-95f3-88053816bae1' and name 'vitis-run_compile_yolo_backbone_1'
Tue Jun 16 23:44:31 2026: GUIDANCE_SMGR: creating guidance session with uuid: 'c76587ea-3d19-4c4c-95f3-88053816bae1' and name 'vitis-run_compile_yolo_backbone_1'
Tue Jun 16 23:44:31 2026: SYSTEM_DIAGRAM: creating session with uuid: 'c76587ea-3d19-4c4c-95f3-88053816bae1' and name 'vitis-run_compile_yolo_backbone_1'
Tue Jun 16 23:44:38 2026: Dispatch Server: Accepted socket connection from client
Tue Jun 16 23:44:38 2026: Starting Socket connection
Tue Jun 16 23:44:49 2026: SESSION_MGR: closing session for UUID 'c76587ea-3d19-4c4c-95f3-88053816bae1' with name 'vitis-run_compile_yolo_backbone_1'
Tue Jun 16 23:44:49 2026: KERNEL_SVC: closing session for UUID 'c76587ea-3d19-4c4c-95f3-88053816bae1' with name 'vitis-run_compile_yolo_backbone_1'
Tue Jun 16 23:44:49 2026: GUIDANCE_SMGR: closing session for UUID 'c76587ea-3d19-4c4c-95f3-88053816bae1' with name 'vitis-run_compile_yolo_backbone_1'
Tue Jun 16 23:44:49 2026: SYSTEM_DIAGRAM: closing session for UUID 'c76587ea-3d19-4c4c-95f3-88053816bae1' with name 'vitis-run_compile_yolo_backbone_1'
Tue Jun 16 23:44:49 2026: STOP_SERVER received, server token: 065a7f13-e951-4b2c-a082-f1e1e4915749, passed token: 065a7f13-e951-4b2c-a082-f1e1e4915749
Tue Jun 16 23:44:49 2026: Socket received request to stop server.
Tue Jun 16 23:44:49 2026: Dispatch Server: do_await_stop
Tue Jun 16 23:44:49 2026: Dispatch Server: stopping mainFifo_
Tue Jun 16 23:44:49 2026: XCD main fifo: Stopping
Tue Jun 16 23:44:49 2026: XCD main fifo: do_read error code: Operation canceled
Tue Jun 16 23:44:49 2026: XCD main fifo: bytes_transferred: 0
Tue Jun 16 23:44:49 2026: SERVER: destructor for server bound to port 42017
Tue Jun 16 23:44:49 2026: XCD main fifo: Good unlink of /tmp/xcdmain065a7f13-e951-4b2c-a082-f1e1e4915749
Tue Jun 16 23:44:49 2026: Server exiting with status 0.
Tue Jun 16 23:44:49 2026: Closing log file.
Tue Jun 16 23:47:47 2026: Running xcd server. This server was built by gradle.
Tue Jun 16 23:47:47 2026: Server was asked to start on port: '33661'
Tue Jun 16 23:47:47 2026: Server is using token UUID: 'eb7a22b8-e2a0-49f8-bab6-c7d355ed8277'
Tue Jun 16 23:47:47 2026: SESSION_MGR: creating session with session uuid: '6d04a3e9-ade5-4ab9-8d63-1f78fcd2ec76' and name 'default'
Tue Jun 16 23:47:47 2026: Attempting to start server on port '33661'
Tue Jun 16 23:47:47 2026: XCD main fifo: created main fifo '/tmp/xcdmaineb7a22b8-e2a0-49f8-bab6-c7d355ed8277', fd read = 13
Tue Jun 16 23:47:47 2026: Running Dispatch Server
Tue Jun 16 23:47:47 2026: Version 2.2.0
Tue Jun 16 23:47:49 2026: Dispatch Server: Accepted socket connection from client
Tue Jun 16 23:47:49 2026: Starting Socket connection
Tue Jun 16 23:47:49 2026: EXCHANGE_TOKEN received, server token: eb7a22b8-e2a0-49f8-bab6-c7d355ed8277, passed token: eb7a22b8-e2a0-49f8-bab6-c7d355ed8277
Tue Jun 16 23:47:49 2026: DISPATCH_HANDLER: Adding handler from function makeHandler in library libxv_system_diagram
Tue Jun 16 23:47:49 2026: SESSION_MGR: creating session with session uuid: '7fcc3845-20b7-47e3-bdc4-1703c9ab01f4' and name 'vitis-run_compile_yolo_backbone_1'
Tue Jun 16 23:47:49 2026: KERNEL_SVC: creating session with uuid: '7fcc3845-20b7-47e3-bdc4-1703c9ab01f4' and name 'vitis-run_compile_yolo_backbone_1'
Tue Jun 16 23:47:49 2026: GUIDANCE_SMGR: creating guidance session with uuid: '7fcc3845-20b7-47e3-bdc4-1703c9ab01f4' and name 'vitis-run_compile_yolo_backbone_1'
Tue Jun 16 23:47:49 2026: SYSTEM_DIAGRAM: creating session with uuid: '7fcc3845-20b7-47e3-bdc4-1703c9ab01f4' and name 'vitis-run_compile_yolo_backbone_1'
Tue Jun 16 23:47:56 2026: Dispatch Server: Accepted socket connection from client
Tue Jun 16 23:47:56 2026: Starting Socket connection
Tue Jun 16 23:48:04 2026: SESSION_MGR: closing session for UUID '7fcc3845-20b7-47e3-bdc4-1703c9ab01f4' with name 'vitis-run_compile_yolo_backbone_1'
Tue Jun 16 23:48:04 2026: KERNEL_SVC: closing session for UUID '7fcc3845-20b7-47e3-bdc4-1703c9ab01f4' with name 'vitis-run_compile_yolo_backbone_1'
Tue Jun 16 23:48:04 2026: GUIDANCE_SMGR: closing session for UUID '7fcc3845-20b7-47e3-bdc4-1703c9ab01f4' with name 'vitis-run_compile_yolo_backbone_1'
Tue Jun 16 23:48:04 2026: SYSTEM_DIAGRAM: closing session for UUID '7fcc3845-20b7-47e3-bdc4-1703c9ab01f4' with name 'vitis-run_compile_yolo_backbone_1'
Tue Jun 16 23:48:04 2026: STOP_SERVER received, server token: eb7a22b8-e2a0-49f8-bab6-c7d355ed8277, passed token: eb7a22b8-e2a0-49f8-bab6-c7d355ed8277
Tue Jun 16 23:48:04 2026: Socket received request to stop server.
Tue Jun 16 23:48:04 2026: Dispatch Server: do_await_stop
Tue Jun 16 23:48:04 2026: Dispatch Server: stopping mainFifo_
Tue Jun 16 23:48:04 2026: XCD main fifo: Stopping
Tue Jun 16 23:48:04 2026: XCD main fifo: do_read error code: Operation canceled
Tue Jun 16 23:48:04 2026: XCD main fifo: bytes_transferred: 0
Tue Jun 16 23:48:04 2026: SERVER: destructor for server bound to port 33661
Tue Jun 16 23:48:04 2026: XCD main fifo: Good unlink of /tmp/xcdmaineb7a22b8-e2a0-49f8-bab6-c7d355ed8277
Tue Jun 16 23:48:04 2026: Server exiting with status 0.
Tue Jun 16 23:48:04 2026: Closing log file.
Tue Jun 16 23:49:40 2026: Running xcd server. This server was built by gradle.
Tue Jun 16 23:49:40 2026: Server was asked to start on port: '34145'
Tue Jun 16 23:49:40 2026: Server is using token UUID: 'bcd5bd8f-77aa-4095-80f8-53409aa0ceb1'
Tue Jun 16 23:49:40 2026: SESSION_MGR: creating session with session uuid: '6d04a3e9-ade5-4ab9-8d63-1f78fcd2ec76' and name 'default'
Tue Jun 16 23:49:40 2026: Attempting to start server on port '34145'
Tue Jun 16 23:49:40 2026: XCD main fifo: created main fifo '/tmp/xcdmainbcd5bd8f-77aa-4095-80f8-53409aa0ceb1', fd read = 13
Tue Jun 16 23:49:40 2026: Running Dispatch Server
Tue Jun 16 23:49:40 2026: Version 2.2.0
Tue Jun 16 23:49:43 2026: Dispatch Server: Accepted socket connection from client
Tue Jun 16 23:49:43 2026: Starting Socket connection
Tue Jun 16 23:49:43 2026: EXCHANGE_TOKEN received, server token: bcd5bd8f-77aa-4095-80f8-53409aa0ceb1, passed token: bcd5bd8f-77aa-4095-80f8-53409aa0ceb1
Tue Jun 16 23:49:43 2026: DISPATCH_HANDLER: Adding handler from function makeHandler in library libxv_system_diagram
Tue Jun 16 23:49:43 2026: SESSION_MGR: creating session with session uuid: '22bf4a26-d525-47f0-86f3-f51e3227d3c3' and name 'v++_compile_yolo_backbone_1'
Tue Jun 16 23:49:43 2026: KERNEL_SVC: creating session with uuid: '22bf4a26-d525-47f0-86f3-f51e3227d3c3' and name 'v++_compile_yolo_backbone_1'
Tue Jun 16 23:49:43 2026: GUIDANCE_SMGR: creating guidance session with uuid: '22bf4a26-d525-47f0-86f3-f51e3227d3c3' and name 'v++_compile_yolo_backbone_1'
Tue Jun 16 23:49:43 2026: SYSTEM_DIAGRAM: creating session with uuid: '22bf4a26-d525-47f0-86f3-f51e3227d3c3' and name 'v++_compile_yolo_backbone_1'
Tue Jun 16 23:49:48 2026: Dispatch Server: Accepted socket connection from client
Tue Jun 16 23:49:48 2026: Starting Socket connection
Tue Jun 16 23:53:09 2026: SESSION_MGR: closing session for UUID '22bf4a26-d525-47f0-86f3-f51e3227d3c3' with name 'v++_compile_yolo_backbone_1'
Tue Jun 16 23:53:09 2026: KERNEL_SVC: closing session for UUID '22bf4a26-d525-47f0-86f3-f51e3227d3c3' with name 'v++_compile_yolo_backbone_1'
Tue Jun 16 23:53:09 2026: GUIDANCE_SMGR: closing session for UUID '22bf4a26-d525-47f0-86f3-f51e3227d3c3' with name 'v++_compile_yolo_backbone_1'
Tue Jun 16 23:53:09 2026: SYSTEM_DIAGRAM: closing session for UUID '22bf4a26-d525-47f0-86f3-f51e3227d3c3' with name 'v++_compile_yolo_backbone_1'
Tue Jun 16 23:53:09 2026: STOP_SERVER received, server token: bcd5bd8f-77aa-4095-80f8-53409aa0ceb1, passed token: bcd5bd8f-77aa-4095-80f8-53409aa0ceb1
Tue Jun 16 23:53:09 2026: Socket received request to stop server.
Tue Jun 16 23:53:09 2026: Dispatch Server: do_await_stop
Tue Jun 16 23:53:09 2026: Dispatch Server: stopping mainFifo_
Tue Jun 16 23:53:09 2026: XCD main fifo: Stopping
Tue Jun 16 23:53:09 2026: XCD main fifo: do_read error code: Operation canceled
Tue Jun 16 23:53:09 2026: XCD main fifo: bytes_transferred: 0
Tue Jun 16 23:53:09 2026: SERVER: destructor for server bound to port 34145
Tue Jun 16 23:53:09 2026: XCD main fifo: Good unlink of /tmp/xcdmainbcd5bd8f-77aa-4095-80f8-53409aa0ceb1
Tue Jun 16 23:53:09 2026: Server exiting with status 0.
Tue Jun 16 23:53:09 2026: Closing log file.
