

================================================================
== Vitis HLS Report for 'linear_180_16'
================================================================
* Date:           Mon Jun 15 16:42:38 2026

* Version:        2025.2 (Build 6295257 on Nov 14 2025)
* Project:        linear_180_16
* Solution:       hls (Vivado IP Flow Target)
* Product family: kintex7
* Target device:  xc7k325t-ffg900-2


================================================================
== Performance Estimates
================================================================
+ Timing: 
    * Summary: 
    +--------+----------+-----------+------------+
    |  Clock |  Target  | Estimated | Uncertainty|
    +--------+----------+-----------+------------+
    |ap_clk  |  10.00 ns|  26.139 ns|     2.70 ns|
    +--------+----------+-----------+------------+

+ Latency: 
    * Summary: 
    +---------+---------+----------+-----------+-----+------+---------+
    |  Latency (cycles) |  Latency (absolute)  |  Interval  | Pipeline|
    |   min   |   max   |    min   |    max    | min |  max |   Type  |
    +---------+---------+----------+-----------+-----+------+---------+
    |      197|     3079|  5.149 us|  80.482 us|  198|  3080|       no|
    +---------+---------+----------+-----------+-----+------+---------+

    + Detail: 
        * Instance: 
        N/A

        * Loop: 
        N/A

============================================================
+ Verbose Summary: Synthesis Manager
============================================================
InlineROM: 1
ExposeGlobal: 0
============================================================
+ Verbose Summary: CDFG Model
============================================================
IsTopModel: 1
ResetActiveHigh: 1
IsCombinational: 0
IsDatapathOnly: 0
HasWiredReturn: 1
HasMFsm: 0
HasVarLatency: 1
IsPipeline: 0
IsRtlPipelined: 0
IsInstanceOverlapped: 0
IsDontTouch: 0
HasImplIP: 0
IsGatedGlobalClock: 0


============================================================
+ Verbose Summary: Schedule
============================================================
* Number of FSM states : 12
* Pipeline : 0
* Dataflow Pipeline: 0

* FSM state transitions: 
1 --> 2 
2 --> 3 
3 --> 4 
4 --> 5 
5 --> 6 
6 --> 7 
7 --> 8 
8 --> 9 
9 --> 10 
10 --> 11 
11 --> 12 
12 --> 

* FSM state operations: 

State 1 <SV = 0> <Delay = 0.00>
ST_1 : Operation 13 [1/1] (0.00ns)   --->   "%p_loc35 = alloca i64 1"   --->   Operation 13 'alloca' 'p_loc35' <Predicate = true> <Delay = 0.00>
ST_1 : Operation 14 [1/1] (0.00ns)   --->   "%p_loc34 = alloca i64 1"   --->   Operation 14 'alloca' 'p_loc34' <Predicate = true> <Delay = 0.00>
ST_1 : Operation 15 [1/1] (0.00ns)   --->   "%p_loc33 = alloca i64 1"   --->   Operation 15 'alloca' 'p_loc33' <Predicate = true> <Delay = 0.00>
ST_1 : Operation 16 [1/1] (0.00ns)   --->   "%p_loc32 = alloca i64 1"   --->   Operation 16 'alloca' 'p_loc32' <Predicate = true> <Delay = 0.00>
ST_1 : Operation 17 [1/1] (0.00ns)   --->   "%p_loc31 = alloca i64 1"   --->   Operation 17 'alloca' 'p_loc31' <Predicate = true> <Delay = 0.00>
ST_1 : Operation 18 [1/1] (0.00ns)   --->   "%p_loc30 = alloca i64 1"   --->   Operation 18 'alloca' 'p_loc30' <Predicate = true> <Delay = 0.00>
ST_1 : Operation 19 [1/1] (0.00ns)   --->   "%p_loc29 = alloca i64 1"   --->   Operation 19 'alloca' 'p_loc29' <Predicate = true> <Delay = 0.00>
ST_1 : Operation 20 [1/1] (0.00ns)   --->   "%p_loc28 = alloca i64 1"   --->   Operation 20 'alloca' 'p_loc28' <Predicate = true> <Delay = 0.00>
ST_1 : Operation 21 [1/1] (0.00ns)   --->   "%p_loc27 = alloca i64 1"   --->   Operation 21 'alloca' 'p_loc27' <Predicate = true> <Delay = 0.00>
ST_1 : Operation 22 [1/1] (0.00ns)   --->   "%p_loc26 = alloca i64 1"   --->   Operation 22 'alloca' 'p_loc26' <Predicate = true> <Delay = 0.00>
ST_1 : Operation 23 [1/1] (0.00ns)   --->   "%p_loc25 = alloca i64 1"   --->   Operation 23 'alloca' 'p_loc25' <Predicate = true> <Delay = 0.00>
ST_1 : Operation 24 [1/1] (0.00ns)   --->   "%p_loc24 = alloca i64 1"   --->   Operation 24 'alloca' 'p_loc24' <Predicate = true> <Delay = 0.00>
ST_1 : Operation 25 [1/1] (0.00ns)   --->   "%p_loc23 = alloca i64 1"   --->   Operation 25 'alloca' 'p_loc23' <Predicate = true> <Delay = 0.00>
ST_1 : Operation 26 [1/1] (0.00ns)   --->   "%p_loc22 = alloca i64 1"   --->   Operation 26 'alloca' 'p_loc22' <Predicate = true> <Delay = 0.00>
ST_1 : Operation 27 [1/1] (0.00ns)   --->   "%p_loc21 = alloca i64 1"   --->   Operation 27 'alloca' 'p_loc21' <Predicate = true> <Delay = 0.00>
ST_1 : Operation 28 [1/1] (0.00ns)   --->   "%p_loc = alloca i64 1"   --->   Operation 28 'alloca' 'p_loc' <Predicate = true> <Delay = 0.00>
ST_1 : Operation 29 [1/1] (0.00ns)   --->   "%spectopmodule_ln179 = spectopmodule void @_ssdm_op_SpecTopModule, void @empty_1" [../task_detection_tpu/mlp_engine.cpp:179]   --->   Operation 29 'spectopmodule' 'spectopmodule_ln179' <Predicate = true> <Delay = 0.00>
ST_1 : Operation 30 [1/1] (0.00ns)   --->   "%specinterface_ln0 = specinterface void @_ssdm_op_SpecInterface, i32 %input_r, void @empty, i32 0, i32 0, void @empty_0, i32 4294967295, i32 0, void @empty_0, void @empty_0, void @empty_0, i32 0, i32 0, i32 0, i32 0, void @empty_0, void @empty_0, i32 4294967295, i32 0, i32 0, i32 0"   --->   Operation 30 'specinterface' 'specinterface_ln0' <Predicate = true> <Delay = 0.00>
ST_1 : Operation 31 [1/1] (0.00ns)   --->   "%specbitsmap_ln0 = specbitsmap void @_ssdm_op_SpecBitsMap, i32 %input_r"   --->   Operation 31 'specbitsmap' 'specbitsmap_ln0' <Predicate = true> <Delay = 0.00>
ST_1 : Operation 32 [1/1] (0.00ns)   --->   "%specinterface_ln0 = specinterface void @_ssdm_op_SpecInterface, i32 %output_r, void @empty, i32 0, i32 0, void @empty_0, i32 4294967295, i32 0, void @empty_0, void @empty_0, void @empty_0, i32 0, i32 0, i32 0, i32 0, void @empty_0, void @empty_0, i32 4294967295, i32 0, i32 0, i32 0"   --->   Operation 32 'specinterface' 'specinterface_ln0' <Predicate = true> <Delay = 0.00>
ST_1 : Operation 33 [1/1] (0.00ns)   --->   "%specbitsmap_ln0 = specbitsmap void @_ssdm_op_SpecBitsMap, i32 %output_r"   --->   Operation 33 'specbitsmap' 'specbitsmap_ln0' <Predicate = true> <Delay = 0.00>
ST_1 : Operation 34 [1/1] (0.00ns)   --->   "%initialized_load = load i1 %initialized" [../task_detection_tpu/mlp_engine.cpp:188]   --->   Operation 34 'load' 'initialized_load' <Predicate = true> <Delay = 0.00>
ST_1 : Operation 35 [1/1] (0.00ns)   --->   "%br_ln188 = br i1 %initialized_load, void %for.inc.preheader, void %if.end" [../task_detection_tpu/mlp_engine.cpp:188]   --->   Operation 35 'br' 'br_ln188' <Predicate = true> <Delay = 0.00>
ST_1 : Operation 36 [2/2] (0.00ns)   --->   "%call_ln0 = call void @linear_180_16_Pipeline_VITIS_LOOP_190_1_VITIS_LOOP_192_2, i32 %linear_180_16_float_float_weights, i32 %linear_180_16_float_float_weights_1, i32 %linear_180_16_float_float_weights_2, i32 %linear_180_16_float_float_weights_3, i32 %linear_180_16_float_float_weights_4, i32 %linear_180_16_float_float_weights_5, i32 %linear_180_16_float_float_weights_6, i32 %linear_180_16_float_float_weights_7, i32 %linear_180_16_float_float_weights_8, i32 %linear_180_16_float_float_weights_9, i32 %p_ZZ13linear_180_16PfS_E7weights_10, i32 %p_ZZ13linear_180_16PfS_E7weights_11, i32 %p_ZZ13linear_180_16PfS_E7weights_12, i32 %p_ZZ13linear_180_16PfS_E7weights_13, i32 %p_ZZ13linear_180_16PfS_E7weights_14, i32 %p_ZZ13linear_180_16PfS_E7weights_15"   --->   Operation 36 'call' 'call_ln0' <Predicate = (!initialized_load)> <Delay = 0.00> <CoreType = "Generic">   --->   Generic Core

State 2 <SV = 1> <Delay = 3.01>
ST_2 : Operation 37 [1/2] (3.01ns)   --->   "%call_ln0 = call void @linear_180_16_Pipeline_VITIS_LOOP_190_1_VITIS_LOOP_192_2, i32 %linear_180_16_float_float_weights, i32 %linear_180_16_float_float_weights_1, i32 %linear_180_16_float_float_weights_2, i32 %linear_180_16_float_float_weights_3, i32 %linear_180_16_float_float_weights_4, i32 %linear_180_16_float_float_weights_5, i32 %linear_180_16_float_float_weights_6, i32 %linear_180_16_float_float_weights_7, i32 %linear_180_16_float_float_weights_8, i32 %linear_180_16_float_float_weights_9, i32 %p_ZZ13linear_180_16PfS_E7weights_10, i32 %p_ZZ13linear_180_16PfS_E7weights_11, i32 %p_ZZ13linear_180_16PfS_E7weights_12, i32 %p_ZZ13linear_180_16PfS_E7weights_13, i32 %p_ZZ13linear_180_16PfS_E7weights_14, i32 %p_ZZ13linear_180_16PfS_E7weights_15"   --->   Operation 37 'call' 'call_ln0' <Predicate = (!initialized_load)> <Delay = 3.01> <CoreType = "Generic">   --->   Generic Core
ST_2 : Operation 38 [1/1] (0.00ns)   --->   "%store_ln198 = store i1 1, i1 %initialized" [../task_detection_tpu/mlp_engine.cpp:198]   --->   Operation 38 'store' 'store_ln198' <Predicate = (!initialized_load)> <Delay = 0.00>
ST_2 : Operation 39 [1/1] (0.00ns)   --->   "%br_ln199 = br void %if.end" [../task_detection_tpu/mlp_engine.cpp:199]   --->   Operation 39 'br' 'br_ln199' <Predicate = (!initialized_load)> <Delay = 0.00>

State 3 <SV = 2> <Delay = 0.00>
ST_3 : Operation 40 [2/2] (0.00ns)   --->   "%call_ln0 = call void @linear_180_16_Pipeline_VITIS_LOOP_211_4, i32 %input_r, i32 %p_loc, i32 %p_loc21, i32 %p_loc22, i32 %p_loc23, i32 %p_loc24, i32 %p_loc25, i32 %p_loc26, i32 %p_loc27, i32 %p_loc28, i32 %p_loc29, i32 %p_loc30, i32 %p_loc31, i32 %p_loc32, i32 %p_loc33, i32 %p_loc34, i32 %p_loc35, i32 %linear_180_16_float_float_weights, i32 %linear_180_16_float_float_weights_1, i32 %linear_180_16_float_float_weights_2, i32 %linear_180_16_float_float_weights_3, i32 %linear_180_16_float_float_weights_4, i32 %linear_180_16_float_float_weights_5, i32 %linear_180_16_float_float_weights_6, i32 %linear_180_16_float_float_weights_7, i32 %linear_180_16_float_float_weights_8, i32 %linear_180_16_float_float_weights_9, i32 %p_ZZ13linear_180_16PfS_E7weights_10, i32 %p_ZZ13linear_180_16PfS_E7weights_11, i32 %p_ZZ13linear_180_16PfS_E7weights_12, i32 %p_ZZ13linear_180_16PfS_E7weights_13, i32 %p_ZZ13linear_180_16PfS_E7weights_14, i32 %p_ZZ13linear_180_16PfS_E7weights_15"   --->   Operation 40 'call' 'call_ln0' <Predicate = true> <Delay = 0.00> <CoreType = "Generic">   --->   Generic Core

State 4 <SV = 3> <Delay = 0.00>
ST_4 : Operation 41 [1/2] (0.00ns)   --->   "%call_ln0 = call void @linear_180_16_Pipeline_VITIS_LOOP_211_4, i32 %input_r, i32 %p_loc, i32 %p_loc21, i32 %p_loc22, i32 %p_loc23, i32 %p_loc24, i32 %p_loc25, i32 %p_loc26, i32 %p_loc27, i32 %p_loc28, i32 %p_loc29, i32 %p_loc30, i32 %p_loc31, i32 %p_loc32, i32 %p_loc33, i32 %p_loc34, i32 %p_loc35, i32 %linear_180_16_float_float_weights, i32 %linear_180_16_float_float_weights_1, i32 %linear_180_16_float_float_weights_2, i32 %linear_180_16_float_float_weights_3, i32 %linear_180_16_float_float_weights_4, i32 %linear_180_16_float_float_weights_5, i32 %linear_180_16_float_float_weights_6, i32 %linear_180_16_float_float_weights_7, i32 %linear_180_16_float_float_weights_8, i32 %linear_180_16_float_float_weights_9, i32 %p_ZZ13linear_180_16PfS_E7weights_10, i32 %p_ZZ13linear_180_16PfS_E7weights_11, i32 %p_ZZ13linear_180_16PfS_E7weights_12, i32 %p_ZZ13linear_180_16PfS_E7weights_13, i32 %p_ZZ13linear_180_16PfS_E7weights_14, i32 %p_ZZ13linear_180_16PfS_E7weights_15"   --->   Operation 41 'call' 'call_ln0' <Predicate = true> <Delay = 0.00> <CoreType = "Generic">   --->   Generic Core

State 5 <SV = 4> <Delay = 0.00>
ST_5 : Operation 42 [1/1] (0.00ns)   --->   "%p_loc34_load = load i32 %p_loc34"   --->   Operation 42 'load' 'p_loc34_load' <Predicate = true> <Delay = 0.00>
ST_5 : Operation 43 [1/1] (0.00ns)   --->   "%p_loc35_load = load i32 %p_loc35"   --->   Operation 43 'load' 'p_loc35_load' <Predicate = true> <Delay = 0.00>
ST_5 : Operation 44 [1/1] (0.00ns)   --->   "%bitcast_ln227 = bitcast i32 %p_loc35_load" [../task_detection_tpu/mlp_engine.cpp:227]   --->   Operation 44 'bitcast' 'bitcast_ln227' <Predicate = true> <Delay = 0.00>
ST_5 : Operation 45 [1/1] (0.00ns)   --->   "%output_r_addr = getelementptr i32 %output_r, i64 0, i64 0" [../task_detection_tpu/mlp_engine.cpp:227]   --->   Operation 45 'getelementptr' 'output_r_addr' <Predicate = true> <Delay = 0.00>
ST_5 : Operation 46 [1/1] ( I:0.00ns O:0.00ns )   --->   "%store_ln227 = store i32 %bitcast_ln227, i4 %output_r_addr" [../task_detection_tpu/mlp_engine.cpp:227]   --->   Operation 46 'store' 'store_ln227' <Predicate = true> <Delay = 0.00> <CoreInst = "RAM">   --->   Core 81 'RAM' <Latency = 1> <II = 1> <Delay = 1.14> <Storage> <Opcode : 'load' 'store'> <Ports = 2> <Width = 32> <Depth = 16> <RAM>
ST_5 : Operation 47 [1/1] (0.00ns)   --->   "%bitcast_ln227_1 = bitcast i32 %p_loc34_load" [../task_detection_tpu/mlp_engine.cpp:227]   --->   Operation 47 'bitcast' 'bitcast_ln227_1' <Predicate = true> <Delay = 0.00>
ST_5 : Operation 48 [1/1] (0.00ns)   --->   "%output_r_addr_1 = getelementptr i32 %output_r, i64 0, i64 1" [../task_detection_tpu/mlp_engine.cpp:227]   --->   Operation 48 'getelementptr' 'output_r_addr_1' <Predicate = true> <Delay = 0.00>
ST_5 : Operation 49 [1/1] ( I:0.00ns O:0.00ns )   --->   "%store_ln227 = store i32 %bitcast_ln227_1, i4 %output_r_addr_1" [../task_detection_tpu/mlp_engine.cpp:227]   --->   Operation 49 'store' 'store_ln227' <Predicate = true> <Delay = 0.00> <CoreInst = "RAM">   --->   Core 81 'RAM' <Latency = 1> <II = 1> <Delay = 1.14> <Storage> <Opcode : 'load' 'store'> <Ports = 2> <Width = 32> <Depth = 16> <RAM>

State 6 <SV = 5> <Delay = 0.00>
ST_6 : Operation 50 [1/1] (0.00ns)   --->   "%p_loc32_load = load i32 %p_loc32"   --->   Operation 50 'load' 'p_loc32_load' <Predicate = true> <Delay = 0.00>
ST_6 : Operation 51 [1/1] (0.00ns)   --->   "%p_loc33_load = load i32 %p_loc33"   --->   Operation 51 'load' 'p_loc33_load' <Predicate = true> <Delay = 0.00>
ST_6 : Operation 52 [1/1] (0.00ns)   --->   "%bitcast_ln227_2 = bitcast i32 %p_loc33_load" [../task_detection_tpu/mlp_engine.cpp:227]   --->   Operation 52 'bitcast' 'bitcast_ln227_2' <Predicate = true> <Delay = 0.00>
ST_6 : Operation 53 [1/1] (0.00ns)   --->   "%output_r_addr_2 = getelementptr i32 %output_r, i64 0, i64 2" [../task_detection_tpu/mlp_engine.cpp:227]   --->   Operation 53 'getelementptr' 'output_r_addr_2' <Predicate = true> <Delay = 0.00>
ST_6 : Operation 54 [1/1] ( I:0.00ns O:0.00ns )   --->   "%store_ln227 = store i32 %bitcast_ln227_2, i4 %output_r_addr_2" [../task_detection_tpu/mlp_engine.cpp:227]   --->   Operation 54 'store' 'store_ln227' <Predicate = true> <Delay = 0.00> <CoreInst = "RAM">   --->   Core 81 'RAM' <Latency = 1> <II = 1> <Delay = 1.14> <Storage> <Opcode : 'load' 'store'> <Ports = 2> <Width = 32> <Depth = 16> <RAM>
ST_6 : Operation 55 [1/1] (0.00ns)   --->   "%bitcast_ln227_3 = bitcast i32 %p_loc32_load" [../task_detection_tpu/mlp_engine.cpp:227]   --->   Operation 55 'bitcast' 'bitcast_ln227_3' <Predicate = true> <Delay = 0.00>
ST_6 : Operation 56 [1/1] (0.00ns)   --->   "%output_r_addr_3 = getelementptr i32 %output_r, i64 0, i64 3" [../task_detection_tpu/mlp_engine.cpp:227]   --->   Operation 56 'getelementptr' 'output_r_addr_3' <Predicate = true> <Delay = 0.00>
ST_6 : Operation 57 [1/1] ( I:0.00ns O:0.00ns )   --->   "%store_ln227 = store i32 %bitcast_ln227_3, i4 %output_r_addr_3" [../task_detection_tpu/mlp_engine.cpp:227]   --->   Operation 57 'store' 'store_ln227' <Predicate = true> <Delay = 0.00> <CoreInst = "RAM">   --->   Core 81 'RAM' <Latency = 1> <II = 1> <Delay = 1.14> <Storage> <Opcode : 'load' 'store'> <Ports = 2> <Width = 32> <Depth = 16> <RAM>

State 7 <SV = 6> <Delay = 0.00>
ST_7 : Operation 58 [1/1] (0.00ns)   --->   "%p_loc30_load = load i32 %p_loc30"   --->   Operation 58 'load' 'p_loc30_load' <Predicate = true> <Delay = 0.00>
ST_7 : Operation 59 [1/1] (0.00ns)   --->   "%p_loc31_load = load i32 %p_loc31"   --->   Operation 59 'load' 'p_loc31_load' <Predicate = true> <Delay = 0.00>
ST_7 : Operation 60 [1/1] (0.00ns)   --->   "%bitcast_ln227_4 = bitcast i32 %p_loc31_load" [../task_detection_tpu/mlp_engine.cpp:227]   --->   Operation 60 'bitcast' 'bitcast_ln227_4' <Predicate = true> <Delay = 0.00>
ST_7 : Operation 61 [1/1] (0.00ns)   --->   "%output_r_addr_4 = getelementptr i32 %output_r, i64 0, i64 4" [../task_detection_tpu/mlp_engine.cpp:227]   --->   Operation 61 'getelementptr' 'output_r_addr_4' <Predicate = true> <Delay = 0.00>
ST_7 : Operation 62 [1/1] ( I:0.00ns O:0.00ns )   --->   "%store_ln227 = store i32 %bitcast_ln227_4, i4 %output_r_addr_4" [../task_detection_tpu/mlp_engine.cpp:227]   --->   Operation 62 'store' 'store_ln227' <Predicate = true> <Delay = 0.00> <CoreInst = "RAM">   --->   Core 81 'RAM' <Latency = 1> <II = 1> <Delay = 1.14> <Storage> <Opcode : 'load' 'store'> <Ports = 2> <Width = 32> <Depth = 16> <RAM>
ST_7 : Operation 63 [1/1] (0.00ns)   --->   "%bitcast_ln227_5 = bitcast i32 %p_loc30_load" [../task_detection_tpu/mlp_engine.cpp:227]   --->   Operation 63 'bitcast' 'bitcast_ln227_5' <Predicate = true> <Delay = 0.00>
ST_7 : Operation 64 [1/1] (0.00ns)   --->   "%output_r_addr_5 = getelementptr i32 %output_r, i64 0, i64 5" [../task_detection_tpu/mlp_engine.cpp:227]   --->   Operation 64 'getelementptr' 'output_r_addr_5' <Predicate = true> <Delay = 0.00>
ST_7 : Operation 65 [1/1] ( I:0.00ns O:0.00ns )   --->   "%store_ln227 = store i32 %bitcast_ln227_5, i4 %output_r_addr_5" [../task_detection_tpu/mlp_engine.cpp:227]   --->   Operation 65 'store' 'store_ln227' <Predicate = true> <Delay = 0.00> <CoreInst = "RAM">   --->   Core 81 'RAM' <Latency = 1> <II = 1> <Delay = 1.14> <Storage> <Opcode : 'load' 'store'> <Ports = 2> <Width = 32> <Depth = 16> <RAM>

State 8 <SV = 7> <Delay = 0.00>
ST_8 : Operation 66 [1/1] (0.00ns)   --->   "%p_loc28_load = load i32 %p_loc28"   --->   Operation 66 'load' 'p_loc28_load' <Predicate = true> <Delay = 0.00>
ST_8 : Operation 67 [1/1] (0.00ns)   --->   "%p_loc29_load = load i32 %p_loc29"   --->   Operation 67 'load' 'p_loc29_load' <Predicate = true> <Delay = 0.00>
ST_8 : Operation 68 [1/1] (0.00ns)   --->   "%bitcast_ln227_6 = bitcast i32 %p_loc29_load" [../task_detection_tpu/mlp_engine.cpp:227]   --->   Operation 68 'bitcast' 'bitcast_ln227_6' <Predicate = true> <Delay = 0.00>
ST_8 : Operation 69 [1/1] (0.00ns)   --->   "%output_r_addr_6 = getelementptr i32 %output_r, i64 0, i64 6" [../task_detection_tpu/mlp_engine.cpp:227]   --->   Operation 69 'getelementptr' 'output_r_addr_6' <Predicate = true> <Delay = 0.00>
ST_8 : Operation 70 [1/1] ( I:0.00ns O:0.00ns )   --->   "%store_ln227 = store i32 %bitcast_ln227_6, i4 %output_r_addr_6" [../task_detection_tpu/mlp_engine.cpp:227]   --->   Operation 70 'store' 'store_ln227' <Predicate = true> <Delay = 0.00> <CoreInst = "RAM">   --->   Core 81 'RAM' <Latency = 1> <II = 1> <Delay = 1.14> <Storage> <Opcode : 'load' 'store'> <Ports = 2> <Width = 32> <Depth = 16> <RAM>
ST_8 : Operation 71 [1/1] (0.00ns)   --->   "%bitcast_ln227_7 = bitcast i32 %p_loc28_load" [../task_detection_tpu/mlp_engine.cpp:227]   --->   Operation 71 'bitcast' 'bitcast_ln227_7' <Predicate = true> <Delay = 0.00>
ST_8 : Operation 72 [1/1] (0.00ns)   --->   "%output_r_addr_7 = getelementptr i32 %output_r, i64 0, i64 7" [../task_detection_tpu/mlp_engine.cpp:227]   --->   Operation 72 'getelementptr' 'output_r_addr_7' <Predicate = true> <Delay = 0.00>
ST_8 : Operation 73 [1/1] ( I:0.00ns O:0.00ns )   --->   "%store_ln227 = store i32 %bitcast_ln227_7, i4 %output_r_addr_7" [../task_detection_tpu/mlp_engine.cpp:227]   --->   Operation 73 'store' 'store_ln227' <Predicate = true> <Delay = 0.00> <CoreInst = "RAM">   --->   Core 81 'RAM' <Latency = 1> <II = 1> <Delay = 1.14> <Storage> <Opcode : 'load' 'store'> <Ports = 2> <Width = 32> <Depth = 16> <RAM>

State 9 <SV = 8> <Delay = 0.00>
ST_9 : Operation 74 [1/1] (0.00ns)   --->   "%p_loc26_load = load i32 %p_loc26"   --->   Operation 74 'load' 'p_loc26_load' <Predicate = true> <Delay = 0.00>
ST_9 : Operation 75 [1/1] (0.00ns)   --->   "%p_loc27_load = load i32 %p_loc27"   --->   Operation 75 'load' 'p_loc27_load' <Predicate = true> <Delay = 0.00>
ST_9 : Operation 76 [1/1] (0.00ns)   --->   "%bitcast_ln227_8 = bitcast i32 %p_loc27_load" [../task_detection_tpu/mlp_engine.cpp:227]   --->   Operation 76 'bitcast' 'bitcast_ln227_8' <Predicate = true> <Delay = 0.00>
ST_9 : Operation 77 [1/1] (0.00ns)   --->   "%output_r_addr_8 = getelementptr i32 %output_r, i64 0, i64 8" [../task_detection_tpu/mlp_engine.cpp:227]   --->   Operation 77 'getelementptr' 'output_r_addr_8' <Predicate = true> <Delay = 0.00>
ST_9 : Operation 78 [1/1] ( I:0.00ns O:0.00ns )   --->   "%store_ln227 = store i32 %bitcast_ln227_8, i4 %output_r_addr_8" [../task_detection_tpu/mlp_engine.cpp:227]   --->   Operation 78 'store' 'store_ln227' <Predicate = true> <Delay = 0.00> <CoreInst = "RAM">   --->   Core 81 'RAM' <Latency = 1> <II = 1> <Delay = 1.14> <Storage> <Opcode : 'load' 'store'> <Ports = 2> <Width = 32> <Depth = 16> <RAM>
ST_9 : Operation 79 [1/1] (0.00ns)   --->   "%bitcast_ln227_9 = bitcast i32 %p_loc26_load" [../task_detection_tpu/mlp_engine.cpp:227]   --->   Operation 79 'bitcast' 'bitcast_ln227_9' <Predicate = true> <Delay = 0.00>
ST_9 : Operation 80 [1/1] (0.00ns)   --->   "%output_r_addr_9 = getelementptr i32 %output_r, i64 0, i64 9" [../task_detection_tpu/mlp_engine.cpp:227]   --->   Operation 80 'getelementptr' 'output_r_addr_9' <Predicate = true> <Delay = 0.00>
ST_9 : Operation 81 [1/1] ( I:0.00ns O:0.00ns )   --->   "%store_ln227 = store i32 %bitcast_ln227_9, i4 %output_r_addr_9" [../task_detection_tpu/mlp_engine.cpp:227]   --->   Operation 81 'store' 'store_ln227' <Predicate = true> <Delay = 0.00> <CoreInst = "RAM">   --->   Core 81 'RAM' <Latency = 1> <II = 1> <Delay = 1.14> <Storage> <Opcode : 'load' 'store'> <Ports = 2> <Width = 32> <Depth = 16> <RAM>

State 10 <SV = 9> <Delay = 0.00>
ST_10 : Operation 82 [1/1] (0.00ns)   --->   "%p_loc24_load = load i32 %p_loc24"   --->   Operation 82 'load' 'p_loc24_load' <Predicate = true> <Delay = 0.00>
ST_10 : Operation 83 [1/1] (0.00ns)   --->   "%p_loc25_load = load i32 %p_loc25"   --->   Operation 83 'load' 'p_loc25_load' <Predicate = true> <Delay = 0.00>
ST_10 : Operation 84 [1/1] (0.00ns)   --->   "%bitcast_ln227_10 = bitcast i32 %p_loc25_load" [../task_detection_tpu/mlp_engine.cpp:227]   --->   Operation 84 'bitcast' 'bitcast_ln227_10' <Predicate = true> <Delay = 0.00>
ST_10 : Operation 85 [1/1] (0.00ns)   --->   "%output_r_addr_10 = getelementptr i32 %output_r, i64 0, i64 10" [../task_detection_tpu/mlp_engine.cpp:227]   --->   Operation 85 'getelementptr' 'output_r_addr_10' <Predicate = true> <Delay = 0.00>
ST_10 : Operation 86 [1/1] ( I:0.00ns O:0.00ns )   --->   "%store_ln227 = store i32 %bitcast_ln227_10, i4 %output_r_addr_10" [../task_detection_tpu/mlp_engine.cpp:227]   --->   Operation 86 'store' 'store_ln227' <Predicate = true> <Delay = 0.00> <CoreInst = "RAM">   --->   Core 81 'RAM' <Latency = 1> <II = 1> <Delay = 1.14> <Storage> <Opcode : 'load' 'store'> <Ports = 2> <Width = 32> <Depth = 16> <RAM>
ST_10 : Operation 87 [1/1] (0.00ns)   --->   "%bitcast_ln227_11 = bitcast i32 %p_loc24_load" [../task_detection_tpu/mlp_engine.cpp:227]   --->   Operation 87 'bitcast' 'bitcast_ln227_11' <Predicate = true> <Delay = 0.00>
ST_10 : Operation 88 [1/1] (0.00ns)   --->   "%output_r_addr_11 = getelementptr i32 %output_r, i64 0, i64 11" [../task_detection_tpu/mlp_engine.cpp:227]   --->   Operation 88 'getelementptr' 'output_r_addr_11' <Predicate = true> <Delay = 0.00>
ST_10 : Operation 89 [1/1] ( I:0.00ns O:0.00ns )   --->   "%store_ln227 = store i32 %bitcast_ln227_11, i4 %output_r_addr_11" [../task_detection_tpu/mlp_engine.cpp:227]   --->   Operation 89 'store' 'store_ln227' <Predicate = true> <Delay = 0.00> <CoreInst = "RAM">   --->   Core 81 'RAM' <Latency = 1> <II = 1> <Delay = 1.14> <Storage> <Opcode : 'load' 'store'> <Ports = 2> <Width = 32> <Depth = 16> <RAM>

State 11 <SV = 10> <Delay = 0.00>
ST_11 : Operation 90 [1/1] (0.00ns)   --->   "%p_loc22_load = load i32 %p_loc22"   --->   Operation 90 'load' 'p_loc22_load' <Predicate = true> <Delay = 0.00>
ST_11 : Operation 91 [1/1] (0.00ns)   --->   "%p_loc23_load = load i32 %p_loc23"   --->   Operation 91 'load' 'p_loc23_load' <Predicate = true> <Delay = 0.00>
ST_11 : Operation 92 [1/1] (0.00ns)   --->   "%bitcast_ln227_12 = bitcast i32 %p_loc23_load" [../task_detection_tpu/mlp_engine.cpp:227]   --->   Operation 92 'bitcast' 'bitcast_ln227_12' <Predicate = true> <Delay = 0.00>
ST_11 : Operation 93 [1/1] (0.00ns)   --->   "%output_r_addr_12 = getelementptr i32 %output_r, i64 0, i64 12" [../task_detection_tpu/mlp_engine.cpp:227]   --->   Operation 93 'getelementptr' 'output_r_addr_12' <Predicate = true> <Delay = 0.00>
ST_11 : Operation 94 [1/1] ( I:0.00ns O:0.00ns )   --->   "%store_ln227 = store i32 %bitcast_ln227_12, i4 %output_r_addr_12" [../task_detection_tpu/mlp_engine.cpp:227]   --->   Operation 94 'store' 'store_ln227' <Predicate = true> <Delay = 0.00> <CoreInst = "RAM">   --->   Core 81 'RAM' <Latency = 1> <II = 1> <Delay = 1.14> <Storage> <Opcode : 'load' 'store'> <Ports = 2> <Width = 32> <Depth = 16> <RAM>
ST_11 : Operation 95 [1/1] (0.00ns)   --->   "%bitcast_ln227_13 = bitcast i32 %p_loc22_load" [../task_detection_tpu/mlp_engine.cpp:227]   --->   Operation 95 'bitcast' 'bitcast_ln227_13' <Predicate = true> <Delay = 0.00>
ST_11 : Operation 96 [1/1] (0.00ns)   --->   "%output_r_addr_13 = getelementptr i32 %output_r, i64 0, i64 13" [../task_detection_tpu/mlp_engine.cpp:227]   --->   Operation 96 'getelementptr' 'output_r_addr_13' <Predicate = true> <Delay = 0.00>
ST_11 : Operation 97 [1/1] ( I:0.00ns O:0.00ns )   --->   "%store_ln227 = store i32 %bitcast_ln227_13, i4 %output_r_addr_13" [../task_detection_tpu/mlp_engine.cpp:227]   --->   Operation 97 'store' 'store_ln227' <Predicate = true> <Delay = 0.00> <CoreInst = "RAM">   --->   Core 81 'RAM' <Latency = 1> <II = 1> <Delay = 1.14> <Storage> <Opcode : 'load' 'store'> <Ports = 2> <Width = 32> <Depth = 16> <RAM>

State 12 <SV = 11> <Delay = 0.00>
ST_12 : Operation 98 [1/1] (0.00ns)   --->   "%p_loc_load = load i32 %p_loc"   --->   Operation 98 'load' 'p_loc_load' <Predicate = true> <Delay = 0.00>
ST_12 : Operation 99 [1/1] (0.00ns)   --->   "%p_loc21_load = load i32 %p_loc21"   --->   Operation 99 'load' 'p_loc21_load' <Predicate = true> <Delay = 0.00>
ST_12 : Operation 100 [1/1] (0.00ns)   --->   "%bitcast_ln227_14 = bitcast i32 %p_loc21_load" [../task_detection_tpu/mlp_engine.cpp:227]   --->   Operation 100 'bitcast' 'bitcast_ln227_14' <Predicate = true> <Delay = 0.00>
ST_12 : Operation 101 [1/1] (0.00ns)   --->   "%output_r_addr_14 = getelementptr i32 %output_r, i64 0, i64 14" [../task_detection_tpu/mlp_engine.cpp:227]   --->   Operation 101 'getelementptr' 'output_r_addr_14' <Predicate = true> <Delay = 0.00>
ST_12 : Operation 102 [1/1] ( I:0.00ns O:0.00ns )   --->   "%store_ln227 = store i32 %bitcast_ln227_14, i4 %output_r_addr_14" [../task_detection_tpu/mlp_engine.cpp:227]   --->   Operation 102 'store' 'store_ln227' <Predicate = true> <Delay = 0.00> <CoreInst = "RAM">   --->   Core 81 'RAM' <Latency = 1> <II = 1> <Delay = 1.14> <Storage> <Opcode : 'load' 'store'> <Ports = 2> <Width = 32> <Depth = 16> <RAM>
ST_12 : Operation 103 [1/1] (0.00ns)   --->   "%bitcast_ln227_15 = bitcast i32 %p_loc_load" [../task_detection_tpu/mlp_engine.cpp:227]   --->   Operation 103 'bitcast' 'bitcast_ln227_15' <Predicate = true> <Delay = 0.00>
ST_12 : Operation 104 [1/1] (0.00ns)   --->   "%output_r_addr_15 = getelementptr i32 %output_r, i64 0, i64 15" [../task_detection_tpu/mlp_engine.cpp:227]   --->   Operation 104 'getelementptr' 'output_r_addr_15' <Predicate = true> <Delay = 0.00>
ST_12 : Operation 105 [1/1] ( I:0.00ns O:0.00ns )   --->   "%store_ln227 = store i32 %bitcast_ln227_15, i4 %output_r_addr_15" [../task_detection_tpu/mlp_engine.cpp:227]   --->   Operation 105 'store' 'store_ln227' <Predicate = true> <Delay = 0.00> <CoreInst = "RAM">   --->   Core 81 'RAM' <Latency = 1> <II = 1> <Delay = 1.14> <Storage> <Opcode : 'load' 'store'> <Ports = 2> <Width = 32> <Depth = 16> <RAM>
ST_12 : Operation 106 [1/1] (0.00ns)   --->   "%ret_ln229 = ret" [../task_detection_tpu/mlp_engine.cpp:229]   --->   Operation 106 'ret' 'ret_ln229' <Predicate = true> <Delay = 0.00>


============================================================
+ Verbose Summary: Timing violations
============================================================
Target clock period: 10.000ns, clock uncertainty: 2.700ns.

 <State 1>: 0.000ns
The critical path consists of the following:

 <State 2>: 3.018ns
The critical path consists of the following:
	'call' operation ('call_ln0') to 'linear_180_16_Pipeline_VITIS_LOOP_190_1_VITIS_LOOP_192_2' [44]  (3.018 ns)

 <State 3>: 0.000ns
The critical path consists of the following:

 <State 4>: 0.000ns
The critical path consists of the following:

 <State 5>: 0.000ns
The critical path consists of the following:

 <State 6>: 0.000ns
The critical path consists of the following:

 <State 7>: 0.000ns
The critical path consists of the following:

 <State 8>: 0.000ns
The critical path consists of the following:

 <State 9>: 0.000ns
The critical path consists of the following:

 <State 10>: 0.000ns
The critical path consists of the following:

 <State 11>: 0.000ns
The critical path consists of the following:

 <State 12>: 0.000ns
The critical path consists of the following:


============================================================
+ Verbose Summary: Binding
============================================================
N/A
* FSMD analyzer results:
  - Output states:
 - Input state : 
  - Chain level:
	State 1
	State 2
	State 3
	State 4
	State 5
	State 6
	State 7
	State 8
	State 9
	State 10
	State 11
	State 12


============================================================
+ Verbose Summary: Datapath Resource usage 
============================================================
N/A
