

================================================================
== Vitis HLS Report for 'linear_180_16_Pipeline_VITIS_LOOP_190_1_VITIS_LOOP_192_2'
================================================================
* Date:           Mon Jun 15 16:42:37 2026

* Version:        2025.2 (Build 6295257 on Nov 14 2025)
* Project:        linear_180_16
* Solution:       hls (Vivado IP Flow Target)
* Product family: kintex7
* Target device:  xc7k325t-ffg900-2


================================================================
== Performance Estimates
================================================================
+ Timing: 
    * Summary: 
    +--------+----------+----------+------------+
    |  Clock |  Target  | Estimated| Uncertainty|
    +--------+----------+----------+------------+
    |ap_clk  |  10.00 ns|  6.100 ns|     2.70 ns|
    +--------+----------+----------+------------+

+ Latency: 
    * Summary: 
    +---------+---------+-----------+-----------+-----+-----+-------------------+
    |  Latency (cycles) |   Latency (absolute)  |  Interval |      Pipeline     |
    |   min   |   max   |    min    |    max    | min | max |        Type       |
    +---------+---------+-----------+-----------+-----+-----+-------------------+
    |     2882|     2882|  28.820 us|  28.820 us|    0|    0|  loop pipeline stp|
    +---------+---------+-----------+-----------+-----+-----+-------------------+

    + Detail: 
        * Instance: 
        N/A

        * Loop: 
        +-------------------------------------+---------+---------+----------+-----------+-----------+------+----------+
        |                                     |  Latency (cycles) | Iteration|  Initiation Interval  | Trip |          |
        |              Loop Name              |   min   |   max   |  Latency |  achieved |   target  | Count| Pipelined|
        +-------------------------------------+---------+---------+----------+-----------+-----------+------+----------+
        |- VITIS_LOOP_190_1_VITIS_LOOP_192_2  |     2880|     2880|         1|          1|          1|  2880|       yes|
        +-------------------------------------+---------+---------+----------+-----------+-----------+------+----------+

============================================================
+ Verbose Summary: Synthesis Manager
============================================================
InlineROM: 1
ExposeGlobal: 0
============================================================
+ Verbose Summary: CDFG Model
============================================================
IsTopModel: 0
ResetActiveHigh: 1
IsCombinational: 0
IsDatapathOnly: 0
HasWiredReturn: 1
HasMFsm: 2
HasVarLatency: 1
IsPipeline: 0
IsRtlPipelined: 0
IsInstanceOverlapped: 0
IsDontTouch: 0
HasImplIP: 0
IsGatedGlobalClock: 0

+ Individual pipeline summary: 
  * Pipeline-0: initiation interval (II) = 1, depth = 1


============================================================
+ Verbose Summary: Schedule
============================================================
* Number of FSM states : 1
* Pipeline : 1
  Pipeline-0 : II = 1, D = 1, States = { 1 }
* Dataflow Pipeline: 0

* FSM state transitions: 
1 --> 

* FSM state operations: 

State 1 <SV = 0> <Delay = 6.10>
ST_1 : Operation 4 [1/1] (0.00ns)   --->   "%i = alloca i32 1" [../task_detection_tpu/mlp_engine.cpp:192]   --->   Operation 4 'alloca' 'i' <Predicate = true> <Delay = 0.00>
ST_1 : Operation 5 [1/1] (0.00ns)   --->   "%o = alloca i32 1" [../task_detection_tpu/mlp_engine.cpp:190]   --->   Operation 5 'alloca' 'o' <Predicate = true> <Delay = 0.00>
ST_1 : Operation 6 [1/1] (0.00ns)   --->   "%indvar_flatten = alloca i32 1"   --->   Operation 6 'alloca' 'indvar_flatten' <Predicate = true> <Delay = 0.00>
ST_1 : Operation 7 [1/1] (0.83ns)   --->   "%store_ln0 = store i12 0, i12 %indvar_flatten"   --->   Operation 7 'store' 'store_ln0' <Predicate = true> <Delay = 0.83>
ST_1 : Operation 8 [1/1] (0.83ns)   --->   "%store_ln190 = store i5 0, i5 %o" [../task_detection_tpu/mlp_engine.cpp:190]   --->   Operation 8 'store' 'store_ln190' <Predicate = true> <Delay = 0.83>
ST_1 : Operation 9 [1/1] (0.83ns)   --->   "%store_ln192 = store i8 0, i8 %i" [../task_detection_tpu/mlp_engine.cpp:192]   --->   Operation 9 'store' 'store_ln192' <Predicate = true> <Delay = 0.83>
ST_1 : Operation 10 [1/1] (0.00ns)   --->   "%br_ln0 = br void %for.inc"   --->   Operation 10 'br' 'br_ln0' <Predicate = true> <Delay = 0.00>
ST_1 : Operation 11 [1/1] (0.00ns)   --->   "%indvar_flatten_load = load i12 %indvar_flatten" [../task_detection_tpu/mlp_engine.cpp:190]   --->   Operation 11 'load' 'indvar_flatten_load' <Predicate = true> <Delay = 0.00>
ST_1 : Operation 12 [1/1] (1.35ns)   --->   "%icmp_ln190 = icmp_eq  i12 %indvar_flatten_load, i12 2880" [../task_detection_tpu/mlp_engine.cpp:190]   --->   Operation 12 'icmp' 'icmp_ln190' <Predicate = true> <Delay = 1.35> <CoreInst = "Cmp">   --->   Core 9 'Cmp' <Latency = 0> <II = 1> <Delay = 1.35> <FuncUnit> <Opcode : 'seteq' 'setne' 'setle' 'setge' 'setlt' 'setgt'> <InPorts = 2> <OutPorts = 1>
ST_1 : Operation 13 [1/1] (1.35ns)   --->   "%add_ln190 = add i12 %indvar_flatten_load, i12 1" [../task_detection_tpu/mlp_engine.cpp:190]   --->   Operation 13 'add' 'add_ln190' <Predicate = true> <Delay = 1.35> <CoreInst = "Adder">   --->   Core 1 'Adder' <Latency = 0> <II = 1> <Delay = 1.35> <FuncUnit> <Opcode : 'add' 'sub'> <InPorts = 2> <OutPorts = 1>
ST_1 : Operation 14 [1/1] (0.00ns)   --->   "%br_ln190 = br i1 %icmp_ln190, void %for.inc7, void %for.end9.exitStub" [../task_detection_tpu/mlp_engine.cpp:190]   --->   Operation 14 'br' 'br_ln190' <Predicate = true> <Delay = 0.00>
ST_1 : Operation 15 [1/1] (0.00ns)   --->   "%i_load = load i8 %i" [../task_detection_tpu/mlp_engine.cpp:192]   --->   Operation 15 'load' 'i_load' <Predicate = (!icmp_ln190)> <Delay = 0.00>
ST_1 : Operation 16 [1/1] (0.00ns)   --->   "%o_load = load i5 %o" [../task_detection_tpu/mlp_engine.cpp:190]   --->   Operation 16 'load' 'o_load' <Predicate = (!icmp_ln190)> <Delay = 0.00>
ST_1 : Operation 17 [1/1] (0.00ns)   --->   "%specloopname_ln0 = specloopname void @_ssdm_op_SpecLoopName, void @VITIS_LOOP_190_1_VITIS_LOOP_192_2_str"   --->   Operation 17 'specloopname' 'specloopname_ln0' <Predicate = (!icmp_ln190)> <Delay = 0.00>
ST_1 : Operation 18 [1/1] (0.00ns)   --->   "%speclooptripcount_ln0 = speclooptripcount void @_ssdm_op_SpecLoopTripCount, i64 2880, i64 2880, i64 2880"   --->   Operation 18 'speclooptripcount' 'speclooptripcount_ln0' <Predicate = (!icmp_ln190)> <Delay = 0.00>
ST_1 : Operation 19 [1/1] (1.35ns)   --->   "%icmp_ln192 = icmp_eq  i8 %i_load, i8 180" [../task_detection_tpu/mlp_engine.cpp:192]   --->   Operation 19 'icmp' 'icmp_ln192' <Predicate = (!icmp_ln190)> <Delay = 1.35> <CoreInst = "Cmp">   --->   Core 9 'Cmp' <Latency = 0> <II = 1> <Delay = 1.35> <FuncUnit> <Opcode : 'seteq' 'setne' 'setle' 'setge' 'setlt' 'setgt'> <InPorts = 2> <OutPorts = 1>
ST_1 : Operation 20 [1/1] (0.37ns)   --->   "%select_ln190 = select i1 %icmp_ln192, i8 0, i8 %i_load" [../task_detection_tpu/mlp_engine.cpp:190]   --->   Operation 20 'select' 'select_ln190' <Predicate = (!icmp_ln190)> <Delay = 0.37> <CoreInst = "Sel">   --->   Core 73 'Sel' <Latency = 0> <II = 1> <Delay = 0.37> <FuncUnit> <Opcode : 'select'> <InPorts = 3> <OutPorts = 1>
ST_1 : Operation 21 [1/1] (1.10ns)   --->   "%add_ln190_1 = add i5 %o_load, i5 1" [../task_detection_tpu/mlp_engine.cpp:190]   --->   Operation 21 'add' 'add_ln190_1' <Predicate = (!icmp_ln190)> <Delay = 1.10> <CoreInst = "Adder">   --->   Core 1 'Adder' <Latency = 0> <II = 1> <Delay = 1.10> <FuncUnit> <Opcode : 'add' 'sub'> <InPorts = 2> <OutPorts = 1>
ST_1 : Operation 22 [1/1] (0.62ns)   --->   "%select_ln190_1 = select i1 %icmp_ln192, i5 %add_ln190_1, i5 %o_load" [../task_detection_tpu/mlp_engine.cpp:190]   --->   Operation 22 'select' 'select_ln190_1' <Predicate = (!icmp_ln190)> <Delay = 0.62> <CoreInst = "Sel">   --->   Core 73 'Sel' <Latency = 0> <II = 1> <Delay = 0.62> <FuncUnit> <Opcode : 'select'> <InPorts = 3> <OutPorts = 1>
ST_1 : Operation 23 [1/1] (0.00ns)   --->   "%trunc_ln190 = trunc i5 %select_ln190_1" [../task_detection_tpu/mlp_engine.cpp:190]   --->   Operation 23 'trunc' 'trunc_ln190' <Predicate = (!icmp_ln190)> <Delay = 0.00>
ST_1 : Operation 24 [1/1] (0.00ns)   --->   "%zext_ln192 = zext i8 %select_ln190" [../task_detection_tpu/mlp_engine.cpp:192]   --->   Operation 24 'zext' 'zext_ln192' <Predicate = (!icmp_ln190)> <Delay = 0.00>
ST_1 : Operation 25 [1/1] (0.00ns)   --->   "%specpipeline_ln192 = specpipeline void @_ssdm_op_SpecPipeline, i32 4294967295, i32 0, i32 0, i32 0, i32 4294967295, void @empty_0" [../task_detection_tpu/mlp_engine.cpp:192]   --->   Operation 25 'specpipeline' 'specpipeline_ln192' <Predicate = (!icmp_ln190)> <Delay = 0.00>
ST_1 : Operation 26 [1/1] (0.00ns)   --->   "%linear_180_16_float_float_weights_addr = getelementptr i32 %linear_180_16_float_float_weights, i64 0, i64 %zext_ln192" [../task_detection_tpu/mlp_engine.cpp:194]   --->   Operation 26 'getelementptr' 'linear_180_16_float_float_weights_addr' <Predicate = (!icmp_ln190)> <Delay = 0.00>
ST_1 : Operation 27 [1/1] (0.00ns)   --->   "%linear_180_16_float_float_weights_1_addr = getelementptr i32 %linear_180_16_float_float_weights_1, i64 0, i64 %zext_ln192" [../task_detection_tpu/mlp_engine.cpp:194]   --->   Operation 27 'getelementptr' 'linear_180_16_float_float_weights_1_addr' <Predicate = (!icmp_ln190)> <Delay = 0.00>
ST_1 : Operation 28 [1/1] (0.00ns)   --->   "%linear_180_16_float_float_weights_2_addr = getelementptr i32 %linear_180_16_float_float_weights_2, i64 0, i64 %zext_ln192" [../task_detection_tpu/mlp_engine.cpp:194]   --->   Operation 28 'getelementptr' 'linear_180_16_float_float_weights_2_addr' <Predicate = (!icmp_ln190)> <Delay = 0.00>
ST_1 : Operation 29 [1/1] (0.00ns)   --->   "%linear_180_16_float_float_weights_3_addr = getelementptr i32 %linear_180_16_float_float_weights_3, i64 0, i64 %zext_ln192" [../task_detection_tpu/mlp_engine.cpp:194]   --->   Operation 29 'getelementptr' 'linear_180_16_float_float_weights_3_addr' <Predicate = (!icmp_ln190)> <Delay = 0.00>
ST_1 : Operation 30 [1/1] (0.00ns)   --->   "%linear_180_16_float_float_weights_4_addr = getelementptr i32 %linear_180_16_float_float_weights_4, i64 0, i64 %zext_ln192" [../task_detection_tpu/mlp_engine.cpp:194]   --->   Operation 30 'getelementptr' 'linear_180_16_float_float_weights_4_addr' <Predicate = (!icmp_ln190)> <Delay = 0.00>
ST_1 : Operation 31 [1/1] (0.00ns)   --->   "%linear_180_16_float_float_weights_5_addr = getelementptr i32 %linear_180_16_float_float_weights_5, i64 0, i64 %zext_ln192" [../task_detection_tpu/mlp_engine.cpp:194]   --->   Operation 31 'getelementptr' 'linear_180_16_float_float_weights_5_addr' <Predicate = (!icmp_ln190)> <Delay = 0.00>
ST_1 : Operation 32 [1/1] (0.00ns)   --->   "%linear_180_16_float_float_weights_6_addr = getelementptr i32 %linear_180_16_float_float_weights_6, i64 0, i64 %zext_ln192" [../task_detection_tpu/mlp_engine.cpp:194]   --->   Operation 32 'getelementptr' 'linear_180_16_float_float_weights_6_addr' <Predicate = (!icmp_ln190)> <Delay = 0.00>
ST_1 : Operation 33 [1/1] (0.00ns)   --->   "%linear_180_16_float_float_weights_7_addr = getelementptr i32 %linear_180_16_float_float_weights_7, i64 0, i64 %zext_ln192" [../task_detection_tpu/mlp_engine.cpp:194]   --->   Operation 33 'getelementptr' 'linear_180_16_float_float_weights_7_addr' <Predicate = (!icmp_ln190)> <Delay = 0.00>
ST_1 : Operation 34 [1/1] (0.00ns)   --->   "%linear_180_16_float_float_weights_8_addr = getelementptr i32 %linear_180_16_float_float_weights_8, i64 0, i64 %zext_ln192" [../task_detection_tpu/mlp_engine.cpp:194]   --->   Operation 34 'getelementptr' 'linear_180_16_float_float_weights_8_addr' <Predicate = (!icmp_ln190)> <Delay = 0.00>
ST_1 : Operation 35 [1/1] (0.00ns)   --->   "%linear_180_16_float_float_weights_9_addr = getelementptr i32 %linear_180_16_float_float_weights_9, i64 0, i64 %zext_ln192" [../task_detection_tpu/mlp_engine.cpp:194]   --->   Operation 35 'getelementptr' 'linear_180_16_float_float_weights_9_addr' <Predicate = (!icmp_ln190)> <Delay = 0.00>
ST_1 : Operation 36 [1/1] (0.00ns)   --->   "%p_ZZ13linear_180_16PfS_E7weights_10_addr = getelementptr i32 %p_ZZ13linear_180_16PfS_E7weights_10, i64 0, i64 %zext_ln192" [../task_detection_tpu/mlp_engine.cpp:194]   --->   Operation 36 'getelementptr' 'p_ZZ13linear_180_16PfS_E7weights_10_addr' <Predicate = (!icmp_ln190)> <Delay = 0.00>
ST_1 : Operation 37 [1/1] (0.00ns)   --->   "%p_ZZ13linear_180_16PfS_E7weights_11_addr = getelementptr i32 %p_ZZ13linear_180_16PfS_E7weights_11, i64 0, i64 %zext_ln192" [../task_detection_tpu/mlp_engine.cpp:194]   --->   Operation 37 'getelementptr' 'p_ZZ13linear_180_16PfS_E7weights_11_addr' <Predicate = (!icmp_ln190)> <Delay = 0.00>
ST_1 : Operation 38 [1/1] (0.00ns)   --->   "%p_ZZ13linear_180_16PfS_E7weights_12_addr = getelementptr i32 %p_ZZ13linear_180_16PfS_E7weights_12, i64 0, i64 %zext_ln192" [../task_detection_tpu/mlp_engine.cpp:194]   --->   Operation 38 'getelementptr' 'p_ZZ13linear_180_16PfS_E7weights_12_addr' <Predicate = (!icmp_ln190)> <Delay = 0.00>
ST_1 : Operation 39 [1/1] (0.00ns)   --->   "%p_ZZ13linear_180_16PfS_E7weights_13_addr = getelementptr i32 %p_ZZ13linear_180_16PfS_E7weights_13, i64 0, i64 %zext_ln192" [../task_detection_tpu/mlp_engine.cpp:194]   --->   Operation 39 'getelementptr' 'p_ZZ13linear_180_16PfS_E7weights_13_addr' <Predicate = (!icmp_ln190)> <Delay = 0.00>
ST_1 : Operation 40 [1/1] (0.00ns)   --->   "%p_ZZ13linear_180_16PfS_E7weights_14_addr = getelementptr i32 %p_ZZ13linear_180_16PfS_E7weights_14, i64 0, i64 %zext_ln192" [../task_detection_tpu/mlp_engine.cpp:194]   --->   Operation 40 'getelementptr' 'p_ZZ13linear_180_16PfS_E7weights_14_addr' <Predicate = (!icmp_ln190)> <Delay = 0.00>
ST_1 : Operation 41 [1/1] (0.00ns)   --->   "%linear_180_16_float_float_weights = getelementptr i32 %p_ZZ13linear_180_16PfS_E7weights_15, i64 0, i64 %zext_ln192" [../task_detection_tpu/mlp_engine.cpp:194]   --->   Operation 41 'getelementptr' 'linear_180_16_float_float_weights' <Predicate = (!icmp_ln190)> <Delay = 0.00>
ST_1 : Operation 42 [1/1] (1.01ns)   --->   "%switch_ln194 = switch i4 %trunc_ln190, void %arrayidx62.case.15, i4 0, void %arrayidx62.case.0, i4 1, void %arrayidx62.case.1, i4 2, void %arrayidx62.case.2, i4 3, void %arrayidx62.case.3, i4 4, void %arrayidx62.case.4, i4 5, void %arrayidx62.case.5, i4 6, void %arrayidx62.case.6, i4 7, void %arrayidx62.case.7, i4 8, void %arrayidx62.case.8, i4 9, void %arrayidx62.case.9, i4 10, void %arrayidx62.case.10, i4 11, void %arrayidx62.case.11, i4 12, void %arrayidx62.case.12, i4 13, void %arrayidx62.case.13, i4 14, void %arrayidx62.case.14" [../task_detection_tpu/mlp_engine.cpp:194]   --->   Operation 42 'switch' 'switch_ln194' <Predicate = (!icmp_ln190)> <Delay = 1.01>
ST_1 : Operation 43 [1/1] ( I:2.26ns O:2.26ns )   --->   "%store_ln194 = store i32 0.01, i8 %p_ZZ13linear_180_16PfS_E7weights_14_addr" [../task_detection_tpu/mlp_engine.cpp:194]   --->   Operation 43 'store' 'store_ln194' <Predicate = (!icmp_ln190 & trunc_ln190 == 14)> <Delay = 2.26> <CoreInst = "RAM">   --->   Core 81 'RAM' <Latency = 1> <II = 1> <Delay = 2.26> <Storage> <Opcode : 'load' 'store'> <Ports = 2> <Width = 32> <Depth = 180> <RAM>
ST_1 : Operation 44 [1/1] (0.00ns)   --->   "%br_ln194 = br void %arrayidx62.exit" [../task_detection_tpu/mlp_engine.cpp:194]   --->   Operation 44 'br' 'br_ln194' <Predicate = (!icmp_ln190 & trunc_ln190 == 14)> <Delay = 0.00>
ST_1 : Operation 45 [1/1] ( I:2.26ns O:2.26ns )   --->   "%store_ln194 = store i32 0.01, i8 %p_ZZ13linear_180_16PfS_E7weights_13_addr" [../task_detection_tpu/mlp_engine.cpp:194]   --->   Operation 45 'store' 'store_ln194' <Predicate = (!icmp_ln190 & trunc_ln190 == 13)> <Delay = 2.26> <CoreInst = "RAM">   --->   Core 81 'RAM' <Latency = 1> <II = 1> <Delay = 2.26> <Storage> <Opcode : 'load' 'store'> <Ports = 2> <Width = 32> <Depth = 180> <RAM>
ST_1 : Operation 46 [1/1] (0.00ns)   --->   "%br_ln194 = br void %arrayidx62.exit" [../task_detection_tpu/mlp_engine.cpp:194]   --->   Operation 46 'br' 'br_ln194' <Predicate = (!icmp_ln190 & trunc_ln190 == 13)> <Delay = 0.00>
ST_1 : Operation 47 [1/1] ( I:2.26ns O:2.26ns )   --->   "%store_ln194 = store i32 0.01, i8 %p_ZZ13linear_180_16PfS_E7weights_12_addr" [../task_detection_tpu/mlp_engine.cpp:194]   --->   Operation 47 'store' 'store_ln194' <Predicate = (!icmp_ln190 & trunc_ln190 == 12)> <Delay = 2.26> <CoreInst = "RAM">   --->   Core 81 'RAM' <Latency = 1> <II = 1> <Delay = 2.26> <Storage> <Opcode : 'load' 'store'> <Ports = 2> <Width = 32> <Depth = 180> <RAM>
ST_1 : Operation 48 [1/1] (0.00ns)   --->   "%br_ln194 = br void %arrayidx62.exit" [../task_detection_tpu/mlp_engine.cpp:194]   --->   Operation 48 'br' 'br_ln194' <Predicate = (!icmp_ln190 & trunc_ln190 == 12)> <Delay = 0.00>
ST_1 : Operation 49 [1/1] ( I:2.26ns O:2.26ns )   --->   "%store_ln194 = store i32 0.01, i8 %p_ZZ13linear_180_16PfS_E7weights_11_addr" [../task_detection_tpu/mlp_engine.cpp:194]   --->   Operation 49 'store' 'store_ln194' <Predicate = (!icmp_ln190 & trunc_ln190 == 11)> <Delay = 2.26> <CoreInst = "RAM">   --->   Core 81 'RAM' <Latency = 1> <II = 1> <Delay = 2.26> <Storage> <Opcode : 'load' 'store'> <Ports = 2> <Width = 32> <Depth = 180> <RAM>
ST_1 : Operation 50 [1/1] (0.00ns)   --->   "%br_ln194 = br void %arrayidx62.exit" [../task_detection_tpu/mlp_engine.cpp:194]   --->   Operation 50 'br' 'br_ln194' <Predicate = (!icmp_ln190 & trunc_ln190 == 11)> <Delay = 0.00>
ST_1 : Operation 51 [1/1] ( I:2.26ns O:2.26ns )   --->   "%store_ln194 = store i32 0.01, i8 %p_ZZ13linear_180_16PfS_E7weights_10_addr" [../task_detection_tpu/mlp_engine.cpp:194]   --->   Operation 51 'store' 'store_ln194' <Predicate = (!icmp_ln190 & trunc_ln190 == 10)> <Delay = 2.26> <CoreInst = "RAM">   --->   Core 81 'RAM' <Latency = 1> <II = 1> <Delay = 2.26> <Storage> <Opcode : 'load' 'store'> <Ports = 2> <Width = 32> <Depth = 180> <RAM>
ST_1 : Operation 52 [1/1] (0.00ns)   --->   "%br_ln194 = br void %arrayidx62.exit" [../task_detection_tpu/mlp_engine.cpp:194]   --->   Operation 52 'br' 'br_ln194' <Predicate = (!icmp_ln190 & trunc_ln190 == 10)> <Delay = 0.00>
ST_1 : Operation 53 [1/1] ( I:2.26ns O:2.26ns )   --->   "%store_ln194 = store i32 0.01, i8 %linear_180_16_float_float_weights_9_addr" [../task_detection_tpu/mlp_engine.cpp:194]   --->   Operation 53 'store' 'store_ln194' <Predicate = (!icmp_ln190 & trunc_ln190 == 9)> <Delay = 2.26> <CoreInst = "RAM">   --->   Core 81 'RAM' <Latency = 1> <II = 1> <Delay = 2.26> <Storage> <Opcode : 'load' 'store'> <Ports = 2> <Width = 32> <Depth = 180> <RAM>
ST_1 : Operation 54 [1/1] (0.00ns)   --->   "%br_ln194 = br void %arrayidx62.exit" [../task_detection_tpu/mlp_engine.cpp:194]   --->   Operation 54 'br' 'br_ln194' <Predicate = (!icmp_ln190 & trunc_ln190 == 9)> <Delay = 0.00>
ST_1 : Operation 55 [1/1] ( I:2.26ns O:2.26ns )   --->   "%store_ln194 = store i32 0.01, i8 %linear_180_16_float_float_weights_8_addr" [../task_detection_tpu/mlp_engine.cpp:194]   --->   Operation 55 'store' 'store_ln194' <Predicate = (!icmp_ln190 & trunc_ln190 == 8)> <Delay = 2.26> <CoreInst = "RAM">   --->   Core 81 'RAM' <Latency = 1> <II = 1> <Delay = 2.26> <Storage> <Opcode : 'load' 'store'> <Ports = 2> <Width = 32> <Depth = 180> <RAM>
ST_1 : Operation 56 [1/1] (0.00ns)   --->   "%br_ln194 = br void %arrayidx62.exit" [../task_detection_tpu/mlp_engine.cpp:194]   --->   Operation 56 'br' 'br_ln194' <Predicate = (!icmp_ln190 & trunc_ln190 == 8)> <Delay = 0.00>
ST_1 : Operation 57 [1/1] ( I:2.26ns O:2.26ns )   --->   "%store_ln194 = store i32 0.01, i8 %linear_180_16_float_float_weights_7_addr" [../task_detection_tpu/mlp_engine.cpp:194]   --->   Operation 57 'store' 'store_ln194' <Predicate = (!icmp_ln190 & trunc_ln190 == 7)> <Delay = 2.26> <CoreInst = "RAM">   --->   Core 81 'RAM' <Latency = 1> <II = 1> <Delay = 2.26> <Storage> <Opcode : 'load' 'store'> <Ports = 2> <Width = 32> <Depth = 180> <RAM>
ST_1 : Operation 58 [1/1] (0.00ns)   --->   "%br_ln194 = br void %arrayidx62.exit" [../task_detection_tpu/mlp_engine.cpp:194]   --->   Operation 58 'br' 'br_ln194' <Predicate = (!icmp_ln190 & trunc_ln190 == 7)> <Delay = 0.00>
ST_1 : Operation 59 [1/1] ( I:2.26ns O:2.26ns )   --->   "%store_ln194 = store i32 0.01, i8 %linear_180_16_float_float_weights_6_addr" [../task_detection_tpu/mlp_engine.cpp:194]   --->   Operation 59 'store' 'store_ln194' <Predicate = (!icmp_ln190 & trunc_ln190 == 6)> <Delay = 2.26> <CoreInst = "RAM">   --->   Core 81 'RAM' <Latency = 1> <II = 1> <Delay = 2.26> <Storage> <Opcode : 'load' 'store'> <Ports = 2> <Width = 32> <Depth = 180> <RAM>
ST_1 : Operation 60 [1/1] (0.00ns)   --->   "%br_ln194 = br void %arrayidx62.exit" [../task_detection_tpu/mlp_engine.cpp:194]   --->   Operation 60 'br' 'br_ln194' <Predicate = (!icmp_ln190 & trunc_ln190 == 6)> <Delay = 0.00>
ST_1 : Operation 61 [1/1] ( I:2.26ns O:2.26ns )   --->   "%store_ln194 = store i32 0.01, i8 %linear_180_16_float_float_weights_5_addr" [../task_detection_tpu/mlp_engine.cpp:194]   --->   Operation 61 'store' 'store_ln194' <Predicate = (!icmp_ln190 & trunc_ln190 == 5)> <Delay = 2.26> <CoreInst = "RAM">   --->   Core 81 'RAM' <Latency = 1> <II = 1> <Delay = 2.26> <Storage> <Opcode : 'load' 'store'> <Ports = 2> <Width = 32> <Depth = 180> <RAM>
ST_1 : Operation 62 [1/1] (0.00ns)   --->   "%br_ln194 = br void %arrayidx62.exit" [../task_detection_tpu/mlp_engine.cpp:194]   --->   Operation 62 'br' 'br_ln194' <Predicate = (!icmp_ln190 & trunc_ln190 == 5)> <Delay = 0.00>
ST_1 : Operation 63 [1/1] ( I:2.26ns O:2.26ns )   --->   "%store_ln194 = store i32 0.01, i8 %linear_180_16_float_float_weights_4_addr" [../task_detection_tpu/mlp_engine.cpp:194]   --->   Operation 63 'store' 'store_ln194' <Predicate = (!icmp_ln190 & trunc_ln190 == 4)> <Delay = 2.26> <CoreInst = "RAM">   --->   Core 81 'RAM' <Latency = 1> <II = 1> <Delay = 2.26> <Storage> <Opcode : 'load' 'store'> <Ports = 2> <Width = 32> <Depth = 180> <RAM>
ST_1 : Operation 64 [1/1] (0.00ns)   --->   "%br_ln194 = br void %arrayidx62.exit" [../task_detection_tpu/mlp_engine.cpp:194]   --->   Operation 64 'br' 'br_ln194' <Predicate = (!icmp_ln190 & trunc_ln190 == 4)> <Delay = 0.00>
ST_1 : Operation 65 [1/1] ( I:2.26ns O:2.26ns )   --->   "%store_ln194 = store i32 0.01, i8 %linear_180_16_float_float_weights_3_addr" [../task_detection_tpu/mlp_engine.cpp:194]   --->   Operation 65 'store' 'store_ln194' <Predicate = (!icmp_ln190 & trunc_ln190 == 3)> <Delay = 2.26> <CoreInst = "RAM">   --->   Core 81 'RAM' <Latency = 1> <II = 1> <Delay = 2.26> <Storage> <Opcode : 'load' 'store'> <Ports = 2> <Width = 32> <Depth = 180> <RAM>
ST_1 : Operation 66 [1/1] (0.00ns)   --->   "%br_ln194 = br void %arrayidx62.exit" [../task_detection_tpu/mlp_engine.cpp:194]   --->   Operation 66 'br' 'br_ln194' <Predicate = (!icmp_ln190 & trunc_ln190 == 3)> <Delay = 0.00>
ST_1 : Operation 67 [1/1] ( I:2.26ns O:2.26ns )   --->   "%store_ln194 = store i32 0.01, i8 %linear_180_16_float_float_weights_2_addr" [../task_detection_tpu/mlp_engine.cpp:194]   --->   Operation 67 'store' 'store_ln194' <Predicate = (!icmp_ln190 & trunc_ln190 == 2)> <Delay = 2.26> <CoreInst = "RAM">   --->   Core 81 'RAM' <Latency = 1> <II = 1> <Delay = 2.26> <Storage> <Opcode : 'load' 'store'> <Ports = 2> <Width = 32> <Depth = 180> <RAM>
ST_1 : Operation 68 [1/1] (0.00ns)   --->   "%br_ln194 = br void %arrayidx62.exit" [../task_detection_tpu/mlp_engine.cpp:194]   --->   Operation 68 'br' 'br_ln194' <Predicate = (!icmp_ln190 & trunc_ln190 == 2)> <Delay = 0.00>
ST_1 : Operation 69 [1/1] ( I:2.26ns O:2.26ns )   --->   "%store_ln194 = store i32 0.01, i8 %linear_180_16_float_float_weights_1_addr" [../task_detection_tpu/mlp_engine.cpp:194]   --->   Operation 69 'store' 'store_ln194' <Predicate = (!icmp_ln190 & trunc_ln190 == 1)> <Delay = 2.26> <CoreInst = "RAM">   --->   Core 81 'RAM' <Latency = 1> <II = 1> <Delay = 2.26> <Storage> <Opcode : 'load' 'store'> <Ports = 2> <Width = 32> <Depth = 180> <RAM>
ST_1 : Operation 70 [1/1] (0.00ns)   --->   "%br_ln194 = br void %arrayidx62.exit" [../task_detection_tpu/mlp_engine.cpp:194]   --->   Operation 70 'br' 'br_ln194' <Predicate = (!icmp_ln190 & trunc_ln190 == 1)> <Delay = 0.00>
ST_1 : Operation 71 [1/1] ( I:2.26ns O:2.26ns )   --->   "%store_ln194 = store i32 0.01, i8 %linear_180_16_float_float_weights_addr" [../task_detection_tpu/mlp_engine.cpp:194]   --->   Operation 71 'store' 'store_ln194' <Predicate = (!icmp_ln190 & trunc_ln190 == 0)> <Delay = 2.26> <CoreInst = "RAM">   --->   Core 81 'RAM' <Latency = 1> <II = 1> <Delay = 2.26> <Storage> <Opcode : 'load' 'store'> <Ports = 2> <Width = 32> <Depth = 180> <RAM>
ST_1 : Operation 72 [1/1] (0.00ns)   --->   "%br_ln194 = br void %arrayidx62.exit" [../task_detection_tpu/mlp_engine.cpp:194]   --->   Operation 72 'br' 'br_ln194' <Predicate = (!icmp_ln190 & trunc_ln190 == 0)> <Delay = 0.00>
ST_1 : Operation 73 [1/1] ( I:2.26ns O:2.26ns )   --->   "%store_ln194 = store i32 0.01, i8 %linear_180_16_float_float_weights" [../task_detection_tpu/mlp_engine.cpp:194]   --->   Operation 73 'store' 'store_ln194' <Predicate = (!icmp_ln190 & trunc_ln190 == 15)> <Delay = 2.26> <CoreInst = "RAM">   --->   Core 81 'RAM' <Latency = 1> <II = 1> <Delay = 2.26> <Storage> <Opcode : 'load' 'store'> <Ports = 2> <Width = 32> <Depth = 180> <RAM>
ST_1 : Operation 74 [1/1] (0.00ns)   --->   "%br_ln194 = br void %arrayidx62.exit" [../task_detection_tpu/mlp_engine.cpp:194]   --->   Operation 74 'br' 'br_ln194' <Predicate = (!icmp_ln190 & trunc_ln190 == 15)> <Delay = 0.00>
ST_1 : Operation 75 [1/1] (1.35ns)   --->   "%add_ln192 = add i8 %select_ln190, i8 1" [../task_detection_tpu/mlp_engine.cpp:192]   --->   Operation 75 'add' 'add_ln192' <Predicate = (!icmp_ln190)> <Delay = 1.35> <CoreInst = "Adder">   --->   Core 1 'Adder' <Latency = 0> <II = 1> <Delay = 1.35> <FuncUnit> <Opcode : 'add' 'sub'> <InPorts = 2> <OutPorts = 1>
ST_1 : Operation 76 [1/1] (0.83ns)   --->   "%store_ln190 = store i12 %add_ln190, i12 %indvar_flatten" [../task_detection_tpu/mlp_engine.cpp:190]   --->   Operation 76 'store' 'store_ln190' <Predicate = (!icmp_ln190)> <Delay = 0.83>
ST_1 : Operation 77 [1/1] (0.83ns)   --->   "%store_ln190 = store i5 %select_ln190_1, i5 %o" [../task_detection_tpu/mlp_engine.cpp:190]   --->   Operation 77 'store' 'store_ln190' <Predicate = (!icmp_ln190)> <Delay = 0.83>
ST_1 : Operation 78 [1/1] (0.83ns)   --->   "%store_ln192 = store i8 %add_ln192, i8 %i" [../task_detection_tpu/mlp_engine.cpp:192]   --->   Operation 78 'store' 'store_ln192' <Predicate = (!icmp_ln190)> <Delay = 0.83>
ST_1 : Operation 79 [1/1] (0.00ns)   --->   "%br_ln192 = br void %for.inc" [../task_detection_tpu/mlp_engine.cpp:192]   --->   Operation 79 'br' 'br_ln192' <Predicate = (!icmp_ln190)> <Delay = 0.00>
ST_1 : Operation 80 [1/1] (0.83ns)   --->   "%ret_ln0 = ret"   --->   Operation 80 'ret' 'ret_ln0' <Predicate = (icmp_ln190)> <Delay = 0.83>


============================================================
+ Verbose Summary: Timing violations
============================================================
Target clock period: 10.000ns, clock uncertainty: 2.700ns.

 <State 1>: 6.100ns
The critical path consists of the following:
	'store' operation ('store_ln192', ../task_detection_tpu/mlp_engine.cpp:192) of constant 0 8 bit on local variable 'i', ../task_detection_tpu/mlp_engine.cpp:192 [22]  (0.833 ns)
	'load' operation 8 bit ('i_load', ../task_detection_tpu/mlp_engine.cpp:192) on local variable 'i', ../task_detection_tpu/mlp_engine.cpp:192 [30]  (0.000 ns)
	'icmp' operation 1 bit ('icmp_ln192', ../task_detection_tpu/mlp_engine.cpp:192) [34]  (1.357 ns)
	'select' operation 5 bit ('select_ln190_1', ../task_detection_tpu/mlp_engine.cpp:190) [37]  (0.625 ns)
	'store' operation ('store_ln194', ../task_detection_tpu/mlp_engine.cpp:194) of constant 0.01 32 bit on array 'linear_180_16_float_float_weights_9' [74]  (2.266 ns)
	blocking operation 1.019 ns on control path)


============================================================
+ Verbose Summary: Binding
============================================================
N/A
* FSMD analyzer results:
  - Output states:
 - Input state : 
  - Chain level:
	State 1


============================================================
+ Verbose Summary: Datapath Resource usage 
============================================================
N/A
