

================================================================
== Vitis HLS Report for 'Loop_VITIS_LOOP_402_1_proc'
================================================================
* Date:           Tue Jun 16 19:42:36 2026

* Version:        2025.2 (Build 6295257 on Nov 14 2025)
* Project:        tpu_integrated_accel
* Solution:       hls (Vivado IP Flow Target)
* Product family: kintex7
* Target device:  xc7k325t-ffg900-2


================================================================
== Performance Estimates
================================================================
+ Timing: 
    * Summary: 
    +--------+----------+----------+------------+
    |  Clock |  Target  | Estimated| Uncertainty|
    +--------+----------+----------+------------+
    |ap_clk  |  10.00 ns|  7.300 ns|     2.70 ns|
    +--------+----------+----------+------------+

+ Latency: 
    * Summary: 
    +---------+---------+----------+----------+-----+-----+------------------------------------------------+
    |  Latency (cycles) |  Latency (absolute) |  Interval |                    Pipeline                    |
    |   min   |   max   |    min   |    max   | min | max |                      Type                      |
    +---------+---------+----------+----------+-----+-----+------------------------------------------------+
    |      193|      193|  1.930 us|  1.930 us|  180|  180|  loop auto-rewind stp (delay=0 clock cycles(s))|
    +---------+---------+----------+----------+-----+-----+------------------------------------------------+

    + Detail: 
        * Instance: 
        N/A

        * Loop: 
        +--------------------+---------+---------+----------+-----------+-----------+------+----------+
        |                    |  Latency (cycles) | Iteration|  Initiation Interval  | Trip |          |
        |      Loop Name     |   min   |   max   |  Latency |  achieved |   target  | Count| Pipelined|
        +--------------------+---------+---------+----------+-----------+-----------+------+----------+
        |- VITIS_LOOP_402_1  |      191|      191|        13|          1|          1|   180|       yes|
        +--------------------+---------+---------+----------+-----------+-----------+------+----------+

============================================================
+ Verbose Summary: Synthesis Manager
============================================================
InlineROM: 1
ExposeGlobal: 0
============================================================
+ Verbose Summary: CDFG Model
============================================================
IsTopModel: 0
ResetActiveHigh: 1
IsCombinational: 2
IsDatapathOnly: 0
HasWiredReturn: 1
HasMFsm: 2
HasVarLatency: 1
IsPipeline: 0
IsRtlPipelined: 0
IsInstanceOverlapped: 0
IsDontTouch: 0
HasImplIP: 0
IsGatedGlobalClock: 0

+ Individual pipeline summary: 
  * Pipeline-0: initiation interval (II) = 1, depth = 13


============================================================
+ Verbose Summary: Schedule
============================================================
* Number of FSM states : 13
* Pipeline : 1
  Pipeline-0 : II = 1, D = 13, States = { 1 2 3 4 5 6 7 8 9 10 11 12 13 }
* Dataflow Pipeline: 0

* FSM state transitions: 
1 --> 2 
2 --> 3 
3 --> 4 
4 --> 5 
5 --> 6 
6 --> 7 
7 --> 8 
8 --> 9 
9 --> 10 
10 --> 11 
11 --> 12 
12 --> 13 
13 --> 

* FSM state operations: 

State 1 <SV = 0> <Delay = 3.02>
ST_1 : Operation 16 [1/1] (0.00ns)   --->   "%i = alloca i32 1" [../task_detection_tpu/tpu_accel.cpp:402->../task_detection_tpu/tpu_accel.cpp:402]   --->   Operation 16 'alloca' 'i' <Predicate = true> <Delay = 0.00>
ST_1 : Operation 17 [1/1] (0.00ns)   --->   "%specinterface_ln0 = specinterface void @_ssdm_op_SpecInterface, i16 %stream_in, void @empty_7, i32 0, i32 0, void @empty_9, i32 0, i32 0, void @empty_9, void @empty_9, void @empty_9, i32 0, i32 0, i32 0, i32 0, void @empty_9, void @empty_9, i32 4294967295, i32 0, i32 0, i32 0"   --->   Operation 17 'specinterface' 'specinterface_ln0' <Predicate = true> <Delay = 0.00>
ST_1 : Operation 18 [1/1] (0.00ns)   --->   "%specinterface_ln0 = specinterface void @_ssdm_op_SpecInterface, i32 %gmem0, void @empty_36, i32 0, i32 0, void @empty_9, i32 0, i32 180, void @empty_46, void @empty_45, void @empty_9, i32 16, i32 16, i32 16, i32 16, void @empty_9, void @empty_9, i32 4294967295, i32 0, i32 0, i32 4"   --->   Operation 18 'specinterface' 'specinterface_ln0' <Predicate = true> <Delay = 0.00>
ST_1 : Operation 19 [1/1] (0.00ns)   --->   "%input_r_read = read i64 @_ssdm_op_Read.ap_auto.i64, i64 %input_r" [../task_detection_tpu/tpu_accel.cpp:402->../task_detection_tpu/tpu_accel.cpp:402]   --->   Operation 19 'read' 'input_r_read' <Predicate = true> <Delay = 0.00>
ST_1 : Operation 20 [1/1] (0.83ns)   --->   "%store_ln402 = store i8 0, i8 %i" [../task_detection_tpu/tpu_accel.cpp:402->../task_detection_tpu/tpu_accel.cpp:402]   --->   Operation 20 'store' 'store_ln402' <Predicate = true> <Delay = 0.83>
ST_1 : Operation 21 [1/1] (0.83ns)   --->   "%br_ln402 = br void %new.header" [../task_detection_tpu/tpu_accel.cpp:402->../task_detection_tpu/tpu_accel.cpp:402]   --->   Operation 21 'br' 'br_ln402' <Predicate = true> <Delay = 0.83>
ST_1 : Operation 22 [1/1] (0.00ns)   --->   "%first_iter_0 = phi i1 1, void %newFuncRoot, i1 0, void %for.inc.split.i_ifconv"   --->   Operation 22 'phi' 'first_iter_0' <Predicate = true> <Delay = 0.00>
ST_1 : Operation 23 [1/1] (0.00ns)   --->   "%br_ln0 = br i1 %first_iter_0, void %for.inc.split.i_ifconv, void %for.first.iter.for.inc.split.i_ifconv"   --->   Operation 23 'br' 'br_ln0' <Predicate = true> <Delay = 0.00>
ST_1 : Operation 24 [1/1] (0.00ns)   --->   "%i_load = load i8 %i" [../task_detection_tpu/tpu_accel.cpp:402->../task_detection_tpu/tpu_accel.cpp:402]   --->   Operation 24 'load' 'i_load' <Predicate = true> <Delay = 0.00>
ST_1 : Operation 25 [1/1] (1.35ns)   --->   "%i_27 = add i8 %i_load, i8 1" [../task_detection_tpu/tpu_accel.cpp:402->../task_detection_tpu/tpu_accel.cpp:402]   --->   Operation 25 'add' 'i_27' <Predicate = true> <Delay = 1.35> <CoreInst = "Adder">   --->   Core 1 'Adder' <Latency = 0> <II = 1> <Delay = 1.35> <FuncUnit> <Opcode : 'add' 'sub'> <InPorts = 2> <OutPorts = 1>
ST_1 : Operation 26 [1/1] (1.35ns)   --->   "%icmp_ln402 = icmp_eq  i8 %i_load, i8 179" [../task_detection_tpu/tpu_accel.cpp:402->../task_detection_tpu/tpu_accel.cpp:402]   --->   Operation 26 'icmp' 'icmp_ln402' <Predicate = true> <Delay = 1.35> <CoreInst = "Cmp">   --->   Core 9 'Cmp' <Latency = 0> <II = 1> <Delay = 1.35> <FuncUnit> <Opcode : 'seteq' 'setne' 'setle' 'setge' 'setlt' 'setgt'> <InPorts = 2> <OutPorts = 1>
ST_1 : Operation 27 [1/1] (0.83ns)   --->   "%store_ln402 = store i8 %i_27, i8 %i" [../task_detection_tpu/tpu_accel.cpp:402->../task_detection_tpu/tpu_accel.cpp:402]   --->   Operation 27 'store' 'store_ln402' <Predicate = true> <Delay = 0.83>
ST_1 : Operation 28 [1/1] (0.00ns)   --->   "%br_ln402 = br i1 %icmp_ln402, void %new.header, void %Loop_VITIS_LOOP_402_1_proc.1.exit" [../task_detection_tpu/tpu_accel.cpp:402->../task_detection_tpu/tpu_accel.cpp:402]   --->   Operation 28 'br' 'br_ln402' <Predicate = true> <Delay = 0.00>

State 2 <SV = 1> <Delay = 7.30>
ST_2 : Operation 29 [1/1] (0.00ns)   --->   "%trunc_ln = partselect i62 @_ssdm_op_PartSelect.i62.i64.i32.i32, i64 %input_r_read, i32 2, i32 63" [../task_detection_tpu/tpu_accel.cpp:402]   --->   Operation 29 'partselect' 'trunc_ln' <Predicate = true> <Delay = 0.00>
ST_2 : Operation 30 [1/1] (0.00ns)   --->   "%sext_ln402 = sext i62 %trunc_ln" [../task_detection_tpu/tpu_accel.cpp:402]   --->   Operation 30 'sext' 'sext_ln402' <Predicate = true> <Delay = 0.00>
ST_2 : Operation 31 [1/1] (0.00ns)   --->   "%gmem0_addr = getelementptr i32 %gmem0, i64 %sext_ln402" [../task_detection_tpu/tpu_accel.cpp:402]   --->   Operation 31 'getelementptr' 'gmem0_addr' <Predicate = true> <Delay = 0.00>
ST_2 : Operation 32 [8/8] (7.30ns)   --->   "%empty = readreq i1 @_ssdm_op_ReadReq.m_axi.p1i32, i32 %gmem0_addr, i64 180" [../task_detection_tpu/tpu_accel.cpp:402]   --->   Operation 32 'readreq' 'empty' <Predicate = (first_iter_0)> <Delay = 7.30> <CoreInst = "m_axi">   --->   Core 111 'm_axi' <Latency = 6> <II = 1> <Delay = 1.00> <Adapter> <Opcode : 'readrequnaligned' 'writerequnaligned' 'read' 'write' 'readreq' 'writereq' 'writeresp'>

State 3 <SV = 2> <Delay = 0.00>
ST_3 : Operation 33 [7/8] (7.30ns)   --->   "%empty = readreq i1 @_ssdm_op_ReadReq.m_axi.p1i32, i32 %gmem0_addr, i64 180" [../task_detection_tpu/tpu_accel.cpp:402]   --->   Operation 33 'readreq' 'empty' <Predicate = (first_iter_0)> <Delay = 7.30> <CoreInst = "m_axi">   --->   Core 111 'm_axi' <Latency = 6> <II = 1> <Delay = 1.00> <Adapter> <Opcode : 'readrequnaligned' 'writerequnaligned' 'read' 'write' 'readreq' 'writereq' 'writeresp'>

State 4 <SV = 3> <Delay = 0.00>
ST_4 : Operation 34 [6/8] (7.30ns)   --->   "%empty = readreq i1 @_ssdm_op_ReadReq.m_axi.p1i32, i32 %gmem0_addr, i64 180" [../task_detection_tpu/tpu_accel.cpp:402]   --->   Operation 34 'readreq' 'empty' <Predicate = (first_iter_0)> <Delay = 7.30> <CoreInst = "m_axi">   --->   Core 111 'm_axi' <Latency = 6> <II = 1> <Delay = 1.00> <Adapter> <Opcode : 'readrequnaligned' 'writerequnaligned' 'read' 'write' 'readreq' 'writereq' 'writeresp'>

State 5 <SV = 4> <Delay = 0.00>
ST_5 : Operation 35 [5/8] (7.30ns)   --->   "%empty = readreq i1 @_ssdm_op_ReadReq.m_axi.p1i32, i32 %gmem0_addr, i64 180" [../task_detection_tpu/tpu_accel.cpp:402]   --->   Operation 35 'readreq' 'empty' <Predicate = (first_iter_0)> <Delay = 7.30> <CoreInst = "m_axi">   --->   Core 111 'm_axi' <Latency = 6> <II = 1> <Delay = 1.00> <Adapter> <Opcode : 'readrequnaligned' 'writerequnaligned' 'read' 'write' 'readreq' 'writereq' 'writeresp'>

State 6 <SV = 5> <Delay = 0.00>
ST_6 : Operation 36 [4/8] (7.30ns)   --->   "%empty = readreq i1 @_ssdm_op_ReadReq.m_axi.p1i32, i32 %gmem0_addr, i64 180" [../task_detection_tpu/tpu_accel.cpp:402]   --->   Operation 36 'readreq' 'empty' <Predicate = (first_iter_0)> <Delay = 7.30> <CoreInst = "m_axi">   --->   Core 111 'm_axi' <Latency = 6> <II = 1> <Delay = 1.00> <Adapter> <Opcode : 'readrequnaligned' 'writerequnaligned' 'read' 'write' 'readreq' 'writereq' 'writeresp'>

State 7 <SV = 6> <Delay = 0.00>
ST_7 : Operation 37 [3/8] (7.30ns)   --->   "%empty = readreq i1 @_ssdm_op_ReadReq.m_axi.p1i32, i32 %gmem0_addr, i64 180" [../task_detection_tpu/tpu_accel.cpp:402]   --->   Operation 37 'readreq' 'empty' <Predicate = (first_iter_0)> <Delay = 7.30> <CoreInst = "m_axi">   --->   Core 111 'm_axi' <Latency = 6> <II = 1> <Delay = 1.00> <Adapter> <Opcode : 'readrequnaligned' 'writerequnaligned' 'read' 'write' 'readreq' 'writereq' 'writeresp'>

State 8 <SV = 7> <Delay = 0.00>
ST_8 : Operation 38 [2/8] (7.30ns)   --->   "%empty = readreq i1 @_ssdm_op_ReadReq.m_axi.p1i32, i32 %gmem0_addr, i64 180" [../task_detection_tpu/tpu_accel.cpp:402]   --->   Operation 38 'readreq' 'empty' <Predicate = (first_iter_0)> <Delay = 7.30> <CoreInst = "m_axi">   --->   Core 111 'm_axi' <Latency = 6> <II = 1> <Delay = 1.00> <Adapter> <Opcode : 'readrequnaligned' 'writerequnaligned' 'read' 'write' 'readreq' 'writereq' 'writeresp'>

State 9 <SV = 8> <Delay = 7.30>
ST_9 : Operation 39 [1/8] ( I:7.30ns O:7.30ns )   --->   "%empty = readreq i1 @_ssdm_op_ReadReq.m_axi.p1i32, i32 %gmem0_addr, i64 180" [../task_detection_tpu/tpu_accel.cpp:402]   --->   Operation 39 'readreq' 'empty' <Predicate = (first_iter_0)> <Delay = 7.30> <CoreInst = "m_axi">   --->   Core 111 'm_axi' <Latency = 6> <II = 1> <Delay = 1.00> <Adapter> <Opcode : 'readrequnaligned' 'writerequnaligned' 'read' 'write' 'readreq' 'writereq' 'writeresp'>
ST_9 : Operation 40 [1/1] (0.00ns)   --->   "%br_ln0 = br void %for.inc.split.i_ifconv"   --->   Operation 40 'br' 'br_ln0' <Predicate = (first_iter_0)> <Delay = 0.00>

State 10 <SV = 9> <Delay = 7.30>
ST_10 : Operation 41 [1/1] ( I:7.30ns O:7.30ns )   --->   "%gmem0_addr_read = read i32 @_ssdm_op_Read.m_axi.i32.p1i32, i32 %gmem0_addr" [../task_detection_tpu/tpu_accel.cpp:404->../task_detection_tpu/tpu_accel.cpp:402]   --->   Operation 41 'read' 'gmem0_addr_read' <Predicate = true> <Delay = 7.30> <CoreInst = "m_axi">   --->   Core 111 'm_axi' <Latency = 3> <II = 1> <Delay = 1.00> <Adapter> <Opcode : 'readrequnaligned' 'writerequnaligned' 'read' 'write' 'readreq' 'writereq' 'writeresp'>

State 11 <SV = 10> <Delay = 2.30>
ST_11 : Operation 42 [1/1] (0.00ns)   --->   "%bitcast_ln404 = bitcast i32 %gmem0_addr_read" [../task_detection_tpu/tpu_accel.cpp:404->../task_detection_tpu/tpu_accel.cpp:402]   --->   Operation 42 'bitcast' 'bitcast_ln404' <Predicate = true> <Delay = 0.00>
ST_11 : Operation 43 [2/2] (2.30ns)   --->   "%pf = fpext i32 %bitcast_ln404" [../task_detection_tpu/tpu_accel.cpp:404->../task_detection_tpu/tpu_accel.cpp:402]   --->   Operation 43 'fpext' 'pf' <Predicate = true> <Delay = 2.30> <CoreInst = "Float2Double">   --->   Core 64 'Float2Double' <Latency = 1> <II = 1> <Delay = 2.30> <FuncUnit> <Opcode : 'fpext'> <InPorts = 1> <OutPorts = 1>

State 12 <SV = 11> <Delay = 6.78>
ST_12 : Operation 44 [1/2] (2.30ns)   --->   "%pf = fpext i32 %bitcast_ln404" [../task_detection_tpu/tpu_accel.cpp:404->../task_detection_tpu/tpu_accel.cpp:402]   --->   Operation 44 'fpext' 'pf' <Predicate = true> <Delay = 2.30> <CoreInst = "Float2Double">   --->   Core 64 'Float2Double' <Latency = 1> <II = 1> <Delay = 2.30> <FuncUnit> <Opcode : 'fpext'> <InPorts = 1> <OutPorts = 1>
ST_12 : Operation 45 [1/1] (0.00ns)   --->   "%bitcast_ln726 = bitcast i64 %pf" [../task_detection_tpu/tpu_accel.cpp:726->../task_detection_tpu/tpu_accel.cpp:402]   --->   Operation 45 'bitcast' 'bitcast_ln726' <Predicate = true> <Delay = 0.00>
ST_12 : Operation 46 [1/1] (0.00ns)   --->   "%trunc_ln404 = trunc i64 %bitcast_ln726" [../task_detection_tpu/tpu_accel.cpp:404->../task_detection_tpu/tpu_accel.cpp:402]   --->   Operation 46 'trunc' 'trunc_ln404' <Predicate = true> <Delay = 0.00>
ST_12 : Operation 47 [1/1] (0.00ns)   --->   "%tmp = bitselect i1 @_ssdm_op_BitSelect.i1.i64.i32, i64 %bitcast_ln726, i32 63" [../task_detection_tpu/tpu_accel.cpp:404->../task_detection_tpu/tpu_accel.cpp:402]   --->   Operation 47 'bitselect' 'tmp' <Predicate = true> <Delay = 0.00>
ST_12 : Operation 48 [1/1] (0.00ns)   --->   "%tmp_s = partselect i11 @_ssdm_op_PartSelect.i11.i64.i32, i64 %bitcast_ln726, i32 52" [../task_detection_tpu/tpu_accel.cpp:404->../task_detection_tpu/tpu_accel.cpp:402]   --->   Operation 48 'partselect' 'tmp_s' <Predicate = true> <Delay = 0.00>
ST_12 : Operation 49 [1/1] (0.00ns)   --->   "%zext_ln404 = zext i11 %tmp_s" [../task_detection_tpu/tpu_accel.cpp:404->../task_detection_tpu/tpu_accel.cpp:402]   --->   Operation 49 'zext' 'zext_ln404' <Predicate = true> <Delay = 0.00>
ST_12 : Operation 50 [1/1] (0.00ns)   --->   "%trunc_ln404_1 = trunc i64 %bitcast_ln726" [../task_detection_tpu/tpu_accel.cpp:404->../task_detection_tpu/tpu_accel.cpp:402]   --->   Operation 50 'trunc' 'trunc_ln404_1' <Predicate = true> <Delay = 0.00>
ST_12 : Operation 51 [1/1] (0.00ns)   --->   "%zext_ln404_1_cast = bitconcatenate i53 @_ssdm_op_BitConcatenate.i53.i1.i52, i1 1, i52 %trunc_ln404_1" [../task_detection_tpu/tpu_accel.cpp:404->../task_detection_tpu/tpu_accel.cpp:402]   --->   Operation 51 'bitconcatenate' 'zext_ln404_1_cast' <Predicate = true> <Delay = 0.00>
ST_12 : Operation 52 [1/1] (0.00ns)   --->   "%zext_ln404_1 = zext i53 %zext_ln404_1_cast" [../task_detection_tpu/tpu_accel.cpp:404->../task_detection_tpu/tpu_accel.cpp:402]   --->   Operation 52 'zext' 'zext_ln404_1' <Predicate = true> <Delay = 0.00>
ST_12 : Operation 53 [1/1] (1.67ns)   --->   "%sub_ln404 = sub i54 0, i54 %zext_ln404_1" [../task_detection_tpu/tpu_accel.cpp:404->../task_detection_tpu/tpu_accel.cpp:402]   --->   Operation 53 'sub' 'sub_ln404' <Predicate = true> <Delay = 1.67> <CoreInst = "Adder">   --->   Core 1 'Adder' <Latency = 0> <II = 1> <Delay = 1.67> <FuncUnit> <Opcode : 'add' 'sub'> <InPorts = 2> <OutPorts = 1>
ST_12 : Operation 54 [1/1] (0.54ns)   --->   "%select_ln404 = select i1 %tmp, i54 %sub_ln404, i54 %zext_ln404_1" [../task_detection_tpu/tpu_accel.cpp:404->../task_detection_tpu/tpu_accel.cpp:402]   --->   Operation 54 'select' 'select_ln404' <Predicate = true> <Delay = 0.54> <CoreInst = "Sel">   --->   Core 73 'Sel' <Latency = 0> <II = 1> <Delay = 0.54> <FuncUnit> <Opcode : 'select'> <InPorts = 3> <OutPorts = 1>
ST_12 : Operation 55 [1/1] (1.72ns)   --->   "%icmp_ln404 = icmp_eq  i63 %trunc_ln404, i63 0" [../task_detection_tpu/tpu_accel.cpp:404->../task_detection_tpu/tpu_accel.cpp:402]   --->   Operation 55 'icmp' 'icmp_ln404' <Predicate = true> <Delay = 1.72> <CoreInst = "Cmp">   --->   Core 9 'Cmp' <Latency = 0> <II = 1> <Delay = 1.72> <FuncUnit> <Opcode : 'seteq' 'setne' 'setle' 'setge' 'setlt' 'setgt'> <InPorts = 2> <OutPorts = 1>
ST_12 : Operation 56 [1/1] (1.35ns)   --->   "%sub_ln404_1 = sub i12 1075, i12 %zext_ln404" [../task_detection_tpu/tpu_accel.cpp:404->../task_detection_tpu/tpu_accel.cpp:402]   --->   Operation 56 'sub' 'sub_ln404_1' <Predicate = true> <Delay = 1.35> <CoreInst = "Adder">   --->   Core 1 'Adder' <Latency = 0> <II = 1> <Delay = 1.35> <FuncUnit> <Opcode : 'add' 'sub'> <InPorts = 2> <OutPorts = 1>
ST_12 : Operation 57 [1/1] (0.00ns)   --->   "%trunc_ln404_2 = trunc i12 %sub_ln404_1" [../task_detection_tpu/tpu_accel.cpp:404->../task_detection_tpu/tpu_accel.cpp:402]   --->   Operation 57 'trunc' 'trunc_ln404_2' <Predicate = true> <Delay = 0.00>
ST_12 : Operation 58 [1/1] (1.35ns)   --->   "%icmp_ln404_1 = icmp_sgt  i12 %sub_ln404_1, i12 10" [../task_detection_tpu/tpu_accel.cpp:404->../task_detection_tpu/tpu_accel.cpp:402]   --->   Operation 58 'icmp' 'icmp_ln404_1' <Predicate = true> <Delay = 1.35> <CoreInst = "Cmp">   --->   Core 9 'Cmp' <Latency = 0> <II = 1> <Delay = 1.35> <FuncUnit> <Opcode : 'seteq' 'setne' 'setle' 'setge' 'setlt' 'setgt'> <InPorts = 2> <OutPorts = 1>
ST_12 : Operation 59 [1/1] (1.35ns)   --->   "%add_ln404 = add i11 %trunc_ln404_2, i11 2038" [../task_detection_tpu/tpu_accel.cpp:404->../task_detection_tpu/tpu_accel.cpp:402]   --->   Operation 59 'add' 'add_ln404' <Predicate = true> <Delay = 1.35> <CoreInst = "Adder">   --->   Core 1 'Adder' <Latency = 0> <II = 1> <Delay = 1.35> <FuncUnit> <Opcode : 'add' 'sub'> <InPorts = 2> <OutPorts = 1>
ST_12 : Operation 60 [1/1] (1.35ns)   --->   "%sub_ln404_2 = sub i11 10, i11 %trunc_ln404_2" [../task_detection_tpu/tpu_accel.cpp:404->../task_detection_tpu/tpu_accel.cpp:402]   --->   Operation 60 'sub' 'sub_ln404_2' <Predicate = true> <Delay = 1.35> <CoreInst = "Adder">   --->   Core 1 'Adder' <Latency = 0> <II = 1> <Delay = 1.35> <FuncUnit> <Opcode : 'add' 'sub'> <InPorts = 2> <OutPorts = 1>
ST_12 : Operation 61 [1/1] (0.49ns)   --->   "%select_ln404_1 = select i1 %icmp_ln404_1, i11 %add_ln404, i11 %sub_ln404_2" [../task_detection_tpu/tpu_accel.cpp:404->../task_detection_tpu/tpu_accel.cpp:402]   --->   Operation 61 'select' 'select_ln404_1' <Predicate = true> <Delay = 0.49> <CoreInst = "Sel">   --->   Core 73 'Sel' <Latency = 0> <II = 1> <Delay = 0.49> <FuncUnit> <Opcode : 'select'> <InPorts = 3> <OutPorts = 1>
ST_12 : Operation 62 [1/1] (1.35ns)   --->   "%icmp_ln404_2 = icmp_eq  i12 %sub_ln404_1, i12 10" [../task_detection_tpu/tpu_accel.cpp:404->../task_detection_tpu/tpu_accel.cpp:402]   --->   Operation 62 'icmp' 'icmp_ln404_2' <Predicate = true> <Delay = 1.35> <CoreInst = "Cmp">   --->   Core 9 'Cmp' <Latency = 0> <II = 1> <Delay = 1.35> <FuncUnit> <Opcode : 'seteq' 'setne' 'setle' 'setge' 'setlt' 'setgt'> <InPorts = 2> <OutPorts = 1>
ST_12 : Operation 63 [1/1] (0.00ns)   --->   "%trunc_ln404_3 = trunc i54 %select_ln404" [../task_detection_tpu/tpu_accel.cpp:404->../task_detection_tpu/tpu_accel.cpp:402]   --->   Operation 63 'trunc' 'trunc_ln404_3' <Predicate = true> <Delay = 0.00>
ST_12 : Operation 64 [1/1] (0.00ns)   --->   "%tmp_64 = partselect i7 @_ssdm_op_PartSelect.i7.i11.i32.i32, i11 %select_ln404_1, i32 4, i32 10" [../task_detection_tpu/tpu_accel.cpp:404->../task_detection_tpu/tpu_accel.cpp:402]   --->   Operation 64 'partselect' 'tmp_64' <Predicate = true> <Delay = 0.00>
ST_12 : Operation 65 [1/1] (1.27ns)   --->   "%icmp_ln404_4 = icmp_eq  i7 %tmp_64, i7 0" [../task_detection_tpu/tpu_accel.cpp:404->../task_detection_tpu/tpu_accel.cpp:402]   --->   Operation 65 'icmp' 'icmp_ln404_4' <Predicate = true> <Delay = 1.27> <CoreInst = "Cmp">   --->   Core 9 'Cmp' <Latency = 0> <II = 1> <Delay = 1.27> <FuncUnit> <Opcode : 'seteq' 'setne' 'setle' 'setge' 'setlt' 'setgt'> <InPorts = 2> <OutPorts = 1>

State 13 <SV = 12> <Delay = 6.30>
ST_13 : Operation 66 [1/1] (0.00ns)   --->   "%specpipeline_ln403 = specpipeline void @_ssdm_op_SpecPipeline, i32 1, i32 0, i32 0, i32 0, i32 4294967295, void @empty_9" [../task_detection_tpu/tpu_accel.cpp:403->../task_detection_tpu/tpu_accel.cpp:402]   --->   Operation 66 'specpipeline' 'specpipeline_ln403' <Predicate = true> <Delay = 0.00>
ST_13 : Operation 67 [1/1] (0.00ns)   --->   "%speclooptripcount_ln402 = speclooptripcount void @_ssdm_op_SpecLoopTripCount, i64 180, i64 180, i64 180" [../task_detection_tpu/tpu_accel.cpp:402->../task_detection_tpu/tpu_accel.cpp:402]   --->   Operation 67 'speclooptripcount' 'speclooptripcount_ln402' <Predicate = true> <Delay = 0.00>
ST_13 : Operation 68 [1/1] (0.00ns)   --->   "%specloopname_ln402 = specloopname void @_ssdm_op_SpecLoopName, void @empty_2" [../task_detection_tpu/tpu_accel.cpp:402->../task_detection_tpu/tpu_accel.cpp:402]   --->   Operation 68 'specloopname' 'specloopname_ln402' <Predicate = true> <Delay = 0.00>
ST_13 : Operation 69 [1/1] (1.35ns)   --->   "%icmp_ln404_3 = icmp_ult  i11 %select_ln404_1, i11 54" [../task_detection_tpu/tpu_accel.cpp:404->../task_detection_tpu/tpu_accel.cpp:402]   --->   Operation 69 'icmp' 'icmp_ln404_3' <Predicate = true> <Delay = 1.35> <CoreInst = "Cmp">   --->   Core 9 'Cmp' <Latency = 0> <II = 1> <Delay = 1.35> <FuncUnit> <Opcode : 'seteq' 'setne' 'setle' 'setge' 'setlt' 'setgt'> <InPorts = 2> <OutPorts = 1>
ST_13 : Operation 70 [1/1] (0.00ns) (grouped into LUT with out node select_ln404_2)   --->   "%select_ln404_4 = select i1 %tmp, i16 65535, i16 0" [../task_detection_tpu/tpu_accel.cpp:404->../task_detection_tpu/tpu_accel.cpp:402]   --->   Operation 70 'select' 'select_ln404_4' <Predicate = true> <Delay = 0.00> <CoreInst = "Sel">   --->   Core 73 'Sel' <Latency = 0> <II = 1> <Delay = 0.48> <FuncUnit> <Opcode : 'select'> <InPorts = 3> <OutPorts = 1>
ST_13 : Operation 71 [1/1] (0.00ns)   --->   "%zext_ln404_2 = zext i11 %select_ln404_1" [../task_detection_tpu/tpu_accel.cpp:404->../task_detection_tpu/tpu_accel.cpp:402]   --->   Operation 71 'zext' 'zext_ln404_2' <Predicate = true> <Delay = 0.00>
ST_13 : Operation 72 [1/1] (2.49ns)   --->   "%ashr_ln404 = ashr i54 %select_ln404, i54 %zext_ln404_2" [../task_detection_tpu/tpu_accel.cpp:404->../task_detection_tpu/tpu_accel.cpp:402]   --->   Operation 72 'ashr' 'ashr_ln404' <Predicate = true> <Delay = 2.49> <CoreInst = "Shifter">   --->   Core 75 'Shifter' <Latency = 0> <II = 1> <Delay = 2.49> <FuncUnit> <Opcode : 'shl' 'lshr' 'ashr'> <InPorts = 2> <OutPorts = 1>
ST_13 : Operation 73 [1/1] (0.00ns) (grouped into LUT with out node select_ln404_2)   --->   "%trunc_ln404_4 = trunc i54 %ashr_ln404" [../task_detection_tpu/tpu_accel.cpp:404->../task_detection_tpu/tpu_accel.cpp:402]   --->   Operation 73 'trunc' 'trunc_ln404_4' <Predicate = true> <Delay = 0.00>
ST_13 : Operation 74 [1/1] (0.48ns) (out node of the LUT)   --->   "%select_ln404_2 = select i1 %icmp_ln404_3, i16 %trunc_ln404_4, i16 %select_ln404_4" [../task_detection_tpu/tpu_accel.cpp:404->../task_detection_tpu/tpu_accel.cpp:402]   --->   Operation 74 'select' 'select_ln404_2' <Predicate = true> <Delay = 0.48> <CoreInst = "Sel">   --->   Core 73 'Sel' <Latency = 0> <II = 1> <Delay = 0.39> <FuncUnit> <Opcode : 'select'> <InPorts = 3> <OutPorts = 1>
ST_13 : Operation 75 [1/1] (0.00ns)   --->   "%select_ln404_1cast = zext i11 %select_ln404_1" [../task_detection_tpu/tpu_accel.cpp:404->../task_detection_tpu/tpu_accel.cpp:402]   --->   Operation 75 'zext' 'select_ln404_1cast' <Predicate = (icmp_ln404_4)> <Delay = 0.00>
ST_13 : Operation 76 [1/1] (2.21ns)   --->   "%shl_ln404 = shl i16 %trunc_ln404_3, i16 %select_ln404_1cast" [../task_detection_tpu/tpu_accel.cpp:404->../task_detection_tpu/tpu_accel.cpp:402]   --->   Operation 76 'shl' 'shl_ln404' <Predicate = (icmp_ln404_4)> <Delay = 2.21> <CoreInst = "Shifter">   --->   Core 75 'Shifter' <Latency = 0> <II = 1> <Delay = 2.21> <FuncUnit> <Opcode : 'shl' 'lshr' 'ashr'> <InPorts = 2> <OutPorts = 1>
ST_13 : Operation 77 [1/1] (0.39ns)   --->   "%select_ln404_3 = select i1 %icmp_ln404_4, i16 %shl_ln404, i16 0" [../task_detection_tpu/tpu_accel.cpp:404->../task_detection_tpu/tpu_accel.cpp:402]   --->   Operation 77 'select' 'select_ln404_3' <Predicate = true> <Delay = 0.39> <CoreInst = "Sel">   --->   Core 73 'Sel' <Latency = 0> <II = 1> <Delay = 0.39> <FuncUnit> <Opcode : 'select'> <InPorts = 3> <OutPorts = 1>
ST_13 : Operation 78 [1/1] (0.00ns) (grouped into LUT with out node and_ln404)   --->   "%xor_ln404 = xor i1 %icmp_ln404, i1 1" [../task_detection_tpu/tpu_accel.cpp:404->../task_detection_tpu/tpu_accel.cpp:402]   --->   Operation 78 'xor' 'xor_ln404' <Predicate = true> <Delay = 0.00> <CoreInst = "LogicGate">   --->   Core 74 'LogicGate' <Latency = 0> <II = 1> <Delay = 0.47> <FuncUnit> <Opcode : 'and' 'or' 'xor'> <InPorts = 2> <OutPorts = 1>
ST_13 : Operation 79 [1/1] (0.47ns) (out node of the LUT)   --->   "%and_ln404 = and i1 %icmp_ln404_2, i1 %xor_ln404" [../task_detection_tpu/tpu_accel.cpp:404->../task_detection_tpu/tpu_accel.cpp:402]   --->   Operation 79 'and' 'and_ln404' <Predicate = true> <Delay = 0.47> <CoreInst = "LogicGate">   --->   Core 74 'LogicGate' <Latency = 0> <II = 1> <Delay = 0.47> <FuncUnit> <Opcode : 'and' 'or' 'xor'> <InPorts = 2> <OutPorts = 1>
ST_13 : Operation 80 [1/1] (0.00ns) (grouped into LUT with out node and_ln404_1)   --->   "%or_ln404 = or i1 %icmp_ln404, i1 %icmp_ln404_2" [../task_detection_tpu/tpu_accel.cpp:404->../task_detection_tpu/tpu_accel.cpp:402]   --->   Operation 80 'or' 'or_ln404' <Predicate = true> <Delay = 0.00> <CoreInst = "LogicGate">   --->   Core 74 'LogicGate' <Latency = 0> <II = 1> <Delay = 0.47> <FuncUnit> <Opcode : 'and' 'or' 'xor'> <InPorts = 2> <OutPorts = 1>
ST_13 : Operation 81 [1/1] (0.00ns) (grouped into LUT with out node and_ln404_1)   --->   "%xor_ln404_1 = xor i1 %or_ln404, i1 1" [../task_detection_tpu/tpu_accel.cpp:404->../task_detection_tpu/tpu_accel.cpp:402]   --->   Operation 81 'xor' 'xor_ln404_1' <Predicate = true> <Delay = 0.00> <CoreInst = "LogicGate">   --->   Core 74 'LogicGate' <Latency = 0> <II = 1> <Delay = 0.47> <FuncUnit> <Opcode : 'and' 'or' 'xor'> <InPorts = 2> <OutPorts = 1>
ST_13 : Operation 82 [1/1] (0.47ns) (out node of the LUT)   --->   "%and_ln404_1 = and i1 %icmp_ln404_1, i1 %xor_ln404_1" [../task_detection_tpu/tpu_accel.cpp:404->../task_detection_tpu/tpu_accel.cpp:402]   --->   Operation 82 'and' 'and_ln404_1' <Predicate = true> <Delay = 0.47> <CoreInst = "LogicGate">   --->   Core 74 'LogicGate' <Latency = 0> <II = 1> <Delay = 0.47> <FuncUnit> <Opcode : 'and' 'or' 'xor'> <InPorts = 2> <OutPorts = 1>
ST_13 : Operation 83 [1/1] (0.00ns)   --->   "%sel_tmp6 = bitconcatenate i3 @_ssdm_op_BitConcatenate.i3.i1.i1.i1, i1 %icmp_ln404, i1 %and_ln404, i1 %and_ln404_1" [../task_detection_tpu/tpu_accel.cpp:404->../task_detection_tpu/tpu_accel.cpp:402]   --->   Operation 83 'bitconcatenate' 'sel_tmp6' <Predicate = true> <Delay = 0.00>
ST_13 : Operation 84 [1/1] (0.84ns)   --->   "%storemerge4_i_i = sparsemux i16 @_ssdm_op_SparseMux.ap_auto.4i16.i16.i3, i3 4, i16 0, i3 2, i16 %trunc_ln404_3, i3 1, i16 %select_ln404_2, i3 0, i16 %select_ln404_3, i16 0, i3 %sel_tmp6" [../task_detection_tpu/tpu_accel.cpp:404->../task_detection_tpu/tpu_accel.cpp:402]   --->   Operation 84 'sparsemux' 'storemerge4_i_i' <Predicate = true> <Delay = 0.84> <CoreInst = "OneHotSparseMux_HasDef">   --->   Core 140 'OneHotSparseMux_HasDef' <Latency = 0> <II = 1> <Delay = 0.84> <FuncUnit> <Opcode : 'sparsemux'> <InPorts = 2> <OutPorts = 1>
ST_13 : Operation 85 [1/1] ( I:2.46ns O:2.46ns )   --->   "%write_ln404 = write void @_ssdm_op_Write.ap_fifo.volatile.i16P0A, i16 %stream_in, i16 %storemerge4_i_i" [../task_detection_tpu/tpu_accel.cpp:404->../task_detection_tpu/tpu_accel.cpp:402]   --->   Operation 85 'write' 'write_ln404' <Predicate = true> <Delay = 2.46> <CoreInst = "FIFO_SRL">   --->   Core 80 'FIFO_SRL' <Latency = 0> <II = 1> <Delay = 2.46> <Storage> <Opcode : 'read' 'write' 'nbread' 'nbwrite'> <Ports = 0> <Width = 16> <Depth = 2> <FIFO>
ST_13 : Operation 86 [1/1] (0.83ns)   --->   "%ret_ln0 = ret"   --->   Operation 86 'ret' 'ret_ln0' <Predicate = (icmp_ln402)> <Delay = 0.83>


============================================================
+ Verbose Summary: Binding
============================================================
STG Binding: 
---------------- STG Properties BEGIN ----------------
- Is combinational: 0
- Is one-state seq: 0
- Is datapath-only: 0
- Is pipelined: 0
- Is top level: 0
Port [ Return ] is wired: 1; IO mode=ap_ctrl_hs:ce=0
Port [ input_r]:  wired=1; compound=0; hidden=0; nouse=0; global=0; static=0; extern=0; dir=0; type=0; pingpong=0; private_global=0; IO mode=ap_none:ce=0
Port [ gmem0]:  wired=1; compound=1; hidden=0; nouse=0; global=0; static=0; extern=0; dir=0; type=4; pingpong=0; private_global=0; IO mode=m_axi:ce=0
Port [ stream_in]:  wired=1; compound=1; hidden=0; nouse=0; global=0; static=0; extern=0; dir=1; type=3; pingpong=0; private_global=0; IO mode=ap_fifo:ce=0
---------------- STG Properties END ------------------

---------------- Datapath Model BEGIN ----------------

<LifeTime>
<method=bitvector/>
i                       (alloca           ) [ 01000000000000]
specinterface_ln0       (specinterface    ) [ 00000000000000]
specinterface_ln0       (specinterface    ) [ 00000000000000]
input_r_read            (read             ) [ 01100000000000]
store_ln402             (store            ) [ 00000000000000]
br_ln402                (br               ) [ 00000000000000]
first_iter_0            (phi              ) [ 01111111110000]
br_ln0                  (br               ) [ 00000000000000]
i_load                  (load             ) [ 00000000000000]
i_27                    (add              ) [ 00000000000000]
icmp_ln402              (icmp             ) [ 01111111111111]
store_ln402             (store            ) [ 00000000000000]
br_ln402                (br               ) [ 01000000000000]
trunc_ln                (partselect       ) [ 00000000000000]
sext_ln402              (sext             ) [ 00000000000000]
gmem0_addr              (getelementptr    ) [ 01011111111000]
empty                   (readreq          ) [ 00000000000000]
br_ln0                  (br               ) [ 00000000000000]
gmem0_addr_read         (read             ) [ 01000000000100]
bitcast_ln404           (bitcast          ) [ 01000000000010]
pf                      (fpext            ) [ 00000000000000]
bitcast_ln726           (bitcast          ) [ 00000000000000]
trunc_ln404             (trunc            ) [ 00000000000000]
tmp                     (bitselect        ) [ 01000000000001]
tmp_s                   (partselect       ) [ 00000000000000]
zext_ln404              (zext             ) [ 00000000000000]
trunc_ln404_1           (trunc            ) [ 00000000000000]
zext_ln404_1_cast       (bitconcatenate   ) [ 00000000000000]
zext_ln404_1            (zext             ) [ 00000000000000]
sub_ln404               (sub              ) [ 00000000000000]
select_ln404            (select           ) [ 01000000000001]
icmp_ln404              (icmp             ) [ 01000000000001]
sub_ln404_1             (sub              ) [ 00000000000000]
trunc_ln404_2           (trunc            ) [ 00000000000000]
icmp_ln404_1            (icmp             ) [ 01000000000001]
add_ln404               (add              ) [ 00000000000000]
sub_ln404_2             (sub              ) [ 00000000000000]
select_ln404_1          (select           ) [ 01000000000001]
icmp_ln404_2            (icmp             ) [ 01000000000001]
trunc_ln404_3           (trunc            ) [ 01000000000001]
tmp_64                  (partselect       ) [ 00000000000000]
icmp_ln404_4            (icmp             ) [ 01000000000001]
specpipeline_ln403      (specpipeline     ) [ 00000000000000]
speclooptripcount_ln402 (speclooptripcount) [ 00000000000000]
specloopname_ln402      (specloopname     ) [ 00000000000000]
icmp_ln404_3            (icmp             ) [ 00000000000000]
select_ln404_4          (select           ) [ 00000000000000]
zext_ln404_2            (zext             ) [ 00000000000000]
ashr_ln404              (ashr             ) [ 00000000000000]
trunc_ln404_4           (trunc            ) [ 00000000000000]
select_ln404_2          (select           ) [ 00000000000000]
select_ln404_1cast      (zext             ) [ 00000000000000]
shl_ln404               (shl              ) [ 00000000000000]
select_ln404_3          (select           ) [ 00000000000000]
xor_ln404               (xor              ) [ 00000000000000]
and_ln404               (and              ) [ 00000000000000]
or_ln404                (or               ) [ 00000000000000]
xor_ln404_1             (xor              ) [ 00000000000000]
and_ln404_1             (and              ) [ 00000000000000]
sel_tmp6                (bitconcatenate   ) [ 00000000000000]
storemerge4_i_i         (sparsemux        ) [ 00000000000000]
write_ln404             (write            ) [ 00000000000000]
ret_ln0                 (ret              ) [ 00000000000000]
</LifeTime>

<model>

<comp_list>
<comp id="0" class="1000" name="input_r">
<pin_list>
<pin id="1" dir="1" index="0" bw="1" slack="0"/>
</pin_list>
<bind>
<StgValue><ssdm name="input_r"/></StgValue>
</bind>
</comp>

<comp id="2" class="1000" name="gmem0">
<pin_list>
<pin id="3" dir="1" index="0" bw="1" slack="0"/>
</pin_list>
<bind>
<StgValue><ssdm name="gmem0"/><MemPortTyVec>0 </MemPortTyVec>
</StgValue>
</bind>
</comp>

<comp id="4" class="1000" name="stream_in">
<pin_list>
<pin id="5" dir="1" index="0" bw="1" slack="0"/>
</pin_list>
<bind>
<StgValue><ssdm name="stream_in"/></StgValue>
</bind>
</comp>

<comp id="6" class="1001" name="const_6">
<pin_list>
<pin id="7" dir="1" index="0" bw="1" slack="0"/>
</pin_list>
<bind>
<StgValue><ssdm name=""/></StgValue>
</bind>
</comp>

<comp id="8" class="1001" name="const_8">
<pin_list>
<pin id="9" dir="1" index="0" bw="1" slack="2147483647"/>
</pin_list>
<bind>
<StgValue><ssdm name="_ssdm_op_SpecInterface"/></StgValue>
</bind>
</comp>

<comp id="10" class="1001" name="const_10">
<pin_list>
<pin id="11" dir="1" index="0" bw="1" slack="2147483647"/>
</pin_list>
<bind>
<StgValue><ssdm name="empty_7"/></StgValue>
</bind>
</comp>

<comp id="12" class="1001" name="const_12">
<pin_list>
<pin id="13" dir="1" index="0" bw="1" slack="2147483647"/>
</pin_list>
<bind>
<StgValue><ssdm name=""/></StgValue>
</bind>
</comp>

<comp id="14" class="1001" name="const_14">
<pin_list>
<pin id="15" dir="1" index="0" bw="1" slack="2147483647"/>
</pin_list>
<bind>
<StgValue><ssdm name="empty_9"/></StgValue>
</bind>
</comp>

<comp id="16" class="1001" name="const_16">
<pin_list>
<pin id="17" dir="1" index="0" bw="1" slack="2147483647"/>
</pin_list>
<bind>
<StgValue><ssdm name=""/></StgValue>
</bind>
</comp>

<comp id="18" class="1001" name="const_18">
<pin_list>
<pin id="19" dir="1" index="0" bw="1" slack="2147483647"/>
</pin_list>
<bind>
<StgValue><ssdm name="empty_36"/></StgValue>
</bind>
</comp>

<comp id="20" class="1001" name="const_20">
<pin_list>
<pin id="21" dir="1" index="0" bw="1" slack="2147483647"/>
</pin_list>
<bind>
<StgValue><ssdm name=""/></StgValue>
</bind>
</comp>

<comp id="22" class="1001" name="const_22">
<pin_list>
<pin id="23" dir="1" index="0" bw="1" slack="2147483647"/>
</pin_list>
<bind>
<StgValue><ssdm name="empty_46"/></StgValue>
</bind>
</comp>

<comp id="24" class="1001" name="const_24">
<pin_list>
<pin id="25" dir="1" index="0" bw="1" slack="2147483647"/>
</pin_list>
<bind>
<StgValue><ssdm name="empty_45"/></StgValue>
</bind>
</comp>

<comp id="26" class="1001" name="const_26">
<pin_list>
<pin id="27" dir="1" index="0" bw="1" slack="2147483647"/>
</pin_list>
<bind>
<StgValue><ssdm name=""/></StgValue>
</bind>
</comp>

<comp id="28" class="1001" name="const_28">
<pin_list>
<pin id="29" dir="1" index="0" bw="1" slack="0"/>
</pin_list>
<bind>
<StgValue><ssdm name=""/></StgValue>
</bind>
</comp>

<comp id="30" class="1001" name="const_30">
<pin_list>
<pin id="31" dir="1" index="0" bw="1" slack="0"/>
</pin_list>
<bind>
<StgValue><ssdm name="_ssdm_op_Read.ap_auto.i64"/></StgValue>
</bind>
</comp>

<comp id="32" class="1001" name="const_32">
<pin_list>
<pin id="33" dir="1" index="0" bw="1" slack="0"/>
</pin_list>
<bind>
<StgValue><ssdm name=""/></StgValue>
</bind>
</comp>

<comp id="34" class="1001" name="const_34">
<pin_list>
<pin id="35" dir="1" index="0" bw="1" slack="0"/>
</pin_list>
<bind>
<StgValue><ssdm name=""/></StgValue>
</bind>
</comp>

<comp id="36" class="1001" name="const_36">
<pin_list>
<pin id="37" dir="1" index="0" bw="1" slack="0"/>
</pin_list>
<bind>
<StgValue><ssdm name=""/></StgValue>
</bind>
</comp>

<comp id="38" class="1001" name="const_38">
<pin_list>
<pin id="39" dir="1" index="0" bw="1" slack="0"/>
</pin_list>
<bind>
<StgValue><ssdm name=""/></StgValue>
</bind>
</comp>

<comp id="40" class="1001" name="const_40">
<pin_list>
<pin id="41" dir="1" index="0" bw="1" slack="0"/>
</pin_list>
<bind>
<StgValue><ssdm name=""/></StgValue>
</bind>
</comp>

<comp id="42" class="1001" name="const_42">
<pin_list>
<pin id="43" dir="1" index="0" bw="1" slack="0"/>
</pin_list>
<bind>
<StgValue><ssdm name="_ssdm_op_PartSelect.i62.i64.i32.i32"/></StgValue>
</bind>
</comp>

<comp id="44" class="1001" name="const_44">
<pin_list>
<pin id="45" dir="1" index="0" bw="1" slack="0"/>
</pin_list>
<bind>
<StgValue><ssdm name=""/></StgValue>
</bind>
</comp>

<comp id="46" class="1001" name="const_46">
<pin_list>
<pin id="47" dir="1" index="0" bw="1" slack="0"/>
</pin_list>
<bind>
<StgValue><ssdm name=""/></StgValue>
</bind>
</comp>

<comp id="48" class="1001" name="const_48">
<pin_list>
<pin id="49" dir="1" index="0" bw="1" slack="0"/>
</pin_list>
<bind>
<StgValue><ssdm name="_ssdm_op_ReadReq.m_axi.p1i32"/></StgValue>
</bind>
</comp>

<comp id="50" class="1001" name="const_50">
<pin_list>
<pin id="51" dir="1" index="0" bw="1" slack="0"/>
</pin_list>
<bind>
<StgValue><ssdm name=""/></StgValue>
</bind>
</comp>

<comp id="52" class="1001" name="const_52">
<pin_list>
<pin id="53" dir="1" index="0" bw="1" slack="0"/>
</pin_list>
<bind>
<StgValue><ssdm name="_ssdm_op_Read.m_axi.i32.p1i32"/></StgValue>
</bind>
</comp>

<comp id="54" class="1001" name="const_54">
<pin_list>
<pin id="55" dir="1" index="0" bw="1" slack="0"/>
</pin_list>
<bind>
<StgValue><ssdm name="_ssdm_op_BitSelect.i1.i64.i32"/></StgValue>
</bind>
</comp>

<comp id="56" class="1001" name="const_56">
<pin_list>
<pin id="57" dir="1" index="0" bw="1" slack="0"/>
</pin_list>
<bind>
<StgValue><ssdm name="_ssdm_op_PartSelect.i11.i64.i32"/></StgValue>
</bind>
</comp>

<comp id="58" class="1001" name="const_58">
<pin_list>
<pin id="59" dir="1" index="0" bw="1" slack="0"/>
</pin_list>
<bind>
<StgValue><ssdm name=""/></StgValue>
</bind>
</comp>

<comp id="60" class="1001" name="const_60">
<pin_list>
<pin id="61" dir="1" index="0" bw="1" slack="0"/>
</pin_list>
<bind>
<StgValue><ssdm name="_ssdm_op_BitConcatenate.i53.i1.i52"/></StgValue>
</bind>
</comp>

<comp id="62" class="1001" name="const_62">
<pin_list>
<pin id="63" dir="1" index="0" bw="1" slack="0"/>
</pin_list>
<bind>
<StgValue><ssdm name=""/></StgValue>
</bind>
</comp>

<comp id="64" class="1001" name="const_64">
<pin_list>
<pin id="65" dir="1" index="0" bw="1" slack="0"/>
</pin_list>
<bind>
<StgValue><ssdm name=""/></StgValue>
</bind>
</comp>

<comp id="66" class="1001" name="const_66">
<pin_list>
<pin id="67" dir="1" index="0" bw="1" slack="0"/>
</pin_list>
<bind>
<StgValue><ssdm name=""/></StgValue>
</bind>
</comp>

<comp id="68" class="1001" name="const_68">
<pin_list>
<pin id="69" dir="1" index="0" bw="1" slack="0"/>
</pin_list>
<bind>
<StgValue><ssdm name=""/></StgValue>
</bind>
</comp>

<comp id="70" class="1001" name="const_70">
<pin_list>
<pin id="71" dir="1" index="0" bw="1" slack="0"/>
</pin_list>
<bind>
<StgValue><ssdm name=""/></StgValue>
</bind>
</comp>

<comp id="72" class="1001" name="const_72">
<pin_list>
<pin id="73" dir="1" index="0" bw="1" slack="0"/>
</pin_list>
<bind>
<StgValue><ssdm name=""/></StgValue>
</bind>
</comp>

<comp id="74" class="1001" name="const_74">
<pin_list>
<pin id="75" dir="1" index="0" bw="1" slack="0"/>
</pin_list>
<bind>
<StgValue><ssdm name="_ssdm_op_PartSelect.i7.i11.i32.i32"/></StgValue>
</bind>
</comp>

<comp id="76" class="1001" name="const_76">
<pin_list>
<pin id="77" dir="1" index="0" bw="1" slack="0"/>
</pin_list>
<bind>
<StgValue><ssdm name=""/></StgValue>
</bind>
</comp>

<comp id="78" class="1001" name="const_78">
<pin_list>
<pin id="79" dir="1" index="0" bw="1" slack="0"/>
</pin_list>
<bind>
<StgValue><ssdm name=""/></StgValue>
</bind>
</comp>

<comp id="80" class="1001" name="const_80">
<pin_list>
<pin id="81" dir="1" index="0" bw="1" slack="2147483647"/>
</pin_list>
<bind>
<StgValue><ssdm name="_ssdm_op_SpecPipeline"/></StgValue>
</bind>
</comp>

<comp id="82" class="1001" name="const_82">
<pin_list>
<pin id="83" dir="1" index="0" bw="1" slack="2147483647"/>
</pin_list>
<bind>
<StgValue><ssdm name="_ssdm_op_SpecLoopTripCount"/></StgValue>
</bind>
</comp>

<comp id="84" class="1001" name="const_84">
<pin_list>
<pin id="85" dir="1" index="0" bw="1" slack="2147483647"/>
</pin_list>
<bind>
<StgValue><ssdm name="_ssdm_op_SpecLoopName"/></StgValue>
</bind>
</comp>

<comp id="86" class="1001" name="const_86">
<pin_list>
<pin id="87" dir="1" index="0" bw="1" slack="2147483647"/>
</pin_list>
<bind>
<StgValue><ssdm name="empty_2"/></StgValue>
</bind>
</comp>

<comp id="88" class="1001" name="const_88">
<pin_list>
<pin id="89" dir="1" index="0" bw="1" slack="0"/>
</pin_list>
<bind>
<StgValue><ssdm name=""/></StgValue>
</bind>
</comp>

<comp id="90" class="1001" name="const_90">
<pin_list>
<pin id="91" dir="1" index="0" bw="1" slack="0"/>
</pin_list>
<bind>
<StgValue><ssdm name=""/></StgValue>
</bind>
</comp>

<comp id="92" class="1001" name="const_92">
<pin_list>
<pin id="93" dir="1" index="0" bw="1" slack="0"/>
</pin_list>
<bind>
<StgValue><ssdm name=""/></StgValue>
</bind>
</comp>

<comp id="94" class="1001" name="const_94">
<pin_list>
<pin id="95" dir="1" index="0" bw="1" slack="0"/>
</pin_list>
<bind>
<StgValue><ssdm name="_ssdm_op_BitConcatenate.i3.i1.i1.i1"/></StgValue>
</bind>
</comp>

<comp id="96" class="1001" name="const_96">
<pin_list>
<pin id="97" dir="1" index="0" bw="1" slack="0"/>
</pin_list>
<bind>
<StgValue><ssdm name="_ssdm_op_SparseMux.ap_auto.4i16.i16.i3"/></StgValue>
</bind>
</comp>

<comp id="98" class="1001" name="const_98">
<pin_list>
<pin id="99" dir="1" index="0" bw="1" slack="0"/>
</pin_list>
<bind>
<StgValue><ssdm name=""/></StgValue>
</bind>
</comp>

<comp id="100" class="1001" name="const_100">
<pin_list>
<pin id="101" dir="1" index="0" bw="1" slack="0"/>
</pin_list>
<bind>
<StgValue><ssdm name=""/></StgValue>
</bind>
</comp>

<comp id="102" class="1001" name="const_102">
<pin_list>
<pin id="103" dir="1" index="0" bw="1" slack="0"/>
</pin_list>
<bind>
<StgValue><ssdm name=""/></StgValue>
</bind>
</comp>

<comp id="104" class="1001" name="const_104">
<pin_list>
<pin id="105" dir="1" index="0" bw="1" slack="0"/>
</pin_list>
<bind>
<StgValue><ssdm name=""/></StgValue>
</bind>
</comp>

<comp id="106" class="1001" name="const_106">
<pin_list>
<pin id="107" dir="1" index="0" bw="1" slack="0"/>
</pin_list>
<bind>
<StgValue><ssdm name=""/></StgValue>
</bind>
</comp>

<comp id="108" class="1001" name="const_108">
<pin_list>
<pin id="109" dir="1" index="0" bw="1" slack="0"/>
</pin_list>
<bind>
<StgValue><ssdm name="_ssdm_op_Write.ap_fifo.volatile.i16P0A"/></StgValue>
</bind>
</comp>

<comp id="110" class="1004" name="i_fu_110">
<pin_list>
<pin id="111" dir="0" index="0" bw="1" slack="0"/>
<pin id="112" dir="1" index="1" bw="8" slack="0"/>
</pin_list>
<bind>
<opcode="alloca(26) " fcode="alloca"/>
<opset="i/1 "/>
</bind>
</comp>

<comp id="114" class="1004" name="input_r_read_read_fu_114">
<pin_list>
<pin id="115" dir="0" index="0" bw="64" slack="0"/>
<pin id="116" dir="0" index="1" bw="64" slack="0"/>
<pin id="117" dir="1" index="2" bw="64" slack="1"/>
</pin_list>
<bind>
<opcode="read(1150) " fcode="read"/>
<opset="input_r_read/1 "/>
</bind>
</comp>

<comp id="120" class="1004" name="write_ln404_write_fu_120">
<pin_list>
<pin id="121" dir="0" index="0" bw="0" slack="0"/>
<pin id="122" dir="0" index="1" bw="16" slack="0"/>
<pin id="123" dir="0" index="2" bw="16" slack="0"/>
<pin id="124" dir="1" index="3" bw="0" slack="2147483647"/>
</pin_list>
<bind>
<opcode="write(1151) " fcode="write"/>
<opset="write_ln404/13 "/>
</bind>
</comp>

<comp id="127" class="1004" name="grp_readreq_fu_127">
<pin_list>
<pin id="128" dir="0" index="0" bw="1" slack="0"/>
<pin id="129" dir="0" index="1" bw="32" slack="0"/>
<pin id="130" dir="0" index="2" bw="9" slack="0"/>
<pin id="131" dir="1" index="3" bw="1" slack="2147483647"/>
</pin_list>
<bind>
<opcode="readreq(1154) " fcode="readreq"/>
<opset="empty/2 "/>
</bind>
</comp>

<comp id="134" class="1004" name="gmem0_addr_read_read_fu_134">
<pin_list>
<pin id="135" dir="0" index="0" bw="32" slack="0"/>
<pin id="136" dir="0" index="1" bw="32" slack="8"/>
<pin id="137" dir="1" index="2" bw="32" slack="1"/>
</pin_list>
<bind>
<opcode="read(1150) " fcode="read"/>
<opset="gmem0_addr_read/10 "/>
</bind>
</comp>

<comp id="139" class="1005" name="first_iter_0_reg_139">
<pin_list>
<pin id="140" dir="0" index="0" bw="1" slack="1"/>
<pin id="141" dir="1" index="1" bw="1" slack="2147483647"/>
</pin_list>
<bind>
<opset="first_iter_0 (phireg) "/>
</bind>
</comp>

<comp id="142" class="1004" name="first_iter_0_phi_fu_142">
<pin_list>
<pin id="143" dir="0" index="0" bw="1" slack="0"/>
<pin id="144" dir="0" index="1" bw="0" slack="2147483647"/>
<pin id="145" dir="0" index="2" bw="1" slack="0"/>
<pin id="146" dir="0" index="3" bw="0" slack="2147483647"/>
<pin id="147" dir="1" index="4" bw="1" slack="1"/>
</pin_list>
<bind>
<opcode="phi(47) " fcode="phi"/>
<opset="first_iter_0/1 "/>
</bind>
</comp>

<comp id="151" class="1004" name="grp_fu_151">
<pin_list>
<pin id="152" dir="0" index="0" bw="32" slack="0"/>
<pin id="153" dir="1" index="1" bw="64" slack="0"/>
</pin_list>
<bind>
<opcode="fpext(41) " fcode="fpext"/>
<opset="pf/11 "/>
</bind>
</comp>

<comp id="154" class="1004" name="store_ln402_store_fu_154">
<pin_list>
<pin id="155" dir="0" index="0" bw="1" slack="0"/>
<pin id="156" dir="0" index="1" bw="8" slack="0"/>
<pin id="157" dir="1" index="2" bw="0" slack="2147483647"/>
</pin_list>
<bind>
<opcode="store(28) " fcode="store"/>
<opset="store_ln402/1 "/>
</bind>
</comp>

<comp id="159" class="1004" name="i_load_load_fu_159">
<pin_list>
<pin id="160" dir="0" index="0" bw="8" slack="0"/>
<pin id="161" dir="1" index="1" bw="8" slack="0"/>
</pin_list>
<bind>
<opcode="load(27) " fcode="load"/>
<opset="i_load/1 "/>
</bind>
</comp>

<comp id="162" class="1004" name="i_27_fu_162">
<pin_list>
<pin id="163" dir="0" index="0" bw="8" slack="0"/>
<pin id="164" dir="0" index="1" bw="1" slack="0"/>
<pin id="165" dir="1" index="2" bw="8" slack="0"/>
</pin_list>
<bind>
<opcode="add(8) " fcode="add"/>
<opset="i_27/1 "/>
</bind>
</comp>

<comp id="168" class="1004" name="icmp_ln402_fu_168">
<pin_list>
<pin id="169" dir="0" index="0" bw="8" slack="0"/>
<pin id="170" dir="0" index="1" bw="8" slack="0"/>
<pin id="171" dir="1" index="2" bw="1" slack="1"/>
</pin_list>
<bind>
<opcode="icmp(45) " fcode="icmp"/>
<opset="icmp_ln402/1 "/>
</bind>
</comp>

<comp id="174" class="1004" name="store_ln402_store_fu_174">
<pin_list>
<pin id="175" dir="0" index="0" bw="8" slack="0"/>
<pin id="176" dir="0" index="1" bw="8" slack="0"/>
<pin id="177" dir="1" index="2" bw="0" slack="2147483647"/>
</pin_list>
<bind>
<opcode="store(28) " fcode="store"/>
<opset="store_ln402/1 "/>
</bind>
</comp>

<comp id="179" class="1004" name="trunc_ln_fu_179">
<pin_list>
<pin id="180" dir="0" index="0" bw="62" slack="0"/>
<pin id="181" dir="0" index="1" bw="64" slack="1"/>
<pin id="182" dir="0" index="2" bw="3" slack="0"/>
<pin id="183" dir="0" index="3" bw="7" slack="0"/>
<pin id="184" dir="1" index="4" bw="62" slack="0"/>
</pin_list>
<bind>
<opcode="partselect(1002) " fcode="partselect"/>
<opset="trunc_ln/2 "/>
</bind>
</comp>

<comp id="188" class="1004" name="sext_ln402_fu_188">
<pin_list>
<pin id="189" dir="0" index="0" bw="62" slack="0"/>
<pin id="190" dir="1" index="1" bw="64" slack="0"/>
</pin_list>
<bind>
<opcode="sext(35) " fcode="sext"/>
<opset="sext_ln402/2 "/>
</bind>
</comp>

<comp id="192" class="1004" name="gmem0_addr_fu_192">
<pin_list>
<pin id="193" dir="0" index="0" bw="32" slack="0"/>
<pin id="194" dir="0" index="1" bw="62" slack="0"/>
<pin id="195" dir="1" index="2" bw="32" slack="0"/>
</pin_list>
<bind>
<opcode="getelementptr(29) " fcode="getelementptr"/>
<opset="gmem0_addr/2 "/>
</bind>
</comp>

<comp id="199" class="1004" name="bitcast_ln404_fu_199">
<pin_list>
<pin id="200" dir="0" index="0" bw="32" slack="1"/>
<pin id="201" dir="1" index="1" bw="32" slack="0"/>
</pin_list>
<bind>
<opcode="bitcast(44) " fcode="bitcast"/>
<opset="bitcast_ln404/11 "/>
</bind>
</comp>

<comp id="203" class="1004" name="bitcast_ln726_fu_203">
<pin_list>
<pin id="204" dir="0" index="0" bw="64" slack="0"/>
<pin id="205" dir="1" index="1" bw="64" slack="0"/>
</pin_list>
<bind>
<opcode="bitcast(44) " fcode="bitcast"/>
<opset="bitcast_ln726/12 "/>
</bind>
</comp>

<comp id="207" class="1004" name="trunc_ln404_fu_207">
<pin_list>
<pin id="208" dir="0" index="0" bw="64" slack="0"/>
<pin id="209" dir="1" index="1" bw="63" slack="0"/>
</pin_list>
<bind>
<opcode="trunc(33) " fcode="trunc"/>
<opset="trunc_ln404/12 "/>
</bind>
</comp>

<comp id="211" class="1004" name="tmp_fu_211">
<pin_list>
<pin id="212" dir="0" index="0" bw="1" slack="0"/>
<pin id="213" dir="0" index="1" bw="64" slack="0"/>
<pin id="214" dir="0" index="2" bw="7" slack="0"/>
<pin id="215" dir="1" index="3" bw="1" slack="0"/>
</pin_list>
<bind>
<opcode="bitselect(1000) " fcode="bitselect"/>
<opset="tmp/12 "/>
</bind>
</comp>

<comp id="219" class="1004" name="tmp_s_fu_219">
<pin_list>
<pin id="220" dir="0" index="0" bw="11" slack="0"/>
<pin id="221" dir="0" index="1" bw="64" slack="0"/>
<pin id="222" dir="0" index="2" bw="7" slack="0"/>
<pin id="223" dir="1" index="3" bw="11" slack="0"/>
</pin_list>
<bind>
<opcode="partselect(1002) " fcode="partselect"/>
<opset="tmp_s/12 "/>
</bind>
</comp>

<comp id="227" class="1004" name="zext_ln404_fu_227">
<pin_list>
<pin id="228" dir="0" index="0" bw="11" slack="0"/>
<pin id="229" dir="1" index="1" bw="12" slack="0"/>
</pin_list>
<bind>
<opcode="zext(34) " fcode="zext"/>
<opset="zext_ln404/12 "/>
</bind>
</comp>

<comp id="231" class="1004" name="trunc_ln404_1_fu_231">
<pin_list>
<pin id="232" dir="0" index="0" bw="64" slack="0"/>
<pin id="233" dir="1" index="1" bw="52" slack="0"/>
</pin_list>
<bind>
<opcode="trunc(33) " fcode="trunc"/>
<opset="trunc_ln404_1/12 "/>
</bind>
</comp>

<comp id="235" class="1004" name="zext_ln404_1_cast_fu_235">
<pin_list>
<pin id="236" dir="0" index="0" bw="53" slack="0"/>
<pin id="237" dir="0" index="1" bw="1" slack="0"/>
<pin id="238" dir="0" index="2" bw="52" slack="0"/>
<pin id="239" dir="1" index="3" bw="53" slack="0"/>
</pin_list>
<bind>
<opcode="bitconcatenate(1004) " fcode="bitconcatenate"/>
<opset="zext_ln404_1_cast/12 "/>
</bind>
</comp>

<comp id="243" class="1004" name="zext_ln404_1_fu_243">
<pin_list>
<pin id="244" dir="0" index="0" bw="53" slack="0"/>
<pin id="245" dir="1" index="1" bw="54" slack="0"/>
</pin_list>
<bind>
<opcode="zext(34) " fcode="zext"/>
<opset="zext_ln404_1/12 "/>
</bind>
</comp>

<comp id="247" class="1004" name="sub_ln404_fu_247">
<pin_list>
<pin id="248" dir="0" index="0" bw="1" slack="0"/>
<pin id="249" dir="0" index="1" bw="53" slack="0"/>
<pin id="250" dir="1" index="2" bw="54" slack="0"/>
</pin_list>
<bind>
<opcode="sub(10) " fcode="sub"/>
<opset="sub_ln404/12 "/>
</bind>
</comp>

<comp id="253" class="1004" name="select_ln404_fu_253">
<pin_list>
<pin id="254" dir="0" index="0" bw="1" slack="0"/>
<pin id="255" dir="0" index="1" bw="54" slack="0"/>
<pin id="256" dir="0" index="2" bw="53" slack="0"/>
<pin id="257" dir="1" index="3" bw="54" slack="0"/>
</pin_list>
<bind>
<opcode="select(49) " fcode="select"/>
<opset="select_ln404/12 "/>
</bind>
</comp>

<comp id="261" class="1004" name="icmp_ln404_fu_261">
<pin_list>
<pin id="262" dir="0" index="0" bw="63" slack="0"/>
<pin id="263" dir="0" index="1" bw="1" slack="0"/>
<pin id="264" dir="1" index="2" bw="1" slack="1"/>
</pin_list>
<bind>
<opcode="icmp(45) " fcode="icmp"/>
<opset="icmp_ln404/12 "/>
</bind>
</comp>

<comp id="267" class="1004" name="sub_ln404_1_fu_267">
<pin_list>
<pin id="268" dir="0" index="0" bw="12" slack="0"/>
<pin id="269" dir="0" index="1" bw="11" slack="0"/>
<pin id="270" dir="1" index="2" bw="12" slack="0"/>
</pin_list>
<bind>
<opcode="sub(10) " fcode="sub"/>
<opset="sub_ln404_1/12 "/>
</bind>
</comp>

<comp id="273" class="1004" name="trunc_ln404_2_fu_273">
<pin_list>
<pin id="274" dir="0" index="0" bw="12" slack="0"/>
<pin id="275" dir="1" index="1" bw="11" slack="0"/>
</pin_list>
<bind>
<opcode="trunc(33) " fcode="trunc"/>
<opset="trunc_ln404_2/12 "/>
</bind>
</comp>

<comp id="277" class="1004" name="icmp_ln404_1_fu_277">
<pin_list>
<pin id="278" dir="0" index="0" bw="12" slack="0"/>
<pin id="279" dir="0" index="1" bw="5" slack="0"/>
<pin id="280" dir="1" index="2" bw="1" slack="0"/>
</pin_list>
<bind>
<opcode="icmp(45) " fcode="icmp"/>
<opset="icmp_ln404_1/12 "/>
</bind>
</comp>

<comp id="283" class="1004" name="add_ln404_fu_283">
<pin_list>
<pin id="284" dir="0" index="0" bw="11" slack="0"/>
<pin id="285" dir="0" index="1" bw="5" slack="0"/>
<pin id="286" dir="1" index="2" bw="11" slack="0"/>
</pin_list>
<bind>
<opcode="add(8) " fcode="add"/>
<opset="add_ln404/12 "/>
</bind>
</comp>

<comp id="289" class="1004" name="sub_ln404_2_fu_289">
<pin_list>
<pin id="290" dir="0" index="0" bw="5" slack="0"/>
<pin id="291" dir="0" index="1" bw="11" slack="0"/>
<pin id="292" dir="1" index="2" bw="11" slack="0"/>
</pin_list>
<bind>
<opcode="sub(10) " fcode="sub"/>
<opset="sub_ln404_2/12 "/>
</bind>
</comp>

<comp id="295" class="1004" name="select_ln404_1_fu_295">
<pin_list>
<pin id="296" dir="0" index="0" bw="1" slack="0"/>
<pin id="297" dir="0" index="1" bw="11" slack="0"/>
<pin id="298" dir="0" index="2" bw="11" slack="0"/>
<pin id="299" dir="1" index="3" bw="11" slack="0"/>
</pin_list>
<bind>
<opcode="select(49) " fcode="select"/>
<opset="select_ln404_1/12 "/>
</bind>
</comp>

<comp id="303" class="1004" name="icmp_ln404_2_fu_303">
<pin_list>
<pin id="304" dir="0" index="0" bw="12" slack="0"/>
<pin id="305" dir="0" index="1" bw="5" slack="0"/>
<pin id="306" dir="1" index="2" bw="1" slack="1"/>
</pin_list>
<bind>
<opcode="icmp(45) " fcode="icmp"/>
<opset="icmp_ln404_2/12 "/>
</bind>
</comp>

<comp id="309" class="1004" name="trunc_ln404_3_fu_309">
<pin_list>
<pin id="310" dir="0" index="0" bw="54" slack="0"/>
<pin id="311" dir="1" index="1" bw="16" slack="1"/>
</pin_list>
<bind>
<opcode="trunc(33) " fcode="trunc"/>
<opset="trunc_ln404_3/12 "/>
</bind>
</comp>

<comp id="313" class="1004" name="tmp_64_fu_313">
<pin_list>
<pin id="314" dir="0" index="0" bw="7" slack="0"/>
<pin id="315" dir="0" index="1" bw="11" slack="0"/>
<pin id="316" dir="0" index="2" bw="4" slack="0"/>
<pin id="317" dir="0" index="3" bw="5" slack="0"/>
<pin id="318" dir="1" index="4" bw="7" slack="0"/>
</pin_list>
<bind>
<opcode="partselect(1002) " fcode="partselect"/>
<opset="tmp_64/12 "/>
</bind>
</comp>

<comp id="323" class="1004" name="icmp_ln404_4_fu_323">
<pin_list>
<pin id="324" dir="0" index="0" bw="7" slack="0"/>
<pin id="325" dir="0" index="1" bw="1" slack="0"/>
<pin id="326" dir="1" index="2" bw="1" slack="1"/>
</pin_list>
<bind>
<opcode="icmp(45) " fcode="icmp"/>
<opset="icmp_ln404_4/12 "/>
</bind>
</comp>

<comp id="329" class="1004" name="icmp_ln404_3_fu_329">
<pin_list>
<pin id="330" dir="0" index="0" bw="11" slack="1"/>
<pin id="331" dir="0" index="1" bw="7" slack="0"/>
<pin id="332" dir="1" index="2" bw="1" slack="0"/>
</pin_list>
<bind>
<opcode="icmp(45) " fcode="icmp"/>
<opset="icmp_ln404_3/13 "/>
</bind>
</comp>

<comp id="334" class="1004" name="select_ln404_4_fu_334">
<pin_list>
<pin id="335" dir="0" index="0" bw="1" slack="1"/>
<pin id="336" dir="0" index="1" bw="1" slack="0"/>
<pin id="337" dir="0" index="2" bw="1" slack="0"/>
<pin id="338" dir="1" index="3" bw="16" slack="0"/>
</pin_list>
<bind>
<opcode="select(49) " fcode="select"/>
<opset="select_ln404_4/13 "/>
</bind>
</comp>

<comp id="341" class="1004" name="zext_ln404_2_fu_341">
<pin_list>
<pin id="342" dir="0" index="0" bw="11" slack="1"/>
<pin id="343" dir="1" index="1" bw="54" slack="0"/>
</pin_list>
<bind>
<opcode="zext(34) " fcode="zext"/>
<opset="zext_ln404_2/13 "/>
</bind>
</comp>

<comp id="344" class="1004" name="ashr_ln404_fu_344">
<pin_list>
<pin id="345" dir="0" index="0" bw="54" slack="1"/>
<pin id="346" dir="0" index="1" bw="11" slack="0"/>
<pin id="347" dir="1" index="2" bw="54" slack="0"/>
</pin_list>
<bind>
<opcode="ashr(22) " fcode="ashr"/>
<opset="ashr_ln404/13 "/>
</bind>
</comp>

<comp id="349" class="1004" name="trunc_ln404_4_fu_349">
<pin_list>
<pin id="350" dir="0" index="0" bw="54" slack="0"/>
<pin id="351" dir="1" index="1" bw="16" slack="0"/>
</pin_list>
<bind>
<opcode="trunc(33) " fcode="trunc"/>
<opset="trunc_ln404_4/13 "/>
</bind>
</comp>

<comp id="353" class="1004" name="select_ln404_2_fu_353">
<pin_list>
<pin id="354" dir="0" index="0" bw="1" slack="0"/>
<pin id="355" dir="0" index="1" bw="16" slack="0"/>
<pin id="356" dir="0" index="2" bw="16" slack="0"/>
<pin id="357" dir="1" index="3" bw="16" slack="0"/>
</pin_list>
<bind>
<opcode="select(49) " fcode="select"/>
<opset="select_ln404_2/13 "/>
</bind>
</comp>

<comp id="361" class="1004" name="select_ln404_1cast_fu_361">
<pin_list>
<pin id="362" dir="0" index="0" bw="11" slack="1"/>
<pin id="363" dir="1" index="1" bw="16" slack="0"/>
</pin_list>
<bind>
<opcode="zext(34) " fcode="zext"/>
<opset="select_ln404_1cast/13 "/>
</bind>
</comp>

<comp id="364" class="1004" name="shl_ln404_fu_364">
<pin_list>
<pin id="365" dir="0" index="0" bw="16" slack="1"/>
<pin id="366" dir="0" index="1" bw="11" slack="0"/>
<pin id="367" dir="1" index="2" bw="16" slack="0"/>
</pin_list>
<bind>
<opcode="shl(20) " fcode="shl"/>
<opset="shl_ln404/13 "/>
</bind>
</comp>

<comp id="369" class="1004" name="select_ln404_3_fu_369">
<pin_list>
<pin id="370" dir="0" index="0" bw="1" slack="1"/>
<pin id="371" dir="0" index="1" bw="16" slack="0"/>
<pin id="372" dir="0" index="2" bw="1" slack="0"/>
<pin id="373" dir="1" index="3" bw="16" slack="0"/>
</pin_list>
<bind>
<opcode="select(49) " fcode="select"/>
<opset="select_ln404_3/13 "/>
</bind>
</comp>

<comp id="376" class="1004" name="xor_ln404_fu_376">
<pin_list>
<pin id="377" dir="0" index="0" bw="1" slack="1"/>
<pin id="378" dir="0" index="1" bw="1" slack="0"/>
<pin id="379" dir="1" index="2" bw="1" slack="0"/>
</pin_list>
<bind>
<opcode="xor(25) " fcode="xor"/>
<opset="xor_ln404/13 "/>
</bind>
</comp>

<comp id="381" class="1004" name="and_ln404_fu_381">
<pin_list>
<pin id="382" dir="0" index="0" bw="1" slack="1"/>
<pin id="383" dir="0" index="1" bw="1" slack="0"/>
<pin id="384" dir="1" index="2" bw="1" slack="0"/>
</pin_list>
<bind>
<opcode="and(23) " fcode="and"/>
<opset="and_ln404/13 "/>
</bind>
</comp>

<comp id="386" class="1004" name="or_ln404_fu_386">
<pin_list>
<pin id="387" dir="0" index="0" bw="1" slack="1"/>
<pin id="388" dir="0" index="1" bw="1" slack="1"/>
<pin id="389" dir="1" index="2" bw="1" slack="0"/>
</pin_list>
<bind>
<opcode="or(24) " fcode="or"/>
<opset="or_ln404/13 "/>
</bind>
</comp>

<comp id="390" class="1004" name="xor_ln404_1_fu_390">
<pin_list>
<pin id="391" dir="0" index="0" bw="1" slack="0"/>
<pin id="392" dir="0" index="1" bw="1" slack="0"/>
<pin id="393" dir="1" index="2" bw="1" slack="0"/>
</pin_list>
<bind>
<opcode="xor(25) " fcode="xor"/>
<opset="xor_ln404_1/13 "/>
</bind>
</comp>

<comp id="396" class="1004" name="and_ln404_1_fu_396">
<pin_list>
<pin id="397" dir="0" index="0" bw="1" slack="1"/>
<pin id="398" dir="0" index="1" bw="1" slack="0"/>
<pin id="399" dir="1" index="2" bw="1" slack="0"/>
</pin_list>
<bind>
<opcode="and(23) " fcode="and"/>
<opset="and_ln404_1/13 "/>
</bind>
</comp>

<comp id="401" class="1004" name="sel_tmp6_fu_401">
<pin_list>
<pin id="402" dir="0" index="0" bw="3" slack="0"/>
<pin id="403" dir="0" index="1" bw="1" slack="1"/>
<pin id="404" dir="0" index="2" bw="1" slack="0"/>
<pin id="405" dir="0" index="3" bw="1" slack="0"/>
<pin id="406" dir="1" index="4" bw="3" slack="0"/>
</pin_list>
<bind>
<opcode="bitconcatenate(1004) " fcode="bitconcatenate"/>
<opset="sel_tmp6/13 "/>
</bind>
</comp>

<comp id="410" class="1004" name="storemerge4_i_i_fu_410">
<pin_list>
<pin id="411" dir="0" index="0" bw="16" slack="0"/>
<pin id="412" dir="0" index="1" bw="3" slack="0"/>
<pin id="413" dir="0" index="2" bw="16" slack="0"/>
<pin id="414" dir="0" index="3" bw="3" slack="0"/>
<pin id="415" dir="0" index="4" bw="16" slack="1"/>
<pin id="416" dir="0" index="5" bw="3" slack="0"/>
<pin id="417" dir="0" index="6" bw="16" slack="0"/>
<pin id="418" dir="0" index="7" bw="3" slack="0"/>
<pin id="419" dir="0" index="8" bw="16" slack="0"/>
<pin id="420" dir="0" index="9" bw="16" slack="0"/>
<pin id="421" dir="0" index="10" bw="3" slack="0"/>
<pin id="422" dir="1" index="11" bw="16" slack="0"/>
</pin_list>
<bind>
<opcode="sparsemux(1197) " fcode="sparsemux"/>
<opset="storemerge4_i_i/13 "/>
</bind>
</comp>

<comp id="434" class="1005" name="i_reg_434">
<pin_list>
<pin id="435" dir="0" index="0" bw="8" slack="0"/>
<pin id="436" dir="1" index="1" bw="8" slack="0"/>
</pin_list>
<bind>
<opset="i "/>
</bind>
</comp>

<comp id="441" class="1005" name="input_r_read_reg_441">
<pin_list>
<pin id="442" dir="0" index="0" bw="64" slack="1"/>
<pin id="443" dir="1" index="1" bw="64" slack="1"/>
</pin_list>
<bind>
<opset="input_r_read "/>
</bind>
</comp>

<comp id="446" class="1005" name="icmp_ln402_reg_446">
<pin_list>
<pin id="447" dir="0" index="0" bw="1" slack="1"/>
<pin id="448" dir="1" index="1" bw="1" slack="2147483647"/>
</pin_list>
<bind>
<opset="icmp_ln402 "/>
</bind>
</comp>

<comp id="450" class="1005" name="gmem0_addr_reg_450">
<pin_list>
<pin id="451" dir="0" index="0" bw="32" slack="1"/>
<pin id="452" dir="1" index="1" bw="32" slack="1"/>
</pin_list>
<bind>
<opset="gmem0_addr "/>
</bind>
</comp>

<comp id="456" class="1005" name="gmem0_addr_read_reg_456">
<pin_list>
<pin id="457" dir="0" index="0" bw="32" slack="1"/>
<pin id="458" dir="1" index="1" bw="32" slack="1"/>
</pin_list>
<bind>
<opset="gmem0_addr_read "/>
</bind>
</comp>

<comp id="461" class="1005" name="bitcast_ln404_reg_461">
<pin_list>
<pin id="462" dir="0" index="0" bw="32" slack="1"/>
<pin id="463" dir="1" index="1" bw="32" slack="1"/>
</pin_list>
<bind>
<opset="bitcast_ln404 "/>
</bind>
</comp>

<comp id="466" class="1005" name="tmp_reg_466">
<pin_list>
<pin id="467" dir="0" index="0" bw="1" slack="1"/>
<pin id="468" dir="1" index="1" bw="1" slack="1"/>
</pin_list>
<bind>
<opset="tmp "/>
</bind>
</comp>

<comp id="471" class="1005" name="select_ln404_reg_471">
<pin_list>
<pin id="472" dir="0" index="0" bw="54" slack="1"/>
<pin id="473" dir="1" index="1" bw="54" slack="1"/>
</pin_list>
<bind>
<opset="select_ln404 "/>
</bind>
</comp>

<comp id="476" class="1005" name="icmp_ln404_reg_476">
<pin_list>
<pin id="477" dir="0" index="0" bw="1" slack="1"/>
<pin id="478" dir="1" index="1" bw="1" slack="1"/>
</pin_list>
<bind>
<opset="icmp_ln404 "/>
</bind>
</comp>

<comp id="483" class="1005" name="icmp_ln404_1_reg_483">
<pin_list>
<pin id="484" dir="0" index="0" bw="1" slack="1"/>
<pin id="485" dir="1" index="1" bw="1" slack="1"/>
</pin_list>
<bind>
<opset="icmp_ln404_1 "/>
</bind>
</comp>

<comp id="488" class="1005" name="select_ln404_1_reg_488">
<pin_list>
<pin id="489" dir="0" index="0" bw="11" slack="1"/>
<pin id="490" dir="1" index="1" bw="11" slack="1"/>
</pin_list>
<bind>
<opset="select_ln404_1 "/>
</bind>
</comp>

<comp id="495" class="1005" name="icmp_ln404_2_reg_495">
<pin_list>
<pin id="496" dir="0" index="0" bw="1" slack="1"/>
<pin id="497" dir="1" index="1" bw="1" slack="1"/>
</pin_list>
<bind>
<opset="icmp_ln404_2 "/>
</bind>
</comp>

<comp id="501" class="1005" name="trunc_ln404_3_reg_501">
<pin_list>
<pin id="502" dir="0" index="0" bw="16" slack="1"/>
<pin id="503" dir="1" index="1" bw="16" slack="1"/>
</pin_list>
<bind>
<opset="trunc_ln404_3 "/>
</bind>
</comp>

<comp id="507" class="1005" name="icmp_ln404_4_reg_507">
<pin_list>
<pin id="508" dir="0" index="0" bw="1" slack="1"/>
<pin id="509" dir="1" index="1" bw="1" slack="1"/>
</pin_list>
<bind>
<opset="icmp_ln404_4 "/>
</bind>
</comp>

</comp_list>

<net_list>
<net id="113"><net_src comp="6" pin="0"/><net_sink comp="110" pin=0"/></net>

<net id="118"><net_src comp="30" pin="0"/><net_sink comp="114" pin=0"/></net>

<net id="119"><net_src comp="0" pin="0"/><net_sink comp="114" pin=1"/></net>

<net id="125"><net_src comp="108" pin="0"/><net_sink comp="120" pin=0"/></net>

<net id="126"><net_src comp="4" pin="0"/><net_sink comp="120" pin=1"/></net>

<net id="132"><net_src comp="48" pin="0"/><net_sink comp="127" pin=0"/></net>

<net id="133"><net_src comp="50" pin="0"/><net_sink comp="127" pin=2"/></net>

<net id="138"><net_src comp="52" pin="0"/><net_sink comp="134" pin=0"/></net>

<net id="148"><net_src comp="34" pin="0"/><net_sink comp="142" pin=0"/></net>

<net id="149"><net_src comp="36" pin="0"/><net_sink comp="142" pin=2"/></net>

<net id="150"><net_src comp="142" pin="4"/><net_sink comp="139" pin=0"/></net>

<net id="158"><net_src comp="32" pin="0"/><net_sink comp="154" pin=0"/></net>

<net id="166"><net_src comp="159" pin="1"/><net_sink comp="162" pin=0"/></net>

<net id="167"><net_src comp="38" pin="0"/><net_sink comp="162" pin=1"/></net>

<net id="172"><net_src comp="159" pin="1"/><net_sink comp="168" pin=0"/></net>

<net id="173"><net_src comp="40" pin="0"/><net_sink comp="168" pin=1"/></net>

<net id="178"><net_src comp="162" pin="2"/><net_sink comp="174" pin=0"/></net>

<net id="185"><net_src comp="42" pin="0"/><net_sink comp="179" pin=0"/></net>

<net id="186"><net_src comp="44" pin="0"/><net_sink comp="179" pin=2"/></net>

<net id="187"><net_src comp="46" pin="0"/><net_sink comp="179" pin=3"/></net>

<net id="191"><net_src comp="179" pin="4"/><net_sink comp="188" pin=0"/></net>

<net id="196"><net_src comp="2" pin="0"/><net_sink comp="192" pin=0"/></net>

<net id="197"><net_src comp="188" pin="1"/><net_sink comp="192" pin=1"/></net>

<net id="198"><net_src comp="192" pin="2"/><net_sink comp="127" pin=1"/></net>

<net id="202"><net_src comp="199" pin="1"/><net_sink comp="151" pin=0"/></net>

<net id="206"><net_src comp="151" pin="1"/><net_sink comp="203" pin=0"/></net>

<net id="210"><net_src comp="203" pin="1"/><net_sink comp="207" pin=0"/></net>

<net id="216"><net_src comp="54" pin="0"/><net_sink comp="211" pin=0"/></net>

<net id="217"><net_src comp="203" pin="1"/><net_sink comp="211" pin=1"/></net>

<net id="218"><net_src comp="46" pin="0"/><net_sink comp="211" pin=2"/></net>

<net id="224"><net_src comp="56" pin="0"/><net_sink comp="219" pin=0"/></net>

<net id="225"><net_src comp="203" pin="1"/><net_sink comp="219" pin=1"/></net>

<net id="226"><net_src comp="58" pin="0"/><net_sink comp="219" pin=2"/></net>

<net id="230"><net_src comp="219" pin="3"/><net_sink comp="227" pin=0"/></net>

<net id="234"><net_src comp="203" pin="1"/><net_sink comp="231" pin=0"/></net>

<net id="240"><net_src comp="60" pin="0"/><net_sink comp="235" pin=0"/></net>

<net id="241"><net_src comp="34" pin="0"/><net_sink comp="235" pin=1"/></net>

<net id="242"><net_src comp="231" pin="1"/><net_sink comp="235" pin=2"/></net>

<net id="246"><net_src comp="235" pin="3"/><net_sink comp="243" pin=0"/></net>

<net id="251"><net_src comp="62" pin="0"/><net_sink comp="247" pin=0"/></net>

<net id="252"><net_src comp="243" pin="1"/><net_sink comp="247" pin=1"/></net>

<net id="258"><net_src comp="211" pin="3"/><net_sink comp="253" pin=0"/></net>

<net id="259"><net_src comp="247" pin="2"/><net_sink comp="253" pin=1"/></net>

<net id="260"><net_src comp="243" pin="1"/><net_sink comp="253" pin=2"/></net>

<net id="265"><net_src comp="207" pin="1"/><net_sink comp="261" pin=0"/></net>

<net id="266"><net_src comp="64" pin="0"/><net_sink comp="261" pin=1"/></net>

<net id="271"><net_src comp="66" pin="0"/><net_sink comp="267" pin=0"/></net>

<net id="272"><net_src comp="227" pin="1"/><net_sink comp="267" pin=1"/></net>

<net id="276"><net_src comp="267" pin="2"/><net_sink comp="273" pin=0"/></net>

<net id="281"><net_src comp="267" pin="2"/><net_sink comp="277" pin=0"/></net>

<net id="282"><net_src comp="68" pin="0"/><net_sink comp="277" pin=1"/></net>

<net id="287"><net_src comp="273" pin="1"/><net_sink comp="283" pin=0"/></net>

<net id="288"><net_src comp="70" pin="0"/><net_sink comp="283" pin=1"/></net>

<net id="293"><net_src comp="72" pin="0"/><net_sink comp="289" pin=0"/></net>

<net id="294"><net_src comp="273" pin="1"/><net_sink comp="289" pin=1"/></net>

<net id="300"><net_src comp="277" pin="2"/><net_sink comp="295" pin=0"/></net>

<net id="301"><net_src comp="283" pin="2"/><net_sink comp="295" pin=1"/></net>

<net id="302"><net_src comp="289" pin="2"/><net_sink comp="295" pin=2"/></net>

<net id="307"><net_src comp="267" pin="2"/><net_sink comp="303" pin=0"/></net>

<net id="308"><net_src comp="68" pin="0"/><net_sink comp="303" pin=1"/></net>

<net id="312"><net_src comp="253" pin="3"/><net_sink comp="309" pin=0"/></net>

<net id="319"><net_src comp="74" pin="0"/><net_sink comp="313" pin=0"/></net>

<net id="320"><net_src comp="295" pin="3"/><net_sink comp="313" pin=1"/></net>

<net id="321"><net_src comp="28" pin="0"/><net_sink comp="313" pin=2"/></net>

<net id="322"><net_src comp="76" pin="0"/><net_sink comp="313" pin=3"/></net>

<net id="327"><net_src comp="313" pin="4"/><net_sink comp="323" pin=0"/></net>

<net id="328"><net_src comp="78" pin="0"/><net_sink comp="323" pin=1"/></net>

<net id="333"><net_src comp="88" pin="0"/><net_sink comp="329" pin=1"/></net>

<net id="339"><net_src comp="90" pin="0"/><net_sink comp="334" pin=1"/></net>

<net id="340"><net_src comp="92" pin="0"/><net_sink comp="334" pin=2"/></net>

<net id="348"><net_src comp="341" pin="1"/><net_sink comp="344" pin=1"/></net>

<net id="352"><net_src comp="344" pin="2"/><net_sink comp="349" pin=0"/></net>

<net id="358"><net_src comp="329" pin="2"/><net_sink comp="353" pin=0"/></net>

<net id="359"><net_src comp="349" pin="1"/><net_sink comp="353" pin=1"/></net>

<net id="360"><net_src comp="334" pin="3"/><net_sink comp="353" pin=2"/></net>

<net id="368"><net_src comp="361" pin="1"/><net_sink comp="364" pin=1"/></net>

<net id="374"><net_src comp="364" pin="2"/><net_sink comp="369" pin=1"/></net>

<net id="375"><net_src comp="92" pin="0"/><net_sink comp="369" pin=2"/></net>

<net id="380"><net_src comp="34" pin="0"/><net_sink comp="376" pin=1"/></net>

<net id="385"><net_src comp="376" pin="2"/><net_sink comp="381" pin=1"/></net>

<net id="394"><net_src comp="386" pin="2"/><net_sink comp="390" pin=0"/></net>

<net id="395"><net_src comp="34" pin="0"/><net_sink comp="390" pin=1"/></net>

<net id="400"><net_src comp="390" pin="2"/><net_sink comp="396" pin=1"/></net>

<net id="407"><net_src comp="94" pin="0"/><net_sink comp="401" pin=0"/></net>

<net id="408"><net_src comp="381" pin="2"/><net_sink comp="401" pin=2"/></net>

<net id="409"><net_src comp="396" pin="2"/><net_sink comp="401" pin=3"/></net>

<net id="423"><net_src comp="96" pin="0"/><net_sink comp="410" pin=0"/></net>

<net id="424"><net_src comp="98" pin="0"/><net_sink comp="410" pin=1"/></net>

<net id="425"><net_src comp="92" pin="0"/><net_sink comp="410" pin=2"/></net>

<net id="426"><net_src comp="100" pin="0"/><net_sink comp="410" pin=3"/></net>

<net id="427"><net_src comp="102" pin="0"/><net_sink comp="410" pin=5"/></net>

<net id="428"><net_src comp="353" pin="3"/><net_sink comp="410" pin=6"/></net>

<net id="429"><net_src comp="104" pin="0"/><net_sink comp="410" pin=7"/></net>

<net id="430"><net_src comp="369" pin="3"/><net_sink comp="410" pin=8"/></net>

<net id="431"><net_src comp="106" pin="0"/><net_sink comp="410" pin=9"/></net>

<net id="432"><net_src comp="401" pin="4"/><net_sink comp="410" pin=10"/></net>

<net id="433"><net_src comp="410" pin="11"/><net_sink comp="120" pin=2"/></net>

<net id="437"><net_src comp="110" pin="1"/><net_sink comp="434" pin=0"/></net>

<net id="438"><net_src comp="434" pin="1"/><net_sink comp="154" pin=1"/></net>

<net id="439"><net_src comp="434" pin="1"/><net_sink comp="159" pin=0"/></net>

<net id="440"><net_src comp="434" pin="1"/><net_sink comp="174" pin=1"/></net>

<net id="444"><net_src comp="114" pin="2"/><net_sink comp="441" pin=0"/></net>

<net id="445"><net_src comp="441" pin="1"/><net_sink comp="179" pin=1"/></net>

<net id="449"><net_src comp="168" pin="2"/><net_sink comp="446" pin=0"/></net>

<net id="453"><net_src comp="192" pin="2"/><net_sink comp="450" pin=0"/></net>

<net id="454"><net_src comp="450" pin="1"/><net_sink comp="127" pin=1"/></net>

<net id="455"><net_src comp="450" pin="1"/><net_sink comp="134" pin=1"/></net>

<net id="459"><net_src comp="134" pin="2"/><net_sink comp="456" pin=0"/></net>

<net id="460"><net_src comp="456" pin="1"/><net_sink comp="199" pin=0"/></net>

<net id="464"><net_src comp="199" pin="1"/><net_sink comp="461" pin=0"/></net>

<net id="465"><net_src comp="461" pin="1"/><net_sink comp="151" pin=0"/></net>

<net id="469"><net_src comp="211" pin="3"/><net_sink comp="466" pin=0"/></net>

<net id="470"><net_src comp="466" pin="1"/><net_sink comp="334" pin=0"/></net>

<net id="474"><net_src comp="253" pin="3"/><net_sink comp="471" pin=0"/></net>

<net id="475"><net_src comp="471" pin="1"/><net_sink comp="344" pin=0"/></net>

<net id="479"><net_src comp="261" pin="2"/><net_sink comp="476" pin=0"/></net>

<net id="480"><net_src comp="476" pin="1"/><net_sink comp="376" pin=0"/></net>

<net id="481"><net_src comp="476" pin="1"/><net_sink comp="386" pin=0"/></net>

<net id="482"><net_src comp="476" pin="1"/><net_sink comp="401" pin=1"/></net>

<net id="486"><net_src comp="277" pin="2"/><net_sink comp="483" pin=0"/></net>

<net id="487"><net_src comp="483" pin="1"/><net_sink comp="396" pin=0"/></net>

<net id="491"><net_src comp="295" pin="3"/><net_sink comp="488" pin=0"/></net>

<net id="492"><net_src comp="488" pin="1"/><net_sink comp="329" pin=0"/></net>

<net id="493"><net_src comp="488" pin="1"/><net_sink comp="341" pin=0"/></net>

<net id="494"><net_src comp="488" pin="1"/><net_sink comp="361" pin=0"/></net>

<net id="498"><net_src comp="303" pin="2"/><net_sink comp="495" pin=0"/></net>

<net id="499"><net_src comp="495" pin="1"/><net_sink comp="381" pin=0"/></net>

<net id="500"><net_src comp="495" pin="1"/><net_sink comp="386" pin=1"/></net>

<net id="504"><net_src comp="309" pin="1"/><net_sink comp="501" pin=0"/></net>

<net id="505"><net_src comp="501" pin="1"/><net_sink comp="364" pin=0"/></net>

<net id="506"><net_src comp="501" pin="1"/><net_sink comp="410" pin=4"/></net>

<net id="510"><net_src comp="323" pin="2"/><net_sink comp="507" pin=0"/></net>

<net id="511"><net_src comp="507" pin="1"/><net_sink comp="369" pin=0"/></net>

</net_list>

</model> 
---------------- Datapath Model END ------------------

* FSMD analyzer results:
  - Output states:
	Port: stream_in | {13 }
 - Input state : 
	Port: Loop_VITIS_LOOP_402_1_proc : input_r | {1 }
	Port: Loop_VITIS_LOOP_402_1_proc : gmem0 | {2 3 4 5 6 7 8 9 10 }
  - Chain level:
	State 1
		store_ln402 : 1
		first_iter_0 : 1
		br_ln0 : 2
		i_load : 1
		i_27 : 2
		icmp_ln402 : 2
		store_ln402 : 3
		br_ln402 : 3
	State 2
		sext_ln402 : 1
		gmem0_addr : 2
		empty : 3
	State 3
	State 4
	State 5
	State 6
	State 7
	State 8
	State 9
	State 10
	State 11
		pf : 1
	State 12
		bitcast_ln726 : 1
		trunc_ln404 : 2
		tmp : 2
		tmp_s : 2
		zext_ln404 : 3
		trunc_ln404_1 : 2
		zext_ln404_1_cast : 3
		zext_ln404_1 : 4
		sub_ln404 : 5
		select_ln404 : 6
		icmp_ln404 : 3
		sub_ln404_1 : 4
		trunc_ln404_2 : 5
		icmp_ln404_1 : 5
		add_ln404 : 6
		sub_ln404_2 : 6
		select_ln404_1 : 7
		icmp_ln404_2 : 5
		trunc_ln404_3 : 7
		tmp_64 : 8
		icmp_ln404_4 : 9
	State 13
		ashr_ln404 : 1
		trunc_ln404_4 : 2
		select_ln404_2 : 3
		shl_ln404 : 1
		select_ln404_3 : 2
		storemerge4_i_i : 1
		write_ln404 : 2


============================================================
+ Verbose Summary: Datapath Resource usage 
============================================================

* Functional unit list:
|----------|-----------------------------|---------|---------|
| Operation|       Functional Unit       |    FF   |   LUT   |
|----------|-----------------------------|---------|---------|
|   ashr   |      ashr_ln404_fu_344      |    0    |   161   |
|----------|-----------------------------|---------|---------|
|          |      icmp_ln402_fu_168      |    0    |    15   |
|          |      icmp_ln404_fu_261      |    0    |    70   |
|   icmp   |     icmp_ln404_1_fu_277     |    0    |    19   |
|          |     icmp_ln404_2_fu_303     |    0    |    19   |
|          |     icmp_ln404_4_fu_323     |    0    |    14   |
|          |     icmp_ln404_3_fu_329     |    0    |    18   |
|----------|-----------------------------|---------|---------|
|          |     select_ln404_fu_253     |    0    |    54   |
|          |    select_ln404_1_fu_295    |    0    |    11   |
|  select  |    select_ln404_4_fu_334    |    0    |    2    |
|          |    select_ln404_2_fu_353    |    0    |    16   |
|          |    select_ln404_3_fu_369    |    0    |    16   |
|----------|-----------------------------|---------|---------|
|          |       sub_ln404_fu_247      |    0    |    60   |
|    sub   |      sub_ln404_1_fu_267     |    0    |    19   |
|          |      sub_ln404_2_fu_289     |    0    |    18   |
|----------|-----------------------------|---------|---------|
|    shl   |       shl_ln404_fu_364      |    0    |    35   |
|----------|-----------------------------|---------|---------|
|    add   |         i_27_fu_162         |    0    |    15   |
|          |       add_ln404_fu_283      |    0    |    18   |
|----------|-----------------------------|---------|---------|
| sparsemux|    storemerge4_i_i_fu_410   |    0    |    13   |
|----------|-----------------------------|---------|---------|
|    xor   |       xor_ln404_fu_376      |    0    |    2    |
|          |      xor_ln404_1_fu_390     |    0    |    2    |
|----------|-----------------------------|---------|---------|
|    and   |       and_ln404_fu_381      |    0    |    2    |
|          |      and_ln404_1_fu_396     |    0    |    2    |
|----------|-----------------------------|---------|---------|
|    or    |       or_ln404_fu_386       |    0    |    2    |
|----------|-----------------------------|---------|---------|
|   read   |   input_r_read_read_fu_114  |    0    |    0    |
|          | gmem0_addr_read_read_fu_134 |    0    |    0    |
|----------|-----------------------------|---------|---------|
|   write  |   write_ln404_write_fu_120  |    0    |    0    |
|----------|-----------------------------|---------|---------|
|  readreq |      grp_readreq_fu_127     |    0    |    0    |
|----------|-----------------------------|---------|---------|
|   fpext  |          grp_fu_151         |    0    |    0    |
|----------|-----------------------------|---------|---------|
|          |       trunc_ln_fu_179       |    0    |    0    |
|partselect|         tmp_s_fu_219        |    0    |    0    |
|          |        tmp_64_fu_313        |    0    |    0    |
|----------|-----------------------------|---------|---------|
|   sext   |      sext_ln402_fu_188      |    0    |    0    |
|----------|-----------------------------|---------|---------|
|          |      trunc_ln404_fu_207     |    0    |    0    |
|          |     trunc_ln404_1_fu_231    |    0    |    0    |
|   trunc  |     trunc_ln404_2_fu_273    |    0    |    0    |
|          |     trunc_ln404_3_fu_309    |    0    |    0    |
|          |     trunc_ln404_4_fu_349    |    0    |    0    |
|----------|-----------------------------|---------|---------|
| bitselect|          tmp_fu_211         |    0    |    0    |
|----------|-----------------------------|---------|---------|
|          |      zext_ln404_fu_227      |    0    |    0    |
|   zext   |     zext_ln404_1_fu_243     |    0    |    0    |
|          |     zext_ln404_2_fu_341     |    0    |    0    |
|          |  select_ln404_1cast_fu_361  |    0    |    0    |
|----------|-----------------------------|---------|---------|
|bitconcatenate|   zext_ln404_1_cast_fu_235  |    0    |    0    |
|          |       sel_tmp6_fu_401       |    0    |    0    |
|----------|-----------------------------|---------|---------|
|   Total  |                             |    0    |   603   |
|----------|-----------------------------|---------|---------|

Memories:
N/A

* Register list:
+-----------------------+--------+
|                       |   FF   |
+-----------------------+--------+
| bitcast_ln404_reg_461 |   32   |
|  first_iter_0_reg_139 |    1   |
|gmem0_addr_read_reg_456|   32   |
|   gmem0_addr_reg_450  |   32   |
|       i_reg_434       |    8   |
|   icmp_ln402_reg_446  |    1   |
|  icmp_ln404_1_reg_483 |    1   |
|  icmp_ln404_2_reg_495 |    1   |
|  icmp_ln404_4_reg_507 |    1   |
|   icmp_ln404_reg_476  |    1   |
|  input_r_read_reg_441 |   64   |
| select_ln404_1_reg_488|   11   |
|  select_ln404_reg_471 |   54   |
|      tmp_reg_466      |    1   |
| trunc_ln404_3_reg_501 |   16   |
+-----------------------+--------+
|         Total         |   256  |
+-----------------------+--------+

* Multiplexer (MUX) list: 
|--------------------|------|------|------|--------||---------||---------||---------|
|        Comp        |  Pin | Size |  BW  | S x BW ||  Delay  ||    FF   ||   LUT   |
|--------------------|------|------|------|--------||---------||---------||---------|
| grp_readreq_fu_127 |  p1  |   2  |  32  |   64   ||    0    ||    9    |
|     grp_fu_151     |  p0  |   2  |  32  |   64   ||    0    ||    9    |
|--------------------|------|------|------|--------||---------||---------||---------|
|        Total       |      |      |      |   128  ||  1.666  ||    0    ||    18   |
|--------------------|------|------|------|--------||---------||---------||---------|



* Summary:
+-----------+--------+--------+--------+
|           |  Delay |   FF   |   LUT  |
+-----------+--------+--------+--------+
|  Function |    -   |    0   |   603  |
|   Memory  |    -   |    -   |    -   |
|Multiplexer|    1   |    0   |   18   |
|  Register |    -   |   256  |    -   |
+-----------+--------+--------+--------+
|   Total   |    1   |   256  |   621  |
+-----------+--------+--------+--------+
