/home/dlohchab/projects/Verilog/DVCON/task_detection_tpu/tpu_integrated_accel/tpu_integrated_accel/hls/.autopilot/db/pe.pp.0.cpp:2273:5: remark: Added loop label VITIS_LOOP_676_1:   [xilinx-label-all-loops]
    for (unsigned i = low; i != high+1; ++i) {
    ^
    VITIS_LOOP_676_1: 
/home/dlohchab/projects/Verilog/DVCON/task_detection_tpu/tpu_integrated_accel/tpu_integrated_accel/hls/.autopilot/db/pe.pp.0.cpp:2273:5: note: FIX-IT applied suggested code changes
/home/dlohchab/projects/Verilog/DVCON/task_detection_tpu/tpu_integrated_accel/tpu_integrated_accel/hls/.autopilot/db/pe.pp.0.cpp:2287:5: remark: Added loop label VITIS_LOOP_690_1:   [xilinx-label-all-loops]
    for (unsigned i = low; i != high+1; ++i) {
    ^
    VITIS_LOOP_690_1: 
/home/dlohchab/projects/Verilog/DVCON/task_detection_tpu/tpu_integrated_accel/tpu_integrated_accel/hls/.autopilot/db/pe.pp.0.cpp:2287:5: note: FIX-IT applied suggested code changes
/home/dlohchab/projects/Verilog/DVCON/task_detection_tpu/tpu_integrated_accel/tpu_integrated_accel/hls/.autopilot/db/pe.pp.0.cpp:2301:5: remark: Added loop label VITIS_LOOP_704_1:   [xilinx-label-all-loops]
    for (unsigned i = low; i != high+1; ++i) {
    ^
    VITIS_LOOP_704_1: 
/home/dlohchab/projects/Verilog/DVCON/task_detection_tpu/tpu_integrated_accel/tpu_integrated_accel/hls/.autopilot/db/pe.pp.0.cpp:2301:5: note: FIX-IT applied suggested code changes
/home/dlohchab/projects/Verilog/DVCON/task_detection_tpu/tpu_integrated_accel/tpu_integrated_accel/hls/.autopilot/db/pe.pp.0.cpp:5840:7: remark: Added loop label VITIS_LOOP_1251_1:   [xilinx-label-all-loops]
      for (i = 0; i < __N - 1; ++i) {
      ^
      VITIS_LOOP_1251_1: 
/home/dlohchab/projects/Verilog/DVCON/task_detection_tpu/tpu_integrated_accel/tpu_integrated_accel/hls/.autopilot/db/pe.pp.0.cpp:5840:7: note: FIX-IT applied suggested code changes
