

================================================================
== Vitis HLS Report for 'run_mac_tile_6_Pipeline_PUMP_LOOP'
================================================================
* Date:           Tue Jun 16 19:42:44 2026

* Version:        2025.2 (Build 6295257 on Nov 14 2025)
* Project:        tpu_integrated_accel
* Solution:       hls (Vivado IP Flow Target)
* Product family: kintex7
* Target device:  xc7k325t-ffg900-2


================================================================
== Performance Estimates
================================================================
+ Timing: 
    * Summary: 
    +--------+----------+----------+------------+
    |  Clock |  Target  | Estimated| Uncertainty|
    +--------+----------+----------+------------+
    |ap_clk  |  10.00 ns|  3.813 ns|     2.70 ns|
    +--------+----------+----------+------------+

+ Latency: 
    * Summary: 
    +---------+---------+----------+----------+-----+-----+-------------------+
    |  Latency (cycles) |  Latency (absolute) |  Interval |      Pipeline     |
    |   min   |   max   |    min   |    max   | min | max |        Type       |
    +---------+---------+----------+----------+-----+-----+-------------------+
    |       19|       19|  0.190 us|  0.190 us|    0|    0|  loop pipeline stp|
    +---------+---------+----------+----------+-----+-----+-------------------+

    + Detail: 
        * Instance: 
        N/A

        * Loop: 
        +-------------+---------+---------+----------+-----------+-----------+------+----------+
        |             |  Latency (cycles) | Iteration|  Initiation Interval  | Trip |          |
        |  Loop Name  |   min   |   max   |  Latency |  achieved |   target  | Count| Pipelined|
        +-------------+---------+---------+----------+-----------+-----------+------+----------+
        |- PUMP_LOOP  |       17|       17|         4|          1|          1|    15|       yes|
        +-------------+---------+---------+----------+-----------+-----------+------+----------+

============================================================
+ Verbose Summary: Synthesis Manager
============================================================
InlineROM: 1
ExposeGlobal: 0
============================================================
+ Verbose Summary: CDFG Model
============================================================
IsTopModel: 0
ResetActiveHigh: 1
IsCombinational: 0
IsDatapathOnly: 0
HasWiredReturn: 1
HasMFsm: 2
HasVarLatency: 1
IsPipeline: 0
IsRtlPipelined: 0
IsInstanceOverlapped: 0
IsDontTouch: 0
HasImplIP: 0
IsGatedGlobalClock: 0

+ Individual pipeline summary: 
  * Pipeline-0: initiation interval (II) = 1, depth = 5


============================================================
+ Verbose Summary: Schedule
============================================================
* Number of FSM states : 5
* Pipeline : 1
  Pipeline-0 : II = 1, D = 5, States = { 1 2 3 4 5 }
* Dataflow Pipeline: 0

* FSM state transitions: 
1 --> 2 
2 --> 3 
3 --> 4 
4 --> 5 
5 --> 

* FSM state operations: 

State 1 <SV = 0> <Delay = 0.83>
ST_1 : Operation 7 [1/1] (0.00ns)   --->   "%cycle = alloca i32 1" [../task_detection_tpu/tpu_accel.cpp:22]   --->   Operation 7 'alloca' 'cycle' <Predicate = true> <Delay = 0.00>
ST_1 : Operation 8 [1/1] (0.00ns)   --->   "%in_b = alloca i32 1" [../task_detection_tpu/pe.cpp:9->../task_detection_tpu/systolic_8x8.h:48->../task_detection_tpu/tpu_accel.cpp:29]   --->   Operation 8 'alloca' 'in_b' <Predicate = true> <Delay = 0.00>
ST_1 : Operation 9 [1/1] (0.00ns)   --->   "%C_out_8 = alloca i32 1" [../task_detection_tpu/systolic_8x8.h:56->../task_detection_tpu/tpu_accel.cpp:29]   --->   Operation 9 'alloca' 'C_out_8' <Predicate = true> <Delay = 0.00>
ST_1 : Operation 10 [1/1] (0.00ns)   --->   "%C_out_9 = alloca i32 1" [../task_detection_tpu/systolic_8x8.h:56->../task_detection_tpu/tpu_accel.cpp:29]   --->   Operation 10 'alloca' 'C_out_9' <Predicate = true> <Delay = 0.00>
ST_1 : Operation 11 [1/1] (0.00ns)   --->   "%C_out_10 = alloca i32 1" [../task_detection_tpu/systolic_8x8.h:56->../task_detection_tpu/tpu_accel.cpp:29]   --->   Operation 11 'alloca' 'C_out_10' <Predicate = true> <Delay = 0.00>
ST_1 : Operation 12 [1/1] (0.00ns)   --->   "%C_out_11 = alloca i32 1" [../task_detection_tpu/systolic_8x8.h:56->../task_detection_tpu/tpu_accel.cpp:29]   --->   Operation 12 'alloca' 'C_out_11' <Predicate = true> <Delay = 0.00>
ST_1 : Operation 13 [1/1] (0.00ns)   --->   "%C_out_12 = alloca i32 1" [../task_detection_tpu/systolic_8x8.h:56->../task_detection_tpu/tpu_accel.cpp:29]   --->   Operation 13 'alloca' 'C_out_12' <Predicate = true> <Delay = 0.00>
ST_1 : Operation 14 [1/1] (0.00ns)   --->   "%C_out_13 = alloca i32 1" [../task_detection_tpu/systolic_8x8.h:56->../task_detection_tpu/tpu_accel.cpp:29]   --->   Operation 14 'alloca' 'C_out_13' <Predicate = true> <Delay = 0.00>
ST_1 : Operation 15 [1/1] (0.00ns)   --->   "%C_out_14 = alloca i32 1" [../task_detection_tpu/systolic_8x8.h:56->../task_detection_tpu/tpu_accel.cpp:29]   --->   Operation 15 'alloca' 'C_out_14' <Predicate = true> <Delay = 0.00>
ST_1 : Operation 16 [1/1] (0.00ns)   --->   "%C_out = alloca i32 1" [../task_detection_tpu/systolic_8x8.h:56->../task_detection_tpu/tpu_accel.cpp:29]   --->   Operation 16 'alloca' 'C_out' <Predicate = true> <Delay = 0.00>
ST_1 : Operation 17 [1/1] (0.00ns)   --->   "%in_b_13 = alloca i32 1" [../task_detection_tpu/pe.cpp:9->../task_detection_tpu/systolic_8x8.h:48->../task_detection_tpu/tpu_accel.cpp:29]   --->   Operation 17 'alloca' 'in_b_13' <Predicate = true> <Delay = 0.00>
ST_1 : Operation 18 [1/1] (0.00ns)   --->   "%in_b_14 = alloca i32 1" [../task_detection_tpu/pe.cpp:9->../task_detection_tpu/systolic_8x8.h:48->../task_detection_tpu/tpu_accel.cpp:29]   --->   Operation 18 'alloca' 'in_b_14' <Predicate = true> <Delay = 0.00>
ST_1 : Operation 19 [1/1] (0.00ns)   --->   "%in_b_15 = alloca i32 1" [../task_detection_tpu/pe.cpp:9->../task_detection_tpu/systolic_8x8.h:48->../task_detection_tpu/tpu_accel.cpp:29]   --->   Operation 19 'alloca' 'in_b_15' <Predicate = true> <Delay = 0.00>
ST_1 : Operation 20 [1/1] (0.00ns)   --->   "%in_b_16 = alloca i32 1" [../task_detection_tpu/pe.cpp:9->../task_detection_tpu/systolic_8x8.h:48->../task_detection_tpu/tpu_accel.cpp:29]   --->   Operation 20 'alloca' 'in_b_16' <Predicate = true> <Delay = 0.00>
ST_1 : Operation 21 [1/1] (0.00ns)   --->   "%in_b_17 = alloca i32 1" [../task_detection_tpu/pe.cpp:9->../task_detection_tpu/systolic_8x8.h:48->../task_detection_tpu/tpu_accel.cpp:29]   --->   Operation 21 'alloca' 'in_b_17' <Predicate = true> <Delay = 0.00>
ST_1 : Operation 22 [1/1] (0.00ns)   --->   "%B_in = alloca i32 1" [../task_detection_tpu/tpu_accel.cpp:27]   --->   Operation 22 'alloca' 'B_in' <Predicate = true> <Delay = 0.00>
ST_1 : Operation 23 [1/1] (0.00ns)   --->   "%W_7_7_val_read = read i4 @_ssdm_op_Read.ap_auto.i4, i4 %W_7_7_val"   --->   Operation 23 'read' 'W_7_7_val_read' <Predicate = true> <Delay = 0.00>
ST_1 : Operation 24 [1/1] (0.00ns)   --->   "%W_7_6_val_read = read i4 @_ssdm_op_Read.ap_auto.i4, i4 %W_7_6_val"   --->   Operation 24 'read' 'W_7_6_val_read' <Predicate = true> <Delay = 0.00>
ST_1 : Operation 25 [1/1] (0.00ns)   --->   "%W_7_5_val_read = read i4 @_ssdm_op_Read.ap_auto.i4, i4 %W_7_5_val"   --->   Operation 25 'read' 'W_7_5_val_read' <Predicate = true> <Delay = 0.00>
ST_1 : Operation 26 [1/1] (0.00ns)   --->   "%W_7_4_val_read = read i4 @_ssdm_op_Read.ap_auto.i4, i4 %W_7_4_val"   --->   Operation 26 'read' 'W_7_4_val_read' <Predicate = true> <Delay = 0.00>
ST_1 : Operation 27 [1/1] (0.00ns)   --->   "%W_7_3_val_read = read i4 @_ssdm_op_Read.ap_auto.i4, i4 %W_7_3_val"   --->   Operation 27 'read' 'W_7_3_val_read' <Predicate = true> <Delay = 0.00>
ST_1 : Operation 28 [1/1] (0.00ns)   --->   "%W_7_2_val_read = read i4 @_ssdm_op_Read.ap_auto.i4, i4 %W_7_2_val"   --->   Operation 28 'read' 'W_7_2_val_read' <Predicate = true> <Delay = 0.00>
ST_1 : Operation 29 [1/1] (0.00ns)   --->   "%W_7_1_val_read = read i4 @_ssdm_op_Read.ap_auto.i4, i4 %W_7_1_val"   --->   Operation 29 'read' 'W_7_1_val_read' <Predicate = true> <Delay = 0.00>
ST_1 : Operation 30 [1/1] (0.00ns)   --->   "%W_7_0_val_read = read i4 @_ssdm_op_Read.ap_auto.i4, i4 %W_7_0_val"   --->   Operation 30 'read' 'W_7_0_val_read' <Predicate = true> <Delay = 0.00>
ST_1 : Operation 31 [1/1] (0.00ns)   --->   "%W_6_7_val_read = read i4 @_ssdm_op_Read.ap_auto.i4, i4 %W_6_7_val"   --->   Operation 31 'read' 'W_6_7_val_read' <Predicate = true> <Delay = 0.00>
ST_1 : Operation 32 [1/1] (0.00ns)   --->   "%W_6_6_val_read = read i4 @_ssdm_op_Read.ap_auto.i4, i4 %W_6_6_val"   --->   Operation 32 'read' 'W_6_6_val_read' <Predicate = true> <Delay = 0.00>
ST_1 : Operation 33 [1/1] (0.00ns)   --->   "%W_6_5_val_read = read i4 @_ssdm_op_Read.ap_auto.i4, i4 %W_6_5_val"   --->   Operation 33 'read' 'W_6_5_val_read' <Predicate = true> <Delay = 0.00>
ST_1 : Operation 34 [1/1] (0.00ns)   --->   "%W_6_4_val_read = read i4 @_ssdm_op_Read.ap_auto.i4, i4 %W_6_4_val"   --->   Operation 34 'read' 'W_6_4_val_read' <Predicate = true> <Delay = 0.00>
ST_1 : Operation 35 [1/1] (0.00ns)   --->   "%W_6_3_val_read = read i4 @_ssdm_op_Read.ap_auto.i4, i4 %W_6_3_val"   --->   Operation 35 'read' 'W_6_3_val_read' <Predicate = true> <Delay = 0.00>
ST_1 : Operation 36 [1/1] (0.00ns)   --->   "%W_6_2_val_read = read i4 @_ssdm_op_Read.ap_auto.i4, i4 %W_6_2_val"   --->   Operation 36 'read' 'W_6_2_val_read' <Predicate = true> <Delay = 0.00>
ST_1 : Operation 37 [1/1] (0.00ns)   --->   "%W_6_1_val_read = read i4 @_ssdm_op_Read.ap_auto.i4, i4 %W_6_1_val"   --->   Operation 37 'read' 'W_6_1_val_read' <Predicate = true> <Delay = 0.00>
ST_1 : Operation 38 [1/1] (0.00ns)   --->   "%W_6_0_val_read = read i4 @_ssdm_op_Read.ap_auto.i4, i4 %W_6_0_val"   --->   Operation 38 'read' 'W_6_0_val_read' <Predicate = true> <Delay = 0.00>
ST_1 : Operation 39 [1/1] (0.00ns)   --->   "%W_5_7_val_read = read i4 @_ssdm_op_Read.ap_auto.i4, i4 %W_5_7_val"   --->   Operation 39 'read' 'W_5_7_val_read' <Predicate = true> <Delay = 0.00>
ST_1 : Operation 40 [1/1] (0.00ns)   --->   "%W_5_6_val_read = read i4 @_ssdm_op_Read.ap_auto.i4, i4 %W_5_6_val"   --->   Operation 40 'read' 'W_5_6_val_read' <Predicate = true> <Delay = 0.00>
ST_1 : Operation 41 [1/1] (0.00ns)   --->   "%W_5_5_val_read = read i4 @_ssdm_op_Read.ap_auto.i4, i4 %W_5_5_val"   --->   Operation 41 'read' 'W_5_5_val_read' <Predicate = true> <Delay = 0.00>
ST_1 : Operation 42 [1/1] (0.00ns)   --->   "%W_5_4_val_read = read i4 @_ssdm_op_Read.ap_auto.i4, i4 %W_5_4_val"   --->   Operation 42 'read' 'W_5_4_val_read' <Predicate = true> <Delay = 0.00>
ST_1 : Operation 43 [1/1] (0.00ns)   --->   "%W_5_3_val_read = read i4 @_ssdm_op_Read.ap_auto.i4, i4 %W_5_3_val"   --->   Operation 43 'read' 'W_5_3_val_read' <Predicate = true> <Delay = 0.00>
ST_1 : Operation 44 [1/1] (0.00ns)   --->   "%W_5_2_val_read = read i4 @_ssdm_op_Read.ap_auto.i4, i4 %W_5_2_val"   --->   Operation 44 'read' 'W_5_2_val_read' <Predicate = true> <Delay = 0.00>
ST_1 : Operation 45 [1/1] (0.00ns)   --->   "%W_5_1_val_read = read i4 @_ssdm_op_Read.ap_auto.i4, i4 %W_5_1_val"   --->   Operation 45 'read' 'W_5_1_val_read' <Predicate = true> <Delay = 0.00>
ST_1 : Operation 46 [1/1] (0.00ns)   --->   "%W_5_0_val_read = read i4 @_ssdm_op_Read.ap_auto.i4, i4 %W_5_0_val"   --->   Operation 46 'read' 'W_5_0_val_read' <Predicate = true> <Delay = 0.00>
ST_1 : Operation 47 [1/1] (0.00ns)   --->   "%W_4_7_val_read = read i4 @_ssdm_op_Read.ap_auto.i4, i4 %W_4_7_val"   --->   Operation 47 'read' 'W_4_7_val_read' <Predicate = true> <Delay = 0.00>
ST_1 : Operation 48 [1/1] (0.00ns)   --->   "%W_4_6_val_read = read i4 @_ssdm_op_Read.ap_auto.i4, i4 %W_4_6_val"   --->   Operation 48 'read' 'W_4_6_val_read' <Predicate = true> <Delay = 0.00>
ST_1 : Operation 49 [1/1] (0.00ns)   --->   "%W_4_5_val_read = read i4 @_ssdm_op_Read.ap_auto.i4, i4 %W_4_5_val"   --->   Operation 49 'read' 'W_4_5_val_read' <Predicate = true> <Delay = 0.00>
ST_1 : Operation 50 [1/1] (0.00ns)   --->   "%W_4_4_val_read = read i4 @_ssdm_op_Read.ap_auto.i4, i4 %W_4_4_val"   --->   Operation 50 'read' 'W_4_4_val_read' <Predicate = true> <Delay = 0.00>
ST_1 : Operation 51 [1/1] (0.00ns)   --->   "%W_4_3_val_read = read i4 @_ssdm_op_Read.ap_auto.i4, i4 %W_4_3_val"   --->   Operation 51 'read' 'W_4_3_val_read' <Predicate = true> <Delay = 0.00>
ST_1 : Operation 52 [1/1] (0.00ns)   --->   "%W_4_2_val_read = read i4 @_ssdm_op_Read.ap_auto.i4, i4 %W_4_2_val"   --->   Operation 52 'read' 'W_4_2_val_read' <Predicate = true> <Delay = 0.00>
ST_1 : Operation 53 [1/1] (0.00ns)   --->   "%W_4_1_val_read = read i4 @_ssdm_op_Read.ap_auto.i4, i4 %W_4_1_val"   --->   Operation 53 'read' 'W_4_1_val_read' <Predicate = true> <Delay = 0.00>
ST_1 : Operation 54 [1/1] (0.00ns)   --->   "%W_4_0_val_read = read i4 @_ssdm_op_Read.ap_auto.i4, i4 %W_4_0_val"   --->   Operation 54 'read' 'W_4_0_val_read' <Predicate = true> <Delay = 0.00>
ST_1 : Operation 55 [1/1] (0.00ns)   --->   "%W_3_7_val_read = read i4 @_ssdm_op_Read.ap_auto.i4, i4 %W_3_7_val"   --->   Operation 55 'read' 'W_3_7_val_read' <Predicate = true> <Delay = 0.00>
ST_1 : Operation 56 [1/1] (0.00ns)   --->   "%W_3_6_val_read = read i4 @_ssdm_op_Read.ap_auto.i4, i4 %W_3_6_val"   --->   Operation 56 'read' 'W_3_6_val_read' <Predicate = true> <Delay = 0.00>
ST_1 : Operation 57 [1/1] (0.00ns)   --->   "%W_3_5_val_read = read i4 @_ssdm_op_Read.ap_auto.i4, i4 %W_3_5_val"   --->   Operation 57 'read' 'W_3_5_val_read' <Predicate = true> <Delay = 0.00>
ST_1 : Operation 58 [1/1] (0.00ns)   --->   "%W_3_4_val_read = read i4 @_ssdm_op_Read.ap_auto.i4, i4 %W_3_4_val"   --->   Operation 58 'read' 'W_3_4_val_read' <Predicate = true> <Delay = 0.00>
ST_1 : Operation 59 [1/1] (0.00ns)   --->   "%W_3_3_val_read = read i4 @_ssdm_op_Read.ap_auto.i4, i4 %W_3_3_val"   --->   Operation 59 'read' 'W_3_3_val_read' <Predicate = true> <Delay = 0.00>
ST_1 : Operation 60 [1/1] (0.00ns)   --->   "%W_3_2_val_read = read i4 @_ssdm_op_Read.ap_auto.i4, i4 %W_3_2_val"   --->   Operation 60 'read' 'W_3_2_val_read' <Predicate = true> <Delay = 0.00>
ST_1 : Operation 61 [1/1] (0.00ns)   --->   "%W_3_1_val_read = read i4 @_ssdm_op_Read.ap_auto.i4, i4 %W_3_1_val"   --->   Operation 61 'read' 'W_3_1_val_read' <Predicate = true> <Delay = 0.00>
ST_1 : Operation 62 [1/1] (0.00ns)   --->   "%W_3_0_val_read = read i4 @_ssdm_op_Read.ap_auto.i4, i4 %W_3_0_val"   --->   Operation 62 'read' 'W_3_0_val_read' <Predicate = true> <Delay = 0.00>
ST_1 : Operation 63 [1/1] (0.00ns)   --->   "%W_2_7_val_read = read i4 @_ssdm_op_Read.ap_auto.i4, i4 %W_2_7_val"   --->   Operation 63 'read' 'W_2_7_val_read' <Predicate = true> <Delay = 0.00>
ST_1 : Operation 64 [1/1] (0.00ns)   --->   "%W_2_6_val_read = read i4 @_ssdm_op_Read.ap_auto.i4, i4 %W_2_6_val"   --->   Operation 64 'read' 'W_2_6_val_read' <Predicate = true> <Delay = 0.00>
ST_1 : Operation 65 [1/1] (0.00ns)   --->   "%W_2_5_val_read = read i4 @_ssdm_op_Read.ap_auto.i4, i4 %W_2_5_val"   --->   Operation 65 'read' 'W_2_5_val_read' <Predicate = true> <Delay = 0.00>
ST_1 : Operation 66 [1/1] (0.00ns)   --->   "%W_2_4_val_read = read i4 @_ssdm_op_Read.ap_auto.i4, i4 %W_2_4_val"   --->   Operation 66 'read' 'W_2_4_val_read' <Predicate = true> <Delay = 0.00>
ST_1 : Operation 67 [1/1] (0.00ns)   --->   "%W_2_3_val_read = read i4 @_ssdm_op_Read.ap_auto.i4, i4 %W_2_3_val"   --->   Operation 67 'read' 'W_2_3_val_read' <Predicate = true> <Delay = 0.00>
ST_1 : Operation 68 [1/1] (0.00ns)   --->   "%W_2_2_val_read = read i4 @_ssdm_op_Read.ap_auto.i4, i4 %W_2_2_val"   --->   Operation 68 'read' 'W_2_2_val_read' <Predicate = true> <Delay = 0.00>
ST_1 : Operation 69 [1/1] (0.00ns)   --->   "%W_2_1_val_read = read i4 @_ssdm_op_Read.ap_auto.i4, i4 %W_2_1_val"   --->   Operation 69 'read' 'W_2_1_val_read' <Predicate = true> <Delay = 0.00>
ST_1 : Operation 70 [1/1] (0.00ns)   --->   "%W_2_0_val_read = read i4 @_ssdm_op_Read.ap_auto.i4, i4 %W_2_0_val"   --->   Operation 70 'read' 'W_2_0_val_read' <Predicate = true> <Delay = 0.00>
ST_1 : Operation 71 [1/1] (0.00ns)   --->   "%W_1_7_val_read = read i4 @_ssdm_op_Read.ap_auto.i4, i4 %W_1_7_val"   --->   Operation 71 'read' 'W_1_7_val_read' <Predicate = true> <Delay = 0.00>
ST_1 : Operation 72 [1/1] (0.00ns)   --->   "%W_1_6_val_read = read i4 @_ssdm_op_Read.ap_auto.i4, i4 %W_1_6_val"   --->   Operation 72 'read' 'W_1_6_val_read' <Predicate = true> <Delay = 0.00>
ST_1 : Operation 73 [1/1] (0.00ns)   --->   "%W_1_5_val_read = read i4 @_ssdm_op_Read.ap_auto.i4, i4 %W_1_5_val"   --->   Operation 73 'read' 'W_1_5_val_read' <Predicate = true> <Delay = 0.00>
ST_1 : Operation 74 [1/1] (0.00ns)   --->   "%W_1_4_val_read = read i4 @_ssdm_op_Read.ap_auto.i4, i4 %W_1_4_val"   --->   Operation 74 'read' 'W_1_4_val_read' <Predicate = true> <Delay = 0.00>
ST_1 : Operation 75 [1/1] (0.00ns)   --->   "%W_1_3_val_read = read i4 @_ssdm_op_Read.ap_auto.i4, i4 %W_1_3_val"   --->   Operation 75 'read' 'W_1_3_val_read' <Predicate = true> <Delay = 0.00>
ST_1 : Operation 76 [1/1] (0.00ns)   --->   "%W_1_2_val_read = read i4 @_ssdm_op_Read.ap_auto.i4, i4 %W_1_2_val"   --->   Operation 76 'read' 'W_1_2_val_read' <Predicate = true> <Delay = 0.00>
ST_1 : Operation 77 [1/1] (0.00ns)   --->   "%W_1_1_val_read = read i4 @_ssdm_op_Read.ap_auto.i4, i4 %W_1_1_val"   --->   Operation 77 'read' 'W_1_1_val_read' <Predicate = true> <Delay = 0.00>
ST_1 : Operation 78 [1/1] (0.00ns)   --->   "%W_1_0_val_read = read i4 @_ssdm_op_Read.ap_auto.i4, i4 %W_1_0_val"   --->   Operation 78 'read' 'W_1_0_val_read' <Predicate = true> <Delay = 0.00>
ST_1 : Operation 79 [1/1] (0.00ns)   --->   "%X_7_val_read = read i16 @_ssdm_op_Read.ap_auto.i16, i16 %X_7_val"   --->   Operation 79 'read' 'X_7_val_read' <Predicate = true> <Delay = 0.00>
ST_1 : Operation 80 [1/1] (0.00ns)   --->   "%X_6_val_read = read i16 @_ssdm_op_Read.ap_auto.i16, i16 %X_6_val"   --->   Operation 80 'read' 'X_6_val_read' <Predicate = true> <Delay = 0.00>
ST_1 : Operation 81 [1/1] (0.00ns)   --->   "%X_5_val_read = read i16 @_ssdm_op_Read.ap_auto.i16, i16 %X_5_val"   --->   Operation 81 'read' 'X_5_val_read' <Predicate = true> <Delay = 0.00>
ST_1 : Operation 82 [1/1] (0.00ns)   --->   "%X_4_val_read = read i16 @_ssdm_op_Read.ap_auto.i16, i16 %X_4_val"   --->   Operation 82 'read' 'X_4_val_read' <Predicate = true> <Delay = 0.00>
ST_1 : Operation 83 [1/1] (0.00ns)   --->   "%X_3_val_read = read i16 @_ssdm_op_Read.ap_auto.i16, i16 %X_3_val"   --->   Operation 83 'read' 'X_3_val_read' <Predicate = true> <Delay = 0.00>
ST_1 : Operation 84 [1/1] (0.00ns)   --->   "%X_2_val_read = read i16 @_ssdm_op_Read.ap_auto.i16, i16 %X_2_val"   --->   Operation 84 'read' 'X_2_val_read' <Predicate = true> <Delay = 0.00>
ST_1 : Operation 85 [1/1] (0.00ns)   --->   "%X_1_val_read = read i16 @_ssdm_op_Read.ap_auto.i16, i16 %X_1_val"   --->   Operation 85 'read' 'X_1_val_read' <Predicate = true> <Delay = 0.00>
ST_1 : Operation 86 [1/1] (0.00ns)   --->   "%X_0_val_read = read i16 @_ssdm_op_Read.ap_auto.i16, i16 %X_0_val"   --->   Operation 86 'read' 'X_0_val_read' <Predicate = true> <Delay = 0.00>
ST_1 : Operation 87 [1/1] (0.00ns)   --->   "%W_0_7_val_read = read i4 @_ssdm_op_Read.ap_auto.i4, i4 %W_0_7_val"   --->   Operation 87 'read' 'W_0_7_val_read' <Predicate = true> <Delay = 0.00>
ST_1 : Operation 88 [1/1] (0.00ns)   --->   "%W_0_6_val_read = read i4 @_ssdm_op_Read.ap_auto.i4, i4 %W_0_6_val"   --->   Operation 88 'read' 'W_0_6_val_read' <Predicate = true> <Delay = 0.00>
ST_1 : Operation 89 [1/1] (0.00ns)   --->   "%W_0_5_val_read = read i4 @_ssdm_op_Read.ap_auto.i4, i4 %W_0_5_val"   --->   Operation 89 'read' 'W_0_5_val_read' <Predicate = true> <Delay = 0.00>
ST_1 : Operation 90 [1/1] (0.00ns)   --->   "%W_0_4_val_read = read i4 @_ssdm_op_Read.ap_auto.i4, i4 %W_0_4_val"   --->   Operation 90 'read' 'W_0_4_val_read' <Predicate = true> <Delay = 0.00>
ST_1 : Operation 91 [1/1] (0.00ns)   --->   "%W_0_3_val_read = read i4 @_ssdm_op_Read.ap_auto.i4, i4 %W_0_3_val"   --->   Operation 91 'read' 'W_0_3_val_read' <Predicate = true> <Delay = 0.00>
ST_1 : Operation 92 [1/1] (0.00ns)   --->   "%W_0_2_val_read = read i4 @_ssdm_op_Read.ap_auto.i4, i4 %W_0_2_val"   --->   Operation 92 'read' 'W_0_2_val_read' <Predicate = true> <Delay = 0.00>
ST_1 : Operation 93 [1/1] (0.00ns)   --->   "%W_0_1_val_read = read i4 @_ssdm_op_Read.ap_auto.i4, i4 %W_0_1_val"   --->   Operation 93 'read' 'W_0_1_val_read' <Predicate = true> <Delay = 0.00>
ST_1 : Operation 94 [1/1] (0.00ns)   --->   "%W_0_0_val_read = read i4 @_ssdm_op_Read.ap_auto.i4, i4 %W_0_0_val"   --->   Operation 94 'read' 'W_0_0_val_read' <Predicate = true> <Delay = 0.00>
ST_1 : Operation 95 [1/1] (0.83ns)   --->   "%store_ln27 = store i16 0, i16 %B_in" [../task_detection_tpu/tpu_accel.cpp:27]   --->   Operation 95 'store' 'store_ln27' <Predicate = true> <Delay = 0.83>
ST_1 : Operation 96 [1/1] (0.83ns)   --->   "%store_ln9 = store i16 0, i16 %in_b_17" [../task_detection_tpu/pe.cpp:9->../task_detection_tpu/systolic_8x8.h:48->../task_detection_tpu/tpu_accel.cpp:29]   --->   Operation 96 'store' 'store_ln9' <Predicate = true> <Delay = 0.83>
ST_1 : Operation 97 [1/1] (0.83ns)   --->   "%store_ln9 = store i16 0, i16 %in_b_16" [../task_detection_tpu/pe.cpp:9->../task_detection_tpu/systolic_8x8.h:48->../task_detection_tpu/tpu_accel.cpp:29]   --->   Operation 97 'store' 'store_ln9' <Predicate = true> <Delay = 0.83>
ST_1 : Operation 98 [1/1] (0.83ns)   --->   "%store_ln9 = store i16 0, i16 %in_b_15" [../task_detection_tpu/pe.cpp:9->../task_detection_tpu/systolic_8x8.h:48->../task_detection_tpu/tpu_accel.cpp:29]   --->   Operation 98 'store' 'store_ln9' <Predicate = true> <Delay = 0.83>
ST_1 : Operation 99 [1/1] (0.83ns)   --->   "%store_ln9 = store i16 0, i16 %in_b_14" [../task_detection_tpu/pe.cpp:9->../task_detection_tpu/systolic_8x8.h:48->../task_detection_tpu/tpu_accel.cpp:29]   --->   Operation 99 'store' 'store_ln9' <Predicate = true> <Delay = 0.83>
ST_1 : Operation 100 [1/1] (0.83ns)   --->   "%store_ln9 = store i16 0, i16 %in_b_13" [../task_detection_tpu/pe.cpp:9->../task_detection_tpu/systolic_8x8.h:48->../task_detection_tpu/tpu_accel.cpp:29]   --->   Operation 100 'store' 'store_ln9' <Predicate = true> <Delay = 0.83>
ST_1 : Operation 101 [1/1] (0.83ns)   --->   "%store_ln56 = store i16 0, i16 %C_out" [../task_detection_tpu/systolic_8x8.h:56->../task_detection_tpu/tpu_accel.cpp:29]   --->   Operation 101 'store' 'store_ln56' <Predicate = true> <Delay = 0.83>
ST_1 : Operation 102 [1/1] (0.83ns)   --->   "%store_ln56 = store i16 0, i16 %C_out_14" [../task_detection_tpu/systolic_8x8.h:56->../task_detection_tpu/tpu_accel.cpp:29]   --->   Operation 102 'store' 'store_ln56' <Predicate = true> <Delay = 0.83>
ST_1 : Operation 103 [1/1] (0.83ns)   --->   "%store_ln56 = store i16 0, i16 %C_out_13" [../task_detection_tpu/systolic_8x8.h:56->../task_detection_tpu/tpu_accel.cpp:29]   --->   Operation 103 'store' 'store_ln56' <Predicate = true> <Delay = 0.83>
ST_1 : Operation 104 [1/1] (0.83ns)   --->   "%store_ln56 = store i16 0, i16 %C_out_12" [../task_detection_tpu/systolic_8x8.h:56->../task_detection_tpu/tpu_accel.cpp:29]   --->   Operation 104 'store' 'store_ln56' <Predicate = true> <Delay = 0.83>
ST_1 : Operation 105 [1/1] (0.83ns)   --->   "%store_ln56 = store i16 0, i16 %C_out_11" [../task_detection_tpu/systolic_8x8.h:56->../task_detection_tpu/tpu_accel.cpp:29]   --->   Operation 105 'store' 'store_ln56' <Predicate = true> <Delay = 0.83>
ST_1 : Operation 106 [1/1] (0.83ns)   --->   "%store_ln56 = store i16 0, i16 %C_out_10" [../task_detection_tpu/systolic_8x8.h:56->../task_detection_tpu/tpu_accel.cpp:29]   --->   Operation 106 'store' 'store_ln56' <Predicate = true> <Delay = 0.83>
ST_1 : Operation 107 [1/1] (0.83ns)   --->   "%store_ln56 = store i16 0, i16 %C_out_9" [../task_detection_tpu/systolic_8x8.h:56->../task_detection_tpu/tpu_accel.cpp:29]   --->   Operation 107 'store' 'store_ln56' <Predicate = true> <Delay = 0.83>
ST_1 : Operation 108 [1/1] (0.83ns)   --->   "%store_ln56 = store i16 0, i16 %C_out_8" [../task_detection_tpu/systolic_8x8.h:56->../task_detection_tpu/tpu_accel.cpp:29]   --->   Operation 108 'store' 'store_ln56' <Predicate = true> <Delay = 0.83>
ST_1 : Operation 109 [1/1] (0.83ns)   --->   "%store_ln9 = store i16 0, i16 %in_b" [../task_detection_tpu/pe.cpp:9->../task_detection_tpu/systolic_8x8.h:48->../task_detection_tpu/tpu_accel.cpp:29]   --->   Operation 109 'store' 'store_ln9' <Predicate = true> <Delay = 0.83>
ST_1 : Operation 110 [1/1] (0.83ns)   --->   "%store_ln22 = store i4 0, i4 %cycle" [../task_detection_tpu/tpu_accel.cpp:22]   --->   Operation 110 'store' 'store_ln22' <Predicate = true> <Delay = 0.83>
ST_1 : Operation 111 [1/1] (0.00ns)   --->   "%br_ln0 = br void %VITIS_LOOP_24_2.i"   --->   Operation 111 'br' 'br_ln0' <Predicate = true> <Delay = 0.00>

State 2 <SV = 1> <Delay = 3.40>
ST_2 : Operation 112 [1/1] (0.00ns)   --->   "%cycle_2 = load i4 %cycle" [../task_detection_tpu/tpu_accel.cpp:26]   --->   Operation 112 'load' 'cycle_2' <Predicate = true> <Delay = 0.00>
ST_2 : Operation 113 [1/1] (0.00ns)   --->   "%in_b_18 = load i16 %in_b_13" [../task_detection_tpu/pe.cpp:18->../task_detection_tpu/systolic_8x8.h:48->../task_detection_tpu/tpu_accel.cpp:29]   --->   Operation 113 'load' 'in_b_18' <Predicate = true> <Delay = 0.00>
ST_2 : Operation 114 [1/1] (0.00ns)   --->   "%in_b_19 = load i16 %in_b_14" [../task_detection_tpu/pe.cpp:18->../task_detection_tpu/systolic_8x8.h:48->../task_detection_tpu/tpu_accel.cpp:29]   --->   Operation 114 'load' 'in_b_19' <Predicate = true> <Delay = 0.00>
ST_2 : Operation 115 [1/1] (0.00ns)   --->   "%in_b_20 = load i16 %in_b_15" [../task_detection_tpu/pe.cpp:18->../task_detection_tpu/systolic_8x8.h:48->../task_detection_tpu/tpu_accel.cpp:29]   --->   Operation 115 'load' 'in_b_20' <Predicate = true> <Delay = 0.00>
ST_2 : Operation 116 [1/1] (0.00ns)   --->   "%in_b_21 = load i16 %in_b_16" [../task_detection_tpu/pe.cpp:18->../task_detection_tpu/systolic_8x8.h:48->../task_detection_tpu/tpu_accel.cpp:29]   --->   Operation 116 'load' 'in_b_21' <Predicate = true> <Delay = 0.00>
ST_2 : Operation 117 [1/1] (0.00ns)   --->   "%in_b_22 = load i16 %in_b_17" [../task_detection_tpu/pe.cpp:18->../task_detection_tpu/systolic_8x8.h:48->../task_detection_tpu/tpu_accel.cpp:29]   --->   Operation 117 'load' 'in_b_22' <Predicate = true> <Delay = 0.00>
ST_2 : Operation 118 [1/1] (0.00ns)   --->   "%B_in_4 = load i16 %B_in" [../task_detection_tpu/pe.cpp:18->../task_detection_tpu/systolic_8x8.h:48->../task_detection_tpu/tpu_accel.cpp:29]   --->   Operation 118 'load' 'B_in_4' <Predicate = true> <Delay = 0.00>
ST_2 : Operation 119 [1/1] (1.01ns)   --->   "%icmp_ln22 = icmp_eq  i4 %cycle_2, i4 15" [../task_detection_tpu/tpu_accel.cpp:22]   --->   Operation 119 'icmp' 'icmp_ln22' <Predicate = true> <Delay = 1.01> <CoreInst = "Cmp">   --->   Core 9 'Cmp' <Latency = 0> <II = 1> <Delay = 1.01> <FuncUnit> <Opcode : 'seteq' 'setne' 'setle' 'setge' 'setlt' 'setgt'> <InPorts = 2> <OutPorts = 1>
ST_2 : Operation 120 [1/1] (1.01ns)   --->   "%add_ln22 = add i4 %cycle_2, i4 1" [../task_detection_tpu/tpu_accel.cpp:22]   --->   Operation 120 'add' 'add_ln22' <Predicate = true> <Delay = 1.01> <CoreInst = "Adder">   --->   Core 1 'Adder' <Latency = 0> <II = 1> <Delay = 1.01> <FuncUnit> <Opcode : 'add' 'sub'> <InPorts = 2> <OutPorts = 1>
ST_2 : Operation 121 [1/1] (0.00ns)   --->   "%br_ln22 = br i1 %icmp_ln22, void %VITIS_LOOP_24_2.split.i_ifconv, void %VITIS_LOOP_35_3.i.preheader.exitStub" [../task_detection_tpu/tpu_accel.cpp:22]   --->   Operation 121 'br' 'br_ln22' <Predicate = true> <Delay = 0.00>
ST_2 : Operation 122 [1/1] (0.00ns)   --->   "%in_b_load = load i16 %in_b" [../task_detection_tpu/pe.cpp:18->../task_detection_tpu/systolic_8x8.h:48->../task_detection_tpu/tpu_accel.cpp:29]   --->   Operation 122 'load' 'in_b_load' <Predicate = (!icmp_ln22)> <Delay = 0.00>
ST_2 : Operation 123 [1/1] (0.00ns)   --->   "%tmp = bitselect i1 @_ssdm_op_BitSelect.i1.i4.i32, i4 %cycle_2, i32 3" [../task_detection_tpu/tpu_accel.cpp:27]   --->   Operation 123 'bitselect' 'tmp' <Predicate = (!icmp_ln22)> <Delay = 0.00>
ST_2 : Operation 124 [1/1] (0.92ns)   --->   "%tmp_i = sparsemux i4 @_ssdm_op_SparseMux.ap_auto.8i4.i4.i4, i4 0, i4 %W_0_0_val_read, i4 1, i4 %W_0_1_val_read, i4 2, i4 %W_0_2_val_read, i4 3, i4 %W_0_3_val_read, i4 4, i4 %W_0_4_val_read, i4 5, i4 %W_0_5_val_read, i4 6, i4 %W_0_6_val_read, i4 7, i4 %W_0_7_val_read, i4 0, i4 %cycle_2" [../task_detection_tpu/tpu_accel.cpp:26]   --->   Operation 124 'sparsemux' 'tmp_i' <Predicate = (!icmp_ln22)> <Delay = 0.92> <CoreInst = "BinarySparseMux_DontCare">   --->   Core 137 'BinarySparseMux_DontCare' <Latency = 0> <II = 1> <Delay = 0.92> <FuncUnit> <Opcode : 'sparsemux'> <InPorts = 2> <OutPorts = 1>
ST_2 : Operation 125 [1/1] (0.92ns)   --->   "%tmp_i_93 = sparsemux i16 @_ssdm_op_SparseMux.ap_auto.8i16.i16.i4, i4 0, i16 %X_0_val_read, i4 1, i16 %X_1_val_read, i4 2, i16 %X_2_val_read, i4 3, i16 %X_3_val_read, i4 4, i16 %X_4_val_read, i4 5, i16 %X_5_val_read, i4 6, i16 %X_6_val_read, i4 7, i16 %X_7_val_read, i16 0, i4 %cycle_2" [../task_detection_tpu/tpu_accel.cpp:27]   --->   Operation 125 'sparsemux' 'tmp_i_93' <Predicate = (!icmp_ln22)> <Delay = 0.92> <CoreInst = "BinarySparseMux_DontCare">   --->   Core 137 'BinarySparseMux_DontCare' <Latency = 0> <II = 1> <Delay = 0.92> <FuncUnit> <Opcode : 'sparsemux'> <InPorts = 2> <OutPorts = 1>
ST_2 : Operation 126 [1/1] (0.51ns)   --->   "%in_a_14 = select i1 %tmp, i4 0, i4 %tmp_i" [../task_detection_tpu/tpu_accel.cpp:27]   --->   Operation 126 'select' 'in_a_14' <Predicate = (!icmp_ln22)> <Delay = 0.51> <CoreInst = "Sel">   --->   Core 73 'Sel' <Latency = 0> <II = 1> <Delay = 0.51> <FuncUnit> <Opcode : 'select'> <InPorts = 3> <OutPorts = 1>
ST_2 : Operation 127 [1/1] (0.39ns)   --->   "%in_b_24 = select i1 %tmp, i16 0, i16 %tmp_i_93" [../task_detection_tpu/tpu_accel.cpp:27]   --->   Operation 127 'select' 'in_b_24' <Predicate = (!icmp_ln22)> <Delay = 0.39> <CoreInst = "Sel">   --->   Core 73 'Sel' <Latency = 0> <II = 1> <Delay = 0.39> <FuncUnit> <Opcode : 'select'> <InPorts = 3> <OutPorts = 1>
ST_2 : Operation 128 [1/1] (0.00ns)   --->   "%zext_ln26 = zext i4 %cycle_2" [../task_detection_tpu/tpu_accel.cpp:26]   --->   Operation 128 'zext' 'zext_ln26' <Predicate = (!icmp_ln22)> <Delay = 0.00>
ST_2 : Operation 129 [1/1] (1.01ns)   --->   "%add_ln26 = add i5 %zext_ln26, i5 31" [../task_detection_tpu/tpu_accel.cpp:26]   --->   Operation 129 'add' 'add_ln26' <Predicate = (!icmp_ln22)> <Delay = 1.01> <CoreInst = "Adder">   --->   Core 1 'Adder' <Latency = 0> <II = 1> <Delay = 1.01> <FuncUnit> <Opcode : 'add' 'sub'> <InPorts = 2> <OutPorts = 1>
ST_2 : Operation 130 [1/1] (0.00ns)   --->   "%tmp_15 = partselect i2 @_ssdm_op_PartSelect.i2.i5.i32.i32, i5 %add_ln26, i32 3, i32 4" [../task_detection_tpu/tpu_accel.cpp:26]   --->   Operation 130 'partselect' 'tmp_15' <Predicate = (!icmp_ln22)> <Delay = 0.00>
ST_2 : Operation 131 [1/1] (0.85ns)   --->   "%icmp_ln26 = icmp_eq  i2 %tmp_15, i2 0" [../task_detection_tpu/tpu_accel.cpp:26]   --->   Operation 131 'icmp' 'icmp_ln26' <Predicate = (!icmp_ln22)> <Delay = 0.85> <CoreInst = "Cmp">   --->   Core 9 'Cmp' <Latency = 0> <II = 1> <Delay = 0.85> <FuncUnit> <Opcode : 'seteq' 'setne' 'setle' 'setge' 'setlt' 'setgt'> <InPorts = 2> <OutPorts = 1>
ST_2 : Operation 132 [1/1] (0.92ns)   --->   "%tmp_50_i = sparsemux i4 @_ssdm_op_SparseMux.ap_auto.8i4.i4.i4, i4 1, i4 %W_1_0_val_read, i4 2, i4 %W_1_1_val_read, i4 3, i4 %W_1_2_val_read, i4 4, i4 %W_1_3_val_read, i4 5, i4 %W_1_4_val_read, i4 6, i4 %W_1_5_val_read, i4 7, i4 %W_1_6_val_read, i4 8, i4 %W_1_7_val_read, i4 0, i4 %cycle_2" [../task_detection_tpu/tpu_accel.cpp:26]   --->   Operation 132 'sparsemux' 'tmp_50_i' <Predicate = (!icmp_ln22)> <Delay = 0.92> <CoreInst = "BinarySparseMux_DontCare">   --->   Core 137 'BinarySparseMux_DontCare' <Latency = 0> <II = 1> <Delay = 0.92> <FuncUnit> <Opcode : 'sparsemux'> <InPorts = 2> <OutPorts = 1>
ST_2 : Operation 133 [1/1] (0.51ns)   --->   "%in_a_13 = select i1 %icmp_ln26, i4 %tmp_50_i, i4 0" [../task_detection_tpu/tpu_accel.cpp:26]   --->   Operation 133 'select' 'in_a_13' <Predicate = (!icmp_ln22)> <Delay = 0.51> <CoreInst = "Sel">   --->   Core 73 'Sel' <Latency = 0> <II = 1> <Delay = 0.51> <FuncUnit> <Opcode : 'select'> <InPorts = 3> <OutPorts = 1>
ST_2 : Operation 134 [1/1] (1.01ns)   --->   "%add_ln26_7 = add i5 %zext_ln26, i5 30" [../task_detection_tpu/tpu_accel.cpp:26]   --->   Operation 134 'add' 'add_ln26_7' <Predicate = (!icmp_ln22)> <Delay = 1.01> <CoreInst = "Adder">   --->   Core 1 'Adder' <Latency = 0> <II = 1> <Delay = 1.01> <FuncUnit> <Opcode : 'add' 'sub'> <InPorts = 2> <OutPorts = 1>
ST_2 : Operation 135 [1/1] (0.00ns)   --->   "%tmp_16 = partselect i2 @_ssdm_op_PartSelect.i2.i5.i32.i32, i5 %add_ln26_7, i32 3, i32 4" [../task_detection_tpu/tpu_accel.cpp:26]   --->   Operation 135 'partselect' 'tmp_16' <Predicate = (!icmp_ln22)> <Delay = 0.00>
ST_2 : Operation 136 [1/1] (0.85ns)   --->   "%icmp_ln26_6 = icmp_eq  i2 %tmp_16, i2 0" [../task_detection_tpu/tpu_accel.cpp:26]   --->   Operation 136 'icmp' 'icmp_ln26_6' <Predicate = (!icmp_ln22)> <Delay = 0.85> <CoreInst = "Cmp">   --->   Core 9 'Cmp' <Latency = 0> <II = 1> <Delay = 0.85> <FuncUnit> <Opcode : 'seteq' 'setne' 'setle' 'setge' 'setlt' 'setgt'> <InPorts = 2> <OutPorts = 1>
ST_2 : Operation 137 [1/1] (0.92ns)   --->   "%tmp_51_i = sparsemux i4 @_ssdm_op_SparseMux.ap_auto.8i4.i4.i4, i4 2, i4 %W_2_0_val_read, i4 3, i4 %W_2_1_val_read, i4 4, i4 %W_2_2_val_read, i4 5, i4 %W_2_3_val_read, i4 6, i4 %W_2_4_val_read, i4 7, i4 %W_2_5_val_read, i4 8, i4 %W_2_6_val_read, i4 9, i4 %W_2_7_val_read, i4 0, i4 %cycle_2" [../task_detection_tpu/tpu_accel.cpp:26]   --->   Operation 137 'sparsemux' 'tmp_51_i' <Predicate = (!icmp_ln22)> <Delay = 0.92> <CoreInst = "BinarySparseMux_DontCare">   --->   Core 137 'BinarySparseMux_DontCare' <Latency = 0> <II = 1> <Delay = 0.92> <FuncUnit> <Opcode : 'sparsemux'> <InPorts = 2> <OutPorts = 1>
ST_2 : Operation 138 [1/1] (0.51ns)   --->   "%in_a_12 = select i1 %icmp_ln26_6, i4 %tmp_51_i, i4 0" [../task_detection_tpu/tpu_accel.cpp:26]   --->   Operation 138 'select' 'in_a_12' <Predicate = (!icmp_ln22)> <Delay = 0.51> <CoreInst = "Sel">   --->   Core 73 'Sel' <Latency = 0> <II = 1> <Delay = 0.51> <FuncUnit> <Opcode : 'select'> <InPorts = 3> <OutPorts = 1>
ST_2 : Operation 139 [1/1] (1.01ns)   --->   "%add_ln26_8 = add i5 %zext_ln26, i5 29" [../task_detection_tpu/tpu_accel.cpp:26]   --->   Operation 139 'add' 'add_ln26_8' <Predicate = (!icmp_ln22)> <Delay = 1.01> <CoreInst = "Adder">   --->   Core 1 'Adder' <Latency = 0> <II = 1> <Delay = 1.01> <FuncUnit> <Opcode : 'add' 'sub'> <InPorts = 2> <OutPorts = 1>
ST_2 : Operation 140 [1/1] (0.00ns)   --->   "%tmp_17 = partselect i2 @_ssdm_op_PartSelect.i2.i5.i32.i32, i5 %add_ln26_8, i32 3, i32 4" [../task_detection_tpu/tpu_accel.cpp:26]   --->   Operation 140 'partselect' 'tmp_17' <Predicate = (!icmp_ln22)> <Delay = 0.00>
ST_2 : Operation 141 [1/1] (0.85ns)   --->   "%icmp_ln26_7 = icmp_eq  i2 %tmp_17, i2 0" [../task_detection_tpu/tpu_accel.cpp:26]   --->   Operation 141 'icmp' 'icmp_ln26_7' <Predicate = (!icmp_ln22)> <Delay = 0.85> <CoreInst = "Cmp">   --->   Core 9 'Cmp' <Latency = 0> <II = 1> <Delay = 0.85> <FuncUnit> <Opcode : 'seteq' 'setne' 'setle' 'setge' 'setlt' 'setgt'> <InPorts = 2> <OutPorts = 1>
ST_2 : Operation 142 [1/1] (0.92ns)   --->   "%tmp_52_i = sparsemux i4 @_ssdm_op_SparseMux.ap_auto.8i4.i4.i4, i4 3, i4 %W_3_0_val_read, i4 4, i4 %W_3_1_val_read, i4 5, i4 %W_3_2_val_read, i4 6, i4 %W_3_3_val_read, i4 7, i4 %W_3_4_val_read, i4 8, i4 %W_3_5_val_read, i4 9, i4 %W_3_6_val_read, i4 10, i4 %W_3_7_val_read, i4 0, i4 %cycle_2" [../task_detection_tpu/tpu_accel.cpp:26]   --->   Operation 142 'sparsemux' 'tmp_52_i' <Predicate = (!icmp_ln22)> <Delay = 0.92> <CoreInst = "BinarySparseMux_DontCare">   --->   Core 137 'BinarySparseMux_DontCare' <Latency = 0> <II = 1> <Delay = 0.92> <FuncUnit> <Opcode : 'sparsemux'> <InPorts = 2> <OutPorts = 1>
ST_2 : Operation 143 [1/1] (0.51ns)   --->   "%in_a_11 = select i1 %icmp_ln26_7, i4 %tmp_52_i, i4 0" [../task_detection_tpu/tpu_accel.cpp:26]   --->   Operation 143 'select' 'in_a_11' <Predicate = (!icmp_ln22)> <Delay = 0.51> <CoreInst = "Sel">   --->   Core 73 'Sel' <Latency = 0> <II = 1> <Delay = 0.51> <FuncUnit> <Opcode : 'select'> <InPorts = 3> <OutPorts = 1>
ST_2 : Operation 144 [1/1] (1.01ns)   --->   "%add_ln26_9 = add i5 %zext_ln26, i5 28" [../task_detection_tpu/tpu_accel.cpp:26]   --->   Operation 144 'add' 'add_ln26_9' <Predicate = (!icmp_ln22)> <Delay = 1.01> <CoreInst = "Adder">   --->   Core 1 'Adder' <Latency = 0> <II = 1> <Delay = 1.01> <FuncUnit> <Opcode : 'add' 'sub'> <InPorts = 2> <OutPorts = 1>
ST_2 : Operation 145 [1/1] (0.00ns)   --->   "%tmp_18 = partselect i2 @_ssdm_op_PartSelect.i2.i5.i32.i32, i5 %add_ln26_9, i32 3, i32 4" [../task_detection_tpu/tpu_accel.cpp:26]   --->   Operation 145 'partselect' 'tmp_18' <Predicate = (!icmp_ln22)> <Delay = 0.00>
ST_2 : Operation 146 [1/1] (0.85ns)   --->   "%icmp_ln26_8 = icmp_eq  i2 %tmp_18, i2 0" [../task_detection_tpu/tpu_accel.cpp:26]   --->   Operation 146 'icmp' 'icmp_ln26_8' <Predicate = (!icmp_ln22)> <Delay = 0.85> <CoreInst = "Cmp">   --->   Core 9 'Cmp' <Latency = 0> <II = 1> <Delay = 0.85> <FuncUnit> <Opcode : 'seteq' 'setne' 'setle' 'setge' 'setlt' 'setgt'> <InPorts = 2> <OutPorts = 1>
ST_2 : Operation 147 [1/1] (0.92ns)   --->   "%tmp_53_i = sparsemux i4 @_ssdm_op_SparseMux.ap_auto.8i4.i4.i4, i4 4, i4 %W_4_0_val_read, i4 5, i4 %W_4_1_val_read, i4 6, i4 %W_4_2_val_read, i4 7, i4 %W_4_3_val_read, i4 8, i4 %W_4_4_val_read, i4 9, i4 %W_4_5_val_read, i4 10, i4 %W_4_6_val_read, i4 11, i4 %W_4_7_val_read, i4 0, i4 %cycle_2" [../task_detection_tpu/tpu_accel.cpp:26]   --->   Operation 147 'sparsemux' 'tmp_53_i' <Predicate = (!icmp_ln22)> <Delay = 0.92> <CoreInst = "BinarySparseMux_DontCare">   --->   Core 137 'BinarySparseMux_DontCare' <Latency = 0> <II = 1> <Delay = 0.92> <FuncUnit> <Opcode : 'sparsemux'> <InPorts = 2> <OutPorts = 1>
ST_2 : Operation 148 [1/1] (0.51ns)   --->   "%in_a_10 = select i1 %icmp_ln26_8, i4 %tmp_53_i, i4 0" [../task_detection_tpu/tpu_accel.cpp:26]   --->   Operation 148 'select' 'in_a_10' <Predicate = (!icmp_ln22)> <Delay = 0.51> <CoreInst = "Sel">   --->   Core 73 'Sel' <Latency = 0> <II = 1> <Delay = 0.51> <FuncUnit> <Opcode : 'select'> <InPorts = 3> <OutPorts = 1>
ST_2 : Operation 149 [1/1] (1.01ns)   --->   "%add_ln26_10 = add i5 %zext_ln26, i5 27" [../task_detection_tpu/tpu_accel.cpp:26]   --->   Operation 149 'add' 'add_ln26_10' <Predicate = (!icmp_ln22)> <Delay = 1.01> <CoreInst = "Adder">   --->   Core 1 'Adder' <Latency = 0> <II = 1> <Delay = 1.01> <FuncUnit> <Opcode : 'add' 'sub'> <InPorts = 2> <OutPorts = 1>
ST_2 : Operation 150 [1/1] (0.00ns)   --->   "%tmp_19 = partselect i2 @_ssdm_op_PartSelect.i2.i5.i32.i32, i5 %add_ln26_10, i32 3, i32 4" [../task_detection_tpu/tpu_accel.cpp:26]   --->   Operation 150 'partselect' 'tmp_19' <Predicate = (!icmp_ln22)> <Delay = 0.00>
ST_2 : Operation 151 [1/1] (0.85ns)   --->   "%icmp_ln26_9 = icmp_eq  i2 %tmp_19, i2 0" [../task_detection_tpu/tpu_accel.cpp:26]   --->   Operation 151 'icmp' 'icmp_ln26_9' <Predicate = (!icmp_ln22)> <Delay = 0.85> <CoreInst = "Cmp">   --->   Core 9 'Cmp' <Latency = 0> <II = 1> <Delay = 0.85> <FuncUnit> <Opcode : 'seteq' 'setne' 'setle' 'setge' 'setlt' 'setgt'> <InPorts = 2> <OutPorts = 1>
ST_2 : Operation 152 [1/1] (0.92ns)   --->   "%tmp_54_i = sparsemux i4 @_ssdm_op_SparseMux.ap_auto.8i4.i4.i4, i4 5, i4 %W_5_0_val_read, i4 6, i4 %W_5_1_val_read, i4 7, i4 %W_5_2_val_read, i4 8, i4 %W_5_3_val_read, i4 9, i4 %W_5_4_val_read, i4 10, i4 %W_5_5_val_read, i4 11, i4 %W_5_6_val_read, i4 12, i4 %W_5_7_val_read, i4 0, i4 %cycle_2" [../task_detection_tpu/tpu_accel.cpp:26]   --->   Operation 152 'sparsemux' 'tmp_54_i' <Predicate = (!icmp_ln22)> <Delay = 0.92> <CoreInst = "BinarySparseMux_DontCare">   --->   Core 137 'BinarySparseMux_DontCare' <Latency = 0> <II = 1> <Delay = 0.92> <FuncUnit> <Opcode : 'sparsemux'> <InPorts = 2> <OutPorts = 1>
ST_2 : Operation 153 [1/1] (0.51ns)   --->   "%in_a_9 = select i1 %icmp_ln26_9, i4 %tmp_54_i, i4 0" [../task_detection_tpu/tpu_accel.cpp:26]   --->   Operation 153 'select' 'in_a_9' <Predicate = (!icmp_ln22)> <Delay = 0.51> <CoreInst = "Sel">   --->   Core 73 'Sel' <Latency = 0> <II = 1> <Delay = 0.51> <FuncUnit> <Opcode : 'select'> <InPorts = 3> <OutPorts = 1>
ST_2 : Operation 154 [1/1] (1.01ns)   --->   "%add_ln26_11 = add i5 %zext_ln26, i5 26" [../task_detection_tpu/tpu_accel.cpp:26]   --->   Operation 154 'add' 'add_ln26_11' <Predicate = (!icmp_ln22)> <Delay = 1.01> <CoreInst = "Adder">   --->   Core 1 'Adder' <Latency = 0> <II = 1> <Delay = 1.01> <FuncUnit> <Opcode : 'add' 'sub'> <InPorts = 2> <OutPorts = 1>
ST_2 : Operation 155 [1/1] (0.00ns)   --->   "%tmp_20 = partselect i2 @_ssdm_op_PartSelect.i2.i5.i32.i32, i5 %add_ln26_11, i32 3, i32 4" [../task_detection_tpu/tpu_accel.cpp:26]   --->   Operation 155 'partselect' 'tmp_20' <Predicate = (!icmp_ln22)> <Delay = 0.00>
ST_2 : Operation 156 [1/1] (0.85ns)   --->   "%icmp_ln26_10 = icmp_eq  i2 %tmp_20, i2 0" [../task_detection_tpu/tpu_accel.cpp:26]   --->   Operation 156 'icmp' 'icmp_ln26_10' <Predicate = (!icmp_ln22)> <Delay = 0.85> <CoreInst = "Cmp">   --->   Core 9 'Cmp' <Latency = 0> <II = 1> <Delay = 0.85> <FuncUnit> <Opcode : 'seteq' 'setne' 'setle' 'setge' 'setlt' 'setgt'> <InPorts = 2> <OutPorts = 1>
ST_2 : Operation 157 [1/1] (0.92ns)   --->   "%tmp_55_i = sparsemux i4 @_ssdm_op_SparseMux.ap_auto.8i4.i4.i4, i4 6, i4 %W_6_0_val_read, i4 7, i4 %W_6_1_val_read, i4 8, i4 %W_6_2_val_read, i4 9, i4 %W_6_3_val_read, i4 10, i4 %W_6_4_val_read, i4 11, i4 %W_6_5_val_read, i4 12, i4 %W_6_6_val_read, i4 13, i4 %W_6_7_val_read, i4 0, i4 %cycle_2" [../task_detection_tpu/tpu_accel.cpp:26]   --->   Operation 157 'sparsemux' 'tmp_55_i' <Predicate = (!icmp_ln22)> <Delay = 0.92> <CoreInst = "BinarySparseMux_DontCare">   --->   Core 137 'BinarySparseMux_DontCare' <Latency = 0> <II = 1> <Delay = 0.92> <FuncUnit> <Opcode : 'sparsemux'> <InPorts = 2> <OutPorts = 1>
ST_2 : Operation 158 [1/1] (0.51ns)   --->   "%in_a_8 = select i1 %icmp_ln26_10, i4 %tmp_55_i, i4 0" [../task_detection_tpu/tpu_accel.cpp:26]   --->   Operation 158 'select' 'in_a_8' <Predicate = (!icmp_ln22)> <Delay = 0.51> <CoreInst = "Sel">   --->   Core 73 'Sel' <Latency = 0> <II = 1> <Delay = 0.51> <FuncUnit> <Opcode : 'select'> <InPorts = 3> <OutPorts = 1>
ST_2 : Operation 159 [1/1] (1.01ns)   --->   "%add_ln26_12 = add i4 %cycle_2, i4 9" [../task_detection_tpu/tpu_accel.cpp:26]   --->   Operation 159 'add' 'add_ln26_12' <Predicate = (!icmp_ln22)> <Delay = 1.01> <CoreInst = "Adder">   --->   Core 1 'Adder' <Latency = 0> <II = 1> <Delay = 1.01> <FuncUnit> <Opcode : 'add' 'sub'> <InPorts = 2> <OutPorts = 1>
ST_2 : Operation 160 [1/1] (0.00ns)   --->   "%tmp_21 = bitselect i1 @_ssdm_op_BitSelect.i1.i4.i32, i4 %add_ln26_12, i32 3" [../task_detection_tpu/tpu_accel.cpp:26]   --->   Operation 160 'bitselect' 'tmp_21' <Predicate = (!icmp_ln22)> <Delay = 0.00>
ST_2 : Operation 161 [1/1] (0.92ns)   --->   "%tmp_56_i = sparsemux i4 @_ssdm_op_SparseMux.ap_auto.8i4.i4.i4, i4 7, i4 %W_7_0_val_read, i4 8, i4 %W_7_1_val_read, i4 9, i4 %W_7_2_val_read, i4 10, i4 %W_7_3_val_read, i4 11, i4 %W_7_4_val_read, i4 12, i4 %W_7_5_val_read, i4 13, i4 %W_7_6_val_read, i4 14, i4 %W_7_7_val_read, i4 0, i4 %cycle_2" [../task_detection_tpu/tpu_accel.cpp:26]   --->   Operation 161 'sparsemux' 'tmp_56_i' <Predicate = (!icmp_ln22)> <Delay = 0.92> <CoreInst = "BinarySparseMux_DontCare">   --->   Core 137 'BinarySparseMux_DontCare' <Latency = 0> <II = 1> <Delay = 0.92> <FuncUnit> <Opcode : 'sparsemux'> <InPorts = 2> <OutPorts = 1>
ST_2 : Operation 162 [1/1] (0.51ns)   --->   "%in_a = select i1 %tmp_21, i4 0, i4 %tmp_56_i" [../task_detection_tpu/tpu_accel.cpp:26]   --->   Operation 162 'select' 'in_a' <Predicate = (!icmp_ln22)> <Delay = 0.51> <CoreInst = "Sel">   --->   Core 73 'Sel' <Latency = 0> <II = 1> <Delay = 0.51> <FuncUnit> <Opcode : 'select'> <InPorts = 3> <OutPorts = 1>
ST_2 : Operation 163 [1/1] (0.00ns)   --->   "%zext_ln18 = zext i4 %in_a" [../task_detection_tpu/pe.cpp:18->../task_detection_tpu/systolic_8x8.h:48->../task_detection_tpu/tpu_accel.cpp:29]   --->   Operation 163 'zext' 'zext_ln18' <Predicate = (!icmp_ln22)> <Delay = 0.00>
ST_2 : Operation 164 [1/1] (0.00ns)   --->   "%sext_ln18 = sext i16 %in_b_load" [../task_detection_tpu/pe.cpp:18->../task_detection_tpu/systolic_8x8.h:48->../task_detection_tpu/tpu_accel.cpp:29]   --->   Operation 164 'sext' 'sext_ln18' <Predicate = (!icmp_ln22)> <Delay = 0.00>
ST_2 : Operation 165 [3/3] (1.02ns) (grouped into DSP with root node add_ln18)   --->   "%mul_ln18 = mul i20 %sext_ln18, i20 %zext_ln18" [../task_detection_tpu/pe.cpp:18->../task_detection_tpu/systolic_8x8.h:48->../task_detection_tpu/tpu_accel.cpp:29]   --->   Operation 165 'mul' 'mul_ln18' <Predicate = (!icmp_ln22)> <Delay = 1.02> <CoreInst = "DSP48">   --->   Core 116 'DSP48' <Latency = 3> <II = 1> <Delay = 1.54> <IPBlock> <Opcode : 'add' 'sub' 'mul' 'select'> <InPorts = 0> <OutPorts = 1> <Sync> <CReg>
ST_2 : Operation 166 [1/1] (0.00ns)   --->   "%zext_ln18_8 = zext i4 %in_a_8" [../task_detection_tpu/pe.cpp:18->../task_detection_tpu/systolic_8x8.h:48->../task_detection_tpu/tpu_accel.cpp:29]   --->   Operation 166 'zext' 'zext_ln18_8' <Predicate = (!icmp_ln22)> <Delay = 0.00>
ST_2 : Operation 167 [1/1] (0.00ns)   --->   "%sext_ln18_17 = sext i16 %in_b_18" [../task_detection_tpu/pe.cpp:18->../task_detection_tpu/systolic_8x8.h:48->../task_detection_tpu/tpu_accel.cpp:29]   --->   Operation 167 'sext' 'sext_ln18_17' <Predicate = (!icmp_ln22)> <Delay = 0.00>
ST_2 : Operation 168 [3/3] (1.02ns) (grouped into DSP with root node add_ln18_8)   --->   "%mul_ln18_8 = mul i20 %sext_ln18_17, i20 %zext_ln18_8" [../task_detection_tpu/pe.cpp:18->../task_detection_tpu/systolic_8x8.h:48->../task_detection_tpu/tpu_accel.cpp:29]   --->   Operation 168 'mul' 'mul_ln18_8' <Predicate = (!icmp_ln22)> <Delay = 1.02> <CoreInst = "DSP48">   --->   Core 116 'DSP48' <Latency = 3> <II = 1> <Delay = 1.54> <IPBlock> <Opcode : 'add' 'sub' 'mul' 'select'> <InPorts = 0> <OutPorts = 1> <Sync> <CReg>
ST_2 : Operation 169 [1/1] (0.00ns)   --->   "%zext_ln18_9 = zext i4 %in_a_9" [../task_detection_tpu/pe.cpp:18->../task_detection_tpu/systolic_8x8.h:48->../task_detection_tpu/tpu_accel.cpp:29]   --->   Operation 169 'zext' 'zext_ln18_9' <Predicate = (!icmp_ln22)> <Delay = 0.00>
ST_2 : Operation 170 [1/1] (0.00ns)   --->   "%sext_ln18_19 = sext i16 %in_b_19" [../task_detection_tpu/pe.cpp:18->../task_detection_tpu/systolic_8x8.h:48->../task_detection_tpu/tpu_accel.cpp:29]   --->   Operation 170 'sext' 'sext_ln18_19' <Predicate = (!icmp_ln22)> <Delay = 0.00>
ST_2 : Operation 171 [3/3] (1.02ns) (grouped into DSP with root node add_ln18_9)   --->   "%mul_ln18_9 = mul i20 %sext_ln18_19, i20 %zext_ln18_9" [../task_detection_tpu/pe.cpp:18->../task_detection_tpu/systolic_8x8.h:48->../task_detection_tpu/tpu_accel.cpp:29]   --->   Operation 171 'mul' 'mul_ln18_9' <Predicate = (!icmp_ln22)> <Delay = 1.02> <CoreInst = "DSP48">   --->   Core 116 'DSP48' <Latency = 3> <II = 1> <Delay = 1.54> <IPBlock> <Opcode : 'add' 'sub' 'mul' 'select'> <InPorts = 0> <OutPorts = 1> <Sync> <CReg>
ST_2 : Operation 172 [1/1] (0.00ns)   --->   "%zext_ln18_10 = zext i4 %in_a_10" [../task_detection_tpu/pe.cpp:18->../task_detection_tpu/systolic_8x8.h:48->../task_detection_tpu/tpu_accel.cpp:29]   --->   Operation 172 'zext' 'zext_ln18_10' <Predicate = (!icmp_ln22)> <Delay = 0.00>
ST_2 : Operation 173 [1/1] (0.00ns)   --->   "%sext_ln18_21 = sext i16 %in_b_20" [../task_detection_tpu/pe.cpp:18->../task_detection_tpu/systolic_8x8.h:48->../task_detection_tpu/tpu_accel.cpp:29]   --->   Operation 173 'sext' 'sext_ln18_21' <Predicate = (!icmp_ln22)> <Delay = 0.00>
ST_2 : Operation 174 [3/3] (1.02ns) (grouped into DSP with root node add_ln18_10)   --->   "%mul_ln18_10 = mul i20 %sext_ln18_21, i20 %zext_ln18_10" [../task_detection_tpu/pe.cpp:18->../task_detection_tpu/systolic_8x8.h:48->../task_detection_tpu/tpu_accel.cpp:29]   --->   Operation 174 'mul' 'mul_ln18_10' <Predicate = (!icmp_ln22)> <Delay = 1.02> <CoreInst = "DSP48">   --->   Core 116 'DSP48' <Latency = 3> <II = 1> <Delay = 1.54> <IPBlock> <Opcode : 'add' 'sub' 'mul' 'select'> <InPorts = 0> <OutPorts = 1> <Sync> <CReg>
ST_2 : Operation 175 [1/1] (0.00ns)   --->   "%zext_ln18_11 = zext i4 %in_a_11" [../task_detection_tpu/pe.cpp:18->../task_detection_tpu/systolic_8x8.h:48->../task_detection_tpu/tpu_accel.cpp:29]   --->   Operation 175 'zext' 'zext_ln18_11' <Predicate = (!icmp_ln22)> <Delay = 0.00>
ST_2 : Operation 176 [1/1] (0.00ns)   --->   "%sext_ln18_23 = sext i16 %in_b_21" [../task_detection_tpu/pe.cpp:18->../task_detection_tpu/systolic_8x8.h:48->../task_detection_tpu/tpu_accel.cpp:29]   --->   Operation 176 'sext' 'sext_ln18_23' <Predicate = (!icmp_ln22)> <Delay = 0.00>
ST_2 : Operation 177 [3/3] (1.02ns) (grouped into DSP with root node add_ln18_11)   --->   "%mul_ln18_11 = mul i20 %sext_ln18_23, i20 %zext_ln18_11" [../task_detection_tpu/pe.cpp:18->../task_detection_tpu/systolic_8x8.h:48->../task_detection_tpu/tpu_accel.cpp:29]   --->   Operation 177 'mul' 'mul_ln18_11' <Predicate = (!icmp_ln22)> <Delay = 1.02> <CoreInst = "DSP48">   --->   Core 116 'DSP48' <Latency = 3> <II = 1> <Delay = 1.54> <IPBlock> <Opcode : 'add' 'sub' 'mul' 'select'> <InPorts = 0> <OutPorts = 1> <Sync> <CReg>
ST_2 : Operation 178 [1/1] (0.00ns)   --->   "%zext_ln18_12 = zext i4 %in_a_12" [../task_detection_tpu/pe.cpp:18->../task_detection_tpu/systolic_8x8.h:48->../task_detection_tpu/tpu_accel.cpp:29]   --->   Operation 178 'zext' 'zext_ln18_12' <Predicate = (!icmp_ln22)> <Delay = 0.00>
ST_2 : Operation 179 [1/1] (0.00ns)   --->   "%sext_ln18_25 = sext i16 %in_b_22" [../task_detection_tpu/pe.cpp:18->../task_detection_tpu/systolic_8x8.h:48->../task_detection_tpu/tpu_accel.cpp:29]   --->   Operation 179 'sext' 'sext_ln18_25' <Predicate = (!icmp_ln22)> <Delay = 0.00>
ST_2 : Operation 180 [3/3] (1.02ns) (grouped into DSP with root node add_ln18_12)   --->   "%mul_ln18_12 = mul i20 %sext_ln18_25, i20 %zext_ln18_12" [../task_detection_tpu/pe.cpp:18->../task_detection_tpu/systolic_8x8.h:48->../task_detection_tpu/tpu_accel.cpp:29]   --->   Operation 180 'mul' 'mul_ln18_12' <Predicate = (!icmp_ln22)> <Delay = 1.02> <CoreInst = "DSP48">   --->   Core 116 'DSP48' <Latency = 3> <II = 1> <Delay = 1.54> <IPBlock> <Opcode : 'add' 'sub' 'mul' 'select'> <InPorts = 0> <OutPorts = 1> <Sync> <CReg>
ST_2 : Operation 181 [1/1] (0.00ns)   --->   "%zext_ln18_13 = zext i4 %in_a_13" [../task_detection_tpu/pe.cpp:18->../task_detection_tpu/systolic_8x8.h:48->../task_detection_tpu/tpu_accel.cpp:29]   --->   Operation 181 'zext' 'zext_ln18_13' <Predicate = (!icmp_ln22)> <Delay = 0.00>
ST_2 : Operation 182 [1/1] (0.00ns)   --->   "%sext_ln18_27 = sext i16 %B_in_4" [../task_detection_tpu/pe.cpp:18->../task_detection_tpu/systolic_8x8.h:48->../task_detection_tpu/tpu_accel.cpp:29]   --->   Operation 182 'sext' 'sext_ln18_27' <Predicate = (!icmp_ln22)> <Delay = 0.00>
ST_2 : Operation 183 [3/3] (1.02ns) (grouped into DSP with root node add_ln18_13)   --->   "%mul_ln18_13 = mul i20 %sext_ln18_27, i20 %zext_ln18_13" [../task_detection_tpu/pe.cpp:18->../task_detection_tpu/systolic_8x8.h:48->../task_detection_tpu/tpu_accel.cpp:29]   --->   Operation 183 'mul' 'mul_ln18_13' <Predicate = (!icmp_ln22)> <Delay = 1.02> <CoreInst = "DSP48">   --->   Core 116 'DSP48' <Latency = 3> <II = 1> <Delay = 1.54> <IPBlock> <Opcode : 'add' 'sub' 'mul' 'select'> <InPorts = 0> <OutPorts = 1> <Sync> <CReg>
ST_2 : Operation 184 [1/1] (0.00ns)   --->   "%zext_ln18_14 = zext i4 %in_a_14" [../task_detection_tpu/pe.cpp:18->../task_detection_tpu/systolic_8x8.h:48->../task_detection_tpu/tpu_accel.cpp:29]   --->   Operation 184 'zext' 'zext_ln18_14' <Predicate = (!icmp_ln22)> <Delay = 0.00>
ST_2 : Operation 185 [1/1] (0.00ns)   --->   "%sext_ln18_29 = sext i16 %in_b_24" [../task_detection_tpu/pe.cpp:18->../task_detection_tpu/systolic_8x8.h:48->../task_detection_tpu/tpu_accel.cpp:29]   --->   Operation 185 'sext' 'sext_ln18_29' <Predicate = (!icmp_ln22)> <Delay = 0.00>
ST_2 : Operation 186 [3/3] (1.02ns) (grouped into DSP with root node add_ln18_14)   --->   "%mul_ln18_14 = mul i20 %sext_ln18_29, i20 %zext_ln18_14" [../task_detection_tpu/pe.cpp:18->../task_detection_tpu/systolic_8x8.h:48->../task_detection_tpu/tpu_accel.cpp:29]   --->   Operation 186 'mul' 'mul_ln18_14' <Predicate = (!icmp_ln22)> <Delay = 1.02> <CoreInst = "DSP48">   --->   Core 116 'DSP48' <Latency = 3> <II = 1> <Delay = 1.54> <IPBlock> <Opcode : 'add' 'sub' 'mul' 'select'> <InPorts = 0> <OutPorts = 1> <Sync> <CReg>
ST_2 : Operation 187 [1/1] (0.83ns)   --->   "%store_ln27 = store i16 %in_b_24, i16 %B_in" [../task_detection_tpu/tpu_accel.cpp:27]   --->   Operation 187 'store' 'store_ln27' <Predicate = (!icmp_ln22)> <Delay = 0.83>
ST_2 : Operation 188 [1/1] (0.83ns)   --->   "%store_ln9 = store i16 %B_in_4, i16 %in_b_17" [../task_detection_tpu/pe.cpp:9->../task_detection_tpu/systolic_8x8.h:48->../task_detection_tpu/tpu_accel.cpp:29]   --->   Operation 188 'store' 'store_ln9' <Predicate = (!icmp_ln22)> <Delay = 0.83>
ST_2 : Operation 189 [1/1] (0.83ns)   --->   "%store_ln9 = store i16 %in_b_22, i16 %in_b_16" [../task_detection_tpu/pe.cpp:9->../task_detection_tpu/systolic_8x8.h:48->../task_detection_tpu/tpu_accel.cpp:29]   --->   Operation 189 'store' 'store_ln9' <Predicate = (!icmp_ln22)> <Delay = 0.83>
ST_2 : Operation 190 [1/1] (0.83ns)   --->   "%store_ln9 = store i16 %in_b_21, i16 %in_b_15" [../task_detection_tpu/pe.cpp:9->../task_detection_tpu/systolic_8x8.h:48->../task_detection_tpu/tpu_accel.cpp:29]   --->   Operation 190 'store' 'store_ln9' <Predicate = (!icmp_ln22)> <Delay = 0.83>
ST_2 : Operation 191 [1/1] (0.83ns)   --->   "%store_ln9 = store i16 %in_b_20, i16 %in_b_14" [../task_detection_tpu/pe.cpp:9->../task_detection_tpu/systolic_8x8.h:48->../task_detection_tpu/tpu_accel.cpp:29]   --->   Operation 191 'store' 'store_ln9' <Predicate = (!icmp_ln22)> <Delay = 0.83>
ST_2 : Operation 192 [1/1] (0.83ns)   --->   "%store_ln9 = store i16 %in_b_19, i16 %in_b_13" [../task_detection_tpu/pe.cpp:9->../task_detection_tpu/systolic_8x8.h:48->../task_detection_tpu/tpu_accel.cpp:29]   --->   Operation 192 'store' 'store_ln9' <Predicate = (!icmp_ln22)> <Delay = 0.83>
ST_2 : Operation 193 [1/1] (0.83ns)   --->   "%store_ln9 = store i16 %in_b_18, i16 %in_b" [../task_detection_tpu/pe.cpp:9->../task_detection_tpu/systolic_8x8.h:48->../task_detection_tpu/tpu_accel.cpp:29]   --->   Operation 193 'store' 'store_ln9' <Predicate = (!icmp_ln22)> <Delay = 0.83>
ST_2 : Operation 194 [1/1] (0.83ns)   --->   "%store_ln22 = store i4 %add_ln22, i4 %cycle" [../task_detection_tpu/tpu_accel.cpp:22]   --->   Operation 194 'store' 'store_ln22' <Predicate = (!icmp_ln22)> <Delay = 0.83>

State 3 <SV = 2> <Delay = 1.02>
ST_3 : Operation 195 [2/3] (1.02ns) (grouped into DSP with root node add_ln18)   --->   "%mul_ln18 = mul i20 %sext_ln18, i20 %zext_ln18" [../task_detection_tpu/pe.cpp:18->../task_detection_tpu/systolic_8x8.h:48->../task_detection_tpu/tpu_accel.cpp:29]   --->   Operation 195 'mul' 'mul_ln18' <Predicate = true> <Delay = 1.02> <CoreInst = "DSP48">   --->   Core 116 'DSP48' <Latency = 3> <II = 1> <Delay = 1.54> <IPBlock> <Opcode : 'add' 'sub' 'mul' 'select'> <InPorts = 0> <OutPorts = 1> <Sync> <CReg>
ST_3 : Operation 196 [2/3] (1.02ns) (grouped into DSP with root node add_ln18_8)   --->   "%mul_ln18_8 = mul i20 %sext_ln18_17, i20 %zext_ln18_8" [../task_detection_tpu/pe.cpp:18->../task_detection_tpu/systolic_8x8.h:48->../task_detection_tpu/tpu_accel.cpp:29]   --->   Operation 196 'mul' 'mul_ln18_8' <Predicate = true> <Delay = 1.02> <CoreInst = "DSP48">   --->   Core 116 'DSP48' <Latency = 3> <II = 1> <Delay = 1.54> <IPBlock> <Opcode : 'add' 'sub' 'mul' 'select'> <InPorts = 0> <OutPorts = 1> <Sync> <CReg>
ST_3 : Operation 197 [2/3] (1.02ns) (grouped into DSP with root node add_ln18_9)   --->   "%mul_ln18_9 = mul i20 %sext_ln18_19, i20 %zext_ln18_9" [../task_detection_tpu/pe.cpp:18->../task_detection_tpu/systolic_8x8.h:48->../task_detection_tpu/tpu_accel.cpp:29]   --->   Operation 197 'mul' 'mul_ln18_9' <Predicate = true> <Delay = 1.02> <CoreInst = "DSP48">   --->   Core 116 'DSP48' <Latency = 3> <II = 1> <Delay = 1.54> <IPBlock> <Opcode : 'add' 'sub' 'mul' 'select'> <InPorts = 0> <OutPorts = 1> <Sync> <CReg>
ST_3 : Operation 198 [2/3] (1.02ns) (grouped into DSP with root node add_ln18_10)   --->   "%mul_ln18_10 = mul i20 %sext_ln18_21, i20 %zext_ln18_10" [../task_detection_tpu/pe.cpp:18->../task_detection_tpu/systolic_8x8.h:48->../task_detection_tpu/tpu_accel.cpp:29]   --->   Operation 198 'mul' 'mul_ln18_10' <Predicate = true> <Delay = 1.02> <CoreInst = "DSP48">   --->   Core 116 'DSP48' <Latency = 3> <II = 1> <Delay = 1.54> <IPBlock> <Opcode : 'add' 'sub' 'mul' 'select'> <InPorts = 0> <OutPorts = 1> <Sync> <CReg>
ST_3 : Operation 199 [2/3] (1.02ns) (grouped into DSP with root node add_ln18_11)   --->   "%mul_ln18_11 = mul i20 %sext_ln18_23, i20 %zext_ln18_11" [../task_detection_tpu/pe.cpp:18->../task_detection_tpu/systolic_8x8.h:48->../task_detection_tpu/tpu_accel.cpp:29]   --->   Operation 199 'mul' 'mul_ln18_11' <Predicate = true> <Delay = 1.02> <CoreInst = "DSP48">   --->   Core 116 'DSP48' <Latency = 3> <II = 1> <Delay = 1.54> <IPBlock> <Opcode : 'add' 'sub' 'mul' 'select'> <InPorts = 0> <OutPorts = 1> <Sync> <CReg>
ST_3 : Operation 200 [2/3] (1.02ns) (grouped into DSP with root node add_ln18_12)   --->   "%mul_ln18_12 = mul i20 %sext_ln18_25, i20 %zext_ln18_12" [../task_detection_tpu/pe.cpp:18->../task_detection_tpu/systolic_8x8.h:48->../task_detection_tpu/tpu_accel.cpp:29]   --->   Operation 200 'mul' 'mul_ln18_12' <Predicate = true> <Delay = 1.02> <CoreInst = "DSP48">   --->   Core 116 'DSP48' <Latency = 3> <II = 1> <Delay = 1.54> <IPBlock> <Opcode : 'add' 'sub' 'mul' 'select'> <InPorts = 0> <OutPorts = 1> <Sync> <CReg>
ST_3 : Operation 201 [2/3] (1.02ns) (grouped into DSP with root node add_ln18_13)   --->   "%mul_ln18_13 = mul i20 %sext_ln18_27, i20 %zext_ln18_13" [../task_detection_tpu/pe.cpp:18->../task_detection_tpu/systolic_8x8.h:48->../task_detection_tpu/tpu_accel.cpp:29]   --->   Operation 201 'mul' 'mul_ln18_13' <Predicate = true> <Delay = 1.02> <CoreInst = "DSP48">   --->   Core 116 'DSP48' <Latency = 3> <II = 1> <Delay = 1.54> <IPBlock> <Opcode : 'add' 'sub' 'mul' 'select'> <InPorts = 0> <OutPorts = 1> <Sync> <CReg>
ST_3 : Operation 202 [2/3] (1.02ns) (grouped into DSP with root node add_ln18_14)   --->   "%mul_ln18_14 = mul i20 %sext_ln18_29, i20 %zext_ln18_14" [../task_detection_tpu/pe.cpp:18->../task_detection_tpu/systolic_8x8.h:48->../task_detection_tpu/tpu_accel.cpp:29]   --->   Operation 202 'mul' 'mul_ln18_14' <Predicate = true> <Delay = 1.02> <CoreInst = "DSP48">   --->   Core 116 'DSP48' <Latency = 3> <II = 1> <Delay = 1.54> <IPBlock> <Opcode : 'add' 'sub' 'mul' 'select'> <InPorts = 0> <OutPorts = 1> <Sync> <CReg>

State 4 <SV = 3> <Delay = 1.49>
ST_4 : Operation 203 [1/1] (0.00ns)   --->   "%C_out_8_load_1 = load i16 %C_out_8" [../task_detection_tpu/pe.cpp:18->../task_detection_tpu/systolic_8x8.h:48->../task_detection_tpu/tpu_accel.cpp:29]   --->   Operation 203 'load' 'C_out_8_load_1' <Predicate = true> <Delay = 0.00>
ST_4 : Operation 204 [1/1] (0.00ns)   --->   "%C_out_9_load_1 = load i16 %C_out_9" [../task_detection_tpu/pe.cpp:18->../task_detection_tpu/systolic_8x8.h:48->../task_detection_tpu/tpu_accel.cpp:29]   --->   Operation 204 'load' 'C_out_9_load_1' <Predicate = true> <Delay = 0.00>
ST_4 : Operation 205 [1/1] (0.00ns)   --->   "%C_out_10_load_1 = load i16 %C_out_10" [../task_detection_tpu/pe.cpp:18->../task_detection_tpu/systolic_8x8.h:48->../task_detection_tpu/tpu_accel.cpp:29]   --->   Operation 205 'load' 'C_out_10_load_1' <Predicate = true> <Delay = 0.00>
ST_4 : Operation 206 [1/1] (0.00ns)   --->   "%C_out_11_load_1 = load i16 %C_out_11" [../task_detection_tpu/pe.cpp:18->../task_detection_tpu/systolic_8x8.h:48->../task_detection_tpu/tpu_accel.cpp:29]   --->   Operation 206 'load' 'C_out_11_load_1' <Predicate = true> <Delay = 0.00>
ST_4 : Operation 207 [1/1] (0.00ns)   --->   "%C_out_12_load_1 = load i16 %C_out_12" [../task_detection_tpu/pe.cpp:18->../task_detection_tpu/systolic_8x8.h:48->../task_detection_tpu/tpu_accel.cpp:29]   --->   Operation 207 'load' 'C_out_12_load_1' <Predicate = true> <Delay = 0.00>
ST_4 : Operation 208 [1/1] (0.00ns)   --->   "%C_out_13_load_1 = load i16 %C_out_13" [../task_detection_tpu/pe.cpp:18->../task_detection_tpu/systolic_8x8.h:48->../task_detection_tpu/tpu_accel.cpp:29]   --->   Operation 208 'load' 'C_out_13_load_1' <Predicate = true> <Delay = 0.00>
ST_4 : Operation 209 [1/1] (0.00ns)   --->   "%C_out_14_load_1 = load i16 %C_out_14" [../task_detection_tpu/pe.cpp:18->../task_detection_tpu/systolic_8x8.h:48->../task_detection_tpu/tpu_accel.cpp:29]   --->   Operation 209 'load' 'C_out_14_load_1' <Predicate = true> <Delay = 0.00>
ST_4 : Operation 210 [1/1] (0.00ns)   --->   "%C_out_load_2 = load i16 %C_out" [../task_detection_tpu/pe.cpp:18->../task_detection_tpu/systolic_8x8.h:48->../task_detection_tpu/tpu_accel.cpp:29]   --->   Operation 210 'load' 'C_out_load_2' <Predicate = true> <Delay = 0.00>
ST_4 : Operation 211 [1/3] (0.00ns) (grouped into DSP with root node add_ln18)   --->   "%mul_ln18 = mul i20 %sext_ln18, i20 %zext_ln18" [../task_detection_tpu/pe.cpp:18->../task_detection_tpu/systolic_8x8.h:48->../task_detection_tpu/tpu_accel.cpp:29]   --->   Operation 211 'mul' 'mul_ln18' <Predicate = true> <Delay = 0.00> <CoreInst = "DSP48">   --->   Core 116 'DSP48' <Latency = 3> <II = 1> <Delay = 1.54> <IPBlock> <Opcode : 'add' 'sub' 'mul' 'select'> <InPorts = 0> <OutPorts = 1> <Sync> <CReg>
ST_4 : Operation 212 [1/1] (0.00ns)   --->   "%shl_ln18_s = bitconcatenate i26 @_ssdm_op_BitConcatenate.i26.i16.i10, i16 %C_out_8_load_1, i10 0" [../task_detection_tpu/pe.cpp:18->../task_detection_tpu/systolic_8x8.h:48->../task_detection_tpu/tpu_accel.cpp:29]   --->   Operation 212 'bitconcatenate' 'shl_ln18_s' <Predicate = true> <Delay = 0.00>
ST_4 : Operation 213 [1/1] (0.00ns) (grouped into DSP with root node add_ln18)   --->   "%sext_ln18_16 = sext i20 %mul_ln18" [../task_detection_tpu/pe.cpp:18->../task_detection_tpu/systolic_8x8.h:48->../task_detection_tpu/tpu_accel.cpp:29]   --->   Operation 213 'sext' 'sext_ln18_16' <Predicate = true> <Delay = 0.00>
ST_4 : Operation 214 [2/2] (1.49ns) (root node of the DSP)   --->   "%add_ln18 = add i26 %shl_ln18_s, i26 %sext_ln18_16" [../task_detection_tpu/pe.cpp:18->../task_detection_tpu/systolic_8x8.h:48->../task_detection_tpu/tpu_accel.cpp:29]   --->   Operation 214 'add' 'add_ln18' <Predicate = true> <Delay = 1.49> <CoreInst = "DSP48">   --->   Core 116 'DSP48' <Latency = 3> <II = 1> <Delay = 1.54> <IPBlock> <Opcode : 'add' 'sub' 'mul' 'select'> <InPorts = 0> <OutPorts = 1> <Sync> <CReg>
ST_4 : Operation 215 [1/3] (0.00ns) (grouped into DSP with root node add_ln18_8)   --->   "%mul_ln18_8 = mul i20 %sext_ln18_17, i20 %zext_ln18_8" [../task_detection_tpu/pe.cpp:18->../task_detection_tpu/systolic_8x8.h:48->../task_detection_tpu/tpu_accel.cpp:29]   --->   Operation 215 'mul' 'mul_ln18_8' <Predicate = true> <Delay = 0.00> <CoreInst = "DSP48">   --->   Core 116 'DSP48' <Latency = 3> <II = 1> <Delay = 1.54> <IPBlock> <Opcode : 'add' 'sub' 'mul' 'select'> <InPorts = 0> <OutPorts = 1> <Sync> <CReg>
ST_4 : Operation 216 [1/1] (0.00ns)   --->   "%shl_ln18_8 = bitconcatenate i26 @_ssdm_op_BitConcatenate.i26.i16.i10, i16 %C_out_9_load_1, i10 0" [../task_detection_tpu/pe.cpp:18->../task_detection_tpu/systolic_8x8.h:48->../task_detection_tpu/tpu_accel.cpp:29]   --->   Operation 216 'bitconcatenate' 'shl_ln18_8' <Predicate = true> <Delay = 0.00>
ST_4 : Operation 217 [1/1] (0.00ns) (grouped into DSP with root node add_ln18_8)   --->   "%sext_ln18_18 = sext i20 %mul_ln18_8" [../task_detection_tpu/pe.cpp:18->../task_detection_tpu/systolic_8x8.h:48->../task_detection_tpu/tpu_accel.cpp:29]   --->   Operation 217 'sext' 'sext_ln18_18' <Predicate = true> <Delay = 0.00>
ST_4 : Operation 218 [2/2] (1.49ns) (root node of the DSP)   --->   "%add_ln18_8 = add i26 %shl_ln18_8, i26 %sext_ln18_18" [../task_detection_tpu/pe.cpp:18->../task_detection_tpu/systolic_8x8.h:48->../task_detection_tpu/tpu_accel.cpp:29]   --->   Operation 218 'add' 'add_ln18_8' <Predicate = true> <Delay = 1.49> <CoreInst = "DSP48">   --->   Core 116 'DSP48' <Latency = 3> <II = 1> <Delay = 1.54> <IPBlock> <Opcode : 'add' 'sub' 'mul' 'select'> <InPorts = 0> <OutPorts = 1> <Sync> <CReg>
ST_4 : Operation 219 [1/3] (0.00ns) (grouped into DSP with root node add_ln18_9)   --->   "%mul_ln18_9 = mul i20 %sext_ln18_19, i20 %zext_ln18_9" [../task_detection_tpu/pe.cpp:18->../task_detection_tpu/systolic_8x8.h:48->../task_detection_tpu/tpu_accel.cpp:29]   --->   Operation 219 'mul' 'mul_ln18_9' <Predicate = true> <Delay = 0.00> <CoreInst = "DSP48">   --->   Core 116 'DSP48' <Latency = 3> <II = 1> <Delay = 1.54> <IPBlock> <Opcode : 'add' 'sub' 'mul' 'select'> <InPorts = 0> <OutPorts = 1> <Sync> <CReg>
ST_4 : Operation 220 [1/1] (0.00ns)   --->   "%shl_ln18_9 = bitconcatenate i26 @_ssdm_op_BitConcatenate.i26.i16.i10, i16 %C_out_10_load_1, i10 0" [../task_detection_tpu/pe.cpp:18->../task_detection_tpu/systolic_8x8.h:48->../task_detection_tpu/tpu_accel.cpp:29]   --->   Operation 220 'bitconcatenate' 'shl_ln18_9' <Predicate = true> <Delay = 0.00>
ST_4 : Operation 221 [1/1] (0.00ns) (grouped into DSP with root node add_ln18_9)   --->   "%sext_ln18_20 = sext i20 %mul_ln18_9" [../task_detection_tpu/pe.cpp:18->../task_detection_tpu/systolic_8x8.h:48->../task_detection_tpu/tpu_accel.cpp:29]   --->   Operation 221 'sext' 'sext_ln18_20' <Predicate = true> <Delay = 0.00>
ST_4 : Operation 222 [2/2] (1.49ns) (root node of the DSP)   --->   "%add_ln18_9 = add i26 %shl_ln18_9, i26 %sext_ln18_20" [../task_detection_tpu/pe.cpp:18->../task_detection_tpu/systolic_8x8.h:48->../task_detection_tpu/tpu_accel.cpp:29]   --->   Operation 222 'add' 'add_ln18_9' <Predicate = true> <Delay = 1.49> <CoreInst = "DSP48">   --->   Core 116 'DSP48' <Latency = 3> <II = 1> <Delay = 1.54> <IPBlock> <Opcode : 'add' 'sub' 'mul' 'select'> <InPorts = 0> <OutPorts = 1> <Sync> <CReg>
ST_4 : Operation 223 [1/3] (0.00ns) (grouped into DSP with root node add_ln18_10)   --->   "%mul_ln18_10 = mul i20 %sext_ln18_21, i20 %zext_ln18_10" [../task_detection_tpu/pe.cpp:18->../task_detection_tpu/systolic_8x8.h:48->../task_detection_tpu/tpu_accel.cpp:29]   --->   Operation 223 'mul' 'mul_ln18_10' <Predicate = true> <Delay = 0.00> <CoreInst = "DSP48">   --->   Core 116 'DSP48' <Latency = 3> <II = 1> <Delay = 1.54> <IPBlock> <Opcode : 'add' 'sub' 'mul' 'select'> <InPorts = 0> <OutPorts = 1> <Sync> <CReg>
ST_4 : Operation 224 [1/1] (0.00ns)   --->   "%shl_ln18_10 = bitconcatenate i26 @_ssdm_op_BitConcatenate.i26.i16.i10, i16 %C_out_11_load_1, i10 0" [../task_detection_tpu/pe.cpp:18->../task_detection_tpu/systolic_8x8.h:48->../task_detection_tpu/tpu_accel.cpp:29]   --->   Operation 224 'bitconcatenate' 'shl_ln18_10' <Predicate = true> <Delay = 0.00>
ST_4 : Operation 225 [1/1] (0.00ns) (grouped into DSP with root node add_ln18_10)   --->   "%sext_ln18_22 = sext i20 %mul_ln18_10" [../task_detection_tpu/pe.cpp:18->../task_detection_tpu/systolic_8x8.h:48->../task_detection_tpu/tpu_accel.cpp:29]   --->   Operation 225 'sext' 'sext_ln18_22' <Predicate = true> <Delay = 0.00>
ST_4 : Operation 226 [2/2] (1.49ns) (root node of the DSP)   --->   "%add_ln18_10 = add i26 %shl_ln18_10, i26 %sext_ln18_22" [../task_detection_tpu/pe.cpp:18->../task_detection_tpu/systolic_8x8.h:48->../task_detection_tpu/tpu_accel.cpp:29]   --->   Operation 226 'add' 'add_ln18_10' <Predicate = true> <Delay = 1.49> <CoreInst = "DSP48">   --->   Core 116 'DSP48' <Latency = 3> <II = 1> <Delay = 1.54> <IPBlock> <Opcode : 'add' 'sub' 'mul' 'select'> <InPorts = 0> <OutPorts = 1> <Sync> <CReg>
ST_4 : Operation 227 [1/3] (0.00ns) (grouped into DSP with root node add_ln18_11)   --->   "%mul_ln18_11 = mul i20 %sext_ln18_23, i20 %zext_ln18_11" [../task_detection_tpu/pe.cpp:18->../task_detection_tpu/systolic_8x8.h:48->../task_detection_tpu/tpu_accel.cpp:29]   --->   Operation 227 'mul' 'mul_ln18_11' <Predicate = true> <Delay = 0.00> <CoreInst = "DSP48">   --->   Core 116 'DSP48' <Latency = 3> <II = 1> <Delay = 1.54> <IPBlock> <Opcode : 'add' 'sub' 'mul' 'select'> <InPorts = 0> <OutPorts = 1> <Sync> <CReg>
ST_4 : Operation 228 [1/1] (0.00ns)   --->   "%shl_ln18_11 = bitconcatenate i26 @_ssdm_op_BitConcatenate.i26.i16.i10, i16 %C_out_12_load_1, i10 0" [../task_detection_tpu/pe.cpp:18->../task_detection_tpu/systolic_8x8.h:48->../task_detection_tpu/tpu_accel.cpp:29]   --->   Operation 228 'bitconcatenate' 'shl_ln18_11' <Predicate = true> <Delay = 0.00>
ST_4 : Operation 229 [1/1] (0.00ns) (grouped into DSP with root node add_ln18_11)   --->   "%sext_ln18_24 = sext i20 %mul_ln18_11" [../task_detection_tpu/pe.cpp:18->../task_detection_tpu/systolic_8x8.h:48->../task_detection_tpu/tpu_accel.cpp:29]   --->   Operation 229 'sext' 'sext_ln18_24' <Predicate = true> <Delay = 0.00>
ST_4 : Operation 230 [2/2] (1.49ns) (root node of the DSP)   --->   "%add_ln18_11 = add i26 %shl_ln18_11, i26 %sext_ln18_24" [../task_detection_tpu/pe.cpp:18->../task_detection_tpu/systolic_8x8.h:48->../task_detection_tpu/tpu_accel.cpp:29]   --->   Operation 230 'add' 'add_ln18_11' <Predicate = true> <Delay = 1.49> <CoreInst = "DSP48">   --->   Core 116 'DSP48' <Latency = 3> <II = 1> <Delay = 1.54> <IPBlock> <Opcode : 'add' 'sub' 'mul' 'select'> <InPorts = 0> <OutPorts = 1> <Sync> <CReg>
ST_4 : Operation 231 [1/3] (0.00ns) (grouped into DSP with root node add_ln18_12)   --->   "%mul_ln18_12 = mul i20 %sext_ln18_25, i20 %zext_ln18_12" [../task_detection_tpu/pe.cpp:18->../task_detection_tpu/systolic_8x8.h:48->../task_detection_tpu/tpu_accel.cpp:29]   --->   Operation 231 'mul' 'mul_ln18_12' <Predicate = true> <Delay = 0.00> <CoreInst = "DSP48">   --->   Core 116 'DSP48' <Latency = 3> <II = 1> <Delay = 1.54> <IPBlock> <Opcode : 'add' 'sub' 'mul' 'select'> <InPorts = 0> <OutPorts = 1> <Sync> <CReg>
ST_4 : Operation 232 [1/1] (0.00ns)   --->   "%shl_ln18_12 = bitconcatenate i26 @_ssdm_op_BitConcatenate.i26.i16.i10, i16 %C_out_13_load_1, i10 0" [../task_detection_tpu/pe.cpp:18->../task_detection_tpu/systolic_8x8.h:48->../task_detection_tpu/tpu_accel.cpp:29]   --->   Operation 232 'bitconcatenate' 'shl_ln18_12' <Predicate = true> <Delay = 0.00>
ST_4 : Operation 233 [1/1] (0.00ns) (grouped into DSP with root node add_ln18_12)   --->   "%sext_ln18_26 = sext i20 %mul_ln18_12" [../task_detection_tpu/pe.cpp:18->../task_detection_tpu/systolic_8x8.h:48->../task_detection_tpu/tpu_accel.cpp:29]   --->   Operation 233 'sext' 'sext_ln18_26' <Predicate = true> <Delay = 0.00>
ST_4 : Operation 234 [2/2] (1.49ns) (root node of the DSP)   --->   "%add_ln18_12 = add i26 %shl_ln18_12, i26 %sext_ln18_26" [../task_detection_tpu/pe.cpp:18->../task_detection_tpu/systolic_8x8.h:48->../task_detection_tpu/tpu_accel.cpp:29]   --->   Operation 234 'add' 'add_ln18_12' <Predicate = true> <Delay = 1.49> <CoreInst = "DSP48">   --->   Core 116 'DSP48' <Latency = 3> <II = 1> <Delay = 1.54> <IPBlock> <Opcode : 'add' 'sub' 'mul' 'select'> <InPorts = 0> <OutPorts = 1> <Sync> <CReg>
ST_4 : Operation 235 [1/3] (0.00ns) (grouped into DSP with root node add_ln18_13)   --->   "%mul_ln18_13 = mul i20 %sext_ln18_27, i20 %zext_ln18_13" [../task_detection_tpu/pe.cpp:18->../task_detection_tpu/systolic_8x8.h:48->../task_detection_tpu/tpu_accel.cpp:29]   --->   Operation 235 'mul' 'mul_ln18_13' <Predicate = true> <Delay = 0.00> <CoreInst = "DSP48">   --->   Core 116 'DSP48' <Latency = 3> <II = 1> <Delay = 1.54> <IPBlock> <Opcode : 'add' 'sub' 'mul' 'select'> <InPorts = 0> <OutPorts = 1> <Sync> <CReg>
ST_4 : Operation 236 [1/1] (0.00ns)   --->   "%shl_ln18_13 = bitconcatenate i26 @_ssdm_op_BitConcatenate.i26.i16.i10, i16 %C_out_14_load_1, i10 0" [../task_detection_tpu/pe.cpp:18->../task_detection_tpu/systolic_8x8.h:48->../task_detection_tpu/tpu_accel.cpp:29]   --->   Operation 236 'bitconcatenate' 'shl_ln18_13' <Predicate = true> <Delay = 0.00>
ST_4 : Operation 237 [1/1] (0.00ns) (grouped into DSP with root node add_ln18_13)   --->   "%sext_ln18_28 = sext i20 %mul_ln18_13" [../task_detection_tpu/pe.cpp:18->../task_detection_tpu/systolic_8x8.h:48->../task_detection_tpu/tpu_accel.cpp:29]   --->   Operation 237 'sext' 'sext_ln18_28' <Predicate = true> <Delay = 0.00>
ST_4 : Operation 238 [2/2] (1.49ns) (root node of the DSP)   --->   "%add_ln18_13 = add i26 %shl_ln18_13, i26 %sext_ln18_28" [../task_detection_tpu/pe.cpp:18->../task_detection_tpu/systolic_8x8.h:48->../task_detection_tpu/tpu_accel.cpp:29]   --->   Operation 238 'add' 'add_ln18_13' <Predicate = true> <Delay = 1.49> <CoreInst = "DSP48">   --->   Core 116 'DSP48' <Latency = 3> <II = 1> <Delay = 1.54> <IPBlock> <Opcode : 'add' 'sub' 'mul' 'select'> <InPorts = 0> <OutPorts = 1> <Sync> <CReg>
ST_4 : Operation 239 [1/3] (0.00ns) (grouped into DSP with root node add_ln18_14)   --->   "%mul_ln18_14 = mul i20 %sext_ln18_29, i20 %zext_ln18_14" [../task_detection_tpu/pe.cpp:18->../task_detection_tpu/systolic_8x8.h:48->../task_detection_tpu/tpu_accel.cpp:29]   --->   Operation 239 'mul' 'mul_ln18_14' <Predicate = true> <Delay = 0.00> <CoreInst = "DSP48">   --->   Core 116 'DSP48' <Latency = 3> <II = 1> <Delay = 1.54> <IPBlock> <Opcode : 'add' 'sub' 'mul' 'select'> <InPorts = 0> <OutPorts = 1> <Sync> <CReg>
ST_4 : Operation 240 [1/1] (0.00ns)   --->   "%shl_ln18_14 = bitconcatenate i26 @_ssdm_op_BitConcatenate.i26.i16.i10, i16 %C_out_load_2, i10 0" [../task_detection_tpu/pe.cpp:18->../task_detection_tpu/systolic_8x8.h:48->../task_detection_tpu/tpu_accel.cpp:29]   --->   Operation 240 'bitconcatenate' 'shl_ln18_14' <Predicate = true> <Delay = 0.00>
ST_4 : Operation 241 [1/1] (0.00ns) (grouped into DSP with root node add_ln18_14)   --->   "%sext_ln18_30 = sext i20 %mul_ln18_14" [../task_detection_tpu/pe.cpp:18->../task_detection_tpu/systolic_8x8.h:48->../task_detection_tpu/tpu_accel.cpp:29]   --->   Operation 241 'sext' 'sext_ln18_30' <Predicate = true> <Delay = 0.00>
ST_4 : Operation 242 [2/2] (1.49ns) (root node of the DSP)   --->   "%add_ln18_14 = add i26 %shl_ln18_14, i26 %sext_ln18_30" [../task_detection_tpu/pe.cpp:18->../task_detection_tpu/systolic_8x8.h:48->../task_detection_tpu/tpu_accel.cpp:29]   --->   Operation 242 'add' 'add_ln18_14' <Predicate = true> <Delay = 1.49> <CoreInst = "DSP48">   --->   Core 116 'DSP48' <Latency = 3> <II = 1> <Delay = 1.54> <IPBlock> <Opcode : 'add' 'sub' 'mul' 'select'> <InPorts = 0> <OutPorts = 1> <Sync> <CReg>
ST_4 : Operation 271 [1/1] (0.00ns)   --->   "%C_out_8_load = load i16 %C_out_8"   --->   Operation 271 'load' 'C_out_8_load' <Predicate = (icmp_ln22)> <Delay = 0.00>
ST_4 : Operation 272 [1/1] (0.00ns)   --->   "%C_out_9_load = load i16 %C_out_9"   --->   Operation 272 'load' 'C_out_9_load' <Predicate = (icmp_ln22)> <Delay = 0.00>
ST_4 : Operation 273 [1/1] (0.00ns)   --->   "%C_out_10_load = load i16 %C_out_10"   --->   Operation 273 'load' 'C_out_10_load' <Predicate = (icmp_ln22)> <Delay = 0.00>
ST_4 : Operation 274 [1/1] (0.00ns)   --->   "%C_out_11_load = load i16 %C_out_11"   --->   Operation 274 'load' 'C_out_11_load' <Predicate = (icmp_ln22)> <Delay = 0.00>
ST_4 : Operation 275 [1/1] (0.00ns)   --->   "%C_out_12_load = load i16 %C_out_12"   --->   Operation 275 'load' 'C_out_12_load' <Predicate = (icmp_ln22)> <Delay = 0.00>
ST_4 : Operation 276 [1/1] (0.00ns)   --->   "%C_out_13_load = load i16 %C_out_13"   --->   Operation 276 'load' 'C_out_13_load' <Predicate = (icmp_ln22)> <Delay = 0.00>
ST_4 : Operation 277 [1/1] (0.00ns)   --->   "%C_out_14_load = load i16 %C_out_14"   --->   Operation 277 'load' 'C_out_14_load' <Predicate = (icmp_ln22)> <Delay = 0.00>
ST_4 : Operation 278 [1/1] (0.00ns)   --->   "%C_out_load = load i16 %C_out"   --->   Operation 278 'load' 'C_out_load' <Predicate = (icmp_ln22)> <Delay = 0.00>
ST_4 : Operation 279 [1/1] (0.00ns)   --->   "%write_ln0 = write void @_ssdm_op_Write.ap_auto.i16P0A, i16 %C_out_out, i16 %C_out_load"   --->   Operation 279 'write' 'write_ln0' <Predicate = (icmp_ln22)> <Delay = 0.00>
ST_4 : Operation 280 [1/1] (0.00ns)   --->   "%write_ln0 = write void @_ssdm_op_Write.ap_auto.i16P0A, i16 %C_out_92_out, i16 %C_out_14_load"   --->   Operation 280 'write' 'write_ln0' <Predicate = (icmp_ln22)> <Delay = 0.00>
ST_4 : Operation 281 [1/1] (0.00ns)   --->   "%write_ln0 = write void @_ssdm_op_Write.ap_auto.i16P0A, i16 %C_out_93_out, i16 %C_out_13_load"   --->   Operation 281 'write' 'write_ln0' <Predicate = (icmp_ln22)> <Delay = 0.00>
ST_4 : Operation 282 [1/1] (0.00ns)   --->   "%write_ln0 = write void @_ssdm_op_Write.ap_auto.i16P0A, i16 %C_out_101_out, i16 %C_out_12_load"   --->   Operation 282 'write' 'write_ln0' <Predicate = (icmp_ln22)> <Delay = 0.00>
ST_4 : Operation 283 [1/1] (0.00ns)   --->   "%write_ln0 = write void @_ssdm_op_Write.ap_auto.i16P0A, i16 %C_out_109_out, i16 %C_out_11_load"   --->   Operation 283 'write' 'write_ln0' <Predicate = (icmp_ln22)> <Delay = 0.00>
ST_4 : Operation 284 [1/1] (0.00ns)   --->   "%write_ln0 = write void @_ssdm_op_Write.ap_auto.i16P0A, i16 %C_out_117_out, i16 %C_out_10_load"   --->   Operation 284 'write' 'write_ln0' <Predicate = (icmp_ln22)> <Delay = 0.00>
ST_4 : Operation 285 [1/1] (0.00ns)   --->   "%write_ln0 = write void @_ssdm_op_Write.ap_auto.i16P0A, i16 %C_out_125_out, i16 %C_out_9_load"   --->   Operation 285 'write' 'write_ln0' <Predicate = (icmp_ln22)> <Delay = 0.00>
ST_4 : Operation 286 [1/1] (0.00ns)   --->   "%write_ln0 = write void @_ssdm_op_Write.ap_auto.i16P0A, i16 %C_out_133_out, i16 %C_out_8_load"   --->   Operation 286 'write' 'write_ln0' <Predicate = (icmp_ln22)> <Delay = 0.00>
ST_4 : Operation 287 [1/1] (0.83ns)   --->   "%ret_ln0 = ret"   --->   Operation 287 'ret' 'ret_ln0' <Predicate = (icmp_ln22)> <Delay = 0.83>

State 5 <SV = 4> <Delay = 3.81>
ST_5 : Operation 243 [1/1] (0.00ns)   --->   "%specpipeline_ln23 = specpipeline void @_ssdm_op_SpecPipeline, i32 1, i32 0, i32 0, i32 0, i32 4294967295, void @empty_9" [../task_detection_tpu/tpu_accel.cpp:23]   --->   Operation 243 'specpipeline' 'specpipeline_ln23' <Predicate = true> <Delay = 0.00>
ST_5 : Operation 244 [1/1] (0.00ns)   --->   "%speclooptripcount_ln22 = speclooptripcount void @_ssdm_op_SpecLoopTripCount, i64 15, i64 15, i64 15" [../task_detection_tpu/tpu_accel.cpp:22]   --->   Operation 244 'speclooptripcount' 'speclooptripcount_ln22' <Predicate = true> <Delay = 0.00>
ST_5 : Operation 245 [1/1] (0.00ns)   --->   "%specloopname_ln22 = specloopname void @_ssdm_op_SpecLoopName, void @empty_43" [../task_detection_tpu/tpu_accel.cpp:22]   --->   Operation 245 'specloopname' 'specloopname_ln22' <Predicate = true> <Delay = 0.00>
ST_5 : Operation 246 [1/2] (1.49ns) (root node of the DSP)   --->   "%add_ln18 = add i26 %shl_ln18_s, i26 %sext_ln18_16" [../task_detection_tpu/pe.cpp:18->../task_detection_tpu/systolic_8x8.h:48->../task_detection_tpu/tpu_accel.cpp:29]   --->   Operation 246 'add' 'add_ln18' <Predicate = true> <Delay = 1.49> <CoreInst = "DSP48">   --->   Core 116 'DSP48' <Latency = 3> <II = 1> <Delay = 1.54> <IPBlock> <Opcode : 'add' 'sub' 'mul' 'select'> <InPorts = 0> <OutPorts = 1> <Sync> <CReg>
ST_5 : Operation 247 [1/1] (0.00ns)   --->   "%trunc_ln18_s = partselect i16 @_ssdm_op_PartSelect.i16.i26.i32.i32, i26 %add_ln18, i32 10, i32 25" [../task_detection_tpu/pe.cpp:18->../task_detection_tpu/systolic_8x8.h:48->../task_detection_tpu/tpu_accel.cpp:29]   --->   Operation 247 'partselect' 'trunc_ln18_s' <Predicate = true> <Delay = 0.00>
ST_5 : Operation 248 [1/2] (1.49ns) (root node of the DSP)   --->   "%add_ln18_8 = add i26 %shl_ln18_8, i26 %sext_ln18_18" [../task_detection_tpu/pe.cpp:18->../task_detection_tpu/systolic_8x8.h:48->../task_detection_tpu/tpu_accel.cpp:29]   --->   Operation 248 'add' 'add_ln18_8' <Predicate = true> <Delay = 1.49> <CoreInst = "DSP48">   --->   Core 116 'DSP48' <Latency = 3> <II = 1> <Delay = 1.54> <IPBlock> <Opcode : 'add' 'sub' 'mul' 'select'> <InPorts = 0> <OutPorts = 1> <Sync> <CReg>
ST_5 : Operation 249 [1/1] (0.00ns)   --->   "%trunc_ln18_8 = partselect i16 @_ssdm_op_PartSelect.i16.i26.i32.i32, i26 %add_ln18_8, i32 10, i32 25" [../task_detection_tpu/pe.cpp:18->../task_detection_tpu/systolic_8x8.h:48->../task_detection_tpu/tpu_accel.cpp:29]   --->   Operation 249 'partselect' 'trunc_ln18_8' <Predicate = true> <Delay = 0.00>
ST_5 : Operation 250 [1/2] (1.49ns) (root node of the DSP)   --->   "%add_ln18_9 = add i26 %shl_ln18_9, i26 %sext_ln18_20" [../task_detection_tpu/pe.cpp:18->../task_detection_tpu/systolic_8x8.h:48->../task_detection_tpu/tpu_accel.cpp:29]   --->   Operation 250 'add' 'add_ln18_9' <Predicate = true> <Delay = 1.49> <CoreInst = "DSP48">   --->   Core 116 'DSP48' <Latency = 3> <II = 1> <Delay = 1.54> <IPBlock> <Opcode : 'add' 'sub' 'mul' 'select'> <InPorts = 0> <OutPorts = 1> <Sync> <CReg>
ST_5 : Operation 251 [1/1] (0.00ns)   --->   "%trunc_ln18_9 = partselect i16 @_ssdm_op_PartSelect.i16.i26.i32.i32, i26 %add_ln18_9, i32 10, i32 25" [../task_detection_tpu/pe.cpp:18->../task_detection_tpu/systolic_8x8.h:48->../task_detection_tpu/tpu_accel.cpp:29]   --->   Operation 251 'partselect' 'trunc_ln18_9' <Predicate = true> <Delay = 0.00>
ST_5 : Operation 252 [1/2] (1.49ns) (root node of the DSP)   --->   "%add_ln18_10 = add i26 %shl_ln18_10, i26 %sext_ln18_22" [../task_detection_tpu/pe.cpp:18->../task_detection_tpu/systolic_8x8.h:48->../task_detection_tpu/tpu_accel.cpp:29]   --->   Operation 252 'add' 'add_ln18_10' <Predicate = true> <Delay = 1.49> <CoreInst = "DSP48">   --->   Core 116 'DSP48' <Latency = 3> <II = 1> <Delay = 1.54> <IPBlock> <Opcode : 'add' 'sub' 'mul' 'select'> <InPorts = 0> <OutPorts = 1> <Sync> <CReg>
ST_5 : Operation 253 [1/1] (0.00ns)   --->   "%trunc_ln18_10 = partselect i16 @_ssdm_op_PartSelect.i16.i26.i32.i32, i26 %add_ln18_10, i32 10, i32 25" [../task_detection_tpu/pe.cpp:18->../task_detection_tpu/systolic_8x8.h:48->../task_detection_tpu/tpu_accel.cpp:29]   --->   Operation 253 'partselect' 'trunc_ln18_10' <Predicate = true> <Delay = 0.00>
ST_5 : Operation 254 [1/2] (1.49ns) (root node of the DSP)   --->   "%add_ln18_11 = add i26 %shl_ln18_11, i26 %sext_ln18_24" [../task_detection_tpu/pe.cpp:18->../task_detection_tpu/systolic_8x8.h:48->../task_detection_tpu/tpu_accel.cpp:29]   --->   Operation 254 'add' 'add_ln18_11' <Predicate = true> <Delay = 1.49> <CoreInst = "DSP48">   --->   Core 116 'DSP48' <Latency = 3> <II = 1> <Delay = 1.54> <IPBlock> <Opcode : 'add' 'sub' 'mul' 'select'> <InPorts = 0> <OutPorts = 1> <Sync> <CReg>
ST_5 : Operation 255 [1/1] (0.00ns)   --->   "%trunc_ln18_11 = partselect i16 @_ssdm_op_PartSelect.i16.i26.i32.i32, i26 %add_ln18_11, i32 10, i32 25" [../task_detection_tpu/pe.cpp:18->../task_detection_tpu/systolic_8x8.h:48->../task_detection_tpu/tpu_accel.cpp:29]   --->   Operation 255 'partselect' 'trunc_ln18_11' <Predicate = true> <Delay = 0.00>
ST_5 : Operation 256 [1/2] (1.49ns) (root node of the DSP)   --->   "%add_ln18_12 = add i26 %shl_ln18_12, i26 %sext_ln18_26" [../task_detection_tpu/pe.cpp:18->../task_detection_tpu/systolic_8x8.h:48->../task_detection_tpu/tpu_accel.cpp:29]   --->   Operation 256 'add' 'add_ln18_12' <Predicate = true> <Delay = 1.49> <CoreInst = "DSP48">   --->   Core 116 'DSP48' <Latency = 3> <II = 1> <Delay = 1.54> <IPBlock> <Opcode : 'add' 'sub' 'mul' 'select'> <InPorts = 0> <OutPorts = 1> <Sync> <CReg>
ST_5 : Operation 257 [1/1] (0.00ns)   --->   "%trunc_ln18_12 = partselect i16 @_ssdm_op_PartSelect.i16.i26.i32.i32, i26 %add_ln18_12, i32 10, i32 25" [../task_detection_tpu/pe.cpp:18->../task_detection_tpu/systolic_8x8.h:48->../task_detection_tpu/tpu_accel.cpp:29]   --->   Operation 257 'partselect' 'trunc_ln18_12' <Predicate = true> <Delay = 0.00>
ST_5 : Operation 258 [1/2] (1.49ns) (root node of the DSP)   --->   "%add_ln18_13 = add i26 %shl_ln18_13, i26 %sext_ln18_28" [../task_detection_tpu/pe.cpp:18->../task_detection_tpu/systolic_8x8.h:48->../task_detection_tpu/tpu_accel.cpp:29]   --->   Operation 258 'add' 'add_ln18_13' <Predicate = true> <Delay = 1.49> <CoreInst = "DSP48">   --->   Core 116 'DSP48' <Latency = 3> <II = 1> <Delay = 1.54> <IPBlock> <Opcode : 'add' 'sub' 'mul' 'select'> <InPorts = 0> <OutPorts = 1> <Sync> <CReg>
ST_5 : Operation 259 [1/1] (0.00ns)   --->   "%trunc_ln18_13 = partselect i16 @_ssdm_op_PartSelect.i16.i26.i32.i32, i26 %add_ln18_13, i32 10, i32 25" [../task_detection_tpu/pe.cpp:18->../task_detection_tpu/systolic_8x8.h:48->../task_detection_tpu/tpu_accel.cpp:29]   --->   Operation 259 'partselect' 'trunc_ln18_13' <Predicate = true> <Delay = 0.00>
ST_5 : Operation 260 [1/2] (1.49ns) (root node of the DSP)   --->   "%add_ln18_14 = add i26 %shl_ln18_14, i26 %sext_ln18_30" [../task_detection_tpu/pe.cpp:18->../task_detection_tpu/systolic_8x8.h:48->../task_detection_tpu/tpu_accel.cpp:29]   --->   Operation 260 'add' 'add_ln18_14' <Predicate = true> <Delay = 1.49> <CoreInst = "DSP48">   --->   Core 116 'DSP48' <Latency = 3> <II = 1> <Delay = 1.54> <IPBlock> <Opcode : 'add' 'sub' 'mul' 'select'> <InPorts = 0> <OutPorts = 1> <Sync> <CReg>
ST_5 : Operation 261 [1/1] (0.00ns)   --->   "%trunc_ln18_14 = partselect i16 @_ssdm_op_PartSelect.i16.i26.i32.i32, i26 %add_ln18_14, i32 10, i32 25" [../task_detection_tpu/pe.cpp:18->../task_detection_tpu/systolic_8x8.h:48->../task_detection_tpu/tpu_accel.cpp:29]   --->   Operation 261 'partselect' 'trunc_ln18_14' <Predicate = true> <Delay = 0.00>
ST_5 : Operation 262 [1/1] (0.83ns)   --->   "%store_ln56 = store i16 %trunc_ln18_14, i16 %C_out" [../task_detection_tpu/systolic_8x8.h:56->../task_detection_tpu/tpu_accel.cpp:29]   --->   Operation 262 'store' 'store_ln56' <Predicate = true> <Delay = 0.83>
ST_5 : Operation 263 [1/1] (0.83ns)   --->   "%store_ln56 = store i16 %trunc_ln18_13, i16 %C_out_14" [../task_detection_tpu/systolic_8x8.h:56->../task_detection_tpu/tpu_accel.cpp:29]   --->   Operation 263 'store' 'store_ln56' <Predicate = true> <Delay = 0.83>
ST_5 : Operation 264 [1/1] (0.83ns)   --->   "%store_ln56 = store i16 %trunc_ln18_12, i16 %C_out_13" [../task_detection_tpu/systolic_8x8.h:56->../task_detection_tpu/tpu_accel.cpp:29]   --->   Operation 264 'store' 'store_ln56' <Predicate = true> <Delay = 0.83>
ST_5 : Operation 265 [1/1] (0.83ns)   --->   "%store_ln56 = store i16 %trunc_ln18_11, i16 %C_out_12" [../task_detection_tpu/systolic_8x8.h:56->../task_detection_tpu/tpu_accel.cpp:29]   --->   Operation 265 'store' 'store_ln56' <Predicate = true> <Delay = 0.83>
ST_5 : Operation 266 [1/1] (0.83ns)   --->   "%store_ln56 = store i16 %trunc_ln18_10, i16 %C_out_11" [../task_detection_tpu/systolic_8x8.h:56->../task_detection_tpu/tpu_accel.cpp:29]   --->   Operation 266 'store' 'store_ln56' <Predicate = true> <Delay = 0.83>
ST_5 : Operation 267 [1/1] (0.83ns)   --->   "%store_ln56 = store i16 %trunc_ln18_9, i16 %C_out_10" [../task_detection_tpu/systolic_8x8.h:56->../task_detection_tpu/tpu_accel.cpp:29]   --->   Operation 267 'store' 'store_ln56' <Predicate = true> <Delay = 0.83>
ST_5 : Operation 268 [1/1] (0.83ns)   --->   "%store_ln56 = store i16 %trunc_ln18_8, i16 %C_out_9" [../task_detection_tpu/systolic_8x8.h:56->../task_detection_tpu/tpu_accel.cpp:29]   --->   Operation 268 'store' 'store_ln56' <Predicate = true> <Delay = 0.83>
ST_5 : Operation 269 [1/1] (0.83ns)   --->   "%store_ln56 = store i16 %trunc_ln18_s, i16 %C_out_8" [../task_detection_tpu/systolic_8x8.h:56->../task_detection_tpu/tpu_accel.cpp:29]   --->   Operation 269 'store' 'store_ln56' <Predicate = true> <Delay = 0.83>
ST_5 : Operation 270 [1/1] (0.00ns)   --->   "%br_ln22 = br void %VITIS_LOOP_24_2.i" [../task_detection_tpu/tpu_accel.cpp:22]   --->   Operation 270 'br' 'br_ln22' <Predicate = true> <Delay = 0.00>


============================================================
+ Verbose Summary: Timing violations
============================================================
Target clock period: 10.000ns, clock uncertainty: 2.700ns.

 <State 1>: 0.833ns
The critical path consists of the following:
	'alloca' operation 16 bit ('B_in', ../task_detection_tpu/tpu_accel.cpp:27) [96]  (0.000 ns)
	'store' operation ('store_ln27', ../task_detection_tpu/tpu_accel.cpp:27) of constant 0 16 bit on local variable 'B_in', ../task_detection_tpu/tpu_accel.cpp:27 [169]  (0.833 ns)

 <State 2>: 3.406ns
The critical path consists of the following:
	'load' operation 4 bit ('cycle', ../task_detection_tpu/tpu_accel.cpp:26) on local variable 'cycle', ../task_detection_tpu/tpu_accel.cpp:22 [187]  (0.000 ns)
	'add' operation 5 bit ('add_ln26_11', ../task_detection_tpu/tpu_accel.cpp:26) [241]  (1.019 ns)
	'icmp' operation 1 bit ('icmp_ln26_10', ../task_detection_tpu/tpu_accel.cpp:26) [243]  (0.850 ns)
	'select' operation 4 bit ('in_a', ../task_detection_tpu/tpu_accel.cpp:26) [245]  (0.517 ns)
	'mul' operation 20 bit of DSP[262] ('mul_ln18_8', ../task_detection_tpu/pe.cpp:18->../task_detection_tpu/systolic_8x8.h:48->../task_detection_tpu/tpu_accel.cpp:29) [259]  (1.020 ns)

 <State 3>: 1.020ns
The critical path consists of the following:
	'mul' operation 20 bit of DSP[255] ('mul_ln18', ../task_detection_tpu/pe.cpp:18->../task_detection_tpu/systolic_8x8.h:48->../task_detection_tpu/tpu_accel.cpp:29) [252]  (1.020 ns)

 <State 4>: 1.490ns
The critical path consists of the following:
	'load' operation 16 bit ('C_out_8_load_1', ../task_detection_tpu/pe.cpp:18->../task_detection_tpu/systolic_8x8.h:48->../task_detection_tpu/tpu_accel.cpp:29) on local variable 'C_out', ../task_detection_tpu/systolic_8x8.h:56->../task_detection_tpu/tpu_accel.cpp:29 [199]  (0.000 ns)
	'add' operation 26 bit of DSP[255] ('add_ln18', ../task_detection_tpu/pe.cpp:18->../task_detection_tpu/systolic_8x8.h:48->../task_detection_tpu/tpu_accel.cpp:29) [255]  (1.490 ns)

 <State 5>: 3.813ns
The critical path consists of the following:
	'add' operation 26 bit of DSP[255] ('add_ln18', ../task_detection_tpu/pe.cpp:18->../task_detection_tpu/systolic_8x8.h:48->../task_detection_tpu/tpu_accel.cpp:29) [255]  (1.490 ns)
	'store' operation ('store_ln56', ../task_detection_tpu/systolic_8x8.h:56->../task_detection_tpu/tpu_accel.cpp:29) of variable 'trunc_ln18_s', ../task_detection_tpu/pe.cpp:18->../task_detection_tpu/systolic_8x8.h:48->../task_detection_tpu/tpu_accel.cpp:29 16 bit on local variable 'C_out', ../task_detection_tpu/systolic_8x8.h:56->../task_detection_tpu/tpu_accel.cpp:29 [319]  (0.833 ns)
	'load' operation 16 bit ('C_out_8_load_1', ../task_detection_tpu/pe.cpp:18->../task_detection_tpu/systolic_8x8.h:48->../task_detection_tpu/tpu_accel.cpp:29) on local variable 'C_out', ../task_detection_tpu/systolic_8x8.h:56->../task_detection_tpu/tpu_accel.cpp:29 [199]  (0.000 ns)
	'add' operation 26 bit of DSP[255] ('add_ln18', ../task_detection_tpu/pe.cpp:18->../task_detection_tpu/systolic_8x8.h:48->../task_detection_tpu/tpu_accel.cpp:29) [255]  (1.490 ns)


============================================================
+ Verbose Summary: Binding
============================================================
N/A
* FSMD analyzer results:
  - Output states:
 - Input state : 
  - Chain level:
	State 1
	State 2
	State 3
	State 4
	State 5


============================================================
+ Verbose Summary: Datapath Resource usage 
============================================================
N/A
