

================================================================
== Vitis HLS Report for 'scalar_layer_4'
================================================================
* Date:           Tue Jun 16 19:43:09 2026

* Version:        2025.2 (Build 6295257 on Nov 14 2025)
* Project:        tpu_integrated_accel
* Solution:       hls (Vivado IP Flow Target)
* Product family: kintex7
* Target device:  xc7k325t-ffg900-2


================================================================
== Performance Estimates
================================================================
+ Timing: 
    * Summary: 
    +--------+----------+----------+------------+
    |  Clock |  Target  | Estimated| Uncertainty|
    +--------+----------+----------+------------+
    |ap_clk  |  10.00 ns|  3.813 ns|     2.70 ns|
    +--------+----------+----------+------------+

+ Latency: 
    * Summary: 
    +---------+---------+----------+----------+-----+-----+---------+
    |  Latency (cycles) |  Latency (absolute) |  Interval | Pipeline|
    |   min   |   max   |    min   |    max   | min | max |   Type  |
    +---------+---------+----------+----------+-----+-----+---------+
    |       73|      139|  0.730 us|  1.390 us|   73|  139|       no|
    +---------+---------+----------+----------+-----+-----+---------+

    + Detail: 
        * Instance: 
        N/A

        * Loop: 
        N/A

============================================================
+ Verbose Summary: Synthesis Manager
============================================================
InlineROM: 1
ExposeGlobal: 0
============================================================
+ Verbose Summary: CDFG Model
============================================================
IsTopModel: 0
ResetActiveHigh: 1
IsCombinational: 2
IsDatapathOnly: 0
HasWiredReturn: 1
HasMFsm: 0
HasVarLatency: 1
IsPipeline: 0
IsRtlPipelined: 0
IsInstanceOverlapped: 0
IsDontTouch: 0
HasImplIP: 0
IsGatedGlobalClock: 0


============================================================
+ Verbose Summary: Schedule
============================================================
* Number of FSM states : 5
* Pipeline : 0
* Dataflow Pipeline: 0

* FSM state transitions: 
1 --> 2 
2 --> 3 
3 --> 4 
4 --> 5 
5 --> 

* FSM state operations: 

State 1 <SV = 0> <Delay = 0.00>
ST_1 : Operation 6 [1/1] (0.00ns)   --->   "%acc_loc = alloca i64 1"   --->   Operation 6 'alloca' 'acc_loc' <Predicate = true> <Delay = 0.00>
ST_1 : Operation 7 [1/1] (0.00ns)   --->   "%specinterface_ln0 = specinterface void @_ssdm_op_SpecInterface, i16 %stream_l3_to_l4, void @empty_7, i32 0, i32 0, void @empty_9, i32 0, i32 0, void @empty_9, void @empty_9, void @empty_9, i32 0, i32 0, i32 0, i32 0, void @empty_9, void @empty_9, i32 4294967295, i32 0, i32 0, i32 0"   --->   Operation 7 'specinterface' 'specinterface_ln0' <Predicate = true> <Delay = 0.00>
ST_1 : Operation 8 [1/1] (0.00ns)   --->   "%init_3_load = load i1 %init_3" [../task_detection_tpu/tpu_accel.cpp:371]   --->   Operation 8 'load' 'init_3_load' <Predicate = true> <Delay = 0.00>
ST_1 : Operation 9 [1/1] (0.00ns)   --->   "%br_ln371 = br i1 %init_3_load, void %for.inc.preheader, void %VITIS_LOOP_377_2" [../task_detection_tpu/tpu_accel.cpp:371]   --->   Operation 9 'br' 'br_ln371' <Predicate = true> <Delay = 0.00>
ST_1 : Operation 10 [2/2] (0.00ns)   --->   "%call_ln0 = call void @scalar_layer_4_Pipeline_VITIS_LOOP_372_1, i4 %weights"   --->   Operation 10 'call' 'call_ln0' <Predicate = (!init_3_load)> <Delay = 0.00> <CoreType = "Generic">   --->   Generic Core

State 2 <SV = 1> <Delay = 2.93>
ST_2 : Operation 11 [1/2] (2.93ns)   --->   "%call_ln0 = call void @scalar_layer_4_Pipeline_VITIS_LOOP_372_1, i4 %weights"   --->   Operation 11 'call' 'call_ln0' <Predicate = (!init_3_load)> <Delay = 2.93> <CoreType = "Generic">   --->   Generic Core
ST_2 : Operation 12 [1/1] (0.00ns)   --->   "%store_ln373 = store i1 1, i1 %init_3" [../task_detection_tpu/tpu_accel.cpp:373]   --->   Operation 12 'store' 'store_ln373' <Predicate = (!init_3_load)> <Delay = 0.00>
ST_2 : Operation 13 [1/1] (0.00ns)   --->   "%br_ln374 = br void %VITIS_LOOP_377_2" [../task_detection_tpu/tpu_accel.cpp:374]   --->   Operation 13 'br' 'br_ln374' <Predicate = (!init_3_load)> <Delay = 0.00>

State 3 <SV = 2> <Delay = 0.00>
ST_3 : Operation 14 [2/2] (0.00ns)   --->   "%call_ln0 = call void @scalar_layer_4_Pipeline_VITIS_LOOP_377_2, i16 %stream_l3_to_l4, i16 %acc_loc, i4 %weights"   --->   Operation 14 'call' 'call_ln0' <Predicate = true> <Delay = 0.00> <CoreType = "Generic">   --->   Generic Core

State 4 <SV = 3> <Delay = 0.00>
ST_4 : Operation 15 [1/2] (0.00ns)   --->   "%call_ln0 = call void @scalar_layer_4_Pipeline_VITIS_LOOP_377_2, i16 %stream_l3_to_l4, i16 %acc_loc, i4 %weights"   --->   Operation 15 'call' 'call_ln0' <Predicate = true> <Delay = 0.00> <CoreType = "Generic">   --->   Generic Core

State 5 <SV = 4> <Delay = 0.00>
ST_5 : Operation 16 [1/1] (0.00ns)   --->   "%acc_loc_load = load i16 %acc_loc"   --->   Operation 16 'load' 'acc_loc_load' <Predicate = true> <Delay = 0.00>
ST_5 : Operation 17 [1/1] (0.00ns)   --->   "%ret_ln382 = ret i16 %acc_loc_load" [../task_detection_tpu/tpu_accel.cpp:382]   --->   Operation 17 'ret' 'ret_ln382' <Predicate = true> <Delay = 0.00>


============================================================
+ Verbose Summary: Timing violations
============================================================
Target clock period: 10.000ns, clock uncertainty: 2.700ns.

 <State 1>: 0.000ns
The critical path consists of the following:

 <State 2>: 2.939ns
The critical path consists of the following:
	'call' operation ('call_ln0') to 'scalar_layer_4_Pipeline_VITIS_LOOP_372_1' [9]  (2.939 ns)

 <State 3>: 0.000ns
The critical path consists of the following:

 <State 4>: 0.000ns
The critical path consists of the following:

 <State 5>: 0.000ns
The critical path consists of the following:


============================================================
+ Verbose Summary: Binding
============================================================
N/A
* FSMD analyzer results:
  - Output states:
 - Input state : 
  - Chain level:
	State 1
	State 2
	State 3
	State 4
	State 5


============================================================
+ Verbose Summary: Datapath Resource usage 
============================================================
N/A
