

================================================================
== Vitis HLS Report for 'scalar_layer_4_Pipeline_VITIS_LOOP_377_2'
================================================================
* Date:           Tue Jun 16 19:43:09 2026

* Version:        2025.2 (Build 6295257 on Nov 14 2025)
* Project:        tpu_integrated_accel
* Solution:       hls (Vivado IP Flow Target)
* Product family: kintex7
* Target device:  xc7k325t-ffg900-2


================================================================
== Performance Estimates
================================================================
+ Timing: 
    * Summary: 
    +--------+----------+----------+------------+
    |  Clock |  Target  | Estimated| Uncertainty|
    +--------+----------+----------+------------+
    |ap_clk  |  10.00 ns|  3.813 ns|     2.70 ns|
    +--------+----------+----------+------------+

+ Latency: 
    * Summary: 
    +---------+---------+----------+----------+-----+-----+-------------------+
    |  Latency (cycles) |  Latency (absolute) |  Interval |      Pipeline     |
    |   min   |   max   |    min   |    max   | min | max |        Type       |
    +---------+---------+----------+----------+-----+-----+-------------------+
    |       69|       69|  0.690 us|  0.690 us|    0|    0|  loop pipeline stp|
    +---------+---------+----------+----------+-----+-----+-------------------+

    + Detail: 
        * Instance: 
        N/A

        * Loop: 
        +--------------------+---------+---------+----------+-----------+-----------+------+----------+
        |                    |  Latency (cycles) | Iteration|  Initiation Interval  | Trip |          |
        |      Loop Name     |   min   |   max   |  Latency |  achieved |   target  | Count| Pipelined|
        +--------------------+---------+---------+----------+-----------+-----------+------+----------+
        |- VITIS_LOOP_377_2  |       67|       67|         5|          1|          1|    64|       yes|
        +--------------------+---------+---------+----------+-----------+-----------+------+----------+

============================================================
+ Verbose Summary: Synthesis Manager
============================================================
InlineROM: 1
ExposeGlobal: 0
============================================================
+ Verbose Summary: CDFG Model
============================================================
IsTopModel: 0
ResetActiveHigh: 1
IsCombinational: 0
IsDatapathOnly: 0
HasWiredReturn: 1
HasMFsm: 2
HasVarLatency: 1
IsPipeline: 0
IsRtlPipelined: 0
IsInstanceOverlapped: 0
IsDontTouch: 0
HasImplIP: 0
IsGatedGlobalClock: 0

+ Individual pipeline summary: 
  * Pipeline-0: initiation interval (II) = 1, depth = 5


============================================================
+ Verbose Summary: Schedule
============================================================
* Number of FSM states : 5
* Pipeline : 1
  Pipeline-0 : II = 1, D = 5, States = { 1 2 3 4 5 }
* Dataflow Pipeline: 0

* FSM state transitions: 
1 --> 2 
2 --> 3 
3 --> 4 
4 --> 5 
5 --> 

* FSM state operations: 

State 1 <SV = 0> <Delay = 2.93>
ST_1 : Operation 8 [1/1] (0.00ns)   --->   "%acc = alloca i32 1" [../task_detection_tpu/tpu_accel.cpp:376]   --->   Operation 8 'alloca' 'acc' <Predicate = true> <Delay = 0.00>
ST_1 : Operation 9 [1/1] (0.00ns)   --->   "%i = alloca i32 1" [../task_detection_tpu/tpu_accel.cpp:377]   --->   Operation 9 'alloca' 'i' <Predicate = true> <Delay = 0.00>
ST_1 : Operation 10 [1/1] (0.00ns)   --->   "%specinterface_ln0 = specinterface void @_ssdm_op_SpecInterface, i16 %stream_l3_to_l4, void @empty_7, i32 0, i32 0, void @empty_9, i32 0, i32 0, void @empty_9, void @empty_9, void @empty_9, i32 0, i32 0, i32 0, i32 0, void @empty_9, void @empty_9, i32 4294967295, i32 0, i32 0, i32 0"   --->   Operation 10 'specinterface' 'specinterface_ln0' <Predicate = true> <Delay = 0.00>
ST_1 : Operation 11 [1/1] (0.83ns)   --->   "%store_ln377 = store i7 0, i7 %i" [../task_detection_tpu/tpu_accel.cpp:377]   --->   Operation 11 'store' 'store_ln377' <Predicate = true> <Delay = 0.83>
ST_1 : Operation 12 [1/1] (0.83ns)   --->   "%store_ln376 = store i16 0, i16 %acc" [../task_detection_tpu/tpu_accel.cpp:376]   --->   Operation 12 'store' 'store_ln376' <Predicate = true> <Delay = 0.83>
ST_1 : Operation 13 [1/1] (0.00ns)   --->   "%br_ln377 = br void %for.body5" [../task_detection_tpu/tpu_accel.cpp:377]   --->   Operation 13 'br' 'br_ln377' <Predicate = true> <Delay = 0.00>
ST_1 : Operation 14 [1/1] (0.00ns)   --->   "%i_24 = load i7 %i" [../task_detection_tpu/tpu_accel.cpp:377]   --->   Operation 14 'load' 'i_24' <Predicate = true> <Delay = 0.00>
ST_1 : Operation 15 [1/1] (1.27ns)   --->   "%icmp_ln377 = icmp_eq  i7 %i_24, i7 64" [../task_detection_tpu/tpu_accel.cpp:377]   --->   Operation 15 'icmp' 'icmp_ln377' <Predicate = true> <Delay = 1.27> <CoreInst = "Cmp">   --->   Core 9 'Cmp' <Latency = 0> <II = 1> <Delay = 1.27> <FuncUnit> <Opcode : 'seteq' 'setne' 'setle' 'setge' 'setlt' 'setgt'> <InPorts = 2> <OutPorts = 1>
ST_1 : Operation 16 [1/1] (1.27ns)   --->   "%add_ln377 = add i7 %i_24, i7 1" [../task_detection_tpu/tpu_accel.cpp:377]   --->   Operation 16 'add' 'add_ln377' <Predicate = true> <Delay = 1.27> <CoreInst = "Adder">   --->   Core 1 'Adder' <Latency = 0> <II = 1> <Delay = 1.27> <FuncUnit> <Opcode : 'add' 'sub'> <InPorts = 2> <OutPorts = 1>
ST_1 : Operation 17 [1/1] (0.00ns)   --->   "%br_ln377 = br i1 %icmp_ln377, void %for.body5.split, void %for.cond.cleanup4.exitStub" [../task_detection_tpu/tpu_accel.cpp:377]   --->   Operation 17 'br' 'br_ln377' <Predicate = true> <Delay = 0.00>
ST_1 : Operation 18 [1/1] (0.00ns)   --->   "%zext_ln377 = zext i7 %i_24" [../task_detection_tpu/tpu_accel.cpp:377]   --->   Operation 18 'zext' 'zext_ln377' <Predicate = (!icmp_ln377)> <Delay = 0.00>
ST_1 : Operation 19 [1/1] (0.00ns)   --->   "%weights_addr = getelementptr i4 %weights, i64 0, i64 %zext_ln377" [../task_detection_tpu/tpu_accel.cpp:379]   --->   Operation 19 'getelementptr' 'weights_addr' <Predicate = (!icmp_ln377)> <Delay = 0.00>
ST_1 : Operation 20 [2/2] (1.14ns)   --->   "%weights_load = load i6 %weights_addr" [../task_detection_tpu/tpu_accel.cpp:379]   --->   Operation 20 'load' 'weights_load' <Predicate = (!icmp_ln377)> <Delay = 1.14> <CoreInst = "RAM">   --->   Core 81 'RAM' <Latency = 1> <II = 1> <Delay = 1.14> <Storage> <Opcode : 'load' 'store'> <Ports = 2> <Width = 4> <Depth = 64> <RAM>
ST_1 : Operation 21 [1/1] (0.83ns)   --->   "%store_ln377 = store i7 %add_ln377, i7 %i" [../task_detection_tpu/tpu_accel.cpp:377]   --->   Operation 21 'store' 'store_ln377' <Predicate = (!icmp_ln377)> <Delay = 0.83>

State 2 <SV = 1> <Delay = 3.48>
ST_2 : Operation 22 [1/1] ( I:2.46ns O:2.46ns )   --->   "%stream_l3_to_l4_read = read i16 @_ssdm_op_Read.ap_fifo.volatile.i16P0A, i16 %stream_l3_to_l4" [../task_detection_tpu/tpu_accel.cpp:379]   --->   Operation 22 'read' 'stream_l3_to_l4_read' <Predicate = true> <Delay = 2.46> <CoreInst = "FIFO_SRL">   --->   Core 80 'FIFO_SRL' <Latency = 0> <II = 1> <Delay = 2.46> <Storage> <Opcode : 'read' 'write' 'nbread' 'nbwrite'> <Ports = 0> <Width = 16> <Depth = 2> <FIFO>
ST_2 : Operation 23 [1/1] (0.00ns)   --->   "%sext_ln379 = sext i16 %stream_l3_to_l4_read" [../task_detection_tpu/tpu_accel.cpp:379]   --->   Operation 23 'sext' 'sext_ln379' <Predicate = true> <Delay = 0.00>
ST_2 : Operation 24 [1/2] ( I:1.14ns O:1.14ns )   --->   "%weights_load = load i6 %weights_addr" [../task_detection_tpu/tpu_accel.cpp:379]   --->   Operation 24 'load' 'weights_load' <Predicate = true> <Delay = 1.14> <CoreInst = "RAM">   --->   Core 81 'RAM' <Latency = 1> <II = 1> <Delay = 1.14> <Storage> <Opcode : 'load' 'store'> <Ports = 2> <Width = 4> <Depth = 64> <RAM>
ST_2 : Operation 25 [1/1] (0.00ns)   --->   "%zext_ln379 = zext i4 %weights_load" [../task_detection_tpu/tpu_accel.cpp:379]   --->   Operation 25 'zext' 'zext_ln379' <Predicate = true> <Delay = 0.00>
ST_2 : Operation 26 [3/3] (1.02ns) (grouped into DSP with root node add_ln379)   --->   "%mul_ln379 = mul i20 %sext_ln379, i20 %zext_ln379" [../task_detection_tpu/tpu_accel.cpp:379]   --->   Operation 26 'mul' 'mul_ln379' <Predicate = true> <Delay = 1.02> <CoreInst = "DSP48">   --->   Core 116 'DSP48' <Latency = 3> <II = 1> <Delay = 1.54> <IPBlock> <Opcode : 'add' 'sub' 'mul' 'select'> <InPorts = 0> <OutPorts = 1> <Sync> <CReg>

State 3 <SV = 2> <Delay = 1.02>
ST_3 : Operation 27 [2/3] (1.02ns) (grouped into DSP with root node add_ln379)   --->   "%mul_ln379 = mul i20 %sext_ln379, i20 %zext_ln379" [../task_detection_tpu/tpu_accel.cpp:379]   --->   Operation 27 'mul' 'mul_ln379' <Predicate = true> <Delay = 1.02> <CoreInst = "DSP48">   --->   Core 116 'DSP48' <Latency = 3> <II = 1> <Delay = 1.54> <IPBlock> <Opcode : 'add' 'sub' 'mul' 'select'> <InPorts = 0> <OutPorts = 1> <Sync> <CReg>

State 4 <SV = 3> <Delay = 1.49>
ST_4 : Operation 28 [1/1] (0.00ns)   --->   "%acc_load_1 = load i16 %acc" [../task_detection_tpu/tpu_accel.cpp:379]   --->   Operation 28 'load' 'acc_load_1' <Predicate = true> <Delay = 0.00>
ST_4 : Operation 29 [1/3] (0.00ns) (grouped into DSP with root node add_ln379)   --->   "%mul_ln379 = mul i20 %sext_ln379, i20 %zext_ln379" [../task_detection_tpu/tpu_accel.cpp:379]   --->   Operation 29 'mul' 'mul_ln379' <Predicate = true> <Delay = 0.00> <CoreInst = "DSP48">   --->   Core 116 'DSP48' <Latency = 3> <II = 1> <Delay = 1.54> <IPBlock> <Opcode : 'add' 'sub' 'mul' 'select'> <InPorts = 0> <OutPorts = 1> <Sync> <CReg>
ST_4 : Operation 30 [1/1] (0.00ns)   --->   "%shl_ln = bitconcatenate i26 @_ssdm_op_BitConcatenate.i26.i16.i10, i16 %acc_load_1, i10 0" [../task_detection_tpu/tpu_accel.cpp:379]   --->   Operation 30 'bitconcatenate' 'shl_ln' <Predicate = true> <Delay = 0.00>
ST_4 : Operation 31 [1/1] (0.00ns) (grouped into DSP with root node add_ln379)   --->   "%sext_ln379_1 = sext i20 %mul_ln379" [../task_detection_tpu/tpu_accel.cpp:379]   --->   Operation 31 'sext' 'sext_ln379_1' <Predicate = true> <Delay = 0.00>
ST_4 : Operation 32 [2/2] (1.49ns) (root node of the DSP)   --->   "%add_ln379 = add i26 %shl_ln, i26 %sext_ln379_1" [../task_detection_tpu/tpu_accel.cpp:379]   --->   Operation 32 'add' 'add_ln379' <Predicate = true> <Delay = 1.49> <CoreInst = "DSP48">   --->   Core 116 'DSP48' <Latency = 3> <II = 1> <Delay = 1.54> <IPBlock> <Opcode : 'add' 'sub' 'mul' 'select'> <InPorts = 0> <OutPorts = 1> <Sync> <CReg>
ST_4 : Operation 40 [1/1] (0.00ns)   --->   "%acc_load = load i16 %acc"   --->   Operation 40 'load' 'acc_load' <Predicate = (icmp_ln377)> <Delay = 0.00>
ST_4 : Operation 41 [1/1] (0.00ns)   --->   "%write_ln0 = write void @_ssdm_op_Write.ap_auto.i16P0A, i16 %acc_out, i16 %acc_load"   --->   Operation 41 'write' 'write_ln0' <Predicate = (icmp_ln377)> <Delay = 0.00>
ST_4 : Operation 42 [1/1] (0.83ns)   --->   "%ret_ln0 = ret"   --->   Operation 42 'ret' 'ret_ln0' <Predicate = (icmp_ln377)> <Delay = 0.83>

State 5 <SV = 4> <Delay = 3.81>
ST_5 : Operation 33 [1/1] (0.00ns)   --->   "%specpipeline_ln378 = specpipeline void @_ssdm_op_SpecPipeline, i32 1, i32 0, i32 0, i32 0, i32 4294967295, void @empty_9" [../task_detection_tpu/tpu_accel.cpp:378]   --->   Operation 33 'specpipeline' 'specpipeline_ln378' <Predicate = true> <Delay = 0.00>
ST_5 : Operation 34 [1/1] (0.00ns)   --->   "%speclooptripcount_ln376 = speclooptripcount void @_ssdm_op_SpecLoopTripCount, i64 64, i64 64, i64 64" [../task_detection_tpu/tpu_accel.cpp:376]   --->   Operation 34 'speclooptripcount' 'speclooptripcount_ln376' <Predicate = true> <Delay = 0.00>
ST_5 : Operation 35 [1/1] (0.00ns)   --->   "%specloopname_ln377 = specloopname void @_ssdm_op_SpecLoopName, void @empty_26" [../task_detection_tpu/tpu_accel.cpp:377]   --->   Operation 35 'specloopname' 'specloopname_ln377' <Predicate = true> <Delay = 0.00>
ST_5 : Operation 36 [1/2] (1.49ns) (root node of the DSP)   --->   "%add_ln379 = add i26 %shl_ln, i26 %sext_ln379_1" [../task_detection_tpu/tpu_accel.cpp:379]   --->   Operation 36 'add' 'add_ln379' <Predicate = true> <Delay = 1.49> <CoreInst = "DSP48">   --->   Core 116 'DSP48' <Latency = 3> <II = 1> <Delay = 1.54> <IPBlock> <Opcode : 'add' 'sub' 'mul' 'select'> <InPorts = 0> <OutPorts = 1> <Sync> <CReg>
ST_5 : Operation 37 [1/1] (0.00ns)   --->   "%acc_1 = partselect i16 @_ssdm_op_PartSelect.i16.i26.i32.i32, i26 %add_ln379, i32 10, i32 25" [../task_detection_tpu/tpu_accel.cpp:379]   --->   Operation 37 'partselect' 'acc_1' <Predicate = true> <Delay = 0.00>
ST_5 : Operation 38 [1/1] (0.83ns)   --->   "%store_ln376 = store i16 %acc_1, i16 %acc" [../task_detection_tpu/tpu_accel.cpp:376]   --->   Operation 38 'store' 'store_ln376' <Predicate = true> <Delay = 0.83>
ST_5 : Operation 39 [1/1] (0.00ns)   --->   "%br_ln377 = br void %for.body5" [../task_detection_tpu/tpu_accel.cpp:377]   --->   Operation 39 'br' 'br_ln377' <Predicate = true> <Delay = 0.00>


============================================================
+ Verbose Summary: Binding
============================================================
STG Binding: 
---------------- STG Properties BEGIN ----------------
- Is combinational: 0
- Is one-state seq: 0
- Is datapath-only: 0
- Is pipelined: 0
- Is top level: 0
Port [ Return ] is wired: 1; IO mode=ap_ctrl_hs:ce=0
Port [ stream_l3_to_l4]:  wired=1; compound=1; hidden=0; nouse=0; global=0; static=0; extern=0; dir=0; type=3; pingpong=0; private_global=0; IO mode=ap_fifo:ce=0
Port [ acc_out]:  wired=1; compound=0; hidden=0; nouse=0; global=0; static=0; extern=0; dir=1; type=0; pingpong=0; private_global=0; IO mode=ap_vld:ce=0
Port [ weights]:  wired=1; compound=1; hidden=0; nouse=0; global=1; static=1; extern=0; dir=0; type=1; pingpong=0; private_global=0; MemPort=[13]; IO mode=ap_memory:ce=0
---------------- STG Properties END ------------------

---------------- Datapath Model BEGIN ----------------

<LifeTime>
<method=bitvector/>
acc                     (alloca           ) [ 011111]
i                       (alloca           ) [ 010000]
specinterface_ln0       (specinterface    ) [ 000000]
store_ln377             (store            ) [ 000000]
store_ln376             (store            ) [ 000000]
br_ln377                (br               ) [ 000000]
i_24                    (load             ) [ 000000]
icmp_ln377              (icmp             ) [ 011110]
add_ln377               (add              ) [ 000000]
br_ln377                (br               ) [ 000000]
zext_ln377              (zext             ) [ 000000]
weights_addr            (getelementptr    ) [ 011000]
store_ln377             (store            ) [ 000000]
stream_l3_to_l4_read    (read             ) [ 000000]
sext_ln379              (sext             ) [ 010110]
weights_load            (load             ) [ 000000]
zext_ln379              (zext             ) [ 010110]
acc_load_1              (load             ) [ 000000]
mul_ln379               (mul              ) [ 000000]
shl_ln                  (bitconcatenate   ) [ 010001]
sext_ln379_1            (sext             ) [ 010001]
specpipeline_ln378      (specpipeline     ) [ 000000]
speclooptripcount_ln376 (speclooptripcount) [ 000000]
specloopname_ln377      (specloopname     ) [ 000000]
add_ln379               (add              ) [ 000000]
acc_1                   (partselect       ) [ 000000]
store_ln376             (store            ) [ 000000]
br_ln377                (br               ) [ 000000]
acc_load                (load             ) [ 000000]
write_ln0               (write            ) [ 000000]
ret_ln0                 (ret              ) [ 000000]
</LifeTime>

<model>

<comp_list>
<comp id="0" class="1000" name="stream_l3_to_l4">
<pin_list>
<pin id="1" dir="1" index="0" bw="1" slack="0"/>
</pin_list>
<bind>
<StgValue><ssdm name="stream_l3_to_l4"/></StgValue>
</bind>
</comp>

<comp id="2" class="1000" name="acc_out">
<pin_list>
<pin id="3" dir="1" index="0" bw="1" slack="0"/>
</pin_list>
<bind>
<StgValue><ssdm name="acc_out"/></StgValue>
</bind>
</comp>

<comp id="4" class="1000" name="weights">
<pin_list>
<pin id="5" dir="1" index="0" bw="1" slack="0"/>
</pin_list>
<bind>
<StgValue><ssdm name="weights"/><MemPortTyVec>1 3 </MemPortTyVec>
</StgValue>
</bind>
</comp>

<comp id="6" class="1001" name="const_6">
<pin_list>
<pin id="7" dir="1" index="0" bw="1" slack="0"/>
</pin_list>
<bind>
<StgValue><ssdm name=""/></StgValue>
</bind>
</comp>

<comp id="8" class="1001" name="const_8">
<pin_list>
<pin id="9" dir="1" index="0" bw="1" slack="2147483647"/>
</pin_list>
<bind>
<StgValue><ssdm name="_ssdm_op_SpecInterface"/></StgValue>
</bind>
</comp>

<comp id="10" class="1001" name="const_10">
<pin_list>
<pin id="11" dir="1" index="0" bw="1" slack="2147483647"/>
</pin_list>
<bind>
<StgValue><ssdm name="empty_7"/></StgValue>
</bind>
</comp>

<comp id="12" class="1001" name="const_12">
<pin_list>
<pin id="13" dir="1" index="0" bw="1" slack="2147483647"/>
</pin_list>
<bind>
<StgValue><ssdm name=""/></StgValue>
</bind>
</comp>

<comp id="14" class="1001" name="const_14">
<pin_list>
<pin id="15" dir="1" index="0" bw="1" slack="2147483647"/>
</pin_list>
<bind>
<StgValue><ssdm name="empty_9"/></StgValue>
</bind>
</comp>

<comp id="16" class="1001" name="const_16">
<pin_list>
<pin id="17" dir="1" index="0" bw="1" slack="2147483647"/>
</pin_list>
<bind>
<StgValue><ssdm name=""/></StgValue>
</bind>
</comp>

<comp id="18" class="1001" name="const_18">
<pin_list>
<pin id="19" dir="1" index="0" bw="1" slack="0"/>
</pin_list>
<bind>
<StgValue><ssdm name=""/></StgValue>
</bind>
</comp>

<comp id="20" class="1001" name="const_20">
<pin_list>
<pin id="21" dir="1" index="0" bw="1" slack="0"/>
</pin_list>
<bind>
<StgValue><ssdm name=""/></StgValue>
</bind>
</comp>

<comp id="22" class="1001" name="const_22">
<pin_list>
<pin id="23" dir="1" index="0" bw="1" slack="0"/>
</pin_list>
<bind>
<StgValue><ssdm name=""/></StgValue>
</bind>
</comp>

<comp id="24" class="1001" name="const_24">
<pin_list>
<pin id="25" dir="1" index="0" bw="1" slack="0"/>
</pin_list>
<bind>
<StgValue><ssdm name=""/></StgValue>
</bind>
</comp>

<comp id="26" class="1001" name="const_26">
<pin_list>
<pin id="27" dir="1" index="0" bw="1" slack="0"/>
</pin_list>
<bind>
<StgValue><ssdm name=""/></StgValue>
</bind>
</comp>

<comp id="28" class="1001" name="const_28">
<pin_list>
<pin id="29" dir="1" index="0" bw="1" slack="0"/>
</pin_list>
<bind>
<StgValue><ssdm name="_ssdm_op_Read.ap_fifo.volatile.i16P0A"/></StgValue>
</bind>
</comp>

<comp id="30" class="1001" name="const_30">
<pin_list>
<pin id="31" dir="1" index="0" bw="1" slack="0"/>
</pin_list>
<bind>
<StgValue><ssdm name="_ssdm_op_BitConcatenate.i26.i16.i10"/></StgValue>
</bind>
</comp>

<comp id="32" class="1001" name="const_32">
<pin_list>
<pin id="33" dir="1" index="0" bw="1" slack="0"/>
</pin_list>
<bind>
<StgValue><ssdm name=""/></StgValue>
</bind>
</comp>

<comp id="34" class="1001" name="const_34">
<pin_list>
<pin id="35" dir="1" index="0" bw="1" slack="2147483647"/>
</pin_list>
<bind>
<StgValue><ssdm name="_ssdm_op_SpecPipeline"/></StgValue>
</bind>
</comp>

<comp id="36" class="1001" name="const_36">
<pin_list>
<pin id="37" dir="1" index="0" bw="1" slack="2147483647"/>
</pin_list>
<bind>
<StgValue><ssdm name="_ssdm_op_SpecLoopTripCount"/></StgValue>
</bind>
</comp>

<comp id="38" class="1001" name="const_38">
<pin_list>
<pin id="39" dir="1" index="0" bw="1" slack="2147483647"/>
</pin_list>
<bind>
<StgValue><ssdm name=""/></StgValue>
</bind>
</comp>

<comp id="40" class="1001" name="const_40">
<pin_list>
<pin id="41" dir="1" index="0" bw="1" slack="2147483647"/>
</pin_list>
<bind>
<StgValue><ssdm name="_ssdm_op_SpecLoopName"/></StgValue>
</bind>
</comp>

<comp id="42" class="1001" name="const_42">
<pin_list>
<pin id="43" dir="1" index="0" bw="1" slack="2147483647"/>
</pin_list>
<bind>
<StgValue><ssdm name="empty_26"/></StgValue>
</bind>
</comp>

<comp id="44" class="1001" name="const_44">
<pin_list>
<pin id="45" dir="1" index="0" bw="1" slack="0"/>
</pin_list>
<bind>
<StgValue><ssdm name="_ssdm_op_PartSelect.i16.i26.i32.i32"/></StgValue>
</bind>
</comp>

<comp id="46" class="1001" name="const_46">
<pin_list>
<pin id="47" dir="1" index="0" bw="1" slack="0"/>
</pin_list>
<bind>
<StgValue><ssdm name=""/></StgValue>
</bind>
</comp>

<comp id="48" class="1001" name="const_48">
<pin_list>
<pin id="49" dir="1" index="0" bw="1" slack="0"/>
</pin_list>
<bind>
<StgValue><ssdm name=""/></StgValue>
</bind>
</comp>

<comp id="50" class="1001" name="const_50">
<pin_list>
<pin id="51" dir="1" index="0" bw="1" slack="0"/>
</pin_list>
<bind>
<StgValue><ssdm name="_ssdm_op_Write.ap_auto.i16P0A"/></StgValue>
</bind>
</comp>

<comp id="52" class="1004" name="acc_fu_52">
<pin_list>
<pin id="53" dir="0" index="0" bw="1" slack="0"/>
<pin id="54" dir="1" index="1" bw="16" slack="0"/>
</pin_list>
<bind>
<opcode="alloca(26) " fcode="alloca"/>
<opset="acc/1 "/>
</bind>
</comp>

<comp id="56" class="1004" name="i_fu_56">
<pin_list>
<pin id="57" dir="0" index="0" bw="1" slack="0"/>
<pin id="58" dir="1" index="1" bw="7" slack="0"/>
</pin_list>
<bind>
<opcode="alloca(26) " fcode="alloca"/>
<opset="i/1 "/>
</bind>
</comp>

<comp id="60" class="1004" name="stream_l3_to_l4_read_read_fu_60">
<pin_list>
<pin id="61" dir="0" index="0" bw="16" slack="0"/>
<pin id="62" dir="0" index="1" bw="16" slack="0"/>
<pin id="63" dir="1" index="2" bw="16" slack="0"/>
</pin_list>
<bind>
<opcode="read(1150) " fcode="read"/>
<opset="stream_l3_to_l4_read/2 "/>
</bind>
</comp>

<comp id="66" class="1004" name="write_ln0_write_fu_66">
<pin_list>
<pin id="67" dir="0" index="0" bw="0" slack="0"/>
<pin id="68" dir="0" index="1" bw="16" slack="0"/>
<pin id="69" dir="0" index="2" bw="16" slack="0"/>
<pin id="70" dir="1" index="3" bw="0" slack="2147483647"/>
</pin_list>
<bind>
<opcode="write(1151) " fcode="write"/>
<opset="write_ln0/4 "/>
</bind>
</comp>

<comp id="73" class="1004" name="weights_addr_gep_fu_73">
<pin_list>
<pin id="74" dir="0" index="0" bw="4" slack="0"/>
<pin id="75" dir="0" index="1" bw="1" slack="0"/>
<pin id="76" dir="0" index="2" bw="7" slack="0"/>
<pin id="77" dir="1" index="3" bw="6" slack="0"/>
</pin_list>
<bind>
<opcode="getelementptr(29) " fcode="getelementptr"/>
<opset="weights_addr/1 "/>
</bind>
</comp>

<comp id="80" class="1004" name="grp_access_fu_80">
<pin_list>
<pin id="81" dir="0" index="0" bw="6" slack="0"/>
<pin id="82" dir="0" index="1" bw="4" slack="2147483647"/>
<pin id="83" dir="0" index="2" bw="0" slack="2147483647"/>
<pin id="84" dir="1" index="3" bw="4" slack="0"/>
</pin_list>
<bind>
<opcode="load(27) " fcode="load"/>
<opset="weights_load/1 "/>
</bind>
</comp>

<comp id="86" class="1004" name="store_ln377_store_fu_86">
<pin_list>
<pin id="87" dir="0" index="0" bw="1" slack="0"/>
<pin id="88" dir="0" index="1" bw="7" slack="0"/>
<pin id="89" dir="1" index="2" bw="0" slack="2147483647"/>
</pin_list>
<bind>
<opcode="store(28) " fcode="store"/>
<opset="store_ln377/1 "/>
</bind>
</comp>

<comp id="91" class="1004" name="store_ln376_store_fu_91">
<pin_list>
<pin id="92" dir="0" index="0" bw="1" slack="0"/>
<pin id="93" dir="0" index="1" bw="16" slack="0"/>
<pin id="94" dir="1" index="2" bw="0" slack="2147483647"/>
</pin_list>
<bind>
<opcode="store(28) " fcode="store"/>
<opset="store_ln376/1 "/>
</bind>
</comp>

<comp id="96" class="1004" name="i_24_load_fu_96">
<pin_list>
<pin id="97" dir="0" index="0" bw="7" slack="0"/>
<pin id="98" dir="1" index="1" bw="7" slack="0"/>
</pin_list>
<bind>
<opcode="load(27) " fcode="load"/>
<opset="i_24/1 "/>
</bind>
</comp>

<comp id="99" class="1004" name="icmp_ln377_fu_99">
<pin_list>
<pin id="100" dir="0" index="0" bw="7" slack="0"/>
<pin id="101" dir="0" index="1" bw="7" slack="0"/>
<pin id="102" dir="1" index="2" bw="1" slack="3"/>
</pin_list>
<bind>
<opcode="icmp(45) " fcode="icmp"/>
<opset="icmp_ln377/1 "/>
</bind>
</comp>

<comp id="105" class="1004" name="add_ln377_fu_105">
<pin_list>
<pin id="106" dir="0" index="0" bw="7" slack="0"/>
<pin id="107" dir="0" index="1" bw="1" slack="0"/>
<pin id="108" dir="1" index="2" bw="7" slack="0"/>
</pin_list>
<bind>
<opcode="add(8) " fcode="add"/>
<opset="add_ln377/1 "/>
</bind>
</comp>

<comp id="111" class="1004" name="zext_ln377_fu_111">
<pin_list>
<pin id="112" dir="0" index="0" bw="7" slack="0"/>
<pin id="113" dir="1" index="1" bw="64" slack="0"/>
</pin_list>
<bind>
<opcode="zext(34) " fcode="zext"/>
<opset="zext_ln377/1 "/>
</bind>
</comp>

<comp id="116" class="1004" name="store_ln377_store_fu_116">
<pin_list>
<pin id="117" dir="0" index="0" bw="7" slack="0"/>
<pin id="118" dir="0" index="1" bw="7" slack="0"/>
<pin id="119" dir="1" index="2" bw="0" slack="2147483647"/>
</pin_list>
<bind>
<opcode="store(28) " fcode="store"/>
<opset="store_ln377/1 "/>
</bind>
</comp>

<comp id="121" class="1004" name="sext_ln379_fu_121">
<pin_list>
<pin id="122" dir="0" index="0" bw="16" slack="0"/>
<pin id="123" dir="1" index="1" bw="20" slack="0"/>
</pin_list>
<bind>
<opcode="sext(35) " fcode="sext"/>
<opset="sext_ln379/2 "/>
</bind>
</comp>

<comp id="125" class="1004" name="zext_ln379_fu_125">
<pin_list>
<pin id="126" dir="0" index="0" bw="4" slack="0"/>
<pin id="127" dir="1" index="1" bw="20" slack="0"/>
</pin_list>
<bind>
<opcode="zext(34) " fcode="zext"/>
<opset="zext_ln379/2 "/>
</bind>
</comp>

<comp id="129" class="1004" name="acc_load_1_load_fu_129">
<pin_list>
<pin id="130" dir="0" index="0" bw="16" slack="3"/>
<pin id="131" dir="1" index="1" bw="16" slack="0"/>
</pin_list>
<bind>
<opcode="load(27) " fcode="load"/>
<opset="acc_load_1/4 "/>
</bind>
</comp>

<comp id="132" class="1004" name="shl_ln_fu_132">
<pin_list>
<pin id="133" dir="0" index="0" bw="26" slack="0"/>
<pin id="134" dir="0" index="1" bw="16" slack="0"/>
<pin id="135" dir="0" index="2" bw="1" slack="0"/>
<pin id="136" dir="1" index="3" bw="26" slack="0"/>
</pin_list>
<bind>
<opcode="bitconcatenate(1004) " fcode="bitconcatenate"/>
<opset="shl_ln/4 "/>
</bind>
</comp>

<comp id="140" class="1004" name="acc_1_fu_140">
<pin_list>
<pin id="141" dir="0" index="0" bw="16" slack="0"/>
<pin id="142" dir="0" index="1" bw="26" slack="0"/>
<pin id="143" dir="0" index="2" bw="5" slack="0"/>
<pin id="144" dir="0" index="3" bw="6" slack="0"/>
<pin id="145" dir="1" index="4" bw="16" slack="0"/>
</pin_list>
<bind>
<opcode="partselect(1002) " fcode="partselect"/>
<opset="acc_1/5 "/>
</bind>
</comp>

<comp id="149" class="1004" name="store_ln376_store_fu_149">
<pin_list>
<pin id="150" dir="0" index="0" bw="16" slack="0"/>
<pin id="151" dir="0" index="1" bw="16" slack="4"/>
<pin id="152" dir="1" index="2" bw="0" slack="2147483647"/>
</pin_list>
<bind>
<opcode="store(28) " fcode="store"/>
<opset="store_ln376/5 "/>
</bind>
</comp>

<comp id="154" class="1004" name="acc_load_load_fu_154">
<pin_list>
<pin id="155" dir="0" index="0" bw="16" slack="3"/>
<pin id="156" dir="1" index="1" bw="16" slack="0"/>
</pin_list>
<bind>
<opcode="load(27) " fcode="load"/>
<opset="acc_load/4 "/>
</bind>
</comp>

<comp id="158" class="1007" name="grp_fu_158">
<pin_list>
<pin id="159" dir="0" index="0" bw="16" slack="0"/>
<pin id="160" dir="0" index="1" bw="4" slack="0"/>
<pin id="161" dir="0" index="2" bw="26" slack="0"/>
<pin id="162" dir="1" index="3" bw="26" slack="0"/>
</pin_list>
<bind>
<opcode="muladd(1172) " fcode="muladd"/>
<opset="mul_ln379/2 sext_ln379_1/4 add_ln379/4 "/>
</bind>
</comp>

<comp id="167" class="1005" name="acc_reg_167">
<pin_list>
<pin id="168" dir="0" index="0" bw="16" slack="0"/>
<pin id="169" dir="1" index="1" bw="16" slack="0"/>
</pin_list>
<bind>
<opset="acc "/>
</bind>
</comp>

<comp id="175" class="1005" name="i_reg_175">
<pin_list>
<pin id="176" dir="0" index="0" bw="7" slack="0"/>
<pin id="177" dir="1" index="1" bw="7" slack="0"/>
</pin_list>
<bind>
<opset="i "/>
</bind>
</comp>

<comp id="182" class="1005" name="icmp_ln377_reg_182">
<pin_list>
<pin id="183" dir="0" index="0" bw="1" slack="3"/>
<pin id="184" dir="1" index="1" bw="1" slack="2147483647"/>
</pin_list>
<bind>
<opset="icmp_ln377 "/>
</bind>
</comp>

<comp id="186" class="1005" name="weights_addr_reg_186">
<pin_list>
<pin id="187" dir="0" index="0" bw="6" slack="1"/>
<pin id="188" dir="1" index="1" bw="6" slack="1"/>
</pin_list>
<bind>
<opset="weights_addr "/>
</bind>
</comp>

<comp id="191" class="1005" name="sext_ln379_reg_191">
<pin_list>
<pin id="192" dir="0" index="0" bw="20" slack="1"/>
<pin id="193" dir="1" index="1" bw="20" slack="1"/>
</pin_list>
<bind>
<opset="sext_ln379 "/>
</bind>
</comp>

<comp id="196" class="1005" name="zext_ln379_reg_196">
<pin_list>
<pin id="197" dir="0" index="0" bw="20" slack="1"/>
<pin id="198" dir="1" index="1" bw="20" slack="1"/>
</pin_list>
<bind>
<opset="zext_ln379 "/>
</bind>
</comp>

<comp id="201" class="1005" name="shl_ln_reg_201">
<pin_list>
<pin id="202" dir="0" index="0" bw="26" slack="1"/>
<pin id="203" dir="1" index="1" bw="26" slack="1"/>
</pin_list>
<bind>
<opset="shl_ln "/>
</bind>
</comp>

</comp_list>

<net_list>
<net id="55"><net_src comp="6" pin="0"/><net_sink comp="52" pin=0"/></net>

<net id="59"><net_src comp="6" pin="0"/><net_sink comp="56" pin=0"/></net>

<net id="64"><net_src comp="28" pin="0"/><net_sink comp="60" pin=0"/></net>

<net id="65"><net_src comp="0" pin="0"/><net_sink comp="60" pin=1"/></net>

<net id="71"><net_src comp="50" pin="0"/><net_sink comp="66" pin=0"/></net>

<net id="72"><net_src comp="2" pin="0"/><net_sink comp="66" pin=1"/></net>

<net id="78"><net_src comp="4" pin="0"/><net_sink comp="73" pin=0"/></net>

<net id="79"><net_src comp="26" pin="0"/><net_sink comp="73" pin=1"/></net>

<net id="85"><net_src comp="73" pin="3"/><net_sink comp="80" pin=0"/></net>

<net id="90"><net_src comp="18" pin="0"/><net_sink comp="86" pin=0"/></net>

<net id="95"><net_src comp="20" pin="0"/><net_sink comp="91" pin=0"/></net>

<net id="103"><net_src comp="96" pin="1"/><net_sink comp="99" pin=0"/></net>

<net id="104"><net_src comp="22" pin="0"/><net_sink comp="99" pin=1"/></net>

<net id="109"><net_src comp="96" pin="1"/><net_sink comp="105" pin=0"/></net>

<net id="110"><net_src comp="24" pin="0"/><net_sink comp="105" pin=1"/></net>

<net id="114"><net_src comp="96" pin="1"/><net_sink comp="111" pin=0"/></net>

<net id="115"><net_src comp="111" pin="1"/><net_sink comp="73" pin=2"/></net>

<net id="120"><net_src comp="105" pin="2"/><net_sink comp="116" pin=0"/></net>

<net id="124"><net_src comp="60" pin="2"/><net_sink comp="121" pin=0"/></net>

<net id="128"><net_src comp="80" pin="3"/><net_sink comp="125" pin=0"/></net>

<net id="137"><net_src comp="30" pin="0"/><net_sink comp="132" pin=0"/></net>

<net id="138"><net_src comp="129" pin="1"/><net_sink comp="132" pin=1"/></net>

<net id="139"><net_src comp="32" pin="0"/><net_sink comp="132" pin=2"/></net>

<net id="146"><net_src comp="44" pin="0"/><net_sink comp="140" pin=0"/></net>

<net id="147"><net_src comp="46" pin="0"/><net_sink comp="140" pin=2"/></net>

<net id="148"><net_src comp="48" pin="0"/><net_sink comp="140" pin=3"/></net>

<net id="153"><net_src comp="140" pin="4"/><net_sink comp="149" pin=0"/></net>

<net id="157"><net_src comp="154" pin="1"/><net_sink comp="66" pin=2"/></net>

<net id="163"><net_src comp="121" pin="1"/><net_sink comp="158" pin=0"/></net>

<net id="164"><net_src comp="125" pin="1"/><net_sink comp="158" pin=1"/></net>

<net id="165"><net_src comp="132" pin="3"/><net_sink comp="158" pin=2"/></net>

<net id="166"><net_src comp="158" pin="3"/><net_sink comp="140" pin=1"/></net>

<net id="170"><net_src comp="52" pin="1"/><net_sink comp="167" pin=0"/></net>

<net id="171"><net_src comp="167" pin="1"/><net_sink comp="91" pin=1"/></net>

<net id="172"><net_src comp="167" pin="1"/><net_sink comp="129" pin=0"/></net>

<net id="173"><net_src comp="167" pin="1"/><net_sink comp="149" pin=1"/></net>

<net id="174"><net_src comp="167" pin="1"/><net_sink comp="154" pin=0"/></net>

<net id="178"><net_src comp="56" pin="1"/><net_sink comp="175" pin=0"/></net>

<net id="179"><net_src comp="175" pin="1"/><net_sink comp="86" pin=1"/></net>

<net id="180"><net_src comp="175" pin="1"/><net_sink comp="96" pin=0"/></net>

<net id="181"><net_src comp="175" pin="1"/><net_sink comp="116" pin=1"/></net>

<net id="185"><net_src comp="99" pin="2"/><net_sink comp="182" pin=0"/></net>

<net id="189"><net_src comp="73" pin="3"/><net_sink comp="186" pin=0"/></net>

<net id="190"><net_src comp="186" pin="1"/><net_sink comp="80" pin=0"/></net>

<net id="194"><net_src comp="121" pin="1"/><net_sink comp="191" pin=0"/></net>

<net id="195"><net_src comp="191" pin="1"/><net_sink comp="158" pin=0"/></net>

<net id="199"><net_src comp="125" pin="1"/><net_sink comp="196" pin=0"/></net>

<net id="200"><net_src comp="196" pin="1"/><net_sink comp="158" pin=1"/></net>

<net id="204"><net_src comp="132" pin="3"/><net_sink comp="201" pin=0"/></net>

<net id="205"><net_src comp="201" pin="1"/><net_sink comp="158" pin=0"/></net>

</net_list>

</model> 
---------------- Datapath Model END ------------------

* FSMD analyzer results:
  - Output states:
	Port: acc_out | {4 }
 - Input state : 
	Port: scalar_layer_4_Pipeline_VITIS_LOOP_377_2 : stream_l3_to_l4 | {2 }
	Port: scalar_layer_4_Pipeline_VITIS_LOOP_377_2 : weights | {1 2 }
  - Chain level:
	State 1
		store_ln377 : 1
		store_ln376 : 1
		i_24 : 1
		icmp_ln377 : 2
		add_ln377 : 2
		br_ln377 : 3
		zext_ln377 : 2
		weights_addr : 3
		weights_load : 4
		store_ln377 : 3
	State 2
		zext_ln379 : 1
		mul_ln379 : 2
	State 3
	State 4
		shl_ln : 1
		sext_ln379_1 : 1
		add_ln379 : 2
		write_ln0 : 1
	State 5
		acc_1 : 1
		store_ln376 : 2


============================================================
+ Verbose Summary: Datapath Resource usage 
============================================================

* Functional unit list:
|----------|---------------------------------|---------|---------|---------|
| Operation|         Functional Unit         |   DSP   |    FF   |   LUT   |
|----------|---------------------------------|---------|---------|---------|
|   icmp   |         icmp_ln377_fu_99        |    0    |    0    |    14   |
|----------|---------------------------------|---------|---------|---------|
|    add   |         add_ln377_fu_105        |    0    |    0    |    14   |
|----------|---------------------------------|---------|---------|---------|
|  muladd  |            grp_fu_158           |    1    |    0    |    0    |
|----------|---------------------------------|---------|---------|---------|
|   read   | stream_l3_to_l4_read_read_fu_60 |    0    |    0    |    0    |
|----------|---------------------------------|---------|---------|---------|
|   write  |      write_ln0_write_fu_66      |    0    |    0    |    0    |
|----------|---------------------------------|---------|---------|---------|
|   zext   |        zext_ln377_fu_111        |    0    |    0    |    0    |
|          |        zext_ln379_fu_125        |    0    |    0    |    0    |
|----------|---------------------------------|---------|---------|---------|
|   sext   |        sext_ln379_fu_121        |    0    |    0    |    0    |
|----------|---------------------------------|---------|---------|---------|
|bitconcatenate|          shl_ln_fu_132          |    0    |    0    |    0    |
|----------|---------------------------------|---------|---------|---------|
|partselect|           acc_1_fu_140          |    0    |    0    |    0    |
|----------|---------------------------------|---------|---------|---------|
|   Total  |                                 |    1    |    0    |    28   |
|----------|---------------------------------|---------|---------|---------|

Memories:
N/A

* Register list:
+--------------------+--------+
|                    |   FF   |
+--------------------+--------+
|     acc_reg_167    |   16   |
|      i_reg_175     |    7   |
| icmp_ln377_reg_182 |    1   |
| sext_ln379_reg_191 |   20   |
|   shl_ln_reg_201   |   26   |
|weights_addr_reg_186|    6   |
| zext_ln379_reg_196 |   20   |
+--------------------+--------+
|        Total       |   96   |
+--------------------+--------+

* Multiplexer (MUX) list: 
|------------------|------|------|------|--------||---------||---------||---------|
|       Comp       |  Pin | Size |  BW  | S x BW ||  Delay  ||    FF   ||   LUT   |
|------------------|------|------|------|--------||---------||---------||---------|
| grp_access_fu_80 |  p0  |   2  |   6  |   12   ||    0    ||    9    |
|    grp_fu_158    |  p0  |   3  |  16  |   48   ||    0    ||    13   |
|    grp_fu_158    |  p1  |   2  |   4  |    8   ||    0    ||    9    |
|------------------|------|------|------|--------||---------||---------||---------|
|       Total      |      |      |      |   68   || 2.51393 ||    0    ||    31   |
|------------------|------|------|------|--------||---------||---------||---------|



* Summary:
+-----------+--------+--------+--------+--------+
|           |   DSP  |  Delay |   FF   |   LUT  |
+-----------+--------+--------+--------+--------+
|  Function |    1   |    -   |    0   |   28   |
|   Memory  |    -   |    -   |    -   |    -   |
|Multiplexer|    -   |    2   |    0   |   31   |
|  Register |    -   |    -   |   96   |    -   |
+-----------+--------+--------+--------+--------+
|   Total   |    1   |    2   |   96   |   59   |
+-----------+--------+--------+--------+--------+
