

================================================================
== Vitis HLS Report for 'task_detection_accel_Pipeline_VITIS_LOOP_151_2'
================================================================
* Date:           Mon Jun 15 23:15:16 2026

* Version:        2025.2 (Build 6295257 on Nov 14 2025)
* Project:        tpu_integrated_accel
* Solution:       hls (Vivado IP Flow Target)
* Product family: kintex7
* Target device:  xc7k325t-ffg900-2


================================================================
== Performance Estimates
================================================================
+ Timing: 
    * Summary: 
    +--------+----------+----------+------------+
    |  Clock |  Target  | Estimated| Uncertainty|
    +--------+----------+----------+------------+
    |ap_clk  |  10.00 ns|  3.813 ns|     2.70 ns|
    +--------+----------+----------+------------+

+ Latency: 
    * Summary: 
    +---------+---------+----------+----------+-----+-----+-------------------+
    |  Latency (cycles) |  Latency (absolute) |  Interval |      Pipeline     |
    |   min   |   max   |    min   |    max   | min | max |        Type       |
    +---------+---------+----------+----------+-----+-----+-------------------+
    |       69|       69|  0.690 us|  0.690 us|    0|    0|  loop pipeline stp|
    +---------+---------+----------+----------+-----+-----+-------------------+

    + Detail: 
        * Instance: 
        N/A

        * Loop: 
        +--------------------+---------+---------+----------+-----------+-----------+------+----------+
        |                    |  Latency (cycles) | Iteration|  Initiation Interval  | Trip |          |
        |      Loop Name     |   min   |   max   |  Latency |  achieved |   target  | Count| Pipelined|
        +--------------------+---------+---------+----------+-----------+-----------+------+----------+
        |- VITIS_LOOP_151_2  |       67|       67|         5|          1|          1|    64|       yes|
        +--------------------+---------+---------+----------+-----------+-----------+------+----------+



================================================================
== Utilization Estimates
================================================================
* Summary: 
+-----------------+---------+-----+--------+--------+-----+
|       Name      | BRAM_18K| DSP |   FF   |   LUT  | URAM|
+-----------------+---------+-----+--------+--------+-----+
|DSP              |        -|    1|       -|       -|    -|
|Expression       |        -|    -|       0|      31|    -|
|FIFO             |        -|    -|       -|       -|    -|
|Instance         |        -|    -|       -|       -|    -|
|Memory           |        -|    -|       -|       -|    -|
|Multiplexer      |        -|    -|       0|      54|    -|
|Register         |        -|    -|      97|      32|    -|
+-----------------+---------+-----+--------+--------+-----+
|Total            |        0|    1|      97|     117|    0|
+-----------------+---------+-----+--------+--------+-----+
|Available        |      890|  840|  407600|  203800|    0|
+-----------------+---------+-----+--------+--------+-----+
|Utilization (%)  |        0|   ~0|      ~0|      ~0|    0|
+-----------------+---------+-----+--------+--------+-----+

+ Detail: 
    * Instance: 
    N/A

    * DSP: 
    +-------------------------------------+-------------------------------+--------------+
    |               Instance              |             Module            |  Expression  |
    +-------------------------------------+-------------------------------+--------------+
    |mac_muladd_16s_4ns_26s_26_4_1_U1556  |mac_muladd_16s_4ns_26s_26_4_1  |  i0 + i1 * i2|
    +-------------------------------------+-------------------------------+--------------+

    * Memory: 
    N/A

    * FIFO: 
    N/A

    * Expression: 
    +----------------------+----------+----+---+----+------------+------------+
    |     Variable Name    | Operation| DSP| FF| LUT| Bitwidth P0| Bitwidth P1|
    +----------------------+----------+----+---+----+------------+------------+
    |add_ln151_fu_106_p2   |         +|   0|  0|  14|           7|           1|
    |icmp_ln151_fu_100_p2  |      icmp|   0|  0|  15|           7|           8|
    |ap_enable_pp0         |       xor|   0|  0|   2|           1|           2|
    +----------------------+----------+----+---+----+------------+------------+
    |Total                 |          |   0|  0|  31|          15|          11|
    +----------------------+----------+----+---+----+------------+------------+

    * Multiplexer: 
    +-----------------------------+----+-----------+-----+-----------+
    |             Name            | LUT| Input Size| Bits| Total Bits|
    +-----------------------------+----+-----------+-----+-----------+
    |acc_fu_46                    |   9|          2|   16|         32|
    |ap_done_int                  |   9|          2|    1|          2|
    |ap_enable_reg_pp0_iter1      |   9|          2|    1|          2|
    |ap_sig_allocacmp_acc_load_1  |   9|          2|   16|         32|
    |ap_sig_allocacmp_i_7         |   9|          2|    7|         14|
    |i_fu_50                      |   9|          2|    7|         14|
    +-----------------------------+----+-----------+-----+-----------+
    |Total                        |  54|         12|   48|         96|
    +-----------------------------+----+-----------+-----+-----------+

    * Register: 
    +----------------------------------+----+----+-----+-----------+
    |               Name               | FF | LUT| Bits| Const Bits|
    +----------------------------------+----+----+-----+-----------+
    |acc_fu_46                         |  16|   0|   16|          0|
    |ap_CS_fsm                         |   1|   0|    1|          0|
    |ap_done_reg                       |   1|   0|    1|          0|
    |ap_enable_reg_pp0_iter1           |   1|   0|    1|          0|
    |ap_enable_reg_pp0_iter2           |   1|   0|    1|          0|
    |ap_enable_reg_pp0_iter3           |   1|   0|    1|          0|
    |ap_enable_reg_pp0_iter4           |   1|   0|    1|          0|
    |ap_loop_exit_ready_pp0_iter1_reg  |   1|   0|    1|          0|
    |ap_loop_exit_ready_pp0_iter2_reg  |   1|   0|    1|          0|
    |ap_loop_exit_ready_pp0_iter3_reg  |   1|   0|    1|          0|
    |i_fu_50                           |   7|   0|    7|          0|
    |icmp_ln151_reg_184                |   1|   0|    1|          0|
    |icmp_ln151_reg_184                |  64|  32|    1|          0|
    +----------------------------------+----+----+-----+-----------+
    |Total                             |  97|  32|   34|          0|
    +----------------------------------+----+----+-----+-----------+



================================================================
== Interface
================================================================
* Summary: 
+------------------+-----+-----+------------+------------------------------------------------+--------------+
|     RTL Ports    | Dir | Bits|  Protocol  |                  Source Object                 |    C Type    |
+------------------+-----+-----+------------+------------------------------------------------+--------------+
|ap_clk            |   in|    1|  ap_ctrl_hs|  task_detection_accel_Pipeline_VITIS_LOOP_151_2|  return value|
|ap_rst            |   in|    1|  ap_ctrl_hs|  task_detection_accel_Pipeline_VITIS_LOOP_151_2|  return value|
|ap_start          |   in|    1|  ap_ctrl_hs|  task_detection_accel_Pipeline_VITIS_LOOP_151_2|  return value|
|ap_done           |  out|    1|  ap_ctrl_hs|  task_detection_accel_Pipeline_VITIS_LOOP_151_2|  return value|
|ap_idle           |  out|    1|  ap_ctrl_hs|  task_detection_accel_Pipeline_VITIS_LOOP_151_2|  return value|
|ap_ready          |  out|    1|  ap_ctrl_hs|  task_detection_accel_Pipeline_VITIS_LOOP_151_2|  return value|
|l3_out_address0   |  out|    6|   ap_memory|                                          l3_out|         array|
|l3_out_ce0        |  out|    1|   ap_memory|                                          l3_out|         array|
|l3_out_q0         |   in|   16|   ap_memory|                                          l3_out|         array|
|acc_out           |  out|   16|      ap_vld|                                         acc_out|       pointer|
|acc_out_ap_vld    |  out|    1|      ap_vld|                                         acc_out|       pointer|
|weights_address0  |  out|    6|   ap_memory|                                         weights|         array|
|weights_ce0       |  out|    1|   ap_memory|                                         weights|         array|
|weights_q0        |   in|    4|   ap_memory|                                         weights|         array|
+------------------+-----+-----+------------+------------------------------------------------+--------------+

============================================================
+ Verbose Summary: Synthesis Manager
============================================================
InlineROM: 1
ExposeGlobal: 0
============================================================
+ Verbose Summary: CDFG Model
============================================================
IsTopModel: 0
ResetActiveHigh: 1
IsCombinational: 2
IsDatapathOnly: 2
HasWiredReturn: 1
HasMFsm: 2
HasVarLatency: 1
IsPipeline: 0
IsRtlPipelined: 0
IsInstanceOverlapped: 0
IsDontTouch: 0
HasImplIP: 0
IsGatedGlobalClock: 0

+ Individual pipeline summary: 
  * Pipeline-0: initiation interval (II) = 1, depth = 5


============================================================
+ Verbose Summary: Schedule
============================================================
* Number of FSM states : 5
* Pipeline : 1
  Pipeline-0 : II = 1, D = 5, States = { 1 2 3 4 5 }
* Dataflow Pipeline: 0

* FSM state transitions: 
1 --> 2 
2 --> 3 
3 --> 4 
4 --> 5 
5 --> 

* FSM state operations: 

State 1 <SV = 0> <Delay = 3.09>
ST_1 : Operation 8 [1/1] (0.00ns)   --->   "%acc = alloca i32 1" [../task_detection_tpu/tpu_accel.cpp:150->../task_detection_tpu/tpu_accel.cpp:182]   --->   Operation 8 'alloca' 'acc' <Predicate = true> <Delay = 0.00>
ST_1 : Operation 9 [1/1] (0.00ns)   --->   "%i = alloca i32 1" [../task_detection_tpu/tpu_accel.cpp:151->../task_detection_tpu/tpu_accel.cpp:182]   --->   Operation 9 'alloca' 'i' <Predicate = true> <Delay = 0.00>
ST_1 : Operation 10 [1/1] (0.83ns)   --->   "%store_ln151 = store i7 0, i7 %i" [../task_detection_tpu/tpu_accel.cpp:151->../task_detection_tpu/tpu_accel.cpp:182]   --->   Operation 10 'store' 'store_ln151' <Predicate = true> <Delay = 0.83>
ST_1 : Operation 11 [1/1] (0.83ns)   --->   "%store_ln150 = store i16 0, i16 %acc" [../task_detection_tpu/tpu_accel.cpp:150->../task_detection_tpu/tpu_accel.cpp:182]   --->   Operation 11 'store' 'store_ln150' <Predicate = true> <Delay = 0.83>
ST_1 : Operation 12 [1/1] (0.00ns)   --->   "%br_ln0 = br void %for.body5.i"   --->   Operation 12 'br' 'br_ln0' <Predicate = true> <Delay = 0.00>
ST_1 : Operation 13 [1/1] (0.00ns)   --->   "%i_7 = load i7 %i" [../task_detection_tpu/tpu_accel.cpp:151->../task_detection_tpu/tpu_accel.cpp:182]   --->   Operation 13 'load' 'i_7' <Predicate = true> <Delay = 0.00>
ST_1 : Operation 14 [1/1] (1.27ns)   --->   "%icmp_ln151 = icmp_eq  i7 %i_7, i7 64" [../task_detection_tpu/tpu_accel.cpp:151->../task_detection_tpu/tpu_accel.cpp:182]   --->   Operation 14 'icmp' 'icmp_ln151' <Predicate = true> <Delay = 1.27> <CoreInst = "Cmp">   --->   Core 9 'Cmp' <Latency = 0> <II = 1> <Delay = 1.35> <FuncUnit> <Opcode : 'seteq' 'setne' 'setle' 'setge' 'setlt' 'setgt'> <InPorts = 2> <OutPorts = 1>
ST_1 : Operation 15 [1/1] (1.27ns)   --->   "%add_ln151 = add i7 %i_7, i7 1" [../task_detection_tpu/tpu_accel.cpp:151->../task_detection_tpu/tpu_accel.cpp:182]   --->   Operation 15 'add' 'add_ln151' <Predicate = true> <Delay = 1.27> <CoreInst = "Adder">   --->   Core 1 'Adder' <Latency = 0> <II = 1> <Delay = 1.27> <FuncUnit> <Opcode : 'add' 'sub'> <InPorts = 2> <OutPorts = 1>
ST_1 : Operation 16 [1/1] (0.00ns)   --->   "%br_ln151 = br i1 %icmp_ln151, void %for.body5.i.split, void %_Z14scalar_layer_4P8ap_fixedILi16ELi6EL9ap_q_mode5EL9ap_o_mode3ELi0EERS2_.exit_ifconv.exitStub" [../task_detection_tpu/tpu_accel.cpp:151->../task_detection_tpu/tpu_accel.cpp:182]   --->   Operation 16 'br' 'br_ln151' <Predicate = true> <Delay = 0.00>
ST_1 : Operation 17 [1/1] (0.00ns)   --->   "%zext_ln151 = zext i7 %i_7" [../task_detection_tpu/tpu_accel.cpp:151->../task_detection_tpu/tpu_accel.cpp:182]   --->   Operation 17 'zext' 'zext_ln151' <Predicate = (!icmp_ln151)> <Delay = 0.00>
ST_1 : Operation 18 [1/1] (0.00ns)   --->   "%l3_out_addr = getelementptr i16 %l3_out, i64 0, i64 %zext_ln151" [../task_detection_tpu/tpu_accel.cpp:153->../task_detection_tpu/tpu_accel.cpp:182]   --->   Operation 18 'getelementptr' 'l3_out_addr' <Predicate = (!icmp_ln151)> <Delay = 0.00>
ST_1 : Operation 19 [2/2] (2.26ns)   --->   "%l3_out_load = load i6 %l3_out_addr" [../task_detection_tpu/tpu_accel.cpp:153->../task_detection_tpu/tpu_accel.cpp:182]   --->   Operation 19 'load' 'l3_out_load' <Predicate = (!icmp_ln151)> <Delay = 2.26> <CoreInst = "RAM">   --->   Core 81 'RAM' <Latency = 1> <II = 1> <Delay = 2.26> <Storage> <Opcode : 'load' 'store'> <Ports = 2> <Width = 16> <Depth = 64> <RAM>
ST_1 : Operation 20 [1/1] (0.00ns)   --->   "%weights_addr = getelementptr i4 %weights, i64 0, i64 %zext_ln151" [../task_detection_tpu/tpu_accel.cpp:153->../task_detection_tpu/tpu_accel.cpp:182]   --->   Operation 20 'getelementptr' 'weights_addr' <Predicate = (!icmp_ln151)> <Delay = 0.00>
ST_1 : Operation 21 [2/2] (1.14ns)   --->   "%weights_load = load i6 %weights_addr" [../task_detection_tpu/tpu_accel.cpp:153->../task_detection_tpu/tpu_accel.cpp:182]   --->   Operation 21 'load' 'weights_load' <Predicate = (!icmp_ln151)> <Delay = 1.14> <CoreInst = "RAM">   --->   Core 81 'RAM' <Latency = 1> <II = 1> <Delay = 1.14> <Storage> <Opcode : 'load' 'store'> <Ports = 2> <Width = 4> <Depth = 64> <RAM>
ST_1 : Operation 22 [1/1] (0.83ns)   --->   "%store_ln151 = store i7 %add_ln151, i7 %i" [../task_detection_tpu/tpu_accel.cpp:151->../task_detection_tpu/tpu_accel.cpp:182]   --->   Operation 22 'store' 'store_ln151' <Predicate = (!icmp_ln151)> <Delay = 0.83>

State 2 <SV = 1> <Delay = 3.28>
ST_2 : Operation 23 [1/2] ( I:2.26ns O:2.26ns )   --->   "%l3_out_load = load i6 %l3_out_addr" [../task_detection_tpu/tpu_accel.cpp:153->../task_detection_tpu/tpu_accel.cpp:182]   --->   Operation 23 'load' 'l3_out_load' <Predicate = true> <Delay = 2.26> <CoreInst = "RAM">   --->   Core 81 'RAM' <Latency = 1> <II = 1> <Delay = 2.26> <Storage> <Opcode : 'load' 'store'> <Ports = 2> <Width = 16> <Depth = 64> <RAM>
ST_2 : Operation 24 [1/1] (0.00ns)   --->   "%sext_ln153 = sext i16 %l3_out_load" [../task_detection_tpu/tpu_accel.cpp:153->../task_detection_tpu/tpu_accel.cpp:182]   --->   Operation 24 'sext' 'sext_ln153' <Predicate = true> <Delay = 0.00>
ST_2 : Operation 25 [1/2] ( I:1.14ns O:1.14ns )   --->   "%weights_load = load i6 %weights_addr" [../task_detection_tpu/tpu_accel.cpp:153->../task_detection_tpu/tpu_accel.cpp:182]   --->   Operation 25 'load' 'weights_load' <Predicate = true> <Delay = 1.14> <CoreInst = "RAM">   --->   Core 81 'RAM' <Latency = 1> <II = 1> <Delay = 1.14> <Storage> <Opcode : 'load' 'store'> <Ports = 2> <Width = 4> <Depth = 64> <RAM>
ST_2 : Operation 26 [1/1] (0.00ns)   --->   "%zext_ln153 = zext i4 %weights_load" [../task_detection_tpu/tpu_accel.cpp:153->../task_detection_tpu/tpu_accel.cpp:182]   --->   Operation 26 'zext' 'zext_ln153' <Predicate = true> <Delay = 0.00>
ST_2 : Operation 27 [3/3] (1.02ns) (grouped into DSP with root node add_ln153)   --->   "%mul_ln153 = mul i20 %zext_ln153, i20 %sext_ln153" [../task_detection_tpu/tpu_accel.cpp:153->../task_detection_tpu/tpu_accel.cpp:182]   --->   Operation 27 'mul' 'mul_ln153' <Predicate = true> <Delay = 1.02> <CoreInst = "DSP48">   --->   Core 116 'DSP48' <Latency = 3> <II = 1> <Delay = 1.54> <IPBlock> <Opcode : 'add' 'sub' 'mul' 'select'> <InPorts = 0> <OutPorts = 1> <Sync> <CReg>

State 3 <SV = 2> <Delay = 1.02>
ST_3 : Operation 28 [2/3] (1.02ns) (grouped into DSP with root node add_ln153)   --->   "%mul_ln153 = mul i20 %zext_ln153, i20 %sext_ln153" [../task_detection_tpu/tpu_accel.cpp:153->../task_detection_tpu/tpu_accel.cpp:182]   --->   Operation 28 'mul' 'mul_ln153' <Predicate = true> <Delay = 1.02> <CoreInst = "DSP48">   --->   Core 116 'DSP48' <Latency = 3> <II = 1> <Delay = 1.54> <IPBlock> <Opcode : 'add' 'sub' 'mul' 'select'> <InPorts = 0> <OutPorts = 1> <Sync> <CReg>

State 4 <SV = 3> <Delay = 1.49>
ST_4 : Operation 29 [1/1] (0.00ns)   --->   "%acc_load_1 = load i16 %acc" [../task_detection_tpu/tpu_accel.cpp:153->../task_detection_tpu/tpu_accel.cpp:182]   --->   Operation 29 'load' 'acc_load_1' <Predicate = true> <Delay = 0.00>
ST_4 : Operation 30 [1/3] (0.00ns) (grouped into DSP with root node add_ln153)   --->   "%mul_ln153 = mul i20 %zext_ln153, i20 %sext_ln153" [../task_detection_tpu/tpu_accel.cpp:153->../task_detection_tpu/tpu_accel.cpp:182]   --->   Operation 30 'mul' 'mul_ln153' <Predicate = true> <Delay = 0.00> <CoreInst = "DSP48">   --->   Core 116 'DSP48' <Latency = 3> <II = 1> <Delay = 1.54> <IPBlock> <Opcode : 'add' 'sub' 'mul' 'select'> <InPorts = 0> <OutPorts = 1> <Sync> <CReg>
ST_4 : Operation 31 [1/1] (0.00ns)   --->   "%shl_ln5 = bitconcatenate i26 @_ssdm_op_BitConcatenate.i26.i16.i10, i16 %acc_load_1, i10 0" [../task_detection_tpu/tpu_accel.cpp:153->../task_detection_tpu/tpu_accel.cpp:182]   --->   Operation 31 'bitconcatenate' 'shl_ln5' <Predicate = true> <Delay = 0.00>
ST_4 : Operation 32 [1/1] (0.00ns) (grouped into DSP with root node add_ln153)   --->   "%sext_ln153_1 = sext i20 %mul_ln153" [../task_detection_tpu/tpu_accel.cpp:153->../task_detection_tpu/tpu_accel.cpp:182]   --->   Operation 32 'sext' 'sext_ln153_1' <Predicate = true> <Delay = 0.00>
ST_4 : Operation 33 [2/2] (1.49ns) (root node of the DSP)   --->   "%add_ln153 = add i26 %shl_ln5, i26 %sext_ln153_1" [../task_detection_tpu/tpu_accel.cpp:153->../task_detection_tpu/tpu_accel.cpp:182]   --->   Operation 33 'add' 'add_ln153' <Predicate = true> <Delay = 1.49> <CoreInst = "DSP48">   --->   Core 116 'DSP48' <Latency = 3> <II = 1> <Delay = 1.54> <IPBlock> <Opcode : 'add' 'sub' 'mul' 'select'> <InPorts = 0> <OutPorts = 1> <Sync> <CReg>
ST_4 : Operation 41 [1/1] (0.00ns)   --->   "%acc_load = load i16 %acc"   --->   Operation 41 'load' 'acc_load' <Predicate = (icmp_ln151)> <Delay = 0.00>
ST_4 : Operation 42 [1/1] (0.00ns)   --->   "%write_ln0 = write void @_ssdm_op_Write.ap_auto.i16P0A, i16 %acc_out, i16 %acc_load"   --->   Operation 42 'write' 'write_ln0' <Predicate = (icmp_ln151)> <Delay = 0.00>
ST_4 : Operation 43 [1/1] (0.83ns)   --->   "%ret_ln0 = ret"   --->   Operation 43 'ret' 'ret_ln0' <Predicate = (icmp_ln151)> <Delay = 0.83>

State 5 <SV = 4> <Delay = 3.81>
ST_5 : Operation 34 [1/1] (0.00ns)   --->   "%specpipeline_ln152 = specpipeline void @_ssdm_op_SpecPipeline, i32 1, i32 0, i32 0, i32 0, i32 4294967295, void @empty_22" [../task_detection_tpu/tpu_accel.cpp:152->../task_detection_tpu/tpu_accel.cpp:182]   --->   Operation 34 'specpipeline' 'specpipeline_ln152' <Predicate = true> <Delay = 0.00>
ST_5 : Operation 35 [1/1] (0.00ns)   --->   "%speclooptripcount_ln150 = speclooptripcount void @_ssdm_op_SpecLoopTripCount, i64 64, i64 64, i64 64" [../task_detection_tpu/tpu_accel.cpp:150->../task_detection_tpu/tpu_accel.cpp:182]   --->   Operation 35 'speclooptripcount' 'speclooptripcount_ln150' <Predicate = true> <Delay = 0.00>
ST_5 : Operation 36 [1/1] (0.00ns)   --->   "%specloopname_ln151 = specloopname void @_ssdm_op_SpecLoopName, void @empty_2" [../task_detection_tpu/tpu_accel.cpp:151->../task_detection_tpu/tpu_accel.cpp:182]   --->   Operation 36 'specloopname' 'specloopname_ln151' <Predicate = true> <Delay = 0.00>
ST_5 : Operation 37 [1/2] (1.49ns) (root node of the DSP)   --->   "%add_ln153 = add i26 %shl_ln5, i26 %sext_ln153_1" [../task_detection_tpu/tpu_accel.cpp:153->../task_detection_tpu/tpu_accel.cpp:182]   --->   Operation 37 'add' 'add_ln153' <Predicate = true> <Delay = 1.49> <CoreInst = "DSP48">   --->   Core 116 'DSP48' <Latency = 3> <II = 1> <Delay = 1.54> <IPBlock> <Opcode : 'add' 'sub' 'mul' 'select'> <InPorts = 0> <OutPorts = 1> <Sync> <CReg>
ST_5 : Operation 38 [1/1] (0.00ns)   --->   "%acc_1 = partselect i16 @_ssdm_op_PartSelect.i16.i26.i32.i32, i26 %add_ln153, i32 10, i32 25" [../task_detection_tpu/tpu_accel.cpp:153->../task_detection_tpu/tpu_accel.cpp:182]   --->   Operation 38 'partselect' 'acc_1' <Predicate = true> <Delay = 0.00>
ST_5 : Operation 39 [1/1] (0.83ns)   --->   "%store_ln150 = store i16 %acc_1, i16 %acc" [../task_detection_tpu/tpu_accel.cpp:150->../task_detection_tpu/tpu_accel.cpp:182]   --->   Operation 39 'store' 'store_ln150' <Predicate = true> <Delay = 0.83>
ST_5 : Operation 40 [1/1] (0.00ns)   --->   "%br_ln151 = br void %for.body5.i" [../task_detection_tpu/tpu_accel.cpp:151->../task_detection_tpu/tpu_accel.cpp:182]   --->   Operation 40 'br' 'br_ln151' <Predicate = true> <Delay = 0.00>


============================================================
+ Verbose Summary: Binding
============================================================
STG Binding: 
---------------- STG Properties BEGIN ----------------
- Is combinational: 0
- Is one-state seq: 0
- Is datapath-only: 0
- Is pipelined: 0
- Is top level: 0
Port [ Return ] is wired: 1; IO mode=ap_ctrl_hs:ce=0
Port [ l3_out]:  wired=1; compound=1; hidden=0; nouse=0; global=0; static=0; extern=0; dir=0; type=1; pingpong=0; private_global=0; MemPort=[13]; IO mode=ap_memory:ce=0
Port [ acc_out]:  wired=1; compound=0; hidden=0; nouse=0; global=0; static=0; extern=0; dir=1; type=0; pingpong=0; private_global=0; IO mode=ap_vld:ce=0
Port [ weights]:  wired=1; compound=1; hidden=0; nouse=0; global=1; static=1; extern=0; dir=0; type=1; pingpong=0; private_global=0; MemPort=[13]; IO mode=ap_memory:ce=0
---------------- STG Properties END ------------------

---------------- Datapath Model BEGIN ----------------

<LifeTime>
<method=bitvector/>
acc                     (alloca           ) [ 011111]
i                       (alloca           ) [ 010000]
store_ln151             (store            ) [ 000000]
store_ln150             (store            ) [ 000000]
br_ln0                  (br               ) [ 000000]
i_7                     (load             ) [ 000000]
icmp_ln151              (icmp             ) [ 011110]
add_ln151               (add              ) [ 000000]
br_ln151                (br               ) [ 000000]
zext_ln151              (zext             ) [ 000000]
l3_out_addr             (getelementptr    ) [ 011000]
weights_addr            (getelementptr    ) [ 011000]
store_ln151             (store            ) [ 000000]
l3_out_load             (load             ) [ 000000]
sext_ln153              (sext             ) [ 010110]
weights_load            (load             ) [ 000000]
zext_ln153              (zext             ) [ 010110]
acc_load_1              (load             ) [ 000000]
mul_ln153               (mul              ) [ 000000]
shl_ln5                 (bitconcatenate   ) [ 010001]
sext_ln153_1            (sext             ) [ 010001]
specpipeline_ln152      (specpipeline     ) [ 000000]
speclooptripcount_ln150 (speclooptripcount) [ 000000]
specloopname_ln151      (specloopname     ) [ 000000]
add_ln153               (add              ) [ 000000]
acc_1                   (partselect       ) [ 000000]
store_ln150             (store            ) [ 000000]
br_ln151                (br               ) [ 000000]
acc_load                (load             ) [ 000000]
write_ln0               (write            ) [ 000000]
ret_ln0                 (ret              ) [ 000000]
</LifeTime>

<model>

<comp_list>
<comp id="0" class="1000" name="l3_out">
<pin_list>
<pin id="1" dir="1" index="0" bw="1" slack="0"/>
</pin_list>
<bind>
<StgValue><ssdm name="l3_out"/><MemPortTyVec>1 3 </MemPortTyVec>
</StgValue>
</bind>
</comp>

<comp id="2" class="1000" name="acc_out">
<pin_list>
<pin id="3" dir="1" index="0" bw="1" slack="0"/>
</pin_list>
<bind>
<StgValue><ssdm name="acc_out"/></StgValue>
</bind>
</comp>

<comp id="4" class="1000" name="weights">
<pin_list>
<pin id="5" dir="1" index="0" bw="1" slack="0"/>
</pin_list>
<bind>
<StgValue><ssdm name="weights"/><MemPortTyVec>1 3 </MemPortTyVec>
</StgValue>
</bind>
</comp>

<comp id="6" class="1001" name="const_6">
<pin_list>
<pin id="7" dir="1" index="0" bw="1" slack="0"/>
</pin_list>
<bind>
<StgValue><ssdm name=""/></StgValue>
</bind>
</comp>

<comp id="8" class="1001" name="const_8">
<pin_list>
<pin id="9" dir="1" index="0" bw="1" slack="0"/>
</pin_list>
<bind>
<StgValue><ssdm name=""/></StgValue>
</bind>
</comp>

<comp id="10" class="1001" name="const_10">
<pin_list>
<pin id="11" dir="1" index="0" bw="1" slack="0"/>
</pin_list>
<bind>
<StgValue><ssdm name=""/></StgValue>
</bind>
</comp>

<comp id="12" class="1001" name="const_12">
<pin_list>
<pin id="13" dir="1" index="0" bw="1" slack="0"/>
</pin_list>
<bind>
<StgValue><ssdm name=""/></StgValue>
</bind>
</comp>

<comp id="14" class="1001" name="const_14">
<pin_list>
<pin id="15" dir="1" index="0" bw="1" slack="0"/>
</pin_list>
<bind>
<StgValue><ssdm name=""/></StgValue>
</bind>
</comp>

<comp id="16" class="1001" name="const_16">
<pin_list>
<pin id="17" dir="1" index="0" bw="1" slack="0"/>
</pin_list>
<bind>
<StgValue><ssdm name=""/></StgValue>
</bind>
</comp>

<comp id="18" class="1001" name="const_18">
<pin_list>
<pin id="19" dir="1" index="0" bw="1" slack="0"/>
</pin_list>
<bind>
<StgValue><ssdm name="_ssdm_op_BitConcatenate.i26.i16.i10"/></StgValue>
</bind>
</comp>

<comp id="20" class="1001" name="const_20">
<pin_list>
<pin id="21" dir="1" index="0" bw="1" slack="0"/>
</pin_list>
<bind>
<StgValue><ssdm name=""/></StgValue>
</bind>
</comp>

<comp id="22" class="1001" name="const_22">
<pin_list>
<pin id="23" dir="1" index="0" bw="1" slack="2147483647"/>
</pin_list>
<bind>
<StgValue><ssdm name="_ssdm_op_SpecPipeline"/></StgValue>
</bind>
</comp>

<comp id="24" class="1001" name="const_24">
<pin_list>
<pin id="25" dir="1" index="0" bw="1" slack="2147483647"/>
</pin_list>
<bind>
<StgValue><ssdm name=""/></StgValue>
</bind>
</comp>

<comp id="26" class="1001" name="const_26">
<pin_list>
<pin id="27" dir="1" index="0" bw="1" slack="2147483647"/>
</pin_list>
<bind>
<StgValue><ssdm name=""/></StgValue>
</bind>
</comp>

<comp id="28" class="1001" name="const_28">
<pin_list>
<pin id="29" dir="1" index="0" bw="1" slack="2147483647"/>
</pin_list>
<bind>
<StgValue><ssdm name="empty_22"/></StgValue>
</bind>
</comp>

<comp id="30" class="1001" name="const_30">
<pin_list>
<pin id="31" dir="1" index="0" bw="1" slack="2147483647"/>
</pin_list>
<bind>
<StgValue><ssdm name="_ssdm_op_SpecLoopTripCount"/></StgValue>
</bind>
</comp>

<comp id="32" class="1001" name="const_32">
<pin_list>
<pin id="33" dir="1" index="0" bw="1" slack="2147483647"/>
</pin_list>
<bind>
<StgValue><ssdm name=""/></StgValue>
</bind>
</comp>

<comp id="34" class="1001" name="const_34">
<pin_list>
<pin id="35" dir="1" index="0" bw="1" slack="2147483647"/>
</pin_list>
<bind>
<StgValue><ssdm name="_ssdm_op_SpecLoopName"/></StgValue>
</bind>
</comp>

<comp id="36" class="1001" name="const_36">
<pin_list>
<pin id="37" dir="1" index="0" bw="1" slack="2147483647"/>
</pin_list>
<bind>
<StgValue><ssdm name="empty_2"/></StgValue>
</bind>
</comp>

<comp id="38" class="1001" name="const_38">
<pin_list>
<pin id="39" dir="1" index="0" bw="1" slack="0"/>
</pin_list>
<bind>
<StgValue><ssdm name="_ssdm_op_PartSelect.i16.i26.i32.i32"/></StgValue>
</bind>
</comp>

<comp id="40" class="1001" name="const_40">
<pin_list>
<pin id="41" dir="1" index="0" bw="1" slack="0"/>
</pin_list>
<bind>
<StgValue><ssdm name=""/></StgValue>
</bind>
</comp>

<comp id="42" class="1001" name="const_42">
<pin_list>
<pin id="43" dir="1" index="0" bw="1" slack="0"/>
</pin_list>
<bind>
<StgValue><ssdm name=""/></StgValue>
</bind>
</comp>

<comp id="44" class="1001" name="const_44">
<pin_list>
<pin id="45" dir="1" index="0" bw="1" slack="0"/>
</pin_list>
<bind>
<StgValue><ssdm name="_ssdm_op_Write.ap_auto.i16P0A"/></StgValue>
</bind>
</comp>

<comp id="46" class="1004" name="acc_fu_46">
<pin_list>
<pin id="47" dir="0" index="0" bw="1" slack="0"/>
<pin id="48" dir="1" index="1" bw="16" slack="0"/>
</pin_list>
<bind>
<opcode="alloca(26) " fcode="alloca"/>
<opset="acc/1 "/>
</bind>
</comp>

<comp id="50" class="1004" name="i_fu_50">
<pin_list>
<pin id="51" dir="0" index="0" bw="1" slack="0"/>
<pin id="52" dir="1" index="1" bw="7" slack="0"/>
</pin_list>
<bind>
<opcode="alloca(26) " fcode="alloca"/>
<opset="i/1 "/>
</bind>
</comp>

<comp id="54" class="1004" name="write_ln0_write_fu_54">
<pin_list>
<pin id="55" dir="0" index="0" bw="0" slack="0"/>
<pin id="56" dir="0" index="1" bw="16" slack="0"/>
<pin id="57" dir="0" index="2" bw="16" slack="0"/>
<pin id="58" dir="1" index="3" bw="0" slack="2147483647"/>
</pin_list>
<bind>
<opcode="write(1151) " fcode="write"/>
<opset="write_ln0/4 "/>
</bind>
</comp>

<comp id="61" class="1004" name="l3_out_addr_gep_fu_61">
<pin_list>
<pin id="62" dir="0" index="0" bw="16" slack="0"/>
<pin id="63" dir="0" index="1" bw="1" slack="0"/>
<pin id="64" dir="0" index="2" bw="7" slack="0"/>
<pin id="65" dir="1" index="3" bw="6" slack="0"/>
</pin_list>
<bind>
<opcode="getelementptr(29) " fcode="getelementptr"/>
<opset="l3_out_addr/1 "/>
</bind>
</comp>

<comp id="68" class="1004" name="grp_access_fu_68">
<pin_list>
<pin id="69" dir="0" index="0" bw="6" slack="0"/>
<pin id="70" dir="0" index="1" bw="16" slack="2147483647"/>
<pin id="71" dir="0" index="2" bw="0" slack="2147483647"/>
<pin id="72" dir="1" index="3" bw="16" slack="0"/>
</pin_list>
<bind>
<opcode="load(27) " fcode="load"/>
<opset="l3_out_load/1 "/>
</bind>
</comp>

<comp id="74" class="1004" name="weights_addr_gep_fu_74">
<pin_list>
<pin id="75" dir="0" index="0" bw="4" slack="0"/>
<pin id="76" dir="0" index="1" bw="1" slack="0"/>
<pin id="77" dir="0" index="2" bw="7" slack="0"/>
<pin id="78" dir="1" index="3" bw="6" slack="0"/>
</pin_list>
<bind>
<opcode="getelementptr(29) " fcode="getelementptr"/>
<opset="weights_addr/1 "/>
</bind>
</comp>

<comp id="81" class="1004" name="grp_access_fu_81">
<pin_list>
<pin id="82" dir="0" index="0" bw="6" slack="0"/>
<pin id="83" dir="0" index="1" bw="4" slack="2147483647"/>
<pin id="84" dir="0" index="2" bw="0" slack="2147483647"/>
<pin id="85" dir="1" index="3" bw="4" slack="0"/>
</pin_list>
<bind>
<opcode="load(27) " fcode="load"/>
<opset="weights_load/1 "/>
</bind>
</comp>

<comp id="87" class="1004" name="store_ln151_store_fu_87">
<pin_list>
<pin id="88" dir="0" index="0" bw="1" slack="0"/>
<pin id="89" dir="0" index="1" bw="7" slack="0"/>
<pin id="90" dir="1" index="2" bw="0" slack="2147483647"/>
</pin_list>
<bind>
<opcode="store(28) " fcode="store"/>
<opset="store_ln151/1 "/>
</bind>
</comp>

<comp id="92" class="1004" name="store_ln150_store_fu_92">
<pin_list>
<pin id="93" dir="0" index="0" bw="1" slack="0"/>
<pin id="94" dir="0" index="1" bw="16" slack="0"/>
<pin id="95" dir="1" index="2" bw="0" slack="2147483647"/>
</pin_list>
<bind>
<opcode="store(28) " fcode="store"/>
<opset="store_ln150/1 "/>
</bind>
</comp>

<comp id="97" class="1004" name="i_7_load_fu_97">
<pin_list>
<pin id="98" dir="0" index="0" bw="7" slack="0"/>
<pin id="99" dir="1" index="1" bw="7" slack="0"/>
</pin_list>
<bind>
<opcode="load(27) " fcode="load"/>
<opset="i_7/1 "/>
</bind>
</comp>

<comp id="100" class="1004" name="icmp_ln151_fu_100">
<pin_list>
<pin id="101" dir="0" index="0" bw="7" slack="0"/>
<pin id="102" dir="0" index="1" bw="7" slack="0"/>
<pin id="103" dir="1" index="2" bw="1" slack="3"/>
</pin_list>
<bind>
<opcode="icmp(45) " fcode="icmp"/>
<opset="icmp_ln151/1 "/>
</bind>
</comp>

<comp id="106" class="1004" name="add_ln151_fu_106">
<pin_list>
<pin id="107" dir="0" index="0" bw="7" slack="0"/>
<pin id="108" dir="0" index="1" bw="1" slack="0"/>
<pin id="109" dir="1" index="2" bw="7" slack="0"/>
</pin_list>
<bind>
<opcode="add(8) " fcode="add"/>
<opset="add_ln151/1 "/>
</bind>
</comp>

<comp id="112" class="1004" name="zext_ln151_fu_112">
<pin_list>
<pin id="113" dir="0" index="0" bw="7" slack="0"/>
<pin id="114" dir="1" index="1" bw="64" slack="0"/>
</pin_list>
<bind>
<opcode="zext(34) " fcode="zext"/>
<opset="zext_ln151/1 "/>
</bind>
</comp>

<comp id="118" class="1004" name="store_ln151_store_fu_118">
<pin_list>
<pin id="119" dir="0" index="0" bw="7" slack="0"/>
<pin id="120" dir="0" index="1" bw="7" slack="0"/>
<pin id="121" dir="1" index="2" bw="0" slack="2147483647"/>
</pin_list>
<bind>
<opcode="store(28) " fcode="store"/>
<opset="store_ln151/1 "/>
</bind>
</comp>

<comp id="123" class="1004" name="sext_ln153_fu_123">
<pin_list>
<pin id="124" dir="0" index="0" bw="16" slack="0"/>
<pin id="125" dir="1" index="1" bw="20" slack="0"/>
</pin_list>
<bind>
<opcode="sext(35) " fcode="sext"/>
<opset="sext_ln153/2 "/>
</bind>
</comp>

<comp id="127" class="1004" name="zext_ln153_fu_127">
<pin_list>
<pin id="128" dir="0" index="0" bw="4" slack="0"/>
<pin id="129" dir="1" index="1" bw="20" slack="0"/>
</pin_list>
<bind>
<opcode="zext(34) " fcode="zext"/>
<opset="zext_ln153/2 "/>
</bind>
</comp>

<comp id="131" class="1004" name="acc_load_1_load_fu_131">
<pin_list>
<pin id="132" dir="0" index="0" bw="16" slack="3"/>
<pin id="133" dir="1" index="1" bw="16" slack="0"/>
</pin_list>
<bind>
<opcode="load(27) " fcode="load"/>
<opset="acc_load_1/4 "/>
</bind>
</comp>

<comp id="134" class="1004" name="shl_ln5_fu_134">
<pin_list>
<pin id="135" dir="0" index="0" bw="26" slack="0"/>
<pin id="136" dir="0" index="1" bw="16" slack="0"/>
<pin id="137" dir="0" index="2" bw="1" slack="0"/>
<pin id="138" dir="1" index="3" bw="26" slack="0"/>
</pin_list>
<bind>
<opcode="bitconcatenate(1004) " fcode="bitconcatenate"/>
<opset="shl_ln5/4 "/>
</bind>
</comp>

<comp id="142" class="1004" name="acc_1_fu_142">
<pin_list>
<pin id="143" dir="0" index="0" bw="16" slack="0"/>
<pin id="144" dir="0" index="1" bw="26" slack="0"/>
<pin id="145" dir="0" index="2" bw="5" slack="0"/>
<pin id="146" dir="0" index="3" bw="6" slack="0"/>
<pin id="147" dir="1" index="4" bw="16" slack="0"/>
</pin_list>
<bind>
<opcode="partselect(1002) " fcode="partselect"/>
<opset="acc_1/5 "/>
</bind>
</comp>

<comp id="151" class="1004" name="store_ln150_store_fu_151">
<pin_list>
<pin id="152" dir="0" index="0" bw="16" slack="0"/>
<pin id="153" dir="0" index="1" bw="16" slack="4"/>
<pin id="154" dir="1" index="2" bw="0" slack="2147483647"/>
</pin_list>
<bind>
<opcode="store(28) " fcode="store"/>
<opset="store_ln150/5 "/>
</bind>
</comp>

<comp id="156" class="1004" name="acc_load_load_fu_156">
<pin_list>
<pin id="157" dir="0" index="0" bw="16" slack="3"/>
<pin id="158" dir="1" index="1" bw="16" slack="0"/>
</pin_list>
<bind>
<opcode="load(27) " fcode="load"/>
<opset="acc_load/4 "/>
</bind>
</comp>

<comp id="160" class="1007" name="grp_fu_160">
<pin_list>
<pin id="161" dir="0" index="0" bw="16" slack="0"/>
<pin id="162" dir="0" index="1" bw="4" slack="0"/>
<pin id="163" dir="0" index="2" bw="26" slack="0"/>
<pin id="164" dir="1" index="3" bw="26" slack="0"/>
</pin_list>
<bind>
<opcode="muladd(1172) " fcode="muladd"/>
<opset="mul_ln153/2 sext_ln153_1/4 add_ln153/4 "/>
</bind>
</comp>

<comp id="169" class="1005" name="acc_reg_169">
<pin_list>
<pin id="170" dir="0" index="0" bw="16" slack="0"/>
<pin id="171" dir="1" index="1" bw="16" slack="0"/>
</pin_list>
<bind>
<opset="acc "/>
</bind>
</comp>

<comp id="177" class="1005" name="i_reg_177">
<pin_list>
<pin id="178" dir="0" index="0" bw="7" slack="0"/>
<pin id="179" dir="1" index="1" bw="7" slack="0"/>
</pin_list>
<bind>
<opset="i "/>
</bind>
</comp>

<comp id="184" class="1005" name="icmp_ln151_reg_184">
<pin_list>
<pin id="185" dir="0" index="0" bw="1" slack="3"/>
<pin id="186" dir="1" index="1" bw="1" slack="2147483647"/>
</pin_list>
<bind>
<opset="icmp_ln151 "/>
</bind>
</comp>

<comp id="188" class="1005" name="l3_out_addr_reg_188">
<pin_list>
<pin id="189" dir="0" index="0" bw="6" slack="1"/>
<pin id="190" dir="1" index="1" bw="6" slack="1"/>
</pin_list>
<bind>
<opset="l3_out_addr "/>
</bind>
</comp>

<comp id="193" class="1005" name="weights_addr_reg_193">
<pin_list>
<pin id="194" dir="0" index="0" bw="6" slack="1"/>
<pin id="195" dir="1" index="1" bw="6" slack="1"/>
</pin_list>
<bind>
<opset="weights_addr "/>
</bind>
</comp>

<comp id="198" class="1005" name="sext_ln153_reg_198">
<pin_list>
<pin id="199" dir="0" index="0" bw="20" slack="1"/>
<pin id="200" dir="1" index="1" bw="20" slack="1"/>
</pin_list>
<bind>
<opset="sext_ln153 "/>
</bind>
</comp>

<comp id="203" class="1005" name="zext_ln153_reg_203">
<pin_list>
<pin id="204" dir="0" index="0" bw="20" slack="1"/>
<pin id="205" dir="1" index="1" bw="20" slack="1"/>
</pin_list>
<bind>
<opset="zext_ln153 "/>
</bind>
</comp>

<comp id="208" class="1005" name="shl_ln5_reg_208">
<pin_list>
<pin id="209" dir="0" index="0" bw="26" slack="1"/>
<pin id="210" dir="1" index="1" bw="26" slack="1"/>
</pin_list>
<bind>
<opset="shl_ln5 "/>
</bind>
</comp>

</comp_list>

<net_list>
<net id="49"><net_src comp="6" pin="0"/><net_sink comp="46" pin=0"/></net>

<net id="53"><net_src comp="6" pin="0"/><net_sink comp="50" pin=0"/></net>

<net id="59"><net_src comp="44" pin="0"/><net_sink comp="54" pin=0"/></net>

<net id="60"><net_src comp="2" pin="0"/><net_sink comp="54" pin=1"/></net>

<net id="66"><net_src comp="0" pin="0"/><net_sink comp="61" pin=0"/></net>

<net id="67"><net_src comp="16" pin="0"/><net_sink comp="61" pin=1"/></net>

<net id="73"><net_src comp="61" pin="3"/><net_sink comp="68" pin=0"/></net>

<net id="79"><net_src comp="4" pin="0"/><net_sink comp="74" pin=0"/></net>

<net id="80"><net_src comp="16" pin="0"/><net_sink comp="74" pin=1"/></net>

<net id="86"><net_src comp="74" pin="3"/><net_sink comp="81" pin=0"/></net>

<net id="91"><net_src comp="8" pin="0"/><net_sink comp="87" pin=0"/></net>

<net id="96"><net_src comp="10" pin="0"/><net_sink comp="92" pin=0"/></net>

<net id="104"><net_src comp="97" pin="1"/><net_sink comp="100" pin=0"/></net>

<net id="105"><net_src comp="12" pin="0"/><net_sink comp="100" pin=1"/></net>

<net id="110"><net_src comp="97" pin="1"/><net_sink comp="106" pin=0"/></net>

<net id="111"><net_src comp="14" pin="0"/><net_sink comp="106" pin=1"/></net>

<net id="115"><net_src comp="97" pin="1"/><net_sink comp="112" pin=0"/></net>

<net id="116"><net_src comp="112" pin="1"/><net_sink comp="61" pin=2"/></net>

<net id="117"><net_src comp="112" pin="1"/><net_sink comp="74" pin=2"/></net>

<net id="122"><net_src comp="106" pin="2"/><net_sink comp="118" pin=0"/></net>

<net id="126"><net_src comp="68" pin="3"/><net_sink comp="123" pin=0"/></net>

<net id="130"><net_src comp="81" pin="3"/><net_sink comp="127" pin=0"/></net>

<net id="139"><net_src comp="18" pin="0"/><net_sink comp="134" pin=0"/></net>

<net id="140"><net_src comp="131" pin="1"/><net_sink comp="134" pin=1"/></net>

<net id="141"><net_src comp="20" pin="0"/><net_sink comp="134" pin=2"/></net>

<net id="148"><net_src comp="38" pin="0"/><net_sink comp="142" pin=0"/></net>

<net id="149"><net_src comp="40" pin="0"/><net_sink comp="142" pin=2"/></net>

<net id="150"><net_src comp="42" pin="0"/><net_sink comp="142" pin=3"/></net>

<net id="155"><net_src comp="142" pin="4"/><net_sink comp="151" pin=0"/></net>

<net id="159"><net_src comp="156" pin="1"/><net_sink comp="54" pin=2"/></net>

<net id="165"><net_src comp="127" pin="1"/><net_sink comp="160" pin=0"/></net>

<net id="166"><net_src comp="123" pin="1"/><net_sink comp="160" pin=1"/></net>

<net id="167"><net_src comp="134" pin="3"/><net_sink comp="160" pin=2"/></net>

<net id="168"><net_src comp="160" pin="3"/><net_sink comp="142" pin=1"/></net>

<net id="172"><net_src comp="46" pin="1"/><net_sink comp="169" pin=0"/></net>

<net id="173"><net_src comp="169" pin="1"/><net_sink comp="92" pin=1"/></net>

<net id="174"><net_src comp="169" pin="1"/><net_sink comp="131" pin=0"/></net>

<net id="175"><net_src comp="169" pin="1"/><net_sink comp="151" pin=1"/></net>

<net id="176"><net_src comp="169" pin="1"/><net_sink comp="156" pin=0"/></net>

<net id="180"><net_src comp="50" pin="1"/><net_sink comp="177" pin=0"/></net>

<net id="181"><net_src comp="177" pin="1"/><net_sink comp="87" pin=1"/></net>

<net id="182"><net_src comp="177" pin="1"/><net_sink comp="97" pin=0"/></net>

<net id="183"><net_src comp="177" pin="1"/><net_sink comp="118" pin=1"/></net>

<net id="187"><net_src comp="100" pin="2"/><net_sink comp="184" pin=0"/></net>

<net id="191"><net_src comp="61" pin="3"/><net_sink comp="188" pin=0"/></net>

<net id="192"><net_src comp="188" pin="1"/><net_sink comp="68" pin=0"/></net>

<net id="196"><net_src comp="74" pin="3"/><net_sink comp="193" pin=0"/></net>

<net id="197"><net_src comp="193" pin="1"/><net_sink comp="81" pin=0"/></net>

<net id="201"><net_src comp="123" pin="1"/><net_sink comp="198" pin=0"/></net>

<net id="202"><net_src comp="198" pin="1"/><net_sink comp="160" pin=1"/></net>

<net id="206"><net_src comp="127" pin="1"/><net_sink comp="203" pin=0"/></net>

<net id="207"><net_src comp="203" pin="1"/><net_sink comp="160" pin=0"/></net>

<net id="211"><net_src comp="134" pin="3"/><net_sink comp="208" pin=0"/></net>

<net id="212"><net_src comp="208" pin="1"/><net_sink comp="160" pin=0"/></net>

</net_list>

</model> 
---------------- Datapath Model END ------------------

* FSMD analyzer results:
  - Output states:
	Port: acc_out | {4 }
	Port: weights | {}
 - Input state : 
	Port: task_detection_accel_Pipeline_VITIS_LOOP_151_2 : l3_out | {1 2 }
	Port: task_detection_accel_Pipeline_VITIS_LOOP_151_2 : weights | {1 2 }
  - Chain level:
	State 1
		store_ln151 : 1
		store_ln150 : 1
		i_7 : 1
		icmp_ln151 : 2
		add_ln151 : 2
		br_ln151 : 3
		zext_ln151 : 2
		l3_out_addr : 3
		l3_out_load : 4
		weights_addr : 3
		weights_load : 4
		store_ln151 : 3
	State 2
		sext_ln153 : 1
		zext_ln153 : 1
		mul_ln153 : 2
	State 3
	State 4
		shl_ln5 : 1
		sext_ln153_1 : 1
		add_ln153 : 2
		write_ln0 : 1
	State 5
		acc_1 : 1
		store_ln150 : 2


============================================================
+ Verbose Summary: Datapath Resource usage 
============================================================

* Functional unit list:
|----------|-----------------------|---------|---------|---------|
| Operation|    Functional Unit    |   DSP   |    FF   |   LUT   |
|----------|-----------------------|---------|---------|---------|
|   icmp   |   icmp_ln151_fu_100   |    0    |    0    |    14   |
|----------|-----------------------|---------|---------|---------|
|    add   |    add_ln151_fu_106   |    0    |    0    |    14   |
|----------|-----------------------|---------|---------|---------|
|  muladd  |       grp_fu_160      |    1    |    0    |    0    |
|----------|-----------------------|---------|---------|---------|
|   write  | write_ln0_write_fu_54 |    0    |    0    |    0    |
|----------|-----------------------|---------|---------|---------|
|   zext   |   zext_ln151_fu_112   |    0    |    0    |    0    |
|          |   zext_ln153_fu_127   |    0    |    0    |    0    |
|----------|-----------------------|---------|---------|---------|
|   sext   |   sext_ln153_fu_123   |    0    |    0    |    0    |
|----------|-----------------------|---------|---------|---------|
|bitconcatenate|     shl_ln5_fu_134    |    0    |    0    |    0    |
|----------|-----------------------|---------|---------|---------|
|partselect|      acc_1_fu_142     |    0    |    0    |    0    |
|----------|-----------------------|---------|---------|---------|
|   Total  |                       |    1    |    0    |    28   |
|----------|-----------------------|---------|---------|---------|

Memories:
N/A

* Register list:
+--------------------+--------+
|                    |   FF   |
+--------------------+--------+
|     acc_reg_169    |   16   |
|      i_reg_177     |    7   |
| icmp_ln151_reg_184 |    1   |
| l3_out_addr_reg_188|    6   |
| sext_ln153_reg_198 |   20   |
|   shl_ln5_reg_208  |   26   |
|weights_addr_reg_193|    6   |
| zext_ln153_reg_203 |   20   |
+--------------------+--------+
|        Total       |   102  |
+--------------------+--------+

* Multiplexer (MUX) list: 
|------------------|------|------|------|--------||---------||---------||---------|
|       Comp       |  Pin | Size |  BW  | S x BW ||  Delay  ||    FF   ||   LUT   |
|------------------|------|------|------|--------||---------||---------||---------|
| grp_access_fu_68 |  p0  |   2  |   6  |   12   ||    0    ||    9    |
| grp_access_fu_81 |  p0  |   2  |   6  |   12   ||    0    ||    9    |
|    grp_fu_160    |  p0  |   3  |  16  |   48   ||    0    ||    13   |
|    grp_fu_160    |  p1  |   2  |   4  |    8   ||    0    ||    9    |
|------------------|------|------|------|--------||---------||---------||---------|
|       Total      |      |      |      |   80   || 3.34693 ||    0    ||    40   |
|------------------|------|------|------|--------||---------||---------||---------|



* Summary:
+-----------+--------+--------+--------+--------+
|           |   DSP  |  Delay |   FF   |   LUT  |
+-----------+--------+--------+--------+--------+
|  Function |    1   |    -   |    0   |   28   |
|   Memory  |    -   |    -   |    -   |    -   |
|Multiplexer|    -   |    3   |    0   |   40   |
|  Register |    -   |    -   |   102  |    -   |
+-----------+--------+--------+--------+--------+
|   Total   |    1   |    3   |   102  |   68   |
+-----------+--------+--------+--------+--------+
