

================================================================
== Vitis HLS Report for 'task_detection_accel_Pipeline_VITIS_LOOP_116_2_VITIS_LOOP_117_3_VITIS_LOOP_118_4'
================================================================
* Date:           Mon Jun 15 23:15:04 2026

* Version:        2025.2 (Build 6295257 on Nov 14 2025)
* Project:        tpu_integrated_accel
* Solution:       hls (Vivado IP Flow Target)
* Product family: kintex7
* Target device:  xc7k325t-ffg900-2


================================================================
== Performance Estimates
================================================================
+ Timing: 
    * Summary: 
    +--------+----------+----------+------------+
    |  Clock |  Target  | Estimated| Uncertainty|
    +--------+----------+----------+------------+
    |ap_clk  |  10.00 ns|  7.246 ns|     2.70 ns|
    +--------+----------+----------+------------+

+ Latency: 
    * Summary: 
    +---------+---------+-----------+-----------+-----+-----+-------------------+
    |  Latency (cycles) |   Latency (absolute)  |  Interval |      Pipeline     |
    |   min   |   max   |    min    |    max    | min | max |        Type       |
    +---------+---------+-----------+-----------+-----+-----+-------------------+
    |     8194|     8194|  81.940 us|  81.940 us|    0|    0|  loop pipeline stp|
    +---------+---------+-----------+-----------+-----+-----+-------------------+

    + Detail: 
        * Instance: 
        N/A

        * Loop: 
        +-----------------------------------------------------------------------+---------+---------+----------+-----------+-----------+------+----------+
        |                                                                       |  Latency (cycles) | Iteration|  Initiation Interval  | Trip |          |
        |                               Loop Name                               |   min   |   max   |  Latency |  achieved |   target  | Count| Pipelined|
        +-----------------------------------------------------------------------+---------+---------+----------+-----------+-----------+------+----------+
        |- VITIS_LOOP_116_2_VITIS_LOOP_117_3_VITIS_LOOP_118_4_VITIS_LOOP_119_5  |     8192|     8192|         2|          1|          1|  8192|       yes|
        +-----------------------------------------------------------------------+---------+---------+----------+-----------+-----------+------+----------+

============================================================
+ Verbose Summary: Synthesis Manager
============================================================
InlineROM: 1
ExposeGlobal: 0
============================================================
+ Verbose Summary: CDFG Model
============================================================
IsTopModel: 0
ResetActiveHigh: 1
IsCombinational: 0
IsDatapathOnly: 0
HasWiredReturn: 1
HasMFsm: 2
HasVarLatency: 1
IsPipeline: 0
IsRtlPipelined: 0
IsInstanceOverlapped: 0
IsDontTouch: 0
HasImplIP: 0
IsGatedGlobalClock: 0

+ Individual pipeline summary: 
  * Pipeline-0: initiation interval (II) = 1, depth = 3


============================================================
+ Verbose Summary: Schedule
============================================================
* Number of FSM states : 3
* Pipeline : 1
  Pipeline-0 : II = 1, D = 3, States = { 1 2 3 }
* Dataflow Pipeline: 0

* FSM state transitions: 
1 --> 2 
2 --> 3 
3 --> 

* FSM state operations: 

State 1 <SV = 0> <Delay = 0.83>
ST_1 : Operation 5 [1/1] (0.00ns)   --->   "%c = alloca i32 1" [../task_detection_tpu/tpu_accel.cpp:119->../task_detection_tpu/tpu_accel.cpp:179]   --->   Operation 5 'alloca' 'c' <Predicate = true> <Delay = 0.00>
ST_1 : Operation 6 [1/1] (0.00ns)   --->   "%r = alloca i32 1" [../task_detection_tpu/tpu_accel.cpp:118->../task_detection_tpu/tpu_accel.cpp:179]   --->   Operation 6 'alloca' 'r' <Predicate = true> <Delay = 0.00>
ST_1 : Operation 7 [1/1] (0.00ns)   --->   "%indvar_flatten42 = alloca i32 1"   --->   Operation 7 'alloca' 'indvar_flatten42' <Predicate = true> <Delay = 0.00>
ST_1 : Operation 8 [1/1] (0.00ns)   --->   "%i = alloca i32 1" [../task_detection_tpu/tpu_accel.cpp:117->../task_detection_tpu/tpu_accel.cpp:179]   --->   Operation 8 'alloca' 'i' <Predicate = true> <Delay = 0.00>
ST_1 : Operation 9 [1/1] (0.00ns)   --->   "%indvar_flatten55 = alloca i32 1"   --->   Operation 9 'alloca' 'indvar_flatten55' <Predicate = true> <Delay = 0.00>
ST_1 : Operation 10 [1/1] (0.00ns)   --->   "%o = alloca i32 1" [../task_detection_tpu/tpu_accel.cpp:116->../task_detection_tpu/tpu_accel.cpp:179]   --->   Operation 10 'alloca' 'o' <Predicate = true> <Delay = 0.00>
ST_1 : Operation 11 [1/1] (0.00ns)   --->   "%indvar_flatten78 = alloca i32 1"   --->   Operation 11 'alloca' 'indvar_flatten78' <Predicate = true> <Delay = 0.00>
ST_1 : Operation 12 [1/1] (0.83ns)   --->   "%store_ln0 = store i14 0, i14 %indvar_flatten78"   --->   Operation 12 'store' 'store_ln0' <Predicate = true> <Delay = 0.83>
ST_1 : Operation 13 [1/1] (0.83ns)   --->   "%store_ln116 = store i4 0, i4 %o" [../task_detection_tpu/tpu_accel.cpp:116->../task_detection_tpu/tpu_accel.cpp:179]   --->   Operation 13 'store' 'store_ln116' <Predicate = true> <Delay = 0.83>
ST_1 : Operation 14 [1/1] (0.83ns)   --->   "%store_ln0 = store i12 0, i12 %indvar_flatten55"   --->   Operation 14 'store' 'store_ln0' <Predicate = true> <Delay = 0.83>
ST_1 : Operation 15 [1/1] (0.83ns)   --->   "%store_ln117 = store i5 0, i5 %i" [../task_detection_tpu/tpu_accel.cpp:117->../task_detection_tpu/tpu_accel.cpp:179]   --->   Operation 15 'store' 'store_ln117' <Predicate = true> <Delay = 0.83>
ST_1 : Operation 16 [1/1] (0.83ns)   --->   "%store_ln0 = store i8 0, i8 %indvar_flatten42"   --->   Operation 16 'store' 'store_ln0' <Predicate = true> <Delay = 0.83>
ST_1 : Operation 17 [1/1] (0.83ns)   --->   "%store_ln118 = store i4 0, i4 %r" [../task_detection_tpu/tpu_accel.cpp:118->../task_detection_tpu/tpu_accel.cpp:179]   --->   Operation 17 'store' 'store_ln118' <Predicate = true> <Delay = 0.83>
ST_1 : Operation 18 [1/1] (0.83ns)   --->   "%store_ln119 = store i4 0, i4 %c" [../task_detection_tpu/tpu_accel.cpp:119->../task_detection_tpu/tpu_accel.cpp:179]   --->   Operation 18 'store' 'store_ln119' <Predicate = true> <Delay = 0.83>
ST_1 : Operation 19 [1/1] (0.00ns)   --->   "%br_ln0 = br void %for.inc27.i47"   --->   Operation 19 'br' 'br_ln0' <Predicate = true> <Delay = 0.00>

State 2 <SV = 1> <Delay = 4.67>
ST_2 : Operation 20 [1/1] (0.00ns)   --->   "%indvar_flatten42_load = load i8 %indvar_flatten42" [../task_detection_tpu/tpu_accel.cpp:118->../task_detection_tpu/tpu_accel.cpp:179]   --->   Operation 20 'load' 'indvar_flatten42_load' <Predicate = true> <Delay = 0.00>
ST_2 : Operation 21 [1/1] (0.00ns)   --->   "%indvar_flatten55_load = load i12 %indvar_flatten55" [../task_detection_tpu/tpu_accel.cpp:117->../task_detection_tpu/tpu_accel.cpp:179]   --->   Operation 21 'load' 'indvar_flatten55_load' <Predicate = true> <Delay = 0.00>
ST_2 : Operation 22 [1/1] (0.00ns)   --->   "%indvar_flatten78_load = load i14 %indvar_flatten78" [../task_detection_tpu/tpu_accel.cpp:116->../task_detection_tpu/tpu_accel.cpp:179]   --->   Operation 22 'load' 'indvar_flatten78_load' <Predicate = true> <Delay = 0.00>
ST_2 : Operation 23 [1/1] (1.34ns)   --->   "%icmp_ln116 = icmp_eq  i14 %indvar_flatten78_load, i14 8192" [../task_detection_tpu/tpu_accel.cpp:116->../task_detection_tpu/tpu_accel.cpp:179]   --->   Operation 23 'icmp' 'icmp_ln116' <Predicate = true> <Delay = 1.34> <CoreInst = "Cmp">   --->   Core 9 'Cmp' <Latency = 0> <II = 1> <Delay = 1.34> <FuncUnit> <Opcode : 'seteq' 'setne' 'setle' 'setge' 'setlt' 'setgt'> <InPorts = 2> <OutPorts = 1>
ST_2 : Operation 24 [1/1] (1.34ns)   --->   "%add_ln116_1 = add i14 %indvar_flatten78_load, i14 1" [../task_detection_tpu/tpu_accel.cpp:116->../task_detection_tpu/tpu_accel.cpp:179]   --->   Operation 24 'add' 'add_ln116_1' <Predicate = true> <Delay = 1.34> <CoreInst = "Adder">   --->   Core 1 'Adder' <Latency = 0> <II = 1> <Delay = 1.34> <FuncUnit> <Opcode : 'add' 'sub'> <InPorts = 2> <OutPorts = 1>
ST_2 : Operation 25 [1/1] (0.00ns)   --->   "%br_ln116 = br i1 %icmp_ln116, void %for.inc36.i56, void %for.end38.i57.exitStub" [../task_detection_tpu/tpu_accel.cpp:116->../task_detection_tpu/tpu_accel.cpp:179]   --->   Operation 25 'br' 'br_ln116' <Predicate = true> <Delay = 0.00>
ST_2 : Operation 26 [1/1] (0.00ns)   --->   "%c_load = load i4 %c" [../task_detection_tpu/tpu_accel.cpp:119->../task_detection_tpu/tpu_accel.cpp:179]   --->   Operation 26 'load' 'c_load' <Predicate = (!icmp_ln116)> <Delay = 0.00>
ST_2 : Operation 27 [1/1] (1.35ns)   --->   "%icmp_ln117 = icmp_eq  i12 %indvar_flatten55_load, i12 1024" [../task_detection_tpu/tpu_accel.cpp:117->../task_detection_tpu/tpu_accel.cpp:179]   --->   Operation 27 'icmp' 'icmp_ln117' <Predicate = (!icmp_ln116)> <Delay = 1.35> <CoreInst = "Cmp">   --->   Core 9 'Cmp' <Latency = 0> <II = 1> <Delay = 1.35> <FuncUnit> <Opcode : 'seteq' 'setne' 'setle' 'setge' 'setlt' 'setgt'> <InPorts = 2> <OutPorts = 1>
ST_2 : Operation 28 [1/1] (0.47ns)   --->   "%xor_ln116 = xor i1 %icmp_ln117, i1 1" [../task_detection_tpu/tpu_accel.cpp:116->../task_detection_tpu/tpu_accel.cpp:179]   --->   Operation 28 'xor' 'xor_ln116' <Predicate = (!icmp_ln116)> <Delay = 0.47> <CoreInst = "LogicGate">   --->   Core 74 'LogicGate' <Latency = 0> <II = 1> <Delay = 0.47> <FuncUnit> <Opcode : 'and' 'or' 'xor'> <InPorts = 2> <OutPorts = 1>
ST_2 : Operation 29 [1/1] (1.01ns)   --->   "%icmp_ln119 = icmp_eq  i4 %c_load, i4 8" [../task_detection_tpu/tpu_accel.cpp:119->../task_detection_tpu/tpu_accel.cpp:179]   --->   Operation 29 'icmp' 'icmp_ln119' <Predicate = (!icmp_ln116)> <Delay = 1.01> <CoreInst = "Cmp">   --->   Core 9 'Cmp' <Latency = 0> <II = 1> <Delay = 1.01> <FuncUnit> <Opcode : 'seteq' 'setne' 'setle' 'setge' 'setlt' 'setgt'> <InPorts = 2> <OutPorts = 1>
ST_2 : Operation 30 [1/1] (1.35ns)   --->   "%icmp_ln118 = icmp_eq  i8 %indvar_flatten42_load, i8 64" [../task_detection_tpu/tpu_accel.cpp:118->../task_detection_tpu/tpu_accel.cpp:179]   --->   Operation 30 'icmp' 'icmp_ln118' <Predicate = (!icmp_ln116)> <Delay = 1.35> <CoreInst = "Cmp">   --->   Core 9 'Cmp' <Latency = 0> <II = 1> <Delay = 1.35> <FuncUnit> <Opcode : 'seteq' 'setne' 'setle' 'setge' 'setlt' 'setgt'> <InPorts = 2> <OutPorts = 1>
ST_2 : Operation 31 [1/1] (0.47ns)   --->   "%and_ln116_1 = and i1 %icmp_ln118, i1 %xor_ln116" [../task_detection_tpu/tpu_accel.cpp:116->../task_detection_tpu/tpu_accel.cpp:179]   --->   Operation 31 'and' 'and_ln116_1' <Predicate = (!icmp_ln116)> <Delay = 0.47> <CoreInst = "LogicGate">   --->   Core 74 'LogicGate' <Latency = 0> <II = 1> <Delay = 0.47> <FuncUnit> <Opcode : 'and' 'or' 'xor'> <InPorts = 2> <OutPorts = 1>
ST_2 : Operation 32 [1/1] (0.47ns)   --->   "%empty = or i1 %and_ln116_1, i1 %icmp_ln117" [../task_detection_tpu/tpu_accel.cpp:116->../task_detection_tpu/tpu_accel.cpp:179]   --->   Operation 32 'or' 'empty' <Predicate = (!icmp_ln116)> <Delay = 0.47> <CoreInst = "LogicGate">   --->   Core 74 'LogicGate' <Latency = 0> <II = 1> <Delay = 0.47> <FuncUnit> <Opcode : 'and' 'or' 'xor'> <InPorts = 2> <OutPorts = 1>
ST_2 : Operation 33 [1/1] (0.00ns) (grouped into LUT with out node icmp_ln119_mid254)   --->   "%exitcond_flatten44_not = xor i1 %icmp_ln118, i1 1" [../task_detection_tpu/tpu_accel.cpp:118->../task_detection_tpu/tpu_accel.cpp:179]   --->   Operation 33 'xor' 'exitcond_flatten44_not' <Predicate = (!icmp_ln116)> <Delay = 0.00> <CoreInst = "LogicGate">   --->   Core 74 'LogicGate' <Latency = 0> <II = 1> <Delay = 0.47> <FuncUnit> <Opcode : 'and' 'or' 'xor'> <InPorts = 2> <OutPorts = 1>
ST_2 : Operation 34 [1/1] (0.00ns) (grouped into LUT with out node icmp_ln119_mid254)   --->   "%not_exitcond_flatten44_mid277 = or i1 %icmp_ln117, i1 %exitcond_flatten44_not" [../task_detection_tpu/tpu_accel.cpp:117->../task_detection_tpu/tpu_accel.cpp:179]   --->   Operation 34 'or' 'not_exitcond_flatten44_mid277' <Predicate = (!icmp_ln116)> <Delay = 0.00> <CoreInst = "LogicGate">   --->   Core 74 'LogicGate' <Latency = 0> <II = 1> <Delay = 0.47> <FuncUnit> <Opcode : 'and' 'or' 'xor'> <InPorts = 2> <OutPorts = 1>
ST_2 : Operation 35 [1/1] (0.00ns) (grouped into LUT with out node icmp_ln119_mid254)   --->   "%and_ln116 = and i1 %not_exitcond_flatten44_mid277, i1 %xor_ln116" [../task_detection_tpu/tpu_accel.cpp:116->../task_detection_tpu/tpu_accel.cpp:179]   --->   Operation 35 'and' 'and_ln116' <Predicate = (!icmp_ln116)> <Delay = 0.00> <CoreInst = "LogicGate">   --->   Core 74 'LogicGate' <Latency = 0> <II = 1> <Delay = 0.47> <FuncUnit> <Opcode : 'and' 'or' 'xor'> <InPorts = 2> <OutPorts = 1>
ST_2 : Operation 36 [1/1] (0.47ns) (out node of the LUT)   --->   "%icmp_ln119_mid254 = and i1 %and_ln116, i1 %icmp_ln119" [../task_detection_tpu/tpu_accel.cpp:116->../task_detection_tpu/tpu_accel.cpp:179]   --->   Operation 36 'and' 'icmp_ln119_mid254' <Predicate = (!icmp_ln116)> <Delay = 0.47> <CoreInst = "LogicGate">   --->   Core 74 'LogicGate' <Latency = 0> <II = 1> <Delay = 0.47> <FuncUnit> <Opcode : 'and' 'or' 'xor'> <InPorts = 2> <OutPorts = 1>
ST_2 : Operation 37 [1/1] (0.00ns) (grouped into LUT with out node c_1_mid2)   --->   "%empty_56 = or i1 %icmp_ln119_mid254, i1 %and_ln116_1" [../task_detection_tpu/tpu_accel.cpp:116->../task_detection_tpu/tpu_accel.cpp:179]   --->   Operation 37 'or' 'empty_56' <Predicate = (!icmp_ln116)> <Delay = 0.00> <CoreInst = "LogicGate">   --->   Core 74 'LogicGate' <Latency = 0> <II = 1> <Delay = 0.47> <FuncUnit> <Opcode : 'and' 'or' 'xor'> <InPorts = 2> <OutPorts = 1>
ST_2 : Operation 38 [1/1] (0.00ns) (grouped into LUT with out node c_1_mid2)   --->   "%empty_57 = or i1 %empty_56, i1 %icmp_ln117" [../task_detection_tpu/tpu_accel.cpp:116->../task_detection_tpu/tpu_accel.cpp:179]   --->   Operation 38 'or' 'empty_57' <Predicate = (!icmp_ln116)> <Delay = 0.00> <CoreInst = "LogicGate">   --->   Core 74 'LogicGate' <Latency = 0> <II = 1> <Delay = 0.47> <FuncUnit> <Opcode : 'and' 'or' 'xor'> <InPorts = 2> <OutPorts = 1>
ST_2 : Operation 39 [1/1] (0.51ns) (out node of the LUT)   --->   "%c_1_mid2 = select i1 %empty_57, i4 0, i4 %c_load" [../task_detection_tpu/tpu_accel.cpp:116->../task_detection_tpu/tpu_accel.cpp:179]   --->   Operation 39 'select' 'c_1_mid2' <Predicate = (!icmp_ln116)> <Delay = 0.51> <CoreInst = "Sel">   --->   Core 73 'Sel' <Latency = 0> <II = 1> <Delay = 0.51> <FuncUnit> <Opcode : 'select'> <InPorts = 3> <OutPorts = 1>
ST_2 : Operation 40 [1/1] (0.00ns)   --->   "%trunc_ln119 = trunc i4 %c_1_mid2" [../task_detection_tpu/tpu_accel.cpp:119->../task_detection_tpu/tpu_accel.cpp:179]   --->   Operation 40 'trunc' 'trunc_ln119' <Predicate = (!icmp_ln116)> <Delay = 0.00>
ST_2 : Operation 41 [1/1] (0.93ns)   --->   "%switch_ln120 = switch i3 %trunc_ln119, void %arrayidx267.i44.case.7, i3 0, void %arrayidx267.i44.case.0, i3 1, void %arrayidx267.i44.case.1, i3 2, void %arrayidx267.i44.case.2, i3 3, void %arrayidx267.i44.case.3, i3 4, void %arrayidx267.i44.case.4, i3 5, void %arrayidx267.i44.case.5, i3 6, void %arrayidx267.i44.case.6" [../task_detection_tpu/tpu_accel.cpp:120->../task_detection_tpu/tpu_accel.cpp:179]   --->   Operation 41 'switch' 'switch_ln120' <Predicate = (!icmp_ln116)> <Delay = 0.93>
ST_2 : Operation 42 [1/1] (1.01ns)   --->   "%add_ln119 = add i4 %c_1_mid2, i4 1" [../task_detection_tpu/tpu_accel.cpp:119->../task_detection_tpu/tpu_accel.cpp:179]   --->   Operation 42 'add' 'add_ln119' <Predicate = (!icmp_ln116)> <Delay = 1.01> <CoreInst = "Adder">   --->   Core 1 'Adder' <Latency = 0> <II = 1> <Delay = 1.01> <FuncUnit> <Opcode : 'add' 'sub'> <InPorts = 2> <OutPorts = 1>
ST_2 : Operation 43 [1/1] (1.35ns)   --->   "%add_ln118_1 = add i8 %indvar_flatten42_load, i8 1" [../task_detection_tpu/tpu_accel.cpp:118->../task_detection_tpu/tpu_accel.cpp:179]   --->   Operation 43 'add' 'add_ln118_1' <Predicate = (!icmp_ln116)> <Delay = 1.35> <CoreInst = "Adder">   --->   Core 1 'Adder' <Latency = 0> <II = 1> <Delay = 1.35> <FuncUnit> <Opcode : 'add' 'sub'> <InPorts = 2> <OutPorts = 1>
ST_2 : Operation 44 [1/1] (0.37ns)   --->   "%select_ln118_1 = select i1 %empty, i8 1, i8 %add_ln118_1" [../task_detection_tpu/tpu_accel.cpp:118->../task_detection_tpu/tpu_accel.cpp:179]   --->   Operation 44 'select' 'select_ln118_1' <Predicate = (!icmp_ln116)> <Delay = 0.37> <CoreInst = "Sel">   --->   Core 73 'Sel' <Latency = 0> <II = 1> <Delay = 0.37> <FuncUnit> <Opcode : 'select'> <InPorts = 3> <OutPorts = 1>
ST_2 : Operation 45 [1/1] (1.35ns)   --->   "%add_ln117_1 = add i12 %indvar_flatten55_load, i12 1" [../task_detection_tpu/tpu_accel.cpp:117->../task_detection_tpu/tpu_accel.cpp:179]   --->   Operation 45 'add' 'add_ln117_1' <Predicate = (!icmp_ln116)> <Delay = 1.35> <CoreInst = "Adder">   --->   Core 1 'Adder' <Latency = 0> <II = 1> <Delay = 1.35> <FuncUnit> <Opcode : 'add' 'sub'> <InPorts = 2> <OutPorts = 1>
ST_2 : Operation 46 [1/1] (0.62ns)   --->   "%select_ln117_1 = select i1 %icmp_ln117, i12 1, i12 %add_ln117_1" [../task_detection_tpu/tpu_accel.cpp:117->../task_detection_tpu/tpu_accel.cpp:179]   --->   Operation 46 'select' 'select_ln117_1' <Predicate = (!icmp_ln116)> <Delay = 0.62> <CoreInst = "Sel">   --->   Core 73 'Sel' <Latency = 0> <II = 1> <Delay = 0.62> <FuncUnit> <Opcode : 'select'> <InPorts = 3> <OutPorts = 1>
ST_2 : Operation 47 [1/1] (0.83ns)   --->   "%store_ln116 = store i14 %add_ln116_1, i14 %indvar_flatten78" [../task_detection_tpu/tpu_accel.cpp:116->../task_detection_tpu/tpu_accel.cpp:179]   --->   Operation 47 'store' 'store_ln116' <Predicate = (!icmp_ln116)> <Delay = 0.83>
ST_2 : Operation 48 [1/1] (0.83ns)   --->   "%store_ln117 = store i12 %select_ln117_1, i12 %indvar_flatten55" [../task_detection_tpu/tpu_accel.cpp:117->../task_detection_tpu/tpu_accel.cpp:179]   --->   Operation 48 'store' 'store_ln117' <Predicate = (!icmp_ln116)> <Delay = 0.83>
ST_2 : Operation 49 [1/1] (0.83ns)   --->   "%store_ln118 = store i8 %select_ln118_1, i8 %indvar_flatten42" [../task_detection_tpu/tpu_accel.cpp:118->../task_detection_tpu/tpu_accel.cpp:179]   --->   Operation 49 'store' 'store_ln118' <Predicate = (!icmp_ln116)> <Delay = 0.83>
ST_2 : Operation 50 [1/1] (0.83ns)   --->   "%store_ln119 = store i4 %add_ln119, i4 %c" [../task_detection_tpu/tpu_accel.cpp:119->../task_detection_tpu/tpu_accel.cpp:179]   --->   Operation 50 'store' 'store_ln119' <Predicate = (!icmp_ln116)> <Delay = 0.83>
ST_2 : Operation 101 [1/1] (0.83ns)   --->   "%ret_ln0 = ret"   --->   Operation 101 'ret' 'ret_ln0' <Predicate = (icmp_ln116)> <Delay = 0.83>

State 3 <SV = 2> <Delay = 7.24>
ST_3 : Operation 51 [1/1] (0.00ns)   --->   "%r_load = load i4 %r"   --->   Operation 51 'load' 'r_load' <Predicate = (!empty)> <Delay = 0.00>
ST_3 : Operation 52 [1/1] (0.00ns)   --->   "%i_load = load i5 %i" [../task_detection_tpu/tpu_accel.cpp:116->../task_detection_tpu/tpu_accel.cpp:179]   --->   Operation 52 'load' 'i_load' <Predicate = (!icmp_ln117)> <Delay = 0.00>
ST_3 : Operation 53 [1/1] (0.00ns)   --->   "%o_load = load i4 %o" [../task_detection_tpu/tpu_accel.cpp:116->../task_detection_tpu/tpu_accel.cpp:179]   --->   Operation 53 'load' 'o_load' <Predicate = true> <Delay = 0.00>
ST_3 : Operation 54 [1/1] (1.01ns)   --->   "%add_ln116 = add i4 %o_load, i4 1" [../task_detection_tpu/tpu_accel.cpp:116->../task_detection_tpu/tpu_accel.cpp:179]   --->   Operation 54 'add' 'add_ln116' <Predicate = (icmp_ln117)> <Delay = 1.01> <CoreInst = "Adder">   --->   Core 1 'Adder' <Latency = 0> <II = 1> <Delay = 1.01> <FuncUnit> <Opcode : 'add' 'sub'> <InPorts = 2> <OutPorts = 1>
ST_3 : Operation 55 [1/1] (0.00ns)   --->   "%specloopname_ln0 = specloopname void @_ssdm_op_SpecLoopName, void @VITIS_LOOP_116_2_VITIS_LOOP_117_3_VITIS_LOOP_118_4_VITIS_LOOP_119_5_str"   --->   Operation 55 'specloopname' 'specloopname_ln0' <Predicate = true> <Delay = 0.00>
ST_3 : Operation 56 [1/1] (0.00ns)   --->   "%speclooptripcount_ln0 = speclooptripcount void @_ssdm_op_SpecLoopTripCount, i64 8192, i64 8192, i64 8192"   --->   Operation 56 'speclooptripcount' 'speclooptripcount_ln0' <Predicate = true> <Delay = 0.00>
ST_3 : Operation 57 [1/1] (0.62ns)   --->   "%select_ln116 = select i1 %icmp_ln117, i5 0, i5 %i_load" [../task_detection_tpu/tpu_accel.cpp:116->../task_detection_tpu/tpu_accel.cpp:179]   --->   Operation 57 'select' 'select_ln116' <Predicate = true> <Delay = 0.62> <CoreInst = "Sel">   --->   Core 73 'Sel' <Latency = 0> <II = 1> <Delay = 0.62> <FuncUnit> <Opcode : 'select'> <InPorts = 3> <OutPorts = 1>
ST_3 : Operation 58 [1/1] (0.51ns)   --->   "%select_ln116_1 = select i1 %icmp_ln117, i4 %add_ln116, i4 %o_load" [../task_detection_tpu/tpu_accel.cpp:116->../task_detection_tpu/tpu_accel.cpp:179]   --->   Operation 58 'select' 'select_ln116_1' <Predicate = true> <Delay = 0.51> <CoreInst = "Sel">   --->   Core 73 'Sel' <Latency = 0> <II = 1> <Delay = 0.51> <FuncUnit> <Opcode : 'select'> <InPorts = 3> <OutPorts = 1>
ST_3 : Operation 59 [1/1] (0.00ns)   --->   "%trunc_ln117 = trunc i4 %select_ln116_1" [../task_detection_tpu/tpu_accel.cpp:117->../task_detection_tpu/tpu_accel.cpp:179]   --->   Operation 59 'trunc' 'trunc_ln117' <Predicate = true> <Delay = 0.00>
ST_3 : Operation 60 [1/1] (1.10ns)   --->   "%add_ln117 = add i5 %select_ln116, i5 1" [../task_detection_tpu/tpu_accel.cpp:117->../task_detection_tpu/tpu_accel.cpp:179]   --->   Operation 60 'add' 'add_ln117' <Predicate = (and_ln116_1)> <Delay = 1.10> <CoreInst = "Adder">   --->   Core 1 'Adder' <Latency = 0> <II = 1> <Delay = 1.10> <FuncUnit> <Opcode : 'add' 'sub'> <InPorts = 2> <OutPorts = 1>
ST_3 : Operation 61 [1/1] (0.51ns)   --->   "%r_1_mid249 = select i1 %empty, i4 0, i4 %r_load" [../task_detection_tpu/tpu_accel.cpp:116->../task_detection_tpu/tpu_accel.cpp:179]   --->   Operation 61 'select' 'r_1_mid249' <Predicate = true> <Delay = 0.51> <CoreInst = "Sel">   --->   Core 73 'Sel' <Latency = 0> <II = 1> <Delay = 0.51> <FuncUnit> <Opcode : 'select'> <InPorts = 3> <OutPorts = 1>
ST_3 : Operation 62 [1/1] (0.62ns)   --->   "%select_ln117 = select i1 %and_ln116_1, i5 %add_ln117, i5 %select_ln116" [../task_detection_tpu/tpu_accel.cpp:117->../task_detection_tpu/tpu_accel.cpp:179]   --->   Operation 62 'select' 'select_ln117' <Predicate = true> <Delay = 0.62> <CoreInst = "Sel">   --->   Core 73 'Sel' <Latency = 0> <II = 1> <Delay = 0.62> <FuncUnit> <Opcode : 'select'> <InPorts = 3> <OutPorts = 1>
ST_3 : Operation 63 [1/1] (1.01ns)   --->   "%add_ln118 = add i4 %r_1_mid249, i4 1" [../task_detection_tpu/tpu_accel.cpp:118->../task_detection_tpu/tpu_accel.cpp:179]   --->   Operation 63 'add' 'add_ln118' <Predicate = (icmp_ln119_mid254)> <Delay = 1.01> <CoreInst = "Adder">   --->   Core 1 'Adder' <Latency = 0> <II = 1> <Delay = 1.01> <FuncUnit> <Opcode : 'add' 'sub'> <InPorts = 2> <OutPorts = 1>
ST_3 : Operation 64 [1/1] (0.51ns)   --->   "%select_ln118 = select i1 %icmp_ln119_mid254, i4 %add_ln118, i4 %r_1_mid249" [../task_detection_tpu/tpu_accel.cpp:118->../task_detection_tpu/tpu_accel.cpp:179]   --->   Operation 64 'select' 'select_ln118' <Predicate = true> <Delay = 0.51> <CoreInst = "Sel">   --->   Core 73 'Sel' <Latency = 0> <II = 1> <Delay = 0.51> <FuncUnit> <Opcode : 'select'> <InPorts = 3> <OutPorts = 1>
ST_3 : Operation 65 [1/1] (0.00ns)   --->   "%tmp_s = bitconcatenate i7 @_ssdm_op_BitConcatenate.i7.i3.i4, i3 %trunc_ln117, i4 0" [../task_detection_tpu/tpu_accel.cpp:120->../task_detection_tpu/tpu_accel.cpp:179]   --->   Operation 65 'bitconcatenate' 'tmp_s' <Predicate = true> <Delay = 0.00>
ST_3 : Operation 66 [1/1] (0.00ns)   --->   "%zext_ln120 = zext i5 %select_ln117" [../task_detection_tpu/tpu_accel.cpp:120->../task_detection_tpu/tpu_accel.cpp:179]   --->   Operation 66 'zext' 'zext_ln120' <Predicate = true> <Delay = 0.00>
ST_3 : Operation 67 [1/1] (1.27ns)   --->   "%add_ln120 = add i7 %tmp_s, i7 %zext_ln120" [../task_detection_tpu/tpu_accel.cpp:120->../task_detection_tpu/tpu_accel.cpp:179]   --->   Operation 67 'add' 'add_ln120' <Predicate = true> <Delay = 1.27> <CoreInst = "Adder">   --->   Core 1 'Adder' <Latency = 0> <II = 1> <Delay = 1.27> <FuncUnit> <Opcode : 'add' 'sub'> <InPorts = 2> <OutPorts = 1>
ST_3 : Operation 68 [1/1] (0.00ns)   --->   "%tmp = bitconcatenate i10 @_ssdm_op_BitConcatenate.i10.i7.i3, i7 %add_ln120, i3 0" [../task_detection_tpu/tpu_accel.cpp:120->../task_detection_tpu/tpu_accel.cpp:179]   --->   Operation 68 'bitconcatenate' 'tmp' <Predicate = true> <Delay = 0.00>
ST_3 : Operation 69 [1/1] (0.00ns)   --->   "%zext_ln120_1 = zext i4 %select_ln118" [../task_detection_tpu/tpu_accel.cpp:120->../task_detection_tpu/tpu_accel.cpp:179]   --->   Operation 69 'zext' 'zext_ln120_1' <Predicate = true> <Delay = 0.00>
ST_3 : Operation 70 [1/1] (1.35ns)   --->   "%add_ln120_1 = add i10 %tmp, i10 %zext_ln120_1" [../task_detection_tpu/tpu_accel.cpp:120->../task_detection_tpu/tpu_accel.cpp:179]   --->   Operation 70 'add' 'add_ln120_1' <Predicate = true> <Delay = 1.35> <CoreInst = "Adder">   --->   Core 1 'Adder' <Latency = 0> <II = 1> <Delay = 1.35> <FuncUnit> <Opcode : 'add' 'sub'> <InPorts = 2> <OutPorts = 1>
ST_3 : Operation 71 [1/1] (0.00ns)   --->   "%zext_ln120_2 = zext i10 %add_ln120_1" [../task_detection_tpu/tpu_accel.cpp:120->../task_detection_tpu/tpu_accel.cpp:179]   --->   Operation 71 'zext' 'zext_ln120_2' <Predicate = true> <Delay = 0.00>
ST_3 : Operation 72 [1/1] (0.00ns)   --->   "%tpu_layer_3_ap_fixed_16_6_5_3_0_ap_fixed_16_6_5_3_0_weights_addr = getelementptr i4 %tpu_layer_3_ap_fixed_16_6_5_3_0_ap_fixed_16_6_5_3_0_weights, i64 0, i64 %zext_ln120_2" [../task_detection_tpu/tpu_accel.cpp:120->../task_detection_tpu/tpu_accel.cpp:179]   --->   Operation 72 'getelementptr' 'tpu_layer_3_ap_fixed_16_6_5_3_0_ap_fixed_16_6_5_3_0_weights_addr' <Predicate = true> <Delay = 0.00>
ST_3 : Operation 73 [1/1] (0.00ns)   --->   "%tpu_layer_3_ap_fixed_16_6_5_3_0_ap_fixed_16_6_5_3_0_weights_15_addr = getelementptr i4 %tpu_layer_3_ap_fixed_16_6_5_3_0_ap_fixed_16_6_5_3_0_weights_15, i64 0, i64 %zext_ln120_2" [../task_detection_tpu/tpu_accel.cpp:120->../task_detection_tpu/tpu_accel.cpp:179]   --->   Operation 73 'getelementptr' 'tpu_layer_3_ap_fixed_16_6_5_3_0_ap_fixed_16_6_5_3_0_weights_15_addr' <Predicate = true> <Delay = 0.00>
ST_3 : Operation 74 [1/1] (0.00ns)   --->   "%tpu_layer_3_ap_fixed_16_6_5_3_0_ap_fixed_16_6_5_3_0_weights_16_addr = getelementptr i4 %tpu_layer_3_ap_fixed_16_6_5_3_0_ap_fixed_16_6_5_3_0_weights_16, i64 0, i64 %zext_ln120_2" [../task_detection_tpu/tpu_accel.cpp:120->../task_detection_tpu/tpu_accel.cpp:179]   --->   Operation 74 'getelementptr' 'tpu_layer_3_ap_fixed_16_6_5_3_0_ap_fixed_16_6_5_3_0_weights_16_addr' <Predicate = true> <Delay = 0.00>
ST_3 : Operation 75 [1/1] (0.00ns)   --->   "%tpu_layer_3_ap_fixed_16_6_5_3_0_ap_fixed_16_6_5_3_0_weights_17_addr = getelementptr i4 %tpu_layer_3_ap_fixed_16_6_5_3_0_ap_fixed_16_6_5_3_0_weights_17, i64 0, i64 %zext_ln120_2" [../task_detection_tpu/tpu_accel.cpp:120->../task_detection_tpu/tpu_accel.cpp:179]   --->   Operation 75 'getelementptr' 'tpu_layer_3_ap_fixed_16_6_5_3_0_ap_fixed_16_6_5_3_0_weights_17_addr' <Predicate = true> <Delay = 0.00>
ST_3 : Operation 76 [1/1] (0.00ns)   --->   "%tpu_layer_3_ap_fixed_16_6_5_3_0_ap_fixed_16_6_5_3_0_weights_18_addr = getelementptr i4 %tpu_layer_3_ap_fixed_16_6_5_3_0_ap_fixed_16_6_5_3_0_weights_18, i64 0, i64 %zext_ln120_2" [../task_detection_tpu/tpu_accel.cpp:120->../task_detection_tpu/tpu_accel.cpp:179]   --->   Operation 76 'getelementptr' 'tpu_layer_3_ap_fixed_16_6_5_3_0_ap_fixed_16_6_5_3_0_weights_18_addr' <Predicate = true> <Delay = 0.00>
ST_3 : Operation 77 [1/1] (0.00ns)   --->   "%tpu_layer_3_ap_fixed_16_6_5_3_0_ap_fixed_16_6_5_3_0_weights_19_addr = getelementptr i4 %tpu_layer_3_ap_fixed_16_6_5_3_0_ap_fixed_16_6_5_3_0_weights_19, i64 0, i64 %zext_ln120_2" [../task_detection_tpu/tpu_accel.cpp:120->../task_detection_tpu/tpu_accel.cpp:179]   --->   Operation 77 'getelementptr' 'tpu_layer_3_ap_fixed_16_6_5_3_0_ap_fixed_16_6_5_3_0_weights_19_addr' <Predicate = true> <Delay = 0.00>
ST_3 : Operation 78 [1/1] (0.00ns)   --->   "%tpu_layer_3_ap_fixed_16_6_5_3_0_ap_fixed_16_6_5_3_0_weights_20_addr = getelementptr i4 %tpu_layer_3_ap_fixed_16_6_5_3_0_ap_fixed_16_6_5_3_0_weights_20, i64 0, i64 %zext_ln120_2" [../task_detection_tpu/tpu_accel.cpp:120->../task_detection_tpu/tpu_accel.cpp:179]   --->   Operation 78 'getelementptr' 'tpu_layer_3_ap_fixed_16_6_5_3_0_ap_fixed_16_6_5_3_0_weights_20_addr' <Predicate = true> <Delay = 0.00>
ST_3 : Operation 79 [1/1] (0.00ns)   --->   "%tpu_layer_3_ap_fixed_16_6_5_3_0_ap_fixed_16_6_5_3_0_weights_21_addr = getelementptr i4 %tpu_layer_3_ap_fixed_16_6_5_3_0_ap_fixed_16_6_5_3_0_weights_21, i64 0, i64 %zext_ln120_2" [../task_detection_tpu/tpu_accel.cpp:120->../task_detection_tpu/tpu_accel.cpp:179]   --->   Operation 79 'getelementptr' 'tpu_layer_3_ap_fixed_16_6_5_3_0_ap_fixed_16_6_5_3_0_weights_21_addr' <Predicate = true> <Delay = 0.00>
ST_3 : Operation 80 [1/1] (0.00ns)   --->   "%specpipeline_ln119 = specpipeline void @_ssdm_op_SpecPipeline, i32 4294967295, i32 0, i32 0, i32 0, i32 4294967295, void @empty_22" [../task_detection_tpu/tpu_accel.cpp:119->../task_detection_tpu/tpu_accel.cpp:179]   --->   Operation 80 'specpipeline' 'specpipeline_ln119' <Predicate = true> <Delay = 0.00>
ST_3 : Operation 81 [1/1] ( I:2.26ns O:2.26ns )   --->   "%store_ln120 = store i4 10, i10 %tpu_layer_3_ap_fixed_16_6_5_3_0_ap_fixed_16_6_5_3_0_weights_20_addr" [../task_detection_tpu/tpu_accel.cpp:120->../task_detection_tpu/tpu_accel.cpp:179]   --->   Operation 81 'store' 'store_ln120' <Predicate = (trunc_ln119 == 6)> <Delay = 2.26> <CoreInst = "RAM">   --->   Core 81 'RAM' <Latency = 1> <II = 1> <Delay = 2.26> <Storage> <Opcode : 'load' 'store'> <Ports = 2> <Width = 4> <Depth = 1024> <RAM>
ST_3 : Operation 82 [1/1] (0.00ns)   --->   "%br_ln120 = br void %arrayidx267.i44.exit" [../task_detection_tpu/tpu_accel.cpp:120->../task_detection_tpu/tpu_accel.cpp:179]   --->   Operation 82 'br' 'br_ln120' <Predicate = (trunc_ln119 == 6)> <Delay = 0.00>
ST_3 : Operation 83 [1/1] ( I:2.26ns O:2.26ns )   --->   "%store_ln120 = store i4 10, i10 %tpu_layer_3_ap_fixed_16_6_5_3_0_ap_fixed_16_6_5_3_0_weights_19_addr" [../task_detection_tpu/tpu_accel.cpp:120->../task_detection_tpu/tpu_accel.cpp:179]   --->   Operation 83 'store' 'store_ln120' <Predicate = (trunc_ln119 == 5)> <Delay = 2.26> <CoreInst = "RAM">   --->   Core 81 'RAM' <Latency = 1> <II = 1> <Delay = 2.26> <Storage> <Opcode : 'load' 'store'> <Ports = 2> <Width = 4> <Depth = 1024> <RAM>
ST_3 : Operation 84 [1/1] (0.00ns)   --->   "%br_ln120 = br void %arrayidx267.i44.exit" [../task_detection_tpu/tpu_accel.cpp:120->../task_detection_tpu/tpu_accel.cpp:179]   --->   Operation 84 'br' 'br_ln120' <Predicate = (trunc_ln119 == 5)> <Delay = 0.00>
ST_3 : Operation 85 [1/1] ( I:2.26ns O:2.26ns )   --->   "%store_ln120 = store i4 10, i10 %tpu_layer_3_ap_fixed_16_6_5_3_0_ap_fixed_16_6_5_3_0_weights_18_addr" [../task_detection_tpu/tpu_accel.cpp:120->../task_detection_tpu/tpu_accel.cpp:179]   --->   Operation 85 'store' 'store_ln120' <Predicate = (trunc_ln119 == 4)> <Delay = 2.26> <CoreInst = "RAM">   --->   Core 81 'RAM' <Latency = 1> <II = 1> <Delay = 2.26> <Storage> <Opcode : 'load' 'store'> <Ports = 2> <Width = 4> <Depth = 1024> <RAM>
ST_3 : Operation 86 [1/1] (0.00ns)   --->   "%br_ln120 = br void %arrayidx267.i44.exit" [../task_detection_tpu/tpu_accel.cpp:120->../task_detection_tpu/tpu_accel.cpp:179]   --->   Operation 86 'br' 'br_ln120' <Predicate = (trunc_ln119 == 4)> <Delay = 0.00>
ST_3 : Operation 87 [1/1] ( I:2.26ns O:2.26ns )   --->   "%store_ln120 = store i4 10, i10 %tpu_layer_3_ap_fixed_16_6_5_3_0_ap_fixed_16_6_5_3_0_weights_17_addr" [../task_detection_tpu/tpu_accel.cpp:120->../task_detection_tpu/tpu_accel.cpp:179]   --->   Operation 87 'store' 'store_ln120' <Predicate = (trunc_ln119 == 3)> <Delay = 2.26> <CoreInst = "RAM">   --->   Core 81 'RAM' <Latency = 1> <II = 1> <Delay = 2.26> <Storage> <Opcode : 'load' 'store'> <Ports = 2> <Width = 4> <Depth = 1024> <RAM>
ST_3 : Operation 88 [1/1] (0.00ns)   --->   "%br_ln120 = br void %arrayidx267.i44.exit" [../task_detection_tpu/tpu_accel.cpp:120->../task_detection_tpu/tpu_accel.cpp:179]   --->   Operation 88 'br' 'br_ln120' <Predicate = (trunc_ln119 == 3)> <Delay = 0.00>
ST_3 : Operation 89 [1/1] ( I:2.26ns O:2.26ns )   --->   "%store_ln120 = store i4 10, i10 %tpu_layer_3_ap_fixed_16_6_5_3_0_ap_fixed_16_6_5_3_0_weights_16_addr" [../task_detection_tpu/tpu_accel.cpp:120->../task_detection_tpu/tpu_accel.cpp:179]   --->   Operation 89 'store' 'store_ln120' <Predicate = (trunc_ln119 == 2)> <Delay = 2.26> <CoreInst = "RAM">   --->   Core 81 'RAM' <Latency = 1> <II = 1> <Delay = 2.26> <Storage> <Opcode : 'load' 'store'> <Ports = 2> <Width = 4> <Depth = 1024> <RAM>
ST_3 : Operation 90 [1/1] (0.00ns)   --->   "%br_ln120 = br void %arrayidx267.i44.exit" [../task_detection_tpu/tpu_accel.cpp:120->../task_detection_tpu/tpu_accel.cpp:179]   --->   Operation 90 'br' 'br_ln120' <Predicate = (trunc_ln119 == 2)> <Delay = 0.00>
ST_3 : Operation 91 [1/1] ( I:2.26ns O:2.26ns )   --->   "%store_ln120 = store i4 10, i10 %tpu_layer_3_ap_fixed_16_6_5_3_0_ap_fixed_16_6_5_3_0_weights_15_addr" [../task_detection_tpu/tpu_accel.cpp:120->../task_detection_tpu/tpu_accel.cpp:179]   --->   Operation 91 'store' 'store_ln120' <Predicate = (trunc_ln119 == 1)> <Delay = 2.26> <CoreInst = "RAM">   --->   Core 81 'RAM' <Latency = 1> <II = 1> <Delay = 2.26> <Storage> <Opcode : 'load' 'store'> <Ports = 2> <Width = 4> <Depth = 1024> <RAM>
ST_3 : Operation 92 [1/1] (0.00ns)   --->   "%br_ln120 = br void %arrayidx267.i44.exit" [../task_detection_tpu/tpu_accel.cpp:120->../task_detection_tpu/tpu_accel.cpp:179]   --->   Operation 92 'br' 'br_ln120' <Predicate = (trunc_ln119 == 1)> <Delay = 0.00>
ST_3 : Operation 93 [1/1] ( I:2.26ns O:2.26ns )   --->   "%store_ln120 = store i4 10, i10 %tpu_layer_3_ap_fixed_16_6_5_3_0_ap_fixed_16_6_5_3_0_weights_addr" [../task_detection_tpu/tpu_accel.cpp:120->../task_detection_tpu/tpu_accel.cpp:179]   --->   Operation 93 'store' 'store_ln120' <Predicate = (trunc_ln119 == 0)> <Delay = 2.26> <CoreInst = "RAM">   --->   Core 81 'RAM' <Latency = 1> <II = 1> <Delay = 2.26> <Storage> <Opcode : 'load' 'store'> <Ports = 2> <Width = 4> <Depth = 1024> <RAM>
ST_3 : Operation 94 [1/1] (0.00ns)   --->   "%br_ln120 = br void %arrayidx267.i44.exit" [../task_detection_tpu/tpu_accel.cpp:120->../task_detection_tpu/tpu_accel.cpp:179]   --->   Operation 94 'br' 'br_ln120' <Predicate = (trunc_ln119 == 0)> <Delay = 0.00>
ST_3 : Operation 95 [1/1] ( I:2.26ns O:2.26ns )   --->   "%store_ln120 = store i4 10, i10 %tpu_layer_3_ap_fixed_16_6_5_3_0_ap_fixed_16_6_5_3_0_weights_21_addr" [../task_detection_tpu/tpu_accel.cpp:120->../task_detection_tpu/tpu_accel.cpp:179]   --->   Operation 95 'store' 'store_ln120' <Predicate = (trunc_ln119 == 7)> <Delay = 2.26> <CoreInst = "RAM">   --->   Core 81 'RAM' <Latency = 1> <II = 1> <Delay = 2.26> <Storage> <Opcode : 'load' 'store'> <Ports = 2> <Width = 4> <Depth = 1024> <RAM>
ST_3 : Operation 96 [1/1] (0.00ns)   --->   "%br_ln120 = br void %arrayidx267.i44.exit" [../task_detection_tpu/tpu_accel.cpp:120->../task_detection_tpu/tpu_accel.cpp:179]   --->   Operation 96 'br' 'br_ln120' <Predicate = (trunc_ln119 == 7)> <Delay = 0.00>
ST_3 : Operation 97 [1/1] (0.83ns)   --->   "%store_ln116 = store i4 %select_ln116_1, i4 %o" [../task_detection_tpu/tpu_accel.cpp:116->../task_detection_tpu/tpu_accel.cpp:179]   --->   Operation 97 'store' 'store_ln116' <Predicate = true> <Delay = 0.83>
ST_3 : Operation 98 [1/1] (0.83ns)   --->   "%store_ln117 = store i5 %select_ln117, i5 %i" [../task_detection_tpu/tpu_accel.cpp:117->../task_detection_tpu/tpu_accel.cpp:179]   --->   Operation 98 'store' 'store_ln117' <Predicate = true> <Delay = 0.83>
ST_3 : Operation 99 [1/1] (0.83ns)   --->   "%store_ln118 = store i4 %select_ln118, i4 %r" [../task_detection_tpu/tpu_accel.cpp:118->../task_detection_tpu/tpu_accel.cpp:179]   --->   Operation 99 'store' 'store_ln118' <Predicate = true> <Delay = 0.83>
ST_3 : Operation 100 [1/1] (0.00ns)   --->   "%br_ln119 = br void %for.inc27.i47" [../task_detection_tpu/tpu_accel.cpp:119->../task_detection_tpu/tpu_accel.cpp:179]   --->   Operation 100 'br' 'br_ln119' <Predicate = true> <Delay = 0.00>


============================================================
+ Verbose Summary: Timing violations
============================================================
Target clock period: 10.000ns, clock uncertainty: 2.700ns.

 <State 1>: 0.833ns
The critical path consists of the following:
	'alloca' operation 14 bit ('indvar_flatten78') [15]  (0.000 ns)
	'store' operation ('store_ln0') of constant 0 14 bit on local variable 'indvar_flatten78' [16]  (0.833 ns)

 <State 2>: 4.679ns
The critical path consists of the following:
	'load' operation 12 bit ('indvar_flatten55_load', ../task_detection_tpu/tpu_accel.cpp:117->../task_detection_tpu/tpu_accel.cpp:179) on local variable 'indvar_flatten55' [26]  (0.000 ns)
	'icmp' operation 1 bit ('icmp_ln117', ../task_detection_tpu/tpu_accel.cpp:117->../task_detection_tpu/tpu_accel.cpp:179) [39]  (1.352 ns)
	'xor' operation 1 bit ('xor_ln116', ../task_detection_tpu/tpu_accel.cpp:116->../task_detection_tpu/tpu_accel.cpp:179) [41]  (0.479 ns)
	'and' operation 1 bit ('and_ln116_1', ../task_detection_tpu/tpu_accel.cpp:116->../task_detection_tpu/tpu_accel.cpp:179) [44]  (0.479 ns)
	'or' operation 1 bit ('empty_56', ../task_detection_tpu/tpu_accel.cpp:116->../task_detection_tpu/tpu_accel.cpp:179) [56]  (0.000 ns)
	'or' operation 1 bit ('empty_57', ../task_detection_tpu/tpu_accel.cpp:116->../task_detection_tpu/tpu_accel.cpp:179) [57]  (0.000 ns)
	'select' operation 4 bit ('c_1_mid2', ../task_detection_tpu/tpu_accel.cpp:116->../task_detection_tpu/tpu_accel.cpp:179) [58]  (0.517 ns)
	'add' operation 4 bit ('add_ln119', ../task_detection_tpu/tpu_accel.cpp:119->../task_detection_tpu/tpu_accel.cpp:179) [103]  (1.019 ns)
	'store' operation ('store_ln119', ../task_detection_tpu/tpu_accel.cpp:119->../task_detection_tpu/tpu_accel.cpp:179) of variable 'add_ln119', ../task_detection_tpu/tpu_accel.cpp:119->../task_detection_tpu/tpu_accel.cpp:179 4 bit on local variable 'c', ../task_detection_tpu/tpu_accel.cpp:119->../task_detection_tpu/tpu_accel.cpp:179 [114]  (0.833 ns)

 <State 3>: 7.246ns
The critical path consists of the following:
	'load' operation 5 bit ('i_load', ../task_detection_tpu/tpu_accel.cpp:116->../task_detection_tpu/tpu_accel.cpp:179) on local variable 'i', ../task_detection_tpu/tpu_accel.cpp:117->../task_detection_tpu/tpu_accel.cpp:179 [34]  (0.000 ns)
	'select' operation 5 bit ('select_ln116', ../task_detection_tpu/tpu_accel.cpp:116->../task_detection_tpu/tpu_accel.cpp:179) [40]  (0.625 ns)
	'add' operation 5 bit ('add_ln117', ../task_detection_tpu/tpu_accel.cpp:117->../task_detection_tpu/tpu_accel.cpp:179) [47]  (1.103 ns)
	'select' operation 5 bit ('select_ln117', ../task_detection_tpu/tpu_accel.cpp:117->../task_detection_tpu/tpu_accel.cpp:179) [54]  (0.625 ns)
	'add' operation 7 bit ('add_ln120', ../task_detection_tpu/tpu_accel.cpp:120->../task_detection_tpu/tpu_accel.cpp:179) [62]  (1.272 ns)
	'add' operation 10 bit ('add_ln120_1', ../task_detection_tpu/tpu_accel.cpp:120->../task_detection_tpu/tpu_accel.cpp:179) [65]  (1.354 ns)
	'getelementptr' operation 10 bit ('tpu_layer_3_ap_fixed_16_6_5_3_0_ap_fixed_16_6_5_3_0_weights_20_addr', ../task_detection_tpu/tpu_accel.cpp:120->../task_detection_tpu/tpu_accel.cpp:179) [73]  (0.000 ns)
	'store' operation ('store_ln120', ../task_detection_tpu/tpu_accel.cpp:120->../task_detection_tpu/tpu_accel.cpp:179) of constant 10 4 bit on array 'tpu_layer_3_ap_fixed_16_6_5_3_0_ap_fixed_16_6_5_3_0_weights_20' [79]  (2.266 ns)


============================================================
+ Verbose Summary: Binding
============================================================
N/A
* FSMD analyzer results:
  - Output states:
 - Input state : 
  - Chain level:
	State 1
	State 2
	State 3


============================================================
+ Verbose Summary: Datapath Resource usage 
============================================================
N/A
