

================================================================
== Vitis HLS Report for 'task_detection_accel_Pipeline_VITIS_LOOP_103_10'
================================================================
* Date:           Mon Jun 15 23:15:15 2026

* Version:        2025.2 (Build 6295257 on Nov 14 2025)
* Project:        tpu_integrated_accel
* Solution:       hls (Vivado IP Flow Target)
* Product family: kintex7
* Target device:  xc7k325t-ffg900-2


================================================================
== Performance Estimates
================================================================
+ Timing: 
    * Summary: 
    +--------+----------+----------+------------+
    |  Clock |  Target  | Estimated| Uncertainty|
    +--------+----------+----------+------------+
    |ap_clk  |  10.00 ns|  4.760 ns|     2.70 ns|
    +--------+----------+----------+------------+

+ Latency: 
    * Summary: 
    +---------+---------+----------+----------+-----+-----+-------------------+
    |  Latency (cycles) |  Latency (absolute) |  Interval |      Pipeline     |
    |   min   |   max   |    min   |    max   | min | max |        Type       |
    +---------+---------+----------+----------+-----+-----+-------------------+
    |       10|       10|  0.100 us|  0.100 us|    0|    0|  loop pipeline stp|
    +---------+---------+----------+----------+-----+-----+-------------------+

    + Detail: 
        * Instance: 
        N/A

        * Loop: 
        +---------------------+---------+---------+----------+-----------+-----------+------+----------+
        |                     |  Latency (cycles) | Iteration|  Initiation Interval  | Trip |          |
        |      Loop Name      |   min   |   max   |  Latency |  achieved |   target  | Count| Pipelined|
        +---------------------+---------+---------+----------+-----------+-----------+------+----------+
        |- VITIS_LOOP_103_10  |        8|        8|         2|          1|          1|     8|       yes|
        +---------------------+---------+---------+----------+-----------+-----------+------+----------+



================================================================
== Utilization Estimates
================================================================
* Summary: 
+-----------------+---------+-----+--------+--------+-----+
|       Name      | BRAM_18K| DSP |   FF   |   LUT  | URAM|
+-----------------+---------+-----+--------+--------+-----+
|DSP              |        -|    -|       -|       -|    -|
|Expression       |        -|    -|       0|      65|    -|
|FIFO             |        -|    -|       -|       -|    -|
|Instance         |        -|    -|       -|       -|    -|
|Memory           |        -|    -|       -|       -|    -|
|Multiplexer      |        -|    -|       0|      36|    -|
|Register         |        -|    -|      14|       -|    -|
+-----------------+---------+-----+--------+--------+-----+
|Total            |        0|    0|      14|     101|    0|
+-----------------+---------+-----+--------+--------+-----+
|Available        |      890|  840|  407600|  203800|    0|
+-----------------+---------+-----+--------+--------+-----+
|Utilization (%)  |        0|    0|      ~0|      ~0|    0|
+-----------------+---------+-----+--------+--------+-----+

+ Detail: 
    * Instance: 
    N/A

    * DSP: 
    N/A

    * Memory: 
    N/A

    * FIFO: 
    N/A

    * Expression: 
    +-----------------------+----------+----+---+----+------------+------------+
    |     Variable Name     | Operation| DSP| FF| LUT| Bitwidth P0| Bitwidth P1|
    +-----------------------+----------+----+---+----+------------+------------+
    |add_ln103_1_fu_134_p2  |         +|   0|  0|  23|          16|          16|
    |add_ln103_2_fu_99_p2   |         +|   0|  0|  13|           4|           1|
    |add_ln103_fu_114_p2    |         +|   0|  0|  14|           7|           7|
    |icmp_ln103_fu_93_p2    |      icmp|   0|  0|  13|           4|           5|
    |ap_enable_pp0          |       xor|   0|  0|   2|           1|           2|
    +-----------------------+----------+----+---+----+------------+------------+
    |Total                  |          |   0|  0|  65|          32|          31|
    +-----------------------+----------+----+---+----+------------+------------+

    * Multiplexer: 
    +-------------------------+----+-----------+-----+-----------+
    |           Name          | LUT| Input Size| Bits| Total Bits|
    +-------------------------+----+-----------+-----+-----------+
    |ap_done_int              |   9|          2|    1|          2|
    |ap_enable_reg_pp0_iter1  |   9|          2|    1|          2|
    |ap_sig_allocacmp_i       |   9|          2|    4|          8|
    |i_9_fu_36                |   9|          2|    4|          8|
    +-------------------------+----+-----------+-----+-----------+
    |Total                    |  36|          8|   10|         20|
    +-------------------------+----+-----------+-----+-----------+

    * Register: 
    +-------------------------+---+----+-----+-----------+
    |           Name          | FF| LUT| Bits| Const Bits|
    +-------------------------+---+----+-----+-----------+
    |ap_CS_fsm                |  1|   0|    1|          0|
    |ap_done_reg              |  1|   0|    1|          0|
    |ap_enable_reg_pp0_iter1  |  1|   0|    1|          0|
    |i_9_fu_36                |  4|   0|    4|          0|
    |zext_ln103_2_reg_151     |  7|   0|   64|         57|
    +-------------------------+---+----+-----+-----------+
    |Total                    | 14|   0|   71|         57|
    +-------------------------+---+----+-----+-----------+



================================================================
== Interface
================================================================
* Summary: 
+-------------------+-----+-----+------------+-------------------------------------------------+--------------+
|     RTL Ports     | Dir | Bits|  Protocol  |                  Source Object                  |    C Type    |
+-------------------+-----+-----+------------+-------------------------------------------------+--------------+
|ap_clk             |   in|    1|  ap_ctrl_hs|  task_detection_accel_Pipeline_VITIS_LOOP_103_10|  return value|
|ap_rst             |   in|    1|  ap_ctrl_hs|  task_detection_accel_Pipeline_VITIS_LOOP_103_10|  return value|
|ap_start           |   in|    1|  ap_ctrl_hs|  task_detection_accel_Pipeline_VITIS_LOOP_103_10|  return value|
|ap_done            |  out|    1|  ap_ctrl_hs|  task_detection_accel_Pipeline_VITIS_LOOP_103_10|  return value|
|ap_idle            |  out|    1|  ap_ctrl_hs|  task_detection_accel_Pipeline_VITIS_LOOP_103_10|  return value|
|ap_ready           |  out|    1|  ap_ctrl_hs|  task_detection_accel_Pipeline_VITIS_LOOP_103_10|  return value|
|shl_ln             |   in|    7|     ap_none|                                           shl_ln|        scalar|
|y_tile_1_address0  |  out|    3|   ap_memory|                                         y_tile_1|         array|
|y_tile_1_ce0       |  out|    1|   ap_memory|                                         y_tile_1|         array|
|y_tile_1_q0        |   in|   16|   ap_memory|                                         y_tile_1|         array|
|l2_out_address0    |  out|    7|   ap_memory|                                           l2_out|         array|
|l2_out_ce0         |  out|    1|   ap_memory|                                           l2_out|         array|
|l2_out_we0         |  out|    1|   ap_memory|                                           l2_out|         array|
|l2_out_d0          |  out|   16|   ap_memory|                                           l2_out|         array|
|bias_1_address0    |  out|    7|   ap_memory|                                           bias_1|         array|
|bias_1_ce0         |  out|    1|   ap_memory|                                           bias_1|         array|
|bias_1_q0          |   in|    1|   ap_memory|                                           bias_1|         array|
+-------------------+-----+-----+------------+-------------------------------------------------+--------------+

============================================================
+ Verbose Summary: Synthesis Manager
============================================================
InlineROM: 1
ExposeGlobal: 0
============================================================
+ Verbose Summary: CDFG Model
============================================================
IsTopModel: 0
ResetActiveHigh: 1
IsCombinational: 2
IsDatapathOnly: 2
HasWiredReturn: 1
HasMFsm: 2
HasVarLatency: 1
IsPipeline: 0
IsRtlPipelined: 0
IsInstanceOverlapped: 0
IsDontTouch: 0
HasImplIP: 0
IsGatedGlobalClock: 0

+ Individual pipeline summary: 
  * Pipeline-0: initiation interval (II) = 1, depth = 2


============================================================
+ Verbose Summary: Schedule
============================================================
* Number of FSM states : 2
* Pipeline : 1
  Pipeline-0 : II = 1, D = 2, States = { 1 2 }
* Dataflow Pipeline: 0

* FSM state transitions: 
1 --> 2 
2 --> 

* FSM state operations: 

State 1 <SV = 0> <Delay = 3.25>
ST_1 : Operation 5 [1/1] (0.00ns)   --->   "%i_9 = alloca i32 1" [../task_detection_tpu/tpu_accel.cpp:103->../task_detection_tpu/tpu_accel.cpp:176]   --->   Operation 5 'alloca' 'i_9' <Predicate = true> <Delay = 0.00>
ST_1 : Operation 6 [1/1] (0.00ns)   --->   "%shl_ln_read = read i7 @_ssdm_op_Read.ap_auto.i7, i7 %shl_ln"   --->   Operation 6 'read' 'shl_ln_read' <Predicate = true> <Delay = 0.00>
ST_1 : Operation 7 [1/1] (0.83ns)   --->   "%store_ln103 = store i4 0, i4 %i_9" [../task_detection_tpu/tpu_accel.cpp:103->../task_detection_tpu/tpu_accel.cpp:176]   --->   Operation 7 'store' 'store_ln103' <Predicate = true> <Delay = 0.83>
ST_1 : Operation 8 [1/1] (0.00ns)   --->   "%br_ln0 = br void %for.body87.i"   --->   Operation 8 'br' 'br_ln0' <Predicate = true> <Delay = 0.00>
ST_1 : Operation 9 [1/1] (0.00ns)   --->   "%i = load i4 %i_9" [../task_detection_tpu/tpu_accel.cpp:103->../task_detection_tpu/tpu_accel.cpp:176]   --->   Operation 9 'load' 'i' <Predicate = true> <Delay = 0.00>
ST_1 : Operation 10 [1/1] (1.01ns)   --->   "%icmp_ln103 = icmp_eq  i4 %i, i4 8" [../task_detection_tpu/tpu_accel.cpp:103->../task_detection_tpu/tpu_accel.cpp:176]   --->   Operation 10 'icmp' 'icmp_ln103' <Predicate = true> <Delay = 1.01> <CoreInst = "Cmp">   --->   Core 9 'Cmp' <Latency = 0> <II = 1> <Delay = 1.10> <FuncUnit> <Opcode : 'seteq' 'setne' 'setle' 'setge' 'setlt' 'setgt'> <InPorts = 2> <OutPorts = 1>
ST_1 : Operation 11 [1/1] (1.01ns)   --->   "%add_ln103_2 = add i4 %i, i4 1" [../task_detection_tpu/tpu_accel.cpp:103->../task_detection_tpu/tpu_accel.cpp:176]   --->   Operation 11 'add' 'add_ln103_2' <Predicate = true> <Delay = 1.01> <CoreInst = "Adder">   --->   Core 1 'Adder' <Latency = 0> <II = 1> <Delay = 1.01> <FuncUnit> <Opcode : 'add' 'sub'> <InPorts = 2> <OutPorts = 1>
ST_1 : Operation 12 [1/1] (0.00ns)   --->   "%br_ln103 = br i1 %icmp_ln103, void %for.body87.i.split, void %for.inc103.i.exitStub" [../task_detection_tpu/tpu_accel.cpp:103->../task_detection_tpu/tpu_accel.cpp:176]   --->   Operation 12 'br' 'br_ln103' <Predicate = true> <Delay = 0.00>
ST_1 : Operation 13 [1/1] (0.00ns)   --->   "%zext_ln103 = zext i4 %i" [../task_detection_tpu/tpu_accel.cpp:103->../task_detection_tpu/tpu_accel.cpp:176]   --->   Operation 13 'zext' 'zext_ln103' <Predicate = (!icmp_ln103)> <Delay = 0.00>
ST_1 : Operation 14 [1/1] (0.00ns)   --->   "%zext_ln103_1 = zext i4 %i" [../task_detection_tpu/tpu_accel.cpp:103->../task_detection_tpu/tpu_accel.cpp:176]   --->   Operation 14 'zext' 'zext_ln103_1' <Predicate = (!icmp_ln103)> <Delay = 0.00>
ST_1 : Operation 15 [1/1] (1.27ns)   --->   "%add_ln103 = add i7 %zext_ln103_1, i7 %shl_ln_read" [../task_detection_tpu/tpu_accel.cpp:103->../task_detection_tpu/tpu_accel.cpp:176]   --->   Operation 15 'add' 'add_ln103' <Predicate = (!icmp_ln103)> <Delay = 1.27> <CoreInst = "Adder">   --->   Core 1 'Adder' <Latency = 0> <II = 1> <Delay = 1.27> <FuncUnit> <Opcode : 'add' 'sub'> <InPorts = 2> <OutPorts = 1>
ST_1 : Operation 16 [1/1] (0.00ns)   --->   "%zext_ln103_2 = zext i7 %add_ln103" [../task_detection_tpu/tpu_accel.cpp:103->../task_detection_tpu/tpu_accel.cpp:176]   --->   Operation 16 'zext' 'zext_ln103_2' <Predicate = (!icmp_ln103)> <Delay = 0.00>
ST_1 : Operation 17 [1/1] (0.00ns)   --->   "%y_tile_1_addr = getelementptr i16 %y_tile_1, i64 0, i64 %zext_ln103" [../task_detection_tpu/tpu_accel.cpp:103->../task_detection_tpu/tpu_accel.cpp:176]   --->   Operation 17 'getelementptr' 'y_tile_1_addr' <Predicate = (!icmp_ln103)> <Delay = 0.00>
ST_1 : Operation 18 [2/2] (1.14ns)   --->   "%y_tile_1_load = load i3 %y_tile_1_addr" [../task_detection_tpu/tpu_accel.cpp:103->../task_detection_tpu/tpu_accel.cpp:176]   --->   Operation 18 'load' 'y_tile_1_load' <Predicate = (!icmp_ln103)> <Delay = 1.14> <CoreInst = "RAM">   --->   Core 81 'RAM' <Latency = 1> <II = 1> <Delay = 1.14> <Storage> <Opcode : 'load' 'store'> <Ports = 2> <Width = 16> <Depth = 8> <RAM>
ST_1 : Operation 19 [1/1] (0.00ns)   --->   "%bias_1_addr = getelementptr i1 %bias_1, i64 0, i64 %zext_ln103_2" [../task_detection_tpu/tpu_accel.cpp:103->../task_detection_tpu/tpu_accel.cpp:176]   --->   Operation 19 'getelementptr' 'bias_1_addr' <Predicate = (!icmp_ln103)> <Delay = 0.00>
ST_1 : Operation 20 [2/2] (1.14ns)   --->   "%bias_1_load = load i7 %bias_1_addr" [../task_detection_tpu/tpu_accel.cpp:103->../task_detection_tpu/tpu_accel.cpp:176]   --->   Operation 20 'load' 'bias_1_load' <Predicate = (!icmp_ln103)> <Delay = 1.14> <CoreInst = "RAM">   --->   Core 81 'RAM' <Latency = 1> <II = 1> <Delay = 1.14> <Storage> <Opcode : 'load' 'store'> <Ports = 2> <Width = 1> <Depth = 128> <RAM>
ST_1 : Operation 21 [1/1] (0.83ns)   --->   "%store_ln103 = store i4 %add_ln103_2, i4 %i_9" [../task_detection_tpu/tpu_accel.cpp:103->../task_detection_tpu/tpu_accel.cpp:176]   --->   Operation 21 'store' 'store_ln103' <Predicate = (!icmp_ln103)> <Delay = 0.83>
ST_1 : Operation 32 [1/1] (0.83ns)   --->   "%ret_ln0 = ret"   --->   Operation 32 'ret' 'ret_ln0' <Predicate = (icmp_ln103)> <Delay = 0.83>

State 2 <SV = 1> <Delay = 4.76>
ST_2 : Operation 22 [1/1] (0.00ns)   --->   "%specpipeline_ln103 = specpipeline void @_ssdm_op_SpecPipeline, i32 4294967295, i32 0, i32 0, i32 0, i32 4294967295, void @empty_22" [../task_detection_tpu/tpu_accel.cpp:103->../task_detection_tpu/tpu_accel.cpp:176]   --->   Operation 22 'specpipeline' 'specpipeline_ln103' <Predicate = true> <Delay = 0.00>
ST_2 : Operation 23 [1/1] (0.00ns)   --->   "%speclooptripcount_ln103 = speclooptripcount void @_ssdm_op_SpecLoopTripCount, i64 8, i64 8, i64 8" [../task_detection_tpu/tpu_accel.cpp:103->../task_detection_tpu/tpu_accel.cpp:176]   --->   Operation 23 'speclooptripcount' 'speclooptripcount_ln103' <Predicate = true> <Delay = 0.00>
ST_2 : Operation 24 [1/1] (0.00ns)   --->   "%specloopname_ln103 = specloopname void @_ssdm_op_SpecLoopName, void @empty_4" [../task_detection_tpu/tpu_accel.cpp:103->../task_detection_tpu/tpu_accel.cpp:176]   --->   Operation 24 'specloopname' 'specloopname_ln103' <Predicate = true> <Delay = 0.00>
ST_2 : Operation 25 [1/2] ( I:1.14ns O:1.14ns )   --->   "%y_tile_1_load = load i3 %y_tile_1_addr" [../task_detection_tpu/tpu_accel.cpp:103->../task_detection_tpu/tpu_accel.cpp:176]   --->   Operation 25 'load' 'y_tile_1_load' <Predicate = true> <Delay = 1.14> <CoreInst = "RAM">   --->   Core 81 'RAM' <Latency = 1> <II = 1> <Delay = 1.14> <Storage> <Opcode : 'load' 'store'> <Ports = 2> <Width = 16> <Depth = 8> <RAM>
ST_2 : Operation 26 [1/2] ( I:1.14ns O:1.14ns )   --->   "%bias_1_load = load i7 %bias_1_addr" [../task_detection_tpu/tpu_accel.cpp:103->../task_detection_tpu/tpu_accel.cpp:176]   --->   Operation 26 'load' 'bias_1_load' <Predicate = true> <Delay = 1.14> <CoreInst = "RAM">   --->   Core 81 'RAM' <Latency = 1> <II = 1> <Delay = 1.14> <Storage> <Opcode : 'load' 'store'> <Ports = 2> <Width = 1> <Depth = 128> <RAM>
ST_2 : Operation 27 [1/1] (0.00ns)   --->   "%zext_ln103_3 = zext i1 %bias_1_load" [../task_detection_tpu/tpu_accel.cpp:103->../task_detection_tpu/tpu_accel.cpp:176]   --->   Operation 27 'zext' 'zext_ln103_3' <Predicate = true> <Delay = 0.00>
ST_2 : Operation 28 [1/1] (1.34ns)   --->   "%add_ln103_1 = add i16 %zext_ln103_3, i16 %y_tile_1_load" [../task_detection_tpu/tpu_accel.cpp:103->../task_detection_tpu/tpu_accel.cpp:176]   --->   Operation 28 'add' 'add_ln103_1' <Predicate = true> <Delay = 1.34> <CoreInst = "Adder">   --->   Core 1 'Adder' <Latency = 0> <II = 1> <Delay = 1.34> <FuncUnit> <Opcode : 'add' 'sub'> <InPorts = 2> <OutPorts = 1>
ST_2 : Operation 29 [1/1] (0.00ns)   --->   "%l2_out_addr = getelementptr i16 %l2_out, i64 0, i64 %zext_ln103_2" [../task_detection_tpu/tpu_accel.cpp:103->../task_detection_tpu/tpu_accel.cpp:176]   --->   Operation 29 'getelementptr' 'l2_out_addr' <Predicate = true> <Delay = 0.00>
ST_2 : Operation 30 [1/1] ( I:2.26ns O:2.26ns )   --->   "%store_ln103 = store i16 %add_ln103_1, i7 %l2_out_addr" [../task_detection_tpu/tpu_accel.cpp:103->../task_detection_tpu/tpu_accel.cpp:176]   --->   Operation 30 'store' 'store_ln103' <Predicate = true> <Delay = 2.26> <CoreInst = "RAM">   --->   Core 81 'RAM' <Latency = 1> <II = 1> <Delay = 2.26> <Storage> <Opcode : 'load' 'store'> <Ports = 2> <Width = 16> <Depth = 128> <RAM>
ST_2 : Operation 31 [1/1] (0.00ns)   --->   "%br_ln103 = br void %for.body87.i" [../task_detection_tpu/tpu_accel.cpp:103->../task_detection_tpu/tpu_accel.cpp:176]   --->   Operation 31 'br' 'br_ln103' <Predicate = true> <Delay = 0.00>


============================================================
+ Verbose Summary: Binding
============================================================
STG Binding: 
---------------- STG Properties BEGIN ----------------
- Is combinational: 0
- Is one-state seq: 0
- Is datapath-only: 0
- Is pipelined: 0
- Is top level: 0
Port [ Return ] is wired: 1; IO mode=ap_ctrl_hs:ce=0
Port [ shl_ln]:  wired=1; compound=0; hidden=0; nouse=0; global=0; static=0; extern=0; dir=0; type=0; pingpong=0; private_global=0; IO mode=ap_none:ce=0
Port [ y_tile_1]:  wired=1; compound=1; hidden=0; nouse=0; global=0; static=0; extern=0; dir=0; type=1; pingpong=0; private_global=0; MemPort=[13]; IO mode=ap_memory:ce=0
Port [ l2_out]:  wired=1; compound=1; hidden=0; nouse=0; global=0; static=0; extern=0; dir=1; type=1; pingpong=0; private_global=0; MemPort=[03]; IO mode=ap_memory:ce=0
Port [ bias_1]:  wired=1; compound=1; hidden=0; nouse=0; global=1; static=1; extern=0; dir=0; type=1; pingpong=0; private_global=0; MemPort=[13]; IO mode=ap_memory:ce=0
---------------- STG Properties END ------------------

---------------- Datapath Model BEGIN ----------------

<LifeTime>
<method=bitvector/>
i_9                     (alloca           ) [ 010]
shl_ln_read             (read             ) [ 000]
store_ln103             (store            ) [ 000]
br_ln0                  (br               ) [ 000]
i                       (load             ) [ 000]
icmp_ln103              (icmp             ) [ 010]
add_ln103_2             (add              ) [ 000]
br_ln103                (br               ) [ 000]
zext_ln103              (zext             ) [ 000]
zext_ln103_1            (zext             ) [ 000]
add_ln103               (add              ) [ 000]
zext_ln103_2            (zext             ) [ 011]
y_tile_1_addr           (getelementptr    ) [ 011]
bias_1_addr             (getelementptr    ) [ 011]
store_ln103             (store            ) [ 000]
specpipeline_ln103      (specpipeline     ) [ 000]
speclooptripcount_ln103 (speclooptripcount) [ 000]
specloopname_ln103      (specloopname     ) [ 000]
y_tile_1_load           (load             ) [ 000]
bias_1_load             (load             ) [ 000]
zext_ln103_3            (zext             ) [ 000]
add_ln103_1             (add              ) [ 000]
l2_out_addr             (getelementptr    ) [ 000]
store_ln103             (store            ) [ 000]
br_ln103                (br               ) [ 000]
ret_ln0                 (ret              ) [ 000]
</LifeTime>

<model>

<comp_list>
<comp id="0" class="1000" name="shl_ln">
<pin_list>
<pin id="1" dir="1" index="0" bw="1" slack="0"/>
</pin_list>
<bind>
<StgValue><ssdm name="shl_ln"/></StgValue>
</bind>
</comp>

<comp id="2" class="1000" name="y_tile_1">
<pin_list>
<pin id="3" dir="1" index="0" bw="1" slack="0"/>
</pin_list>
<bind>
<StgValue><ssdm name="y_tile_1"/><MemPortTyVec>1 3 </MemPortTyVec>
</StgValue>
</bind>
</comp>

<comp id="4" class="1000" name="l2_out">
<pin_list>
<pin id="5" dir="1" index="0" bw="1" slack="0"/>
</pin_list>
<bind>
<StgValue><ssdm name="l2_out"/><MemPortTyVec>0 3 </MemPortTyVec>
</StgValue>
</bind>
</comp>

<comp id="6" class="1000" name="bias_1">
<pin_list>
<pin id="7" dir="1" index="0" bw="1" slack="0"/>
</pin_list>
<bind>
<StgValue><ssdm name="bias_1"/><MemPortTyVec>1 3 </MemPortTyVec>
</StgValue>
</bind>
</comp>

<comp id="8" class="1001" name="const_8">
<pin_list>
<pin id="9" dir="1" index="0" bw="1" slack="0"/>
</pin_list>
<bind>
<StgValue><ssdm name=""/></StgValue>
</bind>
</comp>

<comp id="10" class="1001" name="const_10">
<pin_list>
<pin id="11" dir="1" index="0" bw="1" slack="0"/>
</pin_list>
<bind>
<StgValue><ssdm name="_ssdm_op_Read.ap_auto.i7"/></StgValue>
</bind>
</comp>

<comp id="12" class="1001" name="const_12">
<pin_list>
<pin id="13" dir="1" index="0" bw="1" slack="0"/>
</pin_list>
<bind>
<StgValue><ssdm name=""/></StgValue>
</bind>
</comp>

<comp id="14" class="1001" name="const_14">
<pin_list>
<pin id="15" dir="1" index="0" bw="1" slack="0"/>
</pin_list>
<bind>
<StgValue><ssdm name=""/></StgValue>
</bind>
</comp>

<comp id="16" class="1001" name="const_16">
<pin_list>
<pin id="17" dir="1" index="0" bw="1" slack="0"/>
</pin_list>
<bind>
<StgValue><ssdm name=""/></StgValue>
</bind>
</comp>

<comp id="18" class="1001" name="const_18">
<pin_list>
<pin id="19" dir="1" index="0" bw="1" slack="0"/>
</pin_list>
<bind>
<StgValue><ssdm name=""/></StgValue>
</bind>
</comp>

<comp id="20" class="1001" name="const_20">
<pin_list>
<pin id="21" dir="1" index="0" bw="1" slack="2147483647"/>
</pin_list>
<bind>
<StgValue><ssdm name="_ssdm_op_SpecPipeline"/></StgValue>
</bind>
</comp>

<comp id="22" class="1001" name="const_22">
<pin_list>
<pin id="23" dir="1" index="0" bw="1" slack="2147483647"/>
</pin_list>
<bind>
<StgValue><ssdm name=""/></StgValue>
</bind>
</comp>

<comp id="24" class="1001" name="const_24">
<pin_list>
<pin id="25" dir="1" index="0" bw="1" slack="2147483647"/>
</pin_list>
<bind>
<StgValue><ssdm name=""/></StgValue>
</bind>
</comp>

<comp id="26" class="1001" name="const_26">
<pin_list>
<pin id="27" dir="1" index="0" bw="1" slack="2147483647"/>
</pin_list>
<bind>
<StgValue><ssdm name="empty_22"/></StgValue>
</bind>
</comp>

<comp id="28" class="1001" name="const_28">
<pin_list>
<pin id="29" dir="1" index="0" bw="1" slack="2147483647"/>
</pin_list>
<bind>
<StgValue><ssdm name="_ssdm_op_SpecLoopTripCount"/></StgValue>
</bind>
</comp>

<comp id="30" class="1001" name="const_30">
<pin_list>
<pin id="31" dir="1" index="0" bw="1" slack="2147483647"/>
</pin_list>
<bind>
<StgValue><ssdm name=""/></StgValue>
</bind>
</comp>

<comp id="32" class="1001" name="const_32">
<pin_list>
<pin id="33" dir="1" index="0" bw="1" slack="2147483647"/>
</pin_list>
<bind>
<StgValue><ssdm name="_ssdm_op_SpecLoopName"/></StgValue>
</bind>
</comp>

<comp id="34" class="1001" name="const_34">
<pin_list>
<pin id="35" dir="1" index="0" bw="1" slack="2147483647"/>
</pin_list>
<bind>
<StgValue><ssdm name="empty_4"/></StgValue>
</bind>
</comp>

<comp id="36" class="1004" name="i_9_fu_36">
<pin_list>
<pin id="37" dir="0" index="0" bw="1" slack="0"/>
<pin id="38" dir="1" index="1" bw="4" slack="0"/>
</pin_list>
<bind>
<opcode="alloca(26) " fcode="alloca"/>
<opset="i_9/1 "/>
</bind>
</comp>

<comp id="40" class="1004" name="shl_ln_read_read_fu_40">
<pin_list>
<pin id="41" dir="0" index="0" bw="7" slack="0"/>
<pin id="42" dir="0" index="1" bw="7" slack="0"/>
<pin id="43" dir="1" index="2" bw="7" slack="0"/>
</pin_list>
<bind>
<opcode="read(1150) " fcode="read"/>
<opset="shl_ln_read/1 "/>
</bind>
</comp>

<comp id="46" class="1004" name="y_tile_1_addr_gep_fu_46">
<pin_list>
<pin id="47" dir="0" index="0" bw="16" slack="0"/>
<pin id="48" dir="0" index="1" bw="1" slack="0"/>
<pin id="49" dir="0" index="2" bw="4" slack="0"/>
<pin id="50" dir="1" index="3" bw="3" slack="0"/>
</pin_list>
<bind>
<opcode="getelementptr(29) " fcode="getelementptr"/>
<opset="y_tile_1_addr/1 "/>
</bind>
</comp>

<comp id="53" class="1004" name="grp_access_fu_53">
<pin_list>
<pin id="54" dir="0" index="0" bw="3" slack="0"/>
<pin id="55" dir="0" index="1" bw="16" slack="2147483647"/>
<pin id="56" dir="0" index="2" bw="0" slack="2147483647"/>
<pin id="57" dir="1" index="3" bw="16" slack="0"/>
</pin_list>
<bind>
<opcode="load(27) " fcode="load"/>
<opset="y_tile_1_load/1 "/>
</bind>
</comp>

<comp id="59" class="1004" name="bias_1_addr_gep_fu_59">
<pin_list>
<pin id="60" dir="0" index="0" bw="1" slack="0"/>
<pin id="61" dir="0" index="1" bw="1" slack="0"/>
<pin id="62" dir="0" index="2" bw="7" slack="0"/>
<pin id="63" dir="1" index="3" bw="7" slack="0"/>
</pin_list>
<bind>
<opcode="getelementptr(29) " fcode="getelementptr"/>
<opset="bias_1_addr/1 "/>
</bind>
</comp>

<comp id="66" class="1004" name="grp_access_fu_66">
<pin_list>
<pin id="67" dir="0" index="0" bw="7" slack="0"/>
<pin id="68" dir="0" index="1" bw="1" slack="2147483647"/>
<pin id="69" dir="0" index="2" bw="0" slack="2147483647"/>
<pin id="70" dir="1" index="3" bw="1" slack="0"/>
</pin_list>
<bind>
<opcode="load(27) " fcode="load"/>
<opset="bias_1_load/1 "/>
</bind>
</comp>

<comp id="72" class="1004" name="l2_out_addr_gep_fu_72">
<pin_list>
<pin id="73" dir="0" index="0" bw="16" slack="0"/>
<pin id="74" dir="0" index="1" bw="1" slack="0"/>
<pin id="75" dir="0" index="2" bw="7" slack="1"/>
<pin id="76" dir="1" index="3" bw="7" slack="0"/>
</pin_list>
<bind>
<opcode="getelementptr(29) " fcode="getelementptr"/>
<opset="l2_out_addr/2 "/>
</bind>
</comp>

<comp id="79" class="1004" name="store_ln103_access_fu_79">
<pin_list>
<pin id="80" dir="0" index="0" bw="7" slack="0"/>
<pin id="81" dir="0" index="1" bw="16" slack="0"/>
<pin id="82" dir="0" index="2" bw="0" slack="2147483647"/>
<pin id="83" dir="1" index="3" bw="16" slack="2147483647"/>
</pin_list>
<bind>
<opcode="store(28) " fcode="store"/>
<opset="store_ln103/2 "/>
</bind>
</comp>

<comp id="85" class="1004" name="store_ln103_store_fu_85">
<pin_list>
<pin id="86" dir="0" index="0" bw="1" slack="0"/>
<pin id="87" dir="0" index="1" bw="4" slack="0"/>
<pin id="88" dir="1" index="2" bw="0" slack="2147483647"/>
</pin_list>
<bind>
<opcode="store(28) " fcode="store"/>
<opset="store_ln103/1 "/>
</bind>
</comp>

<comp id="90" class="1004" name="i_load_fu_90">
<pin_list>
<pin id="91" dir="0" index="0" bw="4" slack="0"/>
<pin id="92" dir="1" index="1" bw="4" slack="0"/>
</pin_list>
<bind>
<opcode="load(27) " fcode="load"/>
<opset="i/1 "/>
</bind>
</comp>

<comp id="93" class="1004" name="icmp_ln103_fu_93">
<pin_list>
<pin id="94" dir="0" index="0" bw="4" slack="0"/>
<pin id="95" dir="0" index="1" bw="4" slack="0"/>
<pin id="96" dir="1" index="2" bw="1" slack="2147483647"/>
</pin_list>
<bind>
<opcode="icmp(45) " fcode="icmp"/>
<opset="icmp_ln103/1 "/>
</bind>
</comp>

<comp id="99" class="1004" name="add_ln103_2_fu_99">
<pin_list>
<pin id="100" dir="0" index="0" bw="4" slack="0"/>
<pin id="101" dir="0" index="1" bw="1" slack="0"/>
<pin id="102" dir="1" index="2" bw="4" slack="0"/>
</pin_list>
<bind>
<opcode="add(8) " fcode="add"/>
<opset="add_ln103_2/1 "/>
</bind>
</comp>

<comp id="105" class="1004" name="zext_ln103_fu_105">
<pin_list>
<pin id="106" dir="0" index="0" bw="4" slack="0"/>
<pin id="107" dir="1" index="1" bw="64" slack="0"/>
</pin_list>
<bind>
<opcode="zext(34) " fcode="zext"/>
<opset="zext_ln103/1 "/>
</bind>
</comp>

<comp id="110" class="1004" name="zext_ln103_1_fu_110">
<pin_list>
<pin id="111" dir="0" index="0" bw="4" slack="0"/>
<pin id="112" dir="1" index="1" bw="7" slack="0"/>
</pin_list>
<bind>
<opcode="zext(34) " fcode="zext"/>
<opset="zext_ln103_1/1 "/>
</bind>
</comp>

<comp id="114" class="1004" name="add_ln103_fu_114">
<pin_list>
<pin id="115" dir="0" index="0" bw="4" slack="0"/>
<pin id="116" dir="0" index="1" bw="7" slack="0"/>
<pin id="117" dir="1" index="2" bw="7" slack="0"/>
</pin_list>
<bind>
<opcode="add(8) " fcode="add"/>
<opset="add_ln103/1 "/>
</bind>
</comp>

<comp id="120" class="1004" name="zext_ln103_2_fu_120">
<pin_list>
<pin id="121" dir="0" index="0" bw="7" slack="0"/>
<pin id="122" dir="1" index="1" bw="64" slack="0"/>
</pin_list>
<bind>
<opcode="zext(34) " fcode="zext"/>
<opset="zext_ln103_2/1 "/>
</bind>
</comp>

<comp id="125" class="1004" name="store_ln103_store_fu_125">
<pin_list>
<pin id="126" dir="0" index="0" bw="4" slack="0"/>
<pin id="127" dir="0" index="1" bw="4" slack="0"/>
<pin id="128" dir="1" index="2" bw="0" slack="2147483647"/>
</pin_list>
<bind>
<opcode="store(28) " fcode="store"/>
<opset="store_ln103/1 "/>
</bind>
</comp>

<comp id="130" class="1004" name="zext_ln103_3_fu_130">
<pin_list>
<pin id="131" dir="0" index="0" bw="1" slack="0"/>
<pin id="132" dir="1" index="1" bw="16" slack="0"/>
</pin_list>
<bind>
<opcode="zext(34) " fcode="zext"/>
<opset="zext_ln103_3/2 "/>
</bind>
</comp>

<comp id="134" class="1004" name="add_ln103_1_fu_134">
<pin_list>
<pin id="135" dir="0" index="0" bw="1" slack="0"/>
<pin id="136" dir="0" index="1" bw="16" slack="0"/>
<pin id="137" dir="1" index="2" bw="16" slack="0"/>
</pin_list>
<bind>
<opcode="add(8) " fcode="add"/>
<opset="add_ln103_1/2 "/>
</bind>
</comp>

<comp id="141" class="1005" name="i_9_reg_141">
<pin_list>
<pin id="142" dir="0" index="0" bw="4" slack="0"/>
<pin id="143" dir="1" index="1" bw="4" slack="0"/>
</pin_list>
<bind>
<opset="i_9 "/>
</bind>
</comp>

<comp id="151" class="1005" name="zext_ln103_2_reg_151">
<pin_list>
<pin id="152" dir="0" index="0" bw="64" slack="1"/>
<pin id="153" dir="1" index="1" bw="64" slack="1"/>
</pin_list>
<bind>
<opset="zext_ln103_2 "/>
</bind>
</comp>

<comp id="156" class="1005" name="y_tile_1_addr_reg_156">
<pin_list>
<pin id="157" dir="0" index="0" bw="3" slack="1"/>
<pin id="158" dir="1" index="1" bw="3" slack="1"/>
</pin_list>
<bind>
<opset="y_tile_1_addr "/>
</bind>
</comp>

<comp id="161" class="1005" name="bias_1_addr_reg_161">
<pin_list>
<pin id="162" dir="0" index="0" bw="7" slack="1"/>
<pin id="163" dir="1" index="1" bw="7" slack="1"/>
</pin_list>
<bind>
<opset="bias_1_addr "/>
</bind>
</comp>

</comp_list>

<net_list>
<net id="39"><net_src comp="8" pin="0"/><net_sink comp="36" pin=0"/></net>

<net id="44"><net_src comp="10" pin="0"/><net_sink comp="40" pin=0"/></net>

<net id="45"><net_src comp="0" pin="0"/><net_sink comp="40" pin=1"/></net>

<net id="51"><net_src comp="2" pin="0"/><net_sink comp="46" pin=0"/></net>

<net id="52"><net_src comp="18" pin="0"/><net_sink comp="46" pin=1"/></net>

<net id="58"><net_src comp="46" pin="3"/><net_sink comp="53" pin=0"/></net>

<net id="64"><net_src comp="6" pin="0"/><net_sink comp="59" pin=0"/></net>

<net id="65"><net_src comp="18" pin="0"/><net_sink comp="59" pin=1"/></net>

<net id="71"><net_src comp="59" pin="3"/><net_sink comp="66" pin=0"/></net>

<net id="77"><net_src comp="4" pin="0"/><net_sink comp="72" pin=0"/></net>

<net id="78"><net_src comp="18" pin="0"/><net_sink comp="72" pin=1"/></net>

<net id="84"><net_src comp="72" pin="3"/><net_sink comp="79" pin=0"/></net>

<net id="89"><net_src comp="12" pin="0"/><net_sink comp="85" pin=0"/></net>

<net id="97"><net_src comp="90" pin="1"/><net_sink comp="93" pin=0"/></net>

<net id="98"><net_src comp="14" pin="0"/><net_sink comp="93" pin=1"/></net>

<net id="103"><net_src comp="90" pin="1"/><net_sink comp="99" pin=0"/></net>

<net id="104"><net_src comp="16" pin="0"/><net_sink comp="99" pin=1"/></net>

<net id="108"><net_src comp="90" pin="1"/><net_sink comp="105" pin=0"/></net>

<net id="109"><net_src comp="105" pin="1"/><net_sink comp="46" pin=2"/></net>

<net id="113"><net_src comp="90" pin="1"/><net_sink comp="110" pin=0"/></net>

<net id="118"><net_src comp="110" pin="1"/><net_sink comp="114" pin=0"/></net>

<net id="119"><net_src comp="40" pin="2"/><net_sink comp="114" pin=1"/></net>

<net id="123"><net_src comp="114" pin="2"/><net_sink comp="120" pin=0"/></net>

<net id="124"><net_src comp="120" pin="1"/><net_sink comp="59" pin=2"/></net>

<net id="129"><net_src comp="99" pin="2"/><net_sink comp="125" pin=0"/></net>

<net id="133"><net_src comp="66" pin="3"/><net_sink comp="130" pin=0"/></net>

<net id="138"><net_src comp="130" pin="1"/><net_sink comp="134" pin=0"/></net>

<net id="139"><net_src comp="53" pin="3"/><net_sink comp="134" pin=1"/></net>

<net id="140"><net_src comp="134" pin="2"/><net_sink comp="79" pin=1"/></net>

<net id="144"><net_src comp="36" pin="1"/><net_sink comp="141" pin=0"/></net>

<net id="145"><net_src comp="141" pin="1"/><net_sink comp="85" pin=1"/></net>

<net id="146"><net_src comp="141" pin="1"/><net_sink comp="90" pin=0"/></net>

<net id="147"><net_src comp="141" pin="1"/><net_sink comp="125" pin=1"/></net>

<net id="154"><net_src comp="120" pin="1"/><net_sink comp="151" pin=0"/></net>

<net id="155"><net_src comp="151" pin="1"/><net_sink comp="72" pin=2"/></net>

<net id="159"><net_src comp="46" pin="3"/><net_sink comp="156" pin=0"/></net>

<net id="160"><net_src comp="156" pin="1"/><net_sink comp="53" pin=0"/></net>

<net id="164"><net_src comp="59" pin="3"/><net_sink comp="161" pin=0"/></net>

<net id="165"><net_src comp="161" pin="1"/><net_sink comp="66" pin=0"/></net>

</net_list>

</model> 
---------------- Datapath Model END ------------------

* FSMD analyzer results:
  - Output states:
	Port: l2_out | {2 }
	Port: bias_1 | {}
 - Input state : 
	Port: task_detection_accel_Pipeline_VITIS_LOOP_103_10 : shl_ln | {1 }
	Port: task_detection_accel_Pipeline_VITIS_LOOP_103_10 : y_tile_1 | {1 2 }
	Port: task_detection_accel_Pipeline_VITIS_LOOP_103_10 : bias_1 | {1 2 }
  - Chain level:
	State 1
		store_ln103 : 1
		i : 1
		icmp_ln103 : 2
		add_ln103_2 : 2
		br_ln103 : 3
		zext_ln103 : 2
		zext_ln103_1 : 2
		add_ln103 : 3
		zext_ln103_2 : 4
		y_tile_1_addr : 3
		y_tile_1_load : 4
		bias_1_addr : 5
		bias_1_load : 6
		store_ln103 : 3
	State 2
		zext_ln103_3 : 1
		add_ln103_1 : 2
		store_ln103 : 3


============================================================
+ Verbose Summary: Datapath Resource usage 
============================================================

* Functional unit list:
|----------|------------------------|---------|---------|
| Operation|     Functional Unit    |    FF   |   LUT   |
|----------|------------------------|---------|---------|
|          |    add_ln103_2_fu_99   |    0    |    13   |
|    add   |    add_ln103_fu_114    |    0    |    14   |
|          |   add_ln103_1_fu_134   |    0    |    23   |
|----------|------------------------|---------|---------|
|   icmp   |    icmp_ln103_fu_93    |    0    |    13   |
|----------|------------------------|---------|---------|
|   read   | shl_ln_read_read_fu_40 |    0    |    0    |
|----------|------------------------|---------|---------|
|          |    zext_ln103_fu_105   |    0    |    0    |
|   zext   |   zext_ln103_1_fu_110  |    0    |    0    |
|          |   zext_ln103_2_fu_120  |    0    |    0    |
|          |   zext_ln103_3_fu_130  |    0    |    0    |
|----------|------------------------|---------|---------|
|   Total  |                        |    0    |    63   |
|----------|------------------------|---------|---------|

Memories:
N/A

* Register list:
+---------------------+--------+
|                     |   FF   |
+---------------------+--------+
| bias_1_addr_reg_161 |    7   |
|     i_9_reg_141     |    4   |
|y_tile_1_addr_reg_156|    3   |
| zext_ln103_2_reg_151|   64   |
+---------------------+--------+
|        Total        |   78   |
+---------------------+--------+

* Multiplexer (MUX) list: 
|------------------|------|------|------|--------||---------||---------||---------|
|       Comp       |  Pin | Size |  BW  | S x BW ||  Delay  ||    FF   ||   LUT   |
|------------------|------|------|------|--------||---------||---------||---------|
| grp_access_fu_53 |  p0  |   2  |   3  |    6   ||    0    ||    9    |
| grp_access_fu_66 |  p0  |   2  |   7  |   14   ||    0    ||    9    |
|------------------|------|------|------|--------||---------||---------||---------|
|       Total      |      |      |      |   20   ||  1.666  ||    0    ||    18   |
|------------------|------|------|------|--------||---------||---------||---------|



* Summary:
+-----------+--------+--------+--------+
|           |  Delay |   FF   |   LUT  |
+-----------+--------+--------+--------+
|  Function |    -   |    0   |   63   |
|   Memory  |    -   |    -   |    -   |
|Multiplexer|    1   |    0   |   18   |
|  Register |    -   |   78   |    -   |
+-----------+--------+--------+--------+
|   Total   |    1   |   78   |   81   |
+-----------+--------+--------+--------+
