

================================================================
== Vitis HLS Report for 'task_detection_accel_Pipeline_VITIS_LOOP_170_1'
================================================================
* Date:           Mon Jun 15 23:14:57 2026

* Version:        2025.2 (Build 6295257 on Nov 14 2025)
* Project:        tpu_integrated_accel
* Solution:       hls (Vivado IP Flow Target)
* Product family: kintex7
* Target device:  xc7k325t-ffg900-2


================================================================
== Performance Estimates
================================================================
+ Timing: 
    * Summary: 
    +--------+----------+----------+------------+
    |  Clock |  Target  | Estimated| Uncertainty|
    +--------+----------+----------+------------+
    |ap_clk  |  10.00 ns|  7.300 ns|     2.70 ns|
    +--------+----------+----------+------------+

+ Latency: 
    * Summary: 
    +---------+---------+----------+----------+-----+-----+-------------------+
    |  Latency (cycles) |  Latency (absolute) |  Interval |      Pipeline     |
    |   min   |   max   |    min   |    max   | min | max |        Type       |
    +---------+---------+----------+----------+-----+-----+-------------------+
    |      185|      185|  1.850 us|  1.850 us|    0|    0|  loop pipeline stp|
    +---------+---------+----------+----------+-----+-----+-------------------+

    + Detail: 
        * Instance: 
        N/A

        * Loop: 
        +--------------------+---------+---------+----------+-----------+-----------+------+----------+
        |                    |  Latency (cycles) | Iteration|  Initiation Interval  | Trip |          |
        |      Loop Name     |   min   |   max   |  Latency |  achieved |   target  | Count| Pipelined|
        +--------------------+---------+---------+----------+-----------+-----------+------+----------+
        |- VITIS_LOOP_170_1  |      183|      183|         5|          1|          1|   180|       yes|
        +--------------------+---------+---------+----------+-----------+-----------+------+----------+

============================================================
+ Verbose Summary: Synthesis Manager
============================================================
InlineROM: 1
ExposeGlobal: 0
============================================================
+ Verbose Summary: CDFG Model
============================================================
IsTopModel: 0
ResetActiveHigh: 1
IsCombinational: 0
IsDatapathOnly: 0
HasWiredReturn: 1
HasMFsm: 2
HasVarLatency: 1
IsPipeline: 0
IsRtlPipelined: 0
IsInstanceOverlapped: 0
IsDontTouch: 0
HasImplIP: 0
IsGatedGlobalClock: 0

+ Individual pipeline summary: 
  * Pipeline-0: initiation interval (II) = 1, depth = 5


============================================================
+ Verbose Summary: Schedule
============================================================
* Number of FSM states : 5
* Pipeline : 1
  Pipeline-0 : II = 1, D = 5, States = { 1 2 3 4 5 }
* Dataflow Pipeline: 0

* FSM state transitions: 
1 --> 2 
2 --> 3 
3 --> 4 
4 --> 5 
5 --> 

* FSM state operations: 

State 1 <SV = 0> <Delay = 3.02>
ST_1 : Operation 8 [1/1] (0.00ns)   --->   "%i = alloca i32 1" [../task_detection_tpu/tpu_accel.cpp:170]   --->   Operation 8 'alloca' 'i' <Predicate = true> <Delay = 0.00>
ST_1 : Operation 9 [1/1] (0.00ns)   --->   "%sext_ln170_read = read i62 @_ssdm_op_Read.ap_auto.i62, i62 %sext_ln170"   --->   Operation 9 'read' 'sext_ln170_read' <Predicate = true> <Delay = 0.00>
ST_1 : Operation 10 [1/1] (0.00ns)   --->   "%sext_ln170_cast = sext i62 %sext_ln170_read"   --->   Operation 10 'sext' 'sext_ln170_cast' <Predicate = true> <Delay = 0.00>
ST_1 : Operation 11 [1/1] (0.00ns)   --->   "%specinterface_ln0 = specinterface void @_ssdm_op_SpecInterface, i32 %gmem0, void @empty_21, i32 0, i32 0, void @empty_22, i32 0, i32 0, void @empty_24, void @empty_12, void @empty_22, i32 16, i32 16, i32 16, i32 16, void @empty_22, void @empty_22, i32 4294967295, i32 0, i32 0, i32 4"   --->   Operation 11 'specinterface' 'specinterface_ln0' <Predicate = true> <Delay = 0.00>
ST_1 : Operation 12 [1/1] (0.83ns)   --->   "%store_ln170 = store i8 0, i8 %i" [../task_detection_tpu/tpu_accel.cpp:170]   --->   Operation 12 'store' 'store_ln170' <Predicate = true> <Delay = 0.83>
ST_1 : Operation 13 [1/1] (0.00ns)   --->   "%br_ln0 = br void %for.inc"   --->   Operation 13 'br' 'br_ln0' <Predicate = true> <Delay = 0.00>
ST_1 : Operation 14 [1/1] (0.00ns)   --->   "%i_6 = load i8 %i" [../task_detection_tpu/tpu_accel.cpp:170]   --->   Operation 14 'load' 'i_6' <Predicate = true> <Delay = 0.00>
ST_1 : Operation 15 [1/1] (0.00ns)   --->   "%specbitsmap_ln0 = specbitsmap void @_ssdm_op_SpecBitsMap, i32 %gmem0"   --->   Operation 15 'specbitsmap' 'specbitsmap_ln0' <Predicate = true> <Delay = 0.00>
ST_1 : Operation 16 [1/1] (1.35ns)   --->   "%icmp_ln170 = icmp_eq  i8 %i_6, i8 180" [../task_detection_tpu/tpu_accel.cpp:170]   --->   Operation 16 'icmp' 'icmp_ln170' <Predicate = true> <Delay = 1.35> <CoreInst = "Cmp">   --->   Core 9 'Cmp' <Latency = 0> <II = 1> <Delay = 1.35> <FuncUnit> <Opcode : 'seteq' 'setne' 'setle' 'setge' 'setlt' 'setgt'> <InPorts = 2> <OutPorts = 1>
ST_1 : Operation 17 [1/1] (1.35ns)   --->   "%add_ln170_1 = add i8 %i_6, i8 1" [../task_detection_tpu/tpu_accel.cpp:170]   --->   Operation 17 'add' 'add_ln170_1' <Predicate = true> <Delay = 1.35> <CoreInst = "Adder">   --->   Core 1 'Adder' <Latency = 0> <II = 1> <Delay = 1.35> <FuncUnit> <Opcode : 'add' 'sub'> <InPorts = 2> <OutPorts = 1>
ST_1 : Operation 18 [1/1] (0.00ns)   --->   "%br_ln170 = br i1 %icmp_ln170, void %for.inc.split_ifconv, void %for.end.exitStub" [../task_detection_tpu/tpu_accel.cpp:170]   --->   Operation 18 'br' 'br_ln170' <Predicate = true> <Delay = 0.00>
ST_1 : Operation 19 [1/1] (0.83ns)   --->   "%store_ln170 = store i8 %add_ln170_1, i8 %i" [../task_detection_tpu/tpu_accel.cpp:170]   --->   Operation 19 'store' 'store_ln170' <Predicate = (!icmp_ln170)> <Delay = 0.83>

State 2 <SV = 1> <Delay = 7.30>
ST_2 : Operation 20 [1/1] (0.00ns)   --->   "%gmem0_addr = getelementptr i32 %gmem0, i64 %sext_ln170_cast" [../task_detection_tpu/tpu_accel.cpp:170]   --->   Operation 20 'getelementptr' 'gmem0_addr' <Predicate = true> <Delay = 0.00>
ST_2 : Operation 21 [1/1] ( I:7.30ns O:7.30ns )   --->   "%gmem0_addr_read = read i32 @_ssdm_op_Read.m_axi.i32.p1i32, i32 %gmem0_addr" [../task_detection_tpu/tpu_accel.cpp:170]   --->   Operation 21 'read' 'gmem0_addr_read' <Predicate = true> <Delay = 7.30> <CoreInst = "m_axi">   --->   Core 111 'm_axi' <Latency = 3> <II = 1> <Delay = 1.00> <Adapter> <Opcode : 'readrequnaligned' 'writerequnaligned' 'read' 'write' 'readreq' 'writereq' 'writeresp'>

State 3 <SV = 2> <Delay = 2.30>
ST_3 : Operation 22 [1/1] (0.00ns)   --->   "%bitcast_ln170 = bitcast i32 %gmem0_addr_read" [../task_detection_tpu/tpu_accel.cpp:170]   --->   Operation 22 'bitcast' 'bitcast_ln170' <Predicate = true> <Delay = 0.00>
ST_3 : Operation 23 [2/2] (2.30ns)   --->   "%pf = fpext i32 %bitcast_ln170" [../task_detection_tpu/tpu_accel.cpp:170]   --->   Operation 23 'fpext' 'pf' <Predicate = true> <Delay = 2.30> <CoreInst = "Float2Double">   --->   Core 64 'Float2Double' <Latency = 1> <II = 1> <Delay = 2.30> <FuncUnit> <Opcode : 'fpext'> <InPorts = 1> <OutPorts = 1>

State 4 <SV = 3> <Delay = 6.78>
ST_4 : Operation 24 [1/2] (2.30ns)   --->   "%pf = fpext i32 %bitcast_ln170" [../task_detection_tpu/tpu_accel.cpp:170]   --->   Operation 24 'fpext' 'pf' <Predicate = true> <Delay = 2.30> <CoreInst = "Float2Double">   --->   Core 64 'Float2Double' <Latency = 1> <II = 1> <Delay = 2.30> <FuncUnit> <Opcode : 'fpext'> <InPorts = 1> <OutPorts = 1>
ST_4 : Operation 25 [1/1] (0.00ns)   --->   "%bitcast_ln726 = bitcast i64 %pf" [../task_detection_tpu/tpu_accel.cpp:170]   --->   Operation 25 'bitcast' 'bitcast_ln726' <Predicate = true> <Delay = 0.00>
ST_4 : Operation 26 [1/1] (0.00ns)   --->   "%trunc_ln170 = trunc i64 %bitcast_ln726" [../task_detection_tpu/tpu_accel.cpp:170]   --->   Operation 26 'trunc' 'trunc_ln170' <Predicate = true> <Delay = 0.00>
ST_4 : Operation 27 [1/1] (0.00ns)   --->   "%tmp = bitselect i1 @_ssdm_op_BitSelect.i1.i64.i32, i64 %bitcast_ln726, i32 63" [../task_detection_tpu/tpu_accel.cpp:170]   --->   Operation 27 'bitselect' 'tmp' <Predicate = true> <Delay = 0.00>
ST_4 : Operation 28 [1/1] (0.00ns)   --->   "%tmp_1 = partselect i11 @_ssdm_op_PartSelect.i11.i64.i32, i64 %bitcast_ln726, i32 52" [../task_detection_tpu/tpu_accel.cpp:170]   --->   Operation 28 'partselect' 'tmp_1' <Predicate = true> <Delay = 0.00>
ST_4 : Operation 29 [1/1] (0.00ns)   --->   "%zext_ln170 = zext i11 %tmp_1" [../task_detection_tpu/tpu_accel.cpp:170]   --->   Operation 29 'zext' 'zext_ln170' <Predicate = true> <Delay = 0.00>
ST_4 : Operation 30 [1/1] (0.00ns)   --->   "%trunc_ln170_1 = trunc i64 %bitcast_ln726" [../task_detection_tpu/tpu_accel.cpp:170]   --->   Operation 30 'trunc' 'trunc_ln170_1' <Predicate = true> <Delay = 0.00>
ST_4 : Operation 31 [1/1] (0.00ns)   --->   "%zext_ln170_3_cast = bitconcatenate i53 @_ssdm_op_BitConcatenate.i53.i1.i52, i1 1, i52 %trunc_ln170_1" [../task_detection_tpu/tpu_accel.cpp:170]   --->   Operation 31 'bitconcatenate' 'zext_ln170_3_cast' <Predicate = true> <Delay = 0.00>
ST_4 : Operation 32 [1/1] (0.00ns)   --->   "%zext_ln170_3 = zext i53 %zext_ln170_3_cast" [../task_detection_tpu/tpu_accel.cpp:170]   --->   Operation 32 'zext' 'zext_ln170_3' <Predicate = true> <Delay = 0.00>
ST_4 : Operation 33 [1/1] (1.67ns)   --->   "%sub_ln170 = sub i54 0, i54 %zext_ln170_3" [../task_detection_tpu/tpu_accel.cpp:170]   --->   Operation 33 'sub' 'sub_ln170' <Predicate = true> <Delay = 1.67> <CoreInst = "Adder">   --->   Core 1 'Adder' <Latency = 0> <II = 1> <Delay = 1.67> <FuncUnit> <Opcode : 'add' 'sub'> <InPorts = 2> <OutPorts = 1>
ST_4 : Operation 34 [1/1] (0.54ns)   --->   "%select_ln170 = select i1 %tmp, i54 %sub_ln170, i54 %zext_ln170_3" [../task_detection_tpu/tpu_accel.cpp:170]   --->   Operation 34 'select' 'select_ln170' <Predicate = true> <Delay = 0.54> <CoreInst = "Sel">   --->   Core 73 'Sel' <Latency = 0> <II = 1> <Delay = 0.54> <FuncUnit> <Opcode : 'select'> <InPorts = 3> <OutPorts = 1>
ST_4 : Operation 35 [1/1] (1.72ns)   --->   "%icmp_ln170_1 = icmp_eq  i63 %trunc_ln170, i63 0" [../task_detection_tpu/tpu_accel.cpp:170]   --->   Operation 35 'icmp' 'icmp_ln170_1' <Predicate = true> <Delay = 1.72> <CoreInst = "Cmp">   --->   Core 9 'Cmp' <Latency = 0> <II = 1> <Delay = 1.72> <FuncUnit> <Opcode : 'seteq' 'setne' 'setle' 'setge' 'setlt' 'setgt'> <InPorts = 2> <OutPorts = 1>
ST_4 : Operation 36 [1/1] (1.35ns)   --->   "%sub_ln170_1 = sub i12 1075, i12 %zext_ln170" [../task_detection_tpu/tpu_accel.cpp:170]   --->   Operation 36 'sub' 'sub_ln170_1' <Predicate = true> <Delay = 1.35> <CoreInst = "Adder">   --->   Core 1 'Adder' <Latency = 0> <II = 1> <Delay = 1.35> <FuncUnit> <Opcode : 'add' 'sub'> <InPorts = 2> <OutPorts = 1>
ST_4 : Operation 37 [1/1] (0.00ns)   --->   "%trunc_ln170_2 = trunc i12 %sub_ln170_1" [../task_detection_tpu/tpu_accel.cpp:170]   --->   Operation 37 'trunc' 'trunc_ln170_2' <Predicate = true> <Delay = 0.00>
ST_4 : Operation 38 [1/1] (1.35ns)   --->   "%icmp_ln170_2 = icmp_sgt  i12 %sub_ln170_1, i12 10" [../task_detection_tpu/tpu_accel.cpp:170]   --->   Operation 38 'icmp' 'icmp_ln170_2' <Predicate = true> <Delay = 1.35> <CoreInst = "Cmp">   --->   Core 9 'Cmp' <Latency = 0> <II = 1> <Delay = 1.35> <FuncUnit> <Opcode : 'seteq' 'setne' 'setle' 'setge' 'setlt' 'setgt'> <InPorts = 2> <OutPorts = 1>
ST_4 : Operation 39 [1/1] (1.35ns)   --->   "%add_ln170 = add i11 %trunc_ln170_2, i11 2038" [../task_detection_tpu/tpu_accel.cpp:170]   --->   Operation 39 'add' 'add_ln170' <Predicate = true> <Delay = 1.35> <CoreInst = "Adder">   --->   Core 1 'Adder' <Latency = 0> <II = 1> <Delay = 1.35> <FuncUnit> <Opcode : 'add' 'sub'> <InPorts = 2> <OutPorts = 1>
ST_4 : Operation 40 [1/1] (1.35ns)   --->   "%sub_ln170_2 = sub i11 10, i11 %trunc_ln170_2" [../task_detection_tpu/tpu_accel.cpp:170]   --->   Operation 40 'sub' 'sub_ln170_2' <Predicate = true> <Delay = 1.35> <CoreInst = "Adder">   --->   Core 1 'Adder' <Latency = 0> <II = 1> <Delay = 1.35> <FuncUnit> <Opcode : 'add' 'sub'> <InPorts = 2> <OutPorts = 1>
ST_4 : Operation 41 [1/1] (0.49ns)   --->   "%select_ln170_1 = select i1 %icmp_ln170_2, i11 %add_ln170, i11 %sub_ln170_2" [../task_detection_tpu/tpu_accel.cpp:170]   --->   Operation 41 'select' 'select_ln170_1' <Predicate = true> <Delay = 0.49> <CoreInst = "Sel">   --->   Core 73 'Sel' <Latency = 0> <II = 1> <Delay = 0.49> <FuncUnit> <Opcode : 'select'> <InPorts = 3> <OutPorts = 1>
ST_4 : Operation 42 [1/1] (1.35ns)   --->   "%icmp_ln170_3 = icmp_eq  i12 %sub_ln170_1, i12 10" [../task_detection_tpu/tpu_accel.cpp:170]   --->   Operation 42 'icmp' 'icmp_ln170_3' <Predicate = true> <Delay = 1.35> <CoreInst = "Cmp">   --->   Core 9 'Cmp' <Latency = 0> <II = 1> <Delay = 1.35> <FuncUnit> <Opcode : 'seteq' 'setne' 'setle' 'setge' 'setlt' 'setgt'> <InPorts = 2> <OutPorts = 1>
ST_4 : Operation 43 [1/1] (0.00ns)   --->   "%trunc_ln170_3 = trunc i54 %select_ln170" [../task_detection_tpu/tpu_accel.cpp:170]   --->   Operation 43 'trunc' 'trunc_ln170_3' <Predicate = true> <Delay = 0.00>
ST_4 : Operation 44 [1/1] (0.00ns)   --->   "%tmp_2 = partselect i7 @_ssdm_op_PartSelect.i7.i11.i32.i32, i11 %select_ln170_1, i32 4, i32 10" [../task_detection_tpu/tpu_accel.cpp:170]   --->   Operation 44 'partselect' 'tmp_2' <Predicate = true> <Delay = 0.00>
ST_4 : Operation 45 [1/1] (1.27ns)   --->   "%icmp_ln170_5 = icmp_eq  i7 %tmp_2, i7 0" [../task_detection_tpu/tpu_accel.cpp:170]   --->   Operation 45 'icmp' 'icmp_ln170_5' <Predicate = true> <Delay = 1.27> <CoreInst = "Cmp">   --->   Core 9 'Cmp' <Latency = 0> <II = 1> <Delay = 1.27> <FuncUnit> <Opcode : 'seteq' 'setne' 'setle' 'setge' 'setlt' 'setgt'> <InPorts = 2> <OutPorts = 1>
ST_4 : Operation 69 [1/1] (0.83ns)   --->   "%ret_ln0 = ret"   --->   Operation 69 'ret' 'ret_ln0' <Predicate = (icmp_ln170)> <Delay = 0.83>

State 5 <SV = 4> <Delay = 6.10>
ST_5 : Operation 46 [1/1] (0.00ns)   --->   "%zext_ln170_1 = zext i8 %i_6" [../task_detection_tpu/tpu_accel.cpp:170]   --->   Operation 46 'zext' 'zext_ln170_1' <Predicate = true> <Delay = 0.00>
ST_5 : Operation 47 [1/1] (0.00ns)   --->   "%specpipeline_ln170 = specpipeline void @_ssdm_op_SpecPipeline, i32 4294967295, i32 0, i32 0, i32 0, i32 4294967295, void @empty_22" [../task_detection_tpu/tpu_accel.cpp:170]   --->   Operation 47 'specpipeline' 'specpipeline_ln170' <Predicate = true> <Delay = 0.00>
ST_5 : Operation 48 [1/1] (0.00ns)   --->   "%speclooptripcount_ln170 = speclooptripcount void @_ssdm_op_SpecLoopTripCount, i64 180, i64 180, i64 180" [../task_detection_tpu/tpu_accel.cpp:170]   --->   Operation 48 'speclooptripcount' 'speclooptripcount_ln170' <Predicate = true> <Delay = 0.00>
ST_5 : Operation 49 [1/1] (0.00ns)   --->   "%specloopname_ln170 = specloopname void @_ssdm_op_SpecLoopName, void @empty_31" [../task_detection_tpu/tpu_accel.cpp:170]   --->   Operation 49 'specloopname' 'specloopname_ln170' <Predicate = true> <Delay = 0.00>
ST_5 : Operation 50 [1/1] (1.35ns)   --->   "%icmp_ln170_4 = icmp_ult  i11 %select_ln170_1, i11 54" [../task_detection_tpu/tpu_accel.cpp:170]   --->   Operation 50 'icmp' 'icmp_ln170_4' <Predicate = true> <Delay = 1.35> <CoreInst = "Cmp">   --->   Core 9 'Cmp' <Latency = 0> <II = 1> <Delay = 1.35> <FuncUnit> <Opcode : 'seteq' 'setne' 'setle' 'setge' 'setlt' 'setgt'> <InPorts = 2> <OutPorts = 1>
ST_5 : Operation 51 [1/1] (0.00ns) (grouped into LUT with out node select_ln170_2)   --->   "%select_ln170_4 = select i1 %tmp, i16 65535, i16 0" [../task_detection_tpu/tpu_accel.cpp:170]   --->   Operation 51 'select' 'select_ln170_4' <Predicate = true> <Delay = 0.00> <CoreInst = "Sel">   --->   Core 73 'Sel' <Latency = 0> <II = 1> <Delay = 0.48> <FuncUnit> <Opcode : 'select'> <InPorts = 3> <OutPorts = 1>
ST_5 : Operation 52 [1/1] (0.00ns)   --->   "%zext_ln170_2 = zext i11 %select_ln170_1" [../task_detection_tpu/tpu_accel.cpp:170]   --->   Operation 52 'zext' 'zext_ln170_2' <Predicate = true> <Delay = 0.00>
ST_5 : Operation 53 [1/1] (2.49ns)   --->   "%ashr_ln170 = ashr i54 %select_ln170, i54 %zext_ln170_2" [../task_detection_tpu/tpu_accel.cpp:170]   --->   Operation 53 'ashr' 'ashr_ln170' <Predicate = true> <Delay = 2.49> <CoreInst = "Shifter">   --->   Core 75 'Shifter' <Latency = 0> <II = 1> <Delay = 2.49> <FuncUnit> <Opcode : 'shl' 'lshr' 'ashr'> <InPorts = 2> <OutPorts = 1>
ST_5 : Operation 54 [1/1] (0.00ns) (grouped into LUT with out node select_ln170_2)   --->   "%trunc_ln170_4 = trunc i54 %ashr_ln170" [../task_detection_tpu/tpu_accel.cpp:170]   --->   Operation 54 'trunc' 'trunc_ln170_4' <Predicate = true> <Delay = 0.00>
ST_5 : Operation 55 [1/1] (0.48ns) (out node of the LUT)   --->   "%select_ln170_2 = select i1 %icmp_ln170_4, i16 %trunc_ln170_4, i16 %select_ln170_4" [../task_detection_tpu/tpu_accel.cpp:170]   --->   Operation 55 'select' 'select_ln170_2' <Predicate = true> <Delay = 0.48> <CoreInst = "Sel">   --->   Core 73 'Sel' <Latency = 0> <II = 1> <Delay = 0.39> <FuncUnit> <Opcode : 'select'> <InPorts = 3> <OutPorts = 1>
ST_5 : Operation 56 [1/1] (0.00ns)   --->   "%select_ln170_1cast = zext i11 %select_ln170_1" [../task_detection_tpu/tpu_accel.cpp:170]   --->   Operation 56 'zext' 'select_ln170_1cast' <Predicate = (icmp_ln170_5)> <Delay = 0.00>
ST_5 : Operation 57 [1/1] (2.21ns)   --->   "%shl_ln170 = shl i16 %trunc_ln170_3, i16 %select_ln170_1cast" [../task_detection_tpu/tpu_accel.cpp:170]   --->   Operation 57 'shl' 'shl_ln170' <Predicate = (icmp_ln170_5)> <Delay = 2.21> <CoreInst = "Shifter">   --->   Core 75 'Shifter' <Latency = 0> <II = 1> <Delay = 2.21> <FuncUnit> <Opcode : 'shl' 'lshr' 'ashr'> <InPorts = 2> <OutPorts = 1>
ST_5 : Operation 58 [1/1] (0.39ns)   --->   "%select_ln170_3 = select i1 %icmp_ln170_5, i16 %shl_ln170, i16 0" [../task_detection_tpu/tpu_accel.cpp:170]   --->   Operation 58 'select' 'select_ln170_3' <Predicate = true> <Delay = 0.39> <CoreInst = "Sel">   --->   Core 73 'Sel' <Latency = 0> <II = 1> <Delay = 0.39> <FuncUnit> <Opcode : 'select'> <InPorts = 3> <OutPorts = 1>
ST_5 : Operation 59 [1/1] (0.00ns) (grouped into LUT with out node and_ln170)   --->   "%xor_ln170 = xor i1 %icmp_ln170_1, i1 1" [../task_detection_tpu/tpu_accel.cpp:170]   --->   Operation 59 'xor' 'xor_ln170' <Predicate = true> <Delay = 0.00> <CoreInst = "LogicGate">   --->   Core 74 'LogicGate' <Latency = 0> <II = 1> <Delay = 0.47> <FuncUnit> <Opcode : 'and' 'or' 'xor'> <InPorts = 2> <OutPorts = 1>
ST_5 : Operation 60 [1/1] (0.47ns) (out node of the LUT)   --->   "%and_ln170 = and i1 %icmp_ln170_3, i1 %xor_ln170" [../task_detection_tpu/tpu_accel.cpp:170]   --->   Operation 60 'and' 'and_ln170' <Predicate = true> <Delay = 0.47> <CoreInst = "LogicGate">   --->   Core 74 'LogicGate' <Latency = 0> <II = 1> <Delay = 0.47> <FuncUnit> <Opcode : 'and' 'or' 'xor'> <InPorts = 2> <OutPorts = 1>
ST_5 : Operation 61 [1/1] (0.00ns) (grouped into LUT with out node and_ln170_1)   --->   "%or_ln170 = or i1 %icmp_ln170_1, i1 %icmp_ln170_3" [../task_detection_tpu/tpu_accel.cpp:170]   --->   Operation 61 'or' 'or_ln170' <Predicate = true> <Delay = 0.00> <CoreInst = "LogicGate">   --->   Core 74 'LogicGate' <Latency = 0> <II = 1> <Delay = 0.47> <FuncUnit> <Opcode : 'and' 'or' 'xor'> <InPorts = 2> <OutPorts = 1>
ST_5 : Operation 62 [1/1] (0.00ns) (grouped into LUT with out node and_ln170_1)   --->   "%xor_ln170_1 = xor i1 %or_ln170, i1 1" [../task_detection_tpu/tpu_accel.cpp:170]   --->   Operation 62 'xor' 'xor_ln170_1' <Predicate = true> <Delay = 0.00> <CoreInst = "LogicGate">   --->   Core 74 'LogicGate' <Latency = 0> <II = 1> <Delay = 0.47> <FuncUnit> <Opcode : 'and' 'or' 'xor'> <InPorts = 2> <OutPorts = 1>
ST_5 : Operation 63 [1/1] (0.47ns) (out node of the LUT)   --->   "%and_ln170_1 = and i1 %icmp_ln170_2, i1 %xor_ln170_1" [../task_detection_tpu/tpu_accel.cpp:170]   --->   Operation 63 'and' 'and_ln170_1' <Predicate = true> <Delay = 0.47> <CoreInst = "LogicGate">   --->   Core 74 'LogicGate' <Latency = 0> <II = 1> <Delay = 0.47> <FuncUnit> <Opcode : 'and' 'or' 'xor'> <InPorts = 2> <OutPorts = 1>
ST_5 : Operation 64 [1/1] (0.00ns)   --->   "%sel_tmp6 = bitconcatenate i3 @_ssdm_op_BitConcatenate.i3.i1.i1.i1, i1 %icmp_ln170_1, i1 %and_ln170, i1 %and_ln170_1" [../task_detection_tpu/tpu_accel.cpp:170]   --->   Operation 64 'bitconcatenate' 'sel_tmp6' <Predicate = true> <Delay = 0.00>
ST_5 : Operation 65 [1/1] (0.84ns)   --->   "%storemerge4_i = sparsemux i16 @_ssdm_op_SparseMux.ap_auto.4i16.i16.i3, i3 4, i16 0, i3 2, i16 %trunc_ln170_3, i3 1, i16 %select_ln170_2, i3 0, i16 %select_ln170_3, i16 0, i3 %sel_tmp6" [../task_detection_tpu/tpu_accel.cpp:170]   --->   Operation 65 'sparsemux' 'storemerge4_i' <Predicate = true> <Delay = 0.84> <CoreInst = "OneHotSparseMux_HasDef">   --->   Core 140 'OneHotSparseMux_HasDef' <Latency = 0> <II = 1> <Delay = 0.84> <FuncUnit> <Opcode : 'sparsemux'> <InPorts = 2> <OutPorts = 1>
ST_5 : Operation 66 [1/1] (0.00ns)   --->   "%in_buf_addr = getelementptr i16 %in_buf, i64 0, i64 %zext_ln170_1" [../task_detection_tpu/tpu_accel.cpp:170]   --->   Operation 66 'getelementptr' 'in_buf_addr' <Predicate = true> <Delay = 0.00>
ST_5 : Operation 67 [1/1] ( I:2.26ns O:2.26ns )   --->   "%store_ln170 = store i16 %storemerge4_i, i8 %in_buf_addr" [../task_detection_tpu/tpu_accel.cpp:170]   --->   Operation 67 'store' 'store_ln170' <Predicate = true> <Delay = 2.26> <CoreInst = "RAM">   --->   Core 81 'RAM' <Latency = 1> <II = 1> <Delay = 2.26> <Storage> <Opcode : 'load' 'store'> <Ports = 2> <Width = 16> <Depth = 180> <RAM>
ST_5 : Operation 68 [1/1] (0.00ns)   --->   "%br_ln170 = br void %for.inc" [../task_detection_tpu/tpu_accel.cpp:170]   --->   Operation 68 'br' 'br_ln170' <Predicate = true> <Delay = 0.00>


============================================================
+ Verbose Summary: Timing violations
============================================================
Target clock period: 10.000ns, clock uncertainty: 2.700ns.

 <State 1>: 3.023ns
The critical path consists of the following:
	'store' operation ('store_ln170', ../task_detection_tpu/tpu_accel.cpp:170) of constant 0 8 bit on local variable 'i', ../task_detection_tpu/tpu_accel.cpp:170 [8]  (0.833 ns)
	'load' operation 8 bit ('i', ../task_detection_tpu/tpu_accel.cpp:170) on local variable 'i', ../task_detection_tpu/tpu_accel.cpp:170 [11]  (0.000 ns)
	'icmp' operation 1 bit ('icmp_ln170', ../task_detection_tpu/tpu_accel.cpp:170) [13]  (1.357 ns)
	'store' operation ('store_ln170', ../task_detection_tpu/tpu_accel.cpp:170) of variable 'add_ln170_1', ../task_detection_tpu/tpu_accel.cpp:170 8 bit on local variable 'i', ../task_detection_tpu/tpu_accel.cpp:170 [64]  (0.833 ns)

 <State 2>: 7.300ns
The critical path consists of the following:
	'getelementptr' operation 32 bit ('gmem0_addr', ../task_detection_tpu/tpu_accel.cpp:170) [17]  (0.000 ns)
	bus read operation ('gmem0_addr_read', ../task_detection_tpu/tpu_accel.cpp:170) on port 'gmem0' (../task_detection_tpu/tpu_accel.cpp:170) [22]  (7.300 ns)

 <State 3>: 2.306ns
The critical path consists of the following:
	'fpext' operation 64 bit ('pf', ../task_detection_tpu/tpu_accel.cpp:170) [24]  (2.306 ns)

 <State 4>: 6.781ns
The critical path consists of the following:
	'fpext' operation 64 bit ('pf', ../task_detection_tpu/tpu_accel.cpp:170) [24]  (2.306 ns)
	'sub' operation 12 bit ('sub_ln170_1', ../task_detection_tpu/tpu_accel.cpp:170) [36]  (1.352 ns)
	'add' operation 11 bit ('add_ln170', ../task_detection_tpu/tpu_accel.cpp:170) [39]  (1.353 ns)
	'select' operation 11 bit ('select_ln170_1', ../task_detection_tpu/tpu_accel.cpp:170) [41]  (0.498 ns)
	'icmp' operation 1 bit ('icmp_ln170_5', ../task_detection_tpu/tpu_accel.cpp:170) [51]  (1.272 ns)

 <State 5>: 6.100ns
The critical path consists of the following:
	'ashr' operation 54 bit ('ashr_ln170', ../task_detection_tpu/tpu_accel.cpp:170) [47]  (2.499 ns)
	'select' operation 16 bit ('select_ln170_2', ../task_detection_tpu/tpu_accel.cpp:170) [49]  (0.487 ns)
	'sparsemux' operation 16 bit ('storemerge4_i', ../task_detection_tpu/tpu_accel.cpp:170) [61]  (0.848 ns)
	'store' operation ('store_ln170', ../task_detection_tpu/tpu_accel.cpp:170) of variable 'storemerge4_i', ../task_detection_tpu/tpu_accel.cpp:170 16 bit on array 'in_buf' [63]  (2.266 ns)


============================================================
+ Verbose Summary: Binding
============================================================
N/A
* FSMD analyzer results:
  - Output states:
 - Input state : 
  - Chain level:
	State 1
	State 2
	State 3
	State 4
	State 5


============================================================
+ Verbose Summary: Datapath Resource usage 
============================================================
N/A
