

================================================================
== Vitis HLS Report for 'tpu_layer_1_Pipeline_VITIS_LOOP_56_1'
================================================================
* Date:           Tue Jun 16 19:42:37 2026

* Version:        2025.2 (Build 6295257 on Nov 14 2025)
* Project:        tpu_integrated_accel
* Solution:       hls (Vivado IP Flow Target)
* Product family: kintex7
* Target device:  xc7k325t-ffg900-2


================================================================
== Performance Estimates
================================================================
+ Timing: 
    * Summary: 
    +--------+----------+----------+------------+
    |  Clock |  Target  | Estimated| Uncertainty|
    +--------+----------+----------+------------+
    |ap_clk  |  10.00 ns|  3.616 ns|     2.70 ns|
    +--------+----------+----------+------------+

+ Latency: 
    * Summary: 
    +---------+---------+----------+----------+-----+-----+-------------------+
    |  Latency (cycles) |  Latency (absolute) |  Interval |      Pipeline     |
    |   min   |   max   |    min   |    max   | min | max |        Type       |
    +---------+---------+----------+----------+-----+-----+-------------------+
    |      182|      182|  1.820 us|  1.820 us|    0|    0|  loop pipeline stp|
    +---------+---------+----------+----------+-----+-----+-------------------+

    + Detail: 
        * Instance: 
        N/A

        * Loop: 
        +-------------------+---------+---------+----------+-----------+-----------+------+----------+
        |                   |  Latency (cycles) | Iteration|  Initiation Interval  | Trip |          |
        |     Loop Name     |   min   |   max   |  Latency |  achieved |   target  | Count| Pipelined|
        +-------------------+---------+---------+----------+-----------+-----------+------+----------+
        |- VITIS_LOOP_56_1  |      180|      180|         2|          1|          1|   180|       yes|
        +-------------------+---------+---------+----------+-----------+-----------+------+----------+

============================================================
+ Verbose Summary: Synthesis Manager
============================================================
InlineROM: 1
ExposeGlobal: 0
============================================================
+ Verbose Summary: CDFG Model
============================================================
IsTopModel: 0
ResetActiveHigh: 1
IsCombinational: 0
IsDatapathOnly: 0
HasWiredReturn: 1
HasMFsm: 2
HasVarLatency: 1
IsPipeline: 0
IsRtlPipelined: 0
IsInstanceOverlapped: 0
IsDontTouch: 0
HasImplIP: 0
IsGatedGlobalClock: 0

+ Individual pipeline summary: 
  * Pipeline-0: initiation interval (II) = 1, depth = 2


============================================================
+ Verbose Summary: Schedule
============================================================
* Number of FSM states : 2
* Pipeline : 1
  Pipeline-0 : II = 1, D = 2, States = { 1 2 }
* Dataflow Pipeline: 0

* FSM state transitions: 
1 --> 2 
2 --> 

* FSM state operations: 

State 1 <SV = 0> <Delay = 3.02>
ST_1 : Operation 5 [1/1] (0.00ns)   --->   "%i = alloca i32 1" [../task_detection_tpu/tpu_accel.cpp:56]   --->   Operation 5 'alloca' 'i' <Predicate = true> <Delay = 0.00>
ST_1 : Operation 6 [1/1] (0.00ns)   --->   "%specinterface_ln0 = specinterface void @_ssdm_op_SpecInterface, i16 %stream_in, void @empty_7, i32 0, i32 0, void @empty_9, i32 0, i32 0, void @empty_9, void @empty_9, void @empty_9, i32 0, i32 0, i32 0, i32 0, void @empty_9, void @empty_9, i32 4294967295, i32 0, i32 0, i32 0"   --->   Operation 6 'specinterface' 'specinterface_ln0' <Predicate = true> <Delay = 0.00>
ST_1 : Operation 7 [1/1] (0.83ns)   --->   "%store_ln56 = store i8 0, i8 %i" [../task_detection_tpu/tpu_accel.cpp:56]   --->   Operation 7 'store' 'store_ln56' <Predicate = true> <Delay = 0.83>
ST_1 : Operation 8 [1/1] (0.00ns)   --->   "%br_ln56 = br void %for.inc.i" [../task_detection_tpu/tpu_accel.cpp:56]   --->   Operation 8 'br' 'br_ln56' <Predicate = true> <Delay = 0.00>
ST_1 : Operation 9 [1/1] (0.00ns)   --->   "%i_16 = load i8 %i" [../task_detection_tpu/tpu_accel.cpp:56]   --->   Operation 9 'load' 'i_16' <Predicate = true> <Delay = 0.00>
ST_1 : Operation 10 [1/1] (1.35ns)   --->   "%icmp_ln56 = icmp_eq  i8 %i_16, i8 180" [../task_detection_tpu/tpu_accel.cpp:56]   --->   Operation 10 'icmp' 'icmp_ln56' <Predicate = true> <Delay = 1.35> <CoreInst = "Cmp">   --->   Core 9 'Cmp' <Latency = 0> <II = 1> <Delay = 1.35> <FuncUnit> <Opcode : 'seteq' 'setne' 'setle' 'setge' 'setlt' 'setgt'> <InPorts = 2> <OutPorts = 1>
ST_1 : Operation 11 [1/1] (1.35ns)   --->   "%add_ln56 = add i8 %i_16, i8 1" [../task_detection_tpu/tpu_accel.cpp:56]   --->   Operation 11 'add' 'add_ln56' <Predicate = true> <Delay = 1.35> <CoreInst = "Adder">   --->   Core 1 'Adder' <Latency = 0> <II = 1> <Delay = 1.35> <FuncUnit> <Opcode : 'add' 'sub'> <InPorts = 2> <OutPorts = 1>
ST_1 : Operation 12 [1/1] (0.00ns)   --->   "%br_ln56 = br i1 %icmp_ln56, void %for.inc.split.i, void %for.inc9.i.exitStub" [../task_detection_tpu/tpu_accel.cpp:56]   --->   Operation 12 'br' 'br_ln56' <Predicate = true> <Delay = 0.00>
ST_1 : Operation 13 [1/1] (0.00ns)   --->   "%trunc_ln56 = trunc i8 %i_16" [../task_detection_tpu/tpu_accel.cpp:56]   --->   Operation 13 'trunc' 'trunc_ln56' <Predicate = (!icmp_ln56)> <Delay = 0.00>
ST_1 : Operation 14 [1/1] (0.00ns)   --->   "%lshr_ln = partselect i5 @_ssdm_op_PartSelect.i5.i8.i32.i32, i8 %i_16, i32 3, i32 7" [../task_detection_tpu/tpu_accel.cpp:56]   --->   Operation 14 'partselect' 'lshr_ln' <Predicate = (!icmp_ln56)> <Delay = 0.00>
ST_1 : Operation 15 [1/1] (0.93ns)   --->   "%switch_ln58 = switch i3 %trunc_ln56, void %arrayidx.case.7.i, i3 0, void %arrayidx.case.0.i, i3 1, void %arrayidx.case.1.i, i3 2, void %arrayidx.case.2.i, i3 3, void %arrayidx.case.3.i, i3 4, void %arrayidx.case.4.i, i3 5, void %arrayidx.case.5.i, i3 6, void %arrayidx.case.6.i" [../task_detection_tpu/tpu_accel.cpp:58]   --->   Operation 15 'switch' 'switch_ln58' <Predicate = (!icmp_ln56)> <Delay = 0.93>
ST_1 : Operation 16 [1/1] (0.83ns)   --->   "%store_ln56 = store i8 %add_ln56, i8 %i" [../task_detection_tpu/tpu_accel.cpp:56]   --->   Operation 16 'store' 'store_ln56' <Predicate = (!icmp_ln56)> <Delay = 0.83>
ST_1 : Operation 17 [1/1] (0.00ns)   --->   "%br_ln56 = br void %for.inc.i" [../task_detection_tpu/tpu_accel.cpp:56]   --->   Operation 17 'br' 'br_ln56' <Predicate = (!icmp_ln56)> <Delay = 0.00>
ST_1 : Operation 47 [1/1] (0.83ns)   --->   "%ret_ln0 = ret"   --->   Operation 47 'ret' 'ret_ln0' <Predicate = (icmp_ln56)> <Delay = 0.83>

State 2 <SV = 1> <Delay = 3.61>
ST_2 : Operation 18 [1/1] (0.00ns)   --->   "%specpipeline_ln57 = specpipeline void @_ssdm_op_SpecPipeline, i32 1, i32 0, i32 0, i32 0, i32 4294967295, void @empty_9" [../task_detection_tpu/tpu_accel.cpp:57]   --->   Operation 18 'specpipeline' 'specpipeline_ln57' <Predicate = true> <Delay = 0.00>
ST_2 : Operation 19 [1/1] (0.00ns)   --->   "%speclooptripcount_ln56 = speclooptripcount void @_ssdm_op_SpecLoopTripCount, i64 180, i64 180, i64 180" [../task_detection_tpu/tpu_accel.cpp:56]   --->   Operation 19 'speclooptripcount' 'speclooptripcount_ln56' <Predicate = true> <Delay = 0.00>
ST_2 : Operation 20 [1/1] (0.00ns)   --->   "%specloopname_ln56 = specloopname void @_ssdm_op_SpecLoopName, void @empty_14" [../task_detection_tpu/tpu_accel.cpp:56]   --->   Operation 20 'specloopname' 'specloopname_ln56' <Predicate = true> <Delay = 0.00>
ST_2 : Operation 21 [1/1] (0.00ns)   --->   "%zext_ln56 = zext i5 %lshr_ln" [../task_detection_tpu/tpu_accel.cpp:56]   --->   Operation 21 'zext' 'zext_ln56' <Predicate = true> <Delay = 0.00>
ST_2 : Operation 22 [1/1] ( I:2.46ns O:2.46ns )   --->   "%stream_in_read = read i16 @_ssdm_op_Read.ap_fifo.volatile.i16P0A, i16 %stream_in" [../task_detection_tpu/tpu_accel.cpp:58]   --->   Operation 22 'read' 'stream_in_read' <Predicate = true> <Delay = 2.46> <CoreInst = "FIFO_SRL">   --->   Core 80 'FIFO_SRL' <Latency = 0> <II = 1> <Delay = 2.46> <Storage> <Opcode : 'read' 'write' 'nbread' 'nbwrite'> <Ports = 0> <Width = 16> <Depth = 2> <FIFO>
ST_2 : Operation 23 [1/1] (0.00ns)   --->   "%x_padded_addr = getelementptr i16 %x_padded, i64 0, i64 %zext_ln56" [../task_detection_tpu/tpu_accel.cpp:58]   --->   Operation 23 'getelementptr' 'x_padded_addr' <Predicate = true> <Delay = 0.00>
ST_2 : Operation 24 [1/1] (0.00ns)   --->   "%x_padded_1_addr = getelementptr i16 %x_padded_1, i64 0, i64 %zext_ln56" [../task_detection_tpu/tpu_accel.cpp:58]   --->   Operation 24 'getelementptr' 'x_padded_1_addr' <Predicate = true> <Delay = 0.00>
ST_2 : Operation 25 [1/1] (0.00ns)   --->   "%x_padded_2_addr = getelementptr i16 %x_padded_2, i64 0, i64 %zext_ln56" [../task_detection_tpu/tpu_accel.cpp:58]   --->   Operation 25 'getelementptr' 'x_padded_2_addr' <Predicate = true> <Delay = 0.00>
ST_2 : Operation 26 [1/1] (0.00ns)   --->   "%x_padded_3_addr = getelementptr i16 %x_padded_3, i64 0, i64 %zext_ln56" [../task_detection_tpu/tpu_accel.cpp:58]   --->   Operation 26 'getelementptr' 'x_padded_3_addr' <Predicate = true> <Delay = 0.00>
ST_2 : Operation 27 [1/1] (0.00ns)   --->   "%x_padded_4_addr = getelementptr i16 %x_padded_4, i64 0, i64 %zext_ln56" [../task_detection_tpu/tpu_accel.cpp:58]   --->   Operation 27 'getelementptr' 'x_padded_4_addr' <Predicate = true> <Delay = 0.00>
ST_2 : Operation 28 [1/1] (0.00ns)   --->   "%x_padded_5_addr = getelementptr i16 %x_padded_5, i64 0, i64 %zext_ln56" [../task_detection_tpu/tpu_accel.cpp:58]   --->   Operation 28 'getelementptr' 'x_padded_5_addr' <Predicate = true> <Delay = 0.00>
ST_2 : Operation 29 [1/1] (0.00ns)   --->   "%x_padded_6_addr = getelementptr i16 %x_padded_6, i64 0, i64 %zext_ln56" [../task_detection_tpu/tpu_accel.cpp:58]   --->   Operation 29 'getelementptr' 'x_padded_6_addr' <Predicate = true> <Delay = 0.00>
ST_2 : Operation 30 [1/1] (0.00ns)   --->   "%x_padded_7_addr = getelementptr i16 %x_padded_7, i64 0, i64 %zext_ln56" [../task_detection_tpu/tpu_accel.cpp:58]   --->   Operation 30 'getelementptr' 'x_padded_7_addr' <Predicate = true> <Delay = 0.00>
ST_2 : Operation 31 [1/1] ( I:1.14ns O:1.14ns )   --->   "%store_ln58 = store i16 %stream_in_read, i5 %x_padded_6_addr" [../task_detection_tpu/tpu_accel.cpp:58]   --->   Operation 31 'store' 'store_ln58' <Predicate = (trunc_ln56 == 6)> <Delay = 1.14> <CoreInst = "RAM">   --->   Core 81 'RAM' <Latency = 1> <II = 1> <Delay = 1.14> <Storage> <Opcode : 'load' 'store'> <Ports = 2> <Width = 16> <Depth = 23> <RAM>
ST_2 : Operation 32 [1/1] (0.00ns)   --->   "%br_ln58 = br void %arrayidx.exit.i" [../task_detection_tpu/tpu_accel.cpp:58]   --->   Operation 32 'br' 'br_ln58' <Predicate = (trunc_ln56 == 6)> <Delay = 0.00>
ST_2 : Operation 33 [1/1] ( I:1.14ns O:1.14ns )   --->   "%store_ln58 = store i16 %stream_in_read, i5 %x_padded_5_addr" [../task_detection_tpu/tpu_accel.cpp:58]   --->   Operation 33 'store' 'store_ln58' <Predicate = (trunc_ln56 == 5)> <Delay = 1.14> <CoreInst = "RAM">   --->   Core 81 'RAM' <Latency = 1> <II = 1> <Delay = 1.14> <Storage> <Opcode : 'load' 'store'> <Ports = 2> <Width = 16> <Depth = 23> <RAM>
ST_2 : Operation 34 [1/1] (0.00ns)   --->   "%br_ln58 = br void %arrayidx.exit.i" [../task_detection_tpu/tpu_accel.cpp:58]   --->   Operation 34 'br' 'br_ln58' <Predicate = (trunc_ln56 == 5)> <Delay = 0.00>
ST_2 : Operation 35 [1/1] ( I:1.14ns O:1.14ns )   --->   "%store_ln58 = store i16 %stream_in_read, i5 %x_padded_4_addr" [../task_detection_tpu/tpu_accel.cpp:58]   --->   Operation 35 'store' 'store_ln58' <Predicate = (trunc_ln56 == 4)> <Delay = 1.14> <CoreInst = "RAM">   --->   Core 81 'RAM' <Latency = 1> <II = 1> <Delay = 1.14> <Storage> <Opcode : 'load' 'store'> <Ports = 2> <Width = 16> <Depth = 23> <RAM>
ST_2 : Operation 36 [1/1] (0.00ns)   --->   "%br_ln58 = br void %arrayidx.exit.i" [../task_detection_tpu/tpu_accel.cpp:58]   --->   Operation 36 'br' 'br_ln58' <Predicate = (trunc_ln56 == 4)> <Delay = 0.00>
ST_2 : Operation 37 [1/1] ( I:1.14ns O:1.14ns )   --->   "%store_ln58 = store i16 %stream_in_read, i5 %x_padded_3_addr" [../task_detection_tpu/tpu_accel.cpp:58]   --->   Operation 37 'store' 'store_ln58' <Predicate = (trunc_ln56 == 3)> <Delay = 1.14> <CoreInst = "RAM">   --->   Core 81 'RAM' <Latency = 1> <II = 1> <Delay = 1.14> <Storage> <Opcode : 'load' 'store'> <Ports = 2> <Width = 16> <Depth = 23> <RAM>
ST_2 : Operation 38 [1/1] (0.00ns)   --->   "%br_ln58 = br void %arrayidx.exit.i" [../task_detection_tpu/tpu_accel.cpp:58]   --->   Operation 38 'br' 'br_ln58' <Predicate = (trunc_ln56 == 3)> <Delay = 0.00>
ST_2 : Operation 39 [1/1] ( I:1.14ns O:1.14ns )   --->   "%store_ln58 = store i16 %stream_in_read, i5 %x_padded_2_addr" [../task_detection_tpu/tpu_accel.cpp:58]   --->   Operation 39 'store' 'store_ln58' <Predicate = (trunc_ln56 == 2)> <Delay = 1.14> <CoreInst = "RAM">   --->   Core 81 'RAM' <Latency = 1> <II = 1> <Delay = 1.14> <Storage> <Opcode : 'load' 'store'> <Ports = 2> <Width = 16> <Depth = 23> <RAM>
ST_2 : Operation 40 [1/1] (0.00ns)   --->   "%br_ln58 = br void %arrayidx.exit.i" [../task_detection_tpu/tpu_accel.cpp:58]   --->   Operation 40 'br' 'br_ln58' <Predicate = (trunc_ln56 == 2)> <Delay = 0.00>
ST_2 : Operation 41 [1/1] ( I:1.14ns O:1.14ns )   --->   "%store_ln58 = store i16 %stream_in_read, i5 %x_padded_1_addr" [../task_detection_tpu/tpu_accel.cpp:58]   --->   Operation 41 'store' 'store_ln58' <Predicate = (trunc_ln56 == 1)> <Delay = 1.14> <CoreInst = "RAM">   --->   Core 81 'RAM' <Latency = 1> <II = 1> <Delay = 1.14> <Storage> <Opcode : 'load' 'store'> <Ports = 2> <Width = 16> <Depth = 23> <RAM>
ST_2 : Operation 42 [1/1] (0.00ns)   --->   "%br_ln58 = br void %arrayidx.exit.i" [../task_detection_tpu/tpu_accel.cpp:58]   --->   Operation 42 'br' 'br_ln58' <Predicate = (trunc_ln56 == 1)> <Delay = 0.00>
ST_2 : Operation 43 [1/1] ( I:1.14ns O:1.14ns )   --->   "%store_ln58 = store i16 %stream_in_read, i5 %x_padded_addr" [../task_detection_tpu/tpu_accel.cpp:58]   --->   Operation 43 'store' 'store_ln58' <Predicate = (trunc_ln56 == 0)> <Delay = 1.14> <CoreInst = "RAM">   --->   Core 81 'RAM' <Latency = 1> <II = 1> <Delay = 1.14> <Storage> <Opcode : 'load' 'store'> <Ports = 2> <Width = 16> <Depth = 23> <RAM>
ST_2 : Operation 44 [1/1] (0.00ns)   --->   "%br_ln58 = br void %arrayidx.exit.i" [../task_detection_tpu/tpu_accel.cpp:58]   --->   Operation 44 'br' 'br_ln58' <Predicate = (trunc_ln56 == 0)> <Delay = 0.00>
ST_2 : Operation 45 [1/1] ( I:1.14ns O:1.14ns )   --->   "%store_ln58 = store i16 %stream_in_read, i5 %x_padded_7_addr" [../task_detection_tpu/tpu_accel.cpp:58]   --->   Operation 45 'store' 'store_ln58' <Predicate = (trunc_ln56 == 7)> <Delay = 1.14> <CoreInst = "RAM">   --->   Core 81 'RAM' <Latency = 1> <II = 1> <Delay = 1.14> <Storage> <Opcode : 'load' 'store'> <Ports = 2> <Width = 16> <Depth = 23> <RAM>
ST_2 : Operation 46 [1/1] (0.00ns)   --->   "%br_ln58 = br void %arrayidx.exit.i" [../task_detection_tpu/tpu_accel.cpp:58]   --->   Operation 46 'br' 'br_ln58' <Predicate = (trunc_ln56 == 7)> <Delay = 0.00>


============================================================
+ Verbose Summary: Timing violations
============================================================
Target clock period: 10.000ns, clock uncertainty: 2.700ns.

 <State 1>: 3.023ns
The critical path consists of the following:
	'store' operation ('store_ln56', ../task_detection_tpu/tpu_accel.cpp:56) of constant 0 8 bit on local variable 'i', ../task_detection_tpu/tpu_accel.cpp:56 [12]  (0.833 ns)
	'load' operation 8 bit ('i', ../task_detection_tpu/tpu_accel.cpp:56) on local variable 'i', ../task_detection_tpu/tpu_accel.cpp:56 [15]  (0.000 ns)
	'icmp' operation 1 bit ('icmp_ln56', ../task_detection_tpu/tpu_accel.cpp:56) [16]  (1.357 ns)
	'store' operation ('store_ln56', ../task_detection_tpu/tpu_accel.cpp:56) of variable 'add_ln56', ../task_detection_tpu/tpu_accel.cpp:56 8 bit on local variable 'i', ../task_detection_tpu/tpu_accel.cpp:56 [61]  (0.833 ns)

 <State 2>: 3.616ns
The critical path consists of the following:
	fifo read operation ('stream_in_read', ../task_detection_tpu/tpu_accel.cpp:58) on port 'stream_in' (../task_detection_tpu/tpu_accel.cpp:58) [26]  (2.468 ns)
	'store' operation ('store_ln58', ../task_detection_tpu/tpu_accel.cpp:58) of variable 'stream_in_read', ../task_detection_tpu/tpu_accel.cpp:58 16 bit on array 'x_padded_5' [40]  (1.148 ns)


============================================================
+ Verbose Summary: Binding
============================================================
N/A
* FSMD analyzer results:
  - Output states:
 - Input state : 
  - Chain level:
	State 1
	State 2


============================================================
+ Verbose Summary: Datapath Resource usage 
============================================================
N/A
