

================================================================
== Vitis HLS Report for 'tpu_layer_1_Pipeline_VITIS_LOOP_46_1'
================================================================
* Date:           Mon Jun 15 23:14:57 2026

* Version:        2025.2 (Build 6295257 on Nov 14 2025)
* Project:        tpu_integrated_accel
* Solution:       hls (Vivado IP Flow Target)
* Product family: kintex7
* Target device:  xc7k325t-ffg900-2


================================================================
== Performance Estimates
================================================================
+ Timing: 
    * Summary: 
    +--------+----------+----------+------------+
    |  Clock |  Target  | Estimated| Uncertainty|
    +--------+----------+----------+------------+
    |ap_clk  |  10.00 ns|  4.532 ns|     2.70 ns|
    +--------+----------+----------+------------+

+ Latency: 
    * Summary: 
    +---------+---------+----------+----------+-----+-----+-------------------+
    |  Latency (cycles) |  Latency (absolute) |  Interval |      Pipeline     |
    |   min   |   max   |    min   |    max   | min | max |        Type       |
    +---------+---------+----------+----------+-----+-----+-------------------+
    |      182|      182|  1.820 us|  1.820 us|    0|    0|  loop pipeline stp|
    +---------+---------+----------+----------+-----+-----+-------------------+

    + Detail: 
        * Instance: 
        N/A

        * Loop: 
        +-------------------+---------+---------+----------+-----------+-----------+------+----------+
        |                   |  Latency (cycles) | Iteration|  Initiation Interval  | Trip |          |
        |     Loop Name     |   min   |   max   |  Latency |  achieved |   target  | Count| Pipelined|
        +-------------------+---------+---------+----------+-----------+-----------+------+----------+
        |- VITIS_LOOP_46_1  |      180|      180|         2|          1|          1|   180|       yes|
        +-------------------+---------+---------+----------+-----------+-----------+------+----------+

============================================================
+ Verbose Summary: Synthesis Manager
============================================================
InlineROM: 1
ExposeGlobal: 0
============================================================
+ Verbose Summary: CDFG Model
============================================================
IsTopModel: 0
ResetActiveHigh: 1
IsCombinational: 0
IsDatapathOnly: 0
HasWiredReturn: 1
HasMFsm: 2
HasVarLatency: 1
IsPipeline: 0
IsRtlPipelined: 0
IsInstanceOverlapped: 0
IsDontTouch: 0
HasImplIP: 0
IsGatedGlobalClock: 0

+ Individual pipeline summary: 
  * Pipeline-0: initiation interval (II) = 1, depth = 2


============================================================
+ Verbose Summary: Schedule
============================================================
* Number of FSM states : 2
* Pipeline : 1
  Pipeline-0 : II = 1, D = 2, States = { 1 2 }
* Dataflow Pipeline: 0

* FSM state transitions: 
1 --> 2 
2 --> 

* FSM state operations: 

State 1 <SV = 0> <Delay = 3.09>
ST_1 : Operation 5 [1/1] (0.00ns)   --->   "%i = alloca i32 1" [../task_detection_tpu/tpu_accel.cpp:46]   --->   Operation 5 'alloca' 'i' <Predicate = true> <Delay = 0.00>
ST_1 : Operation 6 [1/1] (0.83ns)   --->   "%store_ln46 = store i8 0, i8 %i" [../task_detection_tpu/tpu_accel.cpp:46]   --->   Operation 6 'store' 'store_ln46' <Predicate = true> <Delay = 0.83>
ST_1 : Operation 7 [1/1] (0.00ns)   --->   "%br_ln0 = br void %for.inc"   --->   Operation 7 'br' 'br_ln0' <Predicate = true> <Delay = 0.00>
ST_1 : Operation 8 [1/1] (0.00ns)   --->   "%i_3 = load i8 %i" [../task_detection_tpu/tpu_accel.cpp:46]   --->   Operation 8 'load' 'i_3' <Predicate = true> <Delay = 0.00>
ST_1 : Operation 9 [1/1] (1.35ns)   --->   "%icmp_ln46 = icmp_eq  i8 %i_3, i8 180" [../task_detection_tpu/tpu_accel.cpp:46]   --->   Operation 9 'icmp' 'icmp_ln46' <Predicate = true> <Delay = 1.35> <CoreInst = "Cmp">   --->   Core 9 'Cmp' <Latency = 0> <II = 1> <Delay = 1.35> <FuncUnit> <Opcode : 'seteq' 'setne' 'setle' 'setge' 'setlt' 'setgt'> <InPorts = 2> <OutPorts = 1>
ST_1 : Operation 10 [1/1] (1.35ns)   --->   "%add_ln46 = add i8 %i_3, i8 1" [../task_detection_tpu/tpu_accel.cpp:46]   --->   Operation 10 'add' 'add_ln46' <Predicate = true> <Delay = 1.35> <CoreInst = "Adder">   --->   Core 1 'Adder' <Latency = 0> <II = 1> <Delay = 1.35> <FuncUnit> <Opcode : 'add' 'sub'> <InPorts = 2> <OutPorts = 1>
ST_1 : Operation 11 [1/1] (0.00ns)   --->   "%br_ln46 = br i1 %icmp_ln46, void %for.inc.split, void %for.body7.preheader.exitStub" [../task_detection_tpu/tpu_accel.cpp:46]   --->   Operation 11 'br' 'br_ln46' <Predicate = true> <Delay = 0.00>
ST_1 : Operation 12 [1/1] (0.00ns)   --->   "%zext_ln46 = zext i8 %i_3" [../task_detection_tpu/tpu_accel.cpp:46]   --->   Operation 12 'zext' 'zext_ln46' <Predicate = (!icmp_ln46)> <Delay = 0.00>
ST_1 : Operation 13 [1/1] (0.00ns)   --->   "%input_addr = getelementptr i16 %input_r, i64 0, i64 %zext_ln46" [../task_detection_tpu/tpu_accel.cpp:46]   --->   Operation 13 'getelementptr' 'input_addr' <Predicate = (!icmp_ln46)> <Delay = 0.00>
ST_1 : Operation 14 [2/2] (2.26ns)   --->   "%input_load = load i8 %input_addr" [../task_detection_tpu/tpu_accel.cpp:46]   --->   Operation 14 'load' 'input_load' <Predicate = (!icmp_ln46)> <Delay = 2.26> <CoreInst = "RAM">   --->   Core 81 'RAM' <Latency = 1> <II = 1> <Delay = 2.26> <Storage> <Opcode : 'load' 'store'> <Ports = 2> <Width = 16> <Depth = 180> <RAM>
ST_1 : Operation 15 [1/1] (0.83ns)   --->   "%store_ln46 = store i8 %add_ln46, i8 %i" [../task_detection_tpu/tpu_accel.cpp:46]   --->   Operation 15 'store' 'store_ln46' <Predicate = (!icmp_ln46)> <Delay = 0.83>
ST_1 : Operation 23 [1/1] (0.83ns)   --->   "%ret_ln0 = ret"   --->   Operation 23 'ret' 'ret_ln0' <Predicate = (icmp_ln46)> <Delay = 0.83>

State 2 <SV = 1> <Delay = 4.53>
ST_2 : Operation 16 [1/1] (0.00ns)   --->   "%specpipeline_ln46 = specpipeline void @_ssdm_op_SpecPipeline, i32 4294967295, i32 0, i32 0, i32 0, i32 4294967295, void @empty_22" [../task_detection_tpu/tpu_accel.cpp:46]   --->   Operation 16 'specpipeline' 'specpipeline_ln46' <Predicate = true> <Delay = 0.00>
ST_2 : Operation 17 [1/1] (0.00ns)   --->   "%speclooptripcount_ln46 = speclooptripcount void @_ssdm_op_SpecLoopTripCount, i64 180, i64 180, i64 180" [../task_detection_tpu/tpu_accel.cpp:46]   --->   Operation 17 'speclooptripcount' 'speclooptripcount_ln46' <Predicate = true> <Delay = 0.00>
ST_2 : Operation 18 [1/1] (0.00ns)   --->   "%specloopname_ln46 = specloopname void @_ssdm_op_SpecLoopName, void @empty_7" [../task_detection_tpu/tpu_accel.cpp:46]   --->   Operation 18 'specloopname' 'specloopname_ln46' <Predicate = true> <Delay = 0.00>
ST_2 : Operation 19 [1/1] (0.00ns)   --->   "%x_padded_addr = getelementptr i16 %x_padded, i64 0, i64 %zext_ln46" [../task_detection_tpu/tpu_accel.cpp:46]   --->   Operation 19 'getelementptr' 'x_padded_addr' <Predicate = true> <Delay = 0.00>
ST_2 : Operation 20 [1/2] ( I:2.26ns O:2.26ns )   --->   "%input_load = load i8 %input_addr" [../task_detection_tpu/tpu_accel.cpp:46]   --->   Operation 20 'load' 'input_load' <Predicate = true> <Delay = 2.26> <CoreInst = "RAM">   --->   Core 81 'RAM' <Latency = 1> <II = 1> <Delay = 2.26> <Storage> <Opcode : 'load' 'store'> <Ports = 2> <Width = 16> <Depth = 180> <RAM>
ST_2 : Operation 21 [1/1] ( I:2.26ns O:2.26ns )   --->   "%store_ln46 = store i16 %input_load, i8 %x_padded_addr" [../task_detection_tpu/tpu_accel.cpp:46]   --->   Operation 21 'store' 'store_ln46' <Predicate = true> <Delay = 2.26> <CoreInst = "RAM">   --->   Core 81 'RAM' <Latency = 1> <II = 1> <Delay = 2.26> <Storage> <Opcode : 'load' 'store'> <Ports = 2> <Width = 16> <Depth = 184> <RAM>
ST_2 : Operation 22 [1/1] (0.00ns)   --->   "%br_ln46 = br void %for.inc" [../task_detection_tpu/tpu_accel.cpp:46]   --->   Operation 22 'br' 'br_ln46' <Predicate = true> <Delay = 0.00>


============================================================
+ Verbose Summary: Timing violations
============================================================
Target clock period: 10.000ns, clock uncertainty: 2.700ns.

 <State 1>: 3.099ns
The critical path consists of the following:
	'store' operation ('store_ln46', ../task_detection_tpu/tpu_accel.cpp:46) of constant 0 8 bit on local variable 'i', ../task_detection_tpu/tpu_accel.cpp:46 [4]  (0.833 ns)
	'load' operation 8 bit ('i', ../task_detection_tpu/tpu_accel.cpp:46) on local variable 'i', ../task_detection_tpu/tpu_accel.cpp:46 [7]  (0.000 ns)
	'getelementptr' operation 8 bit ('input_addr', ../task_detection_tpu/tpu_accel.cpp:46) [16]  (0.000 ns)
	'load' operation 16 bit ('input_load', ../task_detection_tpu/tpu_accel.cpp:46) on array 'input_r' [18]  (2.266 ns)

 <State 2>: 4.532ns
The critical path consists of the following:
	'load' operation 16 bit ('input_load', ../task_detection_tpu/tpu_accel.cpp:46) on array 'input_r' [18]  (2.266 ns)
	'store' operation ('store_ln46', ../task_detection_tpu/tpu_accel.cpp:46) of variable 'input_load', ../task_detection_tpu/tpu_accel.cpp:46 16 bit on array 'x_padded' [19]  (2.266 ns)


============================================================
+ Verbose Summary: Binding
============================================================
N/A
* FSMD analyzer results:
  - Output states:
 - Input state : 
  - Chain level:
	State 1
	State 2


============================================================
+ Verbose Summary: Datapath Resource usage 
============================================================
N/A
