

================================================================
== Vitis HLS Report for 'tpu_layer_2_Pipeline_VITIS_LOOP_180_2'
================================================================
* Date:           Tue Jun 16 19:43:25 2026

* Version:        2025.2 (Build 6295257 on Nov 14 2025)
* Project:        tpu_integrated_accel
* Solution:       hls (Vivado IP Flow Target)
* Product family: kintex7
* Target device:  xc7k325t-ffg900-2


================================================================
== Performance Estimates
================================================================
+ Timing: 
    * Summary: 
    +--------+----------+----------+------------+
    |  Clock |  Target  | Estimated| Uncertainty|
    +--------+----------+----------+------------+
    |ap_clk  |  10.00 ns|  3.338 ns|     2.70 ns|
    +--------+----------+----------+------------+

+ Latency: 
    * Summary: 
    +---------+---------+----------+----------+-----+-----+-------------------+
    |  Latency (cycles) |  Latency (absolute) |  Interval |      Pipeline     |
    |   min   |   max   |    min   |    max   | min | max |        Type       |
    +---------+---------+----------+----------+-----+-----+-------------------+
    |      130|      130|  1.300 us|  1.300 us|    0|    0|  loop pipeline stp|
    +---------+---------+----------+----------+-----+-----+-------------------+

    + Detail: 
        * Instance: 
        N/A

        * Loop: 
        +--------------------+---------+---------+----------+-----------+-----------+------+----------+
        |                    |  Latency (cycles) | Iteration|  Initiation Interval  | Trip |          |
        |      Loop Name     |   min   |   max   |  Latency |  achieved |   target  | Count| Pipelined|
        +--------------------+---------+---------+----------+-----------+-----------+------+----------+
        |- VITIS_LOOP_180_2  |      128|      128|         1|          1|          1|   128|       yes|
        +--------------------+---------+---------+----------+-----------+-----------+------+----------+



================================================================
== Utilization Estimates
================================================================
* Summary: 
+-----------------+---------+-----+--------+--------+-----+
|       Name      | BRAM_18K| DSP |   FF   |   LUT  | URAM|
+-----------------+---------+-----+--------+--------+-----+
|DSP              |        -|    -|       -|       -|    -|
|Expression       |        -|    -|       0|      31|    -|
|FIFO             |        -|    -|       -|       -|    -|
|Instance         |        -|    -|       -|       -|    -|
|Memory           |        -|    -|       -|       -|    -|
|Multiplexer      |        -|    -|       0|      27|    -|
|Register         |        -|    -|      10|       -|    -|
+-----------------+---------+-----+--------+--------+-----+
|Total            |        0|    0|      10|      58|    0|
+-----------------+---------+-----+--------+--------+-----+
|Available        |      890|  840|  407600|  203800|    0|
+-----------------+---------+-----+--------+--------+-----+
|Utilization (%)  |        0|    0|      ~0|      ~0|    0|
+-----------------+---------+-----+--------+--------+-----+

+ Detail: 
    * Instance: 
    N/A

    * DSP: 
    N/A

    * Memory: 
    N/A

    * FIFO: 
    N/A

    * Expression: 
    +----------------------+----------+----+---+----+------------+------------+
    |     Variable Name    | Operation| DSP| FF| LUT| Bitwidth P0| Bitwidth P1|
    +----------------------+----------+----+---+----+------------+------------+
    |add_ln180_fu_194_p2   |         +|   0|  0|  15|           8|           1|
    |icmp_ln180_fu_188_p2  |      icmp|   0|  0|  16|           8|           9|
    +----------------------+----------+----+---+----+------------+------------+
    |Total                 |          |   0|  0|  31|          16|          10|
    +----------------------+----------+----+---+----+------------+------------+

    * Multiplexer: 
    +--------------------+----+-----------+-----+-----------+
    |        Name        | LUT| Input Size| Bits| Total Bits|
    +--------------------+----+-----------+-----+-----------+
    |ap_done_int         |   9|          2|    1|          2|
    |ap_sig_allocacmp_i  |   9|          2|    8|         16|
    |i_11_fu_64          |   9|          2|    8|         16|
    +--------------------+----+-----------+-----+-----------+
    |Total               |  27|          6|   17|         34|
    +--------------------+----+-----------+-----+-----------+

    * Register: 
    +-------------+---+----+-----+-----------+
    |     Name    | FF| LUT| Bits| Const Bits|
    +-------------+---+----+-----+-----------+
    |ap_CS_fsm    |  1|   0|    1|          0|
    |ap_done_reg  |  1|   0|    1|          0|
    |i_11_fu_64   |  8|   0|    8|          0|
    +-------------+---+----+-----+-----------+
    |Total        | 10|   0|   10|          0|
    +-------------+---+----+-----+-----------+



================================================================
== Interface
================================================================
* Summary: 
+----------------------------------------------------------------------------+-----+-----+------------+-------------------------------------------------------------------+--------------+
|                                  RTL Ports                                 | Dir | Bits|  Protocol  |                           Source Object                           |    C Type    |
+----------------------------------------------------------------------------+-----+-----+------------+-------------------------------------------------------------------+--------------+
|ap_clk                                                                      |   in|    1|  ap_ctrl_hs|                              tpu_layer_2_Pipeline_VITIS_LOOP_180_2|  return value|
|ap_rst                                                                      |   in|    1|  ap_ctrl_hs|                              tpu_layer_2_Pipeline_VITIS_LOOP_180_2|  return value|
|ap_start                                                                    |   in|    1|  ap_ctrl_hs|                              tpu_layer_2_Pipeline_VITIS_LOOP_180_2|  return value|
|ap_done                                                                     |  out|    1|  ap_ctrl_hs|                              tpu_layer_2_Pipeline_VITIS_LOOP_180_2|  return value|
|ap_idle                                                                     |  out|    1|  ap_ctrl_hs|                              tpu_layer_2_Pipeline_VITIS_LOOP_180_2|  return value|
|ap_ready                                                                    |  out|    1|  ap_ctrl_hs|                              tpu_layer_2_Pipeline_VITIS_LOOP_180_2|  return value|
|tpu_layer_2_stream_ap_fixed_0_stream_ap_fixed_16_6_5_3_0_0_bias_7_address0  |  out|    4|   ap_memory|  tpu_layer_2_stream_ap_fixed_0_stream_ap_fixed_16_6_5_3_0_0_bias_7|         array|
|tpu_layer_2_stream_ap_fixed_0_stream_ap_fixed_16_6_5_3_0_0_bias_7_ce0       |  out|    1|   ap_memory|  tpu_layer_2_stream_ap_fixed_0_stream_ap_fixed_16_6_5_3_0_0_bias_7|         array|
|tpu_layer_2_stream_ap_fixed_0_stream_ap_fixed_16_6_5_3_0_0_bias_7_we0       |  out|    1|   ap_memory|  tpu_layer_2_stream_ap_fixed_0_stream_ap_fixed_16_6_5_3_0_0_bias_7|         array|
|tpu_layer_2_stream_ap_fixed_0_stream_ap_fixed_16_6_5_3_0_0_bias_7_d0        |  out|    1|   ap_memory|  tpu_layer_2_stream_ap_fixed_0_stream_ap_fixed_16_6_5_3_0_0_bias_7|         array|
|tpu_layer_2_stream_ap_fixed_0_stream_ap_fixed_16_6_5_3_0_0_bias_1_address0  |  out|    4|   ap_memory|  tpu_layer_2_stream_ap_fixed_0_stream_ap_fixed_16_6_5_3_0_0_bias_1|         array|
|tpu_layer_2_stream_ap_fixed_0_stream_ap_fixed_16_6_5_3_0_0_bias_1_ce0       |  out|    1|   ap_memory|  tpu_layer_2_stream_ap_fixed_0_stream_ap_fixed_16_6_5_3_0_0_bias_1|         array|
|tpu_layer_2_stream_ap_fixed_0_stream_ap_fixed_16_6_5_3_0_0_bias_1_we0       |  out|    1|   ap_memory|  tpu_layer_2_stream_ap_fixed_0_stream_ap_fixed_16_6_5_3_0_0_bias_1|         array|
|tpu_layer_2_stream_ap_fixed_0_stream_ap_fixed_16_6_5_3_0_0_bias_1_d0        |  out|    1|   ap_memory|  tpu_layer_2_stream_ap_fixed_0_stream_ap_fixed_16_6_5_3_0_0_bias_1|         array|
|tpu_layer_2_stream_ap_fixed_0_stream_ap_fixed_16_6_5_3_0_0_bias_address0    |  out|    4|   ap_memory|    tpu_layer_2_stream_ap_fixed_0_stream_ap_fixed_16_6_5_3_0_0_bias|         array|
|tpu_layer_2_stream_ap_fixed_0_stream_ap_fixed_16_6_5_3_0_0_bias_ce0         |  out|    1|   ap_memory|    tpu_layer_2_stream_ap_fixed_0_stream_ap_fixed_16_6_5_3_0_0_bias|         array|
|tpu_layer_2_stream_ap_fixed_0_stream_ap_fixed_16_6_5_3_0_0_bias_we0         |  out|    1|   ap_memory|    tpu_layer_2_stream_ap_fixed_0_stream_ap_fixed_16_6_5_3_0_0_bias|         array|
|tpu_layer_2_stream_ap_fixed_0_stream_ap_fixed_16_6_5_3_0_0_bias_d0          |  out|    1|   ap_memory|    tpu_layer_2_stream_ap_fixed_0_stream_ap_fixed_16_6_5_3_0_0_bias|         array|
|tpu_layer_2_stream_ap_fixed_0_stream_ap_fixed_16_6_5_3_0_0_bias_6_address0  |  out|    4|   ap_memory|  tpu_layer_2_stream_ap_fixed_0_stream_ap_fixed_16_6_5_3_0_0_bias_6|         array|
|tpu_layer_2_stream_ap_fixed_0_stream_ap_fixed_16_6_5_3_0_0_bias_6_ce0       |  out|    1|   ap_memory|  tpu_layer_2_stream_ap_fixed_0_stream_ap_fixed_16_6_5_3_0_0_bias_6|         array|
|tpu_layer_2_stream_ap_fixed_0_stream_ap_fixed_16_6_5_3_0_0_bias_6_we0       |  out|    1|   ap_memory|  tpu_layer_2_stream_ap_fixed_0_stream_ap_fixed_16_6_5_3_0_0_bias_6|         array|
|tpu_layer_2_stream_ap_fixed_0_stream_ap_fixed_16_6_5_3_0_0_bias_6_d0        |  out|    1|   ap_memory|  tpu_layer_2_stream_ap_fixed_0_stream_ap_fixed_16_6_5_3_0_0_bias_6|         array|
|tpu_layer_2_stream_ap_fixed_0_stream_ap_fixed_16_6_5_3_0_0_bias_5_address0  |  out|    4|   ap_memory|  tpu_layer_2_stream_ap_fixed_0_stream_ap_fixed_16_6_5_3_0_0_bias_5|         array|
|tpu_layer_2_stream_ap_fixed_0_stream_ap_fixed_16_6_5_3_0_0_bias_5_ce0       |  out|    1|   ap_memory|  tpu_layer_2_stream_ap_fixed_0_stream_ap_fixed_16_6_5_3_0_0_bias_5|         array|
|tpu_layer_2_stream_ap_fixed_0_stream_ap_fixed_16_6_5_3_0_0_bias_5_we0       |  out|    1|   ap_memory|  tpu_layer_2_stream_ap_fixed_0_stream_ap_fixed_16_6_5_3_0_0_bias_5|         array|
|tpu_layer_2_stream_ap_fixed_0_stream_ap_fixed_16_6_5_3_0_0_bias_5_d0        |  out|    1|   ap_memory|  tpu_layer_2_stream_ap_fixed_0_stream_ap_fixed_16_6_5_3_0_0_bias_5|         array|
|tpu_layer_2_stream_ap_fixed_0_stream_ap_fixed_16_6_5_3_0_0_bias_4_address0  |  out|    4|   ap_memory|  tpu_layer_2_stream_ap_fixed_0_stream_ap_fixed_16_6_5_3_0_0_bias_4|         array|
|tpu_layer_2_stream_ap_fixed_0_stream_ap_fixed_16_6_5_3_0_0_bias_4_ce0       |  out|    1|   ap_memory|  tpu_layer_2_stream_ap_fixed_0_stream_ap_fixed_16_6_5_3_0_0_bias_4|         array|
|tpu_layer_2_stream_ap_fixed_0_stream_ap_fixed_16_6_5_3_0_0_bias_4_we0       |  out|    1|   ap_memory|  tpu_layer_2_stream_ap_fixed_0_stream_ap_fixed_16_6_5_3_0_0_bias_4|         array|
|tpu_layer_2_stream_ap_fixed_0_stream_ap_fixed_16_6_5_3_0_0_bias_4_d0        |  out|    1|   ap_memory|  tpu_layer_2_stream_ap_fixed_0_stream_ap_fixed_16_6_5_3_0_0_bias_4|         array|
|tpu_layer_2_stream_ap_fixed_0_stream_ap_fixed_16_6_5_3_0_0_bias_3_address0  |  out|    4|   ap_memory|  tpu_layer_2_stream_ap_fixed_0_stream_ap_fixed_16_6_5_3_0_0_bias_3|         array|
|tpu_layer_2_stream_ap_fixed_0_stream_ap_fixed_16_6_5_3_0_0_bias_3_ce0       |  out|    1|   ap_memory|  tpu_layer_2_stream_ap_fixed_0_stream_ap_fixed_16_6_5_3_0_0_bias_3|         array|
|tpu_layer_2_stream_ap_fixed_0_stream_ap_fixed_16_6_5_3_0_0_bias_3_we0       |  out|    1|   ap_memory|  tpu_layer_2_stream_ap_fixed_0_stream_ap_fixed_16_6_5_3_0_0_bias_3|         array|
|tpu_layer_2_stream_ap_fixed_0_stream_ap_fixed_16_6_5_3_0_0_bias_3_d0        |  out|    1|   ap_memory|  tpu_layer_2_stream_ap_fixed_0_stream_ap_fixed_16_6_5_3_0_0_bias_3|         array|
|tpu_layer_2_stream_ap_fixed_0_stream_ap_fixed_16_6_5_3_0_0_bias_2_address0  |  out|    4|   ap_memory|  tpu_layer_2_stream_ap_fixed_0_stream_ap_fixed_16_6_5_3_0_0_bias_2|         array|
|tpu_layer_2_stream_ap_fixed_0_stream_ap_fixed_16_6_5_3_0_0_bias_2_ce0       |  out|    1|   ap_memory|  tpu_layer_2_stream_ap_fixed_0_stream_ap_fixed_16_6_5_3_0_0_bias_2|         array|
|tpu_layer_2_stream_ap_fixed_0_stream_ap_fixed_16_6_5_3_0_0_bias_2_we0       |  out|    1|   ap_memory|  tpu_layer_2_stream_ap_fixed_0_stream_ap_fixed_16_6_5_3_0_0_bias_2|         array|
|tpu_layer_2_stream_ap_fixed_0_stream_ap_fixed_16_6_5_3_0_0_bias_2_d0        |  out|    1|   ap_memory|  tpu_layer_2_stream_ap_fixed_0_stream_ap_fixed_16_6_5_3_0_0_bias_2|         array|
+----------------------------------------------------------------------------+-----+-----+------------+-------------------------------------------------------------------+--------------+

============================================================
+ Verbose Summary: Synthesis Manager
============================================================
InlineROM: 1
ExposeGlobal: 0
============================================================
+ Verbose Summary: CDFG Model
============================================================
IsTopModel: 0
ResetActiveHigh: 1
IsCombinational: 2
IsDatapathOnly: 2
HasWiredReturn: 1
HasMFsm: 2
HasVarLatency: 1
IsPipeline: 0
IsRtlPipelined: 0
IsInstanceOverlapped: 0
IsDontTouch: 0
HasImplIP: 0
IsGatedGlobalClock: 0

+ Individual pipeline summary: 
  * Pipeline-0: initiation interval (II) = 1, depth = 1


============================================================
+ Verbose Summary: Schedule
============================================================
* Number of FSM states : 1
* Pipeline : 1
  Pipeline-0 : II = 1, D = 1, States = { 1 }
* Dataflow Pipeline: 0

* FSM state transitions: 
1 --> 

* FSM state operations: 

State 1 <SV = 0> <Delay = 3.33>
ST_1 : Operation 4 [1/1] (0.00ns)   --->   "%i_11 = alloca i32 1" [../task_detection_tpu/tpu_accel.cpp:180]   --->   Operation 4 'alloca' 'i_11' <Predicate = true> <Delay = 0.00>
ST_1 : Operation 5 [1/1] (0.83ns)   --->   "%store_ln180 = store i8 0, i8 %i_11" [../task_detection_tpu/tpu_accel.cpp:180]   --->   Operation 5 'store' 'store_ln180' <Predicate = true> <Delay = 0.83>
ST_1 : Operation 6 [1/1] (0.00ns)   --->   "%br_ln0 = br void %for.inc9.i"   --->   Operation 6 'br' 'br_ln0' <Predicate = true> <Delay = 0.00>
ST_1 : Operation 7 [1/1] (0.00ns)   --->   "%i = load i8 %i_11" [../task_detection_tpu/tpu_accel.cpp:180]   --->   Operation 7 'load' 'i' <Predicate = true> <Delay = 0.00>
ST_1 : Operation 8 [1/1] (1.35ns)   --->   "%icmp_ln180 = icmp_eq  i8 %i, i8 128" [../task_detection_tpu/tpu_accel.cpp:180]   --->   Operation 8 'icmp' 'icmp_ln180' <Predicate = true> <Delay = 1.35> <CoreInst = "Cmp">   --->   Core 9 'Cmp' <Latency = 0> <II = 1> <Delay = 1.35> <FuncUnit> <Opcode : 'seteq' 'setne' 'setle' 'setge' 'setlt' 'setgt'> <InPorts = 2> <OutPorts = 1>
ST_1 : Operation 9 [1/1] (1.35ns)   --->   "%add_ln180 = add i8 %i, i8 1" [../task_detection_tpu/tpu_accel.cpp:180]   --->   Operation 9 'add' 'add_ln180' <Predicate = true> <Delay = 1.35> <CoreInst = "Adder">   --->   Core 1 'Adder' <Latency = 0> <II = 1> <Delay = 1.35> <FuncUnit> <Opcode : 'add' 'sub'> <InPorts = 2> <OutPorts = 1>
ST_1 : Operation 10 [1/1] (0.00ns)   --->   "%br_ln180 = br i1 %icmp_ln180, void %for.inc9.split.i, void %for.inc38.i.preheader.exitStub" [../task_detection_tpu/tpu_accel.cpp:180]   --->   Operation 10 'br' 'br_ln180' <Predicate = true> <Delay = 0.00>
ST_1 : Operation 11 [1/1] (0.00ns)   --->   "%trunc_ln180 = trunc i8 %i" [../task_detection_tpu/tpu_accel.cpp:180]   --->   Operation 11 'trunc' 'trunc_ln180' <Predicate = (!icmp_ln180)> <Delay = 0.00>
ST_1 : Operation 12 [1/1] (0.00ns)   --->   "%specpipeline_ln180 = specpipeline void @_ssdm_op_SpecPipeline, i32 4294967295, i32 0, i32 0, i32 0, i32 4294967295, void @empty_9" [../task_detection_tpu/tpu_accel.cpp:180]   --->   Operation 12 'specpipeline' 'specpipeline_ln180' <Predicate = (!icmp_ln180)> <Delay = 0.00>
ST_1 : Operation 13 [1/1] (0.00ns)   --->   "%speclooptripcount_ln180 = speclooptripcount void @_ssdm_op_SpecLoopTripCount, i64 128, i64 128, i64 128" [../task_detection_tpu/tpu_accel.cpp:180]   --->   Operation 13 'speclooptripcount' 'speclooptripcount_ln180' <Predicate = (!icmp_ln180)> <Delay = 0.00>
ST_1 : Operation 14 [1/1] (0.00ns)   --->   "%specloopname_ln180 = specloopname void @_ssdm_op_SpecLoopName, void @empty_47" [../task_detection_tpu/tpu_accel.cpp:180]   --->   Operation 14 'specloopname' 'specloopname_ln180' <Predicate = (!icmp_ln180)> <Delay = 0.00>
ST_1 : Operation 15 [1/1] (0.00ns)   --->   "%lshr_ln2 = partselect i4 @_ssdm_op_PartSelect.i4.i8.i32.i32, i8 %i, i32 3, i32 6" [../task_detection_tpu/tpu_accel.cpp:180]   --->   Operation 15 'partselect' 'lshr_ln2' <Predicate = (!icmp_ln180)> <Delay = 0.00>
ST_1 : Operation 16 [1/1] (0.00ns)   --->   "%zext_ln180 = zext i4 %lshr_ln2" [../task_detection_tpu/tpu_accel.cpp:180]   --->   Operation 16 'zext' 'zext_ln180' <Predicate = (!icmp_ln180)> <Delay = 0.00>
ST_1 : Operation 17 [1/1] (0.00ns)   --->   "%tpu_layer_2_stream_ap_fixed_0_stream_ap_fixed_16_6_5_3_0_0_bias_7_addr = getelementptr i1 %tpu_layer_2_stream_ap_fixed_0_stream_ap_fixed_16_6_5_3_0_0_bias_7, i64 0, i64 %zext_ln180" [../task_detection_tpu/tpu_accel.cpp:180]   --->   Operation 17 'getelementptr' 'tpu_layer_2_stream_ap_fixed_0_stream_ap_fixed_16_6_5_3_0_0_bias_7_addr' <Predicate = (!icmp_ln180)> <Delay = 0.00>
ST_1 : Operation 18 [1/1] (0.00ns)   --->   "%tpu_layer_2_stream_ap_fixed_0_stream_ap_fixed_16_6_5_3_0_0_bias_1_addr = getelementptr i1 %tpu_layer_2_stream_ap_fixed_0_stream_ap_fixed_16_6_5_3_0_0_bias_1, i64 0, i64 %zext_ln180" [../task_detection_tpu/tpu_accel.cpp:180]   --->   Operation 18 'getelementptr' 'tpu_layer_2_stream_ap_fixed_0_stream_ap_fixed_16_6_5_3_0_0_bias_1_addr' <Predicate = (!icmp_ln180)> <Delay = 0.00>
ST_1 : Operation 19 [1/1] (0.00ns)   --->   "%tpu_layer_2_stream_ap_fixed_0_stream_ap_fixed_16_6_5_3_0_0_bias_addr = getelementptr i1 %tpu_layer_2_stream_ap_fixed_0_stream_ap_fixed_16_6_5_3_0_0_bias, i64 0, i64 %zext_ln180" [../task_detection_tpu/tpu_accel.cpp:180]   --->   Operation 19 'getelementptr' 'tpu_layer_2_stream_ap_fixed_0_stream_ap_fixed_16_6_5_3_0_0_bias_addr' <Predicate = (!icmp_ln180)> <Delay = 0.00>
ST_1 : Operation 20 [1/1] (0.00ns)   --->   "%tpu_layer_2_stream_ap_fixed_0_stream_ap_fixed_16_6_5_3_0_0_bias_6_addr = getelementptr i1 %tpu_layer_2_stream_ap_fixed_0_stream_ap_fixed_16_6_5_3_0_0_bias_6, i64 0, i64 %zext_ln180" [../task_detection_tpu/tpu_accel.cpp:180]   --->   Operation 20 'getelementptr' 'tpu_layer_2_stream_ap_fixed_0_stream_ap_fixed_16_6_5_3_0_0_bias_6_addr' <Predicate = (!icmp_ln180)> <Delay = 0.00>
ST_1 : Operation 21 [1/1] (0.00ns)   --->   "%tpu_layer_2_stream_ap_fixed_0_stream_ap_fixed_16_6_5_3_0_0_bias_5_addr = getelementptr i1 %tpu_layer_2_stream_ap_fixed_0_stream_ap_fixed_16_6_5_3_0_0_bias_5, i64 0, i64 %zext_ln180" [../task_detection_tpu/tpu_accel.cpp:180]   --->   Operation 21 'getelementptr' 'tpu_layer_2_stream_ap_fixed_0_stream_ap_fixed_16_6_5_3_0_0_bias_5_addr' <Predicate = (!icmp_ln180)> <Delay = 0.00>
ST_1 : Operation 22 [1/1] (0.00ns)   --->   "%tpu_layer_2_stream_ap_fixed_0_stream_ap_fixed_16_6_5_3_0_0_bias_4_addr = getelementptr i1 %tpu_layer_2_stream_ap_fixed_0_stream_ap_fixed_16_6_5_3_0_0_bias_4, i64 0, i64 %zext_ln180" [../task_detection_tpu/tpu_accel.cpp:180]   --->   Operation 22 'getelementptr' 'tpu_layer_2_stream_ap_fixed_0_stream_ap_fixed_16_6_5_3_0_0_bias_4_addr' <Predicate = (!icmp_ln180)> <Delay = 0.00>
ST_1 : Operation 23 [1/1] (0.00ns)   --->   "%tpu_layer_2_stream_ap_fixed_0_stream_ap_fixed_16_6_5_3_0_0_bias_3_addr = getelementptr i1 %tpu_layer_2_stream_ap_fixed_0_stream_ap_fixed_16_6_5_3_0_0_bias_3, i64 0, i64 %zext_ln180" [../task_detection_tpu/tpu_accel.cpp:180]   --->   Operation 23 'getelementptr' 'tpu_layer_2_stream_ap_fixed_0_stream_ap_fixed_16_6_5_3_0_0_bias_3_addr' <Predicate = (!icmp_ln180)> <Delay = 0.00>
ST_1 : Operation 24 [1/1] (0.00ns)   --->   "%tpu_layer_2_stream_ap_fixed_0_stream_ap_fixed_16_6_5_3_0_0_bias_2_addr = getelementptr i1 %tpu_layer_2_stream_ap_fixed_0_stream_ap_fixed_16_6_5_3_0_0_bias_2, i64 0, i64 %zext_ln180" [../task_detection_tpu/tpu_accel.cpp:180]   --->   Operation 24 'getelementptr' 'tpu_layer_2_stream_ap_fixed_0_stream_ap_fixed_16_6_5_3_0_0_bias_2_addr' <Predicate = (!icmp_ln180)> <Delay = 0.00>
ST_1 : Operation 25 [1/1] (0.93ns)   --->   "%switch_ln180 = switch i3 %trunc_ln180, void %arrayidx8.case.7.i, i3 0, void %arrayidx8.case.0.i, i3 1, void %arrayidx8.case.1.i, i3 2, void %arrayidx8.case.2.i, i3 3, void %arrayidx8.case.3.i, i3 4, void %arrayidx8.case.4.i, i3 5, void %arrayidx8.case.5.i, i3 6, void %arrayidx8.case.6.i" [../task_detection_tpu/tpu_accel.cpp:180]   --->   Operation 25 'switch' 'switch_ln180' <Predicate = (!icmp_ln180)> <Delay = 0.93>
ST_1 : Operation 26 [1/1] ( I:1.14ns O:1.14ns )   --->   "%store_ln180 = store i1 0, i4 %tpu_layer_2_stream_ap_fixed_0_stream_ap_fixed_16_6_5_3_0_0_bias_3_addr" [../task_detection_tpu/tpu_accel.cpp:180]   --->   Operation 26 'store' 'store_ln180' <Predicate = (!icmp_ln180 & trunc_ln180 == 6)> <Delay = 1.14> <CoreInst = "RAM">   --->   Core 81 'RAM' <Latency = 1> <II = 1> <Delay = 1.14> <Storage> <Opcode : 'load' 'store'> <Ports = 2> <Width = 1> <Depth = 16> <RAM>
ST_1 : Operation 27 [1/1] (0.00ns)   --->   "%br_ln180 = br void %arrayidx8.exit.i" [../task_detection_tpu/tpu_accel.cpp:180]   --->   Operation 27 'br' 'br_ln180' <Predicate = (!icmp_ln180 & trunc_ln180 == 6)> <Delay = 0.00>
ST_1 : Operation 28 [1/1] ( I:1.14ns O:1.14ns )   --->   "%store_ln180 = store i1 0, i4 %tpu_layer_2_stream_ap_fixed_0_stream_ap_fixed_16_6_5_3_0_0_bias_4_addr" [../task_detection_tpu/tpu_accel.cpp:180]   --->   Operation 28 'store' 'store_ln180' <Predicate = (!icmp_ln180 & trunc_ln180 == 5)> <Delay = 1.14> <CoreInst = "RAM">   --->   Core 81 'RAM' <Latency = 1> <II = 1> <Delay = 1.14> <Storage> <Opcode : 'load' 'store'> <Ports = 2> <Width = 1> <Depth = 16> <RAM>
ST_1 : Operation 29 [1/1] (0.00ns)   --->   "%br_ln180 = br void %arrayidx8.exit.i" [../task_detection_tpu/tpu_accel.cpp:180]   --->   Operation 29 'br' 'br_ln180' <Predicate = (!icmp_ln180 & trunc_ln180 == 5)> <Delay = 0.00>
ST_1 : Operation 30 [1/1] ( I:1.14ns O:1.14ns )   --->   "%store_ln180 = store i1 0, i4 %tpu_layer_2_stream_ap_fixed_0_stream_ap_fixed_16_6_5_3_0_0_bias_5_addr" [../task_detection_tpu/tpu_accel.cpp:180]   --->   Operation 30 'store' 'store_ln180' <Predicate = (!icmp_ln180 & trunc_ln180 == 4)> <Delay = 1.14> <CoreInst = "RAM">   --->   Core 81 'RAM' <Latency = 1> <II = 1> <Delay = 1.14> <Storage> <Opcode : 'load' 'store'> <Ports = 2> <Width = 1> <Depth = 16> <RAM>
ST_1 : Operation 31 [1/1] (0.00ns)   --->   "%br_ln180 = br void %arrayidx8.exit.i" [../task_detection_tpu/tpu_accel.cpp:180]   --->   Operation 31 'br' 'br_ln180' <Predicate = (!icmp_ln180 & trunc_ln180 == 4)> <Delay = 0.00>
ST_1 : Operation 32 [1/1] ( I:1.14ns O:1.14ns )   --->   "%store_ln180 = store i1 0, i4 %tpu_layer_2_stream_ap_fixed_0_stream_ap_fixed_16_6_5_3_0_0_bias_6_addr" [../task_detection_tpu/tpu_accel.cpp:180]   --->   Operation 32 'store' 'store_ln180' <Predicate = (!icmp_ln180 & trunc_ln180 == 3)> <Delay = 1.14> <CoreInst = "RAM">   --->   Core 81 'RAM' <Latency = 1> <II = 1> <Delay = 1.14> <Storage> <Opcode : 'load' 'store'> <Ports = 2> <Width = 1> <Depth = 16> <RAM>
ST_1 : Operation 33 [1/1] (0.00ns)   --->   "%br_ln180 = br void %arrayidx8.exit.i" [../task_detection_tpu/tpu_accel.cpp:180]   --->   Operation 33 'br' 'br_ln180' <Predicate = (!icmp_ln180 & trunc_ln180 == 3)> <Delay = 0.00>
ST_1 : Operation 34 [1/1] ( I:1.14ns O:1.14ns )   --->   "%store_ln180 = store i1 0, i4 %tpu_layer_2_stream_ap_fixed_0_stream_ap_fixed_16_6_5_3_0_0_bias_addr" [../task_detection_tpu/tpu_accel.cpp:180]   --->   Operation 34 'store' 'store_ln180' <Predicate = (!icmp_ln180 & trunc_ln180 == 2)> <Delay = 1.14> <CoreInst = "RAM">   --->   Core 81 'RAM' <Latency = 1> <II = 1> <Delay = 1.14> <Storage> <Opcode : 'load' 'store'> <Ports = 2> <Width = 1> <Depth = 16> <RAM>
ST_1 : Operation 35 [1/1] (0.00ns)   --->   "%br_ln180 = br void %arrayidx8.exit.i" [../task_detection_tpu/tpu_accel.cpp:180]   --->   Operation 35 'br' 'br_ln180' <Predicate = (!icmp_ln180 & trunc_ln180 == 2)> <Delay = 0.00>
ST_1 : Operation 36 [1/1] ( I:1.14ns O:1.14ns )   --->   "%store_ln180 = store i1 0, i4 %tpu_layer_2_stream_ap_fixed_0_stream_ap_fixed_16_6_5_3_0_0_bias_1_addr" [../task_detection_tpu/tpu_accel.cpp:180]   --->   Operation 36 'store' 'store_ln180' <Predicate = (!icmp_ln180 & trunc_ln180 == 1)> <Delay = 1.14> <CoreInst = "RAM">   --->   Core 81 'RAM' <Latency = 1> <II = 1> <Delay = 1.14> <Storage> <Opcode : 'load' 'store'> <Ports = 2> <Width = 1> <Depth = 16> <RAM>
ST_1 : Operation 37 [1/1] (0.00ns)   --->   "%br_ln180 = br void %arrayidx8.exit.i" [../task_detection_tpu/tpu_accel.cpp:180]   --->   Operation 37 'br' 'br_ln180' <Predicate = (!icmp_ln180 & trunc_ln180 == 1)> <Delay = 0.00>
ST_1 : Operation 38 [1/1] ( I:1.14ns O:1.14ns )   --->   "%store_ln180 = store i1 0, i4 %tpu_layer_2_stream_ap_fixed_0_stream_ap_fixed_16_6_5_3_0_0_bias_7_addr" [../task_detection_tpu/tpu_accel.cpp:180]   --->   Operation 38 'store' 'store_ln180' <Predicate = (!icmp_ln180 & trunc_ln180 == 0)> <Delay = 1.14> <CoreInst = "RAM">   --->   Core 81 'RAM' <Latency = 1> <II = 1> <Delay = 1.14> <Storage> <Opcode : 'load' 'store'> <Ports = 2> <Width = 1> <Depth = 16> <RAM>
ST_1 : Operation 39 [1/1] (0.00ns)   --->   "%br_ln180 = br void %arrayidx8.exit.i" [../task_detection_tpu/tpu_accel.cpp:180]   --->   Operation 39 'br' 'br_ln180' <Predicate = (!icmp_ln180 & trunc_ln180 == 0)> <Delay = 0.00>
ST_1 : Operation 40 [1/1] ( I:1.14ns O:1.14ns )   --->   "%store_ln180 = store i1 0, i4 %tpu_layer_2_stream_ap_fixed_0_stream_ap_fixed_16_6_5_3_0_0_bias_2_addr" [../task_detection_tpu/tpu_accel.cpp:180]   --->   Operation 40 'store' 'store_ln180' <Predicate = (!icmp_ln180 & trunc_ln180 == 7)> <Delay = 1.14> <CoreInst = "RAM">   --->   Core 81 'RAM' <Latency = 1> <II = 1> <Delay = 1.14> <Storage> <Opcode : 'load' 'store'> <Ports = 2> <Width = 1> <Depth = 16> <RAM>
ST_1 : Operation 41 [1/1] (0.00ns)   --->   "%br_ln180 = br void %arrayidx8.exit.i" [../task_detection_tpu/tpu_accel.cpp:180]   --->   Operation 41 'br' 'br_ln180' <Predicate = (!icmp_ln180 & trunc_ln180 == 7)> <Delay = 0.00>
ST_1 : Operation 42 [1/1] (0.83ns)   --->   "%store_ln180 = store i8 %add_ln180, i8 %i_11" [../task_detection_tpu/tpu_accel.cpp:180]   --->   Operation 42 'store' 'store_ln180' <Predicate = (!icmp_ln180)> <Delay = 0.83>
ST_1 : Operation 43 [1/1] (0.00ns)   --->   "%br_ln180 = br void %for.inc9.i" [../task_detection_tpu/tpu_accel.cpp:180]   --->   Operation 43 'br' 'br_ln180' <Predicate = (!icmp_ln180)> <Delay = 0.00>
ST_1 : Operation 44 [1/1] (0.83ns)   --->   "%ret_ln0 = ret"   --->   Operation 44 'ret' 'ret_ln0' <Predicate = (icmp_ln180)> <Delay = 0.83>


============================================================
+ Verbose Summary: Binding
============================================================
STG Binding: 
---------------- STG Properties BEGIN ----------------
- Is combinational: 0
- Is one-state seq: 0
- Is datapath-only: 0
- Is pipelined: 0
- Is top level: 0
Port [ Return ] is wired: 1; IO mode=ap_ctrl_hs:ce=0
Port [ tpu_layer_2_stream_ap_fixed_0_stream_ap_fixed_16_6_5_3_0_0_bias_7]:  wired=1; compound=1; hidden=0; nouse=0; global=1; static=1; extern=0; dir=1; type=1; pingpong=0; private_global=0; MemPort=[03]; IO mode=ap_memory:ce=0
Port [ tpu_layer_2_stream_ap_fixed_0_stream_ap_fixed_16_6_5_3_0_0_bias_1]:  wired=1; compound=1; hidden=0; nouse=0; global=1; static=1; extern=0; dir=1; type=1; pingpong=0; private_global=0; MemPort=[03]; IO mode=ap_memory:ce=0
Port [ tpu_layer_2_stream_ap_fixed_0_stream_ap_fixed_16_6_5_3_0_0_bias]:  wired=1; compound=1; hidden=0; nouse=0; global=1; static=1; extern=0; dir=1; type=1; pingpong=0; private_global=0; MemPort=[03]; IO mode=ap_memory:ce=0
Port [ tpu_layer_2_stream_ap_fixed_0_stream_ap_fixed_16_6_5_3_0_0_bias_6]:  wired=1; compound=1; hidden=0; nouse=0; global=1; static=1; extern=0; dir=1; type=1; pingpong=0; private_global=0; MemPort=[03]; IO mode=ap_memory:ce=0
Port [ tpu_layer_2_stream_ap_fixed_0_stream_ap_fixed_16_6_5_3_0_0_bias_5]:  wired=1; compound=1; hidden=0; nouse=0; global=1; static=1; extern=0; dir=1; type=1; pingpong=0; private_global=0; MemPort=[03]; IO mode=ap_memory:ce=0
Port [ tpu_layer_2_stream_ap_fixed_0_stream_ap_fixed_16_6_5_3_0_0_bias_4]:  wired=1; compound=1; hidden=0; nouse=0; global=1; static=1; extern=0; dir=1; type=1; pingpong=0; private_global=0; MemPort=[03]; IO mode=ap_memory:ce=0
Port [ tpu_layer_2_stream_ap_fixed_0_stream_ap_fixed_16_6_5_3_0_0_bias_3]:  wired=1; compound=1; hidden=0; nouse=0; global=1; static=1; extern=0; dir=1; type=1; pingpong=0; private_global=0; MemPort=[03]; IO mode=ap_memory:ce=0
Port [ tpu_layer_2_stream_ap_fixed_0_stream_ap_fixed_16_6_5_3_0_0_bias_2]:  wired=1; compound=1; hidden=0; nouse=0; global=1; static=1; extern=0; dir=1; type=1; pingpong=0; private_global=0; MemPort=[03]; IO mode=ap_memory:ce=0
---------------- STG Properties END ------------------

---------------- Datapath Model BEGIN ----------------

<LifeTime>
<method=bitvector/>
i_11                                                                   (alloca           ) [ 01]
store_ln180                                                            (store            ) [ 00]
br_ln0                                                                 (br               ) [ 00]
i                                                                      (load             ) [ 00]
icmp_ln180                                                             (icmp             ) [ 01]
add_ln180                                                              (add              ) [ 00]
br_ln180                                                               (br               ) [ 00]
trunc_ln180                                                            (trunc            ) [ 01]
specpipeline_ln180                                                     (specpipeline     ) [ 00]
speclooptripcount_ln180                                                (speclooptripcount) [ 00]
specloopname_ln180                                                     (specloopname     ) [ 00]
lshr_ln2                                                               (partselect       ) [ 00]
zext_ln180                                                             (zext             ) [ 00]
tpu_layer_2_stream_ap_fixed_0_stream_ap_fixed_16_6_5_3_0_0_bias_7_addr (getelementptr    ) [ 00]
tpu_layer_2_stream_ap_fixed_0_stream_ap_fixed_16_6_5_3_0_0_bias_1_addr (getelementptr    ) [ 00]
tpu_layer_2_stream_ap_fixed_0_stream_ap_fixed_16_6_5_3_0_0_bias_addr   (getelementptr    ) [ 00]
tpu_layer_2_stream_ap_fixed_0_stream_ap_fixed_16_6_5_3_0_0_bias_6_addr (getelementptr    ) [ 00]
tpu_layer_2_stream_ap_fixed_0_stream_ap_fixed_16_6_5_3_0_0_bias_5_addr (getelementptr    ) [ 00]
tpu_layer_2_stream_ap_fixed_0_stream_ap_fixed_16_6_5_3_0_0_bias_4_addr (getelementptr    ) [ 00]
tpu_layer_2_stream_ap_fixed_0_stream_ap_fixed_16_6_5_3_0_0_bias_3_addr (getelementptr    ) [ 00]
tpu_layer_2_stream_ap_fixed_0_stream_ap_fixed_16_6_5_3_0_0_bias_2_addr (getelementptr    ) [ 00]
switch_ln180                                                           (switch           ) [ 00]
store_ln180                                                            (store            ) [ 00]
br_ln180                                                               (br               ) [ 00]
store_ln180                                                            (store            ) [ 00]
br_ln180                                                               (br               ) [ 00]
store_ln180                                                            (store            ) [ 00]
br_ln180                                                               (br               ) [ 00]
store_ln180                                                            (store            ) [ 00]
br_ln180                                                               (br               ) [ 00]
store_ln180                                                            (store            ) [ 00]
br_ln180                                                               (br               ) [ 00]
store_ln180                                                            (store            ) [ 00]
br_ln180                                                               (br               ) [ 00]
store_ln180                                                            (store            ) [ 00]
br_ln180                                                               (br               ) [ 00]
store_ln180                                                            (store            ) [ 00]
br_ln180                                                               (br               ) [ 00]
store_ln180                                                            (store            ) [ 00]
br_ln180                                                               (br               ) [ 00]
ret_ln0                                                                (ret              ) [ 00]
</LifeTime>

<model>

<comp_list>
<comp id="0" class="1000" name="tpu_layer_2_stream_ap_fixed_0_stream_ap_fixed_16_6_5_3_0_0_bias_7">
<pin_list>
<pin id="1" dir="1" index="0" bw="1" slack="0"/>
</pin_list>
<bind>
<StgValue><ssdm name="tpu_layer_2_stream_ap_fixed_0_stream_ap_fixed_16_6_5_3_0_0_bias_7"/><MemPortTyVec>0 3 </MemPortTyVec>
</StgValue>
</bind>
</comp>

<comp id="2" class="1000" name="tpu_layer_2_stream_ap_fixed_0_stream_ap_fixed_16_6_5_3_0_0_bias_1">
<pin_list>
<pin id="3" dir="1" index="0" bw="1" slack="0"/>
</pin_list>
<bind>
<StgValue><ssdm name="tpu_layer_2_stream_ap_fixed_0_stream_ap_fixed_16_6_5_3_0_0_bias_1"/><MemPortTyVec>0 3 </MemPortTyVec>
</StgValue>
</bind>
</comp>

<comp id="4" class="1000" name="tpu_layer_2_stream_ap_fixed_0_stream_ap_fixed_16_6_5_3_0_0_bias">
<pin_list>
<pin id="5" dir="1" index="0" bw="1" slack="0"/>
</pin_list>
<bind>
<StgValue><ssdm name="tpu_layer_2_stream_ap_fixed_0_stream_ap_fixed_16_6_5_3_0_0_bias"/><MemPortTyVec>0 3 </MemPortTyVec>
</StgValue>
</bind>
</comp>

<comp id="6" class="1000" name="tpu_layer_2_stream_ap_fixed_0_stream_ap_fixed_16_6_5_3_0_0_bias_6">
<pin_list>
<pin id="7" dir="1" index="0" bw="1" slack="0"/>
</pin_list>
<bind>
<StgValue><ssdm name="tpu_layer_2_stream_ap_fixed_0_stream_ap_fixed_16_6_5_3_0_0_bias_6"/><MemPortTyVec>0 3 </MemPortTyVec>
</StgValue>
</bind>
</comp>

<comp id="8" class="1000" name="tpu_layer_2_stream_ap_fixed_0_stream_ap_fixed_16_6_5_3_0_0_bias_5">
<pin_list>
<pin id="9" dir="1" index="0" bw="1" slack="0"/>
</pin_list>
<bind>
<StgValue><ssdm name="tpu_layer_2_stream_ap_fixed_0_stream_ap_fixed_16_6_5_3_0_0_bias_5"/><MemPortTyVec>0 3 </MemPortTyVec>
</StgValue>
</bind>
</comp>

<comp id="10" class="1000" name="tpu_layer_2_stream_ap_fixed_0_stream_ap_fixed_16_6_5_3_0_0_bias_4">
<pin_list>
<pin id="11" dir="1" index="0" bw="1" slack="0"/>
</pin_list>
<bind>
<StgValue><ssdm name="tpu_layer_2_stream_ap_fixed_0_stream_ap_fixed_16_6_5_3_0_0_bias_4"/><MemPortTyVec>0 3 </MemPortTyVec>
</StgValue>
</bind>
</comp>

<comp id="12" class="1000" name="tpu_layer_2_stream_ap_fixed_0_stream_ap_fixed_16_6_5_3_0_0_bias_3">
<pin_list>
<pin id="13" dir="1" index="0" bw="1" slack="0"/>
</pin_list>
<bind>
<StgValue><ssdm name="tpu_layer_2_stream_ap_fixed_0_stream_ap_fixed_16_6_5_3_0_0_bias_3"/><MemPortTyVec>0 3 </MemPortTyVec>
</StgValue>
</bind>
</comp>

<comp id="14" class="1000" name="tpu_layer_2_stream_ap_fixed_0_stream_ap_fixed_16_6_5_3_0_0_bias_2">
<pin_list>
<pin id="15" dir="1" index="0" bw="1" slack="0"/>
</pin_list>
<bind>
<StgValue><ssdm name="tpu_layer_2_stream_ap_fixed_0_stream_ap_fixed_16_6_5_3_0_0_bias_2"/><MemPortTyVec>0 3 </MemPortTyVec>
</StgValue>
</bind>
</comp>

<comp id="16" class="1001" name="const_16">
<pin_list>
<pin id="17" dir="1" index="0" bw="1" slack="0"/>
</pin_list>
<bind>
<StgValue><ssdm name=""/></StgValue>
</bind>
</comp>

<comp id="18" class="1001" name="const_18">
<pin_list>
<pin id="19" dir="1" index="0" bw="1" slack="0"/>
</pin_list>
<bind>
<StgValue><ssdm name=""/></StgValue>
</bind>
</comp>

<comp id="20" class="1001" name="const_20">
<pin_list>
<pin id="21" dir="1" index="0" bw="1" slack="0"/>
</pin_list>
<bind>
<StgValue><ssdm name=""/></StgValue>
</bind>
</comp>

<comp id="22" class="1001" name="const_22">
<pin_list>
<pin id="23" dir="1" index="0" bw="1" slack="0"/>
</pin_list>
<bind>
<StgValue><ssdm name=""/></StgValue>
</bind>
</comp>

<comp id="24" class="1001" name="const_24">
<pin_list>
<pin id="25" dir="1" index="0" bw="1" slack="2147483647"/>
</pin_list>
<bind>
<StgValue><ssdm name="_ssdm_op_SpecPipeline"/></StgValue>
</bind>
</comp>

<comp id="26" class="1001" name="const_26">
<pin_list>
<pin id="27" dir="1" index="0" bw="1" slack="2147483647"/>
</pin_list>
<bind>
<StgValue><ssdm name=""/></StgValue>
</bind>
</comp>

<comp id="28" class="1001" name="const_28">
<pin_list>
<pin id="29" dir="1" index="0" bw="1" slack="2147483647"/>
</pin_list>
<bind>
<StgValue><ssdm name=""/></StgValue>
</bind>
</comp>

<comp id="30" class="1001" name="const_30">
<pin_list>
<pin id="31" dir="1" index="0" bw="1" slack="2147483647"/>
</pin_list>
<bind>
<StgValue><ssdm name="empty_9"/></StgValue>
</bind>
</comp>

<comp id="32" class="1001" name="const_32">
<pin_list>
<pin id="33" dir="1" index="0" bw="1" slack="2147483647"/>
</pin_list>
<bind>
<StgValue><ssdm name="_ssdm_op_SpecLoopTripCount"/></StgValue>
</bind>
</comp>

<comp id="34" class="1001" name="const_34">
<pin_list>
<pin id="35" dir="1" index="0" bw="1" slack="2147483647"/>
</pin_list>
<bind>
<StgValue><ssdm name=""/></StgValue>
</bind>
</comp>

<comp id="36" class="1001" name="const_36">
<pin_list>
<pin id="37" dir="1" index="0" bw="1" slack="2147483647"/>
</pin_list>
<bind>
<StgValue><ssdm name="_ssdm_op_SpecLoopName"/></StgValue>
</bind>
</comp>

<comp id="38" class="1001" name="const_38">
<pin_list>
<pin id="39" dir="1" index="0" bw="1" slack="2147483647"/>
</pin_list>
<bind>
<StgValue><ssdm name="empty_47"/></StgValue>
</bind>
</comp>

<comp id="40" class="1001" name="const_40">
<pin_list>
<pin id="41" dir="1" index="0" bw="1" slack="0"/>
</pin_list>
<bind>
<StgValue><ssdm name="_ssdm_op_PartSelect.i4.i8.i32.i32"/></StgValue>
</bind>
</comp>

<comp id="42" class="1001" name="const_42">
<pin_list>
<pin id="43" dir="1" index="0" bw="1" slack="0"/>
</pin_list>
<bind>
<StgValue><ssdm name=""/></StgValue>
</bind>
</comp>

<comp id="44" class="1001" name="const_44">
<pin_list>
<pin id="45" dir="1" index="0" bw="1" slack="0"/>
</pin_list>
<bind>
<StgValue><ssdm name=""/></StgValue>
</bind>
</comp>

<comp id="46" class="1001" name="const_46">
<pin_list>
<pin id="47" dir="1" index="0" bw="1" slack="0"/>
</pin_list>
<bind>
<StgValue><ssdm name=""/></StgValue>
</bind>
</comp>

<comp id="48" class="1001" name="const_48">
<pin_list>
<pin id="49" dir="1" index="0" bw="1" slack="0"/>
</pin_list>
<bind>
<StgValue><ssdm name=""/></StgValue>
</bind>
</comp>

<comp id="50" class="1001" name="const_50">
<pin_list>
<pin id="51" dir="1" index="0" bw="1" slack="0"/>
</pin_list>
<bind>
<StgValue><ssdm name=""/></StgValue>
</bind>
</comp>

<comp id="52" class="1001" name="const_52">
<pin_list>
<pin id="53" dir="1" index="0" bw="1" slack="0"/>
</pin_list>
<bind>
<StgValue><ssdm name=""/></StgValue>
</bind>
</comp>

<comp id="54" class="1001" name="const_54">
<pin_list>
<pin id="55" dir="1" index="0" bw="1" slack="0"/>
</pin_list>
<bind>
<StgValue><ssdm name=""/></StgValue>
</bind>
</comp>

<comp id="56" class="1001" name="const_56">
<pin_list>
<pin id="57" dir="1" index="0" bw="1" slack="0"/>
</pin_list>
<bind>
<StgValue><ssdm name=""/></StgValue>
</bind>
</comp>

<comp id="58" class="1001" name="const_58">
<pin_list>
<pin id="59" dir="1" index="0" bw="1" slack="0"/>
</pin_list>
<bind>
<StgValue><ssdm name=""/></StgValue>
</bind>
</comp>

<comp id="60" class="1001" name="const_60">
<pin_list>
<pin id="61" dir="1" index="0" bw="1" slack="0"/>
</pin_list>
<bind>
<StgValue><ssdm name=""/></StgValue>
</bind>
</comp>

<comp id="62" class="1001" name="const_62">
<pin_list>
<pin id="63" dir="1" index="0" bw="1" slack="0"/>
</pin_list>
<bind>
<StgValue><ssdm name=""/></StgValue>
</bind>
</comp>

<comp id="64" class="1004" name="i_11_fu_64">
<pin_list>
<pin id="65" dir="0" index="0" bw="1" slack="0"/>
<pin id="66" dir="1" index="1" bw="8" slack="0"/>
</pin_list>
<bind>
<opcode="alloca(26) " fcode="alloca"/>
<opset="i_11/1 "/>
</bind>
</comp>

<comp id="68" class="1004" name="tpu_layer_2_stream_ap_fixed_0_stream_ap_fixed_16_6_5_3_0_0_bias_7_addr_gep_fu_68">
<pin_list>
<pin id="69" dir="0" index="0" bw="1" slack="0"/>
<pin id="70" dir="0" index="1" bw="1" slack="0"/>
<pin id="71" dir="0" index="2" bw="4" slack="0"/>
<pin id="72" dir="1" index="3" bw="4" slack="0"/>
</pin_list>
<bind>
<opcode="getelementptr(29) " fcode="getelementptr"/>
<opset="tpu_layer_2_stream_ap_fixed_0_stream_ap_fixed_16_6_5_3_0_0_bias_7_addr/1 "/>
</bind>
</comp>

<comp id="75" class="1004" name="tpu_layer_2_stream_ap_fixed_0_stream_ap_fixed_16_6_5_3_0_0_bias_1_addr_gep_fu_75">
<pin_list>
<pin id="76" dir="0" index="0" bw="1" slack="0"/>
<pin id="77" dir="0" index="1" bw="1" slack="0"/>
<pin id="78" dir="0" index="2" bw="4" slack="0"/>
<pin id="79" dir="1" index="3" bw="4" slack="0"/>
</pin_list>
<bind>
<opcode="getelementptr(29) " fcode="getelementptr"/>
<opset="tpu_layer_2_stream_ap_fixed_0_stream_ap_fixed_16_6_5_3_0_0_bias_1_addr/1 "/>
</bind>
</comp>

<comp id="82" class="1004" name="tpu_layer_2_stream_ap_fixed_0_stream_ap_fixed_16_6_5_3_0_0_bias_addr_gep_fu_82">
<pin_list>
<pin id="83" dir="0" index="0" bw="1" slack="0"/>
<pin id="84" dir="0" index="1" bw="1" slack="0"/>
<pin id="85" dir="0" index="2" bw="4" slack="0"/>
<pin id="86" dir="1" index="3" bw="4" slack="0"/>
</pin_list>
<bind>
<opcode="getelementptr(29) " fcode="getelementptr"/>
<opset="tpu_layer_2_stream_ap_fixed_0_stream_ap_fixed_16_6_5_3_0_0_bias_addr/1 "/>
</bind>
</comp>

<comp id="89" class="1004" name="tpu_layer_2_stream_ap_fixed_0_stream_ap_fixed_16_6_5_3_0_0_bias_6_addr_gep_fu_89">
<pin_list>
<pin id="90" dir="0" index="0" bw="1" slack="0"/>
<pin id="91" dir="0" index="1" bw="1" slack="0"/>
<pin id="92" dir="0" index="2" bw="4" slack="0"/>
<pin id="93" dir="1" index="3" bw="4" slack="0"/>
</pin_list>
<bind>
<opcode="getelementptr(29) " fcode="getelementptr"/>
<opset="tpu_layer_2_stream_ap_fixed_0_stream_ap_fixed_16_6_5_3_0_0_bias_6_addr/1 "/>
</bind>
</comp>

<comp id="96" class="1004" name="tpu_layer_2_stream_ap_fixed_0_stream_ap_fixed_16_6_5_3_0_0_bias_5_addr_gep_fu_96">
<pin_list>
<pin id="97" dir="0" index="0" bw="1" slack="0"/>
<pin id="98" dir="0" index="1" bw="1" slack="0"/>
<pin id="99" dir="0" index="2" bw="4" slack="0"/>
<pin id="100" dir="1" index="3" bw="4" slack="0"/>
</pin_list>
<bind>
<opcode="getelementptr(29) " fcode="getelementptr"/>
<opset="tpu_layer_2_stream_ap_fixed_0_stream_ap_fixed_16_6_5_3_0_0_bias_5_addr/1 "/>
</bind>
</comp>

<comp id="103" class="1004" name="tpu_layer_2_stream_ap_fixed_0_stream_ap_fixed_16_6_5_3_0_0_bias_4_addr_gep_fu_103">
<pin_list>
<pin id="104" dir="0" index="0" bw="1" slack="0"/>
<pin id="105" dir="0" index="1" bw="1" slack="0"/>
<pin id="106" dir="0" index="2" bw="4" slack="0"/>
<pin id="107" dir="1" index="3" bw="4" slack="0"/>
</pin_list>
<bind>
<opcode="getelementptr(29) " fcode="getelementptr"/>
<opset="tpu_layer_2_stream_ap_fixed_0_stream_ap_fixed_16_6_5_3_0_0_bias_4_addr/1 "/>
</bind>
</comp>

<comp id="110" class="1004" name="tpu_layer_2_stream_ap_fixed_0_stream_ap_fixed_16_6_5_3_0_0_bias_3_addr_gep_fu_110">
<pin_list>
<pin id="111" dir="0" index="0" bw="1" slack="0"/>
<pin id="112" dir="0" index="1" bw="1" slack="0"/>
<pin id="113" dir="0" index="2" bw="4" slack="0"/>
<pin id="114" dir="1" index="3" bw="4" slack="0"/>
</pin_list>
<bind>
<opcode="getelementptr(29) " fcode="getelementptr"/>
<opset="tpu_layer_2_stream_ap_fixed_0_stream_ap_fixed_16_6_5_3_0_0_bias_3_addr/1 "/>
</bind>
</comp>

<comp id="117" class="1004" name="tpu_layer_2_stream_ap_fixed_0_stream_ap_fixed_16_6_5_3_0_0_bias_2_addr_gep_fu_117">
<pin_list>
<pin id="118" dir="0" index="0" bw="1" slack="0"/>
<pin id="119" dir="0" index="1" bw="1" slack="0"/>
<pin id="120" dir="0" index="2" bw="4" slack="0"/>
<pin id="121" dir="1" index="3" bw="4" slack="0"/>
</pin_list>
<bind>
<opcode="getelementptr(29) " fcode="getelementptr"/>
<opset="tpu_layer_2_stream_ap_fixed_0_stream_ap_fixed_16_6_5_3_0_0_bias_2_addr/1 "/>
</bind>
</comp>

<comp id="124" class="1004" name="store_ln180_access_fu_124">
<pin_list>
<pin id="125" dir="0" index="0" bw="4" slack="0"/>
<pin id="126" dir="0" index="1" bw="1" slack="0"/>
<pin id="127" dir="0" index="2" bw="0" slack="2147483647"/>
<pin id="128" dir="1" index="3" bw="1" slack="2147483647"/>
</pin_list>
<bind>
<opcode="store(28) " fcode="store"/>
<opset="store_ln180/1 "/>
</bind>
</comp>

<comp id="131" class="1004" name="store_ln180_access_fu_131">
<pin_list>
<pin id="132" dir="0" index="0" bw="4" slack="0"/>
<pin id="133" dir="0" index="1" bw="1" slack="0"/>
<pin id="134" dir="0" index="2" bw="0" slack="2147483647"/>
<pin id="135" dir="1" index="3" bw="1" slack="2147483647"/>
</pin_list>
<bind>
<opcode="store(28) " fcode="store"/>
<opset="store_ln180/1 "/>
</bind>
</comp>

<comp id="138" class="1004" name="store_ln180_access_fu_138">
<pin_list>
<pin id="139" dir="0" index="0" bw="4" slack="0"/>
<pin id="140" dir="0" index="1" bw="1" slack="0"/>
<pin id="141" dir="0" index="2" bw="0" slack="2147483647"/>
<pin id="142" dir="1" index="3" bw="1" slack="2147483647"/>
</pin_list>
<bind>
<opcode="store(28) " fcode="store"/>
<opset="store_ln180/1 "/>
</bind>
</comp>

<comp id="145" class="1004" name="store_ln180_access_fu_145">
<pin_list>
<pin id="146" dir="0" index="0" bw="4" slack="0"/>
<pin id="147" dir="0" index="1" bw="1" slack="0"/>
<pin id="148" dir="0" index="2" bw="0" slack="2147483647"/>
<pin id="149" dir="1" index="3" bw="1" slack="2147483647"/>
</pin_list>
<bind>
<opcode="store(28) " fcode="store"/>
<opset="store_ln180/1 "/>
</bind>
</comp>

<comp id="152" class="1004" name="store_ln180_access_fu_152">
<pin_list>
<pin id="153" dir="0" index="0" bw="4" slack="0"/>
<pin id="154" dir="0" index="1" bw="1" slack="0"/>
<pin id="155" dir="0" index="2" bw="0" slack="2147483647"/>
<pin id="156" dir="1" index="3" bw="1" slack="2147483647"/>
</pin_list>
<bind>
<opcode="store(28) " fcode="store"/>
<opset="store_ln180/1 "/>
</bind>
</comp>

<comp id="159" class="1004" name="store_ln180_access_fu_159">
<pin_list>
<pin id="160" dir="0" index="0" bw="4" slack="0"/>
<pin id="161" dir="0" index="1" bw="1" slack="0"/>
<pin id="162" dir="0" index="2" bw="0" slack="2147483647"/>
<pin id="163" dir="1" index="3" bw="1" slack="2147483647"/>
</pin_list>
<bind>
<opcode="store(28) " fcode="store"/>
<opset="store_ln180/1 "/>
</bind>
</comp>

<comp id="166" class="1004" name="store_ln180_access_fu_166">
<pin_list>
<pin id="167" dir="0" index="0" bw="4" slack="0"/>
<pin id="168" dir="0" index="1" bw="1" slack="0"/>
<pin id="169" dir="0" index="2" bw="0" slack="2147483647"/>
<pin id="170" dir="1" index="3" bw="1" slack="2147483647"/>
</pin_list>
<bind>
<opcode="store(28) " fcode="store"/>
<opset="store_ln180/1 "/>
</bind>
</comp>

<comp id="173" class="1004" name="store_ln180_access_fu_173">
<pin_list>
<pin id="174" dir="0" index="0" bw="4" slack="0"/>
<pin id="175" dir="0" index="1" bw="1" slack="0"/>
<pin id="176" dir="0" index="2" bw="0" slack="2147483647"/>
<pin id="177" dir="1" index="3" bw="1" slack="2147483647"/>
</pin_list>
<bind>
<opcode="store(28) " fcode="store"/>
<opset="store_ln180/1 "/>
</bind>
</comp>

<comp id="180" class="1004" name="store_ln180_store_fu_180">
<pin_list>
<pin id="181" dir="0" index="0" bw="1" slack="0"/>
<pin id="182" dir="0" index="1" bw="8" slack="0"/>
<pin id="183" dir="1" index="2" bw="0" slack="2147483647"/>
</pin_list>
<bind>
<opcode="store(28) " fcode="store"/>
<opset="store_ln180/1 "/>
</bind>
</comp>

<comp id="185" class="1004" name="i_load_fu_185">
<pin_list>
<pin id="186" dir="0" index="0" bw="8" slack="0"/>
<pin id="187" dir="1" index="1" bw="8" slack="0"/>
</pin_list>
<bind>
<opcode="load(27) " fcode="load"/>
<opset="i/1 "/>
</bind>
</comp>

<comp id="188" class="1004" name="icmp_ln180_fu_188">
<pin_list>
<pin id="189" dir="0" index="0" bw="8" slack="0"/>
<pin id="190" dir="0" index="1" bw="8" slack="0"/>
<pin id="191" dir="1" index="2" bw="1" slack="2147483647"/>
</pin_list>
<bind>
<opcode="icmp(45) " fcode="icmp"/>
<opset="icmp_ln180/1 "/>
</bind>
</comp>

<comp id="194" class="1004" name="add_ln180_fu_194">
<pin_list>
<pin id="195" dir="0" index="0" bw="8" slack="0"/>
<pin id="196" dir="0" index="1" bw="1" slack="0"/>
<pin id="197" dir="1" index="2" bw="8" slack="0"/>
</pin_list>
<bind>
<opcode="add(8) " fcode="add"/>
<opset="add_ln180/1 "/>
</bind>
</comp>

<comp id="200" class="1004" name="trunc_ln180_fu_200">
<pin_list>
<pin id="201" dir="0" index="0" bw="8" slack="0"/>
<pin id="202" dir="1" index="1" bw="3" slack="0"/>
</pin_list>
<bind>
<opcode="trunc(33) " fcode="trunc"/>
<opset="trunc_ln180/1 "/>
</bind>
</comp>

<comp id="204" class="1004" name="lshr_ln2_fu_204">
<pin_list>
<pin id="205" dir="0" index="0" bw="4" slack="0"/>
<pin id="206" dir="0" index="1" bw="8" slack="0"/>
<pin id="207" dir="0" index="2" bw="3" slack="0"/>
<pin id="208" dir="0" index="3" bw="4" slack="0"/>
<pin id="209" dir="1" index="4" bw="4" slack="0"/>
</pin_list>
<bind>
<opcode="partselect(1002) " fcode="partselect"/>
<opset="lshr_ln2/1 "/>
</bind>
</comp>

<comp id="214" class="1004" name="zext_ln180_fu_214">
<pin_list>
<pin id="215" dir="0" index="0" bw="4" slack="0"/>
<pin id="216" dir="1" index="1" bw="64" slack="0"/>
</pin_list>
<bind>
<opcode="zext(34) " fcode="zext"/>
<opset="zext_ln180/1 "/>
</bind>
</comp>

<comp id="226" class="1004" name="switch_ln180_fu_226">
<pin_list>
<pin id="227" dir="0" index="0" bw="3" slack="0"/>
<pin id="228" dir="0" index="1" bw="1" slack="0"/>
<pin id="229" dir="0" index="2" bw="1" slack="0"/>
<pin id="230" dir="0" index="3" bw="3" slack="0"/>
<pin id="231" dir="0" index="4" bw="3" slack="0"/>
<pin id="232" dir="0" index="5" bw="3" slack="0"/>
<pin id="233" dir="0" index="6" bw="3" slack="0"/>
<pin id="234" dir="0" index="7" bw="2" slack="0"/>
<pin id="235" dir="1" index="8" bw="0" slack="2147483647"/>
</pin_list>
<bind>
<opcode="switch(3) " fcode="switch"/>
<opset="switch_ln180/1 "/>
</bind>
</comp>

<comp id="244" class="1004" name="store_ln180_store_fu_244">
<pin_list>
<pin id="245" dir="0" index="0" bw="8" slack="0"/>
<pin id="246" dir="0" index="1" bw="8" slack="0"/>
<pin id="247" dir="1" index="2" bw="0" slack="2147483647"/>
</pin_list>
<bind>
<opcode="store(28) " fcode="store"/>
<opset="store_ln180/1 "/>
</bind>
</comp>

<comp id="249" class="1005" name="i_11_reg_249">
<pin_list>
<pin id="250" dir="0" index="0" bw="8" slack="0"/>
<pin id="251" dir="1" index="1" bw="8" slack="0"/>
</pin_list>
<bind>
<opset="i_11 "/>
</bind>
</comp>

</comp_list>

<net_list>
<net id="67"><net_src comp="16" pin="0"/><net_sink comp="64" pin=0"/></net>

<net id="73"><net_src comp="0" pin="0"/><net_sink comp="68" pin=0"/></net>

<net id="74"><net_src comp="46" pin="0"/><net_sink comp="68" pin=1"/></net>

<net id="80"><net_src comp="2" pin="0"/><net_sink comp="75" pin=0"/></net>

<net id="81"><net_src comp="46" pin="0"/><net_sink comp="75" pin=1"/></net>

<net id="87"><net_src comp="4" pin="0"/><net_sink comp="82" pin=0"/></net>

<net id="88"><net_src comp="46" pin="0"/><net_sink comp="82" pin=1"/></net>

<net id="94"><net_src comp="6" pin="0"/><net_sink comp="89" pin=0"/></net>

<net id="95"><net_src comp="46" pin="0"/><net_sink comp="89" pin=1"/></net>

<net id="101"><net_src comp="8" pin="0"/><net_sink comp="96" pin=0"/></net>

<net id="102"><net_src comp="46" pin="0"/><net_sink comp="96" pin=1"/></net>

<net id="108"><net_src comp="10" pin="0"/><net_sink comp="103" pin=0"/></net>

<net id="109"><net_src comp="46" pin="0"/><net_sink comp="103" pin=1"/></net>

<net id="115"><net_src comp="12" pin="0"/><net_sink comp="110" pin=0"/></net>

<net id="116"><net_src comp="46" pin="0"/><net_sink comp="110" pin=1"/></net>

<net id="122"><net_src comp="14" pin="0"/><net_sink comp="117" pin=0"/></net>

<net id="123"><net_src comp="46" pin="0"/><net_sink comp="117" pin=1"/></net>

<net id="129"><net_src comp="62" pin="0"/><net_sink comp="124" pin=1"/></net>

<net id="130"><net_src comp="110" pin="3"/><net_sink comp="124" pin=0"/></net>

<net id="136"><net_src comp="62" pin="0"/><net_sink comp="131" pin=1"/></net>

<net id="137"><net_src comp="103" pin="3"/><net_sink comp="131" pin=0"/></net>

<net id="143"><net_src comp="62" pin="0"/><net_sink comp="138" pin=1"/></net>

<net id="144"><net_src comp="96" pin="3"/><net_sink comp="138" pin=0"/></net>

<net id="150"><net_src comp="62" pin="0"/><net_sink comp="145" pin=1"/></net>

<net id="151"><net_src comp="89" pin="3"/><net_sink comp="145" pin=0"/></net>

<net id="157"><net_src comp="62" pin="0"/><net_sink comp="152" pin=1"/></net>

<net id="158"><net_src comp="82" pin="3"/><net_sink comp="152" pin=0"/></net>

<net id="164"><net_src comp="62" pin="0"/><net_sink comp="159" pin=1"/></net>

<net id="165"><net_src comp="75" pin="3"/><net_sink comp="159" pin=0"/></net>

<net id="171"><net_src comp="62" pin="0"/><net_sink comp="166" pin=1"/></net>

<net id="172"><net_src comp="68" pin="3"/><net_sink comp="166" pin=0"/></net>

<net id="178"><net_src comp="62" pin="0"/><net_sink comp="173" pin=1"/></net>

<net id="179"><net_src comp="117" pin="3"/><net_sink comp="173" pin=0"/></net>

<net id="184"><net_src comp="18" pin="0"/><net_sink comp="180" pin=0"/></net>

<net id="192"><net_src comp="185" pin="1"/><net_sink comp="188" pin=0"/></net>

<net id="193"><net_src comp="20" pin="0"/><net_sink comp="188" pin=1"/></net>

<net id="198"><net_src comp="185" pin="1"/><net_sink comp="194" pin=0"/></net>

<net id="199"><net_src comp="22" pin="0"/><net_sink comp="194" pin=1"/></net>

<net id="203"><net_src comp="185" pin="1"/><net_sink comp="200" pin=0"/></net>

<net id="210"><net_src comp="40" pin="0"/><net_sink comp="204" pin=0"/></net>

<net id="211"><net_src comp="185" pin="1"/><net_sink comp="204" pin=1"/></net>

<net id="212"><net_src comp="42" pin="0"/><net_sink comp="204" pin=2"/></net>

<net id="213"><net_src comp="44" pin="0"/><net_sink comp="204" pin=3"/></net>

<net id="217"><net_src comp="204" pin="4"/><net_sink comp="214" pin=0"/></net>

<net id="218"><net_src comp="214" pin="1"/><net_sink comp="68" pin=2"/></net>

<net id="219"><net_src comp="214" pin="1"/><net_sink comp="75" pin=2"/></net>

<net id="220"><net_src comp="214" pin="1"/><net_sink comp="82" pin=2"/></net>

<net id="221"><net_src comp="214" pin="1"/><net_sink comp="89" pin=2"/></net>

<net id="222"><net_src comp="214" pin="1"/><net_sink comp="96" pin=2"/></net>

<net id="223"><net_src comp="214" pin="1"/><net_sink comp="103" pin=2"/></net>

<net id="224"><net_src comp="214" pin="1"/><net_sink comp="110" pin=2"/></net>

<net id="225"><net_src comp="214" pin="1"/><net_sink comp="117" pin=2"/></net>

<net id="236"><net_src comp="200" pin="1"/><net_sink comp="226" pin=0"/></net>

<net id="237"><net_src comp="48" pin="0"/><net_sink comp="226" pin=1"/></net>

<net id="238"><net_src comp="50" pin="0"/><net_sink comp="226" pin=2"/></net>

<net id="239"><net_src comp="52" pin="0"/><net_sink comp="226" pin=3"/></net>

<net id="240"><net_src comp="54" pin="0"/><net_sink comp="226" pin=4"/></net>

<net id="241"><net_src comp="56" pin="0"/><net_sink comp="226" pin=5"/></net>

<net id="242"><net_src comp="58" pin="0"/><net_sink comp="226" pin=6"/></net>

<net id="243"><net_src comp="60" pin="0"/><net_sink comp="226" pin=7"/></net>

<net id="248"><net_src comp="194" pin="2"/><net_sink comp="244" pin=0"/></net>

<net id="252"><net_src comp="64" pin="1"/><net_sink comp="249" pin=0"/></net>

<net id="253"><net_src comp="249" pin="1"/><net_sink comp="180" pin=1"/></net>

<net id="254"><net_src comp="249" pin="1"/><net_sink comp="185" pin=0"/></net>

<net id="255"><net_src comp="249" pin="1"/><net_sink comp="244" pin=1"/></net>

</net_list>

</model> 
---------------- Datapath Model END ------------------

* FSMD analyzer results:
  - Output states:
	Port: tpu_layer_2_stream_ap_fixed_0_stream_ap_fixed_16_6_5_3_0_0_bias_7 | {1 }
	Port: tpu_layer_2_stream_ap_fixed_0_stream_ap_fixed_16_6_5_3_0_0_bias_1 | {1 }
	Port: tpu_layer_2_stream_ap_fixed_0_stream_ap_fixed_16_6_5_3_0_0_bias | {1 }
	Port: tpu_layer_2_stream_ap_fixed_0_stream_ap_fixed_16_6_5_3_0_0_bias_6 | {1 }
	Port: tpu_layer_2_stream_ap_fixed_0_stream_ap_fixed_16_6_5_3_0_0_bias_5 | {1 }
	Port: tpu_layer_2_stream_ap_fixed_0_stream_ap_fixed_16_6_5_3_0_0_bias_4 | {1 }
	Port: tpu_layer_2_stream_ap_fixed_0_stream_ap_fixed_16_6_5_3_0_0_bias_3 | {1 }
	Port: tpu_layer_2_stream_ap_fixed_0_stream_ap_fixed_16_6_5_3_0_0_bias_2 | {1 }
 - Input state : 
	Port: tpu_layer_2_Pipeline_VITIS_LOOP_180_2 : tpu_layer_2_stream_ap_fixed_0_stream_ap_fixed_16_6_5_3_0_0_bias_7 | {}
	Port: tpu_layer_2_Pipeline_VITIS_LOOP_180_2 : tpu_layer_2_stream_ap_fixed_0_stream_ap_fixed_16_6_5_3_0_0_bias_1 | {}
	Port: tpu_layer_2_Pipeline_VITIS_LOOP_180_2 : tpu_layer_2_stream_ap_fixed_0_stream_ap_fixed_16_6_5_3_0_0_bias | {}
	Port: tpu_layer_2_Pipeline_VITIS_LOOP_180_2 : tpu_layer_2_stream_ap_fixed_0_stream_ap_fixed_16_6_5_3_0_0_bias_6 | {}
	Port: tpu_layer_2_Pipeline_VITIS_LOOP_180_2 : tpu_layer_2_stream_ap_fixed_0_stream_ap_fixed_16_6_5_3_0_0_bias_5 | {}
	Port: tpu_layer_2_Pipeline_VITIS_LOOP_180_2 : tpu_layer_2_stream_ap_fixed_0_stream_ap_fixed_16_6_5_3_0_0_bias_4 | {}
	Port: tpu_layer_2_Pipeline_VITIS_LOOP_180_2 : tpu_layer_2_stream_ap_fixed_0_stream_ap_fixed_16_6_5_3_0_0_bias_3 | {}
	Port: tpu_layer_2_Pipeline_VITIS_LOOP_180_2 : tpu_layer_2_stream_ap_fixed_0_stream_ap_fixed_16_6_5_3_0_0_bias_2 | {}
  - Chain level:
	State 1
		store_ln180 : 1
		i : 1
		icmp_ln180 : 2
		add_ln180 : 2
		br_ln180 : 3
		trunc_ln180 : 2
		lshr_ln2 : 2
		zext_ln180 : 3
		tpu_layer_2_stream_ap_fixed_0_stream_ap_fixed_16_6_5_3_0_0_bias_7_addr : 4
		tpu_layer_2_stream_ap_fixed_0_stream_ap_fixed_16_6_5_3_0_0_bias_1_addr : 4
		tpu_layer_2_stream_ap_fixed_0_stream_ap_fixed_16_6_5_3_0_0_bias_addr : 4
		tpu_layer_2_stream_ap_fixed_0_stream_ap_fixed_16_6_5_3_0_0_bias_6_addr : 4
		tpu_layer_2_stream_ap_fixed_0_stream_ap_fixed_16_6_5_3_0_0_bias_5_addr : 4
		tpu_layer_2_stream_ap_fixed_0_stream_ap_fixed_16_6_5_3_0_0_bias_4_addr : 4
		tpu_layer_2_stream_ap_fixed_0_stream_ap_fixed_16_6_5_3_0_0_bias_3_addr : 4
		tpu_layer_2_stream_ap_fixed_0_stream_ap_fixed_16_6_5_3_0_0_bias_2_addr : 4
		switch_ln180 : 3
		store_ln180 : 5
		store_ln180 : 5
		store_ln180 : 5
		store_ln180 : 5
		store_ln180 : 5
		store_ln180 : 5
		store_ln180 : 5
		store_ln180 : 5
		store_ln180 : 3


============================================================
+ Verbose Summary: Datapath Resource usage 
============================================================

* Functional unit list:
|----------|---------------------|---------|---------|
| Operation|   Functional Unit   |    FF   |   LUT   |
|----------|---------------------|---------|---------|
|   icmp   |  icmp_ln180_fu_188  |    0    |    15   |
|----------|---------------------|---------|---------|
|    add   |   add_ln180_fu_194  |    0    |    15   |
|----------|---------------------|---------|---------|
|   trunc  |  trunc_ln180_fu_200 |    0    |    0    |
|----------|---------------------|---------|---------|
|partselect|   lshr_ln2_fu_204   |    0    |    0    |
|----------|---------------------|---------|---------|
|   zext   |  zext_ln180_fu_214  |    0    |    0    |
|----------|---------------------|---------|---------|
|  switch  | switch_ln180_fu_226 |    0    |    0    |
|----------|---------------------|---------|---------|
|   Total  |                     |    0    |    30   |
|----------|---------------------|---------|---------|

Memories:
N/A

* Register list:
+------------+--------+
|            |   FF   |
+------------+--------+
|i_11_reg_249|    8   |
+------------+--------+
|    Total   |    8   |
+------------+--------+

* Multiplexer (MUX) list: 
|--------|------|------|------|--------|
|  Comp  |  Pin | Size |  BW  | S x BW |
|--------|------|------|------|--------|
|  Total |      |      |      |    0   |
|--------|------|------|------|--------|



* Summary:
+-----------+--------+--------+
|           |   FF   |   LUT  |
+-----------+--------+--------+
|  Function |    0   |   30   |
|   Memory  |    -   |    -   |
|Multiplexer|    -   |    -   |
|  Register |    8   |    -   |
+-----------+--------+--------+
|   Total   |    8   |   30   |
+-----------+--------+--------+
