

================================================================
== Vitis HLS Report for 'tpu_layer_1_Pipeline_VITIS_LOOP_56_1'
================================================================
* Date:           Tue Jun 16 19:42:37 2026

* Version:        2025.2 (Build 6295257 on Nov 14 2025)
* Project:        tpu_integrated_accel
* Solution:       hls (Vivado IP Flow Target)
* Product family: kintex7
* Target device:  xc7k325t-ffg900-2


================================================================
== Performance Estimates
================================================================
+ Timing: 
    * Summary: 
    +--------+----------+----------+------------+
    |  Clock |  Target  | Estimated| Uncertainty|
    +--------+----------+----------+------------+
    |ap_clk  |  10.00 ns|  3.616 ns|     2.70 ns|
    +--------+----------+----------+------------+

+ Latency: 
    * Summary: 
    +---------+---------+----------+----------+-----+-----+-------------------+
    |  Latency (cycles) |  Latency (absolute) |  Interval |      Pipeline     |
    |   min   |   max   |    min   |    max   | min | max |        Type       |
    +---------+---------+----------+----------+-----+-----+-------------------+
    |      182|      182|  1.820 us|  1.820 us|    0|    0|  loop pipeline stp|
    +---------+---------+----------+----------+-----+-----+-------------------+

    + Detail: 
        * Instance: 
        N/A

        * Loop: 
        +-------------------+---------+---------+----------+-----------+-----------+------+----------+
        |                   |  Latency (cycles) | Iteration|  Initiation Interval  | Trip |          |
        |     Loop Name     |   min   |   max   |  Latency |  achieved |   target  | Count| Pipelined|
        +-------------------+---------+---------+----------+-----------+-----------+------+----------+
        |- VITIS_LOOP_56_1  |      180|      180|         2|          1|          1|   180|       yes|
        +-------------------+---------+---------+----------+-----------+-----------+------+----------+

============================================================
+ Verbose Summary: Synthesis Manager
============================================================
InlineROM: 1
ExposeGlobal: 0
============================================================
+ Verbose Summary: CDFG Model
============================================================
IsTopModel: 0
ResetActiveHigh: 1
IsCombinational: 0
IsDatapathOnly: 0
HasWiredReturn: 1
HasMFsm: 2
HasVarLatency: 1
IsPipeline: 0
IsRtlPipelined: 0
IsInstanceOverlapped: 0
IsDontTouch: 0
HasImplIP: 0
IsGatedGlobalClock: 0

+ Individual pipeline summary: 
  * Pipeline-0: initiation interval (II) = 1, depth = 2


============================================================
+ Verbose Summary: Schedule
============================================================
* Number of FSM states : 2
* Pipeline : 1
  Pipeline-0 : II = 1, D = 2, States = { 1 2 }
* Dataflow Pipeline: 0

* FSM state transitions: 
1 --> 2 
2 --> 

* FSM state operations: 

State 1 <SV = 0> <Delay = 3.02>
ST_1 : Operation 5 [1/1] (0.00ns)   --->   "%i = alloca i32 1" [../task_detection_tpu/tpu_accel.cpp:56]   --->   Operation 5 'alloca' 'i' <Predicate = true> <Delay = 0.00>
ST_1 : Operation 6 [1/1] (0.00ns)   --->   "%specinterface_ln0 = specinterface void @_ssdm_op_SpecInterface, i16 %stream_in, void @empty_7, i32 0, i32 0, void @empty_9, i32 0, i32 0, void @empty_9, void @empty_9, void @empty_9, i32 0, i32 0, i32 0, i32 0, void @empty_9, void @empty_9, i32 4294967295, i32 0, i32 0, i32 0"   --->   Operation 6 'specinterface' 'specinterface_ln0' <Predicate = true> <Delay = 0.00>
ST_1 : Operation 7 [1/1] (0.83ns)   --->   "%store_ln56 = store i8 0, i8 %i" [../task_detection_tpu/tpu_accel.cpp:56]   --->   Operation 7 'store' 'store_ln56' <Predicate = true> <Delay = 0.83>
ST_1 : Operation 8 [1/1] (0.00ns)   --->   "%br_ln56 = br void %for.inc.i" [../task_detection_tpu/tpu_accel.cpp:56]   --->   Operation 8 'br' 'br_ln56' <Predicate = true> <Delay = 0.00>
ST_1 : Operation 9 [1/1] (0.00ns)   --->   "%i_16 = load i8 %i" [../task_detection_tpu/tpu_accel.cpp:56]   --->   Operation 9 'load' 'i_16' <Predicate = true> <Delay = 0.00>
ST_1 : Operation 10 [1/1] (1.35ns)   --->   "%icmp_ln56 = icmp_eq  i8 %i_16, i8 180" [../task_detection_tpu/tpu_accel.cpp:56]   --->   Operation 10 'icmp' 'icmp_ln56' <Predicate = true> <Delay = 1.35> <CoreInst = "Cmp">   --->   Core 9 'Cmp' <Latency = 0> <II = 1> <Delay = 1.35> <FuncUnit> <Opcode : 'seteq' 'setne' 'setle' 'setge' 'setlt' 'setgt'> <InPorts = 2> <OutPorts = 1>
ST_1 : Operation 11 [1/1] (1.35ns)   --->   "%add_ln56 = add i8 %i_16, i8 1" [../task_detection_tpu/tpu_accel.cpp:56]   --->   Operation 11 'add' 'add_ln56' <Predicate = true> <Delay = 1.35> <CoreInst = "Adder">   --->   Core 1 'Adder' <Latency = 0> <II = 1> <Delay = 1.35> <FuncUnit> <Opcode : 'add' 'sub'> <InPorts = 2> <OutPorts = 1>
ST_1 : Operation 12 [1/1] (0.00ns)   --->   "%br_ln56 = br i1 %icmp_ln56, void %for.inc.split.i, void %for.inc9.i.exitStub" [../task_detection_tpu/tpu_accel.cpp:56]   --->   Operation 12 'br' 'br_ln56' <Predicate = true> <Delay = 0.00>
ST_1 : Operation 13 [1/1] (0.00ns)   --->   "%trunc_ln56 = trunc i8 %i_16" [../task_detection_tpu/tpu_accel.cpp:56]   --->   Operation 13 'trunc' 'trunc_ln56' <Predicate = (!icmp_ln56)> <Delay = 0.00>
ST_1 : Operation 14 [1/1] (0.00ns)   --->   "%lshr_ln = partselect i5 @_ssdm_op_PartSelect.i5.i8.i32.i32, i8 %i_16, i32 3, i32 7" [../task_detection_tpu/tpu_accel.cpp:56]   --->   Operation 14 'partselect' 'lshr_ln' <Predicate = (!icmp_ln56)> <Delay = 0.00>
ST_1 : Operation 15 [1/1] (0.93ns)   --->   "%switch_ln58 = switch i3 %trunc_ln56, void %arrayidx.case.7.i, i3 0, void %arrayidx.case.0.i, i3 1, void %arrayidx.case.1.i, i3 2, void %arrayidx.case.2.i, i3 3, void %arrayidx.case.3.i, i3 4, void %arrayidx.case.4.i, i3 5, void %arrayidx.case.5.i, i3 6, void %arrayidx.case.6.i" [../task_detection_tpu/tpu_accel.cpp:58]   --->   Operation 15 'switch' 'switch_ln58' <Predicate = (!icmp_ln56)> <Delay = 0.93>
ST_1 : Operation 16 [1/1] (0.83ns)   --->   "%store_ln56 = store i8 %add_ln56, i8 %i" [../task_detection_tpu/tpu_accel.cpp:56]   --->   Operation 16 'store' 'store_ln56' <Predicate = (!icmp_ln56)> <Delay = 0.83>
ST_1 : Operation 17 [1/1] (0.00ns)   --->   "%br_ln56 = br void %for.inc.i" [../task_detection_tpu/tpu_accel.cpp:56]   --->   Operation 17 'br' 'br_ln56' <Predicate = (!icmp_ln56)> <Delay = 0.00>
ST_1 : Operation 47 [1/1] (0.83ns)   --->   "%ret_ln0 = ret"   --->   Operation 47 'ret' 'ret_ln0' <Predicate = (icmp_ln56)> <Delay = 0.83>

State 2 <SV = 1> <Delay = 3.61>
ST_2 : Operation 18 [1/1] (0.00ns)   --->   "%specpipeline_ln57 = specpipeline void @_ssdm_op_SpecPipeline, i32 1, i32 0, i32 0, i32 0, i32 4294967295, void @empty_9" [../task_detection_tpu/tpu_accel.cpp:57]   --->   Operation 18 'specpipeline' 'specpipeline_ln57' <Predicate = true> <Delay = 0.00>
ST_2 : Operation 19 [1/1] (0.00ns)   --->   "%speclooptripcount_ln56 = speclooptripcount void @_ssdm_op_SpecLoopTripCount, i64 180, i64 180, i64 180" [../task_detection_tpu/tpu_accel.cpp:56]   --->   Operation 19 'speclooptripcount' 'speclooptripcount_ln56' <Predicate = true> <Delay = 0.00>
ST_2 : Operation 20 [1/1] (0.00ns)   --->   "%specloopname_ln56 = specloopname void @_ssdm_op_SpecLoopName, void @empty_14" [../task_detection_tpu/tpu_accel.cpp:56]   --->   Operation 20 'specloopname' 'specloopname_ln56' <Predicate = true> <Delay = 0.00>
ST_2 : Operation 21 [1/1] (0.00ns)   --->   "%zext_ln56 = zext i5 %lshr_ln" [../task_detection_tpu/tpu_accel.cpp:56]   --->   Operation 21 'zext' 'zext_ln56' <Predicate = true> <Delay = 0.00>
ST_2 : Operation 22 [1/1] ( I:2.46ns O:2.46ns )   --->   "%stream_in_read = read i16 @_ssdm_op_Read.ap_fifo.volatile.i16P0A, i16 %stream_in" [../task_detection_tpu/tpu_accel.cpp:58]   --->   Operation 22 'read' 'stream_in_read' <Predicate = true> <Delay = 2.46> <CoreInst = "FIFO_SRL">   --->   Core 80 'FIFO_SRL' <Latency = 0> <II = 1> <Delay = 2.46> <Storage> <Opcode : 'read' 'write' 'nbread' 'nbwrite'> <Ports = 0> <Width = 16> <Depth = 2> <FIFO>
ST_2 : Operation 23 [1/1] (0.00ns)   --->   "%x_padded_addr = getelementptr i16 %x_padded, i64 0, i64 %zext_ln56" [../task_detection_tpu/tpu_accel.cpp:58]   --->   Operation 23 'getelementptr' 'x_padded_addr' <Predicate = true> <Delay = 0.00>
ST_2 : Operation 24 [1/1] (0.00ns)   --->   "%x_padded_1_addr = getelementptr i16 %x_padded_1, i64 0, i64 %zext_ln56" [../task_detection_tpu/tpu_accel.cpp:58]   --->   Operation 24 'getelementptr' 'x_padded_1_addr' <Predicate = true> <Delay = 0.00>
ST_2 : Operation 25 [1/1] (0.00ns)   --->   "%x_padded_2_addr = getelementptr i16 %x_padded_2, i64 0, i64 %zext_ln56" [../task_detection_tpu/tpu_accel.cpp:58]   --->   Operation 25 'getelementptr' 'x_padded_2_addr' <Predicate = true> <Delay = 0.00>
ST_2 : Operation 26 [1/1] (0.00ns)   --->   "%x_padded_3_addr = getelementptr i16 %x_padded_3, i64 0, i64 %zext_ln56" [../task_detection_tpu/tpu_accel.cpp:58]   --->   Operation 26 'getelementptr' 'x_padded_3_addr' <Predicate = true> <Delay = 0.00>
ST_2 : Operation 27 [1/1] (0.00ns)   --->   "%x_padded_4_addr = getelementptr i16 %x_padded_4, i64 0, i64 %zext_ln56" [../task_detection_tpu/tpu_accel.cpp:58]   --->   Operation 27 'getelementptr' 'x_padded_4_addr' <Predicate = true> <Delay = 0.00>
ST_2 : Operation 28 [1/1] (0.00ns)   --->   "%x_padded_5_addr = getelementptr i16 %x_padded_5, i64 0, i64 %zext_ln56" [../task_detection_tpu/tpu_accel.cpp:58]   --->   Operation 28 'getelementptr' 'x_padded_5_addr' <Predicate = true> <Delay = 0.00>
ST_2 : Operation 29 [1/1] (0.00ns)   --->   "%x_padded_6_addr = getelementptr i16 %x_padded_6, i64 0, i64 %zext_ln56" [../task_detection_tpu/tpu_accel.cpp:58]   --->   Operation 29 'getelementptr' 'x_padded_6_addr' <Predicate = true> <Delay = 0.00>
ST_2 : Operation 30 [1/1] (0.00ns)   --->   "%x_padded_7_addr = getelementptr i16 %x_padded_7, i64 0, i64 %zext_ln56" [../task_detection_tpu/tpu_accel.cpp:58]   --->   Operation 30 'getelementptr' 'x_padded_7_addr' <Predicate = true> <Delay = 0.00>
ST_2 : Operation 31 [1/1] ( I:1.14ns O:1.14ns )   --->   "%store_ln58 = store i16 %stream_in_read, i5 %x_padded_6_addr" [../task_detection_tpu/tpu_accel.cpp:58]   --->   Operation 31 'store' 'store_ln58' <Predicate = (trunc_ln56 == 6)> <Delay = 1.14> <CoreInst = "RAM">   --->   Core 81 'RAM' <Latency = 1> <II = 1> <Delay = 1.14> <Storage> <Opcode : 'load' 'store'> <Ports = 2> <Width = 16> <Depth = 23> <RAM>
ST_2 : Operation 32 [1/1] (0.00ns)   --->   "%br_ln58 = br void %arrayidx.exit.i" [../task_detection_tpu/tpu_accel.cpp:58]   --->   Operation 32 'br' 'br_ln58' <Predicate = (trunc_ln56 == 6)> <Delay = 0.00>
ST_2 : Operation 33 [1/1] ( I:1.14ns O:1.14ns )   --->   "%store_ln58 = store i16 %stream_in_read, i5 %x_padded_5_addr" [../task_detection_tpu/tpu_accel.cpp:58]   --->   Operation 33 'store' 'store_ln58' <Predicate = (trunc_ln56 == 5)> <Delay = 1.14> <CoreInst = "RAM">   --->   Core 81 'RAM' <Latency = 1> <II = 1> <Delay = 1.14> <Storage> <Opcode : 'load' 'store'> <Ports = 2> <Width = 16> <Depth = 23> <RAM>
ST_2 : Operation 34 [1/1] (0.00ns)   --->   "%br_ln58 = br void %arrayidx.exit.i" [../task_detection_tpu/tpu_accel.cpp:58]   --->   Operation 34 'br' 'br_ln58' <Predicate = (trunc_ln56 == 5)> <Delay = 0.00>
ST_2 : Operation 35 [1/1] ( I:1.14ns O:1.14ns )   --->   "%store_ln58 = store i16 %stream_in_read, i5 %x_padded_4_addr" [../task_detection_tpu/tpu_accel.cpp:58]   --->   Operation 35 'store' 'store_ln58' <Predicate = (trunc_ln56 == 4)> <Delay = 1.14> <CoreInst = "RAM">   --->   Core 81 'RAM' <Latency = 1> <II = 1> <Delay = 1.14> <Storage> <Opcode : 'load' 'store'> <Ports = 2> <Width = 16> <Depth = 23> <RAM>
ST_2 : Operation 36 [1/1] (0.00ns)   --->   "%br_ln58 = br void %arrayidx.exit.i" [../task_detection_tpu/tpu_accel.cpp:58]   --->   Operation 36 'br' 'br_ln58' <Predicate = (trunc_ln56 == 4)> <Delay = 0.00>
ST_2 : Operation 37 [1/1] ( I:1.14ns O:1.14ns )   --->   "%store_ln58 = store i16 %stream_in_read, i5 %x_padded_3_addr" [../task_detection_tpu/tpu_accel.cpp:58]   --->   Operation 37 'store' 'store_ln58' <Predicate = (trunc_ln56 == 3)> <Delay = 1.14> <CoreInst = "RAM">   --->   Core 81 'RAM' <Latency = 1> <II = 1> <Delay = 1.14> <Storage> <Opcode : 'load' 'store'> <Ports = 2> <Width = 16> <Depth = 23> <RAM>
ST_2 : Operation 38 [1/1] (0.00ns)   --->   "%br_ln58 = br void %arrayidx.exit.i" [../task_detection_tpu/tpu_accel.cpp:58]   --->   Operation 38 'br' 'br_ln58' <Predicate = (trunc_ln56 == 3)> <Delay = 0.00>
ST_2 : Operation 39 [1/1] ( I:1.14ns O:1.14ns )   --->   "%store_ln58 = store i16 %stream_in_read, i5 %x_padded_2_addr" [../task_detection_tpu/tpu_accel.cpp:58]   --->   Operation 39 'store' 'store_ln58' <Predicate = (trunc_ln56 == 2)> <Delay = 1.14> <CoreInst = "RAM">   --->   Core 81 'RAM' <Latency = 1> <II = 1> <Delay = 1.14> <Storage> <Opcode : 'load' 'store'> <Ports = 2> <Width = 16> <Depth = 23> <RAM>
ST_2 : Operation 40 [1/1] (0.00ns)   --->   "%br_ln58 = br void %arrayidx.exit.i" [../task_detection_tpu/tpu_accel.cpp:58]   --->   Operation 40 'br' 'br_ln58' <Predicate = (trunc_ln56 == 2)> <Delay = 0.00>
ST_2 : Operation 41 [1/1] ( I:1.14ns O:1.14ns )   --->   "%store_ln58 = store i16 %stream_in_read, i5 %x_padded_1_addr" [../task_detection_tpu/tpu_accel.cpp:58]   --->   Operation 41 'store' 'store_ln58' <Predicate = (trunc_ln56 == 1)> <Delay = 1.14> <CoreInst = "RAM">   --->   Core 81 'RAM' <Latency = 1> <II = 1> <Delay = 1.14> <Storage> <Opcode : 'load' 'store'> <Ports = 2> <Width = 16> <Depth = 23> <RAM>
ST_2 : Operation 42 [1/1] (0.00ns)   --->   "%br_ln58 = br void %arrayidx.exit.i" [../task_detection_tpu/tpu_accel.cpp:58]   --->   Operation 42 'br' 'br_ln58' <Predicate = (trunc_ln56 == 1)> <Delay = 0.00>
ST_2 : Operation 43 [1/1] ( I:1.14ns O:1.14ns )   --->   "%store_ln58 = store i16 %stream_in_read, i5 %x_padded_addr" [../task_detection_tpu/tpu_accel.cpp:58]   --->   Operation 43 'store' 'store_ln58' <Predicate = (trunc_ln56 == 0)> <Delay = 1.14> <CoreInst = "RAM">   --->   Core 81 'RAM' <Latency = 1> <II = 1> <Delay = 1.14> <Storage> <Opcode : 'load' 'store'> <Ports = 2> <Width = 16> <Depth = 23> <RAM>
ST_2 : Operation 44 [1/1] (0.00ns)   --->   "%br_ln58 = br void %arrayidx.exit.i" [../task_detection_tpu/tpu_accel.cpp:58]   --->   Operation 44 'br' 'br_ln58' <Predicate = (trunc_ln56 == 0)> <Delay = 0.00>
ST_2 : Operation 45 [1/1] ( I:1.14ns O:1.14ns )   --->   "%store_ln58 = store i16 %stream_in_read, i5 %x_padded_7_addr" [../task_detection_tpu/tpu_accel.cpp:58]   --->   Operation 45 'store' 'store_ln58' <Predicate = (trunc_ln56 == 7)> <Delay = 1.14> <CoreInst = "RAM">   --->   Core 81 'RAM' <Latency = 1> <II = 1> <Delay = 1.14> <Storage> <Opcode : 'load' 'store'> <Ports = 2> <Width = 16> <Depth = 23> <RAM>
ST_2 : Operation 46 [1/1] (0.00ns)   --->   "%br_ln58 = br void %arrayidx.exit.i" [../task_detection_tpu/tpu_accel.cpp:58]   --->   Operation 46 'br' 'br_ln58' <Predicate = (trunc_ln56 == 7)> <Delay = 0.00>


============================================================
+ Verbose Summary: Binding
============================================================
STG Binding: 
---------------- STG Properties BEGIN ----------------
- Is combinational: 0
- Is one-state seq: 0
- Is datapath-only: 0
- Is pipelined: 0
- Is top level: 0
Port [ Return ] is wired: 1; IO mode=ap_ctrl_hs:ce=0
Port [ x_padded_7]:  wired=1; compound=1; hidden=0; nouse=0; global=0; static=0; extern=0; dir=1; type=1; pingpong=0; private_global=0; MemPort=[03]; IO mode=ap_memory:ce=0
Port [ x_padded_6]:  wired=1; compound=1; hidden=0; nouse=0; global=0; static=0; extern=0; dir=1; type=1; pingpong=0; private_global=0; MemPort=[03]; IO mode=ap_memory:ce=0
Port [ x_padded_5]:  wired=1; compound=1; hidden=0; nouse=0; global=0; static=0; extern=0; dir=1; type=1; pingpong=0; private_global=0; MemPort=[03]; IO mode=ap_memory:ce=0
Port [ x_padded_4]:  wired=1; compound=1; hidden=0; nouse=0; global=0; static=0; extern=0; dir=1; type=1; pingpong=0; private_global=0; MemPort=[03]; IO mode=ap_memory:ce=0
Port [ x_padded_3]:  wired=1; compound=1; hidden=0; nouse=0; global=0; static=0; extern=0; dir=1; type=1; pingpong=0; private_global=0; MemPort=[03]; IO mode=ap_memory:ce=0
Port [ x_padded_2]:  wired=1; compound=1; hidden=0; nouse=0; global=0; static=0; extern=0; dir=1; type=1; pingpong=0; private_global=0; MemPort=[03]; IO mode=ap_memory:ce=0
Port [ x_padded_1]:  wired=1; compound=1; hidden=0; nouse=0; global=0; static=0; extern=0; dir=1; type=1; pingpong=0; private_global=0; MemPort=[03]; IO mode=ap_memory:ce=0
Port [ x_padded]:  wired=1; compound=1; hidden=0; nouse=0; global=0; static=0; extern=0; dir=1; type=1; pingpong=0; private_global=0; MemPort=[03]; IO mode=ap_memory:ce=0
Port [ stream_in]:  wired=1; compound=1; hidden=0; nouse=0; global=0; static=0; extern=0; dir=0; type=3; pingpong=0; private_global=0; IO mode=ap_fifo:ce=0
---------------- STG Properties END ------------------

---------------- Datapath Model BEGIN ----------------

<LifeTime>
<method=bitvector/>
i                      (alloca           ) [ 010]
specinterface_ln0      (specinterface    ) [ 000]
store_ln56             (store            ) [ 000]
br_ln56                (br               ) [ 000]
i_16                   (load             ) [ 000]
icmp_ln56              (icmp             ) [ 010]
add_ln56               (add              ) [ 000]
br_ln56                (br               ) [ 000]
trunc_ln56             (trunc            ) [ 011]
lshr_ln                (partselect       ) [ 011]
switch_ln58            (switch           ) [ 000]
store_ln56             (store            ) [ 000]
br_ln56                (br               ) [ 000]
specpipeline_ln57      (specpipeline     ) [ 000]
speclooptripcount_ln56 (speclooptripcount) [ 000]
specloopname_ln56      (specloopname     ) [ 000]
zext_ln56              (zext             ) [ 000]
stream_in_read         (read             ) [ 000]
x_padded_addr          (getelementptr    ) [ 000]
x_padded_1_addr        (getelementptr    ) [ 000]
x_padded_2_addr        (getelementptr    ) [ 000]
x_padded_3_addr        (getelementptr    ) [ 000]
x_padded_4_addr        (getelementptr    ) [ 000]
x_padded_5_addr        (getelementptr    ) [ 000]
x_padded_6_addr        (getelementptr    ) [ 000]
x_padded_7_addr        (getelementptr    ) [ 000]
store_ln58             (store            ) [ 000]
br_ln58                (br               ) [ 000]
store_ln58             (store            ) [ 000]
br_ln58                (br               ) [ 000]
store_ln58             (store            ) [ 000]
br_ln58                (br               ) [ 000]
store_ln58             (store            ) [ 000]
br_ln58                (br               ) [ 000]
store_ln58             (store            ) [ 000]
br_ln58                (br               ) [ 000]
store_ln58             (store            ) [ 000]
br_ln58                (br               ) [ 000]
store_ln58             (store            ) [ 000]
br_ln58                (br               ) [ 000]
store_ln58             (store            ) [ 000]
br_ln58                (br               ) [ 000]
ret_ln0                (ret              ) [ 000]
</LifeTime>

<model>

<comp_list>
<comp id="0" class="1000" name="x_padded_7">
<pin_list>
<pin id="1" dir="1" index="0" bw="1" slack="0"/>
</pin_list>
<bind>
<StgValue><ssdm name="x_padded_7"/><MemPortTyVec>0 3 </MemPortTyVec>
</StgValue>
</bind>
</comp>

<comp id="2" class="1000" name="x_padded_6">
<pin_list>
<pin id="3" dir="1" index="0" bw="1" slack="0"/>
</pin_list>
<bind>
<StgValue><ssdm name="x_padded_6"/><MemPortTyVec>0 3 </MemPortTyVec>
</StgValue>
</bind>
</comp>

<comp id="4" class="1000" name="x_padded_5">
<pin_list>
<pin id="5" dir="1" index="0" bw="1" slack="0"/>
</pin_list>
<bind>
<StgValue><ssdm name="x_padded_5"/><MemPortTyVec>0 3 </MemPortTyVec>
</StgValue>
</bind>
</comp>

<comp id="6" class="1000" name="x_padded_4">
<pin_list>
<pin id="7" dir="1" index="0" bw="1" slack="0"/>
</pin_list>
<bind>
<StgValue><ssdm name="x_padded_4"/><MemPortTyVec>0 3 </MemPortTyVec>
</StgValue>
</bind>
</comp>

<comp id="8" class="1000" name="x_padded_3">
<pin_list>
<pin id="9" dir="1" index="0" bw="1" slack="0"/>
</pin_list>
<bind>
<StgValue><ssdm name="x_padded_3"/><MemPortTyVec>0 3 </MemPortTyVec>
</StgValue>
</bind>
</comp>

<comp id="10" class="1000" name="x_padded_2">
<pin_list>
<pin id="11" dir="1" index="0" bw="1" slack="0"/>
</pin_list>
<bind>
<StgValue><ssdm name="x_padded_2"/><MemPortTyVec>0 3 </MemPortTyVec>
</StgValue>
</bind>
</comp>

<comp id="12" class="1000" name="x_padded_1">
<pin_list>
<pin id="13" dir="1" index="0" bw="1" slack="0"/>
</pin_list>
<bind>
<StgValue><ssdm name="x_padded_1"/><MemPortTyVec>0 3 </MemPortTyVec>
</StgValue>
</bind>
</comp>

<comp id="14" class="1000" name="x_padded">
<pin_list>
<pin id="15" dir="1" index="0" bw="1" slack="0"/>
</pin_list>
<bind>
<StgValue><ssdm name="x_padded"/><MemPortTyVec>0 3 </MemPortTyVec>
</StgValue>
</bind>
</comp>

<comp id="16" class="1000" name="stream_in">
<pin_list>
<pin id="17" dir="1" index="0" bw="1" slack="0"/>
</pin_list>
<bind>
<StgValue><ssdm name="stream_in"/></StgValue>
</bind>
</comp>

<comp id="18" class="1001" name="const_18">
<pin_list>
<pin id="19" dir="1" index="0" bw="1" slack="0"/>
</pin_list>
<bind>
<StgValue><ssdm name=""/></StgValue>
</bind>
</comp>

<comp id="20" class="1001" name="const_20">
<pin_list>
<pin id="21" dir="1" index="0" bw="1" slack="2147483647"/>
</pin_list>
<bind>
<StgValue><ssdm name="_ssdm_op_SpecInterface"/></StgValue>
</bind>
</comp>

<comp id="22" class="1001" name="const_22">
<pin_list>
<pin id="23" dir="1" index="0" bw="1" slack="2147483647"/>
</pin_list>
<bind>
<StgValue><ssdm name="empty_7"/></StgValue>
</bind>
</comp>

<comp id="24" class="1001" name="const_24">
<pin_list>
<pin id="25" dir="1" index="0" bw="1" slack="2147483647"/>
</pin_list>
<bind>
<StgValue><ssdm name=""/></StgValue>
</bind>
</comp>

<comp id="26" class="1001" name="const_26">
<pin_list>
<pin id="27" dir="1" index="0" bw="1" slack="2147483647"/>
</pin_list>
<bind>
<StgValue><ssdm name="empty_9"/></StgValue>
</bind>
</comp>

<comp id="28" class="1001" name="const_28">
<pin_list>
<pin id="29" dir="1" index="0" bw="1" slack="2147483647"/>
</pin_list>
<bind>
<StgValue><ssdm name=""/></StgValue>
</bind>
</comp>

<comp id="30" class="1001" name="const_30">
<pin_list>
<pin id="31" dir="1" index="0" bw="1" slack="0"/>
</pin_list>
<bind>
<StgValue><ssdm name=""/></StgValue>
</bind>
</comp>

<comp id="32" class="1001" name="const_32">
<pin_list>
<pin id="33" dir="1" index="0" bw="1" slack="0"/>
</pin_list>
<bind>
<StgValue><ssdm name=""/></StgValue>
</bind>
</comp>

<comp id="34" class="1001" name="const_34">
<pin_list>
<pin id="35" dir="1" index="0" bw="1" slack="0"/>
</pin_list>
<bind>
<StgValue><ssdm name=""/></StgValue>
</bind>
</comp>

<comp id="36" class="1001" name="const_36">
<pin_list>
<pin id="37" dir="1" index="0" bw="1" slack="0"/>
</pin_list>
<bind>
<StgValue><ssdm name="_ssdm_op_PartSelect.i5.i8.i32.i32"/></StgValue>
</bind>
</comp>

<comp id="38" class="1001" name="const_38">
<pin_list>
<pin id="39" dir="1" index="0" bw="1" slack="0"/>
</pin_list>
<bind>
<StgValue><ssdm name=""/></StgValue>
</bind>
</comp>

<comp id="40" class="1001" name="const_40">
<pin_list>
<pin id="41" dir="1" index="0" bw="1" slack="0"/>
</pin_list>
<bind>
<StgValue><ssdm name=""/></StgValue>
</bind>
</comp>

<comp id="42" class="1001" name="const_42">
<pin_list>
<pin id="43" dir="1" index="0" bw="1" slack="0"/>
</pin_list>
<bind>
<StgValue><ssdm name=""/></StgValue>
</bind>
</comp>

<comp id="44" class="1001" name="const_44">
<pin_list>
<pin id="45" dir="1" index="0" bw="1" slack="0"/>
</pin_list>
<bind>
<StgValue><ssdm name=""/></StgValue>
</bind>
</comp>

<comp id="46" class="1001" name="const_46">
<pin_list>
<pin id="47" dir="1" index="0" bw="1" slack="0"/>
</pin_list>
<bind>
<StgValue><ssdm name=""/></StgValue>
</bind>
</comp>

<comp id="48" class="1001" name="const_48">
<pin_list>
<pin id="49" dir="1" index="0" bw="1" slack="0"/>
</pin_list>
<bind>
<StgValue><ssdm name=""/></StgValue>
</bind>
</comp>

<comp id="50" class="1001" name="const_50">
<pin_list>
<pin id="51" dir="1" index="0" bw="1" slack="0"/>
</pin_list>
<bind>
<StgValue><ssdm name=""/></StgValue>
</bind>
</comp>

<comp id="52" class="1001" name="const_52">
<pin_list>
<pin id="53" dir="1" index="0" bw="1" slack="0"/>
</pin_list>
<bind>
<StgValue><ssdm name=""/></StgValue>
</bind>
</comp>

<comp id="54" class="1001" name="const_54">
<pin_list>
<pin id="55" dir="1" index="0" bw="1" slack="0"/>
</pin_list>
<bind>
<StgValue><ssdm name=""/></StgValue>
</bind>
</comp>

<comp id="56" class="1001" name="const_56">
<pin_list>
<pin id="57" dir="1" index="0" bw="1" slack="2147483647"/>
</pin_list>
<bind>
<StgValue><ssdm name="_ssdm_op_SpecPipeline"/></StgValue>
</bind>
</comp>

<comp id="58" class="1001" name="const_58">
<pin_list>
<pin id="59" dir="1" index="0" bw="1" slack="2147483647"/>
</pin_list>
<bind>
<StgValue><ssdm name="_ssdm_op_SpecLoopTripCount"/></StgValue>
</bind>
</comp>

<comp id="60" class="1001" name="const_60">
<pin_list>
<pin id="61" dir="1" index="0" bw="1" slack="2147483647"/>
</pin_list>
<bind>
<StgValue><ssdm name=""/></StgValue>
</bind>
</comp>

<comp id="62" class="1001" name="const_62">
<pin_list>
<pin id="63" dir="1" index="0" bw="1" slack="2147483647"/>
</pin_list>
<bind>
<StgValue><ssdm name="_ssdm_op_SpecLoopName"/></StgValue>
</bind>
</comp>

<comp id="64" class="1001" name="const_64">
<pin_list>
<pin id="65" dir="1" index="0" bw="1" slack="2147483647"/>
</pin_list>
<bind>
<StgValue><ssdm name="empty_14"/></StgValue>
</bind>
</comp>

<comp id="66" class="1001" name="const_66">
<pin_list>
<pin id="67" dir="1" index="0" bw="1" slack="0"/>
</pin_list>
<bind>
<StgValue><ssdm name="_ssdm_op_Read.ap_fifo.volatile.i16P0A"/></StgValue>
</bind>
</comp>

<comp id="68" class="1001" name="const_68">
<pin_list>
<pin id="69" dir="1" index="0" bw="1" slack="0"/>
</pin_list>
<bind>
<StgValue><ssdm name=""/></StgValue>
</bind>
</comp>

<comp id="70" class="1004" name="i_fu_70">
<pin_list>
<pin id="71" dir="0" index="0" bw="1" slack="0"/>
<pin id="72" dir="1" index="1" bw="8" slack="0"/>
</pin_list>
<bind>
<opcode="alloca(26) " fcode="alloca"/>
<opset="i/1 "/>
</bind>
</comp>

<comp id="74" class="1004" name="stream_in_read_read_fu_74">
<pin_list>
<pin id="75" dir="0" index="0" bw="16" slack="0"/>
<pin id="76" dir="0" index="1" bw="16" slack="0"/>
<pin id="77" dir="1" index="2" bw="16" slack="0"/>
</pin_list>
<bind>
<opcode="read(1150) " fcode="read"/>
<opset="stream_in_read/2 "/>
</bind>
</comp>

<comp id="80" class="1004" name="x_padded_addr_gep_fu_80">
<pin_list>
<pin id="81" dir="0" index="0" bw="16" slack="0"/>
<pin id="82" dir="0" index="1" bw="1" slack="0"/>
<pin id="83" dir="0" index="2" bw="5" slack="0"/>
<pin id="84" dir="1" index="3" bw="5" slack="0"/>
</pin_list>
<bind>
<opcode="getelementptr(29) " fcode="getelementptr"/>
<opset="x_padded_addr/2 "/>
</bind>
</comp>

<comp id="87" class="1004" name="x_padded_1_addr_gep_fu_87">
<pin_list>
<pin id="88" dir="0" index="0" bw="16" slack="0"/>
<pin id="89" dir="0" index="1" bw="1" slack="0"/>
<pin id="90" dir="0" index="2" bw="5" slack="0"/>
<pin id="91" dir="1" index="3" bw="5" slack="0"/>
</pin_list>
<bind>
<opcode="getelementptr(29) " fcode="getelementptr"/>
<opset="x_padded_1_addr/2 "/>
</bind>
</comp>

<comp id="94" class="1004" name="x_padded_2_addr_gep_fu_94">
<pin_list>
<pin id="95" dir="0" index="0" bw="16" slack="0"/>
<pin id="96" dir="0" index="1" bw="1" slack="0"/>
<pin id="97" dir="0" index="2" bw="5" slack="0"/>
<pin id="98" dir="1" index="3" bw="5" slack="0"/>
</pin_list>
<bind>
<opcode="getelementptr(29) " fcode="getelementptr"/>
<opset="x_padded_2_addr/2 "/>
</bind>
</comp>

<comp id="101" class="1004" name="x_padded_3_addr_gep_fu_101">
<pin_list>
<pin id="102" dir="0" index="0" bw="16" slack="0"/>
<pin id="103" dir="0" index="1" bw="1" slack="0"/>
<pin id="104" dir="0" index="2" bw="5" slack="0"/>
<pin id="105" dir="1" index="3" bw="5" slack="0"/>
</pin_list>
<bind>
<opcode="getelementptr(29) " fcode="getelementptr"/>
<opset="x_padded_3_addr/2 "/>
</bind>
</comp>

<comp id="108" class="1004" name="x_padded_4_addr_gep_fu_108">
<pin_list>
<pin id="109" dir="0" index="0" bw="16" slack="0"/>
<pin id="110" dir="0" index="1" bw="1" slack="0"/>
<pin id="111" dir="0" index="2" bw="5" slack="0"/>
<pin id="112" dir="1" index="3" bw="5" slack="0"/>
</pin_list>
<bind>
<opcode="getelementptr(29) " fcode="getelementptr"/>
<opset="x_padded_4_addr/2 "/>
</bind>
</comp>

<comp id="115" class="1004" name="x_padded_5_addr_gep_fu_115">
<pin_list>
<pin id="116" dir="0" index="0" bw="16" slack="0"/>
<pin id="117" dir="0" index="1" bw="1" slack="0"/>
<pin id="118" dir="0" index="2" bw="5" slack="0"/>
<pin id="119" dir="1" index="3" bw="5" slack="0"/>
</pin_list>
<bind>
<opcode="getelementptr(29) " fcode="getelementptr"/>
<opset="x_padded_5_addr/2 "/>
</bind>
</comp>

<comp id="122" class="1004" name="x_padded_6_addr_gep_fu_122">
<pin_list>
<pin id="123" dir="0" index="0" bw="16" slack="0"/>
<pin id="124" dir="0" index="1" bw="1" slack="0"/>
<pin id="125" dir="0" index="2" bw="5" slack="0"/>
<pin id="126" dir="1" index="3" bw="5" slack="0"/>
</pin_list>
<bind>
<opcode="getelementptr(29) " fcode="getelementptr"/>
<opset="x_padded_6_addr/2 "/>
</bind>
</comp>

<comp id="129" class="1004" name="x_padded_7_addr_gep_fu_129">
<pin_list>
<pin id="130" dir="0" index="0" bw="16" slack="0"/>
<pin id="131" dir="0" index="1" bw="1" slack="0"/>
<pin id="132" dir="0" index="2" bw="5" slack="0"/>
<pin id="133" dir="1" index="3" bw="5" slack="0"/>
</pin_list>
<bind>
<opcode="getelementptr(29) " fcode="getelementptr"/>
<opset="x_padded_7_addr/2 "/>
</bind>
</comp>

<comp id="136" class="1004" name="store_ln58_access_fu_136">
<pin_list>
<pin id="137" dir="0" index="0" bw="5" slack="0"/>
<pin id="138" dir="0" index="1" bw="16" slack="0"/>
<pin id="139" dir="0" index="2" bw="0" slack="2147483647"/>
<pin id="140" dir="1" index="3" bw="16" slack="2147483647"/>
</pin_list>
<bind>
<opcode="store(28) " fcode="store"/>
<opset="store_ln58/2 "/>
</bind>
</comp>

<comp id="143" class="1004" name="store_ln58_access_fu_143">
<pin_list>
<pin id="144" dir="0" index="0" bw="5" slack="0"/>
<pin id="145" dir="0" index="1" bw="16" slack="0"/>
<pin id="146" dir="0" index="2" bw="0" slack="2147483647"/>
<pin id="147" dir="1" index="3" bw="16" slack="2147483647"/>
</pin_list>
<bind>
<opcode="store(28) " fcode="store"/>
<opset="store_ln58/2 "/>
</bind>
</comp>

<comp id="150" class="1004" name="store_ln58_access_fu_150">
<pin_list>
<pin id="151" dir="0" index="0" bw="5" slack="0"/>
<pin id="152" dir="0" index="1" bw="16" slack="0"/>
<pin id="153" dir="0" index="2" bw="0" slack="2147483647"/>
<pin id="154" dir="1" index="3" bw="16" slack="2147483647"/>
</pin_list>
<bind>
<opcode="store(28) " fcode="store"/>
<opset="store_ln58/2 "/>
</bind>
</comp>

<comp id="157" class="1004" name="store_ln58_access_fu_157">
<pin_list>
<pin id="158" dir="0" index="0" bw="5" slack="0"/>
<pin id="159" dir="0" index="1" bw="16" slack="0"/>
<pin id="160" dir="0" index="2" bw="0" slack="2147483647"/>
<pin id="161" dir="1" index="3" bw="16" slack="2147483647"/>
</pin_list>
<bind>
<opcode="store(28) " fcode="store"/>
<opset="store_ln58/2 "/>
</bind>
</comp>

<comp id="164" class="1004" name="store_ln58_access_fu_164">
<pin_list>
<pin id="165" dir="0" index="0" bw="5" slack="0"/>
<pin id="166" dir="0" index="1" bw="16" slack="0"/>
<pin id="167" dir="0" index="2" bw="0" slack="2147483647"/>
<pin id="168" dir="1" index="3" bw="16" slack="2147483647"/>
</pin_list>
<bind>
<opcode="store(28) " fcode="store"/>
<opset="store_ln58/2 "/>
</bind>
</comp>

<comp id="171" class="1004" name="store_ln58_access_fu_171">
<pin_list>
<pin id="172" dir="0" index="0" bw="5" slack="0"/>
<pin id="173" dir="0" index="1" bw="16" slack="0"/>
<pin id="174" dir="0" index="2" bw="0" slack="2147483647"/>
<pin id="175" dir="1" index="3" bw="16" slack="2147483647"/>
</pin_list>
<bind>
<opcode="store(28) " fcode="store"/>
<opset="store_ln58/2 "/>
</bind>
</comp>

<comp id="178" class="1004" name="store_ln58_access_fu_178">
<pin_list>
<pin id="179" dir="0" index="0" bw="5" slack="0"/>
<pin id="180" dir="0" index="1" bw="16" slack="0"/>
<pin id="181" dir="0" index="2" bw="0" slack="2147483647"/>
<pin id="182" dir="1" index="3" bw="16" slack="2147483647"/>
</pin_list>
<bind>
<opcode="store(28) " fcode="store"/>
<opset="store_ln58/2 "/>
</bind>
</comp>

<comp id="185" class="1004" name="store_ln58_access_fu_185">
<pin_list>
<pin id="186" dir="0" index="0" bw="5" slack="0"/>
<pin id="187" dir="0" index="1" bw="16" slack="0"/>
<pin id="188" dir="0" index="2" bw="0" slack="2147483647"/>
<pin id="189" dir="1" index="3" bw="16" slack="2147483647"/>
</pin_list>
<bind>
<opcode="store(28) " fcode="store"/>
<opset="store_ln58/2 "/>
</bind>
</comp>

<comp id="192" class="1004" name="store_ln56_store_fu_192">
<pin_list>
<pin id="193" dir="0" index="0" bw="1" slack="0"/>
<pin id="194" dir="0" index="1" bw="8" slack="0"/>
<pin id="195" dir="1" index="2" bw="0" slack="2147483647"/>
</pin_list>
<bind>
<opcode="store(28) " fcode="store"/>
<opset="store_ln56/1 "/>
</bind>
</comp>

<comp id="197" class="1004" name="i_16_load_fu_197">
<pin_list>
<pin id="198" dir="0" index="0" bw="8" slack="0"/>
<pin id="199" dir="1" index="1" bw="8" slack="0"/>
</pin_list>
<bind>
<opcode="load(27) " fcode="load"/>
<opset="i_16/1 "/>
</bind>
</comp>

<comp id="200" class="1004" name="icmp_ln56_fu_200">
<pin_list>
<pin id="201" dir="0" index="0" bw="8" slack="0"/>
<pin id="202" dir="0" index="1" bw="8" slack="0"/>
<pin id="203" dir="1" index="2" bw="1" slack="2147483647"/>
</pin_list>
<bind>
<opcode="icmp(45) " fcode="icmp"/>
<opset="icmp_ln56/1 "/>
</bind>
</comp>

<comp id="206" class="1004" name="add_ln56_fu_206">
<pin_list>
<pin id="207" dir="0" index="0" bw="8" slack="0"/>
<pin id="208" dir="0" index="1" bw="1" slack="0"/>
<pin id="209" dir="1" index="2" bw="8" slack="0"/>
</pin_list>
<bind>
<opcode="add(8) " fcode="add"/>
<opset="add_ln56/1 "/>
</bind>
</comp>

<comp id="212" class="1004" name="trunc_ln56_fu_212">
<pin_list>
<pin id="213" dir="0" index="0" bw="8" slack="0"/>
<pin id="214" dir="1" index="1" bw="3" slack="0"/>
</pin_list>
<bind>
<opcode="trunc(33) " fcode="trunc"/>
<opset="trunc_ln56/1 "/>
</bind>
</comp>

<comp id="216" class="1004" name="lshr_ln_fu_216">
<pin_list>
<pin id="217" dir="0" index="0" bw="5" slack="0"/>
<pin id="218" dir="0" index="1" bw="8" slack="0"/>
<pin id="219" dir="0" index="2" bw="3" slack="0"/>
<pin id="220" dir="0" index="3" bw="4" slack="0"/>
<pin id="221" dir="1" index="4" bw="5" slack="1"/>
</pin_list>
<bind>
<opcode="partselect(1002) " fcode="partselect"/>
<opset="lshr_ln/1 "/>
</bind>
</comp>

<comp id="226" class="1004" name="switch_ln58_fu_226">
<pin_list>
<pin id="227" dir="0" index="0" bw="3" slack="0"/>
<pin id="228" dir="0" index="1" bw="1" slack="0"/>
<pin id="229" dir="0" index="2" bw="1" slack="0"/>
<pin id="230" dir="0" index="3" bw="3" slack="0"/>
<pin id="231" dir="0" index="4" bw="3" slack="0"/>
<pin id="232" dir="0" index="5" bw="3" slack="0"/>
<pin id="233" dir="0" index="6" bw="3" slack="0"/>
<pin id="234" dir="0" index="7" bw="2" slack="0"/>
<pin id="235" dir="1" index="8" bw="0" slack="2147483647"/>
</pin_list>
<bind>
<opcode="switch(3) " fcode="switch"/>
<opset="switch_ln58/1 "/>
</bind>
</comp>

<comp id="244" class="1004" name="store_ln56_store_fu_244">
<pin_list>
<pin id="245" dir="0" index="0" bw="8" slack="0"/>
<pin id="246" dir="0" index="1" bw="8" slack="0"/>
<pin id="247" dir="1" index="2" bw="0" slack="2147483647"/>
</pin_list>
<bind>
<opcode="store(28) " fcode="store"/>
<opset="store_ln56/1 "/>
</bind>
</comp>

<comp id="249" class="1004" name="zext_ln56_fu_249">
<pin_list>
<pin id="250" dir="0" index="0" bw="5" slack="1"/>
<pin id="251" dir="1" index="1" bw="64" slack="0"/>
</pin_list>
<bind>
<opcode="zext(34) " fcode="zext"/>
<opset="zext_ln56/2 "/>
</bind>
</comp>

<comp id="260" class="1005" name="i_reg_260">
<pin_list>
<pin id="261" dir="0" index="0" bw="8" slack="0"/>
<pin id="262" dir="1" index="1" bw="8" slack="0"/>
</pin_list>
<bind>
<opset="i "/>
</bind>
</comp>

<comp id="270" class="1005" name="trunc_ln56_reg_270">
<pin_list>
<pin id="271" dir="0" index="0" bw="3" slack="1"/>
<pin id="272" dir="1" index="1" bw="3" slack="2147483647"/>
</pin_list>
<bind>
<opset="trunc_ln56 "/>
</bind>
</comp>

<comp id="274" class="1005" name="lshr_ln_reg_274">
<pin_list>
<pin id="275" dir="0" index="0" bw="5" slack="1"/>
<pin id="276" dir="1" index="1" bw="5" slack="1"/>
</pin_list>
<bind>
<opset="lshr_ln "/>
</bind>
</comp>

</comp_list>

<net_list>
<net id="73"><net_src comp="18" pin="0"/><net_sink comp="70" pin=0"/></net>

<net id="78"><net_src comp="66" pin="0"/><net_sink comp="74" pin=0"/></net>

<net id="79"><net_src comp="16" pin="0"/><net_sink comp="74" pin=1"/></net>

<net id="85"><net_src comp="14" pin="0"/><net_sink comp="80" pin=0"/></net>

<net id="86"><net_src comp="68" pin="0"/><net_sink comp="80" pin=1"/></net>

<net id="92"><net_src comp="12" pin="0"/><net_sink comp="87" pin=0"/></net>

<net id="93"><net_src comp="68" pin="0"/><net_sink comp="87" pin=1"/></net>

<net id="99"><net_src comp="10" pin="0"/><net_sink comp="94" pin=0"/></net>

<net id="100"><net_src comp="68" pin="0"/><net_sink comp="94" pin=1"/></net>

<net id="106"><net_src comp="8" pin="0"/><net_sink comp="101" pin=0"/></net>

<net id="107"><net_src comp="68" pin="0"/><net_sink comp="101" pin=1"/></net>

<net id="113"><net_src comp="6" pin="0"/><net_sink comp="108" pin=0"/></net>

<net id="114"><net_src comp="68" pin="0"/><net_sink comp="108" pin=1"/></net>

<net id="120"><net_src comp="4" pin="0"/><net_sink comp="115" pin=0"/></net>

<net id="121"><net_src comp="68" pin="0"/><net_sink comp="115" pin=1"/></net>

<net id="127"><net_src comp="2" pin="0"/><net_sink comp="122" pin=0"/></net>

<net id="128"><net_src comp="68" pin="0"/><net_sink comp="122" pin=1"/></net>

<net id="134"><net_src comp="0" pin="0"/><net_sink comp="129" pin=0"/></net>

<net id="135"><net_src comp="68" pin="0"/><net_sink comp="129" pin=1"/></net>

<net id="141"><net_src comp="74" pin="2"/><net_sink comp="136" pin=1"/></net>

<net id="142"><net_src comp="122" pin="3"/><net_sink comp="136" pin=0"/></net>

<net id="148"><net_src comp="74" pin="2"/><net_sink comp="143" pin=1"/></net>

<net id="149"><net_src comp="115" pin="3"/><net_sink comp="143" pin=0"/></net>

<net id="155"><net_src comp="74" pin="2"/><net_sink comp="150" pin=1"/></net>

<net id="156"><net_src comp="108" pin="3"/><net_sink comp="150" pin=0"/></net>

<net id="162"><net_src comp="74" pin="2"/><net_sink comp="157" pin=1"/></net>

<net id="163"><net_src comp="101" pin="3"/><net_sink comp="157" pin=0"/></net>

<net id="169"><net_src comp="74" pin="2"/><net_sink comp="164" pin=1"/></net>

<net id="170"><net_src comp="94" pin="3"/><net_sink comp="164" pin=0"/></net>

<net id="176"><net_src comp="74" pin="2"/><net_sink comp="171" pin=1"/></net>

<net id="177"><net_src comp="87" pin="3"/><net_sink comp="171" pin=0"/></net>

<net id="183"><net_src comp="74" pin="2"/><net_sink comp="178" pin=1"/></net>

<net id="184"><net_src comp="80" pin="3"/><net_sink comp="178" pin=0"/></net>

<net id="190"><net_src comp="74" pin="2"/><net_sink comp="185" pin=1"/></net>

<net id="191"><net_src comp="129" pin="3"/><net_sink comp="185" pin=0"/></net>

<net id="196"><net_src comp="30" pin="0"/><net_sink comp="192" pin=0"/></net>

<net id="204"><net_src comp="197" pin="1"/><net_sink comp="200" pin=0"/></net>

<net id="205"><net_src comp="32" pin="0"/><net_sink comp="200" pin=1"/></net>

<net id="210"><net_src comp="197" pin="1"/><net_sink comp="206" pin=0"/></net>

<net id="211"><net_src comp="34" pin="0"/><net_sink comp="206" pin=1"/></net>

<net id="215"><net_src comp="197" pin="1"/><net_sink comp="212" pin=0"/></net>

<net id="222"><net_src comp="36" pin="0"/><net_sink comp="216" pin=0"/></net>

<net id="223"><net_src comp="197" pin="1"/><net_sink comp="216" pin=1"/></net>

<net id="224"><net_src comp="38" pin="0"/><net_sink comp="216" pin=2"/></net>

<net id="225"><net_src comp="40" pin="0"/><net_sink comp="216" pin=3"/></net>

<net id="236"><net_src comp="212" pin="1"/><net_sink comp="226" pin=0"/></net>

<net id="237"><net_src comp="42" pin="0"/><net_sink comp="226" pin=1"/></net>

<net id="238"><net_src comp="44" pin="0"/><net_sink comp="226" pin=2"/></net>

<net id="239"><net_src comp="46" pin="0"/><net_sink comp="226" pin=3"/></net>

<net id="240"><net_src comp="48" pin="0"/><net_sink comp="226" pin=4"/></net>

<net id="241"><net_src comp="50" pin="0"/><net_sink comp="226" pin=5"/></net>

<net id="242"><net_src comp="52" pin="0"/><net_sink comp="226" pin=6"/></net>

<net id="243"><net_src comp="54" pin="0"/><net_sink comp="226" pin=7"/></net>

<net id="248"><net_src comp="206" pin="2"/><net_sink comp="244" pin=0"/></net>

<net id="252"><net_src comp="249" pin="1"/><net_sink comp="80" pin=2"/></net>

<net id="253"><net_src comp="249" pin="1"/><net_sink comp="87" pin=2"/></net>

<net id="254"><net_src comp="249" pin="1"/><net_sink comp="94" pin=2"/></net>

<net id="255"><net_src comp="249" pin="1"/><net_sink comp="101" pin=2"/></net>

<net id="256"><net_src comp="249" pin="1"/><net_sink comp="108" pin=2"/></net>

<net id="257"><net_src comp="249" pin="1"/><net_sink comp="115" pin=2"/></net>

<net id="258"><net_src comp="249" pin="1"/><net_sink comp="122" pin=2"/></net>

<net id="259"><net_src comp="249" pin="1"/><net_sink comp="129" pin=2"/></net>

<net id="263"><net_src comp="70" pin="1"/><net_sink comp="260" pin=0"/></net>

<net id="264"><net_src comp="260" pin="1"/><net_sink comp="192" pin=1"/></net>

<net id="265"><net_src comp="260" pin="1"/><net_sink comp="197" pin=0"/></net>

<net id="266"><net_src comp="260" pin="1"/><net_sink comp="244" pin=1"/></net>

<net id="273"><net_src comp="212" pin="1"/><net_sink comp="270" pin=0"/></net>

<net id="277"><net_src comp="216" pin="4"/><net_sink comp="274" pin=0"/></net>

<net id="278"><net_src comp="274" pin="1"/><net_sink comp="249" pin=0"/></net>

</net_list>

</model> 
---------------- Datapath Model END ------------------

* FSMD analyzer results:
  - Output states:
	Port: x_padded_7 | {2 }
	Port: x_padded_6 | {2 }
	Port: x_padded_5 | {2 }
	Port: x_padded_4 | {2 }
	Port: x_padded_3 | {2 }
	Port: x_padded_2 | {2 }
	Port: x_padded_1 | {2 }
	Port: x_padded | {2 }
 - Input state : 
	Port: tpu_layer_1_Pipeline_VITIS_LOOP_56_1 : stream_in | {2 }
  - Chain level:
	State 1
		store_ln56 : 1
		i_16 : 1
		icmp_ln56 : 2
		add_ln56 : 2
		br_ln56 : 3
		trunc_ln56 : 2
		lshr_ln : 2
		switch_ln58 : 3
		store_ln56 : 3
	State 2
		x_padded_addr : 1
		x_padded_1_addr : 1
		x_padded_2_addr : 1
		x_padded_3_addr : 1
		x_padded_4_addr : 1
		x_padded_5_addr : 1
		x_padded_6_addr : 1
		x_padded_7_addr : 1
		store_ln58 : 2
		store_ln58 : 2
		store_ln58 : 2
		store_ln58 : 2
		store_ln58 : 2
		store_ln58 : 2
		store_ln58 : 2
		store_ln58 : 2


============================================================
+ Verbose Summary: Datapath Resource usage 
============================================================

* Functional unit list:
|----------|---------------------------|---------|---------|
| Operation|      Functional Unit      |    FF   |   LUT   |
|----------|---------------------------|---------|---------|
|   icmp   |      icmp_ln56_fu_200     |    0    |    15   |
|----------|---------------------------|---------|---------|
|    add   |      add_ln56_fu_206      |    0    |    15   |
|----------|---------------------------|---------|---------|
|   read   | stream_in_read_read_fu_74 |    0    |    0    |
|----------|---------------------------|---------|---------|
|   trunc  |     trunc_ln56_fu_212     |    0    |    0    |
|----------|---------------------------|---------|---------|
|partselect|       lshr_ln_fu_216      |    0    |    0    |
|----------|---------------------------|---------|---------|
|  switch  |     switch_ln58_fu_226    |    0    |    0    |
|----------|---------------------------|---------|---------|
|   zext   |      zext_ln56_fu_249     |    0    |    0    |
|----------|---------------------------|---------|---------|
|   Total  |                           |    0    |    30   |
|----------|---------------------------|---------|---------|

Memories:
N/A

* Register list:
+------------------+--------+
|                  |   FF   |
+------------------+--------+
|     i_reg_260    |    8   |
|  lshr_ln_reg_274 |    5   |
|trunc_ln56_reg_270|    3   |
+------------------+--------+
|       Total      |   16   |
+------------------+--------+

* Multiplexer (MUX) list: 
|--------|------|------|------|--------|
|  Comp  |  Pin | Size |  BW  | S x BW |
|--------|------|------|------|--------|
|  Total |      |      |      |    0   |
|--------|------|------|------|--------|



* Summary:
+-----------+--------+--------+
|           |   FF   |   LUT  |
+-----------+--------+--------+
|  Function |    0   |   30   |
|   Memory  |    -   |    -   |
|Multiplexer|    -   |    -   |
|  Register |   16   |    -   |
+-----------+--------+--------+
|   Total   |   16   |   30   |
+-----------+--------+--------+
