

================================================================
== Vitis HLS Report for 'tpu_layer_1_Pipeline_VITIS_LOOP_47_2'
================================================================
* Date:           Mon Jun 15 23:15:07 2026

* Version:        2025.2 (Build 6295257 on Nov 14 2025)
* Project:        tpu_integrated_accel
* Solution:       hls (Vivado IP Flow Target)
* Product family: kintex7
* Target device:  xc7k325t-ffg900-2


================================================================
== Performance Estimates
================================================================
+ Timing: 
    * Summary: 
    +--------+----------+----------+------------+
    |  Clock |  Target  | Estimated| Uncertainty|
    +--------+----------+----------+------------+
    |ap_clk  |  10.00 ns|  4.456 ns|     2.70 ns|
    +--------+----------+----------+------------+

+ Latency: 
    * Summary: 
    +---------+---------+-----------+-----------+-----+-----+-------------------+
    |  Latency (cycles) |   Latency (absolute)  |  Interval |      Pipeline     |
    |   min   |   max   |    min    |    max    | min | max |        Type       |
    +---------+---------+-----------+-----------+-----+-----+-------------------+
    |        6|        6|  60.000 ns|  60.000 ns|    0|    0|  loop pipeline stp|
    +---------+---------+-----------+-----------+-----+-----+-------------------+

    + Detail: 
        * Instance: 
        N/A

        * Loop: 
        +-------------------+---------+---------+----------+-----------+-----------+------+----------+
        |                   |  Latency (cycles) | Iteration|  Initiation Interval  | Trip |          |
        |     Loop Name     |   min   |   max   |  Latency |  achieved |   target  | Count| Pipelined|
        +-------------------+---------+---------+----------+-----------+-----------+------+----------+
        |- VITIS_LOOP_47_2  |        4|        4|         1|          1|          1|     4|       yes|
        +-------------------+---------+---------+----------+-----------+-----------+------+----------+



================================================================
== Utilization Estimates
================================================================
* Summary: 
+-----------------+---------+-----+--------+--------+-----+
|       Name      | BRAM_18K| DSP |   FF   |   LUT  | URAM|
+-----------------+---------+-----+--------+--------+-----+
|DSP              |        -|    -|       -|       -|    -|
|Expression       |        -|    -|       0|      30|    -|
|FIFO             |        -|    -|       -|       -|    -|
|Instance         |        -|    -|       -|       -|    -|
|Memory           |        -|    -|       -|       -|    -|
|Multiplexer      |        -|    -|       0|      27|    -|
|Register         |        -|    -|      10|       -|    -|
+-----------------+---------+-----+--------+--------+-----+
|Total            |        0|    0|      10|      57|    0|
+-----------------+---------+-----+--------+--------+-----+
|Available        |      890|  840|  407600|  203800|    0|
+-----------------+---------+-----+--------+--------+-----+
|Utilization (%)  |        0|    0|      ~0|      ~0|    0|
+-----------------+---------+-----+--------+--------+-----+

+ Detail: 
    * Instance: 
    N/A

    * DSP: 
    N/A

    * Memory: 
    N/A

    * FIFO: 
    N/A

    * Expression: 
    +--------------------+----------+----+---+----+------------+------------+
    |    Variable Name   | Operation| DSP| FF| LUT| Bitwidth P0| Bitwidth P1|
    +--------------------+----------+----+---+----+------------+------------+
    |add_ln47_fu_67_p2   |         +|   0|  0|  15|           8|           1|
    |icmp_ln47_fu_56_p2  |      icmp|   0|  0|  15|           8|           8|
    +--------------------+----------+----+---+----+------------+------------+
    |Total               |          |   0|  0|  30|          16|           9|
    +--------------------+----------+----+---+----+------------+------------+

    * Multiplexer: 
    +--------------------+----+-----------+-----+-----------+
    |        Name        | LUT| Input Size| Bits| Total Bits|
    +--------------------+----+-----------+-----+-----------+
    |ap_done_int         |   9|          2|    1|          2|
    |ap_sig_allocacmp_i  |   9|          2|    8|         16|
    |i_1_fu_30           |   9|          2|    8|         16|
    +--------------------+----+-----------+-----+-----------+
    |Total               |  27|          6|   17|         34|
    +--------------------+----+-----------+-----+-----------+

    * Register: 
    +-------------+---+----+-----+-----------+
    |     Name    | FF| LUT| Bits| Const Bits|
    +-------------+---+----+-----+-----------+
    |ap_CS_fsm    |  1|   0|    1|          0|
    |ap_done_reg  |  1|   0|    1|          0|
    |i_1_fu_30    |  8|   0|    8|          0|
    +-------------+---+----+-----+-----------+
    |Total        | 10|   0|   10|          0|
    +-------------+---+----+-----+-----------+



================================================================
== Interface
================================================================
* Summary: 
+-------------------+-----+-----+------------+--------------------------------------+--------------+
|     RTL Ports     | Dir | Bits|  Protocol  |             Source Object            |    C Type    |
+-------------------+-----+-----+------------+--------------------------------------+--------------+
|ap_clk             |   in|    1|  ap_ctrl_hs|  tpu_layer_1_Pipeline_VITIS_LOOP_47_2|  return value|
|ap_rst             |   in|    1|  ap_ctrl_hs|  tpu_layer_1_Pipeline_VITIS_LOOP_47_2|  return value|
|ap_start           |   in|    1|  ap_ctrl_hs|  tpu_layer_1_Pipeline_VITIS_LOOP_47_2|  return value|
|ap_done            |  out|    1|  ap_ctrl_hs|  tpu_layer_1_Pipeline_VITIS_LOOP_47_2|  return value|
|ap_idle            |  out|    1|  ap_ctrl_hs|  tpu_layer_1_Pipeline_VITIS_LOOP_47_2|  return value|
|ap_ready           |  out|    1|  ap_ctrl_hs|  tpu_layer_1_Pipeline_VITIS_LOOP_47_2|  return value|
|x_padded_address0  |  out|    8|   ap_memory|                              x_padded|         array|
|x_padded_ce0       |  out|    1|   ap_memory|                              x_padded|         array|
|x_padded_we0       |  out|    1|   ap_memory|                              x_padded|         array|
|x_padded_d0        |  out|   16|   ap_memory|                              x_padded|         array|
+-------------------+-----+-----+------------+--------------------------------------+--------------+

============================================================
+ Verbose Summary: Synthesis Manager
============================================================
InlineROM: 1
ExposeGlobal: 0
============================================================
+ Verbose Summary: CDFG Model
============================================================
IsTopModel: 0
ResetActiveHigh: 1
IsCombinational: 2
IsDatapathOnly: 2
HasWiredReturn: 1
HasMFsm: 2
HasVarLatency: 1
IsPipeline: 0
IsRtlPipelined: 0
IsInstanceOverlapped: 0
IsDontTouch: 0
HasImplIP: 0
IsGatedGlobalClock: 0

+ Individual pipeline summary: 
  * Pipeline-0: initiation interval (II) = 1, depth = 1


============================================================
+ Verbose Summary: Schedule
============================================================
* Number of FSM states : 1
* Pipeline : 1
  Pipeline-0 : II = 1, D = 1, States = { 1 }
* Dataflow Pipeline: 0

* FSM state transitions: 
1 --> 

* FSM state operations: 

State 1 <SV = 0> <Delay = 4.45>
ST_1 : Operation 4 [1/1] (0.00ns)   --->   "%i_1 = alloca i32 1" [../task_detection_tpu/tpu_accel.cpp:47]   --->   Operation 4 'alloca' 'i_1' <Predicate = true> <Delay = 0.00>
ST_1 : Operation 5 [1/1] (0.83ns)   --->   "%store_ln47 = store i8 180, i8 %i_1" [../task_detection_tpu/tpu_accel.cpp:47]   --->   Operation 5 'store' 'store_ln47' <Predicate = true> <Delay = 0.83>
ST_1 : Operation 6 [1/1] (0.00ns)   --->   "%br_ln0 = br void %for.body7"   --->   Operation 6 'br' 'br_ln0' <Predicate = true> <Delay = 0.00>
ST_1 : Operation 7 [1/1] (0.00ns)   --->   "%i = load i8 %i_1" [../task_detection_tpu/tpu_accel.cpp:47]   --->   Operation 7 'load' 'i' <Predicate = true> <Delay = 0.00>
ST_1 : Operation 8 [1/1] (1.35ns)   --->   "%icmp_ln47 = icmp_eq  i8 %i, i8 184" [../task_detection_tpu/tpu_accel.cpp:47]   --->   Operation 8 'icmp' 'icmp_ln47' <Predicate = true> <Delay = 1.35> <CoreInst = "Cmp">   --->   Core 9 'Cmp' <Latency = 0> <II = 1> <Delay = 1.35> <FuncUnit> <Opcode : 'seteq' 'setne' 'setle' 'setge' 'setlt' 'setgt'> <InPorts = 2> <OutPorts = 1>
ST_1 : Operation 9 [1/1] (0.00ns)   --->   "%br_ln47 = br i1 %icmp_ln47, void %for.body7.split, void %for.end12.exitStub" [../task_detection_tpu/tpu_accel.cpp:47]   --->   Operation 9 'br' 'br_ln47' <Predicate = true> <Delay = 0.00>
ST_1 : Operation 10 [1/1] (0.00ns)   --->   "%zext_ln47 = zext i8 %i" [../task_detection_tpu/tpu_accel.cpp:47]   --->   Operation 10 'zext' 'zext_ln47' <Predicate = (!icmp_ln47)> <Delay = 0.00>
ST_1 : Operation 11 [1/1] (0.00ns)   --->   "%specpipeline_ln47 = specpipeline void @_ssdm_op_SpecPipeline, i32 4294967295, i32 0, i32 0, i32 0, i32 4294967295, void @empty_22" [../task_detection_tpu/tpu_accel.cpp:47]   --->   Operation 11 'specpipeline' 'specpipeline_ln47' <Predicate = (!icmp_ln47)> <Delay = 0.00>
ST_1 : Operation 12 [1/1] (0.00ns)   --->   "%speclooptripcount_ln47 = speclooptripcount void @_ssdm_op_SpecLoopTripCount, i64 4, i64 4, i64 4" [../task_detection_tpu/tpu_accel.cpp:47]   --->   Operation 12 'speclooptripcount' 'speclooptripcount_ln47' <Predicate = (!icmp_ln47)> <Delay = 0.00>
ST_1 : Operation 13 [1/1] (0.00ns)   --->   "%specloopname_ln47 = specloopname void @_ssdm_op_SpecLoopName, void @empty_3" [../task_detection_tpu/tpu_accel.cpp:47]   --->   Operation 13 'specloopname' 'specloopname_ln47' <Predicate = (!icmp_ln47)> <Delay = 0.00>
ST_1 : Operation 14 [1/1] (0.00ns)   --->   "%x_padded_addr = getelementptr i16 %x_padded, i64 0, i64 %zext_ln47" [../task_detection_tpu/tpu_accel.cpp:47]   --->   Operation 14 'getelementptr' 'x_padded_addr' <Predicate = (!icmp_ln47)> <Delay = 0.00>
ST_1 : Operation 15 [1/1] ( I:2.26ns O:2.26ns )   --->   "%store_ln47 = store i16 0, i8 %x_padded_addr" [../task_detection_tpu/tpu_accel.cpp:47]   --->   Operation 15 'store' 'store_ln47' <Predicate = (!icmp_ln47)> <Delay = 2.26> <CoreInst = "RAM">   --->   Core 81 'RAM' <Latency = 1> <II = 1> <Delay = 2.26> <Storage> <Opcode : 'load' 'store'> <Ports = 2> <Width = 16> <Depth = 184> <RAM>
ST_1 : Operation 16 [1/1] (1.35ns)   --->   "%add_ln47 = add i8 %i, i8 1" [../task_detection_tpu/tpu_accel.cpp:47]   --->   Operation 16 'add' 'add_ln47' <Predicate = (!icmp_ln47)> <Delay = 1.35> <CoreInst = "Adder">   --->   Core 1 'Adder' <Latency = 0> <II = 1> <Delay = 1.35> <FuncUnit> <Opcode : 'add' 'sub'> <InPorts = 2> <OutPorts = 1>
ST_1 : Operation 17 [1/1] (0.83ns)   --->   "%store_ln47 = store i8 %add_ln47, i8 %i_1" [../task_detection_tpu/tpu_accel.cpp:47]   --->   Operation 17 'store' 'store_ln47' <Predicate = (!icmp_ln47)> <Delay = 0.83>
ST_1 : Operation 18 [1/1] (0.00ns)   --->   "%br_ln47 = br void %for.body7" [../task_detection_tpu/tpu_accel.cpp:47]   --->   Operation 18 'br' 'br_ln47' <Predicate = (!icmp_ln47)> <Delay = 0.00>
ST_1 : Operation 19 [1/1] (0.83ns)   --->   "%ret_ln0 = ret"   --->   Operation 19 'ret' 'ret_ln0' <Predicate = (icmp_ln47)> <Delay = 0.83>


============================================================
+ Verbose Summary: Binding
============================================================
STG Binding: 
---------------- STG Properties BEGIN ----------------
- Is combinational: 0
- Is one-state seq: 0
- Is datapath-only: 0
- Is pipelined: 0
- Is top level: 0
Port [ Return ] is wired: 1; IO mode=ap_ctrl_hs:ce=0
Port [ x_padded]:  wired=1; compound=1; hidden=0; nouse=0; global=0; static=0; extern=0; dir=1; type=1; pingpong=0; private_global=0; MemPort=[03]; IO mode=ap_memory:ce=0
---------------- STG Properties END ------------------

---------------- Datapath Model BEGIN ----------------

<LifeTime>
<method=bitvector/>
i_1                    (alloca           ) [ 01]
store_ln47             (store            ) [ 00]
br_ln0                 (br               ) [ 00]
i                      (load             ) [ 00]
icmp_ln47              (icmp             ) [ 01]
br_ln47                (br               ) [ 00]
zext_ln47              (zext             ) [ 00]
specpipeline_ln47      (specpipeline     ) [ 00]
speclooptripcount_ln47 (speclooptripcount) [ 00]
specloopname_ln47      (specloopname     ) [ 00]
x_padded_addr          (getelementptr    ) [ 00]
store_ln47             (store            ) [ 00]
add_ln47               (add              ) [ 00]
store_ln47             (store            ) [ 00]
br_ln47                (br               ) [ 00]
ret_ln0                (ret              ) [ 00]
</LifeTime>

<model>

<comp_list>
<comp id="0" class="1000" name="x_padded">
<pin_list>
<pin id="1" dir="1" index="0" bw="1" slack="0"/>
</pin_list>
<bind>
<StgValue><ssdm name="x_padded"/><MemPortTyVec>0 3 </MemPortTyVec>
</StgValue>
</bind>
</comp>

<comp id="2" class="1001" name="const_2">
<pin_list>
<pin id="3" dir="1" index="0" bw="1" slack="0"/>
</pin_list>
<bind>
<StgValue><ssdm name=""/></StgValue>
</bind>
</comp>

<comp id="4" class="1001" name="const_4">
<pin_list>
<pin id="5" dir="1" index="0" bw="1" slack="0"/>
</pin_list>
<bind>
<StgValue><ssdm name=""/></StgValue>
</bind>
</comp>

<comp id="6" class="1001" name="const_6">
<pin_list>
<pin id="7" dir="1" index="0" bw="1" slack="0"/>
</pin_list>
<bind>
<StgValue><ssdm name=""/></StgValue>
</bind>
</comp>

<comp id="8" class="1001" name="const_8">
<pin_list>
<pin id="9" dir="1" index="0" bw="1" slack="2147483647"/>
</pin_list>
<bind>
<StgValue><ssdm name="_ssdm_op_SpecPipeline"/></StgValue>
</bind>
</comp>

<comp id="10" class="1001" name="const_10">
<pin_list>
<pin id="11" dir="1" index="0" bw="1" slack="2147483647"/>
</pin_list>
<bind>
<StgValue><ssdm name=""/></StgValue>
</bind>
</comp>

<comp id="12" class="1001" name="const_12">
<pin_list>
<pin id="13" dir="1" index="0" bw="1" slack="2147483647"/>
</pin_list>
<bind>
<StgValue><ssdm name=""/></StgValue>
</bind>
</comp>

<comp id="14" class="1001" name="const_14">
<pin_list>
<pin id="15" dir="1" index="0" bw="1" slack="2147483647"/>
</pin_list>
<bind>
<StgValue><ssdm name="empty_22"/></StgValue>
</bind>
</comp>

<comp id="16" class="1001" name="const_16">
<pin_list>
<pin id="17" dir="1" index="0" bw="1" slack="2147483647"/>
</pin_list>
<bind>
<StgValue><ssdm name="_ssdm_op_SpecLoopTripCount"/></StgValue>
</bind>
</comp>

<comp id="18" class="1001" name="const_18">
<pin_list>
<pin id="19" dir="1" index="0" bw="1" slack="2147483647"/>
</pin_list>
<bind>
<StgValue><ssdm name=""/></StgValue>
</bind>
</comp>

<comp id="20" class="1001" name="const_20">
<pin_list>
<pin id="21" dir="1" index="0" bw="1" slack="2147483647"/>
</pin_list>
<bind>
<StgValue><ssdm name="_ssdm_op_SpecLoopName"/></StgValue>
</bind>
</comp>

<comp id="22" class="1001" name="const_22">
<pin_list>
<pin id="23" dir="1" index="0" bw="1" slack="2147483647"/>
</pin_list>
<bind>
<StgValue><ssdm name="empty_3"/></StgValue>
</bind>
</comp>

<comp id="24" class="1001" name="const_24">
<pin_list>
<pin id="25" dir="1" index="0" bw="1" slack="0"/>
</pin_list>
<bind>
<StgValue><ssdm name=""/></StgValue>
</bind>
</comp>

<comp id="26" class="1001" name="const_26">
<pin_list>
<pin id="27" dir="1" index="0" bw="1" slack="0"/>
</pin_list>
<bind>
<StgValue><ssdm name=""/></StgValue>
</bind>
</comp>

<comp id="28" class="1001" name="const_28">
<pin_list>
<pin id="29" dir="1" index="0" bw="1" slack="0"/>
</pin_list>
<bind>
<StgValue><ssdm name=""/></StgValue>
</bind>
</comp>

<comp id="30" class="1004" name="i_1_fu_30">
<pin_list>
<pin id="31" dir="0" index="0" bw="1" slack="0"/>
<pin id="32" dir="1" index="1" bw="8" slack="0"/>
</pin_list>
<bind>
<opcode="alloca(26) " fcode="alloca"/>
<opset="i_1/1 "/>
</bind>
</comp>

<comp id="34" class="1004" name="x_padded_addr_gep_fu_34">
<pin_list>
<pin id="35" dir="0" index="0" bw="16" slack="0"/>
<pin id="36" dir="0" index="1" bw="1" slack="0"/>
<pin id="37" dir="0" index="2" bw="8" slack="0"/>
<pin id="38" dir="1" index="3" bw="8" slack="0"/>
</pin_list>
<bind>
<opcode="getelementptr(29) " fcode="getelementptr"/>
<opset="x_padded_addr/1 "/>
</bind>
</comp>

<comp id="41" class="1004" name="store_ln47_access_fu_41">
<pin_list>
<pin id="42" dir="0" index="0" bw="8" slack="0"/>
<pin id="43" dir="0" index="1" bw="16" slack="0"/>
<pin id="44" dir="0" index="2" bw="0" slack="2147483647"/>
<pin id="45" dir="1" index="3" bw="16" slack="2147483647"/>
</pin_list>
<bind>
<opcode="store(28) " fcode="store"/>
<opset="store_ln47/1 "/>
</bind>
</comp>

<comp id="48" class="1004" name="store_ln47_store_fu_48">
<pin_list>
<pin id="49" dir="0" index="0" bw="8" slack="0"/>
<pin id="50" dir="0" index="1" bw="8" slack="0"/>
<pin id="51" dir="1" index="2" bw="0" slack="2147483647"/>
</pin_list>
<bind>
<opcode="store(28) " fcode="store"/>
<opset="store_ln47/1 "/>
</bind>
</comp>

<comp id="53" class="1004" name="i_load_fu_53">
<pin_list>
<pin id="54" dir="0" index="0" bw="8" slack="0"/>
<pin id="55" dir="1" index="1" bw="8" slack="0"/>
</pin_list>
<bind>
<opcode="load(27) " fcode="load"/>
<opset="i/1 "/>
</bind>
</comp>

<comp id="56" class="1004" name="icmp_ln47_fu_56">
<pin_list>
<pin id="57" dir="0" index="0" bw="8" slack="0"/>
<pin id="58" dir="0" index="1" bw="8" slack="0"/>
<pin id="59" dir="1" index="2" bw="1" slack="2147483647"/>
</pin_list>
<bind>
<opcode="icmp(45) " fcode="icmp"/>
<opset="icmp_ln47/1 "/>
</bind>
</comp>

<comp id="62" class="1004" name="zext_ln47_fu_62">
<pin_list>
<pin id="63" dir="0" index="0" bw="8" slack="0"/>
<pin id="64" dir="1" index="1" bw="64" slack="0"/>
</pin_list>
<bind>
<opcode="zext(34) " fcode="zext"/>
<opset="zext_ln47/1 "/>
</bind>
</comp>

<comp id="67" class="1004" name="add_ln47_fu_67">
<pin_list>
<pin id="68" dir="0" index="0" bw="8" slack="0"/>
<pin id="69" dir="0" index="1" bw="1" slack="0"/>
<pin id="70" dir="1" index="2" bw="8" slack="0"/>
</pin_list>
<bind>
<opcode="add(8) " fcode="add"/>
<opset="add_ln47/1 "/>
</bind>
</comp>

<comp id="73" class="1004" name="store_ln47_store_fu_73">
<pin_list>
<pin id="74" dir="0" index="0" bw="8" slack="0"/>
<pin id="75" dir="0" index="1" bw="8" slack="0"/>
<pin id="76" dir="1" index="2" bw="0" slack="2147483647"/>
</pin_list>
<bind>
<opcode="store(28) " fcode="store"/>
<opset="store_ln47/1 "/>
</bind>
</comp>

<comp id="78" class="1005" name="i_1_reg_78">
<pin_list>
<pin id="79" dir="0" index="0" bw="8" slack="0"/>
<pin id="80" dir="1" index="1" bw="8" slack="0"/>
</pin_list>
<bind>
<opset="i_1 "/>
</bind>
</comp>

</comp_list>

<net_list>
<net id="33"><net_src comp="2" pin="0"/><net_sink comp="30" pin=0"/></net>

<net id="39"><net_src comp="0" pin="0"/><net_sink comp="34" pin=0"/></net>

<net id="40"><net_src comp="24" pin="0"/><net_sink comp="34" pin=1"/></net>

<net id="46"><net_src comp="26" pin="0"/><net_sink comp="41" pin=1"/></net>

<net id="47"><net_src comp="34" pin="3"/><net_sink comp="41" pin=0"/></net>

<net id="52"><net_src comp="4" pin="0"/><net_sink comp="48" pin=0"/></net>

<net id="60"><net_src comp="53" pin="1"/><net_sink comp="56" pin=0"/></net>

<net id="61"><net_src comp="6" pin="0"/><net_sink comp="56" pin=1"/></net>

<net id="65"><net_src comp="53" pin="1"/><net_sink comp="62" pin=0"/></net>

<net id="66"><net_src comp="62" pin="1"/><net_sink comp="34" pin=2"/></net>

<net id="71"><net_src comp="53" pin="1"/><net_sink comp="67" pin=0"/></net>

<net id="72"><net_src comp="28" pin="0"/><net_sink comp="67" pin=1"/></net>

<net id="77"><net_src comp="67" pin="2"/><net_sink comp="73" pin=0"/></net>

<net id="81"><net_src comp="30" pin="1"/><net_sink comp="78" pin=0"/></net>

<net id="82"><net_src comp="78" pin="1"/><net_sink comp="48" pin=1"/></net>

<net id="83"><net_src comp="78" pin="1"/><net_sink comp="53" pin=0"/></net>

<net id="84"><net_src comp="78" pin="1"/><net_sink comp="73" pin=1"/></net>

</net_list>

</model> 
---------------- Datapath Model END ------------------

* FSMD analyzer results:
  - Output states:
	Port: x_padded | {1 }
 - Input state : 
  - Chain level:
	State 1
		store_ln47 : 1
		i : 1
		icmp_ln47 : 2
		br_ln47 : 3
		zext_ln47 : 2
		x_padded_addr : 3
		store_ln47 : 4
		add_ln47 : 2
		store_ln47 : 3


============================================================
+ Verbose Summary: Datapath Resource usage 
============================================================

* Functional unit list:
|----------|-----------------|---------|---------|
| Operation| Functional Unit |    FF   |   LUT   |
|----------|-----------------|---------|---------|
|   icmp   | icmp_ln47_fu_56 |    0    |    15   |
|----------|-----------------|---------|---------|
|    add   |  add_ln47_fu_67 |    0    |    15   |
|----------|-----------------|---------|---------|
|   zext   | zext_ln47_fu_62 |    0    |    0    |
|----------|-----------------|---------|---------|
|   Total  |                 |    0    |    30   |
|----------|-----------------|---------|---------|

Memories:
N/A

* Register list:
+----------+--------+
|          |   FF   |
+----------+--------+
|i_1_reg_78|    8   |
+----------+--------+
|   Total  |    8   |
+----------+--------+

* Multiplexer (MUX) list: 
|--------|------|------|------|--------|
|  Comp  |  Pin | Size |  BW  | S x BW |
|--------|------|------|------|--------|
|  Total |      |      |      |    0   |
|--------|------|------|------|--------|



* Summary:
+-----------+--------+--------+
|           |   FF   |   LUT  |
+-----------+--------+--------+
|  Function |    0   |   30   |
|   Memory  |    -   |    -   |
|Multiplexer|    -   |    -   |
|  Register |    8   |    -   |
+-----------+--------+--------+
|   Total   |    8   |   30   |
+-----------+--------+--------+
