

================================================================
== Vitis HLS Report for 'tpu_layer_2_Pipeline_VITIS_LOOP_165_1'
================================================================
* Date:           Tue Jun 16 19:42:49 2026

* Version:        2025.2 (Build 6295257 on Nov 14 2025)
* Project:        tpu_integrated_accel
* Solution:       hls (Vivado IP Flow Target)
* Product family: kintex7
* Target device:  xc7k325t-ffg900-2


================================================================
== Performance Estimates
================================================================
+ Timing: 
    * Summary: 
    +--------+----------+----------+------------+
    |  Clock |  Target  | Estimated| Uncertainty|
    +--------+----------+----------+------------+
    |ap_clk  |  10.00 ns|  3.616 ns|     2.70 ns|
    +--------+----------+----------+------------+

+ Latency: 
    * Summary: 
    +---------+---------+----------+----------+-----+-----+-------------------+
    |  Latency (cycles) |  Latency (absolute) |  Interval |      Pipeline     |
    |   min   |   max   |    min   |    max   | min | max |        Type       |
    +---------+---------+----------+----------+-----+-----+-------------------+
    |      258|      258|  2.580 us|  2.580 us|    0|    0|  loop pipeline stp|
    +---------+---------+----------+----------+-----+-----+-------------------+

    + Detail: 
        * Instance: 
        N/A

        * Loop: 
        +--------------------+---------+---------+----------+-----------+-----------+------+----------+
        |                    |  Latency (cycles) | Iteration|  Initiation Interval  | Trip |          |
        |      Loop Name     |   min   |   max   |  Latency |  achieved |   target  | Count| Pipelined|
        +--------------------+---------+---------+----------+-----------+-----------+------+----------+
        |- VITIS_LOOP_165_1  |      256|      256|         2|          1|          1|   256|       yes|
        +--------------------+---------+---------+----------+-----------+-----------+------+----------+

============================================================
+ Verbose Summary: Synthesis Manager
============================================================
InlineROM: 1
ExposeGlobal: 0
============================================================
+ Verbose Summary: CDFG Model
============================================================
IsTopModel: 0
ResetActiveHigh: 1
IsCombinational: 0
IsDatapathOnly: 0
HasWiredReturn: 1
HasMFsm: 2
HasVarLatency: 1
IsPipeline: 0
IsRtlPipelined: 0
IsInstanceOverlapped: 0
IsDontTouch: 0
HasImplIP: 0
IsGatedGlobalClock: 0

+ Individual pipeline summary: 
  * Pipeline-0: initiation interval (II) = 1, depth = 2


============================================================
+ Verbose Summary: Schedule
============================================================
* Number of FSM states : 2
* Pipeline : 1
  Pipeline-0 : II = 1, D = 2, States = { 1 2 }
* Dataflow Pipeline: 0

* FSM state transitions: 
1 --> 2 
2 --> 

* FSM state operations: 

State 1 <SV = 0> <Delay = 3.02>
ST_1 : Operation 5 [1/1] (0.00ns)   --->   "%i = alloca i32 1" [../task_detection_tpu/tpu_accel.cpp:165]   --->   Operation 5 'alloca' 'i' <Predicate = true> <Delay = 0.00>
ST_1 : Operation 6 [1/1] (0.00ns)   --->   "%specinterface_ln0 = specinterface void @_ssdm_op_SpecInterface, i16 %stream_l1_to_l2, void @empty_7, i32 0, i32 0, void @empty_9, i32 0, i32 0, void @empty_9, void @empty_9, void @empty_9, i32 0, i32 0, i32 0, i32 0, void @empty_9, void @empty_9, i32 4294967295, i32 0, i32 0, i32 0"   --->   Operation 6 'specinterface' 'specinterface_ln0' <Predicate = true> <Delay = 0.00>
ST_1 : Operation 7 [1/1] (0.83ns)   --->   "%store_ln165 = store i9 0, i9 %i" [../task_detection_tpu/tpu_accel.cpp:165]   --->   Operation 7 'store' 'store_ln165' <Predicate = true> <Delay = 0.83>
ST_1 : Operation 8 [1/1] (0.00ns)   --->   "%br_ln165 = br void %for.inc.i" [../task_detection_tpu/tpu_accel.cpp:165]   --->   Operation 8 'br' 'br_ln165' <Predicate = true> <Delay = 0.00>
ST_1 : Operation 9 [1/1] (0.00ns)   --->   "%i_14 = load i9 %i" [../task_detection_tpu/tpu_accel.cpp:165]   --->   Operation 9 'load' 'i_14' <Predicate = true> <Delay = 0.00>
ST_1 : Operation 10 [1/1] (1.35ns)   --->   "%icmp_ln165 = icmp_eq  i9 %i_14, i9 256" [../task_detection_tpu/tpu_accel.cpp:165]   --->   Operation 10 'icmp' 'icmp_ln165' <Predicate = true> <Delay = 1.35> <CoreInst = "Cmp">   --->   Core 9 'Cmp' <Latency = 0> <II = 1> <Delay = 1.35> <FuncUnit> <Opcode : 'seteq' 'setne' 'setle' 'setge' 'setlt' 'setgt'> <InPorts = 2> <OutPorts = 1>
ST_1 : Operation 11 [1/1] (1.35ns)   --->   "%add_ln165 = add i9 %i_14, i9 1" [../task_detection_tpu/tpu_accel.cpp:165]   --->   Operation 11 'add' 'add_ln165' <Predicate = true> <Delay = 1.35> <CoreInst = "Adder">   --->   Core 1 'Adder' <Latency = 0> <II = 1> <Delay = 1.35> <FuncUnit> <Opcode : 'add' 'sub'> <InPorts = 2> <OutPorts = 1>
ST_1 : Operation 12 [1/1] (0.00ns)   --->   "%br_ln165 = br i1 %icmp_ln165, void %for.inc.split.i, void %for.end.i.exitStub" [../task_detection_tpu/tpu_accel.cpp:165]   --->   Operation 12 'br' 'br_ln165' <Predicate = true> <Delay = 0.00>
ST_1 : Operation 13 [1/1] (0.00ns)   --->   "%trunc_ln165 = trunc i9 %i_14" [../task_detection_tpu/tpu_accel.cpp:165]   --->   Operation 13 'trunc' 'trunc_ln165' <Predicate = (!icmp_ln165)> <Delay = 0.00>
ST_1 : Operation 14 [1/1] (0.00ns)   --->   "%lshr_ln = partselect i5 @_ssdm_op_PartSelect.i5.i9.i32.i32, i9 %i_14, i32 3, i32 7" [../task_detection_tpu/tpu_accel.cpp:165]   --->   Operation 14 'partselect' 'lshr_ln' <Predicate = (!icmp_ln165)> <Delay = 0.00>
ST_1 : Operation 15 [1/1] (0.93ns)   --->   "%switch_ln167 = switch i3 %trunc_ln165, void %arrayidx.case.7.i, i3 0, void %arrayidx.case.0.i, i3 1, void %arrayidx.case.1.i, i3 2, void %arrayidx.case.2.i, i3 3, void %arrayidx.case.3.i, i3 4, void %arrayidx.case.4.i, i3 5, void %arrayidx.case.5.i, i3 6, void %arrayidx.case.6.i" [../task_detection_tpu/tpu_accel.cpp:167]   --->   Operation 15 'switch' 'switch_ln167' <Predicate = (!icmp_ln165)> <Delay = 0.93>
ST_1 : Operation 16 [1/1] (0.83ns)   --->   "%store_ln165 = store i9 %add_ln165, i9 %i" [../task_detection_tpu/tpu_accel.cpp:165]   --->   Operation 16 'store' 'store_ln165' <Predicate = (!icmp_ln165)> <Delay = 0.83>
ST_1 : Operation 17 [1/1] (0.00ns)   --->   "%br_ln165 = br void %for.inc.i" [../task_detection_tpu/tpu_accel.cpp:165]   --->   Operation 17 'br' 'br_ln165' <Predicate = (!icmp_ln165)> <Delay = 0.00>
ST_1 : Operation 47 [1/1] (0.83ns)   --->   "%ret_ln0 = ret"   --->   Operation 47 'ret' 'ret_ln0' <Predicate = (icmp_ln165)> <Delay = 0.83>

State 2 <SV = 1> <Delay = 3.61>
ST_2 : Operation 18 [1/1] (0.00ns)   --->   "%specpipeline_ln166 = specpipeline void @_ssdm_op_SpecPipeline, i32 1, i32 0, i32 0, i32 0, i32 4294967295, void @empty_9" [../task_detection_tpu/tpu_accel.cpp:166]   --->   Operation 18 'specpipeline' 'specpipeline_ln166' <Predicate = true> <Delay = 0.00>
ST_2 : Operation 19 [1/1] (0.00ns)   --->   "%speclooptripcount_ln165 = speclooptripcount void @_ssdm_op_SpecLoopTripCount, i64 256, i64 256, i64 256" [../task_detection_tpu/tpu_accel.cpp:165]   --->   Operation 19 'speclooptripcount' 'speclooptripcount_ln165' <Predicate = true> <Delay = 0.00>
ST_2 : Operation 20 [1/1] (0.00ns)   --->   "%specloopname_ln165 = specloopname void @_ssdm_op_SpecLoopName, void @empty_49" [../task_detection_tpu/tpu_accel.cpp:165]   --->   Operation 20 'specloopname' 'specloopname_ln165' <Predicate = true> <Delay = 0.00>
ST_2 : Operation 21 [1/1] (0.00ns)   --->   "%zext_ln165 = zext i5 %lshr_ln" [../task_detection_tpu/tpu_accel.cpp:165]   --->   Operation 21 'zext' 'zext_ln165' <Predicate = true> <Delay = 0.00>
ST_2 : Operation 22 [1/1] ( I:2.46ns O:2.46ns )   --->   "%stream_l1_to_l2_read = read i16 @_ssdm_op_Read.ap_fifo.volatile.i16P0A, i16 %stream_l1_to_l2" [../task_detection_tpu/tpu_accel.cpp:167]   --->   Operation 22 'read' 'stream_l1_to_l2_read' <Predicate = true> <Delay = 2.46> <CoreInst = "FIFO_SRL">   --->   Core 80 'FIFO_SRL' <Latency = 0> <II = 1> <Delay = 2.46> <Storage> <Opcode : 'read' 'write' 'nbread' 'nbwrite'> <Ports = 0> <Width = 16> <Depth = 2> <FIFO>
ST_2 : Operation 23 [1/1] (0.00ns)   --->   "%local_in_addr = getelementptr i16 %local_in, i64 0, i64 %zext_ln165" [../task_detection_tpu/tpu_accel.cpp:167]   --->   Operation 23 'getelementptr' 'local_in_addr' <Predicate = true> <Delay = 0.00>
ST_2 : Operation 24 [1/1] (0.00ns)   --->   "%local_in_8_addr = getelementptr i16 %local_in_8, i64 0, i64 %zext_ln165" [../task_detection_tpu/tpu_accel.cpp:167]   --->   Operation 24 'getelementptr' 'local_in_8_addr' <Predicate = true> <Delay = 0.00>
ST_2 : Operation 25 [1/1] (0.00ns)   --->   "%local_in_9_addr = getelementptr i16 %local_in_9, i64 0, i64 %zext_ln165" [../task_detection_tpu/tpu_accel.cpp:167]   --->   Operation 25 'getelementptr' 'local_in_9_addr' <Predicate = true> <Delay = 0.00>
ST_2 : Operation 26 [1/1] (0.00ns)   --->   "%local_in_10_addr = getelementptr i16 %local_in_10, i64 0, i64 %zext_ln165" [../task_detection_tpu/tpu_accel.cpp:167]   --->   Operation 26 'getelementptr' 'local_in_10_addr' <Predicate = true> <Delay = 0.00>
ST_2 : Operation 27 [1/1] (0.00ns)   --->   "%local_in_11_addr = getelementptr i16 %local_in_11, i64 0, i64 %zext_ln165" [../task_detection_tpu/tpu_accel.cpp:167]   --->   Operation 27 'getelementptr' 'local_in_11_addr' <Predicate = true> <Delay = 0.00>
ST_2 : Operation 28 [1/1] (0.00ns)   --->   "%local_in_12_addr = getelementptr i16 %local_in_12, i64 0, i64 %zext_ln165" [../task_detection_tpu/tpu_accel.cpp:167]   --->   Operation 28 'getelementptr' 'local_in_12_addr' <Predicate = true> <Delay = 0.00>
ST_2 : Operation 29 [1/1] (0.00ns)   --->   "%local_in_13_addr = getelementptr i16 %local_in_13, i64 0, i64 %zext_ln165" [../task_detection_tpu/tpu_accel.cpp:167]   --->   Operation 29 'getelementptr' 'local_in_13_addr' <Predicate = true> <Delay = 0.00>
ST_2 : Operation 30 [1/1] (0.00ns)   --->   "%local_in_14_addr = getelementptr i16 %local_in_14, i64 0, i64 %zext_ln165" [../task_detection_tpu/tpu_accel.cpp:167]   --->   Operation 30 'getelementptr' 'local_in_14_addr' <Predicate = true> <Delay = 0.00>
ST_2 : Operation 31 [1/1] ( I:1.14ns O:1.14ns )   --->   "%store_ln167 = store i16 %stream_l1_to_l2_read, i5 %local_in_13_addr" [../task_detection_tpu/tpu_accel.cpp:167]   --->   Operation 31 'store' 'store_ln167' <Predicate = (trunc_ln165 == 6)> <Delay = 1.14> <CoreInst = "RAM">   --->   Core 81 'RAM' <Latency = 1> <II = 1> <Delay = 1.14> <Storage> <Opcode : 'load' 'store'> <Ports = 2> <Width = 16> <Depth = 32> <RAM>
ST_2 : Operation 32 [1/1] (0.00ns)   --->   "%br_ln167 = br void %arrayidx.exit.i" [../task_detection_tpu/tpu_accel.cpp:167]   --->   Operation 32 'br' 'br_ln167' <Predicate = (trunc_ln165 == 6)> <Delay = 0.00>
ST_2 : Operation 33 [1/1] ( I:1.14ns O:1.14ns )   --->   "%store_ln167 = store i16 %stream_l1_to_l2_read, i5 %local_in_12_addr" [../task_detection_tpu/tpu_accel.cpp:167]   --->   Operation 33 'store' 'store_ln167' <Predicate = (trunc_ln165 == 5)> <Delay = 1.14> <CoreInst = "RAM">   --->   Core 81 'RAM' <Latency = 1> <II = 1> <Delay = 1.14> <Storage> <Opcode : 'load' 'store'> <Ports = 2> <Width = 16> <Depth = 32> <RAM>
ST_2 : Operation 34 [1/1] (0.00ns)   --->   "%br_ln167 = br void %arrayidx.exit.i" [../task_detection_tpu/tpu_accel.cpp:167]   --->   Operation 34 'br' 'br_ln167' <Predicate = (trunc_ln165 == 5)> <Delay = 0.00>
ST_2 : Operation 35 [1/1] ( I:1.14ns O:1.14ns )   --->   "%store_ln167 = store i16 %stream_l1_to_l2_read, i5 %local_in_11_addr" [../task_detection_tpu/tpu_accel.cpp:167]   --->   Operation 35 'store' 'store_ln167' <Predicate = (trunc_ln165 == 4)> <Delay = 1.14> <CoreInst = "RAM">   --->   Core 81 'RAM' <Latency = 1> <II = 1> <Delay = 1.14> <Storage> <Opcode : 'load' 'store'> <Ports = 2> <Width = 16> <Depth = 32> <RAM>
ST_2 : Operation 36 [1/1] (0.00ns)   --->   "%br_ln167 = br void %arrayidx.exit.i" [../task_detection_tpu/tpu_accel.cpp:167]   --->   Operation 36 'br' 'br_ln167' <Predicate = (trunc_ln165 == 4)> <Delay = 0.00>
ST_2 : Operation 37 [1/1] ( I:1.14ns O:1.14ns )   --->   "%store_ln167 = store i16 %stream_l1_to_l2_read, i5 %local_in_10_addr" [../task_detection_tpu/tpu_accel.cpp:167]   --->   Operation 37 'store' 'store_ln167' <Predicate = (trunc_ln165 == 3)> <Delay = 1.14> <CoreInst = "RAM">   --->   Core 81 'RAM' <Latency = 1> <II = 1> <Delay = 1.14> <Storage> <Opcode : 'load' 'store'> <Ports = 2> <Width = 16> <Depth = 32> <RAM>
ST_2 : Operation 38 [1/1] (0.00ns)   --->   "%br_ln167 = br void %arrayidx.exit.i" [../task_detection_tpu/tpu_accel.cpp:167]   --->   Operation 38 'br' 'br_ln167' <Predicate = (trunc_ln165 == 3)> <Delay = 0.00>
ST_2 : Operation 39 [1/1] ( I:1.14ns O:1.14ns )   --->   "%store_ln167 = store i16 %stream_l1_to_l2_read, i5 %local_in_9_addr" [../task_detection_tpu/tpu_accel.cpp:167]   --->   Operation 39 'store' 'store_ln167' <Predicate = (trunc_ln165 == 2)> <Delay = 1.14> <CoreInst = "RAM">   --->   Core 81 'RAM' <Latency = 1> <II = 1> <Delay = 1.14> <Storage> <Opcode : 'load' 'store'> <Ports = 2> <Width = 16> <Depth = 32> <RAM>
ST_2 : Operation 40 [1/1] (0.00ns)   --->   "%br_ln167 = br void %arrayidx.exit.i" [../task_detection_tpu/tpu_accel.cpp:167]   --->   Operation 40 'br' 'br_ln167' <Predicate = (trunc_ln165 == 2)> <Delay = 0.00>
ST_2 : Operation 41 [1/1] ( I:1.14ns O:1.14ns )   --->   "%store_ln167 = store i16 %stream_l1_to_l2_read, i5 %local_in_8_addr" [../task_detection_tpu/tpu_accel.cpp:167]   --->   Operation 41 'store' 'store_ln167' <Predicate = (trunc_ln165 == 1)> <Delay = 1.14> <CoreInst = "RAM">   --->   Core 81 'RAM' <Latency = 1> <II = 1> <Delay = 1.14> <Storage> <Opcode : 'load' 'store'> <Ports = 2> <Width = 16> <Depth = 32> <RAM>
ST_2 : Operation 42 [1/1] (0.00ns)   --->   "%br_ln167 = br void %arrayidx.exit.i" [../task_detection_tpu/tpu_accel.cpp:167]   --->   Operation 42 'br' 'br_ln167' <Predicate = (trunc_ln165 == 1)> <Delay = 0.00>
ST_2 : Operation 43 [1/1] ( I:1.14ns O:1.14ns )   --->   "%store_ln167 = store i16 %stream_l1_to_l2_read, i5 %local_in_addr" [../task_detection_tpu/tpu_accel.cpp:167]   --->   Operation 43 'store' 'store_ln167' <Predicate = (trunc_ln165 == 0)> <Delay = 1.14> <CoreInst = "RAM">   --->   Core 81 'RAM' <Latency = 1> <II = 1> <Delay = 1.14> <Storage> <Opcode : 'load' 'store'> <Ports = 2> <Width = 16> <Depth = 32> <RAM>
ST_2 : Operation 44 [1/1] (0.00ns)   --->   "%br_ln167 = br void %arrayidx.exit.i" [../task_detection_tpu/tpu_accel.cpp:167]   --->   Operation 44 'br' 'br_ln167' <Predicate = (trunc_ln165 == 0)> <Delay = 0.00>
ST_2 : Operation 45 [1/1] ( I:1.14ns O:1.14ns )   --->   "%store_ln167 = store i16 %stream_l1_to_l2_read, i5 %local_in_14_addr" [../task_detection_tpu/tpu_accel.cpp:167]   --->   Operation 45 'store' 'store_ln167' <Predicate = (trunc_ln165 == 7)> <Delay = 1.14> <CoreInst = "RAM">   --->   Core 81 'RAM' <Latency = 1> <II = 1> <Delay = 1.14> <Storage> <Opcode : 'load' 'store'> <Ports = 2> <Width = 16> <Depth = 32> <RAM>
ST_2 : Operation 46 [1/1] (0.00ns)   --->   "%br_ln167 = br void %arrayidx.exit.i" [../task_detection_tpu/tpu_accel.cpp:167]   --->   Operation 46 'br' 'br_ln167' <Predicate = (trunc_ln165 == 7)> <Delay = 0.00>


============================================================
+ Verbose Summary: Timing violations
============================================================
Target clock period: 10.000ns, clock uncertainty: 2.700ns.

 <State 1>: 3.022ns
The critical path consists of the following:
	'store' operation ('store_ln165', ../task_detection_tpu/tpu_accel.cpp:165) of constant 0 9 bit on local variable 'i', ../task_detection_tpu/tpu_accel.cpp:165 [12]  (0.833 ns)
	'load' operation 9 bit ('i', ../task_detection_tpu/tpu_accel.cpp:165) on local variable 'i', ../task_detection_tpu/tpu_accel.cpp:165 [15]  (0.000 ns)
	'icmp' operation 1 bit ('icmp_ln165', ../task_detection_tpu/tpu_accel.cpp:165) [16]  (1.356 ns)
	'store' operation ('store_ln165', ../task_detection_tpu/tpu_accel.cpp:165) of variable 'add_ln165', ../task_detection_tpu/tpu_accel.cpp:165 9 bit on local variable 'i', ../task_detection_tpu/tpu_accel.cpp:165 [61]  (0.833 ns)

 <State 2>: 3.616ns
The critical path consists of the following:
	fifo read operation ('stream_l1_to_l2_read', ../task_detection_tpu/tpu_accel.cpp:167) on port 'stream_l1_to_l2' (../task_detection_tpu/tpu_accel.cpp:167) [26]  (2.468 ns)
	'store' operation ('store_ln167', ../task_detection_tpu/tpu_accel.cpp:167) of variable 'stream_l1_to_l2_read', ../task_detection_tpu/tpu_accel.cpp:167 16 bit on array 'local_in_13' [37]  (1.148 ns)


============================================================
+ Verbose Summary: Binding
============================================================
N/A
* FSMD analyzer results:
  - Output states:
 - Input state : 
  - Chain level:
	State 1
	State 2


============================================================
+ Verbose Summary: Datapath Resource usage 
============================================================
N/A
