

================================================================
== Vitis HLS Report for 'tpu_layer_1_Pipeline_VITIS_LOOP_66_10'
================================================================
* Date:           Mon Jun 15 23:14:58 2026

* Version:        2025.2 (Build 6295257 on Nov 14 2025)
* Project:        tpu_integrated_accel
* Solution:       hls (Vivado IP Flow Target)
* Product family: kintex7
* Target device:  xc7k325t-ffg900-2


================================================================
== Performance Estimates
================================================================
+ Timing: 
    * Summary: 
    +--------+----------+----------+------------+
    |  Clock |  Target  | Estimated| Uncertainty|
    +--------+----------+----------+------------+
    |ap_clk  |  10.00 ns|  4.456 ns|     2.70 ns|
    +--------+----------+----------+------------+

+ Latency: 
    * Summary: 
    +---------+---------+----------+----------+-----+-----+-------------------+
    |  Latency (cycles) |  Latency (absolute) |  Interval |      Pipeline     |
    |   min   |   max   |    min   |    max   | min | max |        Type       |
    +---------+---------+----------+----------+-----+-----+-------------------+
    |       10|       10|  0.100 us|  0.100 us|    0|    0|  loop pipeline stp|
    +---------+---------+----------+----------+-----+-----+-------------------+

    + Detail: 
        * Instance: 
        N/A

        * Loop: 
        +--------------------+---------+---------+----------+-----------+-----------+------+----------+
        |                    |  Latency (cycles) | Iteration|  Initiation Interval  | Trip |          |
        |      Loop Name     |   min   |   max   |  Latency |  achieved |   target  | Count| Pipelined|
        +--------------------+---------+---------+----------+-----------+-----------+------+----------+
        |- VITIS_LOOP_66_10  |        8|        8|         2|          1|          1|     8|       yes|
        +--------------------+---------+---------+----------+-----------+-----------+------+----------+

============================================================
+ Verbose Summary: Synthesis Manager
============================================================
InlineROM: 1
ExposeGlobal: 0
============================================================
+ Verbose Summary: CDFG Model
============================================================
IsTopModel: 0
ResetActiveHigh: 1
IsCombinational: 0
IsDatapathOnly: 0
HasWiredReturn: 1
HasMFsm: 2
HasVarLatency: 1
IsPipeline: 0
IsRtlPipelined: 0
IsInstanceOverlapped: 0
IsDontTouch: 0
HasImplIP: 0
IsGatedGlobalClock: 0

+ Individual pipeline summary: 
  * Pipeline-0: initiation interval (II) = 1, depth = 2


============================================================
+ Verbose Summary: Schedule
============================================================
* Number of FSM states : 2
* Pipeline : 1
  Pipeline-0 : II = 1, D = 2, States = { 1 2 }
* Dataflow Pipeline: 0

* FSM state transitions: 
1 --> 2 
2 --> 

* FSM state operations: 

State 1 <SV = 0> <Delay = 4.45>
ST_1 : Operation 5 [1/1] (0.00ns)   --->   "%i = alloca i32 1" [../task_detection_tpu/tpu_accel.cpp:66]   --->   Operation 5 'alloca' 'i' <Predicate = true> <Delay = 0.00>
ST_1 : Operation 6 [1/1] (0.00ns)   --->   "%w_tile_63_010 = alloca i32 1"   --->   Operation 6 'alloca' 'w_tile_63_010' <Predicate = true> <Delay = 0.00>
ST_1 : Operation 7 [1/1] (0.00ns)   --->   "%w_tile_62_011 = alloca i32 1"   --->   Operation 7 'alloca' 'w_tile_62_011' <Predicate = true> <Delay = 0.00>
ST_1 : Operation 8 [1/1] (0.00ns)   --->   "%w_tile_61_012 = alloca i32 1"   --->   Operation 8 'alloca' 'w_tile_61_012' <Predicate = true> <Delay = 0.00>
ST_1 : Operation 9 [1/1] (0.00ns)   --->   "%w_tile_60_013 = alloca i32 1"   --->   Operation 9 'alloca' 'w_tile_60_013' <Predicate = true> <Delay = 0.00>
ST_1 : Operation 10 [1/1] (0.00ns)   --->   "%w_tile_59_014 = alloca i32 1"   --->   Operation 10 'alloca' 'w_tile_59_014' <Predicate = true> <Delay = 0.00>
ST_1 : Operation 11 [1/1] (0.00ns)   --->   "%w_tile_58_015 = alloca i32 1"   --->   Operation 11 'alloca' 'w_tile_58_015' <Predicate = true> <Delay = 0.00>
ST_1 : Operation 12 [1/1] (0.00ns)   --->   "%w_tile_57_016 = alloca i32 1"   --->   Operation 12 'alloca' 'w_tile_57_016' <Predicate = true> <Delay = 0.00>
ST_1 : Operation 13 [1/1] (0.00ns)   --->   "%w_tile_56_017 = alloca i32 1"   --->   Operation 13 'alloca' 'w_tile_56_017' <Predicate = true> <Delay = 0.00>
ST_1 : Operation 14 [1/1] (0.00ns)   --->   "%w_tile_55_018 = alloca i32 1"   --->   Operation 14 'alloca' 'w_tile_55_018' <Predicate = true> <Delay = 0.00>
ST_1 : Operation 15 [1/1] (0.00ns)   --->   "%w_tile_54_019 = alloca i32 1"   --->   Operation 15 'alloca' 'w_tile_54_019' <Predicate = true> <Delay = 0.00>
ST_1 : Operation 16 [1/1] (0.00ns)   --->   "%w_tile_53_020 = alloca i32 1"   --->   Operation 16 'alloca' 'w_tile_53_020' <Predicate = true> <Delay = 0.00>
ST_1 : Operation 17 [1/1] (0.00ns)   --->   "%w_tile_52_021 = alloca i32 1"   --->   Operation 17 'alloca' 'w_tile_52_021' <Predicate = true> <Delay = 0.00>
ST_1 : Operation 18 [1/1] (0.00ns)   --->   "%w_tile_51_022 = alloca i32 1"   --->   Operation 18 'alloca' 'w_tile_51_022' <Predicate = true> <Delay = 0.00>
ST_1 : Operation 19 [1/1] (0.00ns)   --->   "%w_tile_50_023 = alloca i32 1"   --->   Operation 19 'alloca' 'w_tile_50_023' <Predicate = true> <Delay = 0.00>
ST_1 : Operation 20 [1/1] (0.00ns)   --->   "%w_tile_49_024 = alloca i32 1"   --->   Operation 20 'alloca' 'w_tile_49_024' <Predicate = true> <Delay = 0.00>
ST_1 : Operation 21 [1/1] (0.00ns)   --->   "%w_tile_48_025 = alloca i32 1"   --->   Operation 21 'alloca' 'w_tile_48_025' <Predicate = true> <Delay = 0.00>
ST_1 : Operation 22 [1/1] (0.00ns)   --->   "%w_tile_47_026 = alloca i32 1"   --->   Operation 22 'alloca' 'w_tile_47_026' <Predicate = true> <Delay = 0.00>
ST_1 : Operation 23 [1/1] (0.00ns)   --->   "%w_tile_46_027 = alloca i32 1"   --->   Operation 23 'alloca' 'w_tile_46_027' <Predicate = true> <Delay = 0.00>
ST_1 : Operation 24 [1/1] (0.00ns)   --->   "%w_tile_45_028 = alloca i32 1"   --->   Operation 24 'alloca' 'w_tile_45_028' <Predicate = true> <Delay = 0.00>
ST_1 : Operation 25 [1/1] (0.00ns)   --->   "%w_tile_44_029 = alloca i32 1"   --->   Operation 25 'alloca' 'w_tile_44_029' <Predicate = true> <Delay = 0.00>
ST_1 : Operation 26 [1/1] (0.00ns)   --->   "%w_tile_43_030 = alloca i32 1"   --->   Operation 26 'alloca' 'w_tile_43_030' <Predicate = true> <Delay = 0.00>
ST_1 : Operation 27 [1/1] (0.00ns)   --->   "%w_tile_42_031 = alloca i32 1"   --->   Operation 27 'alloca' 'w_tile_42_031' <Predicate = true> <Delay = 0.00>
ST_1 : Operation 28 [1/1] (0.00ns)   --->   "%w_tile_41_032 = alloca i32 1"   --->   Operation 28 'alloca' 'w_tile_41_032' <Predicate = true> <Delay = 0.00>
ST_1 : Operation 29 [1/1] (0.00ns)   --->   "%w_tile_40_033 = alloca i32 1"   --->   Operation 29 'alloca' 'w_tile_40_033' <Predicate = true> <Delay = 0.00>
ST_1 : Operation 30 [1/1] (0.00ns)   --->   "%w_tile_39_034 = alloca i32 1"   --->   Operation 30 'alloca' 'w_tile_39_034' <Predicate = true> <Delay = 0.00>
ST_1 : Operation 31 [1/1] (0.00ns)   --->   "%w_tile_38_035 = alloca i32 1"   --->   Operation 31 'alloca' 'w_tile_38_035' <Predicate = true> <Delay = 0.00>
ST_1 : Operation 32 [1/1] (0.00ns)   --->   "%w_tile_37_036 = alloca i32 1"   --->   Operation 32 'alloca' 'w_tile_37_036' <Predicate = true> <Delay = 0.00>
ST_1 : Operation 33 [1/1] (0.00ns)   --->   "%w_tile_36_037 = alloca i32 1"   --->   Operation 33 'alloca' 'w_tile_36_037' <Predicate = true> <Delay = 0.00>
ST_1 : Operation 34 [1/1] (0.00ns)   --->   "%w_tile_35_038 = alloca i32 1"   --->   Operation 34 'alloca' 'w_tile_35_038' <Predicate = true> <Delay = 0.00>
ST_1 : Operation 35 [1/1] (0.00ns)   --->   "%w_tile_34_039 = alloca i32 1"   --->   Operation 35 'alloca' 'w_tile_34_039' <Predicate = true> <Delay = 0.00>
ST_1 : Operation 36 [1/1] (0.00ns)   --->   "%w_tile_33_040 = alloca i32 1"   --->   Operation 36 'alloca' 'w_tile_33_040' <Predicate = true> <Delay = 0.00>
ST_1 : Operation 37 [1/1] (0.00ns)   --->   "%w_tile_32_041 = alloca i32 1"   --->   Operation 37 'alloca' 'w_tile_32_041' <Predicate = true> <Delay = 0.00>
ST_1 : Operation 38 [1/1] (0.00ns)   --->   "%w_tile_31_042 = alloca i32 1"   --->   Operation 38 'alloca' 'w_tile_31_042' <Predicate = true> <Delay = 0.00>
ST_1 : Operation 39 [1/1] (0.00ns)   --->   "%w_tile_30_043 = alloca i32 1"   --->   Operation 39 'alloca' 'w_tile_30_043' <Predicate = true> <Delay = 0.00>
ST_1 : Operation 40 [1/1] (0.00ns)   --->   "%w_tile_29_044 = alloca i32 1"   --->   Operation 40 'alloca' 'w_tile_29_044' <Predicate = true> <Delay = 0.00>
ST_1 : Operation 41 [1/1] (0.00ns)   --->   "%w_tile_28_045 = alloca i32 1"   --->   Operation 41 'alloca' 'w_tile_28_045' <Predicate = true> <Delay = 0.00>
ST_1 : Operation 42 [1/1] (0.00ns)   --->   "%w_tile_27_046 = alloca i32 1"   --->   Operation 42 'alloca' 'w_tile_27_046' <Predicate = true> <Delay = 0.00>
ST_1 : Operation 43 [1/1] (0.00ns)   --->   "%w_tile_26_047 = alloca i32 1"   --->   Operation 43 'alloca' 'w_tile_26_047' <Predicate = true> <Delay = 0.00>
ST_1 : Operation 44 [1/1] (0.00ns)   --->   "%w_tile_25_048 = alloca i32 1"   --->   Operation 44 'alloca' 'w_tile_25_048' <Predicate = true> <Delay = 0.00>
ST_1 : Operation 45 [1/1] (0.00ns)   --->   "%w_tile_24_049 = alloca i32 1"   --->   Operation 45 'alloca' 'w_tile_24_049' <Predicate = true> <Delay = 0.00>
ST_1 : Operation 46 [1/1] (0.00ns)   --->   "%w_tile_23_050 = alloca i32 1"   --->   Operation 46 'alloca' 'w_tile_23_050' <Predicate = true> <Delay = 0.00>
ST_1 : Operation 47 [1/1] (0.00ns)   --->   "%w_tile_22_051 = alloca i32 1"   --->   Operation 47 'alloca' 'w_tile_22_051' <Predicate = true> <Delay = 0.00>
ST_1 : Operation 48 [1/1] (0.00ns)   --->   "%w_tile_21_052 = alloca i32 1"   --->   Operation 48 'alloca' 'w_tile_21_052' <Predicate = true> <Delay = 0.00>
ST_1 : Operation 49 [1/1] (0.00ns)   --->   "%w_tile_20_053 = alloca i32 1"   --->   Operation 49 'alloca' 'w_tile_20_053' <Predicate = true> <Delay = 0.00>
ST_1 : Operation 50 [1/1] (0.00ns)   --->   "%w_tile_19_054 = alloca i32 1"   --->   Operation 50 'alloca' 'w_tile_19_054' <Predicate = true> <Delay = 0.00>
ST_1 : Operation 51 [1/1] (0.00ns)   --->   "%w_tile_18_055 = alloca i32 1"   --->   Operation 51 'alloca' 'w_tile_18_055' <Predicate = true> <Delay = 0.00>
ST_1 : Operation 52 [1/1] (0.00ns)   --->   "%w_tile_17_056 = alloca i32 1"   --->   Operation 52 'alloca' 'w_tile_17_056' <Predicate = true> <Delay = 0.00>
ST_1 : Operation 53 [1/1] (0.00ns)   --->   "%w_tile_16_057 = alloca i32 1"   --->   Operation 53 'alloca' 'w_tile_16_057' <Predicate = true> <Delay = 0.00>
ST_1 : Operation 54 [1/1] (0.00ns)   --->   "%w_tile_15_058 = alloca i32 1"   --->   Operation 54 'alloca' 'w_tile_15_058' <Predicate = true> <Delay = 0.00>
ST_1 : Operation 55 [1/1] (0.00ns)   --->   "%w_tile_14_059 = alloca i32 1"   --->   Operation 55 'alloca' 'w_tile_14_059' <Predicate = true> <Delay = 0.00>
ST_1 : Operation 56 [1/1] (0.00ns)   --->   "%w_tile_13_060 = alloca i32 1"   --->   Operation 56 'alloca' 'w_tile_13_060' <Predicate = true> <Delay = 0.00>
ST_1 : Operation 57 [1/1] (0.00ns)   --->   "%w_tile_12_061 = alloca i32 1"   --->   Operation 57 'alloca' 'w_tile_12_061' <Predicate = true> <Delay = 0.00>
ST_1 : Operation 58 [1/1] (0.00ns)   --->   "%w_tile_11_062 = alloca i32 1"   --->   Operation 58 'alloca' 'w_tile_11_062' <Predicate = true> <Delay = 0.00>
ST_1 : Operation 59 [1/1] (0.00ns)   --->   "%w_tile_10_063 = alloca i32 1"   --->   Operation 59 'alloca' 'w_tile_10_063' <Predicate = true> <Delay = 0.00>
ST_1 : Operation 60 [1/1] (0.00ns)   --->   "%w_tile_9_064 = alloca i32 1"   --->   Operation 60 'alloca' 'w_tile_9_064' <Predicate = true> <Delay = 0.00>
ST_1 : Operation 61 [1/1] (0.00ns)   --->   "%w_tile_8_065 = alloca i32 1"   --->   Operation 61 'alloca' 'w_tile_8_065' <Predicate = true> <Delay = 0.00>
ST_1 : Operation 62 [1/1] (0.00ns)   --->   "%w_tile_7_066 = alloca i32 1"   --->   Operation 62 'alloca' 'w_tile_7_066' <Predicate = true> <Delay = 0.00>
ST_1 : Operation 63 [1/1] (0.00ns)   --->   "%w_tile_6_067 = alloca i32 1"   --->   Operation 63 'alloca' 'w_tile_6_067' <Predicate = true> <Delay = 0.00>
ST_1 : Operation 64 [1/1] (0.00ns)   --->   "%w_tile_5_068 = alloca i32 1"   --->   Operation 64 'alloca' 'w_tile_5_068' <Predicate = true> <Delay = 0.00>
ST_1 : Operation 65 [1/1] (0.00ns)   --->   "%w_tile_4_069 = alloca i32 1"   --->   Operation 65 'alloca' 'w_tile_4_069' <Predicate = true> <Delay = 0.00>
ST_1 : Operation 66 [1/1] (0.00ns)   --->   "%w_tile_3_070 = alloca i32 1"   --->   Operation 66 'alloca' 'w_tile_3_070' <Predicate = true> <Delay = 0.00>
ST_1 : Operation 67 [1/1] (0.00ns)   --->   "%w_tile_2_071 = alloca i32 1"   --->   Operation 67 'alloca' 'w_tile_2_071' <Predicate = true> <Delay = 0.00>
ST_1 : Operation 68 [1/1] (0.00ns)   --->   "%w_tile_1_072 = alloca i32 1"   --->   Operation 68 'alloca' 'w_tile_1_072' <Predicate = true> <Delay = 0.00>
ST_1 : Operation 69 [1/1] (0.00ns)   --->   "%w_tile_073 = alloca i32 1"   --->   Operation 69 'alloca' 'w_tile_073' <Predicate = true> <Delay = 0.00>
ST_1 : Operation 70 [1/1] (0.00ns)   --->   "%shl_ln1_read = read i8 @_ssdm_op_Read.ap_auto.i8, i8 %shl_ln1"   --->   Operation 70 'read' 'shl_ln1_read' <Predicate = true> <Delay = 0.00>
ST_1 : Operation 71 [1/1] (0.00ns)   --->   "%tmp = read i13 @_ssdm_op_Read.ap_auto.i13, i13 %empty"   --->   Operation 71 'read' 'tmp' <Predicate = true> <Delay = 0.00>
ST_1 : Operation 72 [1/1] (0.83ns)   --->   "%store_ln66 = store i4 0, i4 %i" [../task_detection_tpu/tpu_accel.cpp:66]   --->   Operation 72 'store' 'store_ln66' <Predicate = true> <Delay = 0.83>
ST_1 : Operation 73 [1/1] (0.00ns)   --->   "%br_ln66 = br void %VITIS_LOOP_68_11" [../task_detection_tpu/tpu_accel.cpp:66]   --->   Operation 73 'br' 'br_ln66' <Predicate = true> <Delay = 0.00>
ST_1 : Operation 74 [1/1] (0.00ns)   --->   "%i_2 = load i4 %i" [../task_detection_tpu/tpu_accel.cpp:66]   --->   Operation 74 'load' 'i_2' <Predicate = true> <Delay = 0.00>
ST_1 : Operation 75 [1/1] (1.01ns)   --->   "%icmp_ln66 = icmp_eq  i4 %i_2, i4 8" [../task_detection_tpu/tpu_accel.cpp:66]   --->   Operation 75 'icmp' 'icmp_ln66' <Predicate = true> <Delay = 1.01> <CoreInst = "Cmp">   --->   Core 9 'Cmp' <Latency = 0> <II = 1> <Delay = 1.01> <FuncUnit> <Opcode : 'seteq' 'setne' 'setle' 'setge' 'setlt' 'setgt'> <InPorts = 2> <OutPorts = 1>
ST_1 : Operation 76 [1/1] (1.01ns)   --->   "%add_ln66 = add i4 %i_2, i4 1" [../task_detection_tpu/tpu_accel.cpp:66]   --->   Operation 76 'add' 'add_ln66' <Predicate = true> <Delay = 1.01> <CoreInst = "Adder">   --->   Core 1 'Adder' <Latency = 0> <II = 1> <Delay = 1.01> <FuncUnit> <Opcode : 'add' 'sub'> <InPorts = 2> <OutPorts = 1>
ST_1 : Operation 77 [1/1] (0.00ns)   --->   "%br_ln66 = br i1 %icmp_ln66, void %VITIS_LOOP_68_11.split, void %for.inc103" [../task_detection_tpu/tpu_accel.cpp:66]   --->   Operation 77 'br' 'br_ln66' <Predicate = true> <Delay = 0.00>
ST_1 : Operation 78 [1/1] (0.00ns)   --->   "%zext_ln68 = zext i4 %i_2" [../task_detection_tpu/tpu_accel.cpp:68]   --->   Operation 78 'zext' 'zext_ln68' <Predicate = (!icmp_ln66)> <Delay = 0.00>
ST_1 : Operation 79 [1/1] (1.35ns)   --->   "%add_ln68 = add i13 %tmp, i13 %zext_ln68" [../task_detection_tpu/tpu_accel.cpp:68]   --->   Operation 79 'add' 'add_ln68' <Predicate = (!icmp_ln66)> <Delay = 1.35> <CoreInst = "Adder">   --->   Core 1 'Adder' <Latency = 0> <II = 1> <Delay = 1.35> <FuncUnit> <Opcode : 'add' 'sub'> <InPorts = 2> <OutPorts = 1>
ST_1 : Operation 80 [1/1] (0.00ns)   --->   "%zext_ln68_1 = zext i13 %add_ln68" [../task_detection_tpu/tpu_accel.cpp:68]   --->   Operation 80 'zext' 'zext_ln68_1' <Predicate = (!icmp_ln66)> <Delay = 0.00>
ST_1 : Operation 81 [1/1] (0.00ns)   --->   "%tpu_layer_1_ap_fixed_16_6_5_3_0_ap_fixed_16_6_5_3_0_weights_addr = getelementptr i4 %tpu_layer_1_ap_fixed_16_6_5_3_0_ap_fixed_16_6_5_3_0_weights, i64 0, i64 %zext_ln68_1" [../task_detection_tpu/tpu_accel.cpp:68]   --->   Operation 81 'getelementptr' 'tpu_layer_1_ap_fixed_16_6_5_3_0_ap_fixed_16_6_5_3_0_weights_addr' <Predicate = (!icmp_ln66)> <Delay = 0.00>
ST_1 : Operation 82 [1/1] (0.00ns)   --->   "%tpu_layer_1_ap_fixed_16_6_5_3_0_ap_fixed_16_6_5_3_0_weights_1_addr = getelementptr i4 %tpu_layer_1_ap_fixed_16_6_5_3_0_ap_fixed_16_6_5_3_0_weights_1, i64 0, i64 %zext_ln68_1" [../task_detection_tpu/tpu_accel.cpp:68]   --->   Operation 82 'getelementptr' 'tpu_layer_1_ap_fixed_16_6_5_3_0_ap_fixed_16_6_5_3_0_weights_1_addr' <Predicate = (!icmp_ln66)> <Delay = 0.00>
ST_1 : Operation 83 [1/1] (0.00ns)   --->   "%tpu_layer_1_ap_fixed_16_6_5_3_0_ap_fixed_16_6_5_3_0_weights_2_addr = getelementptr i4 %tpu_layer_1_ap_fixed_16_6_5_3_0_ap_fixed_16_6_5_3_0_weights_2, i64 0, i64 %zext_ln68_1" [../task_detection_tpu/tpu_accel.cpp:68]   --->   Operation 83 'getelementptr' 'tpu_layer_1_ap_fixed_16_6_5_3_0_ap_fixed_16_6_5_3_0_weights_2_addr' <Predicate = (!icmp_ln66)> <Delay = 0.00>
ST_1 : Operation 84 [1/1] (0.00ns)   --->   "%tpu_layer_1_ap_fixed_16_6_5_3_0_ap_fixed_16_6_5_3_0_weights_3_addr = getelementptr i4 %tpu_layer_1_ap_fixed_16_6_5_3_0_ap_fixed_16_6_5_3_0_weights_3, i64 0, i64 %zext_ln68_1" [../task_detection_tpu/tpu_accel.cpp:68]   --->   Operation 84 'getelementptr' 'tpu_layer_1_ap_fixed_16_6_5_3_0_ap_fixed_16_6_5_3_0_weights_3_addr' <Predicate = (!icmp_ln66)> <Delay = 0.00>
ST_1 : Operation 85 [1/1] (0.00ns)   --->   "%tpu_layer_1_ap_fixed_16_6_5_3_0_ap_fixed_16_6_5_3_0_weights_4_addr = getelementptr i4 %tpu_layer_1_ap_fixed_16_6_5_3_0_ap_fixed_16_6_5_3_0_weights_4, i64 0, i64 %zext_ln68_1" [../task_detection_tpu/tpu_accel.cpp:68]   --->   Operation 85 'getelementptr' 'tpu_layer_1_ap_fixed_16_6_5_3_0_ap_fixed_16_6_5_3_0_weights_4_addr' <Predicate = (!icmp_ln66)> <Delay = 0.00>
ST_1 : Operation 86 [1/1] (0.00ns)   --->   "%tpu_layer_1_ap_fixed_16_6_5_3_0_ap_fixed_16_6_5_3_0_weights_5_addr = getelementptr i4 %tpu_layer_1_ap_fixed_16_6_5_3_0_ap_fixed_16_6_5_3_0_weights_5, i64 0, i64 %zext_ln68_1" [../task_detection_tpu/tpu_accel.cpp:68]   --->   Operation 86 'getelementptr' 'tpu_layer_1_ap_fixed_16_6_5_3_0_ap_fixed_16_6_5_3_0_weights_5_addr' <Predicate = (!icmp_ln66)> <Delay = 0.00>
ST_1 : Operation 87 [1/1] (0.00ns)   --->   "%tpu_layer_1_ap_fixed_16_6_5_3_0_ap_fixed_16_6_5_3_0_weights_6_addr = getelementptr i4 %tpu_layer_1_ap_fixed_16_6_5_3_0_ap_fixed_16_6_5_3_0_weights_6, i64 0, i64 %zext_ln68_1" [../task_detection_tpu/tpu_accel.cpp:68]   --->   Operation 87 'getelementptr' 'tpu_layer_1_ap_fixed_16_6_5_3_0_ap_fixed_16_6_5_3_0_weights_6_addr' <Predicate = (!icmp_ln66)> <Delay = 0.00>
ST_1 : Operation 88 [1/1] (0.00ns)   --->   "%tpu_layer_1_ap_fixed_16_6_5_3_0_ap_fixed_16_6_5_3_0_weights_7_addr = getelementptr i4 %tpu_layer_1_ap_fixed_16_6_5_3_0_ap_fixed_16_6_5_3_0_weights_7, i64 0, i64 %zext_ln68_1" [../task_detection_tpu/tpu_accel.cpp:68]   --->   Operation 88 'getelementptr' 'tpu_layer_1_ap_fixed_16_6_5_3_0_ap_fixed_16_6_5_3_0_weights_7_addr' <Predicate = (!icmp_ln66)> <Delay = 0.00>
ST_1 : Operation 89 [1/1] (0.00ns)   --->   "%zext_ln66_1 = zext i4 %i_2" [../task_detection_tpu/tpu_accel.cpp:66]   --->   Operation 89 'zext' 'zext_ln66_1' <Predicate = (!icmp_ln66)> <Delay = 0.00>
ST_1 : Operation 90 [1/1] (0.00ns)   --->   "%trunc_ln66 = trunc i4 %i_2" [../task_detection_tpu/tpu_accel.cpp:66]   --->   Operation 90 'trunc' 'trunc_ln66' <Predicate = (!icmp_ln66)> <Delay = 0.00>
ST_1 : Operation 91 [1/1] (1.35ns)   --->   "%add_ln67 = add i8 %zext_ln66_1, i8 %shl_ln1_read" [../task_detection_tpu/tpu_accel.cpp:67]   --->   Operation 91 'add' 'add_ln67' <Predicate = (!icmp_ln66)> <Delay = 1.35> <CoreInst = "Adder">   --->   Core 1 'Adder' <Latency = 0> <II = 1> <Delay = 1.35> <FuncUnit> <Opcode : 'add' 'sub'> <InPorts = 2> <OutPorts = 1>
ST_1 : Operation 92 [1/1] (0.00ns)   --->   "%zext_ln67 = zext i8 %add_ln67" [../task_detection_tpu/tpu_accel.cpp:67]   --->   Operation 92 'zext' 'zext_ln67' <Predicate = (!icmp_ln66)> <Delay = 0.00>
ST_1 : Operation 93 [1/1] (0.00ns)   --->   "%x_padded_addr = getelementptr i16 %x_padded, i64 0, i64 %zext_ln67" [../task_detection_tpu/tpu_accel.cpp:67]   --->   Operation 93 'getelementptr' 'x_padded_addr' <Predicate = (!icmp_ln66)> <Delay = 0.00>
ST_1 : Operation 94 [2/2] (2.26ns)   --->   "%x_padded_load = load i8 %x_padded_addr" [../task_detection_tpu/tpu_accel.cpp:67]   --->   Operation 94 'load' 'x_padded_load' <Predicate = (!icmp_ln66)> <Delay = 2.26> <CoreInst = "RAM">   --->   Core 81 'RAM' <Latency = 1> <II = 1> <Delay = 2.26> <Storage> <Opcode : 'load' 'store'> <Ports = 2> <Width = 16> <Depth = 184> <RAM>
ST_1 : Operation 95 [2/2] (2.26ns)   --->   "%w_tile = load i13 %tpu_layer_1_ap_fixed_16_6_5_3_0_ap_fixed_16_6_5_3_0_weights_addr" [../task_detection_tpu/tpu_accel.cpp:68]   --->   Operation 95 'load' 'w_tile' <Predicate = (!icmp_ln66)> <Delay = 2.26> <CoreInst = "RAM">   --->   Core 81 'RAM' <Latency = 1> <II = 1> <Delay = 2.26> <Storage> <Opcode : 'load' 'store'> <Ports = 2> <Width = 4> <Depth = 5888> <RAM>
ST_1 : Operation 96 [2/2] (2.26ns)   --->   "%w_tile_1 = load i13 %tpu_layer_1_ap_fixed_16_6_5_3_0_ap_fixed_16_6_5_3_0_weights_1_addr" [../task_detection_tpu/tpu_accel.cpp:68]   --->   Operation 96 'load' 'w_tile_1' <Predicate = (!icmp_ln66)> <Delay = 2.26> <CoreInst = "RAM">   --->   Core 81 'RAM' <Latency = 1> <II = 1> <Delay = 2.26> <Storage> <Opcode : 'load' 'store'> <Ports = 2> <Width = 4> <Depth = 5888> <RAM>
ST_1 : Operation 97 [2/2] (2.26ns)   --->   "%w_tile_2 = load i13 %tpu_layer_1_ap_fixed_16_6_5_3_0_ap_fixed_16_6_5_3_0_weights_2_addr" [../task_detection_tpu/tpu_accel.cpp:68]   --->   Operation 97 'load' 'w_tile_2' <Predicate = (!icmp_ln66)> <Delay = 2.26> <CoreInst = "RAM">   --->   Core 81 'RAM' <Latency = 1> <II = 1> <Delay = 2.26> <Storage> <Opcode : 'load' 'store'> <Ports = 2> <Width = 4> <Depth = 5888> <RAM>
ST_1 : Operation 98 [2/2] (2.26ns)   --->   "%w_tile_3 = load i13 %tpu_layer_1_ap_fixed_16_6_5_3_0_ap_fixed_16_6_5_3_0_weights_3_addr" [../task_detection_tpu/tpu_accel.cpp:68]   --->   Operation 98 'load' 'w_tile_3' <Predicate = (!icmp_ln66)> <Delay = 2.26> <CoreInst = "RAM">   --->   Core 81 'RAM' <Latency = 1> <II = 1> <Delay = 2.26> <Storage> <Opcode : 'load' 'store'> <Ports = 2> <Width = 4> <Depth = 5888> <RAM>
ST_1 : Operation 99 [2/2] (2.26ns)   --->   "%w_tile_4 = load i13 %tpu_layer_1_ap_fixed_16_6_5_3_0_ap_fixed_16_6_5_3_0_weights_4_addr" [../task_detection_tpu/tpu_accel.cpp:68]   --->   Operation 99 'load' 'w_tile_4' <Predicate = (!icmp_ln66)> <Delay = 2.26> <CoreInst = "RAM">   --->   Core 81 'RAM' <Latency = 1> <II = 1> <Delay = 2.26> <Storage> <Opcode : 'load' 'store'> <Ports = 2> <Width = 4> <Depth = 5888> <RAM>
ST_1 : Operation 100 [2/2] (2.26ns)   --->   "%w_tile_5 = load i13 %tpu_layer_1_ap_fixed_16_6_5_3_0_ap_fixed_16_6_5_3_0_weights_5_addr" [../task_detection_tpu/tpu_accel.cpp:68]   --->   Operation 100 'load' 'w_tile_5' <Predicate = (!icmp_ln66)> <Delay = 2.26> <CoreInst = "RAM">   --->   Core 81 'RAM' <Latency = 1> <II = 1> <Delay = 2.26> <Storage> <Opcode : 'load' 'store'> <Ports = 2> <Width = 4> <Depth = 5888> <RAM>
ST_1 : Operation 101 [2/2] (2.26ns)   --->   "%w_tile_6 = load i13 %tpu_layer_1_ap_fixed_16_6_5_3_0_ap_fixed_16_6_5_3_0_weights_6_addr" [../task_detection_tpu/tpu_accel.cpp:68]   --->   Operation 101 'load' 'w_tile_6' <Predicate = (!icmp_ln66)> <Delay = 2.26> <CoreInst = "RAM">   --->   Core 81 'RAM' <Latency = 1> <II = 1> <Delay = 2.26> <Storage> <Opcode : 'load' 'store'> <Ports = 2> <Width = 4> <Depth = 5888> <RAM>
ST_1 : Operation 102 [2/2] (2.26ns)   --->   "%w_tile_7 = load i13 %tpu_layer_1_ap_fixed_16_6_5_3_0_ap_fixed_16_6_5_3_0_weights_7_addr" [../task_detection_tpu/tpu_accel.cpp:68]   --->   Operation 102 'load' 'w_tile_7' <Predicate = (!icmp_ln66)> <Delay = 2.26> <CoreInst = "RAM">   --->   Core 81 'RAM' <Latency = 1> <II = 1> <Delay = 2.26> <Storage> <Opcode : 'load' 'store'> <Ports = 2> <Width = 4> <Depth = 5888> <RAM>
ST_1 : Operation 103 [1/1] (0.93ns)   --->   "%switch_ln68 = switch i3 %trunc_ln66, void %arrayidx944.7.case.7, i3 0, void %VITIS_LOOP_68_11.split.arrayidx944.7.exit_crit_edge, i3 1, void %arrayidx944.7.case.1, i3 2, void %arrayidx944.7.case.2, i3 3, void %arrayidx944.7.case.3, i3 4, void %arrayidx944.7.case.4, i3 5, void %arrayidx944.7.case.5, i3 6, void %arrayidx944.7.case.6" [../task_detection_tpu/tpu_accel.cpp:68]   --->   Operation 103 'switch' 'switch_ln68' <Predicate = (!icmp_ln66)> <Delay = 0.93>
ST_1 : Operation 104 [1/1] (0.83ns)   --->   "%store_ln66 = store i4 %add_ln66, i4 %i" [../task_detection_tpu/tpu_accel.cpp:66]   --->   Operation 104 'store' 'store_ln66' <Predicate = (!icmp_ln66)> <Delay = 0.83>
ST_1 : Operation 105 [1/1] (0.00ns)   --->   "%br_ln66 = br void %VITIS_LOOP_68_11" [../task_detection_tpu/tpu_accel.cpp:66]   --->   Operation 105 'br' 'br_ln66' <Predicate = (!icmp_ln66)> <Delay = 0.00>
ST_1 : Operation 193 [1/1] (0.00ns)   --->   "%w_tile_63_010_load = load i4 %w_tile_63_010"   --->   Operation 193 'load' 'w_tile_63_010_load' <Predicate = (icmp_ln66)> <Delay = 0.00>
ST_1 : Operation 194 [1/1] (0.00ns)   --->   "%w_tile_62_011_load = load i4 %w_tile_62_011"   --->   Operation 194 'load' 'w_tile_62_011_load' <Predicate = (icmp_ln66)> <Delay = 0.00>
ST_1 : Operation 195 [1/1] (0.00ns)   --->   "%w_tile_61_012_load = load i4 %w_tile_61_012"   --->   Operation 195 'load' 'w_tile_61_012_load' <Predicate = (icmp_ln66)> <Delay = 0.00>
ST_1 : Operation 196 [1/1] (0.00ns)   --->   "%w_tile_60_013_load = load i4 %w_tile_60_013"   --->   Operation 196 'load' 'w_tile_60_013_load' <Predicate = (icmp_ln66)> <Delay = 0.00>
ST_1 : Operation 197 [1/1] (0.00ns)   --->   "%w_tile_59_014_load = load i4 %w_tile_59_014"   --->   Operation 197 'load' 'w_tile_59_014_load' <Predicate = (icmp_ln66)> <Delay = 0.00>
ST_1 : Operation 198 [1/1] (0.00ns)   --->   "%w_tile_58_015_load = load i4 %w_tile_58_015"   --->   Operation 198 'load' 'w_tile_58_015_load' <Predicate = (icmp_ln66)> <Delay = 0.00>
ST_1 : Operation 199 [1/1] (0.00ns)   --->   "%w_tile_57_016_load = load i4 %w_tile_57_016"   --->   Operation 199 'load' 'w_tile_57_016_load' <Predicate = (icmp_ln66)> <Delay = 0.00>
ST_1 : Operation 200 [1/1] (0.00ns)   --->   "%w_tile_56_017_load = load i4 %w_tile_56_017"   --->   Operation 200 'load' 'w_tile_56_017_load' <Predicate = (icmp_ln66)> <Delay = 0.00>
ST_1 : Operation 201 [1/1] (0.00ns)   --->   "%w_tile_55_018_load = load i4 %w_tile_55_018"   --->   Operation 201 'load' 'w_tile_55_018_load' <Predicate = (icmp_ln66)> <Delay = 0.00>
ST_1 : Operation 202 [1/1] (0.00ns)   --->   "%w_tile_54_019_load = load i4 %w_tile_54_019"   --->   Operation 202 'load' 'w_tile_54_019_load' <Predicate = (icmp_ln66)> <Delay = 0.00>
ST_1 : Operation 203 [1/1] (0.00ns)   --->   "%w_tile_53_020_load = load i4 %w_tile_53_020"   --->   Operation 203 'load' 'w_tile_53_020_load' <Predicate = (icmp_ln66)> <Delay = 0.00>
ST_1 : Operation 204 [1/1] (0.00ns)   --->   "%w_tile_52_021_load = load i4 %w_tile_52_021"   --->   Operation 204 'load' 'w_tile_52_021_load' <Predicate = (icmp_ln66)> <Delay = 0.00>
ST_1 : Operation 205 [1/1] (0.00ns)   --->   "%w_tile_51_022_load = load i4 %w_tile_51_022"   --->   Operation 205 'load' 'w_tile_51_022_load' <Predicate = (icmp_ln66)> <Delay = 0.00>
ST_1 : Operation 206 [1/1] (0.00ns)   --->   "%w_tile_50_023_load = load i4 %w_tile_50_023"   --->   Operation 206 'load' 'w_tile_50_023_load' <Predicate = (icmp_ln66)> <Delay = 0.00>
ST_1 : Operation 207 [1/1] (0.00ns)   --->   "%w_tile_49_024_load = load i4 %w_tile_49_024"   --->   Operation 207 'load' 'w_tile_49_024_load' <Predicate = (icmp_ln66)> <Delay = 0.00>
ST_1 : Operation 208 [1/1] (0.00ns)   --->   "%w_tile_48_025_load = load i4 %w_tile_48_025"   --->   Operation 208 'load' 'w_tile_48_025_load' <Predicate = (icmp_ln66)> <Delay = 0.00>
ST_1 : Operation 209 [1/1] (0.00ns)   --->   "%w_tile_47_026_load = load i4 %w_tile_47_026"   --->   Operation 209 'load' 'w_tile_47_026_load' <Predicate = (icmp_ln66)> <Delay = 0.00>
ST_1 : Operation 210 [1/1] (0.00ns)   --->   "%w_tile_46_027_load = load i4 %w_tile_46_027"   --->   Operation 210 'load' 'w_tile_46_027_load' <Predicate = (icmp_ln66)> <Delay = 0.00>
ST_1 : Operation 211 [1/1] (0.00ns)   --->   "%w_tile_45_028_load = load i4 %w_tile_45_028"   --->   Operation 211 'load' 'w_tile_45_028_load' <Predicate = (icmp_ln66)> <Delay = 0.00>
ST_1 : Operation 212 [1/1] (0.00ns)   --->   "%w_tile_44_029_load = load i4 %w_tile_44_029"   --->   Operation 212 'load' 'w_tile_44_029_load' <Predicate = (icmp_ln66)> <Delay = 0.00>
ST_1 : Operation 213 [1/1] (0.00ns)   --->   "%w_tile_43_030_load = load i4 %w_tile_43_030"   --->   Operation 213 'load' 'w_tile_43_030_load' <Predicate = (icmp_ln66)> <Delay = 0.00>
ST_1 : Operation 214 [1/1] (0.00ns)   --->   "%w_tile_42_031_load = load i4 %w_tile_42_031"   --->   Operation 214 'load' 'w_tile_42_031_load' <Predicate = (icmp_ln66)> <Delay = 0.00>
ST_1 : Operation 215 [1/1] (0.00ns)   --->   "%w_tile_41_032_load = load i4 %w_tile_41_032"   --->   Operation 215 'load' 'w_tile_41_032_load' <Predicate = (icmp_ln66)> <Delay = 0.00>
ST_1 : Operation 216 [1/1] (0.00ns)   --->   "%w_tile_40_033_load = load i4 %w_tile_40_033"   --->   Operation 216 'load' 'w_tile_40_033_load' <Predicate = (icmp_ln66)> <Delay = 0.00>
ST_1 : Operation 217 [1/1] (0.00ns)   --->   "%w_tile_39_034_load = load i4 %w_tile_39_034"   --->   Operation 217 'load' 'w_tile_39_034_load' <Predicate = (icmp_ln66)> <Delay = 0.00>
ST_1 : Operation 218 [1/1] (0.00ns)   --->   "%w_tile_38_035_load = load i4 %w_tile_38_035"   --->   Operation 218 'load' 'w_tile_38_035_load' <Predicate = (icmp_ln66)> <Delay = 0.00>
ST_1 : Operation 219 [1/1] (0.00ns)   --->   "%w_tile_37_036_load = load i4 %w_tile_37_036"   --->   Operation 219 'load' 'w_tile_37_036_load' <Predicate = (icmp_ln66)> <Delay = 0.00>
ST_1 : Operation 220 [1/1] (0.00ns)   --->   "%w_tile_36_037_load = load i4 %w_tile_36_037"   --->   Operation 220 'load' 'w_tile_36_037_load' <Predicate = (icmp_ln66)> <Delay = 0.00>
ST_1 : Operation 221 [1/1] (0.00ns)   --->   "%w_tile_35_038_load = load i4 %w_tile_35_038"   --->   Operation 221 'load' 'w_tile_35_038_load' <Predicate = (icmp_ln66)> <Delay = 0.00>
ST_1 : Operation 222 [1/1] (0.00ns)   --->   "%w_tile_34_039_load = load i4 %w_tile_34_039"   --->   Operation 222 'load' 'w_tile_34_039_load' <Predicate = (icmp_ln66)> <Delay = 0.00>
ST_1 : Operation 223 [1/1] (0.00ns)   --->   "%w_tile_33_040_load = load i4 %w_tile_33_040"   --->   Operation 223 'load' 'w_tile_33_040_load' <Predicate = (icmp_ln66)> <Delay = 0.00>
ST_1 : Operation 224 [1/1] (0.00ns)   --->   "%w_tile_32_041_load = load i4 %w_tile_32_041"   --->   Operation 224 'load' 'w_tile_32_041_load' <Predicate = (icmp_ln66)> <Delay = 0.00>
ST_1 : Operation 225 [1/1] (0.00ns)   --->   "%w_tile_31_042_load = load i4 %w_tile_31_042"   --->   Operation 225 'load' 'w_tile_31_042_load' <Predicate = (icmp_ln66)> <Delay = 0.00>
ST_1 : Operation 226 [1/1] (0.00ns)   --->   "%w_tile_30_043_load = load i4 %w_tile_30_043"   --->   Operation 226 'load' 'w_tile_30_043_load' <Predicate = (icmp_ln66)> <Delay = 0.00>
ST_1 : Operation 227 [1/1] (0.00ns)   --->   "%w_tile_29_044_load = load i4 %w_tile_29_044"   --->   Operation 227 'load' 'w_tile_29_044_load' <Predicate = (icmp_ln66)> <Delay = 0.00>
ST_1 : Operation 228 [1/1] (0.00ns)   --->   "%w_tile_28_045_load = load i4 %w_tile_28_045"   --->   Operation 228 'load' 'w_tile_28_045_load' <Predicate = (icmp_ln66)> <Delay = 0.00>
ST_1 : Operation 229 [1/1] (0.00ns)   --->   "%w_tile_27_046_load = load i4 %w_tile_27_046"   --->   Operation 229 'load' 'w_tile_27_046_load' <Predicate = (icmp_ln66)> <Delay = 0.00>
ST_1 : Operation 230 [1/1] (0.00ns)   --->   "%w_tile_26_047_load = load i4 %w_tile_26_047"   --->   Operation 230 'load' 'w_tile_26_047_load' <Predicate = (icmp_ln66)> <Delay = 0.00>
ST_1 : Operation 231 [1/1] (0.00ns)   --->   "%w_tile_25_048_load = load i4 %w_tile_25_048"   --->   Operation 231 'load' 'w_tile_25_048_load' <Predicate = (icmp_ln66)> <Delay = 0.00>
ST_1 : Operation 232 [1/1] (0.00ns)   --->   "%w_tile_24_049_load = load i4 %w_tile_24_049"   --->   Operation 232 'load' 'w_tile_24_049_load' <Predicate = (icmp_ln66)> <Delay = 0.00>
ST_1 : Operation 233 [1/1] (0.00ns)   --->   "%w_tile_23_050_load = load i4 %w_tile_23_050"   --->   Operation 233 'load' 'w_tile_23_050_load' <Predicate = (icmp_ln66)> <Delay = 0.00>
ST_1 : Operation 234 [1/1] (0.00ns)   --->   "%w_tile_22_051_load = load i4 %w_tile_22_051"   --->   Operation 234 'load' 'w_tile_22_051_load' <Predicate = (icmp_ln66)> <Delay = 0.00>
ST_1 : Operation 235 [1/1] (0.00ns)   --->   "%w_tile_21_052_load = load i4 %w_tile_21_052"   --->   Operation 235 'load' 'w_tile_21_052_load' <Predicate = (icmp_ln66)> <Delay = 0.00>
ST_1 : Operation 236 [1/1] (0.00ns)   --->   "%w_tile_20_053_load = load i4 %w_tile_20_053"   --->   Operation 236 'load' 'w_tile_20_053_load' <Predicate = (icmp_ln66)> <Delay = 0.00>
ST_1 : Operation 237 [1/1] (0.00ns)   --->   "%w_tile_19_054_load = load i4 %w_tile_19_054"   --->   Operation 237 'load' 'w_tile_19_054_load' <Predicate = (icmp_ln66)> <Delay = 0.00>
ST_1 : Operation 238 [1/1] (0.00ns)   --->   "%w_tile_18_055_load = load i4 %w_tile_18_055"   --->   Operation 238 'load' 'w_tile_18_055_load' <Predicate = (icmp_ln66)> <Delay = 0.00>
ST_1 : Operation 239 [1/1] (0.00ns)   --->   "%w_tile_17_056_load = load i4 %w_tile_17_056"   --->   Operation 239 'load' 'w_tile_17_056_load' <Predicate = (icmp_ln66)> <Delay = 0.00>
ST_1 : Operation 240 [1/1] (0.00ns)   --->   "%w_tile_16_057_load = load i4 %w_tile_16_057"   --->   Operation 240 'load' 'w_tile_16_057_load' <Predicate = (icmp_ln66)> <Delay = 0.00>
ST_1 : Operation 241 [1/1] (0.00ns)   --->   "%w_tile_15_058_load = load i4 %w_tile_15_058"   --->   Operation 241 'load' 'w_tile_15_058_load' <Predicate = (icmp_ln66)> <Delay = 0.00>
ST_1 : Operation 242 [1/1] (0.00ns)   --->   "%w_tile_14_059_load = load i4 %w_tile_14_059"   --->   Operation 242 'load' 'w_tile_14_059_load' <Predicate = (icmp_ln66)> <Delay = 0.00>
ST_1 : Operation 243 [1/1] (0.00ns)   --->   "%w_tile_13_060_load = load i4 %w_tile_13_060"   --->   Operation 243 'load' 'w_tile_13_060_load' <Predicate = (icmp_ln66)> <Delay = 0.00>
ST_1 : Operation 244 [1/1] (0.00ns)   --->   "%w_tile_12_061_load = load i4 %w_tile_12_061"   --->   Operation 244 'load' 'w_tile_12_061_load' <Predicate = (icmp_ln66)> <Delay = 0.00>
ST_1 : Operation 245 [1/1] (0.00ns)   --->   "%w_tile_11_062_load = load i4 %w_tile_11_062"   --->   Operation 245 'load' 'w_tile_11_062_load' <Predicate = (icmp_ln66)> <Delay = 0.00>
ST_1 : Operation 246 [1/1] (0.00ns)   --->   "%w_tile_10_063_load = load i4 %w_tile_10_063"   --->   Operation 246 'load' 'w_tile_10_063_load' <Predicate = (icmp_ln66)> <Delay = 0.00>
ST_1 : Operation 247 [1/1] (0.00ns)   --->   "%w_tile_9_064_load = load i4 %w_tile_9_064"   --->   Operation 247 'load' 'w_tile_9_064_load' <Predicate = (icmp_ln66)> <Delay = 0.00>
ST_1 : Operation 248 [1/1] (0.00ns)   --->   "%w_tile_8_065_load = load i4 %w_tile_8_065"   --->   Operation 248 'load' 'w_tile_8_065_load' <Predicate = (icmp_ln66)> <Delay = 0.00>
ST_1 : Operation 249 [1/1] (0.00ns)   --->   "%w_tile_7_066_load = load i4 %w_tile_7_066"   --->   Operation 249 'load' 'w_tile_7_066_load' <Predicate = (icmp_ln66)> <Delay = 0.00>
ST_1 : Operation 250 [1/1] (0.00ns)   --->   "%w_tile_6_067_load = load i4 %w_tile_6_067"   --->   Operation 250 'load' 'w_tile_6_067_load' <Predicate = (icmp_ln66)> <Delay = 0.00>
ST_1 : Operation 251 [1/1] (0.00ns)   --->   "%w_tile_5_068_load = load i4 %w_tile_5_068"   --->   Operation 251 'load' 'w_tile_5_068_load' <Predicate = (icmp_ln66)> <Delay = 0.00>
ST_1 : Operation 252 [1/1] (0.00ns)   --->   "%w_tile_4_069_load = load i4 %w_tile_4_069"   --->   Operation 252 'load' 'w_tile_4_069_load' <Predicate = (icmp_ln66)> <Delay = 0.00>
ST_1 : Operation 253 [1/1] (0.00ns)   --->   "%w_tile_3_070_load = load i4 %w_tile_3_070"   --->   Operation 253 'load' 'w_tile_3_070_load' <Predicate = (icmp_ln66)> <Delay = 0.00>
ST_1 : Operation 254 [1/1] (0.00ns)   --->   "%w_tile_2_071_load = load i4 %w_tile_2_071"   --->   Operation 254 'load' 'w_tile_2_071_load' <Predicate = (icmp_ln66)> <Delay = 0.00>
ST_1 : Operation 255 [1/1] (0.00ns)   --->   "%w_tile_1_072_load = load i4 %w_tile_1_072"   --->   Operation 255 'load' 'w_tile_1_072_load' <Predicate = (icmp_ln66)> <Delay = 0.00>
ST_1 : Operation 256 [1/1] (0.00ns)   --->   "%w_tile_073_load = load i4 %w_tile_073"   --->   Operation 256 'load' 'w_tile_073_load' <Predicate = (icmp_ln66)> <Delay = 0.00>
ST_1 : Operation 257 [1/1] (0.00ns)   --->   "%write_ln0 = write void @_ssdm_op_Write.ap_auto.i4P0A, i4 %w_tile_load_out, i4 %w_tile_073_load"   --->   Operation 257 'write' 'write_ln0' <Predicate = (icmp_ln66)> <Delay = 0.00>
ST_1 : Operation 258 [1/1] (0.00ns)   --->   "%write_ln0 = write void @_ssdm_op_Write.ap_auto.i4P0A, i4 %w_tile_1_load_out, i4 %w_tile_1_072_load"   --->   Operation 258 'write' 'write_ln0' <Predicate = (icmp_ln66)> <Delay = 0.00>
ST_1 : Operation 259 [1/1] (0.00ns)   --->   "%write_ln0 = write void @_ssdm_op_Write.ap_auto.i4P0A, i4 %w_tile_2_load_out, i4 %w_tile_2_071_load"   --->   Operation 259 'write' 'write_ln0' <Predicate = (icmp_ln66)> <Delay = 0.00>
ST_1 : Operation 260 [1/1] (0.00ns)   --->   "%write_ln0 = write void @_ssdm_op_Write.ap_auto.i4P0A, i4 %w_tile_3_load_out, i4 %w_tile_3_070_load"   --->   Operation 260 'write' 'write_ln0' <Predicate = (icmp_ln66)> <Delay = 0.00>
ST_1 : Operation 261 [1/1] (0.00ns)   --->   "%write_ln0 = write void @_ssdm_op_Write.ap_auto.i4P0A, i4 %w_tile_4_load_out, i4 %w_tile_4_069_load"   --->   Operation 261 'write' 'write_ln0' <Predicate = (icmp_ln66)> <Delay = 0.00>
ST_1 : Operation 262 [1/1] (0.00ns)   --->   "%write_ln0 = write void @_ssdm_op_Write.ap_auto.i4P0A, i4 %w_tile_5_load_out, i4 %w_tile_5_068_load"   --->   Operation 262 'write' 'write_ln0' <Predicate = (icmp_ln66)> <Delay = 0.00>
ST_1 : Operation 263 [1/1] (0.00ns)   --->   "%write_ln0 = write void @_ssdm_op_Write.ap_auto.i4P0A, i4 %w_tile_6_load_out, i4 %w_tile_6_067_load"   --->   Operation 263 'write' 'write_ln0' <Predicate = (icmp_ln66)> <Delay = 0.00>
ST_1 : Operation 264 [1/1] (0.00ns)   --->   "%write_ln0 = write void @_ssdm_op_Write.ap_auto.i4P0A, i4 %w_tile_7_load_out, i4 %w_tile_7_066_load"   --->   Operation 264 'write' 'write_ln0' <Predicate = (icmp_ln66)> <Delay = 0.00>
ST_1 : Operation 265 [1/1] (0.00ns)   --->   "%write_ln0 = write void @_ssdm_op_Write.ap_auto.i4P0A, i4 %w_tile_8_load_out, i4 %w_tile_8_065_load"   --->   Operation 265 'write' 'write_ln0' <Predicate = (icmp_ln66)> <Delay = 0.00>
ST_1 : Operation 266 [1/1] (0.00ns)   --->   "%write_ln0 = write void @_ssdm_op_Write.ap_auto.i4P0A, i4 %w_tile_9_load_out, i4 %w_tile_9_064_load"   --->   Operation 266 'write' 'write_ln0' <Predicate = (icmp_ln66)> <Delay = 0.00>
ST_1 : Operation 267 [1/1] (0.00ns)   --->   "%write_ln0 = write void @_ssdm_op_Write.ap_auto.i4P0A, i4 %w_tile_10_load_out, i4 %w_tile_10_063_load"   --->   Operation 267 'write' 'write_ln0' <Predicate = (icmp_ln66)> <Delay = 0.00>
ST_1 : Operation 268 [1/1] (0.00ns)   --->   "%write_ln0 = write void @_ssdm_op_Write.ap_auto.i4P0A, i4 %w_tile_11_load_out, i4 %w_tile_11_062_load"   --->   Operation 268 'write' 'write_ln0' <Predicate = (icmp_ln66)> <Delay = 0.00>
ST_1 : Operation 269 [1/1] (0.00ns)   --->   "%write_ln0 = write void @_ssdm_op_Write.ap_auto.i4P0A, i4 %w_tile_12_load_out, i4 %w_tile_12_061_load"   --->   Operation 269 'write' 'write_ln0' <Predicate = (icmp_ln66)> <Delay = 0.00>
ST_1 : Operation 270 [1/1] (0.00ns)   --->   "%write_ln0 = write void @_ssdm_op_Write.ap_auto.i4P0A, i4 %w_tile_13_load_out, i4 %w_tile_13_060_load"   --->   Operation 270 'write' 'write_ln0' <Predicate = (icmp_ln66)> <Delay = 0.00>
ST_1 : Operation 271 [1/1] (0.00ns)   --->   "%write_ln0 = write void @_ssdm_op_Write.ap_auto.i4P0A, i4 %w_tile_14_load_out, i4 %w_tile_14_059_load"   --->   Operation 271 'write' 'write_ln0' <Predicate = (icmp_ln66)> <Delay = 0.00>
ST_1 : Operation 272 [1/1] (0.00ns)   --->   "%write_ln0 = write void @_ssdm_op_Write.ap_auto.i4P0A, i4 %w_tile_15_load_out, i4 %w_tile_15_058_load"   --->   Operation 272 'write' 'write_ln0' <Predicate = (icmp_ln66)> <Delay = 0.00>
ST_1 : Operation 273 [1/1] (0.00ns)   --->   "%write_ln0 = write void @_ssdm_op_Write.ap_auto.i4P0A, i4 %w_tile_16_load_out, i4 %w_tile_16_057_load"   --->   Operation 273 'write' 'write_ln0' <Predicate = (icmp_ln66)> <Delay = 0.00>
ST_1 : Operation 274 [1/1] (0.00ns)   --->   "%write_ln0 = write void @_ssdm_op_Write.ap_auto.i4P0A, i4 %w_tile_17_load_out, i4 %w_tile_17_056_load"   --->   Operation 274 'write' 'write_ln0' <Predicate = (icmp_ln66)> <Delay = 0.00>
ST_1 : Operation 275 [1/1] (0.00ns)   --->   "%write_ln0 = write void @_ssdm_op_Write.ap_auto.i4P0A, i4 %w_tile_18_load_out, i4 %w_tile_18_055_load"   --->   Operation 275 'write' 'write_ln0' <Predicate = (icmp_ln66)> <Delay = 0.00>
ST_1 : Operation 276 [1/1] (0.00ns)   --->   "%write_ln0 = write void @_ssdm_op_Write.ap_auto.i4P0A, i4 %w_tile_19_load_out, i4 %w_tile_19_054_load"   --->   Operation 276 'write' 'write_ln0' <Predicate = (icmp_ln66)> <Delay = 0.00>
ST_1 : Operation 277 [1/1] (0.00ns)   --->   "%write_ln0 = write void @_ssdm_op_Write.ap_auto.i4P0A, i4 %w_tile_20_load_out, i4 %w_tile_20_053_load"   --->   Operation 277 'write' 'write_ln0' <Predicate = (icmp_ln66)> <Delay = 0.00>
ST_1 : Operation 278 [1/1] (0.00ns)   --->   "%write_ln0 = write void @_ssdm_op_Write.ap_auto.i4P0A, i4 %w_tile_21_load_out, i4 %w_tile_21_052_load"   --->   Operation 278 'write' 'write_ln0' <Predicate = (icmp_ln66)> <Delay = 0.00>
ST_1 : Operation 279 [1/1] (0.00ns)   --->   "%write_ln0 = write void @_ssdm_op_Write.ap_auto.i4P0A, i4 %w_tile_22_load_out, i4 %w_tile_22_051_load"   --->   Operation 279 'write' 'write_ln0' <Predicate = (icmp_ln66)> <Delay = 0.00>
ST_1 : Operation 280 [1/1] (0.00ns)   --->   "%write_ln0 = write void @_ssdm_op_Write.ap_auto.i4P0A, i4 %w_tile_23_load_out, i4 %w_tile_23_050_load"   --->   Operation 280 'write' 'write_ln0' <Predicate = (icmp_ln66)> <Delay = 0.00>
ST_1 : Operation 281 [1/1] (0.00ns)   --->   "%write_ln0 = write void @_ssdm_op_Write.ap_auto.i4P0A, i4 %w_tile_24_load_out, i4 %w_tile_24_049_load"   --->   Operation 281 'write' 'write_ln0' <Predicate = (icmp_ln66)> <Delay = 0.00>
ST_1 : Operation 282 [1/1] (0.00ns)   --->   "%write_ln0 = write void @_ssdm_op_Write.ap_auto.i4P0A, i4 %w_tile_25_load_out, i4 %w_tile_25_048_load"   --->   Operation 282 'write' 'write_ln0' <Predicate = (icmp_ln66)> <Delay = 0.00>
ST_1 : Operation 283 [1/1] (0.00ns)   --->   "%write_ln0 = write void @_ssdm_op_Write.ap_auto.i4P0A, i4 %w_tile_26_load_out, i4 %w_tile_26_047_load"   --->   Operation 283 'write' 'write_ln0' <Predicate = (icmp_ln66)> <Delay = 0.00>
ST_1 : Operation 284 [1/1] (0.00ns)   --->   "%write_ln0 = write void @_ssdm_op_Write.ap_auto.i4P0A, i4 %w_tile_27_load_out, i4 %w_tile_27_046_load"   --->   Operation 284 'write' 'write_ln0' <Predicate = (icmp_ln66)> <Delay = 0.00>
ST_1 : Operation 285 [1/1] (0.00ns)   --->   "%write_ln0 = write void @_ssdm_op_Write.ap_auto.i4P0A, i4 %w_tile_28_load_out, i4 %w_tile_28_045_load"   --->   Operation 285 'write' 'write_ln0' <Predicate = (icmp_ln66)> <Delay = 0.00>
ST_1 : Operation 286 [1/1] (0.00ns)   --->   "%write_ln0 = write void @_ssdm_op_Write.ap_auto.i4P0A, i4 %w_tile_29_load_out, i4 %w_tile_29_044_load"   --->   Operation 286 'write' 'write_ln0' <Predicate = (icmp_ln66)> <Delay = 0.00>
ST_1 : Operation 287 [1/1] (0.00ns)   --->   "%write_ln0 = write void @_ssdm_op_Write.ap_auto.i4P0A, i4 %w_tile_30_load_out, i4 %w_tile_30_043_load"   --->   Operation 287 'write' 'write_ln0' <Predicate = (icmp_ln66)> <Delay = 0.00>
ST_1 : Operation 288 [1/1] (0.00ns)   --->   "%write_ln0 = write void @_ssdm_op_Write.ap_auto.i4P0A, i4 %w_tile_31_load_out, i4 %w_tile_31_042_load"   --->   Operation 288 'write' 'write_ln0' <Predicate = (icmp_ln66)> <Delay = 0.00>
ST_1 : Operation 289 [1/1] (0.00ns)   --->   "%write_ln0 = write void @_ssdm_op_Write.ap_auto.i4P0A, i4 %w_tile_32_load_out, i4 %w_tile_32_041_load"   --->   Operation 289 'write' 'write_ln0' <Predicate = (icmp_ln66)> <Delay = 0.00>
ST_1 : Operation 290 [1/1] (0.00ns)   --->   "%write_ln0 = write void @_ssdm_op_Write.ap_auto.i4P0A, i4 %w_tile_33_load_out, i4 %w_tile_33_040_load"   --->   Operation 290 'write' 'write_ln0' <Predicate = (icmp_ln66)> <Delay = 0.00>
ST_1 : Operation 291 [1/1] (0.00ns)   --->   "%write_ln0 = write void @_ssdm_op_Write.ap_auto.i4P0A, i4 %w_tile_34_load_out, i4 %w_tile_34_039_load"   --->   Operation 291 'write' 'write_ln0' <Predicate = (icmp_ln66)> <Delay = 0.00>
ST_1 : Operation 292 [1/1] (0.00ns)   --->   "%write_ln0 = write void @_ssdm_op_Write.ap_auto.i4P0A, i4 %w_tile_35_load_out, i4 %w_tile_35_038_load"   --->   Operation 292 'write' 'write_ln0' <Predicate = (icmp_ln66)> <Delay = 0.00>
ST_1 : Operation 293 [1/1] (0.00ns)   --->   "%write_ln0 = write void @_ssdm_op_Write.ap_auto.i4P0A, i4 %w_tile_36_load_out, i4 %w_tile_36_037_load"   --->   Operation 293 'write' 'write_ln0' <Predicate = (icmp_ln66)> <Delay = 0.00>
ST_1 : Operation 294 [1/1] (0.00ns)   --->   "%write_ln0 = write void @_ssdm_op_Write.ap_auto.i4P0A, i4 %w_tile_37_load_out, i4 %w_tile_37_036_load"   --->   Operation 294 'write' 'write_ln0' <Predicate = (icmp_ln66)> <Delay = 0.00>
ST_1 : Operation 295 [1/1] (0.00ns)   --->   "%write_ln0 = write void @_ssdm_op_Write.ap_auto.i4P0A, i4 %w_tile_38_load_out, i4 %w_tile_38_035_load"   --->   Operation 295 'write' 'write_ln0' <Predicate = (icmp_ln66)> <Delay = 0.00>
ST_1 : Operation 296 [1/1] (0.00ns)   --->   "%write_ln0 = write void @_ssdm_op_Write.ap_auto.i4P0A, i4 %w_tile_39_load_out, i4 %w_tile_39_034_load"   --->   Operation 296 'write' 'write_ln0' <Predicate = (icmp_ln66)> <Delay = 0.00>
ST_1 : Operation 297 [1/1] (0.00ns)   --->   "%write_ln0 = write void @_ssdm_op_Write.ap_auto.i4P0A, i4 %w_tile_40_load_out, i4 %w_tile_40_033_load"   --->   Operation 297 'write' 'write_ln0' <Predicate = (icmp_ln66)> <Delay = 0.00>
ST_1 : Operation 298 [1/1] (0.00ns)   --->   "%write_ln0 = write void @_ssdm_op_Write.ap_auto.i4P0A, i4 %w_tile_41_load_out, i4 %w_tile_41_032_load"   --->   Operation 298 'write' 'write_ln0' <Predicate = (icmp_ln66)> <Delay = 0.00>
ST_1 : Operation 299 [1/1] (0.00ns)   --->   "%write_ln0 = write void @_ssdm_op_Write.ap_auto.i4P0A, i4 %w_tile_42_load_out, i4 %w_tile_42_031_load"   --->   Operation 299 'write' 'write_ln0' <Predicate = (icmp_ln66)> <Delay = 0.00>
ST_1 : Operation 300 [1/1] (0.00ns)   --->   "%write_ln0 = write void @_ssdm_op_Write.ap_auto.i4P0A, i4 %w_tile_43_load_out, i4 %w_tile_43_030_load"   --->   Operation 300 'write' 'write_ln0' <Predicate = (icmp_ln66)> <Delay = 0.00>
ST_1 : Operation 301 [1/1] (0.00ns)   --->   "%write_ln0 = write void @_ssdm_op_Write.ap_auto.i4P0A, i4 %w_tile_44_load_out, i4 %w_tile_44_029_load"   --->   Operation 301 'write' 'write_ln0' <Predicate = (icmp_ln66)> <Delay = 0.00>
ST_1 : Operation 302 [1/1] (0.00ns)   --->   "%write_ln0 = write void @_ssdm_op_Write.ap_auto.i4P0A, i4 %w_tile_45_load_out, i4 %w_tile_45_028_load"   --->   Operation 302 'write' 'write_ln0' <Predicate = (icmp_ln66)> <Delay = 0.00>
ST_1 : Operation 303 [1/1] (0.00ns)   --->   "%write_ln0 = write void @_ssdm_op_Write.ap_auto.i4P0A, i4 %w_tile_46_load_out, i4 %w_tile_46_027_load"   --->   Operation 303 'write' 'write_ln0' <Predicate = (icmp_ln66)> <Delay = 0.00>
ST_1 : Operation 304 [1/1] (0.00ns)   --->   "%write_ln0 = write void @_ssdm_op_Write.ap_auto.i4P0A, i4 %w_tile_47_load_out, i4 %w_tile_47_026_load"   --->   Operation 304 'write' 'write_ln0' <Predicate = (icmp_ln66)> <Delay = 0.00>
ST_1 : Operation 305 [1/1] (0.00ns)   --->   "%write_ln0 = write void @_ssdm_op_Write.ap_auto.i4P0A, i4 %w_tile_48_load_out, i4 %w_tile_48_025_load"   --->   Operation 305 'write' 'write_ln0' <Predicate = (icmp_ln66)> <Delay = 0.00>
ST_1 : Operation 306 [1/1] (0.00ns)   --->   "%write_ln0 = write void @_ssdm_op_Write.ap_auto.i4P0A, i4 %w_tile_49_load_out, i4 %w_tile_49_024_load"   --->   Operation 306 'write' 'write_ln0' <Predicate = (icmp_ln66)> <Delay = 0.00>
ST_1 : Operation 307 [1/1] (0.00ns)   --->   "%write_ln0 = write void @_ssdm_op_Write.ap_auto.i4P0A, i4 %w_tile_50_load_out, i4 %w_tile_50_023_load"   --->   Operation 307 'write' 'write_ln0' <Predicate = (icmp_ln66)> <Delay = 0.00>
ST_1 : Operation 308 [1/1] (0.00ns)   --->   "%write_ln0 = write void @_ssdm_op_Write.ap_auto.i4P0A, i4 %w_tile_51_load_out, i4 %w_tile_51_022_load"   --->   Operation 308 'write' 'write_ln0' <Predicate = (icmp_ln66)> <Delay = 0.00>
ST_1 : Operation 309 [1/1] (0.00ns)   --->   "%write_ln0 = write void @_ssdm_op_Write.ap_auto.i4P0A, i4 %w_tile_52_load_out, i4 %w_tile_52_021_load"   --->   Operation 309 'write' 'write_ln0' <Predicate = (icmp_ln66)> <Delay = 0.00>
ST_1 : Operation 310 [1/1] (0.00ns)   --->   "%write_ln0 = write void @_ssdm_op_Write.ap_auto.i4P0A, i4 %w_tile_53_load_out, i4 %w_tile_53_020_load"   --->   Operation 310 'write' 'write_ln0' <Predicate = (icmp_ln66)> <Delay = 0.00>
ST_1 : Operation 311 [1/1] (0.00ns)   --->   "%write_ln0 = write void @_ssdm_op_Write.ap_auto.i4P0A, i4 %w_tile_54_load_out, i4 %w_tile_54_019_load"   --->   Operation 311 'write' 'write_ln0' <Predicate = (icmp_ln66)> <Delay = 0.00>
ST_1 : Operation 312 [1/1] (0.00ns)   --->   "%write_ln0 = write void @_ssdm_op_Write.ap_auto.i4P0A, i4 %w_tile_55_load_out, i4 %w_tile_55_018_load"   --->   Operation 312 'write' 'write_ln0' <Predicate = (icmp_ln66)> <Delay = 0.00>
ST_1 : Operation 313 [1/1] (0.00ns)   --->   "%write_ln0 = write void @_ssdm_op_Write.ap_auto.i4P0A, i4 %w_tile_56_load_out, i4 %w_tile_56_017_load"   --->   Operation 313 'write' 'write_ln0' <Predicate = (icmp_ln66)> <Delay = 0.00>
ST_1 : Operation 314 [1/1] (0.00ns)   --->   "%write_ln0 = write void @_ssdm_op_Write.ap_auto.i4P0A, i4 %w_tile_57_load_out, i4 %w_tile_57_016_load"   --->   Operation 314 'write' 'write_ln0' <Predicate = (icmp_ln66)> <Delay = 0.00>
ST_1 : Operation 315 [1/1] (0.00ns)   --->   "%write_ln0 = write void @_ssdm_op_Write.ap_auto.i4P0A, i4 %w_tile_58_load_out, i4 %w_tile_58_015_load"   --->   Operation 315 'write' 'write_ln0' <Predicate = (icmp_ln66)> <Delay = 0.00>
ST_1 : Operation 316 [1/1] (0.00ns)   --->   "%write_ln0 = write void @_ssdm_op_Write.ap_auto.i4P0A, i4 %w_tile_59_load_out, i4 %w_tile_59_014_load"   --->   Operation 316 'write' 'write_ln0' <Predicate = (icmp_ln66)> <Delay = 0.00>
ST_1 : Operation 317 [1/1] (0.00ns)   --->   "%write_ln0 = write void @_ssdm_op_Write.ap_auto.i4P0A, i4 %w_tile_60_load_out, i4 %w_tile_60_013_load"   --->   Operation 317 'write' 'write_ln0' <Predicate = (icmp_ln66)> <Delay = 0.00>
ST_1 : Operation 318 [1/1] (0.00ns)   --->   "%write_ln0 = write void @_ssdm_op_Write.ap_auto.i4P0A, i4 %w_tile_61_load_out, i4 %w_tile_61_012_load"   --->   Operation 318 'write' 'write_ln0' <Predicate = (icmp_ln66)> <Delay = 0.00>
ST_1 : Operation 319 [1/1] (0.00ns)   --->   "%write_ln0 = write void @_ssdm_op_Write.ap_auto.i4P0A, i4 %w_tile_62_load_out, i4 %w_tile_62_011_load"   --->   Operation 319 'write' 'write_ln0' <Predicate = (icmp_ln66)> <Delay = 0.00>
ST_1 : Operation 320 [1/1] (0.00ns)   --->   "%write_ln0 = write void @_ssdm_op_Write.ap_auto.i4P0A, i4 %w_tile_63_load_out, i4 %w_tile_63_010_load"   --->   Operation 320 'write' 'write_ln0' <Predicate = (icmp_ln66)> <Delay = 0.00>
ST_1 : Operation 321 [1/1] (0.83ns)   --->   "%ret_ln0 = ret"   --->   Operation 321 'ret' 'ret_ln0' <Predicate = (icmp_ln66)> <Delay = 0.83>

State 2 <SV = 1> <Delay = 3.41>
ST_2 : Operation 106 [1/1] (0.00ns)   --->   "%zext_ln66 = zext i4 %i_2" [../task_detection_tpu/tpu_accel.cpp:66]   --->   Operation 106 'zext' 'zext_ln66' <Predicate = true> <Delay = 0.00>
ST_2 : Operation 107 [1/1] (0.00ns)   --->   "%specpipeline_ln66 = specpipeline void @_ssdm_op_SpecPipeline, i32 4294967295, i32 0, i32 0, i32 0, i32 4294967295, void @empty_22" [../task_detection_tpu/tpu_accel.cpp:66]   --->   Operation 107 'specpipeline' 'specpipeline_ln66' <Predicate = true> <Delay = 0.00>
ST_2 : Operation 108 [1/1] (0.00ns)   --->   "%speclooptripcount_ln66 = speclooptripcount void @_ssdm_op_SpecLoopTripCount, i64 8, i64 8, i64 8" [../task_detection_tpu/tpu_accel.cpp:66]   --->   Operation 108 'speclooptripcount' 'speclooptripcount_ln66' <Predicate = true> <Delay = 0.00>
ST_2 : Operation 109 [1/1] (0.00ns)   --->   "%specloopname_ln66 = specloopname void @_ssdm_op_SpecLoopName, void @empty_23" [../task_detection_tpu/tpu_accel.cpp:66]   --->   Operation 109 'specloopname' 'specloopname_ln66' <Predicate = true> <Delay = 0.00>
ST_2 : Operation 110 [1/1] (0.00ns)   --->   "%x_tile_addr = getelementptr i16 %x_tile, i64 0, i64 %zext_ln66" [../task_detection_tpu/tpu_accel.cpp:67]   --->   Operation 110 'getelementptr' 'x_tile_addr' <Predicate = true> <Delay = 0.00>
ST_2 : Operation 111 [1/2] ( I:2.26ns O:2.26ns )   --->   "%x_padded_load = load i8 %x_padded_addr" [../task_detection_tpu/tpu_accel.cpp:67]   --->   Operation 111 'load' 'x_padded_load' <Predicate = true> <Delay = 2.26> <CoreInst = "RAM">   --->   Core 81 'RAM' <Latency = 1> <II = 1> <Delay = 2.26> <Storage> <Opcode : 'load' 'store'> <Ports = 2> <Width = 16> <Depth = 184> <RAM>
ST_2 : Operation 112 [1/1] ( I:1.14ns O:1.14ns )   --->   "%store_ln67 = store i16 %x_padded_load, i3 %x_tile_addr" [../task_detection_tpu/tpu_accel.cpp:67]   --->   Operation 112 'store' 'store_ln67' <Predicate = true> <Delay = 1.14> <CoreInst = "RAM">   --->   Core 81 'RAM' <Latency = 1> <II = 1> <Delay = 1.14> <Storage> <Opcode : 'load' 'store'> <Ports = 2> <Width = 16> <Depth = 8> <RAM>
ST_2 : Operation 113 [1/2] ( I:2.26ns O:2.26ns )   --->   "%w_tile = load i13 %tpu_layer_1_ap_fixed_16_6_5_3_0_ap_fixed_16_6_5_3_0_weights_addr" [../task_detection_tpu/tpu_accel.cpp:68]   --->   Operation 113 'load' 'w_tile' <Predicate = true> <Delay = 2.26> <CoreInst = "RAM">   --->   Core 81 'RAM' <Latency = 1> <II = 1> <Delay = 2.26> <Storage> <Opcode : 'load' 'store'> <Ports = 2> <Width = 4> <Depth = 5888> <RAM>
ST_2 : Operation 114 [1/2] ( I:2.26ns O:2.26ns )   --->   "%w_tile_1 = load i13 %tpu_layer_1_ap_fixed_16_6_5_3_0_ap_fixed_16_6_5_3_0_weights_1_addr" [../task_detection_tpu/tpu_accel.cpp:68]   --->   Operation 114 'load' 'w_tile_1' <Predicate = true> <Delay = 2.26> <CoreInst = "RAM">   --->   Core 81 'RAM' <Latency = 1> <II = 1> <Delay = 2.26> <Storage> <Opcode : 'load' 'store'> <Ports = 2> <Width = 4> <Depth = 5888> <RAM>
ST_2 : Operation 115 [1/2] ( I:2.26ns O:2.26ns )   --->   "%w_tile_2 = load i13 %tpu_layer_1_ap_fixed_16_6_5_3_0_ap_fixed_16_6_5_3_0_weights_2_addr" [../task_detection_tpu/tpu_accel.cpp:68]   --->   Operation 115 'load' 'w_tile_2' <Predicate = true> <Delay = 2.26> <CoreInst = "RAM">   --->   Core 81 'RAM' <Latency = 1> <II = 1> <Delay = 2.26> <Storage> <Opcode : 'load' 'store'> <Ports = 2> <Width = 4> <Depth = 5888> <RAM>
ST_2 : Operation 116 [1/2] ( I:2.26ns O:2.26ns )   --->   "%w_tile_3 = load i13 %tpu_layer_1_ap_fixed_16_6_5_3_0_ap_fixed_16_6_5_3_0_weights_3_addr" [../task_detection_tpu/tpu_accel.cpp:68]   --->   Operation 116 'load' 'w_tile_3' <Predicate = true> <Delay = 2.26> <CoreInst = "RAM">   --->   Core 81 'RAM' <Latency = 1> <II = 1> <Delay = 2.26> <Storage> <Opcode : 'load' 'store'> <Ports = 2> <Width = 4> <Depth = 5888> <RAM>
ST_2 : Operation 117 [1/2] ( I:2.26ns O:2.26ns )   --->   "%w_tile_4 = load i13 %tpu_layer_1_ap_fixed_16_6_5_3_0_ap_fixed_16_6_5_3_0_weights_4_addr" [../task_detection_tpu/tpu_accel.cpp:68]   --->   Operation 117 'load' 'w_tile_4' <Predicate = true> <Delay = 2.26> <CoreInst = "RAM">   --->   Core 81 'RAM' <Latency = 1> <II = 1> <Delay = 2.26> <Storage> <Opcode : 'load' 'store'> <Ports = 2> <Width = 4> <Depth = 5888> <RAM>
ST_2 : Operation 118 [1/2] ( I:2.26ns O:2.26ns )   --->   "%w_tile_5 = load i13 %tpu_layer_1_ap_fixed_16_6_5_3_0_ap_fixed_16_6_5_3_0_weights_5_addr" [../task_detection_tpu/tpu_accel.cpp:68]   --->   Operation 118 'load' 'w_tile_5' <Predicate = true> <Delay = 2.26> <CoreInst = "RAM">   --->   Core 81 'RAM' <Latency = 1> <II = 1> <Delay = 2.26> <Storage> <Opcode : 'load' 'store'> <Ports = 2> <Width = 4> <Depth = 5888> <RAM>
ST_2 : Operation 119 [1/2] ( I:2.26ns O:2.26ns )   --->   "%w_tile_6 = load i13 %tpu_layer_1_ap_fixed_16_6_5_3_0_ap_fixed_16_6_5_3_0_weights_6_addr" [../task_detection_tpu/tpu_accel.cpp:68]   --->   Operation 119 'load' 'w_tile_6' <Predicate = true> <Delay = 2.26> <CoreInst = "RAM">   --->   Core 81 'RAM' <Latency = 1> <II = 1> <Delay = 2.26> <Storage> <Opcode : 'load' 'store'> <Ports = 2> <Width = 4> <Depth = 5888> <RAM>
ST_2 : Operation 120 [1/2] ( I:2.26ns O:2.26ns )   --->   "%w_tile_7 = load i13 %tpu_layer_1_ap_fixed_16_6_5_3_0_ap_fixed_16_6_5_3_0_weights_7_addr" [../task_detection_tpu/tpu_accel.cpp:68]   --->   Operation 120 'load' 'w_tile_7' <Predicate = true> <Delay = 2.26> <CoreInst = "RAM">   --->   Core 81 'RAM' <Latency = 1> <II = 1> <Delay = 2.26> <Storage> <Opcode : 'load' 'store'> <Ports = 2> <Width = 4> <Depth = 5888> <RAM>
ST_2 : Operation 121 [1/1] (0.00ns)   --->   "%store_ln68 = store i4 %w_tile, i4 %w_tile_48_025" [../task_detection_tpu/tpu_accel.cpp:68]   --->   Operation 121 'store' 'store_ln68' <Predicate = (trunc_ln66 == 6)> <Delay = 0.00>
ST_2 : Operation 122 [1/1] (0.00ns)   --->   "%store_ln68 = store i4 %w_tile_1, i4 %w_tile_49_024" [../task_detection_tpu/tpu_accel.cpp:68]   --->   Operation 122 'store' 'store_ln68' <Predicate = (trunc_ln66 == 6)> <Delay = 0.00>
ST_2 : Operation 123 [1/1] (0.00ns)   --->   "%store_ln68 = store i4 %w_tile_2, i4 %w_tile_50_023" [../task_detection_tpu/tpu_accel.cpp:68]   --->   Operation 123 'store' 'store_ln68' <Predicate = (trunc_ln66 == 6)> <Delay = 0.00>
ST_2 : Operation 124 [1/1] (0.00ns)   --->   "%store_ln68 = store i4 %w_tile_3, i4 %w_tile_51_022" [../task_detection_tpu/tpu_accel.cpp:68]   --->   Operation 124 'store' 'store_ln68' <Predicate = (trunc_ln66 == 6)> <Delay = 0.00>
ST_2 : Operation 125 [1/1] (0.00ns)   --->   "%store_ln68 = store i4 %w_tile_4, i4 %w_tile_52_021" [../task_detection_tpu/tpu_accel.cpp:68]   --->   Operation 125 'store' 'store_ln68' <Predicate = (trunc_ln66 == 6)> <Delay = 0.00>
ST_2 : Operation 126 [1/1] (0.00ns)   --->   "%store_ln68 = store i4 %w_tile_5, i4 %w_tile_53_020" [../task_detection_tpu/tpu_accel.cpp:68]   --->   Operation 126 'store' 'store_ln68' <Predicate = (trunc_ln66 == 6)> <Delay = 0.00>
ST_2 : Operation 127 [1/1] (0.00ns)   --->   "%store_ln68 = store i4 %w_tile_6, i4 %w_tile_54_019" [../task_detection_tpu/tpu_accel.cpp:68]   --->   Operation 127 'store' 'store_ln68' <Predicate = (trunc_ln66 == 6)> <Delay = 0.00>
ST_2 : Operation 128 [1/1] (0.00ns)   --->   "%store_ln68 = store i4 %w_tile_7, i4 %w_tile_55_018" [../task_detection_tpu/tpu_accel.cpp:68]   --->   Operation 128 'store' 'store_ln68' <Predicate = (trunc_ln66 == 6)> <Delay = 0.00>
ST_2 : Operation 129 [1/1] (0.00ns)   --->   "%br_ln68 = br void %arrayidx944.7.exit" [../task_detection_tpu/tpu_accel.cpp:68]   --->   Operation 129 'br' 'br_ln68' <Predicate = (trunc_ln66 == 6)> <Delay = 0.00>
ST_2 : Operation 130 [1/1] (0.00ns)   --->   "%store_ln68 = store i4 %w_tile, i4 %w_tile_40_033" [../task_detection_tpu/tpu_accel.cpp:68]   --->   Operation 130 'store' 'store_ln68' <Predicate = (trunc_ln66 == 5)> <Delay = 0.00>
ST_2 : Operation 131 [1/1] (0.00ns)   --->   "%store_ln68 = store i4 %w_tile_1, i4 %w_tile_41_032" [../task_detection_tpu/tpu_accel.cpp:68]   --->   Operation 131 'store' 'store_ln68' <Predicate = (trunc_ln66 == 5)> <Delay = 0.00>
ST_2 : Operation 132 [1/1] (0.00ns)   --->   "%store_ln68 = store i4 %w_tile_2, i4 %w_tile_42_031" [../task_detection_tpu/tpu_accel.cpp:68]   --->   Operation 132 'store' 'store_ln68' <Predicate = (trunc_ln66 == 5)> <Delay = 0.00>
ST_2 : Operation 133 [1/1] (0.00ns)   --->   "%store_ln68 = store i4 %w_tile_3, i4 %w_tile_43_030" [../task_detection_tpu/tpu_accel.cpp:68]   --->   Operation 133 'store' 'store_ln68' <Predicate = (trunc_ln66 == 5)> <Delay = 0.00>
ST_2 : Operation 134 [1/1] (0.00ns)   --->   "%store_ln68 = store i4 %w_tile_4, i4 %w_tile_44_029" [../task_detection_tpu/tpu_accel.cpp:68]   --->   Operation 134 'store' 'store_ln68' <Predicate = (trunc_ln66 == 5)> <Delay = 0.00>
ST_2 : Operation 135 [1/1] (0.00ns)   --->   "%store_ln68 = store i4 %w_tile_5, i4 %w_tile_45_028" [../task_detection_tpu/tpu_accel.cpp:68]   --->   Operation 135 'store' 'store_ln68' <Predicate = (trunc_ln66 == 5)> <Delay = 0.00>
ST_2 : Operation 136 [1/1] (0.00ns)   --->   "%store_ln68 = store i4 %w_tile_6, i4 %w_tile_46_027" [../task_detection_tpu/tpu_accel.cpp:68]   --->   Operation 136 'store' 'store_ln68' <Predicate = (trunc_ln66 == 5)> <Delay = 0.00>
ST_2 : Operation 137 [1/1] (0.00ns)   --->   "%store_ln68 = store i4 %w_tile_7, i4 %w_tile_47_026" [../task_detection_tpu/tpu_accel.cpp:68]   --->   Operation 137 'store' 'store_ln68' <Predicate = (trunc_ln66 == 5)> <Delay = 0.00>
ST_2 : Operation 138 [1/1] (0.00ns)   --->   "%br_ln68 = br void %arrayidx944.7.exit" [../task_detection_tpu/tpu_accel.cpp:68]   --->   Operation 138 'br' 'br_ln68' <Predicate = (trunc_ln66 == 5)> <Delay = 0.00>
ST_2 : Operation 139 [1/1] (0.00ns)   --->   "%store_ln68 = store i4 %w_tile, i4 %w_tile_32_041" [../task_detection_tpu/tpu_accel.cpp:68]   --->   Operation 139 'store' 'store_ln68' <Predicate = (trunc_ln66 == 4)> <Delay = 0.00>
ST_2 : Operation 140 [1/1] (0.00ns)   --->   "%store_ln68 = store i4 %w_tile_1, i4 %w_tile_33_040" [../task_detection_tpu/tpu_accel.cpp:68]   --->   Operation 140 'store' 'store_ln68' <Predicate = (trunc_ln66 == 4)> <Delay = 0.00>
ST_2 : Operation 141 [1/1] (0.00ns)   --->   "%store_ln68 = store i4 %w_tile_2, i4 %w_tile_34_039" [../task_detection_tpu/tpu_accel.cpp:68]   --->   Operation 141 'store' 'store_ln68' <Predicate = (trunc_ln66 == 4)> <Delay = 0.00>
ST_2 : Operation 142 [1/1] (0.00ns)   --->   "%store_ln68 = store i4 %w_tile_3, i4 %w_tile_35_038" [../task_detection_tpu/tpu_accel.cpp:68]   --->   Operation 142 'store' 'store_ln68' <Predicate = (trunc_ln66 == 4)> <Delay = 0.00>
ST_2 : Operation 143 [1/1] (0.00ns)   --->   "%store_ln68 = store i4 %w_tile_4, i4 %w_tile_36_037" [../task_detection_tpu/tpu_accel.cpp:68]   --->   Operation 143 'store' 'store_ln68' <Predicate = (trunc_ln66 == 4)> <Delay = 0.00>
ST_2 : Operation 144 [1/1] (0.00ns)   --->   "%store_ln68 = store i4 %w_tile_5, i4 %w_tile_37_036" [../task_detection_tpu/tpu_accel.cpp:68]   --->   Operation 144 'store' 'store_ln68' <Predicate = (trunc_ln66 == 4)> <Delay = 0.00>
ST_2 : Operation 145 [1/1] (0.00ns)   --->   "%store_ln68 = store i4 %w_tile_6, i4 %w_tile_38_035" [../task_detection_tpu/tpu_accel.cpp:68]   --->   Operation 145 'store' 'store_ln68' <Predicate = (trunc_ln66 == 4)> <Delay = 0.00>
ST_2 : Operation 146 [1/1] (0.00ns)   --->   "%store_ln68 = store i4 %w_tile_7, i4 %w_tile_39_034" [../task_detection_tpu/tpu_accel.cpp:68]   --->   Operation 146 'store' 'store_ln68' <Predicate = (trunc_ln66 == 4)> <Delay = 0.00>
ST_2 : Operation 147 [1/1] (0.00ns)   --->   "%br_ln68 = br void %arrayidx944.7.exit" [../task_detection_tpu/tpu_accel.cpp:68]   --->   Operation 147 'br' 'br_ln68' <Predicate = (trunc_ln66 == 4)> <Delay = 0.00>
ST_2 : Operation 148 [1/1] (0.00ns)   --->   "%store_ln68 = store i4 %w_tile, i4 %w_tile_24_049" [../task_detection_tpu/tpu_accel.cpp:68]   --->   Operation 148 'store' 'store_ln68' <Predicate = (trunc_ln66 == 3)> <Delay = 0.00>
ST_2 : Operation 149 [1/1] (0.00ns)   --->   "%store_ln68 = store i4 %w_tile_1, i4 %w_tile_25_048" [../task_detection_tpu/tpu_accel.cpp:68]   --->   Operation 149 'store' 'store_ln68' <Predicate = (trunc_ln66 == 3)> <Delay = 0.00>
ST_2 : Operation 150 [1/1] (0.00ns)   --->   "%store_ln68 = store i4 %w_tile_2, i4 %w_tile_26_047" [../task_detection_tpu/tpu_accel.cpp:68]   --->   Operation 150 'store' 'store_ln68' <Predicate = (trunc_ln66 == 3)> <Delay = 0.00>
ST_2 : Operation 151 [1/1] (0.00ns)   --->   "%store_ln68 = store i4 %w_tile_3, i4 %w_tile_27_046" [../task_detection_tpu/tpu_accel.cpp:68]   --->   Operation 151 'store' 'store_ln68' <Predicate = (trunc_ln66 == 3)> <Delay = 0.00>
ST_2 : Operation 152 [1/1] (0.00ns)   --->   "%store_ln68 = store i4 %w_tile_4, i4 %w_tile_28_045" [../task_detection_tpu/tpu_accel.cpp:68]   --->   Operation 152 'store' 'store_ln68' <Predicate = (trunc_ln66 == 3)> <Delay = 0.00>
ST_2 : Operation 153 [1/1] (0.00ns)   --->   "%store_ln68 = store i4 %w_tile_5, i4 %w_tile_29_044" [../task_detection_tpu/tpu_accel.cpp:68]   --->   Operation 153 'store' 'store_ln68' <Predicate = (trunc_ln66 == 3)> <Delay = 0.00>
ST_2 : Operation 154 [1/1] (0.00ns)   --->   "%store_ln68 = store i4 %w_tile_6, i4 %w_tile_30_043" [../task_detection_tpu/tpu_accel.cpp:68]   --->   Operation 154 'store' 'store_ln68' <Predicate = (trunc_ln66 == 3)> <Delay = 0.00>
ST_2 : Operation 155 [1/1] (0.00ns)   --->   "%store_ln68 = store i4 %w_tile_7, i4 %w_tile_31_042" [../task_detection_tpu/tpu_accel.cpp:68]   --->   Operation 155 'store' 'store_ln68' <Predicate = (trunc_ln66 == 3)> <Delay = 0.00>
ST_2 : Operation 156 [1/1] (0.00ns)   --->   "%br_ln68 = br void %arrayidx944.7.exit" [../task_detection_tpu/tpu_accel.cpp:68]   --->   Operation 156 'br' 'br_ln68' <Predicate = (trunc_ln66 == 3)> <Delay = 0.00>
ST_2 : Operation 157 [1/1] (0.00ns)   --->   "%store_ln68 = store i4 %w_tile, i4 %w_tile_16_057" [../task_detection_tpu/tpu_accel.cpp:68]   --->   Operation 157 'store' 'store_ln68' <Predicate = (trunc_ln66 == 2)> <Delay = 0.00>
ST_2 : Operation 158 [1/1] (0.00ns)   --->   "%store_ln68 = store i4 %w_tile_1, i4 %w_tile_17_056" [../task_detection_tpu/tpu_accel.cpp:68]   --->   Operation 158 'store' 'store_ln68' <Predicate = (trunc_ln66 == 2)> <Delay = 0.00>
ST_2 : Operation 159 [1/1] (0.00ns)   --->   "%store_ln68 = store i4 %w_tile_2, i4 %w_tile_18_055" [../task_detection_tpu/tpu_accel.cpp:68]   --->   Operation 159 'store' 'store_ln68' <Predicate = (trunc_ln66 == 2)> <Delay = 0.00>
ST_2 : Operation 160 [1/1] (0.00ns)   --->   "%store_ln68 = store i4 %w_tile_3, i4 %w_tile_19_054" [../task_detection_tpu/tpu_accel.cpp:68]   --->   Operation 160 'store' 'store_ln68' <Predicate = (trunc_ln66 == 2)> <Delay = 0.00>
ST_2 : Operation 161 [1/1] (0.00ns)   --->   "%store_ln68 = store i4 %w_tile_4, i4 %w_tile_20_053" [../task_detection_tpu/tpu_accel.cpp:68]   --->   Operation 161 'store' 'store_ln68' <Predicate = (trunc_ln66 == 2)> <Delay = 0.00>
ST_2 : Operation 162 [1/1] (0.00ns)   --->   "%store_ln68 = store i4 %w_tile_5, i4 %w_tile_21_052" [../task_detection_tpu/tpu_accel.cpp:68]   --->   Operation 162 'store' 'store_ln68' <Predicate = (trunc_ln66 == 2)> <Delay = 0.00>
ST_2 : Operation 163 [1/1] (0.00ns)   --->   "%store_ln68 = store i4 %w_tile_6, i4 %w_tile_22_051" [../task_detection_tpu/tpu_accel.cpp:68]   --->   Operation 163 'store' 'store_ln68' <Predicate = (trunc_ln66 == 2)> <Delay = 0.00>
ST_2 : Operation 164 [1/1] (0.00ns)   --->   "%store_ln68 = store i4 %w_tile_7, i4 %w_tile_23_050" [../task_detection_tpu/tpu_accel.cpp:68]   --->   Operation 164 'store' 'store_ln68' <Predicate = (trunc_ln66 == 2)> <Delay = 0.00>
ST_2 : Operation 165 [1/1] (0.00ns)   --->   "%br_ln68 = br void %arrayidx944.7.exit" [../task_detection_tpu/tpu_accel.cpp:68]   --->   Operation 165 'br' 'br_ln68' <Predicate = (trunc_ln66 == 2)> <Delay = 0.00>
ST_2 : Operation 166 [1/1] (0.00ns)   --->   "%store_ln68 = store i4 %w_tile, i4 %w_tile_8_065" [../task_detection_tpu/tpu_accel.cpp:68]   --->   Operation 166 'store' 'store_ln68' <Predicate = (trunc_ln66 == 1)> <Delay = 0.00>
ST_2 : Operation 167 [1/1] (0.00ns)   --->   "%store_ln68 = store i4 %w_tile_1, i4 %w_tile_9_064" [../task_detection_tpu/tpu_accel.cpp:68]   --->   Operation 167 'store' 'store_ln68' <Predicate = (trunc_ln66 == 1)> <Delay = 0.00>
ST_2 : Operation 168 [1/1] (0.00ns)   --->   "%store_ln68 = store i4 %w_tile_2, i4 %w_tile_10_063" [../task_detection_tpu/tpu_accel.cpp:68]   --->   Operation 168 'store' 'store_ln68' <Predicate = (trunc_ln66 == 1)> <Delay = 0.00>
ST_2 : Operation 169 [1/1] (0.00ns)   --->   "%store_ln68 = store i4 %w_tile_3, i4 %w_tile_11_062" [../task_detection_tpu/tpu_accel.cpp:68]   --->   Operation 169 'store' 'store_ln68' <Predicate = (trunc_ln66 == 1)> <Delay = 0.00>
ST_2 : Operation 170 [1/1] (0.00ns)   --->   "%store_ln68 = store i4 %w_tile_4, i4 %w_tile_12_061" [../task_detection_tpu/tpu_accel.cpp:68]   --->   Operation 170 'store' 'store_ln68' <Predicate = (trunc_ln66 == 1)> <Delay = 0.00>
ST_2 : Operation 171 [1/1] (0.00ns)   --->   "%store_ln68 = store i4 %w_tile_5, i4 %w_tile_13_060" [../task_detection_tpu/tpu_accel.cpp:68]   --->   Operation 171 'store' 'store_ln68' <Predicate = (trunc_ln66 == 1)> <Delay = 0.00>
ST_2 : Operation 172 [1/1] (0.00ns)   --->   "%store_ln68 = store i4 %w_tile_6, i4 %w_tile_14_059" [../task_detection_tpu/tpu_accel.cpp:68]   --->   Operation 172 'store' 'store_ln68' <Predicate = (trunc_ln66 == 1)> <Delay = 0.00>
ST_2 : Operation 173 [1/1] (0.00ns)   --->   "%store_ln68 = store i4 %w_tile_7, i4 %w_tile_15_058" [../task_detection_tpu/tpu_accel.cpp:68]   --->   Operation 173 'store' 'store_ln68' <Predicate = (trunc_ln66 == 1)> <Delay = 0.00>
ST_2 : Operation 174 [1/1] (0.00ns)   --->   "%br_ln68 = br void %arrayidx944.7.exit" [../task_detection_tpu/tpu_accel.cpp:68]   --->   Operation 174 'br' 'br_ln68' <Predicate = (trunc_ln66 == 1)> <Delay = 0.00>
ST_2 : Operation 175 [1/1] (0.00ns)   --->   "%store_ln68 = store i4 %w_tile, i4 %w_tile_073" [../task_detection_tpu/tpu_accel.cpp:68]   --->   Operation 175 'store' 'store_ln68' <Predicate = (trunc_ln66 == 0)> <Delay = 0.00>
ST_2 : Operation 176 [1/1] (0.00ns)   --->   "%store_ln68 = store i4 %w_tile_1, i4 %w_tile_1_072" [../task_detection_tpu/tpu_accel.cpp:68]   --->   Operation 176 'store' 'store_ln68' <Predicate = (trunc_ln66 == 0)> <Delay = 0.00>
ST_2 : Operation 177 [1/1] (0.00ns)   --->   "%store_ln68 = store i4 %w_tile_2, i4 %w_tile_2_071" [../task_detection_tpu/tpu_accel.cpp:68]   --->   Operation 177 'store' 'store_ln68' <Predicate = (trunc_ln66 == 0)> <Delay = 0.00>
ST_2 : Operation 178 [1/1] (0.00ns)   --->   "%store_ln68 = store i4 %w_tile_3, i4 %w_tile_3_070" [../task_detection_tpu/tpu_accel.cpp:68]   --->   Operation 178 'store' 'store_ln68' <Predicate = (trunc_ln66 == 0)> <Delay = 0.00>
ST_2 : Operation 179 [1/1] (0.00ns)   --->   "%store_ln68 = store i4 %w_tile_4, i4 %w_tile_4_069" [../task_detection_tpu/tpu_accel.cpp:68]   --->   Operation 179 'store' 'store_ln68' <Predicate = (trunc_ln66 == 0)> <Delay = 0.00>
ST_2 : Operation 180 [1/1] (0.00ns)   --->   "%store_ln68 = store i4 %w_tile_5, i4 %w_tile_5_068" [../task_detection_tpu/tpu_accel.cpp:68]   --->   Operation 180 'store' 'store_ln68' <Predicate = (trunc_ln66 == 0)> <Delay = 0.00>
ST_2 : Operation 181 [1/1] (0.00ns)   --->   "%store_ln68 = store i4 %w_tile_6, i4 %w_tile_6_067" [../task_detection_tpu/tpu_accel.cpp:68]   --->   Operation 181 'store' 'store_ln68' <Predicate = (trunc_ln66 == 0)> <Delay = 0.00>
ST_2 : Operation 182 [1/1] (0.00ns)   --->   "%store_ln68 = store i4 %w_tile_7, i4 %w_tile_7_066" [../task_detection_tpu/tpu_accel.cpp:68]   --->   Operation 182 'store' 'store_ln68' <Predicate = (trunc_ln66 == 0)> <Delay = 0.00>
ST_2 : Operation 183 [1/1] (0.00ns)   --->   "%br_ln68 = br void %arrayidx944.7.exit" [../task_detection_tpu/tpu_accel.cpp:68]   --->   Operation 183 'br' 'br_ln68' <Predicate = (trunc_ln66 == 0)> <Delay = 0.00>
ST_2 : Operation 184 [1/1] (0.00ns)   --->   "%store_ln68 = store i4 %w_tile, i4 %w_tile_56_017" [../task_detection_tpu/tpu_accel.cpp:68]   --->   Operation 184 'store' 'store_ln68' <Predicate = (trunc_ln66 == 7)> <Delay = 0.00>
ST_2 : Operation 185 [1/1] (0.00ns)   --->   "%store_ln68 = store i4 %w_tile_1, i4 %w_tile_57_016" [../task_detection_tpu/tpu_accel.cpp:68]   --->   Operation 185 'store' 'store_ln68' <Predicate = (trunc_ln66 == 7)> <Delay = 0.00>
ST_2 : Operation 186 [1/1] (0.00ns)   --->   "%store_ln68 = store i4 %w_tile_2, i4 %w_tile_58_015" [../task_detection_tpu/tpu_accel.cpp:68]   --->   Operation 186 'store' 'store_ln68' <Predicate = (trunc_ln66 == 7)> <Delay = 0.00>
ST_2 : Operation 187 [1/1] (0.00ns)   --->   "%store_ln68 = store i4 %w_tile_3, i4 %w_tile_59_014" [../task_detection_tpu/tpu_accel.cpp:68]   --->   Operation 187 'store' 'store_ln68' <Predicate = (trunc_ln66 == 7)> <Delay = 0.00>
ST_2 : Operation 188 [1/1] (0.00ns)   --->   "%store_ln68 = store i4 %w_tile_4, i4 %w_tile_60_013" [../task_detection_tpu/tpu_accel.cpp:68]   --->   Operation 188 'store' 'store_ln68' <Predicate = (trunc_ln66 == 7)> <Delay = 0.00>
ST_2 : Operation 189 [1/1] (0.00ns)   --->   "%store_ln68 = store i4 %w_tile_5, i4 %w_tile_61_012" [../task_detection_tpu/tpu_accel.cpp:68]   --->   Operation 189 'store' 'store_ln68' <Predicate = (trunc_ln66 == 7)> <Delay = 0.00>
ST_2 : Operation 190 [1/1] (0.00ns)   --->   "%store_ln68 = store i4 %w_tile_6, i4 %w_tile_62_011" [../task_detection_tpu/tpu_accel.cpp:68]   --->   Operation 190 'store' 'store_ln68' <Predicate = (trunc_ln66 == 7)> <Delay = 0.00>
ST_2 : Operation 191 [1/1] (0.00ns)   --->   "%store_ln68 = store i4 %w_tile_7, i4 %w_tile_63_010" [../task_detection_tpu/tpu_accel.cpp:68]   --->   Operation 191 'store' 'store_ln68' <Predicate = (trunc_ln66 == 7)> <Delay = 0.00>
ST_2 : Operation 192 [1/1] (0.00ns)   --->   "%br_ln68 = br void %arrayidx944.7.exit" [../task_detection_tpu/tpu_accel.cpp:68]   --->   Operation 192 'br' 'br_ln68' <Predicate = (trunc_ln66 == 7)> <Delay = 0.00>


============================================================
+ Verbose Summary: Timing violations
============================================================
Target clock period: 10.000ns, clock uncertainty: 2.700ns.

 <State 1>: 4.456ns
The critical path consists of the following:
	'store' operation ('store_ln66', ../task_detection_tpu/tpu_accel.cpp:66) of constant 0 4 bit on local variable 'i', ../task_detection_tpu/tpu_accel.cpp:66 [144]  (0.833 ns)
	'load' operation 4 bit ('i', ../task_detection_tpu/tpu_accel.cpp:66) on local variable 'i', ../task_detection_tpu/tpu_accel.cpp:66 [147]  (0.000 ns)
	'add' operation 8 bit ('add_ln67', ../task_detection_tpu/tpu_accel.cpp:67) [169]  (1.357 ns)
	'getelementptr' operation 8 bit ('x_padded_addr', ../task_detection_tpu/tpu_accel.cpp:67) [171]  (0.000 ns)
	'load' operation 16 bit ('x_padded_load', ../task_detection_tpu/tpu_accel.cpp:67) on array 'x_padded' [173]  (2.266 ns)

 <State 2>: 3.414ns
The critical path consists of the following:
	'load' operation 16 bit ('x_padded_load', ../task_detection_tpu/tpu_accel.cpp:67) on array 'x_padded' [173]  (2.266 ns)
	'store' operation ('store_ln67', ../task_detection_tpu/tpu_accel.cpp:67) of variable 'x_padded_load', ../task_detection_tpu/tpu_accel.cpp:67 16 bit on array 'x_tile' [174]  (1.148 ns)


============================================================
+ Verbose Summary: Binding
============================================================
N/A
* FSMD analyzer results:
  - Output states:
 - Input state : 
  - Chain level:
	State 1
	State 2


============================================================
+ Verbose Summary: Datapath Resource usage 
============================================================
N/A
