

================================================================
== Vitis HLS Report for 'tpu_layer_2_Pipeline_VITIS_LOOP_234_13'
================================================================
* Date:           Tue Jun 16 19:42:56 2026

* Version:        2025.2 (Build 6295257 on Nov 14 2025)
* Project:        tpu_integrated_accel
* Solution:       hls (Vivado IP Flow Target)
* Product family: kintex7
* Target device:  xc7k325t-ffg900-2


================================================================
== Performance Estimates
================================================================
+ Timing: 
    * Summary: 
    +--------+----------+----------+------------+
    |  Clock |  Target  | Estimated| Uncertainty|
    +--------+----------+----------+------------+
    |ap_clk  |  10.00 ns|  3.102 ns|     2.70 ns|
    +--------+----------+----------+------------+

+ Latency: 
    * Summary: 
    +---------+---------+----------+----------+-----+-----+-------------------+
    |  Latency (cycles) |  Latency (absolute) |  Interval |      Pipeline     |
    |   min   |   max   |    min   |    max   | min | max |        Type       |
    +---------+---------+----------+----------+-----+-----+-------------------+
    |       10|       10|  0.100 us|  0.100 us|    0|    0|  loop pipeline stp|
    +---------+---------+----------+----------+-----+-----+-------------------+

    + Detail: 
        * Instance: 
        N/A

        * Loop: 
        +---------------------+---------+---------+----------+-----------+-----------+------+----------+
        |                     |  Latency (cycles) | Iteration|  Initiation Interval  | Trip |          |
        |      Loop Name      |   min   |   max   |  Latency |  achieved |   target  | Count| Pipelined|
        +---------------------+---------+---------+----------+-----------+-----------+------+----------+
        |- VITIS_LOOP_234_13  |        8|        8|         2|          1|          1|     8|       yes|
        +---------------------+---------+---------+----------+-----------+-----------+------+----------+

============================================================
+ Verbose Summary: Synthesis Manager
============================================================
InlineROM: 1
ExposeGlobal: 0
============================================================
+ Verbose Summary: CDFG Model
============================================================
IsTopModel: 0
ResetActiveHigh: 1
IsCombinational: 0
IsDatapathOnly: 0
HasWiredReturn: 1
HasMFsm: 2
HasVarLatency: 1
IsPipeline: 0
IsRtlPipelined: 0
IsInstanceOverlapped: 0
IsDontTouch: 0
HasImplIP: 0
IsGatedGlobalClock: 0

+ Individual pipeline summary: 
  * Pipeline-0: initiation interval (II) = 1, depth = 2


============================================================
+ Verbose Summary: Schedule
============================================================
* Number of FSM states : 2
* Pipeline : 1
  Pipeline-0 : II = 1, D = 2, States = { 1 2 }
* Dataflow Pipeline: 0

* FSM state transitions: 
1 --> 2 
2 --> 

* FSM state operations: 

State 1 <SV = 0> <Delay = 3.10>
ST_1 : Operation 5 [1/1] (0.00ns)   --->   "%i = alloca i32 1" [../task_detection_tpu/tpu_accel.cpp:234]   --->   Operation 5 'alloca' 'i' <Predicate = true> <Delay = 0.00>
ST_1 : Operation 6 [1/1] (0.00ns)   --->   "%specinterface_ln0 = specinterface void @_ssdm_op_SpecInterface, i16 %stream_l2_to_l3, void @empty_7, i32 0, i32 0, void @empty_9, i32 0, i32 0, void @empty_9, void @empty_9, void @empty_9, i32 0, i32 0, i32 0, i32 0, void @empty_9, void @empty_9, i32 4294967295, i32 0, i32 0, i32 0"   --->   Operation 6 'specinterface' 'specinterface_ln0' <Predicate = true> <Delay = 0.00>
ST_1 : Operation 7 [1/1] (0.00ns)   --->   "%tpu_layer_2_stream_stream_ap_fixed_16_6_5_3_0_0_bias_2_load_2_read = read i1 @_ssdm_op_Read.ap_auto.i1, i1 %tpu_layer_2_stream_ap_fixed_0_stream_ap_fixed_16_6_5_3_0_0_bias_2_load_2"   --->   Operation 7 'read' 'tpu_layer_2_stream_stream_ap_fixed_16_6_5_3_0_0_bias_2_load_2_read' <Predicate = true> <Delay = 0.00>
ST_1 : Operation 8 [1/1] (0.00ns)   --->   "%tpu_layer_2_stream_stream_ap_fixed_16_6_5_3_0_0_bias_3_load_2_read = read i1 @_ssdm_op_Read.ap_auto.i1, i1 %tpu_layer_2_stream_ap_fixed_0_stream_ap_fixed_16_6_5_3_0_0_bias_3_load_2"   --->   Operation 8 'read' 'tpu_layer_2_stream_stream_ap_fixed_16_6_5_3_0_0_bias_3_load_2_read' <Predicate = true> <Delay = 0.00>
ST_1 : Operation 9 [1/1] (0.00ns)   --->   "%tpu_layer_2_stream_stream_ap_fixed_16_6_5_3_0_0_bias_4_load_2_read = read i1 @_ssdm_op_Read.ap_auto.i1, i1 %tpu_layer_2_stream_ap_fixed_0_stream_ap_fixed_16_6_5_3_0_0_bias_4_load_2"   --->   Operation 9 'read' 'tpu_layer_2_stream_stream_ap_fixed_16_6_5_3_0_0_bias_4_load_2_read' <Predicate = true> <Delay = 0.00>
ST_1 : Operation 10 [1/1] (0.00ns)   --->   "%tpu_layer_2_stream_stream_ap_fixed_16_6_5_3_0_0_bias_5_load_2_read = read i1 @_ssdm_op_Read.ap_auto.i1, i1 %tpu_layer_2_stream_ap_fixed_0_stream_ap_fixed_16_6_5_3_0_0_bias_5_load_2"   --->   Operation 10 'read' 'tpu_layer_2_stream_stream_ap_fixed_16_6_5_3_0_0_bias_5_load_2_read' <Predicate = true> <Delay = 0.00>
ST_1 : Operation 11 [1/1] (0.00ns)   --->   "%tpu_layer_2_stream_stream_ap_fixed_16_6_5_3_0_0_bias_6_load_2_read = read i1 @_ssdm_op_Read.ap_auto.i1, i1 %tpu_layer_2_stream_ap_fixed_0_stream_ap_fixed_16_6_5_3_0_0_bias_6_load_2"   --->   Operation 11 'read' 'tpu_layer_2_stream_stream_ap_fixed_16_6_5_3_0_0_bias_6_load_2_read' <Predicate = true> <Delay = 0.00>
ST_1 : Operation 12 [1/1] (0.00ns)   --->   "%tpu_layer_2_stream_ap_fixed_0_stream_ap_fixed_16_6_5_3_0_0_bias_load_2_read = read i1 @_ssdm_op_Read.ap_auto.i1, i1 %tpu_layer_2_stream_ap_fixed_0_stream_ap_fixed_16_6_5_3_0_0_bias_load_2"   --->   Operation 12 'read' 'tpu_layer_2_stream_ap_fixed_0_stream_ap_fixed_16_6_5_3_0_0_bias_load_2_read' <Predicate = true> <Delay = 0.00>
ST_1 : Operation 13 [1/1] (0.00ns)   --->   "%tpu_layer_2_stream_stream_ap_fixed_16_6_5_3_0_0_bias_1_load_2_read = read i1 @_ssdm_op_Read.ap_auto.i1, i1 %tpu_layer_2_stream_ap_fixed_0_stream_ap_fixed_16_6_5_3_0_0_bias_1_load_2"   --->   Operation 13 'read' 'tpu_layer_2_stream_stream_ap_fixed_16_6_5_3_0_0_bias_1_load_2_read' <Predicate = true> <Delay = 0.00>
ST_1 : Operation 14 [1/1] (0.00ns)   --->   "%tpu_layer_2_stream_stream_ap_fixed_16_6_5_3_0_0_bias_7_load_2_read = read i1 @_ssdm_op_Read.ap_auto.i1, i1 %tpu_layer_2_stream_ap_fixed_0_stream_ap_fixed_16_6_5_3_0_0_bias_7_load_2"   --->   Operation 14 'read' 'tpu_layer_2_stream_stream_ap_fixed_16_6_5_3_0_0_bias_7_load_2_read' <Predicate = true> <Delay = 0.00>
ST_1 : Operation 15 [1/1] (0.00ns)   --->   "%y_tile_2_7_0_i_read = read i16 @_ssdm_op_Read.ap_auto.i16, i16 %y_tile_2_7_0_i"   --->   Operation 15 'read' 'y_tile_2_7_0_i_read' <Predicate = true> <Delay = 0.00>
ST_1 : Operation 16 [1/1] (0.00ns)   --->   "%y_tile_2_6_0_i_read = read i16 @_ssdm_op_Read.ap_auto.i16, i16 %y_tile_2_6_0_i"   --->   Operation 16 'read' 'y_tile_2_6_0_i_read' <Predicate = true> <Delay = 0.00>
ST_1 : Operation 17 [1/1] (0.00ns)   --->   "%y_tile_2_5_0_i_read = read i16 @_ssdm_op_Read.ap_auto.i16, i16 %y_tile_2_5_0_i"   --->   Operation 17 'read' 'y_tile_2_5_0_i_read' <Predicate = true> <Delay = 0.00>
ST_1 : Operation 18 [1/1] (0.00ns)   --->   "%y_tile_2_4_0_i_read = read i16 @_ssdm_op_Read.ap_auto.i16, i16 %y_tile_2_4_0_i"   --->   Operation 18 'read' 'y_tile_2_4_0_i_read' <Predicate = true> <Delay = 0.00>
ST_1 : Operation 19 [1/1] (0.00ns)   --->   "%y_tile_2_3_0_i_read = read i16 @_ssdm_op_Read.ap_auto.i16, i16 %y_tile_2_3_0_i"   --->   Operation 19 'read' 'y_tile_2_3_0_i_read' <Predicate = true> <Delay = 0.00>
ST_1 : Operation 20 [1/1] (0.00ns)   --->   "%y_tile_2_2_0_i_read = read i16 @_ssdm_op_Read.ap_auto.i16, i16 %y_tile_2_2_0_i"   --->   Operation 20 'read' 'y_tile_2_2_0_i_read' <Predicate = true> <Delay = 0.00>
ST_1 : Operation 21 [1/1] (0.00ns)   --->   "%y_tile_2_1_0_i_read = read i16 @_ssdm_op_Read.ap_auto.i16, i16 %y_tile_2_1_0_i"   --->   Operation 21 'read' 'y_tile_2_1_0_i_read' <Predicate = true> <Delay = 0.00>
ST_1 : Operation 22 [1/1] (0.00ns)   --->   "%y_tile_2_0_i_read = read i16 @_ssdm_op_Read.ap_auto.i16, i16 %y_tile_2_0_i"   --->   Operation 22 'read' 'y_tile_2_0_i_read' <Predicate = true> <Delay = 0.00>
ST_1 : Operation 23 [1/1] (0.83ns)   --->   "%store_ln234 = store i4 0, i4 %i" [../task_detection_tpu/tpu_accel.cpp:234]   --->   Operation 23 'store' 'store_ln234' <Predicate = true> <Delay = 0.83>
ST_1 : Operation 24 [1/1] (0.00ns)   --->   "%br_ln0 = br void %for.body292.i"   --->   Operation 24 'br' 'br_ln0' <Predicate = true> <Delay = 0.00>
ST_1 : Operation 25 [1/1] (0.00ns)   --->   "%i_12 = load i4 %i" [../task_detection_tpu/tpu_accel.cpp:234]   --->   Operation 25 'load' 'i_12' <Predicate = true> <Delay = 0.00>
ST_1 : Operation 26 [1/1] (1.01ns)   --->   "%icmp_ln234 = icmp_eq  i4 %i_12, i4 8" [../task_detection_tpu/tpu_accel.cpp:234]   --->   Operation 26 'icmp' 'icmp_ln234' <Predicate = true> <Delay = 1.01> <CoreInst = "Cmp">   --->   Core 9 'Cmp' <Latency = 0> <II = 1> <Delay = 1.01> <FuncUnit> <Opcode : 'seteq' 'setne' 'setle' 'setge' 'setlt' 'setgt'> <InPorts = 2> <OutPorts = 1>
ST_1 : Operation 27 [1/1] (1.01ns)   --->   "%add_ln234 = add i4 %i_12, i4 1" [../task_detection_tpu/tpu_accel.cpp:234]   --->   Operation 27 'add' 'add_ln234' <Predicate = true> <Delay = 1.01> <CoreInst = "Adder">   --->   Core 1 'Adder' <Latency = 0> <II = 1> <Delay = 1.01> <FuncUnit> <Opcode : 'add' 'sub'> <InPorts = 2> <OutPorts = 1>
ST_1 : Operation 28 [1/1] (0.00ns)   --->   "%br_ln234 = br i1 %icmp_ln234, void %for.body292.split.i, void %VITIS_LOOP_238_14.i.exitStub" [../task_detection_tpu/tpu_accel.cpp:234]   --->   Operation 28 'br' 'br_ln234' <Predicate = true> <Delay = 0.00>
ST_1 : Operation 29 [1/1] (0.00ns)   --->   "%trunc_ln234 = trunc i4 %i_12" [../task_detection_tpu/tpu_accel.cpp:234]   --->   Operation 29 'trunc' 'trunc_ln234' <Predicate = (!icmp_ln234)> <Delay = 0.00>
ST_1 : Operation 30 [1/1] (0.92ns)   --->   "%tmp_17_i = sparsemux i16 @_ssdm_op_SparseMux.ap_auto.8i16.i16.i3, i3 0, i16 %y_tile_2_0_i_read, i3 1, i16 %y_tile_2_1_0_i_read, i3 2, i16 %y_tile_2_2_0_i_read, i3 3, i16 %y_tile_2_3_0_i_read, i3 4, i16 %y_tile_2_4_0_i_read, i3 5, i16 %y_tile_2_5_0_i_read, i3 6, i16 %y_tile_2_6_0_i_read, i3 7, i16 %y_tile_2_7_0_i_read, i16 0, i3 %trunc_ln234" [../task_detection_tpu/tpu_accel.cpp:236]   --->   Operation 30 'sparsemux' 'tmp_17_i' <Predicate = (!icmp_ln234)> <Delay = 0.92> <CoreInst = "BinarySparseMux_DontCare">   --->   Core 137 'BinarySparseMux_DontCare' <Latency = 0> <II = 1> <Delay = 0.92> <FuncUnit> <Opcode : 'sparsemux'> <InPorts = 2> <OutPorts = 1>
ST_1 : Operation 31 [1/1] (0.92ns)   --->   "%tmp_18_i = sparsemux i1 @_ssdm_op_SparseMux.ap_auto.8i1.i1.i3, i3 0, i1 %tpu_layer_2_stream_stream_ap_fixed_16_6_5_3_0_0_bias_7_load_2_read, i3 1, i1 %tpu_layer_2_stream_stream_ap_fixed_16_6_5_3_0_0_bias_1_load_2_read, i3 2, i1 %tpu_layer_2_stream_ap_fixed_0_stream_ap_fixed_16_6_5_3_0_0_bias_load_2_read, i3 3, i1 %tpu_layer_2_stream_stream_ap_fixed_16_6_5_3_0_0_bias_6_load_2_read, i3 4, i1 %tpu_layer_2_stream_stream_ap_fixed_16_6_5_3_0_0_bias_5_load_2_read, i3 5, i1 %tpu_layer_2_stream_stream_ap_fixed_16_6_5_3_0_0_bias_4_load_2_read, i3 6, i1 %tpu_layer_2_stream_stream_ap_fixed_16_6_5_3_0_0_bias_3_load_2_read, i3 7, i1 %tpu_layer_2_stream_stream_ap_fixed_16_6_5_3_0_0_bias_2_load_2_read, i1 0, i3 %trunc_ln234" [../task_detection_tpu/tpu_accel.cpp:236]   --->   Operation 31 'sparsemux' 'tmp_18_i' <Predicate = (!icmp_ln234)> <Delay = 0.92> <CoreInst = "BinarySparseMux_DontCare">   --->   Core 137 'BinarySparseMux_DontCare' <Latency = 0> <II = 1> <Delay = 0.92> <FuncUnit> <Opcode : 'sparsemux'> <InPorts = 2> <OutPorts = 1>
ST_1 : Operation 32 [1/1] (0.00ns)   --->   "%zext_ln236 = zext i1 %tmp_18_i" [../task_detection_tpu/tpu_accel.cpp:236]   --->   Operation 32 'zext' 'zext_ln236' <Predicate = (!icmp_ln234)> <Delay = 0.00>
ST_1 : Operation 33 [1/1] (1.34ns)   --->   "%add_ln236 = add i16 %tmp_17_i, i16 %zext_ln236" [../task_detection_tpu/tpu_accel.cpp:236]   --->   Operation 33 'add' 'add_ln236' <Predicate = (!icmp_ln234)> <Delay = 1.34> <CoreInst = "Adder">   --->   Core 1 'Adder' <Latency = 0> <II = 1> <Delay = 1.34> <FuncUnit> <Opcode : 'add' 'sub'> <InPorts = 2> <OutPorts = 1>
ST_1 : Operation 34 [1/1] (0.83ns)   --->   "%store_ln234 = store i4 %add_ln234, i4 %i" [../task_detection_tpu/tpu_accel.cpp:234]   --->   Operation 34 'store' 'store_ln234' <Predicate = (!icmp_ln234)> <Delay = 0.83>
ST_1 : Operation 40 [1/1] (0.83ns)   --->   "%ret_ln0 = ret"   --->   Operation 40 'ret' 'ret_ln0' <Predicate = (icmp_ln234)> <Delay = 0.83>

State 2 <SV = 1> <Delay = 2.46>
ST_2 : Operation 35 [1/1] (0.00ns)   --->   "%specpipeline_ln235 = specpipeline void @_ssdm_op_SpecPipeline, i32 1, i32 0, i32 0, i32 0, i32 4294967295, void @empty_9" [../task_detection_tpu/tpu_accel.cpp:235]   --->   Operation 35 'specpipeline' 'specpipeline_ln235' <Predicate = true> <Delay = 0.00>
ST_2 : Operation 36 [1/1] (0.00ns)   --->   "%speclooptripcount_ln234 = speclooptripcount void @_ssdm_op_SpecLoopTripCount, i64 8, i64 8, i64 8" [../task_detection_tpu/tpu_accel.cpp:234]   --->   Operation 36 'speclooptripcount' 'speclooptripcount_ln234' <Predicate = true> <Delay = 0.00>
ST_2 : Operation 37 [1/1] (0.00ns)   --->   "%specloopname_ln234 = specloopname void @_ssdm_op_SpecLoopName, void @empty_19" [../task_detection_tpu/tpu_accel.cpp:234]   --->   Operation 37 'specloopname' 'specloopname_ln234' <Predicate = true> <Delay = 0.00>
ST_2 : Operation 38 [1/1] ( I:2.46ns O:2.46ns )   --->   "%write_ln236 = write void @_ssdm_op_Write.ap_fifo.volatile.i16P0A, i16 %stream_l2_to_l3, i16 %add_ln236" [../task_detection_tpu/tpu_accel.cpp:236]   --->   Operation 38 'write' 'write_ln236' <Predicate = true> <Delay = 2.46> <CoreInst = "FIFO_SRL">   --->   Core 80 'FIFO_SRL' <Latency = 0> <II = 1> <Delay = 2.46> <Storage> <Opcode : 'read' 'write' 'nbread' 'nbwrite'> <Ports = 0> <Width = 16> <Depth = 2> <FIFO>
ST_2 : Operation 39 [1/1] (0.00ns)   --->   "%br_ln234 = br void %for.body292.i" [../task_detection_tpu/tpu_accel.cpp:234]   --->   Operation 39 'br' 'br_ln234' <Predicate = true> <Delay = 0.00>


============================================================
+ Verbose Summary: Binding
============================================================
STG Binding: 
---------------- STG Properties BEGIN ----------------
- Is combinational: 0
- Is one-state seq: 0
- Is datapath-only: 0
- Is pipelined: 0
- Is top level: 0
Port [ Return ] is wired: 1; IO mode=ap_ctrl_hs:ce=0
Port [ y_tile_2_0_i]:  wired=1; compound=0; hidden=0; nouse=0; global=0; static=0; extern=0; dir=0; type=0; pingpong=0; private_global=0; IO mode=ap_none:ce=0
Port [ y_tile_2_1_0_i]:  wired=1; compound=0; hidden=0; nouse=0; global=0; static=0; extern=0; dir=0; type=0; pingpong=0; private_global=0; IO mode=ap_none:ce=0
Port [ y_tile_2_2_0_i]:  wired=1; compound=0; hidden=0; nouse=0; global=0; static=0; extern=0; dir=0; type=0; pingpong=0; private_global=0; IO mode=ap_none:ce=0
Port [ y_tile_2_3_0_i]:  wired=1; compound=0; hidden=0; nouse=0; global=0; static=0; extern=0; dir=0; type=0; pingpong=0; private_global=0; IO mode=ap_none:ce=0
Port [ y_tile_2_4_0_i]:  wired=1; compound=0; hidden=0; nouse=0; global=0; static=0; extern=0; dir=0; type=0; pingpong=0; private_global=0; IO mode=ap_none:ce=0
Port [ y_tile_2_5_0_i]:  wired=1; compound=0; hidden=0; nouse=0; global=0; static=0; extern=0; dir=0; type=0; pingpong=0; private_global=0; IO mode=ap_none:ce=0
Port [ y_tile_2_6_0_i]:  wired=1; compound=0; hidden=0; nouse=0; global=0; static=0; extern=0; dir=0; type=0; pingpong=0; private_global=0; IO mode=ap_none:ce=0
Port [ y_tile_2_7_0_i]:  wired=1; compound=0; hidden=0; nouse=0; global=0; static=0; extern=0; dir=0; type=0; pingpong=0; private_global=0; IO mode=ap_none:ce=0
Port [ tpu_layer_2_stream_ap_fixed_0_stream_ap_fixed_16_6_5_3_0_0_bias_7_load_2]:  wired=1; compound=0; hidden=0; nouse=0; global=0; static=0; extern=0; dir=0; type=0; pingpong=0; private_global=0; IO mode=ap_none:ce=0
Port [ tpu_layer_2_stream_ap_fixed_0_stream_ap_fixed_16_6_5_3_0_0_bias_1_load_2]:  wired=1; compound=0; hidden=0; nouse=0; global=0; static=0; extern=0; dir=0; type=0; pingpong=0; private_global=0; IO mode=ap_none:ce=0
Port [ tpu_layer_2_stream_ap_fixed_0_stream_ap_fixed_16_6_5_3_0_0_bias_load_2]:  wired=1; compound=0; hidden=0; nouse=0; global=0; static=0; extern=0; dir=0; type=0; pingpong=0; private_global=0; IO mode=ap_none:ce=0
Port [ tpu_layer_2_stream_ap_fixed_0_stream_ap_fixed_16_6_5_3_0_0_bias_6_load_2]:  wired=1; compound=0; hidden=0; nouse=0; global=0; static=0; extern=0; dir=0; type=0; pingpong=0; private_global=0; IO mode=ap_none:ce=0
Port [ tpu_layer_2_stream_ap_fixed_0_stream_ap_fixed_16_6_5_3_0_0_bias_5_load_2]:  wired=1; compound=0; hidden=0; nouse=0; global=0; static=0; extern=0; dir=0; type=0; pingpong=0; private_global=0; IO mode=ap_none:ce=0
Port [ tpu_layer_2_stream_ap_fixed_0_stream_ap_fixed_16_6_5_3_0_0_bias_4_load_2]:  wired=1; compound=0; hidden=0; nouse=0; global=0; static=0; extern=0; dir=0; type=0; pingpong=0; private_global=0; IO mode=ap_none:ce=0
Port [ tpu_layer_2_stream_ap_fixed_0_stream_ap_fixed_16_6_5_3_0_0_bias_3_load_2]:  wired=1; compound=0; hidden=0; nouse=0; global=0; static=0; extern=0; dir=0; type=0; pingpong=0; private_global=0; IO mode=ap_none:ce=0
Port [ tpu_layer_2_stream_ap_fixed_0_stream_ap_fixed_16_6_5_3_0_0_bias_2_load_2]:  wired=1; compound=0; hidden=0; nouse=0; global=0; static=0; extern=0; dir=0; type=0; pingpong=0; private_global=0; IO mode=ap_none:ce=0
Port [ stream_l2_to_l3]:  wired=1; compound=1; hidden=0; nouse=0; global=0; static=0; extern=0; dir=1; type=3; pingpong=0; private_global=0; IO mode=ap_fifo:ce=0
---------------- STG Properties END ------------------

---------------- Datapath Model BEGIN ----------------

<LifeTime>
<method=bitvector/>
i                                                                           (alloca           ) [ 010]
specinterface_ln0                                                           (specinterface    ) [ 000]
tpu_layer_2_stream_stream_ap_fixed_16_6_5_3_0_0_bias_2_load_2_read          (read             ) [ 000]
tpu_layer_2_stream_stream_ap_fixed_16_6_5_3_0_0_bias_3_load_2_read          (read             ) [ 000]
tpu_layer_2_stream_stream_ap_fixed_16_6_5_3_0_0_bias_4_load_2_read          (read             ) [ 000]
tpu_layer_2_stream_stream_ap_fixed_16_6_5_3_0_0_bias_5_load_2_read          (read             ) [ 000]
tpu_layer_2_stream_stream_ap_fixed_16_6_5_3_0_0_bias_6_load_2_read          (read             ) [ 000]
tpu_layer_2_stream_ap_fixed_0_stream_ap_fixed_16_6_5_3_0_0_bias_load_2_read (read             ) [ 000]
tpu_layer_2_stream_stream_ap_fixed_16_6_5_3_0_0_bias_1_load_2_read          (read             ) [ 000]
tpu_layer_2_stream_stream_ap_fixed_16_6_5_3_0_0_bias_7_load_2_read          (read             ) [ 000]
y_tile_2_7_0_i_read                                                         (read             ) [ 000]
y_tile_2_6_0_i_read                                                         (read             ) [ 000]
y_tile_2_5_0_i_read                                                         (read             ) [ 000]
y_tile_2_4_0_i_read                                                         (read             ) [ 000]
y_tile_2_3_0_i_read                                                         (read             ) [ 000]
y_tile_2_2_0_i_read                                                         (read             ) [ 000]
y_tile_2_1_0_i_read                                                         (read             ) [ 000]
y_tile_2_0_i_read                                                           (read             ) [ 000]
store_ln234                                                                 (store            ) [ 000]
br_ln0                                                                      (br               ) [ 000]
i_12                                                                        (load             ) [ 000]
icmp_ln234                                                                  (icmp             ) [ 010]
add_ln234                                                                   (add              ) [ 000]
br_ln234                                                                    (br               ) [ 000]
trunc_ln234                                                                 (trunc            ) [ 000]
tmp_17_i                                                                    (sparsemux        ) [ 000]
tmp_18_i                                                                    (sparsemux        ) [ 000]
zext_ln236                                                                  (zext             ) [ 000]
add_ln236                                                                   (add              ) [ 011]
store_ln234                                                                 (store            ) [ 000]
specpipeline_ln235                                                          (specpipeline     ) [ 000]
speclooptripcount_ln234                                                     (speclooptripcount) [ 000]
specloopname_ln234                                                          (specloopname     ) [ 000]
write_ln236                                                                 (write            ) [ 000]
br_ln234                                                                    (br               ) [ 000]
ret_ln0                                                                     (ret              ) [ 000]
</LifeTime>

<model>

<comp_list>
<comp id="0" class="1000" name="y_tile_2_0_i">
<pin_list>
<pin id="1" dir="1" index="0" bw="1" slack="0"/>
</pin_list>
<bind>
<StgValue><ssdm name="y_tile_2_0_i"/></StgValue>
</bind>
</comp>

<comp id="2" class="1000" name="y_tile_2_1_0_i">
<pin_list>
<pin id="3" dir="1" index="0" bw="1" slack="0"/>
</pin_list>
<bind>
<StgValue><ssdm name="y_tile_2_1_0_i"/></StgValue>
</bind>
</comp>

<comp id="4" class="1000" name="y_tile_2_2_0_i">
<pin_list>
<pin id="5" dir="1" index="0" bw="1" slack="0"/>
</pin_list>
<bind>
<StgValue><ssdm name="y_tile_2_2_0_i"/></StgValue>
</bind>
</comp>

<comp id="6" class="1000" name="y_tile_2_3_0_i">
<pin_list>
<pin id="7" dir="1" index="0" bw="1" slack="0"/>
</pin_list>
<bind>
<StgValue><ssdm name="y_tile_2_3_0_i"/></StgValue>
</bind>
</comp>

<comp id="8" class="1000" name="y_tile_2_4_0_i">
<pin_list>
<pin id="9" dir="1" index="0" bw="1" slack="0"/>
</pin_list>
<bind>
<StgValue><ssdm name="y_tile_2_4_0_i"/></StgValue>
</bind>
</comp>

<comp id="10" class="1000" name="y_tile_2_5_0_i">
<pin_list>
<pin id="11" dir="1" index="0" bw="1" slack="0"/>
</pin_list>
<bind>
<StgValue><ssdm name="y_tile_2_5_0_i"/></StgValue>
</bind>
</comp>

<comp id="12" class="1000" name="y_tile_2_6_0_i">
<pin_list>
<pin id="13" dir="1" index="0" bw="1" slack="0"/>
</pin_list>
<bind>
<StgValue><ssdm name="y_tile_2_6_0_i"/></StgValue>
</bind>
</comp>

<comp id="14" class="1000" name="y_tile_2_7_0_i">
<pin_list>
<pin id="15" dir="1" index="0" bw="1" slack="0"/>
</pin_list>
<bind>
<StgValue><ssdm name="y_tile_2_7_0_i"/></StgValue>
</bind>
</comp>

<comp id="16" class="1000" name="tpu_layer_2_stream_ap_fixed_0_stream_ap_fixed_16_6_5_3_0_0_bias_7_load_2">
<pin_list>
<pin id="17" dir="1" index="0" bw="1" slack="0"/>
</pin_list>
<bind>
<StgValue><ssdm name="tpu_layer_2_stream_ap_fixed_0_stream_ap_fixed_16_6_5_3_0_0_bias_7_load_2"/></StgValue>
</bind>
</comp>

<comp id="18" class="1000" name="tpu_layer_2_stream_ap_fixed_0_stream_ap_fixed_16_6_5_3_0_0_bias_1_load_2">
<pin_list>
<pin id="19" dir="1" index="0" bw="1" slack="0"/>
</pin_list>
<bind>
<StgValue><ssdm name="tpu_layer_2_stream_ap_fixed_0_stream_ap_fixed_16_6_5_3_0_0_bias_1_load_2"/></StgValue>
</bind>
</comp>

<comp id="20" class="1000" name="tpu_layer_2_stream_ap_fixed_0_stream_ap_fixed_16_6_5_3_0_0_bias_load_2">
<pin_list>
<pin id="21" dir="1" index="0" bw="1" slack="0"/>
</pin_list>
<bind>
<StgValue><ssdm name="tpu_layer_2_stream_ap_fixed_0_stream_ap_fixed_16_6_5_3_0_0_bias_load_2"/></StgValue>
</bind>
</comp>

<comp id="22" class="1000" name="tpu_layer_2_stream_ap_fixed_0_stream_ap_fixed_16_6_5_3_0_0_bias_6_load_2">
<pin_list>
<pin id="23" dir="1" index="0" bw="1" slack="0"/>
</pin_list>
<bind>
<StgValue><ssdm name="tpu_layer_2_stream_ap_fixed_0_stream_ap_fixed_16_6_5_3_0_0_bias_6_load_2"/></StgValue>
</bind>
</comp>

<comp id="24" class="1000" name="tpu_layer_2_stream_ap_fixed_0_stream_ap_fixed_16_6_5_3_0_0_bias_5_load_2">
<pin_list>
<pin id="25" dir="1" index="0" bw="1" slack="0"/>
</pin_list>
<bind>
<StgValue><ssdm name="tpu_layer_2_stream_ap_fixed_0_stream_ap_fixed_16_6_5_3_0_0_bias_5_load_2"/></StgValue>
</bind>
</comp>

<comp id="26" class="1000" name="tpu_layer_2_stream_ap_fixed_0_stream_ap_fixed_16_6_5_3_0_0_bias_4_load_2">
<pin_list>
<pin id="27" dir="1" index="0" bw="1" slack="0"/>
</pin_list>
<bind>
<StgValue><ssdm name="tpu_layer_2_stream_ap_fixed_0_stream_ap_fixed_16_6_5_3_0_0_bias_4_load_2"/></StgValue>
</bind>
</comp>

<comp id="28" class="1000" name="tpu_layer_2_stream_ap_fixed_0_stream_ap_fixed_16_6_5_3_0_0_bias_3_load_2">
<pin_list>
<pin id="29" dir="1" index="0" bw="1" slack="0"/>
</pin_list>
<bind>
<StgValue><ssdm name="tpu_layer_2_stream_ap_fixed_0_stream_ap_fixed_16_6_5_3_0_0_bias_3_load_2"/></StgValue>
</bind>
</comp>

<comp id="30" class="1000" name="tpu_layer_2_stream_ap_fixed_0_stream_ap_fixed_16_6_5_3_0_0_bias_2_load_2">
<pin_list>
<pin id="31" dir="1" index="0" bw="1" slack="0"/>
</pin_list>
<bind>
<StgValue><ssdm name="tpu_layer_2_stream_ap_fixed_0_stream_ap_fixed_16_6_5_3_0_0_bias_2_load_2"/></StgValue>
</bind>
</comp>

<comp id="32" class="1000" name="stream_l2_to_l3">
<pin_list>
<pin id="33" dir="1" index="0" bw="1" slack="0"/>
</pin_list>
<bind>
<StgValue><ssdm name="stream_l2_to_l3"/></StgValue>
</bind>
</comp>

<comp id="34" class="1001" name="const_34">
<pin_list>
<pin id="35" dir="1" index="0" bw="1" slack="0"/>
</pin_list>
<bind>
<StgValue><ssdm name=""/></StgValue>
</bind>
</comp>

<comp id="36" class="1001" name="const_36">
<pin_list>
<pin id="37" dir="1" index="0" bw="1" slack="2147483647"/>
</pin_list>
<bind>
<StgValue><ssdm name="_ssdm_op_SpecInterface"/></StgValue>
</bind>
</comp>

<comp id="38" class="1001" name="const_38">
<pin_list>
<pin id="39" dir="1" index="0" bw="1" slack="2147483647"/>
</pin_list>
<bind>
<StgValue><ssdm name="empty_7"/></StgValue>
</bind>
</comp>

<comp id="40" class="1001" name="const_40">
<pin_list>
<pin id="41" dir="1" index="0" bw="1" slack="2147483647"/>
</pin_list>
<bind>
<StgValue><ssdm name=""/></StgValue>
</bind>
</comp>

<comp id="42" class="1001" name="const_42">
<pin_list>
<pin id="43" dir="1" index="0" bw="1" slack="2147483647"/>
</pin_list>
<bind>
<StgValue><ssdm name="empty_9"/></StgValue>
</bind>
</comp>

<comp id="44" class="1001" name="const_44">
<pin_list>
<pin id="45" dir="1" index="0" bw="1" slack="2147483647"/>
</pin_list>
<bind>
<StgValue><ssdm name=""/></StgValue>
</bind>
</comp>

<comp id="46" class="1001" name="const_46">
<pin_list>
<pin id="47" dir="1" index="0" bw="1" slack="0"/>
</pin_list>
<bind>
<StgValue><ssdm name="_ssdm_op_Read.ap_auto.i1"/></StgValue>
</bind>
</comp>

<comp id="48" class="1001" name="const_48">
<pin_list>
<pin id="49" dir="1" index="0" bw="1" slack="0"/>
</pin_list>
<bind>
<StgValue><ssdm name="_ssdm_op_Read.ap_auto.i16"/></StgValue>
</bind>
</comp>

<comp id="50" class="1001" name="const_50">
<pin_list>
<pin id="51" dir="1" index="0" bw="1" slack="0"/>
</pin_list>
<bind>
<StgValue><ssdm name=""/></StgValue>
</bind>
</comp>

<comp id="52" class="1001" name="const_52">
<pin_list>
<pin id="53" dir="1" index="0" bw="1" slack="0"/>
</pin_list>
<bind>
<StgValue><ssdm name=""/></StgValue>
</bind>
</comp>

<comp id="54" class="1001" name="const_54">
<pin_list>
<pin id="55" dir="1" index="0" bw="1" slack="0"/>
</pin_list>
<bind>
<StgValue><ssdm name=""/></StgValue>
</bind>
</comp>

<comp id="56" class="1001" name="const_56">
<pin_list>
<pin id="57" dir="1" index="0" bw="1" slack="0"/>
</pin_list>
<bind>
<StgValue><ssdm name="_ssdm_op_SparseMux.ap_auto.8i16.i16.i3"/></StgValue>
</bind>
</comp>

<comp id="58" class="1001" name="const_58">
<pin_list>
<pin id="59" dir="1" index="0" bw="1" slack="0"/>
</pin_list>
<bind>
<StgValue><ssdm name=""/></StgValue>
</bind>
</comp>

<comp id="60" class="1001" name="const_60">
<pin_list>
<pin id="61" dir="1" index="0" bw="1" slack="0"/>
</pin_list>
<bind>
<StgValue><ssdm name=""/></StgValue>
</bind>
</comp>

<comp id="62" class="1001" name="const_62">
<pin_list>
<pin id="63" dir="1" index="0" bw="1" slack="0"/>
</pin_list>
<bind>
<StgValue><ssdm name=""/></StgValue>
</bind>
</comp>

<comp id="64" class="1001" name="const_64">
<pin_list>
<pin id="65" dir="1" index="0" bw="1" slack="0"/>
</pin_list>
<bind>
<StgValue><ssdm name=""/></StgValue>
</bind>
</comp>

<comp id="66" class="1001" name="const_66">
<pin_list>
<pin id="67" dir="1" index="0" bw="1" slack="0"/>
</pin_list>
<bind>
<StgValue><ssdm name=""/></StgValue>
</bind>
</comp>

<comp id="68" class="1001" name="const_68">
<pin_list>
<pin id="69" dir="1" index="0" bw="1" slack="0"/>
</pin_list>
<bind>
<StgValue><ssdm name=""/></StgValue>
</bind>
</comp>

<comp id="70" class="1001" name="const_70">
<pin_list>
<pin id="71" dir="1" index="0" bw="1" slack="0"/>
</pin_list>
<bind>
<StgValue><ssdm name=""/></StgValue>
</bind>
</comp>

<comp id="72" class="1001" name="const_72">
<pin_list>
<pin id="73" dir="1" index="0" bw="1" slack="0"/>
</pin_list>
<bind>
<StgValue><ssdm name=""/></StgValue>
</bind>
</comp>

<comp id="74" class="1001" name="const_74">
<pin_list>
<pin id="75" dir="1" index="0" bw="1" slack="0"/>
</pin_list>
<bind>
<StgValue><ssdm name=""/></StgValue>
</bind>
</comp>

<comp id="76" class="1001" name="const_76">
<pin_list>
<pin id="77" dir="1" index="0" bw="1" slack="0"/>
</pin_list>
<bind>
<StgValue><ssdm name="_ssdm_op_SparseMux.ap_auto.8i1.i1.i3"/></StgValue>
</bind>
</comp>

<comp id="78" class="1001" name="const_78">
<pin_list>
<pin id="79" dir="1" index="0" bw="1" slack="0"/>
</pin_list>
<bind>
<StgValue><ssdm name=""/></StgValue>
</bind>
</comp>

<comp id="80" class="1001" name="const_80">
<pin_list>
<pin id="81" dir="1" index="0" bw="1" slack="2147483647"/>
</pin_list>
<bind>
<StgValue><ssdm name="_ssdm_op_SpecPipeline"/></StgValue>
</bind>
</comp>

<comp id="82" class="1001" name="const_82">
<pin_list>
<pin id="83" dir="1" index="0" bw="1" slack="2147483647"/>
</pin_list>
<bind>
<StgValue><ssdm name="_ssdm_op_SpecLoopTripCount"/></StgValue>
</bind>
</comp>

<comp id="84" class="1001" name="const_84">
<pin_list>
<pin id="85" dir="1" index="0" bw="1" slack="2147483647"/>
</pin_list>
<bind>
<StgValue><ssdm name=""/></StgValue>
</bind>
</comp>

<comp id="86" class="1001" name="const_86">
<pin_list>
<pin id="87" dir="1" index="0" bw="1" slack="2147483647"/>
</pin_list>
<bind>
<StgValue><ssdm name="_ssdm_op_SpecLoopName"/></StgValue>
</bind>
</comp>

<comp id="88" class="1001" name="const_88">
<pin_list>
<pin id="89" dir="1" index="0" bw="1" slack="2147483647"/>
</pin_list>
<bind>
<StgValue><ssdm name="empty_19"/></StgValue>
</bind>
</comp>

<comp id="90" class="1001" name="const_90">
<pin_list>
<pin id="91" dir="1" index="0" bw="1" slack="0"/>
</pin_list>
<bind>
<StgValue><ssdm name="_ssdm_op_Write.ap_fifo.volatile.i16P0A"/></StgValue>
</bind>
</comp>

<comp id="92" class="1004" name="i_fu_92">
<pin_list>
<pin id="93" dir="0" index="0" bw="1" slack="0"/>
<pin id="94" dir="1" index="1" bw="4" slack="0"/>
</pin_list>
<bind>
<opcode="alloca(26) " fcode="alloca"/>
<opset="i/1 "/>
</bind>
</comp>

<comp id="96" class="1004" name="tpu_layer_2_stream_stream_ap_fixed_16_6_5_3_0_0_bias_2_load_2_read_read_fu_96">
<pin_list>
<pin id="97" dir="0" index="0" bw="1" slack="0"/>
<pin id="98" dir="0" index="1" bw="1" slack="0"/>
<pin id="99" dir="1" index="2" bw="1" slack="0"/>
</pin_list>
<bind>
<opcode="read(1150) " fcode="read"/>
<opset="tpu_layer_2_stream_stream_ap_fixed_16_6_5_3_0_0_bias_2_load_2_read/1 "/>
</bind>
</comp>

<comp id="102" class="1004" name="tpu_layer_2_stream_stream_ap_fixed_16_6_5_3_0_0_bias_3_load_2_read_read_fu_102">
<pin_list>
<pin id="103" dir="0" index="0" bw="1" slack="0"/>
<pin id="104" dir="0" index="1" bw="1" slack="0"/>
<pin id="105" dir="1" index="2" bw="1" slack="0"/>
</pin_list>
<bind>
<opcode="read(1150) " fcode="read"/>
<opset="tpu_layer_2_stream_stream_ap_fixed_16_6_5_3_0_0_bias_3_load_2_read/1 "/>
</bind>
</comp>

<comp id="108" class="1004" name="tpu_layer_2_stream_stream_ap_fixed_16_6_5_3_0_0_bias_4_load_2_read_read_fu_108">
<pin_list>
<pin id="109" dir="0" index="0" bw="1" slack="0"/>
<pin id="110" dir="0" index="1" bw="1" slack="0"/>
<pin id="111" dir="1" index="2" bw="1" slack="0"/>
</pin_list>
<bind>
<opcode="read(1150) " fcode="read"/>
<opset="tpu_layer_2_stream_stream_ap_fixed_16_6_5_3_0_0_bias_4_load_2_read/1 "/>
</bind>
</comp>

<comp id="114" class="1004" name="tpu_layer_2_stream_stream_ap_fixed_16_6_5_3_0_0_bias_5_load_2_read_read_fu_114">
<pin_list>
<pin id="115" dir="0" index="0" bw="1" slack="0"/>
<pin id="116" dir="0" index="1" bw="1" slack="0"/>
<pin id="117" dir="1" index="2" bw="1" slack="0"/>
</pin_list>
<bind>
<opcode="read(1150) " fcode="read"/>
<opset="tpu_layer_2_stream_stream_ap_fixed_16_6_5_3_0_0_bias_5_load_2_read/1 "/>
</bind>
</comp>

<comp id="120" class="1004" name="tpu_layer_2_stream_stream_ap_fixed_16_6_5_3_0_0_bias_6_load_2_read_read_fu_120">
<pin_list>
<pin id="121" dir="0" index="0" bw="1" slack="0"/>
<pin id="122" dir="0" index="1" bw="1" slack="0"/>
<pin id="123" dir="1" index="2" bw="1" slack="0"/>
</pin_list>
<bind>
<opcode="read(1150) " fcode="read"/>
<opset="tpu_layer_2_stream_stream_ap_fixed_16_6_5_3_0_0_bias_6_load_2_read/1 "/>
</bind>
</comp>

<comp id="126" class="1004" name="tpu_layer_2_stream_ap_fixed_0_stream_ap_fixed_16_6_5_3_0_0_bias_load_2_read_read_fu_126">
<pin_list>
<pin id="127" dir="0" index="0" bw="1" slack="0"/>
<pin id="128" dir="0" index="1" bw="1" slack="0"/>
<pin id="129" dir="1" index="2" bw="1" slack="0"/>
</pin_list>
<bind>
<opcode="read(1150) " fcode="read"/>
<opset="tpu_layer_2_stream_ap_fixed_0_stream_ap_fixed_16_6_5_3_0_0_bias_load_2_read/1 "/>
</bind>
</comp>

<comp id="132" class="1004" name="tpu_layer_2_stream_stream_ap_fixed_16_6_5_3_0_0_bias_1_load_2_read_read_fu_132">
<pin_list>
<pin id="133" dir="0" index="0" bw="1" slack="0"/>
<pin id="134" dir="0" index="1" bw="1" slack="0"/>
<pin id="135" dir="1" index="2" bw="1" slack="0"/>
</pin_list>
<bind>
<opcode="read(1150) " fcode="read"/>
<opset="tpu_layer_2_stream_stream_ap_fixed_16_6_5_3_0_0_bias_1_load_2_read/1 "/>
</bind>
</comp>

<comp id="138" class="1004" name="tpu_layer_2_stream_stream_ap_fixed_16_6_5_3_0_0_bias_7_load_2_read_read_fu_138">
<pin_list>
<pin id="139" dir="0" index="0" bw="1" slack="0"/>
<pin id="140" dir="0" index="1" bw="1" slack="0"/>
<pin id="141" dir="1" index="2" bw="1" slack="0"/>
</pin_list>
<bind>
<opcode="read(1150) " fcode="read"/>
<opset="tpu_layer_2_stream_stream_ap_fixed_16_6_5_3_0_0_bias_7_load_2_read/1 "/>
</bind>
</comp>

<comp id="144" class="1004" name="y_tile_2_7_0_i_read_read_fu_144">
<pin_list>
<pin id="145" dir="0" index="0" bw="16" slack="0"/>
<pin id="146" dir="0" index="1" bw="16" slack="0"/>
<pin id="147" dir="1" index="2" bw="16" slack="0"/>
</pin_list>
<bind>
<opcode="read(1150) " fcode="read"/>
<opset="y_tile_2_7_0_i_read/1 "/>
</bind>
</comp>

<comp id="150" class="1004" name="y_tile_2_6_0_i_read_read_fu_150">
<pin_list>
<pin id="151" dir="0" index="0" bw="16" slack="0"/>
<pin id="152" dir="0" index="1" bw="16" slack="0"/>
<pin id="153" dir="1" index="2" bw="16" slack="0"/>
</pin_list>
<bind>
<opcode="read(1150) " fcode="read"/>
<opset="y_tile_2_6_0_i_read/1 "/>
</bind>
</comp>

<comp id="156" class="1004" name="y_tile_2_5_0_i_read_read_fu_156">
<pin_list>
<pin id="157" dir="0" index="0" bw="16" slack="0"/>
<pin id="158" dir="0" index="1" bw="16" slack="0"/>
<pin id="159" dir="1" index="2" bw="16" slack="0"/>
</pin_list>
<bind>
<opcode="read(1150) " fcode="read"/>
<opset="y_tile_2_5_0_i_read/1 "/>
</bind>
</comp>

<comp id="162" class="1004" name="y_tile_2_4_0_i_read_read_fu_162">
<pin_list>
<pin id="163" dir="0" index="0" bw="16" slack="0"/>
<pin id="164" dir="0" index="1" bw="16" slack="0"/>
<pin id="165" dir="1" index="2" bw="16" slack="0"/>
</pin_list>
<bind>
<opcode="read(1150) " fcode="read"/>
<opset="y_tile_2_4_0_i_read/1 "/>
</bind>
</comp>

<comp id="168" class="1004" name="y_tile_2_3_0_i_read_read_fu_168">
<pin_list>
<pin id="169" dir="0" index="0" bw="16" slack="0"/>
<pin id="170" dir="0" index="1" bw="16" slack="0"/>
<pin id="171" dir="1" index="2" bw="16" slack="0"/>
</pin_list>
<bind>
<opcode="read(1150) " fcode="read"/>
<opset="y_tile_2_3_0_i_read/1 "/>
</bind>
</comp>

<comp id="174" class="1004" name="y_tile_2_2_0_i_read_read_fu_174">
<pin_list>
<pin id="175" dir="0" index="0" bw="16" slack="0"/>
<pin id="176" dir="0" index="1" bw="16" slack="0"/>
<pin id="177" dir="1" index="2" bw="16" slack="0"/>
</pin_list>
<bind>
<opcode="read(1150) " fcode="read"/>
<opset="y_tile_2_2_0_i_read/1 "/>
</bind>
</comp>

<comp id="180" class="1004" name="y_tile_2_1_0_i_read_read_fu_180">
<pin_list>
<pin id="181" dir="0" index="0" bw="16" slack="0"/>
<pin id="182" dir="0" index="1" bw="16" slack="0"/>
<pin id="183" dir="1" index="2" bw="16" slack="0"/>
</pin_list>
<bind>
<opcode="read(1150) " fcode="read"/>
<opset="y_tile_2_1_0_i_read/1 "/>
</bind>
</comp>

<comp id="186" class="1004" name="y_tile_2_0_i_read_read_fu_186">
<pin_list>
<pin id="187" dir="0" index="0" bw="16" slack="0"/>
<pin id="188" dir="0" index="1" bw="16" slack="0"/>
<pin id="189" dir="1" index="2" bw="16" slack="0"/>
</pin_list>
<bind>
<opcode="read(1150) " fcode="read"/>
<opset="y_tile_2_0_i_read/1 "/>
</bind>
</comp>

<comp id="192" class="1004" name="write_ln236_write_fu_192">
<pin_list>
<pin id="193" dir="0" index="0" bw="0" slack="0"/>
<pin id="194" dir="0" index="1" bw="16" slack="0"/>
<pin id="195" dir="0" index="2" bw="16" slack="1"/>
<pin id="196" dir="1" index="3" bw="0" slack="2147483647"/>
</pin_list>
<bind>
<opcode="write(1151) " fcode="write"/>
<opset="write_ln236/2 "/>
</bind>
</comp>

<comp id="199" class="1004" name="store_ln234_store_fu_199">
<pin_list>
<pin id="200" dir="0" index="0" bw="1" slack="0"/>
<pin id="201" dir="0" index="1" bw="4" slack="0"/>
<pin id="202" dir="1" index="2" bw="0" slack="2147483647"/>
</pin_list>
<bind>
<opcode="store(28) " fcode="store"/>
<opset="store_ln234/1 "/>
</bind>
</comp>

<comp id="204" class="1004" name="i_12_load_fu_204">
<pin_list>
<pin id="205" dir="0" index="0" bw="4" slack="0"/>
<pin id="206" dir="1" index="1" bw="4" slack="0"/>
</pin_list>
<bind>
<opcode="load(27) " fcode="load"/>
<opset="i_12/1 "/>
</bind>
</comp>

<comp id="207" class="1004" name="icmp_ln234_fu_207">
<pin_list>
<pin id="208" dir="0" index="0" bw="4" slack="0"/>
<pin id="209" dir="0" index="1" bw="4" slack="0"/>
<pin id="210" dir="1" index="2" bw="1" slack="2147483647"/>
</pin_list>
<bind>
<opcode="icmp(45) " fcode="icmp"/>
<opset="icmp_ln234/1 "/>
</bind>
</comp>

<comp id="213" class="1004" name="add_ln234_fu_213">
<pin_list>
<pin id="214" dir="0" index="0" bw="4" slack="0"/>
<pin id="215" dir="0" index="1" bw="1" slack="0"/>
<pin id="216" dir="1" index="2" bw="4" slack="0"/>
</pin_list>
<bind>
<opcode="add(8) " fcode="add"/>
<opset="add_ln234/1 "/>
</bind>
</comp>

<comp id="219" class="1004" name="trunc_ln234_fu_219">
<pin_list>
<pin id="220" dir="0" index="0" bw="4" slack="0"/>
<pin id="221" dir="1" index="1" bw="3" slack="0"/>
</pin_list>
<bind>
<opcode="trunc(33) " fcode="trunc"/>
<opset="trunc_ln234/1 "/>
</bind>
</comp>

<comp id="223" class="1004" name="tmp_17_i_fu_223">
<pin_list>
<pin id="224" dir="0" index="0" bw="16" slack="0"/>
<pin id="225" dir="0" index="1" bw="3" slack="0"/>
<pin id="226" dir="0" index="2" bw="16" slack="0"/>
<pin id="227" dir="0" index="3" bw="3" slack="0"/>
<pin id="228" dir="0" index="4" bw="16" slack="0"/>
<pin id="229" dir="0" index="5" bw="3" slack="0"/>
<pin id="230" dir="0" index="6" bw="16" slack="0"/>
<pin id="231" dir="0" index="7" bw="3" slack="0"/>
<pin id="232" dir="0" index="8" bw="16" slack="0"/>
<pin id="233" dir="0" index="9" bw="3" slack="0"/>
<pin id="234" dir="0" index="10" bw="16" slack="0"/>
<pin id="235" dir="0" index="11" bw="3" slack="0"/>
<pin id="236" dir="0" index="12" bw="16" slack="0"/>
<pin id="237" dir="0" index="13" bw="3" slack="0"/>
<pin id="238" dir="0" index="14" bw="16" slack="0"/>
<pin id="239" dir="0" index="15" bw="3" slack="0"/>
<pin id="240" dir="0" index="16" bw="16" slack="0"/>
<pin id="241" dir="0" index="17" bw="16" slack="0"/>
<pin id="242" dir="0" index="18" bw="3" slack="0"/>
<pin id="243" dir="1" index="19" bw="16" slack="0"/>
</pin_list>
<bind>
<opcode="sparsemux(1197) " fcode="sparsemux"/>
<opset="tmp_17_i/1 "/>
</bind>
</comp>

<comp id="263" class="1004" name="tmp_18_i_fu_263">
<pin_list>
<pin id="264" dir="0" index="0" bw="1" slack="0"/>
<pin id="265" dir="0" index="1" bw="3" slack="0"/>
<pin id="266" dir="0" index="2" bw="1" slack="0"/>
<pin id="267" dir="0" index="3" bw="3" slack="0"/>
<pin id="268" dir="0" index="4" bw="1" slack="0"/>
<pin id="269" dir="0" index="5" bw="3" slack="0"/>
<pin id="270" dir="0" index="6" bw="1" slack="0"/>
<pin id="271" dir="0" index="7" bw="3" slack="0"/>
<pin id="272" dir="0" index="8" bw="1" slack="0"/>
<pin id="273" dir="0" index="9" bw="3" slack="0"/>
<pin id="274" dir="0" index="10" bw="1" slack="0"/>
<pin id="275" dir="0" index="11" bw="3" slack="0"/>
<pin id="276" dir="0" index="12" bw="1" slack="0"/>
<pin id="277" dir="0" index="13" bw="3" slack="0"/>
<pin id="278" dir="0" index="14" bw="1" slack="0"/>
<pin id="279" dir="0" index="15" bw="3" slack="0"/>
<pin id="280" dir="0" index="16" bw="1" slack="0"/>
<pin id="281" dir="0" index="17" bw="1" slack="0"/>
<pin id="282" dir="0" index="18" bw="3" slack="0"/>
<pin id="283" dir="1" index="19" bw="1" slack="0"/>
</pin_list>
<bind>
<opcode="sparsemux(1197) " fcode="sparsemux"/>
<opset="tmp_18_i/1 "/>
</bind>
</comp>

<comp id="303" class="1004" name="zext_ln236_fu_303">
<pin_list>
<pin id="304" dir="0" index="0" bw="1" slack="0"/>
<pin id="305" dir="1" index="1" bw="16" slack="0"/>
</pin_list>
<bind>
<opcode="zext(34) " fcode="zext"/>
<opset="zext_ln236/1 "/>
</bind>
</comp>

<comp id="307" class="1004" name="add_ln236_fu_307">
<pin_list>
<pin id="308" dir="0" index="0" bw="16" slack="0"/>
<pin id="309" dir="0" index="1" bw="1" slack="0"/>
<pin id="310" dir="1" index="2" bw="16" slack="1"/>
</pin_list>
<bind>
<opcode="add(8) " fcode="add"/>
<opset="add_ln236/1 "/>
</bind>
</comp>

<comp id="313" class="1004" name="store_ln234_store_fu_313">
<pin_list>
<pin id="314" dir="0" index="0" bw="4" slack="0"/>
<pin id="315" dir="0" index="1" bw="4" slack="0"/>
<pin id="316" dir="1" index="2" bw="0" slack="2147483647"/>
</pin_list>
<bind>
<opcode="store(28) " fcode="store"/>
<opset="store_ln234/1 "/>
</bind>
</comp>

<comp id="318" class="1005" name="i_reg_318">
<pin_list>
<pin id="319" dir="0" index="0" bw="4" slack="0"/>
<pin id="320" dir="1" index="1" bw="4" slack="0"/>
</pin_list>
<bind>
<opset="i "/>
</bind>
</comp>

<comp id="328" class="1005" name="add_ln236_reg_328">
<pin_list>
<pin id="329" dir="0" index="0" bw="16" slack="1"/>
<pin id="330" dir="1" index="1" bw="16" slack="1"/>
</pin_list>
<bind>
<opset="add_ln236 "/>
</bind>
</comp>

</comp_list>

<net_list>
<net id="95"><net_src comp="34" pin="0"/><net_sink comp="92" pin=0"/></net>

<net id="100"><net_src comp="46" pin="0"/><net_sink comp="96" pin=0"/></net>

<net id="101"><net_src comp="30" pin="0"/><net_sink comp="96" pin=1"/></net>

<net id="106"><net_src comp="46" pin="0"/><net_sink comp="102" pin=0"/></net>

<net id="107"><net_src comp="28" pin="0"/><net_sink comp="102" pin=1"/></net>

<net id="112"><net_src comp="46" pin="0"/><net_sink comp="108" pin=0"/></net>

<net id="113"><net_src comp="26" pin="0"/><net_sink comp="108" pin=1"/></net>

<net id="118"><net_src comp="46" pin="0"/><net_sink comp="114" pin=0"/></net>

<net id="119"><net_src comp="24" pin="0"/><net_sink comp="114" pin=1"/></net>

<net id="124"><net_src comp="46" pin="0"/><net_sink comp="120" pin=0"/></net>

<net id="125"><net_src comp="22" pin="0"/><net_sink comp="120" pin=1"/></net>

<net id="130"><net_src comp="46" pin="0"/><net_sink comp="126" pin=0"/></net>

<net id="131"><net_src comp="20" pin="0"/><net_sink comp="126" pin=1"/></net>

<net id="136"><net_src comp="46" pin="0"/><net_sink comp="132" pin=0"/></net>

<net id="137"><net_src comp="18" pin="0"/><net_sink comp="132" pin=1"/></net>

<net id="142"><net_src comp="46" pin="0"/><net_sink comp="138" pin=0"/></net>

<net id="143"><net_src comp="16" pin="0"/><net_sink comp="138" pin=1"/></net>

<net id="148"><net_src comp="48" pin="0"/><net_sink comp="144" pin=0"/></net>

<net id="149"><net_src comp="14" pin="0"/><net_sink comp="144" pin=1"/></net>

<net id="154"><net_src comp="48" pin="0"/><net_sink comp="150" pin=0"/></net>

<net id="155"><net_src comp="12" pin="0"/><net_sink comp="150" pin=1"/></net>

<net id="160"><net_src comp="48" pin="0"/><net_sink comp="156" pin=0"/></net>

<net id="161"><net_src comp="10" pin="0"/><net_sink comp="156" pin=1"/></net>

<net id="166"><net_src comp="48" pin="0"/><net_sink comp="162" pin=0"/></net>

<net id="167"><net_src comp="8" pin="0"/><net_sink comp="162" pin=1"/></net>

<net id="172"><net_src comp="48" pin="0"/><net_sink comp="168" pin=0"/></net>

<net id="173"><net_src comp="6" pin="0"/><net_sink comp="168" pin=1"/></net>

<net id="178"><net_src comp="48" pin="0"/><net_sink comp="174" pin=0"/></net>

<net id="179"><net_src comp="4" pin="0"/><net_sink comp="174" pin=1"/></net>

<net id="184"><net_src comp="48" pin="0"/><net_sink comp="180" pin=0"/></net>

<net id="185"><net_src comp="2" pin="0"/><net_sink comp="180" pin=1"/></net>

<net id="190"><net_src comp="48" pin="0"/><net_sink comp="186" pin=0"/></net>

<net id="191"><net_src comp="0" pin="0"/><net_sink comp="186" pin=1"/></net>

<net id="197"><net_src comp="90" pin="0"/><net_sink comp="192" pin=0"/></net>

<net id="198"><net_src comp="32" pin="0"/><net_sink comp="192" pin=1"/></net>

<net id="203"><net_src comp="50" pin="0"/><net_sink comp="199" pin=0"/></net>

<net id="211"><net_src comp="204" pin="1"/><net_sink comp="207" pin=0"/></net>

<net id="212"><net_src comp="52" pin="0"/><net_sink comp="207" pin=1"/></net>

<net id="217"><net_src comp="204" pin="1"/><net_sink comp="213" pin=0"/></net>

<net id="218"><net_src comp="54" pin="0"/><net_sink comp="213" pin=1"/></net>

<net id="222"><net_src comp="204" pin="1"/><net_sink comp="219" pin=0"/></net>

<net id="244"><net_src comp="56" pin="0"/><net_sink comp="223" pin=0"/></net>

<net id="245"><net_src comp="58" pin="0"/><net_sink comp="223" pin=1"/></net>

<net id="246"><net_src comp="186" pin="2"/><net_sink comp="223" pin=2"/></net>

<net id="247"><net_src comp="60" pin="0"/><net_sink comp="223" pin=3"/></net>

<net id="248"><net_src comp="180" pin="2"/><net_sink comp="223" pin=4"/></net>

<net id="249"><net_src comp="62" pin="0"/><net_sink comp="223" pin=5"/></net>

<net id="250"><net_src comp="174" pin="2"/><net_sink comp="223" pin=6"/></net>

<net id="251"><net_src comp="64" pin="0"/><net_sink comp="223" pin=7"/></net>

<net id="252"><net_src comp="168" pin="2"/><net_sink comp="223" pin=8"/></net>

<net id="253"><net_src comp="66" pin="0"/><net_sink comp="223" pin=9"/></net>

<net id="254"><net_src comp="162" pin="2"/><net_sink comp="223" pin=10"/></net>

<net id="255"><net_src comp="68" pin="0"/><net_sink comp="223" pin=11"/></net>

<net id="256"><net_src comp="156" pin="2"/><net_sink comp="223" pin=12"/></net>

<net id="257"><net_src comp="70" pin="0"/><net_sink comp="223" pin=13"/></net>

<net id="258"><net_src comp="150" pin="2"/><net_sink comp="223" pin=14"/></net>

<net id="259"><net_src comp="72" pin="0"/><net_sink comp="223" pin=15"/></net>

<net id="260"><net_src comp="144" pin="2"/><net_sink comp="223" pin=16"/></net>

<net id="261"><net_src comp="74" pin="0"/><net_sink comp="223" pin=17"/></net>

<net id="262"><net_src comp="219" pin="1"/><net_sink comp="223" pin=18"/></net>

<net id="284"><net_src comp="76" pin="0"/><net_sink comp="263" pin=0"/></net>

<net id="285"><net_src comp="58" pin="0"/><net_sink comp="263" pin=1"/></net>

<net id="286"><net_src comp="138" pin="2"/><net_sink comp="263" pin=2"/></net>

<net id="287"><net_src comp="60" pin="0"/><net_sink comp="263" pin=3"/></net>

<net id="288"><net_src comp="132" pin="2"/><net_sink comp="263" pin=4"/></net>

<net id="289"><net_src comp="62" pin="0"/><net_sink comp="263" pin=5"/></net>

<net id="290"><net_src comp="126" pin="2"/><net_sink comp="263" pin=6"/></net>

<net id="291"><net_src comp="64" pin="0"/><net_sink comp="263" pin=7"/></net>

<net id="292"><net_src comp="120" pin="2"/><net_sink comp="263" pin=8"/></net>

<net id="293"><net_src comp="66" pin="0"/><net_sink comp="263" pin=9"/></net>

<net id="294"><net_src comp="114" pin="2"/><net_sink comp="263" pin=10"/></net>

<net id="295"><net_src comp="68" pin="0"/><net_sink comp="263" pin=11"/></net>

<net id="296"><net_src comp="108" pin="2"/><net_sink comp="263" pin=12"/></net>

<net id="297"><net_src comp="70" pin="0"/><net_sink comp="263" pin=13"/></net>

<net id="298"><net_src comp="102" pin="2"/><net_sink comp="263" pin=14"/></net>

<net id="299"><net_src comp="72" pin="0"/><net_sink comp="263" pin=15"/></net>

<net id="300"><net_src comp="96" pin="2"/><net_sink comp="263" pin=16"/></net>

<net id="301"><net_src comp="78" pin="0"/><net_sink comp="263" pin=17"/></net>

<net id="302"><net_src comp="219" pin="1"/><net_sink comp="263" pin=18"/></net>

<net id="306"><net_src comp="263" pin="19"/><net_sink comp="303" pin=0"/></net>

<net id="311"><net_src comp="223" pin="19"/><net_sink comp="307" pin=0"/></net>

<net id="312"><net_src comp="303" pin="1"/><net_sink comp="307" pin=1"/></net>

<net id="317"><net_src comp="213" pin="2"/><net_sink comp="313" pin=0"/></net>

<net id="321"><net_src comp="92" pin="1"/><net_sink comp="318" pin=0"/></net>

<net id="322"><net_src comp="318" pin="1"/><net_sink comp="199" pin=1"/></net>

<net id="323"><net_src comp="318" pin="1"/><net_sink comp="204" pin=0"/></net>

<net id="324"><net_src comp="318" pin="1"/><net_sink comp="313" pin=1"/></net>

<net id="331"><net_src comp="307" pin="2"/><net_sink comp="328" pin=0"/></net>

<net id="332"><net_src comp="328" pin="1"/><net_sink comp="192" pin=2"/></net>

</net_list>

</model> 
---------------- Datapath Model END ------------------

* FSMD analyzer results:
  - Output states:
	Port: stream_l2_to_l3 | {2 }
 - Input state : 
	Port: tpu_layer_2_Pipeline_VITIS_LOOP_234_13 : y_tile_2_0_i | {1 }
	Port: tpu_layer_2_Pipeline_VITIS_LOOP_234_13 : y_tile_2_1_0_i | {1 }
	Port: tpu_layer_2_Pipeline_VITIS_LOOP_234_13 : y_tile_2_2_0_i | {1 }
	Port: tpu_layer_2_Pipeline_VITIS_LOOP_234_13 : y_tile_2_3_0_i | {1 }
	Port: tpu_layer_2_Pipeline_VITIS_LOOP_234_13 : y_tile_2_4_0_i | {1 }
	Port: tpu_layer_2_Pipeline_VITIS_LOOP_234_13 : y_tile_2_5_0_i | {1 }
	Port: tpu_layer_2_Pipeline_VITIS_LOOP_234_13 : y_tile_2_6_0_i | {1 }
	Port: tpu_layer_2_Pipeline_VITIS_LOOP_234_13 : y_tile_2_7_0_i | {1 }
	Port: tpu_layer_2_Pipeline_VITIS_LOOP_234_13 : tpu_layer_2_stream_ap_fixed_0_stream_ap_fixed_16_6_5_3_0_0_bias_7_load_2 | {1 }
	Port: tpu_layer_2_Pipeline_VITIS_LOOP_234_13 : tpu_layer_2_stream_ap_fixed_0_stream_ap_fixed_16_6_5_3_0_0_bias_1_load_2 | {1 }
	Port: tpu_layer_2_Pipeline_VITIS_LOOP_234_13 : tpu_layer_2_stream_ap_fixed_0_stream_ap_fixed_16_6_5_3_0_0_bias_load_2 | {1 }
	Port: tpu_layer_2_Pipeline_VITIS_LOOP_234_13 : tpu_layer_2_stream_ap_fixed_0_stream_ap_fixed_16_6_5_3_0_0_bias_6_load_2 | {1 }
	Port: tpu_layer_2_Pipeline_VITIS_LOOP_234_13 : tpu_layer_2_stream_ap_fixed_0_stream_ap_fixed_16_6_5_3_0_0_bias_5_load_2 | {1 }
	Port: tpu_layer_2_Pipeline_VITIS_LOOP_234_13 : tpu_layer_2_stream_ap_fixed_0_stream_ap_fixed_16_6_5_3_0_0_bias_4_load_2 | {1 }
	Port: tpu_layer_2_Pipeline_VITIS_LOOP_234_13 : tpu_layer_2_stream_ap_fixed_0_stream_ap_fixed_16_6_5_3_0_0_bias_3_load_2 | {1 }
	Port: tpu_layer_2_Pipeline_VITIS_LOOP_234_13 : tpu_layer_2_stream_ap_fixed_0_stream_ap_fixed_16_6_5_3_0_0_bias_2_load_2 | {1 }
  - Chain level:
	State 1
		store_ln234 : 1
		i_12 : 1
		icmp_ln234 : 2
		add_ln234 : 2
		br_ln234 : 3
		trunc_ln234 : 2
		tmp_17_i : 3
		tmp_18_i : 3
		zext_ln236 : 4
		add_ln236 : 5
		store_ln234 : 3
	State 2


============================================================
+ Verbose Summary: Datapath Resource usage 
============================================================

* Functional unit list:
|----------|-----------------------------------------------------------------------------------------|---------|---------|
| Operation|                                     Functional Unit                                     |    FF   |   LUT   |
|----------|-----------------------------------------------------------------------------------------|---------|---------|
| sparsemux|                                     tmp_17_i_fu_223                                     |    0    |    33   |
|          |                                     tmp_18_i_fu_263                                     |    0    |    33   |
|----------|-----------------------------------------------------------------------------------------|---------|---------|
|    add   |                                     add_ln234_fu_213                                    |    0    |    13   |
|          |                                     add_ln236_fu_307                                    |    0    |    23   |
|----------|-----------------------------------------------------------------------------------------|---------|---------|
|   icmp   |                                    icmp_ln234_fu_207                                    |    0    |    13   |
|----------|-----------------------------------------------------------------------------------------|---------|---------|
|          |      tpu_layer_2_stream_stream_ap_fixed_16_6_5_3_0_0_bias_2_load_2_read_read_fu_96      |    0    |    0    |
|          |      tpu_layer_2_stream_stream_ap_fixed_16_6_5_3_0_0_bias_3_load_2_read_read_fu_102     |    0    |    0    |
|          |      tpu_layer_2_stream_stream_ap_fixed_16_6_5_3_0_0_bias_4_load_2_read_read_fu_108     |    0    |    0    |
|          |      tpu_layer_2_stream_stream_ap_fixed_16_6_5_3_0_0_bias_5_load_2_read_read_fu_114     |    0    |    0    |
|          |      tpu_layer_2_stream_stream_ap_fixed_16_6_5_3_0_0_bias_6_load_2_read_read_fu_120     |    0    |    0    |
|          | tpu_layer_2_stream_ap_fixed_0_stream_ap_fixed_16_6_5_3_0_0_bias_load_2_read_read_fu_126 |    0    |    0    |
|          |      tpu_layer_2_stream_stream_ap_fixed_16_6_5_3_0_0_bias_1_load_2_read_read_fu_132     |    0    |    0    |
|   read   |      tpu_layer_2_stream_stream_ap_fixed_16_6_5_3_0_0_bias_7_load_2_read_read_fu_138     |    0    |    0    |
|          |                             y_tile_2_7_0_i_read_read_fu_144                             |    0    |    0    |
|          |                             y_tile_2_6_0_i_read_read_fu_150                             |    0    |    0    |
|          |                             y_tile_2_5_0_i_read_read_fu_156                             |    0    |    0    |
|          |                             y_tile_2_4_0_i_read_read_fu_162                             |    0    |    0    |
|          |                             y_tile_2_3_0_i_read_read_fu_168                             |    0    |    0    |
|          |                             y_tile_2_2_0_i_read_read_fu_174                             |    0    |    0    |
|          |                             y_tile_2_1_0_i_read_read_fu_180                             |    0    |    0    |
|          |                              y_tile_2_0_i_read_read_fu_186                              |    0    |    0    |
|----------|-----------------------------------------------------------------------------------------|---------|---------|
|   write  |                                 write_ln236_write_fu_192                                |    0    |    0    |
|----------|-----------------------------------------------------------------------------------------|---------|---------|
|   trunc  |                                    trunc_ln234_fu_219                                   |    0    |    0    |
|----------|-----------------------------------------------------------------------------------------|---------|---------|
|   zext   |                                    zext_ln236_fu_303                                    |    0    |    0    |
|----------|-----------------------------------------------------------------------------------------|---------|---------|
|   Total  |                                                                                         |    0    |   115   |
|----------|-----------------------------------------------------------------------------------------|---------|---------|

Memories:
N/A

* Register list:
+-----------------+--------+
|                 |   FF   |
+-----------------+--------+
|add_ln236_reg_328|   16   |
|    i_reg_318    |    4   |
+-----------------+--------+
|      Total      |   20   |
+-----------------+--------+

* Multiplexer (MUX) list: 
|--------|------|------|------|--------|
|  Comp  |  Pin | Size |  BW  | S x BW |
|--------|------|------|------|--------|
|  Total |      |      |      |    0   |
|--------|------|------|------|--------|



* Summary:
+-----------+--------+--------+
|           |   FF   |   LUT  |
+-----------+--------+--------+
|  Function |    0   |   115  |
|   Memory  |    -   |    -   |
|Multiplexer|    -   |    -   |
|  Register |   20   |    -   |
+-----------+--------+--------+
|   Total   |   20   |   115  |
+-----------+--------+--------+
