

================================================================
== Vitis HLS Report for 'tpu_layer_2_Pipeline_VITIS_LOOP_180_2'
================================================================
* Date:           Tue Jun 16 19:42:49 2026

* Version:        2025.2 (Build 6295257 on Nov 14 2025)
* Project:        tpu_integrated_accel
* Solution:       hls (Vivado IP Flow Target)
* Product family: kintex7
* Target device:  xc7k325t-ffg900-2


================================================================
== Performance Estimates
================================================================
+ Timing: 
    * Summary: 
    +--------+----------+----------+------------+
    |  Clock |  Target  | Estimated| Uncertainty|
    +--------+----------+----------+------------+
    |ap_clk  |  10.00 ns|  3.338 ns|     2.70 ns|
    +--------+----------+----------+------------+

+ Latency: 
    * Summary: 
    +---------+---------+----------+----------+-----+-----+-------------------+
    |  Latency (cycles) |  Latency (absolute) |  Interval |      Pipeline     |
    |   min   |   max   |    min   |    max   | min | max |        Type       |
    +---------+---------+----------+----------+-----+-----+-------------------+
    |      130|      130|  1.300 us|  1.300 us|    0|    0|  loop pipeline stp|
    +---------+---------+----------+----------+-----+-----+-------------------+

    + Detail: 
        * Instance: 
        N/A

        * Loop: 
        +--------------------+---------+---------+----------+-----------+-----------+------+----------+
        |                    |  Latency (cycles) | Iteration|  Initiation Interval  | Trip |          |
        |      Loop Name     |   min   |   max   |  Latency |  achieved |   target  | Count| Pipelined|
        +--------------------+---------+---------+----------+-----------+-----------+------+----------+
        |- VITIS_LOOP_180_2  |      128|      128|         1|          1|          1|   128|       yes|
        +--------------------+---------+---------+----------+-----------+-----------+------+----------+

============================================================
+ Verbose Summary: Synthesis Manager
============================================================
InlineROM: 1
ExposeGlobal: 0
============================================================
+ Verbose Summary: CDFG Model
============================================================
IsTopModel: 0
ResetActiveHigh: 1
IsCombinational: 0
IsDatapathOnly: 0
HasWiredReturn: 1
HasMFsm: 2
HasVarLatency: 1
IsPipeline: 0
IsRtlPipelined: 0
IsInstanceOverlapped: 0
IsDontTouch: 0
HasImplIP: 0
IsGatedGlobalClock: 0

+ Individual pipeline summary: 
  * Pipeline-0: initiation interval (II) = 1, depth = 1


============================================================
+ Verbose Summary: Schedule
============================================================
* Number of FSM states : 1
* Pipeline : 1
  Pipeline-0 : II = 1, D = 1, States = { 1 }
* Dataflow Pipeline: 0

* FSM state transitions: 
1 --> 

* FSM state operations: 

State 1 <SV = 0> <Delay = 3.33>
ST_1 : Operation 4 [1/1] (0.00ns)   --->   "%i_11 = alloca i32 1" [../task_detection_tpu/tpu_accel.cpp:180]   --->   Operation 4 'alloca' 'i_11' <Predicate = true> <Delay = 0.00>
ST_1 : Operation 5 [1/1] (0.83ns)   --->   "%store_ln180 = store i8 0, i8 %i_11" [../task_detection_tpu/tpu_accel.cpp:180]   --->   Operation 5 'store' 'store_ln180' <Predicate = true> <Delay = 0.83>
ST_1 : Operation 6 [1/1] (0.00ns)   --->   "%br_ln0 = br void %for.inc9.i"   --->   Operation 6 'br' 'br_ln0' <Predicate = true> <Delay = 0.00>
ST_1 : Operation 7 [1/1] (0.00ns)   --->   "%i = load i8 %i_11" [../task_detection_tpu/tpu_accel.cpp:180]   --->   Operation 7 'load' 'i' <Predicate = true> <Delay = 0.00>
ST_1 : Operation 8 [1/1] (1.35ns)   --->   "%icmp_ln180 = icmp_eq  i8 %i, i8 128" [../task_detection_tpu/tpu_accel.cpp:180]   --->   Operation 8 'icmp' 'icmp_ln180' <Predicate = true> <Delay = 1.35> <CoreInst = "Cmp">   --->   Core 9 'Cmp' <Latency = 0> <II = 1> <Delay = 1.35> <FuncUnit> <Opcode : 'seteq' 'setne' 'setle' 'setge' 'setlt' 'setgt'> <InPorts = 2> <OutPorts = 1>
ST_1 : Operation 9 [1/1] (1.35ns)   --->   "%add_ln180 = add i8 %i, i8 1" [../task_detection_tpu/tpu_accel.cpp:180]   --->   Operation 9 'add' 'add_ln180' <Predicate = true> <Delay = 1.35> <CoreInst = "Adder">   --->   Core 1 'Adder' <Latency = 0> <II = 1> <Delay = 1.35> <FuncUnit> <Opcode : 'add' 'sub'> <InPorts = 2> <OutPorts = 1>
ST_1 : Operation 10 [1/1] (0.00ns)   --->   "%br_ln180 = br i1 %icmp_ln180, void %for.inc9.split.i, void %for.inc38.i.preheader.exitStub" [../task_detection_tpu/tpu_accel.cpp:180]   --->   Operation 10 'br' 'br_ln180' <Predicate = true> <Delay = 0.00>
ST_1 : Operation 11 [1/1] (0.00ns)   --->   "%trunc_ln180 = trunc i8 %i" [../task_detection_tpu/tpu_accel.cpp:180]   --->   Operation 11 'trunc' 'trunc_ln180' <Predicate = (!icmp_ln180)> <Delay = 0.00>
ST_1 : Operation 12 [1/1] (0.00ns)   --->   "%specpipeline_ln180 = specpipeline void @_ssdm_op_SpecPipeline, i32 4294967295, i32 0, i32 0, i32 0, i32 4294967295, void @empty_9" [../task_detection_tpu/tpu_accel.cpp:180]   --->   Operation 12 'specpipeline' 'specpipeline_ln180' <Predicate = (!icmp_ln180)> <Delay = 0.00>
ST_1 : Operation 13 [1/1] (0.00ns)   --->   "%speclooptripcount_ln180 = speclooptripcount void @_ssdm_op_SpecLoopTripCount, i64 128, i64 128, i64 128" [../task_detection_tpu/tpu_accel.cpp:180]   --->   Operation 13 'speclooptripcount' 'speclooptripcount_ln180' <Predicate = (!icmp_ln180)> <Delay = 0.00>
ST_1 : Operation 14 [1/1] (0.00ns)   --->   "%specloopname_ln180 = specloopname void @_ssdm_op_SpecLoopName, void @empty_47" [../task_detection_tpu/tpu_accel.cpp:180]   --->   Operation 14 'specloopname' 'specloopname_ln180' <Predicate = (!icmp_ln180)> <Delay = 0.00>
ST_1 : Operation 15 [1/1] (0.00ns)   --->   "%lshr_ln2 = partselect i4 @_ssdm_op_PartSelect.i4.i8.i32.i32, i8 %i, i32 3, i32 6" [../task_detection_tpu/tpu_accel.cpp:180]   --->   Operation 15 'partselect' 'lshr_ln2' <Predicate = (!icmp_ln180)> <Delay = 0.00>
ST_1 : Operation 16 [1/1] (0.00ns)   --->   "%zext_ln180 = zext i4 %lshr_ln2" [../task_detection_tpu/tpu_accel.cpp:180]   --->   Operation 16 'zext' 'zext_ln180' <Predicate = (!icmp_ln180)> <Delay = 0.00>
ST_1 : Operation 17 [1/1] (0.00ns)   --->   "%tpu_layer_2_stream_ap_fixed_0_stream_ap_fixed_16_6_5_3_0_0_bias_7_addr = getelementptr i1 %tpu_layer_2_stream_ap_fixed_0_stream_ap_fixed_16_6_5_3_0_0_bias_7, i64 0, i64 %zext_ln180" [../task_detection_tpu/tpu_accel.cpp:180]   --->   Operation 17 'getelementptr' 'tpu_layer_2_stream_ap_fixed_0_stream_ap_fixed_16_6_5_3_0_0_bias_7_addr' <Predicate = (!icmp_ln180)> <Delay = 0.00>
ST_1 : Operation 18 [1/1] (0.00ns)   --->   "%tpu_layer_2_stream_ap_fixed_0_stream_ap_fixed_16_6_5_3_0_0_bias_1_addr = getelementptr i1 %tpu_layer_2_stream_ap_fixed_0_stream_ap_fixed_16_6_5_3_0_0_bias_1, i64 0, i64 %zext_ln180" [../task_detection_tpu/tpu_accel.cpp:180]   --->   Operation 18 'getelementptr' 'tpu_layer_2_stream_ap_fixed_0_stream_ap_fixed_16_6_5_3_0_0_bias_1_addr' <Predicate = (!icmp_ln180)> <Delay = 0.00>
ST_1 : Operation 19 [1/1] (0.00ns)   --->   "%tpu_layer_2_stream_ap_fixed_0_stream_ap_fixed_16_6_5_3_0_0_bias_addr = getelementptr i1 %tpu_layer_2_stream_ap_fixed_0_stream_ap_fixed_16_6_5_3_0_0_bias, i64 0, i64 %zext_ln180" [../task_detection_tpu/tpu_accel.cpp:180]   --->   Operation 19 'getelementptr' 'tpu_layer_2_stream_ap_fixed_0_stream_ap_fixed_16_6_5_3_0_0_bias_addr' <Predicate = (!icmp_ln180)> <Delay = 0.00>
ST_1 : Operation 20 [1/1] (0.00ns)   --->   "%tpu_layer_2_stream_ap_fixed_0_stream_ap_fixed_16_6_5_3_0_0_bias_6_addr = getelementptr i1 %tpu_layer_2_stream_ap_fixed_0_stream_ap_fixed_16_6_5_3_0_0_bias_6, i64 0, i64 %zext_ln180" [../task_detection_tpu/tpu_accel.cpp:180]   --->   Operation 20 'getelementptr' 'tpu_layer_2_stream_ap_fixed_0_stream_ap_fixed_16_6_5_3_0_0_bias_6_addr' <Predicate = (!icmp_ln180)> <Delay = 0.00>
ST_1 : Operation 21 [1/1] (0.00ns)   --->   "%tpu_layer_2_stream_ap_fixed_0_stream_ap_fixed_16_6_5_3_0_0_bias_5_addr = getelementptr i1 %tpu_layer_2_stream_ap_fixed_0_stream_ap_fixed_16_6_5_3_0_0_bias_5, i64 0, i64 %zext_ln180" [../task_detection_tpu/tpu_accel.cpp:180]   --->   Operation 21 'getelementptr' 'tpu_layer_2_stream_ap_fixed_0_stream_ap_fixed_16_6_5_3_0_0_bias_5_addr' <Predicate = (!icmp_ln180)> <Delay = 0.00>
ST_1 : Operation 22 [1/1] (0.00ns)   --->   "%tpu_layer_2_stream_ap_fixed_0_stream_ap_fixed_16_6_5_3_0_0_bias_4_addr = getelementptr i1 %tpu_layer_2_stream_ap_fixed_0_stream_ap_fixed_16_6_5_3_0_0_bias_4, i64 0, i64 %zext_ln180" [../task_detection_tpu/tpu_accel.cpp:180]   --->   Operation 22 'getelementptr' 'tpu_layer_2_stream_ap_fixed_0_stream_ap_fixed_16_6_5_3_0_0_bias_4_addr' <Predicate = (!icmp_ln180)> <Delay = 0.00>
ST_1 : Operation 23 [1/1] (0.00ns)   --->   "%tpu_layer_2_stream_ap_fixed_0_stream_ap_fixed_16_6_5_3_0_0_bias_3_addr = getelementptr i1 %tpu_layer_2_stream_ap_fixed_0_stream_ap_fixed_16_6_5_3_0_0_bias_3, i64 0, i64 %zext_ln180" [../task_detection_tpu/tpu_accel.cpp:180]   --->   Operation 23 'getelementptr' 'tpu_layer_2_stream_ap_fixed_0_stream_ap_fixed_16_6_5_3_0_0_bias_3_addr' <Predicate = (!icmp_ln180)> <Delay = 0.00>
ST_1 : Operation 24 [1/1] (0.00ns)   --->   "%tpu_layer_2_stream_ap_fixed_0_stream_ap_fixed_16_6_5_3_0_0_bias_2_addr = getelementptr i1 %tpu_layer_2_stream_ap_fixed_0_stream_ap_fixed_16_6_5_3_0_0_bias_2, i64 0, i64 %zext_ln180" [../task_detection_tpu/tpu_accel.cpp:180]   --->   Operation 24 'getelementptr' 'tpu_layer_2_stream_ap_fixed_0_stream_ap_fixed_16_6_5_3_0_0_bias_2_addr' <Predicate = (!icmp_ln180)> <Delay = 0.00>
ST_1 : Operation 25 [1/1] (0.93ns)   --->   "%switch_ln180 = switch i3 %trunc_ln180, void %arrayidx8.case.7.i, i3 0, void %arrayidx8.case.0.i, i3 1, void %arrayidx8.case.1.i, i3 2, void %arrayidx8.case.2.i, i3 3, void %arrayidx8.case.3.i, i3 4, void %arrayidx8.case.4.i, i3 5, void %arrayidx8.case.5.i, i3 6, void %arrayidx8.case.6.i" [../task_detection_tpu/tpu_accel.cpp:180]   --->   Operation 25 'switch' 'switch_ln180' <Predicate = (!icmp_ln180)> <Delay = 0.93>
ST_1 : Operation 26 [1/1] ( I:1.14ns O:1.14ns )   --->   "%store_ln180 = store i1 0, i4 %tpu_layer_2_stream_ap_fixed_0_stream_ap_fixed_16_6_5_3_0_0_bias_3_addr" [../task_detection_tpu/tpu_accel.cpp:180]   --->   Operation 26 'store' 'store_ln180' <Predicate = (!icmp_ln180 & trunc_ln180 == 6)> <Delay = 1.14> <CoreInst = "RAM">   --->   Core 81 'RAM' <Latency = 1> <II = 1> <Delay = 1.14> <Storage> <Opcode : 'load' 'store'> <Ports = 2> <Width = 1> <Depth = 16> <RAM>
ST_1 : Operation 27 [1/1] (0.00ns)   --->   "%br_ln180 = br void %arrayidx8.exit.i" [../task_detection_tpu/tpu_accel.cpp:180]   --->   Operation 27 'br' 'br_ln180' <Predicate = (!icmp_ln180 & trunc_ln180 == 6)> <Delay = 0.00>
ST_1 : Operation 28 [1/1] ( I:1.14ns O:1.14ns )   --->   "%store_ln180 = store i1 0, i4 %tpu_layer_2_stream_ap_fixed_0_stream_ap_fixed_16_6_5_3_0_0_bias_4_addr" [../task_detection_tpu/tpu_accel.cpp:180]   --->   Operation 28 'store' 'store_ln180' <Predicate = (!icmp_ln180 & trunc_ln180 == 5)> <Delay = 1.14> <CoreInst = "RAM">   --->   Core 81 'RAM' <Latency = 1> <II = 1> <Delay = 1.14> <Storage> <Opcode : 'load' 'store'> <Ports = 2> <Width = 1> <Depth = 16> <RAM>
ST_1 : Operation 29 [1/1] (0.00ns)   --->   "%br_ln180 = br void %arrayidx8.exit.i" [../task_detection_tpu/tpu_accel.cpp:180]   --->   Operation 29 'br' 'br_ln180' <Predicate = (!icmp_ln180 & trunc_ln180 == 5)> <Delay = 0.00>
ST_1 : Operation 30 [1/1] ( I:1.14ns O:1.14ns )   --->   "%store_ln180 = store i1 0, i4 %tpu_layer_2_stream_ap_fixed_0_stream_ap_fixed_16_6_5_3_0_0_bias_5_addr" [../task_detection_tpu/tpu_accel.cpp:180]   --->   Operation 30 'store' 'store_ln180' <Predicate = (!icmp_ln180 & trunc_ln180 == 4)> <Delay = 1.14> <CoreInst = "RAM">   --->   Core 81 'RAM' <Latency = 1> <II = 1> <Delay = 1.14> <Storage> <Opcode : 'load' 'store'> <Ports = 2> <Width = 1> <Depth = 16> <RAM>
ST_1 : Operation 31 [1/1] (0.00ns)   --->   "%br_ln180 = br void %arrayidx8.exit.i" [../task_detection_tpu/tpu_accel.cpp:180]   --->   Operation 31 'br' 'br_ln180' <Predicate = (!icmp_ln180 & trunc_ln180 == 4)> <Delay = 0.00>
ST_1 : Operation 32 [1/1] ( I:1.14ns O:1.14ns )   --->   "%store_ln180 = store i1 0, i4 %tpu_layer_2_stream_ap_fixed_0_stream_ap_fixed_16_6_5_3_0_0_bias_6_addr" [../task_detection_tpu/tpu_accel.cpp:180]   --->   Operation 32 'store' 'store_ln180' <Predicate = (!icmp_ln180 & trunc_ln180 == 3)> <Delay = 1.14> <CoreInst = "RAM">   --->   Core 81 'RAM' <Latency = 1> <II = 1> <Delay = 1.14> <Storage> <Opcode : 'load' 'store'> <Ports = 2> <Width = 1> <Depth = 16> <RAM>
ST_1 : Operation 33 [1/1] (0.00ns)   --->   "%br_ln180 = br void %arrayidx8.exit.i" [../task_detection_tpu/tpu_accel.cpp:180]   --->   Operation 33 'br' 'br_ln180' <Predicate = (!icmp_ln180 & trunc_ln180 == 3)> <Delay = 0.00>
ST_1 : Operation 34 [1/1] ( I:1.14ns O:1.14ns )   --->   "%store_ln180 = store i1 0, i4 %tpu_layer_2_stream_ap_fixed_0_stream_ap_fixed_16_6_5_3_0_0_bias_addr" [../task_detection_tpu/tpu_accel.cpp:180]   --->   Operation 34 'store' 'store_ln180' <Predicate = (!icmp_ln180 & trunc_ln180 == 2)> <Delay = 1.14> <CoreInst = "RAM">   --->   Core 81 'RAM' <Latency = 1> <II = 1> <Delay = 1.14> <Storage> <Opcode : 'load' 'store'> <Ports = 2> <Width = 1> <Depth = 16> <RAM>
ST_1 : Operation 35 [1/1] (0.00ns)   --->   "%br_ln180 = br void %arrayidx8.exit.i" [../task_detection_tpu/tpu_accel.cpp:180]   --->   Operation 35 'br' 'br_ln180' <Predicate = (!icmp_ln180 & trunc_ln180 == 2)> <Delay = 0.00>
ST_1 : Operation 36 [1/1] ( I:1.14ns O:1.14ns )   --->   "%store_ln180 = store i1 0, i4 %tpu_layer_2_stream_ap_fixed_0_stream_ap_fixed_16_6_5_3_0_0_bias_1_addr" [../task_detection_tpu/tpu_accel.cpp:180]   --->   Operation 36 'store' 'store_ln180' <Predicate = (!icmp_ln180 & trunc_ln180 == 1)> <Delay = 1.14> <CoreInst = "RAM">   --->   Core 81 'RAM' <Latency = 1> <II = 1> <Delay = 1.14> <Storage> <Opcode : 'load' 'store'> <Ports = 2> <Width = 1> <Depth = 16> <RAM>
ST_1 : Operation 37 [1/1] (0.00ns)   --->   "%br_ln180 = br void %arrayidx8.exit.i" [../task_detection_tpu/tpu_accel.cpp:180]   --->   Operation 37 'br' 'br_ln180' <Predicate = (!icmp_ln180 & trunc_ln180 == 1)> <Delay = 0.00>
ST_1 : Operation 38 [1/1] ( I:1.14ns O:1.14ns )   --->   "%store_ln180 = store i1 0, i4 %tpu_layer_2_stream_ap_fixed_0_stream_ap_fixed_16_6_5_3_0_0_bias_7_addr" [../task_detection_tpu/tpu_accel.cpp:180]   --->   Operation 38 'store' 'store_ln180' <Predicate = (!icmp_ln180 & trunc_ln180 == 0)> <Delay = 1.14> <CoreInst = "RAM">   --->   Core 81 'RAM' <Latency = 1> <II = 1> <Delay = 1.14> <Storage> <Opcode : 'load' 'store'> <Ports = 2> <Width = 1> <Depth = 16> <RAM>
ST_1 : Operation 39 [1/1] (0.00ns)   --->   "%br_ln180 = br void %arrayidx8.exit.i" [../task_detection_tpu/tpu_accel.cpp:180]   --->   Operation 39 'br' 'br_ln180' <Predicate = (!icmp_ln180 & trunc_ln180 == 0)> <Delay = 0.00>
ST_1 : Operation 40 [1/1] ( I:1.14ns O:1.14ns )   --->   "%store_ln180 = store i1 0, i4 %tpu_layer_2_stream_ap_fixed_0_stream_ap_fixed_16_6_5_3_0_0_bias_2_addr" [../task_detection_tpu/tpu_accel.cpp:180]   --->   Operation 40 'store' 'store_ln180' <Predicate = (!icmp_ln180 & trunc_ln180 == 7)> <Delay = 1.14> <CoreInst = "RAM">   --->   Core 81 'RAM' <Latency = 1> <II = 1> <Delay = 1.14> <Storage> <Opcode : 'load' 'store'> <Ports = 2> <Width = 1> <Depth = 16> <RAM>
ST_1 : Operation 41 [1/1] (0.00ns)   --->   "%br_ln180 = br void %arrayidx8.exit.i" [../task_detection_tpu/tpu_accel.cpp:180]   --->   Operation 41 'br' 'br_ln180' <Predicate = (!icmp_ln180 & trunc_ln180 == 7)> <Delay = 0.00>
ST_1 : Operation 42 [1/1] (0.83ns)   --->   "%store_ln180 = store i8 %add_ln180, i8 %i_11" [../task_detection_tpu/tpu_accel.cpp:180]   --->   Operation 42 'store' 'store_ln180' <Predicate = (!icmp_ln180)> <Delay = 0.83>
ST_1 : Operation 43 [1/1] (0.00ns)   --->   "%br_ln180 = br void %for.inc9.i" [../task_detection_tpu/tpu_accel.cpp:180]   --->   Operation 43 'br' 'br_ln180' <Predicate = (!icmp_ln180)> <Delay = 0.00>
ST_1 : Operation 44 [1/1] (0.83ns)   --->   "%ret_ln0 = ret"   --->   Operation 44 'ret' 'ret_ln0' <Predicate = (icmp_ln180)> <Delay = 0.83>


============================================================
+ Verbose Summary: Timing violations
============================================================
Target clock period: 10.000ns, clock uncertainty: 2.700ns.

 <State 1>: 3.338ns
The critical path consists of the following:
	'store' operation ('store_ln180', ../task_detection_tpu/tpu_accel.cpp:180) of constant 0 8 bit on local variable 'i', ../task_detection_tpu/tpu_accel.cpp:180 [10]  (0.833 ns)
	'load' operation 8 bit ('i', ../task_detection_tpu/tpu_accel.cpp:180) on local variable 'i', ../task_detection_tpu/tpu_accel.cpp:180 [13]  (0.000 ns)
	'icmp' operation 1 bit ('icmp_ln180', ../task_detection_tpu/tpu_accel.cpp:180) [14]  (1.357 ns)
	'store' operation ('store_ln180', ../task_detection_tpu/tpu_accel.cpp:180) of constant 0 1 bit on array 'tpu_layer_2_stream_ap_fixed_0_stream_ap_fixed_16_6_5_3_0_0_bias_4' [37]  (1.148 ns)


============================================================
+ Verbose Summary: Binding
============================================================
N/A
* FSMD analyzer results:
  - Output states:
 - Input state : 
  - Chain level:
	State 1


============================================================
+ Verbose Summary: Datapath Resource usage 
============================================================
N/A
