

================================================================
== Vitis HLS Report for 'tpu_layer_1_Pipeline_5'
================================================================
* Date:           Mon Jun 15 23:14:57 2026

* Version:        2025.2 (Build 6295257 on Nov 14 2025)
* Project:        tpu_integrated_accel
* Solution:       hls (Vivado IP Flow Target)
* Product family: kintex7
* Target device:  xc7k325t-ffg900-2


================================================================
== Performance Estimates
================================================================
+ Timing: 
    * Summary: 
    +--------+----------+----------+------------+
    |  Clock |  Target  | Estimated| Uncertainty|
    +--------+----------+----------+------------+
    |ap_clk  |  10.00 ns|  2.600 ns|     2.70 ns|
    +--------+----------+----------+------------+

+ Latency: 
    * Summary: 
    +---------+---------+-----------+-----------+-----+-----+-------------------+
    |  Latency (cycles) |   Latency (absolute)  |  Interval |      Pipeline     |
    |   min   |   max   |    min    |    max    | min | max |        Type       |
    +---------+---------+-----------+-----------+-----+-----+-------------------+
    |        8|        8|  80.000 ns|  80.000 ns|    0|    0|  loop pipeline stp|
    +---------+---------+-----------+-----------+-----+-----+-------------------+

    + Detail: 
        * Instance: 
        N/A

        * Loop: 
        +----------+---------+---------+----------+-----------+-----------+------+----------+
        |          |  Latency (cycles) | Iteration|  Initiation Interval  | Trip |          |
        | Loop Name|   min   |   max   |  Latency |  achieved |   target  | Count| Pipelined|
        +----------+---------+---------+----------+-----------+-----------+------+----------+
        |- Loop 1  |        6|        6|         1|          1|          1|     7|       yes|
        +----------+---------+---------+----------+-----------+-----------+------+----------+

============================================================
+ Verbose Summary: Synthesis Manager
============================================================
InlineROM: 1
ExposeGlobal: 0
============================================================
+ Verbose Summary: CDFG Model
============================================================
IsTopModel: 0
ResetActiveHigh: 1
IsCombinational: 0
IsDatapathOnly: 0
HasWiredReturn: 1
HasMFsm: 2
HasVarLatency: 1
IsPipeline: 0
IsRtlPipelined: 0
IsInstanceOverlapped: 0
IsDontTouch: 0
HasImplIP: 0
IsGatedGlobalClock: 0

+ Individual pipeline summary: 
  * Pipeline-0: initiation interval (II) = 1, depth = 1


============================================================
+ Verbose Summary: Schedule
============================================================
* Number of FSM states : 1
* Pipeline : 1
  Pipeline-0 : II = 1, D = 1, States = { 1 }
* Dataflow Pipeline: 0

* FSM state transitions: 
1 --> 

* FSM state operations: 

State 1 <SV = 0> <Delay = 2.60>
ST_1 : Operation 4 [1/1] (0.00ns)   --->   "%arrayinit_curidx = alloca i32 1"   --->   Operation 4 'alloca' 'arrayinit_curidx' <Predicate = true> <Delay = 0.00>
ST_1 : Operation 5 [1/1] (0.83ns)   --->   "%store_ln0 = store i3 1, i3 %arrayinit_curidx"   --->   Operation 5 'store' 'store_ln0' <Predicate = true> <Delay = 0.83>
ST_1 : Operation 6 [1/1] (0.00ns)   --->   "%br_ln0 = br void %arrayinit.body"   --->   Operation 6 'br' 'br_ln0' <Predicate = true> <Delay = 0.00>
ST_1 : Operation 7 [1/1] (0.00ns)   --->   "%arrayinit_curidx_load = load i3 %arrayinit_curidx" [../task_detection_tpu/tpu_accel.cpp:63]   --->   Operation 7 'load' 'arrayinit_curidx_load' <Predicate = true> <Delay = 0.00>
ST_1 : Operation 8 [1/1] (0.00ns)   --->   "%zext_ln63 = zext i3 %arrayinit_curidx_load" [../task_detection_tpu/tpu_accel.cpp:63]   --->   Operation 8 'zext' 'zext_ln63' <Predicate = true> <Delay = 0.00>
ST_1 : Operation 9 [1/1] (0.00ns)   --->   "%specpipeline_ln63 = specpipeline void @_ssdm_op_SpecPipeline, i32 4294967295, i32 0, i32 0, i32 0, i32 4294967295, void @empty_22" [../task_detection_tpu/tpu_accel.cpp:63]   --->   Operation 9 'specpipeline' 'specpipeline_ln63' <Predicate = true> <Delay = 0.00>
ST_1 : Operation 10 [1/1] (0.00ns)   --->   "%speclooptripcount_ln63 = speclooptripcount void @_ssdm_op_SpecLoopTripCount, i64 7, i64 7, i64 7" [../task_detection_tpu/tpu_accel.cpp:63]   --->   Operation 10 'speclooptripcount' 'speclooptripcount_ln63' <Predicate = true> <Delay = 0.00>
ST_1 : Operation 11 [1/1] (0.00ns)   --->   "%y_tile_addr = getelementptr i16 %y_tile, i64 0, i64 %zext_ln63" [../task_detection_tpu/tpu_accel.cpp:63]   --->   Operation 11 'getelementptr' 'y_tile_addr' <Predicate = true> <Delay = 0.00>
ST_1 : Operation 12 [1/1] (0.93ns)   --->   "%add_ln63 = add i3 %arrayinit_curidx_load, i3 1" [../task_detection_tpu/tpu_accel.cpp:63]   --->   Operation 12 'add' 'add_ln63' <Predicate = true> <Delay = 0.93> <CoreInst = "Adder">   --->   Core 1 'Adder' <Latency = 0> <II = 1> <Delay = 0.93> <FuncUnit> <Opcode : 'add' 'sub'> <InPorts = 2> <OutPorts = 1>
ST_1 : Operation 13 [1/1] ( I:1.14ns O:1.14ns )   --->   "%store_ln63 = store i16 0, i3 %y_tile_addr" [../task_detection_tpu/tpu_accel.cpp:63]   --->   Operation 13 'store' 'store_ln63' <Predicate = true> <Delay = 1.14> <CoreInst = "RAM">   --->   Core 81 'RAM' <Latency = 1> <II = 1> <Delay = 1.14> <Storage> <Opcode : 'load' 'store'> <Ports = 2> <Width = 16> <Depth = 8> <RAM>
ST_1 : Operation 14 [1/1] (0.93ns)   --->   "%icmp_ln63 = icmp_eq  i3 %arrayinit_curidx_load, i3 7" [../task_detection_tpu/tpu_accel.cpp:63]   --->   Operation 14 'icmp' 'icmp_ln63' <Predicate = true> <Delay = 0.93> <CoreInst = "Cmp">   --->   Core 9 'Cmp' <Latency = 0> <II = 1> <Delay = 0.93> <FuncUnit> <Opcode : 'seteq' 'setne' 'setle' 'setge' 'setlt' 'setgt'> <InPorts = 2> <OutPorts = 1>
ST_1 : Operation 15 [1/1] (0.83ns)   --->   "%store_ln63 = store i3 %add_ln63, i3 %arrayinit_curidx" [../task_detection_tpu/tpu_accel.cpp:63]   --->   Operation 15 'store' 'store_ln63' <Predicate = true> <Delay = 0.83>
ST_1 : Operation 16 [1/1] (0.00ns)   --->   "%br_ln63 = br i1 %icmp_ln63, void %arrayinit.body, void %VITIS_LOOP_66_10.preheader.exitStub" [../task_detection_tpu/tpu_accel.cpp:63]   --->   Operation 16 'br' 'br_ln63' <Predicate = true> <Delay = 0.00>
ST_1 : Operation 17 [1/1] (0.83ns)   --->   "%ret_ln0 = ret"   --->   Operation 17 'ret' 'ret_ln0' <Predicate = (icmp_ln63)> <Delay = 0.83>


============================================================
+ Verbose Summary: Timing violations
============================================================
Target clock period: 10.000ns, clock uncertainty: 2.700ns.

 <State 1>: 2.600ns
The critical path consists of the following:
	'store' operation ('store_ln0') of constant 1 3 bit on local variable 'arrayinit_curidx' [3]  (0.833 ns)
	'load' operation 3 bit ('arrayinit_curidx_load', ../task_detection_tpu/tpu_accel.cpp:63) on local variable 'arrayinit_curidx' [6]  (0.000 ns)
	'add' operation 3 bit ('add_ln63', ../task_detection_tpu/tpu_accel.cpp:63) [11]  (0.934 ns)
	'store' operation ('store_ln63', ../task_detection_tpu/tpu_accel.cpp:63) of variable 'add_ln63', ../task_detection_tpu/tpu_accel.cpp:63 3 bit on local variable 'arrayinit_curidx' [14]  (0.833 ns)


============================================================
+ Verbose Summary: Binding
============================================================
N/A
* FSMD analyzer results:
  - Output states:
 - Input state : 
  - Chain level:
	State 1


============================================================
+ Verbose Summary: Datapath Resource usage 
============================================================
N/A
