

================================================================
== Vitis HLS Report for 'load_image'
================================================================
* Date:           Wed Jun 17 16:35:03 2026

* Version:        2025.2 (Build 6295257 on Nov 14 2025)
* Project:        yolo_backbone_3
* Solution:       hls (Vivado IP Flow Target)
* Product family: kintex7
* Target device:  xc7k325t-ffg900-2


================================================================
== Performance Estimates
================================================================
+ Timing: 
    * Summary: 
    +--------+----------+----------+------------+
    |  Clock |  Target  | Estimated| Uncertainty|
    +--------+----------+----------+------------+
    |ap_clk  |  10.00 ns|  7.300 ns|     2.70 ns|
    +--------+----------+----------+------------+

+ Latency: 
    * Summary: 
    +---------+---------+-----------+-----------+------+------+------------------------------------------------+
    |  Latency (cycles) |   Latency (absolute)  |   Interval  |                    Pipeline                    |
    |   min   |   max   |    min    |    max    |  min |  max |                      Type                      |
    +---------+---------+-----------+-----------+------+------+------------------------------------------------+
    |     4107|     4107|  41.070 us|  41.070 us|  4096|  4096|  loop auto-rewind stp (delay=0 clock cycles(s))|
    +---------+---------+-----------+-----------+------+------+------------------------------------------------+

    + Detail: 
        * Instance: 
        N/A

        * Loop: 
        +--------------------+---------+---------+----------+-----------+-----------+------+----------+
        |                    |  Latency (cycles) | Iteration|  Initiation Interval  | Trip |          |
        |      Loop Name     |   min   |   max   |  Latency |  achieved |   target  | Count| Pipelined|
        +--------------------+---------+---------+----------+-----------+-----------+------+----------+
        |- VITIS_LOOP_228_1  |     4105|     4105|        26|         16|          1|   256|       yes|
        +--------------------+---------+---------+----------+-----------+-----------+------+----------+



================================================================
== Utilization Estimates
================================================================
* Summary: 
+-----------------+---------+-----+--------+--------+-----+
|       Name      | BRAM_18K| DSP |   FF   |   LUT  | URAM|
+-----------------+---------+-----+--------+--------+-----+
|DSP              |        -|    -|       -|       -|    -|
|Expression       |        -|    -|       0|      54|    -|
|FIFO             |        -|    -|       -|       -|    -|
|Instance         |        -|    -|       -|       -|    -|
|Memory           |        -|    -|       -|       -|    -|
|Multiplexer      |        -|    -|       0|     153|    -|
|Register         |        -|    -|     353|       -|    -|
+-----------------+---------+-----+--------+--------+-----+
|Total            |        0|    0|     353|     207|    0|
+-----------------+---------+-----+--------+--------+-----+
|Available        |      890|  840|  407600|  203800|    0|
+-----------------+---------+-----+--------+--------+-----+
|Utilization (%)  |        0|    0|      ~0|      ~0|    0|
+-----------------+---------+-----+--------+--------+-----+

+ Detail: 
    * Instance: 
    N/A

    * DSP: 
    N/A

    * Memory: 
    N/A

    * FIFO: 
    N/A

    * Expression: 
    +---------------------------------+----------+----+---+----+------------+------------+
    |          Variable Name          | Operation| DSP| FF| LUT| Bitwidth P0| Bitwidth P1|
    +---------------------------------+----------+----+---+----+------------+------------+
    |i_6_fu_134_p2                    |         +|   0|  0|  15|           8|           1|
    |ap_block_pp0_stage0_11001_grp0   |       and|   0|  0|   2|           1|           1|
    |ap_block_pp0_stage11_11001_grp4  |       and|   0|  0|   2|           1|           1|
    |ap_block_pp0_stage1_11001_grp1   |       and|   0|  0|   2|           1|           1|
    |ap_block_pp0_stage1_11001_grp10  |       and|   0|  0|   2|           1|           1|
    |ap_block_pp0_stage2_11001_grp11  |       and|   0|  0|   2|           1|           1|
    |ap_block_state2_io_grp1          |       and|   0|  0|   2|           1|           1|
    |ap_condition_673                 |       and|   0|  0|   2|           1|           1|
    |icmp_ln228_fu_140_p2             |      icmp|   0|  0|  15|           8|           2|
    |ap_block_pp0_stage0_11001        |        or|   0|  0|   2|           1|           1|
    |ap_block_pp0_stage10_11001_grp3  |        or|   0|  0|   2|           1|           1|
    |ap_block_pp0_stage1_subdone      |        or|   0|  0|   2|           1|           1|
    |ap_block_pp0_stage9_01001_grp2   |        or|   0|  0|   2|           1|           1|
    |ap_enable_pp0                    |       xor|   0|  0|   2|           1|           2|
    +---------------------------------+----------+----+---+----+------------+------------+
    |Total                            |          |   0|  0|  54|          28|          16|
    +---------------------------------+----------+----+---+----+------------+------------+

    * Multiplexer: 
    +----------------------------------+----+-----------+-----+-----------+
    |               Name               | LUT| Input Size| Bits| Total Bits|
    +----------------------------------+----+-----------+-----+-----------+
    |ap_NS_fsm                         |  81|         17|    1|         17|
    |ap_done_int                       |   9|          2|    1|          2|
    |ap_enable_reg_pp0_iter0           |   9|          2|    1|          2|
    |ap_enable_reg_pp0_iter1           |   9|          2|    1|          2|
    |ap_loop_exit_ready_pp0_iter1_reg  |   9|          2|    1|          2|
    |gmem0_blk_n_AR                    |   9|          2|    1|          2|
    |gmem0_blk_n_R                     |   9|          2|    1|          2|
    |i_fu_64                           |   9|          2|    8|         16|
    |s_img_in_blk_n                    |   9|          2|    1|          2|
    +----------------------------------+----+-----------+-----+-----------+
    |Total                             | 153|         33|   16|         47|
    +----------------------------------+----+-----------+-----+-----------+

    * Register: 
    +-------------------------------------------------+----+----+-----+-----------+
    |                       Name                      | FF | LUT| Bits| Const Bits|
    +-------------------------------------------------+----+----+-----+-----------+
    |ap_CS_fsm                                        |  16|   0|   16|          0|
    |ap_block_pp0_stage0_subdone_grp0_done_reg_iter0  |   1|   0|    1|          0|
    |ap_block_pp0_stage1_subdone_grp10_done_reg       |   1|   0|    1|          0|
    |ap_block_pp0_stage1_subdone_grp1_done_reg        |   1|   0|    1|          0|
    |ap_done_reg                                      |   1|   0|    1|          0|
    |ap_enable_reg_pp0_iter0_reg                      |   1|   0|    1|          0|
    |ap_enable_reg_pp0_iter1                          |   1|   0|    1|          0|
    |ap_loop_exit_ready_pp0_iter1_reg                 |   1|   0|    1|          0|
    |first_iter_0_reg_93                              |   1|   0|    1|          0|
    |gmem0_addr_read_10_reg_239                       |  16|   0|   16|          0|
    |gmem0_addr_read_11_reg_244                       |  16|   0|   16|          0|
    |gmem0_addr_read_12_reg_249                       |  16|   0|   16|          0|
    |gmem0_addr_read_13_reg_254                       |  16|   0|   16|          0|
    |gmem0_addr_read_14_reg_259                       |  16|   0|   16|          0|
    |gmem0_addr_read_15_reg_264                       |  16|   0|   16|          0|
    |gmem0_addr_read_1_reg_194                        |  16|   0|   16|          0|
    |gmem0_addr_read_2_reg_199                        |  16|   0|   16|          0|
    |gmem0_addr_read_3_reg_204                        |  16|   0|   16|          0|
    |gmem0_addr_read_4_reg_209                        |  16|   0|   16|          0|
    |gmem0_addr_read_5_reg_214                        |  16|   0|   16|          0|
    |gmem0_addr_read_6_reg_219                        |  16|   0|   16|          0|
    |gmem0_addr_read_7_reg_224                        |  16|   0|   16|          0|
    |gmem0_addr_read_8_reg_229                        |  16|   0|   16|          0|
    |gmem0_addr_read_9_reg_234                        |  16|   0|   16|          0|
    |gmem0_addr_read_reg_185                          |  16|   0|   16|          0|
    |gmem0_addr_reg_179                               |  64|   0|   64|          0|
    |i_fu_64                                          |   8|   0|    8|          0|
    |icmp_ln228_reg_190                               |   1|   0|    1|          0|
    +-------------------------------------------------+----+----+-----+-----------+
    |Total                                            | 353|   0|  353|          0|
    +-------------------------------------------------+----+----+-----+-----------+



================================================================
== Interface
================================================================
* Summary: 
+-------------------------+-----+-----+------------+--------------+--------------+
|        RTL Ports        | Dir | Bits|  Protocol  | Source Object|    C Type    |
+-------------------------+-----+-----+------------+--------------+--------------+
|ap_clk                   |   in|    1|  ap_ctrl_hs|    load_image|  return value|
|ap_rst                   |   in|    1|  ap_ctrl_hs|    load_image|  return value|
|ap_start                 |   in|    1|  ap_ctrl_hs|    load_image|  return value|
|ap_done                  |  out|    1|  ap_ctrl_hs|    load_image|  return value|
|ap_continue              |   in|    1|  ap_ctrl_hs|    load_image|  return value|
|ap_idle                  |  out|    1|  ap_ctrl_hs|    load_image|  return value|
|ap_ready                 |  out|    1|  ap_ctrl_hs|    load_image|  return value|
|m_axi_gmem0_0_AWVALID    |  out|    1|       m_axi|         gmem0|       pointer|
|m_axi_gmem0_0_AWREADY    |   in|    1|       m_axi|         gmem0|       pointer|
|m_axi_gmem0_0_AWADDR     |  out|   64|       m_axi|         gmem0|       pointer|
|m_axi_gmem0_0_AWID       |  out|    1|       m_axi|         gmem0|       pointer|
|m_axi_gmem0_0_AWLEN      |  out|   32|       m_axi|         gmem0|       pointer|
|m_axi_gmem0_0_AWSIZE     |  out|    3|       m_axi|         gmem0|       pointer|
|m_axi_gmem0_0_AWBURST    |  out|    2|       m_axi|         gmem0|       pointer|
|m_axi_gmem0_0_AWLOCK     |  out|    2|       m_axi|         gmem0|       pointer|
|m_axi_gmem0_0_AWCACHE    |  out|    4|       m_axi|         gmem0|       pointer|
|m_axi_gmem0_0_AWPROT     |  out|    3|       m_axi|         gmem0|       pointer|
|m_axi_gmem0_0_AWQOS      |  out|    4|       m_axi|         gmem0|       pointer|
|m_axi_gmem0_0_AWREGION   |  out|    4|       m_axi|         gmem0|       pointer|
|m_axi_gmem0_0_AWUSER     |  out|    1|       m_axi|         gmem0|       pointer|
|m_axi_gmem0_0_WVALID     |  out|    1|       m_axi|         gmem0|       pointer|
|m_axi_gmem0_0_WREADY     |   in|    1|       m_axi|         gmem0|       pointer|
|m_axi_gmem0_0_WDATA      |  out|   16|       m_axi|         gmem0|       pointer|
|m_axi_gmem0_0_WSTRB      |  out|    2|       m_axi|         gmem0|       pointer|
|m_axi_gmem0_0_WLAST      |  out|    1|       m_axi|         gmem0|       pointer|
|m_axi_gmem0_0_WID        |  out|    1|       m_axi|         gmem0|       pointer|
|m_axi_gmem0_0_WUSER      |  out|    1|       m_axi|         gmem0|       pointer|
|m_axi_gmem0_0_ARVALID    |  out|    1|       m_axi|         gmem0|       pointer|
|m_axi_gmem0_0_ARREADY    |   in|    1|       m_axi|         gmem0|       pointer|
|m_axi_gmem0_0_ARADDR     |  out|   64|       m_axi|         gmem0|       pointer|
|m_axi_gmem0_0_ARID       |  out|    1|       m_axi|         gmem0|       pointer|
|m_axi_gmem0_0_ARLEN      |  out|   32|       m_axi|         gmem0|       pointer|
|m_axi_gmem0_0_ARSIZE     |  out|    3|       m_axi|         gmem0|       pointer|
|m_axi_gmem0_0_ARBURST    |  out|    2|       m_axi|         gmem0|       pointer|
|m_axi_gmem0_0_ARLOCK     |  out|    2|       m_axi|         gmem0|       pointer|
|m_axi_gmem0_0_ARCACHE    |  out|    4|       m_axi|         gmem0|       pointer|
|m_axi_gmem0_0_ARPROT     |  out|    3|       m_axi|         gmem0|       pointer|
|m_axi_gmem0_0_ARQOS      |  out|    4|       m_axi|         gmem0|       pointer|
|m_axi_gmem0_0_ARREGION   |  out|    4|       m_axi|         gmem0|       pointer|
|m_axi_gmem0_0_ARUSER     |  out|    1|       m_axi|         gmem0|       pointer|
|m_axi_gmem0_0_RVALID     |   in|    1|       m_axi|         gmem0|       pointer|
|m_axi_gmem0_0_RREADY     |  out|    1|       m_axi|         gmem0|       pointer|
|m_axi_gmem0_0_RDATA      |   in|   16|       m_axi|         gmem0|       pointer|
|m_axi_gmem0_0_RLAST      |   in|    1|       m_axi|         gmem0|       pointer|
|m_axi_gmem0_0_RID        |   in|    1|       m_axi|         gmem0|       pointer|
|m_axi_gmem0_0_RFIFONUM   |   in|   10|       m_axi|         gmem0|       pointer|
|m_axi_gmem0_0_RUSER      |   in|    1|       m_axi|         gmem0|       pointer|
|m_axi_gmem0_0_RRESP      |   in|    2|       m_axi|         gmem0|       pointer|
|m_axi_gmem0_0_BVALID     |   in|    1|       m_axi|         gmem0|       pointer|
|m_axi_gmem0_0_BREADY     |  out|    1|       m_axi|         gmem0|       pointer|
|m_axi_gmem0_0_BRESP      |   in|    2|       m_axi|         gmem0|       pointer|
|m_axi_gmem0_0_BID        |   in|    1|       m_axi|         gmem0|       pointer|
|m_axi_gmem0_0_BUSER      |   in|    1|       m_axi|         gmem0|       pointer|
|s_img_in_din             |  out|  256|     ap_fifo|      s_img_in|       pointer|
|s_img_in_full_n          |   in|    1|     ap_fifo|      s_img_in|       pointer|
|s_img_in_write           |  out|    1|     ap_fifo|      s_img_in|       pointer|
|s_img_in_num_data_valid  |   in|    3|     ap_fifo|      s_img_in|       pointer|
|s_img_in_fifo_cap        |   in|    3|     ap_fifo|      s_img_in|       pointer|
|image_in                 |   in|   64|     ap_none|      image_in|        scalar|
+-------------------------+-----+-----+------------+--------------+--------------+

