

================================================================
== Vitis HLS Report for 'store_image'
================================================================
* Date:           Wed Jun 17 16:35:43 2026

* Version:        2025.2 (Build 6295257 on Nov 14 2025)
* Project:        yolo_backbone_3
* Solution:       hls (Vivado IP Flow Target)
* Product family: kintex7
* Target device:  xc7k325t-ffg900-2


================================================================
== Performance Estimates
================================================================
+ Timing: 
    * Summary: 
    +--------+----------+----------+------------+
    |  Clock |  Target  | Estimated| Uncertainty|
    +--------+----------+----------+------------+
    |ap_clk  |  10.00 ns|  7.300 ns|     2.70 ns|
    +--------+----------+----------+------------+

+ Latency: 
    * Summary: 
    +---------+---------+-----------+-----------+------+------+------------------------------------------------+
    |  Latency (cycles) |   Latency (absolute)  |   Interval  |                    Pipeline                    |
    |   min   |   max   |    min    |    max    |  min |  max |                      Type                      |
    +---------+---------+-----------+-----------+------+------+------------------------------------------------+
    |     1161|     1161|  11.610 us|  11.610 us|  1152|  1152|  loop auto-rewind stp (delay=0 clock cycles(s))|
    +---------+---------+-----------+-----------+------+------+------------------------------------------------+

    + Detail: 
        * Instance: 
        N/A

        * Loop: 
        +--------------------+---------+---------+----------+-----------+-----------+------+----------+
        |                    |  Latency (cycles) | Iteration|  Initiation Interval  | Trip |          |
        |      Loop Name     |   min   |   max   |  Latency |  achieved |   target  | Count| Pipelined|
        +--------------------+---------+---------+----------+-----------+-----------+------+----------+
        |- VITIS_LOOP_237_1  |     1159|     1159|        40|         32|          1|    36|       yes|
        +--------------------+---------+---------+----------+-----------+-----------+------+----------+



================================================================
== Utilization Estimates
================================================================
* Summary: 
+-----------------+---------+-----+--------+--------+-----+
|       Name      | BRAM_18K| DSP |   FF   |   LUT  | URAM|
+-----------------+---------+-----+--------+--------+-----+
|DSP              |        -|    -|       -|       -|    -|
|Expression       |        -|    -|       0|      68|    -|
|FIFO             |        -|    -|       -|       -|    -|
|Instance         |        -|    -|       -|       -|    -|
|Memory           |        -|    -|       -|       -|    -|
|Multiplexer      |        -|    -|       0|     411|    -|
|Register         |        -|    -|     627|       -|    -|
+-----------------+---------+-----+--------+--------+-----+
|Total            |        0|    0|     627|     479|    0|
+-----------------+---------+-----+--------+--------+-----+
|Available        |      890|  840|  407600|  203800|    0|
+-----------------+---------+-----+--------+--------+-----+
|Utilization (%)  |        0|    0|      ~0|      ~0|    0|
+-----------------+---------+-----+--------+--------+-----+

+ Detail: 
    * Instance: 
    N/A

    * DSP: 
    N/A

    * Memory: 
    N/A

    * FIFO: 
    N/A

    * Expression: 
    +-----------------------------------------+----------+----+---+----+------------+------------+
    |              Variable Name              | Operation| DSP| FF| LUT| Bitwidth P0| Bitwidth P1|
    +-----------------------------------------+----------+----+---+----+------------+------------+
    |i_2_fu_254_p2                            |         +|   0|  0|  14|           6|           1|
    |ap_block_pp0_stage0_01001_grp33          |       and|   0|  0|   2|           1|           1|
    |ap_block_pp0_stage10_11001_grp11         |       and|   0|  0|   2|           1|           1|
    |ap_block_pp0_stage1_11001_grp1           |       and|   0|  0|   2|           1|           1|
    |ap_block_pp0_stage1_11001_grp34          |       and|   0|  0|   2|           1|           1|
    |ap_block_pp0_stage2_01001_grp3           |       and|   0|  0|   2|           1|           1|
    |ap_block_pp0_stage2_11001_grp2           |       and|   0|  0|   2|           1|           1|
    |ap_block_pp0_stage7_11001_grp36          |       and|   0|  0|   2|           1|           1|
    |ap_block_pp0_stage7_11001_grp8           |       and|   0|  0|   2|           1|           1|
    |ap_block_state2_pp0_stage1_iter0_grp1    |       and|   0|  0|   2|           1|           1|
    |ap_block_state3_io_grp2                  |       and|   0|  0|   2|           1|           1|
    |ap_block_state40_pp0_stage7_iter1_grp36  |       and|   0|  0|   2|           1|           1|
    |ap_condition_1059                        |       and|   0|  0|   2|           1|           1|
    |ap_condition_1456                        |       and|   0|  0|   2|           1|           1|
    |icmp_ln237_fu_260_p2                     |      icmp|   0|  0|  14|           6|           6|
    |ap_block_pp0_stage0_11001                |        or|   0|  0|   2|           1|           1|
    |ap_block_pp0_stage1_subdone              |        or|   0|  0|   2|           1|           1|
    |ap_block_pp0_stage2_11001_grp3           |        or|   0|  0|   2|           1|           1|
    |ap_block_pp0_stage2_subdone              |        or|   0|  0|   2|           1|           1|
    |ap_block_pp0_stage7_subdone              |        or|   0|  0|   2|           1|           1|
    |ap_block_pp0_stage8_11001_grp9           |        or|   0|  0|   2|           1|           1|
    |ap_enable_pp0                            |       xor|   0|  0|   2|           1|           2|
    +-----------------------------------------+----------+----+---+----+------------+------------+
    |Total                                    |          |   0|  0|  68|          32|          28|
    +-----------------------------------------+----------+----+---+----+------------+------------+

    * Multiplexer: 
    +----------------------------------+-----+-----------+-----+-----------+
    |               Name               | LUT | Input Size| Bits| Total Bits|
    +----------------------------------+-----+-----------+-----+-----------+
    |ap_NS_fsm                         |  156|         33|    1|         33|
    |ap_done_int                       |    9|          2|    1|          2|
    |ap_enable_reg_pp0_iter0           |    9|          2|    1|          2|
    |ap_enable_reg_pp0_iter1           |    9|          2|    1|          2|
    |ap_loop_exit_ready_pp0_iter1_reg  |    9|          2|    1|          2|
    |ap_sig_allocacmp_i_load           |    9|          2|    6|         12|
    |gmem3_blk_n_AW                    |    9|          2|    1|          2|
    |gmem3_blk_n_B                     |    9|          2|    1|          2|
    |gmem3_blk_n_W                     |    9|          2|    1|          2|
    |i_fu_194                          |    9|          2|    6|         12|
    |image_out_blk_n                   |    9|          2|    1|          2|
    |m_axi_gmem3_0_WDATA               |  156|         33|   16|        528|
    |s_pool_out_blk_n                  |    9|          2|    1|          2|
    +----------------------------------+-----+-----------+-----+-----------+
    |Total                             |  411|         88|   38|        603|
    +----------------------------------+-----+-----------+-----+-----------+

    * Register: 
    +--------------------------------------------+----+----+-----+-----------+
    |                    Name                    | FF | LUT| Bits| Const Bits|
    +--------------------------------------------+----+----+-----+-----------+
    |ap_CS_fsm                                   |  32|   0|   32|          0|
    |ap_block_pp0_stage1_subdone_grp1_done_reg   |   1|   0|    1|          0|
    |ap_block_pp0_stage1_subdone_grp34_done_reg  |   1|   0|    1|          0|
    |ap_block_pp0_stage2_subdone_grp2_done_reg   |   1|   0|    1|          0|
    |ap_block_pp0_stage2_subdone_grp3_done_reg   |   1|   0|    1|          0|
    |ap_block_pp0_stage7_subdone_grp36_done_reg  |   1|   0|    1|          0|
    |ap_block_pp0_stage7_subdone_grp8_done_reg   |   1|   0|    1|          0|
    |ap_done_reg                                 |   1|   0|    1|          0|
    |ap_enable_reg_pp0_iter0_reg                 |   1|   0|    1|          0|
    |ap_enable_reg_pp0_iter1                     |   1|   0|    1|          0|
    |ap_loop_exit_ready_pp0_iter1_reg            |   1|   0|    1|          0|
    |first_iter_0_reg_234                        |   1|   0|    1|          0|
    |gmem3_addr_reg_637                          |  64|   0|   64|          0|
    |i_fu_194                                    |   6|   0|    6|          0|
    |icmp_ln237_reg_633                          |   1|   0|    1|          0|
    |icmp_ln237_reg_633_pp0_iter1_reg            |   1|   0|    1|          0|
    |trunc_ln239_10_reg_697                      |  16|   0|   16|          0|
    |trunc_ln239_11_reg_702                      |  16|   0|   16|          0|
    |trunc_ln239_12_reg_707                      |  16|   0|   16|          0|
    |trunc_ln239_13_reg_712                      |  16|   0|   16|          0|
    |trunc_ln239_14_reg_717                      |  16|   0|   16|          0|
    |trunc_ln239_15_reg_722                      |  16|   0|   16|          0|
    |trunc_ln239_16_reg_727                      |  16|   0|   16|          0|
    |trunc_ln239_17_reg_732                      |  16|   0|   16|          0|
    |trunc_ln239_18_reg_737                      |  16|   0|   16|          0|
    |trunc_ln239_19_reg_742                      |  16|   0|   16|          0|
    |trunc_ln239_1_reg_647                       |  16|   0|   16|          0|
    |trunc_ln239_20_reg_747                      |  16|   0|   16|          0|
    |trunc_ln239_21_reg_752                      |  16|   0|   16|          0|
    |trunc_ln239_22_reg_757                      |  16|   0|   16|          0|
    |trunc_ln239_23_reg_762                      |  16|   0|   16|          0|
    |trunc_ln239_24_reg_767                      |  16|   0|   16|          0|
    |trunc_ln239_25_reg_772                      |  16|   0|   16|          0|
    |trunc_ln239_26_reg_777                      |  16|   0|   16|          0|
    |trunc_ln239_27_reg_782                      |  16|   0|   16|          0|
    |trunc_ln239_28_reg_787                      |  16|   0|   16|          0|
    |trunc_ln239_29_reg_792                      |  16|   0|   16|          0|
    |trunc_ln239_2_reg_652                       |  16|   0|   16|          0|
    |trunc_ln239_30_reg_797                      |  16|   0|   16|          0|
    |trunc_ln239_3_reg_657                       |  16|   0|   16|          0|
    |trunc_ln239_4_reg_662                       |  16|   0|   16|          0|
    |trunc_ln239_5_reg_667                       |  16|   0|   16|          0|
    |trunc_ln239_6_reg_672                       |  16|   0|   16|          0|
    |trunc_ln239_7_reg_677                       |  16|   0|   16|          0|
    |trunc_ln239_8_reg_682                       |  16|   0|   16|          0|
    |trunc_ln239_9_reg_687                       |  16|   0|   16|          0|
    |trunc_ln239_reg_642                         |  16|   0|   16|          0|
    |trunc_ln239_s_reg_692                       |  16|   0|   16|          0|
    +--------------------------------------------+----+----+-----+-----------+
    |Total                                       | 627|   0|  627|          0|
    +--------------------------------------------+----+----+-----+-----------+



================================================================
== Interface
================================================================
* Summary: 
+---------------------------+-----+-----+------------+--------------+--------------+
|         RTL Ports         | Dir | Bits|  Protocol  | Source Object|    C Type    |
+---------------------------+-----+-----+------------+--------------+--------------+
|ap_clk                     |   in|    1|  ap_ctrl_hs|   store_image|  return value|
|ap_rst                     |   in|    1|  ap_ctrl_hs|   store_image|  return value|
|ap_start                   |   in|    1|  ap_ctrl_hs|   store_image|  return value|
|ap_done                    |  out|    1|  ap_ctrl_hs|   store_image|  return value|
|ap_continue                |   in|    1|  ap_ctrl_hs|   store_image|  return value|
|ap_idle                    |  out|    1|  ap_ctrl_hs|   store_image|  return value|
|ap_ready                   |  out|    1|  ap_ctrl_hs|   store_image|  return value|
|m_axi_gmem3_0_AWVALID      |  out|    1|       m_axi|         gmem3|       pointer|
|m_axi_gmem3_0_AWREADY      |   in|    1|       m_axi|         gmem3|       pointer|
|m_axi_gmem3_0_AWADDR       |  out|   64|       m_axi|         gmem3|       pointer|
|m_axi_gmem3_0_AWID         |  out|    1|       m_axi|         gmem3|       pointer|
|m_axi_gmem3_0_AWLEN        |  out|   32|       m_axi|         gmem3|       pointer|
|m_axi_gmem3_0_AWSIZE       |  out|    3|       m_axi|         gmem3|       pointer|
|m_axi_gmem3_0_AWBURST      |  out|    2|       m_axi|         gmem3|       pointer|
|m_axi_gmem3_0_AWLOCK       |  out|    2|       m_axi|         gmem3|       pointer|
|m_axi_gmem3_0_AWCACHE      |  out|    4|       m_axi|         gmem3|       pointer|
|m_axi_gmem3_0_AWPROT       |  out|    3|       m_axi|         gmem3|       pointer|
|m_axi_gmem3_0_AWQOS        |  out|    4|       m_axi|         gmem3|       pointer|
|m_axi_gmem3_0_AWREGION     |  out|    4|       m_axi|         gmem3|       pointer|
|m_axi_gmem3_0_AWUSER       |  out|    1|       m_axi|         gmem3|       pointer|
|m_axi_gmem3_0_WVALID       |  out|    1|       m_axi|         gmem3|       pointer|
|m_axi_gmem3_0_WREADY       |   in|    1|       m_axi|         gmem3|       pointer|
|m_axi_gmem3_0_WDATA        |  out|   16|       m_axi|         gmem3|       pointer|
|m_axi_gmem3_0_WSTRB        |  out|    2|       m_axi|         gmem3|       pointer|
|m_axi_gmem3_0_WLAST        |  out|    1|       m_axi|         gmem3|       pointer|
|m_axi_gmem3_0_WID          |  out|    1|       m_axi|         gmem3|       pointer|
|m_axi_gmem3_0_WUSER        |  out|    1|       m_axi|         gmem3|       pointer|
|m_axi_gmem3_0_ARVALID      |  out|    1|       m_axi|         gmem3|       pointer|
|m_axi_gmem3_0_ARREADY      |   in|    1|       m_axi|         gmem3|       pointer|
|m_axi_gmem3_0_ARADDR       |  out|   64|       m_axi|         gmem3|       pointer|
|m_axi_gmem3_0_ARID         |  out|    1|       m_axi|         gmem3|       pointer|
|m_axi_gmem3_0_ARLEN        |  out|   32|       m_axi|         gmem3|       pointer|
|m_axi_gmem3_0_ARSIZE       |  out|    3|       m_axi|         gmem3|       pointer|
|m_axi_gmem3_0_ARBURST      |  out|    2|       m_axi|         gmem3|       pointer|
|m_axi_gmem3_0_ARLOCK       |  out|    2|       m_axi|         gmem3|       pointer|
|m_axi_gmem3_0_ARCACHE      |  out|    4|       m_axi|         gmem3|       pointer|
|m_axi_gmem3_0_ARPROT       |  out|    3|       m_axi|         gmem3|       pointer|
|m_axi_gmem3_0_ARQOS        |  out|    4|       m_axi|         gmem3|       pointer|
|m_axi_gmem3_0_ARREGION     |  out|    4|       m_axi|         gmem3|       pointer|
|m_axi_gmem3_0_ARUSER       |  out|    1|       m_axi|         gmem3|       pointer|
|m_axi_gmem3_0_RVALID       |   in|    1|       m_axi|         gmem3|       pointer|
|m_axi_gmem3_0_RREADY       |  out|    1|       m_axi|         gmem3|       pointer|
|m_axi_gmem3_0_RDATA        |   in|   16|       m_axi|         gmem3|       pointer|
|m_axi_gmem3_0_RLAST        |   in|    1|       m_axi|         gmem3|       pointer|
|m_axi_gmem3_0_RID          |   in|    1|       m_axi|         gmem3|       pointer|
|m_axi_gmem3_0_RFIFONUM     |   in|   10|       m_axi|         gmem3|       pointer|
|m_axi_gmem3_0_RUSER        |   in|    1|       m_axi|         gmem3|       pointer|
|m_axi_gmem3_0_RRESP        |   in|    2|       m_axi|         gmem3|       pointer|
|m_axi_gmem3_0_BVALID       |   in|    1|       m_axi|         gmem3|       pointer|
|m_axi_gmem3_0_BREADY       |  out|    1|       m_axi|         gmem3|       pointer|
|m_axi_gmem3_0_BRESP        |   in|    2|       m_axi|         gmem3|       pointer|
|m_axi_gmem3_0_BID          |   in|    1|       m_axi|         gmem3|       pointer|
|m_axi_gmem3_0_BUSER        |   in|    1|       m_axi|         gmem3|       pointer|
|image_out_dout             |   in|   64|     ap_fifo|     image_out|       pointer|
|image_out_empty_n          |   in|    1|     ap_fifo|     image_out|       pointer|
|image_out_read             |  out|    1|     ap_fifo|     image_out|       pointer|
|image_out_num_data_valid   |   in|    4|     ap_fifo|     image_out|       pointer|
|image_out_fifo_cap         |   in|    4|     ap_fifo|     image_out|       pointer|
|s_pool_out_dout            |   in|  512|     ap_fifo|    s_pool_out|       pointer|
|s_pool_out_empty_n         |   in|    1|     ap_fifo|    s_pool_out|       pointer|
|s_pool_out_read            |  out|    1|     ap_fifo|    s_pool_out|       pointer|
|s_pool_out_num_data_valid  |   in|    3|     ap_fifo|    s_pool_out|       pointer|
|s_pool_out_fifo_cap        |   in|    3|     ap_fifo|    s_pool_out|       pointer|
+---------------------------+-----+-----+------------+--------------+--------------+

