

================================================================
== Vitis HLS Report for 'run_mac_tile_6_s'
================================================================
* Date:           Tue Jun 16 19:43:19 2026

* Version:        2025.2 (Build 6295257 on Nov 14 2025)
* Project:        tpu_integrated_accel
* Solution:       hls (Vivado IP Flow Target)
* Product family: kintex7
* Target device:  xc7k325t-ffg900-2


================================================================
== Performance Estimates
================================================================
+ Timing: 
    * Summary: 
    +--------+----------+----------+------------+
    |  Clock |  Target  | Estimated| Uncertainty|
    +--------+----------+----------+------------+
    |ap_clk  |  10.00 ns|  3.813 ns|     2.70 ns|
    +--------+----------+----------+------------+

+ Latency: 
    * Summary: 
    +---------+---------+----------+----------+-----+-----+---------+
    |  Latency (cycles) |  Latency (absolute) |  Interval | Pipeline|
    |   min   |   max   |    min   |    max   | min | max |   Type  |
    +---------+---------+----------+----------+-----+-----+---------+
    |       21|       21|  0.210 us|  0.210 us|   21|   21|       no|
    +---------+---------+----------+----------+-----+-----+---------+

    + Detail: 
        * Instance: 
        +----------------------------------------------+-----------------------------------+---------+---------+----------+----------+-----+-----+-------------------+
        |                                              |                                   |  Latency (cycles) |  Latency (absolute) |  Interval |      Pipeline     |
        |                   Instance                   |               Module              |   min   |   max   |    min   |    max   | min | max |        Type       |
        +----------------------------------------------+-----------------------------------+---------+---------+----------+----------+-----+-----+-------------------+
        |grp_run_mac_tile_6_Pipeline_PUMP_LOOP_fu_682  |run_mac_tile_6_Pipeline_PUMP_LOOP  |       19|       19|  0.190 us|  0.190 us|    0|    0|  loop pipeline stp|
        +----------------------------------------------+-----------------------------------+---------+---------+----------+----------+-----+-----+-------------------+

        * Loop: 
        N/A



================================================================
== Utilization Estimates
================================================================
* Summary: 
+-----------------+---------+-----+--------+--------+-----+
|       Name      | BRAM_18K| DSP |   FF   |   LUT  | URAM|
+-----------------+---------+-----+--------+--------+-----+
|DSP              |        -|    -|       -|       -|    -|
|Expression       |        -|    -|       0|     184|    -|
|FIFO             |        -|    -|       -|       -|    -|
|Instance         |        -|    8|     254|     767|    -|
|Memory           |        -|    -|       -|       -|    -|
|Multiplexer      |        -|    -|       0|      89|    -|
|Register         |        -|    -|     132|       -|    -|
+-----------------+---------+-----+--------+--------+-----+
|Total            |        0|    8|     386|    1040|    0|
+-----------------+---------+-----+--------+--------+-----+
|Available        |      890|  840|  407600|  203800|    0|
+-----------------+---------+-----+--------+--------+-----+
|Utilization (%)  |        0|   ~0|      ~0|      ~0|    0|
+-----------------+---------+-----+--------+--------+-----+

+ Detail: 
    * Instance: 
    +----------------------------------------------+-----------------------------------+---------+----+-----+-----+-----+
    |                   Instance                   |               Module              | BRAM_18K| DSP|  FF | LUT | URAM|
    +----------------------------------------------+-----------------------------------+---------+----+-----+-----+-----+
    |grp_run_mac_tile_6_Pipeline_PUMP_LOOP_fu_682  |run_mac_tile_6_Pipeline_PUMP_LOOP  |        0|   8|  254|  767|    0|
    +----------------------------------------------+-----------------------------------+---------+----+-----+-----+-----+
    |Total                                         |                                   |        0|   8|  254|  767|    0|
    +----------------------------------------------+-----------------------------------+---------+----+-----+-----+-----+

    * DSP: 
    N/A

    * Memory: 
    N/A

    * FIFO: 
    N/A

    * Expression: 
    +-----------------------+----------+----+---+----+------------+------------+
    |     Variable Name     | Operation| DSP| FF| LUT| Bitwidth P0| Bitwidth P1|
    +-----------------------+----------+----+---+----+------------+------------+
    |add_ln45_10_fu_880_p2  |         +|   0|  0|  23|          16|          16|
    |add_ln45_11_fu_886_p2  |         +|   0|  0|  23|          16|          16|
    |add_ln45_12_fu_892_p2  |         +|   0|  0|  23|          16|          16|
    |add_ln45_13_fu_898_p2  |         +|   0|  0|  23|          16|          16|
    |add_ln45_14_fu_904_p2  |         +|   0|  0|  23|          16|          16|
    |add_ln45_8_fu_868_p2   |         +|   0|  0|  23|          16|          16|
    |add_ln45_9_fu_874_p2   |         +|   0|  0|  23|          16|          16|
    |add_ln45_fu_862_p2     |         +|   0|  0|  23|          16|          16|
    +-----------------------+----------+----+---+----+------------+------------+
    |Total                  |          |   0|  0| 184|         128|         128|
    +-----------------------+----------+----+---+----+------------+------------+

    * Multiplexer: 
    +-------------+----+-----------+-----+-----------+
    |     Name    | LUT| Input Size| Bits| Total Bits|
    +-------------+----+-----------+-----+-----------+
    |ap_NS_fsm    |  17|          4|    1|          4|
    |ap_return_0  |   9|          2|   16|         32|
    |ap_return_1  |   9|          2|   16|         32|
    |ap_return_2  |   9|          2|   16|         32|
    |ap_return_3  |   9|          2|   16|         32|
    |ap_return_4  |   9|          2|   16|         32|
    |ap_return_5  |   9|          2|   16|         32|
    |ap_return_6  |   9|          2|   16|         32|
    |ap_return_7  |   9|          2|   16|         32|
    +-------------+----+-----------+-----+-----------+
    |Total        |  89|         20|  129|        260|
    +-------------+----+-----------+-----+-----------+

    * Register: 
    +-----------------------------------------------------------+----+----+-----+-----------+
    |                            Name                           | FF | LUT| Bits| Const Bits|
    +-----------------------------------------------------------+----+----+-----+-----------+
    |ap_CS_fsm                                                  |   3|   0|    3|          0|
    |ap_return_0_preg                                           |  16|   0|   16|          0|
    |ap_return_1_preg                                           |  16|   0|   16|          0|
    |ap_return_2_preg                                           |  16|   0|   16|          0|
    |ap_return_3_preg                                           |  16|   0|   16|          0|
    |ap_return_4_preg                                           |  16|   0|   16|          0|
    |ap_return_5_preg                                           |  16|   0|   16|          0|
    |ap_return_6_preg                                           |  16|   0|   16|          0|
    |ap_return_7_preg                                           |  16|   0|   16|          0|
    |grp_run_mac_tile_6_Pipeline_PUMP_LOOP_fu_682_ap_start_reg  |   1|   0|    1|          0|
    +-----------------------------------------------------------+----+----+-----+-----------+
    |Total                                                      | 132|   0|  132|          0|
    +-----------------------------------------------------------+----+----+-----+-----------+



================================================================
== Interface
================================================================
* Summary: 
+--------------+-----+-----+------------+-----------------+--------------+
|   RTL Ports  | Dir | Bits|  Protocol  |  Source Object  |    C Type    |
+--------------+-----+-----+------------+-----------------+--------------+
|ap_clk        |   in|    1|  ap_ctrl_hs|  run_mac_tile<6>|  return value|
|ap_rst        |   in|    1|  ap_ctrl_hs|  run_mac_tile<6>|  return value|
|ap_start      |   in|    1|  ap_ctrl_hs|  run_mac_tile<6>|  return value|
|ap_done       |  out|    1|  ap_ctrl_hs|  run_mac_tile<6>|  return value|
|ap_idle       |  out|    1|  ap_ctrl_hs|  run_mac_tile<6>|  return value|
|ap_ready      |  out|    1|  ap_ctrl_hs|  run_mac_tile<6>|  return value|
|ap_return_0   |  out|   16|  ap_ctrl_hs|  run_mac_tile<6>|  return value|
|ap_return_1   |  out|   16|  ap_ctrl_hs|  run_mac_tile<6>|  return value|
|ap_return_2   |  out|   16|  ap_ctrl_hs|  run_mac_tile<6>|  return value|
|ap_return_3   |  out|   16|  ap_ctrl_hs|  run_mac_tile<6>|  return value|
|ap_return_4   |  out|   16|  ap_ctrl_hs|  run_mac_tile<6>|  return value|
|ap_return_5   |  out|   16|  ap_ctrl_hs|  run_mac_tile<6>|  return value|
|ap_return_6   |  out|   16|  ap_ctrl_hs|  run_mac_tile<6>|  return value|
|ap_return_7   |  out|   16|  ap_ctrl_hs|  run_mac_tile<6>|  return value|
|W_0_0_val     |   in|    4|     ap_none|        W_0_0_val|        scalar|
|W_0_1_val     |   in|    4|     ap_none|        W_0_1_val|        scalar|
|W_0_2_val     |   in|    4|     ap_none|        W_0_2_val|        scalar|
|W_0_3_val     |   in|    4|     ap_none|        W_0_3_val|        scalar|
|W_0_4_val     |   in|    4|     ap_none|        W_0_4_val|        scalar|
|W_0_5_val     |   in|    4|     ap_none|        W_0_5_val|        scalar|
|W_0_6_val     |   in|    4|     ap_none|        W_0_6_val|        scalar|
|W_0_7_val     |   in|    4|     ap_none|        W_0_7_val|        scalar|
|W_1_0_val     |   in|    4|     ap_none|        W_1_0_val|        scalar|
|W_1_1_val     |   in|    4|     ap_none|        W_1_1_val|        scalar|
|W_1_2_val     |   in|    4|     ap_none|        W_1_2_val|        scalar|
|W_1_3_val     |   in|    4|     ap_none|        W_1_3_val|        scalar|
|W_1_4_val     |   in|    4|     ap_none|        W_1_4_val|        scalar|
|W_1_5_val     |   in|    4|     ap_none|        W_1_5_val|        scalar|
|W_1_6_val     |   in|    4|     ap_none|        W_1_6_val|        scalar|
|W_1_7_val     |   in|    4|     ap_none|        W_1_7_val|        scalar|
|W_2_0_val     |   in|    4|     ap_none|        W_2_0_val|        scalar|
|W_2_1_val     |   in|    4|     ap_none|        W_2_1_val|        scalar|
|W_2_2_val     |   in|    4|     ap_none|        W_2_2_val|        scalar|
|W_2_3_val     |   in|    4|     ap_none|        W_2_3_val|        scalar|
|W_2_4_val     |   in|    4|     ap_none|        W_2_4_val|        scalar|
|W_2_5_val     |   in|    4|     ap_none|        W_2_5_val|        scalar|
|W_2_6_val     |   in|    4|     ap_none|        W_2_6_val|        scalar|
|W_2_7_val     |   in|    4|     ap_none|        W_2_7_val|        scalar|
|W_3_0_val     |   in|    4|     ap_none|        W_3_0_val|        scalar|
|W_3_1_val     |   in|    4|     ap_none|        W_3_1_val|        scalar|
|W_3_2_val     |   in|    4|     ap_none|        W_3_2_val|        scalar|
|W_3_3_val     |   in|    4|     ap_none|        W_3_3_val|        scalar|
|W_3_4_val     |   in|    4|     ap_none|        W_3_4_val|        scalar|
|W_3_5_val     |   in|    4|     ap_none|        W_3_5_val|        scalar|
|W_3_6_val     |   in|    4|     ap_none|        W_3_6_val|        scalar|
|W_3_7_val     |   in|    4|     ap_none|        W_3_7_val|        scalar|
|W_4_0_val     |   in|    4|     ap_none|        W_4_0_val|        scalar|
|W_4_1_val     |   in|    4|     ap_none|        W_4_1_val|        scalar|
|W_4_2_val     |   in|    4|     ap_none|        W_4_2_val|        scalar|
|W_4_3_val     |   in|    4|     ap_none|        W_4_3_val|        scalar|
|W_4_4_val     |   in|    4|     ap_none|        W_4_4_val|        scalar|
|W_4_5_val     |   in|    4|     ap_none|        W_4_5_val|        scalar|
|W_4_6_val     |   in|    4|     ap_none|        W_4_6_val|        scalar|
|W_4_7_val     |   in|    4|     ap_none|        W_4_7_val|        scalar|
|W_5_0_val     |   in|    4|     ap_none|        W_5_0_val|        scalar|
|W_5_1_val     |   in|    4|     ap_none|        W_5_1_val|        scalar|
|W_5_2_val     |   in|    4|     ap_none|        W_5_2_val|        scalar|
|W_5_3_val     |   in|    4|     ap_none|        W_5_3_val|        scalar|
|W_5_4_val     |   in|    4|     ap_none|        W_5_4_val|        scalar|
|W_5_5_val     |   in|    4|     ap_none|        W_5_5_val|        scalar|
|W_5_6_val     |   in|    4|     ap_none|        W_5_6_val|        scalar|
|W_5_7_val     |   in|    4|     ap_none|        W_5_7_val|        scalar|
|W_6_0_val     |   in|    4|     ap_none|        W_6_0_val|        scalar|
|W_6_1_val     |   in|    4|     ap_none|        W_6_1_val|        scalar|
|W_6_2_val     |   in|    4|     ap_none|        W_6_2_val|        scalar|
|W_6_3_val     |   in|    4|     ap_none|        W_6_3_val|        scalar|
|W_6_4_val     |   in|    4|     ap_none|        W_6_4_val|        scalar|
|W_6_5_val     |   in|    4|     ap_none|        W_6_5_val|        scalar|
|W_6_6_val     |   in|    4|     ap_none|        W_6_6_val|        scalar|
|W_6_7_val     |   in|    4|     ap_none|        W_6_7_val|        scalar|
|W_7_0_val     |   in|    4|     ap_none|        W_7_0_val|        scalar|
|W_7_1_val     |   in|    4|     ap_none|        W_7_1_val|        scalar|
|W_7_2_val     |   in|    4|     ap_none|        W_7_2_val|        scalar|
|W_7_3_val     |   in|    4|     ap_none|        W_7_3_val|        scalar|
|W_7_4_val     |   in|    4|     ap_none|        W_7_4_val|        scalar|
|W_7_5_val     |   in|    4|     ap_none|        W_7_5_val|        scalar|
|W_7_6_val     |   in|    4|     ap_none|        W_7_6_val|        scalar|
|W_7_7_val     |   in|    4|     ap_none|        W_7_7_val|        scalar|
|X_0_val       |   in|   16|     ap_none|          X_0_val|        scalar|
|X_1_val       |   in|   16|     ap_none|          X_1_val|        scalar|
|X_2_val       |   in|   16|     ap_none|          X_2_val|        scalar|
|X_3_val       |   in|   16|     ap_none|          X_3_val|        scalar|
|X_4_val       |   in|   16|     ap_none|          X_4_val|        scalar|
|X_5_val       |   in|   16|     ap_none|          X_5_val|        scalar|
|X_6_val       |   in|   16|     ap_none|          X_6_val|        scalar|
|X_7_val       |   in|   16|     ap_none|          X_7_val|        scalar|
|Y_acc_0_read  |   in|   16|     ap_none|     Y_acc_0_read|        scalar|
|Y_acc_1_read  |   in|   16|     ap_none|     Y_acc_1_read|        scalar|
|Y_acc_2_read  |   in|   16|     ap_none|     Y_acc_2_read|        scalar|
|Y_acc_3_read  |   in|   16|     ap_none|     Y_acc_3_read|        scalar|
|Y_acc_4_read  |   in|   16|     ap_none|     Y_acc_4_read|        scalar|
|Y_acc_5_read  |   in|   16|     ap_none|     Y_acc_5_read|        scalar|
|Y_acc_6_read  |   in|   16|     ap_none|     Y_acc_6_read|        scalar|
|Y_acc_7_read  |   in|   16|     ap_none|     Y_acc_7_read|        scalar|
+--------------+-----+-----+------------+-----------------+--------------+

