

================================================================
== Vitis HLS Report for 'run_mac_tile_Pipeline_FLUSH_LOOP'
================================================================
* Date:           Mon Jun 15 23:15:11 2026

* Version:        2025.2 (Build 6295257 on Nov 14 2025)
* Project:        tpu_integrated_accel
* Solution:       hls (Vivado IP Flow Target)
* Product family: kintex7
* Target device:  xc7k325t-ffg900-2


================================================================
== Performance Estimates
================================================================
+ Timing: 
    * Summary: 
    +--------+----------+----------+------------+
    |  Clock |  Target  | Estimated| Uncertainty|
    +--------+----------+----------+------------+
    |ap_clk  |  10.00 ns|  3.813 ns|     2.70 ns|
    +--------+----------+----------+------------+

+ Latency: 
    * Summary: 
    +---------+---------+-----------+-----------+-----+-----+-------------------+
    |  Latency (cycles) |   Latency (absolute)  |  Interval |      Pipeline     |
    |   min   |   max   |    min    |    max    | min | max |        Type       |
    +---------+---------+-----------+-----------+-----+-----+-------------------+
    |        6|        6|  60.000 ns|  60.000 ns|    0|    0|  loop pipeline stp|
    +---------+---------+-----------+-----------+-----+-----+-------------------+

    + Detail: 
        * Instance: 
        N/A

        * Loop: 
        +--------------+---------+---------+----------+-----------+-----------+------+----------+
        |              |  Latency (cycles) | Iteration|  Initiation Interval  | Trip |          |
        |   Loop Name  |   min   |   max   |  Latency |  achieved |   target  | Count| Pipelined|
        +--------------+---------+---------+----------+-----------+-----------+------+----------+
        |- FLUSH_LOOP  |        4|        4|         4|          1|          1|     2|       yes|
        +--------------+---------+---------+----------+-----------+-----------+------+----------+



================================================================
== Utilization Estimates
================================================================
* Summary: 
+-----------------+---------+-----+--------+--------+-----+
|       Name      | BRAM_18K| DSP |   FF   |   LUT  | URAM|
+-----------------+---------+-----+--------+--------+-----+
|DSP              |        -|   42|       -|       -|    -|
|Expression       |        -|    -|       0|      23|    -|
|FIFO             |        -|    -|       -|       -|    -|
|Instance         |        -|    -|       -|       -|    -|
|Memory           |        -|    -|       -|       -|    -|
|Multiplexer      |        -|    -|       0|    1737|    -|
|Register         |        -|    -|    4828|       -|    -|
+-----------------+---------+-----+--------+--------+-----+
|Total            |        0|   42|    4828|    1760|    0|
+-----------------+---------+-----+--------+--------+-----+
|Available        |      890|  840|  407600|  203800|    0|
+-----------------+---------+-----+--------+--------+-----+
|Utilization (%)  |        0|    5|       1|      ~0|    0|
+-----------------+---------+-----+--------+--------+-----+

+ Detail: 
    * Instance: 
    N/A

    * DSP: 
    +------------------------------------+-------------------------------+--------------+
    |              Instance              |             Module            |  Expression  |
    +------------------------------------+-------------------------------+--------------+
    |mac_muladd_16s_16s_26s_26_4_1_U679  |mac_muladd_16s_16s_26s_26_4_1  |  i0 + i1 * i2|
    |mac_muladd_16s_16s_26s_26_4_1_U680  |mac_muladd_16s_16s_26s_26_4_1  |  i0 + i1 * i2|
    |mac_muladd_16s_16s_26s_26_4_1_U681  |mac_muladd_16s_16s_26s_26_4_1  |  i0 + i1 * i2|
    |mac_muladd_16s_16s_26s_26_4_1_U682  |mac_muladd_16s_16s_26s_26_4_1  |  i0 + i1 * i2|
    |mac_muladd_16s_16s_26s_26_4_1_U683  |mac_muladd_16s_16s_26s_26_4_1  |  i0 + i1 * i2|
    |mac_muladd_16s_16s_26s_26_4_1_U684  |mac_muladd_16s_16s_26s_26_4_1  |  i0 + i1 * i2|
    |mac_muladd_16s_16s_26s_26_4_1_U686  |mac_muladd_16s_16s_26s_26_4_1  |  i0 + i1 * i2|
    |mac_muladd_16s_16s_26s_26_4_1_U687  |mac_muladd_16s_16s_26s_26_4_1  |  i0 + i1 * i2|
    |mac_muladd_16s_16s_26s_26_4_1_U688  |mac_muladd_16s_16s_26s_26_4_1  |  i0 + i1 * i2|
    |mac_muladd_16s_16s_26s_26_4_1_U689  |mac_muladd_16s_16s_26s_26_4_1  |  i0 + i1 * i2|
    |mac_muladd_16s_16s_26s_26_4_1_U690  |mac_muladd_16s_16s_26s_26_4_1  |  i0 + i1 * i2|
    |mac_muladd_16s_16s_26s_26_4_1_U691  |mac_muladd_16s_16s_26s_26_4_1  |  i0 + i1 * i2|
    |mac_muladd_16s_16s_26s_26_4_1_U693  |mac_muladd_16s_16s_26s_26_4_1  |  i0 + i1 * i2|
    |mac_muladd_16s_16s_26s_26_4_1_U694  |mac_muladd_16s_16s_26s_26_4_1  |  i0 + i1 * i2|
    |mac_muladd_16s_16s_26s_26_4_1_U695  |mac_muladd_16s_16s_26s_26_4_1  |  i0 + i1 * i2|
    |mac_muladd_16s_16s_26s_26_4_1_U696  |mac_muladd_16s_16s_26s_26_4_1  |  i0 + i1 * i2|
    |mac_muladd_16s_16s_26s_26_4_1_U697  |mac_muladd_16s_16s_26s_26_4_1  |  i0 + i1 * i2|
    |mac_muladd_16s_16s_26s_26_4_1_U698  |mac_muladd_16s_16s_26s_26_4_1  |  i0 + i1 * i2|
    |mac_muladd_16s_16s_26s_26_4_1_U700  |mac_muladd_16s_16s_26s_26_4_1  |  i0 + i1 * i2|
    |mac_muladd_16s_16s_26s_26_4_1_U701  |mac_muladd_16s_16s_26s_26_4_1  |  i0 + i1 * i2|
    |mac_muladd_16s_16s_26s_26_4_1_U702  |mac_muladd_16s_16s_26s_26_4_1  |  i0 + i1 * i2|
    |mac_muladd_16s_16s_26s_26_4_1_U703  |mac_muladd_16s_16s_26s_26_4_1  |  i0 + i1 * i2|
    |mac_muladd_16s_16s_26s_26_4_1_U704  |mac_muladd_16s_16s_26s_26_4_1  |  i0 + i1 * i2|
    |mac_muladd_16s_16s_26s_26_4_1_U705  |mac_muladd_16s_16s_26s_26_4_1  |  i0 + i1 * i2|
    |mac_muladd_16s_16s_26s_26_4_1_U707  |mac_muladd_16s_16s_26s_26_4_1  |  i0 + i1 * i2|
    |mac_muladd_16s_16s_26s_26_4_1_U708  |mac_muladd_16s_16s_26s_26_4_1  |  i0 + i1 * i2|
    |mac_muladd_16s_16s_26s_26_4_1_U709  |mac_muladd_16s_16s_26s_26_4_1  |  i0 + i1 * i2|
    |mac_muladd_16s_16s_26s_26_4_1_U710  |mac_muladd_16s_16s_26s_26_4_1  |  i0 + i1 * i2|
    |mac_muladd_16s_16s_26s_26_4_1_U711  |mac_muladd_16s_16s_26s_26_4_1  |  i0 + i1 * i2|
    |mac_muladd_16s_16s_26s_26_4_1_U712  |mac_muladd_16s_16s_26s_26_4_1  |  i0 + i1 * i2|
    |mac_muladd_16s_16s_26s_26_4_1_U714  |mac_muladd_16s_16s_26s_26_4_1  |  i0 + i1 * i2|
    |mac_muladd_16s_16s_26s_26_4_1_U715  |mac_muladd_16s_16s_26s_26_4_1  |  i0 + i1 * i2|
    |mac_muladd_16s_16s_26s_26_4_1_U716  |mac_muladd_16s_16s_26s_26_4_1  |  i0 + i1 * i2|
    |mac_muladd_16s_16s_26s_26_4_1_U717  |mac_muladd_16s_16s_26s_26_4_1  |  i0 + i1 * i2|
    |mac_muladd_16s_16s_26s_26_4_1_U718  |mac_muladd_16s_16s_26s_26_4_1  |  i0 + i1 * i2|
    |mac_muladd_16s_16s_26s_26_4_1_U719  |mac_muladd_16s_16s_26s_26_4_1  |  i0 + i1 * i2|
    |mac_muladd_16s_4ns_26s_26_4_1_U685  |mac_muladd_16s_4ns_26s_26_4_1  |  i0 + i1 * i2|
    |mac_muladd_16s_4ns_26s_26_4_1_U692  |mac_muladd_16s_4ns_26s_26_4_1  |  i0 + i1 * i2|
    |mac_muladd_16s_4ns_26s_26_4_1_U699  |mac_muladd_16s_4ns_26s_26_4_1  |  i0 + i1 * i2|
    |mac_muladd_16s_4ns_26s_26_4_1_U706  |mac_muladd_16s_4ns_26s_26_4_1  |  i0 + i1 * i2|
    |mac_muladd_16s_4ns_26s_26_4_1_U713  |mac_muladd_16s_4ns_26s_26_4_1  |  i0 + i1 * i2|
    |mac_muladd_16s_4ns_26s_26_4_1_U720  |mac_muladd_16s_4ns_26s_26_4_1  |  i0 + i1 * i2|
    +------------------------------------+-------------------------------+--------------+

    * Memory: 
    N/A

    * FIFO: 
    N/A

    * Expression: 
    +----------------------+----------+----+---+----+------------+------------+
    |     Variable Name    | Operation| DSP| FF| LUT| Bitwidth P0| Bitwidth P1|
    +----------------------+----------+----+---+----+------------+------------+
    |cycle_2_fu_4046_p2    |         +|   0|  0|  10|           2|           1|
    |icmp_ln29_fu_4040_p2  |      icmp|   0|  0|  11|           2|           3|
    |ap_enable_pp0         |       xor|   0|  0|   2|           1|           2|
    +----------------------+----------+----+---+----+------------+------------+
    |Total                 |          |   0|  0|  23|           5|           6|
    +----------------------+----------+----+---+----+------------+------------+

    * Multiplexer: 
    +----------------------------------+----+-----------+-----+-----------+
    |               Name               | LUT| Input Size| Bits| Total Bits|
    +----------------------------------+----+-----------+-----+-----------+
    |C_out_50_fu_878                   |   9|          2|   16|         32|
    |C_out_51_fu_874                   |   9|          2|   16|         32|
    |C_out_52_fu_870                   |   9|          2|   16|         32|
    |C_out_53_fu_866                   |   9|          2|   16|         32|
    |C_out_54_fu_862                   |   9|          2|   16|         32|
    |C_out_55_fu_858                   |   9|          2|   16|         32|
    |C_out_56_fu_854                   |   9|          2|   16|         32|
    |C_out_57_fu_850                   |   9|          2|   16|         32|
    |C_out_58_fu_846                   |   9|          2|   16|         32|
    |C_out_59_fu_842                   |   9|          2|   16|         32|
    |C_out_60_fu_838                   |   9|          2|   16|         32|
    |C_out_61_fu_834                   |   9|          2|   16|         32|
    |C_out_62_fu_830                   |   9|          2|   16|         32|
    |C_out_63_fu_826                   |   9|          2|   16|         32|
    |C_out_64_fu_822                   |   9|          2|   16|         32|
    |C_out_65_fu_818                   |   9|          2|   16|         32|
    |C_out_66_fu_814                   |   9|          2|   16|         32|
    |C_out_67_fu_810                   |   9|          2|   16|         32|
    |C_out_68_fu_806                   |   9|          2|   16|         32|
    |C_out_69_fu_802                   |   9|          2|   16|         32|
    |C_out_70_fu_798                   |   9|          2|   16|         32|
    |C_out_71_fu_794                   |   9|          2|   16|         32|
    |C_out_72_fu_790                   |   9|          2|   16|         32|
    |C_out_73_fu_786                   |   9|          2|   16|         32|
    |C_out_74_fu_782                   |   9|          2|   16|         32|
    |C_out_75_fu_778                   |   9|          2|   16|         32|
    |C_out_76_fu_774                   |   9|          2|   16|         32|
    |C_out_77_fu_770                   |   9|          2|   16|         32|
    |C_out_78_fu_766                   |   9|          2|   16|         32|
    |C_out_79_fu_762                   |   9|          2|   16|         32|
    |C_out_80_fu_758                   |   9|          2|   16|         32|
    |C_out_81_fu_754                   |   9|          2|   16|         32|
    |C_out_82_fu_750                   |   9|          2|   16|         32|
    |C_out_83_fu_746                   |   9|          2|   16|         32|
    |C_out_84_fu_742                   |   9|          2|   16|         32|
    |C_out_85_fu_734                   |   9|          2|   16|         32|
    |C_out_86_fu_726                   |   9|          2|   16|         32|
    |C_out_87_fu_718                   |   9|          2|   16|         32|
    |C_out_88_fu_710                   |   9|          2|   16|         32|
    |C_out_89_fu_702                   |   9|          2|   16|         32|
    |C_out_90_fu_694                   |   9|          2|   16|         32|
    |C_out_91_fu_686                   |   9|          2|   16|         32|
    |ap_done_int                       |   9|          2|    1|          2|
    |ap_enable_reg_pp0_iter1           |   9|          2|    1|          2|
    |ap_enable_reg_pp0_iter2           |   9|          2|    1|          2|
    |ap_sig_allocacmp_C_out_50_load_1  |   9|          2|   16|         32|
    |ap_sig_allocacmp_C_out_51_load_1  |   9|          2|   16|         32|
    |ap_sig_allocacmp_C_out_52_load_1  |   9|          2|   16|         32|
    |ap_sig_allocacmp_C_out_53_load_1  |   9|          2|   16|         32|
    |ap_sig_allocacmp_C_out_54_load_1  |   9|          2|   16|         32|
    |ap_sig_allocacmp_C_out_55_load_1  |   9|          2|   16|         32|
    |ap_sig_allocacmp_C_out_56_load_1  |   9|          2|   16|         32|
    |ap_sig_allocacmp_C_out_57_load_1  |   9|          2|   16|         32|
    |ap_sig_allocacmp_C_out_58_load_1  |   9|          2|   16|         32|
    |ap_sig_allocacmp_C_out_59_load_1  |   9|          2|   16|         32|
    |ap_sig_allocacmp_C_out_60_load_1  |   9|          2|   16|         32|
    |ap_sig_allocacmp_C_out_61_load_1  |   9|          2|   16|         32|
    |ap_sig_allocacmp_C_out_62_load_1  |   9|          2|   16|         32|
    |ap_sig_allocacmp_C_out_63_load_1  |   9|          2|   16|         32|
    |ap_sig_allocacmp_C_out_64_load_1  |   9|          2|   16|         32|
    |ap_sig_allocacmp_C_out_65_load_1  |   9|          2|   16|         32|
    |ap_sig_allocacmp_C_out_66_load_1  |   9|          2|   16|         32|
    |ap_sig_allocacmp_C_out_67_load_1  |   9|          2|   16|         32|
    |ap_sig_allocacmp_C_out_68_load_1  |   9|          2|   16|         32|
    |ap_sig_allocacmp_C_out_69_load_1  |   9|          2|   16|         32|
    |ap_sig_allocacmp_C_out_70_load_1  |   9|          2|   16|         32|
    |ap_sig_allocacmp_C_out_71_load_1  |   9|          2|   16|         32|
    |ap_sig_allocacmp_C_out_72_load_1  |   9|          2|   16|         32|
    |ap_sig_allocacmp_C_out_73_load_1  |   9|          2|   16|         32|
    |ap_sig_allocacmp_C_out_74_load_1  |   9|          2|   16|         32|
    |ap_sig_allocacmp_C_out_75_load_1  |   9|          2|   16|         32|
    |ap_sig_allocacmp_C_out_76_load_1  |   9|          2|   16|         32|
    |ap_sig_allocacmp_C_out_77_load_1  |   9|          2|   16|         32|
    |ap_sig_allocacmp_C_out_78_load_1  |   9|          2|   16|         32|
    |ap_sig_allocacmp_C_out_79_load_1  |   9|          2|   16|         32|
    |ap_sig_allocacmp_C_out_80_load_1  |   9|          2|   16|         32|
    |ap_sig_allocacmp_C_out_81_load_1  |   9|          2|   16|         32|
    |ap_sig_allocacmp_C_out_82_load_1  |   9|          2|   16|         32|
    |ap_sig_allocacmp_C_out_83_load_1  |   9|          2|   16|         32|
    |ap_sig_allocacmp_C_out_84_load_1  |   9|          2|   16|         32|
    |ap_sig_allocacmp_C_out_85_load_1  |   9|          2|   16|         32|
    |ap_sig_allocacmp_C_out_86_load_1  |   9|          2|   16|         32|
    |ap_sig_allocacmp_C_out_87_load_1  |   9|          2|   16|         32|
    |ap_sig_allocacmp_C_out_88_load_1  |   9|          2|   16|         32|
    |ap_sig_allocacmp_C_out_89_load_1  |   9|          2|   16|         32|
    |ap_sig_allocacmp_C_out_90_load_1  |   9|          2|   16|         32|
    |ap_sig_allocacmp_C_out_91_load_1  |   9|          2|   16|         32|
    |cycle_1_fu_614                    |   9|          2|    2|          4|
    |in_a_104_fu_622                   |   9|          2|    4|          8|
    |in_a_105_fu_630                   |   9|          2|    4|          8|
    |in_a_106_fu_638                   |   9|          2|    4|          8|
    |in_a_107_fu_646                   |   9|          2|    4|          8|
    |in_a_108_fu_654                   |   9|          2|    4|          8|
    |in_a_109_fu_662                   |   9|          2|    4|          8|
    |in_a_10_fu_910                    |   9|          2|   16|         32|
    |in_a_11_fu_914                    |   9|          2|   16|         32|
    |in_a_12_fu_918                    |   9|          2|   16|         32|
    |in_a_14_fu_634                    |   9|          2|   16|         32|
    |in_a_15_fu_922                    |   9|          2|   16|         32|
    |in_a_16_fu_926                    |   9|          2|   16|         32|
    |in_a_17_fu_930                    |   9|          2|   16|         32|
    |in_a_18_fu_934                    |   9|          2|   16|         32|
    |in_a_19_fu_938                    |   9|          2|   16|         32|
    |in_a_1_fu_882                     |   9|          2|   16|         32|
    |in_a_21_fu_642                    |   9|          2|   16|         32|
    |in_a_22_fu_942                    |   9|          2|   16|         32|
    |in_a_23_fu_946                    |   9|          2|   16|         32|
    |in_a_24_fu_950                    |   9|          2|   16|         32|
    |in_a_25_fu_954                    |   9|          2|   16|         32|
    |in_a_26_fu_958                    |   9|          2|   16|         32|
    |in_a_28_fu_650                    |   9|          2|   16|         32|
    |in_a_29_fu_962                    |   9|          2|   16|         32|
    |in_a_2_fu_886                     |   9|          2|   16|         32|
    |in_a_30_fu_966                    |   9|          2|   16|         32|
    |in_a_31_fu_970                    |   9|          2|   16|         32|
    |in_a_32_fu_974                    |   9|          2|   16|         32|
    |in_a_33_fu_978                    |   9|          2|   16|         32|
    |in_a_35_fu_658                    |   9|          2|   16|         32|
    |in_a_36_fu_982                    |   9|          2|   16|         32|
    |in_a_37_fu_986                    |   9|          2|   16|         32|
    |in_a_38_fu_990                    |   9|          2|   16|         32|
    |in_a_39_fu_994                    |   9|          2|   16|         32|
    |in_a_3_fu_890                     |   9|          2|   16|         32|
    |in_a_40_fu_998                    |   9|          2|   16|         32|
    |in_a_42_fu_666                    |   9|          2|   16|         32|
    |in_a_43_fu_1002                   |   9|          2|   16|         32|
    |in_a_44_fu_1006                   |   9|          2|   16|         32|
    |in_a_45_fu_1010                   |   9|          2|   16|         32|
    |in_a_46_fu_1014                   |   9|          2|   16|         32|
    |in_a_47_fu_1018                   |   9|          2|   16|         32|
    |in_a_48_fu_670                    |   9|          2|    4|          8|
    |in_a_49_fu_674                    |   9|          2|   16|         32|
    |in_a_4_fu_894                     |   9|          2|   16|         32|
    |in_a_50_fu_1022                   |   9|          2|   16|         32|
    |in_a_51_fu_1026                   |   9|          2|   16|         32|
    |in_a_52_fu_1030                   |   9|          2|   16|         32|
    |in_a_53_fu_1034                   |   9|          2|   16|         32|
    |in_a_54_fu_1038                   |   9|          2|   16|         32|
    |in_a_55_fu_678                    |   9|          2|    4|          8|
    |in_a_5_fu_898                     |   9|          2|   16|         32|
    |in_a_7_fu_626                     |   9|          2|   16|         32|
    |in_a_8_fu_902                     |   9|          2|   16|         32|
    |in_a_9_fu_906                     |   9|          2|   16|         32|
    |in_a_fu_618                       |   9|          2|   16|         32|
    |in_b_10_fu_1050                   |   9|          2|   16|         32|
    |in_b_11_fu_1054                   |   9|          2|   16|         32|
    |in_b_12_fu_1058                   |   9|          2|   16|         32|
    |in_b_13_fu_1062                   |   9|          2|   16|         32|
    |in_b_14_fu_1066                   |   9|          2|   16|         32|
    |in_b_15_fu_1070                   |   9|          2|   16|         32|
    |in_b_16_fu_1074                   |   9|          2|   16|         32|
    |in_b_17_fu_1078                   |   9|          2|   16|         32|
    |in_b_18_fu_1082                   |   9|          2|   16|         32|
    |in_b_19_fu_1086                   |   9|          2|   16|         32|
    |in_b_1_fu_690                     |   9|          2|   16|         32|
    |in_b_20_fu_1090                   |   9|          2|   16|         32|
    |in_b_21_fu_1094                   |   9|          2|   16|         32|
    |in_b_22_fu_1098                   |   9|          2|   16|         32|
    |in_b_23_fu_1102                   |   9|          2|   16|         32|
    |in_b_24_fu_1106                   |   9|          2|   16|         32|
    |in_b_25_fu_1110                   |   9|          2|   16|         32|
    |in_b_26_fu_1114                   |   9|          2|   16|         32|
    |in_b_27_fu_1118                   |   9|          2|   16|         32|
    |in_b_28_fu_1122                   |   9|          2|   16|         32|
    |in_b_29_fu_1126                   |   9|          2|   16|         32|
    |in_b_2_fu_698                     |   9|          2|   16|         32|
    |in_b_30_fu_1130                   |   9|          2|   16|         32|
    |in_b_31_fu_1134                   |   9|          2|   16|         32|
    |in_b_32_fu_1138                   |   9|          2|   16|         32|
    |in_b_33_fu_1142                   |   9|          2|   16|         32|
    |in_b_34_fu_1146                   |   9|          2|   16|         32|
    |in_b_35_fu_1150                   |   9|          2|   16|         32|
    |in_b_36_fu_1154                   |   9|          2|   16|         32|
    |in_b_37_fu_1158                   |   9|          2|   16|         32|
    |in_b_38_fu_1162                   |   9|          2|   16|         32|
    |in_b_39_fu_1166                   |   9|          2|   16|         32|
    |in_b_3_fu_706                     |   9|          2|   16|         32|
    |in_b_40_fu_1170                   |   9|          2|   16|         32|
    |in_b_41_fu_1174                   |   9|          2|   16|         32|
    |in_b_42_fu_1178                   |   9|          2|   16|         32|
    |in_b_43_fu_1182                   |   9|          2|   16|         32|
    |in_b_44_fu_1186                   |   9|          2|   16|         32|
    |in_b_45_fu_1190                   |   9|          2|   16|         32|
    |in_b_46_fu_1194                   |   9|          2|   16|         32|
    |in_b_47_fu_1198                   |   9|          2|   16|         32|
    |in_b_48_fu_1202                   |   9|          2|   16|         32|
    |in_b_4_fu_714                     |   9|          2|   16|         32|
    |in_b_5_fu_722                     |   9|          2|   16|         32|
    |in_b_6_fu_730                     |   9|          2|   16|         32|
    |in_b_7_fu_738                     |   9|          2|   16|         32|
    |in_b_8_fu_1042                    |   9|          2|   16|         32|
    |in_b_9_fu_1046                    |   9|          2|   16|         32|
    |in_b_fu_682                       |   9|          2|   16|         32|
    +----------------------------------+----+-----------+-----+-----------+
    |Total                             |1737|        386| 2933|       5866|
    +----------------------------------+----+-----------+-----+-----------+

    * Register: 
    +----------------------------------+----+----+-----+-----------+
    |               Name               | FF | LUT| Bits| Const Bits|
    +----------------------------------+----+----+-----+-----------+
    |C_out_50_fu_878                   |  16|   0|   16|          0|
    |C_out_51_fu_874                   |  16|   0|   16|          0|
    |C_out_52_fu_870                   |  16|   0|   16|          0|
    |C_out_53_fu_866                   |  16|   0|   16|          0|
    |C_out_54_fu_862                   |  16|   0|   16|          0|
    |C_out_55_fu_858                   |  16|   0|   16|          0|
    |C_out_56_fu_854                   |  16|   0|   16|          0|
    |C_out_57_fu_850                   |  16|   0|   16|          0|
    |C_out_58_fu_846                   |  16|   0|   16|          0|
    |C_out_59_fu_842                   |  16|   0|   16|          0|
    |C_out_60_fu_838                   |  16|   0|   16|          0|
    |C_out_61_fu_834                   |  16|   0|   16|          0|
    |C_out_62_fu_830                   |  16|   0|   16|          0|
    |C_out_63_fu_826                   |  16|   0|   16|          0|
    |C_out_64_fu_822                   |  16|   0|   16|          0|
    |C_out_65_fu_818                   |  16|   0|   16|          0|
    |C_out_66_fu_814                   |  16|   0|   16|          0|
    |C_out_67_fu_810                   |  16|   0|   16|          0|
    |C_out_68_fu_806                   |  16|   0|   16|          0|
    |C_out_69_fu_802                   |  16|   0|   16|          0|
    |C_out_70_fu_798                   |  16|   0|   16|          0|
    |C_out_71_fu_794                   |  16|   0|   16|          0|
    |C_out_72_fu_790                   |  16|   0|   16|          0|
    |C_out_73_fu_786                   |  16|   0|   16|          0|
    |C_out_74_fu_782                   |  16|   0|   16|          0|
    |C_out_75_fu_778                   |  16|   0|   16|          0|
    |C_out_76_fu_774                   |  16|   0|   16|          0|
    |C_out_77_fu_770                   |  16|   0|   16|          0|
    |C_out_78_fu_766                   |  16|   0|   16|          0|
    |C_out_79_fu_762                   |  16|   0|   16|          0|
    |C_out_80_fu_758                   |  16|   0|   16|          0|
    |C_out_81_fu_754                   |  16|   0|   16|          0|
    |C_out_82_fu_750                   |  16|   0|   16|          0|
    |C_out_83_fu_746                   |  16|   0|   16|          0|
    |C_out_84_fu_742                   |  16|   0|   16|          0|
    |C_out_85_fu_734                   |  16|   0|   16|          0|
    |C_out_86_fu_726                   |  16|   0|   16|          0|
    |C_out_87_fu_718                   |  16|   0|   16|          0|
    |C_out_88_fu_710                   |  16|   0|   16|          0|
    |C_out_89_fu_702                   |  16|   0|   16|          0|
    |C_out_90_fu_694                   |  16|   0|   16|          0|
    |C_out_91_fu_686                   |  16|   0|   16|          0|
    |ap_CS_fsm                         |   1|   0|    1|          0|
    |ap_done_reg                       |   1|   0|    1|          0|
    |ap_enable_reg_pp0_iter1           |   1|   0|    1|          0|
    |ap_enable_reg_pp0_iter2           |   1|   0|    1|          0|
    |ap_enable_reg_pp0_iter3           |   1|   0|    1|          0|
    |ap_enable_reg_pp0_iter4           |   1|   0|    1|          0|
    |ap_loop_exit_ready_pp0_iter2_reg  |   1|   0|    1|          0|
    |ap_loop_exit_ready_pp0_iter3_reg  |   1|   0|    1|          0|
    |cycle_1_fu_614                    |   2|   0|    2|          0|
    |icmp_ln29_reg_8164                |   1|   0|    1|          0|
    |icmp_ln29_reg_8164_pp0_iter2_reg  |   1|   0|    1|          0|
    |in_a_104_fu_622                   |   4|   0|    4|          0|
    |in_a_105_fu_630                   |   4|   0|    4|          0|
    |in_a_106_fu_638                   |   4|   0|    4|          0|
    |in_a_107_fu_646                   |   4|   0|    4|          0|
    |in_a_108_fu_654                   |   4|   0|    4|          0|
    |in_a_109_fu_662                   |   4|   0|    4|          0|
    |in_a_10_fu_910                    |  16|   0|   16|          0|
    |in_a_110_reg_7764                 |  16|   0|   16|          0|
    |in_a_110_reg_7764_pp0_iter2_reg   |  16|   0|   16|          0|
    |in_a_111_reg_7769                 |  16|   0|   16|          0|
    |in_a_111_reg_7769_pp0_iter2_reg   |  16|   0|   16|          0|
    |in_a_112_reg_7774                 |  16|   0|   16|          0|
    |in_a_112_reg_7774_pp0_iter2_reg   |  16|   0|   16|          0|
    |in_a_113_reg_7779                 |  16|   0|   16|          0|
    |in_a_113_reg_7779_pp0_iter2_reg   |  16|   0|   16|          0|
    |in_a_114_reg_7784                 |  16|   0|   16|          0|
    |in_a_114_reg_7784_pp0_iter2_reg   |  16|   0|   16|          0|
    |in_a_115_reg_7789                 |  16|   0|   16|          0|
    |in_a_115_reg_7789_pp0_iter2_reg   |  16|   0|   16|          0|
    |in_a_116_reg_7794                 |  16|   0|   16|          0|
    |in_a_116_reg_7794_pp0_iter2_reg   |  16|   0|   16|          0|
    |in_a_117_reg_7799                 |  16|   0|   16|          0|
    |in_a_117_reg_7799_pp0_iter2_reg   |  16|   0|   16|          0|
    |in_a_118_reg_7804                 |  16|   0|   16|          0|
    |in_a_118_reg_7804_pp0_iter2_reg   |  16|   0|   16|          0|
    |in_a_119_reg_7809                 |  16|   0|   16|          0|
    |in_a_119_reg_7809_pp0_iter2_reg   |  16|   0|   16|          0|
    |in_a_11_fu_914                    |  16|   0|   16|          0|
    |in_a_120_reg_7814                 |  16|   0|   16|          0|
    |in_a_120_reg_7814_pp0_iter2_reg   |  16|   0|   16|          0|
    |in_a_121_reg_7819                 |  16|   0|   16|          0|
    |in_a_121_reg_7819_pp0_iter2_reg   |  16|   0|   16|          0|
    |in_a_122_reg_7824                 |  16|   0|   16|          0|
    |in_a_122_reg_7824_pp0_iter2_reg   |  16|   0|   16|          0|
    |in_a_123_reg_7829                 |  16|   0|   16|          0|
    |in_a_123_reg_7829_pp0_iter2_reg   |  16|   0|   16|          0|
    |in_a_124_reg_7834                 |  16|   0|   16|          0|
    |in_a_124_reg_7834_pp0_iter2_reg   |  16|   0|   16|          0|
    |in_a_125_reg_7839                 |  16|   0|   16|          0|
    |in_a_125_reg_7839_pp0_iter2_reg   |  16|   0|   16|          0|
    |in_a_126_reg_7844                 |  16|   0|   16|          0|
    |in_a_126_reg_7844_pp0_iter2_reg   |  16|   0|   16|          0|
    |in_a_127_reg_7849                 |  16|   0|   16|          0|
    |in_a_127_reg_7849_pp0_iter2_reg   |  16|   0|   16|          0|
    |in_a_128_reg_7854                 |  16|   0|   16|          0|
    |in_a_128_reg_7854_pp0_iter2_reg   |  16|   0|   16|          0|
    |in_a_129_reg_7859                 |  16|   0|   16|          0|
    |in_a_129_reg_7859_pp0_iter2_reg   |  16|   0|   16|          0|
    |in_a_12_fu_918                    |  16|   0|   16|          0|
    |in_a_130_reg_7864                 |  16|   0|   16|          0|
    |in_a_130_reg_7864_pp0_iter2_reg   |  16|   0|   16|          0|
    |in_a_131_reg_7869                 |  16|   0|   16|          0|
    |in_a_131_reg_7869_pp0_iter2_reg   |  16|   0|   16|          0|
    |in_a_132_reg_7874                 |  16|   0|   16|          0|
    |in_a_132_reg_7874_pp0_iter2_reg   |  16|   0|   16|          0|
    |in_a_133_reg_7879                 |  16|   0|   16|          0|
    |in_a_133_reg_7879_pp0_iter2_reg   |  16|   0|   16|          0|
    |in_a_134_reg_7884                 |  16|   0|   16|          0|
    |in_a_134_reg_7884_pp0_iter2_reg   |  16|   0|   16|          0|
    |in_a_135_reg_7889                 |  16|   0|   16|          0|
    |in_a_135_reg_7889_pp0_iter2_reg   |  16|   0|   16|          0|
    |in_a_136_reg_7894                 |  16|   0|   16|          0|
    |in_a_136_reg_7894_pp0_iter2_reg   |  16|   0|   16|          0|
    |in_a_137_reg_7899                 |  16|   0|   16|          0|
    |in_a_137_reg_7899_pp0_iter2_reg   |  16|   0|   16|          0|
    |in_a_138_reg_7904                 |  16|   0|   16|          0|
    |in_a_138_reg_7904_pp0_iter2_reg   |  16|   0|   16|          0|
    |in_a_139_reg_7909                 |  16|   0|   16|          0|
    |in_a_139_reg_7909_pp0_iter2_reg   |  16|   0|   16|          0|
    |in_a_140_reg_7914                 |  16|   0|   16|          0|
    |in_a_140_reg_7914_pp0_iter2_reg   |  16|   0|   16|          0|
    |in_a_141_reg_7919                 |  16|   0|   16|          0|
    |in_a_141_reg_7919_pp0_iter2_reg   |  16|   0|   16|          0|
    |in_a_142_reg_7924                 |  16|   0|   16|          0|
    |in_a_142_reg_7924_pp0_iter2_reg   |  16|   0|   16|          0|
    |in_a_143_reg_7929                 |  16|   0|   16|          0|
    |in_a_143_reg_7929_pp0_iter2_reg   |  16|   0|   16|          0|
    |in_a_144_reg_7934                 |  16|   0|   16|          0|
    |in_a_144_reg_7934_pp0_iter2_reg   |  16|   0|   16|          0|
    |in_a_145_reg_7939                 |  16|   0|   16|          0|
    |in_a_145_reg_7939_pp0_iter2_reg   |  16|   0|   16|          0|
    |in_a_146_reg_7944                 |  16|   0|   16|          0|
    |in_a_146_reg_7944_pp0_iter2_reg   |  16|   0|   16|          0|
    |in_a_147_reg_7949                 |  16|   0|   16|          0|
    |in_a_147_reg_7949_pp0_iter2_reg   |  16|   0|   16|          0|
    |in_a_148_reg_7954                 |  16|   0|   16|          0|
    |in_a_148_reg_7954_pp0_iter2_reg   |  16|   0|   16|          0|
    |in_a_149_reg_7959                 |  16|   0|   16|          0|
    |in_a_149_reg_7959_pp0_iter2_reg   |  16|   0|   16|          0|
    |in_a_14_fu_634                    |  16|   0|   16|          0|
    |in_a_15_fu_922                    |  16|   0|   16|          0|
    |in_a_16_fu_926                    |  16|   0|   16|          0|
    |in_a_17_fu_930                    |  16|   0|   16|          0|
    |in_a_18_fu_934                    |  16|   0|   16|          0|
    |in_a_19_fu_938                    |  16|   0|   16|          0|
    |in_a_1_fu_882                     |  16|   0|   16|          0|
    |in_a_21_fu_642                    |  16|   0|   16|          0|
    |in_a_22_fu_942                    |  16|   0|   16|          0|
    |in_a_23_fu_946                    |  16|   0|   16|          0|
    |in_a_24_fu_950                    |  16|   0|   16|          0|
    |in_a_25_fu_954                    |  16|   0|   16|          0|
    |in_a_26_fu_958                    |  16|   0|   16|          0|
    |in_a_28_fu_650                    |  16|   0|   16|          0|
    |in_a_29_fu_962                    |  16|   0|   16|          0|
    |in_a_2_fu_886                     |  16|   0|   16|          0|
    |in_a_30_fu_966                    |  16|   0|   16|          0|
    |in_a_31_fu_970                    |  16|   0|   16|          0|
    |in_a_32_fu_974                    |  16|   0|   16|          0|
    |in_a_33_fu_978                    |  16|   0|   16|          0|
    |in_a_35_fu_658                    |  16|   0|   16|          0|
    |in_a_36_fu_982                    |  16|   0|   16|          0|
    |in_a_37_fu_986                    |  16|   0|   16|          0|
    |in_a_38_fu_990                    |  16|   0|   16|          0|
    |in_a_39_fu_994                    |  16|   0|   16|          0|
    |in_a_3_fu_890                     |  16|   0|   16|          0|
    |in_a_40_fu_998                    |  16|   0|   16|          0|
    |in_a_42_fu_666                    |  16|   0|   16|          0|
    |in_a_43_fu_1002                   |  16|   0|   16|          0|
    |in_a_44_fu_1006                   |  16|   0|   16|          0|
    |in_a_45_fu_1010                   |  16|   0|   16|          0|
    |in_a_46_fu_1014                   |  16|   0|   16|          0|
    |in_a_47_fu_1018                   |  16|   0|   16|          0|
    |in_a_48_fu_670                    |   4|   0|    4|          0|
    |in_a_49_fu_674                    |  16|   0|   16|          0|
    |in_a_4_fu_894                     |  16|   0|   16|          0|
    |in_a_50_fu_1022                   |  16|   0|   16|          0|
    |in_a_51_fu_1026                   |  16|   0|   16|          0|
    |in_a_52_fu_1030                   |  16|   0|   16|          0|
    |in_a_53_fu_1034                   |  16|   0|   16|          0|
    |in_a_54_fu_1038                   |  16|   0|   16|          0|
    |in_a_55_fu_678                    |   4|   0|    4|          0|
    |in_a_5_fu_898                     |  16|   0|   16|          0|
    |in_a_7_fu_626                     |  16|   0|   16|          0|
    |in_a_8_fu_902                     |  16|   0|   16|          0|
    |in_a_9_fu_906                     |  16|   0|   16|          0|
    |in_a_fu_618                       |  16|   0|   16|          0|
    |in_b_100_reg_8009                 |  16|   0|   16|          0|
    |in_b_100_reg_8009_pp0_iter2_reg   |  16|   0|   16|          0|
    |in_b_101_reg_8014                 |  16|   0|   16|          0|
    |in_b_101_reg_8014_pp0_iter2_reg   |  16|   0|   16|          0|
    |in_b_102_reg_8019                 |  16|   0|   16|          0|
    |in_b_102_reg_8019_pp0_iter2_reg   |  16|   0|   16|          0|
    |in_b_103_reg_8024                 |  16|   0|   16|          0|
    |in_b_103_reg_8024_pp0_iter2_reg   |  16|   0|   16|          0|
    |in_b_104_reg_8029                 |  16|   0|   16|          0|
    |in_b_104_reg_8029_pp0_iter2_reg   |  16|   0|   16|          0|
    |in_b_105_reg_8034                 |  16|   0|   16|          0|
    |in_b_105_reg_8034_pp0_iter2_reg   |  16|   0|   16|          0|
    |in_b_106_reg_8039                 |  16|   0|   16|          0|
    |in_b_106_reg_8039_pp0_iter2_reg   |  16|   0|   16|          0|
    |in_b_107_reg_8044                 |  16|   0|   16|          0|
    |in_b_107_reg_8044_pp0_iter2_reg   |  16|   0|   16|          0|
    |in_b_108_reg_8049                 |  16|   0|   16|          0|
    |in_b_108_reg_8049_pp0_iter2_reg   |  16|   0|   16|          0|
    |in_b_109_reg_8054                 |  16|   0|   16|          0|
    |in_b_109_reg_8054_pp0_iter2_reg   |  16|   0|   16|          0|
    |in_b_10_fu_1050                   |  16|   0|   16|          0|
    |in_b_110_reg_8059                 |  16|   0|   16|          0|
    |in_b_110_reg_8059_pp0_iter2_reg   |  16|   0|   16|          0|
    |in_b_111_reg_8064                 |  16|   0|   16|          0|
    |in_b_111_reg_8064_pp0_iter2_reg   |  16|   0|   16|          0|
    |in_b_112_reg_8069                 |  16|   0|   16|          0|
    |in_b_112_reg_8069_pp0_iter2_reg   |  16|   0|   16|          0|
    |in_b_113_reg_8074                 |  16|   0|   16|          0|
    |in_b_113_reg_8074_pp0_iter2_reg   |  16|   0|   16|          0|
    |in_b_114_reg_8079                 |  16|   0|   16|          0|
    |in_b_114_reg_8079_pp0_iter2_reg   |  16|   0|   16|          0|
    |in_b_115_reg_8084                 |  16|   0|   16|          0|
    |in_b_115_reg_8084_pp0_iter2_reg   |  16|   0|   16|          0|
    |in_b_116_reg_8089                 |  16|   0|   16|          0|
    |in_b_116_reg_8089_pp0_iter2_reg   |  16|   0|   16|          0|
    |in_b_117_reg_8094                 |  16|   0|   16|          0|
    |in_b_117_reg_8094_pp0_iter2_reg   |  16|   0|   16|          0|
    |in_b_118_reg_8099                 |  16|   0|   16|          0|
    |in_b_118_reg_8099_pp0_iter2_reg   |  16|   0|   16|          0|
    |in_b_119_reg_8104                 |  16|   0|   16|          0|
    |in_b_119_reg_8104_pp0_iter2_reg   |  16|   0|   16|          0|
    |in_b_11_fu_1054                   |  16|   0|   16|          0|
    |in_b_120_reg_8109                 |  16|   0|   16|          0|
    |in_b_120_reg_8109_pp0_iter2_reg   |  16|   0|   16|          0|
    |in_b_121_reg_8114                 |  16|   0|   16|          0|
    |in_b_121_reg_8114_pp0_iter2_reg   |  16|   0|   16|          0|
    |in_b_122_reg_8119                 |  16|   0|   16|          0|
    |in_b_122_reg_8119_pp0_iter2_reg   |  16|   0|   16|          0|
    |in_b_123_reg_8124                 |  16|   0|   16|          0|
    |in_b_123_reg_8124_pp0_iter2_reg   |  16|   0|   16|          0|
    |in_b_124_reg_8129                 |  16|   0|   16|          0|
    |in_b_124_reg_8129_pp0_iter2_reg   |  16|   0|   16|          0|
    |in_b_125_reg_8134                 |  16|   0|   16|          0|
    |in_b_125_reg_8134_pp0_iter2_reg   |  16|   0|   16|          0|
    |in_b_126_reg_8139                 |  16|   0|   16|          0|
    |in_b_126_reg_8139_pp0_iter2_reg   |  16|   0|   16|          0|
    |in_b_127_reg_8144                 |  16|   0|   16|          0|
    |in_b_127_reg_8144_pp0_iter2_reg   |  16|   0|   16|          0|
    |in_b_128_reg_8149                 |  16|   0|   16|          0|
    |in_b_128_reg_8149_pp0_iter2_reg   |  16|   0|   16|          0|
    |in_b_129_reg_8154                 |  16|   0|   16|          0|
    |in_b_129_reg_8154_pp0_iter2_reg   |  16|   0|   16|          0|
    |in_b_12_fu_1058                   |  16|   0|   16|          0|
    |in_b_130_reg_8159                 |  16|   0|   16|          0|
    |in_b_130_reg_8159_pp0_iter2_reg   |  16|   0|   16|          0|
    |in_b_13_fu_1062                   |  16|   0|   16|          0|
    |in_b_14_fu_1066                   |  16|   0|   16|          0|
    |in_b_15_fu_1070                   |  16|   0|   16|          0|
    |in_b_16_fu_1074                   |  16|   0|   16|          0|
    |in_b_17_fu_1078                   |  16|   0|   16|          0|
    |in_b_18_fu_1082                   |  16|   0|   16|          0|
    |in_b_19_fu_1086                   |  16|   0|   16|          0|
    |in_b_1_fu_690                     |  16|   0|   16|          0|
    |in_b_20_fu_1090                   |  16|   0|   16|          0|
    |in_b_21_fu_1094                   |  16|   0|   16|          0|
    |in_b_22_fu_1098                   |  16|   0|   16|          0|
    |in_b_23_fu_1102                   |  16|   0|   16|          0|
    |in_b_24_fu_1106                   |  16|   0|   16|          0|
    |in_b_25_fu_1110                   |  16|   0|   16|          0|
    |in_b_26_fu_1114                   |  16|   0|   16|          0|
    |in_b_27_fu_1118                   |  16|   0|   16|          0|
    |in_b_28_fu_1122                   |  16|   0|   16|          0|
    |in_b_29_fu_1126                   |  16|   0|   16|          0|
    |in_b_2_fu_698                     |  16|   0|   16|          0|
    |in_b_30_fu_1130                   |  16|   0|   16|          0|
    |in_b_31_fu_1134                   |  16|   0|   16|          0|
    |in_b_32_fu_1138                   |  16|   0|   16|          0|
    |in_b_33_fu_1142                   |  16|   0|   16|          0|
    |in_b_34_fu_1146                   |  16|   0|   16|          0|
    |in_b_35_fu_1150                   |  16|   0|   16|          0|
    |in_b_36_fu_1154                   |  16|   0|   16|          0|
    |in_b_37_fu_1158                   |  16|   0|   16|          0|
    |in_b_38_fu_1162                   |  16|   0|   16|          0|
    |in_b_39_fu_1166                   |  16|   0|   16|          0|
    |in_b_3_fu_706                     |  16|   0|   16|          0|
    |in_b_40_fu_1170                   |  16|   0|   16|          0|
    |in_b_41_fu_1174                   |  16|   0|   16|          0|
    |in_b_42_fu_1178                   |  16|   0|   16|          0|
    |in_b_43_fu_1182                   |  16|   0|   16|          0|
    |in_b_44_fu_1186                   |  16|   0|   16|          0|
    |in_b_45_fu_1190                   |  16|   0|   16|          0|
    |in_b_46_fu_1194                   |  16|   0|   16|          0|
    |in_b_47_fu_1198                   |  16|   0|   16|          0|
    |in_b_48_fu_1202                   |  16|   0|   16|          0|
    |in_b_4_fu_714                     |  16|   0|   16|          0|
    |in_b_5_fu_722                     |  16|   0|   16|          0|
    |in_b_6_fu_730                     |  16|   0|   16|          0|
    |in_b_7_fu_738                     |  16|   0|   16|          0|
    |in_b_8_fu_1042                    |  16|   0|   16|          0|
    |in_b_91_reg_7964                  |  16|   0|   16|          0|
    |in_b_91_reg_7964_pp0_iter2_reg    |  16|   0|   16|          0|
    |in_b_92_reg_7969                  |  16|   0|   16|          0|
    |in_b_92_reg_7969_pp0_iter2_reg    |  16|   0|   16|          0|
    |in_b_93_reg_7974                  |  16|   0|   16|          0|
    |in_b_93_reg_7974_pp0_iter2_reg    |  16|   0|   16|          0|
    |in_b_94_reg_7979                  |  16|   0|   16|          0|
    |in_b_94_reg_7979_pp0_iter2_reg    |  16|   0|   16|          0|
    |in_b_95_reg_7984                  |  16|   0|   16|          0|
    |in_b_95_reg_7984_pp0_iter2_reg    |  16|   0|   16|          0|
    |in_b_96_reg_7989                  |  16|   0|   16|          0|
    |in_b_96_reg_7989_pp0_iter2_reg    |  16|   0|   16|          0|
    |in_b_97_reg_7994                  |  16|   0|   16|          0|
    |in_b_97_reg_7994_pp0_iter2_reg    |  16|   0|   16|          0|
    |in_b_98_reg_7999                  |  16|   0|   16|          0|
    |in_b_98_reg_7999_pp0_iter2_reg    |  16|   0|   16|          0|
    |in_b_99_reg_8004                  |  16|   0|   16|          0|
    |in_b_99_reg_8004_pp0_iter2_reg    |  16|   0|   16|          0|
    |in_b_9_fu_1046                    |  16|   0|   16|          0|
    |in_b_fu_682                       |  16|   0|   16|          0|
    +----------------------------------+----+----+-----+-----------+
    |Total                             |4828|   0| 4828|          0|
    +----------------------------------+----+----+-----+-----------+



================================================================
== Interface
================================================================
* Summary: 
+---------------------+-----+-----+------------+----------------------------------+--------------+
|      RTL Ports      | Dir | Bits|  Protocol  |           Source Object          |    C Type    |
+---------------------+-----+-----+------------+----------------------------------+--------------+
|ap_clk               |   in|    1|  ap_ctrl_hs|  run_mac_tile_Pipeline_FLUSH_LOOP|  return value|
|ap_rst               |   in|    1|  ap_ctrl_hs|  run_mac_tile_Pipeline_FLUSH_LOOP|  return value|
|ap_start             |   in|    1|  ap_ctrl_hs|  run_mac_tile_Pipeline_FLUSH_LOOP|  return value|
|ap_done              |  out|    1|  ap_ctrl_hs|  run_mac_tile_Pipeline_FLUSH_LOOP|  return value|
|ap_idle              |  out|    1|  ap_ctrl_hs|  run_mac_tile_Pipeline_FLUSH_LOOP|  return value|
|ap_ready             |  out|    1|  ap_ctrl_hs|  run_mac_tile_Pipeline_FLUSH_LOOP|  return value|
|C_out_3_reload       |   in|   16|     ap_none|                    C_out_3_reload|        scalar|
|C_out_4_reload       |   in|   16|     ap_none|                    C_out_4_reload|        scalar|
|C_out_5_reload       |   in|   16|     ap_none|                    C_out_5_reload|        scalar|
|C_out_6_reload       |   in|   16|     ap_none|                    C_out_6_reload|        scalar|
|C_out_7_reload       |   in|   16|     ap_none|                    C_out_7_reload|        scalar|
|C_out_8_reload       |   in|   16|     ap_none|                    C_out_8_reload|        scalar|
|C_out_9_reload       |   in|   16|     ap_none|                    C_out_9_reload|        scalar|
|C_out_11_reload      |   in|   16|     ap_none|                   C_out_11_reload|        scalar|
|C_out_12_reload      |   in|   16|     ap_none|                   C_out_12_reload|        scalar|
|C_out_13_reload      |   in|   16|     ap_none|                   C_out_13_reload|        scalar|
|C_out_14_reload      |   in|   16|     ap_none|                   C_out_14_reload|        scalar|
|C_out_15_reload      |   in|   16|     ap_none|                   C_out_15_reload|        scalar|
|C_out_16_reload      |   in|   16|     ap_none|                   C_out_16_reload|        scalar|
|C_out_17_reload      |   in|   16|     ap_none|                   C_out_17_reload|        scalar|
|C_out_19_reload      |   in|   16|     ap_none|                   C_out_19_reload|        scalar|
|C_out_20_reload      |   in|   16|     ap_none|                   C_out_20_reload|        scalar|
|C_out_21_reload      |   in|   16|     ap_none|                   C_out_21_reload|        scalar|
|C_out_22_reload      |   in|   16|     ap_none|                   C_out_22_reload|        scalar|
|C_out_23_reload      |   in|   16|     ap_none|                   C_out_23_reload|        scalar|
|C_out_24_reload      |   in|   16|     ap_none|                   C_out_24_reload|        scalar|
|C_out_25_reload      |   in|   16|     ap_none|                   C_out_25_reload|        scalar|
|C_out_27_reload      |   in|   16|     ap_none|                   C_out_27_reload|        scalar|
|C_out_28_reload      |   in|   16|     ap_none|                   C_out_28_reload|        scalar|
|C_out_29_reload      |   in|   16|     ap_none|                   C_out_29_reload|        scalar|
|C_out_30_reload      |   in|   16|     ap_none|                   C_out_30_reload|        scalar|
|C_out_31_reload      |   in|   16|     ap_none|                   C_out_31_reload|        scalar|
|C_out_32_reload      |   in|   16|     ap_none|                   C_out_32_reload|        scalar|
|C_out_33_reload      |   in|   16|     ap_none|                   C_out_33_reload|        scalar|
|C_out_35_reload      |   in|   16|     ap_none|                   C_out_35_reload|        scalar|
|C_out_36_reload      |   in|   16|     ap_none|                   C_out_36_reload|        scalar|
|C_out_37_reload      |   in|   16|     ap_none|                   C_out_37_reload|        scalar|
|C_out_38_reload      |   in|   16|     ap_none|                   C_out_38_reload|        scalar|
|C_out_39_reload      |   in|   16|     ap_none|                   C_out_39_reload|        scalar|
|C_out_40_reload      |   in|   16|     ap_none|                   C_out_40_reload|        scalar|
|C_out_41_reload      |   in|   16|     ap_none|                   C_out_41_reload|        scalar|
|in_b_97_reload       |   in|   16|     ap_none|                    in_b_97_reload|        scalar|
|in_b_96_reload       |   in|   16|     ap_none|                    in_b_96_reload|        scalar|
|in_b_95_reload       |   in|   16|     ap_none|                    in_b_95_reload|        scalar|
|in_b_94_reload       |   in|   16|     ap_none|                    in_b_94_reload|        scalar|
|in_b_93_reload       |   in|   16|     ap_none|                    in_b_93_reload|        scalar|
|in_b_92_reload       |   in|   16|     ap_none|                    in_b_92_reload|        scalar|
|in_b_91_reload       |   in|   16|     ap_none|                    in_b_91_reload|        scalar|
|in_b_90_reload       |   in|   16|     ap_none|                    in_b_90_reload|        scalar|
|in_b_89_reload       |   in|   16|     ap_none|                    in_b_89_reload|        scalar|
|in_b_88_reload       |   in|   16|     ap_none|                    in_b_88_reload|        scalar|
|in_b_87_reload       |   in|   16|     ap_none|                    in_b_87_reload|        scalar|
|in_b_86_reload       |   in|   16|     ap_none|                    in_b_86_reload|        scalar|
|in_b_85_reload       |   in|   16|     ap_none|                    in_b_85_reload|        scalar|
|in_b_84_reload       |   in|   16|     ap_none|                    in_b_84_reload|        scalar|
|in_b_83_reload       |   in|   16|     ap_none|                    in_b_83_reload|        scalar|
|in_b_82_reload       |   in|   16|     ap_none|                    in_b_82_reload|        scalar|
|in_b_81_reload       |   in|   16|     ap_none|                    in_b_81_reload|        scalar|
|in_b_80_reload       |   in|   16|     ap_none|                    in_b_80_reload|        scalar|
|in_b_79_reload       |   in|   16|     ap_none|                    in_b_79_reload|        scalar|
|in_b_78_reload       |   in|   16|     ap_none|                    in_b_78_reload|        scalar|
|in_b_77_reload       |   in|   16|     ap_none|                    in_b_77_reload|        scalar|
|in_b_76_reload       |   in|   16|     ap_none|                    in_b_76_reload|        scalar|
|in_b_75_reload       |   in|   16|     ap_none|                    in_b_75_reload|        scalar|
|in_b_74_reload       |   in|   16|     ap_none|                    in_b_74_reload|        scalar|
|in_b_73_reload       |   in|   16|     ap_none|                    in_b_73_reload|        scalar|
|in_b_72_reload       |   in|   16|     ap_none|                    in_b_72_reload|        scalar|
|in_b_71_reload       |   in|   16|     ap_none|                    in_b_71_reload|        scalar|
|in_b_70_reload       |   in|   16|     ap_none|                    in_b_70_reload|        scalar|
|in_b_69_reload       |   in|   16|     ap_none|                    in_b_69_reload|        scalar|
|in_b_68_reload       |   in|   16|     ap_none|                    in_b_68_reload|        scalar|
|in_b_67_reload       |   in|   16|     ap_none|                    in_b_67_reload|        scalar|
|in_b_66_reload       |   in|   16|     ap_none|                    in_b_66_reload|        scalar|
|in_b_65_reload       |   in|   16|     ap_none|                    in_b_65_reload|        scalar|
|in_b_64_reload       |   in|   16|     ap_none|                    in_b_64_reload|        scalar|
|in_b_63_reload       |   in|   16|     ap_none|                    in_b_63_reload|        scalar|
|in_b_62_reload       |   in|   16|     ap_none|                    in_b_62_reload|        scalar|
|in_b_61_reload       |   in|   16|     ap_none|                    in_b_61_reload|        scalar|
|in_b_60_reload       |   in|   16|     ap_none|                    in_b_60_reload|        scalar|
|in_b_59_reload       |   in|   16|     ap_none|                    in_b_59_reload|        scalar|
|in_b_58_reload       |   in|   16|     ap_none|                    in_b_58_reload|        scalar|
|in_b_57_reload       |   in|   16|     ap_none|                    in_b_57_reload|        scalar|
|in_b_56_reload       |   in|   16|     ap_none|                    in_b_56_reload|        scalar|
|C_out_43_reload      |   in|   16|     ap_none|                   C_out_43_reload|        scalar|
|in_b_55_reload       |   in|   16|     ap_none|                    in_b_55_reload|        scalar|
|C_out_44_reload      |   in|   16|     ap_none|                   C_out_44_reload|        scalar|
|in_b_54_reload       |   in|   16|     ap_none|                    in_b_54_reload|        scalar|
|C_out_45_reload      |   in|   16|     ap_none|                   C_out_45_reload|        scalar|
|in_b_53_reload       |   in|   16|     ap_none|                    in_b_53_reload|        scalar|
|C_out_46_reload      |   in|   16|     ap_none|                   C_out_46_reload|        scalar|
|in_b_52_reload       |   in|   16|     ap_none|                    in_b_52_reload|        scalar|
|C_out_47_reload      |   in|   16|     ap_none|                   C_out_47_reload|        scalar|
|in_b_51_reload       |   in|   16|     ap_none|                    in_b_51_reload|        scalar|
|C_out_48_reload      |   in|   16|     ap_none|                   C_out_48_reload|        scalar|
|in_b_50_reload       |   in|   16|     ap_none|                    in_b_50_reload|        scalar|
|C_out_49_reload      |   in|   16|     ap_none|                   C_out_49_reload|        scalar|
|in_b_49_reload       |   in|   16|     ap_none|                    in_b_49_reload|        scalar|
|in_a_112_reload      |   in|    4|     ap_none|                   in_a_112_reload|        scalar|
|in_a_111_reload      |   in|   16|     ap_none|                   in_a_111_reload|        scalar|
|in_a_110_reload      |   in|   16|     ap_none|                   in_a_110_reload|        scalar|
|in_a_109_reload      |   in|   16|     ap_none|                   in_a_109_reload|        scalar|
|in_a_108_reload      |   in|   16|     ap_none|                   in_a_108_reload|        scalar|
|in_a_107_reload      |   in|   16|     ap_none|                   in_a_107_reload|        scalar|
|in_a_106_reload      |   in|   16|     ap_none|                   in_a_106_reload|        scalar|
|in_a_104_reload      |   in|    4|     ap_none|                   in_a_104_reload|        scalar|
|in_a_103_reload      |   in|   16|     ap_none|                   in_a_103_reload|        scalar|
|in_a_102_reload      |   in|   16|     ap_none|                   in_a_102_reload|        scalar|
|in_a_101_reload      |   in|   16|     ap_none|                   in_a_101_reload|        scalar|
|in_a_100_reload      |   in|   16|     ap_none|                   in_a_100_reload|        scalar|
|in_a_99_reload       |   in|   16|     ap_none|                    in_a_99_reload|        scalar|
|in_a_98_reload       |   in|   16|     ap_none|                    in_a_98_reload|        scalar|
|in_a_96_reload       |   in|    4|     ap_none|                    in_a_96_reload|        scalar|
|in_a_95_reload       |   in|   16|     ap_none|                    in_a_95_reload|        scalar|
|in_a_94_reload       |   in|   16|     ap_none|                    in_a_94_reload|        scalar|
|in_a_93_reload       |   in|   16|     ap_none|                    in_a_93_reload|        scalar|
|in_a_92_reload       |   in|   16|     ap_none|                    in_a_92_reload|        scalar|
|in_a_91_reload       |   in|   16|     ap_none|                    in_a_91_reload|        scalar|
|in_a_90_reload       |   in|   16|     ap_none|                    in_a_90_reload|        scalar|
|in_a_88_reload       |   in|    4|     ap_none|                    in_a_88_reload|        scalar|
|in_a_87_reload       |   in|   16|     ap_none|                    in_a_87_reload|        scalar|
|in_a_86_reload       |   in|   16|     ap_none|                    in_a_86_reload|        scalar|
|in_a_85_reload       |   in|   16|     ap_none|                    in_a_85_reload|        scalar|
|in_a_84_reload       |   in|   16|     ap_none|                    in_a_84_reload|        scalar|
|in_a_83_reload       |   in|   16|     ap_none|                    in_a_83_reload|        scalar|
|in_a_82_reload       |   in|   16|     ap_none|                    in_a_82_reload|        scalar|
|in_a_80_reload       |   in|    4|     ap_none|                    in_a_80_reload|        scalar|
|in_a_79_reload       |   in|   16|     ap_none|                    in_a_79_reload|        scalar|
|in_a_78_reload       |   in|   16|     ap_none|                    in_a_78_reload|        scalar|
|in_a_77_reload       |   in|   16|     ap_none|                    in_a_77_reload|        scalar|
|in_a_76_reload       |   in|   16|     ap_none|                    in_a_76_reload|        scalar|
|in_a_75_reload       |   in|   16|     ap_none|                    in_a_75_reload|        scalar|
|in_a_74_reload       |   in|   16|     ap_none|                    in_a_74_reload|        scalar|
|in_a_72_reload       |   in|    4|     ap_none|                    in_a_72_reload|        scalar|
|in_a_71_reload       |   in|   16|     ap_none|                    in_a_71_reload|        scalar|
|in_a_70_reload       |   in|   16|     ap_none|                    in_a_70_reload|        scalar|
|in_a_69_reload       |   in|   16|     ap_none|                    in_a_69_reload|        scalar|
|in_a_68_reload       |   in|   16|     ap_none|                    in_a_68_reload|        scalar|
|in_a_67_reload       |   in|   16|     ap_none|                    in_a_67_reload|        scalar|
|in_a_66_reload       |   in|   16|     ap_none|                    in_a_66_reload|        scalar|
|in_a_64_reload       |   in|    4|     ap_none|                    in_a_64_reload|        scalar|
|in_a_63_reload       |   in|   16|     ap_none|                    in_a_63_reload|        scalar|
|in_a_62_reload       |   in|   16|     ap_none|                    in_a_62_reload|        scalar|
|in_a_61_reload       |   in|   16|     ap_none|                    in_a_61_reload|        scalar|
|in_a_60_reload       |   in|   16|     ap_none|                    in_a_60_reload|        scalar|
|in_a_59_reload       |   in|   16|     ap_none|                    in_a_59_reload|        scalar|
|in_a_58_reload       |   in|   16|     ap_none|                    in_a_58_reload|        scalar|
|in_a_56_reload       |   in|    4|     ap_none|                    in_a_56_reload|        scalar|
|in_a_41_reload       |   in|   16|     ap_none|                    in_a_41_reload|        scalar|
|in_a_34_reload       |   in|   16|     ap_none|                    in_a_34_reload|        scalar|
|in_a_27_reload       |   in|   16|     ap_none|                    in_a_27_reload|        scalar|
|in_a_20_reload       |   in|   16|     ap_none|                    in_a_20_reload|        scalar|
|in_a_13_reload       |   in|   16|     ap_none|                    in_a_13_reload|        scalar|
|in_a_6_reload        |   in|   16|     ap_none|                     in_a_6_reload|        scalar|
|C_out_50_out         |  out|   16|      ap_vld|                      C_out_50_out|       pointer|
|C_out_50_out_ap_vld  |  out|    1|      ap_vld|                      C_out_50_out|       pointer|
|C_out_51_out         |  out|   16|      ap_vld|                      C_out_51_out|       pointer|
|C_out_51_out_ap_vld  |  out|    1|      ap_vld|                      C_out_51_out|       pointer|
|C_out_52_out         |  out|   16|      ap_vld|                      C_out_52_out|       pointer|
|C_out_52_out_ap_vld  |  out|    1|      ap_vld|                      C_out_52_out|       pointer|
|C_out_53_out         |  out|   16|      ap_vld|                      C_out_53_out|       pointer|
|C_out_53_out_ap_vld  |  out|    1|      ap_vld|                      C_out_53_out|       pointer|
|C_out_54_out         |  out|   16|      ap_vld|                      C_out_54_out|       pointer|
|C_out_54_out_ap_vld  |  out|    1|      ap_vld|                      C_out_54_out|       pointer|
|C_out_55_out         |  out|   16|      ap_vld|                      C_out_55_out|       pointer|
|C_out_55_out_ap_vld  |  out|    1|      ap_vld|                      C_out_55_out|       pointer|
|C_out_56_out         |  out|   16|      ap_vld|                      C_out_56_out|       pointer|
|C_out_56_out_ap_vld  |  out|    1|      ap_vld|                      C_out_56_out|       pointer|
|C_out_57_out         |  out|   16|      ap_vld|                      C_out_57_out|       pointer|
|C_out_57_out_ap_vld  |  out|    1|      ap_vld|                      C_out_57_out|       pointer|
|C_out_58_out         |  out|   16|      ap_vld|                      C_out_58_out|       pointer|
|C_out_58_out_ap_vld  |  out|    1|      ap_vld|                      C_out_58_out|       pointer|
|C_out_59_out         |  out|   16|      ap_vld|                      C_out_59_out|       pointer|
|C_out_59_out_ap_vld  |  out|    1|      ap_vld|                      C_out_59_out|       pointer|
|C_out_60_out         |  out|   16|      ap_vld|                      C_out_60_out|       pointer|
|C_out_60_out_ap_vld  |  out|    1|      ap_vld|                      C_out_60_out|       pointer|
|C_out_61_out         |  out|   16|      ap_vld|                      C_out_61_out|       pointer|
|C_out_61_out_ap_vld  |  out|    1|      ap_vld|                      C_out_61_out|       pointer|
|C_out_62_out         |  out|   16|      ap_vld|                      C_out_62_out|       pointer|
|C_out_62_out_ap_vld  |  out|    1|      ap_vld|                      C_out_62_out|       pointer|
|C_out_63_out         |  out|   16|      ap_vld|                      C_out_63_out|       pointer|
|C_out_63_out_ap_vld  |  out|    1|      ap_vld|                      C_out_63_out|       pointer|
|C_out_64_out         |  out|   16|      ap_vld|                      C_out_64_out|       pointer|
|C_out_64_out_ap_vld  |  out|    1|      ap_vld|                      C_out_64_out|       pointer|
|C_out_65_out         |  out|   16|      ap_vld|                      C_out_65_out|       pointer|
|C_out_65_out_ap_vld  |  out|    1|      ap_vld|                      C_out_65_out|       pointer|
|C_out_66_out         |  out|   16|      ap_vld|                      C_out_66_out|       pointer|
|C_out_66_out_ap_vld  |  out|    1|      ap_vld|                      C_out_66_out|       pointer|
|C_out_67_out         |  out|   16|      ap_vld|                      C_out_67_out|       pointer|
|C_out_67_out_ap_vld  |  out|    1|      ap_vld|                      C_out_67_out|       pointer|
|C_out_68_out         |  out|   16|      ap_vld|                      C_out_68_out|       pointer|
|C_out_68_out_ap_vld  |  out|    1|      ap_vld|                      C_out_68_out|       pointer|
|C_out_69_out         |  out|   16|      ap_vld|                      C_out_69_out|       pointer|
|C_out_69_out_ap_vld  |  out|    1|      ap_vld|                      C_out_69_out|       pointer|
|C_out_70_out         |  out|   16|      ap_vld|                      C_out_70_out|       pointer|
|C_out_70_out_ap_vld  |  out|    1|      ap_vld|                      C_out_70_out|       pointer|
|C_out_71_out         |  out|   16|      ap_vld|                      C_out_71_out|       pointer|
|C_out_71_out_ap_vld  |  out|    1|      ap_vld|                      C_out_71_out|       pointer|
|C_out_72_out         |  out|   16|      ap_vld|                      C_out_72_out|       pointer|
|C_out_72_out_ap_vld  |  out|    1|      ap_vld|                      C_out_72_out|       pointer|
|C_out_73_out         |  out|   16|      ap_vld|                      C_out_73_out|       pointer|
|C_out_73_out_ap_vld  |  out|    1|      ap_vld|                      C_out_73_out|       pointer|
|C_out_74_out         |  out|   16|      ap_vld|                      C_out_74_out|       pointer|
|C_out_74_out_ap_vld  |  out|    1|      ap_vld|                      C_out_74_out|       pointer|
|C_out_75_out         |  out|   16|      ap_vld|                      C_out_75_out|       pointer|
|C_out_75_out_ap_vld  |  out|    1|      ap_vld|                      C_out_75_out|       pointer|
|C_out_76_out         |  out|   16|      ap_vld|                      C_out_76_out|       pointer|
|C_out_76_out_ap_vld  |  out|    1|      ap_vld|                      C_out_76_out|       pointer|
|C_out_77_out         |  out|   16|      ap_vld|                      C_out_77_out|       pointer|
|C_out_77_out_ap_vld  |  out|    1|      ap_vld|                      C_out_77_out|       pointer|
|C_out_78_out         |  out|   16|      ap_vld|                      C_out_78_out|       pointer|
|C_out_78_out_ap_vld  |  out|    1|      ap_vld|                      C_out_78_out|       pointer|
|C_out_79_out         |  out|   16|      ap_vld|                      C_out_79_out|       pointer|
|C_out_79_out_ap_vld  |  out|    1|      ap_vld|                      C_out_79_out|       pointer|
|C_out_80_out         |  out|   16|      ap_vld|                      C_out_80_out|       pointer|
|C_out_80_out_ap_vld  |  out|    1|      ap_vld|                      C_out_80_out|       pointer|
|C_out_81_out         |  out|   16|      ap_vld|                      C_out_81_out|       pointer|
|C_out_81_out_ap_vld  |  out|    1|      ap_vld|                      C_out_81_out|       pointer|
|C_out_82_out         |  out|   16|      ap_vld|                      C_out_82_out|       pointer|
|C_out_82_out_ap_vld  |  out|    1|      ap_vld|                      C_out_82_out|       pointer|
|C_out_83_out         |  out|   16|      ap_vld|                      C_out_83_out|       pointer|
|C_out_83_out_ap_vld  |  out|    1|      ap_vld|                      C_out_83_out|       pointer|
|C_out_84_out         |  out|   16|      ap_vld|                      C_out_84_out|       pointer|
|C_out_84_out_ap_vld  |  out|    1|      ap_vld|                      C_out_84_out|       pointer|
|in_b_47_out          |  out|   16|      ap_vld|                       in_b_47_out|       pointer|
|in_b_47_out_ap_vld   |  out|    1|      ap_vld|                       in_b_47_out|       pointer|
|in_b_46_out          |  out|   16|      ap_vld|                       in_b_46_out|       pointer|
|in_b_46_out_ap_vld   |  out|    1|      ap_vld|                       in_b_46_out|       pointer|
|in_b_45_out          |  out|   16|      ap_vld|                       in_b_45_out|       pointer|
|in_b_45_out_ap_vld   |  out|    1|      ap_vld|                       in_b_45_out|       pointer|
|in_b_44_out          |  out|   16|      ap_vld|                       in_b_44_out|       pointer|
|in_b_44_out_ap_vld   |  out|    1|      ap_vld|                       in_b_44_out|       pointer|
|in_b_43_out          |  out|   16|      ap_vld|                       in_b_43_out|       pointer|
|in_b_43_out_ap_vld   |  out|    1|      ap_vld|                       in_b_43_out|       pointer|
|in_b_42_out          |  out|   16|      ap_vld|                       in_b_42_out|       pointer|
|in_b_42_out_ap_vld   |  out|    1|      ap_vld|                       in_b_42_out|       pointer|
|in_b_41_out          |  out|   16|      ap_vld|                       in_b_41_out|       pointer|
|in_b_41_out_ap_vld   |  out|    1|      ap_vld|                       in_b_41_out|       pointer|
|in_b_40_out          |  out|   16|      ap_vld|                       in_b_40_out|       pointer|
|in_b_40_out_ap_vld   |  out|    1|      ap_vld|                       in_b_40_out|       pointer|
|in_b_39_out          |  out|   16|      ap_vld|                       in_b_39_out|       pointer|
|in_b_39_out_ap_vld   |  out|    1|      ap_vld|                       in_b_39_out|       pointer|
|in_b_38_out          |  out|   16|      ap_vld|                       in_b_38_out|       pointer|
|in_b_38_out_ap_vld   |  out|    1|      ap_vld|                       in_b_38_out|       pointer|
|in_b_37_out          |  out|   16|      ap_vld|                       in_b_37_out|       pointer|
|in_b_37_out_ap_vld   |  out|    1|      ap_vld|                       in_b_37_out|       pointer|
|in_b_36_out          |  out|   16|      ap_vld|                       in_b_36_out|       pointer|
|in_b_36_out_ap_vld   |  out|    1|      ap_vld|                       in_b_36_out|       pointer|
|in_b_35_out          |  out|   16|      ap_vld|                       in_b_35_out|       pointer|
|in_b_35_out_ap_vld   |  out|    1|      ap_vld|                       in_b_35_out|       pointer|
|in_b_34_out          |  out|   16|      ap_vld|                       in_b_34_out|       pointer|
|in_b_34_out_ap_vld   |  out|    1|      ap_vld|                       in_b_34_out|       pointer|
|in_b_33_out          |  out|   16|      ap_vld|                       in_b_33_out|       pointer|
|in_b_33_out_ap_vld   |  out|    1|      ap_vld|                       in_b_33_out|       pointer|
|in_b_32_out          |  out|   16|      ap_vld|                       in_b_32_out|       pointer|
|in_b_32_out_ap_vld   |  out|    1|      ap_vld|                       in_b_32_out|       pointer|
|in_b_31_out          |  out|   16|      ap_vld|                       in_b_31_out|       pointer|
|in_b_31_out_ap_vld   |  out|    1|      ap_vld|                       in_b_31_out|       pointer|
|in_b_30_out          |  out|   16|      ap_vld|                       in_b_30_out|       pointer|
|in_b_30_out_ap_vld   |  out|    1|      ap_vld|                       in_b_30_out|       pointer|
|in_b_29_out          |  out|   16|      ap_vld|                       in_b_29_out|       pointer|
|in_b_29_out_ap_vld   |  out|    1|      ap_vld|                       in_b_29_out|       pointer|
|in_b_28_out          |  out|   16|      ap_vld|                       in_b_28_out|       pointer|
|in_b_28_out_ap_vld   |  out|    1|      ap_vld|                       in_b_28_out|       pointer|
|in_b_27_out          |  out|   16|      ap_vld|                       in_b_27_out|       pointer|
|in_b_27_out_ap_vld   |  out|    1|      ap_vld|                       in_b_27_out|       pointer|
|in_b_26_out          |  out|   16|      ap_vld|                       in_b_26_out|       pointer|
|in_b_26_out_ap_vld   |  out|    1|      ap_vld|                       in_b_26_out|       pointer|
|in_b_25_out          |  out|   16|      ap_vld|                       in_b_25_out|       pointer|
|in_b_25_out_ap_vld   |  out|    1|      ap_vld|                       in_b_25_out|       pointer|
|in_b_24_out          |  out|   16|      ap_vld|                       in_b_24_out|       pointer|
|in_b_24_out_ap_vld   |  out|    1|      ap_vld|                       in_b_24_out|       pointer|
|in_b_23_out          |  out|   16|      ap_vld|                       in_b_23_out|       pointer|
|in_b_23_out_ap_vld   |  out|    1|      ap_vld|                       in_b_23_out|       pointer|
|in_b_22_out          |  out|   16|      ap_vld|                       in_b_22_out|       pointer|
|in_b_22_out_ap_vld   |  out|    1|      ap_vld|                       in_b_22_out|       pointer|
|in_b_21_out          |  out|   16|      ap_vld|                       in_b_21_out|       pointer|
|in_b_21_out_ap_vld   |  out|    1|      ap_vld|                       in_b_21_out|       pointer|
|in_b_20_out          |  out|   16|      ap_vld|                       in_b_20_out|       pointer|
|in_b_20_out_ap_vld   |  out|    1|      ap_vld|                       in_b_20_out|       pointer|
|in_b_19_out          |  out|   16|      ap_vld|                       in_b_19_out|       pointer|
|in_b_19_out_ap_vld   |  out|    1|      ap_vld|                       in_b_19_out|       pointer|
|in_b_18_out          |  out|   16|      ap_vld|                       in_b_18_out|       pointer|
|in_b_18_out_ap_vld   |  out|    1|      ap_vld|                       in_b_18_out|       pointer|
|in_b_17_out          |  out|   16|      ap_vld|                       in_b_17_out|       pointer|
|in_b_17_out_ap_vld   |  out|    1|      ap_vld|                       in_b_17_out|       pointer|
|in_b_16_out          |  out|   16|      ap_vld|                       in_b_16_out|       pointer|
|in_b_16_out_ap_vld   |  out|    1|      ap_vld|                       in_b_16_out|       pointer|
|in_b_15_out          |  out|   16|      ap_vld|                       in_b_15_out|       pointer|
|in_b_15_out_ap_vld   |  out|    1|      ap_vld|                       in_b_15_out|       pointer|
|in_b_14_out          |  out|   16|      ap_vld|                       in_b_14_out|       pointer|
|in_b_14_out_ap_vld   |  out|    1|      ap_vld|                       in_b_14_out|       pointer|
|in_b_13_out          |  out|   16|      ap_vld|                       in_b_13_out|       pointer|
|in_b_13_out_ap_vld   |  out|    1|      ap_vld|                       in_b_13_out|       pointer|
|in_b_12_out          |  out|   16|      ap_vld|                       in_b_12_out|       pointer|
|in_b_12_out_ap_vld   |  out|    1|      ap_vld|                       in_b_12_out|       pointer|
|in_b_11_out          |  out|   16|      ap_vld|                       in_b_11_out|       pointer|
|in_b_11_out_ap_vld   |  out|    1|      ap_vld|                       in_b_11_out|       pointer|
|in_b_10_out          |  out|   16|      ap_vld|                       in_b_10_out|       pointer|
|in_b_10_out_ap_vld   |  out|    1|      ap_vld|                       in_b_10_out|       pointer|
|in_b_9_out           |  out|   16|      ap_vld|                        in_b_9_out|       pointer|
|in_b_9_out_ap_vld    |  out|    1|      ap_vld|                        in_b_9_out|       pointer|
|in_b_8_out           |  out|   16|      ap_vld|                        in_b_8_out|       pointer|
|in_b_8_out_ap_vld    |  out|    1|      ap_vld|                        in_b_8_out|       pointer|
|in_b_7_out           |  out|   16|      ap_vld|                        in_b_7_out|       pointer|
|in_b_7_out_ap_vld    |  out|    1|      ap_vld|                        in_b_7_out|       pointer|
|C_out_85_out         |  out|   16|      ap_vld|                      C_out_85_out|       pointer|
|C_out_85_out_ap_vld  |  out|    1|      ap_vld|                      C_out_85_out|       pointer|
|in_b_6_out           |  out|   16|      ap_vld|                        in_b_6_out|       pointer|
|in_b_6_out_ap_vld    |  out|    1|      ap_vld|                        in_b_6_out|       pointer|
|C_out_86_out         |  out|   16|      ap_vld|                      C_out_86_out|       pointer|
|C_out_86_out_ap_vld  |  out|    1|      ap_vld|                      C_out_86_out|       pointer|
|in_b_5_out           |  out|   16|      ap_vld|                        in_b_5_out|       pointer|
|in_b_5_out_ap_vld    |  out|    1|      ap_vld|                        in_b_5_out|       pointer|
|C_out_87_out         |  out|   16|      ap_vld|                      C_out_87_out|       pointer|
|C_out_87_out_ap_vld  |  out|    1|      ap_vld|                      C_out_87_out|       pointer|
|in_b_4_out           |  out|   16|      ap_vld|                        in_b_4_out|       pointer|
|in_b_4_out_ap_vld    |  out|    1|      ap_vld|                        in_b_4_out|       pointer|
|C_out_88_out         |  out|   16|      ap_vld|                      C_out_88_out|       pointer|
|C_out_88_out_ap_vld  |  out|    1|      ap_vld|                      C_out_88_out|       pointer|
|in_b_3_out           |  out|   16|      ap_vld|                        in_b_3_out|       pointer|
|in_b_3_out_ap_vld    |  out|    1|      ap_vld|                        in_b_3_out|       pointer|
|C_out_89_out         |  out|   16|      ap_vld|                      C_out_89_out|       pointer|
|C_out_89_out_ap_vld  |  out|    1|      ap_vld|                      C_out_89_out|       pointer|
|in_b_2_out           |  out|   16|      ap_vld|                        in_b_2_out|       pointer|
|in_b_2_out_ap_vld    |  out|    1|      ap_vld|                        in_b_2_out|       pointer|
|C_out_90_out         |  out|   16|      ap_vld|                      C_out_90_out|       pointer|
|C_out_90_out_ap_vld  |  out|    1|      ap_vld|                      C_out_90_out|       pointer|
|in_b_1_out           |  out|   16|      ap_vld|                        in_b_1_out|       pointer|
|in_b_1_out_ap_vld    |  out|    1|      ap_vld|                        in_b_1_out|       pointer|
|C_out_91_out         |  out|   16|      ap_vld|                      C_out_91_out|       pointer|
|C_out_91_out_ap_vld  |  out|    1|      ap_vld|                      C_out_91_out|       pointer|
|in_b_out             |  out|   16|      ap_vld|                          in_b_out|       pointer|
|in_b_out_ap_vld      |  out|    1|      ap_vld|                          in_b_out|       pointer|
|in_a_54_out          |  out|   16|      ap_vld|                       in_a_54_out|       pointer|
|in_a_54_out_ap_vld   |  out|    1|      ap_vld|                       in_a_54_out|       pointer|
|in_a_53_out          |  out|   16|      ap_vld|                       in_a_53_out|       pointer|
|in_a_53_out_ap_vld   |  out|    1|      ap_vld|                       in_a_53_out|       pointer|
|in_a_52_out          |  out|   16|      ap_vld|                       in_a_52_out|       pointer|
|in_a_52_out_ap_vld   |  out|    1|      ap_vld|                       in_a_52_out|       pointer|
|in_a_51_out          |  out|   16|      ap_vld|                       in_a_51_out|       pointer|
|in_a_51_out_ap_vld   |  out|    1|      ap_vld|                       in_a_51_out|       pointer|
|in_a_50_out          |  out|   16|      ap_vld|                       in_a_50_out|       pointer|
|in_a_50_out_ap_vld   |  out|    1|      ap_vld|                       in_a_50_out|       pointer|
|in_a_49_out          |  out|   16|      ap_vld|                       in_a_49_out|       pointer|
|in_a_49_out_ap_vld   |  out|    1|      ap_vld|                       in_a_49_out|       pointer|
|in_a_47_out          |  out|   16|      ap_vld|                       in_a_47_out|       pointer|
|in_a_47_out_ap_vld   |  out|    1|      ap_vld|                       in_a_47_out|       pointer|
|in_a_46_out          |  out|   16|      ap_vld|                       in_a_46_out|       pointer|
|in_a_46_out_ap_vld   |  out|    1|      ap_vld|                       in_a_46_out|       pointer|
|in_a_45_out          |  out|   16|      ap_vld|                       in_a_45_out|       pointer|
|in_a_45_out_ap_vld   |  out|    1|      ap_vld|                       in_a_45_out|       pointer|
|in_a_44_out          |  out|   16|      ap_vld|                       in_a_44_out|       pointer|
|in_a_44_out_ap_vld   |  out|    1|      ap_vld|                       in_a_44_out|       pointer|
|in_a_43_out          |  out|   16|      ap_vld|                       in_a_43_out|       pointer|
|in_a_43_out_ap_vld   |  out|    1|      ap_vld|                       in_a_43_out|       pointer|
|in_a_42_out          |  out|   16|      ap_vld|                       in_a_42_out|       pointer|
|in_a_42_out_ap_vld   |  out|    1|      ap_vld|                       in_a_42_out|       pointer|
|in_a_40_out          |  out|   16|      ap_vld|                       in_a_40_out|       pointer|
|in_a_40_out_ap_vld   |  out|    1|      ap_vld|                       in_a_40_out|       pointer|
|in_a_39_out          |  out|   16|      ap_vld|                       in_a_39_out|       pointer|
|in_a_39_out_ap_vld   |  out|    1|      ap_vld|                       in_a_39_out|       pointer|
|in_a_38_out          |  out|   16|      ap_vld|                       in_a_38_out|       pointer|
|in_a_38_out_ap_vld   |  out|    1|      ap_vld|                       in_a_38_out|       pointer|
|in_a_37_out          |  out|   16|      ap_vld|                       in_a_37_out|       pointer|
|in_a_37_out_ap_vld   |  out|    1|      ap_vld|                       in_a_37_out|       pointer|
|in_a_36_out          |  out|   16|      ap_vld|                       in_a_36_out|       pointer|
|in_a_36_out_ap_vld   |  out|    1|      ap_vld|                       in_a_36_out|       pointer|
|in_a_35_out          |  out|   16|      ap_vld|                       in_a_35_out|       pointer|
|in_a_35_out_ap_vld   |  out|    1|      ap_vld|                       in_a_35_out|       pointer|
|in_a_33_out          |  out|   16|      ap_vld|                       in_a_33_out|       pointer|
|in_a_33_out_ap_vld   |  out|    1|      ap_vld|                       in_a_33_out|       pointer|
|in_a_32_out          |  out|   16|      ap_vld|                       in_a_32_out|       pointer|
|in_a_32_out_ap_vld   |  out|    1|      ap_vld|                       in_a_32_out|       pointer|
|in_a_31_out          |  out|   16|      ap_vld|                       in_a_31_out|       pointer|
|in_a_31_out_ap_vld   |  out|    1|      ap_vld|                       in_a_31_out|       pointer|
|in_a_30_out          |  out|   16|      ap_vld|                       in_a_30_out|       pointer|
|in_a_30_out_ap_vld   |  out|    1|      ap_vld|                       in_a_30_out|       pointer|
|in_a_29_out          |  out|   16|      ap_vld|                       in_a_29_out|       pointer|
|in_a_29_out_ap_vld   |  out|    1|      ap_vld|                       in_a_29_out|       pointer|
|in_a_28_out          |  out|   16|      ap_vld|                       in_a_28_out|       pointer|
|in_a_28_out_ap_vld   |  out|    1|      ap_vld|                       in_a_28_out|       pointer|
|in_a_26_out          |  out|   16|      ap_vld|                       in_a_26_out|       pointer|
|in_a_26_out_ap_vld   |  out|    1|      ap_vld|                       in_a_26_out|       pointer|
|in_a_25_out          |  out|   16|      ap_vld|                       in_a_25_out|       pointer|
|in_a_25_out_ap_vld   |  out|    1|      ap_vld|                       in_a_25_out|       pointer|
|in_a_24_out          |  out|   16|      ap_vld|                       in_a_24_out|       pointer|
|in_a_24_out_ap_vld   |  out|    1|      ap_vld|                       in_a_24_out|       pointer|
|in_a_23_out          |  out|   16|      ap_vld|                       in_a_23_out|       pointer|
|in_a_23_out_ap_vld   |  out|    1|      ap_vld|                       in_a_23_out|       pointer|
|in_a_22_out          |  out|   16|      ap_vld|                       in_a_22_out|       pointer|
|in_a_22_out_ap_vld   |  out|    1|      ap_vld|                       in_a_22_out|       pointer|
|in_a_21_out          |  out|   16|      ap_vld|                       in_a_21_out|       pointer|
|in_a_21_out_ap_vld   |  out|    1|      ap_vld|                       in_a_21_out|       pointer|
|in_a_19_out          |  out|   16|      ap_vld|                       in_a_19_out|       pointer|
|in_a_19_out_ap_vld   |  out|    1|      ap_vld|                       in_a_19_out|       pointer|
|in_a_18_out          |  out|   16|      ap_vld|                       in_a_18_out|       pointer|
|in_a_18_out_ap_vld   |  out|    1|      ap_vld|                       in_a_18_out|       pointer|
|in_a_17_out          |  out|   16|      ap_vld|                       in_a_17_out|       pointer|
|in_a_17_out_ap_vld   |  out|    1|      ap_vld|                       in_a_17_out|       pointer|
|in_a_16_out          |  out|   16|      ap_vld|                       in_a_16_out|       pointer|
|in_a_16_out_ap_vld   |  out|    1|      ap_vld|                       in_a_16_out|       pointer|
|in_a_15_out          |  out|   16|      ap_vld|                       in_a_15_out|       pointer|
|in_a_15_out_ap_vld   |  out|    1|      ap_vld|                       in_a_15_out|       pointer|
|in_a_14_out          |  out|   16|      ap_vld|                       in_a_14_out|       pointer|
|in_a_14_out_ap_vld   |  out|    1|      ap_vld|                       in_a_14_out|       pointer|
|in_a_12_out          |  out|   16|      ap_vld|                       in_a_12_out|       pointer|
|in_a_12_out_ap_vld   |  out|    1|      ap_vld|                       in_a_12_out|       pointer|
|in_a_11_out          |  out|   16|      ap_vld|                       in_a_11_out|       pointer|
|in_a_11_out_ap_vld   |  out|    1|      ap_vld|                       in_a_11_out|       pointer|
|in_a_10_out          |  out|   16|      ap_vld|                       in_a_10_out|       pointer|
|in_a_10_out_ap_vld   |  out|    1|      ap_vld|                       in_a_10_out|       pointer|
|in_a_9_out           |  out|   16|      ap_vld|                        in_a_9_out|       pointer|
|in_a_9_out_ap_vld    |  out|    1|      ap_vld|                        in_a_9_out|       pointer|
|in_a_8_out           |  out|   16|      ap_vld|                        in_a_8_out|       pointer|
|in_a_8_out_ap_vld    |  out|    1|      ap_vld|                        in_a_8_out|       pointer|
|in_a_7_out           |  out|   16|      ap_vld|                        in_a_7_out|       pointer|
|in_a_7_out_ap_vld    |  out|    1|      ap_vld|                        in_a_7_out|       pointer|
|in_a_5_out           |  out|   16|      ap_vld|                        in_a_5_out|       pointer|
|in_a_5_out_ap_vld    |  out|    1|      ap_vld|                        in_a_5_out|       pointer|
|in_a_4_out           |  out|   16|      ap_vld|                        in_a_4_out|       pointer|
|in_a_4_out_ap_vld    |  out|    1|      ap_vld|                        in_a_4_out|       pointer|
|in_a_3_out           |  out|   16|      ap_vld|                        in_a_3_out|       pointer|
|in_a_3_out_ap_vld    |  out|    1|      ap_vld|                        in_a_3_out|       pointer|
|in_a_2_out           |  out|   16|      ap_vld|                        in_a_2_out|       pointer|
|in_a_2_out_ap_vld    |  out|    1|      ap_vld|                        in_a_2_out|       pointer|
|in_a_1_out           |  out|   16|      ap_vld|                        in_a_1_out|       pointer|
|in_a_1_out_ap_vld    |  out|    1|      ap_vld|                        in_a_1_out|       pointer|
|in_a_out             |  out|   16|      ap_vld|                          in_a_out|       pointer|
|in_a_out_ap_vld      |  out|    1|      ap_vld|                          in_a_out|       pointer|
+---------------------+-----+-----+------------+----------------------------------+--------------+

