

================================================================
== Vitis HLS Report for 'scalar_layer_4'
================================================================
* Date:           Tue Jun 16 19:43:51 2026

* Version:        2025.2 (Build 6295257 on Nov 14 2025)
* Project:        tpu_integrated_accel
* Solution:       hls (Vivado IP Flow Target)
* Product family: kintex7
* Target device:  xc7k325t-ffg900-2


================================================================
== Performance Estimates
================================================================
+ Timing: 
    * Summary: 
    +--------+----------+----------+------------+
    |  Clock |  Target  | Estimated| Uncertainty|
    +--------+----------+----------+------------+
    |ap_clk  |  10.00 ns|  3.813 ns|     2.70 ns|
    +--------+----------+----------+------------+

+ Latency: 
    * Summary: 
    +---------+---------+----------+----------+-----+-----+---------+
    |  Latency (cycles) |  Latency (absolute) |  Interval | Pipeline|
    |   min   |   max   |    min   |    max   | min | max |   Type  |
    +---------+---------+----------+----------+-----+-----+---------+
    |       73|      139|  0.730 us|  1.390 us|   73|  139|       no|
    +---------+---------+----------+----------+-----+-----+---------+

    + Detail: 
        * Instance: 
        +----------------------------------------------------+------------------------------------------+---------+---------+----------+----------+-----+-----+-------------------+
        |                                                    |                                          |  Latency (cycles) |  Latency (absolute) |  Interval |      Pipeline     |
        |                      Instance                      |                  Module                  |   min   |   max   |    min   |    max   | min | max |        Type       |
        +----------------------------------------------------+------------------------------------------+---------+---------+----------+----------+-----+-----+-------------------+
        |grp_scalar_layer_4_Pipeline_VITIS_LOOP_372_1_fu_28  |scalar_layer_4_Pipeline_VITIS_LOOP_372_1  |       66|       66|  0.660 us|  0.660 us|    0|    0|  loop pipeline stp|
        |grp_scalar_layer_4_Pipeline_VITIS_LOOP_377_2_fu_34  |scalar_layer_4_Pipeline_VITIS_LOOP_377_2  |       69|       69|  0.690 us|  0.690 us|    0|    0|  loop pipeline stp|
        +----------------------------------------------------+------------------------------------------+---------+---------+----------+----------+-----+-----+-------------------+

        * Loop: 
        N/A



================================================================
== Utilization Estimates
================================================================
* Summary: 
+-----------------+---------+-----+--------+--------+-----+
|       Name      | BRAM_18K| DSP |   FF   |   LUT  | URAM|
+-----------------+---------+-----+--------+--------+-----+
|DSP              |        -|    -|       -|       -|    -|
|Expression       |        -|    -|       0|       4|    -|
|FIFO             |        -|    -|       -|       -|    -|
|Instance         |        -|    1|     106|     184|    -|
|Memory           |        0|    -|       4|       4|    0|
|Multiplexer      |        -|    -|       0|      69|    -|
|Register         |        -|    -|      10|       -|    -|
+-----------------+---------+-----+--------+--------+-----+
|Total            |        0|    1|     120|     261|    0|
+-----------------+---------+-----+--------+--------+-----+
|Available        |      890|  840|  407600|  203800|    0|
+-----------------+---------+-----+--------+--------+-----+
|Utilization (%)  |        0|   ~0|      ~0|      ~0|    0|
+-----------------+---------+-----+--------+--------+-----+

+ Detail: 
    * Instance: 
    +----------------------------------------------------+------------------------------------------+---------+----+----+-----+-----+
    |                      Instance                      |                  Module                  | BRAM_18K| DSP| FF | LUT | URAM|
    +----------------------------------------------------+------------------------------------------+---------+----+----+-----+-----+
    |grp_scalar_layer_4_Pipeline_VITIS_LOOP_372_1_fu_28  |scalar_layer_4_Pipeline_VITIS_LOOP_372_1  |        0|   0|   9|   56|    0|
    |grp_scalar_layer_4_Pipeline_VITIS_LOOP_377_2_fu_34  |scalar_layer_4_Pipeline_VITIS_LOOP_377_2  |        0|   1|  97|  128|    0|
    +----------------------------------------------------+------------------------------------------+---------+----+----+-----+-----+
    |Total                                               |                                          |        0|   1| 106|  184|    0|
    +----------------------------------------------------+------------------------------------------+---------+----+----+-----+-----+

    * DSP: 
    N/A

    * Memory: 
    +-----------+----------------------------------------------------------------------------------+---------+---+----+-----+------+-----+------+-------------+
    |   Memory  |                                      Module                                      | BRAM_18K| FF| LUT| URAM| Words| Bits| Banks| W*Bits*Banks|
    +-----------+----------------------------------------------------------------------------------+---------+---+----+-----+------+-----+------+-------------+
    |weights_U  |tpu_layer_2_p_ZZ11tpu_layer_2RN3hls6streamI8ap_fixedILi16ELi6EL9ap_q_mode5EL9iHb  |        0|  4|   4|    0|    64|    4|     1|          256|
    +-----------+----------------------------------------------------------------------------------+---------+---+----+-----+------+-----+------+-------------+
    |Total      |                                                                                  |        0|  4|   4|    0|    64|    4|     1|          256|
    +-----------+----------------------------------------------------------------------------------+---------+---+----+-----+------+-----+------+-------------+

    * FIFO: 
    N/A

    * Expression: 
    +---------------------------------+----------+----+---+----+------------+------------+
    |          Variable Name          | Operation| DSP| FF| LUT| Bitwidth P0| Bitwidth P1|
    +---------------------------------+----------+----+---+----+------------+------------+
    |ap_block_state2_on_subcall_done  |       and|   0|  0|   2|           1|           1|
    |ap_block_state1                  |        or|   0|  0|   2|           1|           1|
    +---------------------------------+----------+----+---+----+------------+------------+
    |Total                            |          |   0|  0|   4|           2|           2|
    +---------------------------------+----------+----+---+----+------------+------------+

    * Multiplexer: 
    +------------------+----+-----------+-----+-----------+
    |       Name       | LUT| Input Size| Bits| Total Bits|
    +------------------+----+-----------+-----+-----------+
    |ap_NS_fsm         |  25|          6|    1|          6|
    |ap_done           |   9|          2|    1|          2|
    |weights_address0  |  13|          3|    6|         18|
    |weights_ce0       |  13|          3|    1|          3|
    |weights_we0       |   9|          2|    1|          2|
    +------------------+----+-----------+-----+-----------+
    |Total             |  69|         16|   10|         31|
    +------------------+----+-----------+-----+-----------+

    * Register: 
    +-----------------------------------------------------------------+---+----+-----+-----------+
    |                               Name                              | FF| LUT| Bits| Const Bits|
    +-----------------------------------------------------------------+---+----+-----+-----------+
    |ap_CS_fsm                                                        |  5|   0|    5|          0|
    |ap_done_reg                                                      |  1|   0|    1|          0|
    |grp_scalar_layer_4_Pipeline_VITIS_LOOP_372_1_fu_28_ap_start_reg  |  1|   0|    1|          0|
    |grp_scalar_layer_4_Pipeline_VITIS_LOOP_377_2_fu_34_ap_start_reg  |  1|   0|    1|          0|
    |init_3                                                           |  1|   0|    1|          0|
    |init_3_load_reg_62                                               |  1|   0|    1|          0|
    +-----------------------------------------------------------------+---+----+-----+-----------+
    |Total                                                            | 10|   0|   10|          0|
    +-----------------------------------------------------------------+---+----+-----+-----------+



================================================================
== Interface
================================================================
* Summary: 
+--------------------------------+-----+-----+------------+-----------------+--------------+
|            RTL Ports           | Dir | Bits|  Protocol  |  Source Object  |    C Type    |
+--------------------------------+-----+-----+------------+-----------------+--------------+
|ap_clk                          |   in|    1|  ap_ctrl_hs|   scalar_layer_4|  return value|
|ap_rst                          |   in|    1|  ap_ctrl_hs|   scalar_layer_4|  return value|
|ap_start                        |   in|    1|  ap_ctrl_hs|   scalar_layer_4|  return value|
|ap_done                         |  out|    1|  ap_ctrl_hs|   scalar_layer_4|  return value|
|ap_continue                     |   in|    1|  ap_ctrl_hs|   scalar_layer_4|  return value|
|ap_idle                         |  out|    1|  ap_ctrl_hs|   scalar_layer_4|  return value|
|ap_ready                        |  out|    1|  ap_ctrl_hs|   scalar_layer_4|  return value|
|ap_return                       |  out|   16|  ap_ctrl_hs|   scalar_layer_4|  return value|
|stream_l3_to_l4_dout            |   in|   16|     ap_fifo|  stream_l3_to_l4|       pointer|
|stream_l3_to_l4_empty_n         |   in|    1|     ap_fifo|  stream_l3_to_l4|       pointer|
|stream_l3_to_l4_read            |  out|    1|     ap_fifo|  stream_l3_to_l4|       pointer|
|stream_l3_to_l4_num_data_valid  |   in|    3|     ap_fifo|  stream_l3_to_l4|       pointer|
|stream_l3_to_l4_fifo_cap        |   in|    3|     ap_fifo|  stream_l3_to_l4|       pointer|
+--------------------------------+-----+-----+------------+-----------------+--------------+

