

================================================================
== Vitis HLS Report for 'task_detection_accel_Pipeline_VITIS_LOOP_128_8'
================================================================
* Date:           Mon Jun 15 23:15:16 2026

* Version:        2025.2 (Build 6295257 on Nov 14 2025)
* Project:        tpu_integrated_accel
* Solution:       hls (Vivado IP Flow Target)
* Product family: kintex7
* Target device:  xc7k325t-ffg900-2


================================================================
== Performance Estimates
================================================================
+ Timing: 
    * Summary: 
    +--------+----------+----------+------------+
    |  Clock |  Target  | Estimated| Uncertainty|
    +--------+----------+----------+------------+
    |ap_clk  |  10.00 ns|  4.453 ns|     2.70 ns|
    +--------+----------+----------+------------+

+ Latency: 
    * Summary: 
    +---------+---------+----------+----------+-----+-----+-------------------+
    |  Latency (cycles) |  Latency (absolute) |  Interval |      Pipeline     |
    |   min   |   max   |    min   |    max   | min | max |        Type       |
    +---------+---------+----------+----------+-----+-----+-------------------+
    |       10|       10|  0.100 us|  0.100 us|    0|    0|  loop pipeline stp|
    +---------+---------+----------+----------+-----+-----+-------------------+

    + Detail: 
        * Instance: 
        N/A

        * Loop: 
        +--------------------+---------+---------+----------+-----------+-----------+------+----------+
        |                    |  Latency (cycles) | Iteration|  Initiation Interval  | Trip |          |
        |      Loop Name     |   min   |   max   |  Latency |  achieved |   target  | Count| Pipelined|
        +--------------------+---------+---------+----------+-----------+-----------+------+----------+
        |- VITIS_LOOP_128_8  |        8|        8|         2|          1|          1|     8|       yes|
        +--------------------+---------+---------+----------+-----------+-----------+------+----------+



================================================================
== Utilization Estimates
================================================================
* Summary: 
+-----------------+---------+-----+--------+--------+-----+
|       Name      | BRAM_18K| DSP |   FF   |   LUT  | URAM|
+-----------------+---------+-----+--------+--------+-----+
|DSP              |        -|    -|       -|       -|    -|
|Expression       |        -|    -|       0|      59|    -|
|FIFO             |        -|    -|       -|       -|    -|
|Instance         |        -|    -|       -|       -|    -|
|Memory           |        -|    -|       -|       -|    -|
|Multiplexer      |        -|    -|       0|      36|    -|
|Register         |        -|    -|     270|       -|    -|
+-----------------+---------+-----+--------+--------+-----+
|Total            |        0|    0|     270|      95|    0|
+-----------------+---------+-----+--------+--------+-----+
|Available        |      890|  840|  407600|  203800|    0|
+-----------------+---------+-----+--------+--------+-----+
|Utilization (%)  |        0|    0|      ~0|      ~0|    0|
+-----------------+---------+-----+--------+--------+-----+

+ Detail: 
    * Instance: 
    N/A

    * DSP: 
    N/A

    * Memory: 
    N/A

    * FIFO: 
    N/A

    * Expression: 
    +-----------------------+----------+----+---+----+------------+------------+
    |     Variable Name     | Operation| DSP| FF| LUT| Bitwidth P0| Bitwidth P1|
    +-----------------------+----------+----+---+----+------------+------------+
    |add_ln128_fu_1063_p2   |         +|   0|  0|  13|           4|           1|
    |add_ln129_fu_1099_p2   |         +|   0|  0|  14|           7|           7|
    |add_ln130_fu_1073_p2   |         +|   0|  0|  17|          10|          10|
    |icmp_ln128_fu_1057_p2  |      icmp|   0|  0|  13|           4|           5|
    |ap_enable_pp0          |       xor|   0|  0|   2|           1|           2|
    +-----------------------+----------+----+---+----+------------+------------+
    |Total                  |          |   0|  0|  59|          26|          25|
    +-----------------------+----------+----+---+----+------------+------------+

    * Multiplexer: 
    +-------------------------+----+-----------+-----+-----------+
    |           Name          | LUT| Input Size| Bits| Total Bits|
    +-------------------------+----+-----------+-----+-----------+
    |ap_done_int              |   9|          2|    1|          2|
    |ap_enable_reg_pp0_iter1  |   9|          2|    1|          2|
    |ap_sig_allocacmp_i_10    |   9|          2|    4|          8|
    |i_fu_198                 |   9|          2|    4|          8|
    +-------------------------+----+-----------+-----+-----------+
    |Total                    |  36|          8|   10|         20|
    +-------------------------+----+-----------+-----+-----------+

    * Register: 
    +-------------------------+---+----+-----+-----------+
    |           Name          | FF| LUT| Bits| Const Bits|
    +-------------------------+---+----+-----+-----------+
    |ap_CS_fsm                |  1|   0|    1|          0|
    |ap_done_reg              |  1|   0|    1|          0|
    |ap_enable_reg_pp0_iter1  |  1|   0|    1|          0|
    |i_10_reg_2104            |  4|   0|    4|          0|
    |i_fu_198                 |  4|   0|    4|          0|
    |trunc_ln128_reg_2152     |  3|   0|    3|          0|
    |w_tile_073_fu_454        |  4|   0|    4|          0|
    |w_tile_100_044_fu_338    |  4|   0|    4|          0|
    |w_tile_101_043_fu_334    |  4|   0|    4|          0|
    |w_tile_102_042_fu_330    |  4|   0|    4|          0|
    |w_tile_103_041_fu_326    |  4|   0|    4|          0|
    |w_tile_104_040_fu_322    |  4|   0|    4|          0|
    |w_tile_105_039_fu_318    |  4|   0|    4|          0|
    |w_tile_106_038_fu_314    |  4|   0|    4|          0|
    |w_tile_107_037_fu_310    |  4|   0|    4|          0|
    |w_tile_108_036_fu_306    |  4|   0|    4|          0|
    |w_tile_109_035_fu_302    |  4|   0|    4|          0|
    |w_tile_110_034_fu_298    |  4|   0|    4|          0|
    |w_tile_111_033_fu_294    |  4|   0|    4|          0|
    |w_tile_112_032_fu_290    |  4|   0|    4|          0|
    |w_tile_113_031_fu_286    |  4|   0|    4|          0|
    |w_tile_114_030_fu_282    |  4|   0|    4|          0|
    |w_tile_115_029_fu_278    |  4|   0|    4|          0|
    |w_tile_116_028_fu_274    |  4|   0|    4|          0|
    |w_tile_117_027_fu_270    |  4|   0|    4|          0|
    |w_tile_118_026_fu_266    |  4|   0|    4|          0|
    |w_tile_119_025_fu_262    |  4|   0|    4|          0|
    |w_tile_120_024_fu_258    |  4|   0|    4|          0|
    |w_tile_121_023_fu_254    |  4|   0|    4|          0|
    |w_tile_122_022_fu_250    |  4|   0|    4|          0|
    |w_tile_123_021_fu_246    |  4|   0|    4|          0|
    |w_tile_124_020_fu_242    |  4|   0|    4|          0|
    |w_tile_125_019_fu_238    |  4|   0|    4|          0|
    |w_tile_126_018_fu_234    |  4|   0|    4|          0|
    |w_tile_127_017_fu_230    |  4|   0|    4|          0|
    |w_tile_128_016_fu_226    |  4|   0|    4|          0|
    |w_tile_129_015_fu_222    |  4|   0|    4|          0|
    |w_tile_130_014_fu_218    |  4|   0|    4|          0|
    |w_tile_131_013_fu_214    |  4|   0|    4|          0|
    |w_tile_132_012_fu_210    |  4|   0|    4|          0|
    |w_tile_133_011_fu_206    |  4|   0|    4|          0|
    |w_tile_134_010_fu_202    |  4|   0|    4|          0|
    |w_tile_72_072_fu_450     |  4|   0|    4|          0|
    |w_tile_73_071_fu_446     |  4|   0|    4|          0|
    |w_tile_74_070_fu_442     |  4|   0|    4|          0|
    |w_tile_75_069_fu_438     |  4|   0|    4|          0|
    |w_tile_76_068_fu_434     |  4|   0|    4|          0|
    |w_tile_77_067_fu_430     |  4|   0|    4|          0|
    |w_tile_78_066_fu_426     |  4|   0|    4|          0|
    |w_tile_79_065_fu_422     |  4|   0|    4|          0|
    |w_tile_80_064_fu_418     |  4|   0|    4|          0|
    |w_tile_81_063_fu_414     |  4|   0|    4|          0|
    |w_tile_82_062_fu_410     |  4|   0|    4|          0|
    |w_tile_83_061_fu_406     |  4|   0|    4|          0|
    |w_tile_84_060_fu_402     |  4|   0|    4|          0|
    |w_tile_85_059_fu_398     |  4|   0|    4|          0|
    |w_tile_86_058_fu_394     |  4|   0|    4|          0|
    |w_tile_87_057_fu_390     |  4|   0|    4|          0|
    |w_tile_88_056_fu_386     |  4|   0|    4|          0|
    |w_tile_89_055_fu_382     |  4|   0|    4|          0|
    |w_tile_90_054_fu_378     |  4|   0|    4|          0|
    |w_tile_91_053_fu_374     |  4|   0|    4|          0|
    |w_tile_92_052_fu_370     |  4|   0|    4|          0|
    |w_tile_93_051_fu_366     |  4|   0|    4|          0|
    |w_tile_94_050_fu_362     |  4|   0|    4|          0|
    |w_tile_95_049_fu_358     |  4|   0|    4|          0|
    |w_tile_96_048_fu_354     |  4|   0|    4|          0|
    |w_tile_97_047_fu_350     |  4|   0|    4|          0|
    |w_tile_98_046_fu_346     |  4|   0|    4|          0|
    |w_tile_99_045_fu_342     |  4|   0|    4|          0|
    +-------------------------+---+----+-----+-----------+
    |Total                    |270|   0|  270|          0|
    +-------------------------+---+----+-----+-----------+



================================================================
== Interface
================================================================
* Summary: 
+-------------------------------------------------------------------------+-----+-----+------------+----------------------------------------------------------------+--------------+
|                                RTL Ports                                | Dir | Bits|  Protocol  |                          Source Object                         |    C Type    |
+-------------------------------------------------------------------------+-----+-----+------------+----------------------------------------------------------------+--------------+
|ap_clk                                                                   |   in|    1|  ap_ctrl_hs|                  task_detection_accel_Pipeline_VITIS_LOOP_128_8|  return value|
|ap_rst                                                                   |   in|    1|  ap_ctrl_hs|                  task_detection_accel_Pipeline_VITIS_LOOP_128_8|  return value|
|ap_start                                                                 |   in|    1|  ap_ctrl_hs|                  task_detection_accel_Pipeline_VITIS_LOOP_128_8|  return value|
|ap_done                                                                  |  out|    1|  ap_ctrl_hs|                  task_detection_accel_Pipeline_VITIS_LOOP_128_8|  return value|
|ap_idle                                                                  |  out|    1|  ap_ctrl_hs|                  task_detection_accel_Pipeline_VITIS_LOOP_128_8|  return value|
|ap_ready                                                                 |  out|    1|  ap_ctrl_hs|                  task_detection_accel_Pipeline_VITIS_LOOP_128_8|  return value|
|empty                                                                    |   in|   10|     ap_none|                                                           empty|        scalar|
|shl_ln4                                                                  |   in|    7|     ap_none|                                                         shl_ln4|        scalar|
|l2_out_address0                                                          |  out|    7|   ap_memory|                                                          l2_out|         array|
|l2_out_ce0                                                               |  out|    1|   ap_memory|                                                          l2_out|         array|
|l2_out_q0                                                                |   in|   16|   ap_memory|                                                          l2_out|         array|
|x_tile_address0                                                          |  out|    3|   ap_memory|                                                          x_tile|         array|
|x_tile_ce0                                                               |  out|    1|   ap_memory|                                                          x_tile|         array|
|x_tile_we0                                                               |  out|    1|   ap_memory|                                                          x_tile|         array|
|x_tile_d0                                                                |  out|   16|   ap_memory|                                                          x_tile|         array|
|w_tile_load_out                                                          |  out|    4|      ap_vld|                                                 w_tile_load_out|       pointer|
|w_tile_load_out_ap_vld                                                   |  out|    1|      ap_vld|                                                 w_tile_load_out|       pointer|
|w_tile_72_load_out                                                       |  out|    4|      ap_vld|                                              w_tile_72_load_out|       pointer|
|w_tile_72_load_out_ap_vld                                                |  out|    1|      ap_vld|                                              w_tile_72_load_out|       pointer|
|w_tile_73_load_out                                                       |  out|    4|      ap_vld|                                              w_tile_73_load_out|       pointer|
|w_tile_73_load_out_ap_vld                                                |  out|    1|      ap_vld|                                              w_tile_73_load_out|       pointer|
|w_tile_74_load_out                                                       |  out|    4|      ap_vld|                                              w_tile_74_load_out|       pointer|
|w_tile_74_load_out_ap_vld                                                |  out|    1|      ap_vld|                                              w_tile_74_load_out|       pointer|
|w_tile_75_load_out                                                       |  out|    4|      ap_vld|                                              w_tile_75_load_out|       pointer|
|w_tile_75_load_out_ap_vld                                                |  out|    1|      ap_vld|                                              w_tile_75_load_out|       pointer|
|w_tile_76_load_out                                                       |  out|    4|      ap_vld|                                              w_tile_76_load_out|       pointer|
|w_tile_76_load_out_ap_vld                                                |  out|    1|      ap_vld|                                              w_tile_76_load_out|       pointer|
|w_tile_77_load_out                                                       |  out|    4|      ap_vld|                                              w_tile_77_load_out|       pointer|
|w_tile_77_load_out_ap_vld                                                |  out|    1|      ap_vld|                                              w_tile_77_load_out|       pointer|
|w_tile_78_load_out                                                       |  out|    4|      ap_vld|                                              w_tile_78_load_out|       pointer|
|w_tile_78_load_out_ap_vld                                                |  out|    1|      ap_vld|                                              w_tile_78_load_out|       pointer|
|w_tile_79_load_out                                                       |  out|    4|      ap_vld|                                              w_tile_79_load_out|       pointer|
|w_tile_79_load_out_ap_vld                                                |  out|    1|      ap_vld|                                              w_tile_79_load_out|       pointer|
|w_tile_80_load_out                                                       |  out|    4|      ap_vld|                                              w_tile_80_load_out|       pointer|
|w_tile_80_load_out_ap_vld                                                |  out|    1|      ap_vld|                                              w_tile_80_load_out|       pointer|
|w_tile_81_load_out                                                       |  out|    4|      ap_vld|                                              w_tile_81_load_out|       pointer|
|w_tile_81_load_out_ap_vld                                                |  out|    1|      ap_vld|                                              w_tile_81_load_out|       pointer|
|w_tile_82_load_out                                                       |  out|    4|      ap_vld|                                              w_tile_82_load_out|       pointer|
|w_tile_82_load_out_ap_vld                                                |  out|    1|      ap_vld|                                              w_tile_82_load_out|       pointer|
|w_tile_83_load_out                                                       |  out|    4|      ap_vld|                                              w_tile_83_load_out|       pointer|
|w_tile_83_load_out_ap_vld                                                |  out|    1|      ap_vld|                                              w_tile_83_load_out|       pointer|
|w_tile_84_load_out                                                       |  out|    4|      ap_vld|                                              w_tile_84_load_out|       pointer|
|w_tile_84_load_out_ap_vld                                                |  out|    1|      ap_vld|                                              w_tile_84_load_out|       pointer|
|w_tile_85_load_out                                                       |  out|    4|      ap_vld|                                              w_tile_85_load_out|       pointer|
|w_tile_85_load_out_ap_vld                                                |  out|    1|      ap_vld|                                              w_tile_85_load_out|       pointer|
|w_tile_86_load_out                                                       |  out|    4|      ap_vld|                                              w_tile_86_load_out|       pointer|
|w_tile_86_load_out_ap_vld                                                |  out|    1|      ap_vld|                                              w_tile_86_load_out|       pointer|
|w_tile_87_load_out                                                       |  out|    4|      ap_vld|                                              w_tile_87_load_out|       pointer|
|w_tile_87_load_out_ap_vld                                                |  out|    1|      ap_vld|                                              w_tile_87_load_out|       pointer|
|w_tile_88_load_out                                                       |  out|    4|      ap_vld|                                              w_tile_88_load_out|       pointer|
|w_tile_88_load_out_ap_vld                                                |  out|    1|      ap_vld|                                              w_tile_88_load_out|       pointer|
|w_tile_89_load_out                                                       |  out|    4|      ap_vld|                                              w_tile_89_load_out|       pointer|
|w_tile_89_load_out_ap_vld                                                |  out|    1|      ap_vld|                                              w_tile_89_load_out|       pointer|
|w_tile_90_load_out                                                       |  out|    4|      ap_vld|                                              w_tile_90_load_out|       pointer|
|w_tile_90_load_out_ap_vld                                                |  out|    1|      ap_vld|                                              w_tile_90_load_out|       pointer|
|w_tile_91_load_out                                                       |  out|    4|      ap_vld|                                              w_tile_91_load_out|       pointer|
|w_tile_91_load_out_ap_vld                                                |  out|    1|      ap_vld|                                              w_tile_91_load_out|       pointer|
|w_tile_92_load_out                                                       |  out|    4|      ap_vld|                                              w_tile_92_load_out|       pointer|
|w_tile_92_load_out_ap_vld                                                |  out|    1|      ap_vld|                                              w_tile_92_load_out|       pointer|
|w_tile_93_load_out                                                       |  out|    4|      ap_vld|                                              w_tile_93_load_out|       pointer|
|w_tile_93_load_out_ap_vld                                                |  out|    1|      ap_vld|                                              w_tile_93_load_out|       pointer|
|w_tile_94_load_out                                                       |  out|    4|      ap_vld|                                              w_tile_94_load_out|       pointer|
|w_tile_94_load_out_ap_vld                                                |  out|    1|      ap_vld|                                              w_tile_94_load_out|       pointer|
|w_tile_95_load_out                                                       |  out|    4|      ap_vld|                                              w_tile_95_load_out|       pointer|
|w_tile_95_load_out_ap_vld                                                |  out|    1|      ap_vld|                                              w_tile_95_load_out|       pointer|
|w_tile_96_load_out                                                       |  out|    4|      ap_vld|                                              w_tile_96_load_out|       pointer|
|w_tile_96_load_out_ap_vld                                                |  out|    1|      ap_vld|                                              w_tile_96_load_out|       pointer|
|w_tile_97_load_out                                                       |  out|    4|      ap_vld|                                              w_tile_97_load_out|       pointer|
|w_tile_97_load_out_ap_vld                                                |  out|    1|      ap_vld|                                              w_tile_97_load_out|       pointer|
|w_tile_98_load_out                                                       |  out|    4|      ap_vld|                                              w_tile_98_load_out|       pointer|
|w_tile_98_load_out_ap_vld                                                |  out|    1|      ap_vld|                                              w_tile_98_load_out|       pointer|
|w_tile_99_load_out                                                       |  out|    4|      ap_vld|                                              w_tile_99_load_out|       pointer|
|w_tile_99_load_out_ap_vld                                                |  out|    1|      ap_vld|                                              w_tile_99_load_out|       pointer|
|w_tile_100_load_out                                                      |  out|    4|      ap_vld|                                             w_tile_100_load_out|       pointer|
|w_tile_100_load_out_ap_vld                                               |  out|    1|      ap_vld|                                             w_tile_100_load_out|       pointer|
|w_tile_101_load_out                                                      |  out|    4|      ap_vld|                                             w_tile_101_load_out|       pointer|
|w_tile_101_load_out_ap_vld                                               |  out|    1|      ap_vld|                                             w_tile_101_load_out|       pointer|
|w_tile_102_load_out                                                      |  out|    4|      ap_vld|                                             w_tile_102_load_out|       pointer|
|w_tile_102_load_out_ap_vld                                               |  out|    1|      ap_vld|                                             w_tile_102_load_out|       pointer|
|w_tile_103_load_out                                                      |  out|    4|      ap_vld|                                             w_tile_103_load_out|       pointer|
|w_tile_103_load_out_ap_vld                                               |  out|    1|      ap_vld|                                             w_tile_103_load_out|       pointer|
|w_tile_104_load_out                                                      |  out|    4|      ap_vld|                                             w_tile_104_load_out|       pointer|
|w_tile_104_load_out_ap_vld                                               |  out|    1|      ap_vld|                                             w_tile_104_load_out|       pointer|
|w_tile_105_load_out                                                      |  out|    4|      ap_vld|                                             w_tile_105_load_out|       pointer|
|w_tile_105_load_out_ap_vld                                               |  out|    1|      ap_vld|                                             w_tile_105_load_out|       pointer|
|w_tile_106_load_out                                                      |  out|    4|      ap_vld|                                             w_tile_106_load_out|       pointer|
|w_tile_106_load_out_ap_vld                                               |  out|    1|      ap_vld|                                             w_tile_106_load_out|       pointer|
|w_tile_107_load_out                                                      |  out|    4|      ap_vld|                                             w_tile_107_load_out|       pointer|
|w_tile_107_load_out_ap_vld                                               |  out|    1|      ap_vld|                                             w_tile_107_load_out|       pointer|
|w_tile_108_load_out                                                      |  out|    4|      ap_vld|                                             w_tile_108_load_out|       pointer|
|w_tile_108_load_out_ap_vld                                               |  out|    1|      ap_vld|                                             w_tile_108_load_out|       pointer|
|w_tile_109_load_out                                                      |  out|    4|      ap_vld|                                             w_tile_109_load_out|       pointer|
|w_tile_109_load_out_ap_vld                                               |  out|    1|      ap_vld|                                             w_tile_109_load_out|       pointer|
|w_tile_110_load_out                                                      |  out|    4|      ap_vld|                                             w_tile_110_load_out|       pointer|
|w_tile_110_load_out_ap_vld                                               |  out|    1|      ap_vld|                                             w_tile_110_load_out|       pointer|
|w_tile_111_load_out                                                      |  out|    4|      ap_vld|                                             w_tile_111_load_out|       pointer|
|w_tile_111_load_out_ap_vld                                               |  out|    1|      ap_vld|                                             w_tile_111_load_out|       pointer|
|w_tile_112_load_out                                                      |  out|    4|      ap_vld|                                             w_tile_112_load_out|       pointer|
|w_tile_112_load_out_ap_vld                                               |  out|    1|      ap_vld|                                             w_tile_112_load_out|       pointer|
|w_tile_113_load_out                                                      |  out|    4|      ap_vld|                                             w_tile_113_load_out|       pointer|
|w_tile_113_load_out_ap_vld                                               |  out|    1|      ap_vld|                                             w_tile_113_load_out|       pointer|
|w_tile_114_load_out                                                      |  out|    4|      ap_vld|                                             w_tile_114_load_out|       pointer|
|w_tile_114_load_out_ap_vld                                               |  out|    1|      ap_vld|                                             w_tile_114_load_out|       pointer|
|w_tile_115_load_out                                                      |  out|    4|      ap_vld|                                             w_tile_115_load_out|       pointer|
|w_tile_115_load_out_ap_vld                                               |  out|    1|      ap_vld|                                             w_tile_115_load_out|       pointer|
|w_tile_116_load_out                                                      |  out|    4|      ap_vld|                                             w_tile_116_load_out|       pointer|
|w_tile_116_load_out_ap_vld                                               |  out|    1|      ap_vld|                                             w_tile_116_load_out|       pointer|
|w_tile_117_load_out                                                      |  out|    4|      ap_vld|                                             w_tile_117_load_out|       pointer|
|w_tile_117_load_out_ap_vld                                               |  out|    1|      ap_vld|                                             w_tile_117_load_out|       pointer|
|w_tile_118_load_out                                                      |  out|    4|      ap_vld|                                             w_tile_118_load_out|       pointer|
|w_tile_118_load_out_ap_vld                                               |  out|    1|      ap_vld|                                             w_tile_118_load_out|       pointer|
|w_tile_119_load_out                                                      |  out|    4|      ap_vld|                                             w_tile_119_load_out|       pointer|
|w_tile_119_load_out_ap_vld                                               |  out|    1|      ap_vld|                                             w_tile_119_load_out|       pointer|
|w_tile_120_load_out                                                      |  out|    4|      ap_vld|                                             w_tile_120_load_out|       pointer|
|w_tile_120_load_out_ap_vld                                               |  out|    1|      ap_vld|                                             w_tile_120_load_out|       pointer|
|w_tile_121_load_out                                                      |  out|    4|      ap_vld|                                             w_tile_121_load_out|       pointer|
|w_tile_121_load_out_ap_vld                                               |  out|    1|      ap_vld|                                             w_tile_121_load_out|       pointer|
|w_tile_122_load_out                                                      |  out|    4|      ap_vld|                                             w_tile_122_load_out|       pointer|
|w_tile_122_load_out_ap_vld                                               |  out|    1|      ap_vld|                                             w_tile_122_load_out|       pointer|
|w_tile_123_load_out                                                      |  out|    4|      ap_vld|                                             w_tile_123_load_out|       pointer|
|w_tile_123_load_out_ap_vld                                               |  out|    1|      ap_vld|                                             w_tile_123_load_out|       pointer|
|w_tile_124_load_out                                                      |  out|    4|      ap_vld|                                             w_tile_124_load_out|       pointer|
|w_tile_124_load_out_ap_vld                                               |  out|    1|      ap_vld|                                             w_tile_124_load_out|       pointer|
|w_tile_125_load_out                                                      |  out|    4|      ap_vld|                                             w_tile_125_load_out|       pointer|
|w_tile_125_load_out_ap_vld                                               |  out|    1|      ap_vld|                                             w_tile_125_load_out|       pointer|
|w_tile_126_load_out                                                      |  out|    4|      ap_vld|                                             w_tile_126_load_out|       pointer|
|w_tile_126_load_out_ap_vld                                               |  out|    1|      ap_vld|                                             w_tile_126_load_out|       pointer|
|w_tile_127_load_out                                                      |  out|    4|      ap_vld|                                             w_tile_127_load_out|       pointer|
|w_tile_127_load_out_ap_vld                                               |  out|    1|      ap_vld|                                             w_tile_127_load_out|       pointer|
|w_tile_128_load_out                                                      |  out|    4|      ap_vld|                                             w_tile_128_load_out|       pointer|
|w_tile_128_load_out_ap_vld                                               |  out|    1|      ap_vld|                                             w_tile_128_load_out|       pointer|
|w_tile_129_load_out                                                      |  out|    4|      ap_vld|                                             w_tile_129_load_out|       pointer|
|w_tile_129_load_out_ap_vld                                               |  out|    1|      ap_vld|                                             w_tile_129_load_out|       pointer|
|w_tile_130_load_out                                                      |  out|    4|      ap_vld|                                             w_tile_130_load_out|       pointer|
|w_tile_130_load_out_ap_vld                                               |  out|    1|      ap_vld|                                             w_tile_130_load_out|       pointer|
|w_tile_131_load_out                                                      |  out|    4|      ap_vld|                                             w_tile_131_load_out|       pointer|
|w_tile_131_load_out_ap_vld                                               |  out|    1|      ap_vld|                                             w_tile_131_load_out|       pointer|
|w_tile_132_load_out                                                      |  out|    4|      ap_vld|                                             w_tile_132_load_out|       pointer|
|w_tile_132_load_out_ap_vld                                               |  out|    1|      ap_vld|                                             w_tile_132_load_out|       pointer|
|w_tile_133_load_out                                                      |  out|    4|      ap_vld|                                             w_tile_133_load_out|       pointer|
|w_tile_133_load_out_ap_vld                                               |  out|    1|      ap_vld|                                             w_tile_133_load_out|       pointer|
|w_tile_134_load_out                                                      |  out|    4|      ap_vld|                                             w_tile_134_load_out|       pointer|
|w_tile_134_load_out_ap_vld                                               |  out|    1|      ap_vld|                                             w_tile_134_load_out|       pointer|
|tpu_layer_3_ap_fixed_16_6_5_3_0_ap_fixed_16_6_5_3_0_weights_address0     |  out|   10|   ap_memory|     tpu_layer_3_ap_fixed_16_6_5_3_0_ap_fixed_16_6_5_3_0_weights|         array|
|tpu_layer_3_ap_fixed_16_6_5_3_0_ap_fixed_16_6_5_3_0_weights_ce0          |  out|    1|   ap_memory|     tpu_layer_3_ap_fixed_16_6_5_3_0_ap_fixed_16_6_5_3_0_weights|         array|
|tpu_layer_3_ap_fixed_16_6_5_3_0_ap_fixed_16_6_5_3_0_weights_q0           |   in|    4|   ap_memory|     tpu_layer_3_ap_fixed_16_6_5_3_0_ap_fixed_16_6_5_3_0_weights|         array|
|tpu_layer_3_ap_fixed_16_6_5_3_0_ap_fixed_16_6_5_3_0_weights_15_address0  |  out|   10|   ap_memory|  tpu_layer_3_ap_fixed_16_6_5_3_0_ap_fixed_16_6_5_3_0_weights_15|         array|
|tpu_layer_3_ap_fixed_16_6_5_3_0_ap_fixed_16_6_5_3_0_weights_15_ce0       |  out|    1|   ap_memory|  tpu_layer_3_ap_fixed_16_6_5_3_0_ap_fixed_16_6_5_3_0_weights_15|         array|
|tpu_layer_3_ap_fixed_16_6_5_3_0_ap_fixed_16_6_5_3_0_weights_15_q0        |   in|    4|   ap_memory|  tpu_layer_3_ap_fixed_16_6_5_3_0_ap_fixed_16_6_5_3_0_weights_15|         array|
|tpu_layer_3_ap_fixed_16_6_5_3_0_ap_fixed_16_6_5_3_0_weights_16_address0  |  out|   10|   ap_memory|  tpu_layer_3_ap_fixed_16_6_5_3_0_ap_fixed_16_6_5_3_0_weights_16|         array|
|tpu_layer_3_ap_fixed_16_6_5_3_0_ap_fixed_16_6_5_3_0_weights_16_ce0       |  out|    1|   ap_memory|  tpu_layer_3_ap_fixed_16_6_5_3_0_ap_fixed_16_6_5_3_0_weights_16|         array|
|tpu_layer_3_ap_fixed_16_6_5_3_0_ap_fixed_16_6_5_3_0_weights_16_q0        |   in|    4|   ap_memory|  tpu_layer_3_ap_fixed_16_6_5_3_0_ap_fixed_16_6_5_3_0_weights_16|         array|
|tpu_layer_3_ap_fixed_16_6_5_3_0_ap_fixed_16_6_5_3_0_weights_17_address0  |  out|   10|   ap_memory|  tpu_layer_3_ap_fixed_16_6_5_3_0_ap_fixed_16_6_5_3_0_weights_17|         array|
|tpu_layer_3_ap_fixed_16_6_5_3_0_ap_fixed_16_6_5_3_0_weights_17_ce0       |  out|    1|   ap_memory|  tpu_layer_3_ap_fixed_16_6_5_3_0_ap_fixed_16_6_5_3_0_weights_17|         array|
|tpu_layer_3_ap_fixed_16_6_5_3_0_ap_fixed_16_6_5_3_0_weights_17_q0        |   in|    4|   ap_memory|  tpu_layer_3_ap_fixed_16_6_5_3_0_ap_fixed_16_6_5_3_0_weights_17|         array|
|tpu_layer_3_ap_fixed_16_6_5_3_0_ap_fixed_16_6_5_3_0_weights_18_address0  |  out|   10|   ap_memory|  tpu_layer_3_ap_fixed_16_6_5_3_0_ap_fixed_16_6_5_3_0_weights_18|         array|
|tpu_layer_3_ap_fixed_16_6_5_3_0_ap_fixed_16_6_5_3_0_weights_18_ce0       |  out|    1|   ap_memory|  tpu_layer_3_ap_fixed_16_6_5_3_0_ap_fixed_16_6_5_3_0_weights_18|         array|
|tpu_layer_3_ap_fixed_16_6_5_3_0_ap_fixed_16_6_5_3_0_weights_18_q0        |   in|    4|   ap_memory|  tpu_layer_3_ap_fixed_16_6_5_3_0_ap_fixed_16_6_5_3_0_weights_18|         array|
|tpu_layer_3_ap_fixed_16_6_5_3_0_ap_fixed_16_6_5_3_0_weights_19_address0  |  out|   10|   ap_memory|  tpu_layer_3_ap_fixed_16_6_5_3_0_ap_fixed_16_6_5_3_0_weights_19|         array|
|tpu_layer_3_ap_fixed_16_6_5_3_0_ap_fixed_16_6_5_3_0_weights_19_ce0       |  out|    1|   ap_memory|  tpu_layer_3_ap_fixed_16_6_5_3_0_ap_fixed_16_6_5_3_0_weights_19|         array|
|tpu_layer_3_ap_fixed_16_6_5_3_0_ap_fixed_16_6_5_3_0_weights_19_q0        |   in|    4|   ap_memory|  tpu_layer_3_ap_fixed_16_6_5_3_0_ap_fixed_16_6_5_3_0_weights_19|         array|
|tpu_layer_3_ap_fixed_16_6_5_3_0_ap_fixed_16_6_5_3_0_weights_20_address0  |  out|   10|   ap_memory|  tpu_layer_3_ap_fixed_16_6_5_3_0_ap_fixed_16_6_5_3_0_weights_20|         array|
|tpu_layer_3_ap_fixed_16_6_5_3_0_ap_fixed_16_6_5_3_0_weights_20_ce0       |  out|    1|   ap_memory|  tpu_layer_3_ap_fixed_16_6_5_3_0_ap_fixed_16_6_5_3_0_weights_20|         array|
|tpu_layer_3_ap_fixed_16_6_5_3_0_ap_fixed_16_6_5_3_0_weights_20_q0        |   in|    4|   ap_memory|  tpu_layer_3_ap_fixed_16_6_5_3_0_ap_fixed_16_6_5_3_0_weights_20|         array|
|tpu_layer_3_ap_fixed_16_6_5_3_0_ap_fixed_16_6_5_3_0_weights_21_address0  |  out|   10|   ap_memory|  tpu_layer_3_ap_fixed_16_6_5_3_0_ap_fixed_16_6_5_3_0_weights_21|         array|
|tpu_layer_3_ap_fixed_16_6_5_3_0_ap_fixed_16_6_5_3_0_weights_21_ce0       |  out|    1|   ap_memory|  tpu_layer_3_ap_fixed_16_6_5_3_0_ap_fixed_16_6_5_3_0_weights_21|         array|
|tpu_layer_3_ap_fixed_16_6_5_3_0_ap_fixed_16_6_5_3_0_weights_21_q0        |   in|    4|   ap_memory|  tpu_layer_3_ap_fixed_16_6_5_3_0_ap_fixed_16_6_5_3_0_weights_21|         array|
+-------------------------------------------------------------------------+-----+-----+------------+----------------------------------------------------------------+--------------+

