

================================================================
== Vitis HLS Report for 'task_detection_accel_Pipeline_VITIS_LOOP_84_1'
================================================================
* Date:           Mon Jun 15 23:15:14 2026

* Version:        2025.2 (Build 6295257 on Nov 14 2025)
* Project:        tpu_integrated_accel
* Solution:       hls (Vivado IP Flow Target)
* Product family: kintex7
* Target device:  xc7k325t-ffg900-2


================================================================
== Performance Estimates
================================================================
+ Timing: 
    * Summary: 
    +--------+----------+----------+------------+
    |  Clock |  Target  | Estimated| Uncertainty|
    +--------+----------+----------+------------+
    |ap_clk  |  10.00 ns|  3.338 ns|     2.70 ns|
    +--------+----------+----------+------------+

+ Latency: 
    * Summary: 
    +---------+---------+----------+----------+-----+-----+-------------------+
    |  Latency (cycles) |  Latency (absolute) |  Interval |      Pipeline     |
    |   min   |   max   |    min   |    max   | min | max |        Type       |
    +---------+---------+----------+----------+-----+-----+-------------------+
    |      130|      130|  1.300 us|  1.300 us|    0|    0|  loop pipeline stp|
    +---------+---------+----------+----------+-----+-----+-------------------+

    + Detail: 
        * Instance: 
        N/A

        * Loop: 
        +-------------------+---------+---------+----------+-----------+-----------+------+----------+
        |                   |  Latency (cycles) | Iteration|  Initiation Interval  | Trip |          |
        |     Loop Name     |   min   |   max   |  Latency |  achieved |   target  | Count| Pipelined|
        +-------------------+---------+---------+----------+-----------+-----------+------+----------+
        |- VITIS_LOOP_84_1  |      128|      128|         1|          1|          1|   128|       yes|
        +-------------------+---------+---------+----------+-----------+-----------+------+----------+



================================================================
== Utilization Estimates
================================================================
* Summary: 
+-----------------+---------+-----+--------+--------+-----+
|       Name      | BRAM_18K| DSP |   FF   |   LUT  | URAM|
+-----------------+---------+-----+--------+--------+-----+
|DSP              |        -|    -|       -|       -|    -|
|Expression       |        -|    -|       0|      31|    -|
|FIFO             |        -|    -|       -|       -|    -|
|Instance         |        -|    -|       -|       -|    -|
|Memory           |        -|    -|       -|       -|    -|
|Multiplexer      |        -|    -|       0|      27|    -|
|Register         |        -|    -|      10|       -|    -|
+-----------------+---------+-----+--------+--------+-----+
|Total            |        0|    0|      10|      58|    0|
+-----------------+---------+-----+--------+--------+-----+
|Available        |      890|  840|  407600|  203800|    0|
+-----------------+---------+-----+--------+--------+-----+
|Utilization (%)  |        0|    0|      ~0|      ~0|    0|
+-----------------+---------+-----+--------+--------+-----+

+ Detail: 
    * Instance: 
    N/A

    * DSP: 
    N/A

    * Memory: 
    N/A

    * FIFO: 
    N/A

    * Expression: 
    +--------------------+----------+----+---+----+------------+------------+
    |    Variable Name   | Operation| DSP| FF| LUT| Bitwidth P0| Bitwidth P1|
    +--------------------+----------+----+---+----+------------+------------+
    |add_ln84_fu_62_p2   |         +|   0|  0|  15|           8|           1|
    |icmp_ln84_fu_56_p2  |      icmp|   0|  0|  16|           8|           9|
    +--------------------+----------+----+---+----+------------+------------+
    |Total               |          |   0|  0|  31|          16|          10|
    +--------------------+----------+----+---+----+------------+------------+

    * Multiplexer: 
    +----------------------+----+-----------+-----+-----------+
    |         Name         | LUT| Input Size| Bits| Total Bits|
    +----------------------+----+-----------+-----+-----------+
    |ap_done_int           |   9|          2|    1|          2|
    |ap_sig_allocacmp_i_5  |   9|          2|    8|         16|
    |i_fu_30               |   9|          2|    8|         16|
    +----------------------+----+-----------+-----+-----------+
    |Total                 |  27|          6|   17|         34|
    +----------------------+----+-----------+-----+-----------+

    * Register: 
    +-------------+---+----+-----+-----------+
    |     Name    | FF| LUT| Bits| Const Bits|
    +-------------+---+----+-----+-----------+
    |ap_CS_fsm    |  1|   0|    1|          0|
    |ap_done_reg  |  1|   0|    1|          0|
    |i_fu_30      |  8|   0|    8|          0|
    +-------------+---+----+-----+-----------+
    |Total        | 10|   0|   10|          0|
    +-------------+---+----+-----+-----------+



================================================================
== Interface
================================================================
* Summary: 
+-----------------+-----+-----+------------+-----------------------------------------------+--------------+
|    RTL Ports    | Dir | Bits|  Protocol  |                 Source Object                 |    C Type    |
+-----------------+-----+-----+------------+-----------------------------------------------+--------------+
|ap_clk           |   in|    1|  ap_ctrl_hs|  task_detection_accel_Pipeline_VITIS_LOOP_84_1|  return value|
|ap_rst           |   in|    1|  ap_ctrl_hs|  task_detection_accel_Pipeline_VITIS_LOOP_84_1|  return value|
|ap_start         |   in|    1|  ap_ctrl_hs|  task_detection_accel_Pipeline_VITIS_LOOP_84_1|  return value|
|ap_done          |  out|    1|  ap_ctrl_hs|  task_detection_accel_Pipeline_VITIS_LOOP_84_1|  return value|
|ap_idle          |  out|    1|  ap_ctrl_hs|  task_detection_accel_Pipeline_VITIS_LOOP_84_1|  return value|
|ap_ready         |  out|    1|  ap_ctrl_hs|  task_detection_accel_Pipeline_VITIS_LOOP_84_1|  return value|
|bias_1_address0  |  out|    7|   ap_memory|                                         bias_1|         array|
|bias_1_ce0       |  out|    1|   ap_memory|                                         bias_1|         array|
|bias_1_we0       |  out|    1|   ap_memory|                                         bias_1|         array|
|bias_1_d0        |  out|    1|   ap_memory|                                         bias_1|         array|
+-----------------+-----+-----+------------+-----------------------------------------------+--------------+

