

================================================================
== Vitis HLS Report for 'task_detection_accel_Pipeline_VITIS_LOOP_151_2'
================================================================
* Date:           Mon Jun 15 23:15:16 2026

* Version:        2025.2 (Build 6295257 on Nov 14 2025)
* Project:        tpu_integrated_accel
* Solution:       hls (Vivado IP Flow Target)
* Product family: kintex7
* Target device:  xc7k325t-ffg900-2


================================================================
== Performance Estimates
================================================================
+ Timing: 
    * Summary: 
    +--------+----------+----------+------------+
    |  Clock |  Target  | Estimated| Uncertainty|
    +--------+----------+----------+------------+
    |ap_clk  |  10.00 ns|  3.813 ns|     2.70 ns|
    +--------+----------+----------+------------+

+ Latency: 
    * Summary: 
    +---------+---------+----------+----------+-----+-----+-------------------+
    |  Latency (cycles) |  Latency (absolute) |  Interval |      Pipeline     |
    |   min   |   max   |    min   |    max   | min | max |        Type       |
    +---------+---------+----------+----------+-----+-----+-------------------+
    |       69|       69|  0.690 us|  0.690 us|    0|    0|  loop pipeline stp|
    +---------+---------+----------+----------+-----+-----+-------------------+

    + Detail: 
        * Instance: 
        N/A

        * Loop: 
        +--------------------+---------+---------+----------+-----------+-----------+------+----------+
        |                    |  Latency (cycles) | Iteration|  Initiation Interval  | Trip |          |
        |      Loop Name     |   min   |   max   |  Latency |  achieved |   target  | Count| Pipelined|
        +--------------------+---------+---------+----------+-----------+-----------+------+----------+
        |- VITIS_LOOP_151_2  |       67|       67|         5|          1|          1|    64|       yes|
        +--------------------+---------+---------+----------+-----------+-----------+------+----------+



================================================================
== Utilization Estimates
================================================================
* Summary: 
+-----------------+---------+-----+--------+--------+-----+
|       Name      | BRAM_18K| DSP |   FF   |   LUT  | URAM|
+-----------------+---------+-----+--------+--------+-----+
|DSP              |        -|    1|       -|       -|    -|
|Expression       |        -|    -|       0|      31|    -|
|FIFO             |        -|    -|       -|       -|    -|
|Instance         |        -|    -|       -|       -|    -|
|Memory           |        -|    -|       -|       -|    -|
|Multiplexer      |        -|    -|       0|      54|    -|
|Register         |        -|    -|      97|      32|    -|
+-----------------+---------+-----+--------+--------+-----+
|Total            |        0|    1|      97|     117|    0|
+-----------------+---------+-----+--------+--------+-----+
|Available        |      890|  840|  407600|  203800|    0|
+-----------------+---------+-----+--------+--------+-----+
|Utilization (%)  |        0|   ~0|      ~0|      ~0|    0|
+-----------------+---------+-----+--------+--------+-----+

+ Detail: 
    * Instance: 
    N/A

    * DSP: 
    +-------------------------------------+-------------------------------+--------------+
    |               Instance              |             Module            |  Expression  |
    +-------------------------------------+-------------------------------+--------------+
    |mac_muladd_16s_4ns_26s_26_4_1_U1556  |mac_muladd_16s_4ns_26s_26_4_1  |  i0 + i1 * i2|
    +-------------------------------------+-------------------------------+--------------+

    * Memory: 
    N/A

    * FIFO: 
    N/A

    * Expression: 
    +----------------------+----------+----+---+----+------------+------------+
    |     Variable Name    | Operation| DSP| FF| LUT| Bitwidth P0| Bitwidth P1|
    +----------------------+----------+----+---+----+------------+------------+
    |add_ln151_fu_106_p2   |         +|   0|  0|  14|           7|           1|
    |icmp_ln151_fu_100_p2  |      icmp|   0|  0|  15|           7|           8|
    |ap_enable_pp0         |       xor|   0|  0|   2|           1|           2|
    +----------------------+----------+----+---+----+------------+------------+
    |Total                 |          |   0|  0|  31|          15|          11|
    +----------------------+----------+----+---+----+------------+------------+

    * Multiplexer: 
    +-----------------------------+----+-----------+-----+-----------+
    |             Name            | LUT| Input Size| Bits| Total Bits|
    +-----------------------------+----+-----------+-----+-----------+
    |acc_fu_46                    |   9|          2|   16|         32|
    |ap_done_int                  |   9|          2|    1|          2|
    |ap_enable_reg_pp0_iter1      |   9|          2|    1|          2|
    |ap_sig_allocacmp_acc_load_1  |   9|          2|   16|         32|
    |ap_sig_allocacmp_i_7         |   9|          2|    7|         14|
    |i_fu_50                      |   9|          2|    7|         14|
    +-----------------------------+----+-----------+-----+-----------+
    |Total                        |  54|         12|   48|         96|
    +-----------------------------+----+-----------+-----+-----------+

    * Register: 
    +----------------------------------+----+----+-----+-----------+
    |               Name               | FF | LUT| Bits| Const Bits|
    +----------------------------------+----+----+-----+-----------+
    |acc_fu_46                         |  16|   0|   16|          0|
    |ap_CS_fsm                         |   1|   0|    1|          0|
    |ap_done_reg                       |   1|   0|    1|          0|
    |ap_enable_reg_pp0_iter1           |   1|   0|    1|          0|
    |ap_enable_reg_pp0_iter2           |   1|   0|    1|          0|
    |ap_enable_reg_pp0_iter3           |   1|   0|    1|          0|
    |ap_enable_reg_pp0_iter4           |   1|   0|    1|          0|
    |ap_loop_exit_ready_pp0_iter1_reg  |   1|   0|    1|          0|
    |ap_loop_exit_ready_pp0_iter2_reg  |   1|   0|    1|          0|
    |ap_loop_exit_ready_pp0_iter3_reg  |   1|   0|    1|          0|
    |i_fu_50                           |   7|   0|    7|          0|
    |icmp_ln151_reg_184                |   1|   0|    1|          0|
    |icmp_ln151_reg_184                |  64|  32|    1|          0|
    +----------------------------------+----+----+-----+-----------+
    |Total                             |  97|  32|   34|          0|
    +----------------------------------+----+----+-----+-----------+



================================================================
== Interface
================================================================
* Summary: 
+------------------+-----+-----+------------+------------------------------------------------+--------------+
|     RTL Ports    | Dir | Bits|  Protocol  |                  Source Object                 |    C Type    |
+------------------+-----+-----+------------+------------------------------------------------+--------------+
|ap_clk            |   in|    1|  ap_ctrl_hs|  task_detection_accel_Pipeline_VITIS_LOOP_151_2|  return value|
|ap_rst            |   in|    1|  ap_ctrl_hs|  task_detection_accel_Pipeline_VITIS_LOOP_151_2|  return value|
|ap_start          |   in|    1|  ap_ctrl_hs|  task_detection_accel_Pipeline_VITIS_LOOP_151_2|  return value|
|ap_done           |  out|    1|  ap_ctrl_hs|  task_detection_accel_Pipeline_VITIS_LOOP_151_2|  return value|
|ap_idle           |  out|    1|  ap_ctrl_hs|  task_detection_accel_Pipeline_VITIS_LOOP_151_2|  return value|
|ap_ready          |  out|    1|  ap_ctrl_hs|  task_detection_accel_Pipeline_VITIS_LOOP_151_2|  return value|
|l3_out_address0   |  out|    6|   ap_memory|                                          l3_out|         array|
|l3_out_ce0        |  out|    1|   ap_memory|                                          l3_out|         array|
|l3_out_q0         |   in|   16|   ap_memory|                                          l3_out|         array|
|acc_out           |  out|   16|      ap_vld|                                         acc_out|       pointer|
|acc_out_ap_vld    |  out|    1|      ap_vld|                                         acc_out|       pointer|
|weights_address0  |  out|    6|   ap_memory|                                         weights|         array|
|weights_ce0       |  out|    1|   ap_memory|                                         weights|         array|
|weights_q0        |   in|    4|   ap_memory|                                         weights|         array|
+------------------+-----+-----+------------+------------------------------------------------+--------------+

