

================================================================
== Vitis HLS Report for 'tpu_layer_1_Pipeline_VITIS_LOOP_54_4_VITIS_LOOP_55_5_VITIS_LOOP_56_6_VITIS_LOOP_s'
================================================================
* Date:           Mon Jun 15 23:15:07 2026

* Version:        2025.2 (Build 6295257 on Nov 14 2025)
* Project:        tpu_integrated_accel
* Solution:       hls (Vivado IP Flow Target)
* Product family: kintex7
* Target device:  xc7k325t-ffg900-2


================================================================
== Performance Estimates
================================================================
+ Timing: 
    * Summary: 
    +--------+----------+----------+------------+
    |  Clock |  Target  | Estimated| Uncertainty|
    +--------+----------+----------+------------+
    |ap_clk  |  10.00 ns|  5.669 ns|     2.70 ns|
    +--------+----------+----------+------------+

+ Latency: 
    * Summary: 
    +---------+---------+----------+----------+-----+-----+-------------------+
    |  Latency (cycles) |  Latency (absolute) |  Interval |      Pipeline     |
    |   min   |   max   |    min   |    max   | min | max |        Type       |
    +---------+---------+----------+----------+-----+-----+-------------------+
    |    47108|    47108|  0.471 ms|  0.471 ms|    0|    0|  loop pipeline stp|
    +---------+---------+----------+----------+-----+-----+-------------------+

    + Detail: 
        * Instance: 
        N/A

        * Loop: 
        +-------------------------------------------------------------------+---------+---------+----------+-----------+-----------+-------+----------+
        |                                                                   |  Latency (cycles) | Iteration|  Initiation Interval  |  Trip |          |
        |                             Loop Name                             |   min   |   max   |  Latency |  achieved |   target  | Count | Pipelined|
        +-------------------------------------------------------------------+---------+---------+----------+-----------+-----------+-------+----------+
        |- VITIS_LOOP_54_4_VITIS_LOOP_55_5_VITIS_LOOP_56_6_VITIS_LOOP_57_7  |    47106|    47106|         4|          1|          1|  47104|       yes|
        +-------------------------------------------------------------------+---------+---------+----------+-----------+-----------+-------+----------+



================================================================
== Utilization Estimates
================================================================
* Summary: 
+-----------------+---------+-----+--------+--------+-----+
|       Name      | BRAM_18K| DSP |   FF   |   LUT  | URAM|
+-----------------+---------+-----+--------+--------+-----+
|DSP              |        -|    1|       -|       -|    -|
|Expression       |        -|    -|       0|     268|    -|
|FIFO             |        -|    -|       -|       -|    -|
|Instance         |        -|    -|       -|       -|    -|
|Memory           |        -|    -|       -|       -|    -|
|Multiplexer      |        -|    -|       0|      90|    -|
|Register         |        -|    -|      72|       -|    -|
+-----------------+---------+-----+--------+--------+-----+
|Total            |        0|    1|      72|     358|    0|
+-----------------+---------+-----+--------+--------+-----+
|Available        |      890|  840|  407600|  203800|    0|
+-----------------+---------+-----+--------+--------+-----+
|Utilization (%)  |        0|   ~0|      ~0|      ~0|    0|
+-----------------+---------+-----+--------+--------+-----+

+ Detail: 
    * Instance: 
    N/A

    * DSP: 
    +-----------------------------------+-------------------------------+--------------+
    |              Instance             |             Module            |  Expression  |
    +-----------------------------------+-------------------------------+--------------+
    |mac_muladd_6ns_5ns_5ns_10_4_1_U12  |mac_muladd_6ns_5ns_5ns_10_4_1  |  i0 * i1 + i2|
    +-----------------------------------+-------------------------------+--------------+

    * Memory: 
    N/A

    * FIFO: 
    N/A

    * Expression: 
    +---------------------------------------+----------+----+---+----+------------+------------+
    |             Variable Name             | Operation| DSP| FF| LUT| Bitwidth P0| Bitwidth P1|
    +---------------------------------------+----------+----+---+----+------------+------------+
    |add_ln54_1_fu_277_p2                   |         +|   0|  0|  23|          16|           1|
    |add_ln54_fu_286_p2                     |         +|   0|  0|  14|           6|           1|
    |add_ln55_1_fu_310_p2                   |         +|   0|  0|  19|          12|           1|
    |add_ln55_fu_378_p2                     |         +|   0|  0|  13|           5|           1|
    |add_ln56_1_fu_471_p2                   |         +|   0|  0|  15|           8|           1|
    |add_ln56_fu_510_p2                     |         +|   0|  0|  13|           4|           1|
    |add_ln57_fu_465_p2                     |         +|   0|  0|  13|           4|           1|
    |add_ln58_1_fu_534_p2                   |         +|   0|  0|  20|          13|          13|
    |and_ln54_1_fu_372_p2                   |       and|   0|  0|   2|           1|           1|
    |and_ln54_fu_400_p2                     |       and|   0|  0|   2|           1|           1|
    |icmp_ln57_mid211_fu_406_p2             |       and|   0|  0|   2|           1|           1|
    |icmp_ln54_fu_271_p2                    |      icmp|   0|  0|  23|          16|          16|
    |icmp_ln55_fu_292_p2                    |      icmp|   0|  0|  19|          12|          11|
    |icmp_ln56_fu_366_p2                    |      icmp|   0|  0|  15|           8|           7|
    |icmp_ln57_fu_360_p2                    |      icmp|   0|  0|  13|           4|           5|
    |empty_52_fu_420_p2                     |        or|   0|  0|   2|           1|           1|
    |empty_53_fu_426_p2                     |        or|   0|  0|   2|           1|           1|
    |empty_fu_384_p2                        |        or|   0|  0|   2|           1|           1|
    |not_exitcond_flatten_mid234_fu_395_p2  |        or|   0|  0|   2|           1|           1|
    |c_mid2_fu_431_p3                       |    select|   0|  0|   4|           1|           1|
    |r_mid26_fu_503_p3                      |    select|   0|  0|   4|           1|           1|
    |select_ln54_1_fu_298_p3                |    select|   0|  0|   6|           1|           6|
    |select_ln54_fu_348_p3                  |    select|   0|  0|   5|           1|           1|
    |select_ln55_1_fu_316_p3                |    select|   0|  0|  12|           1|           1|
    |select_ln55_fu_412_p3                  |    select|   0|  0|   5|           1|           5|
    |select_ln56_1_fu_477_p3                |    select|   0|  0|   8|           1|           1|
    |select_ln56_fu_516_p3                  |    select|   0|  0|   4|           1|           4|
    |ap_enable_pp0                          |       xor|   0|  0|   2|           1|           2|
    |exitcond_flatten_not_fu_389_p2         |       xor|   0|  0|   2|           1|           2|
    |xor_ln54_fu_355_p2                     |       xor|   0|  0|   2|           1|           2|
    +---------------------------------------+----------+----+---+----+------------+------------+
    |Total                                  |          |   0|  0| 268|         126|          92|
    +---------------------------------------+----------+----+---+----+------------+------------+

    * Multiplexer: 
    +-------------------------+----+-----------+-----+-----------+
    |           Name          | LUT| Input Size| Bits| Total Bits|
    +-------------------------+----+-----------+-----+-----------+
    |ap_done_int              |   9|          2|    1|          2|
    |ap_enable_reg_pp0_iter1  |   9|          2|    1|          2|
    |ap_enable_reg_pp0_iter4  |   9|          2|    1|          2|
    |c_fu_90                  |   9|          2|    4|          8|
    |i_fu_102                 |   9|          2|    5|         10|
    |indvar_flatten12_fu_106  |   9|          2|   12|         24|
    |indvar_flatten35_fu_114  |   9|          2|   16|         32|
    |indvar_flatten_fu_98     |   9|          2|    8|         16|
    |o_fu_110                 |   9|          2|    6|         12|
    |r_fu_94                  |   9|          2|    4|          8|
    +-------------------------+----+-----------+-----+-----------+
    |Total                    |  90|         20|   58|        116|
    +-------------------------+----+-----------+-----+-----------+

    * Register: 
    +----------------------------------+----+----+-----+-----------+
    |               Name               | FF | LUT| Bits| Const Bits|
    +----------------------------------+----+----+-----+-----------+
    |ap_CS_fsm                         |   1|   0|    1|          0|
    |ap_done_reg                       |   1|   0|    1|          0|
    |ap_enable_reg_pp0_iter1           |   1|   0|    1|          0|
    |ap_enable_reg_pp0_iter2           |   1|   0|    1|          0|
    |ap_enable_reg_pp0_iter3           |   1|   0|    1|          0|
    |ap_enable_reg_pp0_iter4           |   1|   0|    1|          0|
    |ap_loop_exit_ready_pp0_iter2_reg  |   1|   0|    1|          0|
    |ap_loop_exit_ready_pp0_iter3_reg  |   1|   0|    1|          0|
    |c_fu_90                           |   4|   0|    4|          0|
    |empty_reg_633                     |   1|   0|    1|          0|
    |i_fu_102                          |   5|   0|    5|          0|
    |icmp_ln54_reg_615                 |   1|   0|    1|          0|
    |icmp_ln54_reg_615_pp0_iter2_reg   |   1|   0|    1|          0|
    |icmp_ln55_reg_619                 |   1|   0|    1|          0|
    |icmp_ln55_reg_619_pp0_iter2_reg   |   1|   0|    1|          0|
    |icmp_ln57_mid211_reg_638          |   1|   0|    1|          0|
    |indvar_flatten12_fu_106           |  12|   0|   12|          0|
    |indvar_flatten35_fu_114           |  16|   0|   16|          0|
    |indvar_flatten_fu_98              |   8|   0|    8|          0|
    |o_fu_110                          |   6|   0|    6|          0|
    |r_fu_94                           |   4|   0|    4|          0|
    |trunc_ln57_reg_648                |   3|   0|    3|          0|
    +----------------------------------+----+----+-----+-----------+
    |Total                             |  72|   0|   72|          0|
    +----------------------------------+----+----+-----+-----------+



================================================================
== Interface
================================================================
* Summary: 
+------------------------------------------------------------------------+-----+-----+------------+----------------------------------------------------------------------------------+--------------+
|                                RTL Ports                               | Dir | Bits|  Protocol  |                                   Source Object                                  |    C Type    |
+------------------------------------------------------------------------+-----+-----+------------+----------------------------------------------------------------------------------+--------------+
|ap_clk                                                                  |   in|    1|  ap_ctrl_hs|  tpu_layer_1_Pipeline_VITIS_LOOP_54_4_VITIS_LOOP_55_5_VITIS_LOOP_56_6_VITIS_LOOP_|  return value|
|ap_rst                                                                  |   in|    1|  ap_ctrl_hs|  tpu_layer_1_Pipeline_VITIS_LOOP_54_4_VITIS_LOOP_55_5_VITIS_LOOP_56_6_VITIS_LOOP_|  return value|
|ap_start                                                                |   in|    1|  ap_ctrl_hs|  tpu_layer_1_Pipeline_VITIS_LOOP_54_4_VITIS_LOOP_55_5_VITIS_LOOP_56_6_VITIS_LOOP_|  return value|
|ap_done                                                                 |  out|    1|  ap_ctrl_hs|  tpu_layer_1_Pipeline_VITIS_LOOP_54_4_VITIS_LOOP_55_5_VITIS_LOOP_56_6_VITIS_LOOP_|  return value|
|ap_idle                                                                 |  out|    1|  ap_ctrl_hs|  tpu_layer_1_Pipeline_VITIS_LOOP_54_4_VITIS_LOOP_55_5_VITIS_LOOP_56_6_VITIS_LOOP_|  return value|
|ap_ready                                                                |  out|    1|  ap_ctrl_hs|  tpu_layer_1_Pipeline_VITIS_LOOP_54_4_VITIS_LOOP_55_5_VITIS_LOOP_56_6_VITIS_LOOP_|  return value|
|tpu_layer_1_ap_fixed_16_6_5_3_0_ap_fixed_16_6_5_3_0_weights_address0    |  out|   13|   ap_memory|                       tpu_layer_1_ap_fixed_16_6_5_3_0_ap_fixed_16_6_5_3_0_weights|         array|
|tpu_layer_1_ap_fixed_16_6_5_3_0_ap_fixed_16_6_5_3_0_weights_ce0         |  out|    1|   ap_memory|                       tpu_layer_1_ap_fixed_16_6_5_3_0_ap_fixed_16_6_5_3_0_weights|         array|
|tpu_layer_1_ap_fixed_16_6_5_3_0_ap_fixed_16_6_5_3_0_weights_we0         |  out|    1|   ap_memory|                       tpu_layer_1_ap_fixed_16_6_5_3_0_ap_fixed_16_6_5_3_0_weights|         array|
|tpu_layer_1_ap_fixed_16_6_5_3_0_ap_fixed_16_6_5_3_0_weights_d0          |  out|    4|   ap_memory|                       tpu_layer_1_ap_fixed_16_6_5_3_0_ap_fixed_16_6_5_3_0_weights|         array|
|tpu_layer_1_ap_fixed_16_6_5_3_0_ap_fixed_16_6_5_3_0_weights_1_address0  |  out|   13|   ap_memory|                     tpu_layer_1_ap_fixed_16_6_5_3_0_ap_fixed_16_6_5_3_0_weights_1|         array|
|tpu_layer_1_ap_fixed_16_6_5_3_0_ap_fixed_16_6_5_3_0_weights_1_ce0       |  out|    1|   ap_memory|                     tpu_layer_1_ap_fixed_16_6_5_3_0_ap_fixed_16_6_5_3_0_weights_1|         array|
|tpu_layer_1_ap_fixed_16_6_5_3_0_ap_fixed_16_6_5_3_0_weights_1_we0       |  out|    1|   ap_memory|                     tpu_layer_1_ap_fixed_16_6_5_3_0_ap_fixed_16_6_5_3_0_weights_1|         array|
|tpu_layer_1_ap_fixed_16_6_5_3_0_ap_fixed_16_6_5_3_0_weights_1_d0        |  out|    4|   ap_memory|                     tpu_layer_1_ap_fixed_16_6_5_3_0_ap_fixed_16_6_5_3_0_weights_1|         array|
|tpu_layer_1_ap_fixed_16_6_5_3_0_ap_fixed_16_6_5_3_0_weights_2_address0  |  out|   13|   ap_memory|                     tpu_layer_1_ap_fixed_16_6_5_3_0_ap_fixed_16_6_5_3_0_weights_2|         array|
|tpu_layer_1_ap_fixed_16_6_5_3_0_ap_fixed_16_6_5_3_0_weights_2_ce0       |  out|    1|   ap_memory|                     tpu_layer_1_ap_fixed_16_6_5_3_0_ap_fixed_16_6_5_3_0_weights_2|         array|
|tpu_layer_1_ap_fixed_16_6_5_3_0_ap_fixed_16_6_5_3_0_weights_2_we0       |  out|    1|   ap_memory|                     tpu_layer_1_ap_fixed_16_6_5_3_0_ap_fixed_16_6_5_3_0_weights_2|         array|
|tpu_layer_1_ap_fixed_16_6_5_3_0_ap_fixed_16_6_5_3_0_weights_2_d0        |  out|    4|   ap_memory|                     tpu_layer_1_ap_fixed_16_6_5_3_0_ap_fixed_16_6_5_3_0_weights_2|         array|
|tpu_layer_1_ap_fixed_16_6_5_3_0_ap_fixed_16_6_5_3_0_weights_3_address0  |  out|   13|   ap_memory|                     tpu_layer_1_ap_fixed_16_6_5_3_0_ap_fixed_16_6_5_3_0_weights_3|         array|
|tpu_layer_1_ap_fixed_16_6_5_3_0_ap_fixed_16_6_5_3_0_weights_3_ce0       |  out|    1|   ap_memory|                     tpu_layer_1_ap_fixed_16_6_5_3_0_ap_fixed_16_6_5_3_0_weights_3|         array|
|tpu_layer_1_ap_fixed_16_6_5_3_0_ap_fixed_16_6_5_3_0_weights_3_we0       |  out|    1|   ap_memory|                     tpu_layer_1_ap_fixed_16_6_5_3_0_ap_fixed_16_6_5_3_0_weights_3|         array|
|tpu_layer_1_ap_fixed_16_6_5_3_0_ap_fixed_16_6_5_3_0_weights_3_d0        |  out|    4|   ap_memory|                     tpu_layer_1_ap_fixed_16_6_5_3_0_ap_fixed_16_6_5_3_0_weights_3|         array|
|tpu_layer_1_ap_fixed_16_6_5_3_0_ap_fixed_16_6_5_3_0_weights_4_address0  |  out|   13|   ap_memory|                     tpu_layer_1_ap_fixed_16_6_5_3_0_ap_fixed_16_6_5_3_0_weights_4|         array|
|tpu_layer_1_ap_fixed_16_6_5_3_0_ap_fixed_16_6_5_3_0_weights_4_ce0       |  out|    1|   ap_memory|                     tpu_layer_1_ap_fixed_16_6_5_3_0_ap_fixed_16_6_5_3_0_weights_4|         array|
|tpu_layer_1_ap_fixed_16_6_5_3_0_ap_fixed_16_6_5_3_0_weights_4_we0       |  out|    1|   ap_memory|                     tpu_layer_1_ap_fixed_16_6_5_3_0_ap_fixed_16_6_5_3_0_weights_4|         array|
|tpu_layer_1_ap_fixed_16_6_5_3_0_ap_fixed_16_6_5_3_0_weights_4_d0        |  out|    4|   ap_memory|                     tpu_layer_1_ap_fixed_16_6_5_3_0_ap_fixed_16_6_5_3_0_weights_4|         array|
|tpu_layer_1_ap_fixed_16_6_5_3_0_ap_fixed_16_6_5_3_0_weights_5_address0  |  out|   13|   ap_memory|                     tpu_layer_1_ap_fixed_16_6_5_3_0_ap_fixed_16_6_5_3_0_weights_5|         array|
|tpu_layer_1_ap_fixed_16_6_5_3_0_ap_fixed_16_6_5_3_0_weights_5_ce0       |  out|    1|   ap_memory|                     tpu_layer_1_ap_fixed_16_6_5_3_0_ap_fixed_16_6_5_3_0_weights_5|         array|
|tpu_layer_1_ap_fixed_16_6_5_3_0_ap_fixed_16_6_5_3_0_weights_5_we0       |  out|    1|   ap_memory|                     tpu_layer_1_ap_fixed_16_6_5_3_0_ap_fixed_16_6_5_3_0_weights_5|         array|
|tpu_layer_1_ap_fixed_16_6_5_3_0_ap_fixed_16_6_5_3_0_weights_5_d0        |  out|    4|   ap_memory|                     tpu_layer_1_ap_fixed_16_6_5_3_0_ap_fixed_16_6_5_3_0_weights_5|         array|
|tpu_layer_1_ap_fixed_16_6_5_3_0_ap_fixed_16_6_5_3_0_weights_6_address0  |  out|   13|   ap_memory|                     tpu_layer_1_ap_fixed_16_6_5_3_0_ap_fixed_16_6_5_3_0_weights_6|         array|
|tpu_layer_1_ap_fixed_16_6_5_3_0_ap_fixed_16_6_5_3_0_weights_6_ce0       |  out|    1|   ap_memory|                     tpu_layer_1_ap_fixed_16_6_5_3_0_ap_fixed_16_6_5_3_0_weights_6|         array|
|tpu_layer_1_ap_fixed_16_6_5_3_0_ap_fixed_16_6_5_3_0_weights_6_we0       |  out|    1|   ap_memory|                     tpu_layer_1_ap_fixed_16_6_5_3_0_ap_fixed_16_6_5_3_0_weights_6|         array|
|tpu_layer_1_ap_fixed_16_6_5_3_0_ap_fixed_16_6_5_3_0_weights_6_d0        |  out|    4|   ap_memory|                     tpu_layer_1_ap_fixed_16_6_5_3_0_ap_fixed_16_6_5_3_0_weights_6|         array|
|tpu_layer_1_ap_fixed_16_6_5_3_0_ap_fixed_16_6_5_3_0_weights_7_address0  |  out|   13|   ap_memory|                     tpu_layer_1_ap_fixed_16_6_5_3_0_ap_fixed_16_6_5_3_0_weights_7|         array|
|tpu_layer_1_ap_fixed_16_6_5_3_0_ap_fixed_16_6_5_3_0_weights_7_ce0       |  out|    1|   ap_memory|                     tpu_layer_1_ap_fixed_16_6_5_3_0_ap_fixed_16_6_5_3_0_weights_7|         array|
|tpu_layer_1_ap_fixed_16_6_5_3_0_ap_fixed_16_6_5_3_0_weights_7_we0       |  out|    1|   ap_memory|                     tpu_layer_1_ap_fixed_16_6_5_3_0_ap_fixed_16_6_5_3_0_weights_7|         array|
|tpu_layer_1_ap_fixed_16_6_5_3_0_ap_fixed_16_6_5_3_0_weights_7_d0        |  out|    4|   ap_memory|                     tpu_layer_1_ap_fixed_16_6_5_3_0_ap_fixed_16_6_5_3_0_weights_7|         array|
+------------------------------------------------------------------------+-----+-----+------------+----------------------------------------------------------------------------------+--------------+

