

================================================================
== Vitis HLS Report for 'tpu_layer_3_Pipeline_VITIS_LOOP_333_12'
================================================================
* Date:           Tue Jun 16 19:43:42 2026

* Version:        2025.2 (Build 6295257 on Nov 14 2025)
* Project:        tpu_integrated_accel
* Solution:       hls (Vivado IP Flow Target)
* Product family: kintex7
* Target device:  xc7k325t-ffg900-2


================================================================
== Performance Estimates
================================================================
+ Timing: 
    * Summary: 
    +--------+----------+----------+------------+
    |  Clock |  Target  | Estimated| Uncertainty|
    +--------+----------+----------+------------+
    |ap_clk  |  10.00 ns|  3.102 ns|     2.70 ns|
    +--------+----------+----------+------------+

+ Latency: 
    * Summary: 
    +---------+---------+----------+----------+-----+-----+-------------------+
    |  Latency (cycles) |  Latency (absolute) |  Interval |      Pipeline     |
    |   min   |   max   |    min   |    max   | min | max |        Type       |
    +---------+---------+----------+----------+-----+-----+-------------------+
    |       10|       10|  0.100 us|  0.100 us|    0|    0|  loop pipeline stp|
    +---------+---------+----------+----------+-----+-----+-------------------+

    + Detail: 
        * Instance: 
        N/A

        * Loop: 
        +---------------------+---------+---------+----------+-----------+-----------+------+----------+
        |                     |  Latency (cycles) | Iteration|  Initiation Interval  | Trip |          |
        |      Loop Name      |   min   |   max   |  Latency |  achieved |   target  | Count| Pipelined|
        +---------------------+---------+---------+----------+-----------+-----------+------+----------+
        |- VITIS_LOOP_333_12  |        8|        8|         2|          1|          1|     8|       yes|
        +---------------------+---------+---------+----------+-----------+-----------+------+----------+



================================================================
== Utilization Estimates
================================================================
* Summary: 
+-----------------+---------+-----+--------+--------+-----+
|       Name      | BRAM_18K| DSP |   FF   |   LUT  | URAM|
+-----------------+---------+-----+--------+--------+-----+
|DSP              |        -|    -|       -|       -|    -|
|Expression       |        -|    -|       0|      53|    -|
|FIFO             |        -|    -|       -|       -|    -|
|Instance         |        -|    -|       0|      66|    -|
|Memory           |        -|    -|       -|       -|    -|
|Multiplexer      |        -|    -|       0|      45|    -|
|Register         |        -|    -|      23|       -|    -|
+-----------------+---------+-----+--------+--------+-----+
|Total            |        0|    0|      23|     164|    0|
+-----------------+---------+-----+--------+--------+-----+
|Available        |      890|  840|  407600|  203800|    0|
+-----------------+---------+-----+--------+--------+-----+
|Utilization (%)  |        0|    0|      ~0|      ~0|    0|
+-----------------+---------+-----+--------+--------+-----+

+ Detail: 
    * Instance: 
    +-----------------------------+-----------------------+---------+----+---+----+-----+
    |           Instance          |         Module        | BRAM_18K| DSP| FF| LUT| URAM|
    +-----------------------------+-----------------------+---------+----+---+----+-----+
    |sparsemux_17_3_16_1_1_U3362  |sparsemux_17_3_16_1_1  |        0|   0|  0|  33|    0|
    |sparsemux_17_3_1_1_1_U3363   |sparsemux_17_3_1_1_1   |        0|   0|  0|  33|    0|
    +-----------------------------+-----------------------+---------+----+---+----+-----+
    |Total                        |                       |        0|   0|  0|  66|    0|
    +-----------------------------+-----------------------+---------+----+---+----+-----+

    * DSP: 
    N/A

    * Memory: 
    N/A

    * FIFO: 
    N/A

    * Expression: 
    +--------------------------------+----------+----+---+----+------------+------------+
    |          Variable Name         | Operation| DSP| FF| LUT| Bitwidth P0| Bitwidth P1|
    +--------------------------------+----------+----+---+----+------------+------------+
    |add_ln333_fu_213_p2             |         +|   0|  0|  13|           4|           1|
    |add_ln335_fu_307_p2             |         +|   0|  0|  23|          16|          16|
    |ap_block_pp0_stage0_01001_grp1  |       and|   0|  0|   2|           1|           1|
    |icmp_ln333_fu_207_p2            |      icmp|   0|  0|  13|           4|           5|
    |ap_enable_pp0                   |       xor|   0|  0|   2|           1|           2|
    +--------------------------------+----------+----+---+----+------------+------------+
    |Total                           |          |   0|  0|  53|          26|          25|
    +--------------------------------+----------+----+---+----+------------+------------+

    * Multiplexer: 
    +-------------------------+----+-----------+-----+-----------+
    |           Name          | LUT| Input Size| Bits| Total Bits|
    +-------------------------+----+-----------+-----+-----------+
    |ap_done_int              |   9|          2|    1|          2|
    |ap_enable_reg_pp0_iter1  |   9|          2|    1|          2|
    |ap_sig_allocacmp_i       |   9|          2|    4|          8|
    |i_4_fu_92                |   9|          2|    4|          8|
    |stream_l3_to_l4_blk_n    |   9|          2|    1|          2|
    +-------------------------+----+-----------+-----+-----------+
    |Total                    |  45|         10|   11|         22|
    +-------------------------+----+-----------+-----+-----------+

    * Register: 
    +-------------------------+----+----+-----+-----------+
    |           Name          | FF | LUT| Bits| Const Bits|
    +-------------------------+----+----+-----+-----------+
    |add_ln335_reg_328        |  16|   0|   16|          0|
    |ap_CS_fsm                |   1|   0|    1|          0|
    |ap_done_reg              |   1|   0|    1|          0|
    |ap_enable_reg_pp0_iter1  |   1|   0|    1|          0|
    |i_4_fu_92                |   4|   0|    4|          0|
    +-------------------------+----+----+-----+-----------+
    |Total                    |  23|   0|   23|          0|
    +-------------------------+----+----+-----+-----------+



================================================================
== Interface
================================================================
* Summary: 
+--------------------------------------------------------------------------+-----+-----+------------+--------------------------------------------------------------------------+--------------+
|                                 RTL Ports                                | Dir | Bits|  Protocol  |                               Source Object                              |    C Type    |
+--------------------------------------------------------------------------+-----+-----+------------+--------------------------------------------------------------------------+--------------+
|ap_clk                                                                    |   in|    1|  ap_ctrl_hs|                                    tpu_layer_3_Pipeline_VITIS_LOOP_333_12|  return value|
|ap_rst                                                                    |   in|    1|  ap_ctrl_hs|                                    tpu_layer_3_Pipeline_VITIS_LOOP_333_12|  return value|
|ap_start                                                                  |   in|    1|  ap_ctrl_hs|                                    tpu_layer_3_Pipeline_VITIS_LOOP_333_12|  return value|
|ap_done                                                                   |  out|    1|  ap_ctrl_hs|                                    tpu_layer_3_Pipeline_VITIS_LOOP_333_12|  return value|
|ap_idle                                                                   |  out|    1|  ap_ctrl_hs|                                    tpu_layer_3_Pipeline_VITIS_LOOP_333_12|  return value|
|ap_ready                                                                  |  out|    1|  ap_ctrl_hs|                                    tpu_layer_3_Pipeline_VITIS_LOOP_333_12|  return value|
|stream_l3_to_l4_din                                                       |  out|   16|     ap_fifo|                                                           stream_l3_to_l4|       pointer|
|stream_l3_to_l4_full_n                                                    |   in|    1|     ap_fifo|                                                           stream_l3_to_l4|       pointer|
|stream_l3_to_l4_write                                                     |  out|    1|     ap_fifo|                                                           stream_l3_to_l4|       pointer|
|stream_l3_to_l4_num_data_valid                                            |   in|   32|     ap_fifo|                                                           stream_l3_to_l4|       pointer|
|stream_l3_to_l4_fifo_cap                                                  |   in|   32|     ap_fifo|                                                           stream_l3_to_l4|       pointer|
|y_tile_1_0_i                                                              |   in|   16|     ap_none|                                                              y_tile_1_0_i|        scalar|
|y_tile_1_1_0_i                                                            |   in|   16|     ap_none|                                                            y_tile_1_1_0_i|        scalar|
|y_tile_1_2_0_i                                                            |   in|   16|     ap_none|                                                            y_tile_1_2_0_i|        scalar|
|y_tile_1_3_0_i                                                            |   in|   16|     ap_none|                                                            y_tile_1_3_0_i|        scalar|
|y_tile_1_4_0_i                                                            |   in|   16|     ap_none|                                                            y_tile_1_4_0_i|        scalar|
|y_tile_1_5_0_i                                                            |   in|   16|     ap_none|                                                            y_tile_1_5_0_i|        scalar|
|y_tile_1_6_0_i                                                            |   in|   16|     ap_none|                                                            y_tile_1_6_0_i|        scalar|
|y_tile_1_7_0_i                                                            |   in|   16|     ap_none|                                                            y_tile_1_7_0_i|        scalar|
|tpu_layer_3_stream_ap_fixed_0_stream_ap_fixed_16_6_5_3_0_0_bias_7_load_1  |   in|    1|     ap_none|  tpu_layer_3_stream_ap_fixed_0_stream_ap_fixed_16_6_5_3_0_0_bias_7_load_1|        scalar|
|tpu_layer_3_stream_ap_fixed_0_stream_ap_fixed_16_6_5_3_0_0_bias_6_load_1  |   in|    1|     ap_none|  tpu_layer_3_stream_ap_fixed_0_stream_ap_fixed_16_6_5_3_0_0_bias_6_load_1|        scalar|
|tpu_layer_3_stream_ap_fixed_0_stream_ap_fixed_16_6_5_3_0_0_bias_5_load_1  |   in|    1|     ap_none|  tpu_layer_3_stream_ap_fixed_0_stream_ap_fixed_16_6_5_3_0_0_bias_5_load_1|        scalar|
|tpu_layer_3_stream_ap_fixed_0_stream_ap_fixed_16_6_5_3_0_0_bias_4_load_1  |   in|    1|     ap_none|  tpu_layer_3_stream_ap_fixed_0_stream_ap_fixed_16_6_5_3_0_0_bias_4_load_1|        scalar|
|tpu_layer_3_stream_ap_fixed_0_stream_ap_fixed_16_6_5_3_0_0_bias_3_load_1  |   in|    1|     ap_none|  tpu_layer_3_stream_ap_fixed_0_stream_ap_fixed_16_6_5_3_0_0_bias_3_load_1|        scalar|
|tpu_layer_3_stream_ap_fixed_0_stream_ap_fixed_16_6_5_3_0_0_bias_2_load_1  |   in|    1|     ap_none|  tpu_layer_3_stream_ap_fixed_0_stream_ap_fixed_16_6_5_3_0_0_bias_2_load_1|        scalar|
|tpu_layer_3_stream_ap_fixed_0_stream_ap_fixed_16_6_5_3_0_0_bias_1_load_1  |   in|    1|     ap_none|  tpu_layer_3_stream_ap_fixed_0_stream_ap_fixed_16_6_5_3_0_0_bias_1_load_1|        scalar|
|tpu_layer_3_stream_ap_fixed_0_stream_ap_fixed_16_6_5_3_0_0_bias_load_1    |   in|    1|     ap_none|    tpu_layer_3_stream_ap_fixed_0_stream_ap_fixed_16_6_5_3_0_0_bias_load_1|        scalar|
+--------------------------------------------------------------------------+-----+-----+------------+--------------------------------------------------------------------------+--------------+

