  **** HLS Build v2025.2 6295257
INFO: [HLS 200-2005] Using work_dir /home/dlohchab/projects/Verilog/DVCON/task_detection_tpu/task_detection_tpu/task_detection_tpu 
INFO: [HLS 200-2176] Writing Vitis IDE component file /home/dlohchab/projects/Verilog/DVCON/task_detection_tpu/task_detection_tpu/task_detection_tpu/vitis-comp.json
INFO: [HLS 200-10] Creating and opening component '/home/dlohchab/projects/Verilog/DVCON/task_detection_tpu/task_detection_tpu/task_detection_tpu'.
INFO: [HLS 200-1505] Using default flow_target 'vivado'
Resolution: For help on HLS 200-1505 see docs.amd.com/access/sources/dita/topic?Doc_Version=2025.2%20English&url=ug1448-hls-guidance&resourceid=200-1505.html
INFO: [HLS 200-2174] Applying component config ini file hls_config.cfg
INFO: [HLS 200-1465] Applying config ini 'syn.file=./task_detection_accel.cpp' from hls_config.cfg(8)
INFO: [HLS 200-10] Adding design file '/home/dlohchab/projects/Verilog/DVCON/task_detection_tpu/task_detection_tpu/task_detection_accel.cpp' to the project
INFO: [HLS 200-1465] Applying config ini 'syn.file=mlp_engine.cpp' from hls_config.cfg(9)
INFO: [HLS 200-10] Adding design file '/home/dlohchab/projects/Verilog/DVCON/task_detection_tpu/task_detection_tpu/mlp_engine.cpp' to the project
INFO: [HLS 200-1465] Applying config ini 'tb.file=./task_detection_accel_tb.cpp' from hls_config.cfg(7)
INFO: [HLS 200-10] Adding test bench file '/home/dlohchab/projects/Verilog/DVCON/task_detection_tpu/task_detection_tpu/task_detection_accel_tb.cpp' to the project
INFO: [HLS 200-1465] Applying config ini 'syn.top=task_detection_accel' from hls_config.cfg(10)
INFO: [HLS 200-1465] Applying config ini 'flow_target=vivado' from hls_config.cfg(4)
INFO: [HLS 200-1505] Using flow_target 'vivado'
Resolution: For help on HLS 200-1505 see docs.amd.com/access/sources/dita/topic?Doc_Version=2025.2%20English&url=ug1448-hls-guidance&resourceid=200-1505.html
INFO: [HLS 200-1465] Applying config ini 'part=xc7k325tffg900-2' from hls_config.cfg(1)
INFO: [HLS 200-1611] Setting target device to 'xc7k325t-ffg900-2'
INFO: [HLS 200-1465] Applying config ini 'package.output.format=ip_catalog' from hls_config.cfg(5)
INFO: [HLS 200-2176] Writing Vitis IDE component file /home/dlohchab/projects/Verilog/DVCON/task_detection_tpu/task_detection_tpu/task_detection_tpu/vitis-comp.json
INFO: [HLS 200-111] Finished File checks and directory preparation: CPU user time: 4.32 seconds. CPU system time: 0.98 seconds. Elapsed time: 14.96 seconds; current allocated memory: 269.523 MB.
INFO: [HLS 200-2191] C-Synthesis will use clang-16 as the compiler
INFO: [HLS 200-10] Analyzing design file 'mlp_engine.cpp' ... 
INFO: [HLS 200-10] Analyzing design file 'task_detection_accel.cpp' ... 
INFO: [HLS 200-111] Finished Source Code Analysis and Preprocessing: CPU user time: 14.48 seconds. CPU system time: 1.98 seconds. Elapsed time: 25.95 seconds; current allocated memory: 271.203 MB.
INFO: [HLS 200-777] Using interface defaults for 'Vivado' flow target.
INFO: [HLS 200-1995] There were 299 instructions in the design after the 'Compile/Link' phase of compilation. See the Design Size Report for more details (/home/dlohchab/projects/Verilog/DVCON/task_detection_tpu/task_detection_tpu/task_detection_tpu/hls/syn/report/csynth_design_size.rpt:2)
INFO: [HLS 200-1995] There were 233 instructions in the design after the 'Unroll/Inline (step 1)' phase of compilation. See the Design Size Report for more details (/home/dlohchab/projects/Verilog/DVCON/task_detection_tpu/task_detection_tpu/task_detection_tpu/hls/syn/report/csynth_design_size.rpt:2)
INFO: [HLS 200-1995] There were 193 instructions in the design after the 'Unroll/Inline (step 2)' phase of compilation. See the Design Size Report for more details (/home/dlohchab/projects/Verilog/DVCON/task_detection_tpu/task_detection_tpu/task_detection_tpu/hls/syn/report/csynth_design_size.rpt:2)
INFO: [HLS 200-1995] There were 172 instructions in the design after the 'Unroll/Inline (step 3)' phase of compilation. See the Design Size Report for more details (/home/dlohchab/projects/Verilog/DVCON/task_detection_tpu/task_detection_tpu/task_detection_tpu/hls/syn/report/csynth_design_size.rpt:2)
INFO: [HLS 200-1995] There were 164 instructions in the design after the 'Unroll/Inline (step 4)' phase of compilation. See the Design Size Report for more details (/home/dlohchab/projects/Verilog/DVCON/task_detection_tpu/task_detection_tpu/task_detection_tpu/hls/syn/report/csynth_design_size.rpt:2)
INFO: [HLS 200-1995] There were 164 instructions in the design after the 'Array/Struct (step 1)' phase of compilation. See the Design Size Report for more details (/home/dlohchab/projects/Verilog/DVCON/task_detection_tpu/task_detection_tpu/task_detection_tpu/hls/syn/report/csynth_design_size.rpt:2)
INFO: [HLS 200-1995] There were 164 instructions in the design after the 'Array/Struct (step 2)' phase of compilation. See the Design Size Report for more details (/home/dlohchab/projects/Verilog/DVCON/task_detection_tpu/task_detection_tpu/task_detection_tpu/hls/syn/report/csynth_design_size.rpt:2)
INFO: [HLS 200-1995] There were 164 instructions in the design after the 'Array/Struct (step 3)' phase of compilation. See the Design Size Report for more details (/home/dlohchab/projects/Verilog/DVCON/task_detection_tpu/task_detection_tpu/task_detection_tpu/hls/syn/report/csynth_design_size.rpt:2)
INFO: [HLS 200-1995] There were 164 instructions in the design after the 'Array/Struct (step 4)' phase of compilation. See the Design Size Report for more details (/home/dlohchab/projects/Verilog/DVCON/task_detection_tpu/task_detection_tpu/task_detection_tpu/hls/syn/report/csynth_design_size.rpt:2)
INFO: [HLS 200-1995] There were 169 instructions in the design after the 'Array/Struct (step 5)' phase of compilation. See the Design Size Report for more details (/home/dlohchab/projects/Verilog/DVCON/task_detection_tpu/task_detection_tpu/task_detection_tpu/hls/syn/report/csynth_design_size.rpt:2)
INFO: [HLS 200-1995] There were 169 instructions in the design after the 'Performance (step 1)' phase of compilation. See the Design Size Report for more details (/home/dlohchab/projects/Verilog/DVCON/task_detection_tpu/task_detection_tpu/task_detection_tpu/hls/syn/report/csynth_design_size.rpt:2)
INFO: [HLS 200-1995] There were 165 instructions in the design after the 'Performance (step 2)' phase of compilation. See the Design Size Report for more details (/home/dlohchab/projects/Verilog/DVCON/task_detection_tpu/task_detection_tpu/task_detection_tpu/hls/syn/report/csynth_design_size.rpt:2)
INFO: [HLS 200-1995] There were 166 instructions in the design after the 'Performance (step 3)' phase of compilation. See the Design Size Report for more details (/home/dlohchab/projects/Verilog/DVCON/task_detection_tpu/task_detection_tpu/task_detection_tpu/hls/syn/report/csynth_design_size.rpt:2)
INFO: [HLS 200-1995] There were 166 instructions in the design after the 'Performance (step 4)' phase of compilation. See the Design Size Report for more details (/home/dlohchab/projects/Verilog/DVCON/task_detection_tpu/task_detection_tpu/task_detection_tpu/hls/syn/report/csynth_design_size.rpt:2)
INFO: [HLS 200-1995] There were 180 instructions in the design after the 'HW Transforms (step 1)' phase of compilation. See the Design Size Report for more details (/home/dlohchab/projects/Verilog/DVCON/task_detection_tpu/task_detection_tpu/task_detection_tpu/hls/syn/report/csynth_design_size.rpt:2)
INFO: [HLS 200-1995] There were 234 instructions in the design after the 'HW Transforms (step 2)' phase of compilation. See the Design Size Report for more details (/home/dlohchab/projects/Verilog/DVCON/task_detection_tpu/task_detection_tpu/task_detection_tpu/hls/syn/report/csynth_design_size.rpt:2)
INFO: [HLS 214-178] Inlining function 'linear_180_256(float*, float*)' into 'task_detection_accel' (task_detection_accel.cpp:12:0)
INFO: [HLS 214-178] Inlining function 'linear_256_128(float*, float*)' into 'task_detection_accel' (task_detection_accel.cpp:12:0)
INFO: [HLS 214-178] Inlining function 'linear_128_64(float*, float*)' into 'task_detection_accel' (task_detection_accel.cpp:12:0)
INFO: [HLS 214-178] Inlining function 'linear_64_1(float*, float*)' into 'task_detection_accel' (task_detection_accel.cpp:12:0)
INFO: [HLS 214-376] Pipelining loop< VITIS_LOOP_23_2> at mlp_engine.cpp:23:30 due to pipeline_loops threshold
INFO: [HLS 214-376] Pipelining loop< VITIS_LOOP_68_2> at mlp_engine.cpp:68:30 due to pipeline_loops threshold
INFO: [HLS 214-376] Pipelining loop< VITIS_LOOP_113_2> at mlp_engine.cpp:113:31 due to pipeline_loops threshold
INFO: [HLS 214-376] Pipelining loop< VITIS_LOOP_156_1> at mlp_engine.cpp:156:27 due to pipeline_loops threshold
INFO: [HLS 214-421] Partitioning small array 'linear_64_1(float*, float*)::bias' due to array size. (mlp_engine.cpp:148:0)
INFO: [HLS 214-449] Partitioning array 'linear_64_1(float*, float*)::weights' dimension 1 due to constant index. (mlp_engine.cpp:147:0)
INFO: [HLS 214-248] Applying array_partition to '_ZZ11linear_64_1PfS_E7weights': Complete partitioning on dimension 1. (mlp_engine.cpp:147:0)
INFO: [HLS 214-248] Applying array_partition to '_ZZ11linear_64_1PfS_E4bias': Complete partitioning on dimension 1. (mlp_engine.cpp:148:0)
INFO: [HLS 214-115] Multiple burst reads of length 180 and bit width 32 in loop 'VITIS_LOOP_29_1'(task_detection_accel.cpp:29:22) has been inferred on bundle 'gmem0'. These burst requests might be further partitioned into multiple requests during RTL generation, based on max_read_burst_length or max_write_burst_length settings. (task_detection_accel.cpp:29:22)
INFO: [HLS 200-111] Finished Compiling Optimization and Transform: CPU user time: 5.26 seconds. CPU system time: 0.75 seconds. Elapsed time: 14.47 seconds; current allocated memory: 273.176 MB.
INFO: [HLS 200-111] Finished Checking Pragmas: CPU user time: 0 seconds. CPU system time: 0 seconds. Elapsed time: 0 seconds; current allocated memory: 273.176 MB.
INFO: [HLS 200-10] Starting code transformations ...
INFO: [HLS 200-111] Finished Standard Transforms: CPU user time: 0.04 seconds. CPU system time: 0.01 seconds. Elapsed time: 0.07 seconds; current allocated memory: 273.680 MB.
INFO: [HLS 200-10] Checking synthesizability ...
INFO: [HLS 200-111] Finished Checking Synthesizability: CPU user time: 0.04 seconds. CPU system time: 0 seconds. Elapsed time: 0.06 seconds; current allocated memory: 273.750 MB.
INFO: [HLS 200-111] Finished Loop, function and other optimizations: CPU user time: 0.2 seconds. CPU system time: 0.02 seconds. Elapsed time: 0.32 seconds; current allocated memory: 296.434 MB.
INFO: [HLS 200-2061] Successfully converted nested loops 'VITIS_LOOP_19_1'(mlp_engine.cpp:19:26) and 'VITIS_LOOP_23_2'(mlp_engine.cpp:23:30) in function 'task_detection_accel' into perfectly nested loops.
INFO: [HLS 200-2061] Successfully converted nested loops 'VITIS_LOOP_32_3'(mlp_engine.cpp:32:22) and 'VITIS_LOOP_38_4'(mlp_engine.cpp:38:26) in function 'task_detection_accel' into perfectly nested loops.
INFO: [HLS 200-2061] Successfully converted nested loops 'VITIS_LOOP_64_1'(mlp_engine.cpp:64:26) and 'VITIS_LOOP_68_2'(mlp_engine.cpp:68:30) in function 'task_detection_accel' into perfectly nested loops.
INFO: [HLS 200-2061] Successfully converted nested loops 'VITIS_LOOP_77_3'(mlp_engine.cpp:77:22) and 'VITIS_LOOP_83_4'(mlp_engine.cpp:83:26) in function 'task_detection_accel' into perfectly nested loops.
INFO: [HLS 200-2061] Successfully converted nested loops 'VITIS_LOOP_109_1'(mlp_engine.cpp:109:27) and 'VITIS_LOOP_113_2'(mlp_engine.cpp:113:31) in function 'task_detection_accel' into perfectly nested loops.
INFO: [HLS 200-2061] Successfully converted nested loops 'VITIS_LOOP_122_3'(mlp_engine.cpp:122:23) and 'VITIS_LOOP_128_4'(mlp_engine.cpp:128:27) in function 'task_detection_accel' into perfectly nested loops.
INFO: [XFORM 203-541] Flattening a loop nest 'VITIS_LOOP_19_1' (mlp_engine.cpp:19:26) in function 'task_detection_accel'.
INFO: [XFORM 203-541] Flattening a loop nest 'VITIS_LOOP_32_3' (mlp_engine.cpp:32:22) in function 'task_detection_accel'.
INFO: [XFORM 203-541] Flattening a loop nest 'VITIS_LOOP_64_1' (mlp_engine.cpp:64:26) in function 'task_detection_accel'.
INFO: [XFORM 203-541] Flattening a loop nest 'VITIS_LOOP_77_3' (mlp_engine.cpp:77:22) in function 'task_detection_accel'.
INFO: [XFORM 203-541] Flattening a loop nest 'VITIS_LOOP_109_1' (mlp_engine.cpp:109:27) in function 'task_detection_accel'.
INFO: [XFORM 203-541] Flattening a loop nest 'VITIS_LOOP_122_3' (mlp_engine.cpp:122:23) in function 'task_detection_accel'.
INFO: [HLS 200-111] Finished Architecture Synthesis: CPU user time: 0.24 seconds. CPU system time: 0.03 seconds. Elapsed time: 0.46 seconds; current allocated memory: 373.133 MB.
INFO: [HLS 200-10] Starting hardware synthesis ...
INFO: [HLS 200-10] Synthesizing 'task_detection_accel' ...
INFO: [SYN 201-201] Setting up clock 'default' with a period of 10ns.
INFO: [HLS 200-10] ----------------------------------------------------------------
INFO: [HLS 200-42] -- Implementing module 'task_detection_accel_Pipeline_VITIS_LOOP_29_1' 
INFO: [HLS 200-10] ----------------------------------------------------------------
INFO: [SCHED 204-11] Starting scheduling ...
INFO: [SCHED 204-61] Pipelining loop 'VITIS_LOOP_29_1'.
INFO: [HLS 200-1470] Pipelining result : Target II = 1, Final II = 1, Depth = 3, loop 'VITIS_LOOP_29_1'
INFO: [SCHED 204-11] Finished scheduling.
INFO: [HLS 200-111] Finished Scheduling: CPU user time: 0.07 seconds. CPU system time: 0.05 seconds. Elapsed time: 0.21 seconds; current allocated memory: 374.145 MB.
INFO: [BIND 205-100] Starting micro-architecture generation ...
INFO: [BIND 205-101] Performing variable lifetime analysis.
INFO: [BIND 205-101] Exploring resource sharing.
INFO: [BIND 205-101] Binding ...
INFO: [BIND 205-100] Finished micro-architecture generation.
INFO: [HLS 200-111] Finished Binding: CPU user time: 0.03 seconds. CPU system time: 0 seconds. Elapsed time: 0.07 seconds; current allocated memory: 374.145 MB.
INFO: [HLS 200-10] ----------------------------------------------------------------
INFO: [HLS 200-42] -- Implementing module 'task_detection_accel_Pipeline_VITIS_LOOP_19_1_VITIS_LOOP_23_2' 
INFO: [HLS 200-10] ----------------------------------------------------------------
INFO: [SCHED 204-11] Starting scheduling ...
INFO: [SCHED 204-61] Pipelining loop 'VITIS_LOOP_19_1_VITIS_LOOP_23_2'.
INFO: [HLS 200-1470] Pipelining result : Target II = NA, Final II = 1, Depth = 3, loop 'VITIS_LOOP_19_1_VITIS_LOOP_23_2'
INFO: [SCHED 204-11] Finished scheduling.
INFO: [HLS 200-111] Finished Scheduling: CPU user time: 0.06 seconds. CPU system time: 0.01 seconds. Elapsed time: 0.12 seconds; current allocated memory: 374.184 MB.
INFO: [BIND 205-100] Starting micro-architecture generation ...
INFO: [BIND 205-101] Performing variable lifetime analysis.
INFO: [BIND 205-101] Exploring resource sharing.
INFO: [BIND 205-101] Binding ...
INFO: [BIND 205-100] Finished micro-architecture generation.
INFO: [HLS 200-111] Finished Binding: CPU user time: 0.04 seconds. CPU system time: 0 seconds. Elapsed time: 0.23 seconds; current allocated memory: 374.184 MB.
INFO: [HLS 200-10] ----------------------------------------------------------------
INFO: [HLS 200-42] -- Implementing module 'task_detection_accel_Pipeline_VITIS_LOOP_32_3_VITIS_LOOP_38_4' 
INFO: [HLS 200-10] ----------------------------------------------------------------
INFO: [SCHED 204-11] Starting scheduling ...
INFO: [SCHED 204-61] Pipelining loop 'VITIS_LOOP_32_3_VITIS_LOOP_38_4'.
WARNING: [HLS 200-886] Cannot meet target clock period in 'fadd' operation 32 bit ('acc', mlp_engine.cpp:41->task_detection_accel.cpp:37) (combination delay: 52.720 ns) to honor II constraint (II=1) in region 'loop 'VITIS_LOOP_32_3_VITIS_LOOP_38_4''.
Resolution: For help on HLS 200-886 see docs.amd.com/access/sources/dita/topic?Doc_Version=2025.2%20English&url=ug1448-hls-guidance&resourceid=200-886.html
WARNING: [HLS 200-887] Cannot meet target clock period from 'fadd' operation 32 bit ('acc', mlp_engine.cpp:41->task_detection_accel.cpp:37) to 'store' operation ('acc_1_write_ln36', mlp_engine.cpp:36->task_detection_accel.cpp:37) of variable 'acc', mlp_engine.cpp:41->task_detection_accel.cpp:37 32 bit on local variable 'acc', mlp_engine.cpp:36->task_detection_accel.cpp:37 (combination delay: 53.553 ns) to honor II or Latency constraint in region 'VITIS_LOOP_32_3_VITIS_LOOP_38_4'.
Resolution: For help on HLS 200-887 see docs.amd.com/access/sources/dita/topic?Doc_Version=2025.2%20English&url=ug1448-hls-guidance&resourceid=200-887.html
INFO: [HLS 200-1470] Pipelining result : Target II = 1, Final II = 1, Depth = 7, loop 'VITIS_LOOP_32_3_VITIS_LOOP_38_4'
WARNING: [HLS 200-871] Estimated clock period (53.553 ns) exceeds the target (target clock period: 10.000 ns, clock uncertainty: 2.700 ns, effective delay budget: 7.300 ns).
Resolution: For help on HLS 200-871 see docs.amd.com/access/sources/dita/topic?Doc_Version=2025.2%20English&url=ug1448-hls-guidance&resourceid=200-871.html
WARNING: [HLS 200-1016] The critical path in module 'task_detection_accel_Pipeline_VITIS_LOOP_32_3_VITIS_LOOP_38_4' consists of the following:
	'load' operation 32 bit ('acc_1_load', mlp_engine.cpp:41->task_detection_accel.cpp:37) on local variable 'acc', mlp_engine.cpp:36->task_detection_accel.cpp:37 [38]  (0.000 ns)
	'fadd' operation 32 bit ('acc', mlp_engine.cpp:41->task_detection_accel.cpp:37) [49]  (52.720 ns)
	'store' operation ('acc_1_write_ln36', mlp_engine.cpp:36->task_detection_accel.cpp:37) of variable 'acc', mlp_engine.cpp:41->task_detection_accel.cpp:37 32 bit on local variable 'acc', mlp_engine.cpp:36->task_detection_accel.cpp:37 [58]  (0.833 ns)

Resolution: For help on HLS 200-1016 see docs.amd.com/access/sources/dita/topic?Doc_Version=2025.2%20English&url=ug1448-hls-guidance&resourceid=200-1016.html
INFO: [SCHED 204-11] Finished scheduling.
INFO: [HLS 200-111] Finished Scheduling: CPU user time: 0.11 seconds. CPU system time: 0.01 seconds. Elapsed time: 0.27 seconds; current allocated memory: 374.215 MB.
INFO: [BIND 205-100] Starting micro-architecture generation ...
INFO: [BIND 205-101] Performing variable lifetime analysis.
INFO: [BIND 205-101] Exploring resource sharing.
INFO: [BIND 205-101] Binding ...
INFO: [BIND 205-100] Finished micro-architecture generation.
INFO: [HLS 200-111] Finished Binding: CPU user time: 0.04 seconds. CPU system time: 0.01 seconds. Elapsed time: 0.12 seconds; current allocated memory: 374.215 MB.
INFO: [HLS 200-10] ----------------------------------------------------------------
INFO: [HLS 200-42] -- Implementing module 'task_detection_accel_Pipeline_VITIS_LOOP_64_1_VITIS_LOOP_68_2' 
INFO: [HLS 200-10] ----------------------------------------------------------------
INFO: [SCHED 204-11] Starting scheduling ...
INFO: [SCHED 204-61] Pipelining loop 'VITIS_LOOP_64_1_VITIS_LOOP_68_2'.
INFO: [HLS 200-1470] Pipelining result : Target II = NA, Final II = 1, Depth = 2, loop 'VITIS_LOOP_64_1_VITIS_LOOP_68_2'
INFO: [SCHED 204-11] Finished scheduling.
INFO: [HLS 200-111] Finished Scheduling: CPU user time: 0.07 seconds. CPU system time: 0 seconds. Elapsed time: 0.35 seconds; current allocated memory: 374.215 MB.
INFO: [BIND 205-100] Starting micro-architecture generation ...
INFO: [BIND 205-101] Performing variable lifetime analysis.
INFO: [BIND 205-101] Exploring resource sharing.
INFO: [BIND 205-101] Binding ...
INFO: [BIND 205-100] Finished micro-architecture generation.
INFO: [HLS 200-111] Finished Binding: CPU user time: 0.02 seconds. CPU system time: 0.01 seconds. Elapsed time: 0.05 seconds; current allocated memory: 374.215 MB.
INFO: [HLS 200-10] ----------------------------------------------------------------
INFO: [HLS 200-42] -- Implementing module 'task_detection_accel_Pipeline_VITIS_LOOP_77_3_VITIS_LOOP_83_4' 
INFO: [HLS 200-10] ----------------------------------------------------------------
INFO: [SCHED 204-11] Starting scheduling ...
INFO: [SCHED 204-61] Pipelining loop 'VITIS_LOOP_77_3_VITIS_LOOP_83_4'.
WARNING: [HLS 200-886] Cannot meet target clock period in 'fadd' operation 32 bit ('acc', mlp_engine.cpp:86->task_detection_accel.cpp:39) (combination delay: 52.720 ns) to honor II constraint (II=1) in region 'loop 'VITIS_LOOP_77_3_VITIS_LOOP_83_4''.
Resolution: For help on HLS 200-886 see docs.amd.com/access/sources/dita/topic?Doc_Version=2025.2%20English&url=ug1448-hls-guidance&resourceid=200-886.html
WARNING: [HLS 200-887] Cannot meet target clock period from 'fadd' operation 32 bit ('acc', mlp_engine.cpp:86->task_detection_accel.cpp:39) to 'store' operation ('acc_write_ln81', mlp_engine.cpp:81->task_detection_accel.cpp:39) of variable 'acc', mlp_engine.cpp:86->task_detection_accel.cpp:39 32 bit on local variable 'acc', mlp_engine.cpp:81->task_detection_accel.cpp:39 (combination delay: 53.553 ns) to honor II or Latency constraint in region 'VITIS_LOOP_77_3_VITIS_LOOP_83_4'.
Resolution: For help on HLS 200-887 see docs.amd.com/access/sources/dita/topic?Doc_Version=2025.2%20English&url=ug1448-hls-guidance&resourceid=200-887.html
INFO: [HLS 200-1470] Pipelining result : Target II = 1, Final II = 1, Depth = 7, loop 'VITIS_LOOP_77_3_VITIS_LOOP_83_4'
WARNING: [HLS 200-871] Estimated clock period (53.553 ns) exceeds the target (target clock period: 10.000 ns, clock uncertainty: 2.700 ns, effective delay budget: 7.300 ns).
Resolution: For help on HLS 200-871 see docs.amd.com/access/sources/dita/topic?Doc_Version=2025.2%20English&url=ug1448-hls-guidance&resourceid=200-871.html
WARNING: [HLS 200-1016] The critical path in module 'task_detection_accel_Pipeline_VITIS_LOOP_77_3_VITIS_LOOP_83_4' consists of the following:
	'load' operation 32 bit ('acc_load', mlp_engine.cpp:86->task_detection_accel.cpp:39) on local variable 'acc', mlp_engine.cpp:81->task_detection_accel.cpp:39 [38]  (0.000 ns)
	'fadd' operation 32 bit ('acc', mlp_engine.cpp:86->task_detection_accel.cpp:39) [49]  (52.720 ns)
	'store' operation ('acc_write_ln81', mlp_engine.cpp:81->task_detection_accel.cpp:39) of variable 'acc', mlp_engine.cpp:86->task_detection_accel.cpp:39 32 bit on local variable 'acc', mlp_engine.cpp:81->task_detection_accel.cpp:39 [58]  (0.833 ns)

Resolution: For help on HLS 200-1016 see docs.amd.com/access/sources/dita/topic?Doc_Version=2025.2%20English&url=ug1448-hls-guidance&resourceid=200-1016.html
INFO: [SCHED 204-11] Finished scheduling.
INFO: [HLS 200-111] Finished Scheduling: CPU user time: 0.07 seconds. CPU system time: 0.01 seconds. Elapsed time: 0.12 seconds; current allocated memory: 374.215 MB.
INFO: [BIND 205-100] Starting micro-architecture generation ...
INFO: [BIND 205-101] Performing variable lifetime analysis.
INFO: [BIND 205-101] Exploring resource sharing.
INFO: [BIND 205-101] Binding ...
INFO: [BIND 205-100] Finished micro-architecture generation.
INFO: [HLS 200-111] Finished Binding: CPU user time: 0.04 seconds. CPU system time: 0.01 seconds. Elapsed time: 0.09 seconds; current allocated memory: 374.215 MB.
INFO: [HLS 200-10] ----------------------------------------------------------------
INFO: [HLS 200-42] -- Implementing module 'task_detection_accel_Pipeline_VITIS_LOOP_109_1_VITIS_LOOP_113_2' 
INFO: [HLS 200-10] ----------------------------------------------------------------
INFO: [SCHED 204-11] Starting scheduling ...
INFO: [SCHED 204-61] Pipelining loop 'VITIS_LOOP_109_1_VITIS_LOOP_113_2'.
INFO: [HLS 200-1470] Pipelining result : Target II = NA, Final II = 1, Depth = 1, loop 'VITIS_LOOP_109_1_VITIS_LOOP_113_2'
INFO: [SCHED 204-11] Finished scheduling.
INFO: [HLS 200-111] Finished Scheduling: CPU user time: 0.08 seconds. CPU system time: 0 seconds. Elapsed time: 0.16 seconds; current allocated memory: 374.215 MB.
INFO: [BIND 205-100] Starting micro-architecture generation ...
INFO: [BIND 205-101] Performing variable lifetime analysis.
INFO: [BIND 205-101] Exploring resource sharing.
INFO: [BIND 205-101] Binding ...
INFO: [BIND 205-100] Finished micro-architecture generation.
INFO: [HLS 200-111] Finished Binding: CPU user time: 0.04 seconds. CPU system time: 0 seconds. Elapsed time: 0.07 seconds; current allocated memory: 374.215 MB.
INFO: [HLS 200-10] ----------------------------------------------------------------
INFO: [HLS 200-42] -- Implementing module 'task_detection_accel_Pipeline_VITIS_LOOP_122_3_VITIS_LOOP_128_4' 
INFO: [HLS 200-10] ----------------------------------------------------------------
INFO: [SCHED 204-11] Starting scheduling ...
INFO: [SCHED 204-61] Pipelining loop 'VITIS_LOOP_122_3_VITIS_LOOP_128_4'.
WARNING: [HLS 200-886] Cannot meet target clock period in 'fadd' operation 32 bit ('acc', mlp_engine.cpp:131->task_detection_accel.cpp:41) (combination delay: 52.720 ns) to honor II constraint (II=1) in region 'loop 'VITIS_LOOP_122_3_VITIS_LOOP_128_4''.
Resolution: For help on HLS 200-886 see docs.amd.com/access/sources/dita/topic?Doc_Version=2025.2%20English&url=ug1448-hls-guidance&resourceid=200-886.html
WARNING: [HLS 200-887] Cannot meet target clock period from 'fadd' operation 32 bit ('acc', mlp_engine.cpp:131->task_detection_accel.cpp:41) to 'store' operation ('acc_write_ln126', mlp_engine.cpp:126->task_detection_accel.cpp:41) of variable 'acc', mlp_engine.cpp:131->task_detection_accel.cpp:41 32 bit on local variable 'acc', mlp_engine.cpp:126->task_detection_accel.cpp:41 (combination delay: 53.553 ns) to honor II or Latency constraint in region 'VITIS_LOOP_122_3_VITIS_LOOP_128_4'.
Resolution: For help on HLS 200-887 see docs.amd.com/access/sources/dita/topic?Doc_Version=2025.2%20English&url=ug1448-hls-guidance&resourceid=200-887.html
INFO: [HLS 200-1470] Pipelining result : Target II = 1, Final II = 1, Depth = 6, loop 'VITIS_LOOP_122_3_VITIS_LOOP_128_4'
WARNING: [HLS 200-871] Estimated clock period (53.553 ns) exceeds the target (target clock period: 10.000 ns, clock uncertainty: 2.700 ns, effective delay budget: 7.300 ns).
Resolution: For help on HLS 200-871 see docs.amd.com/access/sources/dita/topic?Doc_Version=2025.2%20English&url=ug1448-hls-guidance&resourceid=200-871.html
WARNING: [HLS 200-1016] The critical path in module 'task_detection_accel_Pipeline_VITIS_LOOP_122_3_VITIS_LOOP_128_4' consists of the following:
	'load' operation 32 bit ('acc_load', mlp_engine.cpp:131->task_detection_accel.cpp:41) on local variable 'acc', mlp_engine.cpp:126->task_detection_accel.cpp:41 [38]  (0.000 ns)
	'fadd' operation 32 bit ('acc', mlp_engine.cpp:131->task_detection_accel.cpp:41) [49]  (52.720 ns)
	'store' operation ('acc_write_ln126', mlp_engine.cpp:126->task_detection_accel.cpp:41) of variable 'acc', mlp_engine.cpp:131->task_detection_accel.cpp:41 32 bit on local variable 'acc', mlp_engine.cpp:126->task_detection_accel.cpp:41 [58]  (0.833 ns)

Resolution: For help on HLS 200-1016 see docs.amd.com/access/sources/dita/topic?Doc_Version=2025.2%20English&url=ug1448-hls-guidance&resourceid=200-1016.html
INFO: [SCHED 204-11] Finished scheduling.
INFO: [HLS 200-111] Finished Scheduling: CPU user time: 0.07 seconds. CPU system time: 0.01 seconds. Elapsed time: 0.25 seconds; current allocated memory: 374.531 MB.
INFO: [BIND 205-100] Starting micro-architecture generation ...
INFO: [BIND 205-101] Performing variable lifetime analysis.
INFO: [BIND 205-101] Exploring resource sharing.
INFO: [BIND 205-101] Binding ...
INFO: [BIND 205-100] Finished micro-architecture generation.
INFO: [HLS 200-111] Finished Binding: CPU user time: 0.03 seconds. CPU system time: 0.01 seconds. Elapsed time: 0.05 seconds; current allocated memory: 374.531 MB.
INFO: [HLS 200-10] ----------------------------------------------------------------
INFO: [HLS 200-42] -- Implementing module 'task_detection_accel_Pipeline_VITIS_LOOP_156_1' 
INFO: [HLS 200-10] ----------------------------------------------------------------
INFO: [SCHED 204-11] Starting scheduling ...
INFO: [SCHED 204-61] Pipelining loop 'VITIS_LOOP_156_1'.
INFO: [HLS 200-1470] Pipelining result : Target II = NA, Final II = 1, Depth = 1, loop 'VITIS_LOOP_156_1'
INFO: [SCHED 204-11] Finished scheduling.
INFO: [HLS 200-111] Finished Scheduling: CPU user time: 0.06 seconds. CPU system time: 0 seconds. Elapsed time: 0.17 seconds; current allocated memory: 374.594 MB.
INFO: [BIND 205-100] Starting micro-architecture generation ...
INFO: [BIND 205-101] Performing variable lifetime analysis.
INFO: [BIND 205-101] Exploring resource sharing.
INFO: [BIND 205-101] Binding ...
INFO: [BIND 205-100] Finished micro-architecture generation.
INFO: [HLS 200-111] Finished Binding: CPU user time: 0.03 seconds. CPU system time: 0.01 seconds. Elapsed time: 0.09 seconds; current allocated memory: 374.594 MB.
INFO: [HLS 200-10] ----------------------------------------------------------------
INFO: [HLS 200-42] -- Implementing module 'task_detection_accel_Pipeline_VITIS_LOOP_166_2' 
INFO: [HLS 200-10] ----------------------------------------------------------------
INFO: [SCHED 204-11] Starting scheduling ...
INFO: [SCHED 204-61] Pipelining loop 'VITIS_LOOP_166_2'.
WARNING: [HLS 200-886] Cannot meet target clock period in 'fadd' operation 32 bit ('acc', mlp_engine.cpp:169->task_detection_accel.cpp:43) (combination delay: 12.653 ns) to honor II constraint (II=1) in region 'loop 'VITIS_LOOP_166_2''.
Resolution: For help on HLS 200-886 see docs.amd.com/access/sources/dita/topic?Doc_Version=2025.2%20English&url=ug1448-hls-guidance&resourceid=200-886.html
WARNING: [HLS 200-887] Cannot meet target clock period from 'fadd' operation 32 bit ('acc', mlp_engine.cpp:169->task_detection_accel.cpp:43) to 'store' operation ('acc_write_ln164', mlp_engine.cpp:164->task_detection_accel.cpp:43) of variable 'acc', mlp_engine.cpp:169->task_detection_accel.cpp:43 32 bit on local variable 'acc', mlp_engine.cpp:164->task_detection_accel.cpp:43 (combination delay: 13.486 ns) to honor II or Latency constraint in region 'VITIS_LOOP_166_2'.
Resolution: For help on HLS 200-887 see docs.amd.com/access/sources/dita/topic?Doc_Version=2025.2%20English&url=ug1448-hls-guidance&resourceid=200-887.html
INFO: [HLS 200-1470] Pipelining result : Target II = 1, Final II = 1, Depth = 6, loop 'VITIS_LOOP_166_2'
WARNING: [HLS 200-871] Estimated clock period (26.139 ns) exceeds the target (target clock period: 10.000 ns, clock uncertainty: 2.700 ns, effective delay budget: 7.300 ns).
Resolution: For help on HLS 200-871 see docs.amd.com/access/sources/dita/topic?Doc_Version=2025.2%20English&url=ug1448-hls-guidance&resourceid=200-871.html
WARNING: [HLS 200-1016] The critical path in module 'task_detection_accel_Pipeline_VITIS_LOOP_166_2' consists of the following:
	'fadd' operation 32 bit ('acc', mlp_engine.cpp:169->task_detection_accel.cpp:43) [25]  (12.653 ns)
	'store' operation ('acc_write_ln164', mlp_engine.cpp:164->task_detection_accel.cpp:43) of variable 'acc', mlp_engine.cpp:169->task_detection_accel.cpp:43 32 bit on local variable 'acc', mlp_engine.cpp:164->task_detection_accel.cpp:43 [27]  (0.833 ns)
	'load' operation 32 bit ('acc_load_1', mlp_engine.cpp:169->task_detection_accel.cpp:43) on local variable 'acc', mlp_engine.cpp:164->task_detection_accel.cpp:43 [15]  (0.000 ns)
	'fadd' operation 32 bit ('acc', mlp_engine.cpp:169->task_detection_accel.cpp:43) [25]  (12.653 ns)

Resolution: For help on HLS 200-1016 see docs.amd.com/access/sources/dita/topic?Doc_Version=2025.2%20English&url=ug1448-hls-guidance&resourceid=200-1016.html
INFO: [SCHED 204-11] Finished scheduling.
INFO: [HLS 200-111] Finished Scheduling: CPU user time: 0.05 seconds. CPU system time: 0 seconds. Elapsed time: 0.15 seconds; current allocated memory: 374.879 MB.
INFO: [BIND 205-100] Starting micro-architecture generation ...
INFO: [BIND 205-101] Performing variable lifetime analysis.
INFO: [BIND 205-101] Exploring resource sharing.
INFO: [BIND 205-101] Binding ...
INFO: [BIND 205-100] Finished micro-architecture generation.
INFO: [HLS 200-111] Finished Binding: CPU user time: 0.03 seconds. CPU system time: 0 seconds. Elapsed time: 0.06 seconds; current allocated memory: 374.879 MB.
INFO: [HLS 200-10] ----------------------------------------------------------------
INFO: [HLS 200-42] -- Implementing module 'task_detection_accel' 
INFO: [HLS 200-10] ----------------------------------------------------------------
INFO: [SCHED 204-11] Starting scheduling ...
INFO: [SCHED 204-11] Finished scheduling.
INFO: [HLS 200-111] Finished Scheduling: CPU user time: 0.05 seconds. CPU system time: 0 seconds. Elapsed time: 0.07 seconds; current allocated memory: 375.453 MB.
INFO: [BIND 205-100] Starting micro-architecture generation ...
INFO: [BIND 205-101] Performing variable lifetime analysis.
INFO: [BIND 205-101] Exploring resource sharing.
INFO: [BIND 205-101] Binding ...
INFO: [BIND 205-100] Finished micro-architecture generation.
INFO: [HLS 200-111] Finished Binding: CPU user time: 0.04 seconds. CPU system time: 0.01 seconds. Elapsed time: 0.08 seconds; current allocated memory: 375.453 MB.
INFO: [HLS 200-10] ----------------------------------------------------------------
INFO: [HLS 200-10] -- Generating RTL for module 'task_detection_accel_Pipeline_VITIS_LOOP_29_1' 
INFO: [HLS 200-10] ----------------------------------------------------------------
INFO: [HLS 200-1030] Apply Unified Pipeline Control on module 'task_detection_accel_Pipeline_VITIS_LOOP_29_1' pipeline 'VITIS_LOOP_29_1' pipeline type 'loop pipeline'
WARNING: [RTGEN 206-101] Setting dangling out port 'task_detection_accel_Pipeline_VITIS_LOOP_29_1/m_axi_gmem0_0_ARVALID' to 0.
WARNING: [RTGEN 206-101] Setting dangling out port 'task_detection_accel_Pipeline_VITIS_LOOP_29_1/m_axi_gmem0_0_ARADDR' to 0.
WARNING: [RTGEN 206-101] Setting dangling out port 'task_detection_accel_Pipeline_VITIS_LOOP_29_1/m_axi_gmem0_0_ARID' to 0.
WARNING: [RTGEN 206-101] Setting dangling out port 'task_detection_accel_Pipeline_VITIS_LOOP_29_1/m_axi_gmem0_0_ARLEN' to 0.
WARNING: [RTGEN 206-101] Setting dangling out port 'task_detection_accel_Pipeline_VITIS_LOOP_29_1/m_axi_gmem0_0_ARSIZE' to 0.
WARNING: [RTGEN 206-101] Setting dangling out port 'task_detection_accel_Pipeline_VITIS_LOOP_29_1/m_axi_gmem0_0_ARBURST' to 0.
WARNING: [RTGEN 206-101] Setting dangling out port 'task_detection_accel_Pipeline_VITIS_LOOP_29_1/m_axi_gmem0_0_ARLOCK' to 0.
WARNING: [RTGEN 206-101] Setting dangling out port 'task_detection_accel_Pipeline_VITIS_LOOP_29_1/m_axi_gmem0_0_ARCACHE' to 0.
WARNING: [RTGEN 206-101] Setting dangling out port 'task_detection_accel_Pipeline_VITIS_LOOP_29_1/m_axi_gmem0_0_ARPROT' to 0.
WARNING: [RTGEN 206-101] Setting dangling out port 'task_detection_accel_Pipeline_VITIS_LOOP_29_1/m_axi_gmem0_0_ARQOS' to 0.
WARNING: [RTGEN 206-101] Setting dangling out port 'task_detection_accel_Pipeline_VITIS_LOOP_29_1/m_axi_gmem0_0_ARREGION' to 0.
WARNING: [RTGEN 206-101] Setting dangling out port 'task_detection_accel_Pipeline_VITIS_LOOP_29_1/m_axi_gmem0_0_ARUSER' to 0.
INFO: [RTGEN 206-100] Finished creating RTL model for 'task_detection_accel_Pipeline_VITIS_LOOP_29_1'.
INFO: [HLS 200-111] Finished Creating RTL model: CPU user time: 0.06 seconds. CPU system time: 0.01 seconds. Elapsed time: 0.15 seconds; current allocated memory: 375.453 MB.
INFO: [HLS 200-10] ----------------------------------------------------------------
INFO: [HLS 200-10] -- Generating RTL for module 'task_detection_accel_Pipeline_VITIS_LOOP_19_1_VITIS_LOOP_23_2' 
INFO: [HLS 200-10] ----------------------------------------------------------------
INFO: [HLS 200-1030] Apply Unified Pipeline Control on module 'task_detection_accel_Pipeline_VITIS_LOOP_19_1_VITIS_LOOP_23_2' pipeline 'VITIS_LOOP_19_1_VITIS_LOOP_23_2' pipeline type 'loop pipeline'
INFO: [RTGEN 206-100] Generating core module 'mul_9ns_9ns_16_1_1': 1 instance(s).
INFO: [RTGEN 206-100] Finished creating RTL model for 'task_detection_accel_Pipeline_VITIS_LOOP_19_1_VITIS_LOOP_23_2'.
INFO: [HLS 200-111] Finished Creating RTL model: CPU user time: 0.13 seconds. CPU system time: 0.01 seconds. Elapsed time: 0.34 seconds; current allocated memory: 375.973 MB.
INFO: [HLS 200-10] ----------------------------------------------------------------
INFO: [HLS 200-10] -- Generating RTL for module 'task_detection_accel_Pipeline_VITIS_LOOP_32_3_VITIS_LOOP_38_4' 
INFO: [HLS 200-10] ----------------------------------------------------------------
INFO: [HLS 200-1030] Apply Unified Pipeline Control on module 'task_detection_accel_Pipeline_VITIS_LOOP_32_3_VITIS_LOOP_38_4' pipeline 'VITIS_LOOP_32_3_VITIS_LOOP_38_4' pipeline type 'loop pipeline'
INFO: [RTGEN 206-100] Generating core module 'fadd_32ns_32ns_32_1_full_dsp_1': 1 instance(s).
INFO: [RTGEN 206-100] Generating core module 'fmul_32ns_32ns_32_3_max_dsp_1': 1 instance(s).
INFO: [RTGEN 206-100] Generating core module 'mul_9ns_9ns_16_1_1': 1 instance(s).
INFO: [RTGEN 206-100] Finished creating RTL model for 'task_detection_accel_Pipeline_VITIS_LOOP_32_3_VITIS_LOOP_38_4'.
INFO: [HLS 200-111] Finished Creating RTL model: CPU user time: 0.12 seconds. CPU system time: 0.02 seconds. Elapsed time: 0.17 seconds; current allocated memory: 377.168 MB.
INFO: [HLS 200-10] ----------------------------------------------------------------
INFO: [HLS 200-10] -- Generating RTL for module 'task_detection_accel_Pipeline_VITIS_LOOP_64_1_VITIS_LOOP_68_2' 
INFO: [HLS 200-10] ----------------------------------------------------------------
INFO: [HLS 200-1030] Apply Unified Pipeline Control on module 'task_detection_accel_Pipeline_VITIS_LOOP_64_1_VITIS_LOOP_68_2' pipeline 'VITIS_LOOP_64_1_VITIS_LOOP_68_2' pipeline type 'loop pipeline'
INFO: [RTGEN 206-100] Finished creating RTL model for 'task_detection_accel_Pipeline_VITIS_LOOP_64_1_VITIS_LOOP_68_2'.
INFO: [HLS 200-111] Finished Creating RTL model: CPU user time: 0.12 seconds. CPU system time: 0.02 seconds. Elapsed time: 0.28 seconds; current allocated memory: 378.586 MB.
INFO: [HLS 200-10] ----------------------------------------------------------------
INFO: [HLS 200-10] -- Generating RTL for module 'task_detection_accel_Pipeline_VITIS_LOOP_77_3_VITIS_LOOP_83_4' 
INFO: [HLS 200-10] ----------------------------------------------------------------
INFO: [HLS 200-1030] Apply Unified Pipeline Control on module 'task_detection_accel_Pipeline_VITIS_LOOP_77_3_VITIS_LOOP_83_4' pipeline 'VITIS_LOOP_77_3_VITIS_LOOP_83_4' pipeline type 'loop pipeline'
INFO: [RTGEN 206-100] Generating core module 'fadd_32ns_32ns_32_1_full_dsp_1': 1 instance(s).
INFO: [RTGEN 206-100] Generating core module 'fmul_32ns_32ns_32_3_max_dsp_1': 1 instance(s).
INFO: [RTGEN 206-100] Finished creating RTL model for 'task_detection_accel_Pipeline_VITIS_LOOP_77_3_VITIS_LOOP_83_4'.
INFO: [HLS 200-111] Finished Creating RTL model: CPU user time: 0.14 seconds. CPU system time: 0.01 seconds. Elapsed time: 0.3 seconds; current allocated memory: 379.734 MB.
INFO: [HLS 200-10] ----------------------------------------------------------------
INFO: [HLS 200-10] -- Generating RTL for module 'task_detection_accel_Pipeline_VITIS_LOOP_109_1_VITIS_LOOP_113_2' 
INFO: [HLS 200-10] ----------------------------------------------------------------
INFO: [RTGEN 206-100] Finished creating RTL model for 'task_detection_accel_Pipeline_VITIS_LOOP_109_1_VITIS_LOOP_113_2'.
INFO: [HLS 200-111] Finished Creating RTL model: CPU user time: 0.15 seconds. CPU system time: 0.02 seconds. Elapsed time: 0.36 seconds; current allocated memory: 381.160 MB.
INFO: [HLS 200-10] ----------------------------------------------------------------
INFO: [HLS 200-10] -- Generating RTL for module 'task_detection_accel_Pipeline_VITIS_LOOP_122_3_VITIS_LOOP_128_4' 
INFO: [HLS 200-10] ----------------------------------------------------------------
INFO: [HLS 200-1030] Apply Unified Pipeline Control on module 'task_detection_accel_Pipeline_VITIS_LOOP_122_3_VITIS_LOOP_128_4' pipeline 'VITIS_LOOP_122_3_VITIS_LOOP_128_4' pipeline type 'loop pipeline'
INFO: [RTGEN 206-100] Generating core module 'fadd_32ns_32ns_32_1_full_dsp_1': 1 instance(s).
INFO: [RTGEN 206-100] Generating core module 'fmul_32ns_32ns_32_3_max_dsp_1': 1 instance(s).
INFO: [RTGEN 206-100] Finished creating RTL model for 'task_detection_accel_Pipeline_VITIS_LOOP_122_3_VITIS_LOOP_128_4'.
INFO: [HLS 200-111] Finished Creating RTL model: CPU user time: 0.12 seconds. CPU system time: 0.01 seconds. Elapsed time: 0.21 seconds; current allocated memory: 382.305 MB.
INFO: [HLS 200-10] ----------------------------------------------------------------
INFO: [HLS 200-10] -- Generating RTL for module 'task_detection_accel_Pipeline_VITIS_LOOP_156_1' 
INFO: [HLS 200-10] ----------------------------------------------------------------
INFO: [RTGEN 206-100] Finished creating RTL model for 'task_detection_accel_Pipeline_VITIS_LOOP_156_1'.
INFO: [HLS 200-111] Finished Creating RTL model: CPU user time: 0.11 seconds. CPU system time: 0.02 seconds. Elapsed time: 0.22 seconds; current allocated memory: 383.746 MB.
INFO: [HLS 200-10] ----------------------------------------------------------------
INFO: [HLS 200-10] -- Generating RTL for module 'task_detection_accel_Pipeline_VITIS_LOOP_166_2' 
INFO: [HLS 200-10] ----------------------------------------------------------------
INFO: [HLS 200-1030] Apply Unified Pipeline Control on module 'task_detection_accel_Pipeline_VITIS_LOOP_166_2' pipeline 'VITIS_LOOP_166_2' pipeline type 'loop pipeline'
INFO: [RTGEN 206-100] Generating core module 'fadd_32ns_32ns_32_2_full_dsp_1': 1 instance(s).
INFO: [RTGEN 206-100] Generating core module 'fmul_32ns_32ns_32_3_max_dsp_1': 1 instance(s).
INFO: [RTGEN 206-100] Finished creating RTL model for 'task_detection_accel_Pipeline_VITIS_LOOP_166_2'.
INFO: [HLS 200-111] Finished Creating RTL model: CPU user time: 0.1 seconds. CPU system time: 0.01 seconds. Elapsed time: 0.17 seconds; current allocated memory: 384.297 MB.
INFO: [HLS 200-10] ----------------------------------------------------------------
INFO: [HLS 200-10] -- Generating RTL for module 'task_detection_accel' 
INFO: [HLS 200-10] ----------------------------------------------------------------
WARNING: [RTGEN 206-101] Design contains AXI ports. Reset is fixed to synchronous and active low.
INFO: [RTGEN 206-500] Setting interface mode on port 'task_detection_accel/gmem0' to 'm_axi'.
INFO: [RTGEN 206-500] Setting interface mode on port 'task_detection_accel/gmem1' to 'm_axi'.
INFO: [RTGEN 206-500] Setting interface mode on port 'task_detection_accel/input_r' to 's_axilite & ap_none'.
INFO: [RTGEN 206-500] Setting interface mode on port 'task_detection_accel/output_r' to 's_axilite & ap_none'.
INFO: [RTGEN 206-500] Setting interface mode on port 'task_detection_accel/task_id' to 's_axilite & ap_none'.
INFO: [RTGEN 206-500] Setting interface mode on port 'task_detection_accel/top_k' to 's_axilite & ap_none'.
INFO: [RTGEN 206-500] Setting interface mode on function 'task_detection_accel' to 's_axilite & ap_ctrl_hs'.
WARNING: [RTGEN 206-101] Register 'initialized_2' is power-on initialization.
WARNING: [RTGEN 206-101] Register 'initialized_1' is power-on initialization.
WARNING: [RTGEN 206-101] Register 'initialized_3' is power-on initialization.
WARNING: [RTGEN 206-101] Register 'initialized' is power-on initialization.
INFO: [RTGEN 206-100] Bundling port 'task_id', 'top_k' and 'return' to AXI-Lite port control.
INFO: [RTGEN 206-100] Bundling port 'input_r' and 'output_r' to AXI-Lite port control_r.
INFO: [RTGEN 206-100] Generating core module 'fmul_32ns_32ns_32_3_max_dsp_1': 1 instance(s).
INFO: [RTGEN 206-100] Finished creating RTL model for 'task_detection_accel'.
INFO: [RTMG 210-278] Implementing memory 'task_detection_accel_weights_1_RAM_AUTO_1R1W' using auto RAMs.
INFO: [RTMG 210-278] Implementing memory 'task_detection_accel_bias_1_RAM_AUTO_1R1W' using auto RAMs.
INFO: [RTMG 210-278] Implementing memory 'task_detection_accel_weights_RAM_AUTO_1R1W' using auto RAMs.
INFO: [RTMG 210-278] Implementing memory 'task_detection_accel_bias_RAM_AUTO_1R1W' using auto RAMs.
INFO: [RTMG 210-278] Implementing memory 'task_detection_accel_weights_2_RAM_AUTO_1R1W' using auto RAMs.
INFO: [RTMG 210-278] Implementing memory 'task_detection_accel_bias_2_RAM_AUTO_1R1W' using auto RAMs.
INFO: [RTMG 210-278] Implementing memory 'task_detection_accel_in_buf_RAM_AUTO_1R1W' using auto RAMs.
INFO: [RTMG 210-278] Implementing memory 'task_detection_accel_l1_RAM_AUTO_1R1W' using auto RAMs.
INFO: [RTMG 210-278] Implementing memory 'task_detection_accel_l2_RAM_AUTO_1R1W' using auto RAMs.
INFO: [RTMG 210-278] Implementing memory 'task_detection_accel_l3_RAM_AUTO_1R1W' using auto RAMs.
INFO: [HLS 200-111] Finished Creating RTL model: CPU user time: 0.25 seconds. CPU system time: 0.04 seconds. Elapsed time: 0.67 seconds; current allocated memory: 388.066 MB.
INFO: [HLS 200-111] Finished Generating all RTL models: CPU user time: 0.58 seconds. CPU system time: 0.09 seconds. Elapsed time: 1.16 seconds; current allocated memory: 391.340 MB.
INFO: [HLS 200-1603] Design has inferred MAXI bursts and missed bursts, see Vitis HLS GUI synthesis summary report for detailed information.
INFO: [HLS 200-2225] Wrote inferred directives to file /home/dlohchab/projects/Verilog/DVCON/task_detection_tpu/task_detection_tpu/task_detection_tpu/hls/syn/inferred_directives.ini
INFO: [HLS 200-111] Finished Updating report files: CPU user time: 1.5 seconds. CPU system time: 0.14 seconds. Elapsed time: 2.5 seconds; current allocated memory: 399.531 MB.
INFO: [VHDL 208-304] Generating VHDL RTL for task_detection_accel.
INFO: [VLOG 209-307] Generating Verilog RTL for task_detection_accel.
INFO: [HLS 200-790] **** Loop Constraint Status: All loop constraints were satisfied.
INFO: [HLS 200-789] **** Estimated Fmax: 18.67 MHz
INFO: [HLS 200-112] Total CPU user time: 29.04 seconds. Total CPU system time: 4.34 seconds. Total elapsed time: 65.82 seconds; peak allocated memory: 399.531 MB.
INFO: [v++ 60-791] Total elapsed time: 0h 1m 21s
