  **** HLS Build v2025.2 6295257
INFO: [HLS 200-2005] Using work_dir /home/dlohchab/projects/Verilog/DVCON/task_detection_tpu/task_detection_tpu/task_detection_tpu 
INFO: [HLS 200-2176] Writing Vitis IDE component file /home/dlohchab/projects/Verilog/DVCON/task_detection_tpu/task_detection_tpu/task_detection_tpu/vitis-comp.json
INFO: [HLS 200-10] Creating and opening component '/home/dlohchab/projects/Verilog/DVCON/task_detection_tpu/task_detection_tpu/task_detection_tpu'.
INFO: [HLS 200-1505] Using default flow_target 'vivado'
Resolution: For help on HLS 200-1505 see docs.amd.com/access/sources/dita/topic?Doc_Version=2025.2%20English&url=ug1448-hls-guidance&resourceid=200-1505.html
INFO: [HLS 200-2174] Applying component config ini file hls_config.cfg
INFO: [HLS 200-1465] Applying config ini 'syn.file=./task_detection_accel.cpp' from hls_config.cfg(7)
INFO: [HLS 200-10] Adding design file '/home/dlohchab/projects/Verilog/DVCON/task_detection_tpu/task_detection_tpu/task_detection_accel.cpp' to the project
INFO: [HLS 200-1465] Applying config ini 'syn.file=mlp_engine.cpp' from hls_config.cfg(8)
INFO: [HLS 200-10] Adding design file '/home/dlohchab/projects/Verilog/DVCON/task_detection_tpu/task_detection_tpu/mlp_engine.cpp' to the project
INFO: [HLS 200-1465] Applying config ini 'tb.file=./task_detection_accel_tb.cpp' from hls_config.cfg(10)
INFO: [HLS 200-10] Adding test bench file '/home/dlohchab/projects/Verilog/DVCON/task_detection_tpu/task_detection_tpu/task_detection_accel_tb.cpp' to the project
INFO: [HLS 200-1465] Applying config ini 'syn.top=task_detection_accel' from hls_config.cfg(9)
INFO: [HLS 200-1465] Applying config ini 'flow_target=vivado' from hls_config.cfg(4)
INFO: [HLS 200-1505] Using flow_target 'vivado'
Resolution: For help on HLS 200-1505 see docs.amd.com/access/sources/dita/topic?Doc_Version=2025.2%20English&url=ug1448-hls-guidance&resourceid=200-1505.html
INFO: [HLS 200-1465] Applying config ini 'part=xc7k325tffg900-2' from hls_config.cfg(1)
INFO: [HLS 200-1611] Setting target device to 'xc7k325t-ffg900-2'
INFO: [HLS 200-1465] Applying config ini 'package.output.format=ip_catalog' from hls_config.cfg(5)
INFO: [HLS 200-2176] Writing Vitis IDE component file /home/dlohchab/projects/Verilog/DVCON/task_detection_tpu/task_detection_tpu/task_detection_tpu/vitis-comp.json
INFO: [SIM 211-2] *************** CSIM start ***************
INFO: [HLS 200-2191] C-Simulation will use clang-16 as the compiler
INFO: [HLS 200-2036] Building debug C Simulation binaries
   Compiling ../../../../mlp_engine.cpp in debug mode
   Compiling ../../../../task_detection_accel.cpp in debug mode
   Generating csim.exe
ld.lld: error: undefined symbol: linear_180_256(float*, float*)
>>> referenced by task_detection_accel.cpp:37 (../../../../task_detection_accel.cpp:37)
>>>               obj/task_detection_accel.o:(task_detection_accel)
clang++: error: linker command failed with exit code 1 (use -v to see invocation)
make: *** [Makefile.rules:333: csim.exe] Error 1
ERROR: [SIM 211-100] 'csim_design' failed: compilation error(s).
INFO: [SIM 211-3] *************** CSIM finish ***************
ERROR: CSIM Failed
INFO: [HLS 200-112] Total CPU user time: 5.34 seconds. Total CPU system time: 0.99 seconds. Total elapsed time: 9.86 seconds; peak allocated memory: 275.559 MB.
