INFO: [SIM 2] *************** CSIM start ***************
   Compiling ../../../../../task_detection_tpu/systolic_8x8_tb.cpp in debug mode
   Compiling ../../../../../task_detection_tpu/systolic_8x8.cpp in debug mode
   Compiling ../../../../../task_detection_tpu/systolic_4x4.cpp in debug mode
   Compiling ../../../../../task_detection_tpu/systolic_2x2.cpp in debug mode
   Compiling ../../../../../task_detection_tpu/pe.cpp in debug mode
   Generating csim.exe
--- Resetting Array ---
--- Pumping Skewed Data (15 cycles) ---
--- Final Output ---
8	14	18	20	20	18	14	8	
7	16	21	24	25	24	21	16	
6	14	24	28	30	30	28	24	
5	12	21	-32	-29	-28	-29	-32	
4	10	18	28	-24	-22	-22	-24	
3	8	15	24	-29	-16	-15	-16	
2	6	12	20	30	-22	-8	-8	
1	4	9	16	25	-28	-15	0	
INFO: [SIM 1] CSim done with 0 errors.
INFO: [SIM 3] *************** CSIM finish ***************
