  **** HLS Build v2025.2 6295257
INFO: [HLS 200-2005] Using work_dir /home/dlohchab/projects/Verilog/DVCON/task_detection_tpu/tpu_tile_experiment/linear_180_16 
INFO: [HLS 200-2176] Writing Vitis IDE component file /home/dlohchab/projects/Verilog/DVCON/task_detection_tpu/tpu_tile_experiment/linear_180_16/vitis-comp.json
INFO: [HLS 200-10] Creating and opening component '/home/dlohchab/projects/Verilog/DVCON/task_detection_tpu/tpu_tile_experiment/linear_180_16'.
INFO: [HLS 200-1505] Using default flow_target 'vivado'
Resolution: For help on HLS 200-1505 see docs.amd.com/access/sources/dita/topic?Doc_Version=2025.2%20English&url=ug1448-hls-guidance&resourceid=200-1505.html
INFO: [HLS 200-2174] Applying component config ini file hls_config.cfg
INFO: [HLS 200-1465] Applying config ini 'syn.file=../task_detection_tpu/mlp_engine.cpp' from hls_config.cfg(8)
INFO: [HLS 200-10] Adding design file '/home/dlohchab/projects/Verilog/DVCON/task_detection_tpu/task_detection_tpu/mlp_engine.cpp' to the project
INFO: [HLS 200-1465] Applying config ini 'tb.file=../task_detection_tpu/tpu_tile_tb.cpp' from hls_config.cfg(9)
INFO: [HLS 200-10] Adding test bench file '/home/dlohchab/projects/Verilog/DVCON/task_detection_tpu/task_detection_tpu/tpu_tile_tb.cpp' to the project
INFO: [HLS 200-1465] Applying config ini 'syn.top=linear_180_16' from hls_config.cfg(7)
INFO: [HLS 200-1465] Applying config ini 'flow_target=vivado' from hls_config.cfg(4)
INFO: [HLS 200-1505] Using flow_target 'vivado'
Resolution: For help on HLS 200-1505 see docs.amd.com/access/sources/dita/topic?Doc_Version=2025.2%20English&url=ug1448-hls-guidance&resourceid=200-1505.html
INFO: [HLS 200-1465] Applying config ini 'part=xc7k325tffg900-2' from hls_config.cfg(1)
INFO: [HLS 200-1611] Setting target device to 'xc7k325t-ffg900-2'
INFO: [HLS 200-1465] Applying config ini 'package.output.format=ip_catalog' from hls_config.cfg(5)
INFO: [HLS 200-2176] Writing Vitis IDE component file /home/dlohchab/projects/Verilog/DVCON/task_detection_tpu/tpu_tile_experiment/linear_180_16/vitis-comp.json
INFO: [HLS 200-111] Finished File checks and directory preparation: CPU user time: 2.78 seconds. CPU system time: 0.68 seconds. Elapsed time: 4.39 seconds; current allocated memory: 273.484 MB.
INFO: [HLS 200-2191] C-Synthesis will use clang-16 as the compiler
INFO: [HLS 200-10] Analyzing design file '../task_detection_tpu/mlp_engine.cpp' ... 
INFO: [HLS 200-111] Finished Source Code Analysis and Preprocessing: CPU user time: 0.74 seconds. CPU system time: 0.55 seconds. Elapsed time: 2.88 seconds; current allocated memory: 275.105 MB.
INFO: [HLS 200-777] Using interface defaults for 'Vivado' flow target.
INFO: [HLS 200-1995] There were 93 instructions in the design after the 'Compile/Link' phase of compilation. See the Design Size Report for more details (/home/dlohchab/projects/Verilog/DVCON/task_detection_tpu/tpu_tile_experiment/linear_180_16/hls/syn/report/csynth_design_size.rpt:2)
INFO: [HLS 200-1995] There were 252 instructions in the design after the 'Unroll/Inline (step 1)' phase of compilation. See the Design Size Report for more details (/home/dlohchab/projects/Verilog/DVCON/task_detection_tpu/tpu_tile_experiment/linear_180_16/hls/syn/report/csynth_design_size.rpt:2)
INFO: [HLS 200-1995] There were 191 instructions in the design after the 'Unroll/Inline (step 2)' phase of compilation. See the Design Size Report for more details (/home/dlohchab/projects/Verilog/DVCON/task_detection_tpu/tpu_tile_experiment/linear_180_16/hls/syn/report/csynth_design_size.rpt:2)
INFO: [HLS 200-1995] There were 172 instructions in the design after the 'Unroll/Inline (step 3)' phase of compilation. See the Design Size Report for more details (/home/dlohchab/projects/Verilog/DVCON/task_detection_tpu/tpu_tile_experiment/linear_180_16/hls/syn/report/csynth_design_size.rpt:2)
INFO: [HLS 200-1995] There were 172 instructions in the design after the 'Unroll/Inline (step 4)' phase of compilation. See the Design Size Report for more details (/home/dlohchab/projects/Verilog/DVCON/task_detection_tpu/tpu_tile_experiment/linear_180_16/hls/syn/report/csynth_design_size.rpt:2)
INFO: [HLS 200-1995] There were 136 instructions in the design after the 'Array/Struct (step 1)' phase of compilation. See the Design Size Report for more details (/home/dlohchab/projects/Verilog/DVCON/task_detection_tpu/tpu_tile_experiment/linear_180_16/hls/syn/report/csynth_design_size.rpt:2)
INFO: [HLS 200-1995] There were 136 instructions in the design after the 'Array/Struct (step 2)' phase of compilation. See the Design Size Report for more details (/home/dlohchab/projects/Verilog/DVCON/task_detection_tpu/tpu_tile_experiment/linear_180_16/hls/syn/report/csynth_design_size.rpt:2)
INFO: [HLS 200-1995] There were 136 instructions in the design after the 'Array/Struct (step 3)' phase of compilation. See the Design Size Report for more details (/home/dlohchab/projects/Verilog/DVCON/task_detection_tpu/tpu_tile_experiment/linear_180_16/hls/syn/report/csynth_design_size.rpt:2)
INFO: [HLS 200-1995] There were 136 instructions in the design after the 'Array/Struct (step 4)' phase of compilation. See the Design Size Report for more details (/home/dlohchab/projects/Verilog/DVCON/task_detection_tpu/tpu_tile_experiment/linear_180_16/hls/syn/report/csynth_design_size.rpt:2)
INFO: [HLS 200-1995] There were 152 instructions in the design after the 'Array/Struct (step 5)' phase of compilation. See the Design Size Report for more details (/home/dlohchab/projects/Verilog/DVCON/task_detection_tpu/tpu_tile_experiment/linear_180_16/hls/syn/report/csynth_design_size.rpt:2)
INFO: [HLS 200-1995] There were 152 instructions in the design after the 'Performance (step 1)' phase of compilation. See the Design Size Report for more details (/home/dlohchab/projects/Verilog/DVCON/task_detection_tpu/tpu_tile_experiment/linear_180_16/hls/syn/report/csynth_design_size.rpt:2)
INFO: [HLS 200-1995] There were 136 instructions in the design after the 'Performance (step 2)' phase of compilation. See the Design Size Report for more details (/home/dlohchab/projects/Verilog/DVCON/task_detection_tpu/tpu_tile_experiment/linear_180_16/hls/syn/report/csynth_design_size.rpt:2)
INFO: [HLS 200-1995] There were 473 instructions in the design after the 'Performance (step 3)' phase of compilation. See the Design Size Report for more details (/home/dlohchab/projects/Verilog/DVCON/task_detection_tpu/tpu_tile_experiment/linear_180_16/hls/syn/report/csynth_design_size.rpt:2)
INFO: [HLS 200-1995] There were 233 instructions in the design after the 'Performance (step 4)' phase of compilation. See the Design Size Report for more details (/home/dlohchab/projects/Verilog/DVCON/task_detection_tpu/tpu_tile_experiment/linear_180_16/hls/syn/report/csynth_design_size.rpt:2)
INFO: [HLS 200-1995] There were 254 instructions in the design after the 'HW Transforms (step 1)' phase of compilation. See the Design Size Report for more details (/home/dlohchab/projects/Verilog/DVCON/task_detection_tpu/tpu_tile_experiment/linear_180_16/hls/syn/report/csynth_design_size.rpt:2)
INFO: [HLS 200-1995] There were 266 instructions in the design after the 'HW Transforms (step 2)' phase of compilation. See the Design Size Report for more details (/home/dlohchab/projects/Verilog/DVCON/task_detection_tpu/tpu_tile_experiment/linear_180_16/hls/syn/report/csynth_design_size.rpt:2)
INFO: [HLS 214-291] Loop 'VITIS_LOOP_217_5' is marked as complete unroll implied by the pipeline pragma (../task_detection_tpu/mlp_engine.cpp:217:27)
INFO: [HLS 214-186] Unrolling loop 'VITIS_LOOP_224_6' (../task_detection_tpu/mlp_engine.cpp:224:23) in function 'linear_180_16' completely with a factor of 16 (../task_detection_tpu/mlp_engine.cpp:183:0)
INFO: [HLS 214-186] Unrolling loop 'VITIS_LOOP_217_5' (../task_detection_tpu/mlp_engine.cpp:217:27) in function 'linear_180_16' completely with a factor of 16 (../task_detection_tpu/mlp_engine.cpp:183:0)
INFO: [HLS 214-186] Unrolling loop 'VITIS_LOOP_205_3' (../task_detection_tpu/mlp_engine.cpp:205:23) in function 'linear_180_16' completely with a factor of 16 (../task_detection_tpu/mlp_engine.cpp:183:0)
INFO: [HLS 214-376] Pipelining loop< VITIS_LOOP_192_2> at ../task_detection_tpu/mlp_engine.cpp:192:31 due to pipeline_loops threshold
INFO: [HLS 214-270] Inferring pragma 'array_partition type=complete dim=1' for array 'linear_180_16(float*, float*)::weights' due to pipeline pragma (../task_detection_tpu/mlp_engine.cpp:213:1)
INFO: [HLS 214-248] Applying array_partition to '_ZZ13linear_180_16PfS_E7weights': Complete partitioning on dimension 1. (../task_detection_tpu/mlp_engine.cpp:184:0)
INFO: [HLS 200-111] Finished Compiling Optimization and Transform: CPU user time: 5.46 seconds. CPU system time: 0.7 seconds. Elapsed time: 12.37 seconds; current allocated memory: 276.789 MB.
INFO: [HLS 200-111] Finished Checking Pragmas: CPU user time: 0 seconds. CPU system time: 0 seconds. Elapsed time: 0 seconds; current allocated memory: 276.789 MB.
INFO: [HLS 200-10] Starting code transformations ...
INFO: [HLS 200-111] Finished Standard Transforms: CPU user time: 0.03 seconds. CPU system time: 0.01 seconds. Elapsed time: 0.08 seconds; current allocated memory: 276.973 MB.
INFO: [HLS 200-10] Checking synthesizability ...
INFO: [HLS 200-111] Finished Checking Synthesizability: CPU user time: 0.03 seconds. CPU system time: 0 seconds. Elapsed time: 0.04 seconds; current allocated memory: 277.039 MB.
INFO: [HLS 200-111] Finished Loop, function and other optimizations: CPU user time: 0.12 seconds. CPU system time: 0.01 seconds. Elapsed time: 0.17 seconds; current allocated memory: 298.988 MB.
INFO: [HLS 200-2061] Successfully converted nested loops 'VITIS_LOOP_190_1'(../task_detection_tpu/mlp_engine.cpp:190:27) and 'VITIS_LOOP_192_2'(../task_detection_tpu/mlp_engine.cpp:192:31) in function 'linear_180_16' into perfectly nested loops.
INFO: [XFORM 203-541] Flattening a loop nest 'VITIS_LOOP_190_1' (../task_detection_tpu/mlp_engine.cpp:190:27) in function 'linear_180_16'.
INFO: [HLS 200-111] Finished Architecture Synthesis: CPU user time: 0.12 seconds. CPU system time: 0.01 seconds. Elapsed time: 0.18 seconds; current allocated memory: 309.020 MB.
INFO: [HLS 200-10] Starting hardware synthesis ...
INFO: [HLS 200-10] Synthesizing 'linear_180_16' ...
INFO: [SYN 201-201] Setting up clock 'default' with a period of 10ns.
INFO: [HLS 200-10] ----------------------------------------------------------------
INFO: [HLS 200-42] -- Implementing module 'linear_180_16_Pipeline_VITIS_LOOP_190_1_VITIS_LOOP_192_2' 
INFO: [HLS 200-10] ----------------------------------------------------------------
INFO: [SCHED 204-11] Starting scheduling ...
INFO: [SCHED 204-61] Pipelining loop 'VITIS_LOOP_190_1_VITIS_LOOP_192_2'.
INFO: [HLS 200-1470] Pipelining result : Target II = NA, Final II = 1, Depth = 1, loop 'VITIS_LOOP_190_1_VITIS_LOOP_192_2'
INFO: [SCHED 204-11] Finished scheduling.
INFO: [HLS 200-111] Finished Scheduling: CPU user time: 0.12 seconds. CPU system time: 0.03 seconds. Elapsed time: 0.23 seconds; current allocated memory: 310.184 MB.
INFO: [BIND 205-100] Starting micro-architecture generation ...
INFO: [BIND 205-101] Performing variable lifetime analysis.
INFO: [BIND 205-101] Exploring resource sharing.
INFO: [BIND 205-101] Binding ...
INFO: [BIND 205-100] Finished micro-architecture generation.
INFO: [HLS 200-111] Finished Binding: CPU user time: 0.05 seconds. CPU system time: 0 seconds. Elapsed time: 0.08 seconds; current allocated memory: 310.184 MB.
INFO: [HLS 200-10] ----------------------------------------------------------------
INFO: [HLS 200-42] -- Implementing module 'linear_180_16_Pipeline_VITIS_LOOP_211_4' 
INFO: [HLS 200-10] ----------------------------------------------------------------
INFO: [SCHED 204-11] Starting scheduling ...
INFO: [SCHED 204-61] Pipelining loop 'VITIS_LOOP_211_4'.
WARNING: [HLS 200-886] Cannot meet target clock period in 'fadd' operation 32 bit ('add', ../task_detection_tpu/mlp_engine.cpp:220) (combination delay: 12.653 ns) to honor II constraint (II=1) in region 'loop 'VITIS_LOOP_211_4''.
Resolution: For help on HLS 200-886 see docs.amd.com/access/sources/dita/topic?Doc_Version=2025.2%20English&url=ug1448-hls-guidance&resourceid=200-886.html
WARNING: [HLS 200-886] Cannot meet target clock period in 'fadd' operation 32 bit ('add_1', ../task_detection_tpu/mlp_engine.cpp:220) (combination delay: 12.653 ns) to honor II constraint (II=1) in region 'loop 'VITIS_LOOP_211_4''.
Resolution: For help on HLS 200-886 see docs.amd.com/access/sources/dita/topic?Doc_Version=2025.2%20English&url=ug1448-hls-guidance&resourceid=200-886.html
WARNING: [HLS 200-886] Cannot meet target clock period in 'fadd' operation 32 bit ('add_2', ../task_detection_tpu/mlp_engine.cpp:220) (combination delay: 12.653 ns) to honor II constraint (II=1) in region 'loop 'VITIS_LOOP_211_4''.
Resolution: For help on HLS 200-886 see docs.amd.com/access/sources/dita/topic?Doc_Version=2025.2%20English&url=ug1448-hls-guidance&resourceid=200-886.html
WARNING: [HLS 200-886] Cannot meet target clock period in 'fadd' operation 32 bit ('add_3', ../task_detection_tpu/mlp_engine.cpp:220) (combination delay: 12.653 ns) to honor II constraint (II=1) in region 'loop 'VITIS_LOOP_211_4''.
Resolution: For help on HLS 200-886 see docs.amd.com/access/sources/dita/topic?Doc_Version=2025.2%20English&url=ug1448-hls-guidance&resourceid=200-886.html
WARNING: [HLS 200-886] Cannot meet target clock period in 'fadd' operation 32 bit ('add_4', ../task_detection_tpu/mlp_engine.cpp:220) (combination delay: 12.653 ns) to honor II constraint (II=1) in region 'loop 'VITIS_LOOP_211_4''.
Resolution: For help on HLS 200-886 see docs.amd.com/access/sources/dita/topic?Doc_Version=2025.2%20English&url=ug1448-hls-guidance&resourceid=200-886.html
WARNING: [HLS 200-886] Cannot meet target clock period in 'fadd' operation 32 bit ('add_5', ../task_detection_tpu/mlp_engine.cpp:220) (combination delay: 12.653 ns) to honor II constraint (II=1) in region 'loop 'VITIS_LOOP_211_4''.
Resolution: For help on HLS 200-886 see docs.amd.com/access/sources/dita/topic?Doc_Version=2025.2%20English&url=ug1448-hls-guidance&resourceid=200-886.html
WARNING: [HLS 200-886] Cannot meet target clock period in 'fadd' operation 32 bit ('add_6', ../task_detection_tpu/mlp_engine.cpp:220) (combination delay: 12.653 ns) to honor II constraint (II=1) in region 'loop 'VITIS_LOOP_211_4''.
Resolution: For help on HLS 200-886 see docs.amd.com/access/sources/dita/topic?Doc_Version=2025.2%20English&url=ug1448-hls-guidance&resourceid=200-886.html
WARNING: [HLS 200-886] Cannot meet target clock period in 'fadd' operation 32 bit ('add_7', ../task_detection_tpu/mlp_engine.cpp:220) (combination delay: 12.653 ns) to honor II constraint (II=1) in region 'loop 'VITIS_LOOP_211_4''.
Resolution: For help on HLS 200-886 see docs.amd.com/access/sources/dita/topic?Doc_Version=2025.2%20English&url=ug1448-hls-guidance&resourceid=200-886.html
WARNING: [HLS 200-886] Cannot meet target clock period in 'fadd' operation 32 bit ('add_8', ../task_detection_tpu/mlp_engine.cpp:220) (combination delay: 12.653 ns) to honor II constraint (II=1) in region 'loop 'VITIS_LOOP_211_4''.
Resolution: For help on HLS 200-886 see docs.amd.com/access/sources/dita/topic?Doc_Version=2025.2%20English&url=ug1448-hls-guidance&resourceid=200-886.html
WARNING: [HLS 200-886] Cannot meet target clock period in 'fadd' operation 32 bit ('add_9', ../task_detection_tpu/mlp_engine.cpp:220) (combination delay: 12.653 ns) to honor II constraint (II=1) in region 'loop 'VITIS_LOOP_211_4''.
Resolution: For help on HLS 200-886 see docs.amd.com/access/sources/dita/topic?Doc_Version=2025.2%20English&url=ug1448-hls-guidance&resourceid=200-886.html
WARNING: [HLS 200-886] Cannot meet target clock period in 'fadd' operation 32 bit ('add_s', ../task_detection_tpu/mlp_engine.cpp:220) (combination delay: 12.653 ns) to honor II constraint (II=1) in region 'loop 'VITIS_LOOP_211_4''.
Resolution: For help on HLS 200-886 see docs.amd.com/access/sources/dita/topic?Doc_Version=2025.2%20English&url=ug1448-hls-guidance&resourceid=200-886.html
WARNING: [HLS 200-886] Cannot meet target clock period in 'fadd' operation 32 bit ('add_10', ../task_detection_tpu/mlp_engine.cpp:220) (combination delay: 12.653 ns) to honor II constraint (II=1) in region 'loop 'VITIS_LOOP_211_4''.
Resolution: For help on HLS 200-886 see docs.amd.com/access/sources/dita/topic?Doc_Version=2025.2%20English&url=ug1448-hls-guidance&resourceid=200-886.html
WARNING: [HLS 200-886] Cannot meet target clock period in 'fadd' operation 32 bit ('add_11', ../task_detection_tpu/mlp_engine.cpp:220) (combination delay: 12.653 ns) to honor II constraint (II=1) in region 'loop 'VITIS_LOOP_211_4''.
Resolution: For help on HLS 200-886 see docs.amd.com/access/sources/dita/topic?Doc_Version=2025.2%20English&url=ug1448-hls-guidance&resourceid=200-886.html
WARNING: [HLS 200-886] Cannot meet target clock period in 'fadd' operation 32 bit ('add_12', ../task_detection_tpu/mlp_engine.cpp:220) (combination delay: 12.653 ns) to honor II constraint (II=1) in region 'loop 'VITIS_LOOP_211_4''.
Resolution: For help on HLS 200-886 see docs.amd.com/access/sources/dita/topic?Doc_Version=2025.2%20English&url=ug1448-hls-guidance&resourceid=200-886.html
WARNING: [HLS 200-886] Cannot meet target clock period in 'fadd' operation 32 bit ('add_13', ../task_detection_tpu/mlp_engine.cpp:220) (combination delay: 12.653 ns) to honor II constraint (II=1) in region 'loop 'VITIS_LOOP_211_4''.
Resolution: For help on HLS 200-886 see docs.amd.com/access/sources/dita/topic?Doc_Version=2025.2%20English&url=ug1448-hls-guidance&resourceid=200-886.html
WARNING: [HLS 200-886] Cannot meet target clock period in 'fadd' operation 32 bit ('add_14', ../task_detection_tpu/mlp_engine.cpp:220) (combination delay: 12.653 ns) to honor II constraint (II=1) in region 'loop 'VITIS_LOOP_211_4''.
Resolution: For help on HLS 200-886 see docs.amd.com/access/sources/dita/topic?Doc_Version=2025.2%20English&url=ug1448-hls-guidance&resourceid=200-886.html
WARNING: [HLS 200-887] Cannot meet target clock period from 'fadd' operation 32 bit ('add_10', ../task_detection_tpu/mlp_engine.cpp:220) to 'store' operation ('empty_16_write_ln220', ../task_detection_tpu/mlp_engine.cpp:220) of variable 'add_10', ../task_detection_tpu/mlp_engine.cpp:220 32 bit on local variable 'empty_16' (combination delay: 13.486 ns) to honor II or Latency constraint in region 'VITIS_LOOP_211_4'.
Resolution: For help on HLS 200-887 see docs.amd.com/access/sources/dita/topic?Doc_Version=2025.2%20English&url=ug1448-hls-guidance&resourceid=200-887.html
INFO: [HLS 200-1470] Pipelining result : Target II = 1, Final II = 1, Depth = 6, loop 'VITIS_LOOP_211_4'
WARNING: [HLS 200-871] Estimated clock period (26.139 ns) exceeds the target (target clock period: 10.000 ns, clock uncertainty: 2.700 ns, effective delay budget: 7.300 ns).
Resolution: For help on HLS 200-871 see docs.amd.com/access/sources/dita/topic?Doc_Version=2025.2%20English&url=ug1448-hls-guidance&resourceid=200-871.html
WARNING: [HLS 200-1016] The critical path in module 'linear_180_16_Pipeline_VITIS_LOOP_211_4' consists of the following:
	'fadd' operation 32 bit ('add', ../task_detection_tpu/mlp_engine.cpp:220) [102]  (12.653 ns)
	'store' operation ('empty_write_ln220', ../task_detection_tpu/mlp_engine.cpp:220) of variable 'add', ../task_detection_tpu/mlp_engine.cpp:220 32 bit on local variable 'empty' [179]  (0.833 ns)
	'load' operation 32 bit ('p_load45', ../task_detection_tpu/mlp_engine.cpp:220) on local variable 'empty' [76]  (0.000 ns)
	'fadd' operation 32 bit ('add', ../task_detection_tpu/mlp_engine.cpp:220) [102]  (12.653 ns)

Resolution: For help on HLS 200-1016 see docs.amd.com/access/sources/dita/topic?Doc_Version=2025.2%20English&url=ug1448-hls-guidance&resourceid=200-1016.html
INFO: [SCHED 204-11] Finished scheduling.
INFO: [HLS 200-111] Finished Scheduling: CPU user time: 0.21 seconds. CPU system time: 0.01 seconds. Elapsed time: 0.35 seconds; current allocated memory: 310.227 MB.
INFO: [BIND 205-100] Starting micro-architecture generation ...
INFO: [BIND 205-101] Performing variable lifetime analysis.
INFO: [BIND 205-101] Exploring resource sharing.
INFO: [BIND 205-101] Binding ...
INFO: [BIND 205-100] Finished micro-architecture generation.
INFO: [HLS 200-111] Finished Binding: CPU user time: 0.07 seconds. CPU system time: 0 seconds. Elapsed time: 0.13 seconds; current allocated memory: 310.227 MB.
INFO: [HLS 200-10] ----------------------------------------------------------------
INFO: [HLS 200-42] -- Implementing module 'linear_180_16' 
INFO: [HLS 200-10] ----------------------------------------------------------------
INFO: [SCHED 204-11] Starting scheduling ...
INFO: [SCHED 204-11] Finished scheduling.
INFO: [HLS 200-111] Finished Scheduling: CPU user time: 0.08 seconds. CPU system time: 0.01 seconds. Elapsed time: 0.14 seconds; current allocated memory: 310.320 MB.
INFO: [BIND 205-100] Starting micro-architecture generation ...
INFO: [BIND 205-101] Performing variable lifetime analysis.
INFO: [BIND 205-101] Exploring resource sharing.
INFO: [BIND 205-101] Binding ...
INFO: [BIND 205-100] Finished micro-architecture generation.
INFO: [HLS 200-111] Finished Binding: CPU user time: 0.05 seconds. CPU system time: 0 seconds. Elapsed time: 0.1 seconds; current allocated memory: 310.320 MB.
INFO: [HLS 200-10] ----------------------------------------------------------------
INFO: [HLS 200-10] -- Generating RTL for module 'linear_180_16_Pipeline_VITIS_LOOP_190_1_VITIS_LOOP_192_2' 
INFO: [HLS 200-10] ----------------------------------------------------------------
INFO: [RTGEN 206-100] Finished creating RTL model for 'linear_180_16_Pipeline_VITIS_LOOP_190_1_VITIS_LOOP_192_2'.
INFO: [HLS 200-111] Finished Creating RTL model: CPU user time: 0.07 seconds. CPU system time: 0.01 seconds. Elapsed time: 0.14 seconds; current allocated memory: 310.320 MB.
INFO: [HLS 200-10] ----------------------------------------------------------------
INFO: [HLS 200-10] -- Generating RTL for module 'linear_180_16_Pipeline_VITIS_LOOP_211_4' 
INFO: [HLS 200-10] ----------------------------------------------------------------
INFO: [HLS 200-1030] Apply Unified Pipeline Control on module 'linear_180_16_Pipeline_VITIS_LOOP_211_4' pipeline 'VITIS_LOOP_211_4' pipeline type 'loop pipeline'
INFO: [RTGEN 206-100] Generating core module 'fadd_32ns_32ns_32_2_full_dsp_1': 16 instance(s).
INFO: [RTGEN 206-100] Generating core module 'fmul_32ns_32ns_32_3_max_dsp_1': 16 instance(s).
INFO: [RTGEN 206-100] Finished creating RTL model for 'linear_180_16_Pipeline_VITIS_LOOP_211_4'.
INFO: [HLS 200-111] Finished Creating RTL model: CPU user time: 0.22 seconds. CPU system time: 0.01 seconds. Elapsed time: 0.36 seconds; current allocated memory: 313.848 MB.
INFO: [HLS 200-10] ----------------------------------------------------------------
INFO: [HLS 200-10] -- Generating RTL for module 'linear_180_16' 
INFO: [HLS 200-10] ----------------------------------------------------------------
INFO: [RTGEN 206-500] Setting interface mode on port 'linear_180_16/input_r' to 'ap_memory'.
INFO: [RTGEN 206-500] Setting interface mode on port 'linear_180_16/output_r' to 'ap_memory'.
INFO: [RTGEN 206-500] Setting interface mode on function 'linear_180_16' to 'ap_ctrl_hs'.
WARNING: [RTGEN 206-101] Register 'initialized' is power-on initialization.
INFO: [RTGEN 206-100] Finished creating RTL model for 'linear_180_16'.
INFO: [RTMG 210-278] Implementing memory 'linear_180_16_linear_180_16_float_float_weights_RAM_AUTO_1R1W' using auto RAMs.
INFO: [HLS 200-111] Finished Creating RTL model: CPU user time: 0.25 seconds. CPU system time: 0.02 seconds. Elapsed time: 0.35 seconds; current allocated memory: 318.590 MB.
INFO: [HLS 200-111] Finished Generating all RTL models: CPU user time: 0.44 seconds. CPU system time: 0.04 seconds. Elapsed time: 0.56 seconds; current allocated memory: 322.977 MB.
INFO: [HLS 200-2225] Wrote inferred directives to file /home/dlohchab/projects/Verilog/DVCON/task_detection_tpu/tpu_tile_experiment/linear_180_16/hls/syn/inferred_directives.ini
INFO: [HLS 200-111] Finished Updating report files: CPU user time: 0.83 seconds. CPU system time: 0.14 seconds. Elapsed time: 1.12 seconds; current allocated memory: 326.082 MB.
INFO: [VHDL 208-304] Generating VHDL RTL for linear_180_16.
INFO: [VLOG 209-307] Generating Verilog RTL for linear_180_16.
INFO: [HLS 200-790] **** Loop Constraint Status: All loop constraints were satisfied.
INFO: [HLS 200-789] **** Estimated Fmax: 38.26 MHz
INFO: [HLS 200-112] Total CPU user time: 11.71 seconds. Total CPU system time: 2.24 seconds. Total elapsed time: 23.72 seconds; peak allocated memory: 326.082 MB.
INFO: [v++ 60-791] Total elapsed time: 0h 0m 35s
