Mon Jun 15 16:41:37 2026: Running xcd server. This server was built by gradle.
Mon Jun 15 16:41:37 2026: Server was asked to start on port: '37801'
Mon Jun 15 16:41:37 2026: Server is using token UUID: 'd570bc93-fcde-414a-8be1-89de32361f37'
Mon Jun 15 16:41:37 2026: SESSION_MGR: creating session with session uuid: '6d04a3e9-ade5-4ab9-8d63-1f78fcd2ec76' and name 'default'
Mon Jun 15 16:41:37 2026: Attempting to start server on port '37801'
Mon Jun 15 16:41:37 2026: XCD main fifo: created main fifo '/tmp/xcdmaind570bc93-fcde-414a-8be1-89de32361f37', fd read = 12
Mon Jun 15 16:41:37 2026: Running Dispatch Server
Mon Jun 15 16:41:37 2026: Version 2.2.0
Mon Jun 15 16:41:42 2026: Dispatch Server: Accepted socket connection from client
Mon Jun 15 16:41:42 2026: Starting Socket connection
Mon Jun 15 16:41:42 2026: EXCHANGE_TOKEN received, server token: d570bc93-fcde-414a-8be1-89de32361f37, passed token: d570bc93-fcde-414a-8be1-89de32361f37
Mon Jun 15 16:41:42 2026: DISPATCH_HANDLER: Adding handler from function makeHandler in library libxv_system_diagram
Mon Jun 15 16:41:42 2026: SESSION_MGR: creating session with session uuid: '9b5368f5-70b9-43ce-bc1b-f4ab85bee87f' and name 'vitis-run_compile_linear_180_16'
Mon Jun 15 16:41:42 2026: KERNEL_SVC: creating session with uuid: '9b5368f5-70b9-43ce-bc1b-f4ab85bee87f' and name 'vitis-run_compile_linear_180_16'
Mon Jun 15 16:41:42 2026: GUIDANCE_SMGR: creating guidance session with uuid: '9b5368f5-70b9-43ce-bc1b-f4ab85bee87f' and name 'vitis-run_compile_linear_180_16'
Mon Jun 15 16:41:42 2026: SYSTEM_DIAGRAM: creating session with uuid: '9b5368f5-70b9-43ce-bc1b-f4ab85bee87f' and name 'vitis-run_compile_linear_180_16'
Mon Jun 15 16:41:51 2026: Dispatch Server: Accepted socket connection from client
Mon Jun 15 16:41:51 2026: Starting Socket connection
Mon Jun 15 16:41:54 2026: SESSION_MGR: closing session for UUID '9b5368f5-70b9-43ce-bc1b-f4ab85bee87f' with name 'vitis-run_compile_linear_180_16'
Mon Jun 15 16:41:54 2026: KERNEL_SVC: closing session for UUID '9b5368f5-70b9-43ce-bc1b-f4ab85bee87f' with name 'vitis-run_compile_linear_180_16'
Mon Jun 15 16:41:54 2026: GUIDANCE_SMGR: closing session for UUID '9b5368f5-70b9-43ce-bc1b-f4ab85bee87f' with name 'vitis-run_compile_linear_180_16'
Mon Jun 15 16:41:54 2026: SYSTEM_DIAGRAM: closing session for UUID '9b5368f5-70b9-43ce-bc1b-f4ab85bee87f' with name 'vitis-run_compile_linear_180_16'
Mon Jun 15 16:41:54 2026: STOP_SERVER received, server token: d570bc93-fcde-414a-8be1-89de32361f37, passed token: d570bc93-fcde-414a-8be1-89de32361f37
Mon Jun 15 16:41:54 2026: Socket received request to stop server.
Mon Jun 15 16:41:54 2026: Dispatch Server: do_await_stop
Mon Jun 15 16:41:54 2026: Dispatch Server: stopping mainFifo_
Mon Jun 15 16:41:54 2026: XCD main fifo: Stopping
Mon Jun 15 16:41:54 2026: XCD main fifo: do_read error code: Operation canceled
Mon Jun 15 16:41:54 2026: XCD main fifo: bytes_transferred: 0
Mon Jun 15 16:41:54 2026: SERVER: destructor for server bound to port 37801
Mon Jun 15 16:41:54 2026: XCD main fifo: Good unlink of /tmp/xcdmaind570bc93-fcde-414a-8be1-89de32361f37
Mon Jun 15 16:41:54 2026: Server exiting with status 0.
Mon Jun 15 16:41:54 2026: Closing log file.
Mon Jun 15 16:42:09 2026: Running xcd server. This server was built by gradle.
Mon Jun 15 16:42:09 2026: Server was asked to start on port: '41921'
Mon Jun 15 16:42:09 2026: Server is using token UUID: '10671e30-842a-430e-ab32-36ded1ed03ca'
Mon Jun 15 16:42:09 2026: SESSION_MGR: creating session with session uuid: '6d04a3e9-ade5-4ab9-8d63-1f78fcd2ec76' and name 'default'
Mon Jun 15 16:42:09 2026: Attempting to start server on port '41921'
Mon Jun 15 16:42:09 2026: XCD main fifo: created main fifo '/tmp/xcdmain10671e30-842a-430e-ab32-36ded1ed03ca', fd read = 13
Mon Jun 15 16:42:09 2026: Running Dispatch Server
Mon Jun 15 16:42:09 2026: Version 2.2.0
Mon Jun 15 16:42:13 2026: Dispatch Server: Accepted socket connection from client
Mon Jun 15 16:42:13 2026: Starting Socket connection
Mon Jun 15 16:42:13 2026: EXCHANGE_TOKEN received, server token: 10671e30-842a-430e-ab32-36ded1ed03ca, passed token: 10671e30-842a-430e-ab32-36ded1ed03ca
Mon Jun 15 16:42:14 2026: DISPATCH_HANDLER: Adding handler from function makeHandler in library libxv_system_diagram
Mon Jun 15 16:42:14 2026: SESSION_MGR: creating session with session uuid: 'e5c7f2e0-6f1d-44f3-9d41-21d576facfd3' and name 'v++_compile_linear_180_16'
Mon Jun 15 16:42:14 2026: KERNEL_SVC: creating session with uuid: 'e5c7f2e0-6f1d-44f3-9d41-21d576facfd3' and name 'v++_compile_linear_180_16'
Mon Jun 15 16:42:14 2026: GUIDANCE_SMGR: creating guidance session with uuid: 'e5c7f2e0-6f1d-44f3-9d41-21d576facfd3' and name 'v++_compile_linear_180_16'
Mon Jun 15 16:42:14 2026: SYSTEM_DIAGRAM: creating session with uuid: 'e5c7f2e0-6f1d-44f3-9d41-21d576facfd3' and name 'v++_compile_linear_180_16'
Mon Jun 15 16:42:21 2026: Dispatch Server: Accepted socket connection from client
Mon Jun 15 16:42:21 2026: Starting Socket connection
Mon Jun 15 16:42:41 2026: SESSION_MGR: closing session for UUID 'e5c7f2e0-6f1d-44f3-9d41-21d576facfd3' with name 'v++_compile_linear_180_16'
Mon Jun 15 16:42:41 2026: KERNEL_SVC: closing session for UUID 'e5c7f2e0-6f1d-44f3-9d41-21d576facfd3' with name 'v++_compile_linear_180_16'
Mon Jun 15 16:42:41 2026: GUIDANCE_SMGR: closing session for UUID 'e5c7f2e0-6f1d-44f3-9d41-21d576facfd3' with name 'v++_compile_linear_180_16'
Mon Jun 15 16:42:41 2026: SYSTEM_DIAGRAM: closing session for UUID 'e5c7f2e0-6f1d-44f3-9d41-21d576facfd3' with name 'v++_compile_linear_180_16'
Mon Jun 15 16:42:41 2026: STOP_SERVER received, server token: 10671e30-842a-430e-ab32-36ded1ed03ca, passed token: 10671e30-842a-430e-ab32-36ded1ed03ca
Mon Jun 15 16:42:41 2026: Socket received request to stop server.
Mon Jun 15 16:42:41 2026: Dispatch Server: do_await_stop
Mon Jun 15 16:42:41 2026: Dispatch Server: stopping mainFifo_
Mon Jun 15 16:42:41 2026: XCD main fifo: Stopping
Mon Jun 15 16:42:41 2026: XCD main fifo: do_read error code: Operation canceled
Mon Jun 15 16:42:41 2026: XCD main fifo: bytes_transferred: 0
Mon Jun 15 16:42:41 2026: SERVER: destructor for server bound to port 41921
Mon Jun 15 16:42:41 2026: XCD main fifo: Good unlink of /tmp/xcdmain10671e30-842a-430e-ab32-36ded1ed03ca
Mon Jun 15 16:42:41 2026: Server exiting with status 0.
Mon Jun 15 16:42:41 2026: Closing log file.
