In file included from /home/dlohchab/projects/Verilog/DVCON/task_detection_tpu/yolo_npu/yolo_npu_v2.cpp:1:
In file included from /home/dlohchab/projects/Verilog/DVCON/task_detection_tpu/yolo_npu/yolo_npu_v2.h:4:
In file included from /home/dlohchab/Xilinx/2025.2/Vitis/include/ap_fixed.h:9:
In file included from /home/dlohchab/Xilinx/2025.2/Vitis/include/etc/ap_common.h:668:
In file included from /home/dlohchab/Xilinx/2025.2/Vitis/include/etc/ap_private.h:68:
In file included from /home/dlohchab/Xilinx/2025.2/Vitis/include/hls_half.h:26:
In file included from /home/dlohchab/Xilinx/2025.2/Vitis/include/etc/hls_half_fpo.h:19:
In file included from /home/dlohchab/Xilinx/2025.2/Vitis/include/hls_fpo.h:140:
In file included from /home/dlohchab/Xilinx/2025.2/Vitis/include/floating_point_v7_1_bitacc_cmodel.h:150:
/home/dlohchab/Xilinx/2025.2/Vitis/include/gmp.h:2304:345: warning: equality comparison with extraneous parentheses [-Wparentheses-equality]
  do { mp_size_t __gmp_i; mp_limb_t __gmp_x; __gmp_i = (__gmp_ysize); if (__gmp_i != 0) { if (__gmpn_add_n (__gmp_wp, __gmp_xp, __gmp_yp, __gmp_i)) { do { if (__gmp_i >= (__gmp_xsize)) { (__gmp_c) = 1; goto __gmp_done; } __gmp_x = (__gmp_xp)[__gmp_i]; } while ((((__gmp_wp)[__gmp_i++] = (__gmp_x + 1) & ((~ (static_cast<mp_limb_t> (0))) >> 0)) == 0)); } } if ((__gmp_wp) != (__gmp_xp)) do { mp_size_t __gmp_j; for (__gmp_j = (__gmp_i); __gmp_j < (__gmp_xsize); __gmp_j++) (__gmp_wp)[__gmp_j] = (__gmp_xp)[__gmp_j]; } while (0); (__gmp_c) = 0; __gmp_done: ; } while (0);
                                                                                                                                                                                                                                                                      ~~~~~~~~~~~~~~~~~~~~~~~~~~~~~~~~~~~~~~~~~~~~~~~~~~~~~~~~~~~~~~~~~~~~~~~~~~~~~~~~~~^~~~
/home/dlohchab/Xilinx/2025.2/Vitis/include/gmp.h:2304:345: note: remove extraneous parentheses around the comparison to silence this warning
  do { mp_size_t __gmp_i; mp_limb_t __gmp_x; __gmp_i = (__gmp_ysize); if (__gmp_i != 0) { if (__gmpn_add_n (__gmp_wp, __gmp_xp, __gmp_yp, __gmp_i)) { do { if (__gmp_i >= (__gmp_xsize)) { (__gmp_c) = 1; goto __gmp_done; } __gmp_x = (__gmp_xp)[__gmp_i]; } while ((((__gmp_wp)[__gmp_i++] = (__gmp_x + 1) & ((~ (static_cast<mp_limb_t> (0))) >> 0)) == 0)); } } if ((__gmp_wp) != (__gmp_xp)) do { mp_size_t __gmp_j; for (__gmp_j = (__gmp_i); __gmp_j < (__gmp_xsize); __gmp_j++) (__gmp_wp)[__gmp_j] = (__gmp_xp)[__gmp_j]; } while (0); (__gmp_c) = 0; __gmp_done: ; } while (0);
                                                                                                                                                                                                                                                                     ~                                                                                  ^   ~
/home/dlohchab/Xilinx/2025.2/Vitis/include/gmp.h:2304:345: note: use '=' to turn this equality comparison into an assignment
  do { mp_size_t __gmp_i; mp_limb_t __gmp_x; __gmp_i = (__gmp_ysize); if (__gmp_i != 0) { if (__gmpn_add_n (__gmp_wp, __gmp_xp, __gmp_yp, __gmp_i)) { do { if (__gmp_i >= (__gmp_xsize)) { (__gmp_c) = 1; goto __gmp_done; } __gmp_x = (__gmp_xp)[__gmp_i]; } while ((((__gmp_wp)[__gmp_i++] = (__gmp_x + 1) & ((~ (static_cast<mp_limb_t> (0))) >> 0)) == 0)); } } if ((__gmp_wp) != (__gmp_xp)) do { mp_size_t __gmp_j; for (__gmp_j = (__gmp_i); __gmp_j < (__gmp_xsize); __gmp_j++) (__gmp_wp)[__gmp_j] = (__gmp_xp)[__gmp_j]; } while (0); (__gmp_c) = 0; __gmp_done: ; } while (0);
                                                                                                                                                                                                                                                                                                                                                        ^~
                                                                                                                                                                                                                                                                                                                                                        =
In file included from /home/dlohchab/projects/Verilog/DVCON/task_detection_tpu/yolo_npu/yolo_npu_v2.cpp:1:
In file included from /home/dlohchab/projects/Verilog/DVCON/task_detection_tpu/yolo_npu/yolo_npu_v2.h:4:
In file included from /home/dlohchab/Xilinx/2025.2/Vitis/include/ap_fixed.h:9:
In file included from /home/dlohchab/Xilinx/2025.2/Vitis/include/etc/ap_common.h:668:
In file included from /home/dlohchab/Xilinx/2025.2/Vitis/include/etc/ap_private.h:68:
In file included from /home/dlohchab/Xilinx/2025.2/Vitis/include/hls_half.h:26:
/home/dlohchab/Xilinx/2025.2/Vitis/include/etc/hls_half_fpo.h:375:30: warning: equality comparison with extraneous parentheses [-Wparentheses-equality]
        if (((fr)->_mpfr_exp == (0 - ((mpfr_exp_t) (((mpfr_uexp_t) -1) >> 1))))) {
             ~~~~~~~~~~~~~~~~^~~~~~~~~~~~~~~~~~~~~~~~~~~~~~~~~~~~~~~~~~~~~~~~~
/home/dlohchab/Xilinx/2025.2/Vitis/include/etc/hls_half_fpo.h:375:30: note: remove extraneous parentheses around the comparison to silence this warning
        if (((fr)->_mpfr_exp == (0 - ((mpfr_exp_t) (((mpfr_uexp_t) -1) >> 1))))) {
            ~                ^                                                ~
/home/dlohchab/Xilinx/2025.2/Vitis/include/etc/hls_half_fpo.h:375:30: note: use '=' to turn this equality comparison into an assignment
        if (((fr)->_mpfr_exp == (0 - ((mpfr_exp_t) (((mpfr_uexp_t) -1) >> 1))))) {
                             ^~
                             =
/home/dlohchab/Xilinx/2025.2/Vitis/include/etc/hls_half_fpo.h:377:37: warning: equality comparison with extraneous parentheses [-Wparentheses-equality]
        } else if (((fr)->_mpfr_exp == (2 - ((mpfr_exp_t) (((mpfr_uexp_t) -1) >> 1))))) {
                    ~~~~~~~~~~~~~~~~^~~~~~~~~~~~~~~~~~~~~~~~~~~~~~~~~~~~~~~~~~~~~~~~~
/home/dlohchab/Xilinx/2025.2/Vitis/include/etc/hls_half_fpo.h:377:37: note: remove extraneous parentheses around the comparison to silence this warning
        } else if (((fr)->_mpfr_exp == (2 - ((mpfr_exp_t) (((mpfr_uexp_t) -1) >> 1))))) {
                   ~                ^                                                ~
/home/dlohchab/Xilinx/2025.2/Vitis/include/etc/hls_half_fpo.h:377:37: note: use '=' to turn this equality comparison into an assignment
        } else if (((fr)->_mpfr_exp == (2 - ((mpfr_exp_t) (((mpfr_uexp_t) -1) >> 1))))) {
                                    ^~
                                    =
/home/dlohchab/Xilinx/2025.2/Vitis/include/etc/hls_half_fpo.h:379:37: warning: equality comparison with extraneous parentheses [-Wparentheses-equality]
        } else if (((fr)->_mpfr_exp == (1 - ((mpfr_exp_t) (((mpfr_uexp_t) -1) >> 1))))) {
                    ~~~~~~~~~~~~~~~~^~~~~~~~~~~~~~~~~~~~~~~~~~~~~~~~~~~~~~~~~~~~~~~~~
/home/dlohchab/Xilinx/2025.2/Vitis/include/etc/hls_half_fpo.h:379:37: note: remove extraneous parentheses around the comparison to silence this warning
        } else if (((fr)->_mpfr_exp == (1 - ((mpfr_exp_t) (((mpfr_uexp_t) -1) >> 1))))) {
                   ~                ^                                                ~
/home/dlohchab/Xilinx/2025.2/Vitis/include/etc/hls_half_fpo.h:379:37: note: use '=' to turn this equality comparison into an assignment
        } else if (((fr)->_mpfr_exp == (1 - ((mpfr_exp_t) (((mpfr_uexp_t) -1) >> 1))))) {
                                    ^~
                                    =
In file included from /home/dlohchab/projects/Verilog/DVCON/task_detection_tpu/yolo_npu/yolo_npu_v2.cpp:1:
In file included from /home/dlohchab/projects/Verilog/DVCON/task_detection_tpu/yolo_npu/yolo_npu_v2.h:4:
In file included from /home/dlohchab/Xilinx/2025.2/Vitis/include/ap_fixed.h:10:
In file included from /home/dlohchab/Xilinx/2025.2/Vitis/include/etc/ap_fixed_base.h:16:
In file included from /home/dlohchab/Xilinx/2025.2/Vitis/include/ap_int.h:11:
/home/dlohchab/Xilinx/2025.2/Vitis/include/etc/ap_int_base.h:394:22: warning: equality comparison with extraneous parentheses [-Wparentheses-equality]
    do { if ((length == 0)) { fprintf(stderr, "WARNING: " "ap_int<> is being initialized with an empty C string, which can result in undefined behavior during simulation/synthesis"); fprintf(stderr, "\n"); } } while (0);
              ~~~~~~~^~~~
/home/dlohchab/Xilinx/2025.2/Vitis/include/etc/ap_int_base.h:394:22: note: remove extraneous parentheses around the comparison to silence this warning
    do { if ((length == 0)) { fprintf(stderr, "WARNING: " "ap_int<> is being initialized with an empty C string, which can result in undefined behavior during simulation/synthesis"); fprintf(stderr, "\n"); } } while (0);
             ~       ^   ~
/home/dlohchab/Xilinx/2025.2/Vitis/include/etc/ap_int_base.h:394:22: note: use '=' to turn this equality comparison into an assignment
    do { if ((length == 0)) { fprintf(stderr, "WARNING: " "ap_int<> is being initialized with an empty C string, which can result in undefined behavior during simulation/synthesis"); fprintf(stderr, "\n"); } } while (0);
                     ^~
                     =
In file included from /home/dlohchab/projects/Verilog/DVCON/task_detection_tpu/yolo_npu/yolo_npu_v2.cpp:1:
In file included from /home/dlohchab/projects/Verilog/DVCON/task_detection_tpu/yolo_npu/yolo_npu_v2.h:4:
In file included from /home/dlohchab/Xilinx/2025.2/Vitis/include/ap_fixed.h:10:
/home/dlohchab/Xilinx/2025.2/Vitis/include/etc/ap_fixed_base.h:447:21: warning: equality comparison with extraneous parentheses [-Wparentheses-equality]
    do { if ((radix == 0)) { fprintf(stderr, "ERROR: " "ap_fixed_base(const char* \"%s\", %d), str=%s, radix = %d", s, rd, str.c_str(), radix); fprintf(stderr, "\n"); abort(); } } while (0);
              ~~~~~~^~~~
/home/dlohchab/Xilinx/2025.2/Vitis/include/etc/ap_fixed_base.h:447:21: note: remove extraneous parentheses around the comparison to silence this warning
    do { if ((radix == 0)) { fprintf(stderr, "ERROR: " "ap_fixed_base(const char* \"%s\", %d), str=%s, radix = %d", s, rd, str.c_str(), radix); fprintf(stderr, "\n"); abort(); } } while (0);
             ~      ^   ~
/home/dlohchab/Xilinx/2025.2/Vitis/include/etc/ap_fixed_base.h:447:21: note: use '=' to turn this equality comparison into an assignment
    do { if ((radix == 0)) { fprintf(stderr, "ERROR: " "ap_fixed_base(const char* \"%s\", %d), str=%s, radix = %d", s, rd, str.c_str(), radix); fprintf(stderr, "\n"); abort(); } } while (0);
                    ^~
                    =
6 warnings generated.
In file included from /home/dlohchab/projects/Verilog/DVCON/task_detection_tpu/yolo_npu/yolo_npu_v2_tb.cpp:2:
In file included from /home/dlohchab/projects/Verilog/DVCON/task_detection_tpu/yolo_npu/yolo_npu_v2.h:4:
In file included from /home/dlohchab/Xilinx/2025.2/Vitis/include/ap_fixed.h:9:
In file included from /home/dlohchab/Xilinx/2025.2/Vitis/include/etc/ap_common.h:668:
In file included from /home/dlohchab/Xilinx/2025.2/Vitis/include/etc/ap_private.h:68:
In file included from /home/dlohchab/Xilinx/2025.2/Vitis/include/hls_half.h:26:
In file included from /home/dlohchab/Xilinx/2025.2/Vitis/include/etc/hls_half_fpo.h:19:
In file included from /home/dlohchab/Xilinx/2025.2/Vitis/include/hls_fpo.h:140:
In file included from /home/dlohchab/Xilinx/2025.2/Vitis/include/floating_point_v7_1_bitacc_cmodel.h:150:
/home/dlohchab/Xilinx/2025.2/Vitis/include/gmp.h:2304:345: warning: equality comparison with extraneous parentheses [-Wparentheses-equality]
  do { mp_size_t __gmp_i; mp_limb_t __gmp_x; __gmp_i = (__gmp_ysize); if (__gmp_i != 0) { if (__gmpn_add_n (__gmp_wp, __gmp_xp, __gmp_yp, __gmp_i)) { do { if (__gmp_i >= (__gmp_xsize)) { (__gmp_c) = 1; goto __gmp_done; } __gmp_x = (__gmp_xp)[__gmp_i]; } while ((((__gmp_wp)[__gmp_i++] = (__gmp_x + 1) & ((~ (static_cast<mp_limb_t> (0))) >> 0)) == 0)); } } if ((__gmp_wp) != (__gmp_xp)) do { mp_size_t __gmp_j; for (__gmp_j = (__gmp_i); __gmp_j < (__gmp_xsize); __gmp_j++) (__gmp_wp)[__gmp_j] = (__gmp_xp)[__gmp_j]; } while (0); (__gmp_c) = 0; __gmp_done: ; } while (0);
                                                                                                                                                                                                                                                                      ~~~~~~~~~~~~~~~~~~~~~~~~~~~~~~~~~~~~~~~~~~~~~~~~~~~~~~~~~~~~~~~~~~~~~~~~~~~~~~~~~~^~~~
/home/dlohchab/Xilinx/2025.2/Vitis/include/gmp.h:2304:345: note: remove extraneous parentheses around the comparison to silence this warning
  do { mp_size_t __gmp_i; mp_limb_t __gmp_x; __gmp_i = (__gmp_ysize); if (__gmp_i != 0) { if (__gmpn_add_n (__gmp_wp, __gmp_xp, __gmp_yp, __gmp_i)) { do { if (__gmp_i >= (__gmp_xsize)) { (__gmp_c) = 1; goto __gmp_done; } __gmp_x = (__gmp_xp)[__gmp_i]; } while ((((__gmp_wp)[__gmp_i++] = (__gmp_x + 1) & ((~ (static_cast<mp_limb_t> (0))) >> 0)) == 0)); } } if ((__gmp_wp) != (__gmp_xp)) do { mp_size_t __gmp_j; for (__gmp_j = (__gmp_i); __gmp_j < (__gmp_xsize); __gmp_j++) (__gmp_wp)[__gmp_j] = (__gmp_xp)[__gmp_j]; } while (0); (__gmp_c) = 0; __gmp_done: ; } while (0);
                                                                                                                                                                                                                                                                     ~                                                                                  ^   ~
/home/dlohchab/Xilinx/2025.2/Vitis/include/gmp.h:2304:345: note: use '=' to turn this equality comparison into an assignment
  do { mp_size_t __gmp_i; mp_limb_t __gmp_x; __gmp_i = (__gmp_ysize); if (__gmp_i != 0) { if (__gmpn_add_n (__gmp_wp, __gmp_xp, __gmp_yp, __gmp_i)) { do { if (__gmp_i >= (__gmp_xsize)) { (__gmp_c) = 1; goto __gmp_done; } __gmp_x = (__gmp_xp)[__gmp_i]; } while ((((__gmp_wp)[__gmp_i++] = (__gmp_x + 1) & ((~ (static_cast<mp_limb_t> (0))) >> 0)) == 0)); } } if ((__gmp_wp) != (__gmp_xp)) do { mp_size_t __gmp_j; for (__gmp_j = (__gmp_i); __gmp_j < (__gmp_xsize); __gmp_j++) (__gmp_wp)[__gmp_j] = (__gmp_xp)[__gmp_j]; } while (0); (__gmp_c) = 0; __gmp_done: ; } while (0);
                                                                                                                                                                                                                                                                                                                                                        ^~
                                                                                                                                                                                                                                                                                                                                                        =
In file included from /home/dlohchab/projects/Verilog/DVCON/task_detection_tpu/yolo_npu/yolo_npu_v2_tb.cpp:2:
In file included from /home/dlohchab/projects/Verilog/DVCON/task_detection_tpu/yolo_npu/yolo_npu_v2.h:4:
In file included from /home/dlohchab/Xilinx/2025.2/Vitis/include/ap_fixed.h:9:
In file included from /home/dlohchab/Xilinx/2025.2/Vitis/include/etc/ap_common.h:668:
In file included from /home/dlohchab/Xilinx/2025.2/Vitis/include/etc/ap_private.h:68:
In file included from /home/dlohchab/Xilinx/2025.2/Vitis/include/hls_half.h:26:
/home/dlohchab/Xilinx/2025.2/Vitis/include/etc/hls_half_fpo.h:375:30: warning: equality comparison with extraneous parentheses [-Wparentheses-equality]
        if (((fr)->_mpfr_exp == (0 - ((mpfr_exp_t) (((mpfr_uexp_t) -1) >> 1))))) {
             ~~~~~~~~~~~~~~~~^~~~~~~~~~~~~~~~~~~~~~~~~~~~~~~~~~~~~~~~~~~~~~~~~
/home/dlohchab/Xilinx/2025.2/Vitis/include/etc/hls_half_fpo.h:375:30: note: remove extraneous parentheses around the comparison to silence this warning
        if (((fr)->_mpfr_exp == (0 - ((mpfr_exp_t) (((mpfr_uexp_t) -1) >> 1))))) {
            ~                ^                                                ~
/home/dlohchab/Xilinx/2025.2/Vitis/include/etc/hls_half_fpo.h:375:30: note: use '=' to turn this equality comparison into an assignment
        if (((fr)->_mpfr_exp == (0 - ((mpfr_exp_t) (((mpfr_uexp_t) -1) >> 1))))) {
                             ^~
                             =
/home/dlohchab/Xilinx/2025.2/Vitis/include/etc/hls_half_fpo.h:377:37: warning: equality comparison with extraneous parentheses [-Wparentheses-equality]
        } else if (((fr)->_mpfr_exp == (2 - ((mpfr_exp_t) (((mpfr_uexp_t) -1) >> 1))))) {
                    ~~~~~~~~~~~~~~~~^~~~~~~~~~~~~~~~~~~~~~~~~~~~~~~~~~~~~~~~~~~~~~~~~
/home/dlohchab/Xilinx/2025.2/Vitis/include/etc/hls_half_fpo.h:377:37: note: remove extraneous parentheses around the comparison to silence this warning
        } else if (((fr)->_mpfr_exp == (2 - ((mpfr_exp_t) (((mpfr_uexp_t) -1) >> 1))))) {
                   ~                ^                                                ~
/home/dlohchab/Xilinx/2025.2/Vitis/include/etc/hls_half_fpo.h:377:37: note: use '=' to turn this equality comparison into an assignment
        } else if (((fr)->_mpfr_exp == (2 - ((mpfr_exp_t) (((mpfr_uexp_t) -1) >> 1))))) {
                                    ^~
                                    =
/home/dlohchab/Xilinx/2025.2/Vitis/include/etc/hls_half_fpo.h:379:37: warning: equality comparison with extraneous parentheses [-Wparentheses-equality]
        } else if (((fr)->_mpfr_exp == (1 - ((mpfr_exp_t) (((mpfr_uexp_t) -1) >> 1))))) {
                    ~~~~~~~~~~~~~~~~^~~~~~~~~~~~~~~~~~~~~~~~~~~~~~~~~~~~~~~~~~~~~~~~~
/home/dlohchab/Xilinx/2025.2/Vitis/include/etc/hls_half_fpo.h:379:37: note: remove extraneous parentheses around the comparison to silence this warning
        } else if (((fr)->_mpfr_exp == (1 - ((mpfr_exp_t) (((mpfr_uexp_t) -1) >> 1))))) {
                   ~                ^                                                ~
/home/dlohchab/Xilinx/2025.2/Vitis/include/etc/hls_half_fpo.h:379:37: note: use '=' to turn this equality comparison into an assignment
        } else if (((fr)->_mpfr_exp == (1 - ((mpfr_exp_t) (((mpfr_uexp_t) -1) >> 1))))) {
                                    ^~
                                    =
In file included from /home/dlohchab/projects/Verilog/DVCON/task_detection_tpu/yolo_npu/yolo_npu_v2_tb.cpp:2:
In file included from /home/dlohchab/projects/Verilog/DVCON/task_detection_tpu/yolo_npu/yolo_npu_v2.h:4:
In file included from /home/dlohchab/Xilinx/2025.2/Vitis/include/ap_fixed.h:10:
In file included from /home/dlohchab/Xilinx/2025.2/Vitis/include/etc/ap_fixed_base.h:16:
In file included from /home/dlohchab/Xilinx/2025.2/Vitis/include/ap_int.h:11:
/home/dlohchab/Xilinx/2025.2/Vitis/include/etc/ap_int_base.h:394:22: warning: equality comparison with extraneous parentheses [-Wparentheses-equality]
    do { if ((length == 0)) { fprintf(stderr, "WARNING: " "ap_int<> is being initialized with an empty C string, which can result in undefined behavior during simulation/synthesis"); fprintf(stderr, "\n"); } } while (0);
              ~~~~~~~^~~~
/home/dlohchab/Xilinx/2025.2/Vitis/include/etc/ap_int_base.h:394:22: note: remove extraneous parentheses around the comparison to silence this warning
    do { if ((length == 0)) { fprintf(stderr, "WARNING: " "ap_int<> is being initialized with an empty C string, which can result in undefined behavior during simulation/synthesis"); fprintf(stderr, "\n"); } } while (0);
             ~       ^   ~
/home/dlohchab/Xilinx/2025.2/Vitis/include/etc/ap_int_base.h:394:22: note: use '=' to turn this equality comparison into an assignment
    do { if ((length == 0)) { fprintf(stderr, "WARNING: " "ap_int<> is being initialized with an empty C string, which can result in undefined behavior during simulation/synthesis"); fprintf(stderr, "\n"); } } while (0);
                     ^~
                     =
In file included from /home/dlohchab/projects/Verilog/DVCON/task_detection_tpu/yolo_npu/yolo_npu_v2_tb.cpp:2:
In file included from /home/dlohchab/projects/Verilog/DVCON/task_detection_tpu/yolo_npu/yolo_npu_v2.h:4:
In file included from /home/dlohchab/Xilinx/2025.2/Vitis/include/ap_fixed.h:10:
/home/dlohchab/Xilinx/2025.2/Vitis/include/etc/ap_fixed_base.h:447:21: warning: equality comparison with extraneous parentheses [-Wparentheses-equality]
    do { if ((radix == 0)) { fprintf(stderr, "ERROR: " "ap_fixed_base(const char* \"%s\", %d), str=%s, radix = %d", s, rd, str.c_str(), radix); fprintf(stderr, "\n"); abort(); } } while (0);
              ~~~~~~^~~~
/home/dlohchab/Xilinx/2025.2/Vitis/include/etc/ap_fixed_base.h:447:21: note: remove extraneous parentheses around the comparison to silence this warning
    do { if ((radix == 0)) { fprintf(stderr, "ERROR: " "ap_fixed_base(const char* \"%s\", %d), str=%s, radix = %d", s, rd, str.c_str(), radix); fprintf(stderr, "\n"); abort(); } } while (0);
             ~      ^   ~
/home/dlohchab/Xilinx/2025.2/Vitis/include/etc/ap_fixed_base.h:447:21: note: use '=' to turn this equality comparison into an assignment
    do { if ((radix == 0)) { fprintf(stderr, "ERROR: " "ap_fixed_base(const char* \"%s\", %d), str=%s, radix = %d", s, rd, str.c_str(), radix); fprintf(stderr, "\n"); abort(); } } while (0);
                    ^~
                    =
/home/dlohchab/projects/Verilog/DVCON/task_detection_tpu/yolo_npu/yolo_npu_v2_tb.cpp:16:31: error: use of undeclared identifier 'ddr_init_image'
    for(int i = 0; i < sizeof(ddr_init_image) / sizeof(float); i++) {
                              ^
/home/dlohchab/projects/Verilog/DVCON/task_detection_tpu/yolo_npu/yolo_npu_v2_tb.cpp:17:32: error: use of undeclared identifier 'ddr_init_image'
        ddr_ram[1000000 + i] = ddr_init_image[i];
                               ^
/home/dlohchab/projects/Verilog/DVCON/task_detection_tpu/yolo_npu/yolo_npu_v2_tb.cpp:23:24: error: use of undeclared identifier 'SCHEDULE_LENGTH'
    for(int i = 0; i < SCHEDULE_LENGTH; i++) {
                       ^
/home/dlohchab/projects/Verilog/DVCON/task_detection_tpu/yolo_npu/yolo_npu_v2_tb.cpp:27:35: error: use of undeclared identifier 'yolo_schedule'
        yolo_npu_v2_core(ddr_ram, yolo_schedule[i]);
                                  ^
6 warnings and 4 errors generated.
make: *** [cosim.tv.mk:90: obj/yolo_npu_v2_tb.cpp_pre.cpp.tb.o] Error 1
