Wed Jun 17 00:12:46 2026: Running xcd server. This server was built by gradle.
Wed Jun 17 00:12:46 2026: Server was asked to start on port: '46549'
Wed Jun 17 00:12:46 2026: Server is using token UUID: 'a1196cb3-19ab-412f-a891-547ca12f6790'
Wed Jun 17 00:12:46 2026: SESSION_MGR: creating session with session uuid: '6d04a3e9-ade5-4ab9-8d63-1f78fcd2ec76' and name 'default'
Wed Jun 17 00:12:46 2026: Attempting to start server on port '46549'
Wed Jun 17 00:12:46 2026: XCD main fifo: created main fifo '/tmp/xcdmaina1196cb3-19ab-412f-a891-547ca12f6790', fd read = 13
Wed Jun 17 00:12:46 2026: Running Dispatch Server
Wed Jun 17 00:12:46 2026: Version 2.2.0
Wed Jun 17 00:12:48 2026: Dispatch Server: Accepted socket connection from client
Wed Jun 17 00:12:48 2026: Starting Socket connection
Wed Jun 17 00:12:48 2026: EXCHANGE_TOKEN received, server token: a1196cb3-19ab-412f-a891-547ca12f6790, passed token: a1196cb3-19ab-412f-a891-547ca12f6790
Wed Jun 17 00:12:50 2026: DISPATCH_HANDLER: Adding handler from function makeHandler in library libxv_system_diagram
Wed Jun 17 00:12:50 2026: SESSION_MGR: creating session with session uuid: '5c10c6f8-b89a-4b24-a84b-47b6a119cfad' and name 'vitis-run_compile_yolo_backbone_2'
Wed Jun 17 00:12:50 2026: KERNEL_SVC: creating session with uuid: '5c10c6f8-b89a-4b24-a84b-47b6a119cfad' and name 'vitis-run_compile_yolo_backbone_2'
Wed Jun 17 00:12:50 2026: GUIDANCE_SMGR: creating guidance session with uuid: '5c10c6f8-b89a-4b24-a84b-47b6a119cfad' and name 'vitis-run_compile_yolo_backbone_2'
Wed Jun 17 00:12:50 2026: SYSTEM_DIAGRAM: creating session with uuid: '5c10c6f8-b89a-4b24-a84b-47b6a119cfad' and name 'vitis-run_compile_yolo_backbone_2'
Wed Jun 17 00:12:58 2026: Dispatch Server: Accepted socket connection from client
Wed Jun 17 00:12:58 2026: Starting Socket connection
Wed Jun 17 00:13:08 2026: SESSION_MGR: closing session for UUID '5c10c6f8-b89a-4b24-a84b-47b6a119cfad' with name 'vitis-run_compile_yolo_backbone_2'
Wed Jun 17 00:13:08 2026: KERNEL_SVC: closing session for UUID '5c10c6f8-b89a-4b24-a84b-47b6a119cfad' with name 'vitis-run_compile_yolo_backbone_2'
Wed Jun 17 00:13:08 2026: GUIDANCE_SMGR: closing session for UUID '5c10c6f8-b89a-4b24-a84b-47b6a119cfad' with name 'vitis-run_compile_yolo_backbone_2'
Wed Jun 17 00:13:08 2026: SYSTEM_DIAGRAM: closing session for UUID '5c10c6f8-b89a-4b24-a84b-47b6a119cfad' with name 'vitis-run_compile_yolo_backbone_2'
Wed Jun 17 00:13:08 2026: STOP_SERVER received, server token: a1196cb3-19ab-412f-a891-547ca12f6790, passed token: a1196cb3-19ab-412f-a891-547ca12f6790
Wed Jun 17 00:13:08 2026: Socket received request to stop server.
Wed Jun 17 00:13:08 2026: Dispatch Server: do_await_stop
Wed Jun 17 00:13:08 2026: Dispatch Server: stopping mainFifo_
Wed Jun 17 00:13:08 2026: XCD main fifo: Stopping
Wed Jun 17 00:13:08 2026: XCD main fifo: do_read error code: Operation canceled
Wed Jun 17 00:13:08 2026: XCD main fifo: bytes_transferred: 0
Wed Jun 17 00:13:08 2026: SERVER: destructor for server bound to port 46549
Wed Jun 17 00:13:08 2026: XCD main fifo: Good unlink of /tmp/xcdmaina1196cb3-19ab-412f-a891-547ca12f6790
Wed Jun 17 00:13:08 2026: Server exiting with status 0.
Wed Jun 17 00:13:08 2026: Closing log file.
Wed Jun 17 00:13:44 2026: Running xcd server. This server was built by gradle.
Wed Jun 17 00:13:44 2026: Server was asked to start on port: '33101'
Wed Jun 17 00:13:44 2026: Server is using token UUID: 'ccd9b5cd-5704-4b82-bf47-d22f2f3df503'
Wed Jun 17 00:13:44 2026: SESSION_MGR: creating session with session uuid: '6d04a3e9-ade5-4ab9-8d63-1f78fcd2ec76' and name 'default'
Wed Jun 17 00:13:44 2026: Attempting to start server on port '33101'
Wed Jun 17 00:13:44 2026: XCD main fifo: created main fifo '/tmp/xcdmainccd9b5cd-5704-4b82-bf47-d22f2f3df503', fd read = 13
Wed Jun 17 00:13:44 2026: Running Dispatch Server
Wed Jun 17 00:13:44 2026: Version 2.2.0
Wed Jun 17 00:13:48 2026: Dispatch Server: Accepted socket connection from client
Wed Jun 17 00:13:48 2026: Starting Socket connection
Wed Jun 17 00:13:48 2026: EXCHANGE_TOKEN received, server token: ccd9b5cd-5704-4b82-bf47-d22f2f3df503, passed token: ccd9b5cd-5704-4b82-bf47-d22f2f3df503
Wed Jun 17 00:13:49 2026: DISPATCH_HANDLER: Adding handler from function makeHandler in library libxv_system_diagram
Wed Jun 17 00:13:49 2026: SESSION_MGR: creating session with session uuid: 'a8377ce3-238f-4bee-85bc-10eb81d227f1' and name 'v++_compile_yolo_backbone_2'
Wed Jun 17 00:13:49 2026: KERNEL_SVC: creating session with uuid: 'a8377ce3-238f-4bee-85bc-10eb81d227f1' and name 'v++_compile_yolo_backbone_2'
Wed Jun 17 00:13:49 2026: GUIDANCE_SMGR: creating guidance session with uuid: 'a8377ce3-238f-4bee-85bc-10eb81d227f1' and name 'v++_compile_yolo_backbone_2'
Wed Jun 17 00:13:49 2026: SYSTEM_DIAGRAM: creating session with uuid: 'a8377ce3-238f-4bee-85bc-10eb81d227f1' and name 'v++_compile_yolo_backbone_2'
Wed Jun 17 00:13:54 2026: Dispatch Server: Accepted socket connection from client
Wed Jun 17 00:13:54 2026: Starting Socket connection
Wed Jun 17 00:16:44 2026: SESSION_MGR: closing session for UUID 'a8377ce3-238f-4bee-85bc-10eb81d227f1' with name 'v++_compile_yolo_backbone_2'
Wed Jun 17 00:16:44 2026: KERNEL_SVC: closing session for UUID 'a8377ce3-238f-4bee-85bc-10eb81d227f1' with name 'v++_compile_yolo_backbone_2'
Wed Jun 17 00:16:44 2026: GUIDANCE_SMGR: closing session for UUID 'a8377ce3-238f-4bee-85bc-10eb81d227f1' with name 'v++_compile_yolo_backbone_2'
Wed Jun 17 00:16:44 2026: SYSTEM_DIAGRAM: closing session for UUID 'a8377ce3-238f-4bee-85bc-10eb81d227f1' with name 'v++_compile_yolo_backbone_2'
Wed Jun 17 00:16:44 2026: STOP_SERVER received, server token: ccd9b5cd-5704-4b82-bf47-d22f2f3df503, passed token: ccd9b5cd-5704-4b82-bf47-d22f2f3df503
Wed Jun 17 00:16:44 2026: Socket received request to stop server.
Wed Jun 17 00:16:44 2026: Dispatch Server: do_await_stop
Wed Jun 17 00:16:44 2026: Dispatch Server: stopping mainFifo_
Wed Jun 17 00:16:44 2026: XCD main fifo: Stopping
Wed Jun 17 00:16:44 2026: XCD main fifo: do_read error code: Operation canceled
Wed Jun 17 00:16:44 2026: XCD main fifo: bytes_transferred: 0
Wed Jun 17 00:16:44 2026: SERVER: destructor for server bound to port 33101
Wed Jun 17 00:16:44 2026: XCD main fifo: Good unlink of /tmp/xcdmainccd9b5cd-5704-4b82-bf47-d22f2f3df503
Wed Jun 17 00:16:44 2026: Server exiting with status 0.
Wed Jun 17 00:16:44 2026: Closing log file.
