

================================================================
== Vitis HLS Report for 'leaky_relu_1'
================================================================
* Date:           Wed Jun 17 00:15:50 2026

* Version:        2025.2 (Build 6295257 on Nov 14 2025)
* Project:        yolo_backbone_2
* Solution:       hls (Vivado IP Flow Target)
* Product family: kintex7
* Target device:  xc7k325t-ffg900-2


================================================================
== Performance Estimates
================================================================
+ Timing: 
    * Summary: 
    +--------+----------+----------+------------+
    |  Clock |  Target  | Estimated| Uncertainty|
    +--------+----------+----------+------------+
    |ap_clk  |  10.00 ns|  6.578 ns|     2.70 ns|
    +--------+----------+----------+------------+

+ Latency: 
    * Summary: 
    +---------+---------+----------+----------+-----+-----+------------------------------------------------+
    |  Latency (cycles) |  Latency (absolute) |  Interval |                    Pipeline                    |
    |   min   |   max   |    min   |    max   | min | max |                      Type                      |
    +---------+---------+----------+----------+-----+-----+------------------------------------------------+
    |      199|      199|  1.990 us|  1.990 us|  197|  197|  loop auto-rewind stp (delay=0 clock cycles(s))|
    +---------+---------+----------+----------+-----+-----+------------------------------------------------+

    + Detail: 
        * Instance: 
        N/A

        * Loop: 
        +-------------------+---------+---------+----------+-----------+-----------+------+----------+
        |                   |  Latency (cycles) | Iteration|  Initiation Interval  | Trip |          |
        |     Loop Name     |   min   |   max   |  Latency |  achieved |   target  | Count| Pipelined|
        +-------------------+---------+---------+----------+-----------+-----------+------+----------+
        |- VITIS_LOOP_70_1  |      197|      197|         3|          1|          1|   196|       yes|
        +-------------------+---------+---------+----------+-----------+-----------+------+----------+

============================================================
+ Verbose Summary: Synthesis Manager
============================================================
InlineROM: 1
ExposeGlobal: 0
============================================================
+ Verbose Summary: CDFG Model
============================================================
IsTopModel: 0
ResetActiveHigh: 1
IsCombinational: 2
IsDatapathOnly: 0
HasWiredReturn: 1
HasMFsm: 2
HasVarLatency: 1
IsPipeline: 0
IsRtlPipelined: 0
IsInstanceOverlapped: 0
IsDontTouch: 0
HasImplIP: 0
IsGatedGlobalClock: 0

+ Individual pipeline summary: 
  * Pipeline-0: initiation interval (II) = 1, depth = 3


============================================================
+ Verbose Summary: Schedule
============================================================
* Number of FSM states : 3
* Pipeline : 1
  Pipeline-0 : II = 1, D = 3, States = { 1 2 3 }
* Dataflow Pipeline: 0

* FSM state transitions: 
1 --> 2 
2 --> 3 
3 --> 

* FSM state operations: 

State 1 <SV = 0> <Delay = 3.02>
ST_1 : Operation 6 [1/1] (0.00ns)   --->   "%i = alloca i32 1" [yolo_backbone_2.cpp:70]   --->   Operation 6 'alloca' 'i' <Predicate = true> <Delay = 0.00>
ST_1 : Operation 7 [1/1] (0.00ns)   --->   "%specinterface_ln0 = specinterface void @_ssdm_op_SpecInterface, i256 %stream_relu_out, void @empty_13, i32 0, i32 0, void @empty_18, i32 0, i32 0, void @empty_18, void @empty_18, void @empty_18, i32 0, i32 0, i32 0, i32 0, void @empty_18, void @empty_18, i32 4294967295, i32 0, i32 0, i32 0"   --->   Operation 7 'specinterface' 'specinterface_ln0' <Predicate = true> <Delay = 0.00>
ST_1 : Operation 8 [1/1] (0.00ns)   --->   "%specinterface_ln0 = specinterface void @_ssdm_op_SpecInterface, i256 %stream_l1_out, void @empty_13, i32 0, i32 0, void @empty_18, i32 0, i32 0, void @empty_18, void @empty_18, void @empty_18, i32 0, i32 0, i32 0, i32 0, void @empty_18, void @empty_18, i32 4294967295, i32 0, i32 0, i32 0"   --->   Operation 8 'specinterface' 'specinterface_ln0' <Predicate = true> <Delay = 0.00>
ST_1 : Operation 9 [1/1] (0.83ns)   --->   "%store_ln70 = store i8 0, i8 %i" [yolo_backbone_2.cpp:70]   --->   Operation 9 'store' 'store_ln70' <Predicate = true> <Delay = 0.83>
ST_1 : Operation 10 [1/1] (0.00ns)   --->   "%br_ln70 = br void %VITIS_LOOP_74_2" [yolo_backbone_2.cpp:70]   --->   Operation 10 'br' 'br_ln70' <Predicate = true> <Delay = 0.00>
ST_1 : Operation 11 [1/1] (0.00ns)   --->   "%i_3 = load i8 %i" [yolo_backbone_2.cpp:70]   --->   Operation 11 'load' 'i_3' <Predicate = true> <Delay = 0.00>
ST_1 : Operation 12 [1/1] (1.35ns)   --->   "%icmp_ln70 = icmp_eq  i8 %i_3, i8 196" [yolo_backbone_2.cpp:70]   --->   Operation 12 'icmp' 'icmp_ln70' <Predicate = true> <Delay = 1.35> <CoreInst = "Cmp">   --->   Core 9 'Cmp' <Latency = 0> <II = 1> <Delay = 1.35> <FuncUnit> <Opcode : 'seteq' 'setne' 'setle' 'setge' 'setlt' 'setgt'> <InPorts = 2> <OutPorts = 1>
ST_1 : Operation 13 [1/1] (1.35ns)   --->   "%i_4 = add i8 %i_3, i8 1" [yolo_backbone_2.cpp:70]   --->   Operation 13 'add' 'i_4' <Predicate = true> <Delay = 1.35> <CoreInst = "Adder">   --->   Core 1 'Adder' <Latency = 0> <II = 1> <Delay = 1.35> <FuncUnit> <Opcode : 'add' 'sub'> <InPorts = 2> <OutPorts = 1>
ST_1 : Operation 14 [1/1] (0.00ns)   --->   "%br_ln70 = br i1 %icmp_ln70, void %VITIS_LOOP_74_2.split, void %for.end18" [yolo_backbone_2.cpp:70]   --->   Operation 14 'br' 'br_ln70' <Predicate = true> <Delay = 0.00>
ST_1 : Operation 15 [1/1] (0.83ns)   --->   "%store_ln70 = store i8 %i_4, i8 %i" [yolo_backbone_2.cpp:70]   --->   Operation 15 'store' 'store_ln70' <Predicate = (!icmp_ln70)> <Delay = 0.83>

State 2 <SV = 1> <Delay = 3.81>
ST_2 : Operation 16 [1/1] ( I:2.46ns O:2.46ns )   --->   "%stream_l1_out_read = read i256 @_ssdm_op_Read.ap_fifo.volatile.i256P0A, i256 %stream_l1_out" [yolo_backbone_2.cpp:72]   --->   Operation 16 'read' 'stream_l1_out_read' <Predicate = true> <Delay = 2.46> <CoreInst = "FIFO_SRL">   --->   Core 80 'FIFO_SRL' <Latency = 0> <II = 1> <Delay = 2.46> <Storage> <Opcode : 'read' 'write' 'nbread' 'nbwrite'> <Ports = 0> <Width = 256> <Depth = 2> <FIFO>
ST_2 : Operation 17 [1/1] (0.00ns)   --->   "%trunc_ln72 = trunc i256 %stream_l1_out_read" [yolo_backbone_2.cpp:72]   --->   Operation 17 'trunc' 'trunc_ln72' <Predicate = true> <Delay = 0.00>
ST_2 : Operation 18 [1/1] (0.00ns)   --->   "%trunc_ln72_1 = partselect i16 @_ssdm_op_PartSelect.i16.i256.i32.i32, i256 %stream_l1_out_read, i32 16, i32 31" [yolo_backbone_2.cpp:72]   --->   Operation 18 'partselect' 'trunc_ln72_1' <Predicate = true> <Delay = 0.00>
ST_2 : Operation 19 [1/1] (0.00ns)   --->   "%trunc_ln72_2 = partselect i16 @_ssdm_op_PartSelect.i16.i256.i32.i32, i256 %stream_l1_out_read, i32 32, i32 47" [yolo_backbone_2.cpp:72]   --->   Operation 19 'partselect' 'trunc_ln72_2' <Predicate = true> <Delay = 0.00>
ST_2 : Operation 20 [1/1] (0.00ns)   --->   "%trunc_ln72_3 = partselect i16 @_ssdm_op_PartSelect.i16.i256.i32.i32, i256 %stream_l1_out_read, i32 48, i32 63" [yolo_backbone_2.cpp:72]   --->   Operation 20 'partselect' 'trunc_ln72_3' <Predicate = true> <Delay = 0.00>
ST_2 : Operation 21 [1/1] (0.00ns)   --->   "%trunc_ln72_4 = partselect i16 @_ssdm_op_PartSelect.i16.i256.i32.i32, i256 %stream_l1_out_read, i32 64, i32 79" [yolo_backbone_2.cpp:72]   --->   Operation 21 'partselect' 'trunc_ln72_4' <Predicate = true> <Delay = 0.00>
ST_2 : Operation 22 [1/1] (0.00ns)   --->   "%trunc_ln72_5 = partselect i16 @_ssdm_op_PartSelect.i16.i256.i32.i32, i256 %stream_l1_out_read, i32 80, i32 95" [yolo_backbone_2.cpp:72]   --->   Operation 22 'partselect' 'trunc_ln72_5' <Predicate = true> <Delay = 0.00>
ST_2 : Operation 23 [1/1] (0.00ns)   --->   "%trunc_ln72_6 = partselect i16 @_ssdm_op_PartSelect.i16.i256.i32.i32, i256 %stream_l1_out_read, i32 96, i32 111" [yolo_backbone_2.cpp:72]   --->   Operation 23 'partselect' 'trunc_ln72_6' <Predicate = true> <Delay = 0.00>
ST_2 : Operation 24 [1/1] (0.00ns)   --->   "%trunc_ln72_7 = partselect i16 @_ssdm_op_PartSelect.i16.i256.i32.i32, i256 %stream_l1_out_read, i32 112, i32 127" [yolo_backbone_2.cpp:72]   --->   Operation 24 'partselect' 'trunc_ln72_7' <Predicate = true> <Delay = 0.00>
ST_2 : Operation 25 [1/1] (0.00ns)   --->   "%trunc_ln72_8 = partselect i16 @_ssdm_op_PartSelect.i16.i256.i32.i32, i256 %stream_l1_out_read, i32 128, i32 143" [yolo_backbone_2.cpp:72]   --->   Operation 25 'partselect' 'trunc_ln72_8' <Predicate = true> <Delay = 0.00>
ST_2 : Operation 26 [1/1] (0.00ns)   --->   "%trunc_ln72_9 = partselect i16 @_ssdm_op_PartSelect.i16.i256.i32.i32, i256 %stream_l1_out_read, i32 144, i32 159" [yolo_backbone_2.cpp:72]   --->   Operation 26 'partselect' 'trunc_ln72_9' <Predicate = true> <Delay = 0.00>
ST_2 : Operation 27 [1/1] (0.00ns)   --->   "%trunc_ln72_s = partselect i16 @_ssdm_op_PartSelect.i16.i256.i32.i32, i256 %stream_l1_out_read, i32 160, i32 175" [yolo_backbone_2.cpp:72]   --->   Operation 27 'partselect' 'trunc_ln72_s' <Predicate = true> <Delay = 0.00>
ST_2 : Operation 28 [1/1] (0.00ns)   --->   "%trunc_ln72_10 = partselect i16 @_ssdm_op_PartSelect.i16.i256.i32.i32, i256 %stream_l1_out_read, i32 176, i32 191" [yolo_backbone_2.cpp:72]   --->   Operation 28 'partselect' 'trunc_ln72_10' <Predicate = true> <Delay = 0.00>
ST_2 : Operation 29 [1/1] (0.00ns)   --->   "%trunc_ln72_11 = partselect i16 @_ssdm_op_PartSelect.i16.i256.i32.i32, i256 %stream_l1_out_read, i32 192, i32 207" [yolo_backbone_2.cpp:72]   --->   Operation 29 'partselect' 'trunc_ln72_11' <Predicate = true> <Delay = 0.00>
ST_2 : Operation 30 [1/1] (0.00ns)   --->   "%trunc_ln72_12 = partselect i16 @_ssdm_op_PartSelect.i16.i256.i32.i32, i256 %stream_l1_out_read, i32 208, i32 223" [yolo_backbone_2.cpp:72]   --->   Operation 30 'partselect' 'trunc_ln72_12' <Predicate = true> <Delay = 0.00>
ST_2 : Operation 31 [1/1] (0.00ns)   --->   "%trunc_ln72_13 = partselect i16 @_ssdm_op_PartSelect.i16.i256.i32.i32, i256 %stream_l1_out_read, i32 224, i32 239" [yolo_backbone_2.cpp:72]   --->   Operation 31 'partselect' 'trunc_ln72_13' <Predicate = true> <Delay = 0.00>
ST_2 : Operation 32 [1/1] (0.00ns)   --->   "%trunc_ln72_14 = partselect i16 @_ssdm_op_PartSelect.i16.i256.i32.i32, i256 %stream_l1_out_read, i32 240, i32 255" [yolo_backbone_2.cpp:72]   --->   Operation 32 'partselect' 'trunc_ln72_14' <Predicate = true> <Delay = 0.00>
ST_2 : Operation 33 [1/1] (1.34ns)   --->   "%icmp_ln76 = icmp_sgt  i16 %trunc_ln72, i16 0" [yolo_backbone_2.cpp:76]   --->   Operation 33 'icmp' 'icmp_ln76' <Predicate = true> <Delay = 1.34> <CoreInst = "Cmp">   --->   Core 9 'Cmp' <Latency = 0> <II = 1> <Delay = 1.34> <FuncUnit> <Opcode : 'seteq' 'setne' 'setle' 'setge' 'setlt' 'setgt'> <InPorts = 2> <OutPorts = 1>
ST_2 : Operation 34 [1/1] (1.34ns)   --->   "%icmp_ln76_1 = icmp_sgt  i16 %trunc_ln72_1, i16 0" [yolo_backbone_2.cpp:76]   --->   Operation 34 'icmp' 'icmp_ln76_1' <Predicate = true> <Delay = 1.34> <CoreInst = "Cmp">   --->   Core 9 'Cmp' <Latency = 0> <II = 1> <Delay = 1.34> <FuncUnit> <Opcode : 'seteq' 'setne' 'setle' 'setge' 'setlt' 'setgt'> <InPorts = 2> <OutPorts = 1>
ST_2 : Operation 35 [1/1] (1.34ns)   --->   "%icmp_ln76_2 = icmp_sgt  i16 %trunc_ln72_2, i16 0" [yolo_backbone_2.cpp:76]   --->   Operation 35 'icmp' 'icmp_ln76_2' <Predicate = true> <Delay = 1.34> <CoreInst = "Cmp">   --->   Core 9 'Cmp' <Latency = 0> <II = 1> <Delay = 1.34> <FuncUnit> <Opcode : 'seteq' 'setne' 'setle' 'setge' 'setlt' 'setgt'> <InPorts = 2> <OutPorts = 1>
ST_2 : Operation 36 [1/1] (1.34ns)   --->   "%icmp_ln76_3 = icmp_sgt  i16 %trunc_ln72_3, i16 0" [yolo_backbone_2.cpp:76]   --->   Operation 36 'icmp' 'icmp_ln76_3' <Predicate = true> <Delay = 1.34> <CoreInst = "Cmp">   --->   Core 9 'Cmp' <Latency = 0> <II = 1> <Delay = 1.34> <FuncUnit> <Opcode : 'seteq' 'setne' 'setle' 'setge' 'setlt' 'setgt'> <InPorts = 2> <OutPorts = 1>
ST_2 : Operation 37 [1/1] (1.34ns)   --->   "%icmp_ln76_4 = icmp_sgt  i16 %trunc_ln72_4, i16 0" [yolo_backbone_2.cpp:76]   --->   Operation 37 'icmp' 'icmp_ln76_4' <Predicate = true> <Delay = 1.34> <CoreInst = "Cmp">   --->   Core 9 'Cmp' <Latency = 0> <II = 1> <Delay = 1.34> <FuncUnit> <Opcode : 'seteq' 'setne' 'setle' 'setge' 'setlt' 'setgt'> <InPorts = 2> <OutPorts = 1>
ST_2 : Operation 38 [1/1] (1.34ns)   --->   "%icmp_ln76_5 = icmp_sgt  i16 %trunc_ln72_5, i16 0" [yolo_backbone_2.cpp:76]   --->   Operation 38 'icmp' 'icmp_ln76_5' <Predicate = true> <Delay = 1.34> <CoreInst = "Cmp">   --->   Core 9 'Cmp' <Latency = 0> <II = 1> <Delay = 1.34> <FuncUnit> <Opcode : 'seteq' 'setne' 'setle' 'setge' 'setlt' 'setgt'> <InPorts = 2> <OutPorts = 1>
ST_2 : Operation 39 [1/1] (1.34ns)   --->   "%icmp_ln76_6 = icmp_sgt  i16 %trunc_ln72_6, i16 0" [yolo_backbone_2.cpp:76]   --->   Operation 39 'icmp' 'icmp_ln76_6' <Predicate = true> <Delay = 1.34> <CoreInst = "Cmp">   --->   Core 9 'Cmp' <Latency = 0> <II = 1> <Delay = 1.34> <FuncUnit> <Opcode : 'seteq' 'setne' 'setle' 'setge' 'setlt' 'setgt'> <InPorts = 2> <OutPorts = 1>
ST_2 : Operation 40 [1/1] (1.34ns)   --->   "%icmp_ln76_7 = icmp_sgt  i16 %trunc_ln72_7, i16 0" [yolo_backbone_2.cpp:76]   --->   Operation 40 'icmp' 'icmp_ln76_7' <Predicate = true> <Delay = 1.34> <CoreInst = "Cmp">   --->   Core 9 'Cmp' <Latency = 0> <II = 1> <Delay = 1.34> <FuncUnit> <Opcode : 'seteq' 'setne' 'setle' 'setge' 'setlt' 'setgt'> <InPorts = 2> <OutPorts = 1>
ST_2 : Operation 41 [1/1] (1.34ns)   --->   "%icmp_ln76_8 = icmp_sgt  i16 %trunc_ln72_8, i16 0" [yolo_backbone_2.cpp:76]   --->   Operation 41 'icmp' 'icmp_ln76_8' <Predicate = true> <Delay = 1.34> <CoreInst = "Cmp">   --->   Core 9 'Cmp' <Latency = 0> <II = 1> <Delay = 1.34> <FuncUnit> <Opcode : 'seteq' 'setne' 'setle' 'setge' 'setlt' 'setgt'> <InPorts = 2> <OutPorts = 1>
ST_2 : Operation 42 [1/1] (1.34ns)   --->   "%icmp_ln76_9 = icmp_sgt  i16 %trunc_ln72_9, i16 0" [yolo_backbone_2.cpp:76]   --->   Operation 42 'icmp' 'icmp_ln76_9' <Predicate = true> <Delay = 1.34> <CoreInst = "Cmp">   --->   Core 9 'Cmp' <Latency = 0> <II = 1> <Delay = 1.34> <FuncUnit> <Opcode : 'seteq' 'setne' 'setle' 'setge' 'setlt' 'setgt'> <InPorts = 2> <OutPorts = 1>
ST_2 : Operation 43 [1/1] (1.34ns)   --->   "%icmp_ln76_10 = icmp_sgt  i16 %trunc_ln72_s, i16 0" [yolo_backbone_2.cpp:76]   --->   Operation 43 'icmp' 'icmp_ln76_10' <Predicate = true> <Delay = 1.34> <CoreInst = "Cmp">   --->   Core 9 'Cmp' <Latency = 0> <II = 1> <Delay = 1.34> <FuncUnit> <Opcode : 'seteq' 'setne' 'setle' 'setge' 'setlt' 'setgt'> <InPorts = 2> <OutPorts = 1>
ST_2 : Operation 44 [1/1] (1.34ns)   --->   "%icmp_ln76_11 = icmp_sgt  i16 %trunc_ln72_10, i16 0" [yolo_backbone_2.cpp:76]   --->   Operation 44 'icmp' 'icmp_ln76_11' <Predicate = true> <Delay = 1.34> <CoreInst = "Cmp">   --->   Core 9 'Cmp' <Latency = 0> <II = 1> <Delay = 1.34> <FuncUnit> <Opcode : 'seteq' 'setne' 'setle' 'setge' 'setlt' 'setgt'> <InPorts = 2> <OutPorts = 1>
ST_2 : Operation 45 [1/1] (1.34ns)   --->   "%icmp_ln76_12 = icmp_sgt  i16 %trunc_ln72_11, i16 0" [yolo_backbone_2.cpp:76]   --->   Operation 45 'icmp' 'icmp_ln76_12' <Predicate = true> <Delay = 1.34> <CoreInst = "Cmp">   --->   Core 9 'Cmp' <Latency = 0> <II = 1> <Delay = 1.34> <FuncUnit> <Opcode : 'seteq' 'setne' 'setle' 'setge' 'setlt' 'setgt'> <InPorts = 2> <OutPorts = 1>
ST_2 : Operation 46 [1/1] (1.34ns)   --->   "%icmp_ln76_13 = icmp_sgt  i16 %trunc_ln72_12, i16 0" [yolo_backbone_2.cpp:76]   --->   Operation 46 'icmp' 'icmp_ln76_13' <Predicate = true> <Delay = 1.34> <CoreInst = "Cmp">   --->   Core 9 'Cmp' <Latency = 0> <II = 1> <Delay = 1.34> <FuncUnit> <Opcode : 'seteq' 'setne' 'setle' 'setge' 'setlt' 'setgt'> <InPorts = 2> <OutPorts = 1>
ST_2 : Operation 47 [1/1] (1.34ns)   --->   "%icmp_ln76_14 = icmp_sgt  i16 %trunc_ln72_13, i16 0" [yolo_backbone_2.cpp:76]   --->   Operation 47 'icmp' 'icmp_ln76_14' <Predicate = true> <Delay = 1.34> <CoreInst = "Cmp">   --->   Core 9 'Cmp' <Latency = 0> <II = 1> <Delay = 1.34> <FuncUnit> <Opcode : 'seteq' 'setne' 'setle' 'setge' 'setlt' 'setgt'> <InPorts = 2> <OutPorts = 1>
ST_2 : Operation 48 [1/1] (1.34ns)   --->   "%icmp_ln76_15 = icmp_sgt  i16 %trunc_ln72_14, i16 0" [yolo_backbone_2.cpp:76]   --->   Operation 48 'icmp' 'icmp_ln76_15' <Predicate = true> <Delay = 1.34> <CoreInst = "Cmp">   --->   Core 9 'Cmp' <Latency = 0> <II = 1> <Delay = 1.34> <FuncUnit> <Opcode : 'seteq' 'setne' 'setle' 'setge' 'setlt' 'setgt'> <InPorts = 2> <OutPorts = 1>
ST_2 : Operation 135 [1/1] (0.83ns)   --->   "%ret_ln80 = ret" [yolo_backbone_2.cpp:80]   --->   Operation 135 'ret' 'ret_ln80' <Predicate = (icmp_ln70)> <Delay = 0.83>

State 3 <SV = 2> <Delay = 6.57>
ST_3 : Operation 49 [1/1] (0.00ns)   --->   "%specpipeline_ln71 = specpipeline void @_ssdm_op_SpecPipeline, i32 1, i32 0, i32 0, i32 0, i32 4294967295, void @empty_18" [yolo_backbone_2.cpp:71]   --->   Operation 49 'specpipeline' 'specpipeline_ln71' <Predicate = true> <Delay = 0.00>
ST_3 : Operation 50 [1/1] (0.00ns)   --->   "%speclooptripcount_ln70 = speclooptripcount void @_ssdm_op_SpecLoopTripCount, i64 196, i64 196, i64 196" [yolo_backbone_2.cpp:70]   --->   Operation 50 'speclooptripcount' 'speclooptripcount_ln70' <Predicate = true> <Delay = 0.00>
ST_3 : Operation 51 [1/1] (0.00ns)   --->   "%specloopname_ln70 = specloopname void @_ssdm_op_SpecLoopName, void @empty_14" [yolo_backbone_2.cpp:70]   --->   Operation 51 'specloopname' 'specloopname_ln70' <Predicate = true> <Delay = 0.00>
ST_3 : Operation 52 [1/1] (0.00ns)   --->   "%sext_ln76 = sext i16 %trunc_ln72" [yolo_backbone_2.cpp:76]   --->   Operation 52 'sext' 'sext_ln76' <Predicate = (!icmp_ln76)> <Delay = 0.00>
ST_3 : Operation 53 [1/1] (3.72ns)   --->   "%mul_ln76 = mul i24 %sext_ln76, i24 102" [yolo_backbone_2.cpp:76]   --->   Operation 53 'mul' 'mul_ln76' <Predicate = (!icmp_ln76)> <Delay = 3.72> <CoreInst = "Multiplier">   --->   Core 3 'Multiplier' <Latency = 0> <II = 1> <Delay = 3.72> <FuncUnit> <Opcode : 'mul'> <InPorts = 2> <OutPorts = 1>
ST_3 : Operation 54 [1/1] (0.00ns)   --->   "%trunc_ln5 = partselect i14 @_ssdm_op_PartSelect.i14.i24.i32.i32, i24 %mul_ln76, i32 10, i32 23" [yolo_backbone_2.cpp:76]   --->   Operation 54 'partselect' 'trunc_ln5' <Predicate = (!icmp_ln76)> <Delay = 0.00>
ST_3 : Operation 55 [1/1] (0.00ns)   --->   "%sext_ln76_1 = sext i14 %trunc_ln5" [yolo_backbone_2.cpp:76]   --->   Operation 55 'sext' 'sext_ln76_1' <Predicate = (!icmp_ln76)> <Delay = 0.00>
ST_3 : Operation 56 [1/1] (0.39ns)   --->   "%select_ln76 = select i1 %icmp_ln76, i16 %trunc_ln72, i16 %sext_ln76_1" [yolo_backbone_2.cpp:76]   --->   Operation 56 'select' 'select_ln76' <Predicate = true> <Delay = 0.39> <CoreInst = "Sel">   --->   Core 73 'Sel' <Latency = 0> <II = 1> <Delay = 0.39> <FuncUnit> <Opcode : 'select'> <InPorts = 3> <OutPorts = 1>
ST_3 : Operation 57 [1/1] (0.00ns)   --->   "%sext_ln76_2 = sext i16 %trunc_ln72_1" [yolo_backbone_2.cpp:76]   --->   Operation 57 'sext' 'sext_ln76_2' <Predicate = (!icmp_ln76_1)> <Delay = 0.00>
ST_3 : Operation 58 [1/1] (3.72ns)   --->   "%mul_ln76_1 = mul i24 %sext_ln76_2, i24 102" [yolo_backbone_2.cpp:76]   --->   Operation 58 'mul' 'mul_ln76_1' <Predicate = (!icmp_ln76_1)> <Delay = 3.72> <CoreInst = "Multiplier">   --->   Core 3 'Multiplier' <Latency = 0> <II = 1> <Delay = 3.72> <FuncUnit> <Opcode : 'mul'> <InPorts = 2> <OutPorts = 1>
ST_3 : Operation 59 [1/1] (0.00ns)   --->   "%trunc_ln76_1 = partselect i14 @_ssdm_op_PartSelect.i14.i24.i32.i32, i24 %mul_ln76_1, i32 10, i32 23" [yolo_backbone_2.cpp:76]   --->   Operation 59 'partselect' 'trunc_ln76_1' <Predicate = (!icmp_ln76_1)> <Delay = 0.00>
ST_3 : Operation 60 [1/1] (0.00ns)   --->   "%sext_ln76_3 = sext i14 %trunc_ln76_1" [yolo_backbone_2.cpp:76]   --->   Operation 60 'sext' 'sext_ln76_3' <Predicate = (!icmp_ln76_1)> <Delay = 0.00>
ST_3 : Operation 61 [1/1] (0.39ns)   --->   "%select_ln76_1 = select i1 %icmp_ln76_1, i16 %trunc_ln72_1, i16 %sext_ln76_3" [yolo_backbone_2.cpp:76]   --->   Operation 61 'select' 'select_ln76_1' <Predicate = true> <Delay = 0.39> <CoreInst = "Sel">   --->   Core 73 'Sel' <Latency = 0> <II = 1> <Delay = 0.39> <FuncUnit> <Opcode : 'select'> <InPorts = 3> <OutPorts = 1>
ST_3 : Operation 62 [1/1] (0.00ns)   --->   "%sext_ln76_4 = sext i16 %trunc_ln72_2" [yolo_backbone_2.cpp:76]   --->   Operation 62 'sext' 'sext_ln76_4' <Predicate = (!icmp_ln76_2)> <Delay = 0.00>
ST_3 : Operation 63 [1/1] (3.72ns)   --->   "%mul_ln76_2 = mul i24 %sext_ln76_4, i24 102" [yolo_backbone_2.cpp:76]   --->   Operation 63 'mul' 'mul_ln76_2' <Predicate = (!icmp_ln76_2)> <Delay = 3.72> <CoreInst = "Multiplier">   --->   Core 3 'Multiplier' <Latency = 0> <II = 1> <Delay = 3.72> <FuncUnit> <Opcode : 'mul'> <InPorts = 2> <OutPorts = 1>
ST_3 : Operation 64 [1/1] (0.00ns)   --->   "%trunc_ln76_2 = partselect i14 @_ssdm_op_PartSelect.i14.i24.i32.i32, i24 %mul_ln76_2, i32 10, i32 23" [yolo_backbone_2.cpp:76]   --->   Operation 64 'partselect' 'trunc_ln76_2' <Predicate = (!icmp_ln76_2)> <Delay = 0.00>
ST_3 : Operation 65 [1/1] (0.00ns)   --->   "%sext_ln76_5 = sext i14 %trunc_ln76_2" [yolo_backbone_2.cpp:76]   --->   Operation 65 'sext' 'sext_ln76_5' <Predicate = (!icmp_ln76_2)> <Delay = 0.00>
ST_3 : Operation 66 [1/1] (0.39ns)   --->   "%select_ln76_2 = select i1 %icmp_ln76_2, i16 %trunc_ln72_2, i16 %sext_ln76_5" [yolo_backbone_2.cpp:76]   --->   Operation 66 'select' 'select_ln76_2' <Predicate = true> <Delay = 0.39> <CoreInst = "Sel">   --->   Core 73 'Sel' <Latency = 0> <II = 1> <Delay = 0.39> <FuncUnit> <Opcode : 'select'> <InPorts = 3> <OutPorts = 1>
ST_3 : Operation 67 [1/1] (0.00ns)   --->   "%sext_ln76_6 = sext i16 %trunc_ln72_3" [yolo_backbone_2.cpp:76]   --->   Operation 67 'sext' 'sext_ln76_6' <Predicate = (!icmp_ln76_3)> <Delay = 0.00>
ST_3 : Operation 68 [1/1] (3.72ns)   --->   "%mul_ln76_3 = mul i24 %sext_ln76_6, i24 102" [yolo_backbone_2.cpp:76]   --->   Operation 68 'mul' 'mul_ln76_3' <Predicate = (!icmp_ln76_3)> <Delay = 3.72> <CoreInst = "Multiplier">   --->   Core 3 'Multiplier' <Latency = 0> <II = 1> <Delay = 3.72> <FuncUnit> <Opcode : 'mul'> <InPorts = 2> <OutPorts = 1>
ST_3 : Operation 69 [1/1] (0.00ns)   --->   "%trunc_ln76_3 = partselect i14 @_ssdm_op_PartSelect.i14.i24.i32.i32, i24 %mul_ln76_3, i32 10, i32 23" [yolo_backbone_2.cpp:76]   --->   Operation 69 'partselect' 'trunc_ln76_3' <Predicate = (!icmp_ln76_3)> <Delay = 0.00>
ST_3 : Operation 70 [1/1] (0.00ns)   --->   "%sext_ln76_7 = sext i14 %trunc_ln76_3" [yolo_backbone_2.cpp:76]   --->   Operation 70 'sext' 'sext_ln76_7' <Predicate = (!icmp_ln76_3)> <Delay = 0.00>
ST_3 : Operation 71 [1/1] (0.39ns)   --->   "%select_ln76_3 = select i1 %icmp_ln76_3, i16 %trunc_ln72_3, i16 %sext_ln76_7" [yolo_backbone_2.cpp:76]   --->   Operation 71 'select' 'select_ln76_3' <Predicate = true> <Delay = 0.39> <CoreInst = "Sel">   --->   Core 73 'Sel' <Latency = 0> <II = 1> <Delay = 0.39> <FuncUnit> <Opcode : 'select'> <InPorts = 3> <OutPorts = 1>
ST_3 : Operation 72 [1/1] (0.00ns)   --->   "%sext_ln76_8 = sext i16 %trunc_ln72_4" [yolo_backbone_2.cpp:76]   --->   Operation 72 'sext' 'sext_ln76_8' <Predicate = (!icmp_ln76_4)> <Delay = 0.00>
ST_3 : Operation 73 [1/1] (3.72ns)   --->   "%mul_ln76_4 = mul i24 %sext_ln76_8, i24 102" [yolo_backbone_2.cpp:76]   --->   Operation 73 'mul' 'mul_ln76_4' <Predicate = (!icmp_ln76_4)> <Delay = 3.72> <CoreInst = "Multiplier">   --->   Core 3 'Multiplier' <Latency = 0> <II = 1> <Delay = 3.72> <FuncUnit> <Opcode : 'mul'> <InPorts = 2> <OutPorts = 1>
ST_3 : Operation 74 [1/1] (0.00ns)   --->   "%trunc_ln76_4 = partselect i14 @_ssdm_op_PartSelect.i14.i24.i32.i32, i24 %mul_ln76_4, i32 10, i32 23" [yolo_backbone_2.cpp:76]   --->   Operation 74 'partselect' 'trunc_ln76_4' <Predicate = (!icmp_ln76_4)> <Delay = 0.00>
ST_3 : Operation 75 [1/1] (0.00ns)   --->   "%sext_ln76_9 = sext i14 %trunc_ln76_4" [yolo_backbone_2.cpp:76]   --->   Operation 75 'sext' 'sext_ln76_9' <Predicate = (!icmp_ln76_4)> <Delay = 0.00>
ST_3 : Operation 76 [1/1] (0.39ns)   --->   "%select_ln76_4 = select i1 %icmp_ln76_4, i16 %trunc_ln72_4, i16 %sext_ln76_9" [yolo_backbone_2.cpp:76]   --->   Operation 76 'select' 'select_ln76_4' <Predicate = true> <Delay = 0.39> <CoreInst = "Sel">   --->   Core 73 'Sel' <Latency = 0> <II = 1> <Delay = 0.39> <FuncUnit> <Opcode : 'select'> <InPorts = 3> <OutPorts = 1>
ST_3 : Operation 77 [1/1] (0.00ns)   --->   "%sext_ln76_10 = sext i16 %trunc_ln72_5" [yolo_backbone_2.cpp:76]   --->   Operation 77 'sext' 'sext_ln76_10' <Predicate = (!icmp_ln76_5)> <Delay = 0.00>
ST_3 : Operation 78 [1/1] (3.72ns)   --->   "%mul_ln76_5 = mul i24 %sext_ln76_10, i24 102" [yolo_backbone_2.cpp:76]   --->   Operation 78 'mul' 'mul_ln76_5' <Predicate = (!icmp_ln76_5)> <Delay = 3.72> <CoreInst = "Multiplier">   --->   Core 3 'Multiplier' <Latency = 0> <II = 1> <Delay = 3.72> <FuncUnit> <Opcode : 'mul'> <InPorts = 2> <OutPorts = 1>
ST_3 : Operation 79 [1/1] (0.00ns)   --->   "%trunc_ln76_5 = partselect i14 @_ssdm_op_PartSelect.i14.i24.i32.i32, i24 %mul_ln76_5, i32 10, i32 23" [yolo_backbone_2.cpp:76]   --->   Operation 79 'partselect' 'trunc_ln76_5' <Predicate = (!icmp_ln76_5)> <Delay = 0.00>
ST_3 : Operation 80 [1/1] (0.00ns)   --->   "%sext_ln76_11 = sext i14 %trunc_ln76_5" [yolo_backbone_2.cpp:76]   --->   Operation 80 'sext' 'sext_ln76_11' <Predicate = (!icmp_ln76_5)> <Delay = 0.00>
ST_3 : Operation 81 [1/1] (0.39ns)   --->   "%select_ln76_5 = select i1 %icmp_ln76_5, i16 %trunc_ln72_5, i16 %sext_ln76_11" [yolo_backbone_2.cpp:76]   --->   Operation 81 'select' 'select_ln76_5' <Predicate = true> <Delay = 0.39> <CoreInst = "Sel">   --->   Core 73 'Sel' <Latency = 0> <II = 1> <Delay = 0.39> <FuncUnit> <Opcode : 'select'> <InPorts = 3> <OutPorts = 1>
ST_3 : Operation 82 [1/1] (0.00ns)   --->   "%sext_ln76_12 = sext i16 %trunc_ln72_6" [yolo_backbone_2.cpp:76]   --->   Operation 82 'sext' 'sext_ln76_12' <Predicate = (!icmp_ln76_6)> <Delay = 0.00>
ST_3 : Operation 83 [1/1] (3.72ns)   --->   "%mul_ln76_6 = mul i24 %sext_ln76_12, i24 102" [yolo_backbone_2.cpp:76]   --->   Operation 83 'mul' 'mul_ln76_6' <Predicate = (!icmp_ln76_6)> <Delay = 3.72> <CoreInst = "Multiplier">   --->   Core 3 'Multiplier' <Latency = 0> <II = 1> <Delay = 3.72> <FuncUnit> <Opcode : 'mul'> <InPorts = 2> <OutPorts = 1>
ST_3 : Operation 84 [1/1] (0.00ns)   --->   "%trunc_ln76_6 = partselect i14 @_ssdm_op_PartSelect.i14.i24.i32.i32, i24 %mul_ln76_6, i32 10, i32 23" [yolo_backbone_2.cpp:76]   --->   Operation 84 'partselect' 'trunc_ln76_6' <Predicate = (!icmp_ln76_6)> <Delay = 0.00>
ST_3 : Operation 85 [1/1] (0.00ns)   --->   "%sext_ln76_13 = sext i14 %trunc_ln76_6" [yolo_backbone_2.cpp:76]   --->   Operation 85 'sext' 'sext_ln76_13' <Predicate = (!icmp_ln76_6)> <Delay = 0.00>
ST_3 : Operation 86 [1/1] (0.39ns)   --->   "%select_ln76_6 = select i1 %icmp_ln76_6, i16 %trunc_ln72_6, i16 %sext_ln76_13" [yolo_backbone_2.cpp:76]   --->   Operation 86 'select' 'select_ln76_6' <Predicate = true> <Delay = 0.39> <CoreInst = "Sel">   --->   Core 73 'Sel' <Latency = 0> <II = 1> <Delay = 0.39> <FuncUnit> <Opcode : 'select'> <InPorts = 3> <OutPorts = 1>
ST_3 : Operation 87 [1/1] (0.00ns)   --->   "%sext_ln76_14 = sext i16 %trunc_ln72_7" [yolo_backbone_2.cpp:76]   --->   Operation 87 'sext' 'sext_ln76_14' <Predicate = (!icmp_ln76_7)> <Delay = 0.00>
ST_3 : Operation 88 [1/1] (3.72ns)   --->   "%mul_ln76_7 = mul i24 %sext_ln76_14, i24 102" [yolo_backbone_2.cpp:76]   --->   Operation 88 'mul' 'mul_ln76_7' <Predicate = (!icmp_ln76_7)> <Delay = 3.72> <CoreInst = "Multiplier">   --->   Core 3 'Multiplier' <Latency = 0> <II = 1> <Delay = 3.72> <FuncUnit> <Opcode : 'mul'> <InPorts = 2> <OutPorts = 1>
ST_3 : Operation 89 [1/1] (0.00ns)   --->   "%trunc_ln76_7 = partselect i14 @_ssdm_op_PartSelect.i14.i24.i32.i32, i24 %mul_ln76_7, i32 10, i32 23" [yolo_backbone_2.cpp:76]   --->   Operation 89 'partselect' 'trunc_ln76_7' <Predicate = (!icmp_ln76_7)> <Delay = 0.00>
ST_3 : Operation 90 [1/1] (0.00ns)   --->   "%sext_ln76_15 = sext i14 %trunc_ln76_7" [yolo_backbone_2.cpp:76]   --->   Operation 90 'sext' 'sext_ln76_15' <Predicate = (!icmp_ln76_7)> <Delay = 0.00>
ST_3 : Operation 91 [1/1] (0.39ns)   --->   "%select_ln76_7 = select i1 %icmp_ln76_7, i16 %trunc_ln72_7, i16 %sext_ln76_15" [yolo_backbone_2.cpp:76]   --->   Operation 91 'select' 'select_ln76_7' <Predicate = true> <Delay = 0.39> <CoreInst = "Sel">   --->   Core 73 'Sel' <Latency = 0> <II = 1> <Delay = 0.39> <FuncUnit> <Opcode : 'select'> <InPorts = 3> <OutPorts = 1>
ST_3 : Operation 92 [1/1] (0.00ns)   --->   "%sext_ln76_16 = sext i16 %trunc_ln72_8" [yolo_backbone_2.cpp:76]   --->   Operation 92 'sext' 'sext_ln76_16' <Predicate = (!icmp_ln76_8)> <Delay = 0.00>
ST_3 : Operation 93 [1/1] (3.72ns)   --->   "%mul_ln76_8 = mul i24 %sext_ln76_16, i24 102" [yolo_backbone_2.cpp:76]   --->   Operation 93 'mul' 'mul_ln76_8' <Predicate = (!icmp_ln76_8)> <Delay = 3.72> <CoreInst = "Multiplier">   --->   Core 3 'Multiplier' <Latency = 0> <II = 1> <Delay = 3.72> <FuncUnit> <Opcode : 'mul'> <InPorts = 2> <OutPorts = 1>
ST_3 : Operation 94 [1/1] (0.00ns)   --->   "%trunc_ln76_8 = partselect i14 @_ssdm_op_PartSelect.i14.i24.i32.i32, i24 %mul_ln76_8, i32 10, i32 23" [yolo_backbone_2.cpp:76]   --->   Operation 94 'partselect' 'trunc_ln76_8' <Predicate = (!icmp_ln76_8)> <Delay = 0.00>
ST_3 : Operation 95 [1/1] (0.00ns)   --->   "%sext_ln76_17 = sext i14 %trunc_ln76_8" [yolo_backbone_2.cpp:76]   --->   Operation 95 'sext' 'sext_ln76_17' <Predicate = (!icmp_ln76_8)> <Delay = 0.00>
ST_3 : Operation 96 [1/1] (0.39ns)   --->   "%select_ln76_8 = select i1 %icmp_ln76_8, i16 %trunc_ln72_8, i16 %sext_ln76_17" [yolo_backbone_2.cpp:76]   --->   Operation 96 'select' 'select_ln76_8' <Predicate = true> <Delay = 0.39> <CoreInst = "Sel">   --->   Core 73 'Sel' <Latency = 0> <II = 1> <Delay = 0.39> <FuncUnit> <Opcode : 'select'> <InPorts = 3> <OutPorts = 1>
ST_3 : Operation 97 [1/1] (0.00ns)   --->   "%sext_ln76_18 = sext i16 %trunc_ln72_9" [yolo_backbone_2.cpp:76]   --->   Operation 97 'sext' 'sext_ln76_18' <Predicate = (!icmp_ln76_9)> <Delay = 0.00>
ST_3 : Operation 98 [1/1] (3.72ns)   --->   "%mul_ln76_9 = mul i24 %sext_ln76_18, i24 102" [yolo_backbone_2.cpp:76]   --->   Operation 98 'mul' 'mul_ln76_9' <Predicate = (!icmp_ln76_9)> <Delay = 3.72> <CoreInst = "Multiplier">   --->   Core 3 'Multiplier' <Latency = 0> <II = 1> <Delay = 3.72> <FuncUnit> <Opcode : 'mul'> <InPorts = 2> <OutPorts = 1>
ST_3 : Operation 99 [1/1] (0.00ns)   --->   "%trunc_ln76_9 = partselect i14 @_ssdm_op_PartSelect.i14.i24.i32.i32, i24 %mul_ln76_9, i32 10, i32 23" [yolo_backbone_2.cpp:76]   --->   Operation 99 'partselect' 'trunc_ln76_9' <Predicate = (!icmp_ln76_9)> <Delay = 0.00>
ST_3 : Operation 100 [1/1] (0.00ns)   --->   "%sext_ln76_19 = sext i14 %trunc_ln76_9" [yolo_backbone_2.cpp:76]   --->   Operation 100 'sext' 'sext_ln76_19' <Predicate = (!icmp_ln76_9)> <Delay = 0.00>
ST_3 : Operation 101 [1/1] (0.39ns)   --->   "%select_ln76_9 = select i1 %icmp_ln76_9, i16 %trunc_ln72_9, i16 %sext_ln76_19" [yolo_backbone_2.cpp:76]   --->   Operation 101 'select' 'select_ln76_9' <Predicate = true> <Delay = 0.39> <CoreInst = "Sel">   --->   Core 73 'Sel' <Latency = 0> <II = 1> <Delay = 0.39> <FuncUnit> <Opcode : 'select'> <InPorts = 3> <OutPorts = 1>
ST_3 : Operation 102 [1/1] (0.00ns)   --->   "%sext_ln76_20 = sext i16 %trunc_ln72_s" [yolo_backbone_2.cpp:76]   --->   Operation 102 'sext' 'sext_ln76_20' <Predicate = (!icmp_ln76_10)> <Delay = 0.00>
ST_3 : Operation 103 [1/1] (3.72ns)   --->   "%mul_ln76_10 = mul i24 %sext_ln76_20, i24 102" [yolo_backbone_2.cpp:76]   --->   Operation 103 'mul' 'mul_ln76_10' <Predicate = (!icmp_ln76_10)> <Delay = 3.72> <CoreInst = "Multiplier">   --->   Core 3 'Multiplier' <Latency = 0> <II = 1> <Delay = 3.72> <FuncUnit> <Opcode : 'mul'> <InPorts = 2> <OutPorts = 1>
ST_3 : Operation 104 [1/1] (0.00ns)   --->   "%trunc_ln76_s = partselect i14 @_ssdm_op_PartSelect.i14.i24.i32.i32, i24 %mul_ln76_10, i32 10, i32 23" [yolo_backbone_2.cpp:76]   --->   Operation 104 'partselect' 'trunc_ln76_s' <Predicate = (!icmp_ln76_10)> <Delay = 0.00>
ST_3 : Operation 105 [1/1] (0.00ns)   --->   "%sext_ln76_21 = sext i14 %trunc_ln76_s" [yolo_backbone_2.cpp:76]   --->   Operation 105 'sext' 'sext_ln76_21' <Predicate = (!icmp_ln76_10)> <Delay = 0.00>
ST_3 : Operation 106 [1/1] (0.39ns)   --->   "%select_ln76_10 = select i1 %icmp_ln76_10, i16 %trunc_ln72_s, i16 %sext_ln76_21" [yolo_backbone_2.cpp:76]   --->   Operation 106 'select' 'select_ln76_10' <Predicate = true> <Delay = 0.39> <CoreInst = "Sel">   --->   Core 73 'Sel' <Latency = 0> <II = 1> <Delay = 0.39> <FuncUnit> <Opcode : 'select'> <InPorts = 3> <OutPorts = 1>
ST_3 : Operation 107 [1/1] (0.00ns)   --->   "%sext_ln76_22 = sext i16 %trunc_ln72_10" [yolo_backbone_2.cpp:76]   --->   Operation 107 'sext' 'sext_ln76_22' <Predicate = (!icmp_ln76_11)> <Delay = 0.00>
ST_3 : Operation 108 [1/1] (3.72ns)   --->   "%mul_ln76_11 = mul i24 %sext_ln76_22, i24 102" [yolo_backbone_2.cpp:76]   --->   Operation 108 'mul' 'mul_ln76_11' <Predicate = (!icmp_ln76_11)> <Delay = 3.72> <CoreInst = "Multiplier">   --->   Core 3 'Multiplier' <Latency = 0> <II = 1> <Delay = 3.72> <FuncUnit> <Opcode : 'mul'> <InPorts = 2> <OutPorts = 1>
ST_3 : Operation 109 [1/1] (0.00ns)   --->   "%trunc_ln76_10 = partselect i14 @_ssdm_op_PartSelect.i14.i24.i32.i32, i24 %mul_ln76_11, i32 10, i32 23" [yolo_backbone_2.cpp:76]   --->   Operation 109 'partselect' 'trunc_ln76_10' <Predicate = (!icmp_ln76_11)> <Delay = 0.00>
ST_3 : Operation 110 [1/1] (0.00ns)   --->   "%sext_ln76_23 = sext i14 %trunc_ln76_10" [yolo_backbone_2.cpp:76]   --->   Operation 110 'sext' 'sext_ln76_23' <Predicate = (!icmp_ln76_11)> <Delay = 0.00>
ST_3 : Operation 111 [1/1] (0.39ns)   --->   "%select_ln76_11 = select i1 %icmp_ln76_11, i16 %trunc_ln72_10, i16 %sext_ln76_23" [yolo_backbone_2.cpp:76]   --->   Operation 111 'select' 'select_ln76_11' <Predicate = true> <Delay = 0.39> <CoreInst = "Sel">   --->   Core 73 'Sel' <Latency = 0> <II = 1> <Delay = 0.39> <FuncUnit> <Opcode : 'select'> <InPorts = 3> <OutPorts = 1>
ST_3 : Operation 112 [1/1] (0.00ns)   --->   "%sext_ln76_24 = sext i16 %trunc_ln72_11" [yolo_backbone_2.cpp:76]   --->   Operation 112 'sext' 'sext_ln76_24' <Predicate = (!icmp_ln76_12)> <Delay = 0.00>
ST_3 : Operation 113 [1/1] (3.72ns)   --->   "%mul_ln76_12 = mul i24 %sext_ln76_24, i24 102" [yolo_backbone_2.cpp:76]   --->   Operation 113 'mul' 'mul_ln76_12' <Predicate = (!icmp_ln76_12)> <Delay = 3.72> <CoreInst = "Multiplier">   --->   Core 3 'Multiplier' <Latency = 0> <II = 1> <Delay = 3.72> <FuncUnit> <Opcode : 'mul'> <InPorts = 2> <OutPorts = 1>
ST_3 : Operation 114 [1/1] (0.00ns)   --->   "%trunc_ln76_11 = partselect i14 @_ssdm_op_PartSelect.i14.i24.i32.i32, i24 %mul_ln76_12, i32 10, i32 23" [yolo_backbone_2.cpp:76]   --->   Operation 114 'partselect' 'trunc_ln76_11' <Predicate = (!icmp_ln76_12)> <Delay = 0.00>
ST_3 : Operation 115 [1/1] (0.00ns)   --->   "%sext_ln76_25 = sext i14 %trunc_ln76_11" [yolo_backbone_2.cpp:76]   --->   Operation 115 'sext' 'sext_ln76_25' <Predicate = (!icmp_ln76_12)> <Delay = 0.00>
ST_3 : Operation 116 [1/1] (0.39ns)   --->   "%select_ln76_12 = select i1 %icmp_ln76_12, i16 %trunc_ln72_11, i16 %sext_ln76_25" [yolo_backbone_2.cpp:76]   --->   Operation 116 'select' 'select_ln76_12' <Predicate = true> <Delay = 0.39> <CoreInst = "Sel">   --->   Core 73 'Sel' <Latency = 0> <II = 1> <Delay = 0.39> <FuncUnit> <Opcode : 'select'> <InPorts = 3> <OutPorts = 1>
ST_3 : Operation 117 [1/1] (0.00ns)   --->   "%sext_ln76_26 = sext i16 %trunc_ln72_12" [yolo_backbone_2.cpp:76]   --->   Operation 117 'sext' 'sext_ln76_26' <Predicate = (!icmp_ln76_13)> <Delay = 0.00>
ST_3 : Operation 118 [1/1] (3.72ns)   --->   "%mul_ln76_13 = mul i24 %sext_ln76_26, i24 102" [yolo_backbone_2.cpp:76]   --->   Operation 118 'mul' 'mul_ln76_13' <Predicate = (!icmp_ln76_13)> <Delay = 3.72> <CoreInst = "Multiplier">   --->   Core 3 'Multiplier' <Latency = 0> <II = 1> <Delay = 3.72> <FuncUnit> <Opcode : 'mul'> <InPorts = 2> <OutPorts = 1>
ST_3 : Operation 119 [1/1] (0.00ns)   --->   "%trunc_ln76_12 = partselect i14 @_ssdm_op_PartSelect.i14.i24.i32.i32, i24 %mul_ln76_13, i32 10, i32 23" [yolo_backbone_2.cpp:76]   --->   Operation 119 'partselect' 'trunc_ln76_12' <Predicate = (!icmp_ln76_13)> <Delay = 0.00>
ST_3 : Operation 120 [1/1] (0.00ns)   --->   "%sext_ln76_27 = sext i14 %trunc_ln76_12" [yolo_backbone_2.cpp:76]   --->   Operation 120 'sext' 'sext_ln76_27' <Predicate = (!icmp_ln76_13)> <Delay = 0.00>
ST_3 : Operation 121 [1/1] (0.39ns)   --->   "%select_ln76_13 = select i1 %icmp_ln76_13, i16 %trunc_ln72_12, i16 %sext_ln76_27" [yolo_backbone_2.cpp:76]   --->   Operation 121 'select' 'select_ln76_13' <Predicate = true> <Delay = 0.39> <CoreInst = "Sel">   --->   Core 73 'Sel' <Latency = 0> <II = 1> <Delay = 0.39> <FuncUnit> <Opcode : 'select'> <InPorts = 3> <OutPorts = 1>
ST_3 : Operation 122 [1/1] (0.00ns)   --->   "%sext_ln76_28 = sext i16 %trunc_ln72_13" [yolo_backbone_2.cpp:76]   --->   Operation 122 'sext' 'sext_ln76_28' <Predicate = (!icmp_ln76_14)> <Delay = 0.00>
ST_3 : Operation 123 [1/1] (3.72ns)   --->   "%mul_ln76_14 = mul i24 %sext_ln76_28, i24 102" [yolo_backbone_2.cpp:76]   --->   Operation 123 'mul' 'mul_ln76_14' <Predicate = (!icmp_ln76_14)> <Delay = 3.72> <CoreInst = "Multiplier">   --->   Core 3 'Multiplier' <Latency = 0> <II = 1> <Delay = 3.72> <FuncUnit> <Opcode : 'mul'> <InPorts = 2> <OutPorts = 1>
ST_3 : Operation 124 [1/1] (0.00ns)   --->   "%trunc_ln76_13 = partselect i14 @_ssdm_op_PartSelect.i14.i24.i32.i32, i24 %mul_ln76_14, i32 10, i32 23" [yolo_backbone_2.cpp:76]   --->   Operation 124 'partselect' 'trunc_ln76_13' <Predicate = (!icmp_ln76_14)> <Delay = 0.00>
ST_3 : Operation 125 [1/1] (0.00ns)   --->   "%sext_ln76_29 = sext i14 %trunc_ln76_13" [yolo_backbone_2.cpp:76]   --->   Operation 125 'sext' 'sext_ln76_29' <Predicate = (!icmp_ln76_14)> <Delay = 0.00>
ST_3 : Operation 126 [1/1] (0.39ns)   --->   "%select_ln76_14 = select i1 %icmp_ln76_14, i16 %trunc_ln72_13, i16 %sext_ln76_29" [yolo_backbone_2.cpp:76]   --->   Operation 126 'select' 'select_ln76_14' <Predicate = true> <Delay = 0.39> <CoreInst = "Sel">   --->   Core 73 'Sel' <Latency = 0> <II = 1> <Delay = 0.39> <FuncUnit> <Opcode : 'select'> <InPorts = 3> <OutPorts = 1>
ST_3 : Operation 127 [1/1] (0.00ns)   --->   "%sext_ln76_30 = sext i16 %trunc_ln72_14" [yolo_backbone_2.cpp:76]   --->   Operation 127 'sext' 'sext_ln76_30' <Predicate = (!icmp_ln76_15)> <Delay = 0.00>
ST_3 : Operation 128 [1/1] (3.72ns)   --->   "%mul_ln76_15 = mul i24 %sext_ln76_30, i24 102" [yolo_backbone_2.cpp:76]   --->   Operation 128 'mul' 'mul_ln76_15' <Predicate = (!icmp_ln76_15)> <Delay = 3.72> <CoreInst = "Multiplier">   --->   Core 3 'Multiplier' <Latency = 0> <II = 1> <Delay = 3.72> <FuncUnit> <Opcode : 'mul'> <InPorts = 2> <OutPorts = 1>
ST_3 : Operation 129 [1/1] (0.00ns)   --->   "%trunc_ln76_14 = partselect i14 @_ssdm_op_PartSelect.i14.i24.i32.i32, i24 %mul_ln76_15, i32 10, i32 23" [yolo_backbone_2.cpp:76]   --->   Operation 129 'partselect' 'trunc_ln76_14' <Predicate = (!icmp_ln76_15)> <Delay = 0.00>
ST_3 : Operation 130 [1/1] (0.00ns)   --->   "%sext_ln76_31 = sext i14 %trunc_ln76_14" [yolo_backbone_2.cpp:76]   --->   Operation 130 'sext' 'sext_ln76_31' <Predicate = (!icmp_ln76_15)> <Delay = 0.00>
ST_3 : Operation 131 [1/1] (0.39ns)   --->   "%select_ln76_15 = select i1 %icmp_ln76_15, i16 %trunc_ln72_14, i16 %sext_ln76_31" [yolo_backbone_2.cpp:76]   --->   Operation 131 'select' 'select_ln76_15' <Predicate = true> <Delay = 0.39> <CoreInst = "Sel">   --->   Core 73 'Sel' <Latency = 0> <II = 1> <Delay = 0.39> <FuncUnit> <Opcode : 'select'> <InPorts = 3> <OutPorts = 1>
ST_3 : Operation 132 [1/1] (0.00ns)   --->   "%or_ln78_s = bitconcatenate i256 @_ssdm_op_BitConcatenate.i256.i16.i16.i16.i16.i16.i16.i16.i16.i16.i16.i16.i16.i16.i16.i16.i16, i16 %select_ln76_15, i16 %select_ln76_14, i16 %select_ln76_13, i16 %select_ln76_12, i16 %select_ln76_11, i16 %select_ln76_10, i16 %select_ln76_9, i16 %select_ln76_8, i16 %select_ln76_7, i16 %select_ln76_6, i16 %select_ln76_5, i16 %select_ln76_4, i16 %select_ln76_3, i16 %select_ln76_2, i16 %select_ln76_1, i16 %select_ln76" [yolo_backbone_2.cpp:78]   --->   Operation 132 'bitconcatenate' 'or_ln78_s' <Predicate = true> <Delay = 0.00>
ST_3 : Operation 133 [1/1] ( I:2.46ns O:2.46ns )   --->   "%write_ln78 = write void @_ssdm_op_Write.ap_fifo.volatile.i256P0A, i256 %stream_relu_out, i256 %or_ln78_s" [yolo_backbone_2.cpp:78]   --->   Operation 133 'write' 'write_ln78' <Predicate = true> <Delay = 2.46> <CoreInst = "FIFO_SRL">   --->   Core 80 'FIFO_SRL' <Latency = 0> <II = 1> <Delay = 2.46> <Storage> <Opcode : 'read' 'write' 'nbread' 'nbwrite'> <Ports = 0> <Width = 256> <Depth = 2> <FIFO>
ST_3 : Operation 134 [1/1] (0.00ns)   --->   "%br_ln70 = br void %VITIS_LOOP_74_2" [yolo_backbone_2.cpp:70]   --->   Operation 134 'br' 'br_ln70' <Predicate = true> <Delay = 0.00>


============================================================
+ Verbose Summary: Timing violations
============================================================
Target clock period: 10.000ns, clock uncertainty: 2.700ns.

 <State 1>: 3.023ns
The critical path consists of the following:
	'store' operation ('store_ln70', yolo_backbone_2.cpp:70) of constant 0 8 bit on local variable 'i', yolo_backbone_2.cpp:70 [6]  (0.833 ns)
	'load' operation 8 bit ('i', yolo_backbone_2.cpp:70) on local variable 'i', yolo_backbone_2.cpp:70 [9]  (0.000 ns)
	'icmp' operation 1 bit ('icmp_ln70', yolo_backbone_2.cpp:70) [10]  (1.357 ns)
	'store' operation ('store_ln70', yolo_backbone_2.cpp:70) of variable 'i', yolo_backbone_2.cpp:70 8 bit on local variable 'i', yolo_backbone_2.cpp:70 [132]  (0.833 ns)

 <State 2>: 3.814ns
The critical path consists of the following:
	fifo read operation ('stream_l1_out_read', yolo_backbone_2.cpp:72) on port 'stream_l1_out' (yolo_backbone_2.cpp:72) [17]  (2.468 ns)
	'icmp' operation 1 bit ('icmp_ln76', yolo_backbone_2.cpp:76) [34]  (1.346 ns)

 <State 3>: 6.578ns
The critical path consists of the following:
	'mul' operation 24 bit ('mul_ln76', yolo_backbone_2.cpp:76) [36]  (3.720 ns)
	'select' operation 16 bit ('select_ln76', yolo_backbone_2.cpp:76) [39]  (0.390 ns)
	fifo write operation ('write_ln78', yolo_backbone_2.cpp:78) on port 'stream_relu_out' (yolo_backbone_2.cpp:78) [131]  (2.468 ns)


============================================================
+ Verbose Summary: Binding
============================================================
N/A
* FSMD analyzer results:
  - Output states:
 - Input state : 
  - Chain level:
	State 1
	State 2
	State 3


============================================================
+ Verbose Summary: Datapath Resource usage 
============================================================
N/A
