

================================================================
== Vitis HLS Report for 'store_image_Pipeline_VITIS_LOOP_212_1'
================================================================
* Date:           Wed Jun 17 00:16:04 2026

* Version:        2025.2 (Build 6295257 on Nov 14 2025)
* Project:        yolo_backbone_2
* Solution:       hls (Vivado IP Flow Target)
* Product family: kintex7
* Target device:  xc7k325t-ffg900-2


================================================================
== Performance Estimates
================================================================
+ Timing: 
    * Summary: 
    +--------+----------+----------+------------+
    |  Clock |  Target  | Estimated| Uncertainty|
    +--------+----------+----------+------------+
    |ap_clk  |  10.00 ns|  7.300 ns|     2.70 ns|
    +--------+----------+----------+------------+

+ Latency: 
    * Summary: 
    +---------+---------+-----------+-----------+-----+-----+-------------------+
    |  Latency (cycles) |   Latency (absolute)  |  Interval |      Pipeline     |
    |   min   |   max   |    min    |    max    | min | max |        Type       |
    +---------+---------+-----------+-----------+-----+-----+-------------------+
    |     1155|     1155|  11.550 us|  11.550 us|    0|    0|  loop pipeline stp|
    +---------+---------+-----------+-----------+-----+-----+-------------------+

    + Detail: 
        * Instance: 
        N/A

        * Loop: 
        +--------------------+---------+---------+----------+-----------+-----------+------+----------+
        |                    |  Latency (cycles) | Iteration|  Initiation Interval  | Trip |          |
        |      Loop Name     |   min   |   max   |  Latency |  achieved |   target  | Count| Pipelined|
        +--------------------+---------+---------+----------+-----------+-----------+------+----------+
        |- VITIS_LOOP_212_1  |     1153|     1153|        34|         32|          1|    36|       yes|
        +--------------------+---------+---------+----------+-----------+-----------+------+----------+

============================================================
+ Verbose Summary: Synthesis Manager
============================================================
InlineROM: 1
ExposeGlobal: 0
============================================================
+ Verbose Summary: CDFG Model
============================================================
IsTopModel: 0
ResetActiveHigh: 1
IsCombinational: 0
IsDatapathOnly: 0
HasWiredReturn: 1
HasMFsm: 2
HasVarLatency: 1
IsPipeline: 0
IsRtlPipelined: 0
IsInstanceOverlapped: 0
IsDontTouch: 0
HasImplIP: 0
IsGatedGlobalClock: 0

+ Individual pipeline summary: 
  * Pipeline-0: initiation interval (II) = 32, depth = 34


============================================================
+ Verbose Summary: Schedule
============================================================
* Number of FSM states : 34
* Pipeline : 1
  Pipeline-0 : II = 32, D = 34, States = { 1 2 3 4 5 6 7 8 9 10 11 12 13 14 15 16 17 18 19 20 21 22 23 24 25 26 27 28 29 30 31 32 33 34 }
* Dataflow Pipeline: 0

* FSM state transitions: 
1 --> 2 
2 --> 3 
3 --> 4 
4 --> 5 
5 --> 6 
6 --> 7 
7 --> 8 
8 --> 9 
9 --> 10 
10 --> 11 
11 --> 12 
12 --> 13 
13 --> 14 
14 --> 15 
15 --> 16 
16 --> 17 
17 --> 18 
18 --> 19 
19 --> 20 
20 --> 21 
21 --> 22 
22 --> 23 
23 --> 24 
24 --> 25 
25 --> 26 
26 --> 27 
27 --> 28 
28 --> 29 
29 --> 30 
30 --> 31 
31 --> 32 
32 --> 33 
33 --> 34 
34 --> 

* FSM state operations: 

State 1 <SV = 0> <Delay = 2.85>
ST_1 : Operation 37 [1/1] (0.00ns)   --->   "%i = alloca i32 1" [yolo_backbone_2.cpp:212]   --->   Operation 37 'alloca' 'i' <Predicate = true> <Delay = 0.00>
ST_1 : Operation 38 [1/1] (0.00ns)   --->   "%sext_ln212_read = read i63 @_ssdm_op_Read.ap_auto.i63, i63 %sext_ln212"   --->   Operation 38 'read' 'sext_ln212_read' <Predicate = true> <Delay = 0.00>
ST_1 : Operation 39 [1/1] (0.00ns)   --->   "%sext_ln212_cast = sext i63 %sext_ln212_read"   --->   Operation 39 'sext' 'sext_ln212_cast' <Predicate = true> <Delay = 0.00>
ST_1 : Operation 40 [1/1] (0.00ns)   --->   "%specinterface_ln0 = specinterface void @_ssdm_op_SpecInterface, i16 %gmem3, void @empty_29, i32 0, i32 0, void @empty_18, i32 0, i32 0, void @empty_26, void @empty_19, void @empty_18, i32 16, i32 16, i32 16, i32 16, void @empty_18, void @empty_18, i32 4294967295, i32 0, i32 0, i32 2"   --->   Operation 40 'specinterface' 'specinterface_ln0' <Predicate = true> <Delay = 0.00>
ST_1 : Operation 41 [1/1] (0.00ns)   --->   "%specinterface_ln0 = specinterface void @_ssdm_op_SpecInterface, i512 %stream_pool_out, void @empty_13, i32 0, i32 0, void @empty_18, i32 0, i32 0, void @empty_18, void @empty_18, void @empty_18, i32 0, i32 0, i32 0, i32 0, void @empty_18, void @empty_18, i32 4294967295, i32 0, i32 0, i32 0"   --->   Operation 41 'specinterface' 'specinterface_ln0' <Predicate = true> <Delay = 0.00>
ST_1 : Operation 42 [1/1] (0.83ns)   --->   "%store_ln212 = store i6 0, i6 %i" [yolo_backbone_2.cpp:212]   --->   Operation 42 'store' 'store_ln212' <Predicate = true> <Delay = 0.83>
ST_1 : Operation 43 [1/1] (0.00ns)   --->   "%br_ln212 = br void %VITIS_LOOP_215_2" [yolo_backbone_2.cpp:212]   --->   Operation 43 'br' 'br_ln212' <Predicate = true> <Delay = 0.00>
ST_1 : Operation 44 [1/1] (0.00ns)   --->   "%i_1 = load i6 %i" [yolo_backbone_2.cpp:212]   --->   Operation 44 'load' 'i_1' <Predicate = true> <Delay = 0.00>
ST_1 : Operation 45 [1/1] (1.18ns)   --->   "%icmp_ln212 = icmp_eq  i6 %i_1, i6 36" [yolo_backbone_2.cpp:212]   --->   Operation 45 'icmp' 'icmp_ln212' <Predicate = true> <Delay = 1.18> <CoreInst = "Cmp">   --->   Core 9 'Cmp' <Latency = 0> <II = 1> <Delay = 1.18> <FuncUnit> <Opcode : 'seteq' 'setne' 'setle' 'setge' 'setlt' 'setgt'> <InPorts = 2> <OutPorts = 1>
ST_1 : Operation 46 [1/1] (1.18ns)   --->   "%add_ln212 = add i6 %i_1, i6 1" [yolo_backbone_2.cpp:212]   --->   Operation 46 'add' 'add_ln212' <Predicate = true> <Delay = 1.18> <CoreInst = "Adder">   --->   Core 1 'Adder' <Latency = 0> <II = 1> <Delay = 1.18> <FuncUnit> <Opcode : 'add' 'sub'> <InPorts = 2> <OutPorts = 1>
ST_1 : Operation 47 [1/1] (0.00ns)   --->   "%br_ln212 = br i1 %icmp_ln212, void %VITIS_LOOP_215_2.split, void %for.end9.exitStub" [yolo_backbone_2.cpp:212]   --->   Operation 47 'br' 'br_ln212' <Predicate = true> <Delay = 0.00>
ST_1 : Operation 48 [1/1] (0.00ns)   --->   "%gmem3_addr = getelementptr i16 %gmem3, i64 %sext_ln212_cast" [yolo_backbone_2.cpp:212]   --->   Operation 48 'getelementptr' 'gmem3_addr' <Predicate = (!icmp_ln212)> <Delay = 0.00>
ST_1 : Operation 49 [1/1] (0.83ns)   --->   "%store_ln212 = store i6 %add_ln212, i6 %i" [yolo_backbone_2.cpp:212]   --->   Operation 49 'store' 'store_ln212' <Predicate = (!icmp_ln212)> <Delay = 0.83>

State 2 <SV = 1> <Delay = 2.46>
ST_2 : Operation 50 [1/1] ( I:2.46ns O:2.46ns )   --->   "%stream_pool_out_read = read i512 @_ssdm_op_Read.ap_fifo.volatile.i512P0A, i512 %stream_pool_out" [yolo_backbone_2.cpp:214]   --->   Operation 50 'read' 'stream_pool_out_read' <Predicate = (!icmp_ln212)> <Delay = 2.46> <CoreInst = "FIFO_SRL">   --->   Core 80 'FIFO_SRL' <Latency = 0> <II = 1> <Delay = 2.46> <Storage> <Opcode : 'read' 'write' 'nbread' 'nbwrite'> <Ports = 0> <Width = 512> <Depth = 2> <FIFO>
ST_2 : Operation 51 [1/1] (0.00ns)   --->   "%trunc_ln214 = trunc i512 %stream_pool_out_read" [yolo_backbone_2.cpp:214]   --->   Operation 51 'trunc' 'trunc_ln214' <Predicate = (!icmp_ln212)> <Delay = 0.00>
ST_2 : Operation 52 [1/1] (0.00ns)   --->   "%trunc_ln214_1 = partselect i16 @_ssdm_op_PartSelect.i16.i512.i32.i32, i512 %stream_pool_out_read, i32 16, i32 31" [yolo_backbone_2.cpp:214]   --->   Operation 52 'partselect' 'trunc_ln214_1' <Predicate = (!icmp_ln212)> <Delay = 0.00>
ST_2 : Operation 53 [1/1] (0.00ns)   --->   "%trunc_ln214_2 = partselect i16 @_ssdm_op_PartSelect.i16.i512.i32.i32, i512 %stream_pool_out_read, i32 32, i32 47" [yolo_backbone_2.cpp:214]   --->   Operation 53 'partselect' 'trunc_ln214_2' <Predicate = (!icmp_ln212)> <Delay = 0.00>
ST_2 : Operation 54 [1/1] (0.00ns)   --->   "%trunc_ln214_3 = partselect i16 @_ssdm_op_PartSelect.i16.i512.i32.i32, i512 %stream_pool_out_read, i32 48, i32 63" [yolo_backbone_2.cpp:214]   --->   Operation 54 'partselect' 'trunc_ln214_3' <Predicate = (!icmp_ln212)> <Delay = 0.00>
ST_2 : Operation 55 [1/1] (0.00ns)   --->   "%trunc_ln214_4 = partselect i16 @_ssdm_op_PartSelect.i16.i512.i32.i32, i512 %stream_pool_out_read, i32 64, i32 79" [yolo_backbone_2.cpp:214]   --->   Operation 55 'partselect' 'trunc_ln214_4' <Predicate = (!icmp_ln212)> <Delay = 0.00>
ST_2 : Operation 56 [1/1] (0.00ns)   --->   "%trunc_ln214_5 = partselect i16 @_ssdm_op_PartSelect.i16.i512.i32.i32, i512 %stream_pool_out_read, i32 80, i32 95" [yolo_backbone_2.cpp:214]   --->   Operation 56 'partselect' 'trunc_ln214_5' <Predicate = (!icmp_ln212)> <Delay = 0.00>
ST_2 : Operation 57 [1/1] (0.00ns)   --->   "%trunc_ln214_6 = partselect i16 @_ssdm_op_PartSelect.i16.i512.i32.i32, i512 %stream_pool_out_read, i32 96, i32 111" [yolo_backbone_2.cpp:214]   --->   Operation 57 'partselect' 'trunc_ln214_6' <Predicate = (!icmp_ln212)> <Delay = 0.00>
ST_2 : Operation 58 [1/1] (0.00ns)   --->   "%trunc_ln214_7 = partselect i16 @_ssdm_op_PartSelect.i16.i512.i32.i32, i512 %stream_pool_out_read, i32 112, i32 127" [yolo_backbone_2.cpp:214]   --->   Operation 58 'partselect' 'trunc_ln214_7' <Predicate = (!icmp_ln212)> <Delay = 0.00>
ST_2 : Operation 59 [1/1] (0.00ns)   --->   "%trunc_ln214_8 = partselect i16 @_ssdm_op_PartSelect.i16.i512.i32.i32, i512 %stream_pool_out_read, i32 128, i32 143" [yolo_backbone_2.cpp:214]   --->   Operation 59 'partselect' 'trunc_ln214_8' <Predicate = (!icmp_ln212)> <Delay = 0.00>
ST_2 : Operation 60 [1/1] (0.00ns)   --->   "%trunc_ln214_9 = partselect i16 @_ssdm_op_PartSelect.i16.i512.i32.i32, i512 %stream_pool_out_read, i32 144, i32 159" [yolo_backbone_2.cpp:214]   --->   Operation 60 'partselect' 'trunc_ln214_9' <Predicate = (!icmp_ln212)> <Delay = 0.00>
ST_2 : Operation 61 [1/1] (0.00ns)   --->   "%trunc_ln214_s = partselect i16 @_ssdm_op_PartSelect.i16.i512.i32.i32, i512 %stream_pool_out_read, i32 160, i32 175" [yolo_backbone_2.cpp:214]   --->   Operation 61 'partselect' 'trunc_ln214_s' <Predicate = (!icmp_ln212)> <Delay = 0.00>
ST_2 : Operation 62 [1/1] (0.00ns)   --->   "%trunc_ln214_10 = partselect i16 @_ssdm_op_PartSelect.i16.i512.i32.i32, i512 %stream_pool_out_read, i32 176, i32 191" [yolo_backbone_2.cpp:214]   --->   Operation 62 'partselect' 'trunc_ln214_10' <Predicate = (!icmp_ln212)> <Delay = 0.00>
ST_2 : Operation 63 [1/1] (0.00ns)   --->   "%trunc_ln214_11 = partselect i16 @_ssdm_op_PartSelect.i16.i512.i32.i32, i512 %stream_pool_out_read, i32 192, i32 207" [yolo_backbone_2.cpp:214]   --->   Operation 63 'partselect' 'trunc_ln214_11' <Predicate = (!icmp_ln212)> <Delay = 0.00>
ST_2 : Operation 64 [1/1] (0.00ns)   --->   "%trunc_ln214_12 = partselect i16 @_ssdm_op_PartSelect.i16.i512.i32.i32, i512 %stream_pool_out_read, i32 208, i32 223" [yolo_backbone_2.cpp:214]   --->   Operation 64 'partselect' 'trunc_ln214_12' <Predicate = (!icmp_ln212)> <Delay = 0.00>
ST_2 : Operation 65 [1/1] (0.00ns)   --->   "%trunc_ln214_13 = partselect i16 @_ssdm_op_PartSelect.i16.i512.i32.i32, i512 %stream_pool_out_read, i32 224, i32 239" [yolo_backbone_2.cpp:214]   --->   Operation 65 'partselect' 'trunc_ln214_13' <Predicate = (!icmp_ln212)> <Delay = 0.00>
ST_2 : Operation 66 [1/1] (0.00ns)   --->   "%trunc_ln214_14 = partselect i16 @_ssdm_op_PartSelect.i16.i512.i32.i32, i512 %stream_pool_out_read, i32 240, i32 255" [yolo_backbone_2.cpp:214]   --->   Operation 66 'partselect' 'trunc_ln214_14' <Predicate = (!icmp_ln212)> <Delay = 0.00>
ST_2 : Operation 67 [1/1] (0.00ns)   --->   "%trunc_ln214_15 = partselect i16 @_ssdm_op_PartSelect.i16.i512.i32.i32, i512 %stream_pool_out_read, i32 256, i32 271" [yolo_backbone_2.cpp:214]   --->   Operation 67 'partselect' 'trunc_ln214_15' <Predicate = (!icmp_ln212)> <Delay = 0.00>
ST_2 : Operation 68 [1/1] (0.00ns)   --->   "%trunc_ln214_16 = partselect i16 @_ssdm_op_PartSelect.i16.i512.i32.i32, i512 %stream_pool_out_read, i32 272, i32 287" [yolo_backbone_2.cpp:214]   --->   Operation 68 'partselect' 'trunc_ln214_16' <Predicate = (!icmp_ln212)> <Delay = 0.00>
ST_2 : Operation 69 [1/1] (0.00ns)   --->   "%trunc_ln214_17 = partselect i16 @_ssdm_op_PartSelect.i16.i512.i32.i32, i512 %stream_pool_out_read, i32 288, i32 303" [yolo_backbone_2.cpp:214]   --->   Operation 69 'partselect' 'trunc_ln214_17' <Predicate = (!icmp_ln212)> <Delay = 0.00>
ST_2 : Operation 70 [1/1] (0.00ns)   --->   "%trunc_ln214_18 = partselect i16 @_ssdm_op_PartSelect.i16.i512.i32.i32, i512 %stream_pool_out_read, i32 304, i32 319" [yolo_backbone_2.cpp:214]   --->   Operation 70 'partselect' 'trunc_ln214_18' <Predicate = (!icmp_ln212)> <Delay = 0.00>
ST_2 : Operation 71 [1/1] (0.00ns)   --->   "%trunc_ln214_19 = partselect i16 @_ssdm_op_PartSelect.i16.i512.i32.i32, i512 %stream_pool_out_read, i32 320, i32 335" [yolo_backbone_2.cpp:214]   --->   Operation 71 'partselect' 'trunc_ln214_19' <Predicate = (!icmp_ln212)> <Delay = 0.00>
ST_2 : Operation 72 [1/1] (0.00ns)   --->   "%trunc_ln214_20 = partselect i16 @_ssdm_op_PartSelect.i16.i512.i32.i32, i512 %stream_pool_out_read, i32 336, i32 351" [yolo_backbone_2.cpp:214]   --->   Operation 72 'partselect' 'trunc_ln214_20' <Predicate = (!icmp_ln212)> <Delay = 0.00>
ST_2 : Operation 73 [1/1] (0.00ns)   --->   "%trunc_ln214_21 = partselect i16 @_ssdm_op_PartSelect.i16.i512.i32.i32, i512 %stream_pool_out_read, i32 352, i32 367" [yolo_backbone_2.cpp:214]   --->   Operation 73 'partselect' 'trunc_ln214_21' <Predicate = (!icmp_ln212)> <Delay = 0.00>
ST_2 : Operation 74 [1/1] (0.00ns)   --->   "%trunc_ln214_22 = partselect i16 @_ssdm_op_PartSelect.i16.i512.i32.i32, i512 %stream_pool_out_read, i32 368, i32 383" [yolo_backbone_2.cpp:214]   --->   Operation 74 'partselect' 'trunc_ln214_22' <Predicate = (!icmp_ln212)> <Delay = 0.00>
ST_2 : Operation 75 [1/1] (0.00ns)   --->   "%trunc_ln214_23 = partselect i16 @_ssdm_op_PartSelect.i16.i512.i32.i32, i512 %stream_pool_out_read, i32 384, i32 399" [yolo_backbone_2.cpp:214]   --->   Operation 75 'partselect' 'trunc_ln214_23' <Predicate = (!icmp_ln212)> <Delay = 0.00>
ST_2 : Operation 76 [1/1] (0.00ns)   --->   "%trunc_ln214_24 = partselect i16 @_ssdm_op_PartSelect.i16.i512.i32.i32, i512 %stream_pool_out_read, i32 400, i32 415" [yolo_backbone_2.cpp:214]   --->   Operation 76 'partselect' 'trunc_ln214_24' <Predicate = (!icmp_ln212)> <Delay = 0.00>
ST_2 : Operation 77 [1/1] (0.00ns)   --->   "%trunc_ln214_25 = partselect i16 @_ssdm_op_PartSelect.i16.i512.i32.i32, i512 %stream_pool_out_read, i32 416, i32 431" [yolo_backbone_2.cpp:214]   --->   Operation 77 'partselect' 'trunc_ln214_25' <Predicate = (!icmp_ln212)> <Delay = 0.00>
ST_2 : Operation 78 [1/1] (0.00ns)   --->   "%trunc_ln214_26 = partselect i16 @_ssdm_op_PartSelect.i16.i512.i32.i32, i512 %stream_pool_out_read, i32 432, i32 447" [yolo_backbone_2.cpp:214]   --->   Operation 78 'partselect' 'trunc_ln214_26' <Predicate = (!icmp_ln212)> <Delay = 0.00>
ST_2 : Operation 79 [1/1] (0.00ns)   --->   "%trunc_ln214_27 = partselect i16 @_ssdm_op_PartSelect.i16.i512.i32.i32, i512 %stream_pool_out_read, i32 448, i32 463" [yolo_backbone_2.cpp:214]   --->   Operation 79 'partselect' 'trunc_ln214_27' <Predicate = (!icmp_ln212)> <Delay = 0.00>
ST_2 : Operation 80 [1/1] (0.00ns)   --->   "%trunc_ln214_28 = partselect i16 @_ssdm_op_PartSelect.i16.i512.i32.i32, i512 %stream_pool_out_read, i32 464, i32 479" [yolo_backbone_2.cpp:214]   --->   Operation 80 'partselect' 'trunc_ln214_28' <Predicate = (!icmp_ln212)> <Delay = 0.00>
ST_2 : Operation 81 [1/1] (0.00ns)   --->   "%trunc_ln214_29 = partselect i16 @_ssdm_op_PartSelect.i16.i512.i32.i32, i512 %stream_pool_out_read, i32 480, i32 495" [yolo_backbone_2.cpp:214]   --->   Operation 81 'partselect' 'trunc_ln214_29' <Predicate = (!icmp_ln212)> <Delay = 0.00>
ST_2 : Operation 82 [1/1] (0.00ns)   --->   "%trunc_ln214_30 = partselect i16 @_ssdm_op_PartSelect.i16.i512.i32.i32, i512 %stream_pool_out_read, i32 496, i32 511" [yolo_backbone_2.cpp:214]   --->   Operation 82 'partselect' 'trunc_ln214_30' <Predicate = (!icmp_ln212)> <Delay = 0.00>
ST_2 : Operation 119 [1/1] (0.83ns)   --->   "%ret_ln0 = ret"   --->   Operation 119 'ret' 'ret_ln0' <Predicate = (icmp_ln212)> <Delay = 0.83>

State 3 <SV = 2> <Delay = 7.30>
ST_3 : Operation 83 [1/1] ( I:7.30ns O:7.30ns )   --->   "%write_ln212 = write void @_ssdm_op_Write.m_axi.p1i16.i16, i16 %gmem3_addr, i16 %trunc_ln214, i2 3" [yolo_backbone_2.cpp:212]   --->   Operation 83 'write' 'write_ln212' <Predicate = (!icmp_ln212)> <Delay = 7.30> <CoreInst = "m_axi">   --->   Core 111 'm_axi' <Latency = 5> <II = 1> <Delay = 1.00> <Adapter> <Opcode : 'readrequnaligned' 'writerequnaligned' 'read' 'write' 'readreq' 'writereq' 'writeresp'>

State 4 <SV = 3> <Delay = 7.30>
ST_4 : Operation 84 [1/1] ( I:7.30ns O:7.30ns )   --->   "%write_ln212 = write void @_ssdm_op_Write.m_axi.p1i16.i16, i16 %gmem3_addr, i16 %trunc_ln214_1, i2 3" [yolo_backbone_2.cpp:212]   --->   Operation 84 'write' 'write_ln212' <Predicate = (!icmp_ln212)> <Delay = 7.30> <CoreInst = "m_axi">   --->   Core 111 'm_axi' <Latency = 5> <II = 1> <Delay = 1.00> <Adapter> <Opcode : 'readrequnaligned' 'writerequnaligned' 'read' 'write' 'readreq' 'writereq' 'writeresp'>

State 5 <SV = 4> <Delay = 7.30>
ST_5 : Operation 85 [1/1] ( I:7.30ns O:7.30ns )   --->   "%write_ln212 = write void @_ssdm_op_Write.m_axi.p1i16.i16, i16 %gmem3_addr, i16 %trunc_ln214_2, i2 3" [yolo_backbone_2.cpp:212]   --->   Operation 85 'write' 'write_ln212' <Predicate = (!icmp_ln212)> <Delay = 7.30> <CoreInst = "m_axi">   --->   Core 111 'm_axi' <Latency = 5> <II = 1> <Delay = 1.00> <Adapter> <Opcode : 'readrequnaligned' 'writerequnaligned' 'read' 'write' 'readreq' 'writereq' 'writeresp'>

State 6 <SV = 5> <Delay = 7.30>
ST_6 : Operation 86 [1/1] ( I:7.30ns O:7.30ns )   --->   "%write_ln212 = write void @_ssdm_op_Write.m_axi.p1i16.i16, i16 %gmem3_addr, i16 %trunc_ln214_3, i2 3" [yolo_backbone_2.cpp:212]   --->   Operation 86 'write' 'write_ln212' <Predicate = (!icmp_ln212)> <Delay = 7.30> <CoreInst = "m_axi">   --->   Core 111 'm_axi' <Latency = 5> <II = 1> <Delay = 1.00> <Adapter> <Opcode : 'readrequnaligned' 'writerequnaligned' 'read' 'write' 'readreq' 'writereq' 'writeresp'>

State 7 <SV = 6> <Delay = 7.30>
ST_7 : Operation 87 [1/1] ( I:7.30ns O:7.30ns )   --->   "%write_ln212 = write void @_ssdm_op_Write.m_axi.p1i16.i16, i16 %gmem3_addr, i16 %trunc_ln214_4, i2 3" [yolo_backbone_2.cpp:212]   --->   Operation 87 'write' 'write_ln212' <Predicate = (!icmp_ln212)> <Delay = 7.30> <CoreInst = "m_axi">   --->   Core 111 'm_axi' <Latency = 5> <II = 1> <Delay = 1.00> <Adapter> <Opcode : 'readrequnaligned' 'writerequnaligned' 'read' 'write' 'readreq' 'writereq' 'writeresp'>

State 8 <SV = 7> <Delay = 7.30>
ST_8 : Operation 88 [1/1] ( I:7.30ns O:7.30ns )   --->   "%write_ln212 = write void @_ssdm_op_Write.m_axi.p1i16.i16, i16 %gmem3_addr, i16 %trunc_ln214_5, i2 3" [yolo_backbone_2.cpp:212]   --->   Operation 88 'write' 'write_ln212' <Predicate = (!icmp_ln212)> <Delay = 7.30> <CoreInst = "m_axi">   --->   Core 111 'm_axi' <Latency = 5> <II = 1> <Delay = 1.00> <Adapter> <Opcode : 'readrequnaligned' 'writerequnaligned' 'read' 'write' 'readreq' 'writereq' 'writeresp'>

State 9 <SV = 8> <Delay = 7.30>
ST_9 : Operation 89 [1/1] ( I:7.30ns O:7.30ns )   --->   "%write_ln212 = write void @_ssdm_op_Write.m_axi.p1i16.i16, i16 %gmem3_addr, i16 %trunc_ln214_6, i2 3" [yolo_backbone_2.cpp:212]   --->   Operation 89 'write' 'write_ln212' <Predicate = (!icmp_ln212)> <Delay = 7.30> <CoreInst = "m_axi">   --->   Core 111 'm_axi' <Latency = 5> <II = 1> <Delay = 1.00> <Adapter> <Opcode : 'readrequnaligned' 'writerequnaligned' 'read' 'write' 'readreq' 'writereq' 'writeresp'>

State 10 <SV = 9> <Delay = 7.30>
ST_10 : Operation 90 [1/1] ( I:7.30ns O:7.30ns )   --->   "%write_ln212 = write void @_ssdm_op_Write.m_axi.p1i16.i16, i16 %gmem3_addr, i16 %trunc_ln214_7, i2 3" [yolo_backbone_2.cpp:212]   --->   Operation 90 'write' 'write_ln212' <Predicate = (!icmp_ln212)> <Delay = 7.30> <CoreInst = "m_axi">   --->   Core 111 'm_axi' <Latency = 5> <II = 1> <Delay = 1.00> <Adapter> <Opcode : 'readrequnaligned' 'writerequnaligned' 'read' 'write' 'readreq' 'writereq' 'writeresp'>

State 11 <SV = 10> <Delay = 7.30>
ST_11 : Operation 91 [1/1] ( I:7.30ns O:7.30ns )   --->   "%write_ln212 = write void @_ssdm_op_Write.m_axi.p1i16.i16, i16 %gmem3_addr, i16 %trunc_ln214_8, i2 3" [yolo_backbone_2.cpp:212]   --->   Operation 91 'write' 'write_ln212' <Predicate = (!icmp_ln212)> <Delay = 7.30> <CoreInst = "m_axi">   --->   Core 111 'm_axi' <Latency = 5> <II = 1> <Delay = 1.00> <Adapter> <Opcode : 'readrequnaligned' 'writerequnaligned' 'read' 'write' 'readreq' 'writereq' 'writeresp'>

State 12 <SV = 11> <Delay = 7.30>
ST_12 : Operation 92 [1/1] ( I:7.30ns O:7.30ns )   --->   "%write_ln212 = write void @_ssdm_op_Write.m_axi.p1i16.i16, i16 %gmem3_addr, i16 %trunc_ln214_9, i2 3" [yolo_backbone_2.cpp:212]   --->   Operation 92 'write' 'write_ln212' <Predicate = (!icmp_ln212)> <Delay = 7.30> <CoreInst = "m_axi">   --->   Core 111 'm_axi' <Latency = 5> <II = 1> <Delay = 1.00> <Adapter> <Opcode : 'readrequnaligned' 'writerequnaligned' 'read' 'write' 'readreq' 'writereq' 'writeresp'>

State 13 <SV = 12> <Delay = 7.30>
ST_13 : Operation 93 [1/1] ( I:7.30ns O:7.30ns )   --->   "%write_ln212 = write void @_ssdm_op_Write.m_axi.p1i16.i16, i16 %gmem3_addr, i16 %trunc_ln214_s, i2 3" [yolo_backbone_2.cpp:212]   --->   Operation 93 'write' 'write_ln212' <Predicate = (!icmp_ln212)> <Delay = 7.30> <CoreInst = "m_axi">   --->   Core 111 'm_axi' <Latency = 5> <II = 1> <Delay = 1.00> <Adapter> <Opcode : 'readrequnaligned' 'writerequnaligned' 'read' 'write' 'readreq' 'writereq' 'writeresp'>

State 14 <SV = 13> <Delay = 7.30>
ST_14 : Operation 94 [1/1] ( I:7.30ns O:7.30ns )   --->   "%write_ln212 = write void @_ssdm_op_Write.m_axi.p1i16.i16, i16 %gmem3_addr, i16 %trunc_ln214_10, i2 3" [yolo_backbone_2.cpp:212]   --->   Operation 94 'write' 'write_ln212' <Predicate = (!icmp_ln212)> <Delay = 7.30> <CoreInst = "m_axi">   --->   Core 111 'm_axi' <Latency = 5> <II = 1> <Delay = 1.00> <Adapter> <Opcode : 'readrequnaligned' 'writerequnaligned' 'read' 'write' 'readreq' 'writereq' 'writeresp'>

State 15 <SV = 14> <Delay = 7.30>
ST_15 : Operation 95 [1/1] ( I:7.30ns O:7.30ns )   --->   "%write_ln212 = write void @_ssdm_op_Write.m_axi.p1i16.i16, i16 %gmem3_addr, i16 %trunc_ln214_11, i2 3" [yolo_backbone_2.cpp:212]   --->   Operation 95 'write' 'write_ln212' <Predicate = (!icmp_ln212)> <Delay = 7.30> <CoreInst = "m_axi">   --->   Core 111 'm_axi' <Latency = 5> <II = 1> <Delay = 1.00> <Adapter> <Opcode : 'readrequnaligned' 'writerequnaligned' 'read' 'write' 'readreq' 'writereq' 'writeresp'>

State 16 <SV = 15> <Delay = 7.30>
ST_16 : Operation 96 [1/1] ( I:7.30ns O:7.30ns )   --->   "%write_ln212 = write void @_ssdm_op_Write.m_axi.p1i16.i16, i16 %gmem3_addr, i16 %trunc_ln214_12, i2 3" [yolo_backbone_2.cpp:212]   --->   Operation 96 'write' 'write_ln212' <Predicate = (!icmp_ln212)> <Delay = 7.30> <CoreInst = "m_axi">   --->   Core 111 'm_axi' <Latency = 5> <II = 1> <Delay = 1.00> <Adapter> <Opcode : 'readrequnaligned' 'writerequnaligned' 'read' 'write' 'readreq' 'writereq' 'writeresp'>

State 17 <SV = 16> <Delay = 7.30>
ST_17 : Operation 97 [1/1] ( I:7.30ns O:7.30ns )   --->   "%write_ln212 = write void @_ssdm_op_Write.m_axi.p1i16.i16, i16 %gmem3_addr, i16 %trunc_ln214_13, i2 3" [yolo_backbone_2.cpp:212]   --->   Operation 97 'write' 'write_ln212' <Predicate = (!icmp_ln212)> <Delay = 7.30> <CoreInst = "m_axi">   --->   Core 111 'm_axi' <Latency = 5> <II = 1> <Delay = 1.00> <Adapter> <Opcode : 'readrequnaligned' 'writerequnaligned' 'read' 'write' 'readreq' 'writereq' 'writeresp'>

State 18 <SV = 17> <Delay = 7.30>
ST_18 : Operation 98 [1/1] ( I:7.30ns O:7.30ns )   --->   "%write_ln212 = write void @_ssdm_op_Write.m_axi.p1i16.i16, i16 %gmem3_addr, i16 %trunc_ln214_14, i2 3" [yolo_backbone_2.cpp:212]   --->   Operation 98 'write' 'write_ln212' <Predicate = (!icmp_ln212)> <Delay = 7.30> <CoreInst = "m_axi">   --->   Core 111 'm_axi' <Latency = 5> <II = 1> <Delay = 1.00> <Adapter> <Opcode : 'readrequnaligned' 'writerequnaligned' 'read' 'write' 'readreq' 'writereq' 'writeresp'>

State 19 <SV = 18> <Delay = 7.30>
ST_19 : Operation 99 [1/1] ( I:7.30ns O:7.30ns )   --->   "%write_ln212 = write void @_ssdm_op_Write.m_axi.p1i16.i16, i16 %gmem3_addr, i16 %trunc_ln214_15, i2 3" [yolo_backbone_2.cpp:212]   --->   Operation 99 'write' 'write_ln212' <Predicate = (!icmp_ln212)> <Delay = 7.30> <CoreInst = "m_axi">   --->   Core 111 'm_axi' <Latency = 5> <II = 1> <Delay = 1.00> <Adapter> <Opcode : 'readrequnaligned' 'writerequnaligned' 'read' 'write' 'readreq' 'writereq' 'writeresp'>

State 20 <SV = 19> <Delay = 7.30>
ST_20 : Operation 100 [1/1] ( I:7.30ns O:7.30ns )   --->   "%write_ln212 = write void @_ssdm_op_Write.m_axi.p1i16.i16, i16 %gmem3_addr, i16 %trunc_ln214_16, i2 3" [yolo_backbone_2.cpp:212]   --->   Operation 100 'write' 'write_ln212' <Predicate = (!icmp_ln212)> <Delay = 7.30> <CoreInst = "m_axi">   --->   Core 111 'm_axi' <Latency = 5> <II = 1> <Delay = 1.00> <Adapter> <Opcode : 'readrequnaligned' 'writerequnaligned' 'read' 'write' 'readreq' 'writereq' 'writeresp'>

State 21 <SV = 20> <Delay = 7.30>
ST_21 : Operation 101 [1/1] ( I:7.30ns O:7.30ns )   --->   "%write_ln212 = write void @_ssdm_op_Write.m_axi.p1i16.i16, i16 %gmem3_addr, i16 %trunc_ln214_17, i2 3" [yolo_backbone_2.cpp:212]   --->   Operation 101 'write' 'write_ln212' <Predicate = (!icmp_ln212)> <Delay = 7.30> <CoreInst = "m_axi">   --->   Core 111 'm_axi' <Latency = 5> <II = 1> <Delay = 1.00> <Adapter> <Opcode : 'readrequnaligned' 'writerequnaligned' 'read' 'write' 'readreq' 'writereq' 'writeresp'>

State 22 <SV = 21> <Delay = 7.30>
ST_22 : Operation 102 [1/1] ( I:7.30ns O:7.30ns )   --->   "%write_ln212 = write void @_ssdm_op_Write.m_axi.p1i16.i16, i16 %gmem3_addr, i16 %trunc_ln214_18, i2 3" [yolo_backbone_2.cpp:212]   --->   Operation 102 'write' 'write_ln212' <Predicate = (!icmp_ln212)> <Delay = 7.30> <CoreInst = "m_axi">   --->   Core 111 'm_axi' <Latency = 5> <II = 1> <Delay = 1.00> <Adapter> <Opcode : 'readrequnaligned' 'writerequnaligned' 'read' 'write' 'readreq' 'writereq' 'writeresp'>

State 23 <SV = 22> <Delay = 7.30>
ST_23 : Operation 103 [1/1] ( I:7.30ns O:7.30ns )   --->   "%write_ln212 = write void @_ssdm_op_Write.m_axi.p1i16.i16, i16 %gmem3_addr, i16 %trunc_ln214_19, i2 3" [yolo_backbone_2.cpp:212]   --->   Operation 103 'write' 'write_ln212' <Predicate = (!icmp_ln212)> <Delay = 7.30> <CoreInst = "m_axi">   --->   Core 111 'm_axi' <Latency = 5> <II = 1> <Delay = 1.00> <Adapter> <Opcode : 'readrequnaligned' 'writerequnaligned' 'read' 'write' 'readreq' 'writereq' 'writeresp'>

State 24 <SV = 23> <Delay = 7.30>
ST_24 : Operation 104 [1/1] ( I:7.30ns O:7.30ns )   --->   "%write_ln212 = write void @_ssdm_op_Write.m_axi.p1i16.i16, i16 %gmem3_addr, i16 %trunc_ln214_20, i2 3" [yolo_backbone_2.cpp:212]   --->   Operation 104 'write' 'write_ln212' <Predicate = (!icmp_ln212)> <Delay = 7.30> <CoreInst = "m_axi">   --->   Core 111 'm_axi' <Latency = 5> <II = 1> <Delay = 1.00> <Adapter> <Opcode : 'readrequnaligned' 'writerequnaligned' 'read' 'write' 'readreq' 'writereq' 'writeresp'>

State 25 <SV = 24> <Delay = 7.30>
ST_25 : Operation 105 [1/1] ( I:7.30ns O:7.30ns )   --->   "%write_ln212 = write void @_ssdm_op_Write.m_axi.p1i16.i16, i16 %gmem3_addr, i16 %trunc_ln214_21, i2 3" [yolo_backbone_2.cpp:212]   --->   Operation 105 'write' 'write_ln212' <Predicate = (!icmp_ln212)> <Delay = 7.30> <CoreInst = "m_axi">   --->   Core 111 'm_axi' <Latency = 5> <II = 1> <Delay = 1.00> <Adapter> <Opcode : 'readrequnaligned' 'writerequnaligned' 'read' 'write' 'readreq' 'writereq' 'writeresp'>

State 26 <SV = 25> <Delay = 7.30>
ST_26 : Operation 106 [1/1] ( I:7.30ns O:7.30ns )   --->   "%write_ln212 = write void @_ssdm_op_Write.m_axi.p1i16.i16, i16 %gmem3_addr, i16 %trunc_ln214_22, i2 3" [yolo_backbone_2.cpp:212]   --->   Operation 106 'write' 'write_ln212' <Predicate = (!icmp_ln212)> <Delay = 7.30> <CoreInst = "m_axi">   --->   Core 111 'm_axi' <Latency = 5> <II = 1> <Delay = 1.00> <Adapter> <Opcode : 'readrequnaligned' 'writerequnaligned' 'read' 'write' 'readreq' 'writereq' 'writeresp'>

State 27 <SV = 26> <Delay = 7.30>
ST_27 : Operation 107 [1/1] ( I:7.30ns O:7.30ns )   --->   "%write_ln212 = write void @_ssdm_op_Write.m_axi.p1i16.i16, i16 %gmem3_addr, i16 %trunc_ln214_23, i2 3" [yolo_backbone_2.cpp:212]   --->   Operation 107 'write' 'write_ln212' <Predicate = (!icmp_ln212)> <Delay = 7.30> <CoreInst = "m_axi">   --->   Core 111 'm_axi' <Latency = 5> <II = 1> <Delay = 1.00> <Adapter> <Opcode : 'readrequnaligned' 'writerequnaligned' 'read' 'write' 'readreq' 'writereq' 'writeresp'>

State 28 <SV = 27> <Delay = 7.30>
ST_28 : Operation 108 [1/1] ( I:7.30ns O:7.30ns )   --->   "%write_ln212 = write void @_ssdm_op_Write.m_axi.p1i16.i16, i16 %gmem3_addr, i16 %trunc_ln214_24, i2 3" [yolo_backbone_2.cpp:212]   --->   Operation 108 'write' 'write_ln212' <Predicate = (!icmp_ln212)> <Delay = 7.30> <CoreInst = "m_axi">   --->   Core 111 'm_axi' <Latency = 5> <II = 1> <Delay = 1.00> <Adapter> <Opcode : 'readrequnaligned' 'writerequnaligned' 'read' 'write' 'readreq' 'writereq' 'writeresp'>

State 29 <SV = 28> <Delay = 7.30>
ST_29 : Operation 109 [1/1] ( I:7.30ns O:7.30ns )   --->   "%write_ln212 = write void @_ssdm_op_Write.m_axi.p1i16.i16, i16 %gmem3_addr, i16 %trunc_ln214_25, i2 3" [yolo_backbone_2.cpp:212]   --->   Operation 109 'write' 'write_ln212' <Predicate = (!icmp_ln212)> <Delay = 7.30> <CoreInst = "m_axi">   --->   Core 111 'm_axi' <Latency = 5> <II = 1> <Delay = 1.00> <Adapter> <Opcode : 'readrequnaligned' 'writerequnaligned' 'read' 'write' 'readreq' 'writereq' 'writeresp'>

State 30 <SV = 29> <Delay = 7.30>
ST_30 : Operation 110 [1/1] ( I:7.30ns O:7.30ns )   --->   "%write_ln212 = write void @_ssdm_op_Write.m_axi.p1i16.i16, i16 %gmem3_addr, i16 %trunc_ln214_26, i2 3" [yolo_backbone_2.cpp:212]   --->   Operation 110 'write' 'write_ln212' <Predicate = (!icmp_ln212)> <Delay = 7.30> <CoreInst = "m_axi">   --->   Core 111 'm_axi' <Latency = 5> <II = 1> <Delay = 1.00> <Adapter> <Opcode : 'readrequnaligned' 'writerequnaligned' 'read' 'write' 'readreq' 'writereq' 'writeresp'>

State 31 <SV = 30> <Delay = 7.30>
ST_31 : Operation 111 [1/1] ( I:7.30ns O:7.30ns )   --->   "%write_ln212 = write void @_ssdm_op_Write.m_axi.p1i16.i16, i16 %gmem3_addr, i16 %trunc_ln214_27, i2 3" [yolo_backbone_2.cpp:212]   --->   Operation 111 'write' 'write_ln212' <Predicate = (!icmp_ln212)> <Delay = 7.30> <CoreInst = "m_axi">   --->   Core 111 'm_axi' <Latency = 5> <II = 1> <Delay = 1.00> <Adapter> <Opcode : 'readrequnaligned' 'writerequnaligned' 'read' 'write' 'readreq' 'writereq' 'writeresp'>

State 32 <SV = 31> <Delay = 7.30>
ST_32 : Operation 112 [1/1] ( I:7.30ns O:7.30ns )   --->   "%write_ln212 = write void @_ssdm_op_Write.m_axi.p1i16.i16, i16 %gmem3_addr, i16 %trunc_ln214_28, i2 3" [yolo_backbone_2.cpp:212]   --->   Operation 112 'write' 'write_ln212' <Predicate = (!icmp_ln212)> <Delay = 7.30> <CoreInst = "m_axi">   --->   Core 111 'm_axi' <Latency = 5> <II = 1> <Delay = 1.00> <Adapter> <Opcode : 'readrequnaligned' 'writerequnaligned' 'read' 'write' 'readreq' 'writereq' 'writeresp'>

State 33 <SV = 32> <Delay = 7.30>
ST_33 : Operation 113 [1/1] ( I:7.30ns O:7.30ns )   --->   "%write_ln212 = write void @_ssdm_op_Write.m_axi.p1i16.i16, i16 %gmem3_addr, i16 %trunc_ln214_29, i2 3" [yolo_backbone_2.cpp:212]   --->   Operation 113 'write' 'write_ln212' <Predicate = true> <Delay = 7.30> <CoreInst = "m_axi">   --->   Core 111 'm_axi' <Latency = 5> <II = 1> <Delay = 1.00> <Adapter> <Opcode : 'readrequnaligned' 'writerequnaligned' 'read' 'write' 'readreq' 'writereq' 'writeresp'>

State 34 <SV = 33> <Delay = 7.30>
ST_34 : Operation 114 [1/1] (0.00ns)   --->   "%specpipeline_ln213 = specpipeline void @_ssdm_op_SpecPipeline, i32 1, i32 0, i32 0, i32 0, i32 4294967295, void @empty_18" [yolo_backbone_2.cpp:213]   --->   Operation 114 'specpipeline' 'specpipeline_ln213' <Predicate = true> <Delay = 0.00>
ST_34 : Operation 115 [1/1] (0.00ns)   --->   "%speclooptripcount_ln212 = speclooptripcount void @_ssdm_op_SpecLoopTripCount, i64 36, i64 36, i64 36" [yolo_backbone_2.cpp:212]   --->   Operation 115 'speclooptripcount' 'speclooptripcount_ln212' <Predicate = true> <Delay = 0.00>
ST_34 : Operation 116 [1/1] (0.00ns)   --->   "%specloopname_ln212 = specloopname void @_ssdm_op_SpecLoopName, void @empty_17" [yolo_backbone_2.cpp:212]   --->   Operation 116 'specloopname' 'specloopname_ln212' <Predicate = true> <Delay = 0.00>
ST_34 : Operation 117 [1/1] ( I:7.30ns O:7.30ns )   --->   "%write_ln212 = write void @_ssdm_op_Write.m_axi.p1i16.i16, i16 %gmem3_addr, i16 %trunc_ln214_30, i2 3" [yolo_backbone_2.cpp:212]   --->   Operation 117 'write' 'write_ln212' <Predicate = true> <Delay = 7.30> <CoreInst = "m_axi">   --->   Core 111 'm_axi' <Latency = 5> <II = 1> <Delay = 1.00> <Adapter> <Opcode : 'readrequnaligned' 'writerequnaligned' 'read' 'write' 'readreq' 'writereq' 'writeresp'>
ST_34 : Operation 118 [1/1] (0.00ns)   --->   "%br_ln212 = br void %VITIS_LOOP_215_2" [yolo_backbone_2.cpp:212]   --->   Operation 118 'br' 'br_ln212' <Predicate = true> <Delay = 0.00>


============================================================
+ Verbose Summary: Timing violations
============================================================
Target clock period: 10.000ns, clock uncertainty: 2.700ns.

 <State 1>: 2.854ns
The critical path consists of the following:
	'store' operation ('store_ln212', yolo_backbone_2.cpp:212) of constant 0 6 bit on local variable 'i', yolo_backbone_2.cpp:212 [9]  (0.833 ns)
	'load' operation 6 bit ('i', yolo_backbone_2.cpp:212) on local variable 'i', yolo_backbone_2.cpp:212 [12]  (0.000 ns)
	'icmp' operation 1 bit ('icmp_ln212', yolo_backbone_2.cpp:212) [13]  (1.188 ns)
	'store' operation ('store_ln212', yolo_backbone_2.cpp:212) of variable 'add_ln212', yolo_backbone_2.cpp:212 6 bit on local variable 'i', yolo_backbone_2.cpp:212 [86]  (0.833 ns)

 <State 2>: 2.468ns
The critical path consists of the following:
	fifo read operation ('stream_pool_out_read', yolo_backbone_2.cpp:214) on port 'stream_pool_out' (yolo_backbone_2.cpp:214) [21]  (2.468 ns)

 <State 3>: 7.300ns
The critical path consists of the following:
	bus write operation ('write_ln212', yolo_backbone_2.cpp:212) on port 'gmem3' (yolo_backbone_2.cpp:212) [54]  (7.300 ns)

 <State 4>: 7.300ns
The critical path consists of the following:
	bus write operation ('write_ln212', yolo_backbone_2.cpp:212) on port 'gmem3' (yolo_backbone_2.cpp:212) [55]  (7.300 ns)

 <State 5>: 7.300ns
The critical path consists of the following:
	bus write operation ('write_ln212', yolo_backbone_2.cpp:212) on port 'gmem3' (yolo_backbone_2.cpp:212) [56]  (7.300 ns)

 <State 6>: 7.300ns
The critical path consists of the following:
	bus write operation ('write_ln212', yolo_backbone_2.cpp:212) on port 'gmem3' (yolo_backbone_2.cpp:212) [57]  (7.300 ns)

 <State 7>: 7.300ns
The critical path consists of the following:
	bus write operation ('write_ln212', yolo_backbone_2.cpp:212) on port 'gmem3' (yolo_backbone_2.cpp:212) [58]  (7.300 ns)

 <State 8>: 7.300ns
The critical path consists of the following:
	bus write operation ('write_ln212', yolo_backbone_2.cpp:212) on port 'gmem3' (yolo_backbone_2.cpp:212) [59]  (7.300 ns)

 <State 9>: 7.300ns
The critical path consists of the following:
	bus write operation ('write_ln212', yolo_backbone_2.cpp:212) on port 'gmem3' (yolo_backbone_2.cpp:212) [60]  (7.300 ns)

 <State 10>: 7.300ns
The critical path consists of the following:
	bus write operation ('write_ln212', yolo_backbone_2.cpp:212) on port 'gmem3' (yolo_backbone_2.cpp:212) [61]  (7.300 ns)

 <State 11>: 7.300ns
The critical path consists of the following:
	bus write operation ('write_ln212', yolo_backbone_2.cpp:212) on port 'gmem3' (yolo_backbone_2.cpp:212) [62]  (7.300 ns)

 <State 12>: 7.300ns
The critical path consists of the following:
	bus write operation ('write_ln212', yolo_backbone_2.cpp:212) on port 'gmem3' (yolo_backbone_2.cpp:212) [63]  (7.300 ns)

 <State 13>: 7.300ns
The critical path consists of the following:
	bus write operation ('write_ln212', yolo_backbone_2.cpp:212) on port 'gmem3' (yolo_backbone_2.cpp:212) [64]  (7.300 ns)

 <State 14>: 7.300ns
The critical path consists of the following:
	bus write operation ('write_ln212', yolo_backbone_2.cpp:212) on port 'gmem3' (yolo_backbone_2.cpp:212) [65]  (7.300 ns)

 <State 15>: 7.300ns
The critical path consists of the following:
	bus write operation ('write_ln212', yolo_backbone_2.cpp:212) on port 'gmem3' (yolo_backbone_2.cpp:212) [66]  (7.300 ns)

 <State 16>: 7.300ns
The critical path consists of the following:
	bus write operation ('write_ln212', yolo_backbone_2.cpp:212) on port 'gmem3' (yolo_backbone_2.cpp:212) [67]  (7.300 ns)

 <State 17>: 7.300ns
The critical path consists of the following:
	bus write operation ('write_ln212', yolo_backbone_2.cpp:212) on port 'gmem3' (yolo_backbone_2.cpp:212) [68]  (7.300 ns)

 <State 18>: 7.300ns
The critical path consists of the following:
	bus write operation ('write_ln212', yolo_backbone_2.cpp:212) on port 'gmem3' (yolo_backbone_2.cpp:212) [69]  (7.300 ns)

 <State 19>: 7.300ns
The critical path consists of the following:
	bus write operation ('write_ln212', yolo_backbone_2.cpp:212) on port 'gmem3' (yolo_backbone_2.cpp:212) [70]  (7.300 ns)

 <State 20>: 7.300ns
The critical path consists of the following:
	bus write operation ('write_ln212', yolo_backbone_2.cpp:212) on port 'gmem3' (yolo_backbone_2.cpp:212) [71]  (7.300 ns)

 <State 21>: 7.300ns
The critical path consists of the following:
	bus write operation ('write_ln212', yolo_backbone_2.cpp:212) on port 'gmem3' (yolo_backbone_2.cpp:212) [72]  (7.300 ns)

 <State 22>: 7.300ns
The critical path consists of the following:
	bus write operation ('write_ln212', yolo_backbone_2.cpp:212) on port 'gmem3' (yolo_backbone_2.cpp:212) [73]  (7.300 ns)

 <State 23>: 7.300ns
The critical path consists of the following:
	bus write operation ('write_ln212', yolo_backbone_2.cpp:212) on port 'gmem3' (yolo_backbone_2.cpp:212) [74]  (7.300 ns)

 <State 24>: 7.300ns
The critical path consists of the following:
	bus write operation ('write_ln212', yolo_backbone_2.cpp:212) on port 'gmem3' (yolo_backbone_2.cpp:212) [75]  (7.300 ns)

 <State 25>: 7.300ns
The critical path consists of the following:
	bus write operation ('write_ln212', yolo_backbone_2.cpp:212) on port 'gmem3' (yolo_backbone_2.cpp:212) [76]  (7.300 ns)

 <State 26>: 7.300ns
The critical path consists of the following:
	bus write operation ('write_ln212', yolo_backbone_2.cpp:212) on port 'gmem3' (yolo_backbone_2.cpp:212) [77]  (7.300 ns)

 <State 27>: 7.300ns
The critical path consists of the following:
	bus write operation ('write_ln212', yolo_backbone_2.cpp:212) on port 'gmem3' (yolo_backbone_2.cpp:212) [78]  (7.300 ns)

 <State 28>: 7.300ns
The critical path consists of the following:
	bus write operation ('write_ln212', yolo_backbone_2.cpp:212) on port 'gmem3' (yolo_backbone_2.cpp:212) [79]  (7.300 ns)

 <State 29>: 7.300ns
The critical path consists of the following:
	bus write operation ('write_ln212', yolo_backbone_2.cpp:212) on port 'gmem3' (yolo_backbone_2.cpp:212) [80]  (7.300 ns)

 <State 30>: 7.300ns
The critical path consists of the following:
	bus write operation ('write_ln212', yolo_backbone_2.cpp:212) on port 'gmem3' (yolo_backbone_2.cpp:212) [81]  (7.300 ns)

 <State 31>: 7.300ns
The critical path consists of the following:
	bus write operation ('write_ln212', yolo_backbone_2.cpp:212) on port 'gmem3' (yolo_backbone_2.cpp:212) [82]  (7.300 ns)

 <State 32>: 7.300ns
The critical path consists of the following:
	bus write operation ('write_ln212', yolo_backbone_2.cpp:212) on port 'gmem3' (yolo_backbone_2.cpp:212) [83]  (7.300 ns)

 <State 33>: 7.300ns
The critical path consists of the following:
	bus write operation ('write_ln212', yolo_backbone_2.cpp:212) on port 'gmem3' (yolo_backbone_2.cpp:212) [84]  (7.300 ns)

 <State 34>: 7.300ns
The critical path consists of the following:
	bus write operation ('write_ln212', yolo_backbone_2.cpp:212) on port 'gmem3' (yolo_backbone_2.cpp:212) [85]  (7.300 ns)


============================================================
+ Verbose Summary: Binding
============================================================
N/A
* FSMD analyzer results:
  - Output states:
 - Input state : 
  - Chain level:
	State 1
	State 2
	State 3
	State 4
	State 5
	State 6
	State 7
	State 8
	State 9
	State 10
	State 11
	State 12
	State 13
	State 14
	State 15
	State 16
	State 17
	State 18
	State 19
	State 20
	State 21
	State 22
	State 23
	State 24
	State 25
	State 26
	State 27
	State 28
	State 29
	State 30
	State 31
	State 32
	State 33
	State 34


============================================================
+ Verbose Summary: Datapath Resource usage 
============================================================
N/A
