

================================================================
== Vitis HLS Report for 'systolic_4x4'
================================================================
* Date:           Mon Jun 15 19:25:35 2026

* Version:        2025.2 (Build 6295257 on Nov 14 2025)
* Project:        tpu_pe_experiment
* Solution:       hls (Vivado IP Flow Target)
* Product family: kintex7
* Target device:  xc7k325t-ffg900-2


================================================================
== Performance Estimates
================================================================
+ Timing: 
    * Summary: 
    +--------+----------+----------+------------+
    |  Clock |  Target  | Estimated| Uncertainty|
    +--------+----------+----------+------------+
    |ap_clk  |  10.00 ns|  6.004 ns|     2.70 ns|
    +--------+----------+----------+------------+

+ Latency: 
    * Summary: 
    +---------+---------+----------+----------+-----+-----+---------+
    |  Latency (cycles) |  Latency (absolute) |  Interval | Pipeline|
    |   min   |   max   |    min   |    max   | min | max |   Type  |
    +---------+---------+----------+----------+-----+-----+---------+
    |       11|       11|  0.110 us|  0.110 us|    8|    8|      yes|
    +---------+---------+----------+----------+-----+-----+---------+

    + Detail: 
        * Instance: 
        N/A

        * Loop: 
        N/A



================================================================
== Utilization Estimates
================================================================
* Summary: 
+-----------------+---------+-----+--------+--------+-----+
|       Name      | BRAM_18K| DSP |   FF   |   LUT  | URAM|
+-----------------+---------+-----+--------+--------+-----+
|DSP              |        -|   15|       -|       -|    -|
|Expression       |        -|    -|       0|      65|    -|
|FIFO             |        -|    -|       -|       -|    -|
|Instance         |        -|   15|       0|      90|    -|
|Memory           |        -|    -|       -|       -|    -|
|Multiplexer      |        -|    -|       0|     556|    -|
|Register         |        -|    -|    1090|       -|    -|
+-----------------+---------+-----+--------+--------+-----+
|Total            |        0|   30|    1090|     711|    0|
+-----------------+---------+-----+--------+--------+-----+
|Available        |      890|  840|  407600|  203800|    0|
+-----------------+---------+-----+--------+--------+-----+
|Utilization (%)  |        0|    3|      ~0|      ~0|    0|
+-----------------+---------+-----+--------+--------+-----+

+ Detail: 
    * Instance: 
    +------------------------+--------------------+---------+----+---+----+-----+
    |        Instance        |       Module       | BRAM_18K| DSP| FF| LUT| URAM|
    +------------------------+--------------------+---------+----+---+----+-----+
    |mul_16s_16s_26_1_1_U1   |mul_16s_16s_26_1_1  |        0|   1|  0|   6|    0|
    |mul_16s_16s_26_1_1_U2   |mul_16s_16s_26_1_1  |        0|   1|  0|   6|    0|
    |mul_16s_16s_26_1_1_U3   |mul_16s_16s_26_1_1  |        0|   1|  0|   6|    0|
    |mul_16s_16s_26_1_1_U4   |mul_16s_16s_26_1_1  |        0|   1|  0|   6|    0|
    |mul_16s_16s_26_1_1_U5   |mul_16s_16s_26_1_1  |        0|   1|  0|   6|    0|
    |mul_16s_16s_26_1_1_U6   |mul_16s_16s_26_1_1  |        0|   1|  0|   6|    0|
    |mul_16s_16s_26_1_1_U7   |mul_16s_16s_26_1_1  |        0|   1|  0|   6|    0|
    |mul_16s_16s_26_1_1_U8   |mul_16s_16s_26_1_1  |        0|   1|  0|   6|    0|
    |mul_16s_16s_26_1_1_U9   |mul_16s_16s_26_1_1  |        0|   1|  0|   6|    0|
    |mul_16s_16s_26_1_1_U10  |mul_16s_16s_26_1_1  |        0|   1|  0|   6|    0|
    |mul_16s_16s_26_1_1_U11  |mul_16s_16s_26_1_1  |        0|   1|  0|   6|    0|
    |mul_16s_16s_26_1_1_U12  |mul_16s_16s_26_1_1  |        0|   1|  0|   6|    0|
    |mul_16s_16s_26_1_1_U13  |mul_16s_16s_26_1_1  |        0|   1|  0|   6|    0|
    |mul_16s_16s_26_1_1_U14  |mul_16s_16s_26_1_1  |        0|   1|  0|   6|    0|
    |mul_16s_16s_26_1_1_U15  |mul_16s_16s_26_1_1  |        0|   1|  0|   6|    0|
    +------------------------+--------------------+---------+----+---+----+-----+
    |Total                   |                    |        0|  15|  0|  90|    0|
    +------------------------+--------------------+---------+----+---+----+-----+

    * DSP: 
    +-----------------------------------+-------------------------------+--------------+
    |              Instance             |             Module            |  Expression  |
    +-----------------------------------+-------------------------------+--------------+
    |mac_muladd_16s_16s_26s_26_4_1_U16  |mac_muladd_16s_16s_26s_26_4_1  |  i0 + i1 * i2|
    |mac_muladd_16s_16s_26s_26_4_1_U17  |mac_muladd_16s_16s_26s_26_4_1  |  i0 + i1 * i2|
    |mac_muladd_16s_16s_26s_26_4_1_U18  |mac_muladd_16s_16s_26s_26_4_1  |  i0 + i1 * i2|
    |mac_muladd_16s_16s_26s_26_4_1_U19  |mac_muladd_16s_16s_26s_26_4_1  |  i0 + i1 * i2|
    |mac_muladd_16s_16s_26s_26_4_1_U20  |mac_muladd_16s_16s_26s_26_4_1  |  i0 + i1 * i2|
    |mac_muladd_16s_16s_26s_26_4_1_U21  |mac_muladd_16s_16s_26s_26_4_1  |  i0 + i1 * i2|
    |mac_muladd_16s_16s_26s_26_4_1_U22  |mac_muladd_16s_16s_26s_26_4_1  |  i0 + i1 * i2|
    |mac_muladd_16s_16s_26s_26_4_1_U23  |mac_muladd_16s_16s_26s_26_4_1  |  i0 + i1 * i2|
    |mac_muladd_16s_16s_26s_26_4_1_U24  |mac_muladd_16s_16s_26s_26_4_1  |  i0 + i1 * i2|
    |mac_muladd_16s_16s_26s_26_4_1_U25  |mac_muladd_16s_16s_26s_26_4_1  |  i0 + i1 * i2|
    |mac_muladd_16s_16s_26s_26_4_1_U26  |mac_muladd_16s_16s_26s_26_4_1  |  i0 + i1 * i2|
    |mac_muladd_16s_16s_26s_26_4_1_U27  |mac_muladd_16s_16s_26s_26_4_1  |  i0 + i1 * i2|
    |mac_muladd_16s_16s_26s_26_4_1_U28  |mac_muladd_16s_16s_26s_26_4_1  |  i0 + i1 * i2|
    |mac_muladd_16s_16s_26s_26_4_1_U29  |mac_muladd_16s_16s_26s_26_4_1  |  i0 + i1 * i2|
    |mac_muladd_16s_16s_26s_26_4_1_U30  |mac_muladd_16s_16s_26s_26_4_1  |  i0 + i1 * i2|
    +-----------------------------------+-------------------------------+--------------+

    * Memory: 
    N/A

    * FIFO: 
    N/A

    * Expression: 
    +--------------------+----------+----+---+----+------------+------------+
    |    Variable Name   | Operation| DSP| FF| LUT| Bitwidth P0| Bitwidth P1|
    +--------------------+----------+----+---+----+------------+------------+
    |add_ln18_fu_549_p2  |         +|   0|  0|  33|          26|          26|
    |ap_condition_1001   |       and|   0|  0|   2|           1|           1|
    |ap_condition_1004   |       and|   0|  0|   2|           1|           1|
    |ap_condition_1007   |       and|   0|  0|   2|           1|           1|
    |ap_condition_1010   |       and|   0|  0|   2|           1|           1|
    |ap_condition_155    |       and|   0|  0|   2|           1|           1|
    |ap_condition_333    |       and|   0|  0|   2|           1|           1|
    |ap_condition_355    |       and|   0|  0|   2|           1|           1|
    |ap_condition_365    |       and|   0|  0|   2|           1|           1|
    |ap_condition_375    |       and|   0|  0|   2|           1|           1|
    |ap_condition_387    |       and|   0|  0|   2|           1|           1|
    |ap_condition_986    |       and|   0|  0|   2|           1|           1|
    |ap_condition_989    |       and|   0|  0|   2|           1|           1|
    |ap_condition_992    |       and|   0|  0|   2|           1|           1|
    |ap_condition_995    |       and|   0|  0|   2|           1|           1|
    |ap_condition_998    |       and|   0|  0|   2|           1|           1|
    |ap_enable_pp0       |       xor|   0|  0|   2|           1|           2|
    +--------------------+----------+----+---+----+------------+------------+
    |Total               |          |   0|  0|  65|          42|          43|
    +--------------------+----------+----+---+----+------------+------------+

    * Multiplexer: 
    +---------------------------------------------------------------------------------------------------------------+----+-----------+-----+-----------+
    |                                                      Name                                                     | LUT| Input Size| Bits| Total Bits|
    +---------------------------------------------------------------------------------------------------------------+----+-----------+-----+-----------+
    |A_in_address0_local                                                                                            |  13|          3|    2|          6|
    |A_in_address1_local                                                                                            |  13|          3|    2|          6|
    |B_in_address0_local                                                                                            |  13|          3|    2|          6|
    |B_in_address1_local                                                                                            |  13|          3|    2|          6|
    |C_out_address0_local                                                                                           |  37|          9|    4|         36|
    |C_out_address1_local                                                                                           |  37|          9|    4|         36|
    |C_out_d0_local                                                                                                 |  37|          9|   16|        144|
    |C_out_d1_local                                                                                                 |  37|          9|   16|        144|
    |ap_NS_fsm                                                                                                      |  37|          9|    1|          9|
    |ap_enable_reg_pp0_iter0                                                                                        |   9|          2|    1|          2|
    |ap_enable_reg_pp0_iter1                                                                                        |   9|          2|    1|          2|
    |ap_phi_mux_p_0_0_0_18_phi_fu_382_p4                                                                            |   9|          2|   16|         32|
    |ap_phi_mux_p_0_0_0_1_1_phi_fu_423_p4                                                                           |   9|          2|   16|         32|
    |ap_phi_mux_p_0_0_0_1_3_phi_fu_444_p4                                                                           |   9|          2|   16|         32|
    |ap_phi_mux_p_0_0_0_211_phi_fu_402_p4                                                                           |   9|          2|   16|         32|
    |ap_phi_mux_p_0_0_0_2_1_phi_fu_465_p4                                                                           |   9|          2|   16|         32|
    |ap_phi_mux_p_0_0_0_2_3_phi_fu_486_p4                                                                           |   9|          2|   16|         32|
    |ap_phi_mux_p_0_0_0_314_phi_fu_392_p4                                                                           |   9|          2|   16|         32|
    |ap_phi_mux_p_0_0_0_3_1_phi_fu_516_p4                                                                           |   9|          2|   16|         32|
    |ap_phi_mux_p_ZZ12systolic_4x4P8ap_fixedILi16ELi6EL9ap_q_mode5EL9ap_o_mode3ELi0EES3_PA4_S2_bE_32_phi_fu_506_p4  |   9|          2|   16|         32|
    |ap_phi_mux_storemerge_in_in_phi_fu_496_p4                                                                      |   9|          2|   26|         52|
    |ap_phi_reg_pp0_iter1_p_0_0_0_3_1_reg_513                                                                       |   9|          2|   16|         32|
    |ap_phi_reg_pp0_iter1_p_0_0_0_3_reg_472                                                                         |   9|          2|   16|         32|
    |ap_phi_reg_pp0_iter1_storemerge_in_in_reg_493                                                                  |   9|          2|   26|         52|
    |p_0_0_0_1_2_reg_409                                                                                            |   9|          2|   16|         32|
    |p_0_0_0_1_reg_368                                                                                              |   9|          2|   16|         32|
    |p_0_0_0_2_2_reg_451                                                                                            |   9|          2|   16|         32|
    |p_0_0_0_2_reg_430                                                                                              |   9|          2|   16|         32|
    |p_0_0_0_3_reg_472                                                                                              |   9|          2|   16|         32|
    |p_0_0_0_reg_357                                                                                                |  13|          3|   16|         48|
    |p_ZZ12systolic_4x4P8ap_fixedILi16ELi6EL9ap_q_mode5EL9ap_o_mode3ELi0EES3_PA4_S2_bE_10                           |   9|          2|   16|         32|
    |p_ZZ12systolic_4x4P8ap_fixedILi16ELi6EL9ap_q_mode5EL9ap_o_mode3ELi0EES3_PA4_S2_bE_11                           |   9|          2|   16|         32|
    |p_ZZ12systolic_4x4P8ap_fixedILi16ELi6EL9ap_q_mode5EL9ap_o_mode3ELi0EES3_PA4_S2_bE_12                           |   9|          2|   16|         32|
    |p_ZZ12systolic_4x4P8ap_fixedILi16ELi6EL9ap_q_mode5EL9ap_o_mode3ELi0EES3_PA4_S2_bE_13                           |   9|          2|   16|         32|
    |p_ZZ12systolic_4x4P8ap_fixedILi16ELi6EL9ap_q_mode5EL9ap_o_mode3ELi0EES3_PA4_S2_bE_14                           |   9|          2|   16|         32|
    |p_ZZ12systolic_4x4P8ap_fixedILi16ELi6EL9ap_q_mode5EL9ap_o_mode3ELi0EES3_PA4_S2_bE_15                           |   9|          2|   16|         32|
    |p_ZZ12systolic_4x4P8ap_fixedILi16ELi6EL9ap_q_mode5EL9ap_o_mode3ELi0EES3_PA4_S2_bE_2                            |   9|          2|   16|         32|
    |p_ZZ12systolic_4x4P8ap_fixedILi16ELi6EL9ap_q_mode5EL9ap_o_mode3ELi0EES3_PA4_S2_bE_3                            |   9|          2|   16|         32|
    |p_ZZ12systolic_4x4P8ap_fixedILi16ELi6EL9ap_q_mode5EL9ap_o_mode3ELi0EES3_PA4_S2_bE_4                            |   9|          2|   16|         32|
    |p_ZZ12systolic_4x4P8ap_fixedILi16ELi6EL9ap_q_mode5EL9ap_o_mode3ELi0EES3_PA4_S2_bE_5                            |   9|          2|   16|         32|
    |p_ZZ12systolic_4x4P8ap_fixedILi16ELi6EL9ap_q_mode5EL9ap_o_mode3ELi0EES3_PA4_S2_bE_6                            |   9|          2|   16|         32|
    |p_ZZ12systolic_4x4P8ap_fixedILi16ELi6EL9ap_q_mode5EL9ap_o_mode3ELi0EES3_PA4_S2_bE_7                            |   9|          2|   16|         32|
    |p_ZZ12systolic_4x4P8ap_fixedILi16ELi6EL9ap_q_mode5EL9ap_o_mode3ELi0EES3_PA4_S2_bE_8                            |   9|          2|   16|         32|
    |p_ZZ12systolic_4x4P8ap_fixedILi16ELi6EL9ap_q_mode5EL9ap_o_mode3ELi0EES3_PA4_S2_bE_9                            |   9|          2|   16|         32|
    +---------------------------------------------------------------------------------------------------------------+----+-----------+-----+-----------+
    |Total                                                                                                          | 556|        128|  599|       1509|
    +---------------------------------------------------------------------------------------------------------------+----+-----------+-----+-----------+

    * Register: 
    +--------------------------------------------------------------------------------------+----+----+-----+-----------+
    |                                         Name                                         | FF | LUT| Bits| Const Bits|
    +--------------------------------------------------------------------------------------+----+----+-----+-----------+
    |a_wire_10_reg_1550                                                                    |  16|   0|   16|          0|
    |a_wire_7_reg_1472                                                                     |  16|   0|   16|          0|
    |a_wire_8_reg_1544                                                                     |  16|   0|   16|          0|
    |ap_CS_fsm                                                                             |   8|   0|    8|          0|
    |ap_enable_reg_pp0_iter0_reg                                                           |   1|   0|    1|          0|
    |ap_enable_reg_pp0_iter1                                                               |   1|   0|    1|          0|
    |ap_phi_reg_pp0_iter0_p_0_0_0_18_reg_379                                               |  16|   0|   16|          0|
    |ap_phi_reg_pp0_iter0_p_0_0_0_1_1_reg_420                                              |  16|   0|   16|          0|
    |ap_phi_reg_pp0_iter0_p_0_0_0_1_2_reg_409                                              |  16|   0|   16|          0|
    |ap_phi_reg_pp0_iter0_p_0_0_0_1_3_reg_441                                              |  16|   0|   16|          0|
    |ap_phi_reg_pp0_iter0_p_0_0_0_1_reg_368                                                |  16|   0|   16|          0|
    |ap_phi_reg_pp0_iter0_p_0_0_0_211_reg_399                                              |  16|   0|   16|          0|
    |ap_phi_reg_pp0_iter0_p_0_0_0_2_1_reg_462                                              |  16|   0|   16|          0|
    |ap_phi_reg_pp0_iter0_p_0_0_0_2_2_reg_451                                              |  16|   0|   16|          0|
    |ap_phi_reg_pp0_iter0_p_0_0_0_2_3_reg_483                                              |  16|   0|   16|          0|
    |ap_phi_reg_pp0_iter0_p_0_0_0_2_reg_430                                                |  16|   0|   16|          0|
    |ap_phi_reg_pp0_iter0_p_0_0_0_314_reg_389                                              |  16|   0|   16|          0|
    |ap_phi_reg_pp0_iter1_p_0_0_0_2_1_reg_462                                              |  16|   0|   16|          0|
    |ap_phi_reg_pp0_iter1_p_0_0_0_2_2_reg_451                                              |  16|   0|   16|          0|
    |ap_phi_reg_pp0_iter1_p_0_0_0_2_3_reg_483                                              |  16|   0|   16|          0|
    |ap_phi_reg_pp0_iter1_p_0_0_0_3_1_reg_513                                              |  16|   0|   16|          0|
    |ap_phi_reg_pp0_iter1_p_0_0_0_3_reg_472                                                |  16|   0|   16|          0|
    |ap_phi_reg_pp0_iter1_storemerge_in_in_reg_493                                         |  26|   0|   26|          0|
    |b_wire_10_reg_1557                                                                    |  16|   0|   16|          0|
    |p_0_0_0_1_2_reg_409                                                                   |  16|   0|   16|          0|
    |p_0_0_0_1_reg_368                                                                     |  16|   0|   16|          0|
    |p_0_0_0_2_2_reg_451                                                                   |  16|   0|   16|          0|
    |p_0_0_0_2_reg_430                                                                     |  16|   0|   16|          0|
    |p_0_0_0_3_reg_472                                                                     |  16|   0|   16|          0|
    |p_0_0_0_reg_357                                                                       |  16|   0|   16|          0|
    |p_ZZ12systolic_4x4P8ap_fixedILi16ELi6EL9ap_q_mode5EL9ap_o_mode3ELi0EES3_PA4_S2_bE     |  16|   0|   16|          0|
    |p_ZZ12systolic_4x4P8ap_fixedILi16ELi6EL9ap_q_mode5EL9ap_o_mode3ELi0EES3_PA4_S2_bE_1   |  16|   0|   16|          0|
    |p_ZZ12systolic_4x4P8ap_fixedILi16ELi6EL9ap_q_mode5EL9ap_o_mode3ELi0EES3_PA4_S2_bE_10  |  16|   0|   16|          0|
    |p_ZZ12systolic_4x4P8ap_fixedILi16ELi6EL9ap_q_mode5EL9ap_o_mode3ELi0EES3_PA4_S2_bE_11  |  16|   0|   16|          0|
    |p_ZZ12systolic_4x4P8ap_fixedILi16ELi6EL9ap_q_mode5EL9ap_o_mode3ELi0EES3_PA4_S2_bE_12  |  16|   0|   16|          0|
    |p_ZZ12systolic_4x4P8ap_fixedILi16ELi6EL9ap_q_mode5EL9ap_o_mode3ELi0EES3_PA4_S2_bE_13  |  16|   0|   16|          0|
    |p_ZZ12systolic_4x4P8ap_fixedILi16ELi6EL9ap_q_mode5EL9ap_o_mode3ELi0EES3_PA4_S2_bE_14  |  16|   0|   16|          0|
    |p_ZZ12systolic_4x4P8ap_fixedILi16ELi6EL9ap_q_mode5EL9ap_o_mode3ELi0EES3_PA4_S2_bE_15  |  16|   0|   16|          0|
    |p_ZZ12systolic_4x4P8ap_fixedILi16ELi6EL9ap_q_mode5EL9ap_o_mode3ELi0EES3_PA4_S2_bE_2   |  16|   0|   16|          0|
    |p_ZZ12systolic_4x4P8ap_fixedILi16ELi6EL9ap_q_mode5EL9ap_o_mode3ELi0EES3_PA4_S2_bE_3   |  16|   0|   16|          0|
    |p_ZZ12systolic_4x4P8ap_fixedILi16ELi6EL9ap_q_mode5EL9ap_o_mode3ELi0EES3_PA4_S2_bE_4   |  16|   0|   16|          0|
    |p_ZZ12systolic_4x4P8ap_fixedILi16ELi6EL9ap_q_mode5EL9ap_o_mode3ELi0EES3_PA4_S2_bE_5   |  16|   0|   16|          0|
    |p_ZZ12systolic_4x4P8ap_fixedILi16ELi6EL9ap_q_mode5EL9ap_o_mode3ELi0EES3_PA4_S2_bE_6   |  16|   0|   16|          0|
    |p_ZZ12systolic_4x4P8ap_fixedILi16ELi6EL9ap_q_mode5EL9ap_o_mode3ELi0EES3_PA4_S2_bE_7   |  16|   0|   16|          0|
    |p_ZZ12systolic_4x4P8ap_fixedILi16ELi6EL9ap_q_mode5EL9ap_o_mode3ELi0EES3_PA4_S2_bE_8   |  16|   0|   16|          0|
    |p_ZZ12systolic_4x4P8ap_fixedILi16ELi6EL9ap_q_mode5EL9ap_o_mode3ELi0EES3_PA4_S2_bE_9   |  16|   0|   16|          0|
    |reset_read_reg_1448                                                                   |   1|   0|    1|          0|
    |reset_read_reg_1448_pp0_iter1_reg                                                     |   1|   0|    1|          0|
    |sext_ln18_10_reg_1570                                                                 |  26|   0|   26|          0|
    |sext_ln18_11_reg_1524                                                                 |  26|   0|   26|          0|
    |sext_ln18_12_reg_1636                                                                 |  26|   0|   26|          0|
    |sext_ln18_13_reg_1690                                                                 |  26|   0|   26|          0|
    |sext_ln18_1_reg_1506                                                                  |  26|   0|   26|          0|
    |sext_ln18_2_reg_1532                                                                  |  26|   0|   26|          0|
    |sext_ln18_3_reg_1577                                                                  |  26|   0|   26|          0|
    |sext_ln18_4_reg_1589                                                                  |  26|   0|   26|          0|
    |sext_ln18_5_reg_1610                                                                  |  26|   0|   26|          0|
    |sext_ln18_6_reg_1664                                                                  |  26|   0|   26|          0|
    |sext_ln18_7_reg_1717                                                                  |  26|   0|   26|          0|
    |sext_ln18_8_reg_1516                                                                  |  26|   0|   26|          0|
    |sext_ln18_9_reg_1562                                                                  |  26|   0|   26|          0|
    |sext_ln18_reg_1497                                                                    |  26|   0|   26|          0|
    |trunc_ln18_27_reg_1767                                                                |  16|   0|   16|          0|
    +--------------------------------------------------------------------------------------+----+----+-----+-----------+
    |Total                                                                                 |1090|   0| 1090|          0|
    +--------------------------------------------------------------------------------------+----+----+-----+-----------+



================================================================
== Interface
================================================================
* Summary: 
+----------------+-----+-----+------------+--------------+--------------+
|    RTL Ports   | Dir | Bits|  Protocol  | Source Object|    C Type    |
+----------------+-----+-----+------------+--------------+--------------+
|ap_clk          |   in|    1|  ap_ctrl_hs|  systolic_4x4|  return value|
|ap_rst          |   in|    1|  ap_ctrl_hs|  systolic_4x4|  return value|
|ap_start        |   in|    1|  ap_ctrl_hs|  systolic_4x4|  return value|
|ap_done         |  out|    1|  ap_ctrl_hs|  systolic_4x4|  return value|
|ap_idle         |  out|    1|  ap_ctrl_hs|  systolic_4x4|  return value|
|ap_ready        |  out|    1|  ap_ctrl_hs|  systolic_4x4|  return value|
|A_in_address0   |  out|    2|   ap_memory|          A_in|         array|
|A_in_ce0        |  out|    1|   ap_memory|          A_in|         array|
|A_in_q0         |   in|   16|   ap_memory|          A_in|         array|
|A_in_address1   |  out|    2|   ap_memory|          A_in|         array|
|A_in_ce1        |  out|    1|   ap_memory|          A_in|         array|
|A_in_q1         |   in|   16|   ap_memory|          A_in|         array|
|B_in_address0   |  out|    2|   ap_memory|          B_in|         array|
|B_in_ce0        |  out|    1|   ap_memory|          B_in|         array|
|B_in_q0         |   in|   16|   ap_memory|          B_in|         array|
|B_in_address1   |  out|    2|   ap_memory|          B_in|         array|
|B_in_ce1        |  out|    1|   ap_memory|          B_in|         array|
|B_in_q1         |   in|   16|   ap_memory|          B_in|         array|
|C_out_address0  |  out|    4|   ap_memory|         C_out|         array|
|C_out_ce0       |  out|    1|   ap_memory|         C_out|         array|
|C_out_we0       |  out|    1|   ap_memory|         C_out|         array|
|C_out_d0        |  out|   16|   ap_memory|         C_out|         array|
|C_out_address1  |  out|    4|   ap_memory|         C_out|         array|
|C_out_ce1       |  out|    1|   ap_memory|         C_out|         array|
|C_out_we1       |  out|    1|   ap_memory|         C_out|         array|
|C_out_d1        |  out|   16|   ap_memory|         C_out|         array|
|reset           |   in|    1|     ap_none|         reset|        scalar|
+----------------+-----+-----+------------+--------------+--------------+

