#-----------------------------------------------------------
# Vivado v2025.2 (64-bit)
# SW Build 6299465 on Fri Nov 14 12:34:56 MST 2025
# IP Build 6300035 on Fri Nov 14 10:48:45 MST 2025
# SharedData Build 6298862 on Thu Nov 13 04:50:51 MST 2025
# Start of session at: Thu Jun 18 10:19:09 2026
# Process ID         : 9433
# Current directory  : /home/dlohchab/projects/Verilog/DVCON/task_detection_tpu/yolo_npu/yolo_npu/hls/impl/ip
# Command line       : vivado -notrace -mode batch -source run_ippack.tcl
# Log file           : /home/dlohchab/projects/Verilog/DVCON/task_detection_tpu/yolo_npu/yolo_npu/hls/impl/ip/vivado.log
# Journal file       : /home/dlohchab/projects/Verilog/DVCON/task_detection_tpu/yolo_npu/yolo_npu/hls/impl/ip/vivado.jou
# Running On         : localhost.localdomain
# Platform           : rhel
# Operating System   : Red Hat Enterprise Linux 10.2 (Coughlan)"
RELEASE_TYPE=stable
# Processor Detail   : AMD Athlon Silver 3050U with Radeon Graphics
# CPU Frequency      : 2367.570 MHz
# CPU Physical cores : 2
# CPU Logical cores  : 2
# Host memory        : 5819 MB
# Swap memory        : 6224 MB
# Total Virtual      : 12043 MB
# Available Virtual  : 5597 MB
#-----------------------------------------------------------
source run_ippack.tcl -notrace
INFO: calling package_hls_ip ip_types=vitis sysgen json_file=/home/dlohchab/projects/Verilog/DVCON/task_detection_tpu/yolo_npu/yolo_npu/hls/hls_data.json outdir=/home/dlohchab/projects/Verilog/DVCON/task_detection_tpu/yolo_npu/yolo_npu/hls/impl/ip srcdir=/home/dlohchab/projects/Verilog/DVCON/task_detection_tpu/yolo_npu/yolo_npu/hls ippack_options_dict= ippack_options_dict=
INFO: Copied 1 ipmisc file(s) to /home/dlohchab/projects/Verilog/DVCON/task_detection_tpu/yolo_npu/yolo_npu/hls/impl/ip/misc
INFO: Copied 31 verilog file(s) to /home/dlohchab/projects/Verilog/DVCON/task_detection_tpu/yolo_npu/yolo_npu/hls/impl/ip/hdl/verilog
INFO: Copied 31 vhdl file(s) to /home/dlohchab/projects/Verilog/DVCON/task_detection_tpu/yolo_npu/yolo_npu/hls/impl/ip/hdl/vhdl
INFO: Copied 10 swdriver file(s) to /home/dlohchab/projects/Verilog/DVCON/task_detection_tpu/yolo_npu/yolo_npu/hls/impl/ip/drivers
ipx::create_core: Time (s): cpu = 00:00:16 ; elapsed = 00:00:11 . Memory (MB): peak = 1838.867 ; gain = 117.055 ; free physical = 186 ; free virtual = 4989
INFO: Import ports from HDL: /home/dlohchab/projects/Verilog/DVCON/task_detection_tpu/yolo_npu/yolo_npu/hls/impl/ip/hdl/vhdl/yolo_npu_v2_core.vhd (yolo_npu_v2_core)
INFO: Add axi4lite interface s_axi_control
INFO: Add axi4lite interface s_axi_control_r
INFO: Add clock interface ap_clk
INFO: Add reset interface ap_rst_n
INFO: Add interrupt interface interrupt
INFO: [IP_Flow 19-234] Refreshing IP repositories
INFO: [IP_Flow 19-1704] No user IP repositories specified
INFO: [IP_Flow 19-2313] Loaded Vivado IP repository '/home/dlohchab/Xilinx/2025.2/data/ip'.
INFO: Add axi4full interface m_axi_gmem
INFO: Calling post_process_vitis to specialize IP
INFO: Calling post_process_sysgen to specialize IP
Generating sysgen info xml from json file
INFO: Created IP /home/dlohchab/projects/Verilog/DVCON/task_detection_tpu/yolo_npu/yolo_npu/hls/impl/ip/component.xml
INFO: Created IP archive /home/dlohchab/projects/Verilog/DVCON/task_detection_tpu/yolo_npu/yolo_npu/hls/impl/ip/xilinx_com_hls_yolo_npu_v2_core_1_0.zip
INFO: [Common 17-206] Exiting Vivado at Thu Jun 18 10:19:29 2026...
