================================================================
== Design Size Report
================================================================

* Total Instructions per Compilation Phase
+---------------+----------------------------+--------------+----------------------------------------------------------------------------------------+
| Phase         | Step                       | Instructions | Description                                                                            |
+---------------+----------------------------+--------------+----------------------------------------------------------------------------------------+
| Compile/Link  |                            |   5,102      | After all functions are compiled and linked into a single design                       |
|               |                            |              |                                                                                        |
| Unroll/Inline |                            |              | After user unroll and inline pragmas are applied                                       |
|               | (1) unroll                 |  45,022      | user unroll pragmas are applied                                                        |
|               | (2) simplification         |  20,558      | simplification of applied user unroll pragmas                                          |
|               | (3) inline                 |  19,542      | user inline pragmas are applied                                                        |
|               | (4) simplification         |  18,652      | simplification of applied user inline pragmas                                          |
|               |                            |              |                                                                                        |
| Array/Struct  |                            |              | After user array partition and struct aggregate/disaggregate pragmas are applied       |
|               | (1) array partition        | 152,051 *    | user array partition pragmas are applied                                               |
|               | (2) simplification         |  23,047      | simplification of applied user array partition & struct aggregate/disaggregate pragmas |
|               | (3) aggregate/disaggregate |  23,055      | user struct aggregate/disaggregate pragmas are applied                                 |
|               | (4) array reshape          |  23,742      | apply array reshape pragmas                                                            |
|               | (5) access patterns        |  28,310      | array access pattern optmizations                                                      |
|               |                            |              |                                                                                        |
| Performance   |                            |              | After transformations are applied to meet performance pragma targets                   |
|               | (1) loop simplification    |  23,284      | loop and instruction simplification                                                    |
|               | (2) parallelization        |  22,548      | loops are unrolled or pipelined to meet performance targets                            |
|               | (3) array partition        |  23,054      | arrays are partitioned to meet performance targets                                     |
|               | (4) simplification         |  22,861      | simplification of design after performance transformations                             |
|               |                            |              |                                                                                        |
| HW Transforms |                            |              | After hardware transfomations                                                          |
|               | (1) lowering               |  23,170      | initial conversion to HW specific instructions                                         |
|               | (2) optimizations          |  23,211      | high level synthesis optimizations                                                     |
+---------------+----------------------------+--------------+----------------------------------------------------------------------------------------+
    * - Exceeded design size warning message threshold

* Instructions per Function for each Compilation Phase
+-----------------------+--------------------+--------------+---------------+--------------+-------------+---------------+
| Function              | Location           | Compile/Link | Unroll/Inline | Array/Struct | Performance | HW Transforms |
+-----------------------+--------------------+--------------+---------------+--------------+-------------+---------------+
| + yolo_backbone_block | yolo_block.cpp:225 | 5,102        | 18,652        | 28,310       | 22,861      | 23,211        |
|  + process_yolo_block | yolo_block.cpp:205 | 3,330        | 10,483        | 15,301       | 11,672      | 11,490        |
|     load_image        | yolo_block.cpp:182 |  441         |   146         |   166        |   166       |   163         |
|     conv_layer_1      | yolo_block.cpp:6   |  765         | 4,613         | 4,494        | 4,301       | 4,287         |
|     leaky_relu_1      | yolo_block.cpp:80  |  759         |   138         |   346        |   346       |   310         |
|     conv_layer_2      | yolo_block.cpp:103 | 1,170        | 3,708         | 8,255        | 4,819       | 4,777         |
|     store_image       | yolo_block.cpp:194 |  161         | 1,864         | 2,026        | 2,026       | 1,933         |
+-----------------------+--------------------+--------------+---------------+--------------+-------------+---------------+

* Design Size Message Settings
+---------------------------------------------+--------+------------------------------------------------------------------+
| Message Setting                             | Value  | Description                                                      |
+---------------------------------------------+--------+------------------------------------------------------------------+
| config_compile -design_size_maximum_warning | 100000 | Show a warning when total design instructions exceeds this value |
+---------------------------------------------+--------+------------------------------------------------------------------+


