

================================================================
== Vitis HLS Report for 'load_image'
================================================================
* Date:           Tue Jun 16 23:52:36 2026

* Version:        2025.2 (Build 6295257 on Nov 14 2025)
* Project:        yolo_backbone_1
* Solution:       hls (Vivado IP Flow Target)
* Product family: kintex7
* Target device:  xc7k325t-ffg900-2


================================================================
== Performance Estimates
================================================================
+ Timing: 
    * Summary: 
    +--------+----------+----------+------------+
    |  Clock |  Target  | Estimated| Uncertainty|
    +--------+----------+----------+------------+
    |ap_clk  |  10.00 ns|  7.300 ns|     2.70 ns|
    +--------+----------+----------+------------+

+ Latency: 
    * Summary: 
    +---------+---------+----------+----------+-----+-----+---------+
    |  Latency (cycles) |  Latency (absolute) |  Interval | Pipeline|
    |   min   |   max   |    min   |    max   | min | max |   Type  |
    +---------+---------+----------+----------+-----+-----+---------+
    |      782|      782|  7.820 us|  7.820 us|  782|  782|       no|
    +---------+---------+----------+----------+-----+-----+---------+

    + Detail: 
        * Instance: 
        +------------------------------------------------+--------------------------------------+---------+---------+----------+----------+-----+-----+-------------------+
        |                                                |                                      |  Latency (cycles) |  Latency (absolute) |  Interval |      Pipeline     |
        |                    Instance                    |                Module                |   min   |   max   |    min   |    max   | min | max |        Type       |
        +------------------------------------------------+--------------------------------------+---------+---------+----------+----------+-----+-----+-------------------+
        |grp_load_image_Pipeline_VITIS_LOOP_183_1_fu_59  |load_image_Pipeline_VITIS_LOOP_183_1  |      773|      773|  7.730 us|  7.730 us|    0|    0|  loop pipeline stp|
        +------------------------------------------------+--------------------------------------+---------+---------+----------+----------+-----+-----+-------------------+

        * Loop: 
        N/A



================================================================
== Utilization Estimates
================================================================
* Summary: 
+-----------------+---------+-----+--------+--------+-----+
|       Name      | BRAM_18K| DSP |   FF   |   LUT  | URAM|
+-----------------+---------+-----+--------+--------+-----+
|DSP              |        -|    -|       -|       -|    -|
|Expression       |        -|    -|       0|       2|    -|
|FIFO             |        -|    -|       -|       -|    -|
|Instance         |        -|    -|     303|    1884|    -|
|Memory           |        -|    -|       -|       -|    -|
|Multiplexer      |        -|    -|       0|     201|    -|
|Register         |        -|    -|      75|       -|    -|
+-----------------+---------+-----+--------+--------+-----+
|Total            |        0|    0|     378|    2087|    0|
+-----------------+---------+-----+--------+--------+-----+
|Available        |      890|  840|  407600|  203800|    0|
+-----------------+---------+-----+--------+--------+-----+
|Utilization (%)  |        0|    0|      ~0|       1|    0|
+-----------------+---------+-----+--------+--------+-----+

+ Detail: 
    * Instance: 
    +------------------------------------------------+--------------------------------------+---------+----+-----+------+-----+
    |                    Instance                    |                Module                | BRAM_18K| DSP|  FF |  LUT | URAM|
    +------------------------------------------------+--------------------------------------+---------+----+-----+------+-----+
    |grp_load_image_Pipeline_VITIS_LOOP_183_1_fu_59  |load_image_Pipeline_VITIS_LOOP_183_1  |        0|   0|  303|  1884|    0|
    +------------------------------------------------+--------------------------------------+---------+----+-----+------+-----+
    |Total                                           |                                      |        0|   0|  303|  1884|    0|
    +------------------------------------------------+--------------------------------------+---------+----+-----+------+-----+

    * DSP: 
    N/A

    * Memory: 
    N/A

    * FIFO: 
    N/A

    * Expression: 
    +-----------------+----------+----+---+----+------------+------------+
    |  Variable Name  | Operation| DSP| FF| LUT| Bitwidth P0| Bitwidth P1|
    +-----------------+----------+----+---+----+------------+------------+
    |ap_block_state1  |        or|   0|  0|   2|           1|           1|
    +-----------------+----------+----+---+----+------------+------------+
    |Total            |          |   0|  0|   2|           1|           1|
    +-----------------+----------+----+---+----+------------+------------+

    * Multiplexer: 
    +------------------------+----+-----------+-----+-----------+
    |          Name          | LUT| Input Size| Bits| Total Bits|
    +------------------------+----+-----------+-----+-----------+
    |ap_NS_fsm               |  45|         11|    1|         11|
    |ap_done                 |   9|          2|    1|          2|
    |gmem0_blk_n_AR          |   9|          2|    1|          2|
    |m_axi_gmem0_0_ARADDR    |  13|          3|   64|        192|
    |m_axi_gmem0_0_ARBURST   |   9|          2|    2|          4|
    |m_axi_gmem0_0_ARCACHE   |   9|          2|    4|          8|
    |m_axi_gmem0_0_ARID      |   9|          2|    1|          2|
    |m_axi_gmem0_0_ARLEN     |  13|          3|   32|         96|
    |m_axi_gmem0_0_ARLOCK    |   9|          2|    2|          4|
    |m_axi_gmem0_0_ARPROT    |   9|          2|    3|          6|
    |m_axi_gmem0_0_ARQOS     |   9|          2|    4|          8|
    |m_axi_gmem0_0_ARREGION  |   9|          2|    4|          8|
    |m_axi_gmem0_0_ARSIZE    |   9|          2|    3|          6|
    |m_axi_gmem0_0_ARUSER    |   9|          2|    1|          2|
    |m_axi_gmem0_0_ARVALID   |  13|          3|    1|          3|
    |m_axi_gmem0_0_RREADY    |   9|          2|    1|          2|
    |real_start              |   9|          2|    1|          2|
    +------------------------+----+-----------+-----+-----------+
    |Total                   | 201|         46|  126|        358|
    +------------------------+----+-----------+-----+-----------+

    * Register: 
    +-------------------------------------------------------------+----+----+-----+-----------+
    |                             Name                            | FF | LUT| Bits| Const Bits|
    +-------------------------------------------------------------+----+----+-----+-----------+
    |ap_CS_fsm                                                    |  10|   0|   10|          0|
    |ap_done_reg                                                  |   1|   0|    1|          0|
    |grp_load_image_Pipeline_VITIS_LOOP_183_1_fu_59_ap_start_reg  |   1|   0|    1|          0|
    |start_once_reg                                               |   1|   0|    1|          0|
    |trunc_ln_reg_89                                              |  62|   0|   62|          0|
    +-------------------------------------------------------------+----+----+-----+-----------+
    |Total                                                        |  75|   0|   75|          0|
    +-------------------------------------------------------------+----+----+-----+-----------+



================================================================
== Interface
================================================================
* Summary: 
+-----------------------------+-----+-----+------------+--------------+--------------+
|          RTL Ports          | Dir | Bits|  Protocol  | Source Object|    C Type    |
+-----------------------------+-----+-----+------------+--------------+--------------+
|ap_clk                       |   in|    1|  ap_ctrl_hs|    load_image|  return value|
|ap_rst                       |   in|    1|  ap_ctrl_hs|    load_image|  return value|
|ap_start                     |   in|    1|  ap_ctrl_hs|    load_image|  return value|
|start_full_n                 |   in|    1|  ap_ctrl_hs|    load_image|  return value|
|ap_done                      |  out|    1|  ap_ctrl_hs|    load_image|  return value|
|ap_continue                  |   in|    1|  ap_ctrl_hs|    load_image|  return value|
|ap_idle                      |  out|    1|  ap_ctrl_hs|    load_image|  return value|
|ap_ready                     |  out|    1|  ap_ctrl_hs|    load_image|  return value|
|start_out                    |  out|    1|  ap_ctrl_hs|    load_image|  return value|
|start_write                  |  out|    1|  ap_ctrl_hs|    load_image|  return value|
|m_axi_gmem0_0_AWVALID        |  out|    1|       m_axi|         gmem0|       pointer|
|m_axi_gmem0_0_AWREADY        |   in|    1|       m_axi|         gmem0|       pointer|
|m_axi_gmem0_0_AWADDR         |  out|   64|       m_axi|         gmem0|       pointer|
|m_axi_gmem0_0_AWID           |  out|    1|       m_axi|         gmem0|       pointer|
|m_axi_gmem0_0_AWLEN          |  out|   32|       m_axi|         gmem0|       pointer|
|m_axi_gmem0_0_AWSIZE         |  out|    3|       m_axi|         gmem0|       pointer|
|m_axi_gmem0_0_AWBURST        |  out|    2|       m_axi|         gmem0|       pointer|
|m_axi_gmem0_0_AWLOCK         |  out|    2|       m_axi|         gmem0|       pointer|
|m_axi_gmem0_0_AWCACHE        |  out|    4|       m_axi|         gmem0|       pointer|
|m_axi_gmem0_0_AWPROT         |  out|    3|       m_axi|         gmem0|       pointer|
|m_axi_gmem0_0_AWQOS          |  out|    4|       m_axi|         gmem0|       pointer|
|m_axi_gmem0_0_AWREGION       |  out|    4|       m_axi|         gmem0|       pointer|
|m_axi_gmem0_0_AWUSER         |  out|    1|       m_axi|         gmem0|       pointer|
|m_axi_gmem0_0_WVALID         |  out|    1|       m_axi|         gmem0|       pointer|
|m_axi_gmem0_0_WREADY         |   in|    1|       m_axi|         gmem0|       pointer|
|m_axi_gmem0_0_WDATA          |  out|   32|       m_axi|         gmem0|       pointer|
|m_axi_gmem0_0_WSTRB          |  out|    4|       m_axi|         gmem0|       pointer|
|m_axi_gmem0_0_WLAST          |  out|    1|       m_axi|         gmem0|       pointer|
|m_axi_gmem0_0_WID            |  out|    1|       m_axi|         gmem0|       pointer|
|m_axi_gmem0_0_WUSER          |  out|    1|       m_axi|         gmem0|       pointer|
|m_axi_gmem0_0_ARVALID        |  out|    1|       m_axi|         gmem0|       pointer|
|m_axi_gmem0_0_ARREADY        |   in|    1|       m_axi|         gmem0|       pointer|
|m_axi_gmem0_0_ARADDR         |  out|   64|       m_axi|         gmem0|       pointer|
|m_axi_gmem0_0_ARID           |  out|    1|       m_axi|         gmem0|       pointer|
|m_axi_gmem0_0_ARLEN          |  out|   32|       m_axi|         gmem0|       pointer|
|m_axi_gmem0_0_ARSIZE         |  out|    3|       m_axi|         gmem0|       pointer|
|m_axi_gmem0_0_ARBURST        |  out|    2|       m_axi|         gmem0|       pointer|
|m_axi_gmem0_0_ARLOCK         |  out|    2|       m_axi|         gmem0|       pointer|
|m_axi_gmem0_0_ARCACHE        |  out|    4|       m_axi|         gmem0|       pointer|
|m_axi_gmem0_0_ARPROT         |  out|    3|       m_axi|         gmem0|       pointer|
|m_axi_gmem0_0_ARQOS          |  out|    4|       m_axi|         gmem0|       pointer|
|m_axi_gmem0_0_ARREGION       |  out|    4|       m_axi|         gmem0|       pointer|
|m_axi_gmem0_0_ARUSER         |  out|    1|       m_axi|         gmem0|       pointer|
|m_axi_gmem0_0_RVALID         |   in|    1|       m_axi|         gmem0|       pointer|
|m_axi_gmem0_0_RREADY         |  out|    1|       m_axi|         gmem0|       pointer|
|m_axi_gmem0_0_RDATA          |   in|   32|       m_axi|         gmem0|       pointer|
|m_axi_gmem0_0_RLAST          |   in|    1|       m_axi|         gmem0|       pointer|
|m_axi_gmem0_0_RID            |   in|    1|       m_axi|         gmem0|       pointer|
|m_axi_gmem0_0_RFIFONUM       |   in|    9|       m_axi|         gmem0|       pointer|
|m_axi_gmem0_0_RUSER          |   in|    1|       m_axi|         gmem0|       pointer|
|m_axi_gmem0_0_RRESP          |   in|    2|       m_axi|         gmem0|       pointer|
|m_axi_gmem0_0_BVALID         |   in|    1|       m_axi|         gmem0|       pointer|
|m_axi_gmem0_0_BREADY         |  out|    1|       m_axi|         gmem0|       pointer|
|m_axi_gmem0_0_BRESP          |   in|    2|       m_axi|         gmem0|       pointer|
|m_axi_gmem0_0_BID            |   in|    1|       m_axi|         gmem0|       pointer|
|m_axi_gmem0_0_BUSER          |   in|    1|       m_axi|         gmem0|       pointer|
|image_in                     |   in|   64|   ap_stable|      image_in|        scalar|
|stream_l1_in_din             |  out|   48|     ap_fifo|  stream_l1_in|       pointer|
|stream_l1_in_full_n          |   in|    1|     ap_fifo|  stream_l1_in|       pointer|
|stream_l1_in_write           |  out|    1|     ap_fifo|  stream_l1_in|       pointer|
|stream_l1_in_num_data_valid  |   in|    3|     ap_fifo|  stream_l1_in|       pointer|
|stream_l1_in_fifo_cap        |   in|    3|     ap_fifo|  stream_l1_in|       pointer|
+-----------------------------+-----+-----+------------+--------------+--------------+

