

================================================================
== Vitis HLS Report for 'yolo_npu_v2_core_Pipeline_VITIS_LOOP_193_24_VITIS_LOOP_195_25_VITIS_LOOP_197_26'
================================================================
* Date:           Sat Jun 20 09:58:56 2026

* Version:        2025.2 (Build 6295257 on Nov 14 2025)
* Project:        yolo_npu
* Solution:       hls (Vivado IP Flow Target)
* Product family: kintex7
* Target device:  xc7k325t-ffg900-2


================================================================
== Performance Estimates
================================================================
+ Timing: 
    * Summary: 
    +--------+----------+-----------+------------+
    |  Clock |  Target  | Estimated | Uncertainty|
    +--------+----------+-----------+------------+
    |ap_clk  |  20.00 ns|  35.551 ns|     5.40 ns|
    +--------+----------+-----------+------------+

+ Latency: 
    * Summary: 
    +---------+---------+-----------+-----------+-----+-----+-------------------+
    |  Latency (cycles) |   Latency (absolute)  |  Interval |      Pipeline     |
    |   min   |   max   |    min    |    max    | min | max |        Type       |
    +---------+---------+-----------+-----------+-----+-----+-------------------+
    |        2|   917506|  71.102 ns|  32.618 ms|    0|    0|  loop pipeline stp|
    +---------+---------+-----------+-----------+-----+-----+-------------------+

    + Detail: 
        * Instance: 
        N/A

        * Loop: 
        +---------------------------------------------------------+---------+---------+----------+-----------+-----------+-----------+----------+
        |                                                         |  Latency (cycles) | Iteration|  Initiation Interval  |    Trip   |          |
        |                        Loop Name                        |   min   |   max   |  Latency |  achieved |   target  |   Count   | Pipelined|
        +---------------------------------------------------------+---------+---------+----------+-----------+-----------+-----------+----------+
        |- VITIS_LOOP_193_24_VITIS_LOOP_195_25_VITIS_LOOP_197_26  |        0|   917504|        15|         14|          1|  0 ~ 65536|       yes|
        +---------------------------------------------------------+---------+---------+----------+-----------+-----------+-----------+----------+

============================================================
+ Verbose Summary: Synthesis Manager
============================================================
InlineROM: 1
ExposeGlobal: 0
============================================================
+ Verbose Summary: CDFG Model
============================================================
IsTopModel: 0
ResetActiveHigh: 1
IsCombinational: 0
IsDatapathOnly: 0
HasWiredReturn: 1
HasMFsm: 2
HasVarLatency: 1
IsPipeline: 0
IsRtlPipelined: 0
IsInstanceOverlapped: 0
IsDontTouch: 0
HasImplIP: 0
IsGatedGlobalClock: 0

+ Individual pipeline summary: 
  * Pipeline-0: initiation interval (II) = 14, depth = 16


============================================================
+ Verbose Summary: Schedule
============================================================
* Number of FSM states : 16
* Pipeline : 1
  Pipeline-0 : II = 14, D = 16, States = { 1 2 3 4 5 6 7 8 9 10 11 12 13 14 15 16 }
* Dataflow Pipeline: 0

* FSM state transitions: 
1 --> 2 
2 --> 3 
3 --> 4 
4 --> 5 
5 --> 6 
6 --> 7 
7 --> 8 
8 --> 9 
9 --> 10 
10 --> 11 
11 --> 12 
12 --> 13 
13 --> 14 
14 --> 15 
15 --> 16 
16 --> 

* FSM state operations: 

State 1 <SV = 0> <Delay = 1.51>
ST_1 : Operation 18 [1/1] (0.00ns)   --->   "%oc_2 = alloca i32 1" [yolo_npu_v2.cpp:197]   --->   Operation 18 'alloca' 'oc_2' <Predicate = true> <Delay = 0.00>
ST_1 : Operation 19 [1/1] (0.00ns)   --->   "%c = alloca i32 1" [yolo_npu_v2.cpp:195]   --->   Operation 19 'alloca' 'c' <Predicate = true> <Delay = 0.00>
ST_1 : Operation 20 [1/1] (0.00ns)   --->   "%indvar_flatten147 = alloca i32 1"   --->   Operation 20 'alloca' 'indvar_flatten147' <Predicate = true> <Delay = 0.00>
ST_1 : Operation 21 [1/1] (0.00ns)   --->   "%r = alloca i32 1" [yolo_npu_v2.cpp:193]   --->   Operation 21 'alloca' 'r' <Predicate = true> <Delay = 0.00>
ST_1 : Operation 22 [1/1] (0.00ns)   --->   "%indvar_flatten171 = alloca i32 1"   --->   Operation 22 'alloca' 'indvar_flatten171' <Predicate = true> <Delay = 0.00>
ST_1 : Operation 23 [1/1] (0.00ns)   --->   "%sext_ln193_3_read = read i32 @_ssdm_op_Read.ap_auto.i32, i32 %sext_ln193_3"   --->   Operation 23 'read' 'sext_ln193_3_read' <Predicate = true> <Delay = 0.00>
ST_1 : Operation 24 [1/1] (0.00ns)   --->   "%sext_ln193_1_read = read i32 @_ssdm_op_Read.ap_auto.i32, i32 %sext_ln193_1"   --->   Operation 24 'read' 'sext_ln193_1_read' <Predicate = true> <Delay = 0.00>
ST_1 : Operation 25 [1/1] (0.00ns)   --->   "%icmp_ln203_read = read i1 @_ssdm_op_Read.ap_auto.i1, i1 %icmp_ln203"   --->   Operation 25 'read' 'icmp_ln203_read' <Predicate = true> <Delay = 0.00>
ST_1 : Operation 26 [1/1] (0.00ns)   --->   "%icmp_ln35_read = read i1 @_ssdm_op_Read.ap_auto.i1, i1 %icmp_ln35"   --->   Operation 26 'read' 'icmp_ln35_read' <Predicate = true> <Delay = 0.00>
ST_1 : Operation 27 [1/1] (0.00ns)   --->   "%sext_ln193_4_read = read i32 @_ssdm_op_Read.ap_auto.i32, i32 %sext_ln193_4"   --->   Operation 27 'read' 'sext_ln193_4_read' <Predicate = true> <Delay = 0.00>
ST_1 : Operation 28 [1/1] (0.00ns)   --->   "%sext_ln193_2_read = read i32 @_ssdm_op_Read.ap_auto.i32, i32 %sext_ln193_2"   --->   Operation 28 'read' 'sext_ln193_2_read' <Predicate = true> <Delay = 0.00>
ST_1 : Operation 29 [1/1] (0.00ns)   --->   "%sext_ln65_read = read i32 @_ssdm_op_Read.ap_auto.i32, i32 %sext_ln65"   --->   Operation 29 'read' 'sext_ln65_read' <Predicate = true> <Delay = 0.00>
ST_1 : Operation 30 [1/1] (0.00ns)   --->   "%tmp = read i1 @_ssdm_op_Read.ap_auto.i1, i1 %empty"   --->   Operation 30 'read' 'tmp' <Predicate = true> <Delay = 0.00>
ST_1 : Operation 31 [1/1] (0.00ns)   --->   "%mul_ln43_read = read i62 @_ssdm_op_Read.ap_auto.i62, i62 %mul_ln43"   --->   Operation 31 'read' 'mul_ln43_read' <Predicate = true> <Delay = 0.00>
ST_1 : Operation 32 [1/1] (0.00ns)   --->   "%ddr_mem_read = read i64 @_ssdm_op_Read.ap_auto.i64, i64 %ddr_mem"   --->   Operation 32 'read' 'ddr_mem_read' <Predicate = true> <Delay = 0.00>
ST_1 : Operation 33 [1/1] (0.00ns)   --->   "%sext_ln193_5_read = read i32 @_ssdm_op_Read.ap_auto.i32, i32 %sext_ln193_5"   --->   Operation 33 'read' 'sext_ln193_5_read' <Predicate = true> <Delay = 0.00>
ST_1 : Operation 34 [1/1] (0.00ns)   --->   "%sext_ln193_read = read i32 @_ssdm_op_Read.ap_auto.i32, i32 %sext_ln193"   --->   Operation 34 'read' 'sext_ln193_read' <Predicate = true> <Delay = 0.00>
ST_1 : Operation 35 [1/1] (0.00ns)   --->   "%mul_ln43_1_read = read i93 @_ssdm_op_Read.ap_auto.i93, i93 %mul_ln43_1"   --->   Operation 35 'read' 'mul_ln43_1_read' <Predicate = true> <Delay = 0.00>
ST_1 : Operation 36 [1/1] (0.00ns)   --->   "%cmd_out_channels_read = read i32 @_ssdm_op_Read.ap_auto.i32, i32 %cmd_out_channels"   --->   Operation 36 'read' 'cmd_out_channels_read' <Predicate = true> <Delay = 0.00>
ST_1 : Operation 37 [1/1] (0.00ns)   --->   "%cmd_apply_residual_read = read i32 @_ssdm_op_Read.ap_auto.i32, i32 %cmd_apply_residual"   --->   Operation 37 'read' 'cmd_apply_residual_read' <Predicate = true> <Delay = 0.00>
ST_1 : Operation 38 [1/1] (0.00ns)   --->   "%sext_ln193_3_cast = sext i32 %sext_ln193_3_read"   --->   Operation 38 'sext' 'sext_ln193_3_cast' <Predicate = true> <Delay = 0.00>
ST_1 : Operation 39 [1/1] (0.00ns)   --->   "%sext_ln193_1_cast = sext i32 %sext_ln193_1_read"   --->   Operation 39 'sext' 'sext_ln193_1_cast' <Predicate = true> <Delay = 0.00>
ST_1 : Operation 40 [1/1] (0.00ns)   --->   "%sext_ln193_4_cast = sext i32 %sext_ln193_4_read"   --->   Operation 40 'sext' 'sext_ln193_4_cast' <Predicate = true> <Delay = 0.00>
ST_1 : Operation 41 [1/1] (0.00ns)   --->   "%sext_ln193_2_cast = sext i32 %sext_ln193_2_read"   --->   Operation 41 'sext' 'sext_ln193_2_cast' <Predicate = true> <Delay = 0.00>
ST_1 : Operation 42 [1/1] (0.00ns)   --->   "%sext_ln65_cast = sext i32 %sext_ln65_read"   --->   Operation 42 'sext' 'sext_ln65_cast' <Predicate = true> <Delay = 0.00>
ST_1 : Operation 43 [1/1] (0.00ns)   --->   "%mul_ln43_cast = zext i62 %mul_ln43_read"   --->   Operation 43 'zext' 'mul_ln43_cast' <Predicate = true> <Delay = 0.00>
ST_1 : Operation 44 [1/1] (0.00ns)   --->   "%sext_ln193_5_cast = sext i32 %sext_ln193_5_read"   --->   Operation 44 'sext' 'sext_ln193_5_cast' <Predicate = true> <Delay = 0.00>
ST_1 : Operation 45 [1/1] (0.00ns)   --->   "%sext_ln193_cast = sext i32 %sext_ln193_read"   --->   Operation 45 'sext' 'sext_ln193_cast' <Predicate = true> <Delay = 0.00>
ST_1 : Operation 46 [1/1] (0.00ns)   --->   "%specinterface_ln0 = specinterface void @_ssdm_op_SpecInterface, i1024 %gmem, void @empty_6, i32 0, i32 0, void @empty_10, i32 0, i32 1563, void @empty_5, void @empty_14, void @empty_10, i32 16, i32 16, i32 16, i32 16, void @empty_10, void @empty_10, i32 4294967295, i32 0, i32 0, i32 128"   --->   Operation 46 'specinterface' 'specinterface_ln0' <Predicate = true> <Delay = 0.00>
ST_1 : Operation 47 [1/1] (1.51ns)   --->   "%icmp_ln208 = icmp_eq  i32 %cmd_apply_residual_read, i32 0" [yolo_npu_v2.cpp:208]   --->   Operation 47 'icmp' 'icmp_ln208' <Predicate = true> <Delay = 1.51> <CoreInst = "Cmp">   --->   Core 9 'Cmp' <Latency = 0> <II = 1> <Delay = 1.51> <FuncUnit> <Opcode : 'seteq' 'setne' 'setle' 'setge' 'setlt' 'setgt'> <InPorts = 2> <OutPorts = 1>
ST_1 : Operation 48 [1/1] (0.83ns)   --->   "%store_ln0 = store i93 0, i93 %indvar_flatten171"   --->   Operation 48 'store' 'store_ln0' <Predicate = true> <Delay = 0.83>
ST_1 : Operation 49 [1/1] (0.83ns)   --->   "%store_ln193 = store i31 0, i31 %r" [yolo_npu_v2.cpp:193]   --->   Operation 49 'store' 'store_ln193' <Predicate = true> <Delay = 0.83>
ST_1 : Operation 50 [1/1] (0.83ns)   --->   "%store_ln0 = store i64 0, i64 %indvar_flatten147"   --->   Operation 50 'store' 'store_ln0' <Predicate = true> <Delay = 0.83>
ST_1 : Operation 51 [1/1] (0.83ns)   --->   "%store_ln195 = store i31 0, i31 %c" [yolo_npu_v2.cpp:195]   --->   Operation 51 'store' 'store_ln195' <Predicate = true> <Delay = 0.83>
ST_1 : Operation 52 [1/1] (0.83ns)   --->   "%store_ln197 = store i31 0, i31 %oc_2" [yolo_npu_v2.cpp:197]   --->   Operation 52 'store' 'store_ln197' <Predicate = true> <Delay = 0.83>
ST_1 : Operation 53 [1/1] (0.00ns)   --->   "%br_ln0 = br void %for.body424"   --->   Operation 53 'br' 'br_ln0' <Predicate = true> <Delay = 0.00>

State 2 <SV = 1> <Delay = 9.44>
ST_2 : Operation 54 [1/1] (0.00ns)   --->   "%oc = load i31 %oc_2" [yolo_npu_v2.cpp:197]   --->   Operation 54 'load' 'oc' <Predicate = true> <Delay = 0.00>
ST_2 : Operation 55 [1/1] (0.00ns)   --->   "%indvar_flatten171_load = load i93 %indvar_flatten171" [yolo_npu_v2.cpp:193]   --->   Operation 55 'load' 'indvar_flatten171_load' <Predicate = true> <Delay = 0.00>
ST_2 : Operation 56 [1/1] (0.00ns)   --->   "%specbitsmap_ln0 = specbitsmap void @_ssdm_op_SpecBitsMap, i1024 %gmem"   --->   Operation 56 'specbitsmap' 'specbitsmap_ln0' <Predicate = true> <Delay = 0.00>
ST_2 : Operation 57 [1/1] (0.00ns)   --->   "%zext_ln197 = zext i31 %oc" [yolo_npu_v2.cpp:197]   --->   Operation 57 'zext' 'zext_ln197' <Predicate = true> <Delay = 0.00>
ST_2 : Operation 58 [1/1] (1.51ns)   --->   "%icmp_ln197 = icmp_slt  i32 %zext_ln197, i32 %cmd_out_channels_read" [yolo_npu_v2.cpp:197]   --->   Operation 58 'icmp' 'icmp_ln197' <Predicate = true> <Delay = 1.51> <CoreInst = "Cmp">   --->   Core 9 'Cmp' <Latency = 0> <II = 1> <Delay = 1.51> <FuncUnit> <Opcode : 'seteq' 'setne' 'setle' 'setge' 'setlt' 'setgt'> <InPorts = 2> <OutPorts = 1>
ST_2 : Operation 59 [1/1] (2.11ns)   --->   "%icmp_ln193 = icmp_eq  i93 %indvar_flatten171_load, i93 %mul_ln43_1_read" [yolo_npu_v2.cpp:193]   --->   Operation 59 'icmp' 'icmp_ln193' <Predicate = true> <Delay = 2.11> <CoreInst = "Cmp">   --->   Core 9 'Cmp' <Latency = 0> <II = 1> <Delay = 2.11> <FuncUnit> <Opcode : 'seteq' 'setne' 'setle' 'setge' 'setlt' 'setgt'> <InPorts = 2> <OutPorts = 1>
ST_2 : Operation 60 [1/1] (2.11ns)   --->   "%add_ln193_1 = add i93 %indvar_flatten171_load, i93 1" [yolo_npu_v2.cpp:193]   --->   Operation 60 'add' 'add_ln193_1' <Predicate = true> <Delay = 2.11> <CoreInst = "Adder">   --->   Core 1 'Adder' <Latency = 0> <II = 1> <Delay = 2.11> <FuncUnit> <Opcode : 'add' 'sub'> <InPorts = 2> <OutPorts = 1>
ST_2 : Operation 61 [1/1] (0.00ns)   --->   "%br_ln193 = br i1 %icmp_ln193, void %for.inc471, void %for.inc474.exitStub" [yolo_npu_v2.cpp:193]   --->   Operation 61 'br' 'br_ln193' <Predicate = true> <Delay = 0.00>
ST_2 : Operation 62 [1/1] (0.00ns)   --->   "%c_load = load i31 %c" [yolo_npu_v2.cpp:193]   --->   Operation 62 'load' 'c_load' <Predicate = (!icmp_ln193)> <Delay = 0.00>
ST_2 : Operation 63 [1/1] (0.00ns)   --->   "%indvar_flatten147_load_1 = load i64 %indvar_flatten147" [yolo_npu_v2.cpp:195]   --->   Operation 63 'load' 'indvar_flatten147_load_1' <Predicate = (!icmp_ln193)> <Delay = 0.00>
ST_2 : Operation 64 [1/1] (0.00ns)   --->   "%r_load = load i31 %r" [yolo_npu_v2.cpp:193]   --->   Operation 64 'load' 'r_load' <Predicate = (!icmp_ln193)> <Delay = 0.00>
ST_2 : Operation 65 [1/1] (1.50ns)   --->   "%add_ln193 = add i31 %r_load, i31 1" [yolo_npu_v2.cpp:193]   --->   Operation 65 'add' 'add_ln193' <Predicate = (!icmp_ln193)> <Delay = 1.50> <CoreInst = "Adder">   --->   Core 1 'Adder' <Latency = 0> <II = 1> <Delay = 1.50> <FuncUnit> <Opcode : 'add' 'sub'> <InPorts = 2> <OutPorts = 1>
ST_2 : Operation 66 [1/1] (1.72ns)   --->   "%icmp_ln195 = icmp_eq  i64 %indvar_flatten147_load_1, i64 %mul_ln43_cast" [yolo_npu_v2.cpp:195]   --->   Operation 66 'icmp' 'icmp_ln195' <Predicate = (!icmp_ln193)> <Delay = 1.72> <CoreInst = "Cmp">   --->   Core 9 'Cmp' <Latency = 0> <II = 1> <Delay = 1.72> <FuncUnit> <Opcode : 'seteq' 'setne' 'setle' 'setge' 'setlt' 'setgt'> <InPorts = 2> <OutPorts = 1>
ST_2 : Operation 67 [1/1] (0.51ns)   --->   "%select_ln193 = select i1 %icmp_ln195, i31 0, i31 %c_load" [yolo_npu_v2.cpp:193]   --->   Operation 67 'select' 'select_ln193' <Predicate = (!icmp_ln193)> <Delay = 0.51> <CoreInst = "Sel">   --->   Core 73 'Sel' <Latency = 0> <II = 1> <Delay = 0.51> <FuncUnit> <Opcode : 'select'> <InPorts = 3> <OutPorts = 1>
ST_2 : Operation 68 [1/1] (0.00ns) (grouped into LUT with out node select_ln195)   --->   "%select_ln193_1 = select i1 %icmp_ln195, i31 0, i31 %oc" [yolo_npu_v2.cpp:193]   --->   Operation 68 'select' 'select_ln193_1' <Predicate = (!icmp_ln193)> <Delay = 0.00> <CoreInst = "Sel">   --->   Core 73 'Sel' <Latency = 0> <II = 1> <Delay = 0.51> <FuncUnit> <Opcode : 'select'> <InPorts = 3> <OutPorts = 1>
ST_2 : Operation 69 [1/1] (0.48ns)   --->   "%select_ln193_2 = select i1 %icmp_ln195, i1 %tmp, i1 %icmp_ln197" [yolo_npu_v2.cpp:193]   --->   Operation 69 'select' 'select_ln193_2' <Predicate = (!icmp_ln193)> <Delay = 0.48> <CoreInst = "Sel">   --->   Core 73 'Sel' <Latency = 0> <II = 1> <Delay = 0.48> <FuncUnit> <Opcode : 'select'> <InPorts = 3> <OutPorts = 1>
ST_2 : Operation 70 [1/1] (0.51ns)   --->   "%select_ln193_3 = select i1 %icmp_ln195, i31 %add_ln193, i31 %r_load" [yolo_npu_v2.cpp:193]   --->   Operation 70 'select' 'select_ln193_3' <Predicate = (!icmp_ln193)> <Delay = 0.51> <CoreInst = "Sel">   --->   Core 73 'Sel' <Latency = 0> <II = 1> <Delay = 0.51> <FuncUnit> <Opcode : 'select'> <InPorts = 3> <OutPorts = 1>
ST_2 : Operation 71 [1/1] (0.00ns)   --->   "%trunc_ln195 = trunc i31 %select_ln193_3" [yolo_npu_v2.cpp:195]   --->   Operation 71 'trunc' 'trunc_ln195' <Predicate = (!icmp_ln193)> <Delay = 0.00>
ST_2 : Operation 72 [1/1] (1.50ns)   --->   "%add_ln195 = add i31 %select_ln193, i31 1" [yolo_npu_v2.cpp:195]   --->   Operation 72 'add' 'add_ln195' <Predicate = (!icmp_ln193)> <Delay = 1.50> <CoreInst = "Adder">   --->   Core 1 'Adder' <Latency = 0> <II = 1> <Delay = 1.50> <FuncUnit> <Opcode : 'add' 'sub'> <InPorts = 2> <OutPorts = 1>
ST_2 : Operation 73 [1/1] (0.51ns) (out node of the LUT)   --->   "%select_ln195 = select i1 %select_ln193_2, i31 %select_ln193_1, i31 0" [yolo_npu_v2.cpp:195]   --->   Operation 73 'select' 'select_ln195' <Predicate = (!icmp_ln193)> <Delay = 0.51> <CoreInst = "Sel">   --->   Core 73 'Sel' <Latency = 0> <II = 1> <Delay = 0.51> <FuncUnit> <Opcode : 'select'> <InPorts = 3> <OutPorts = 1>
ST_2 : Operation 74 [1/1] (0.51ns)   --->   "%select_ln195_1 = select i1 %select_ln193_2, i31 %select_ln193, i31 %add_ln195" [yolo_npu_v2.cpp:195]   --->   Operation 74 'select' 'select_ln195_1' <Predicate = (!icmp_ln193)> <Delay = 0.51> <CoreInst = "Sel">   --->   Core 73 'Sel' <Latency = 0> <II = 1> <Delay = 0.51> <FuncUnit> <Opcode : 'select'> <InPorts = 3> <OutPorts = 1>
ST_2 : Operation 75 [1/1] (0.00ns)   --->   "%tmp_s = bitconcatenate i8 @_ssdm_op_BitConcatenate.i8.i4.i4, i4 %trunc_ln195, i4 0" [yolo_npu_v2.cpp:200]   --->   Operation 75 'bitconcatenate' 'tmp_s' <Predicate = (!icmp_ln193)> <Delay = 0.00>
ST_2 : Operation 76 [1/1] (0.00ns)   --->   "%zext_ln193 = zext i31 %select_ln193_3" [yolo_npu_v2.cpp:193]   --->   Operation 76 'zext' 'zext_ln193' <Predicate = (!icmp_ln193)> <Delay = 0.00>
ST_2 : Operation 77 [1/1] (5.49ns)   --->   "%mul_ln210 = mul i62 %zext_ln193, i62 %sext_ln65_cast" [yolo_npu_v2.cpp:210]   --->   Operation 77 'mul' 'mul_ln210' <Predicate = (!icmp_ln193)> <Delay = 5.49> <CoreInst = "Multiplier">   --->   Core 3 'Multiplier' <Latency = 0> <II = 1> <Delay = 5.49> <FuncUnit> <Opcode : 'mul'> <InPorts = 2> <OutPorts = 1>
ST_2 : Operation 78 [1/1] (0.00ns)   --->   "%trunc_ln200 = trunc i31 %select_ln195_1" [yolo_npu_v2.cpp:200]   --->   Operation 78 'trunc' 'trunc_ln200' <Predicate = (!icmp_ln193)> <Delay = 0.00>
ST_2 : Operation 79 [1/1] (1.35ns)   --->   "%add_ln200 = add i8 %tmp_s, i8 %trunc_ln200" [yolo_npu_v2.cpp:200]   --->   Operation 79 'add' 'add_ln200' <Predicate = (!icmp_ln193)> <Delay = 1.35> <CoreInst = "Adder">   --->   Core 1 'Adder' <Latency = 0> <II = 1> <Delay = 1.35> <FuncUnit> <Opcode : 'add' 'sub'> <InPorts = 2> <OutPorts = 1>
ST_2 : Operation 80 [1/1] (0.00ns)   --->   "%tmp_5 = bitconcatenate i11 @_ssdm_op_BitConcatenate.i11.i8.i3, i8 %add_ln200, i3 0" [yolo_npu_v2.cpp:200]   --->   Operation 80 'bitconcatenate' 'tmp_5' <Predicate = (!icmp_ln193)> <Delay = 0.00>
ST_2 : Operation 81 [1/1] (0.00ns)   --->   "%zext_ln195 = zext i31 %select_ln195_1" [yolo_npu_v2.cpp:195]   --->   Operation 81 'zext' 'zext_ln195' <Predicate = (!icmp_ln193)> <Delay = 0.00>
ST_2 : Operation 82 [1/1] (1.71ns)   --->   "%add_ln210 = add i62 %zext_ln195, i62 %mul_ln210" [yolo_npu_v2.cpp:210]   --->   Operation 82 'add' 'add_ln210' <Predicate = (!icmp_ln193)> <Delay = 1.71> <CoreInst = "Adder">   --->   Core 1 'Adder' <Latency = 0> <II = 1> <Delay = 1.71> <FuncUnit> <Opcode : 'add' 'sub'> <InPorts = 2> <OutPorts = 1>
ST_2 : Operation 83 [1/1] (0.00ns)   --->   "%trunc_ln197 = trunc i31 %select_ln195" [yolo_npu_v2.cpp:197]   --->   Operation 83 'trunc' 'trunc_ln197' <Predicate = (!icmp_ln193)> <Delay = 0.00>
ST_2 : Operation 84 [1/1] (0.00ns)   --->   "%lshr_ln5 = partselect i11 @_ssdm_op_PartSelect.i11.i31.i32.i32, i31 %select_ln195, i32 5, i32 15" [yolo_npu_v2.cpp:197]   --->   Operation 84 'partselect' 'lshr_ln5' <Predicate = (!icmp_ln193)> <Delay = 0.00>
ST_2 : Operation 85 [1/1] (1.35ns)   --->   "%add_ln200_1 = add i11 %tmp_5, i11 %lshr_ln5" [yolo_npu_v2.cpp:200]   --->   Operation 85 'add' 'add_ln200_1' <Predicate = (!icmp_ln193)> <Delay = 1.35> <CoreInst = "Adder">   --->   Core 1 'Adder' <Latency = 0> <II = 1> <Delay = 1.35> <FuncUnit> <Opcode : 'add' 'sub'> <InPorts = 2> <OutPorts = 1>
ST_2 : Operation 86 [1/1] (0.00ns)   --->   "%zext_ln200 = zext i11 %add_ln200_1" [yolo_npu_v2.cpp:200]   --->   Operation 86 'zext' 'zext_ln200' <Predicate = (!icmp_ln193)> <Delay = 0.00>
ST_2 : Operation 87 [1/1] (0.00ns)   --->   "%sp_out_fm_addr = getelementptr i16 %sp_out_fm, i64 0, i64 %zext_ln200" [yolo_npu_v2.cpp:200]   --->   Operation 87 'getelementptr' 'sp_out_fm_addr' <Predicate = (!icmp_ln193)> <Delay = 0.00>
ST_2 : Operation 88 [1/1] (0.00ns)   --->   "%sp_out_fm_1_addr = getelementptr i16 %sp_out_fm_1, i64 0, i64 %zext_ln200" [yolo_npu_v2.cpp:200]   --->   Operation 88 'getelementptr' 'sp_out_fm_1_addr' <Predicate = (!icmp_ln193)> <Delay = 0.00>
ST_2 : Operation 89 [1/1] (0.00ns)   --->   "%sp_out_fm_2_addr = getelementptr i16 %sp_out_fm_2, i64 0, i64 %zext_ln200" [yolo_npu_v2.cpp:200]   --->   Operation 89 'getelementptr' 'sp_out_fm_2_addr' <Predicate = (!icmp_ln193)> <Delay = 0.00>
ST_2 : Operation 90 [1/1] (0.00ns)   --->   "%sp_out_fm_3_addr = getelementptr i16 %sp_out_fm_3, i64 0, i64 %zext_ln200" [yolo_npu_v2.cpp:200]   --->   Operation 90 'getelementptr' 'sp_out_fm_3_addr' <Predicate = (!icmp_ln193)> <Delay = 0.00>
ST_2 : Operation 91 [1/1] (0.00ns)   --->   "%sp_out_fm_4_addr = getelementptr i16 %sp_out_fm_4, i64 0, i64 %zext_ln200" [yolo_npu_v2.cpp:200]   --->   Operation 91 'getelementptr' 'sp_out_fm_4_addr' <Predicate = (!icmp_ln193)> <Delay = 0.00>
ST_2 : Operation 92 [1/1] (0.00ns)   --->   "%sp_out_fm_5_addr = getelementptr i16 %sp_out_fm_5, i64 0, i64 %zext_ln200" [yolo_npu_v2.cpp:200]   --->   Operation 92 'getelementptr' 'sp_out_fm_5_addr' <Predicate = (!icmp_ln193)> <Delay = 0.00>
ST_2 : Operation 93 [1/1] (0.00ns)   --->   "%sp_out_fm_6_addr = getelementptr i16 %sp_out_fm_6, i64 0, i64 %zext_ln200" [yolo_npu_v2.cpp:200]   --->   Operation 93 'getelementptr' 'sp_out_fm_6_addr' <Predicate = (!icmp_ln193)> <Delay = 0.00>
ST_2 : Operation 94 [1/1] (0.00ns)   --->   "%sp_out_fm_7_addr = getelementptr i16 %sp_out_fm_7, i64 0, i64 %zext_ln200" [yolo_npu_v2.cpp:200]   --->   Operation 94 'getelementptr' 'sp_out_fm_7_addr' <Predicate = (!icmp_ln193)> <Delay = 0.00>
ST_2 : Operation 95 [1/1] (0.00ns)   --->   "%sp_out_fm_8_addr = getelementptr i16 %sp_out_fm_8, i64 0, i64 %zext_ln200" [yolo_npu_v2.cpp:200]   --->   Operation 95 'getelementptr' 'sp_out_fm_8_addr' <Predicate = (!icmp_ln193)> <Delay = 0.00>
ST_2 : Operation 96 [1/1] (0.00ns)   --->   "%sp_out_fm_9_addr = getelementptr i16 %sp_out_fm_9, i64 0, i64 %zext_ln200" [yolo_npu_v2.cpp:200]   --->   Operation 96 'getelementptr' 'sp_out_fm_9_addr' <Predicate = (!icmp_ln193)> <Delay = 0.00>
ST_2 : Operation 97 [1/1] (0.00ns)   --->   "%sp_out_fm_10_addr = getelementptr i16 %sp_out_fm_10, i64 0, i64 %zext_ln200" [yolo_npu_v2.cpp:200]   --->   Operation 97 'getelementptr' 'sp_out_fm_10_addr' <Predicate = (!icmp_ln193)> <Delay = 0.00>
ST_2 : Operation 98 [1/1] (0.00ns)   --->   "%sp_out_fm_11_addr = getelementptr i16 %sp_out_fm_11, i64 0, i64 %zext_ln200" [yolo_npu_v2.cpp:200]   --->   Operation 98 'getelementptr' 'sp_out_fm_11_addr' <Predicate = (!icmp_ln193)> <Delay = 0.00>
ST_2 : Operation 99 [1/1] (0.00ns)   --->   "%sp_out_fm_12_addr = getelementptr i16 %sp_out_fm_12, i64 0, i64 %zext_ln200" [yolo_npu_v2.cpp:200]   --->   Operation 99 'getelementptr' 'sp_out_fm_12_addr' <Predicate = (!icmp_ln193)> <Delay = 0.00>
ST_2 : Operation 100 [1/1] (0.00ns)   --->   "%sp_out_fm_13_addr = getelementptr i16 %sp_out_fm_13, i64 0, i64 %zext_ln200" [yolo_npu_v2.cpp:200]   --->   Operation 100 'getelementptr' 'sp_out_fm_13_addr' <Predicate = (!icmp_ln193)> <Delay = 0.00>
ST_2 : Operation 101 [1/1] (0.00ns)   --->   "%sp_out_fm_14_addr = getelementptr i16 %sp_out_fm_14, i64 0, i64 %zext_ln200" [yolo_npu_v2.cpp:200]   --->   Operation 101 'getelementptr' 'sp_out_fm_14_addr' <Predicate = (!icmp_ln193)> <Delay = 0.00>
ST_2 : Operation 102 [1/1] (0.00ns)   --->   "%sp_out_fm_15_addr = getelementptr i16 %sp_out_fm_15, i64 0, i64 %zext_ln200" [yolo_npu_v2.cpp:200]   --->   Operation 102 'getelementptr' 'sp_out_fm_15_addr' <Predicate = (!icmp_ln193)> <Delay = 0.00>
ST_2 : Operation 103 [1/1] (0.00ns)   --->   "%sp_out_fm_16_addr = getelementptr i16 %sp_out_fm_16, i64 0, i64 %zext_ln200" [yolo_npu_v2.cpp:200]   --->   Operation 103 'getelementptr' 'sp_out_fm_16_addr' <Predicate = (!icmp_ln193)> <Delay = 0.00>
ST_2 : Operation 104 [1/1] (0.00ns)   --->   "%sp_out_fm_17_addr = getelementptr i16 %sp_out_fm_17, i64 0, i64 %zext_ln200" [yolo_npu_v2.cpp:200]   --->   Operation 104 'getelementptr' 'sp_out_fm_17_addr' <Predicate = (!icmp_ln193)> <Delay = 0.00>
ST_2 : Operation 105 [1/1] (0.00ns)   --->   "%sp_out_fm_18_addr = getelementptr i16 %sp_out_fm_18, i64 0, i64 %zext_ln200" [yolo_npu_v2.cpp:200]   --->   Operation 105 'getelementptr' 'sp_out_fm_18_addr' <Predicate = (!icmp_ln193)> <Delay = 0.00>
ST_2 : Operation 106 [1/1] (0.00ns)   --->   "%sp_out_fm_19_addr = getelementptr i16 %sp_out_fm_19, i64 0, i64 %zext_ln200" [yolo_npu_v2.cpp:200]   --->   Operation 106 'getelementptr' 'sp_out_fm_19_addr' <Predicate = (!icmp_ln193)> <Delay = 0.00>
ST_2 : Operation 107 [1/1] (0.00ns)   --->   "%sp_out_fm_20_addr = getelementptr i16 %sp_out_fm_20, i64 0, i64 %zext_ln200" [yolo_npu_v2.cpp:200]   --->   Operation 107 'getelementptr' 'sp_out_fm_20_addr' <Predicate = (!icmp_ln193)> <Delay = 0.00>
ST_2 : Operation 108 [1/1] (0.00ns)   --->   "%sp_out_fm_21_addr = getelementptr i16 %sp_out_fm_21, i64 0, i64 %zext_ln200" [yolo_npu_v2.cpp:200]   --->   Operation 108 'getelementptr' 'sp_out_fm_21_addr' <Predicate = (!icmp_ln193)> <Delay = 0.00>
ST_2 : Operation 109 [1/1] (0.00ns)   --->   "%sp_out_fm_22_addr = getelementptr i16 %sp_out_fm_22, i64 0, i64 %zext_ln200" [yolo_npu_v2.cpp:200]   --->   Operation 109 'getelementptr' 'sp_out_fm_22_addr' <Predicate = (!icmp_ln193)> <Delay = 0.00>
ST_2 : Operation 110 [1/1] (0.00ns)   --->   "%sp_out_fm_23_addr = getelementptr i16 %sp_out_fm_23, i64 0, i64 %zext_ln200" [yolo_npu_v2.cpp:200]   --->   Operation 110 'getelementptr' 'sp_out_fm_23_addr' <Predicate = (!icmp_ln193)> <Delay = 0.00>
ST_2 : Operation 111 [1/1] (0.00ns)   --->   "%sp_out_fm_24_addr = getelementptr i16 %sp_out_fm_24, i64 0, i64 %zext_ln200" [yolo_npu_v2.cpp:200]   --->   Operation 111 'getelementptr' 'sp_out_fm_24_addr' <Predicate = (!icmp_ln193)> <Delay = 0.00>
ST_2 : Operation 112 [1/1] (0.00ns)   --->   "%sp_out_fm_25_addr = getelementptr i16 %sp_out_fm_25, i64 0, i64 %zext_ln200" [yolo_npu_v2.cpp:200]   --->   Operation 112 'getelementptr' 'sp_out_fm_25_addr' <Predicate = (!icmp_ln193)> <Delay = 0.00>
ST_2 : Operation 113 [1/1] (0.00ns)   --->   "%sp_out_fm_26_addr = getelementptr i16 %sp_out_fm_26, i64 0, i64 %zext_ln200" [yolo_npu_v2.cpp:200]   --->   Operation 113 'getelementptr' 'sp_out_fm_26_addr' <Predicate = (!icmp_ln193)> <Delay = 0.00>
ST_2 : Operation 114 [1/1] (0.00ns)   --->   "%sp_out_fm_27_addr = getelementptr i16 %sp_out_fm_27, i64 0, i64 %zext_ln200" [yolo_npu_v2.cpp:200]   --->   Operation 114 'getelementptr' 'sp_out_fm_27_addr' <Predicate = (!icmp_ln193)> <Delay = 0.00>
ST_2 : Operation 115 [1/1] (0.00ns)   --->   "%sp_out_fm_28_addr = getelementptr i16 %sp_out_fm_28, i64 0, i64 %zext_ln200" [yolo_npu_v2.cpp:200]   --->   Operation 115 'getelementptr' 'sp_out_fm_28_addr' <Predicate = (!icmp_ln193)> <Delay = 0.00>
ST_2 : Operation 116 [1/1] (0.00ns)   --->   "%sp_out_fm_29_addr = getelementptr i16 %sp_out_fm_29, i64 0, i64 %zext_ln200" [yolo_npu_v2.cpp:200]   --->   Operation 116 'getelementptr' 'sp_out_fm_29_addr' <Predicate = (!icmp_ln193)> <Delay = 0.00>
ST_2 : Operation 117 [1/1] (0.00ns)   --->   "%sp_out_fm_30_addr = getelementptr i16 %sp_out_fm_30, i64 0, i64 %zext_ln200" [yolo_npu_v2.cpp:200]   --->   Operation 117 'getelementptr' 'sp_out_fm_30_addr' <Predicate = (!icmp_ln193)> <Delay = 0.00>
ST_2 : Operation 118 [1/1] (0.00ns)   --->   "%sp_out_fm_31_addr = getelementptr i16 %sp_out_fm_31, i64 0, i64 %zext_ln200" [yolo_npu_v2.cpp:200]   --->   Operation 118 'getelementptr' 'sp_out_fm_31_addr' <Predicate = (!icmp_ln193)> <Delay = 0.00>
ST_2 : Operation 119 [2/2] (2.26ns)   --->   "%sp_out_fm_load = load i11 %sp_out_fm_addr" [yolo_npu_v2.cpp:200]   --->   Operation 119 'load' 'sp_out_fm_load' <Predicate = (!icmp_ln193)> <Delay = 2.26> <CoreInst = "RAM">   --->   Core 81 'RAM' <Latency = 1> <II = 1> <Delay = 2.26> <Storage> <Opcode : 'load' 'store'> <Ports = 2> <Width = 16> <Depth = 2048> <RAM>
ST_2 : Operation 120 [2/2] (2.26ns)   --->   "%sp_out_fm_1_load = load i11 %sp_out_fm_1_addr" [yolo_npu_v2.cpp:200]   --->   Operation 120 'load' 'sp_out_fm_1_load' <Predicate = (!icmp_ln193)> <Delay = 2.26> <CoreInst = "RAM">   --->   Core 81 'RAM' <Latency = 1> <II = 1> <Delay = 2.26> <Storage> <Opcode : 'load' 'store'> <Ports = 2> <Width = 16> <Depth = 2048> <RAM>
ST_2 : Operation 121 [2/2] (2.26ns)   --->   "%sp_out_fm_2_load = load i11 %sp_out_fm_2_addr" [yolo_npu_v2.cpp:200]   --->   Operation 121 'load' 'sp_out_fm_2_load' <Predicate = (!icmp_ln193)> <Delay = 2.26> <CoreInst = "RAM">   --->   Core 81 'RAM' <Latency = 1> <II = 1> <Delay = 2.26> <Storage> <Opcode : 'load' 'store'> <Ports = 2> <Width = 16> <Depth = 2048> <RAM>
ST_2 : Operation 122 [2/2] (2.26ns)   --->   "%sp_out_fm_3_load = load i11 %sp_out_fm_3_addr" [yolo_npu_v2.cpp:200]   --->   Operation 122 'load' 'sp_out_fm_3_load' <Predicate = (!icmp_ln193)> <Delay = 2.26> <CoreInst = "RAM">   --->   Core 81 'RAM' <Latency = 1> <II = 1> <Delay = 2.26> <Storage> <Opcode : 'load' 'store'> <Ports = 2> <Width = 16> <Depth = 2048> <RAM>
ST_2 : Operation 123 [2/2] (2.26ns)   --->   "%sp_out_fm_4_load = load i11 %sp_out_fm_4_addr" [yolo_npu_v2.cpp:200]   --->   Operation 123 'load' 'sp_out_fm_4_load' <Predicate = (!icmp_ln193)> <Delay = 2.26> <CoreInst = "RAM">   --->   Core 81 'RAM' <Latency = 1> <II = 1> <Delay = 2.26> <Storage> <Opcode : 'load' 'store'> <Ports = 2> <Width = 16> <Depth = 2048> <RAM>
ST_2 : Operation 124 [2/2] (2.26ns)   --->   "%sp_out_fm_5_load = load i11 %sp_out_fm_5_addr" [yolo_npu_v2.cpp:200]   --->   Operation 124 'load' 'sp_out_fm_5_load' <Predicate = (!icmp_ln193)> <Delay = 2.26> <CoreInst = "RAM">   --->   Core 81 'RAM' <Latency = 1> <II = 1> <Delay = 2.26> <Storage> <Opcode : 'load' 'store'> <Ports = 2> <Width = 16> <Depth = 2048> <RAM>
ST_2 : Operation 125 [2/2] (2.26ns)   --->   "%sp_out_fm_6_load = load i11 %sp_out_fm_6_addr" [yolo_npu_v2.cpp:200]   --->   Operation 125 'load' 'sp_out_fm_6_load' <Predicate = (!icmp_ln193)> <Delay = 2.26> <CoreInst = "RAM">   --->   Core 81 'RAM' <Latency = 1> <II = 1> <Delay = 2.26> <Storage> <Opcode : 'load' 'store'> <Ports = 2> <Width = 16> <Depth = 2048> <RAM>
ST_2 : Operation 126 [2/2] (2.26ns)   --->   "%sp_out_fm_7_load = load i11 %sp_out_fm_7_addr" [yolo_npu_v2.cpp:200]   --->   Operation 126 'load' 'sp_out_fm_7_load' <Predicate = (!icmp_ln193)> <Delay = 2.26> <CoreInst = "RAM">   --->   Core 81 'RAM' <Latency = 1> <II = 1> <Delay = 2.26> <Storage> <Opcode : 'load' 'store'> <Ports = 2> <Width = 16> <Depth = 2048> <RAM>
ST_2 : Operation 127 [2/2] (2.26ns)   --->   "%sp_out_fm_8_load = load i11 %sp_out_fm_8_addr" [yolo_npu_v2.cpp:200]   --->   Operation 127 'load' 'sp_out_fm_8_load' <Predicate = (!icmp_ln193)> <Delay = 2.26> <CoreInst = "RAM">   --->   Core 81 'RAM' <Latency = 1> <II = 1> <Delay = 2.26> <Storage> <Opcode : 'load' 'store'> <Ports = 2> <Width = 16> <Depth = 2048> <RAM>
ST_2 : Operation 128 [2/2] (2.26ns)   --->   "%sp_out_fm_9_load = load i11 %sp_out_fm_9_addr" [yolo_npu_v2.cpp:200]   --->   Operation 128 'load' 'sp_out_fm_9_load' <Predicate = (!icmp_ln193)> <Delay = 2.26> <CoreInst = "RAM">   --->   Core 81 'RAM' <Latency = 1> <II = 1> <Delay = 2.26> <Storage> <Opcode : 'load' 'store'> <Ports = 2> <Width = 16> <Depth = 2048> <RAM>
ST_2 : Operation 129 [2/2] (2.26ns)   --->   "%sp_out_fm_10_load = load i11 %sp_out_fm_10_addr" [yolo_npu_v2.cpp:200]   --->   Operation 129 'load' 'sp_out_fm_10_load' <Predicate = (!icmp_ln193)> <Delay = 2.26> <CoreInst = "RAM">   --->   Core 81 'RAM' <Latency = 1> <II = 1> <Delay = 2.26> <Storage> <Opcode : 'load' 'store'> <Ports = 2> <Width = 16> <Depth = 2048> <RAM>
ST_2 : Operation 130 [2/2] (2.26ns)   --->   "%sp_out_fm_11_load = load i11 %sp_out_fm_11_addr" [yolo_npu_v2.cpp:200]   --->   Operation 130 'load' 'sp_out_fm_11_load' <Predicate = (!icmp_ln193)> <Delay = 2.26> <CoreInst = "RAM">   --->   Core 81 'RAM' <Latency = 1> <II = 1> <Delay = 2.26> <Storage> <Opcode : 'load' 'store'> <Ports = 2> <Width = 16> <Depth = 2048> <RAM>
ST_2 : Operation 131 [2/2] (2.26ns)   --->   "%sp_out_fm_12_load = load i11 %sp_out_fm_12_addr" [yolo_npu_v2.cpp:200]   --->   Operation 131 'load' 'sp_out_fm_12_load' <Predicate = (!icmp_ln193)> <Delay = 2.26> <CoreInst = "RAM">   --->   Core 81 'RAM' <Latency = 1> <II = 1> <Delay = 2.26> <Storage> <Opcode : 'load' 'store'> <Ports = 2> <Width = 16> <Depth = 2048> <RAM>
ST_2 : Operation 132 [2/2] (2.26ns)   --->   "%sp_out_fm_13_load = load i11 %sp_out_fm_13_addr" [yolo_npu_v2.cpp:200]   --->   Operation 132 'load' 'sp_out_fm_13_load' <Predicate = (!icmp_ln193)> <Delay = 2.26> <CoreInst = "RAM">   --->   Core 81 'RAM' <Latency = 1> <II = 1> <Delay = 2.26> <Storage> <Opcode : 'load' 'store'> <Ports = 2> <Width = 16> <Depth = 2048> <RAM>
ST_2 : Operation 133 [2/2] (2.26ns)   --->   "%sp_out_fm_14_load = load i11 %sp_out_fm_14_addr" [yolo_npu_v2.cpp:200]   --->   Operation 133 'load' 'sp_out_fm_14_load' <Predicate = (!icmp_ln193)> <Delay = 2.26> <CoreInst = "RAM">   --->   Core 81 'RAM' <Latency = 1> <II = 1> <Delay = 2.26> <Storage> <Opcode : 'load' 'store'> <Ports = 2> <Width = 16> <Depth = 2048> <RAM>
ST_2 : Operation 134 [2/2] (2.26ns)   --->   "%sp_out_fm_15_load = load i11 %sp_out_fm_15_addr" [yolo_npu_v2.cpp:200]   --->   Operation 134 'load' 'sp_out_fm_15_load' <Predicate = (!icmp_ln193)> <Delay = 2.26> <CoreInst = "RAM">   --->   Core 81 'RAM' <Latency = 1> <II = 1> <Delay = 2.26> <Storage> <Opcode : 'load' 'store'> <Ports = 2> <Width = 16> <Depth = 2048> <RAM>
ST_2 : Operation 135 [2/2] (2.26ns)   --->   "%sp_out_fm_16_load = load i11 %sp_out_fm_16_addr" [yolo_npu_v2.cpp:200]   --->   Operation 135 'load' 'sp_out_fm_16_load' <Predicate = (!icmp_ln193)> <Delay = 2.26> <CoreInst = "RAM">   --->   Core 81 'RAM' <Latency = 1> <II = 1> <Delay = 2.26> <Storage> <Opcode : 'load' 'store'> <Ports = 2> <Width = 16> <Depth = 2048> <RAM>
ST_2 : Operation 136 [2/2] (2.26ns)   --->   "%sp_out_fm_17_load = load i11 %sp_out_fm_17_addr" [yolo_npu_v2.cpp:200]   --->   Operation 136 'load' 'sp_out_fm_17_load' <Predicate = (!icmp_ln193)> <Delay = 2.26> <CoreInst = "RAM">   --->   Core 81 'RAM' <Latency = 1> <II = 1> <Delay = 2.26> <Storage> <Opcode : 'load' 'store'> <Ports = 2> <Width = 16> <Depth = 2048> <RAM>
ST_2 : Operation 137 [2/2] (2.26ns)   --->   "%sp_out_fm_18_load = load i11 %sp_out_fm_18_addr" [yolo_npu_v2.cpp:200]   --->   Operation 137 'load' 'sp_out_fm_18_load' <Predicate = (!icmp_ln193)> <Delay = 2.26> <CoreInst = "RAM">   --->   Core 81 'RAM' <Latency = 1> <II = 1> <Delay = 2.26> <Storage> <Opcode : 'load' 'store'> <Ports = 2> <Width = 16> <Depth = 2048> <RAM>
ST_2 : Operation 138 [2/2] (2.26ns)   --->   "%sp_out_fm_19_load = load i11 %sp_out_fm_19_addr" [yolo_npu_v2.cpp:200]   --->   Operation 138 'load' 'sp_out_fm_19_load' <Predicate = (!icmp_ln193)> <Delay = 2.26> <CoreInst = "RAM">   --->   Core 81 'RAM' <Latency = 1> <II = 1> <Delay = 2.26> <Storage> <Opcode : 'load' 'store'> <Ports = 2> <Width = 16> <Depth = 2048> <RAM>
ST_2 : Operation 139 [2/2] (2.26ns)   --->   "%sp_out_fm_20_load = load i11 %sp_out_fm_20_addr" [yolo_npu_v2.cpp:200]   --->   Operation 139 'load' 'sp_out_fm_20_load' <Predicate = (!icmp_ln193)> <Delay = 2.26> <CoreInst = "RAM">   --->   Core 81 'RAM' <Latency = 1> <II = 1> <Delay = 2.26> <Storage> <Opcode : 'load' 'store'> <Ports = 2> <Width = 16> <Depth = 2048> <RAM>
ST_2 : Operation 140 [2/2] (2.26ns)   --->   "%sp_out_fm_21_load = load i11 %sp_out_fm_21_addr" [yolo_npu_v2.cpp:200]   --->   Operation 140 'load' 'sp_out_fm_21_load' <Predicate = (!icmp_ln193)> <Delay = 2.26> <CoreInst = "RAM">   --->   Core 81 'RAM' <Latency = 1> <II = 1> <Delay = 2.26> <Storage> <Opcode : 'load' 'store'> <Ports = 2> <Width = 16> <Depth = 2048> <RAM>
ST_2 : Operation 141 [2/2] (2.26ns)   --->   "%sp_out_fm_22_load = load i11 %sp_out_fm_22_addr" [yolo_npu_v2.cpp:200]   --->   Operation 141 'load' 'sp_out_fm_22_load' <Predicate = (!icmp_ln193)> <Delay = 2.26> <CoreInst = "RAM">   --->   Core 81 'RAM' <Latency = 1> <II = 1> <Delay = 2.26> <Storage> <Opcode : 'load' 'store'> <Ports = 2> <Width = 16> <Depth = 2048> <RAM>
ST_2 : Operation 142 [2/2] (2.26ns)   --->   "%sp_out_fm_23_load = load i11 %sp_out_fm_23_addr" [yolo_npu_v2.cpp:200]   --->   Operation 142 'load' 'sp_out_fm_23_load' <Predicate = (!icmp_ln193)> <Delay = 2.26> <CoreInst = "RAM">   --->   Core 81 'RAM' <Latency = 1> <II = 1> <Delay = 2.26> <Storage> <Opcode : 'load' 'store'> <Ports = 2> <Width = 16> <Depth = 2048> <RAM>
ST_2 : Operation 143 [2/2] (2.26ns)   --->   "%sp_out_fm_24_load = load i11 %sp_out_fm_24_addr" [yolo_npu_v2.cpp:200]   --->   Operation 143 'load' 'sp_out_fm_24_load' <Predicate = (!icmp_ln193)> <Delay = 2.26> <CoreInst = "RAM">   --->   Core 81 'RAM' <Latency = 1> <II = 1> <Delay = 2.26> <Storage> <Opcode : 'load' 'store'> <Ports = 2> <Width = 16> <Depth = 2048> <RAM>
ST_2 : Operation 144 [2/2] (2.26ns)   --->   "%sp_out_fm_25_load = load i11 %sp_out_fm_25_addr" [yolo_npu_v2.cpp:200]   --->   Operation 144 'load' 'sp_out_fm_25_load' <Predicate = (!icmp_ln193)> <Delay = 2.26> <CoreInst = "RAM">   --->   Core 81 'RAM' <Latency = 1> <II = 1> <Delay = 2.26> <Storage> <Opcode : 'load' 'store'> <Ports = 2> <Width = 16> <Depth = 2048> <RAM>
ST_2 : Operation 145 [2/2] (2.26ns)   --->   "%sp_out_fm_26_load = load i11 %sp_out_fm_26_addr" [yolo_npu_v2.cpp:200]   --->   Operation 145 'load' 'sp_out_fm_26_load' <Predicate = (!icmp_ln193)> <Delay = 2.26> <CoreInst = "RAM">   --->   Core 81 'RAM' <Latency = 1> <II = 1> <Delay = 2.26> <Storage> <Opcode : 'load' 'store'> <Ports = 2> <Width = 16> <Depth = 2048> <RAM>
ST_2 : Operation 146 [2/2] (2.26ns)   --->   "%sp_out_fm_27_load = load i11 %sp_out_fm_27_addr" [yolo_npu_v2.cpp:200]   --->   Operation 146 'load' 'sp_out_fm_27_load' <Predicate = (!icmp_ln193)> <Delay = 2.26> <CoreInst = "RAM">   --->   Core 81 'RAM' <Latency = 1> <II = 1> <Delay = 2.26> <Storage> <Opcode : 'load' 'store'> <Ports = 2> <Width = 16> <Depth = 2048> <RAM>
ST_2 : Operation 147 [2/2] (2.26ns)   --->   "%sp_out_fm_28_load = load i11 %sp_out_fm_28_addr" [yolo_npu_v2.cpp:200]   --->   Operation 147 'load' 'sp_out_fm_28_load' <Predicate = (!icmp_ln193)> <Delay = 2.26> <CoreInst = "RAM">   --->   Core 81 'RAM' <Latency = 1> <II = 1> <Delay = 2.26> <Storage> <Opcode : 'load' 'store'> <Ports = 2> <Width = 16> <Depth = 2048> <RAM>
ST_2 : Operation 148 [2/2] (2.26ns)   --->   "%sp_out_fm_29_load = load i11 %sp_out_fm_29_addr" [yolo_npu_v2.cpp:200]   --->   Operation 148 'load' 'sp_out_fm_29_load' <Predicate = (!icmp_ln193)> <Delay = 2.26> <CoreInst = "RAM">   --->   Core 81 'RAM' <Latency = 1> <II = 1> <Delay = 2.26> <Storage> <Opcode : 'load' 'store'> <Ports = 2> <Width = 16> <Depth = 2048> <RAM>
ST_2 : Operation 149 [2/2] (2.26ns)   --->   "%sp_out_fm_30_load = load i11 %sp_out_fm_30_addr" [yolo_npu_v2.cpp:200]   --->   Operation 149 'load' 'sp_out_fm_30_load' <Predicate = (!icmp_ln193)> <Delay = 2.26> <CoreInst = "RAM">   --->   Core 81 'RAM' <Latency = 1> <II = 1> <Delay = 2.26> <Storage> <Opcode : 'load' 'store'> <Ports = 2> <Width = 16> <Depth = 2048> <RAM>
ST_2 : Operation 150 [2/2] (2.26ns)   --->   "%sp_out_fm_31_load = load i11 %sp_out_fm_31_addr" [yolo_npu_v2.cpp:200]   --->   Operation 150 'load' 'sp_out_fm_31_load' <Predicate = (!icmp_ln193)> <Delay = 2.26> <CoreInst = "RAM">   --->   Core 81 'RAM' <Latency = 1> <II = 1> <Delay = 2.26> <Storage> <Opcode : 'load' 'store'> <Ports = 2> <Width = 16> <Depth = 2048> <RAM>
ST_2 : Operation 151 [1/1] (0.83ns)   --->   "%br_ln208 = br i1 %icmp_ln208, void %if.then445, void %for.inc465" [yolo_npu_v2.cpp:208]   --->   Operation 151 'br' 'br_ln208' <Predicate = (!icmp_ln193)> <Delay = 0.83>
ST_2 : Operation 152 [1/1] (1.51ns)   --->   "%add_ln210_1 = add i33 %sext_ln193_1_cast, i33 %sext_ln193_3_cast" [yolo_npu_v2.cpp:210]   --->   Operation 152 'add' 'add_ln210_1' <Predicate = (!icmp_ln193 & !icmp_ln208)> <Delay = 1.51> <CoreInst = "Adder">   --->   Core 1 'Adder' <Latency = 0> <II = 1> <Delay = 1.51> <FuncUnit> <Opcode : 'add' 'sub'> <InPorts = 2> <OutPorts = 1>
ST_2 : Operation 153 [1/1] (0.00ns)   --->   "%indvar_flatten147_load = load i64 %indvar_flatten147" [yolo_npu_v2.cpp:195]   --->   Operation 153 'load' 'indvar_flatten147_load' <Predicate = (!icmp_ln193)> <Delay = 0.00>
ST_2 : Operation 154 [1/1] (1.51ns)   --->   "%add_ln216 = add i33 %sext_ln193_cast, i33 %sext_ln193_5_cast" [yolo_npu_v2.cpp:216]   --->   Operation 154 'add' 'add_ln216' <Predicate = (!icmp_ln193)> <Delay = 1.51> <CoreInst = "Adder">   --->   Core 1 'Adder' <Latency = 0> <II = 1> <Delay = 1.51> <FuncUnit> <Opcode : 'add' 'sub'> <InPorts = 2> <OutPorts = 1>
ST_2 : Operation 155 [1/1] (1.50ns)   --->   "%add_ln197 = add i31 %select_ln195, i31 1" [yolo_npu_v2.cpp:197]   --->   Operation 155 'add' 'add_ln197' <Predicate = (!icmp_ln193)> <Delay = 1.50> <CoreInst = "Adder">   --->   Core 1 'Adder' <Latency = 0> <II = 1> <Delay = 1.50> <FuncUnit> <Opcode : 'add' 'sub'> <InPorts = 2> <OutPorts = 1>
ST_2 : Operation 156 [1/1] (1.72ns)   --->   "%add_ln195_1 = add i64 %indvar_flatten147_load, i64 1" [yolo_npu_v2.cpp:195]   --->   Operation 156 'add' 'add_ln195_1' <Predicate = (!icmp_ln193)> <Delay = 1.72> <CoreInst = "Adder">   --->   Core 1 'Adder' <Latency = 0> <II = 1> <Delay = 1.72> <FuncUnit> <Opcode : 'add' 'sub'> <InPorts = 2> <OutPorts = 1>
ST_2 : Operation 157 [1/1] (0.61ns)   --->   "%select_ln195_2 = select i1 %icmp_ln195, i64 1, i64 %add_ln195_1" [yolo_npu_v2.cpp:195]   --->   Operation 157 'select' 'select_ln195_2' <Predicate = (!icmp_ln193)> <Delay = 0.61> <CoreInst = "Sel">   --->   Core 73 'Sel' <Latency = 0> <II = 1> <Delay = 0.61> <FuncUnit> <Opcode : 'select'> <InPorts = 3> <OutPorts = 1>
ST_2 : Operation 158 [1/1] (0.83ns)   --->   "%store_ln193 = store i93 %add_ln193_1, i93 %indvar_flatten171" [yolo_npu_v2.cpp:193]   --->   Operation 158 'store' 'store_ln193' <Predicate = (!icmp_ln193)> <Delay = 0.83>
ST_2 : Operation 159 [1/1] (0.83ns)   --->   "%store_ln193 = store i31 %select_ln193_3, i31 %r" [yolo_npu_v2.cpp:193]   --->   Operation 159 'store' 'store_ln193' <Predicate = (!icmp_ln193)> <Delay = 0.83>
ST_2 : Operation 160 [1/1] (0.83ns)   --->   "%store_ln195 = store i64 %select_ln195_2, i64 %indvar_flatten147" [yolo_npu_v2.cpp:195]   --->   Operation 160 'store' 'store_ln195' <Predicate = (!icmp_ln193)> <Delay = 0.83>
ST_2 : Operation 161 [1/1] (0.83ns)   --->   "%store_ln195 = store i31 %select_ln195_1, i31 %c" [yolo_npu_v2.cpp:195]   --->   Operation 161 'store' 'store_ln195' <Predicate = (!icmp_ln193)> <Delay = 0.83>
ST_2 : Operation 162 [1/1] (0.83ns)   --->   "%store_ln197 = store i31 %add_ln197, i31 %oc_2" [yolo_npu_v2.cpp:197]   --->   Operation 162 'store' 'store_ln197' <Predicate = (!icmp_ln193)> <Delay = 0.83>
ST_2 : Operation 260 [1/1] (0.83ns)   --->   "%ret_ln0 = ret"   --->   Operation 260 'ret' 'ret_ln0' <Predicate = (icmp_ln193)> <Delay = 0.83>

State 3 <SV = 2> <Delay = 27.1>
ST_3 : Operation 163 [1/1] (0.00ns)   --->   "%zext_ln210 = zext i62 %add_ln210" [yolo_npu_v2.cpp:210]   --->   Operation 163 'zext' 'zext_ln210' <Predicate = (!icmp_ln193)> <Delay = 0.00>
ST_3 : Operation 164 [1/1] (8.13ns)   --->   "%mul_ln210_1 = mul i63 %zext_ln210, i63 %sext_ln193_2_cast" [yolo_npu_v2.cpp:210]   --->   Operation 164 'mul' 'mul_ln210_1' <Predicate = (!icmp_ln193)> <Delay = 8.13> <CoreInst = "Multiplier">   --->   Core 3 'Multiplier' <Latency = 0> <II = 1> <Delay = 8.13> <FuncUnit> <Opcode : 'mul'> <InPorts = 2> <OutPorts = 1>
ST_3 : Operation 165 [1/2] ( I:2.26ns O:2.26ns )   --->   "%sp_out_fm_load = load i11 %sp_out_fm_addr" [yolo_npu_v2.cpp:200]   --->   Operation 165 'load' 'sp_out_fm_load' <Predicate = (!icmp_ln193)> <Delay = 2.26> <CoreInst = "RAM">   --->   Core 81 'RAM' <Latency = 1> <II = 1> <Delay = 2.26> <Storage> <Opcode : 'load' 'store'> <Ports = 2> <Width = 16> <Depth = 2048> <RAM>
ST_3 : Operation 166 [1/2] ( I:2.26ns O:2.26ns )   --->   "%sp_out_fm_1_load = load i11 %sp_out_fm_1_addr" [yolo_npu_v2.cpp:200]   --->   Operation 166 'load' 'sp_out_fm_1_load' <Predicate = (!icmp_ln193)> <Delay = 2.26> <CoreInst = "RAM">   --->   Core 81 'RAM' <Latency = 1> <II = 1> <Delay = 2.26> <Storage> <Opcode : 'load' 'store'> <Ports = 2> <Width = 16> <Depth = 2048> <RAM>
ST_3 : Operation 167 [1/2] ( I:2.26ns O:2.26ns )   --->   "%sp_out_fm_2_load = load i11 %sp_out_fm_2_addr" [yolo_npu_v2.cpp:200]   --->   Operation 167 'load' 'sp_out_fm_2_load' <Predicate = (!icmp_ln193)> <Delay = 2.26> <CoreInst = "RAM">   --->   Core 81 'RAM' <Latency = 1> <II = 1> <Delay = 2.26> <Storage> <Opcode : 'load' 'store'> <Ports = 2> <Width = 16> <Depth = 2048> <RAM>
ST_3 : Operation 168 [1/2] ( I:2.26ns O:2.26ns )   --->   "%sp_out_fm_3_load = load i11 %sp_out_fm_3_addr" [yolo_npu_v2.cpp:200]   --->   Operation 168 'load' 'sp_out_fm_3_load' <Predicate = (!icmp_ln193)> <Delay = 2.26> <CoreInst = "RAM">   --->   Core 81 'RAM' <Latency = 1> <II = 1> <Delay = 2.26> <Storage> <Opcode : 'load' 'store'> <Ports = 2> <Width = 16> <Depth = 2048> <RAM>
ST_3 : Operation 169 [1/2] ( I:2.26ns O:2.26ns )   --->   "%sp_out_fm_4_load = load i11 %sp_out_fm_4_addr" [yolo_npu_v2.cpp:200]   --->   Operation 169 'load' 'sp_out_fm_4_load' <Predicate = (!icmp_ln193)> <Delay = 2.26> <CoreInst = "RAM">   --->   Core 81 'RAM' <Latency = 1> <II = 1> <Delay = 2.26> <Storage> <Opcode : 'load' 'store'> <Ports = 2> <Width = 16> <Depth = 2048> <RAM>
ST_3 : Operation 170 [1/2] ( I:2.26ns O:2.26ns )   --->   "%sp_out_fm_5_load = load i11 %sp_out_fm_5_addr" [yolo_npu_v2.cpp:200]   --->   Operation 170 'load' 'sp_out_fm_5_load' <Predicate = (!icmp_ln193)> <Delay = 2.26> <CoreInst = "RAM">   --->   Core 81 'RAM' <Latency = 1> <II = 1> <Delay = 2.26> <Storage> <Opcode : 'load' 'store'> <Ports = 2> <Width = 16> <Depth = 2048> <RAM>
ST_3 : Operation 171 [1/2] ( I:2.26ns O:2.26ns )   --->   "%sp_out_fm_6_load = load i11 %sp_out_fm_6_addr" [yolo_npu_v2.cpp:200]   --->   Operation 171 'load' 'sp_out_fm_6_load' <Predicate = (!icmp_ln193)> <Delay = 2.26> <CoreInst = "RAM">   --->   Core 81 'RAM' <Latency = 1> <II = 1> <Delay = 2.26> <Storage> <Opcode : 'load' 'store'> <Ports = 2> <Width = 16> <Depth = 2048> <RAM>
ST_3 : Operation 172 [1/2] ( I:2.26ns O:2.26ns )   --->   "%sp_out_fm_7_load = load i11 %sp_out_fm_7_addr" [yolo_npu_v2.cpp:200]   --->   Operation 172 'load' 'sp_out_fm_7_load' <Predicate = (!icmp_ln193)> <Delay = 2.26> <CoreInst = "RAM">   --->   Core 81 'RAM' <Latency = 1> <II = 1> <Delay = 2.26> <Storage> <Opcode : 'load' 'store'> <Ports = 2> <Width = 16> <Depth = 2048> <RAM>
ST_3 : Operation 173 [1/2] ( I:2.26ns O:2.26ns )   --->   "%sp_out_fm_8_load = load i11 %sp_out_fm_8_addr" [yolo_npu_v2.cpp:200]   --->   Operation 173 'load' 'sp_out_fm_8_load' <Predicate = (!icmp_ln193)> <Delay = 2.26> <CoreInst = "RAM">   --->   Core 81 'RAM' <Latency = 1> <II = 1> <Delay = 2.26> <Storage> <Opcode : 'load' 'store'> <Ports = 2> <Width = 16> <Depth = 2048> <RAM>
ST_3 : Operation 174 [1/2] ( I:2.26ns O:2.26ns )   --->   "%sp_out_fm_9_load = load i11 %sp_out_fm_9_addr" [yolo_npu_v2.cpp:200]   --->   Operation 174 'load' 'sp_out_fm_9_load' <Predicate = (!icmp_ln193)> <Delay = 2.26> <CoreInst = "RAM">   --->   Core 81 'RAM' <Latency = 1> <II = 1> <Delay = 2.26> <Storage> <Opcode : 'load' 'store'> <Ports = 2> <Width = 16> <Depth = 2048> <RAM>
ST_3 : Operation 175 [1/2] ( I:2.26ns O:2.26ns )   --->   "%sp_out_fm_10_load = load i11 %sp_out_fm_10_addr" [yolo_npu_v2.cpp:200]   --->   Operation 175 'load' 'sp_out_fm_10_load' <Predicate = (!icmp_ln193)> <Delay = 2.26> <CoreInst = "RAM">   --->   Core 81 'RAM' <Latency = 1> <II = 1> <Delay = 2.26> <Storage> <Opcode : 'load' 'store'> <Ports = 2> <Width = 16> <Depth = 2048> <RAM>
ST_3 : Operation 176 [1/2] ( I:2.26ns O:2.26ns )   --->   "%sp_out_fm_11_load = load i11 %sp_out_fm_11_addr" [yolo_npu_v2.cpp:200]   --->   Operation 176 'load' 'sp_out_fm_11_load' <Predicate = (!icmp_ln193)> <Delay = 2.26> <CoreInst = "RAM">   --->   Core 81 'RAM' <Latency = 1> <II = 1> <Delay = 2.26> <Storage> <Opcode : 'load' 'store'> <Ports = 2> <Width = 16> <Depth = 2048> <RAM>
ST_3 : Operation 177 [1/2] ( I:2.26ns O:2.26ns )   --->   "%sp_out_fm_12_load = load i11 %sp_out_fm_12_addr" [yolo_npu_v2.cpp:200]   --->   Operation 177 'load' 'sp_out_fm_12_load' <Predicate = (!icmp_ln193)> <Delay = 2.26> <CoreInst = "RAM">   --->   Core 81 'RAM' <Latency = 1> <II = 1> <Delay = 2.26> <Storage> <Opcode : 'load' 'store'> <Ports = 2> <Width = 16> <Depth = 2048> <RAM>
ST_3 : Operation 178 [1/2] ( I:2.26ns O:2.26ns )   --->   "%sp_out_fm_13_load = load i11 %sp_out_fm_13_addr" [yolo_npu_v2.cpp:200]   --->   Operation 178 'load' 'sp_out_fm_13_load' <Predicate = (!icmp_ln193)> <Delay = 2.26> <CoreInst = "RAM">   --->   Core 81 'RAM' <Latency = 1> <II = 1> <Delay = 2.26> <Storage> <Opcode : 'load' 'store'> <Ports = 2> <Width = 16> <Depth = 2048> <RAM>
ST_3 : Operation 179 [1/2] ( I:2.26ns O:2.26ns )   --->   "%sp_out_fm_14_load = load i11 %sp_out_fm_14_addr" [yolo_npu_v2.cpp:200]   --->   Operation 179 'load' 'sp_out_fm_14_load' <Predicate = (!icmp_ln193)> <Delay = 2.26> <CoreInst = "RAM">   --->   Core 81 'RAM' <Latency = 1> <II = 1> <Delay = 2.26> <Storage> <Opcode : 'load' 'store'> <Ports = 2> <Width = 16> <Depth = 2048> <RAM>
ST_3 : Operation 180 [1/2] ( I:2.26ns O:2.26ns )   --->   "%sp_out_fm_15_load = load i11 %sp_out_fm_15_addr" [yolo_npu_v2.cpp:200]   --->   Operation 180 'load' 'sp_out_fm_15_load' <Predicate = (!icmp_ln193)> <Delay = 2.26> <CoreInst = "RAM">   --->   Core 81 'RAM' <Latency = 1> <II = 1> <Delay = 2.26> <Storage> <Opcode : 'load' 'store'> <Ports = 2> <Width = 16> <Depth = 2048> <RAM>
ST_3 : Operation 181 [1/2] ( I:2.26ns O:2.26ns )   --->   "%sp_out_fm_16_load = load i11 %sp_out_fm_16_addr" [yolo_npu_v2.cpp:200]   --->   Operation 181 'load' 'sp_out_fm_16_load' <Predicate = (!icmp_ln193)> <Delay = 2.26> <CoreInst = "RAM">   --->   Core 81 'RAM' <Latency = 1> <II = 1> <Delay = 2.26> <Storage> <Opcode : 'load' 'store'> <Ports = 2> <Width = 16> <Depth = 2048> <RAM>
ST_3 : Operation 182 [1/2] ( I:2.26ns O:2.26ns )   --->   "%sp_out_fm_17_load = load i11 %sp_out_fm_17_addr" [yolo_npu_v2.cpp:200]   --->   Operation 182 'load' 'sp_out_fm_17_load' <Predicate = (!icmp_ln193)> <Delay = 2.26> <CoreInst = "RAM">   --->   Core 81 'RAM' <Latency = 1> <II = 1> <Delay = 2.26> <Storage> <Opcode : 'load' 'store'> <Ports = 2> <Width = 16> <Depth = 2048> <RAM>
ST_3 : Operation 183 [1/2] ( I:2.26ns O:2.26ns )   --->   "%sp_out_fm_18_load = load i11 %sp_out_fm_18_addr" [yolo_npu_v2.cpp:200]   --->   Operation 183 'load' 'sp_out_fm_18_load' <Predicate = (!icmp_ln193)> <Delay = 2.26> <CoreInst = "RAM">   --->   Core 81 'RAM' <Latency = 1> <II = 1> <Delay = 2.26> <Storage> <Opcode : 'load' 'store'> <Ports = 2> <Width = 16> <Depth = 2048> <RAM>
ST_3 : Operation 184 [1/2] ( I:2.26ns O:2.26ns )   --->   "%sp_out_fm_19_load = load i11 %sp_out_fm_19_addr" [yolo_npu_v2.cpp:200]   --->   Operation 184 'load' 'sp_out_fm_19_load' <Predicate = (!icmp_ln193)> <Delay = 2.26> <CoreInst = "RAM">   --->   Core 81 'RAM' <Latency = 1> <II = 1> <Delay = 2.26> <Storage> <Opcode : 'load' 'store'> <Ports = 2> <Width = 16> <Depth = 2048> <RAM>
ST_3 : Operation 185 [1/2] ( I:2.26ns O:2.26ns )   --->   "%sp_out_fm_20_load = load i11 %sp_out_fm_20_addr" [yolo_npu_v2.cpp:200]   --->   Operation 185 'load' 'sp_out_fm_20_load' <Predicate = (!icmp_ln193)> <Delay = 2.26> <CoreInst = "RAM">   --->   Core 81 'RAM' <Latency = 1> <II = 1> <Delay = 2.26> <Storage> <Opcode : 'load' 'store'> <Ports = 2> <Width = 16> <Depth = 2048> <RAM>
ST_3 : Operation 186 [1/2] ( I:2.26ns O:2.26ns )   --->   "%sp_out_fm_21_load = load i11 %sp_out_fm_21_addr" [yolo_npu_v2.cpp:200]   --->   Operation 186 'load' 'sp_out_fm_21_load' <Predicate = (!icmp_ln193)> <Delay = 2.26> <CoreInst = "RAM">   --->   Core 81 'RAM' <Latency = 1> <II = 1> <Delay = 2.26> <Storage> <Opcode : 'load' 'store'> <Ports = 2> <Width = 16> <Depth = 2048> <RAM>
ST_3 : Operation 187 [1/2] ( I:2.26ns O:2.26ns )   --->   "%sp_out_fm_22_load = load i11 %sp_out_fm_22_addr" [yolo_npu_v2.cpp:200]   --->   Operation 187 'load' 'sp_out_fm_22_load' <Predicate = (!icmp_ln193)> <Delay = 2.26> <CoreInst = "RAM">   --->   Core 81 'RAM' <Latency = 1> <II = 1> <Delay = 2.26> <Storage> <Opcode : 'load' 'store'> <Ports = 2> <Width = 16> <Depth = 2048> <RAM>
ST_3 : Operation 188 [1/2] ( I:2.26ns O:2.26ns )   --->   "%sp_out_fm_23_load = load i11 %sp_out_fm_23_addr" [yolo_npu_v2.cpp:200]   --->   Operation 188 'load' 'sp_out_fm_23_load' <Predicate = (!icmp_ln193)> <Delay = 2.26> <CoreInst = "RAM">   --->   Core 81 'RAM' <Latency = 1> <II = 1> <Delay = 2.26> <Storage> <Opcode : 'load' 'store'> <Ports = 2> <Width = 16> <Depth = 2048> <RAM>
ST_3 : Operation 189 [1/2] ( I:2.26ns O:2.26ns )   --->   "%sp_out_fm_24_load = load i11 %sp_out_fm_24_addr" [yolo_npu_v2.cpp:200]   --->   Operation 189 'load' 'sp_out_fm_24_load' <Predicate = (!icmp_ln193)> <Delay = 2.26> <CoreInst = "RAM">   --->   Core 81 'RAM' <Latency = 1> <II = 1> <Delay = 2.26> <Storage> <Opcode : 'load' 'store'> <Ports = 2> <Width = 16> <Depth = 2048> <RAM>
ST_3 : Operation 190 [1/2] ( I:2.26ns O:2.26ns )   --->   "%sp_out_fm_25_load = load i11 %sp_out_fm_25_addr" [yolo_npu_v2.cpp:200]   --->   Operation 190 'load' 'sp_out_fm_25_load' <Predicate = (!icmp_ln193)> <Delay = 2.26> <CoreInst = "RAM">   --->   Core 81 'RAM' <Latency = 1> <II = 1> <Delay = 2.26> <Storage> <Opcode : 'load' 'store'> <Ports = 2> <Width = 16> <Depth = 2048> <RAM>
ST_3 : Operation 191 [1/2] ( I:2.26ns O:2.26ns )   --->   "%sp_out_fm_26_load = load i11 %sp_out_fm_26_addr" [yolo_npu_v2.cpp:200]   --->   Operation 191 'load' 'sp_out_fm_26_load' <Predicate = (!icmp_ln193)> <Delay = 2.26> <CoreInst = "RAM">   --->   Core 81 'RAM' <Latency = 1> <II = 1> <Delay = 2.26> <Storage> <Opcode : 'load' 'store'> <Ports = 2> <Width = 16> <Depth = 2048> <RAM>
ST_3 : Operation 192 [1/2] ( I:2.26ns O:2.26ns )   --->   "%sp_out_fm_27_load = load i11 %sp_out_fm_27_addr" [yolo_npu_v2.cpp:200]   --->   Operation 192 'load' 'sp_out_fm_27_load' <Predicate = (!icmp_ln193)> <Delay = 2.26> <CoreInst = "RAM">   --->   Core 81 'RAM' <Latency = 1> <II = 1> <Delay = 2.26> <Storage> <Opcode : 'load' 'store'> <Ports = 2> <Width = 16> <Depth = 2048> <RAM>
ST_3 : Operation 193 [1/2] ( I:2.26ns O:2.26ns )   --->   "%sp_out_fm_28_load = load i11 %sp_out_fm_28_addr" [yolo_npu_v2.cpp:200]   --->   Operation 193 'load' 'sp_out_fm_28_load' <Predicate = (!icmp_ln193)> <Delay = 2.26> <CoreInst = "RAM">   --->   Core 81 'RAM' <Latency = 1> <II = 1> <Delay = 2.26> <Storage> <Opcode : 'load' 'store'> <Ports = 2> <Width = 16> <Depth = 2048> <RAM>
ST_3 : Operation 194 [1/2] ( I:2.26ns O:2.26ns )   --->   "%sp_out_fm_29_load = load i11 %sp_out_fm_29_addr" [yolo_npu_v2.cpp:200]   --->   Operation 194 'load' 'sp_out_fm_29_load' <Predicate = (!icmp_ln193)> <Delay = 2.26> <CoreInst = "RAM">   --->   Core 81 'RAM' <Latency = 1> <II = 1> <Delay = 2.26> <Storage> <Opcode : 'load' 'store'> <Ports = 2> <Width = 16> <Depth = 2048> <RAM>
ST_3 : Operation 195 [1/2] ( I:2.26ns O:2.26ns )   --->   "%sp_out_fm_30_load = load i11 %sp_out_fm_30_addr" [yolo_npu_v2.cpp:200]   --->   Operation 195 'load' 'sp_out_fm_30_load' <Predicate = (!icmp_ln193)> <Delay = 2.26> <CoreInst = "RAM">   --->   Core 81 'RAM' <Latency = 1> <II = 1> <Delay = 2.26> <Storage> <Opcode : 'load' 'store'> <Ports = 2> <Width = 16> <Depth = 2048> <RAM>
ST_3 : Operation 196 [1/2] ( I:2.26ns O:2.26ns )   --->   "%sp_out_fm_31_load = load i11 %sp_out_fm_31_addr" [yolo_npu_v2.cpp:200]   --->   Operation 196 'load' 'sp_out_fm_31_load' <Predicate = (!icmp_ln193)> <Delay = 2.26> <CoreInst = "RAM">   --->   Core 81 'RAM' <Latency = 1> <II = 1> <Delay = 2.26> <Storage> <Opcode : 'load' 'store'> <Ports = 2> <Width = 16> <Depth = 2048> <RAM>
ST_3 : Operation 197 [1/1] (1.71ns)   --->   "%val = sparsemux i16 @_ssdm_op_SparseMux.ap_auto.32i16.i16.i5, i5 0, i16 %sp_out_fm_load, i5 1, i16 %sp_out_fm_1_load, i5 2, i16 %sp_out_fm_2_load, i5 3, i16 %sp_out_fm_3_load, i5 4, i16 %sp_out_fm_4_load, i5 5, i16 %sp_out_fm_5_load, i5 6, i16 %sp_out_fm_6_load, i5 7, i16 %sp_out_fm_7_load, i5 8, i16 %sp_out_fm_8_load, i5 9, i16 %sp_out_fm_9_load, i5 10, i16 %sp_out_fm_10_load, i5 11, i16 %sp_out_fm_11_load, i5 12, i16 %sp_out_fm_12_load, i5 13, i16 %sp_out_fm_13_load, i5 14, i16 %sp_out_fm_14_load, i5 15, i16 %sp_out_fm_15_load, i5 16, i16 %sp_out_fm_16_load, i5 17, i16 %sp_out_fm_17_load, i5 18, i16 %sp_out_fm_18_load, i5 19, i16 %sp_out_fm_19_load, i5 20, i16 %sp_out_fm_20_load, i5 21, i16 %sp_out_fm_21_load, i5 22, i16 %sp_out_fm_22_load, i5 23, i16 %sp_out_fm_23_load, i5 24, i16 %sp_out_fm_24_load, i5 25, i16 %sp_out_fm_25_load, i5 26, i16 %sp_out_fm_26_load, i5 27, i16 %sp_out_fm_27_load, i5 28, i16 %sp_out_fm_28_load, i5 29, i16 %sp_out_fm_29_load, i5 30, i16 %sp_out_fm_30_load, i5 31, i16 %sp_out_fm_31_load, i16 0, i5 %trunc_ln197" [yolo_npu_v2.cpp:200]   --->   Operation 197 'sparsemux' 'val' <Predicate = (!icmp_ln193)> <Delay = 1.71> <CoreInst = "BinarySparseMux_DontCare">   --->   Core 137 'BinarySparseMux_DontCare' <Latency = 0> <II = 1> <Delay = 1.71> <FuncUnit> <Opcode : 'sparsemux'> <InPorts = 2> <OutPorts = 1>
ST_3 : Operation 198 [1/1] (0.00ns)   --->   "%sext_ln210 = sext i33 %add_ln210_1" [yolo_npu_v2.cpp:210]   --->   Operation 198 'sext' 'sext_ln210' <Predicate = (!icmp_ln193 & !icmp_ln208)> <Delay = 0.00>
ST_3 : Operation 199 [1/1] (0.00ns) (grouped into TernaryAdder)   --->   "%add_ln210_2 = add i63 %sext_ln210, i63 %mul_ln210_1" [yolo_npu_v2.cpp:210]   --->   Operation 199 'add' 'add_ln210_2' <Predicate = (!icmp_ln193 & !icmp_ln208)> <Delay = 0.00> <CoreInst = "TAddSub">   --->   Core 10 'TAddSub' <Latency = 0> <II = 1> <Delay = 1.33> <IPBlock> <Opcode : 'add' 'sub'> <InPorts = 3> <OutPorts = 1> <Sync> <CReg>
ST_3 : Operation 200 [1/1] (0.00ns)   --->   "%zext_ln210_1 = zext i31 %select_ln195" [yolo_npu_v2.cpp:210]   --->   Operation 200 'zext' 'zext_ln210_1' <Predicate = (!icmp_ln193 & !icmp_ln208)> <Delay = 0.00>
ST_3 : Operation 201 [1/1] (2.67ns) (root node of TernaryAdder)   --->   "%add_ln211_1 = add i63 %add_ln210_2, i63 %zext_ln210_1" [yolo_npu_v2.cpp:211]   --->   Operation 201 'add' 'add_ln211_1' <Predicate = (!icmp_ln193 & !icmp_ln208)> <Delay = 2.67> <CoreInst = "TAddSub">   --->   Core 10 'TAddSub' <Latency = 0> <II = 1> <Delay = 1.33> <IPBlock> <Opcode : 'add' 'sub'> <InPorts = 3> <OutPorts = 1> <Sync> <CReg>
ST_3 : Operation 202 [1/1] (0.00ns)   --->   "%shl_ln7 = bitconcatenate i64 @_ssdm_op_BitConcatenate.i64.i63.i1, i63 %add_ln211_1, i1 0" [yolo_npu_v2.cpp:211]   --->   Operation 202 'bitconcatenate' 'shl_ln7' <Predicate = (!icmp_ln193 & !icmp_ln208)> <Delay = 0.00>
ST_3 : Operation 203 [1/1] (1.72ns)   --->   "%add_ln211 = add i64 %shl_ln7, i64 %ddr_mem_read" [yolo_npu_v2.cpp:211]   --->   Operation 203 'add' 'add_ln211' <Predicate = (!icmp_ln193 & !icmp_ln208)> <Delay = 1.72> <CoreInst = "Adder">   --->   Core 1 'Adder' <Latency = 0> <II = 1> <Delay = 1.72> <FuncUnit> <Opcode : 'add' 'sub'> <InPorts = 2> <OutPorts = 1>
ST_3 : Operation 204 [1/1] (0.00ns)   --->   "%trunc_ln211_2 = partselect i57 @_ssdm_op_PartSelect.i57.i64.i32.i32, i64 %add_ln211, i32 7, i32 63" [yolo_npu_v2.cpp:211]   --->   Operation 204 'partselect' 'trunc_ln211_2' <Predicate = (!icmp_ln193 & !icmp_ln208)> <Delay = 0.00>
ST_3 : Operation 205 [1/1] (0.00ns)   --->   "%sext_ln211 = sext i57 %trunc_ln211_2" [yolo_npu_v2.cpp:211]   --->   Operation 205 'sext' 'sext_ln211' <Predicate = (!icmp_ln193 & !icmp_ln208)> <Delay = 0.00>
ST_3 : Operation 206 [1/1] (0.00ns)   --->   "%gmem_addr = getelementptr i1024 %gmem, i64 %sext_ln211" [yolo_npu_v2.cpp:211]   --->   Operation 206 'getelementptr' 'gmem_addr' <Predicate = (!icmp_ln193 & !icmp_ln208)> <Delay = 0.00>
ST_3 : Operation 207 [8/8] (14.6ns)   --->   "%gmem_load_2_req = readreq i1 @_ssdm_op_ReadReq.m_axi.i1024P1A, i1024 %gmem_addr, i64 1" [yolo_npu_v2.cpp:211]   --->   Operation 207 'readreq' 'gmem_load_2_req' <Predicate = (!icmp_ln193 & !icmp_ln208)> <Delay = 14.6> <CoreInst = "m_axi">   --->   Core 111 'm_axi' <Latency = 6> <II = 1> <Delay = 1.00> <Adapter> <Opcode : 'readrequnaligned' 'writerequnaligned' 'read' 'write' 'readreq' 'writereq' 'writeresp'>
ST_3 : Operation 208 [1/1] (0.00ns)   --->   "%trunc_ln211 = trunc i64 %add_ln211" [yolo_npu_v2.cpp:211]   --->   Operation 208 'trunc' 'trunc_ln211' <Predicate = (!icmp_ln193 & !icmp_ln208)> <Delay = 0.00>
ST_3 : Operation 209 [1/1] (0.83ns)   --->   "%br_ln212 = br void %for.inc465" [yolo_npu_v2.cpp:212]   --->   Operation 209 'br' 'br_ln212' <Predicate = (!icmp_ln193 & !icmp_ln208)> <Delay = 0.83>

State 4 <SV = 3> <Delay = 14.3>
ST_4 : Operation 210 [1/1] (8.13ns)   --->   "%mul_ln216 = mul i63 %zext_ln210, i63 %sext_ln193_4_cast" [yolo_npu_v2.cpp:216]   --->   Operation 210 'mul' 'mul_ln216' <Predicate = (!icmp_ln193)> <Delay = 8.13> <CoreInst = "Multiplier">   --->   Core 3 'Multiplier' <Latency = 0> <II = 1> <Delay = 8.13> <FuncUnit> <Opcode : 'mul'> <InPorts = 2> <OutPorts = 1>
ST_4 : Operation 211 [7/8] (14.6ns)   --->   "%gmem_load_2_req = readreq i1 @_ssdm_op_ReadReq.m_axi.i1024P1A, i1024 %gmem_addr, i64 1" [yolo_npu_v2.cpp:211]   --->   Operation 211 'readreq' 'gmem_load_2_req' <Predicate = (!icmp_ln193 & !icmp_ln208)> <Delay = 14.6> <CoreInst = "m_axi">   --->   Core 111 'm_axi' <Latency = 6> <II = 1> <Delay = 1.00> <Adapter> <Opcode : 'readrequnaligned' 'writerequnaligned' 'read' 'write' 'readreq' 'writereq' 'writeresp'>
ST_4 : Operation 212 [1/1] (0.00ns)   --->   "%sext_ln216 = sext i33 %add_ln216" [yolo_npu_v2.cpp:216]   --->   Operation 212 'sext' 'sext_ln216' <Predicate = (!icmp_ln193)> <Delay = 0.00>
ST_4 : Operation 213 [1/1] (0.00ns) (grouped into TernaryAdder)   --->   "%add_ln216_1 = add i63 %sext_ln216, i63 %mul_ln216" [yolo_npu_v2.cpp:216]   --->   Operation 213 'add' 'add_ln216_1' <Predicate = (!icmp_ln193)> <Delay = 0.00> <CoreInst = "TAddSub">   --->   Core 10 'TAddSub' <Latency = 0> <II = 1> <Delay = 1.33> <IPBlock> <Opcode : 'add' 'sub'> <InPorts = 3> <OutPorts = 1> <Sync> <CReg>
ST_4 : Operation 214 [1/1] (0.00ns)   --->   "%zext_ln216 = zext i31 %select_ln195" [yolo_npu_v2.cpp:216]   --->   Operation 214 'zext' 'zext_ln216' <Predicate = (!icmp_ln193)> <Delay = 0.00>
ST_4 : Operation 215 [1/1] (2.67ns) (root node of TernaryAdder)   --->   "%add_ln217_1 = add i63 %add_ln216_1, i63 %zext_ln216" [yolo_npu_v2.cpp:217]   --->   Operation 215 'add' 'add_ln217_1' <Predicate = (!icmp_ln193)> <Delay = 2.67> <CoreInst = "TAddSub">   --->   Core 10 'TAddSub' <Latency = 0> <II = 1> <Delay = 1.33> <IPBlock> <Opcode : 'add' 'sub'> <InPorts = 3> <OutPorts = 1> <Sync> <CReg>
ST_4 : Operation 216 [1/1] (0.00ns)   --->   "%shl_ln8 = bitconcatenate i64 @_ssdm_op_BitConcatenate.i64.i63.i1, i63 %add_ln217_1, i1 0" [yolo_npu_v2.cpp:217]   --->   Operation 216 'bitconcatenate' 'shl_ln8' <Predicate = (!icmp_ln193)> <Delay = 0.00>
ST_4 : Operation 217 [1/1] (1.72ns)   --->   "%add_ln217 = add i64 %shl_ln8, i64 %ddr_mem_read" [yolo_npu_v2.cpp:217]   --->   Operation 217 'add' 'add_ln217' <Predicate = (!icmp_ln193)> <Delay = 1.72> <CoreInst = "Adder">   --->   Core 1 'Adder' <Latency = 0> <II = 1> <Delay = 1.72> <FuncUnit> <Opcode : 'add' 'sub'> <InPorts = 2> <OutPorts = 1>
ST_4 : Operation 218 [1/1] (0.00ns)   --->   "%trunc_ln217 = trunc i64 %add_ln217" [yolo_npu_v2.cpp:217]   --->   Operation 218 'trunc' 'trunc_ln217' <Predicate = (!icmp_ln193)> <Delay = 0.00>
ST_4 : Operation 219 [1/1] (0.00ns)   --->   "%zext_ln217_1 = zext i7 %trunc_ln217" [yolo_npu_v2.cpp:217]   --->   Operation 219 'zext' 'zext_ln217_1' <Predicate = (!icmp_ln193)> <Delay = 0.00>
ST_4 : Operation 220 [1/1] (1.79ns)   --->   "%shl_ln217 = shl i128 3, i128 %zext_ln217_1" [yolo_npu_v2.cpp:217]   --->   Operation 220 'shl' 'shl_ln217' <Predicate = (!icmp_ln193)> <Delay = 1.79> <CoreInst = "Shifter">   --->   Core 75 'Shifter' <Latency = 0> <II = 1> <Delay = 1.79> <FuncUnit> <Opcode : 'shl' 'lshr' 'ashr'> <InPorts = 2> <OutPorts = 1>
ST_4 : Operation 221 [1/1] (0.00ns)   --->   "%trunc_ln217_1 = partselect i57 @_ssdm_op_PartSelect.i57.i64.i32.i32, i64 %add_ln217, i32 7, i32 63" [yolo_npu_v2.cpp:217]   --->   Operation 221 'partselect' 'trunc_ln217_1' <Predicate = (!icmp_ln193)> <Delay = 0.00>

State 5 <SV = 4> <Delay = 4.19>
ST_5 : Operation 222 [1/1] (0.00ns)   --->   "%specloopname_ln0 = specloopname void @_ssdm_op_SpecLoopName, void @VITIS_LOOP_193_24_VITIS_LOOP_195_25_VITIS_LOOP_197_26_str"   --->   Operation 222 'specloopname' 'specloopname_ln0' <Predicate = (!icmp_ln193)> <Delay = 0.00>
ST_5 : Operation 223 [1/1] (0.00ns)   --->   "%speclooptripcount_ln0 = speclooptripcount void @_ssdm_op_SpecLoopTripCount, i64 0, i64 65536, i64 8192"   --->   Operation 223 'speclooptripcount' 'speclooptripcount_ln0' <Predicate = (!icmp_ln193)> <Delay = 0.00>
ST_5 : Operation 224 [1/1] (0.00ns)   --->   "%specpipeline_ln199 = specpipeline void @_ssdm_op_SpecPipeline, i32 1, i32 0, i32 0, i32 0, i32 4294967295, void @empty_10" [yolo_npu_v2.cpp:199]   --->   Operation 224 'specpipeline' 'specpipeline_ln199' <Predicate = (!icmp_ln193)> <Delay = 0.00>
ST_5 : Operation 225 [1/1] (1.34ns)   --->   "%icmp_ln204 = icmp_sgt  i16 %val, i16 0" [yolo_npu_v2.cpp:204]   --->   Operation 225 'icmp' 'icmp_ln204' <Predicate = (!icmp_ln193)> <Delay = 1.34> <CoreInst = "Cmp">   --->   Core 9 'Cmp' <Latency = 0> <II = 1> <Delay = 1.34> <FuncUnit> <Opcode : 'seteq' 'setne' 'setle' 'setge' 'setlt' 'setgt'> <InPorts = 2> <OutPorts = 1>
ST_5 : Operation 226 [1/1] (0.00ns) (grouped into LUT with out node val_2)   --->   "%or_ln203 = or i1 %icmp_ln35_read, i1 %icmp_ln204" [yolo_npu_v2.cpp:203]   --->   Operation 226 'or' 'or_ln203' <Predicate = (!icmp_ln193)> <Delay = 0.00> <CoreInst = "LogicGate">   --->   Core 74 'LogicGate' <Latency = 0> <II = 1> <Delay = 0.47> <FuncUnit> <Opcode : 'and' 'or' 'xor'> <InPorts = 2> <OutPorts = 1>
ST_5 : Operation 227 [1/1] (0.00ns) (grouped into LUT with out node val_2)   --->   "%or_ln203_1 = or i1 %or_ln203, i1 %icmp_ln203_read" [yolo_npu_v2.cpp:203]   --->   Operation 227 'or' 'or_ln203_1' <Predicate = (!icmp_ln193)> <Delay = 0.00> <CoreInst = "LogicGate">   --->   Core 74 'LogicGate' <Latency = 0> <II = 1> <Delay = 0.47> <FuncUnit> <Opcode : 'and' 'or' 'xor'> <InPorts = 2> <OutPorts = 1>
ST_5 : Operation 228 [1/1] (0.00ns)   --->   "%sext_ln204 = sext i16 %val" [yolo_npu_v2.cpp:204]   --->   Operation 228 'sext' 'sext_ln204' <Predicate = (!icmp_ln193)> <Delay = 0.00>
ST_5 : Operation 229 [1/1] (3.72ns)   --->   "%mul_ln204 = mul i24 %sext_ln204, i24 102" [yolo_npu_v2.cpp:204]   --->   Operation 229 'mul' 'mul_ln204' <Predicate = (!icmp_ln193)> <Delay = 3.72> <CoreInst = "Multiplier">   --->   Core 3 'Multiplier' <Latency = 0> <II = 1> <Delay = 3.72> <FuncUnit> <Opcode : 'mul'> <InPorts = 2> <OutPorts = 1>
ST_5 : Operation 230 [1/1] (0.00ns) (grouped into LUT with out node val_2)   --->   "%trunc_ln7 = partselect i14 @_ssdm_op_PartSelect.i14.i24.i32.i32, i24 %mul_ln204, i32 10, i32 23" [yolo_npu_v2.cpp:204]   --->   Operation 230 'partselect' 'trunc_ln7' <Predicate = (!icmp_ln193)> <Delay = 0.00>
ST_5 : Operation 231 [1/1] (0.00ns) (grouped into LUT with out node val_2)   --->   "%sext_ln204_1 = sext i14 %trunc_ln7" [yolo_npu_v2.cpp:204]   --->   Operation 231 'sext' 'sext_ln204_1' <Predicate = (!icmp_ln193)> <Delay = 0.00>
ST_5 : Operation 232 [1/1] (0.47ns) (out node of the LUT)   --->   "%val_2 = select i1 %or_ln203_1, i16 %val, i16 %sext_ln204_1" [yolo_npu_v2.cpp:203]   --->   Operation 232 'select' 'val_2' <Predicate = (!icmp_ln193)> <Delay = 0.47> <CoreInst = "Sel">   --->   Core 73 'Sel' <Latency = 0> <II = 1> <Delay = 0.39> <FuncUnit> <Opcode : 'select'> <InPorts = 3> <OutPorts = 1>
ST_5 : Operation 233 [6/8] (14.6ns)   --->   "%gmem_load_2_req = readreq i1 @_ssdm_op_ReadReq.m_axi.i1024P1A, i1024 %gmem_addr, i64 1" [yolo_npu_v2.cpp:211]   --->   Operation 233 'readreq' 'gmem_load_2_req' <Predicate = (!icmp_ln193 & !icmp_ln208)> <Delay = 14.6> <CoreInst = "m_axi">   --->   Core 111 'm_axi' <Latency = 6> <II = 1> <Delay = 1.00> <Adapter> <Opcode : 'readrequnaligned' 'writerequnaligned' 'read' 'write' 'readreq' 'writereq' 'writeresp'>

State 6 <SV = 5> <Delay = 0.00>
ST_6 : Operation 234 [5/8] (14.6ns)   --->   "%gmem_load_2_req = readreq i1 @_ssdm_op_ReadReq.m_axi.i1024P1A, i1024 %gmem_addr, i64 1" [yolo_npu_v2.cpp:211]   --->   Operation 234 'readreq' 'gmem_load_2_req' <Predicate = (!icmp_ln193 & !icmp_ln208)> <Delay = 14.6> <CoreInst = "m_axi">   --->   Core 111 'm_axi' <Latency = 6> <II = 1> <Delay = 1.00> <Adapter> <Opcode : 'readrequnaligned' 'writerequnaligned' 'read' 'write' 'readreq' 'writereq' 'writeresp'>

State 7 <SV = 6> <Delay = 0.00>
ST_7 : Operation 235 [4/8] (14.6ns)   --->   "%gmem_load_2_req = readreq i1 @_ssdm_op_ReadReq.m_axi.i1024P1A, i1024 %gmem_addr, i64 1" [yolo_npu_v2.cpp:211]   --->   Operation 235 'readreq' 'gmem_load_2_req' <Predicate = (!icmp_ln193 & !icmp_ln208)> <Delay = 14.6> <CoreInst = "m_axi">   --->   Core 111 'm_axi' <Latency = 6> <II = 1> <Delay = 1.00> <Adapter> <Opcode : 'readrequnaligned' 'writerequnaligned' 'read' 'write' 'readreq' 'writereq' 'writeresp'>

State 8 <SV = 7> <Delay = 0.00>
ST_8 : Operation 236 [3/8] (14.6ns)   --->   "%gmem_load_2_req = readreq i1 @_ssdm_op_ReadReq.m_axi.i1024P1A, i1024 %gmem_addr, i64 1" [yolo_npu_v2.cpp:211]   --->   Operation 236 'readreq' 'gmem_load_2_req' <Predicate = (!icmp_ln193 & !icmp_ln208)> <Delay = 14.6> <CoreInst = "m_axi">   --->   Core 111 'm_axi' <Latency = 6> <II = 1> <Delay = 1.00> <Adapter> <Opcode : 'readrequnaligned' 'writerequnaligned' 'read' 'write' 'readreq' 'writereq' 'writeresp'>

State 9 <SV = 8> <Delay = 0.00>
ST_9 : Operation 237 [2/8] (14.6ns)   --->   "%gmem_load_2_req = readreq i1 @_ssdm_op_ReadReq.m_axi.i1024P1A, i1024 %gmem_addr, i64 1" [yolo_npu_v2.cpp:211]   --->   Operation 237 'readreq' 'gmem_load_2_req' <Predicate = (!icmp_ln193 & !icmp_ln208)> <Delay = 14.6> <CoreInst = "m_axi">   --->   Core 111 'm_axi' <Latency = 6> <II = 1> <Delay = 1.00> <Adapter> <Opcode : 'readrequnaligned' 'writerequnaligned' 'read' 'write' 'readreq' 'writereq' 'writeresp'>

State 10 <SV = 9> <Delay = 14.6>
ST_10 : Operation 238 [1/8] ( I:14.6ns O:14.6ns )   --->   "%gmem_load_2_req = readreq i1 @_ssdm_op_ReadReq.m_axi.i1024P1A, i1024 %gmem_addr, i64 1" [yolo_npu_v2.cpp:211]   --->   Operation 238 'readreq' 'gmem_load_2_req' <Predicate = (!icmp_ln193 & !icmp_ln208)> <Delay = 14.6> <CoreInst = "m_axi">   --->   Core 111 'm_axi' <Latency = 6> <II = 1> <Delay = 1.00> <Adapter> <Opcode : 'readrequnaligned' 'writerequnaligned' 'read' 'write' 'readreq' 'writereq' 'writeresp'>
ST_10 : Operation 239 [1/1] (0.00ns)   --->   "%sext_ln217 = sext i57 %trunc_ln217_1" [yolo_npu_v2.cpp:217]   --->   Operation 239 'sext' 'sext_ln217' <Predicate = (!icmp_ln193)> <Delay = 0.00>
ST_10 : Operation 240 [1/1] (0.00ns)   --->   "%gmem_addr_1 = getelementptr i1024 %gmem, i64 %sext_ln217" [yolo_npu_v2.cpp:217]   --->   Operation 240 'getelementptr' 'gmem_addr_1' <Predicate = (!icmp_ln193)> <Delay = 0.00>
ST_10 : Operation 241 [1/1] ( I:14.6ns O:14.6ns )   --->   "%empty_40 = writereq i1 @_ssdm_op_WriteReq.m_axi.p1i1024, i1024 %gmem_addr_1, i64 1" [yolo_npu_v2.cpp:217]   --->   Operation 241 'writereq' 'empty_40' <Predicate = (!icmp_ln193)> <Delay = 14.6> <CoreInst = "m_axi">   --->   Core 111 'm_axi' <Latency = 9> <II = 1> <Delay = 1.00> <Adapter> <Opcode : 'readrequnaligned' 'writerequnaligned' 'read' 'write' 'readreq' 'writereq' 'writeresp'>

State 11 <SV = 10> <Delay = 35.5>
ST_11 : Operation 242 [1/1] ( I:14.6ns O:14.6ns )   --->   "%gmem_addr_read = read i1024 @_ssdm_op_Read.m_axi.i1024P1A, i1024 %gmem_addr" [yolo_npu_v2.cpp:211]   --->   Operation 242 'read' 'gmem_addr_read' <Predicate = (!icmp_ln193 & !icmp_ln208)> <Delay = 14.6> <CoreInst = "m_axi">   --->   Core 111 'm_axi' <Latency = 3> <II = 1> <Delay = 1.00> <Adapter> <Opcode : 'readrequnaligned' 'writerequnaligned' 'read' 'write' 'readreq' 'writereq' 'writeresp'>
ST_11 : Operation 243 [1/1] (0.00ns)   --->   "%shl_ln211_1 = bitconcatenate i10 @_ssdm_op_BitConcatenate.i10.i7.i3, i7 %trunc_ln211, i3 0" [yolo_npu_v2.cpp:211]   --->   Operation 243 'bitconcatenate' 'shl_ln211_1' <Predicate = (!icmp_ln193 & !icmp_ln208)> <Delay = 0.00>
ST_11 : Operation 244 [1/1] (0.00ns)   --->   "%zext_ln211 = zext i10 %shl_ln211_1" [yolo_npu_v2.cpp:211]   --->   Operation 244 'zext' 'zext_ln211' <Predicate = (!icmp_ln193 & !icmp_ln208)> <Delay = 0.00>
ST_11 : Operation 245 [1/1] (2.79ns)   --->   "%lshr_ln211 = lshr i1024 %gmem_addr_read, i1024 %zext_ln211" [yolo_npu_v2.cpp:211]   --->   Operation 245 'lshr' 'lshr_ln211' <Predicate = (!icmp_ln193 & !icmp_ln208)> <Delay = 2.79> <CoreInst = "Shifter">   --->   Core 75 'Shifter' <Latency = 0> <II = 1> <Delay = 2.79> <FuncUnit> <Opcode : 'shl' 'lshr' 'ashr'> <InPorts = 2> <OutPorts = 1>
ST_11 : Operation 246 [1/1] (0.00ns)   --->   "%trunc_ln211_1 = trunc i1024 %lshr_ln211" [yolo_npu_v2.cpp:211]   --->   Operation 246 'trunc' 'trunc_ln211_1' <Predicate = (!icmp_ln193 & !icmp_ln208)> <Delay = 0.00>
ST_11 : Operation 247 [1/1] (1.34ns)   --->   "%val_3 = add i16 %trunc_ln211_1, i16 %val_2" [yolo_npu_v2.cpp:211]   --->   Operation 247 'add' 'val_3' <Predicate = (!icmp_ln193 & !icmp_ln208)> <Delay = 1.34> <CoreInst = "Adder">   --->   Core 1 'Adder' <Latency = 0> <II = 1> <Delay = 1.34> <FuncUnit> <Opcode : 'add' 'sub'> <InPorts = 2> <OutPorts = 1>
ST_11 : Operation 248 [1/1] (0.00ns) (grouped into LUT with out node shl_ln217_1)   --->   "%val_1 = phi i16 %val_3, void %if.then445, i16 %val_2, void %for.inc471"   --->   Operation 248 'phi' 'val_1' <Predicate = (!icmp_ln193)> <Delay = 0.00>
ST_11 : Operation 249 [1/1] (0.00ns) (grouped into LUT with out node shl_ln217_1)   --->   "%zext_ln217 = zext i16 %val_1" [yolo_npu_v2.cpp:217]   --->   Operation 249 'zext' 'zext_ln217' <Predicate = (!icmp_ln193)> <Delay = 0.00>
ST_11 : Operation 250 [1/1] (0.00ns) (grouped into LUT with out node shl_ln217_1)   --->   "%shl_ln217_2 = bitconcatenate i10 @_ssdm_op_BitConcatenate.i10.i7.i3, i7 %trunc_ln217, i3 0" [yolo_npu_v2.cpp:217]   --->   Operation 250 'bitconcatenate' 'shl_ln217_2' <Predicate = (!icmp_ln193)> <Delay = 0.00>
ST_11 : Operation 251 [1/1] (0.00ns) (grouped into LUT with out node shl_ln217_1)   --->   "%zext_ln217_2 = zext i10 %shl_ln217_2" [yolo_npu_v2.cpp:217]   --->   Operation 251 'zext' 'zext_ln217_2' <Predicate = (!icmp_ln193)> <Delay = 0.00>
ST_11 : Operation 252 [1/1] (2.21ns) (out node of the LUT)   --->   "%shl_ln217_1 = shl i1024 %zext_ln217, i1024 %zext_ln217_2" [yolo_npu_v2.cpp:217]   --->   Operation 252 'shl' 'shl_ln217_1' <Predicate = (!icmp_ln193)> <Delay = 2.21> <CoreInst = "Shifter">   --->   Core 75 'Shifter' <Latency = 0> <II = 1> <Delay = 2.21> <FuncUnit> <Opcode : 'shl' 'lshr' 'ashr'> <InPorts = 2> <OutPorts = 1>
ST_11 : Operation 253 [1/1] ( I:14.6ns O:14.6ns )   --->   "%write_ln217 = write void @_ssdm_op_Write.m_axi.p1i1024.i1024, i1024 %gmem_addr_1, i1024 %shl_ln217_1, i128 %shl_ln217" [yolo_npu_v2.cpp:217]   --->   Operation 253 'write' 'write_ln217' <Predicate = (!icmp_ln193)> <Delay = 14.6> <CoreInst = "m_axi">   --->   Core 111 'm_axi' <Latency = 5> <II = 1> <Delay = 1.00> <Adapter> <Opcode : 'readrequnaligned' 'writerequnaligned' 'read' 'write' 'readreq' 'writereq' 'writeresp'>

State 12 <SV = 11> <Delay = 0.00>
ST_12 : Operation 254 [5/5] (14.6ns)   --->   "%empty_41 = writeresp i1 @_ssdm_op_WriteResp.m_axi.p1i1024, i1024 %gmem_addr_1" [yolo_npu_v2.cpp:217]   --->   Operation 254 'writeresp' 'empty_41' <Predicate = (!icmp_ln193)> <Delay = 14.6> <CoreInst = "m_axi">   --->   Core 111 'm_axi' <Latency = 3> <II = 1> <Delay = 1.00> <Adapter> <Opcode : 'readrequnaligned' 'writerequnaligned' 'read' 'write' 'readreq' 'writereq' 'writeresp'>

State 13 <SV = 12> <Delay = 0.00>
ST_13 : Operation 255 [4/5] (14.6ns)   --->   "%empty_41 = writeresp i1 @_ssdm_op_WriteResp.m_axi.p1i1024, i1024 %gmem_addr_1" [yolo_npu_v2.cpp:217]   --->   Operation 255 'writeresp' 'empty_41' <Predicate = (!icmp_ln193)> <Delay = 14.6> <CoreInst = "m_axi">   --->   Core 111 'm_axi' <Latency = 3> <II = 1> <Delay = 1.00> <Adapter> <Opcode : 'readrequnaligned' 'writerequnaligned' 'read' 'write' 'readreq' 'writereq' 'writeresp'>

State 14 <SV = 13> <Delay = 0.00>
ST_14 : Operation 256 [3/5] (14.6ns)   --->   "%empty_41 = writeresp i1 @_ssdm_op_WriteResp.m_axi.p1i1024, i1024 %gmem_addr_1" [yolo_npu_v2.cpp:217]   --->   Operation 256 'writeresp' 'empty_41' <Predicate = (!icmp_ln193)> <Delay = 14.6> <CoreInst = "m_axi">   --->   Core 111 'm_axi' <Latency = 3> <II = 1> <Delay = 1.00> <Adapter> <Opcode : 'readrequnaligned' 'writerequnaligned' 'read' 'write' 'readreq' 'writereq' 'writeresp'>

State 15 <SV = 14> <Delay = 0.00>
ST_15 : Operation 257 [2/5] (14.6ns)   --->   "%empty_41 = writeresp i1 @_ssdm_op_WriteResp.m_axi.p1i1024, i1024 %gmem_addr_1" [yolo_npu_v2.cpp:217]   --->   Operation 257 'writeresp' 'empty_41' <Predicate = (!icmp_ln193)> <Delay = 14.6> <CoreInst = "m_axi">   --->   Core 111 'm_axi' <Latency = 3> <II = 1> <Delay = 1.00> <Adapter> <Opcode : 'readrequnaligned' 'writerequnaligned' 'read' 'write' 'readreq' 'writereq' 'writeresp'>

State 16 <SV = 15> <Delay = 14.6>
ST_16 : Operation 258 [1/5] ( I:14.6ns O:14.6ns )   --->   "%empty_41 = writeresp i1 @_ssdm_op_WriteResp.m_axi.p1i1024, i1024 %gmem_addr_1" [yolo_npu_v2.cpp:217]   --->   Operation 258 'writeresp' 'empty_41' <Predicate = true> <Delay = 14.6> <CoreInst = "m_axi">   --->   Core 111 'm_axi' <Latency = 3> <II = 1> <Delay = 1.00> <Adapter> <Opcode : 'readrequnaligned' 'writerequnaligned' 'read' 'write' 'readreq' 'writereq' 'writeresp'>
ST_16 : Operation 259 [1/1] (0.00ns)   --->   "%br_ln197 = br void %for.body424" [yolo_npu_v2.cpp:197]   --->   Operation 259 'br' 'br_ln197' <Predicate = true> <Delay = 0.00>


============================================================
+ Verbose Summary: Timing violations
============================================================
Target clock period: 20.000ns, clock uncertainty: 5.400ns.

 <State 1>: 1.514ns
The critical path consists of the following:
	wire read operation ('cmd_apply_residual_read') on port 'cmd_apply_residual' [68]  (0.000 ns)
	'icmp' operation 1 bit ('icmp_ln208', yolo_npu_v2.cpp:208) [78]  (1.514 ns)

 <State 2>: 9.447ns
The critical path consists of the following:
	'load' operation 64 bit ('indvar_flatten147_load_1', yolo_npu_v2.cpp:195) on local variable 'indvar_flatten147' [96]  (0.000 ns)
	'icmp' operation 1 bit ('icmp_ln195', yolo_npu_v2.cpp:195) [101]  (1.726 ns)
	'select' operation 31 bit ('select_ln193_3', yolo_npu_v2.cpp:193) [105]  (0.514 ns)
	'mul' operation 62 bit ('mul_ln210', yolo_npu_v2.cpp:210) [112]  (5.490 ns)
	'add' operation 62 bit ('add_ln210', yolo_npu_v2.cpp:210) [117]  (1.716 ns)

 <State 3>: 27.133ns
The critical path consists of the following:
	'mul' operation 63 bit ('mul_ln210_1', yolo_npu_v2.cpp:210) [119]  (8.135 ns)
	'add' operation 63 bit ('add_ln210_2', yolo_npu_v2.cpp:210) [203]  (0.000 ns)
	'add' operation 63 bit ('add_ln211_1', yolo_npu_v2.cpp:211) [205]  (2.672 ns)
	'add' operation 64 bit ('add_ln211', yolo_npu_v2.cpp:211) [207]  (1.726 ns)
	'getelementptr' operation 1024 bit ('gmem_addr', yolo_npu_v2.cpp:211) [210]  (0.000 ns)
	bus request operation ('gmem_load_2_req', yolo_npu_v2.cpp:211) on port 'gmem' (yolo_npu_v2.cpp:211) [211]  (0.000 ns)
	blocking operation 14.6 ns on control path)

 <State 4>: 14.323ns
The critical path consists of the following:
	'mul' operation 63 bit ('mul_ln216', yolo_npu_v2.cpp:216) [120]  (8.135 ns)
	'add' operation 63 bit ('add_ln216_1', yolo_npu_v2.cpp:216) [225]  (0.000 ns)
	'add' operation 63 bit ('add_ln217_1', yolo_npu_v2.cpp:217) [227]  (2.672 ns)
	'add' operation 64 bit ('add_ln217', yolo_npu_v2.cpp:217) [229]  (1.726 ns)
	'shl' operation 128 bit ('shl_ln217', yolo_npu_v2.cpp:217) [233]  (1.790 ns)

 <State 5>: 4.199ns
The critical path consists of the following:
	'mul' operation 24 bit ('mul_ln204', yolo_npu_v2.cpp:204) [195]  (3.720 ns)
	'select' operation 16 bit ('val', yolo_npu_v2.cpp:203) [198]  (0.479 ns)

 <State 6>: 0.000ns
The critical path consists of the following:

 <State 7>: 0.000ns
The critical path consists of the following:

 <State 8>: 0.000ns
The critical path consists of the following:

 <State 9>: 0.000ns
The critical path consists of the following:

 <State 10>: 14.600ns
The critical path consists of the following:
	bus request operation ('gmem_load_2_req', yolo_npu_v2.cpp:211) on port 'gmem' (yolo_npu_v2.cpp:211) [211]  (14.600 ns)

 <State 11>: 35.551ns
The critical path consists of the following:
	bus read operation ('gmem_addr_read', yolo_npu_v2.cpp:211) on port 'gmem' (yolo_npu_v2.cpp:211) [212]  (14.600 ns)
	'lshr' operation 1024 bit ('lshr_ln211', yolo_npu_v2.cpp:211) [216]  (2.790 ns)
	'add' operation 16 bit ('val', yolo_npu_v2.cpp:211) [218]  (1.346 ns)
	'phi' operation 16 bit ('val') with incoming values : ('val', yolo_npu_v2.cpp:203) ('val', yolo_npu_v2.cpp:211) [221]  (0.000 ns)
	'shl' operation 1024 bit ('shl_ln217_1', yolo_npu_v2.cpp:217) [236]  (2.215 ns)
	bus write operation ('write_ln217', yolo_npu_v2.cpp:217) on port 'gmem' (yolo_npu_v2.cpp:217) [241]  (14.600 ns)

 <State 12>: 0.000ns
The critical path consists of the following:

 <State 13>: 0.000ns
The critical path consists of the following:

 <State 14>: 0.000ns
The critical path consists of the following:

 <State 15>: 0.000ns
The critical path consists of the following:

 <State 16>: 14.600ns
The critical path consists of the following:
	bus response operation ('empty_41', yolo_npu_v2.cpp:217) on port 'gmem' (yolo_npu_v2.cpp:217) [242]  (14.600 ns)


============================================================
+ Verbose Summary: Binding
============================================================
N/A
* FSMD analyzer results:
  - Output states:
 - Input state : 
  - Chain level:
	State 1
	State 2
	State 3
	State 4
	State 5
	State 6
	State 7
	State 8
	State 9
	State 10
	State 11
	State 12
	State 13
	State 14
	State 15
	State 16


============================================================
+ Verbose Summary: Datapath Resource usage 
============================================================
N/A
