

================================================================
== Vitis HLS Report for 'yolo_npu_v2_core_Pipeline_VITIS_LOOP_43_3_VITIS_LOOP_45_4_VITIS_LOOP_47_5'
================================================================
* Date:           Sat Jun 20 09:58:30 2026

* Version:        2025.2 (Build 6295257 on Nov 14 2025)
* Project:        yolo_npu
* Solution:       hls (Vivado IP Flow Target)
* Product family: kintex7
* Target device:  xc7k325t-ffg900-2


================================================================
== Performance Estimates
================================================================
+ Timing: 
    * Summary: 
    +--------+----------+-----------+------------+
    |  Clock |  Target  | Estimated | Uncertainty|
    +--------+----------+-----------+------------+
    |ap_clk  |  20.00 ns|  14.600 ns|     5.40 ns|
    +--------+----------+-----------+------------+

+ Latency: 
    * Summary: 
    +---------+---------+-----------+----------+-----+-----+-------------------+
    |  Latency (cycles) |  Latency (absolute)  |  Interval |      Pipeline     |
    |   min   |   max   |    min    |    max   | min | max |        Type       |
    +---------+---------+-----------+----------+-----+-----+-------------------+
    |        2|    65548|  40.000 ns|  1.311 ms|    0|    0|  loop pipeline stp|
    +---------+---------+-----------+----------+-----+-----+-------------------+

    + Detail: 
        * Instance: 
        N/A

        * Loop: 
        +---------------------------------------------------+---------+---------+----------+-----------+-----------+-----------+----------+
        |                                                   |  Latency (cycles) | Iteration|  Initiation Interval  |    Trip   |          |
        |                     Loop Name                     |   min   |   max   |  Latency |  achieved |   target  |   Count   | Pipelined|
        +---------------------------------------------------+---------+---------+----------+-----------+-----------+-----------+----------+
        |- VITIS_LOOP_43_3_VITIS_LOOP_45_4_VITIS_LOOP_47_5  |        0|    65546|        12|          1|          1|  0 ~ 65536|       yes|
        +---------------------------------------------------+---------+---------+----------+-----------+-----------+-----------+----------+

============================================================
+ Verbose Summary: Synthesis Manager
============================================================
InlineROM: 1
ExposeGlobal: 0
============================================================
+ Verbose Summary: CDFG Model
============================================================
IsTopModel: 0
ResetActiveHigh: 1
IsCombinational: 0
IsDatapathOnly: 0
HasWiredReturn: 1
HasMFsm: 2
HasVarLatency: 1
IsPipeline: 0
IsRtlPipelined: 0
IsInstanceOverlapped: 0
IsDontTouch: 0
HasImplIP: 0
IsGatedGlobalClock: 0

+ Individual pipeline summary: 
  * Pipeline-0: initiation interval (II) = 1, depth = 13


============================================================
+ Verbose Summary: Schedule
============================================================
* Number of FSM states : 13
* Pipeline : 1
  Pipeline-0 : II = 1, D = 13, States = { 1 2 3 4 5 6 7 8 9 10 11 12 13 }
* Dataflow Pipeline: 0

* FSM state transitions: 
1 --> 2 
2 --> 3 
3 --> 4 
4 --> 5 
5 --> 6 
6 --> 7 
7 --> 8 
8 --> 9 
9 --> 10 
10 --> 11 
11 --> 12 
12 --> 13 
13 --> 

* FSM state operations: 

State 1 <SV = 0> <Delay = 1.51>
ST_1 : Operation 15 [1/1] (0.00ns)   --->   "%ic = alloca i32 1" [yolo_npu_v2.cpp:47]   --->   Operation 15 'alloca' 'ic' <Predicate = true> <Delay = 0.00>
ST_1 : Operation 16 [1/1] (0.00ns)   --->   "%c = alloca i32 1" [yolo_npu_v2.cpp:45]   --->   Operation 16 'alloca' 'c' <Predicate = true> <Delay = 0.00>
ST_1 : Operation 17 [1/1] (0.00ns)   --->   "%indvar_flatten = alloca i32 1"   --->   Operation 17 'alloca' 'indvar_flatten' <Predicate = true> <Delay = 0.00>
ST_1 : Operation 18 [1/1] (0.00ns)   --->   "%r = alloca i32 1" [yolo_npu_v2.cpp:43]   --->   Operation 18 'alloca' 'r' <Predicate = true> <Delay = 0.00>
ST_1 : Operation 19 [1/1] (0.00ns)   --->   "%indvar_flatten28 = alloca i32 1"   --->   Operation 19 'alloca' 'indvar_flatten28' <Predicate = true> <Delay = 0.00>
ST_1 : Operation 20 [1/1] (0.00ns)   --->   "%ddr_mem_read = read i64 @_ssdm_op_Read.ap_auto.i64, i64 %ddr_mem"   --->   Operation 20 'read' 'ddr_mem_read' <Predicate = true> <Delay = 0.00>
ST_1 : Operation 21 [1/1] (0.00ns)   --->   "%sext_ln43_1_read = read i32 @_ssdm_op_Read.ap_auto.i32, i32 %sext_ln43_1"   --->   Operation 21 'read' 'sext_ln43_1_read' <Predicate = true> <Delay = 0.00>
ST_1 : Operation 22 [1/1] (0.00ns)   --->   "%cmd_in_offset_read = read i32 @_ssdm_op_Read.ap_auto.i32, i32 %cmd_in_offset"   --->   Operation 22 'read' 'cmd_in_offset_read' <Predicate = true> <Delay = 0.00>
ST_1 : Operation 23 [1/1] (0.00ns)   --->   "%cmd_in_total_channels_read = read i32 @_ssdm_op_Read.ap_auto.i32, i32 %cmd_in_total_channels"   --->   Operation 23 'read' 'cmd_in_total_channels_read' <Predicate = true> <Delay = 0.00>
ST_1 : Operation 24 [1/1] (0.00ns)   --->   "%read_w_read = read i32 @_ssdm_op_Read.ap_auto.i32, i32 %read_w"   --->   Operation 24 'read' 'read_w_read' <Predicate = true> <Delay = 0.00>
ST_1 : Operation 25 [1/1] (0.00ns)   --->   "%tmp = read i1 @_ssdm_op_Read.ap_auto.i1, i1 %empty"   --->   Operation 25 'read' 'tmp' <Predicate = true> <Delay = 0.00>
ST_1 : Operation 26 [1/1] (0.00ns)   --->   "%mul_ln50_read = read i62 @_ssdm_op_Read.ap_auto.i62, i62 %mul_ln50"   --->   Operation 26 'read' 'mul_ln50_read' <Predicate = true> <Delay = 0.00>
ST_1 : Operation 27 [1/1] (0.00ns)   --->   "%mul_ln50_1_read = read i93 @_ssdm_op_Read.ap_auto.i93, i93 %mul_ln50_1"   --->   Operation 27 'read' 'mul_ln50_1_read' <Predicate = true> <Delay = 0.00>
ST_1 : Operation 28 [1/1] (0.00ns)   --->   "%tmp_3 = read i32 @_ssdm_op_Read.ap_auto.i32, i32 %empty_19"   --->   Operation 28 'read' 'tmp_3' <Predicate = true> <Delay = 0.00>
ST_1 : Operation 29 [1/1] (0.00ns)   --->   "%cmd_apply_upsample_read = read i32 @_ssdm_op_Read.ap_auto.i32, i32 %cmd_apply_upsample"   --->   Operation 29 'read' 'cmd_apply_upsample_read' <Predicate = true> <Delay = 0.00>
ST_1 : Operation 30 [1/1] (0.00ns)   --->   "%sext_ln43_1_cast = sext i32 %sext_ln43_1_read"   --->   Operation 30 'sext' 'sext_ln43_1_cast' <Predicate = true> <Delay = 0.00>
ST_1 : Operation 31 [1/1] (0.00ns)   --->   "%mul_ln50_cast = zext i62 %mul_ln50_read"   --->   Operation 31 'zext' 'mul_ln50_cast' <Predicate = true> <Delay = 0.00>
ST_1 : Operation 32 [1/1] (0.00ns)   --->   "%specinterface_ln0 = specinterface void @_ssdm_op_SpecInterface, i1024 %gmem, void @empty_6, i32 0, i32 0, void @empty_10, i32 0, i32 1563, void @empty_5, void @empty_14, void @empty_10, i32 16, i32 16, i32 16, i32 16, void @empty_10, void @empty_10, i32 4294967295, i32 0, i32 0, i32 128"   --->   Operation 32 'specinterface' 'specinterface_ln0' <Predicate = true> <Delay = 0.00>
ST_1 : Operation 33 [1/1] (1.51ns)   --->   "%icmp_ln50 = icmp_ne  i32 %cmd_apply_upsample_read, i32 0" [yolo_npu_v2.cpp:50]   --->   Operation 33 'icmp' 'icmp_ln50' <Predicate = true> <Delay = 1.51> <CoreInst = "Cmp">   --->   Core 9 'Cmp' <Latency = 0> <II = 1> <Delay = 1.51> <FuncUnit> <Opcode : 'seteq' 'setne' 'setle' 'setge' 'setlt' 'setgt'> <InPorts = 2> <OutPorts = 1>
ST_1 : Operation 34 [1/1] (0.83ns)   --->   "%store_ln0 = store i93 0, i93 %indvar_flatten28"   --->   Operation 34 'store' 'store_ln0' <Predicate = true> <Delay = 0.83>
ST_1 : Operation 35 [1/1] (0.83ns)   --->   "%store_ln43 = store i31 0, i31 %r" [yolo_npu_v2.cpp:43]   --->   Operation 35 'store' 'store_ln43' <Predicate = true> <Delay = 0.83>
ST_1 : Operation 36 [1/1] (0.83ns)   --->   "%store_ln0 = store i64 0, i64 %indvar_flatten"   --->   Operation 36 'store' 'store_ln0' <Predicate = true> <Delay = 0.83>
ST_1 : Operation 37 [1/1] (0.83ns)   --->   "%store_ln45 = store i31 0, i31 %c" [yolo_npu_v2.cpp:45]   --->   Operation 37 'store' 'store_ln45' <Predicate = true> <Delay = 0.83>
ST_1 : Operation 38 [1/1] (0.83ns)   --->   "%store_ln47 = store i31 0, i31 %ic" [yolo_npu_v2.cpp:47]   --->   Operation 38 'store' 'store_ln47' <Predicate = true> <Delay = 0.83>
ST_1 : Operation 39 [1/1] (0.00ns)   --->   "%br_ln0 = br void %for.body20"   --->   Operation 39 'br' 'br_ln0' <Predicate = true> <Delay = 0.00>

State 2 <SV = 1> <Delay = 9.75>
ST_2 : Operation 40 [1/1] (0.00ns)   --->   "%ic_1 = load i31 %ic" [yolo_npu_v2.cpp:47]   --->   Operation 40 'load' 'ic_1' <Predicate = true> <Delay = 0.00>
ST_2 : Operation 41 [1/1] (0.00ns)   --->   "%indvar_flatten_load = load i64 %indvar_flatten" [yolo_npu_v2.cpp:45]   --->   Operation 41 'load' 'indvar_flatten_load' <Predicate = true> <Delay = 0.00>
ST_2 : Operation 42 [1/1] (0.00ns)   --->   "%indvar_flatten28_load = load i93 %indvar_flatten28" [yolo_npu_v2.cpp:43]   --->   Operation 42 'load' 'indvar_flatten28_load' <Predicate = true> <Delay = 0.00>
ST_2 : Operation 43 [1/1] (0.00ns)   --->   "%specbitsmap_ln0 = specbitsmap void @_ssdm_op_SpecBitsMap, i1024 %gmem"   --->   Operation 43 'specbitsmap' 'specbitsmap_ln0' <Predicate = true> <Delay = 0.00>
ST_2 : Operation 44 [1/1] (0.00ns)   --->   "%zext_ln47 = zext i31 %ic_1" [yolo_npu_v2.cpp:47]   --->   Operation 44 'zext' 'zext_ln47' <Predicate = true> <Delay = 0.00>
ST_2 : Operation 45 [1/1] (1.51ns)   --->   "%icmp_ln47 = icmp_slt  i32 %zext_ln47, i32 %tmp_3" [yolo_npu_v2.cpp:47]   --->   Operation 45 'icmp' 'icmp_ln47' <Predicate = true> <Delay = 1.51> <CoreInst = "Cmp">   --->   Core 9 'Cmp' <Latency = 0> <II = 1> <Delay = 1.51> <FuncUnit> <Opcode : 'seteq' 'setne' 'setle' 'setge' 'setlt' 'setgt'> <InPorts = 2> <OutPorts = 1>
ST_2 : Operation 46 [1/1] (2.11ns)   --->   "%icmp_ln43 = icmp_eq  i93 %indvar_flatten28_load, i93 %mul_ln50_1_read" [yolo_npu_v2.cpp:43]   --->   Operation 46 'icmp' 'icmp_ln43' <Predicate = true> <Delay = 2.11> <CoreInst = "Cmp">   --->   Core 9 'Cmp' <Latency = 0> <II = 1> <Delay = 2.11> <FuncUnit> <Opcode : 'seteq' 'setne' 'setle' 'setge' 'setlt' 'setgt'> <InPorts = 2> <OutPorts = 1>
ST_2 : Operation 47 [1/1] (2.11ns)   --->   "%add_ln43_1 = add i93 %indvar_flatten28_load, i93 1" [yolo_npu_v2.cpp:43]   --->   Operation 47 'add' 'add_ln43_1' <Predicate = true> <Delay = 2.11> <CoreInst = "Adder">   --->   Core 1 'Adder' <Latency = 0> <II = 1> <Delay = 2.11> <FuncUnit> <Opcode : 'add' 'sub'> <InPorts = 2> <OutPorts = 1>
ST_2 : Operation 48 [1/1] (0.00ns)   --->   "%br_ln43 = br i1 %icmp_ln43, void %for.inc57, void %VITIS_LOOP_65_6.exitStub" [yolo_npu_v2.cpp:43]   --->   Operation 48 'br' 'br_ln43' <Predicate = true> <Delay = 0.00>
ST_2 : Operation 49 [1/1] (0.00ns)   --->   "%c_load = load i31 %c" [yolo_npu_v2.cpp:43]   --->   Operation 49 'load' 'c_load' <Predicate = (!icmp_ln43)> <Delay = 0.00>
ST_2 : Operation 50 [1/1] (0.00ns)   --->   "%r_load = load i31 %r" [yolo_npu_v2.cpp:43]   --->   Operation 50 'load' 'r_load' <Predicate = (!icmp_ln43)> <Delay = 0.00>
ST_2 : Operation 51 [1/1] (1.50ns)   --->   "%add_ln43 = add i31 %r_load, i31 1" [yolo_npu_v2.cpp:43]   --->   Operation 51 'add' 'add_ln43' <Predicate = (!icmp_ln43)> <Delay = 1.50> <CoreInst = "Adder">   --->   Core 1 'Adder' <Latency = 0> <II = 1> <Delay = 1.50> <FuncUnit> <Opcode : 'add' 'sub'> <InPorts = 2> <OutPorts = 1>
ST_2 : Operation 52 [1/1] (1.72ns)   --->   "%icmp_ln45 = icmp_eq  i64 %indvar_flatten_load, i64 %mul_ln50_cast" [yolo_npu_v2.cpp:45]   --->   Operation 52 'icmp' 'icmp_ln45' <Predicate = (!icmp_ln43)> <Delay = 1.72> <CoreInst = "Cmp">   --->   Core 9 'Cmp' <Latency = 0> <II = 1> <Delay = 1.72> <FuncUnit> <Opcode : 'seteq' 'setne' 'setle' 'setge' 'setlt' 'setgt'> <InPorts = 2> <OutPorts = 1>
ST_2 : Operation 53 [1/1] (0.51ns)   --->   "%select_ln43 = select i1 %icmp_ln45, i31 0, i31 %c_load" [yolo_npu_v2.cpp:43]   --->   Operation 53 'select' 'select_ln43' <Predicate = (!icmp_ln43)> <Delay = 0.51> <CoreInst = "Sel">   --->   Core 73 'Sel' <Latency = 0> <II = 1> <Delay = 0.51> <FuncUnit> <Opcode : 'select'> <InPorts = 3> <OutPorts = 1>
ST_2 : Operation 54 [1/1] (0.00ns) (grouped into LUT with out node select_ln45)   --->   "%select_ln43_1 = select i1 %icmp_ln45, i31 0, i31 %ic_1" [yolo_npu_v2.cpp:43]   --->   Operation 54 'select' 'select_ln43_1' <Predicate = (!icmp_ln43)> <Delay = 0.00> <CoreInst = "Sel">   --->   Core 73 'Sel' <Latency = 0> <II = 1> <Delay = 0.51> <FuncUnit> <Opcode : 'select'> <InPorts = 3> <OutPorts = 1>
ST_2 : Operation 55 [1/1] (0.48ns)   --->   "%select_ln43_2 = select i1 %icmp_ln45, i1 %tmp, i1 %icmp_ln47" [yolo_npu_v2.cpp:43]   --->   Operation 55 'select' 'select_ln43_2' <Predicate = (!icmp_ln43)> <Delay = 0.48> <CoreInst = "Sel">   --->   Core 73 'Sel' <Latency = 0> <II = 1> <Delay = 0.48> <FuncUnit> <Opcode : 'select'> <InPorts = 3> <OutPorts = 1>
ST_2 : Operation 56 [1/1] (0.51ns)   --->   "%select_ln43_3 = select i1 %icmp_ln45, i31 %add_ln43, i31 %r_load" [yolo_npu_v2.cpp:43]   --->   Operation 56 'select' 'select_ln43_3' <Predicate = (!icmp_ln43)> <Delay = 0.51> <CoreInst = "Sel">   --->   Core 73 'Sel' <Latency = 0> <II = 1> <Delay = 0.51> <FuncUnit> <Opcode : 'select'> <InPorts = 3> <OutPorts = 1>
ST_2 : Operation 57 [1/1] (0.00ns)   --->   "%trunc_ln45 = trunc i31 %select_ln43_3" [yolo_npu_v2.cpp:45]   --->   Operation 57 'trunc' 'trunc_ln45' <Predicate = (!icmp_ln43)> <Delay = 0.00>
ST_2 : Operation 58 [1/1] (1.50ns)   --->   "%add_ln45 = add i31 %select_ln43, i31 1" [yolo_npu_v2.cpp:45]   --->   Operation 58 'add' 'add_ln45' <Predicate = (!icmp_ln43)> <Delay = 1.50> <CoreInst = "Adder">   --->   Core 1 'Adder' <Latency = 0> <II = 1> <Delay = 1.50> <FuncUnit> <Opcode : 'add' 'sub'> <InPorts = 2> <OutPorts = 1>
ST_2 : Operation 59 [1/1] (0.51ns) (out node of the LUT)   --->   "%select_ln45 = select i1 %select_ln43_2, i31 %select_ln43_1, i31 0" [yolo_npu_v2.cpp:45]   --->   Operation 59 'select' 'select_ln45' <Predicate = (!icmp_ln43)> <Delay = 0.51> <CoreInst = "Sel">   --->   Core 73 'Sel' <Latency = 0> <II = 1> <Delay = 0.51> <FuncUnit> <Opcode : 'select'> <InPorts = 3> <OutPorts = 1>
ST_2 : Operation 60 [1/1] (0.51ns)   --->   "%select_ln45_1 = select i1 %select_ln43_2, i31 %select_ln43, i31 %add_ln45" [yolo_npu_v2.cpp:45]   --->   Operation 60 'select' 'select_ln45_1' <Predicate = (!icmp_ln43)> <Delay = 0.51> <CoreInst = "Sel">   --->   Core 73 'Sel' <Latency = 0> <II = 1> <Delay = 0.51> <FuncUnit> <Opcode : 'select'> <InPorts = 3> <OutPorts = 1>
ST_2 : Operation 61 [1/1] (0.00ns)   --->   "%tmp_8 = bitconcatenate i8 @_ssdm_op_BitConcatenate.i8.i4.i4, i4 %trunc_ln45, i4 0" [yolo_npu_v2.cpp:56]   --->   Operation 61 'bitconcatenate' 'tmp_8' <Predicate = (!icmp_ln43)> <Delay = 0.00>
ST_2 : Operation 62 [1/1] (0.00ns)   --->   "%lshr_ln1 = partselect i30 @_ssdm_op_PartSelect.i30.i31.i32.i32, i31 %select_ln43_3, i32 1, i32 30" [yolo_npu_v2.cpp:50]   --->   Operation 62 'partselect' 'lshr_ln1' <Predicate = (!icmp_ln43 & icmp_ln50)> <Delay = 0.00>
ST_2 : Operation 63 [1/1] (0.00ns)   --->   "%zext_ln50 = zext i30 %lshr_ln1" [yolo_npu_v2.cpp:50]   --->   Operation 63 'zext' 'zext_ln50' <Predicate = (!icmp_ln43 & icmp_ln50)> <Delay = 0.00>
ST_2 : Operation 64 [1/1] (0.51ns)   --->   "%read_r = select i1 %icmp_ln50, i31 %zext_ln50, i31 %select_ln43_3" [yolo_npu_v2.cpp:50]   --->   Operation 64 'select' 'read_r' <Predicate = (!icmp_ln43)> <Delay = 0.51> <CoreInst = "Sel">   --->   Core 73 'Sel' <Latency = 0> <II = 1> <Delay = 0.51> <FuncUnit> <Opcode : 'select'> <InPorts = 3> <OutPorts = 1>
ST_2 : Operation 65 [1/1] (0.00ns)   --->   "%zext_ln55 = zext i31 %read_r" [yolo_npu_v2.cpp:55]   --->   Operation 65 'zext' 'zext_ln55' <Predicate = (!icmp_ln43)> <Delay = 0.00>
ST_2 : Operation 66 [1/1] (5.49ns)   --->   "%mul_ln55 = mul i32 %zext_ln55, i32 %read_w_read" [yolo_npu_v2.cpp:55]   --->   Operation 66 'mul' 'mul_ln55' <Predicate = (!icmp_ln43)> <Delay = 5.49> <CoreInst = "Multiplier">   --->   Core 3 'Multiplier' <Latency = 0> <II = 1> <Delay = 5.49> <FuncUnit> <Opcode : 'mul'> <InPorts = 2> <OutPorts = 1>
ST_2 : Operation 67 [1/1] (0.00ns)   --->   "%trunc_ln56 = trunc i31 %select_ln45_1" [yolo_npu_v2.cpp:56]   --->   Operation 67 'trunc' 'trunc_ln56' <Predicate = (!icmp_ln43)> <Delay = 0.00>
ST_2 : Operation 68 [1/1] (1.35ns)   --->   "%add_ln56_2 = add i8 %tmp_8, i8 %trunc_ln56" [yolo_npu_v2.cpp:56]   --->   Operation 68 'add' 'add_ln56_2' <Predicate = (!icmp_ln43)> <Delay = 1.35> <CoreInst = "Adder">   --->   Core 1 'Adder' <Latency = 0> <II = 1> <Delay = 1.35> <FuncUnit> <Opcode : 'add' 'sub'> <InPorts = 2> <OutPorts = 1>
ST_2 : Operation 69 [1/1] (0.00ns)   --->   "%tmp_4 = bitconcatenate i12 @_ssdm_op_BitConcatenate.i12.i8.i4, i8 %add_ln56_2, i4 0" [yolo_npu_v2.cpp:56]   --->   Operation 69 'bitconcatenate' 'tmp_4' <Predicate = (!icmp_ln43)> <Delay = 0.00>
ST_2 : Operation 70 [1/1] (0.00ns) (grouped into LUT with out node add_ln55)   --->   "%lshr_ln2 = partselect i30 @_ssdm_op_PartSelect.i30.i31.i32.i32, i31 %select_ln45_1, i32 1, i32 30" [yolo_npu_v2.cpp:51]   --->   Operation 70 'partselect' 'lshr_ln2' <Predicate = (!icmp_ln43 & icmp_ln50)> <Delay = 0.00>
ST_2 : Operation 71 [1/1] (0.00ns) (grouped into LUT with out node add_ln55)   --->   "%zext_ln51 = zext i30 %lshr_ln2" [yolo_npu_v2.cpp:51]   --->   Operation 71 'zext' 'zext_ln51' <Predicate = (!icmp_ln43 & icmp_ln50)> <Delay = 0.00>
ST_2 : Operation 72 [1/1] (0.00ns) (grouped into LUT with out node add_ln55)   --->   "%read_c = select i1 %icmp_ln50, i31 %zext_ln51, i31 %select_ln45_1" [yolo_npu_v2.cpp:51]   --->   Operation 72 'select' 'read_c' <Predicate = (!icmp_ln43)> <Delay = 0.00> <CoreInst = "Sel">   --->   Core 73 'Sel' <Latency = 0> <II = 1> <Delay = 0.51> <FuncUnit> <Opcode : 'select'> <InPorts = 3> <OutPorts = 1>
ST_2 : Operation 73 [1/1] (0.00ns) (grouped into LUT with out node add_ln55)   --->   "%zext_ln55_1 = zext i31 %read_c" [yolo_npu_v2.cpp:55]   --->   Operation 73 'zext' 'zext_ln55_1' <Predicate = (!icmp_ln43)> <Delay = 0.00>
ST_2 : Operation 74 [1/1] (1.51ns) (out node of the LUT)   --->   "%add_ln55 = add i32 %zext_ln55_1, i32 %mul_ln55" [yolo_npu_v2.cpp:55]   --->   Operation 74 'add' 'add_ln55' <Predicate = (!icmp_ln43)> <Delay = 1.51> <CoreInst = "Adder">   --->   Core 1 'Adder' <Latency = 0> <II = 1> <Delay = 1.51> <FuncUnit> <Opcode : 'add' 'sub'> <InPorts = 2> <OutPorts = 1>
ST_2 : Operation 75 [1/1] (0.00ns)   --->   "%trunc_ln47 = trunc i31 %select_ln45" [yolo_npu_v2.cpp:47]   --->   Operation 75 'trunc' 'trunc_ln47' <Predicate = (!icmp_ln43)> <Delay = 0.00>
ST_2 : Operation 76 [1/1] (0.00ns)   --->   "%lshr_ln3 = partselect i12 @_ssdm_op_PartSelect.i12.i31.i32.i32, i31 %select_ln45, i32 4, i32 15" [yolo_npu_v2.cpp:47]   --->   Operation 76 'partselect' 'lshr_ln3' <Predicate = (!icmp_ln43)> <Delay = 0.00>
ST_2 : Operation 77 [1/1] (1.35ns)   --->   "%add_ln56_3 = add i12 %tmp_4, i12 %lshr_ln3" [yolo_npu_v2.cpp:56]   --->   Operation 77 'add' 'add_ln56_3' <Predicate = (!icmp_ln43)> <Delay = 1.35> <CoreInst = "Adder">   --->   Core 1 'Adder' <Latency = 0> <II = 1> <Delay = 1.35> <FuncUnit> <Opcode : 'add' 'sub'> <InPorts = 2> <OutPorts = 1>
ST_2 : Operation 78 [1/1] (1.01ns)   --->   "%switch_ln56 = switch i4 %trunc_ln47, void %arrayidx5023.case.15, i4 0, void %arrayidx5023.case.0, i4 1, void %arrayidx5023.case.1, i4 2, void %arrayidx5023.case.2, i4 3, void %arrayidx5023.case.3, i4 4, void %arrayidx5023.case.4, i4 5, void %arrayidx5023.case.5, i4 6, void %arrayidx5023.case.6, i4 7, void %arrayidx5023.case.7, i4 8, void %arrayidx5023.case.8, i4 9, void %arrayidx5023.case.9, i4 10, void %arrayidx5023.case.10, i4 11, void %arrayidx5023.case.11, i4 12, void %arrayidx5023.case.12, i4 13, void %arrayidx5023.case.13, i4 14, void %arrayidx5023.case.14" [yolo_npu_v2.cpp:56]   --->   Operation 78 'switch' 'switch_ln56' <Predicate = (!icmp_ln43)> <Delay = 1.01>
ST_2 : Operation 79 [1/1] (1.50ns)   --->   "%add_ln47_1 = add i31 %select_ln45, i31 1" [yolo_npu_v2.cpp:47]   --->   Operation 79 'add' 'add_ln47_1' <Predicate = (!icmp_ln43)> <Delay = 1.50> <CoreInst = "Adder">   --->   Core 1 'Adder' <Latency = 0> <II = 1> <Delay = 1.50> <FuncUnit> <Opcode : 'add' 'sub'> <InPorts = 2> <OutPorts = 1>
ST_2 : Operation 80 [1/1] (1.72ns)   --->   "%add_ln45_1 = add i64 %indvar_flatten_load, i64 1" [yolo_npu_v2.cpp:45]   --->   Operation 80 'add' 'add_ln45_1' <Predicate = (!icmp_ln43)> <Delay = 1.72> <CoreInst = "Adder">   --->   Core 1 'Adder' <Latency = 0> <II = 1> <Delay = 1.72> <FuncUnit> <Opcode : 'add' 'sub'> <InPorts = 2> <OutPorts = 1>
ST_2 : Operation 81 [1/1] (0.61ns)   --->   "%select_ln45_2 = select i1 %icmp_ln45, i64 1, i64 %add_ln45_1" [yolo_npu_v2.cpp:45]   --->   Operation 81 'select' 'select_ln45_2' <Predicate = (!icmp_ln43)> <Delay = 0.61> <CoreInst = "Sel">   --->   Core 73 'Sel' <Latency = 0> <II = 1> <Delay = 0.61> <FuncUnit> <Opcode : 'select'> <InPorts = 3> <OutPorts = 1>
ST_2 : Operation 82 [1/1] (0.83ns)   --->   "%store_ln43 = store i93 %add_ln43_1, i93 %indvar_flatten28" [yolo_npu_v2.cpp:43]   --->   Operation 82 'store' 'store_ln43' <Predicate = (!icmp_ln43)> <Delay = 0.83>
ST_2 : Operation 83 [1/1] (0.83ns)   --->   "%store_ln43 = store i31 %select_ln43_3, i31 %r" [yolo_npu_v2.cpp:43]   --->   Operation 83 'store' 'store_ln43' <Predicate = (!icmp_ln43)> <Delay = 0.83>
ST_2 : Operation 84 [1/1] (0.83ns)   --->   "%store_ln45 = store i64 %select_ln45_2, i64 %indvar_flatten" [yolo_npu_v2.cpp:45]   --->   Operation 84 'store' 'store_ln45' <Predicate = (!icmp_ln43)> <Delay = 0.83>
ST_2 : Operation 85 [1/1] (0.83ns)   --->   "%store_ln45 = store i31 %select_ln45_1, i31 %c" [yolo_npu_v2.cpp:45]   --->   Operation 85 'store' 'store_ln45' <Predicate = (!icmp_ln43)> <Delay = 0.83>
ST_2 : Operation 86 [1/1] (0.83ns)   --->   "%store_ln47 = store i31 %add_ln47_1, i31 %ic" [yolo_npu_v2.cpp:47]   --->   Operation 86 'store' 'store_ln47' <Predicate = (!icmp_ln43)> <Delay = 0.83>
ST_2 : Operation 87 [1/1] (0.00ns)   --->   "%br_ln47 = br void %for.body20" [yolo_npu_v2.cpp:47]   --->   Operation 87 'br' 'br_ln47' <Predicate = (!icmp_ln43)> <Delay = 0.00>

State 3 <SV = 2> <Delay = 11.2>
ST_3 : Operation 88 [1/1] (5.49ns)   --->   "%mul_ln55_1 = mul i32 %add_ln55, i32 %cmd_in_total_channels_read" [yolo_npu_v2.cpp:55]   --->   Operation 88 'mul' 'mul_ln55_1' <Predicate = true> <Delay = 5.49> <CoreInst = "Multiplier">   --->   Core 3 'Multiplier' <Latency = 0> <II = 1> <Delay = 5.49> <FuncUnit> <Opcode : 'mul'> <InPorts = 2> <OutPorts = 1>
ST_3 : Operation 89 [1/1] (1.51ns)   --->   "%add_ln55_1 = add i32 %mul_ln55_1, i32 %cmd_in_offset_read" [yolo_npu_v2.cpp:55]   --->   Operation 89 'add' 'add_ln55_1' <Predicate = true> <Delay = 1.51> <CoreInst = "Adder">   --->   Core 1 'Adder' <Latency = 0> <II = 1> <Delay = 1.51> <FuncUnit> <Opcode : 'add' 'sub'> <InPorts = 2> <OutPorts = 1>
ST_3 : Operation 90 [1/1] (0.00ns)   --->   "%sext_ln47 = sext i32 %add_ln55_1" [yolo_npu_v2.cpp:47]   --->   Operation 90 'sext' 'sext_ln47' <Predicate = true> <Delay = 0.00>
ST_3 : Operation 91 [1/1] (1.51ns)   --->   "%add_ln47 = add i33 %sext_ln47, i33 %sext_ln43_1_cast" [yolo_npu_v2.cpp:47]   --->   Operation 91 'add' 'add_ln47' <Predicate = true> <Delay = 1.51> <CoreInst = "Adder">   --->   Core 1 'Adder' <Latency = 0> <II = 1> <Delay = 1.51> <FuncUnit> <Opcode : 'add' 'sub'> <InPorts = 2> <OutPorts = 1>
ST_3 : Operation 92 [1/1] (0.00ns)   --->   "%tmp_s = bitconcatenate i34 @_ssdm_op_BitConcatenate.i34.i33.i1, i33 %add_ln47, i1 0" [yolo_npu_v2.cpp:47]   --->   Operation 92 'bitconcatenate' 'tmp_s' <Predicate = true> <Delay = 0.00>
ST_3 : Operation 93 [1/1] (0.00ns)   --->   "%sext_ln47_1 = sext i34 %tmp_s" [yolo_npu_v2.cpp:47]   --->   Operation 93 'sext' 'sext_ln47_1' <Predicate = true> <Delay = 0.00>
ST_3 : Operation 94 [1/1] (0.00ns)   --->   "%shl_ln4 = bitconcatenate i32 @_ssdm_op_BitConcatenate.i32.i31.i1, i31 %select_ln45, i1 0" [yolo_npu_v2.cpp:56]   --->   Operation 94 'bitconcatenate' 'shl_ln4' <Predicate = true> <Delay = 0.00>
ST_3 : Operation 95 [1/1] (0.00ns)   --->   "%zext_ln56 = zext i32 %shl_ln4" [yolo_npu_v2.cpp:56]   --->   Operation 95 'zext' 'zext_ln56' <Predicate = true> <Delay = 0.00>
ST_3 : Operation 96 [1/1] (0.00ns) (grouped into TernaryAdder)   --->   "%add_ln56_1 = add i64 %zext_ln56, i64 %ddr_mem_read" [yolo_npu_v2.cpp:56]   --->   Operation 96 'add' 'add_ln56_1' <Predicate = true> <Delay = 0.00> <CoreInst = "TAddSub">   --->   Core 10 'TAddSub' <Latency = 0> <II = 1> <Delay = 1.34> <IPBlock> <Opcode : 'add' 'sub'> <InPorts = 3> <OutPorts = 1> <Sync> <CReg>
ST_3 : Operation 97 [1/1] (2.68ns) (root node of TernaryAdder)   --->   "%add_ln56 = add i64 %add_ln56_1, i64 %sext_ln47_1" [yolo_npu_v2.cpp:56]   --->   Operation 97 'add' 'add_ln56' <Predicate = true> <Delay = 2.68> <CoreInst = "TAddSub">   --->   Core 10 'TAddSub' <Latency = 0> <II = 1> <Delay = 1.34> <IPBlock> <Opcode : 'add' 'sub'> <InPorts = 3> <OutPorts = 1> <Sync> <CReg>
ST_3 : Operation 98 [1/1] (0.00ns)   --->   "%trunc_ln56_2 = partselect i57 @_ssdm_op_PartSelect.i57.i64.i32.i32, i64 %add_ln56, i32 7, i32 63" [yolo_npu_v2.cpp:56]   --->   Operation 98 'partselect' 'trunc_ln56_2' <Predicate = true> <Delay = 0.00>
ST_3 : Operation 99 [1/1] (0.00ns)   --->   "%trunc_ln56_1 = trunc i64 %add_ln56" [yolo_npu_v2.cpp:56]   --->   Operation 99 'trunc' 'trunc_ln56_1' <Predicate = true> <Delay = 0.00>

State 4 <SV = 3> <Delay = 14.6>
ST_4 : Operation 100 [1/1] (0.00ns)   --->   "%sext_ln56 = sext i57 %trunc_ln56_2" [yolo_npu_v2.cpp:56]   --->   Operation 100 'sext' 'sext_ln56' <Predicate = true> <Delay = 0.00>
ST_4 : Operation 101 [1/1] (0.00ns)   --->   "%gmem_addr = getelementptr i1024 %gmem, i64 %sext_ln56" [yolo_npu_v2.cpp:56]   --->   Operation 101 'getelementptr' 'gmem_addr' <Predicate = true> <Delay = 0.00>
ST_4 : Operation 102 [8/8] (14.6ns)   --->   "%gmem_load_1_req = readreq i1 @_ssdm_op_ReadReq.m_axi.i1024P1A, i1024 %gmem_addr, i64 1" [yolo_npu_v2.cpp:56]   --->   Operation 102 'readreq' 'gmem_load_1_req' <Predicate = true> <Delay = 14.6> <CoreInst = "m_axi">   --->   Core 111 'm_axi' <Latency = 6> <II = 1> <Delay = 1.00> <Adapter> <Opcode : 'readrequnaligned' 'writerequnaligned' 'read' 'write' 'readreq' 'writereq' 'writeresp'>

State 5 <SV = 4> <Delay = 0.00>
ST_5 : Operation 103 [7/8] (14.6ns)   --->   "%gmem_load_1_req = readreq i1 @_ssdm_op_ReadReq.m_axi.i1024P1A, i1024 %gmem_addr, i64 1" [yolo_npu_v2.cpp:56]   --->   Operation 103 'readreq' 'gmem_load_1_req' <Predicate = true> <Delay = 14.6> <CoreInst = "m_axi">   --->   Core 111 'm_axi' <Latency = 6> <II = 1> <Delay = 1.00> <Adapter> <Opcode : 'readrequnaligned' 'writerequnaligned' 'read' 'write' 'readreq' 'writereq' 'writeresp'>

State 6 <SV = 5> <Delay = 0.00>
ST_6 : Operation 104 [6/8] (14.6ns)   --->   "%gmem_load_1_req = readreq i1 @_ssdm_op_ReadReq.m_axi.i1024P1A, i1024 %gmem_addr, i64 1" [yolo_npu_v2.cpp:56]   --->   Operation 104 'readreq' 'gmem_load_1_req' <Predicate = true> <Delay = 14.6> <CoreInst = "m_axi">   --->   Core 111 'm_axi' <Latency = 6> <II = 1> <Delay = 1.00> <Adapter> <Opcode : 'readrequnaligned' 'writerequnaligned' 'read' 'write' 'readreq' 'writereq' 'writeresp'>

State 7 <SV = 6> <Delay = 0.00>
ST_7 : Operation 105 [5/8] (14.6ns)   --->   "%gmem_load_1_req = readreq i1 @_ssdm_op_ReadReq.m_axi.i1024P1A, i1024 %gmem_addr, i64 1" [yolo_npu_v2.cpp:56]   --->   Operation 105 'readreq' 'gmem_load_1_req' <Predicate = true> <Delay = 14.6> <CoreInst = "m_axi">   --->   Core 111 'm_axi' <Latency = 6> <II = 1> <Delay = 1.00> <Adapter> <Opcode : 'readrequnaligned' 'writerequnaligned' 'read' 'write' 'readreq' 'writereq' 'writeresp'>

State 8 <SV = 7> <Delay = 0.00>
ST_8 : Operation 106 [4/8] (14.6ns)   --->   "%gmem_load_1_req = readreq i1 @_ssdm_op_ReadReq.m_axi.i1024P1A, i1024 %gmem_addr, i64 1" [yolo_npu_v2.cpp:56]   --->   Operation 106 'readreq' 'gmem_load_1_req' <Predicate = true> <Delay = 14.6> <CoreInst = "m_axi">   --->   Core 111 'm_axi' <Latency = 6> <II = 1> <Delay = 1.00> <Adapter> <Opcode : 'readrequnaligned' 'writerequnaligned' 'read' 'write' 'readreq' 'writereq' 'writeresp'>

State 9 <SV = 8> <Delay = 0.00>
ST_9 : Operation 107 [3/8] (14.6ns)   --->   "%gmem_load_1_req = readreq i1 @_ssdm_op_ReadReq.m_axi.i1024P1A, i1024 %gmem_addr, i64 1" [yolo_npu_v2.cpp:56]   --->   Operation 107 'readreq' 'gmem_load_1_req' <Predicate = true> <Delay = 14.6> <CoreInst = "m_axi">   --->   Core 111 'm_axi' <Latency = 6> <II = 1> <Delay = 1.00> <Adapter> <Opcode : 'readrequnaligned' 'writerequnaligned' 'read' 'write' 'readreq' 'writereq' 'writeresp'>

State 10 <SV = 9> <Delay = 0.00>
ST_10 : Operation 108 [2/8] (14.6ns)   --->   "%gmem_load_1_req = readreq i1 @_ssdm_op_ReadReq.m_axi.i1024P1A, i1024 %gmem_addr, i64 1" [yolo_npu_v2.cpp:56]   --->   Operation 108 'readreq' 'gmem_load_1_req' <Predicate = true> <Delay = 14.6> <CoreInst = "m_axi">   --->   Core 111 'm_axi' <Latency = 6> <II = 1> <Delay = 1.00> <Adapter> <Opcode : 'readrequnaligned' 'writerequnaligned' 'read' 'write' 'readreq' 'writereq' 'writeresp'>

State 11 <SV = 10> <Delay = 14.6>
ST_11 : Operation 109 [1/8] ( I:14.6ns O:14.6ns )   --->   "%gmem_load_1_req = readreq i1 @_ssdm_op_ReadReq.m_axi.i1024P1A, i1024 %gmem_addr, i64 1" [yolo_npu_v2.cpp:56]   --->   Operation 109 'readreq' 'gmem_load_1_req' <Predicate = true> <Delay = 14.6> <CoreInst = "m_axi">   --->   Core 111 'm_axi' <Latency = 6> <II = 1> <Delay = 1.00> <Adapter> <Opcode : 'readrequnaligned' 'writerequnaligned' 'read' 'write' 'readreq' 'writereq' 'writeresp'>

State 12 <SV = 11> <Delay = 14.6>
ST_12 : Operation 110 [1/1] ( I:14.6ns O:14.6ns )   --->   "%gmem_addr_read = read i1024 @_ssdm_op_Read.m_axi.i1024P1A, i1024 %gmem_addr" [yolo_npu_v2.cpp:56]   --->   Operation 110 'read' 'gmem_addr_read' <Predicate = true> <Delay = 14.6> <CoreInst = "m_axi">   --->   Core 111 'm_axi' <Latency = 3> <II = 1> <Delay = 1.00> <Adapter> <Opcode : 'readrequnaligned' 'writerequnaligned' 'read' 'write' 'readreq' 'writereq' 'writeresp'>
ST_12 : Operation 167 [1/1] (0.83ns)   --->   "%ret_ln0 = ret"   --->   Operation 167 'ret' 'ret_ln0' <Predicate = (icmp_ln43)> <Delay = 0.83>

State 13 <SV = 12> <Delay = 5.05>
ST_13 : Operation 111 [1/1] (0.00ns)   --->   "%specloopname_ln0 = specloopname void @_ssdm_op_SpecLoopName, void @VITIS_LOOP_43_3_VITIS_LOOP_45_4_VITIS_LOOP_47_5_str"   --->   Operation 111 'specloopname' 'specloopname_ln0' <Predicate = true> <Delay = 0.00>
ST_13 : Operation 112 [1/1] (0.00ns)   --->   "%speclooptripcount_ln0 = speclooptripcount void @_ssdm_op_SpecLoopTripCount, i64 0, i64 65536, i64 8192"   --->   Operation 112 'speclooptripcount' 'speclooptripcount_ln0' <Predicate = true> <Delay = 0.00>
ST_13 : Operation 113 [1/1] (0.00ns)   --->   "%specpipeline_ln49 = specpipeline void @_ssdm_op_SpecPipeline, i32 1, i32 0, i32 0, i32 0, i32 4294967295, void @empty_10" [yolo_npu_v2.cpp:49]   --->   Operation 113 'specpipeline' 'specpipeline_ln49' <Predicate = true> <Delay = 0.00>
ST_13 : Operation 114 [1/1] (0.00ns)   --->   "%zext_ln56_1 = zext i12 %add_ln56_3" [yolo_npu_v2.cpp:56]   --->   Operation 114 'zext' 'zext_ln56_1' <Predicate = true> <Delay = 0.00>
ST_13 : Operation 115 [1/1] (0.00ns)   --->   "%sp_in_fm_addr = getelementptr i16 %sp_in_fm, i64 0, i64 %zext_ln56_1" [yolo_npu_v2.cpp:56]   --->   Operation 115 'getelementptr' 'sp_in_fm_addr' <Predicate = true> <Delay = 0.00>
ST_13 : Operation 116 [1/1] (0.00ns)   --->   "%sp_in_fm_1_addr = getelementptr i16 %sp_in_fm_1, i64 0, i64 %zext_ln56_1" [yolo_npu_v2.cpp:56]   --->   Operation 116 'getelementptr' 'sp_in_fm_1_addr' <Predicate = true> <Delay = 0.00>
ST_13 : Operation 117 [1/1] (0.00ns)   --->   "%sp_in_fm_2_addr = getelementptr i16 %sp_in_fm_2, i64 0, i64 %zext_ln56_1" [yolo_npu_v2.cpp:56]   --->   Operation 117 'getelementptr' 'sp_in_fm_2_addr' <Predicate = true> <Delay = 0.00>
ST_13 : Operation 118 [1/1] (0.00ns)   --->   "%sp_in_fm_3_addr = getelementptr i16 %sp_in_fm_3, i64 0, i64 %zext_ln56_1" [yolo_npu_v2.cpp:56]   --->   Operation 118 'getelementptr' 'sp_in_fm_3_addr' <Predicate = true> <Delay = 0.00>
ST_13 : Operation 119 [1/1] (0.00ns)   --->   "%sp_in_fm_4_addr = getelementptr i16 %sp_in_fm_4, i64 0, i64 %zext_ln56_1" [yolo_npu_v2.cpp:56]   --->   Operation 119 'getelementptr' 'sp_in_fm_4_addr' <Predicate = true> <Delay = 0.00>
ST_13 : Operation 120 [1/1] (0.00ns)   --->   "%sp_in_fm_5_addr = getelementptr i16 %sp_in_fm_5, i64 0, i64 %zext_ln56_1" [yolo_npu_v2.cpp:56]   --->   Operation 120 'getelementptr' 'sp_in_fm_5_addr' <Predicate = true> <Delay = 0.00>
ST_13 : Operation 121 [1/1] (0.00ns)   --->   "%sp_in_fm_6_addr = getelementptr i16 %sp_in_fm_6, i64 0, i64 %zext_ln56_1" [yolo_npu_v2.cpp:56]   --->   Operation 121 'getelementptr' 'sp_in_fm_6_addr' <Predicate = true> <Delay = 0.00>
ST_13 : Operation 122 [1/1] (0.00ns)   --->   "%sp_in_fm_7_addr = getelementptr i16 %sp_in_fm_7, i64 0, i64 %zext_ln56_1" [yolo_npu_v2.cpp:56]   --->   Operation 122 'getelementptr' 'sp_in_fm_7_addr' <Predicate = true> <Delay = 0.00>
ST_13 : Operation 123 [1/1] (0.00ns)   --->   "%sp_in_fm_8_addr = getelementptr i16 %sp_in_fm_8, i64 0, i64 %zext_ln56_1" [yolo_npu_v2.cpp:56]   --->   Operation 123 'getelementptr' 'sp_in_fm_8_addr' <Predicate = true> <Delay = 0.00>
ST_13 : Operation 124 [1/1] (0.00ns)   --->   "%sp_in_fm_9_addr = getelementptr i16 %sp_in_fm_9, i64 0, i64 %zext_ln56_1" [yolo_npu_v2.cpp:56]   --->   Operation 124 'getelementptr' 'sp_in_fm_9_addr' <Predicate = true> <Delay = 0.00>
ST_13 : Operation 125 [1/1] (0.00ns)   --->   "%sp_in_fm_10_addr = getelementptr i16 %sp_in_fm_10, i64 0, i64 %zext_ln56_1" [yolo_npu_v2.cpp:56]   --->   Operation 125 'getelementptr' 'sp_in_fm_10_addr' <Predicate = true> <Delay = 0.00>
ST_13 : Operation 126 [1/1] (0.00ns)   --->   "%sp_in_fm_11_addr = getelementptr i16 %sp_in_fm_11, i64 0, i64 %zext_ln56_1" [yolo_npu_v2.cpp:56]   --->   Operation 126 'getelementptr' 'sp_in_fm_11_addr' <Predicate = true> <Delay = 0.00>
ST_13 : Operation 127 [1/1] (0.00ns)   --->   "%sp_in_fm_12_addr = getelementptr i16 %sp_in_fm_12, i64 0, i64 %zext_ln56_1" [yolo_npu_v2.cpp:56]   --->   Operation 127 'getelementptr' 'sp_in_fm_12_addr' <Predicate = true> <Delay = 0.00>
ST_13 : Operation 128 [1/1] (0.00ns)   --->   "%sp_in_fm_13_addr = getelementptr i16 %sp_in_fm_13, i64 0, i64 %zext_ln56_1" [yolo_npu_v2.cpp:56]   --->   Operation 128 'getelementptr' 'sp_in_fm_13_addr' <Predicate = true> <Delay = 0.00>
ST_13 : Operation 129 [1/1] (0.00ns)   --->   "%sp_in_fm_14_addr = getelementptr i16 %sp_in_fm_14, i64 0, i64 %zext_ln56_1" [yolo_npu_v2.cpp:56]   --->   Operation 129 'getelementptr' 'sp_in_fm_14_addr' <Predicate = true> <Delay = 0.00>
ST_13 : Operation 130 [1/1] (0.00ns)   --->   "%sp_in_fm_15_addr = getelementptr i16 %sp_in_fm_15, i64 0, i64 %zext_ln56_1" [yolo_npu_v2.cpp:56]   --->   Operation 130 'getelementptr' 'sp_in_fm_15_addr' <Predicate = true> <Delay = 0.00>
ST_13 : Operation 131 [1/1] (0.00ns)   --->   "%shl_ln56_1 = bitconcatenate i10 @_ssdm_op_BitConcatenate.i10.i7.i3, i7 %trunc_ln56_1, i3 0" [yolo_npu_v2.cpp:56]   --->   Operation 131 'bitconcatenate' 'shl_ln56_1' <Predicate = true> <Delay = 0.00>
ST_13 : Operation 132 [1/1] (0.00ns)   --->   "%zext_ln56_2 = zext i10 %shl_ln56_1" [yolo_npu_v2.cpp:56]   --->   Operation 132 'zext' 'zext_ln56_2' <Predicate = true> <Delay = 0.00>
ST_13 : Operation 133 [1/1] (2.79ns)   --->   "%lshr_ln56 = lshr i1024 %gmem_addr_read, i1024 %zext_ln56_2" [yolo_npu_v2.cpp:56]   --->   Operation 133 'lshr' 'lshr_ln56' <Predicate = true> <Delay = 2.79> <CoreInst = "Shifter">   --->   Core 75 'Shifter' <Latency = 0> <II = 1> <Delay = 2.79> <FuncUnit> <Opcode : 'shl' 'lshr' 'ashr'> <InPorts = 2> <OutPorts = 1>
ST_13 : Operation 134 [1/1] (0.00ns)   --->   "%trunc_ln56_3 = trunc i1024 %lshr_ln56" [yolo_npu_v2.cpp:56]   --->   Operation 134 'trunc' 'trunc_ln56_3' <Predicate = true> <Delay = 0.00>
ST_13 : Operation 135 [1/1] ( I:2.26ns O:2.26ns )   --->   "%store_ln56 = store i16 %trunc_ln56_3, i12 %sp_in_fm_14_addr" [yolo_npu_v2.cpp:56]   --->   Operation 135 'store' 'store_ln56' <Predicate = (trunc_ln47 == 14)> <Delay = 2.26> <CoreInst = "RAM">   --->   Core 81 'RAM' <Latency = 1> <II = 1> <Delay = 2.26> <Storage> <Opcode : 'load' 'store'> <Ports = 2> <Width = 16> <Depth = 4096> <RAM>
ST_13 : Operation 136 [1/1] (0.00ns)   --->   "%br_ln56 = br void %arrayidx5023.exit" [yolo_npu_v2.cpp:56]   --->   Operation 136 'br' 'br_ln56' <Predicate = (trunc_ln47 == 14)> <Delay = 0.00>
ST_13 : Operation 137 [1/1] ( I:2.26ns O:2.26ns )   --->   "%store_ln56 = store i16 %trunc_ln56_3, i12 %sp_in_fm_13_addr" [yolo_npu_v2.cpp:56]   --->   Operation 137 'store' 'store_ln56' <Predicate = (trunc_ln47 == 13)> <Delay = 2.26> <CoreInst = "RAM">   --->   Core 81 'RAM' <Latency = 1> <II = 1> <Delay = 2.26> <Storage> <Opcode : 'load' 'store'> <Ports = 2> <Width = 16> <Depth = 4096> <RAM>
ST_13 : Operation 138 [1/1] (0.00ns)   --->   "%br_ln56 = br void %arrayidx5023.exit" [yolo_npu_v2.cpp:56]   --->   Operation 138 'br' 'br_ln56' <Predicate = (trunc_ln47 == 13)> <Delay = 0.00>
ST_13 : Operation 139 [1/1] ( I:2.26ns O:2.26ns )   --->   "%store_ln56 = store i16 %trunc_ln56_3, i12 %sp_in_fm_12_addr" [yolo_npu_v2.cpp:56]   --->   Operation 139 'store' 'store_ln56' <Predicate = (trunc_ln47 == 12)> <Delay = 2.26> <CoreInst = "RAM">   --->   Core 81 'RAM' <Latency = 1> <II = 1> <Delay = 2.26> <Storage> <Opcode : 'load' 'store'> <Ports = 2> <Width = 16> <Depth = 4096> <RAM>
ST_13 : Operation 140 [1/1] (0.00ns)   --->   "%br_ln56 = br void %arrayidx5023.exit" [yolo_npu_v2.cpp:56]   --->   Operation 140 'br' 'br_ln56' <Predicate = (trunc_ln47 == 12)> <Delay = 0.00>
ST_13 : Operation 141 [1/1] ( I:2.26ns O:2.26ns )   --->   "%store_ln56 = store i16 %trunc_ln56_3, i12 %sp_in_fm_11_addr" [yolo_npu_v2.cpp:56]   --->   Operation 141 'store' 'store_ln56' <Predicate = (trunc_ln47 == 11)> <Delay = 2.26> <CoreInst = "RAM">   --->   Core 81 'RAM' <Latency = 1> <II = 1> <Delay = 2.26> <Storage> <Opcode : 'load' 'store'> <Ports = 2> <Width = 16> <Depth = 4096> <RAM>
ST_13 : Operation 142 [1/1] (0.00ns)   --->   "%br_ln56 = br void %arrayidx5023.exit" [yolo_npu_v2.cpp:56]   --->   Operation 142 'br' 'br_ln56' <Predicate = (trunc_ln47 == 11)> <Delay = 0.00>
ST_13 : Operation 143 [1/1] ( I:2.26ns O:2.26ns )   --->   "%store_ln56 = store i16 %trunc_ln56_3, i12 %sp_in_fm_10_addr" [yolo_npu_v2.cpp:56]   --->   Operation 143 'store' 'store_ln56' <Predicate = (trunc_ln47 == 10)> <Delay = 2.26> <CoreInst = "RAM">   --->   Core 81 'RAM' <Latency = 1> <II = 1> <Delay = 2.26> <Storage> <Opcode : 'load' 'store'> <Ports = 2> <Width = 16> <Depth = 4096> <RAM>
ST_13 : Operation 144 [1/1] (0.00ns)   --->   "%br_ln56 = br void %arrayidx5023.exit" [yolo_npu_v2.cpp:56]   --->   Operation 144 'br' 'br_ln56' <Predicate = (trunc_ln47 == 10)> <Delay = 0.00>
ST_13 : Operation 145 [1/1] ( I:2.26ns O:2.26ns )   --->   "%store_ln56 = store i16 %trunc_ln56_3, i12 %sp_in_fm_9_addr" [yolo_npu_v2.cpp:56]   --->   Operation 145 'store' 'store_ln56' <Predicate = (trunc_ln47 == 9)> <Delay = 2.26> <CoreInst = "RAM">   --->   Core 81 'RAM' <Latency = 1> <II = 1> <Delay = 2.26> <Storage> <Opcode : 'load' 'store'> <Ports = 2> <Width = 16> <Depth = 4096> <RAM>
ST_13 : Operation 146 [1/1] (0.00ns)   --->   "%br_ln56 = br void %arrayidx5023.exit" [yolo_npu_v2.cpp:56]   --->   Operation 146 'br' 'br_ln56' <Predicate = (trunc_ln47 == 9)> <Delay = 0.00>
ST_13 : Operation 147 [1/1] ( I:2.26ns O:2.26ns )   --->   "%store_ln56 = store i16 %trunc_ln56_3, i12 %sp_in_fm_8_addr" [yolo_npu_v2.cpp:56]   --->   Operation 147 'store' 'store_ln56' <Predicate = (trunc_ln47 == 8)> <Delay = 2.26> <CoreInst = "RAM">   --->   Core 81 'RAM' <Latency = 1> <II = 1> <Delay = 2.26> <Storage> <Opcode : 'load' 'store'> <Ports = 2> <Width = 16> <Depth = 4096> <RAM>
ST_13 : Operation 148 [1/1] (0.00ns)   --->   "%br_ln56 = br void %arrayidx5023.exit" [yolo_npu_v2.cpp:56]   --->   Operation 148 'br' 'br_ln56' <Predicate = (trunc_ln47 == 8)> <Delay = 0.00>
ST_13 : Operation 149 [1/1] ( I:2.26ns O:2.26ns )   --->   "%store_ln56 = store i16 %trunc_ln56_3, i12 %sp_in_fm_7_addr" [yolo_npu_v2.cpp:56]   --->   Operation 149 'store' 'store_ln56' <Predicate = (trunc_ln47 == 7)> <Delay = 2.26> <CoreInst = "RAM">   --->   Core 81 'RAM' <Latency = 1> <II = 1> <Delay = 2.26> <Storage> <Opcode : 'load' 'store'> <Ports = 2> <Width = 16> <Depth = 4096> <RAM>
ST_13 : Operation 150 [1/1] (0.00ns)   --->   "%br_ln56 = br void %arrayidx5023.exit" [yolo_npu_v2.cpp:56]   --->   Operation 150 'br' 'br_ln56' <Predicate = (trunc_ln47 == 7)> <Delay = 0.00>
ST_13 : Operation 151 [1/1] ( I:2.26ns O:2.26ns )   --->   "%store_ln56 = store i16 %trunc_ln56_3, i12 %sp_in_fm_6_addr" [yolo_npu_v2.cpp:56]   --->   Operation 151 'store' 'store_ln56' <Predicate = (trunc_ln47 == 6)> <Delay = 2.26> <CoreInst = "RAM">   --->   Core 81 'RAM' <Latency = 1> <II = 1> <Delay = 2.26> <Storage> <Opcode : 'load' 'store'> <Ports = 2> <Width = 16> <Depth = 4096> <RAM>
ST_13 : Operation 152 [1/1] (0.00ns)   --->   "%br_ln56 = br void %arrayidx5023.exit" [yolo_npu_v2.cpp:56]   --->   Operation 152 'br' 'br_ln56' <Predicate = (trunc_ln47 == 6)> <Delay = 0.00>
ST_13 : Operation 153 [1/1] ( I:2.26ns O:2.26ns )   --->   "%store_ln56 = store i16 %trunc_ln56_3, i12 %sp_in_fm_5_addr" [yolo_npu_v2.cpp:56]   --->   Operation 153 'store' 'store_ln56' <Predicate = (trunc_ln47 == 5)> <Delay = 2.26> <CoreInst = "RAM">   --->   Core 81 'RAM' <Latency = 1> <II = 1> <Delay = 2.26> <Storage> <Opcode : 'load' 'store'> <Ports = 2> <Width = 16> <Depth = 4096> <RAM>
ST_13 : Operation 154 [1/1] (0.00ns)   --->   "%br_ln56 = br void %arrayidx5023.exit" [yolo_npu_v2.cpp:56]   --->   Operation 154 'br' 'br_ln56' <Predicate = (trunc_ln47 == 5)> <Delay = 0.00>
ST_13 : Operation 155 [1/1] ( I:2.26ns O:2.26ns )   --->   "%store_ln56 = store i16 %trunc_ln56_3, i12 %sp_in_fm_4_addr" [yolo_npu_v2.cpp:56]   --->   Operation 155 'store' 'store_ln56' <Predicate = (trunc_ln47 == 4)> <Delay = 2.26> <CoreInst = "RAM">   --->   Core 81 'RAM' <Latency = 1> <II = 1> <Delay = 2.26> <Storage> <Opcode : 'load' 'store'> <Ports = 2> <Width = 16> <Depth = 4096> <RAM>
ST_13 : Operation 156 [1/1] (0.00ns)   --->   "%br_ln56 = br void %arrayidx5023.exit" [yolo_npu_v2.cpp:56]   --->   Operation 156 'br' 'br_ln56' <Predicate = (trunc_ln47 == 4)> <Delay = 0.00>
ST_13 : Operation 157 [1/1] ( I:2.26ns O:2.26ns )   --->   "%store_ln56 = store i16 %trunc_ln56_3, i12 %sp_in_fm_3_addr" [yolo_npu_v2.cpp:56]   --->   Operation 157 'store' 'store_ln56' <Predicate = (trunc_ln47 == 3)> <Delay = 2.26> <CoreInst = "RAM">   --->   Core 81 'RAM' <Latency = 1> <II = 1> <Delay = 2.26> <Storage> <Opcode : 'load' 'store'> <Ports = 2> <Width = 16> <Depth = 4096> <RAM>
ST_13 : Operation 158 [1/1] (0.00ns)   --->   "%br_ln56 = br void %arrayidx5023.exit" [yolo_npu_v2.cpp:56]   --->   Operation 158 'br' 'br_ln56' <Predicate = (trunc_ln47 == 3)> <Delay = 0.00>
ST_13 : Operation 159 [1/1] ( I:2.26ns O:2.26ns )   --->   "%store_ln56 = store i16 %trunc_ln56_3, i12 %sp_in_fm_2_addr" [yolo_npu_v2.cpp:56]   --->   Operation 159 'store' 'store_ln56' <Predicate = (trunc_ln47 == 2)> <Delay = 2.26> <CoreInst = "RAM">   --->   Core 81 'RAM' <Latency = 1> <II = 1> <Delay = 2.26> <Storage> <Opcode : 'load' 'store'> <Ports = 2> <Width = 16> <Depth = 4096> <RAM>
ST_13 : Operation 160 [1/1] (0.00ns)   --->   "%br_ln56 = br void %arrayidx5023.exit" [yolo_npu_v2.cpp:56]   --->   Operation 160 'br' 'br_ln56' <Predicate = (trunc_ln47 == 2)> <Delay = 0.00>
ST_13 : Operation 161 [1/1] ( I:2.26ns O:2.26ns )   --->   "%store_ln56 = store i16 %trunc_ln56_3, i12 %sp_in_fm_1_addr" [yolo_npu_v2.cpp:56]   --->   Operation 161 'store' 'store_ln56' <Predicate = (trunc_ln47 == 1)> <Delay = 2.26> <CoreInst = "RAM">   --->   Core 81 'RAM' <Latency = 1> <II = 1> <Delay = 2.26> <Storage> <Opcode : 'load' 'store'> <Ports = 2> <Width = 16> <Depth = 4096> <RAM>
ST_13 : Operation 162 [1/1] (0.00ns)   --->   "%br_ln56 = br void %arrayidx5023.exit" [yolo_npu_v2.cpp:56]   --->   Operation 162 'br' 'br_ln56' <Predicate = (trunc_ln47 == 1)> <Delay = 0.00>
ST_13 : Operation 163 [1/1] ( I:2.26ns O:2.26ns )   --->   "%store_ln56 = store i16 %trunc_ln56_3, i12 %sp_in_fm_addr" [yolo_npu_v2.cpp:56]   --->   Operation 163 'store' 'store_ln56' <Predicate = (trunc_ln47 == 0)> <Delay = 2.26> <CoreInst = "RAM">   --->   Core 81 'RAM' <Latency = 1> <II = 1> <Delay = 2.26> <Storage> <Opcode : 'load' 'store'> <Ports = 2> <Width = 16> <Depth = 4096> <RAM>
ST_13 : Operation 164 [1/1] (0.00ns)   --->   "%br_ln56 = br void %arrayidx5023.exit" [yolo_npu_v2.cpp:56]   --->   Operation 164 'br' 'br_ln56' <Predicate = (trunc_ln47 == 0)> <Delay = 0.00>
ST_13 : Operation 165 [1/1] ( I:2.26ns O:2.26ns )   --->   "%store_ln56 = store i16 %trunc_ln56_3, i12 %sp_in_fm_15_addr" [yolo_npu_v2.cpp:56]   --->   Operation 165 'store' 'store_ln56' <Predicate = (trunc_ln47 == 15)> <Delay = 2.26> <CoreInst = "RAM">   --->   Core 81 'RAM' <Latency = 1> <II = 1> <Delay = 2.26> <Storage> <Opcode : 'load' 'store'> <Ports = 2> <Width = 16> <Depth = 4096> <RAM>
ST_13 : Operation 166 [1/1] (0.00ns)   --->   "%br_ln56 = br void %arrayidx5023.exit" [yolo_npu_v2.cpp:56]   --->   Operation 166 'br' 'br_ln56' <Predicate = (trunc_ln47 == 15)> <Delay = 0.00>


============================================================
+ Verbose Summary: Timing violations
============================================================
Target clock period: 20.000ns, clock uncertainty: 5.400ns.

 <State 1>: 1.514ns
The critical path consists of the following:
	wire read operation ('cmd_apply_upsample_read') on port 'cmd_apply_upsample' [42]  (0.000 ns)
	'icmp' operation 1 bit ('icmp_ln50', yolo_npu_v2.cpp:50) [46]  (1.514 ns)

 <State 2>: 9.758ns
The critical path consists of the following:
	'load' operation 64 bit ('indvar_flatten_load', yolo_npu_v2.cpp:45) on local variable 'indvar_flatten' [55]  (0.000 ns)
	'icmp' operation 1 bit ('icmp_ln45', yolo_npu_v2.cpp:45) [69]  (1.726 ns)
	'select' operation 31 bit ('select_ln43_3', yolo_npu_v2.cpp:43) [73]  (0.514 ns)
	'select' operation 31 bit ('read_r', yolo_npu_v2.cpp:50) [81]  (0.514 ns)
	'mul' operation 32 bit ('mul_ln55', yolo_npu_v2.cpp:55) [83]  (5.490 ns)
	'add' operation 32 bit ('add_ln55', yolo_npu_v2.cpp:55) [91]  (1.514 ns)

 <State 3>: 11.201ns
The critical path consists of the following:
	'mul' operation 32 bit ('mul_ln55_1', yolo_npu_v2.cpp:55) [92]  (5.490 ns)
	'add' operation 32 bit ('add_ln55_1', yolo_npu_v2.cpp:55) [93]  (1.514 ns)
	'add' operation 33 bit ('add_ln47', yolo_npu_v2.cpp:47) [95]  (1.514 ns)
	'add' operation 64 bit ('add_ln56', yolo_npu_v2.cpp:56) [122]  (2.683 ns)

 <State 4>: 14.600ns
The critical path consists of the following:
	'getelementptr' operation 1024 bit ('gmem_addr', yolo_npu_v2.cpp:56) [125]  (0.000 ns)
	bus request operation ('gmem_load_1_req', yolo_npu_v2.cpp:56) on port 'gmem' (yolo_npu_v2.cpp:56) [126]  (0.000 ns)
	blocking operation 14.6 ns on control path)

 <State 5>: 0.000ns
The critical path consists of the following:

 <State 6>: 0.000ns
The critical path consists of the following:

 <State 7>: 0.000ns
The critical path consists of the following:

 <State 8>: 0.000ns
The critical path consists of the following:

 <State 9>: 0.000ns
The critical path consists of the following:

 <State 10>: 0.000ns
The critical path consists of the following:

 <State 11>: 14.600ns
The critical path consists of the following:
	bus request operation ('gmem_load_1_req', yolo_npu_v2.cpp:56) on port 'gmem' (yolo_npu_v2.cpp:56) [126]  (14.600 ns)

 <State 12>: 14.600ns
The critical path consists of the following:
	bus read operation ('gmem_addr_read', yolo_npu_v2.cpp:56) on port 'gmem' (yolo_npu_v2.cpp:56) [127]  (14.600 ns)

 <State 13>: 5.056ns
The critical path consists of the following:
	'lshr' operation 1024 bit ('lshr_ln56', yolo_npu_v2.cpp:56) [131]  (2.790 ns)
	'store' operation ('store_ln56', yolo_npu_v2.cpp:56) of variable 'trunc_ln56_3', yolo_npu_v2.cpp:56 16 bit on array 'sp_in_fm_14' [135]  (2.266 ns)


============================================================
+ Verbose Summary: Binding
============================================================
N/A
* FSMD analyzer results:
  - Output states:
 - Input state : 
  - Chain level:
	State 1
	State 2
	State 3
	State 4
	State 5
	State 6
	State 7
	State 8
	State 9
	State 10
	State 11
	State 12
	State 13


============================================================
+ Verbose Summary: Datapath Resource usage 
============================================================
N/A
