

================================================================
== Vitis HLS Report for 'yolo_npu_v2_core_Pipeline_VITIS_LOOP_58_5_VITIS_LOOP_60_6_VITIS_LOOP_62_7'
================================================================
* Date:           Fri Jun 19 21:54:15 2026

* Version:        2025.2 (Build 6295257 on Nov 14 2025)
* Project:        yolo_npu
* Solution:       hls (Vivado IP Flow Target)
* Product family: kintex7
* Target device:  xc7k325t-ffg900-2


================================================================
== Performance Estimates
================================================================
+ Timing: 
    * Summary: 
    +--------+----------+----------+------------+
    |  Clock |  Target  | Estimated| Uncertainty|
    +--------+----------+----------+------------+
    |ap_clk  |  20.00 ns|  6.968 ns|     5.40 ns|
    +--------+----------+----------+------------+

+ Latency: 
    * Summary: 
    +---------+---------+-----------+----------+-----+-----+-------------------+
    |  Latency (cycles) |  Latency (absolute)  |  Interval |      Pipeline     |
    |   min   |   max   |    min    |    max   | min | max |        Type       |
    +---------+---------+-----------+----------+-----+-----+-------------------+
    |        2|    65538|  40.000 ns|  1.311 ms|    0|    0|  loop pipeline stp|
    +---------+---------+-----------+----------+-----+-----+-------------------+

    + Detail: 
        * Instance: 
        N/A

        * Loop: 
        +---------------------------------------------------+---------+---------+----------+-----------+-----------+-----------+----------+
        |                                                   |  Latency (cycles) | Iteration|  Initiation Interval  |    Trip   |          |
        |                     Loop Name                     |   min   |   max   |  Latency |  achieved |   target  |   Count   | Pipelined|
        +---------------------------------------------------+---------+---------+----------+-----------+-----------+-----------+----------+
        |- VITIS_LOOP_58_5_VITIS_LOOP_60_6_VITIS_LOOP_62_7  |        0|    65536|         2|          1|          1|  0 ~ 65536|       yes|
        +---------------------------------------------------+---------+---------+----------+-----------+-----------+-----------+----------+

============================================================
+ Verbose Summary: Synthesis Manager
============================================================
InlineROM: 1
ExposeGlobal: 0
============================================================
+ Verbose Summary: CDFG Model
============================================================
IsTopModel: 0
ResetActiveHigh: 1
IsCombinational: 0
IsDatapathOnly: 0
HasWiredReturn: 1
HasMFsm: 2
HasVarLatency: 1
IsPipeline: 0
IsRtlPipelined: 0
IsInstanceOverlapped: 0
IsDontTouch: 0
HasImplIP: 0
IsGatedGlobalClock: 0

+ Individual pipeline summary: 
  * Pipeline-0: initiation interval (II) = 1, depth = 3


============================================================
+ Verbose Summary: Schedule
============================================================
* Number of FSM states : 3
* Pipeline : 1
  Pipeline-0 : II = 1, D = 3, States = { 1 2 3 }
* Dataflow Pipeline: 0

* FSM state transitions: 
1 --> 2 
2 --> 3 
3 --> 

* FSM state operations: 

State 1 <SV = 0> <Delay = 0.83>
ST_1 : Operation 5 [1/1] (0.00ns)   --->   "%oc = alloca i32 1" [yolo_npu_v2.cpp:62]   --->   Operation 5 'alloca' 'oc' <Predicate = true> <Delay = 0.00>
ST_1 : Operation 6 [1/1] (0.00ns)   --->   "%c = alloca i32 1" [yolo_npu_v2.cpp:60]   --->   Operation 6 'alloca' 'c' <Predicate = true> <Delay = 0.00>
ST_1 : Operation 7 [1/1] (0.00ns)   --->   "%indvar_flatten37 = alloca i32 1"   --->   Operation 7 'alloca' 'indvar_flatten37' <Predicate = true> <Delay = 0.00>
ST_1 : Operation 8 [1/1] (0.00ns)   --->   "%r = alloca i32 1" [yolo_npu_v2.cpp:58]   --->   Operation 8 'alloca' 'r' <Predicate = true> <Delay = 0.00>
ST_1 : Operation 9 [1/1] (0.00ns)   --->   "%indvar_flatten61 = alloca i32 1"   --->   Operation 9 'alloca' 'indvar_flatten61' <Predicate = true> <Delay = 0.00>
ST_1 : Operation 10 [1/1] (0.00ns)   --->   "%tmp = read i1 @_ssdm_op_Read.ap_auto.i1, i1 %empty"   --->   Operation 10 'read' 'tmp' <Predicate = true> <Delay = 0.00>
ST_1 : Operation 11 [1/1] (0.00ns)   --->   "%mul_ln36_read = read i62 @_ssdm_op_Read.ap_auto.i62, i62 %mul_ln36"   --->   Operation 11 'read' 'mul_ln36_read' <Predicate = true> <Delay = 0.00>
ST_1 : Operation 12 [1/1] (0.00ns)   --->   "%mul_ln36_1_read = read i93 @_ssdm_op_Read.ap_auto.i93, i93 %mul_ln36_1"   --->   Operation 12 'read' 'mul_ln36_1_read' <Predicate = true> <Delay = 0.00>
ST_1 : Operation 13 [1/1] (0.00ns)   --->   "%cmd_out_channels_read = read i32 @_ssdm_op_Read.ap_auto.i32, i32 %cmd_out_channels"   --->   Operation 13 'read' 'cmd_out_channels_read' <Predicate = true> <Delay = 0.00>
ST_1 : Operation 14 [1/1] (0.00ns)   --->   "%mul_ln36_cast = zext i62 %mul_ln36_read"   --->   Operation 14 'zext' 'mul_ln36_cast' <Predicate = true> <Delay = 0.00>
ST_1 : Operation 15 [1/1] (0.83ns)   --->   "%store_ln0 = store i93 0, i93 %indvar_flatten61"   --->   Operation 15 'store' 'store_ln0' <Predicate = true> <Delay = 0.83>
ST_1 : Operation 16 [1/1] (0.83ns)   --->   "%store_ln58 = store i31 0, i31 %r" [yolo_npu_v2.cpp:58]   --->   Operation 16 'store' 'store_ln58' <Predicate = true> <Delay = 0.83>
ST_1 : Operation 17 [1/1] (0.83ns)   --->   "%store_ln0 = store i64 0, i64 %indvar_flatten37"   --->   Operation 17 'store' 'store_ln0' <Predicate = true> <Delay = 0.83>
ST_1 : Operation 18 [1/1] (0.83ns)   --->   "%store_ln60 = store i31 0, i31 %c" [yolo_npu_v2.cpp:60]   --->   Operation 18 'store' 'store_ln60' <Predicate = true> <Delay = 0.83>
ST_1 : Operation 19 [1/1] (0.83ns)   --->   "%store_ln62 = store i31 0, i31 %oc" [yolo_npu_v2.cpp:62]   --->   Operation 19 'store' 'store_ln62' <Predicate = true> <Delay = 0.83>
ST_1 : Operation 20 [1/1] (0.00ns)   --->   "%br_ln0 = br void %for.body81"   --->   Operation 20 'br' 'br_ln0' <Predicate = true> <Delay = 0.00>

State 2 <SV = 1> <Delay = 6.96>
ST_2 : Operation 21 [1/1] (0.00ns)   --->   "%oc_1 = load i31 %oc" [yolo_npu_v2.cpp:62]   --->   Operation 21 'load' 'oc_1' <Predicate = true> <Delay = 0.00>
ST_2 : Operation 22 [1/1] (0.00ns)   --->   "%indvar_flatten37_load = load i64 %indvar_flatten37" [yolo_npu_v2.cpp:60]   --->   Operation 22 'load' 'indvar_flatten37_load' <Predicate = true> <Delay = 0.00>
ST_2 : Operation 23 [1/1] (0.00ns)   --->   "%indvar_flatten61_load = load i93 %indvar_flatten61" [yolo_npu_v2.cpp:58]   --->   Operation 23 'load' 'indvar_flatten61_load' <Predicate = true> <Delay = 0.00>
ST_2 : Operation 24 [1/1] (0.00ns)   --->   "%zext_ln62 = zext i31 %oc_1" [yolo_npu_v2.cpp:62]   --->   Operation 24 'zext' 'zext_ln62' <Predicate = true> <Delay = 0.00>
ST_2 : Operation 25 [1/1] (1.51ns)   --->   "%icmp_ln62 = icmp_slt  i32 %zext_ln62, i32 %cmd_out_channels_read" [yolo_npu_v2.cpp:62]   --->   Operation 25 'icmp' 'icmp_ln62' <Predicate = true> <Delay = 1.51> <CoreInst = "Cmp">   --->   Core 9 'Cmp' <Latency = 0> <II = 1> <Delay = 1.51> <FuncUnit> <Opcode : 'seteq' 'setne' 'setle' 'setge' 'setlt' 'setgt'> <InPorts = 2> <OutPorts = 1>
ST_2 : Operation 26 [1/1] (2.11ns)   --->   "%icmp_ln58 = icmp_eq  i93 %indvar_flatten61_load, i93 %mul_ln36_1_read" [yolo_npu_v2.cpp:58]   --->   Operation 26 'icmp' 'icmp_ln58' <Predicate = true> <Delay = 2.11> <CoreInst = "Cmp">   --->   Core 9 'Cmp' <Latency = 0> <II = 1> <Delay = 2.11> <FuncUnit> <Opcode : 'seteq' 'setne' 'setle' 'setge' 'setlt' 'setgt'> <InPorts = 2> <OutPorts = 1>
ST_2 : Operation 27 [1/1] (2.11ns)   --->   "%add_ln58_1 = add i93 %indvar_flatten61_load, i93 1" [yolo_npu_v2.cpp:58]   --->   Operation 27 'add' 'add_ln58_1' <Predicate = true> <Delay = 2.11> <CoreInst = "Adder">   --->   Core 1 'Adder' <Latency = 0> <II = 1> <Delay = 2.11> <FuncUnit> <Opcode : 'add' 'sub'> <InPorts = 2> <OutPorts = 1>
ST_2 : Operation 28 [1/1] (0.00ns)   --->   "%br_ln58 = br i1 %icmp_ln58, void %for.inc100, void %VITIS_LOOP_73_8.exitStub" [yolo_npu_v2.cpp:58]   --->   Operation 28 'br' 'br_ln58' <Predicate = true> <Delay = 0.00>
ST_2 : Operation 29 [1/1] (0.00ns)   --->   "%c_load = load i31 %c" [yolo_npu_v2.cpp:58]   --->   Operation 29 'load' 'c_load' <Predicate = (!icmp_ln58)> <Delay = 0.00>
ST_2 : Operation 30 [1/1] (0.00ns)   --->   "%r_load = load i31 %r" [yolo_npu_v2.cpp:58]   --->   Operation 30 'load' 'r_load' <Predicate = (!icmp_ln58)> <Delay = 0.00>
ST_2 : Operation 31 [1/1] (1.50ns)   --->   "%add_ln58 = add i31 %r_load, i31 1" [yolo_npu_v2.cpp:58]   --->   Operation 31 'add' 'add_ln58' <Predicate = (!icmp_ln58)> <Delay = 1.50> <CoreInst = "Adder">   --->   Core 1 'Adder' <Latency = 0> <II = 1> <Delay = 1.50> <FuncUnit> <Opcode : 'add' 'sub'> <InPorts = 2> <OutPorts = 1>
ST_2 : Operation 32 [1/1] (1.72ns)   --->   "%icmp_ln60 = icmp_eq  i64 %indvar_flatten37_load, i64 %mul_ln36_cast" [yolo_npu_v2.cpp:60]   --->   Operation 32 'icmp' 'icmp_ln60' <Predicate = (!icmp_ln58)> <Delay = 1.72> <CoreInst = "Cmp">   --->   Core 9 'Cmp' <Latency = 0> <II = 1> <Delay = 1.72> <FuncUnit> <Opcode : 'seteq' 'setne' 'setle' 'setge' 'setlt' 'setgt'> <InPorts = 2> <OutPorts = 1>
ST_2 : Operation 33 [1/1] (0.51ns)   --->   "%select_ln58 = select i1 %icmp_ln60, i31 0, i31 %c_load" [yolo_npu_v2.cpp:58]   --->   Operation 33 'select' 'select_ln58' <Predicate = (!icmp_ln58)> <Delay = 0.51> <CoreInst = "Sel">   --->   Core 73 'Sel' <Latency = 0> <II = 1> <Delay = 0.51> <FuncUnit> <Opcode : 'select'> <InPorts = 3> <OutPorts = 1>
ST_2 : Operation 34 [1/1] (0.00ns) (grouped into LUT with out node select_ln60)   --->   "%select_ln58_1 = select i1 %icmp_ln60, i31 0, i31 %oc_1" [yolo_npu_v2.cpp:58]   --->   Operation 34 'select' 'select_ln58_1' <Predicate = (!icmp_ln58)> <Delay = 0.00> <CoreInst = "Sel">   --->   Core 73 'Sel' <Latency = 0> <II = 1> <Delay = 0.51> <FuncUnit> <Opcode : 'select'> <InPorts = 3> <OutPorts = 1>
ST_2 : Operation 35 [1/1] (1.51ns)   --->   "%icmp_ln62_1 = icmp_sgt  i32 %cmd_out_channels_read, i32 0" [yolo_npu_v2.cpp:62]   --->   Operation 35 'icmp' 'icmp_ln62_1' <Predicate = (!icmp_ln58)> <Delay = 1.51> <CoreInst = "Cmp">   --->   Core 9 'Cmp' <Latency = 0> <II = 1> <Delay = 1.51> <FuncUnit> <Opcode : 'seteq' 'setne' 'setle' 'setge' 'setlt' 'setgt'> <InPorts = 2> <OutPorts = 1>
ST_2 : Operation 36 [1/1] (0.48ns)   --->   "%select_ln58_2 = select i1 %icmp_ln60, i1 %icmp_ln62_1, i1 %icmp_ln62" [yolo_npu_v2.cpp:58]   --->   Operation 36 'select' 'select_ln58_2' <Predicate = (!icmp_ln58)> <Delay = 0.48> <CoreInst = "Sel">   --->   Core 73 'Sel' <Latency = 0> <II = 1> <Delay = 0.48> <FuncUnit> <Opcode : 'select'> <InPorts = 3> <OutPorts = 1>
ST_2 : Operation 37 [1/1] (0.51ns)   --->   "%select_ln58_3 = select i1 %icmp_ln60, i31 %add_ln58, i31 %r_load" [yolo_npu_v2.cpp:58]   --->   Operation 37 'select' 'select_ln58_3' <Predicate = (!icmp_ln58)> <Delay = 0.51> <CoreInst = "Sel">   --->   Core 73 'Sel' <Latency = 0> <II = 1> <Delay = 0.51> <FuncUnit> <Opcode : 'select'> <InPorts = 3> <OutPorts = 1>
ST_2 : Operation 38 [1/1] (0.00ns)   --->   "%trunc_ln60 = trunc i31 %select_ln58_3" [yolo_npu_v2.cpp:60]   --->   Operation 38 'trunc' 'trunc_ln60' <Predicate = (!icmp_ln58)> <Delay = 0.00>
ST_2 : Operation 39 [1/1] (1.50ns)   --->   "%add_ln60 = add i31 %select_ln58, i31 1" [yolo_npu_v2.cpp:60]   --->   Operation 39 'add' 'add_ln60' <Predicate = (!icmp_ln58)> <Delay = 1.50> <CoreInst = "Adder">   --->   Core 1 'Adder' <Latency = 0> <II = 1> <Delay = 1.50> <FuncUnit> <Opcode : 'add' 'sub'> <InPorts = 2> <OutPorts = 1>
ST_2 : Operation 40 [1/1] (0.51ns) (out node of the LUT)   --->   "%select_ln60 = select i1 %select_ln58_2, i31 %select_ln58_1, i31 0" [yolo_npu_v2.cpp:60]   --->   Operation 40 'select' 'select_ln60' <Predicate = (!icmp_ln58)> <Delay = 0.51> <CoreInst = "Sel">   --->   Core 73 'Sel' <Latency = 0> <II = 1> <Delay = 0.51> <FuncUnit> <Opcode : 'select'> <InPorts = 3> <OutPorts = 1>
ST_2 : Operation 41 [1/1] (0.51ns)   --->   "%select_ln60_1 = select i1 %select_ln58_2, i31 %select_ln58, i31 %add_ln60" [yolo_npu_v2.cpp:60]   --->   Operation 41 'select' 'select_ln60_1' <Predicate = (!icmp_ln58)> <Delay = 0.51> <CoreInst = "Sel">   --->   Core 73 'Sel' <Latency = 0> <II = 1> <Delay = 0.51> <FuncUnit> <Opcode : 'select'> <InPorts = 3> <OutPorts = 1>
ST_2 : Operation 42 [1/1] (0.00ns)   --->   "%tmp_9 = bitconcatenate i8 @_ssdm_op_BitConcatenate.i8.i4.i4, i4 %trunc_ln60, i4 0" [yolo_npu_v2.cpp:65]   --->   Operation 42 'bitconcatenate' 'tmp_9' <Predicate = (!icmp_ln58)> <Delay = 0.00>
ST_2 : Operation 43 [1/1] (0.00ns)   --->   "%trunc_ln65 = trunc i31 %select_ln60_1" [yolo_npu_v2.cpp:65]   --->   Operation 43 'trunc' 'trunc_ln65' <Predicate = (!icmp_ln58)> <Delay = 0.00>
ST_2 : Operation 44 [1/1] (1.35ns)   --->   "%add_ln65 = add i8 %tmp_9, i8 %trunc_ln65" [yolo_npu_v2.cpp:65]   --->   Operation 44 'add' 'add_ln65' <Predicate = (!icmp_ln58)> <Delay = 1.35> <CoreInst = "Adder">   --->   Core 1 'Adder' <Latency = 0> <II = 1> <Delay = 1.35> <FuncUnit> <Opcode : 'add' 'sub'> <InPorts = 2> <OutPorts = 1>
ST_2 : Operation 45 [1/1] (0.00ns)   --->   "%tmp_2 = bitconcatenate i11 @_ssdm_op_BitConcatenate.i11.i8.i3, i8 %add_ln65, i3 0" [yolo_npu_v2.cpp:65]   --->   Operation 45 'bitconcatenate' 'tmp_2' <Predicate = (!icmp_ln58)> <Delay = 0.00>
ST_2 : Operation 46 [1/1] (0.00ns)   --->   "%trunc_ln62 = trunc i31 %select_ln60" [yolo_npu_v2.cpp:62]   --->   Operation 46 'trunc' 'trunc_ln62' <Predicate = (!icmp_ln58)> <Delay = 0.00>
ST_2 : Operation 47 [1/1] (0.00ns)   --->   "%lshr_ln4 = partselect i11 @_ssdm_op_PartSelect.i11.i31.i32.i32, i31 %select_ln60, i32 5, i32 15" [yolo_npu_v2.cpp:62]   --->   Operation 47 'partselect' 'lshr_ln4' <Predicate = (!icmp_ln58)> <Delay = 0.00>
ST_2 : Operation 48 [1/1] (0.00ns)   --->   "%zext_ln62_1 = zext i11 %lshr_ln4" [yolo_npu_v2.cpp:62]   --->   Operation 48 'zext' 'zext_ln62_1' <Predicate = (!icmp_ln58 & !tmp)> <Delay = 0.00>
ST_2 : Operation 49 [1/1] (1.35ns)   --->   "%add_ln65_1 = add i11 %tmp_2, i11 %lshr_ln4" [yolo_npu_v2.cpp:65]   --->   Operation 49 'add' 'add_ln65_1' <Predicate = (!icmp_ln58)> <Delay = 1.35> <CoreInst = "Adder">   --->   Core 1 'Adder' <Latency = 0> <II = 1> <Delay = 1.35> <FuncUnit> <Opcode : 'add' 'sub'> <InPorts = 2> <OutPorts = 1>
ST_2 : Operation 50 [1/1] (0.00ns)   --->   "%sp_bias_addr = getelementptr i16 %sp_bias, i64 0, i64 %zext_ln62_1" [yolo_npu_v2.cpp:65]   --->   Operation 50 'getelementptr' 'sp_bias_addr' <Predicate = (!icmp_ln58 & !tmp)> <Delay = 0.00>
ST_2 : Operation 51 [1/1] (0.00ns)   --->   "%sp_bias_1_addr = getelementptr i16 %sp_bias_1, i64 0, i64 %zext_ln62_1" [yolo_npu_v2.cpp:65]   --->   Operation 51 'getelementptr' 'sp_bias_1_addr' <Predicate = (!icmp_ln58 & !tmp)> <Delay = 0.00>
ST_2 : Operation 52 [1/1] (0.00ns)   --->   "%sp_bias_2_addr = getelementptr i16 %sp_bias_2, i64 0, i64 %zext_ln62_1" [yolo_npu_v2.cpp:65]   --->   Operation 52 'getelementptr' 'sp_bias_2_addr' <Predicate = (!icmp_ln58 & !tmp)> <Delay = 0.00>
ST_2 : Operation 53 [1/1] (0.00ns)   --->   "%sp_bias_3_addr = getelementptr i16 %sp_bias_3, i64 0, i64 %zext_ln62_1" [yolo_npu_v2.cpp:65]   --->   Operation 53 'getelementptr' 'sp_bias_3_addr' <Predicate = (!icmp_ln58 & !tmp)> <Delay = 0.00>
ST_2 : Operation 54 [1/1] (0.00ns)   --->   "%sp_bias_4_addr = getelementptr i16 %sp_bias_4, i64 0, i64 %zext_ln62_1" [yolo_npu_v2.cpp:65]   --->   Operation 54 'getelementptr' 'sp_bias_4_addr' <Predicate = (!icmp_ln58 & !tmp)> <Delay = 0.00>
ST_2 : Operation 55 [1/1] (0.00ns)   --->   "%sp_bias_5_addr = getelementptr i16 %sp_bias_5, i64 0, i64 %zext_ln62_1" [yolo_npu_v2.cpp:65]   --->   Operation 55 'getelementptr' 'sp_bias_5_addr' <Predicate = (!icmp_ln58 & !tmp)> <Delay = 0.00>
ST_2 : Operation 56 [1/1] (0.00ns)   --->   "%sp_bias_6_addr = getelementptr i16 %sp_bias_6, i64 0, i64 %zext_ln62_1" [yolo_npu_v2.cpp:65]   --->   Operation 56 'getelementptr' 'sp_bias_6_addr' <Predicate = (!icmp_ln58 & !tmp)> <Delay = 0.00>
ST_2 : Operation 57 [1/1] (0.00ns)   --->   "%sp_bias_7_addr = getelementptr i16 %sp_bias_7, i64 0, i64 %zext_ln62_1" [yolo_npu_v2.cpp:65]   --->   Operation 57 'getelementptr' 'sp_bias_7_addr' <Predicate = (!icmp_ln58 & !tmp)> <Delay = 0.00>
ST_2 : Operation 58 [1/1] (0.00ns)   --->   "%sp_bias_8_addr = getelementptr i16 %sp_bias_8, i64 0, i64 %zext_ln62_1" [yolo_npu_v2.cpp:65]   --->   Operation 58 'getelementptr' 'sp_bias_8_addr' <Predicate = (!icmp_ln58 & !tmp)> <Delay = 0.00>
ST_2 : Operation 59 [1/1] (0.00ns)   --->   "%sp_bias_9_addr = getelementptr i16 %sp_bias_9, i64 0, i64 %zext_ln62_1" [yolo_npu_v2.cpp:65]   --->   Operation 59 'getelementptr' 'sp_bias_9_addr' <Predicate = (!icmp_ln58 & !tmp)> <Delay = 0.00>
ST_2 : Operation 60 [1/1] (0.00ns)   --->   "%sp_bias_10_addr = getelementptr i16 %sp_bias_10, i64 0, i64 %zext_ln62_1" [yolo_npu_v2.cpp:65]   --->   Operation 60 'getelementptr' 'sp_bias_10_addr' <Predicate = (!icmp_ln58 & !tmp)> <Delay = 0.00>
ST_2 : Operation 61 [1/1] (0.00ns)   --->   "%sp_bias_11_addr = getelementptr i16 %sp_bias_11, i64 0, i64 %zext_ln62_1" [yolo_npu_v2.cpp:65]   --->   Operation 61 'getelementptr' 'sp_bias_11_addr' <Predicate = (!icmp_ln58 & !tmp)> <Delay = 0.00>
ST_2 : Operation 62 [1/1] (0.00ns)   --->   "%sp_bias_12_addr = getelementptr i16 %sp_bias_12, i64 0, i64 %zext_ln62_1" [yolo_npu_v2.cpp:65]   --->   Operation 62 'getelementptr' 'sp_bias_12_addr' <Predicate = (!icmp_ln58 & !tmp)> <Delay = 0.00>
ST_2 : Operation 63 [1/1] (0.00ns)   --->   "%sp_bias_13_addr = getelementptr i16 %sp_bias_13, i64 0, i64 %zext_ln62_1" [yolo_npu_v2.cpp:65]   --->   Operation 63 'getelementptr' 'sp_bias_13_addr' <Predicate = (!icmp_ln58 & !tmp)> <Delay = 0.00>
ST_2 : Operation 64 [1/1] (0.00ns)   --->   "%sp_bias_14_addr = getelementptr i16 %sp_bias_14, i64 0, i64 %zext_ln62_1" [yolo_npu_v2.cpp:65]   --->   Operation 64 'getelementptr' 'sp_bias_14_addr' <Predicate = (!icmp_ln58 & !tmp)> <Delay = 0.00>
ST_2 : Operation 65 [1/1] (0.00ns)   --->   "%sp_bias_15_addr = getelementptr i16 %sp_bias_15, i64 0, i64 %zext_ln62_1" [yolo_npu_v2.cpp:65]   --->   Operation 65 'getelementptr' 'sp_bias_15_addr' <Predicate = (!icmp_ln58 & !tmp)> <Delay = 0.00>
ST_2 : Operation 66 [1/1] (0.00ns)   --->   "%sp_bias_16_addr = getelementptr i16 %sp_bias_16, i64 0, i64 %zext_ln62_1" [yolo_npu_v2.cpp:65]   --->   Operation 66 'getelementptr' 'sp_bias_16_addr' <Predicate = (!icmp_ln58 & !tmp)> <Delay = 0.00>
ST_2 : Operation 67 [1/1] (0.00ns)   --->   "%sp_bias_17_addr = getelementptr i16 %sp_bias_17, i64 0, i64 %zext_ln62_1" [yolo_npu_v2.cpp:65]   --->   Operation 67 'getelementptr' 'sp_bias_17_addr' <Predicate = (!icmp_ln58 & !tmp)> <Delay = 0.00>
ST_2 : Operation 68 [1/1] (0.00ns)   --->   "%sp_bias_18_addr = getelementptr i16 %sp_bias_18, i64 0, i64 %zext_ln62_1" [yolo_npu_v2.cpp:65]   --->   Operation 68 'getelementptr' 'sp_bias_18_addr' <Predicate = (!icmp_ln58 & !tmp)> <Delay = 0.00>
ST_2 : Operation 69 [1/1] (0.00ns)   --->   "%sp_bias_19_addr = getelementptr i16 %sp_bias_19, i64 0, i64 %zext_ln62_1" [yolo_npu_v2.cpp:65]   --->   Operation 69 'getelementptr' 'sp_bias_19_addr' <Predicate = (!icmp_ln58 & !tmp)> <Delay = 0.00>
ST_2 : Operation 70 [1/1] (0.00ns)   --->   "%sp_bias_20_addr = getelementptr i16 %sp_bias_20, i64 0, i64 %zext_ln62_1" [yolo_npu_v2.cpp:65]   --->   Operation 70 'getelementptr' 'sp_bias_20_addr' <Predicate = (!icmp_ln58 & !tmp)> <Delay = 0.00>
ST_2 : Operation 71 [1/1] (0.00ns)   --->   "%sp_bias_21_addr = getelementptr i16 %sp_bias_21, i64 0, i64 %zext_ln62_1" [yolo_npu_v2.cpp:65]   --->   Operation 71 'getelementptr' 'sp_bias_21_addr' <Predicate = (!icmp_ln58 & !tmp)> <Delay = 0.00>
ST_2 : Operation 72 [1/1] (0.00ns)   --->   "%sp_bias_22_addr = getelementptr i16 %sp_bias_22, i64 0, i64 %zext_ln62_1" [yolo_npu_v2.cpp:65]   --->   Operation 72 'getelementptr' 'sp_bias_22_addr' <Predicate = (!icmp_ln58 & !tmp)> <Delay = 0.00>
ST_2 : Operation 73 [1/1] (0.00ns)   --->   "%sp_bias_23_addr = getelementptr i16 %sp_bias_23, i64 0, i64 %zext_ln62_1" [yolo_npu_v2.cpp:65]   --->   Operation 73 'getelementptr' 'sp_bias_23_addr' <Predicate = (!icmp_ln58 & !tmp)> <Delay = 0.00>
ST_2 : Operation 74 [1/1] (0.00ns)   --->   "%sp_bias_24_addr = getelementptr i16 %sp_bias_24, i64 0, i64 %zext_ln62_1" [yolo_npu_v2.cpp:65]   --->   Operation 74 'getelementptr' 'sp_bias_24_addr' <Predicate = (!icmp_ln58 & !tmp)> <Delay = 0.00>
ST_2 : Operation 75 [1/1] (0.00ns)   --->   "%sp_bias_25_addr = getelementptr i16 %sp_bias_25, i64 0, i64 %zext_ln62_1" [yolo_npu_v2.cpp:65]   --->   Operation 75 'getelementptr' 'sp_bias_25_addr' <Predicate = (!icmp_ln58 & !tmp)> <Delay = 0.00>
ST_2 : Operation 76 [1/1] (0.00ns)   --->   "%sp_bias_26_addr = getelementptr i16 %sp_bias_26, i64 0, i64 %zext_ln62_1" [yolo_npu_v2.cpp:65]   --->   Operation 76 'getelementptr' 'sp_bias_26_addr' <Predicate = (!icmp_ln58 & !tmp)> <Delay = 0.00>
ST_2 : Operation 77 [1/1] (0.00ns)   --->   "%sp_bias_27_addr = getelementptr i16 %sp_bias_27, i64 0, i64 %zext_ln62_1" [yolo_npu_v2.cpp:65]   --->   Operation 77 'getelementptr' 'sp_bias_27_addr' <Predicate = (!icmp_ln58 & !tmp)> <Delay = 0.00>
ST_2 : Operation 78 [1/1] (0.00ns)   --->   "%sp_bias_28_addr = getelementptr i16 %sp_bias_28, i64 0, i64 %zext_ln62_1" [yolo_npu_v2.cpp:65]   --->   Operation 78 'getelementptr' 'sp_bias_28_addr' <Predicate = (!icmp_ln58 & !tmp)> <Delay = 0.00>
ST_2 : Operation 79 [1/1] (0.00ns)   --->   "%sp_bias_29_addr = getelementptr i16 %sp_bias_29, i64 0, i64 %zext_ln62_1" [yolo_npu_v2.cpp:65]   --->   Operation 79 'getelementptr' 'sp_bias_29_addr' <Predicate = (!icmp_ln58 & !tmp)> <Delay = 0.00>
ST_2 : Operation 80 [1/1] (0.00ns)   --->   "%sp_bias_30_addr = getelementptr i16 %sp_bias_30, i64 0, i64 %zext_ln62_1" [yolo_npu_v2.cpp:65]   --->   Operation 80 'getelementptr' 'sp_bias_30_addr' <Predicate = (!icmp_ln58 & !tmp)> <Delay = 0.00>
ST_2 : Operation 81 [1/1] (0.00ns)   --->   "%sp_bias_31_addr = getelementptr i16 %sp_bias_31, i64 0, i64 %zext_ln62_1" [yolo_npu_v2.cpp:65]   --->   Operation 81 'getelementptr' 'sp_bias_31_addr' <Predicate = (!icmp_ln58 & !tmp)> <Delay = 0.00>
ST_2 : Operation 82 [2/2] (1.14ns)   --->   "%sp_bias_load = load i3 %sp_bias_addr" [yolo_npu_v2.cpp:65]   --->   Operation 82 'load' 'sp_bias_load' <Predicate = (!icmp_ln58 & !tmp)> <Delay = 1.14> <CoreInst = "RAM">   --->   Core 81 'RAM' <Latency = 1> <II = 1> <Delay = 1.14> <Storage> <Opcode : 'load' 'store'> <Ports = 2> <Width = 16> <Depth = 8> <RAM>
ST_2 : Operation 83 [2/2] (1.14ns)   --->   "%sp_bias_1_load = load i3 %sp_bias_1_addr" [yolo_npu_v2.cpp:65]   --->   Operation 83 'load' 'sp_bias_1_load' <Predicate = (!icmp_ln58 & !tmp)> <Delay = 1.14> <CoreInst = "RAM">   --->   Core 81 'RAM' <Latency = 1> <II = 1> <Delay = 1.14> <Storage> <Opcode : 'load' 'store'> <Ports = 2> <Width = 16> <Depth = 8> <RAM>
ST_2 : Operation 84 [2/2] (1.14ns)   --->   "%sp_bias_2_load = load i3 %sp_bias_2_addr" [yolo_npu_v2.cpp:65]   --->   Operation 84 'load' 'sp_bias_2_load' <Predicate = (!icmp_ln58 & !tmp)> <Delay = 1.14> <CoreInst = "RAM">   --->   Core 81 'RAM' <Latency = 1> <II = 1> <Delay = 1.14> <Storage> <Opcode : 'load' 'store'> <Ports = 2> <Width = 16> <Depth = 8> <RAM>
ST_2 : Operation 85 [2/2] (1.14ns)   --->   "%sp_bias_3_load = load i3 %sp_bias_3_addr" [yolo_npu_v2.cpp:65]   --->   Operation 85 'load' 'sp_bias_3_load' <Predicate = (!icmp_ln58 & !tmp)> <Delay = 1.14> <CoreInst = "RAM">   --->   Core 81 'RAM' <Latency = 1> <II = 1> <Delay = 1.14> <Storage> <Opcode : 'load' 'store'> <Ports = 2> <Width = 16> <Depth = 8> <RAM>
ST_2 : Operation 86 [2/2] (1.14ns)   --->   "%sp_bias_4_load = load i3 %sp_bias_4_addr" [yolo_npu_v2.cpp:65]   --->   Operation 86 'load' 'sp_bias_4_load' <Predicate = (!icmp_ln58 & !tmp)> <Delay = 1.14> <CoreInst = "RAM">   --->   Core 81 'RAM' <Latency = 1> <II = 1> <Delay = 1.14> <Storage> <Opcode : 'load' 'store'> <Ports = 2> <Width = 16> <Depth = 8> <RAM>
ST_2 : Operation 87 [2/2] (1.14ns)   --->   "%sp_bias_5_load = load i3 %sp_bias_5_addr" [yolo_npu_v2.cpp:65]   --->   Operation 87 'load' 'sp_bias_5_load' <Predicate = (!icmp_ln58 & !tmp)> <Delay = 1.14> <CoreInst = "RAM">   --->   Core 81 'RAM' <Latency = 1> <II = 1> <Delay = 1.14> <Storage> <Opcode : 'load' 'store'> <Ports = 2> <Width = 16> <Depth = 8> <RAM>
ST_2 : Operation 88 [2/2] (1.14ns)   --->   "%sp_bias_6_load = load i3 %sp_bias_6_addr" [yolo_npu_v2.cpp:65]   --->   Operation 88 'load' 'sp_bias_6_load' <Predicate = (!icmp_ln58 & !tmp)> <Delay = 1.14> <CoreInst = "RAM">   --->   Core 81 'RAM' <Latency = 1> <II = 1> <Delay = 1.14> <Storage> <Opcode : 'load' 'store'> <Ports = 2> <Width = 16> <Depth = 8> <RAM>
ST_2 : Operation 89 [2/2] (1.14ns)   --->   "%sp_bias_7_load = load i3 %sp_bias_7_addr" [yolo_npu_v2.cpp:65]   --->   Operation 89 'load' 'sp_bias_7_load' <Predicate = (!icmp_ln58 & !tmp)> <Delay = 1.14> <CoreInst = "RAM">   --->   Core 81 'RAM' <Latency = 1> <II = 1> <Delay = 1.14> <Storage> <Opcode : 'load' 'store'> <Ports = 2> <Width = 16> <Depth = 8> <RAM>
ST_2 : Operation 90 [2/2] (1.14ns)   --->   "%sp_bias_8_load = load i3 %sp_bias_8_addr" [yolo_npu_v2.cpp:65]   --->   Operation 90 'load' 'sp_bias_8_load' <Predicate = (!icmp_ln58 & !tmp)> <Delay = 1.14> <CoreInst = "RAM">   --->   Core 81 'RAM' <Latency = 1> <II = 1> <Delay = 1.14> <Storage> <Opcode : 'load' 'store'> <Ports = 2> <Width = 16> <Depth = 8> <RAM>
ST_2 : Operation 91 [2/2] (1.14ns)   --->   "%sp_bias_9_load = load i3 %sp_bias_9_addr" [yolo_npu_v2.cpp:65]   --->   Operation 91 'load' 'sp_bias_9_load' <Predicate = (!icmp_ln58 & !tmp)> <Delay = 1.14> <CoreInst = "RAM">   --->   Core 81 'RAM' <Latency = 1> <II = 1> <Delay = 1.14> <Storage> <Opcode : 'load' 'store'> <Ports = 2> <Width = 16> <Depth = 8> <RAM>
ST_2 : Operation 92 [2/2] (1.14ns)   --->   "%sp_bias_10_load = load i3 %sp_bias_10_addr" [yolo_npu_v2.cpp:65]   --->   Operation 92 'load' 'sp_bias_10_load' <Predicate = (!icmp_ln58 & !tmp)> <Delay = 1.14> <CoreInst = "RAM">   --->   Core 81 'RAM' <Latency = 1> <II = 1> <Delay = 1.14> <Storage> <Opcode : 'load' 'store'> <Ports = 2> <Width = 16> <Depth = 8> <RAM>
ST_2 : Operation 93 [2/2] (1.14ns)   --->   "%sp_bias_11_load = load i3 %sp_bias_11_addr" [yolo_npu_v2.cpp:65]   --->   Operation 93 'load' 'sp_bias_11_load' <Predicate = (!icmp_ln58 & !tmp)> <Delay = 1.14> <CoreInst = "RAM">   --->   Core 81 'RAM' <Latency = 1> <II = 1> <Delay = 1.14> <Storage> <Opcode : 'load' 'store'> <Ports = 2> <Width = 16> <Depth = 8> <RAM>
ST_2 : Operation 94 [2/2] (1.14ns)   --->   "%sp_bias_12_load = load i3 %sp_bias_12_addr" [yolo_npu_v2.cpp:65]   --->   Operation 94 'load' 'sp_bias_12_load' <Predicate = (!icmp_ln58 & !tmp)> <Delay = 1.14> <CoreInst = "RAM">   --->   Core 81 'RAM' <Latency = 1> <II = 1> <Delay = 1.14> <Storage> <Opcode : 'load' 'store'> <Ports = 2> <Width = 16> <Depth = 8> <RAM>
ST_2 : Operation 95 [2/2] (1.14ns)   --->   "%sp_bias_13_load = load i3 %sp_bias_13_addr" [yolo_npu_v2.cpp:65]   --->   Operation 95 'load' 'sp_bias_13_load' <Predicate = (!icmp_ln58 & !tmp)> <Delay = 1.14> <CoreInst = "RAM">   --->   Core 81 'RAM' <Latency = 1> <II = 1> <Delay = 1.14> <Storage> <Opcode : 'load' 'store'> <Ports = 2> <Width = 16> <Depth = 8> <RAM>
ST_2 : Operation 96 [2/2] (1.14ns)   --->   "%sp_bias_14_load = load i3 %sp_bias_14_addr" [yolo_npu_v2.cpp:65]   --->   Operation 96 'load' 'sp_bias_14_load' <Predicate = (!icmp_ln58 & !tmp)> <Delay = 1.14> <CoreInst = "RAM">   --->   Core 81 'RAM' <Latency = 1> <II = 1> <Delay = 1.14> <Storage> <Opcode : 'load' 'store'> <Ports = 2> <Width = 16> <Depth = 8> <RAM>
ST_2 : Operation 97 [2/2] (1.14ns)   --->   "%sp_bias_15_load = load i3 %sp_bias_15_addr" [yolo_npu_v2.cpp:65]   --->   Operation 97 'load' 'sp_bias_15_load' <Predicate = (!icmp_ln58 & !tmp)> <Delay = 1.14> <CoreInst = "RAM">   --->   Core 81 'RAM' <Latency = 1> <II = 1> <Delay = 1.14> <Storage> <Opcode : 'load' 'store'> <Ports = 2> <Width = 16> <Depth = 8> <RAM>
ST_2 : Operation 98 [2/2] (1.14ns)   --->   "%sp_bias_16_load = load i3 %sp_bias_16_addr" [yolo_npu_v2.cpp:65]   --->   Operation 98 'load' 'sp_bias_16_load' <Predicate = (!icmp_ln58 & !tmp)> <Delay = 1.14> <CoreInst = "RAM">   --->   Core 81 'RAM' <Latency = 1> <II = 1> <Delay = 1.14> <Storage> <Opcode : 'load' 'store'> <Ports = 2> <Width = 16> <Depth = 8> <RAM>
ST_2 : Operation 99 [2/2] (1.14ns)   --->   "%sp_bias_17_load = load i3 %sp_bias_17_addr" [yolo_npu_v2.cpp:65]   --->   Operation 99 'load' 'sp_bias_17_load' <Predicate = (!icmp_ln58 & !tmp)> <Delay = 1.14> <CoreInst = "RAM">   --->   Core 81 'RAM' <Latency = 1> <II = 1> <Delay = 1.14> <Storage> <Opcode : 'load' 'store'> <Ports = 2> <Width = 16> <Depth = 8> <RAM>
ST_2 : Operation 100 [2/2] (1.14ns)   --->   "%sp_bias_18_load = load i3 %sp_bias_18_addr" [yolo_npu_v2.cpp:65]   --->   Operation 100 'load' 'sp_bias_18_load' <Predicate = (!icmp_ln58 & !tmp)> <Delay = 1.14> <CoreInst = "RAM">   --->   Core 81 'RAM' <Latency = 1> <II = 1> <Delay = 1.14> <Storage> <Opcode : 'load' 'store'> <Ports = 2> <Width = 16> <Depth = 8> <RAM>
ST_2 : Operation 101 [2/2] (1.14ns)   --->   "%sp_bias_19_load = load i3 %sp_bias_19_addr" [yolo_npu_v2.cpp:65]   --->   Operation 101 'load' 'sp_bias_19_load' <Predicate = (!icmp_ln58 & !tmp)> <Delay = 1.14> <CoreInst = "RAM">   --->   Core 81 'RAM' <Latency = 1> <II = 1> <Delay = 1.14> <Storage> <Opcode : 'load' 'store'> <Ports = 2> <Width = 16> <Depth = 8> <RAM>
ST_2 : Operation 102 [2/2] (1.14ns)   --->   "%sp_bias_20_load = load i3 %sp_bias_20_addr" [yolo_npu_v2.cpp:65]   --->   Operation 102 'load' 'sp_bias_20_load' <Predicate = (!icmp_ln58 & !tmp)> <Delay = 1.14> <CoreInst = "RAM">   --->   Core 81 'RAM' <Latency = 1> <II = 1> <Delay = 1.14> <Storage> <Opcode : 'load' 'store'> <Ports = 2> <Width = 16> <Depth = 8> <RAM>
ST_2 : Operation 103 [2/2] (1.14ns)   --->   "%sp_bias_21_load = load i3 %sp_bias_21_addr" [yolo_npu_v2.cpp:65]   --->   Operation 103 'load' 'sp_bias_21_load' <Predicate = (!icmp_ln58 & !tmp)> <Delay = 1.14> <CoreInst = "RAM">   --->   Core 81 'RAM' <Latency = 1> <II = 1> <Delay = 1.14> <Storage> <Opcode : 'load' 'store'> <Ports = 2> <Width = 16> <Depth = 8> <RAM>
ST_2 : Operation 104 [2/2] (1.14ns)   --->   "%sp_bias_22_load = load i3 %sp_bias_22_addr" [yolo_npu_v2.cpp:65]   --->   Operation 104 'load' 'sp_bias_22_load' <Predicate = (!icmp_ln58 & !tmp)> <Delay = 1.14> <CoreInst = "RAM">   --->   Core 81 'RAM' <Latency = 1> <II = 1> <Delay = 1.14> <Storage> <Opcode : 'load' 'store'> <Ports = 2> <Width = 16> <Depth = 8> <RAM>
ST_2 : Operation 105 [2/2] (1.14ns)   --->   "%sp_bias_23_load = load i3 %sp_bias_23_addr" [yolo_npu_v2.cpp:65]   --->   Operation 105 'load' 'sp_bias_23_load' <Predicate = (!icmp_ln58 & !tmp)> <Delay = 1.14> <CoreInst = "RAM">   --->   Core 81 'RAM' <Latency = 1> <II = 1> <Delay = 1.14> <Storage> <Opcode : 'load' 'store'> <Ports = 2> <Width = 16> <Depth = 8> <RAM>
ST_2 : Operation 106 [2/2] (1.14ns)   --->   "%sp_bias_24_load = load i3 %sp_bias_24_addr" [yolo_npu_v2.cpp:65]   --->   Operation 106 'load' 'sp_bias_24_load' <Predicate = (!icmp_ln58 & !tmp)> <Delay = 1.14> <CoreInst = "RAM">   --->   Core 81 'RAM' <Latency = 1> <II = 1> <Delay = 1.14> <Storage> <Opcode : 'load' 'store'> <Ports = 2> <Width = 16> <Depth = 8> <RAM>
ST_2 : Operation 107 [2/2] (1.14ns)   --->   "%sp_bias_25_load = load i3 %sp_bias_25_addr" [yolo_npu_v2.cpp:65]   --->   Operation 107 'load' 'sp_bias_25_load' <Predicate = (!icmp_ln58 & !tmp)> <Delay = 1.14> <CoreInst = "RAM">   --->   Core 81 'RAM' <Latency = 1> <II = 1> <Delay = 1.14> <Storage> <Opcode : 'load' 'store'> <Ports = 2> <Width = 16> <Depth = 8> <RAM>
ST_2 : Operation 108 [2/2] (1.14ns)   --->   "%sp_bias_26_load = load i3 %sp_bias_26_addr" [yolo_npu_v2.cpp:65]   --->   Operation 108 'load' 'sp_bias_26_load' <Predicate = (!icmp_ln58 & !tmp)> <Delay = 1.14> <CoreInst = "RAM">   --->   Core 81 'RAM' <Latency = 1> <II = 1> <Delay = 1.14> <Storage> <Opcode : 'load' 'store'> <Ports = 2> <Width = 16> <Depth = 8> <RAM>
ST_2 : Operation 109 [2/2] (1.14ns)   --->   "%sp_bias_27_load = load i3 %sp_bias_27_addr" [yolo_npu_v2.cpp:65]   --->   Operation 109 'load' 'sp_bias_27_load' <Predicate = (!icmp_ln58 & !tmp)> <Delay = 1.14> <CoreInst = "RAM">   --->   Core 81 'RAM' <Latency = 1> <II = 1> <Delay = 1.14> <Storage> <Opcode : 'load' 'store'> <Ports = 2> <Width = 16> <Depth = 8> <RAM>
ST_2 : Operation 110 [2/2] (1.14ns)   --->   "%sp_bias_28_load = load i3 %sp_bias_28_addr" [yolo_npu_v2.cpp:65]   --->   Operation 110 'load' 'sp_bias_28_load' <Predicate = (!icmp_ln58 & !tmp)> <Delay = 1.14> <CoreInst = "RAM">   --->   Core 81 'RAM' <Latency = 1> <II = 1> <Delay = 1.14> <Storage> <Opcode : 'load' 'store'> <Ports = 2> <Width = 16> <Depth = 8> <RAM>
ST_2 : Operation 111 [2/2] (1.14ns)   --->   "%sp_bias_29_load = load i3 %sp_bias_29_addr" [yolo_npu_v2.cpp:65]   --->   Operation 111 'load' 'sp_bias_29_load' <Predicate = (!icmp_ln58 & !tmp)> <Delay = 1.14> <CoreInst = "RAM">   --->   Core 81 'RAM' <Latency = 1> <II = 1> <Delay = 1.14> <Storage> <Opcode : 'load' 'store'> <Ports = 2> <Width = 16> <Depth = 8> <RAM>
ST_2 : Operation 112 [2/2] (1.14ns)   --->   "%sp_bias_30_load = load i3 %sp_bias_30_addr" [yolo_npu_v2.cpp:65]   --->   Operation 112 'load' 'sp_bias_30_load' <Predicate = (!icmp_ln58 & !tmp)> <Delay = 1.14> <CoreInst = "RAM">   --->   Core 81 'RAM' <Latency = 1> <II = 1> <Delay = 1.14> <Storage> <Opcode : 'load' 'store'> <Ports = 2> <Width = 16> <Depth = 8> <RAM>
ST_2 : Operation 113 [2/2] (1.14ns)   --->   "%sp_bias_31_load = load i3 %sp_bias_31_addr" [yolo_npu_v2.cpp:65]   --->   Operation 113 'load' 'sp_bias_31_load' <Predicate = (!icmp_ln58 & !tmp)> <Delay = 1.14> <CoreInst = "RAM">   --->   Core 81 'RAM' <Latency = 1> <II = 1> <Delay = 1.14> <Storage> <Opcode : 'load' 'store'> <Ports = 2> <Width = 16> <Depth = 8> <RAM>
ST_2 : Operation 114 [1/1] (1.10ns)   --->   "%switch_ln65 = switch i5 %trunc_ln62, void %arrayidx9321.case.31, i5 0, void %arrayidx9321.case.0, i5 1, void %arrayidx9321.case.1, i5 2, void %arrayidx9321.case.2, i5 3, void %arrayidx9321.case.3, i5 4, void %arrayidx9321.case.4, i5 5, void %arrayidx9321.case.5, i5 6, void %arrayidx9321.case.6, i5 7, void %arrayidx9321.case.7, i5 8, void %arrayidx9321.case.8, i5 9, void %arrayidx9321.case.9, i5 10, void %arrayidx9321.case.10, i5 11, void %arrayidx9321.case.11, i5 12, void %arrayidx9321.case.12, i5 13, void %arrayidx9321.case.13, i5 14, void %arrayidx9321.case.14, i5 15, void %arrayidx9321.case.15, i5 16, void %arrayidx9321.case.16, i5 17, void %arrayidx9321.case.17, i5 18, void %arrayidx9321.case.18, i5 19, void %arrayidx9321.case.19, i5 20, void %arrayidx9321.case.20, i5 21, void %arrayidx9321.case.21, i5 22, void %arrayidx9321.case.22, i5 23, void %arrayidx9321.case.23, i5 24, void %arrayidx9321.case.24, i5 25, void %arrayidx9321.case.25, i5 26, void %arrayidx9321.case.26, i5 27, void %arrayidx9321.case.27, i5 28, void %arrayidx9321.case.28, i5 29, void %arrayidx9321.case.29, i5 30, void %arrayidx9321.case.30" [yolo_npu_v2.cpp:65]   --->   Operation 114 'switch' 'switch_ln65' <Predicate = (!icmp_ln58)> <Delay = 1.10>
ST_2 : Operation 115 [1/1] (1.50ns)   --->   "%add_ln62 = add i31 %select_ln60, i31 1" [yolo_npu_v2.cpp:62]   --->   Operation 115 'add' 'add_ln62' <Predicate = (!icmp_ln58)> <Delay = 1.50> <CoreInst = "Adder">   --->   Core 1 'Adder' <Latency = 0> <II = 1> <Delay = 1.50> <FuncUnit> <Opcode : 'add' 'sub'> <InPorts = 2> <OutPorts = 1>
ST_2 : Operation 116 [1/1] (1.72ns)   --->   "%add_ln60_1 = add i64 %indvar_flatten37_load, i64 1" [yolo_npu_v2.cpp:60]   --->   Operation 116 'add' 'add_ln60_1' <Predicate = (!icmp_ln58)> <Delay = 1.72> <CoreInst = "Adder">   --->   Core 1 'Adder' <Latency = 0> <II = 1> <Delay = 1.72> <FuncUnit> <Opcode : 'add' 'sub'> <InPorts = 2> <OutPorts = 1>
ST_2 : Operation 117 [1/1] (0.61ns)   --->   "%select_ln60_2 = select i1 %icmp_ln60, i64 1, i64 %add_ln60_1" [yolo_npu_v2.cpp:60]   --->   Operation 117 'select' 'select_ln60_2' <Predicate = (!icmp_ln58)> <Delay = 0.61> <CoreInst = "Sel">   --->   Core 73 'Sel' <Latency = 0> <II = 1> <Delay = 0.61> <FuncUnit> <Opcode : 'select'> <InPorts = 3> <OutPorts = 1>
ST_2 : Operation 118 [1/1] (0.83ns)   --->   "%store_ln58 = store i93 %add_ln58_1, i93 %indvar_flatten61" [yolo_npu_v2.cpp:58]   --->   Operation 118 'store' 'store_ln58' <Predicate = (!icmp_ln58)> <Delay = 0.83>
ST_2 : Operation 119 [1/1] (0.83ns)   --->   "%store_ln58 = store i31 %select_ln58_3, i31 %r" [yolo_npu_v2.cpp:58]   --->   Operation 119 'store' 'store_ln58' <Predicate = (!icmp_ln58)> <Delay = 0.83>
ST_2 : Operation 120 [1/1] (0.83ns)   --->   "%store_ln60 = store i64 %select_ln60_2, i64 %indvar_flatten37" [yolo_npu_v2.cpp:60]   --->   Operation 120 'store' 'store_ln60' <Predicate = (!icmp_ln58)> <Delay = 0.83>
ST_2 : Operation 121 [1/1] (0.83ns)   --->   "%store_ln60 = store i31 %select_ln60_1, i31 %c" [yolo_npu_v2.cpp:60]   --->   Operation 121 'store' 'store_ln60' <Predicate = (!icmp_ln58)> <Delay = 0.83>
ST_2 : Operation 122 [1/1] (0.83ns)   --->   "%store_ln62 = store i31 %add_ln62, i31 %oc" [yolo_npu_v2.cpp:62]   --->   Operation 122 'store' 'store_ln62' <Predicate = (!icmp_ln58)> <Delay = 0.83>
ST_2 : Operation 123 [1/1] (0.00ns)   --->   "%br_ln62 = br void %for.body81" [yolo_npu_v2.cpp:62]   --->   Operation 123 'br' 'br_ln62' <Predicate = (!icmp_ln58)> <Delay = 0.00>
ST_2 : Operation 258 [1/1] (0.83ns)   --->   "%ret_ln0 = ret"   --->   Operation 258 'ret' 'ret_ln0' <Predicate = (icmp_ln58)> <Delay = 0.83>

State 3 <SV = 2> <Delay = 5.52>
ST_3 : Operation 124 [1/1] (0.00ns)   --->   "%specloopname_ln0 = specloopname void @_ssdm_op_SpecLoopName, void @VITIS_LOOP_58_5_VITIS_LOOP_60_6_VITIS_LOOP_62_7_str"   --->   Operation 124 'specloopname' 'specloopname_ln0' <Predicate = true> <Delay = 0.00>
ST_3 : Operation 125 [1/1] (0.00ns)   --->   "%speclooptripcount_ln0 = speclooptripcount void @_ssdm_op_SpecLoopTripCount, i64 0, i64 65536, i64 8192"   --->   Operation 125 'speclooptripcount' 'speclooptripcount_ln0' <Predicate = true> <Delay = 0.00>
ST_3 : Operation 126 [1/1] (0.00ns)   --->   "%specpipeline_ln64 = specpipeline void @_ssdm_op_SpecPipeline, i32 1, i32 0, i32 0, i32 0, i32 4294967295, void @empty_7" [yolo_npu_v2.cpp:64]   --->   Operation 126 'specpipeline' 'specpipeline_ln64' <Predicate = true> <Delay = 0.00>
ST_3 : Operation 127 [1/1] (0.00ns)   --->   "%zext_ln65 = zext i11 %add_ln65_1" [yolo_npu_v2.cpp:65]   --->   Operation 127 'zext' 'zext_ln65' <Predicate = true> <Delay = 0.00>
ST_3 : Operation 128 [1/1] (0.00ns)   --->   "%sp_out_fm_addr = getelementptr i16 %sp_out_fm, i64 0, i64 %zext_ln65" [yolo_npu_v2.cpp:65]   --->   Operation 128 'getelementptr' 'sp_out_fm_addr' <Predicate = true> <Delay = 0.00>
ST_3 : Operation 129 [1/1] (0.00ns)   --->   "%sp_out_fm_1_addr = getelementptr i16 %sp_out_fm_1, i64 0, i64 %zext_ln65" [yolo_npu_v2.cpp:65]   --->   Operation 129 'getelementptr' 'sp_out_fm_1_addr' <Predicate = true> <Delay = 0.00>
ST_3 : Operation 130 [1/1] (0.00ns)   --->   "%sp_out_fm_2_addr = getelementptr i16 %sp_out_fm_2, i64 0, i64 %zext_ln65" [yolo_npu_v2.cpp:65]   --->   Operation 130 'getelementptr' 'sp_out_fm_2_addr' <Predicate = true> <Delay = 0.00>
ST_3 : Operation 131 [1/1] (0.00ns)   --->   "%sp_out_fm_3_addr = getelementptr i16 %sp_out_fm_3, i64 0, i64 %zext_ln65" [yolo_npu_v2.cpp:65]   --->   Operation 131 'getelementptr' 'sp_out_fm_3_addr' <Predicate = true> <Delay = 0.00>
ST_3 : Operation 132 [1/1] (0.00ns)   --->   "%sp_out_fm_4_addr = getelementptr i16 %sp_out_fm_4, i64 0, i64 %zext_ln65" [yolo_npu_v2.cpp:65]   --->   Operation 132 'getelementptr' 'sp_out_fm_4_addr' <Predicate = true> <Delay = 0.00>
ST_3 : Operation 133 [1/1] (0.00ns)   --->   "%sp_out_fm_5_addr = getelementptr i16 %sp_out_fm_5, i64 0, i64 %zext_ln65" [yolo_npu_v2.cpp:65]   --->   Operation 133 'getelementptr' 'sp_out_fm_5_addr' <Predicate = true> <Delay = 0.00>
ST_3 : Operation 134 [1/1] (0.00ns)   --->   "%sp_out_fm_6_addr = getelementptr i16 %sp_out_fm_6, i64 0, i64 %zext_ln65" [yolo_npu_v2.cpp:65]   --->   Operation 134 'getelementptr' 'sp_out_fm_6_addr' <Predicate = true> <Delay = 0.00>
ST_3 : Operation 135 [1/1] (0.00ns)   --->   "%sp_out_fm_7_addr = getelementptr i16 %sp_out_fm_7, i64 0, i64 %zext_ln65" [yolo_npu_v2.cpp:65]   --->   Operation 135 'getelementptr' 'sp_out_fm_7_addr' <Predicate = true> <Delay = 0.00>
ST_3 : Operation 136 [1/1] (0.00ns)   --->   "%sp_out_fm_8_addr = getelementptr i16 %sp_out_fm_8, i64 0, i64 %zext_ln65" [yolo_npu_v2.cpp:65]   --->   Operation 136 'getelementptr' 'sp_out_fm_8_addr' <Predicate = true> <Delay = 0.00>
ST_3 : Operation 137 [1/1] (0.00ns)   --->   "%sp_out_fm_9_addr = getelementptr i16 %sp_out_fm_9, i64 0, i64 %zext_ln65" [yolo_npu_v2.cpp:65]   --->   Operation 137 'getelementptr' 'sp_out_fm_9_addr' <Predicate = true> <Delay = 0.00>
ST_3 : Operation 138 [1/1] (0.00ns)   --->   "%sp_out_fm_10_addr = getelementptr i16 %sp_out_fm_10, i64 0, i64 %zext_ln65" [yolo_npu_v2.cpp:65]   --->   Operation 138 'getelementptr' 'sp_out_fm_10_addr' <Predicate = true> <Delay = 0.00>
ST_3 : Operation 139 [1/1] (0.00ns)   --->   "%sp_out_fm_11_addr = getelementptr i16 %sp_out_fm_11, i64 0, i64 %zext_ln65" [yolo_npu_v2.cpp:65]   --->   Operation 139 'getelementptr' 'sp_out_fm_11_addr' <Predicate = true> <Delay = 0.00>
ST_3 : Operation 140 [1/1] (0.00ns)   --->   "%sp_out_fm_12_addr = getelementptr i16 %sp_out_fm_12, i64 0, i64 %zext_ln65" [yolo_npu_v2.cpp:65]   --->   Operation 140 'getelementptr' 'sp_out_fm_12_addr' <Predicate = true> <Delay = 0.00>
ST_3 : Operation 141 [1/1] (0.00ns)   --->   "%sp_out_fm_13_addr = getelementptr i16 %sp_out_fm_13, i64 0, i64 %zext_ln65" [yolo_npu_v2.cpp:65]   --->   Operation 141 'getelementptr' 'sp_out_fm_13_addr' <Predicate = true> <Delay = 0.00>
ST_3 : Operation 142 [1/1] (0.00ns)   --->   "%sp_out_fm_14_addr = getelementptr i16 %sp_out_fm_14, i64 0, i64 %zext_ln65" [yolo_npu_v2.cpp:65]   --->   Operation 142 'getelementptr' 'sp_out_fm_14_addr' <Predicate = true> <Delay = 0.00>
ST_3 : Operation 143 [1/1] (0.00ns)   --->   "%sp_out_fm_15_addr = getelementptr i16 %sp_out_fm_15, i64 0, i64 %zext_ln65" [yolo_npu_v2.cpp:65]   --->   Operation 143 'getelementptr' 'sp_out_fm_15_addr' <Predicate = true> <Delay = 0.00>
ST_3 : Operation 144 [1/1] (0.00ns)   --->   "%sp_out_fm_16_addr = getelementptr i16 %sp_out_fm_16, i64 0, i64 %zext_ln65" [yolo_npu_v2.cpp:65]   --->   Operation 144 'getelementptr' 'sp_out_fm_16_addr' <Predicate = true> <Delay = 0.00>
ST_3 : Operation 145 [1/1] (0.00ns)   --->   "%sp_out_fm_17_addr = getelementptr i16 %sp_out_fm_17, i64 0, i64 %zext_ln65" [yolo_npu_v2.cpp:65]   --->   Operation 145 'getelementptr' 'sp_out_fm_17_addr' <Predicate = true> <Delay = 0.00>
ST_3 : Operation 146 [1/1] (0.00ns)   --->   "%sp_out_fm_18_addr = getelementptr i16 %sp_out_fm_18, i64 0, i64 %zext_ln65" [yolo_npu_v2.cpp:65]   --->   Operation 146 'getelementptr' 'sp_out_fm_18_addr' <Predicate = true> <Delay = 0.00>
ST_3 : Operation 147 [1/1] (0.00ns)   --->   "%sp_out_fm_19_addr = getelementptr i16 %sp_out_fm_19, i64 0, i64 %zext_ln65" [yolo_npu_v2.cpp:65]   --->   Operation 147 'getelementptr' 'sp_out_fm_19_addr' <Predicate = true> <Delay = 0.00>
ST_3 : Operation 148 [1/1] (0.00ns)   --->   "%sp_out_fm_20_addr = getelementptr i16 %sp_out_fm_20, i64 0, i64 %zext_ln65" [yolo_npu_v2.cpp:65]   --->   Operation 148 'getelementptr' 'sp_out_fm_20_addr' <Predicate = true> <Delay = 0.00>
ST_3 : Operation 149 [1/1] (0.00ns)   --->   "%sp_out_fm_21_addr = getelementptr i16 %sp_out_fm_21, i64 0, i64 %zext_ln65" [yolo_npu_v2.cpp:65]   --->   Operation 149 'getelementptr' 'sp_out_fm_21_addr' <Predicate = true> <Delay = 0.00>
ST_3 : Operation 150 [1/1] (0.00ns)   --->   "%sp_out_fm_22_addr = getelementptr i16 %sp_out_fm_22, i64 0, i64 %zext_ln65" [yolo_npu_v2.cpp:65]   --->   Operation 150 'getelementptr' 'sp_out_fm_22_addr' <Predicate = true> <Delay = 0.00>
ST_3 : Operation 151 [1/1] (0.00ns)   --->   "%sp_out_fm_23_addr = getelementptr i16 %sp_out_fm_23, i64 0, i64 %zext_ln65" [yolo_npu_v2.cpp:65]   --->   Operation 151 'getelementptr' 'sp_out_fm_23_addr' <Predicate = true> <Delay = 0.00>
ST_3 : Operation 152 [1/1] (0.00ns)   --->   "%sp_out_fm_24_addr = getelementptr i16 %sp_out_fm_24, i64 0, i64 %zext_ln65" [yolo_npu_v2.cpp:65]   --->   Operation 152 'getelementptr' 'sp_out_fm_24_addr' <Predicate = true> <Delay = 0.00>
ST_3 : Operation 153 [1/1] (0.00ns)   --->   "%sp_out_fm_25_addr = getelementptr i16 %sp_out_fm_25, i64 0, i64 %zext_ln65" [yolo_npu_v2.cpp:65]   --->   Operation 153 'getelementptr' 'sp_out_fm_25_addr' <Predicate = true> <Delay = 0.00>
ST_3 : Operation 154 [1/1] (0.00ns)   --->   "%sp_out_fm_26_addr = getelementptr i16 %sp_out_fm_26, i64 0, i64 %zext_ln65" [yolo_npu_v2.cpp:65]   --->   Operation 154 'getelementptr' 'sp_out_fm_26_addr' <Predicate = true> <Delay = 0.00>
ST_3 : Operation 155 [1/1] (0.00ns)   --->   "%sp_out_fm_27_addr = getelementptr i16 %sp_out_fm_27, i64 0, i64 %zext_ln65" [yolo_npu_v2.cpp:65]   --->   Operation 155 'getelementptr' 'sp_out_fm_27_addr' <Predicate = true> <Delay = 0.00>
ST_3 : Operation 156 [1/1] (0.00ns)   --->   "%sp_out_fm_28_addr = getelementptr i16 %sp_out_fm_28, i64 0, i64 %zext_ln65" [yolo_npu_v2.cpp:65]   --->   Operation 156 'getelementptr' 'sp_out_fm_28_addr' <Predicate = true> <Delay = 0.00>
ST_3 : Operation 157 [1/1] (0.00ns)   --->   "%sp_out_fm_29_addr = getelementptr i16 %sp_out_fm_29, i64 0, i64 %zext_ln65" [yolo_npu_v2.cpp:65]   --->   Operation 157 'getelementptr' 'sp_out_fm_29_addr' <Predicate = true> <Delay = 0.00>
ST_3 : Operation 158 [1/1] (0.00ns)   --->   "%sp_out_fm_30_addr = getelementptr i16 %sp_out_fm_30, i64 0, i64 %zext_ln65" [yolo_npu_v2.cpp:65]   --->   Operation 158 'getelementptr' 'sp_out_fm_30_addr' <Predicate = true> <Delay = 0.00>
ST_3 : Operation 159 [1/1] (0.00ns)   --->   "%sp_out_fm_31_addr = getelementptr i16 %sp_out_fm_31, i64 0, i64 %zext_ln65" [yolo_npu_v2.cpp:65]   --->   Operation 159 'getelementptr' 'sp_out_fm_31_addr' <Predicate = true> <Delay = 0.00>
ST_3 : Operation 160 [1/2] ( I:1.14ns O:1.14ns )   --->   "%sp_bias_load = load i3 %sp_bias_addr" [yolo_npu_v2.cpp:65]   --->   Operation 160 'load' 'sp_bias_load' <Predicate = (!tmp)> <Delay = 1.14> <CoreInst = "RAM">   --->   Core 81 'RAM' <Latency = 1> <II = 1> <Delay = 1.14> <Storage> <Opcode : 'load' 'store'> <Ports = 2> <Width = 16> <Depth = 8> <RAM>
ST_3 : Operation 161 [1/2] ( I:1.14ns O:1.14ns )   --->   "%sp_bias_1_load = load i3 %sp_bias_1_addr" [yolo_npu_v2.cpp:65]   --->   Operation 161 'load' 'sp_bias_1_load' <Predicate = (!tmp)> <Delay = 1.14> <CoreInst = "RAM">   --->   Core 81 'RAM' <Latency = 1> <II = 1> <Delay = 1.14> <Storage> <Opcode : 'load' 'store'> <Ports = 2> <Width = 16> <Depth = 8> <RAM>
ST_3 : Operation 162 [1/2] ( I:1.14ns O:1.14ns )   --->   "%sp_bias_2_load = load i3 %sp_bias_2_addr" [yolo_npu_v2.cpp:65]   --->   Operation 162 'load' 'sp_bias_2_load' <Predicate = (!tmp)> <Delay = 1.14> <CoreInst = "RAM">   --->   Core 81 'RAM' <Latency = 1> <II = 1> <Delay = 1.14> <Storage> <Opcode : 'load' 'store'> <Ports = 2> <Width = 16> <Depth = 8> <RAM>
ST_3 : Operation 163 [1/2] ( I:1.14ns O:1.14ns )   --->   "%sp_bias_3_load = load i3 %sp_bias_3_addr" [yolo_npu_v2.cpp:65]   --->   Operation 163 'load' 'sp_bias_3_load' <Predicate = (!tmp)> <Delay = 1.14> <CoreInst = "RAM">   --->   Core 81 'RAM' <Latency = 1> <II = 1> <Delay = 1.14> <Storage> <Opcode : 'load' 'store'> <Ports = 2> <Width = 16> <Depth = 8> <RAM>
ST_3 : Operation 164 [1/2] ( I:1.14ns O:1.14ns )   --->   "%sp_bias_4_load = load i3 %sp_bias_4_addr" [yolo_npu_v2.cpp:65]   --->   Operation 164 'load' 'sp_bias_4_load' <Predicate = (!tmp)> <Delay = 1.14> <CoreInst = "RAM">   --->   Core 81 'RAM' <Latency = 1> <II = 1> <Delay = 1.14> <Storage> <Opcode : 'load' 'store'> <Ports = 2> <Width = 16> <Depth = 8> <RAM>
ST_3 : Operation 165 [1/2] ( I:1.14ns O:1.14ns )   --->   "%sp_bias_5_load = load i3 %sp_bias_5_addr" [yolo_npu_v2.cpp:65]   --->   Operation 165 'load' 'sp_bias_5_load' <Predicate = (!tmp)> <Delay = 1.14> <CoreInst = "RAM">   --->   Core 81 'RAM' <Latency = 1> <II = 1> <Delay = 1.14> <Storage> <Opcode : 'load' 'store'> <Ports = 2> <Width = 16> <Depth = 8> <RAM>
ST_3 : Operation 166 [1/2] ( I:1.14ns O:1.14ns )   --->   "%sp_bias_6_load = load i3 %sp_bias_6_addr" [yolo_npu_v2.cpp:65]   --->   Operation 166 'load' 'sp_bias_6_load' <Predicate = (!tmp)> <Delay = 1.14> <CoreInst = "RAM">   --->   Core 81 'RAM' <Latency = 1> <II = 1> <Delay = 1.14> <Storage> <Opcode : 'load' 'store'> <Ports = 2> <Width = 16> <Depth = 8> <RAM>
ST_3 : Operation 167 [1/2] ( I:1.14ns O:1.14ns )   --->   "%sp_bias_7_load = load i3 %sp_bias_7_addr" [yolo_npu_v2.cpp:65]   --->   Operation 167 'load' 'sp_bias_7_load' <Predicate = (!tmp)> <Delay = 1.14> <CoreInst = "RAM">   --->   Core 81 'RAM' <Latency = 1> <II = 1> <Delay = 1.14> <Storage> <Opcode : 'load' 'store'> <Ports = 2> <Width = 16> <Depth = 8> <RAM>
ST_3 : Operation 168 [1/2] ( I:1.14ns O:1.14ns )   --->   "%sp_bias_8_load = load i3 %sp_bias_8_addr" [yolo_npu_v2.cpp:65]   --->   Operation 168 'load' 'sp_bias_8_load' <Predicate = (!tmp)> <Delay = 1.14> <CoreInst = "RAM">   --->   Core 81 'RAM' <Latency = 1> <II = 1> <Delay = 1.14> <Storage> <Opcode : 'load' 'store'> <Ports = 2> <Width = 16> <Depth = 8> <RAM>
ST_3 : Operation 169 [1/2] ( I:1.14ns O:1.14ns )   --->   "%sp_bias_9_load = load i3 %sp_bias_9_addr" [yolo_npu_v2.cpp:65]   --->   Operation 169 'load' 'sp_bias_9_load' <Predicate = (!tmp)> <Delay = 1.14> <CoreInst = "RAM">   --->   Core 81 'RAM' <Latency = 1> <II = 1> <Delay = 1.14> <Storage> <Opcode : 'load' 'store'> <Ports = 2> <Width = 16> <Depth = 8> <RAM>
ST_3 : Operation 170 [1/2] ( I:1.14ns O:1.14ns )   --->   "%sp_bias_10_load = load i3 %sp_bias_10_addr" [yolo_npu_v2.cpp:65]   --->   Operation 170 'load' 'sp_bias_10_load' <Predicate = (!tmp)> <Delay = 1.14> <CoreInst = "RAM">   --->   Core 81 'RAM' <Latency = 1> <II = 1> <Delay = 1.14> <Storage> <Opcode : 'load' 'store'> <Ports = 2> <Width = 16> <Depth = 8> <RAM>
ST_3 : Operation 171 [1/2] ( I:1.14ns O:1.14ns )   --->   "%sp_bias_11_load = load i3 %sp_bias_11_addr" [yolo_npu_v2.cpp:65]   --->   Operation 171 'load' 'sp_bias_11_load' <Predicate = (!tmp)> <Delay = 1.14> <CoreInst = "RAM">   --->   Core 81 'RAM' <Latency = 1> <II = 1> <Delay = 1.14> <Storage> <Opcode : 'load' 'store'> <Ports = 2> <Width = 16> <Depth = 8> <RAM>
ST_3 : Operation 172 [1/2] ( I:1.14ns O:1.14ns )   --->   "%sp_bias_12_load = load i3 %sp_bias_12_addr" [yolo_npu_v2.cpp:65]   --->   Operation 172 'load' 'sp_bias_12_load' <Predicate = (!tmp)> <Delay = 1.14> <CoreInst = "RAM">   --->   Core 81 'RAM' <Latency = 1> <II = 1> <Delay = 1.14> <Storage> <Opcode : 'load' 'store'> <Ports = 2> <Width = 16> <Depth = 8> <RAM>
ST_3 : Operation 173 [1/2] ( I:1.14ns O:1.14ns )   --->   "%sp_bias_13_load = load i3 %sp_bias_13_addr" [yolo_npu_v2.cpp:65]   --->   Operation 173 'load' 'sp_bias_13_load' <Predicate = (!tmp)> <Delay = 1.14> <CoreInst = "RAM">   --->   Core 81 'RAM' <Latency = 1> <II = 1> <Delay = 1.14> <Storage> <Opcode : 'load' 'store'> <Ports = 2> <Width = 16> <Depth = 8> <RAM>
ST_3 : Operation 174 [1/2] ( I:1.14ns O:1.14ns )   --->   "%sp_bias_14_load = load i3 %sp_bias_14_addr" [yolo_npu_v2.cpp:65]   --->   Operation 174 'load' 'sp_bias_14_load' <Predicate = (!tmp)> <Delay = 1.14> <CoreInst = "RAM">   --->   Core 81 'RAM' <Latency = 1> <II = 1> <Delay = 1.14> <Storage> <Opcode : 'load' 'store'> <Ports = 2> <Width = 16> <Depth = 8> <RAM>
ST_3 : Operation 175 [1/2] ( I:1.14ns O:1.14ns )   --->   "%sp_bias_15_load = load i3 %sp_bias_15_addr" [yolo_npu_v2.cpp:65]   --->   Operation 175 'load' 'sp_bias_15_load' <Predicate = (!tmp)> <Delay = 1.14> <CoreInst = "RAM">   --->   Core 81 'RAM' <Latency = 1> <II = 1> <Delay = 1.14> <Storage> <Opcode : 'load' 'store'> <Ports = 2> <Width = 16> <Depth = 8> <RAM>
ST_3 : Operation 176 [1/2] ( I:1.14ns O:1.14ns )   --->   "%sp_bias_16_load = load i3 %sp_bias_16_addr" [yolo_npu_v2.cpp:65]   --->   Operation 176 'load' 'sp_bias_16_load' <Predicate = (!tmp)> <Delay = 1.14> <CoreInst = "RAM">   --->   Core 81 'RAM' <Latency = 1> <II = 1> <Delay = 1.14> <Storage> <Opcode : 'load' 'store'> <Ports = 2> <Width = 16> <Depth = 8> <RAM>
ST_3 : Operation 177 [1/2] ( I:1.14ns O:1.14ns )   --->   "%sp_bias_17_load = load i3 %sp_bias_17_addr" [yolo_npu_v2.cpp:65]   --->   Operation 177 'load' 'sp_bias_17_load' <Predicate = (!tmp)> <Delay = 1.14> <CoreInst = "RAM">   --->   Core 81 'RAM' <Latency = 1> <II = 1> <Delay = 1.14> <Storage> <Opcode : 'load' 'store'> <Ports = 2> <Width = 16> <Depth = 8> <RAM>
ST_3 : Operation 178 [1/2] ( I:1.14ns O:1.14ns )   --->   "%sp_bias_18_load = load i3 %sp_bias_18_addr" [yolo_npu_v2.cpp:65]   --->   Operation 178 'load' 'sp_bias_18_load' <Predicate = (!tmp)> <Delay = 1.14> <CoreInst = "RAM">   --->   Core 81 'RAM' <Latency = 1> <II = 1> <Delay = 1.14> <Storage> <Opcode : 'load' 'store'> <Ports = 2> <Width = 16> <Depth = 8> <RAM>
ST_3 : Operation 179 [1/2] ( I:1.14ns O:1.14ns )   --->   "%sp_bias_19_load = load i3 %sp_bias_19_addr" [yolo_npu_v2.cpp:65]   --->   Operation 179 'load' 'sp_bias_19_load' <Predicate = (!tmp)> <Delay = 1.14> <CoreInst = "RAM">   --->   Core 81 'RAM' <Latency = 1> <II = 1> <Delay = 1.14> <Storage> <Opcode : 'load' 'store'> <Ports = 2> <Width = 16> <Depth = 8> <RAM>
ST_3 : Operation 180 [1/2] ( I:1.14ns O:1.14ns )   --->   "%sp_bias_20_load = load i3 %sp_bias_20_addr" [yolo_npu_v2.cpp:65]   --->   Operation 180 'load' 'sp_bias_20_load' <Predicate = (!tmp)> <Delay = 1.14> <CoreInst = "RAM">   --->   Core 81 'RAM' <Latency = 1> <II = 1> <Delay = 1.14> <Storage> <Opcode : 'load' 'store'> <Ports = 2> <Width = 16> <Depth = 8> <RAM>
ST_3 : Operation 181 [1/2] ( I:1.14ns O:1.14ns )   --->   "%sp_bias_21_load = load i3 %sp_bias_21_addr" [yolo_npu_v2.cpp:65]   --->   Operation 181 'load' 'sp_bias_21_load' <Predicate = (!tmp)> <Delay = 1.14> <CoreInst = "RAM">   --->   Core 81 'RAM' <Latency = 1> <II = 1> <Delay = 1.14> <Storage> <Opcode : 'load' 'store'> <Ports = 2> <Width = 16> <Depth = 8> <RAM>
ST_3 : Operation 182 [1/2] ( I:1.14ns O:1.14ns )   --->   "%sp_bias_22_load = load i3 %sp_bias_22_addr" [yolo_npu_v2.cpp:65]   --->   Operation 182 'load' 'sp_bias_22_load' <Predicate = (!tmp)> <Delay = 1.14> <CoreInst = "RAM">   --->   Core 81 'RAM' <Latency = 1> <II = 1> <Delay = 1.14> <Storage> <Opcode : 'load' 'store'> <Ports = 2> <Width = 16> <Depth = 8> <RAM>
ST_3 : Operation 183 [1/2] ( I:1.14ns O:1.14ns )   --->   "%sp_bias_23_load = load i3 %sp_bias_23_addr" [yolo_npu_v2.cpp:65]   --->   Operation 183 'load' 'sp_bias_23_load' <Predicate = (!tmp)> <Delay = 1.14> <CoreInst = "RAM">   --->   Core 81 'RAM' <Latency = 1> <II = 1> <Delay = 1.14> <Storage> <Opcode : 'load' 'store'> <Ports = 2> <Width = 16> <Depth = 8> <RAM>
ST_3 : Operation 184 [1/2] ( I:1.14ns O:1.14ns )   --->   "%sp_bias_24_load = load i3 %sp_bias_24_addr" [yolo_npu_v2.cpp:65]   --->   Operation 184 'load' 'sp_bias_24_load' <Predicate = (!tmp)> <Delay = 1.14> <CoreInst = "RAM">   --->   Core 81 'RAM' <Latency = 1> <II = 1> <Delay = 1.14> <Storage> <Opcode : 'load' 'store'> <Ports = 2> <Width = 16> <Depth = 8> <RAM>
ST_3 : Operation 185 [1/2] ( I:1.14ns O:1.14ns )   --->   "%sp_bias_25_load = load i3 %sp_bias_25_addr" [yolo_npu_v2.cpp:65]   --->   Operation 185 'load' 'sp_bias_25_load' <Predicate = (!tmp)> <Delay = 1.14> <CoreInst = "RAM">   --->   Core 81 'RAM' <Latency = 1> <II = 1> <Delay = 1.14> <Storage> <Opcode : 'load' 'store'> <Ports = 2> <Width = 16> <Depth = 8> <RAM>
ST_3 : Operation 186 [1/2] ( I:1.14ns O:1.14ns )   --->   "%sp_bias_26_load = load i3 %sp_bias_26_addr" [yolo_npu_v2.cpp:65]   --->   Operation 186 'load' 'sp_bias_26_load' <Predicate = (!tmp)> <Delay = 1.14> <CoreInst = "RAM">   --->   Core 81 'RAM' <Latency = 1> <II = 1> <Delay = 1.14> <Storage> <Opcode : 'load' 'store'> <Ports = 2> <Width = 16> <Depth = 8> <RAM>
ST_3 : Operation 187 [1/2] ( I:1.14ns O:1.14ns )   --->   "%sp_bias_27_load = load i3 %sp_bias_27_addr" [yolo_npu_v2.cpp:65]   --->   Operation 187 'load' 'sp_bias_27_load' <Predicate = (!tmp)> <Delay = 1.14> <CoreInst = "RAM">   --->   Core 81 'RAM' <Latency = 1> <II = 1> <Delay = 1.14> <Storage> <Opcode : 'load' 'store'> <Ports = 2> <Width = 16> <Depth = 8> <RAM>
ST_3 : Operation 188 [1/2] ( I:1.14ns O:1.14ns )   --->   "%sp_bias_28_load = load i3 %sp_bias_28_addr" [yolo_npu_v2.cpp:65]   --->   Operation 188 'load' 'sp_bias_28_load' <Predicate = (!tmp)> <Delay = 1.14> <CoreInst = "RAM">   --->   Core 81 'RAM' <Latency = 1> <II = 1> <Delay = 1.14> <Storage> <Opcode : 'load' 'store'> <Ports = 2> <Width = 16> <Depth = 8> <RAM>
ST_3 : Operation 189 [1/2] ( I:1.14ns O:1.14ns )   --->   "%sp_bias_29_load = load i3 %sp_bias_29_addr" [yolo_npu_v2.cpp:65]   --->   Operation 189 'load' 'sp_bias_29_load' <Predicate = (!tmp)> <Delay = 1.14> <CoreInst = "RAM">   --->   Core 81 'RAM' <Latency = 1> <II = 1> <Delay = 1.14> <Storage> <Opcode : 'load' 'store'> <Ports = 2> <Width = 16> <Depth = 8> <RAM>
ST_3 : Operation 190 [1/2] ( I:1.14ns O:1.14ns )   --->   "%sp_bias_30_load = load i3 %sp_bias_30_addr" [yolo_npu_v2.cpp:65]   --->   Operation 190 'load' 'sp_bias_30_load' <Predicate = (!tmp)> <Delay = 1.14> <CoreInst = "RAM">   --->   Core 81 'RAM' <Latency = 1> <II = 1> <Delay = 1.14> <Storage> <Opcode : 'load' 'store'> <Ports = 2> <Width = 16> <Depth = 8> <RAM>
ST_3 : Operation 191 [1/2] ( I:1.14ns O:1.14ns )   --->   "%sp_bias_31_load = load i3 %sp_bias_31_addr" [yolo_npu_v2.cpp:65]   --->   Operation 191 'load' 'sp_bias_31_load' <Predicate = (!tmp)> <Delay = 1.14> <CoreInst = "RAM">   --->   Core 81 'RAM' <Latency = 1> <II = 1> <Delay = 1.14> <Storage> <Opcode : 'load' 'store'> <Ports = 2> <Width = 16> <Depth = 8> <RAM>
ST_3 : Operation 192 [1/1] (1.71ns)   --->   "%tmp_s = sparsemux i16 @_ssdm_op_SparseMux.ap_auto.32i16.i16.i5, i5 0, i16 %sp_bias_load, i5 1, i16 %sp_bias_1_load, i5 2, i16 %sp_bias_2_load, i5 3, i16 %sp_bias_3_load, i5 4, i16 %sp_bias_4_load, i5 5, i16 %sp_bias_5_load, i5 6, i16 %sp_bias_6_load, i5 7, i16 %sp_bias_7_load, i5 8, i16 %sp_bias_8_load, i5 9, i16 %sp_bias_9_load, i5 10, i16 %sp_bias_10_load, i5 11, i16 %sp_bias_11_load, i5 12, i16 %sp_bias_12_load, i5 13, i16 %sp_bias_13_load, i5 14, i16 %sp_bias_14_load, i5 15, i16 %sp_bias_15_load, i5 16, i16 %sp_bias_16_load, i5 17, i16 %sp_bias_17_load, i5 18, i16 %sp_bias_18_load, i5 19, i16 %sp_bias_19_load, i5 20, i16 %sp_bias_20_load, i5 21, i16 %sp_bias_21_load, i5 22, i16 %sp_bias_22_load, i5 23, i16 %sp_bias_23_load, i5 24, i16 %sp_bias_24_load, i5 25, i16 %sp_bias_25_load, i5 26, i16 %sp_bias_26_load, i5 27, i16 %sp_bias_27_load, i5 28, i16 %sp_bias_28_load, i5 29, i16 %sp_bias_29_load, i5 30, i16 %sp_bias_30_load, i5 31, i16 %sp_bias_31_load, i16 0, i5 %trunc_ln62" [yolo_npu_v2.cpp:65]   --->   Operation 192 'sparsemux' 'tmp_s' <Predicate = (!tmp)> <Delay = 1.71> <CoreInst = "BinarySparseMux_DontCare">   --->   Core 137 'BinarySparseMux_DontCare' <Latency = 0> <II = 1> <Delay = 1.71> <FuncUnit> <Opcode : 'sparsemux'> <InPorts = 2> <OutPorts = 1>
ST_3 : Operation 193 [1/1] (0.39ns)   --->   "%ref_tmp_0 = select i1 %tmp, i16 32768, i16 %tmp_s" [yolo_npu_v2.cpp:65]   --->   Operation 193 'select' 'ref_tmp_0' <Predicate = true> <Delay = 0.39> <CoreInst = "Sel">   --->   Core 73 'Sel' <Latency = 0> <II = 1> <Delay = 0.39> <FuncUnit> <Opcode : 'select'> <InPorts = 3> <OutPorts = 1>
ST_3 : Operation 194 [1/1] ( I:2.26ns O:2.26ns )   --->   "%store_ln65 = store i16 %ref_tmp_0, i11 %sp_out_fm_30_addr" [yolo_npu_v2.cpp:65]   --->   Operation 194 'store' 'store_ln65' <Predicate = (trunc_ln62 == 30)> <Delay = 2.26> <CoreInst = "RAM">   --->   Core 81 'RAM' <Latency = 1> <II = 1> <Delay = 2.26> <Storage> <Opcode : 'load' 'store'> <Ports = 2> <Width = 16> <Depth = 2048> <RAM>
ST_3 : Operation 195 [1/1] (0.00ns)   --->   "%br_ln65 = br void %arrayidx9321.exit" [yolo_npu_v2.cpp:65]   --->   Operation 195 'br' 'br_ln65' <Predicate = (trunc_ln62 == 30)> <Delay = 0.00>
ST_3 : Operation 196 [1/1] ( I:2.26ns O:2.26ns )   --->   "%store_ln65 = store i16 %ref_tmp_0, i11 %sp_out_fm_29_addr" [yolo_npu_v2.cpp:65]   --->   Operation 196 'store' 'store_ln65' <Predicate = (trunc_ln62 == 29)> <Delay = 2.26> <CoreInst = "RAM">   --->   Core 81 'RAM' <Latency = 1> <II = 1> <Delay = 2.26> <Storage> <Opcode : 'load' 'store'> <Ports = 2> <Width = 16> <Depth = 2048> <RAM>
ST_3 : Operation 197 [1/1] (0.00ns)   --->   "%br_ln65 = br void %arrayidx9321.exit" [yolo_npu_v2.cpp:65]   --->   Operation 197 'br' 'br_ln65' <Predicate = (trunc_ln62 == 29)> <Delay = 0.00>
ST_3 : Operation 198 [1/1] ( I:2.26ns O:2.26ns )   --->   "%store_ln65 = store i16 %ref_tmp_0, i11 %sp_out_fm_28_addr" [yolo_npu_v2.cpp:65]   --->   Operation 198 'store' 'store_ln65' <Predicate = (trunc_ln62 == 28)> <Delay = 2.26> <CoreInst = "RAM">   --->   Core 81 'RAM' <Latency = 1> <II = 1> <Delay = 2.26> <Storage> <Opcode : 'load' 'store'> <Ports = 2> <Width = 16> <Depth = 2048> <RAM>
ST_3 : Operation 199 [1/1] (0.00ns)   --->   "%br_ln65 = br void %arrayidx9321.exit" [yolo_npu_v2.cpp:65]   --->   Operation 199 'br' 'br_ln65' <Predicate = (trunc_ln62 == 28)> <Delay = 0.00>
ST_3 : Operation 200 [1/1] ( I:2.26ns O:2.26ns )   --->   "%store_ln65 = store i16 %ref_tmp_0, i11 %sp_out_fm_27_addr" [yolo_npu_v2.cpp:65]   --->   Operation 200 'store' 'store_ln65' <Predicate = (trunc_ln62 == 27)> <Delay = 2.26> <CoreInst = "RAM">   --->   Core 81 'RAM' <Latency = 1> <II = 1> <Delay = 2.26> <Storage> <Opcode : 'load' 'store'> <Ports = 2> <Width = 16> <Depth = 2048> <RAM>
ST_3 : Operation 201 [1/1] (0.00ns)   --->   "%br_ln65 = br void %arrayidx9321.exit" [yolo_npu_v2.cpp:65]   --->   Operation 201 'br' 'br_ln65' <Predicate = (trunc_ln62 == 27)> <Delay = 0.00>
ST_3 : Operation 202 [1/1] ( I:2.26ns O:2.26ns )   --->   "%store_ln65 = store i16 %ref_tmp_0, i11 %sp_out_fm_26_addr" [yolo_npu_v2.cpp:65]   --->   Operation 202 'store' 'store_ln65' <Predicate = (trunc_ln62 == 26)> <Delay = 2.26> <CoreInst = "RAM">   --->   Core 81 'RAM' <Latency = 1> <II = 1> <Delay = 2.26> <Storage> <Opcode : 'load' 'store'> <Ports = 2> <Width = 16> <Depth = 2048> <RAM>
ST_3 : Operation 203 [1/1] (0.00ns)   --->   "%br_ln65 = br void %arrayidx9321.exit" [yolo_npu_v2.cpp:65]   --->   Operation 203 'br' 'br_ln65' <Predicate = (trunc_ln62 == 26)> <Delay = 0.00>
ST_3 : Operation 204 [1/1] ( I:2.26ns O:2.26ns )   --->   "%store_ln65 = store i16 %ref_tmp_0, i11 %sp_out_fm_25_addr" [yolo_npu_v2.cpp:65]   --->   Operation 204 'store' 'store_ln65' <Predicate = (trunc_ln62 == 25)> <Delay = 2.26> <CoreInst = "RAM">   --->   Core 81 'RAM' <Latency = 1> <II = 1> <Delay = 2.26> <Storage> <Opcode : 'load' 'store'> <Ports = 2> <Width = 16> <Depth = 2048> <RAM>
ST_3 : Operation 205 [1/1] (0.00ns)   --->   "%br_ln65 = br void %arrayidx9321.exit" [yolo_npu_v2.cpp:65]   --->   Operation 205 'br' 'br_ln65' <Predicate = (trunc_ln62 == 25)> <Delay = 0.00>
ST_3 : Operation 206 [1/1] ( I:2.26ns O:2.26ns )   --->   "%store_ln65 = store i16 %ref_tmp_0, i11 %sp_out_fm_24_addr" [yolo_npu_v2.cpp:65]   --->   Operation 206 'store' 'store_ln65' <Predicate = (trunc_ln62 == 24)> <Delay = 2.26> <CoreInst = "RAM">   --->   Core 81 'RAM' <Latency = 1> <II = 1> <Delay = 2.26> <Storage> <Opcode : 'load' 'store'> <Ports = 2> <Width = 16> <Depth = 2048> <RAM>
ST_3 : Operation 207 [1/1] (0.00ns)   --->   "%br_ln65 = br void %arrayidx9321.exit" [yolo_npu_v2.cpp:65]   --->   Operation 207 'br' 'br_ln65' <Predicate = (trunc_ln62 == 24)> <Delay = 0.00>
ST_3 : Operation 208 [1/1] ( I:2.26ns O:2.26ns )   --->   "%store_ln65 = store i16 %ref_tmp_0, i11 %sp_out_fm_23_addr" [yolo_npu_v2.cpp:65]   --->   Operation 208 'store' 'store_ln65' <Predicate = (trunc_ln62 == 23)> <Delay = 2.26> <CoreInst = "RAM">   --->   Core 81 'RAM' <Latency = 1> <II = 1> <Delay = 2.26> <Storage> <Opcode : 'load' 'store'> <Ports = 2> <Width = 16> <Depth = 2048> <RAM>
ST_3 : Operation 209 [1/1] (0.00ns)   --->   "%br_ln65 = br void %arrayidx9321.exit" [yolo_npu_v2.cpp:65]   --->   Operation 209 'br' 'br_ln65' <Predicate = (trunc_ln62 == 23)> <Delay = 0.00>
ST_3 : Operation 210 [1/1] ( I:2.26ns O:2.26ns )   --->   "%store_ln65 = store i16 %ref_tmp_0, i11 %sp_out_fm_22_addr" [yolo_npu_v2.cpp:65]   --->   Operation 210 'store' 'store_ln65' <Predicate = (trunc_ln62 == 22)> <Delay = 2.26> <CoreInst = "RAM">   --->   Core 81 'RAM' <Latency = 1> <II = 1> <Delay = 2.26> <Storage> <Opcode : 'load' 'store'> <Ports = 2> <Width = 16> <Depth = 2048> <RAM>
ST_3 : Operation 211 [1/1] (0.00ns)   --->   "%br_ln65 = br void %arrayidx9321.exit" [yolo_npu_v2.cpp:65]   --->   Operation 211 'br' 'br_ln65' <Predicate = (trunc_ln62 == 22)> <Delay = 0.00>
ST_3 : Operation 212 [1/1] ( I:2.26ns O:2.26ns )   --->   "%store_ln65 = store i16 %ref_tmp_0, i11 %sp_out_fm_21_addr" [yolo_npu_v2.cpp:65]   --->   Operation 212 'store' 'store_ln65' <Predicate = (trunc_ln62 == 21)> <Delay = 2.26> <CoreInst = "RAM">   --->   Core 81 'RAM' <Latency = 1> <II = 1> <Delay = 2.26> <Storage> <Opcode : 'load' 'store'> <Ports = 2> <Width = 16> <Depth = 2048> <RAM>
ST_3 : Operation 213 [1/1] (0.00ns)   --->   "%br_ln65 = br void %arrayidx9321.exit" [yolo_npu_v2.cpp:65]   --->   Operation 213 'br' 'br_ln65' <Predicate = (trunc_ln62 == 21)> <Delay = 0.00>
ST_3 : Operation 214 [1/1] ( I:2.26ns O:2.26ns )   --->   "%store_ln65 = store i16 %ref_tmp_0, i11 %sp_out_fm_20_addr" [yolo_npu_v2.cpp:65]   --->   Operation 214 'store' 'store_ln65' <Predicate = (trunc_ln62 == 20)> <Delay = 2.26> <CoreInst = "RAM">   --->   Core 81 'RAM' <Latency = 1> <II = 1> <Delay = 2.26> <Storage> <Opcode : 'load' 'store'> <Ports = 2> <Width = 16> <Depth = 2048> <RAM>
ST_3 : Operation 215 [1/1] (0.00ns)   --->   "%br_ln65 = br void %arrayidx9321.exit" [yolo_npu_v2.cpp:65]   --->   Operation 215 'br' 'br_ln65' <Predicate = (trunc_ln62 == 20)> <Delay = 0.00>
ST_3 : Operation 216 [1/1] ( I:2.26ns O:2.26ns )   --->   "%store_ln65 = store i16 %ref_tmp_0, i11 %sp_out_fm_19_addr" [yolo_npu_v2.cpp:65]   --->   Operation 216 'store' 'store_ln65' <Predicate = (trunc_ln62 == 19)> <Delay = 2.26> <CoreInst = "RAM">   --->   Core 81 'RAM' <Latency = 1> <II = 1> <Delay = 2.26> <Storage> <Opcode : 'load' 'store'> <Ports = 2> <Width = 16> <Depth = 2048> <RAM>
ST_3 : Operation 217 [1/1] (0.00ns)   --->   "%br_ln65 = br void %arrayidx9321.exit" [yolo_npu_v2.cpp:65]   --->   Operation 217 'br' 'br_ln65' <Predicate = (trunc_ln62 == 19)> <Delay = 0.00>
ST_3 : Operation 218 [1/1] ( I:2.26ns O:2.26ns )   --->   "%store_ln65 = store i16 %ref_tmp_0, i11 %sp_out_fm_18_addr" [yolo_npu_v2.cpp:65]   --->   Operation 218 'store' 'store_ln65' <Predicate = (trunc_ln62 == 18)> <Delay = 2.26> <CoreInst = "RAM">   --->   Core 81 'RAM' <Latency = 1> <II = 1> <Delay = 2.26> <Storage> <Opcode : 'load' 'store'> <Ports = 2> <Width = 16> <Depth = 2048> <RAM>
ST_3 : Operation 219 [1/1] (0.00ns)   --->   "%br_ln65 = br void %arrayidx9321.exit" [yolo_npu_v2.cpp:65]   --->   Operation 219 'br' 'br_ln65' <Predicate = (trunc_ln62 == 18)> <Delay = 0.00>
ST_3 : Operation 220 [1/1] ( I:2.26ns O:2.26ns )   --->   "%store_ln65 = store i16 %ref_tmp_0, i11 %sp_out_fm_17_addr" [yolo_npu_v2.cpp:65]   --->   Operation 220 'store' 'store_ln65' <Predicate = (trunc_ln62 == 17)> <Delay = 2.26> <CoreInst = "RAM">   --->   Core 81 'RAM' <Latency = 1> <II = 1> <Delay = 2.26> <Storage> <Opcode : 'load' 'store'> <Ports = 2> <Width = 16> <Depth = 2048> <RAM>
ST_3 : Operation 221 [1/1] (0.00ns)   --->   "%br_ln65 = br void %arrayidx9321.exit" [yolo_npu_v2.cpp:65]   --->   Operation 221 'br' 'br_ln65' <Predicate = (trunc_ln62 == 17)> <Delay = 0.00>
ST_3 : Operation 222 [1/1] ( I:2.26ns O:2.26ns )   --->   "%store_ln65 = store i16 %ref_tmp_0, i11 %sp_out_fm_16_addr" [yolo_npu_v2.cpp:65]   --->   Operation 222 'store' 'store_ln65' <Predicate = (trunc_ln62 == 16)> <Delay = 2.26> <CoreInst = "RAM">   --->   Core 81 'RAM' <Latency = 1> <II = 1> <Delay = 2.26> <Storage> <Opcode : 'load' 'store'> <Ports = 2> <Width = 16> <Depth = 2048> <RAM>
ST_3 : Operation 223 [1/1] (0.00ns)   --->   "%br_ln65 = br void %arrayidx9321.exit" [yolo_npu_v2.cpp:65]   --->   Operation 223 'br' 'br_ln65' <Predicate = (trunc_ln62 == 16)> <Delay = 0.00>
ST_3 : Operation 224 [1/1] ( I:2.26ns O:2.26ns )   --->   "%store_ln65 = store i16 %ref_tmp_0, i11 %sp_out_fm_15_addr" [yolo_npu_v2.cpp:65]   --->   Operation 224 'store' 'store_ln65' <Predicate = (trunc_ln62 == 15)> <Delay = 2.26> <CoreInst = "RAM">   --->   Core 81 'RAM' <Latency = 1> <II = 1> <Delay = 2.26> <Storage> <Opcode : 'load' 'store'> <Ports = 2> <Width = 16> <Depth = 2048> <RAM>
ST_3 : Operation 225 [1/1] (0.00ns)   --->   "%br_ln65 = br void %arrayidx9321.exit" [yolo_npu_v2.cpp:65]   --->   Operation 225 'br' 'br_ln65' <Predicate = (trunc_ln62 == 15)> <Delay = 0.00>
ST_3 : Operation 226 [1/1] ( I:2.26ns O:2.26ns )   --->   "%store_ln65 = store i16 %ref_tmp_0, i11 %sp_out_fm_14_addr" [yolo_npu_v2.cpp:65]   --->   Operation 226 'store' 'store_ln65' <Predicate = (trunc_ln62 == 14)> <Delay = 2.26> <CoreInst = "RAM">   --->   Core 81 'RAM' <Latency = 1> <II = 1> <Delay = 2.26> <Storage> <Opcode : 'load' 'store'> <Ports = 2> <Width = 16> <Depth = 2048> <RAM>
ST_3 : Operation 227 [1/1] (0.00ns)   --->   "%br_ln65 = br void %arrayidx9321.exit" [yolo_npu_v2.cpp:65]   --->   Operation 227 'br' 'br_ln65' <Predicate = (trunc_ln62 == 14)> <Delay = 0.00>
ST_3 : Operation 228 [1/1] ( I:2.26ns O:2.26ns )   --->   "%store_ln65 = store i16 %ref_tmp_0, i11 %sp_out_fm_13_addr" [yolo_npu_v2.cpp:65]   --->   Operation 228 'store' 'store_ln65' <Predicate = (trunc_ln62 == 13)> <Delay = 2.26> <CoreInst = "RAM">   --->   Core 81 'RAM' <Latency = 1> <II = 1> <Delay = 2.26> <Storage> <Opcode : 'load' 'store'> <Ports = 2> <Width = 16> <Depth = 2048> <RAM>
ST_3 : Operation 229 [1/1] (0.00ns)   --->   "%br_ln65 = br void %arrayidx9321.exit" [yolo_npu_v2.cpp:65]   --->   Operation 229 'br' 'br_ln65' <Predicate = (trunc_ln62 == 13)> <Delay = 0.00>
ST_3 : Operation 230 [1/1] ( I:2.26ns O:2.26ns )   --->   "%store_ln65 = store i16 %ref_tmp_0, i11 %sp_out_fm_12_addr" [yolo_npu_v2.cpp:65]   --->   Operation 230 'store' 'store_ln65' <Predicate = (trunc_ln62 == 12)> <Delay = 2.26> <CoreInst = "RAM">   --->   Core 81 'RAM' <Latency = 1> <II = 1> <Delay = 2.26> <Storage> <Opcode : 'load' 'store'> <Ports = 2> <Width = 16> <Depth = 2048> <RAM>
ST_3 : Operation 231 [1/1] (0.00ns)   --->   "%br_ln65 = br void %arrayidx9321.exit" [yolo_npu_v2.cpp:65]   --->   Operation 231 'br' 'br_ln65' <Predicate = (trunc_ln62 == 12)> <Delay = 0.00>
ST_3 : Operation 232 [1/1] ( I:2.26ns O:2.26ns )   --->   "%store_ln65 = store i16 %ref_tmp_0, i11 %sp_out_fm_11_addr" [yolo_npu_v2.cpp:65]   --->   Operation 232 'store' 'store_ln65' <Predicate = (trunc_ln62 == 11)> <Delay = 2.26> <CoreInst = "RAM">   --->   Core 81 'RAM' <Latency = 1> <II = 1> <Delay = 2.26> <Storage> <Opcode : 'load' 'store'> <Ports = 2> <Width = 16> <Depth = 2048> <RAM>
ST_3 : Operation 233 [1/1] (0.00ns)   --->   "%br_ln65 = br void %arrayidx9321.exit" [yolo_npu_v2.cpp:65]   --->   Operation 233 'br' 'br_ln65' <Predicate = (trunc_ln62 == 11)> <Delay = 0.00>
ST_3 : Operation 234 [1/1] ( I:2.26ns O:2.26ns )   --->   "%store_ln65 = store i16 %ref_tmp_0, i11 %sp_out_fm_10_addr" [yolo_npu_v2.cpp:65]   --->   Operation 234 'store' 'store_ln65' <Predicate = (trunc_ln62 == 10)> <Delay = 2.26> <CoreInst = "RAM">   --->   Core 81 'RAM' <Latency = 1> <II = 1> <Delay = 2.26> <Storage> <Opcode : 'load' 'store'> <Ports = 2> <Width = 16> <Depth = 2048> <RAM>
ST_3 : Operation 235 [1/1] (0.00ns)   --->   "%br_ln65 = br void %arrayidx9321.exit" [yolo_npu_v2.cpp:65]   --->   Operation 235 'br' 'br_ln65' <Predicate = (trunc_ln62 == 10)> <Delay = 0.00>
ST_3 : Operation 236 [1/1] ( I:2.26ns O:2.26ns )   --->   "%store_ln65 = store i16 %ref_tmp_0, i11 %sp_out_fm_9_addr" [yolo_npu_v2.cpp:65]   --->   Operation 236 'store' 'store_ln65' <Predicate = (trunc_ln62 == 9)> <Delay = 2.26> <CoreInst = "RAM">   --->   Core 81 'RAM' <Latency = 1> <II = 1> <Delay = 2.26> <Storage> <Opcode : 'load' 'store'> <Ports = 2> <Width = 16> <Depth = 2048> <RAM>
ST_3 : Operation 237 [1/1] (0.00ns)   --->   "%br_ln65 = br void %arrayidx9321.exit" [yolo_npu_v2.cpp:65]   --->   Operation 237 'br' 'br_ln65' <Predicate = (trunc_ln62 == 9)> <Delay = 0.00>
ST_3 : Operation 238 [1/1] ( I:2.26ns O:2.26ns )   --->   "%store_ln65 = store i16 %ref_tmp_0, i11 %sp_out_fm_8_addr" [yolo_npu_v2.cpp:65]   --->   Operation 238 'store' 'store_ln65' <Predicate = (trunc_ln62 == 8)> <Delay = 2.26> <CoreInst = "RAM">   --->   Core 81 'RAM' <Latency = 1> <II = 1> <Delay = 2.26> <Storage> <Opcode : 'load' 'store'> <Ports = 2> <Width = 16> <Depth = 2048> <RAM>
ST_3 : Operation 239 [1/1] (0.00ns)   --->   "%br_ln65 = br void %arrayidx9321.exit" [yolo_npu_v2.cpp:65]   --->   Operation 239 'br' 'br_ln65' <Predicate = (trunc_ln62 == 8)> <Delay = 0.00>
ST_3 : Operation 240 [1/1] ( I:2.26ns O:2.26ns )   --->   "%store_ln65 = store i16 %ref_tmp_0, i11 %sp_out_fm_7_addr" [yolo_npu_v2.cpp:65]   --->   Operation 240 'store' 'store_ln65' <Predicate = (trunc_ln62 == 7)> <Delay = 2.26> <CoreInst = "RAM">   --->   Core 81 'RAM' <Latency = 1> <II = 1> <Delay = 2.26> <Storage> <Opcode : 'load' 'store'> <Ports = 2> <Width = 16> <Depth = 2048> <RAM>
ST_3 : Operation 241 [1/1] (0.00ns)   --->   "%br_ln65 = br void %arrayidx9321.exit" [yolo_npu_v2.cpp:65]   --->   Operation 241 'br' 'br_ln65' <Predicate = (trunc_ln62 == 7)> <Delay = 0.00>
ST_3 : Operation 242 [1/1] ( I:2.26ns O:2.26ns )   --->   "%store_ln65 = store i16 %ref_tmp_0, i11 %sp_out_fm_6_addr" [yolo_npu_v2.cpp:65]   --->   Operation 242 'store' 'store_ln65' <Predicate = (trunc_ln62 == 6)> <Delay = 2.26> <CoreInst = "RAM">   --->   Core 81 'RAM' <Latency = 1> <II = 1> <Delay = 2.26> <Storage> <Opcode : 'load' 'store'> <Ports = 2> <Width = 16> <Depth = 2048> <RAM>
ST_3 : Operation 243 [1/1] (0.00ns)   --->   "%br_ln65 = br void %arrayidx9321.exit" [yolo_npu_v2.cpp:65]   --->   Operation 243 'br' 'br_ln65' <Predicate = (trunc_ln62 == 6)> <Delay = 0.00>
ST_3 : Operation 244 [1/1] ( I:2.26ns O:2.26ns )   --->   "%store_ln65 = store i16 %ref_tmp_0, i11 %sp_out_fm_5_addr" [yolo_npu_v2.cpp:65]   --->   Operation 244 'store' 'store_ln65' <Predicate = (trunc_ln62 == 5)> <Delay = 2.26> <CoreInst = "RAM">   --->   Core 81 'RAM' <Latency = 1> <II = 1> <Delay = 2.26> <Storage> <Opcode : 'load' 'store'> <Ports = 2> <Width = 16> <Depth = 2048> <RAM>
ST_3 : Operation 245 [1/1] (0.00ns)   --->   "%br_ln65 = br void %arrayidx9321.exit" [yolo_npu_v2.cpp:65]   --->   Operation 245 'br' 'br_ln65' <Predicate = (trunc_ln62 == 5)> <Delay = 0.00>
ST_3 : Operation 246 [1/1] ( I:2.26ns O:2.26ns )   --->   "%store_ln65 = store i16 %ref_tmp_0, i11 %sp_out_fm_4_addr" [yolo_npu_v2.cpp:65]   --->   Operation 246 'store' 'store_ln65' <Predicate = (trunc_ln62 == 4)> <Delay = 2.26> <CoreInst = "RAM">   --->   Core 81 'RAM' <Latency = 1> <II = 1> <Delay = 2.26> <Storage> <Opcode : 'load' 'store'> <Ports = 2> <Width = 16> <Depth = 2048> <RAM>
ST_3 : Operation 247 [1/1] (0.00ns)   --->   "%br_ln65 = br void %arrayidx9321.exit" [yolo_npu_v2.cpp:65]   --->   Operation 247 'br' 'br_ln65' <Predicate = (trunc_ln62 == 4)> <Delay = 0.00>
ST_3 : Operation 248 [1/1] ( I:2.26ns O:2.26ns )   --->   "%store_ln65 = store i16 %ref_tmp_0, i11 %sp_out_fm_3_addr" [yolo_npu_v2.cpp:65]   --->   Operation 248 'store' 'store_ln65' <Predicate = (trunc_ln62 == 3)> <Delay = 2.26> <CoreInst = "RAM">   --->   Core 81 'RAM' <Latency = 1> <II = 1> <Delay = 2.26> <Storage> <Opcode : 'load' 'store'> <Ports = 2> <Width = 16> <Depth = 2048> <RAM>
ST_3 : Operation 249 [1/1] (0.00ns)   --->   "%br_ln65 = br void %arrayidx9321.exit" [yolo_npu_v2.cpp:65]   --->   Operation 249 'br' 'br_ln65' <Predicate = (trunc_ln62 == 3)> <Delay = 0.00>
ST_3 : Operation 250 [1/1] ( I:2.26ns O:2.26ns )   --->   "%store_ln65 = store i16 %ref_tmp_0, i11 %sp_out_fm_2_addr" [yolo_npu_v2.cpp:65]   --->   Operation 250 'store' 'store_ln65' <Predicate = (trunc_ln62 == 2)> <Delay = 2.26> <CoreInst = "RAM">   --->   Core 81 'RAM' <Latency = 1> <II = 1> <Delay = 2.26> <Storage> <Opcode : 'load' 'store'> <Ports = 2> <Width = 16> <Depth = 2048> <RAM>
ST_3 : Operation 251 [1/1] (0.00ns)   --->   "%br_ln65 = br void %arrayidx9321.exit" [yolo_npu_v2.cpp:65]   --->   Operation 251 'br' 'br_ln65' <Predicate = (trunc_ln62 == 2)> <Delay = 0.00>
ST_3 : Operation 252 [1/1] ( I:2.26ns O:2.26ns )   --->   "%store_ln65 = store i16 %ref_tmp_0, i11 %sp_out_fm_1_addr" [yolo_npu_v2.cpp:65]   --->   Operation 252 'store' 'store_ln65' <Predicate = (trunc_ln62 == 1)> <Delay = 2.26> <CoreInst = "RAM">   --->   Core 81 'RAM' <Latency = 1> <II = 1> <Delay = 2.26> <Storage> <Opcode : 'load' 'store'> <Ports = 2> <Width = 16> <Depth = 2048> <RAM>
ST_3 : Operation 253 [1/1] (0.00ns)   --->   "%br_ln65 = br void %arrayidx9321.exit" [yolo_npu_v2.cpp:65]   --->   Operation 253 'br' 'br_ln65' <Predicate = (trunc_ln62 == 1)> <Delay = 0.00>
ST_3 : Operation 254 [1/1] ( I:2.26ns O:2.26ns )   --->   "%store_ln65 = store i16 %ref_tmp_0, i11 %sp_out_fm_addr" [yolo_npu_v2.cpp:65]   --->   Operation 254 'store' 'store_ln65' <Predicate = (trunc_ln62 == 0)> <Delay = 2.26> <CoreInst = "RAM">   --->   Core 81 'RAM' <Latency = 1> <II = 1> <Delay = 2.26> <Storage> <Opcode : 'load' 'store'> <Ports = 2> <Width = 16> <Depth = 2048> <RAM>
ST_3 : Operation 255 [1/1] (0.00ns)   --->   "%br_ln65 = br void %arrayidx9321.exit" [yolo_npu_v2.cpp:65]   --->   Operation 255 'br' 'br_ln65' <Predicate = (trunc_ln62 == 0)> <Delay = 0.00>
ST_3 : Operation 256 [1/1] ( I:2.26ns O:2.26ns )   --->   "%store_ln65 = store i16 %ref_tmp_0, i11 %sp_out_fm_31_addr" [yolo_npu_v2.cpp:65]   --->   Operation 256 'store' 'store_ln65' <Predicate = (trunc_ln62 == 31)> <Delay = 2.26> <CoreInst = "RAM">   --->   Core 81 'RAM' <Latency = 1> <II = 1> <Delay = 2.26> <Storage> <Opcode : 'load' 'store'> <Ports = 2> <Width = 16> <Depth = 2048> <RAM>
ST_3 : Operation 257 [1/1] (0.00ns)   --->   "%br_ln65 = br void %arrayidx9321.exit" [yolo_npu_v2.cpp:65]   --->   Operation 257 'br' 'br_ln65' <Predicate = (trunc_ln62 == 31)> <Delay = 0.00>


============================================================
+ Verbose Summary: Timing violations
============================================================
Target clock period: 20.000ns, clock uncertainty: 5.400ns.

 <State 1>: 0.833ns
The critical path consists of the following:
	'alloca' operation 93 bit ('indvar_flatten61') [73]  (0.000 ns)
	'store' operation ('store_ln0') of constant 0 93 bit on local variable 'indvar_flatten61' [79]  (0.833 ns)

 <State 2>: 6.968ns
The critical path consists of the following:
	'load' operation 64 bit ('indvar_flatten37_load', yolo_npu_v2.cpp:60) on local variable 'indvar_flatten37' [87]  (0.000 ns)
	'icmp' operation 1 bit ('icmp_ln60', yolo_npu_v2.cpp:60) [100]  (1.726 ns)
	'select' operation 31 bit ('select_ln58', yolo_npu_v2.cpp:58) [101]  (0.514 ns)
	'add' operation 31 bit ('add_ln60', yolo_npu_v2.cpp:60) [107]  (1.504 ns)
	'select' operation 31 bit ('select_ln60_1', yolo_npu_v2.cpp:60) [109]  (0.514 ns)
	'add' operation 8 bit ('add_ln65', yolo_npu_v2.cpp:65) [112]  (1.357 ns)
	'add' operation 11 bit ('add_ln65_1', yolo_npu_v2.cpp:65) [118]  (1.353 ns)

 <State 3>: 5.523ns
The critical path consists of the following:
	'load' operation 16 bit ('sp_bias_load', yolo_npu_v2.cpp:65) on array 'sp_bias' [184]  (1.148 ns)
	'sparsemux' operation 16 bit ('tmp_s', yolo_npu_v2.cpp:65) [216]  (1.719 ns)
	'select' operation 16 bit ('ref_tmp_0', yolo_npu_v2.cpp:65) [217]  (0.390 ns)
	'store' operation ('store_ln65', yolo_npu_v2.cpp:65) of variable 'ref_tmp_0', yolo_npu_v2.cpp:65 16 bit on array 'sp_out_fm_28' [226]  (2.266 ns)


============================================================
+ Verbose Summary: Binding
============================================================
N/A
* FSMD analyzer results:
  - Output states:
 - Input state : 
  - Chain level:
	State 1
	State 2
	State 3


============================================================
+ Verbose Summary: Datapath Resource usage 
============================================================
N/A
