

================================================================
== Vitis HLS Report for 'yolo_npu_v2_core_Pipeline_VITIS_LOOP_116_16'
================================================================
* Date:           Fri Jun 19 21:54:21 2026

* Version:        2025.2 (Build 6295257 on Nov 14 2025)
* Project:        yolo_npu
* Solution:       hls (Vivado IP Flow Target)
* Product family: kintex7
* Target device:  xc7k325t-ffg900-2


================================================================
== Performance Estimates
================================================================
+ Timing: 
    * Summary: 
    +--------+----------+----------+------------+
    |  Clock |  Target  | Estimated| Uncertainty|
    +--------+----------+----------+------------+
    |ap_clk  |  20.00 ns|  2.854 ns|     5.40 ns|
    +--------+----------+----------+------------+

+ Latency: 
    * Summary: 
    +---------+---------+----------+----------+-----+-----+-------------------+
    |  Latency (cycles) |  Latency (absolute) |  Interval |      Pipeline     |
    |   min   |   max   |    min   |    max   | min | max |        Type       |
    +---------+---------+----------+----------+-----+-----+-------------------+
    |       34|       34|  0.680 us|  0.680 us|    0|    0|  loop pipeline stp|
    +---------+---------+----------+----------+-----+-----+-------------------+

    + Detail: 
        * Instance: 
        N/A

        * Loop: 
        +---------------------+---------+---------+----------+-----------+-----------+------+----------+
        |                     |  Latency (cycles) | Iteration|  Initiation Interval  | Trip |          |
        |      Loop Name      |   min   |   max   |  Latency |  achieved |   target  | Count| Pipelined|
        +---------------------+---------+---------+----------+-----------+-----------+------+----------+
        |- VITIS_LOOP_116_16  |       32|       32|         1|          1|          1|    32|       yes|
        +---------------------+---------+---------+----------+-----------+-----------+------+----------+

============================================================
+ Verbose Summary: Synthesis Manager
============================================================
InlineROM: 1
ExposeGlobal: 0
============================================================
+ Verbose Summary: CDFG Model
============================================================
IsTopModel: 0
ResetActiveHigh: 1
IsCombinational: 0
IsDatapathOnly: 0
HasWiredReturn: 1
HasMFsm: 2
HasVarLatency: 1
IsPipeline: 0
IsRtlPipelined: 0
IsInstanceOverlapped: 0
IsDontTouch: 0
HasImplIP: 0
IsGatedGlobalClock: 0

+ Individual pipeline summary: 
  * Pipeline-0: initiation interval (II) = 1, depth = 1


============================================================
+ Verbose Summary: Schedule
============================================================
* Number of FSM states : 1
* Pipeline : 1
  Pipeline-0 : II = 1, D = 1, States = { 1 }
* Dataflow Pipeline: 0

* FSM state transitions: 
1 --> 

* FSM state operations: 

State 1 <SV = 0> <Delay = 2.85>
ST_1 : Operation 4 [1/1] (0.00ns)   --->   "%i = alloca i32 1" [yolo_npu_v2.cpp:116]   --->   Operation 4 'alloca' 'i' <Predicate = true> <Delay = 0.00>
ST_1 : Operation 5 [1/1] (0.00ns)   --->   "%acc = alloca i32 1" [yolo_npu_v2.cpp:114]   --->   Operation 5 'alloca' 'acc' <Predicate = true> <Delay = 0.00>
ST_1 : Operation 6 [1/1] (0.00ns)   --->   "%acc_1 = alloca i32 1" [yolo_npu_v2.cpp:114]   --->   Operation 6 'alloca' 'acc_1' <Predicate = true> <Delay = 0.00>
ST_1 : Operation 7 [1/1] (0.00ns)   --->   "%acc_2 = alloca i32 1" [yolo_npu_v2.cpp:114]   --->   Operation 7 'alloca' 'acc_2' <Predicate = true> <Delay = 0.00>
ST_1 : Operation 8 [1/1] (0.00ns)   --->   "%acc_3 = alloca i32 1" [yolo_npu_v2.cpp:114]   --->   Operation 8 'alloca' 'acc_3' <Predicate = true> <Delay = 0.00>
ST_1 : Operation 9 [1/1] (0.00ns)   --->   "%acc_4 = alloca i32 1" [yolo_npu_v2.cpp:114]   --->   Operation 9 'alloca' 'acc_4' <Predicate = true> <Delay = 0.00>
ST_1 : Operation 10 [1/1] (0.00ns)   --->   "%acc_5 = alloca i32 1" [yolo_npu_v2.cpp:114]   --->   Operation 10 'alloca' 'acc_5' <Predicate = true> <Delay = 0.00>
ST_1 : Operation 11 [1/1] (0.00ns)   --->   "%acc_6 = alloca i32 1" [yolo_npu_v2.cpp:114]   --->   Operation 11 'alloca' 'acc_6' <Predicate = true> <Delay = 0.00>
ST_1 : Operation 12 [1/1] (0.00ns)   --->   "%acc_7 = alloca i32 1" [yolo_npu_v2.cpp:114]   --->   Operation 12 'alloca' 'acc_7' <Predicate = true> <Delay = 0.00>
ST_1 : Operation 13 [1/1] (0.00ns)   --->   "%acc_8 = alloca i32 1" [yolo_npu_v2.cpp:114]   --->   Operation 13 'alloca' 'acc_8' <Predicate = true> <Delay = 0.00>
ST_1 : Operation 14 [1/1] (0.00ns)   --->   "%acc_9 = alloca i32 1" [yolo_npu_v2.cpp:114]   --->   Operation 14 'alloca' 'acc_9' <Predicate = true> <Delay = 0.00>
ST_1 : Operation 15 [1/1] (0.00ns)   --->   "%acc_10 = alloca i32 1" [yolo_npu_v2.cpp:114]   --->   Operation 15 'alloca' 'acc_10' <Predicate = true> <Delay = 0.00>
ST_1 : Operation 16 [1/1] (0.00ns)   --->   "%acc_11 = alloca i32 1" [yolo_npu_v2.cpp:114]   --->   Operation 16 'alloca' 'acc_11' <Predicate = true> <Delay = 0.00>
ST_1 : Operation 17 [1/1] (0.00ns)   --->   "%acc_12 = alloca i32 1" [yolo_npu_v2.cpp:114]   --->   Operation 17 'alloca' 'acc_12' <Predicate = true> <Delay = 0.00>
ST_1 : Operation 18 [1/1] (0.00ns)   --->   "%acc_13 = alloca i32 1" [yolo_npu_v2.cpp:114]   --->   Operation 18 'alloca' 'acc_13' <Predicate = true> <Delay = 0.00>
ST_1 : Operation 19 [1/1] (0.00ns)   --->   "%acc_14 = alloca i32 1" [yolo_npu_v2.cpp:114]   --->   Operation 19 'alloca' 'acc_14' <Predicate = true> <Delay = 0.00>
ST_1 : Operation 20 [1/1] (0.00ns)   --->   "%acc_15 = alloca i32 1" [yolo_npu_v2.cpp:114]   --->   Operation 20 'alloca' 'acc_15' <Predicate = true> <Delay = 0.00>
ST_1 : Operation 21 [1/1] (0.00ns)   --->   "%acc_16 = alloca i32 1" [yolo_npu_v2.cpp:114]   --->   Operation 21 'alloca' 'acc_16' <Predicate = true> <Delay = 0.00>
ST_1 : Operation 22 [1/1] (0.00ns)   --->   "%acc_17 = alloca i32 1" [yolo_npu_v2.cpp:114]   --->   Operation 22 'alloca' 'acc_17' <Predicate = true> <Delay = 0.00>
ST_1 : Operation 23 [1/1] (0.00ns)   --->   "%acc_18 = alloca i32 1" [yolo_npu_v2.cpp:114]   --->   Operation 23 'alloca' 'acc_18' <Predicate = true> <Delay = 0.00>
ST_1 : Operation 24 [1/1] (0.00ns)   --->   "%acc_19 = alloca i32 1" [yolo_npu_v2.cpp:114]   --->   Operation 24 'alloca' 'acc_19' <Predicate = true> <Delay = 0.00>
ST_1 : Operation 25 [1/1] (0.00ns)   --->   "%acc_20 = alloca i32 1" [yolo_npu_v2.cpp:114]   --->   Operation 25 'alloca' 'acc_20' <Predicate = true> <Delay = 0.00>
ST_1 : Operation 26 [1/1] (0.00ns)   --->   "%acc_21 = alloca i32 1" [yolo_npu_v2.cpp:114]   --->   Operation 26 'alloca' 'acc_21' <Predicate = true> <Delay = 0.00>
ST_1 : Operation 27 [1/1] (0.00ns)   --->   "%acc_22 = alloca i32 1" [yolo_npu_v2.cpp:114]   --->   Operation 27 'alloca' 'acc_22' <Predicate = true> <Delay = 0.00>
ST_1 : Operation 28 [1/1] (0.00ns)   --->   "%acc_23 = alloca i32 1" [yolo_npu_v2.cpp:114]   --->   Operation 28 'alloca' 'acc_23' <Predicate = true> <Delay = 0.00>
ST_1 : Operation 29 [1/1] (0.00ns)   --->   "%acc_24 = alloca i32 1" [yolo_npu_v2.cpp:114]   --->   Operation 29 'alloca' 'acc_24' <Predicate = true> <Delay = 0.00>
ST_1 : Operation 30 [1/1] (0.00ns)   --->   "%acc_25 = alloca i32 1" [yolo_npu_v2.cpp:114]   --->   Operation 30 'alloca' 'acc_25' <Predicate = true> <Delay = 0.00>
ST_1 : Operation 31 [1/1] (0.00ns)   --->   "%acc_26 = alloca i32 1" [yolo_npu_v2.cpp:114]   --->   Operation 31 'alloca' 'acc_26' <Predicate = true> <Delay = 0.00>
ST_1 : Operation 32 [1/1] (0.00ns)   --->   "%acc_27 = alloca i32 1" [yolo_npu_v2.cpp:114]   --->   Operation 32 'alloca' 'acc_27' <Predicate = true> <Delay = 0.00>
ST_1 : Operation 33 [1/1] (0.00ns)   --->   "%acc_28 = alloca i32 1" [yolo_npu_v2.cpp:114]   --->   Operation 33 'alloca' 'acc_28' <Predicate = true> <Delay = 0.00>
ST_1 : Operation 34 [1/1] (0.00ns)   --->   "%acc_29 = alloca i32 1" [yolo_npu_v2.cpp:114]   --->   Operation 34 'alloca' 'acc_29' <Predicate = true> <Delay = 0.00>
ST_1 : Operation 35 [1/1] (0.00ns)   --->   "%acc_30 = alloca i32 1" [yolo_npu_v2.cpp:114]   --->   Operation 35 'alloca' 'acc_30' <Predicate = true> <Delay = 0.00>
ST_1 : Operation 36 [1/1] (0.00ns)   --->   "%acc_31 = alloca i32 1" [yolo_npu_v2.cpp:114]   --->   Operation 36 'alloca' 'acc_31' <Predicate = true> <Delay = 0.00>
ST_1 : Operation 37 [1/1] (0.00ns)   --->   "%acc_32_read = read i16 @_ssdm_op_Read.ap_auto.i16, i16 %acc_32"   --->   Operation 37 'read' 'acc_32_read' <Predicate = true> <Delay = 0.00>
ST_1 : Operation 38 [1/1] (0.83ns)   --->   "%store_ln116 = store i6 0, i6 %i" [yolo_npu_v2.cpp:116]   --->   Operation 38 'store' 'store_ln116' <Predicate = true> <Delay = 0.83>
ST_1 : Operation 39 [1/1] (0.00ns)   --->   "%br_ln0 = br void %for.body202"   --->   Operation 39 'br' 'br_ln0' <Predicate = true> <Delay = 0.00>
ST_1 : Operation 40 [1/1] (0.00ns)   --->   "%i_1 = load i6 %i" [yolo_npu_v2.cpp:116]   --->   Operation 40 'load' 'i_1' <Predicate = true> <Delay = 0.00>
ST_1 : Operation 41 [1/1] (1.18ns)   --->   "%icmp_ln116 = icmp_eq  i6 %i_1, i6 32" [yolo_npu_v2.cpp:116]   --->   Operation 41 'icmp' 'icmp_ln116' <Predicate = true> <Delay = 1.18> <CoreInst = "Cmp">   --->   Core 9 'Cmp' <Latency = 0> <II = 1> <Delay = 1.18> <FuncUnit> <Opcode : 'seteq' 'setne' 'setle' 'setge' 'setlt' 'setgt'> <InPorts = 2> <OutPorts = 1>
ST_1 : Operation 42 [1/1] (1.18ns)   --->   "%add_ln116 = add i6 %i_1, i6 1" [yolo_npu_v2.cpp:116]   --->   Operation 42 'add' 'add_ln116' <Predicate = true> <Delay = 1.18> <CoreInst = "Adder">   --->   Core 1 'Adder' <Latency = 0> <II = 1> <Delay = 1.18> <FuncUnit> <Opcode : 'add' 'sub'> <InPorts = 2> <OutPorts = 1>
ST_1 : Operation 43 [1/1] (0.00ns)   --->   "%br_ln116 = br i1 %icmp_ln116, void %for.body202.split, void %VITIS_LOOP_118_17.exitStub" [yolo_npu_v2.cpp:116]   --->   Operation 43 'br' 'br_ln116' <Predicate = true> <Delay = 0.00>
ST_1 : Operation 44 [1/1] (0.00ns)   --->   "%trunc_ln116 = trunc i6 %i_1" [yolo_npu_v2.cpp:116]   --->   Operation 44 'trunc' 'trunc_ln116' <Predicate = (!icmp_ln116)> <Delay = 0.00>
ST_1 : Operation 45 [1/1] (0.00ns)   --->   "%specpipeline_ln114 = specpipeline void @_ssdm_op_SpecPipeline, i32 4294967295, i32 0, i32 0, i32 0, i32 4294967295, void @empty_7" [yolo_npu_v2.cpp:114]   --->   Operation 45 'specpipeline' 'specpipeline_ln114' <Predicate = (!icmp_ln116)> <Delay = 0.00>
ST_1 : Operation 46 [1/1] (0.00ns)   --->   "%speclooptripcount_ln114 = speclooptripcount void @_ssdm_op_SpecLoopTripCount, i64 32, i64 32, i64 32" [yolo_npu_v2.cpp:114]   --->   Operation 46 'speclooptripcount' 'speclooptripcount_ln114' <Predicate = (!icmp_ln116)> <Delay = 0.00>
ST_1 : Operation 47 [1/1] (0.00ns)   --->   "%specloopname_ln116 = specloopname void @_ssdm_op_SpecLoopName, void @empty_4" [yolo_npu_v2.cpp:116]   --->   Operation 47 'specloopname' 'specloopname_ln116' <Predicate = (!icmp_ln116)> <Delay = 0.00>
ST_1 : Operation 48 [1/1] (1.10ns)   --->   "%switch_ln116 = switch i5 %trunc_ln116, void %arrayidx209.case.31, i5 0, void %arrayidx209.case.0, i5 1, void %arrayidx209.case.1, i5 2, void %arrayidx209.case.2, i5 3, void %arrayidx209.case.3, i5 4, void %arrayidx209.case.4, i5 5, void %arrayidx209.case.5, i5 6, void %arrayidx209.case.6, i5 7, void %arrayidx209.case.7, i5 8, void %arrayidx209.case.8, i5 9, void %arrayidx209.case.9, i5 10, void %arrayidx209.case.10, i5 11, void %arrayidx209.case.11, i5 12, void %arrayidx209.case.12, i5 13, void %arrayidx209.case.13, i5 14, void %arrayidx209.case.14, i5 15, void %arrayidx209.case.15, i5 16, void %arrayidx209.case.16, i5 17, void %arrayidx209.case.17, i5 18, void %arrayidx209.case.18, i5 19, void %arrayidx209.case.19, i5 20, void %arrayidx209.case.20, i5 21, void %arrayidx209.case.21, i5 22, void %arrayidx209.case.22, i5 23, void %arrayidx209.case.23, i5 24, void %arrayidx209.case.24, i5 25, void %arrayidx209.case.25, i5 26, void %arrayidx209.case.26, i5 27, void %arrayidx209.case.27, i5 28, void %arrayidx209.case.28, i5 29, void %arrayidx209.case.29, i5 30, void %for.body202.split.arrayidx209.exit_crit_edge" [yolo_npu_v2.cpp:116]   --->   Operation 48 'switch' 'switch_ln116' <Predicate = (!icmp_ln116)> <Delay = 1.10>
ST_1 : Operation 49 [1/1] (0.00ns)   --->   "%store_ln114 = store i16 %acc_32_read, i16 %acc_30" [yolo_npu_v2.cpp:114]   --->   Operation 49 'store' 'store_ln114' <Predicate = (!icmp_ln116 & trunc_ln116 == 30)> <Delay = 0.00>
ST_1 : Operation 50 [1/1] (0.00ns)   --->   "%br_ln116 = br void %arrayidx209.exit" [yolo_npu_v2.cpp:116]   --->   Operation 50 'br' 'br_ln116' <Predicate = (!icmp_ln116 & trunc_ln116 == 30)> <Delay = 0.00>
ST_1 : Operation 51 [1/1] (0.00ns)   --->   "%store_ln114 = store i16 %acc_32_read, i16 %acc_29" [yolo_npu_v2.cpp:114]   --->   Operation 51 'store' 'store_ln114' <Predicate = (!icmp_ln116 & trunc_ln116 == 29)> <Delay = 0.00>
ST_1 : Operation 52 [1/1] (0.00ns)   --->   "%br_ln116 = br void %arrayidx209.exit" [yolo_npu_v2.cpp:116]   --->   Operation 52 'br' 'br_ln116' <Predicate = (!icmp_ln116 & trunc_ln116 == 29)> <Delay = 0.00>
ST_1 : Operation 53 [1/1] (0.00ns)   --->   "%store_ln114 = store i16 %acc_32_read, i16 %acc_28" [yolo_npu_v2.cpp:114]   --->   Operation 53 'store' 'store_ln114' <Predicate = (!icmp_ln116 & trunc_ln116 == 28)> <Delay = 0.00>
ST_1 : Operation 54 [1/1] (0.00ns)   --->   "%br_ln116 = br void %arrayidx209.exit" [yolo_npu_v2.cpp:116]   --->   Operation 54 'br' 'br_ln116' <Predicate = (!icmp_ln116 & trunc_ln116 == 28)> <Delay = 0.00>
ST_1 : Operation 55 [1/1] (0.00ns)   --->   "%store_ln114 = store i16 %acc_32_read, i16 %acc_27" [yolo_npu_v2.cpp:114]   --->   Operation 55 'store' 'store_ln114' <Predicate = (!icmp_ln116 & trunc_ln116 == 27)> <Delay = 0.00>
ST_1 : Operation 56 [1/1] (0.00ns)   --->   "%br_ln116 = br void %arrayidx209.exit" [yolo_npu_v2.cpp:116]   --->   Operation 56 'br' 'br_ln116' <Predicate = (!icmp_ln116 & trunc_ln116 == 27)> <Delay = 0.00>
ST_1 : Operation 57 [1/1] (0.00ns)   --->   "%store_ln114 = store i16 %acc_32_read, i16 %acc_26" [yolo_npu_v2.cpp:114]   --->   Operation 57 'store' 'store_ln114' <Predicate = (!icmp_ln116 & trunc_ln116 == 26)> <Delay = 0.00>
ST_1 : Operation 58 [1/1] (0.00ns)   --->   "%br_ln116 = br void %arrayidx209.exit" [yolo_npu_v2.cpp:116]   --->   Operation 58 'br' 'br_ln116' <Predicate = (!icmp_ln116 & trunc_ln116 == 26)> <Delay = 0.00>
ST_1 : Operation 59 [1/1] (0.00ns)   --->   "%store_ln114 = store i16 %acc_32_read, i16 %acc_25" [yolo_npu_v2.cpp:114]   --->   Operation 59 'store' 'store_ln114' <Predicate = (!icmp_ln116 & trunc_ln116 == 25)> <Delay = 0.00>
ST_1 : Operation 60 [1/1] (0.00ns)   --->   "%br_ln116 = br void %arrayidx209.exit" [yolo_npu_v2.cpp:116]   --->   Operation 60 'br' 'br_ln116' <Predicate = (!icmp_ln116 & trunc_ln116 == 25)> <Delay = 0.00>
ST_1 : Operation 61 [1/1] (0.00ns)   --->   "%store_ln114 = store i16 %acc_32_read, i16 %acc_24" [yolo_npu_v2.cpp:114]   --->   Operation 61 'store' 'store_ln114' <Predicate = (!icmp_ln116 & trunc_ln116 == 24)> <Delay = 0.00>
ST_1 : Operation 62 [1/1] (0.00ns)   --->   "%br_ln116 = br void %arrayidx209.exit" [yolo_npu_v2.cpp:116]   --->   Operation 62 'br' 'br_ln116' <Predicate = (!icmp_ln116 & trunc_ln116 == 24)> <Delay = 0.00>
ST_1 : Operation 63 [1/1] (0.00ns)   --->   "%store_ln114 = store i16 %acc_32_read, i16 %acc_23" [yolo_npu_v2.cpp:114]   --->   Operation 63 'store' 'store_ln114' <Predicate = (!icmp_ln116 & trunc_ln116 == 23)> <Delay = 0.00>
ST_1 : Operation 64 [1/1] (0.00ns)   --->   "%br_ln116 = br void %arrayidx209.exit" [yolo_npu_v2.cpp:116]   --->   Operation 64 'br' 'br_ln116' <Predicate = (!icmp_ln116 & trunc_ln116 == 23)> <Delay = 0.00>
ST_1 : Operation 65 [1/1] (0.00ns)   --->   "%store_ln114 = store i16 %acc_32_read, i16 %acc_22" [yolo_npu_v2.cpp:114]   --->   Operation 65 'store' 'store_ln114' <Predicate = (!icmp_ln116 & trunc_ln116 == 22)> <Delay = 0.00>
ST_1 : Operation 66 [1/1] (0.00ns)   --->   "%br_ln116 = br void %arrayidx209.exit" [yolo_npu_v2.cpp:116]   --->   Operation 66 'br' 'br_ln116' <Predicate = (!icmp_ln116 & trunc_ln116 == 22)> <Delay = 0.00>
ST_1 : Operation 67 [1/1] (0.00ns)   --->   "%store_ln114 = store i16 %acc_32_read, i16 %acc_21" [yolo_npu_v2.cpp:114]   --->   Operation 67 'store' 'store_ln114' <Predicate = (!icmp_ln116 & trunc_ln116 == 21)> <Delay = 0.00>
ST_1 : Operation 68 [1/1] (0.00ns)   --->   "%br_ln116 = br void %arrayidx209.exit" [yolo_npu_v2.cpp:116]   --->   Operation 68 'br' 'br_ln116' <Predicate = (!icmp_ln116 & trunc_ln116 == 21)> <Delay = 0.00>
ST_1 : Operation 69 [1/1] (0.00ns)   --->   "%store_ln114 = store i16 %acc_32_read, i16 %acc_20" [yolo_npu_v2.cpp:114]   --->   Operation 69 'store' 'store_ln114' <Predicate = (!icmp_ln116 & trunc_ln116 == 20)> <Delay = 0.00>
ST_1 : Operation 70 [1/1] (0.00ns)   --->   "%br_ln116 = br void %arrayidx209.exit" [yolo_npu_v2.cpp:116]   --->   Operation 70 'br' 'br_ln116' <Predicate = (!icmp_ln116 & trunc_ln116 == 20)> <Delay = 0.00>
ST_1 : Operation 71 [1/1] (0.00ns)   --->   "%store_ln114 = store i16 %acc_32_read, i16 %acc_19" [yolo_npu_v2.cpp:114]   --->   Operation 71 'store' 'store_ln114' <Predicate = (!icmp_ln116 & trunc_ln116 == 19)> <Delay = 0.00>
ST_1 : Operation 72 [1/1] (0.00ns)   --->   "%br_ln116 = br void %arrayidx209.exit" [yolo_npu_v2.cpp:116]   --->   Operation 72 'br' 'br_ln116' <Predicate = (!icmp_ln116 & trunc_ln116 == 19)> <Delay = 0.00>
ST_1 : Operation 73 [1/1] (0.00ns)   --->   "%store_ln114 = store i16 %acc_32_read, i16 %acc_18" [yolo_npu_v2.cpp:114]   --->   Operation 73 'store' 'store_ln114' <Predicate = (!icmp_ln116 & trunc_ln116 == 18)> <Delay = 0.00>
ST_1 : Operation 74 [1/1] (0.00ns)   --->   "%br_ln116 = br void %arrayidx209.exit" [yolo_npu_v2.cpp:116]   --->   Operation 74 'br' 'br_ln116' <Predicate = (!icmp_ln116 & trunc_ln116 == 18)> <Delay = 0.00>
ST_1 : Operation 75 [1/1] (0.00ns)   --->   "%store_ln114 = store i16 %acc_32_read, i16 %acc_17" [yolo_npu_v2.cpp:114]   --->   Operation 75 'store' 'store_ln114' <Predicate = (!icmp_ln116 & trunc_ln116 == 17)> <Delay = 0.00>
ST_1 : Operation 76 [1/1] (0.00ns)   --->   "%br_ln116 = br void %arrayidx209.exit" [yolo_npu_v2.cpp:116]   --->   Operation 76 'br' 'br_ln116' <Predicate = (!icmp_ln116 & trunc_ln116 == 17)> <Delay = 0.00>
ST_1 : Operation 77 [1/1] (0.00ns)   --->   "%store_ln114 = store i16 %acc_32_read, i16 %acc_16" [yolo_npu_v2.cpp:114]   --->   Operation 77 'store' 'store_ln114' <Predicate = (!icmp_ln116 & trunc_ln116 == 16)> <Delay = 0.00>
ST_1 : Operation 78 [1/1] (0.00ns)   --->   "%br_ln116 = br void %arrayidx209.exit" [yolo_npu_v2.cpp:116]   --->   Operation 78 'br' 'br_ln116' <Predicate = (!icmp_ln116 & trunc_ln116 == 16)> <Delay = 0.00>
ST_1 : Operation 79 [1/1] (0.00ns)   --->   "%store_ln114 = store i16 %acc_32_read, i16 %acc_15" [yolo_npu_v2.cpp:114]   --->   Operation 79 'store' 'store_ln114' <Predicate = (!icmp_ln116 & trunc_ln116 == 15)> <Delay = 0.00>
ST_1 : Operation 80 [1/1] (0.00ns)   --->   "%br_ln116 = br void %arrayidx209.exit" [yolo_npu_v2.cpp:116]   --->   Operation 80 'br' 'br_ln116' <Predicate = (!icmp_ln116 & trunc_ln116 == 15)> <Delay = 0.00>
ST_1 : Operation 81 [1/1] (0.00ns)   --->   "%store_ln114 = store i16 %acc_32_read, i16 %acc_14" [yolo_npu_v2.cpp:114]   --->   Operation 81 'store' 'store_ln114' <Predicate = (!icmp_ln116 & trunc_ln116 == 14)> <Delay = 0.00>
ST_1 : Operation 82 [1/1] (0.00ns)   --->   "%br_ln116 = br void %arrayidx209.exit" [yolo_npu_v2.cpp:116]   --->   Operation 82 'br' 'br_ln116' <Predicate = (!icmp_ln116 & trunc_ln116 == 14)> <Delay = 0.00>
ST_1 : Operation 83 [1/1] (0.00ns)   --->   "%store_ln114 = store i16 %acc_32_read, i16 %acc_13" [yolo_npu_v2.cpp:114]   --->   Operation 83 'store' 'store_ln114' <Predicate = (!icmp_ln116 & trunc_ln116 == 13)> <Delay = 0.00>
ST_1 : Operation 84 [1/1] (0.00ns)   --->   "%br_ln116 = br void %arrayidx209.exit" [yolo_npu_v2.cpp:116]   --->   Operation 84 'br' 'br_ln116' <Predicate = (!icmp_ln116 & trunc_ln116 == 13)> <Delay = 0.00>
ST_1 : Operation 85 [1/1] (0.00ns)   --->   "%store_ln114 = store i16 %acc_32_read, i16 %acc_12" [yolo_npu_v2.cpp:114]   --->   Operation 85 'store' 'store_ln114' <Predicate = (!icmp_ln116 & trunc_ln116 == 12)> <Delay = 0.00>
ST_1 : Operation 86 [1/1] (0.00ns)   --->   "%br_ln116 = br void %arrayidx209.exit" [yolo_npu_v2.cpp:116]   --->   Operation 86 'br' 'br_ln116' <Predicate = (!icmp_ln116 & trunc_ln116 == 12)> <Delay = 0.00>
ST_1 : Operation 87 [1/1] (0.00ns)   --->   "%store_ln114 = store i16 %acc_32_read, i16 %acc_11" [yolo_npu_v2.cpp:114]   --->   Operation 87 'store' 'store_ln114' <Predicate = (!icmp_ln116 & trunc_ln116 == 11)> <Delay = 0.00>
ST_1 : Operation 88 [1/1] (0.00ns)   --->   "%br_ln116 = br void %arrayidx209.exit" [yolo_npu_v2.cpp:116]   --->   Operation 88 'br' 'br_ln116' <Predicate = (!icmp_ln116 & trunc_ln116 == 11)> <Delay = 0.00>
ST_1 : Operation 89 [1/1] (0.00ns)   --->   "%store_ln114 = store i16 %acc_32_read, i16 %acc_10" [yolo_npu_v2.cpp:114]   --->   Operation 89 'store' 'store_ln114' <Predicate = (!icmp_ln116 & trunc_ln116 == 10)> <Delay = 0.00>
ST_1 : Operation 90 [1/1] (0.00ns)   --->   "%br_ln116 = br void %arrayidx209.exit" [yolo_npu_v2.cpp:116]   --->   Operation 90 'br' 'br_ln116' <Predicate = (!icmp_ln116 & trunc_ln116 == 10)> <Delay = 0.00>
ST_1 : Operation 91 [1/1] (0.00ns)   --->   "%store_ln114 = store i16 %acc_32_read, i16 %acc_9" [yolo_npu_v2.cpp:114]   --->   Operation 91 'store' 'store_ln114' <Predicate = (!icmp_ln116 & trunc_ln116 == 9)> <Delay = 0.00>
ST_1 : Operation 92 [1/1] (0.00ns)   --->   "%br_ln116 = br void %arrayidx209.exit" [yolo_npu_v2.cpp:116]   --->   Operation 92 'br' 'br_ln116' <Predicate = (!icmp_ln116 & trunc_ln116 == 9)> <Delay = 0.00>
ST_1 : Operation 93 [1/1] (0.00ns)   --->   "%store_ln114 = store i16 %acc_32_read, i16 %acc_8" [yolo_npu_v2.cpp:114]   --->   Operation 93 'store' 'store_ln114' <Predicate = (!icmp_ln116 & trunc_ln116 == 8)> <Delay = 0.00>
ST_1 : Operation 94 [1/1] (0.00ns)   --->   "%br_ln116 = br void %arrayidx209.exit" [yolo_npu_v2.cpp:116]   --->   Operation 94 'br' 'br_ln116' <Predicate = (!icmp_ln116 & trunc_ln116 == 8)> <Delay = 0.00>
ST_1 : Operation 95 [1/1] (0.00ns)   --->   "%store_ln114 = store i16 %acc_32_read, i16 %acc_7" [yolo_npu_v2.cpp:114]   --->   Operation 95 'store' 'store_ln114' <Predicate = (!icmp_ln116 & trunc_ln116 == 7)> <Delay = 0.00>
ST_1 : Operation 96 [1/1] (0.00ns)   --->   "%br_ln116 = br void %arrayidx209.exit" [yolo_npu_v2.cpp:116]   --->   Operation 96 'br' 'br_ln116' <Predicate = (!icmp_ln116 & trunc_ln116 == 7)> <Delay = 0.00>
ST_1 : Operation 97 [1/1] (0.00ns)   --->   "%store_ln114 = store i16 %acc_32_read, i16 %acc_6" [yolo_npu_v2.cpp:114]   --->   Operation 97 'store' 'store_ln114' <Predicate = (!icmp_ln116 & trunc_ln116 == 6)> <Delay = 0.00>
ST_1 : Operation 98 [1/1] (0.00ns)   --->   "%br_ln116 = br void %arrayidx209.exit" [yolo_npu_v2.cpp:116]   --->   Operation 98 'br' 'br_ln116' <Predicate = (!icmp_ln116 & trunc_ln116 == 6)> <Delay = 0.00>
ST_1 : Operation 99 [1/1] (0.00ns)   --->   "%store_ln114 = store i16 %acc_32_read, i16 %acc_5" [yolo_npu_v2.cpp:114]   --->   Operation 99 'store' 'store_ln114' <Predicate = (!icmp_ln116 & trunc_ln116 == 5)> <Delay = 0.00>
ST_1 : Operation 100 [1/1] (0.00ns)   --->   "%br_ln116 = br void %arrayidx209.exit" [yolo_npu_v2.cpp:116]   --->   Operation 100 'br' 'br_ln116' <Predicate = (!icmp_ln116 & trunc_ln116 == 5)> <Delay = 0.00>
ST_1 : Operation 101 [1/1] (0.00ns)   --->   "%store_ln114 = store i16 %acc_32_read, i16 %acc_4" [yolo_npu_v2.cpp:114]   --->   Operation 101 'store' 'store_ln114' <Predicate = (!icmp_ln116 & trunc_ln116 == 4)> <Delay = 0.00>
ST_1 : Operation 102 [1/1] (0.00ns)   --->   "%br_ln116 = br void %arrayidx209.exit" [yolo_npu_v2.cpp:116]   --->   Operation 102 'br' 'br_ln116' <Predicate = (!icmp_ln116 & trunc_ln116 == 4)> <Delay = 0.00>
ST_1 : Operation 103 [1/1] (0.00ns)   --->   "%store_ln114 = store i16 %acc_32_read, i16 %acc_3" [yolo_npu_v2.cpp:114]   --->   Operation 103 'store' 'store_ln114' <Predicate = (!icmp_ln116 & trunc_ln116 == 3)> <Delay = 0.00>
ST_1 : Operation 104 [1/1] (0.00ns)   --->   "%br_ln116 = br void %arrayidx209.exit" [yolo_npu_v2.cpp:116]   --->   Operation 104 'br' 'br_ln116' <Predicate = (!icmp_ln116 & trunc_ln116 == 3)> <Delay = 0.00>
ST_1 : Operation 105 [1/1] (0.00ns)   --->   "%store_ln114 = store i16 %acc_32_read, i16 %acc_2" [yolo_npu_v2.cpp:114]   --->   Operation 105 'store' 'store_ln114' <Predicate = (!icmp_ln116 & trunc_ln116 == 2)> <Delay = 0.00>
ST_1 : Operation 106 [1/1] (0.00ns)   --->   "%br_ln116 = br void %arrayidx209.exit" [yolo_npu_v2.cpp:116]   --->   Operation 106 'br' 'br_ln116' <Predicate = (!icmp_ln116 & trunc_ln116 == 2)> <Delay = 0.00>
ST_1 : Operation 107 [1/1] (0.00ns)   --->   "%store_ln114 = store i16 %acc_32_read, i16 %acc_1" [yolo_npu_v2.cpp:114]   --->   Operation 107 'store' 'store_ln114' <Predicate = (!icmp_ln116 & trunc_ln116 == 1)> <Delay = 0.00>
ST_1 : Operation 108 [1/1] (0.00ns)   --->   "%br_ln116 = br void %arrayidx209.exit" [yolo_npu_v2.cpp:116]   --->   Operation 108 'br' 'br_ln116' <Predicate = (!icmp_ln116 & trunc_ln116 == 1)> <Delay = 0.00>
ST_1 : Operation 109 [1/1] (0.00ns)   --->   "%store_ln114 = store i16 %acc_32_read, i16 %acc" [yolo_npu_v2.cpp:114]   --->   Operation 109 'store' 'store_ln114' <Predicate = (!icmp_ln116 & trunc_ln116 == 0)> <Delay = 0.00>
ST_1 : Operation 110 [1/1] (0.00ns)   --->   "%br_ln116 = br void %arrayidx209.exit" [yolo_npu_v2.cpp:116]   --->   Operation 110 'br' 'br_ln116' <Predicate = (!icmp_ln116 & trunc_ln116 == 0)> <Delay = 0.00>
ST_1 : Operation 111 [1/1] (0.00ns)   --->   "%store_ln114 = store i16 %acc_32_read, i16 %acc_31" [yolo_npu_v2.cpp:114]   --->   Operation 111 'store' 'store_ln114' <Predicate = (!icmp_ln116 & trunc_ln116 == 31)> <Delay = 0.00>
ST_1 : Operation 112 [1/1] (0.00ns)   --->   "%br_ln116 = br void %arrayidx209.exit" [yolo_npu_v2.cpp:116]   --->   Operation 112 'br' 'br_ln116' <Predicate = (!icmp_ln116 & trunc_ln116 == 31)> <Delay = 0.00>
ST_1 : Operation 113 [1/1] (0.83ns)   --->   "%store_ln116 = store i6 %add_ln116, i6 %i" [yolo_npu_v2.cpp:116]   --->   Operation 113 'store' 'store_ln116' <Predicate = (!icmp_ln116)> <Delay = 0.83>
ST_1 : Operation 114 [1/1] (0.00ns)   --->   "%br_ln116 = br void %for.body202" [yolo_npu_v2.cpp:116]   --->   Operation 114 'br' 'br_ln116' <Predicate = (!icmp_ln116)> <Delay = 0.00>
ST_1 : Operation 115 [1/1] (0.00ns)   --->   "%acc_load = load i16 %acc"   --->   Operation 115 'load' 'acc_load' <Predicate = (icmp_ln116)> <Delay = 0.00>
ST_1 : Operation 116 [1/1] (0.00ns)   --->   "%acc_1_load = load i16 %acc_1"   --->   Operation 116 'load' 'acc_1_load' <Predicate = (icmp_ln116)> <Delay = 0.00>
ST_1 : Operation 117 [1/1] (0.00ns)   --->   "%acc_2_load = load i16 %acc_2"   --->   Operation 117 'load' 'acc_2_load' <Predicate = (icmp_ln116)> <Delay = 0.00>
ST_1 : Operation 118 [1/1] (0.00ns)   --->   "%acc_3_load = load i16 %acc_3"   --->   Operation 118 'load' 'acc_3_load' <Predicate = (icmp_ln116)> <Delay = 0.00>
ST_1 : Operation 119 [1/1] (0.00ns)   --->   "%acc_4_load = load i16 %acc_4"   --->   Operation 119 'load' 'acc_4_load' <Predicate = (icmp_ln116)> <Delay = 0.00>
ST_1 : Operation 120 [1/1] (0.00ns)   --->   "%acc_5_load = load i16 %acc_5"   --->   Operation 120 'load' 'acc_5_load' <Predicate = (icmp_ln116)> <Delay = 0.00>
ST_1 : Operation 121 [1/1] (0.00ns)   --->   "%acc_6_load = load i16 %acc_6"   --->   Operation 121 'load' 'acc_6_load' <Predicate = (icmp_ln116)> <Delay = 0.00>
ST_1 : Operation 122 [1/1] (0.00ns)   --->   "%acc_7_load = load i16 %acc_7"   --->   Operation 122 'load' 'acc_7_load' <Predicate = (icmp_ln116)> <Delay = 0.00>
ST_1 : Operation 123 [1/1] (0.00ns)   --->   "%acc_8_load = load i16 %acc_8"   --->   Operation 123 'load' 'acc_8_load' <Predicate = (icmp_ln116)> <Delay = 0.00>
ST_1 : Operation 124 [1/1] (0.00ns)   --->   "%acc_9_load = load i16 %acc_9"   --->   Operation 124 'load' 'acc_9_load' <Predicate = (icmp_ln116)> <Delay = 0.00>
ST_1 : Operation 125 [1/1] (0.00ns)   --->   "%acc_10_load = load i16 %acc_10"   --->   Operation 125 'load' 'acc_10_load' <Predicate = (icmp_ln116)> <Delay = 0.00>
ST_1 : Operation 126 [1/1] (0.00ns)   --->   "%acc_11_load = load i16 %acc_11"   --->   Operation 126 'load' 'acc_11_load' <Predicate = (icmp_ln116)> <Delay = 0.00>
ST_1 : Operation 127 [1/1] (0.00ns)   --->   "%acc_12_load = load i16 %acc_12"   --->   Operation 127 'load' 'acc_12_load' <Predicate = (icmp_ln116)> <Delay = 0.00>
ST_1 : Operation 128 [1/1] (0.00ns)   --->   "%acc_13_load = load i16 %acc_13"   --->   Operation 128 'load' 'acc_13_load' <Predicate = (icmp_ln116)> <Delay = 0.00>
ST_1 : Operation 129 [1/1] (0.00ns)   --->   "%acc_14_load = load i16 %acc_14"   --->   Operation 129 'load' 'acc_14_load' <Predicate = (icmp_ln116)> <Delay = 0.00>
ST_1 : Operation 130 [1/1] (0.00ns)   --->   "%acc_15_load = load i16 %acc_15"   --->   Operation 130 'load' 'acc_15_load' <Predicate = (icmp_ln116)> <Delay = 0.00>
ST_1 : Operation 131 [1/1] (0.00ns)   --->   "%acc_16_load = load i16 %acc_16"   --->   Operation 131 'load' 'acc_16_load' <Predicate = (icmp_ln116)> <Delay = 0.00>
ST_1 : Operation 132 [1/1] (0.00ns)   --->   "%acc_17_load = load i16 %acc_17"   --->   Operation 132 'load' 'acc_17_load' <Predicate = (icmp_ln116)> <Delay = 0.00>
ST_1 : Operation 133 [1/1] (0.00ns)   --->   "%acc_18_load = load i16 %acc_18"   --->   Operation 133 'load' 'acc_18_load' <Predicate = (icmp_ln116)> <Delay = 0.00>
ST_1 : Operation 134 [1/1] (0.00ns)   --->   "%acc_19_load = load i16 %acc_19"   --->   Operation 134 'load' 'acc_19_load' <Predicate = (icmp_ln116)> <Delay = 0.00>
ST_1 : Operation 135 [1/1] (0.00ns)   --->   "%acc_20_load = load i16 %acc_20"   --->   Operation 135 'load' 'acc_20_load' <Predicate = (icmp_ln116)> <Delay = 0.00>
ST_1 : Operation 136 [1/1] (0.00ns)   --->   "%acc_21_load = load i16 %acc_21"   --->   Operation 136 'load' 'acc_21_load' <Predicate = (icmp_ln116)> <Delay = 0.00>
ST_1 : Operation 137 [1/1] (0.00ns)   --->   "%acc_22_load = load i16 %acc_22"   --->   Operation 137 'load' 'acc_22_load' <Predicate = (icmp_ln116)> <Delay = 0.00>
ST_1 : Operation 138 [1/1] (0.00ns)   --->   "%acc_23_load = load i16 %acc_23"   --->   Operation 138 'load' 'acc_23_load' <Predicate = (icmp_ln116)> <Delay = 0.00>
ST_1 : Operation 139 [1/1] (0.00ns)   --->   "%acc_24_load = load i16 %acc_24"   --->   Operation 139 'load' 'acc_24_load' <Predicate = (icmp_ln116)> <Delay = 0.00>
ST_1 : Operation 140 [1/1] (0.00ns)   --->   "%acc_25_load = load i16 %acc_25"   --->   Operation 140 'load' 'acc_25_load' <Predicate = (icmp_ln116)> <Delay = 0.00>
ST_1 : Operation 141 [1/1] (0.00ns)   --->   "%acc_26_load = load i16 %acc_26"   --->   Operation 141 'load' 'acc_26_load' <Predicate = (icmp_ln116)> <Delay = 0.00>
ST_1 : Operation 142 [1/1] (0.00ns)   --->   "%acc_27_load = load i16 %acc_27"   --->   Operation 142 'load' 'acc_27_load' <Predicate = (icmp_ln116)> <Delay = 0.00>
ST_1 : Operation 143 [1/1] (0.00ns)   --->   "%acc_28_load = load i16 %acc_28"   --->   Operation 143 'load' 'acc_28_load' <Predicate = (icmp_ln116)> <Delay = 0.00>
ST_1 : Operation 144 [1/1] (0.00ns)   --->   "%acc_29_load = load i16 %acc_29"   --->   Operation 144 'load' 'acc_29_load' <Predicate = (icmp_ln116)> <Delay = 0.00>
ST_1 : Operation 145 [1/1] (0.00ns)   --->   "%acc_30_load = load i16 %acc_30"   --->   Operation 145 'load' 'acc_30_load' <Predicate = (icmp_ln116)> <Delay = 0.00>
ST_1 : Operation 146 [1/1] (0.00ns)   --->   "%acc_31_load = load i16 %acc_31"   --->   Operation 146 'load' 'acc_31_load' <Predicate = (icmp_ln116)> <Delay = 0.00>
ST_1 : Operation 147 [1/1] (0.00ns)   --->   "%write_ln0 = write void @_ssdm_op_Write.ap_auto.i16P0A, i16 %acc_31_out, i16 %acc_31_load"   --->   Operation 147 'write' 'write_ln0' <Predicate = (icmp_ln116)> <Delay = 0.00>
ST_1 : Operation 148 [1/1] (0.00ns)   --->   "%write_ln0 = write void @_ssdm_op_Write.ap_auto.i16P0A, i16 %acc_30_out, i16 %acc_30_load"   --->   Operation 148 'write' 'write_ln0' <Predicate = (icmp_ln116)> <Delay = 0.00>
ST_1 : Operation 149 [1/1] (0.00ns)   --->   "%write_ln0 = write void @_ssdm_op_Write.ap_auto.i16P0A, i16 %acc_29_out, i16 %acc_29_load"   --->   Operation 149 'write' 'write_ln0' <Predicate = (icmp_ln116)> <Delay = 0.00>
ST_1 : Operation 150 [1/1] (0.00ns)   --->   "%write_ln0 = write void @_ssdm_op_Write.ap_auto.i16P0A, i16 %acc_28_out, i16 %acc_28_load"   --->   Operation 150 'write' 'write_ln0' <Predicate = (icmp_ln116)> <Delay = 0.00>
ST_1 : Operation 151 [1/1] (0.00ns)   --->   "%write_ln0 = write void @_ssdm_op_Write.ap_auto.i16P0A, i16 %acc_27_out, i16 %acc_27_load"   --->   Operation 151 'write' 'write_ln0' <Predicate = (icmp_ln116)> <Delay = 0.00>
ST_1 : Operation 152 [1/1] (0.00ns)   --->   "%write_ln0 = write void @_ssdm_op_Write.ap_auto.i16P0A, i16 %acc_26_out, i16 %acc_26_load"   --->   Operation 152 'write' 'write_ln0' <Predicate = (icmp_ln116)> <Delay = 0.00>
ST_1 : Operation 153 [1/1] (0.00ns)   --->   "%write_ln0 = write void @_ssdm_op_Write.ap_auto.i16P0A, i16 %acc_25_out, i16 %acc_25_load"   --->   Operation 153 'write' 'write_ln0' <Predicate = (icmp_ln116)> <Delay = 0.00>
ST_1 : Operation 154 [1/1] (0.00ns)   --->   "%write_ln0 = write void @_ssdm_op_Write.ap_auto.i16P0A, i16 %acc_24_out, i16 %acc_24_load"   --->   Operation 154 'write' 'write_ln0' <Predicate = (icmp_ln116)> <Delay = 0.00>
ST_1 : Operation 155 [1/1] (0.00ns)   --->   "%write_ln0 = write void @_ssdm_op_Write.ap_auto.i16P0A, i16 %acc_23_out, i16 %acc_23_load"   --->   Operation 155 'write' 'write_ln0' <Predicate = (icmp_ln116)> <Delay = 0.00>
ST_1 : Operation 156 [1/1] (0.00ns)   --->   "%write_ln0 = write void @_ssdm_op_Write.ap_auto.i16P0A, i16 %acc_22_out, i16 %acc_22_load"   --->   Operation 156 'write' 'write_ln0' <Predicate = (icmp_ln116)> <Delay = 0.00>
ST_1 : Operation 157 [1/1] (0.00ns)   --->   "%write_ln0 = write void @_ssdm_op_Write.ap_auto.i16P0A, i16 %acc_21_out, i16 %acc_21_load"   --->   Operation 157 'write' 'write_ln0' <Predicate = (icmp_ln116)> <Delay = 0.00>
ST_1 : Operation 158 [1/1] (0.00ns)   --->   "%write_ln0 = write void @_ssdm_op_Write.ap_auto.i16P0A, i16 %acc_20_out, i16 %acc_20_load"   --->   Operation 158 'write' 'write_ln0' <Predicate = (icmp_ln116)> <Delay = 0.00>
ST_1 : Operation 159 [1/1] (0.00ns)   --->   "%write_ln0 = write void @_ssdm_op_Write.ap_auto.i16P0A, i16 %acc_19_out, i16 %acc_19_load"   --->   Operation 159 'write' 'write_ln0' <Predicate = (icmp_ln116)> <Delay = 0.00>
ST_1 : Operation 160 [1/1] (0.00ns)   --->   "%write_ln0 = write void @_ssdm_op_Write.ap_auto.i16P0A, i16 %acc_18_out, i16 %acc_18_load"   --->   Operation 160 'write' 'write_ln0' <Predicate = (icmp_ln116)> <Delay = 0.00>
ST_1 : Operation 161 [1/1] (0.00ns)   --->   "%write_ln0 = write void @_ssdm_op_Write.ap_auto.i16P0A, i16 %acc_17_out, i16 %acc_17_load"   --->   Operation 161 'write' 'write_ln0' <Predicate = (icmp_ln116)> <Delay = 0.00>
ST_1 : Operation 162 [1/1] (0.00ns)   --->   "%write_ln0 = write void @_ssdm_op_Write.ap_auto.i16P0A, i16 %acc_16_out, i16 %acc_16_load"   --->   Operation 162 'write' 'write_ln0' <Predicate = (icmp_ln116)> <Delay = 0.00>
ST_1 : Operation 163 [1/1] (0.00ns)   --->   "%write_ln0 = write void @_ssdm_op_Write.ap_auto.i16P0A, i16 %acc_15_out, i16 %acc_15_load"   --->   Operation 163 'write' 'write_ln0' <Predicate = (icmp_ln116)> <Delay = 0.00>
ST_1 : Operation 164 [1/1] (0.00ns)   --->   "%write_ln0 = write void @_ssdm_op_Write.ap_auto.i16P0A, i16 %acc_14_out, i16 %acc_14_load"   --->   Operation 164 'write' 'write_ln0' <Predicate = (icmp_ln116)> <Delay = 0.00>
ST_1 : Operation 165 [1/1] (0.00ns)   --->   "%write_ln0 = write void @_ssdm_op_Write.ap_auto.i16P0A, i16 %acc_13_out, i16 %acc_13_load"   --->   Operation 165 'write' 'write_ln0' <Predicate = (icmp_ln116)> <Delay = 0.00>
ST_1 : Operation 166 [1/1] (0.00ns)   --->   "%write_ln0 = write void @_ssdm_op_Write.ap_auto.i16P0A, i16 %acc_12_out, i16 %acc_12_load"   --->   Operation 166 'write' 'write_ln0' <Predicate = (icmp_ln116)> <Delay = 0.00>
ST_1 : Operation 167 [1/1] (0.00ns)   --->   "%write_ln0 = write void @_ssdm_op_Write.ap_auto.i16P0A, i16 %acc_11_out, i16 %acc_11_load"   --->   Operation 167 'write' 'write_ln0' <Predicate = (icmp_ln116)> <Delay = 0.00>
ST_1 : Operation 168 [1/1] (0.00ns)   --->   "%write_ln0 = write void @_ssdm_op_Write.ap_auto.i16P0A, i16 %acc_10_out, i16 %acc_10_load"   --->   Operation 168 'write' 'write_ln0' <Predicate = (icmp_ln116)> <Delay = 0.00>
ST_1 : Operation 169 [1/1] (0.00ns)   --->   "%write_ln0 = write void @_ssdm_op_Write.ap_auto.i16P0A, i16 %acc_9_out, i16 %acc_9_load"   --->   Operation 169 'write' 'write_ln0' <Predicate = (icmp_ln116)> <Delay = 0.00>
ST_1 : Operation 170 [1/1] (0.00ns)   --->   "%write_ln0 = write void @_ssdm_op_Write.ap_auto.i16P0A, i16 %acc_8_out, i16 %acc_8_load"   --->   Operation 170 'write' 'write_ln0' <Predicate = (icmp_ln116)> <Delay = 0.00>
ST_1 : Operation 171 [1/1] (0.00ns)   --->   "%write_ln0 = write void @_ssdm_op_Write.ap_auto.i16P0A, i16 %acc_7_out, i16 %acc_7_load"   --->   Operation 171 'write' 'write_ln0' <Predicate = (icmp_ln116)> <Delay = 0.00>
ST_1 : Operation 172 [1/1] (0.00ns)   --->   "%write_ln0 = write void @_ssdm_op_Write.ap_auto.i16P0A, i16 %acc_6_out, i16 %acc_6_load"   --->   Operation 172 'write' 'write_ln0' <Predicate = (icmp_ln116)> <Delay = 0.00>
ST_1 : Operation 173 [1/1] (0.00ns)   --->   "%write_ln0 = write void @_ssdm_op_Write.ap_auto.i16P0A, i16 %acc_5_out, i16 %acc_5_load"   --->   Operation 173 'write' 'write_ln0' <Predicate = (icmp_ln116)> <Delay = 0.00>
ST_1 : Operation 174 [1/1] (0.00ns)   --->   "%write_ln0 = write void @_ssdm_op_Write.ap_auto.i16P0A, i16 %acc_4_out, i16 %acc_4_load"   --->   Operation 174 'write' 'write_ln0' <Predicate = (icmp_ln116)> <Delay = 0.00>
ST_1 : Operation 175 [1/1] (0.00ns)   --->   "%write_ln0 = write void @_ssdm_op_Write.ap_auto.i16P0A, i16 %acc_3_out, i16 %acc_3_load"   --->   Operation 175 'write' 'write_ln0' <Predicate = (icmp_ln116)> <Delay = 0.00>
ST_1 : Operation 176 [1/1] (0.00ns)   --->   "%write_ln0 = write void @_ssdm_op_Write.ap_auto.i16P0A, i16 %acc_2_out, i16 %acc_2_load"   --->   Operation 176 'write' 'write_ln0' <Predicate = (icmp_ln116)> <Delay = 0.00>
ST_1 : Operation 177 [1/1] (0.00ns)   --->   "%write_ln0 = write void @_ssdm_op_Write.ap_auto.i16P0A, i16 %acc_1_out, i16 %acc_1_load"   --->   Operation 177 'write' 'write_ln0' <Predicate = (icmp_ln116)> <Delay = 0.00>
ST_1 : Operation 178 [1/1] (0.00ns)   --->   "%write_ln0 = write void @_ssdm_op_Write.ap_auto.i16P0A, i16 %acc_out, i16 %acc_load"   --->   Operation 178 'write' 'write_ln0' <Predicate = (icmp_ln116)> <Delay = 0.00>
ST_1 : Operation 179 [1/1] (0.83ns)   --->   "%ret_ln0 = ret"   --->   Operation 179 'ret' 'ret_ln0' <Predicate = (icmp_ln116)> <Delay = 0.83>


============================================================
+ Verbose Summary: Timing violations
============================================================
Target clock period: 20.000ns, clock uncertainty: 5.400ns.

 <State 1>: 2.854ns
The critical path consists of the following:
	'store' operation ('store_ln116', yolo_npu_v2.cpp:116) of constant 0 6 bit on local variable 'i', yolo_npu_v2.cpp:116 [68]  (0.833 ns)
	'load' operation 6 bit ('i', yolo_npu_v2.cpp:116) on local variable 'i', yolo_npu_v2.cpp:116 [71]  (0.000 ns)
	'icmp' operation 1 bit ('icmp_ln116', yolo_npu_v2.cpp:116) [72]  (1.188 ns)
	'store' operation ('store_ln116', yolo_npu_v2.cpp:116) of variable 'add_ln116', yolo_npu_v2.cpp:116 6 bit on local variable 'i', yolo_npu_v2.cpp:116 [178]  (0.833 ns)


============================================================
+ Verbose Summary: Binding
============================================================
N/A
* FSMD analyzer results:
  - Output states:
 - Input state : 
  - Chain level:
	State 1


============================================================
+ Verbose Summary: Datapath Resource usage 
============================================================
N/A
