

================================================================
== Vitis HLS Report for 'yolo_npu_v2_core_Pipeline_VITIS_LOOP_29_1'
================================================================
* Date:           Thu Jun 18 10:08:41 2026

* Version:        2025.2 (Build 6295257 on Nov 14 2025)
* Project:        yolo_npu
* Solution:       hls (Vivado IP Flow Target)
* Product family: kintex7
* Target device:  xc7k325t-ffg900-2


================================================================
== Performance Estimates
================================================================
+ Timing: 
    * Summary: 
    +--------+----------+-----------+------------+
    |  Clock |  Target  | Estimated | Uncertainty|
    +--------+----------+-----------+------------+
    |ap_clk  |  20.00 ns|  14.600 ns|     5.40 ns|
    +--------+----------+-----------+------------+

+ Latency: 
    * Summary: 
    +---------+---------+-----------+----------+-----+-----+-------------------+
    |  Latency (cycles) |  Latency (absolute)  |  Interval |      Pipeline     |
    |   min   |   max   |    min    |    max   | min | max |        Type       |
    +---------+---------+-----------+----------+-----+-----+-------------------+
    |        2|      259|  40.000 ns|  5.180 us|    0|    0|  loop pipeline stp|
    +---------+---------+-----------+----------+-----+-----+-------------------+

    + Detail: 
        * Instance: 
        N/A

        * Loop: 
        +-------------------+---------+---------+----------+-----------+-----------+---------+----------+
        |                   |  Latency (cycles) | Iteration|  Initiation Interval  |   Trip  |          |
        |     Loop Name     |   min   |   max   |  Latency |  achieved |   target  |  Count  | Pipelined|
        +-------------------+---------+---------+----------+-----------+-----------+---------+----------+
        |- VITIS_LOOP_29_1  |        0|      257|         3|          1|          1|  0 ~ 256|       yes|
        +-------------------+---------+---------+----------+-----------+-----------+---------+----------+

============================================================
+ Verbose Summary: Synthesis Manager
============================================================
InlineROM: 1
ExposeGlobal: 0
============================================================
+ Verbose Summary: CDFG Model
============================================================
IsTopModel: 0
ResetActiveHigh: 1
IsCombinational: 0
IsDatapathOnly: 0
HasWiredReturn: 1
HasMFsm: 2
HasVarLatency: 1
IsPipeline: 0
IsRtlPipelined: 0
IsInstanceOverlapped: 0
IsDontTouch: 0
HasImplIP: 0
IsGatedGlobalClock: 0

+ Individual pipeline summary: 
  * Pipeline-0: initiation interval (II) = 1, depth = 3


============================================================
+ Verbose Summary: Schedule
============================================================
* Number of FSM states : 3
* Pipeline : 1
  Pipeline-0 : II = 1, D = 3, States = { 1 2 3 }
* Dataflow Pipeline: 0

* FSM state transitions: 
1 --> 2 
2 --> 3 
3 --> 

* FSM state operations: 

State 1 <SV = 0> <Delay = 3.18>
ST_1 : Operation 6 [1/1] (0.00ns)   --->   "%oc = alloca i32 1" [yolo_npu_v2.cpp:29]   --->   Operation 6 'alloca' 'oc' <Predicate = true> <Delay = 0.00>
ST_1 : Operation 7 [1/1] (0.00ns)   --->   "%sext_ln29_1_read = read i63 @_ssdm_op_Read.ap_auto.i63, i63 %sext_ln29_1"   --->   Operation 7 'read' 'sext_ln29_1_read' <Predicate = true> <Delay = 0.00>
ST_1 : Operation 8 [1/1] (0.00ns)   --->   "%cmd_out_channels_read = read i32 @_ssdm_op_Read.ap_auto.i32, i32 %cmd_out_channels"   --->   Operation 8 'read' 'cmd_out_channels_read' <Predicate = true> <Delay = 0.00>
ST_1 : Operation 9 [1/1] (0.00ns)   --->   "%sext_ln29_1_cast = sext i63 %sext_ln29_1_read"   --->   Operation 9 'sext' 'sext_ln29_1_cast' <Predicate = true> <Delay = 0.00>
ST_1 : Operation 10 [1/1] (0.00ns)   --->   "%specinterface_ln0 = specinterface void @_ssdm_op_SpecInterface, i16 %gmem, void @empty_3, i32 0, i32 0, void @empty_7, i32 0, i32 100000, void @empty_13, void @empty_14, void @empty_7, i32 16, i32 16, i32 16, i32 16, void @empty_7, void @empty_7, i32 4294967295, i32 0, i32 0, i32 2"   --->   Operation 10 'specinterface' 'specinterface_ln0' <Predicate = true> <Delay = 0.00>
ST_1 : Operation 11 [1/1] (0.83ns)   --->   "%store_ln29 = store i31 0, i31 %oc" [yolo_npu_v2.cpp:29]   --->   Operation 11 'store' 'store_ln29' <Predicate = true> <Delay = 0.83>
ST_1 : Operation 12 [1/1] (0.00ns)   --->   "%br_ln0 = br void %for.inc"   --->   Operation 12 'br' 'br_ln0' <Predicate = true> <Delay = 0.00>
ST_1 : Operation 13 [1/1] (0.00ns)   --->   "%oc_2 = load i31 %oc" [yolo_npu_v2.cpp:29]   --->   Operation 13 'load' 'oc_2' <Predicate = true> <Delay = 0.00>
ST_1 : Operation 14 [1/1] (0.00ns)   --->   "%specbitsmap_ln0 = specbitsmap void @_ssdm_op_SpecBitsMap, i16 %gmem"   --->   Operation 14 'specbitsmap' 'specbitsmap_ln0' <Predicate = true> <Delay = 0.00>
ST_1 : Operation 15 [1/1] (0.00ns)   --->   "%zext_ln29 = zext i31 %oc_2" [yolo_npu_v2.cpp:29]   --->   Operation 15 'zext' 'zext_ln29' <Predicate = true> <Delay = 0.00>
ST_1 : Operation 16 [1/1] (1.51ns)   --->   "%icmp_ln29 = icmp_slt  i32 %zext_ln29, i32 %cmd_out_channels_read" [yolo_npu_v2.cpp:29]   --->   Operation 16 'icmp' 'icmp_ln29' <Predicate = true> <Delay = 1.51> <CoreInst = "Cmp">   --->   Core 9 'Cmp' <Latency = 0> <II = 1> <Delay = 1.51> <FuncUnit> <Opcode : 'seteq' 'setne' 'setle' 'setge' 'setlt' 'setgt'> <InPorts = 2> <OutPorts = 1>
ST_1 : Operation 17 [1/1] (1.50ns)   --->   "%add_ln29 = add i31 %oc_2, i31 1" [yolo_npu_v2.cpp:29]   --->   Operation 17 'add' 'add_ln29' <Predicate = true> <Delay = 1.50> <CoreInst = "Adder">   --->   Core 1 'Adder' <Latency = 0> <II = 1> <Delay = 1.50> <FuncUnit> <Opcode : 'add' 'sub'> <InPorts = 2> <OutPorts = 1>
ST_1 : Operation 18 [1/1] (0.00ns)   --->   "%br_ln29 = br i1 %icmp_ln29, void %VITIS_LOOP_36_2.loopexit.exitStub, void %for.inc.split" [yolo_npu_v2.cpp:29]   --->   Operation 18 'br' 'br_ln29' <Predicate = true> <Delay = 0.00>
ST_1 : Operation 19 [1/1] (0.00ns)   --->   "%trunc_ln29 = trunc i31 %oc_2" [yolo_npu_v2.cpp:29]   --->   Operation 19 'trunc' 'trunc_ln29' <Predicate = (icmp_ln29)> <Delay = 0.00>
ST_1 : Operation 20 [1/1] (0.00ns)   --->   "%lshr_ln = partselect i3 @_ssdm_op_PartSelect.i3.i31.i32.i32, i31 %oc_2, i32 5, i32 7" [yolo_npu_v2.cpp:29]   --->   Operation 20 'partselect' 'lshr_ln' <Predicate = (icmp_ln29)> <Delay = 0.00>
ST_1 : Operation 21 [1/1] (1.10ns)   --->   "%switch_ln32 = switch i5 %trunc_ln29, void %arrayidx3.case.31, i5 0, void %arrayidx3.case.0, i5 1, void %arrayidx3.case.1, i5 2, void %arrayidx3.case.2, i5 3, void %arrayidx3.case.3, i5 4, void %arrayidx3.case.4, i5 5, void %arrayidx3.case.5, i5 6, void %arrayidx3.case.6, i5 7, void %arrayidx3.case.7, i5 8, void %arrayidx3.case.8, i5 9, void %arrayidx3.case.9, i5 10, void %arrayidx3.case.10, i5 11, void %arrayidx3.case.11, i5 12, void %arrayidx3.case.12, i5 13, void %arrayidx3.case.13, i5 14, void %arrayidx3.case.14, i5 15, void %arrayidx3.case.15, i5 16, void %arrayidx3.case.16, i5 17, void %arrayidx3.case.17, i5 18, void %arrayidx3.case.18, i5 19, void %arrayidx3.case.19, i5 20, void %arrayidx3.case.20, i5 21, void %arrayidx3.case.21, i5 22, void %arrayidx3.case.22, i5 23, void %arrayidx3.case.23, i5 24, void %arrayidx3.case.24, i5 25, void %arrayidx3.case.25, i5 26, void %arrayidx3.case.26, i5 27, void %arrayidx3.case.27, i5 28, void %arrayidx3.case.28, i5 29, void %arrayidx3.case.29, i5 30, void %arrayidx3.case.30" [yolo_npu_v2.cpp:32]   --->   Operation 21 'switch' 'switch_ln32' <Predicate = (icmp_ln29)> <Delay = 1.10>
ST_1 : Operation 22 [1/1] (0.83ns)   --->   "%store_ln29 = store i31 %add_ln29, i31 %oc" [yolo_npu_v2.cpp:29]   --->   Operation 22 'store' 'store_ln29' <Predicate = (icmp_ln29)> <Delay = 0.83>
ST_1 : Operation 23 [1/1] (0.00ns)   --->   "%br_ln29 = br void %for.inc" [yolo_npu_v2.cpp:29]   --->   Operation 23 'br' 'br_ln29' <Predicate = (icmp_ln29)> <Delay = 0.00>

State 2 <SV = 1> <Delay = 14.6>
ST_2 : Operation 24 [1/1] (0.00ns)   --->   "%gmem_addr = getelementptr i16 %gmem, i64 %sext_ln29_1_cast" [yolo_npu_v2.cpp:29]   --->   Operation 24 'getelementptr' 'gmem_addr' <Predicate = true> <Delay = 0.00>
ST_2 : Operation 25 [1/1] ( I:14.6ns O:14.6ns )   --->   "%gmem_addr_read = read i16 @_ssdm_op_Read.m_axi.i16.p1i16, i16 %gmem_addr" [yolo_npu_v2.cpp:32]   --->   Operation 25 'read' 'gmem_addr_read' <Predicate = true> <Delay = 14.6> <CoreInst = "m_axi">   --->   Core 111 'm_axi' <Latency = 3> <II = 1> <Delay = 1.00> <Adapter> <Opcode : 'readrequnaligned' 'writerequnaligned' 'read' 'write' 'readreq' 'writereq' 'writeresp'>
ST_2 : Operation 126 [1/1] (0.83ns)   --->   "%ret_ln0 = ret"   --->   Operation 126 'ret' 'ret_ln0' <Predicate = (!icmp_ln29)> <Delay = 0.83>

State 3 <SV = 2> <Delay = 1.14>
ST_3 : Operation 26 [1/1] (0.00ns)   --->   "%specpipeline_ln31 = specpipeline void @_ssdm_op_SpecPipeline, i32 1, i32 0, i32 0, i32 0, i32 4294967295, void @empty_7" [yolo_npu_v2.cpp:31]   --->   Operation 26 'specpipeline' 'specpipeline_ln31' <Predicate = true> <Delay = 0.00>
ST_3 : Operation 27 [1/1] (0.00ns)   --->   "%speclooptripcount_ln30 = speclooptripcount void @_ssdm_op_SpecLoopTripCount, i64 0, i64 256, i64 128" [yolo_npu_v2.cpp:30]   --->   Operation 27 'speclooptripcount' 'speclooptripcount_ln30' <Predicate = true> <Delay = 0.00>
ST_3 : Operation 28 [1/1] (0.00ns)   --->   "%specloopname_ln29 = specloopname void @_ssdm_op_SpecLoopName, void @empty_6" [yolo_npu_v2.cpp:29]   --->   Operation 28 'specloopname' 'specloopname_ln29' <Predicate = true> <Delay = 0.00>
ST_3 : Operation 29 [1/1] (0.00ns)   --->   "%zext_ln29_1 = zext i3 %lshr_ln" [yolo_npu_v2.cpp:29]   --->   Operation 29 'zext' 'zext_ln29_1' <Predicate = true> <Delay = 0.00>
ST_3 : Operation 30 [1/1] (0.00ns)   --->   "%sp_bias_addr = getelementptr i16 %sp_bias, i64 0, i64 %zext_ln29_1" [yolo_npu_v2.cpp:32]   --->   Operation 30 'getelementptr' 'sp_bias_addr' <Predicate = true> <Delay = 0.00>
ST_3 : Operation 31 [1/1] (0.00ns)   --->   "%sp_bias_1_addr = getelementptr i16 %sp_bias_1, i64 0, i64 %zext_ln29_1" [yolo_npu_v2.cpp:32]   --->   Operation 31 'getelementptr' 'sp_bias_1_addr' <Predicate = true> <Delay = 0.00>
ST_3 : Operation 32 [1/1] (0.00ns)   --->   "%sp_bias_2_addr = getelementptr i16 %sp_bias_2, i64 0, i64 %zext_ln29_1" [yolo_npu_v2.cpp:32]   --->   Operation 32 'getelementptr' 'sp_bias_2_addr' <Predicate = true> <Delay = 0.00>
ST_3 : Operation 33 [1/1] (0.00ns)   --->   "%sp_bias_3_addr = getelementptr i16 %sp_bias_3, i64 0, i64 %zext_ln29_1" [yolo_npu_v2.cpp:32]   --->   Operation 33 'getelementptr' 'sp_bias_3_addr' <Predicate = true> <Delay = 0.00>
ST_3 : Operation 34 [1/1] (0.00ns)   --->   "%sp_bias_4_addr = getelementptr i16 %sp_bias_4, i64 0, i64 %zext_ln29_1" [yolo_npu_v2.cpp:32]   --->   Operation 34 'getelementptr' 'sp_bias_4_addr' <Predicate = true> <Delay = 0.00>
ST_3 : Operation 35 [1/1] (0.00ns)   --->   "%sp_bias_5_addr = getelementptr i16 %sp_bias_5, i64 0, i64 %zext_ln29_1" [yolo_npu_v2.cpp:32]   --->   Operation 35 'getelementptr' 'sp_bias_5_addr' <Predicate = true> <Delay = 0.00>
ST_3 : Operation 36 [1/1] (0.00ns)   --->   "%sp_bias_6_addr = getelementptr i16 %sp_bias_6, i64 0, i64 %zext_ln29_1" [yolo_npu_v2.cpp:32]   --->   Operation 36 'getelementptr' 'sp_bias_6_addr' <Predicate = true> <Delay = 0.00>
ST_3 : Operation 37 [1/1] (0.00ns)   --->   "%sp_bias_7_addr = getelementptr i16 %sp_bias_7, i64 0, i64 %zext_ln29_1" [yolo_npu_v2.cpp:32]   --->   Operation 37 'getelementptr' 'sp_bias_7_addr' <Predicate = true> <Delay = 0.00>
ST_3 : Operation 38 [1/1] (0.00ns)   --->   "%sp_bias_8_addr = getelementptr i16 %sp_bias_8, i64 0, i64 %zext_ln29_1" [yolo_npu_v2.cpp:32]   --->   Operation 38 'getelementptr' 'sp_bias_8_addr' <Predicate = true> <Delay = 0.00>
ST_3 : Operation 39 [1/1] (0.00ns)   --->   "%sp_bias_9_addr = getelementptr i16 %sp_bias_9, i64 0, i64 %zext_ln29_1" [yolo_npu_v2.cpp:32]   --->   Operation 39 'getelementptr' 'sp_bias_9_addr' <Predicate = true> <Delay = 0.00>
ST_3 : Operation 40 [1/1] (0.00ns)   --->   "%sp_bias_10_addr = getelementptr i16 %sp_bias_10, i64 0, i64 %zext_ln29_1" [yolo_npu_v2.cpp:32]   --->   Operation 40 'getelementptr' 'sp_bias_10_addr' <Predicate = true> <Delay = 0.00>
ST_3 : Operation 41 [1/1] (0.00ns)   --->   "%sp_bias_11_addr = getelementptr i16 %sp_bias_11, i64 0, i64 %zext_ln29_1" [yolo_npu_v2.cpp:32]   --->   Operation 41 'getelementptr' 'sp_bias_11_addr' <Predicate = true> <Delay = 0.00>
ST_3 : Operation 42 [1/1] (0.00ns)   --->   "%sp_bias_12_addr = getelementptr i16 %sp_bias_12, i64 0, i64 %zext_ln29_1" [yolo_npu_v2.cpp:32]   --->   Operation 42 'getelementptr' 'sp_bias_12_addr' <Predicate = true> <Delay = 0.00>
ST_3 : Operation 43 [1/1] (0.00ns)   --->   "%sp_bias_13_addr = getelementptr i16 %sp_bias_13, i64 0, i64 %zext_ln29_1" [yolo_npu_v2.cpp:32]   --->   Operation 43 'getelementptr' 'sp_bias_13_addr' <Predicate = true> <Delay = 0.00>
ST_3 : Operation 44 [1/1] (0.00ns)   --->   "%sp_bias_14_addr = getelementptr i16 %sp_bias_14, i64 0, i64 %zext_ln29_1" [yolo_npu_v2.cpp:32]   --->   Operation 44 'getelementptr' 'sp_bias_14_addr' <Predicate = true> <Delay = 0.00>
ST_3 : Operation 45 [1/1] (0.00ns)   --->   "%sp_bias_15_addr = getelementptr i16 %sp_bias_15, i64 0, i64 %zext_ln29_1" [yolo_npu_v2.cpp:32]   --->   Operation 45 'getelementptr' 'sp_bias_15_addr' <Predicate = true> <Delay = 0.00>
ST_3 : Operation 46 [1/1] (0.00ns)   --->   "%sp_bias_16_addr = getelementptr i16 %sp_bias_16, i64 0, i64 %zext_ln29_1" [yolo_npu_v2.cpp:32]   --->   Operation 46 'getelementptr' 'sp_bias_16_addr' <Predicate = true> <Delay = 0.00>
ST_3 : Operation 47 [1/1] (0.00ns)   --->   "%sp_bias_17_addr = getelementptr i16 %sp_bias_17, i64 0, i64 %zext_ln29_1" [yolo_npu_v2.cpp:32]   --->   Operation 47 'getelementptr' 'sp_bias_17_addr' <Predicate = true> <Delay = 0.00>
ST_3 : Operation 48 [1/1] (0.00ns)   --->   "%sp_bias_18_addr = getelementptr i16 %sp_bias_18, i64 0, i64 %zext_ln29_1" [yolo_npu_v2.cpp:32]   --->   Operation 48 'getelementptr' 'sp_bias_18_addr' <Predicate = true> <Delay = 0.00>
ST_3 : Operation 49 [1/1] (0.00ns)   --->   "%sp_bias_19_addr = getelementptr i16 %sp_bias_19, i64 0, i64 %zext_ln29_1" [yolo_npu_v2.cpp:32]   --->   Operation 49 'getelementptr' 'sp_bias_19_addr' <Predicate = true> <Delay = 0.00>
ST_3 : Operation 50 [1/1] (0.00ns)   --->   "%sp_bias_20_addr = getelementptr i16 %sp_bias_20, i64 0, i64 %zext_ln29_1" [yolo_npu_v2.cpp:32]   --->   Operation 50 'getelementptr' 'sp_bias_20_addr' <Predicate = true> <Delay = 0.00>
ST_3 : Operation 51 [1/1] (0.00ns)   --->   "%sp_bias_21_addr = getelementptr i16 %sp_bias_21, i64 0, i64 %zext_ln29_1" [yolo_npu_v2.cpp:32]   --->   Operation 51 'getelementptr' 'sp_bias_21_addr' <Predicate = true> <Delay = 0.00>
ST_3 : Operation 52 [1/1] (0.00ns)   --->   "%sp_bias_22_addr = getelementptr i16 %sp_bias_22, i64 0, i64 %zext_ln29_1" [yolo_npu_v2.cpp:32]   --->   Operation 52 'getelementptr' 'sp_bias_22_addr' <Predicate = true> <Delay = 0.00>
ST_3 : Operation 53 [1/1] (0.00ns)   --->   "%sp_bias_23_addr = getelementptr i16 %sp_bias_23, i64 0, i64 %zext_ln29_1" [yolo_npu_v2.cpp:32]   --->   Operation 53 'getelementptr' 'sp_bias_23_addr' <Predicate = true> <Delay = 0.00>
ST_3 : Operation 54 [1/1] (0.00ns)   --->   "%sp_bias_24_addr = getelementptr i16 %sp_bias_24, i64 0, i64 %zext_ln29_1" [yolo_npu_v2.cpp:32]   --->   Operation 54 'getelementptr' 'sp_bias_24_addr' <Predicate = true> <Delay = 0.00>
ST_3 : Operation 55 [1/1] (0.00ns)   --->   "%sp_bias_25_addr = getelementptr i16 %sp_bias_25, i64 0, i64 %zext_ln29_1" [yolo_npu_v2.cpp:32]   --->   Operation 55 'getelementptr' 'sp_bias_25_addr' <Predicate = true> <Delay = 0.00>
ST_3 : Operation 56 [1/1] (0.00ns)   --->   "%sp_bias_26_addr = getelementptr i16 %sp_bias_26, i64 0, i64 %zext_ln29_1" [yolo_npu_v2.cpp:32]   --->   Operation 56 'getelementptr' 'sp_bias_26_addr' <Predicate = true> <Delay = 0.00>
ST_3 : Operation 57 [1/1] (0.00ns)   --->   "%sp_bias_27_addr = getelementptr i16 %sp_bias_27, i64 0, i64 %zext_ln29_1" [yolo_npu_v2.cpp:32]   --->   Operation 57 'getelementptr' 'sp_bias_27_addr' <Predicate = true> <Delay = 0.00>
ST_3 : Operation 58 [1/1] (0.00ns)   --->   "%sp_bias_28_addr = getelementptr i16 %sp_bias_28, i64 0, i64 %zext_ln29_1" [yolo_npu_v2.cpp:32]   --->   Operation 58 'getelementptr' 'sp_bias_28_addr' <Predicate = true> <Delay = 0.00>
ST_3 : Operation 59 [1/1] (0.00ns)   --->   "%sp_bias_29_addr = getelementptr i16 %sp_bias_29, i64 0, i64 %zext_ln29_1" [yolo_npu_v2.cpp:32]   --->   Operation 59 'getelementptr' 'sp_bias_29_addr' <Predicate = true> <Delay = 0.00>
ST_3 : Operation 60 [1/1] (0.00ns)   --->   "%sp_bias_30_addr = getelementptr i16 %sp_bias_30, i64 0, i64 %zext_ln29_1" [yolo_npu_v2.cpp:32]   --->   Operation 60 'getelementptr' 'sp_bias_30_addr' <Predicate = true> <Delay = 0.00>
ST_3 : Operation 61 [1/1] (0.00ns)   --->   "%sp_bias_31_addr = getelementptr i16 %sp_bias_31, i64 0, i64 %zext_ln29_1" [yolo_npu_v2.cpp:32]   --->   Operation 61 'getelementptr' 'sp_bias_31_addr' <Predicate = true> <Delay = 0.00>
ST_3 : Operation 62 [1/1] ( I:1.14ns O:1.14ns )   --->   "%store_ln32 = store i16 %gmem_addr_read, i3 %sp_bias_30_addr" [yolo_npu_v2.cpp:32]   --->   Operation 62 'store' 'store_ln32' <Predicate = (trunc_ln29 == 30)> <Delay = 1.14> <CoreInst = "RAM">   --->   Core 81 'RAM' <Latency = 1> <II = 1> <Delay = 1.14> <Storage> <Opcode : 'load' 'store'> <Ports = 2> <Width = 16> <Depth = 8> <RAM>
ST_3 : Operation 63 [1/1] (0.00ns)   --->   "%br_ln32 = br void %arrayidx3.exit" [yolo_npu_v2.cpp:32]   --->   Operation 63 'br' 'br_ln32' <Predicate = (trunc_ln29 == 30)> <Delay = 0.00>
ST_3 : Operation 64 [1/1] ( I:1.14ns O:1.14ns )   --->   "%store_ln32 = store i16 %gmem_addr_read, i3 %sp_bias_29_addr" [yolo_npu_v2.cpp:32]   --->   Operation 64 'store' 'store_ln32' <Predicate = (trunc_ln29 == 29)> <Delay = 1.14> <CoreInst = "RAM">   --->   Core 81 'RAM' <Latency = 1> <II = 1> <Delay = 1.14> <Storage> <Opcode : 'load' 'store'> <Ports = 2> <Width = 16> <Depth = 8> <RAM>
ST_3 : Operation 65 [1/1] (0.00ns)   --->   "%br_ln32 = br void %arrayidx3.exit" [yolo_npu_v2.cpp:32]   --->   Operation 65 'br' 'br_ln32' <Predicate = (trunc_ln29 == 29)> <Delay = 0.00>
ST_3 : Operation 66 [1/1] ( I:1.14ns O:1.14ns )   --->   "%store_ln32 = store i16 %gmem_addr_read, i3 %sp_bias_28_addr" [yolo_npu_v2.cpp:32]   --->   Operation 66 'store' 'store_ln32' <Predicate = (trunc_ln29 == 28)> <Delay = 1.14> <CoreInst = "RAM">   --->   Core 81 'RAM' <Latency = 1> <II = 1> <Delay = 1.14> <Storage> <Opcode : 'load' 'store'> <Ports = 2> <Width = 16> <Depth = 8> <RAM>
ST_3 : Operation 67 [1/1] (0.00ns)   --->   "%br_ln32 = br void %arrayidx3.exit" [yolo_npu_v2.cpp:32]   --->   Operation 67 'br' 'br_ln32' <Predicate = (trunc_ln29 == 28)> <Delay = 0.00>
ST_3 : Operation 68 [1/1] ( I:1.14ns O:1.14ns )   --->   "%store_ln32 = store i16 %gmem_addr_read, i3 %sp_bias_27_addr" [yolo_npu_v2.cpp:32]   --->   Operation 68 'store' 'store_ln32' <Predicate = (trunc_ln29 == 27)> <Delay = 1.14> <CoreInst = "RAM">   --->   Core 81 'RAM' <Latency = 1> <II = 1> <Delay = 1.14> <Storage> <Opcode : 'load' 'store'> <Ports = 2> <Width = 16> <Depth = 8> <RAM>
ST_3 : Operation 69 [1/1] (0.00ns)   --->   "%br_ln32 = br void %arrayidx3.exit" [yolo_npu_v2.cpp:32]   --->   Operation 69 'br' 'br_ln32' <Predicate = (trunc_ln29 == 27)> <Delay = 0.00>
ST_3 : Operation 70 [1/1] ( I:1.14ns O:1.14ns )   --->   "%store_ln32 = store i16 %gmem_addr_read, i3 %sp_bias_26_addr" [yolo_npu_v2.cpp:32]   --->   Operation 70 'store' 'store_ln32' <Predicate = (trunc_ln29 == 26)> <Delay = 1.14> <CoreInst = "RAM">   --->   Core 81 'RAM' <Latency = 1> <II = 1> <Delay = 1.14> <Storage> <Opcode : 'load' 'store'> <Ports = 2> <Width = 16> <Depth = 8> <RAM>
ST_3 : Operation 71 [1/1] (0.00ns)   --->   "%br_ln32 = br void %arrayidx3.exit" [yolo_npu_v2.cpp:32]   --->   Operation 71 'br' 'br_ln32' <Predicate = (trunc_ln29 == 26)> <Delay = 0.00>
ST_3 : Operation 72 [1/1] ( I:1.14ns O:1.14ns )   --->   "%store_ln32 = store i16 %gmem_addr_read, i3 %sp_bias_25_addr" [yolo_npu_v2.cpp:32]   --->   Operation 72 'store' 'store_ln32' <Predicate = (trunc_ln29 == 25)> <Delay = 1.14> <CoreInst = "RAM">   --->   Core 81 'RAM' <Latency = 1> <II = 1> <Delay = 1.14> <Storage> <Opcode : 'load' 'store'> <Ports = 2> <Width = 16> <Depth = 8> <RAM>
ST_3 : Operation 73 [1/1] (0.00ns)   --->   "%br_ln32 = br void %arrayidx3.exit" [yolo_npu_v2.cpp:32]   --->   Operation 73 'br' 'br_ln32' <Predicate = (trunc_ln29 == 25)> <Delay = 0.00>
ST_3 : Operation 74 [1/1] ( I:1.14ns O:1.14ns )   --->   "%store_ln32 = store i16 %gmem_addr_read, i3 %sp_bias_24_addr" [yolo_npu_v2.cpp:32]   --->   Operation 74 'store' 'store_ln32' <Predicate = (trunc_ln29 == 24)> <Delay = 1.14> <CoreInst = "RAM">   --->   Core 81 'RAM' <Latency = 1> <II = 1> <Delay = 1.14> <Storage> <Opcode : 'load' 'store'> <Ports = 2> <Width = 16> <Depth = 8> <RAM>
ST_3 : Operation 75 [1/1] (0.00ns)   --->   "%br_ln32 = br void %arrayidx3.exit" [yolo_npu_v2.cpp:32]   --->   Operation 75 'br' 'br_ln32' <Predicate = (trunc_ln29 == 24)> <Delay = 0.00>
ST_3 : Operation 76 [1/1] ( I:1.14ns O:1.14ns )   --->   "%store_ln32 = store i16 %gmem_addr_read, i3 %sp_bias_23_addr" [yolo_npu_v2.cpp:32]   --->   Operation 76 'store' 'store_ln32' <Predicate = (trunc_ln29 == 23)> <Delay = 1.14> <CoreInst = "RAM">   --->   Core 81 'RAM' <Latency = 1> <II = 1> <Delay = 1.14> <Storage> <Opcode : 'load' 'store'> <Ports = 2> <Width = 16> <Depth = 8> <RAM>
ST_3 : Operation 77 [1/1] (0.00ns)   --->   "%br_ln32 = br void %arrayidx3.exit" [yolo_npu_v2.cpp:32]   --->   Operation 77 'br' 'br_ln32' <Predicate = (trunc_ln29 == 23)> <Delay = 0.00>
ST_3 : Operation 78 [1/1] ( I:1.14ns O:1.14ns )   --->   "%store_ln32 = store i16 %gmem_addr_read, i3 %sp_bias_22_addr" [yolo_npu_v2.cpp:32]   --->   Operation 78 'store' 'store_ln32' <Predicate = (trunc_ln29 == 22)> <Delay = 1.14> <CoreInst = "RAM">   --->   Core 81 'RAM' <Latency = 1> <II = 1> <Delay = 1.14> <Storage> <Opcode : 'load' 'store'> <Ports = 2> <Width = 16> <Depth = 8> <RAM>
ST_3 : Operation 79 [1/1] (0.00ns)   --->   "%br_ln32 = br void %arrayidx3.exit" [yolo_npu_v2.cpp:32]   --->   Operation 79 'br' 'br_ln32' <Predicate = (trunc_ln29 == 22)> <Delay = 0.00>
ST_3 : Operation 80 [1/1] ( I:1.14ns O:1.14ns )   --->   "%store_ln32 = store i16 %gmem_addr_read, i3 %sp_bias_21_addr" [yolo_npu_v2.cpp:32]   --->   Operation 80 'store' 'store_ln32' <Predicate = (trunc_ln29 == 21)> <Delay = 1.14> <CoreInst = "RAM">   --->   Core 81 'RAM' <Latency = 1> <II = 1> <Delay = 1.14> <Storage> <Opcode : 'load' 'store'> <Ports = 2> <Width = 16> <Depth = 8> <RAM>
ST_3 : Operation 81 [1/1] (0.00ns)   --->   "%br_ln32 = br void %arrayidx3.exit" [yolo_npu_v2.cpp:32]   --->   Operation 81 'br' 'br_ln32' <Predicate = (trunc_ln29 == 21)> <Delay = 0.00>
ST_3 : Operation 82 [1/1] ( I:1.14ns O:1.14ns )   --->   "%store_ln32 = store i16 %gmem_addr_read, i3 %sp_bias_20_addr" [yolo_npu_v2.cpp:32]   --->   Operation 82 'store' 'store_ln32' <Predicate = (trunc_ln29 == 20)> <Delay = 1.14> <CoreInst = "RAM">   --->   Core 81 'RAM' <Latency = 1> <II = 1> <Delay = 1.14> <Storage> <Opcode : 'load' 'store'> <Ports = 2> <Width = 16> <Depth = 8> <RAM>
ST_3 : Operation 83 [1/1] (0.00ns)   --->   "%br_ln32 = br void %arrayidx3.exit" [yolo_npu_v2.cpp:32]   --->   Operation 83 'br' 'br_ln32' <Predicate = (trunc_ln29 == 20)> <Delay = 0.00>
ST_3 : Operation 84 [1/1] ( I:1.14ns O:1.14ns )   --->   "%store_ln32 = store i16 %gmem_addr_read, i3 %sp_bias_19_addr" [yolo_npu_v2.cpp:32]   --->   Operation 84 'store' 'store_ln32' <Predicate = (trunc_ln29 == 19)> <Delay = 1.14> <CoreInst = "RAM">   --->   Core 81 'RAM' <Latency = 1> <II = 1> <Delay = 1.14> <Storage> <Opcode : 'load' 'store'> <Ports = 2> <Width = 16> <Depth = 8> <RAM>
ST_3 : Operation 85 [1/1] (0.00ns)   --->   "%br_ln32 = br void %arrayidx3.exit" [yolo_npu_v2.cpp:32]   --->   Operation 85 'br' 'br_ln32' <Predicate = (trunc_ln29 == 19)> <Delay = 0.00>
ST_3 : Operation 86 [1/1] ( I:1.14ns O:1.14ns )   --->   "%store_ln32 = store i16 %gmem_addr_read, i3 %sp_bias_18_addr" [yolo_npu_v2.cpp:32]   --->   Operation 86 'store' 'store_ln32' <Predicate = (trunc_ln29 == 18)> <Delay = 1.14> <CoreInst = "RAM">   --->   Core 81 'RAM' <Latency = 1> <II = 1> <Delay = 1.14> <Storage> <Opcode : 'load' 'store'> <Ports = 2> <Width = 16> <Depth = 8> <RAM>
ST_3 : Operation 87 [1/1] (0.00ns)   --->   "%br_ln32 = br void %arrayidx3.exit" [yolo_npu_v2.cpp:32]   --->   Operation 87 'br' 'br_ln32' <Predicate = (trunc_ln29 == 18)> <Delay = 0.00>
ST_3 : Operation 88 [1/1] ( I:1.14ns O:1.14ns )   --->   "%store_ln32 = store i16 %gmem_addr_read, i3 %sp_bias_17_addr" [yolo_npu_v2.cpp:32]   --->   Operation 88 'store' 'store_ln32' <Predicate = (trunc_ln29 == 17)> <Delay = 1.14> <CoreInst = "RAM">   --->   Core 81 'RAM' <Latency = 1> <II = 1> <Delay = 1.14> <Storage> <Opcode : 'load' 'store'> <Ports = 2> <Width = 16> <Depth = 8> <RAM>
ST_3 : Operation 89 [1/1] (0.00ns)   --->   "%br_ln32 = br void %arrayidx3.exit" [yolo_npu_v2.cpp:32]   --->   Operation 89 'br' 'br_ln32' <Predicate = (trunc_ln29 == 17)> <Delay = 0.00>
ST_3 : Operation 90 [1/1] ( I:1.14ns O:1.14ns )   --->   "%store_ln32 = store i16 %gmem_addr_read, i3 %sp_bias_16_addr" [yolo_npu_v2.cpp:32]   --->   Operation 90 'store' 'store_ln32' <Predicate = (trunc_ln29 == 16)> <Delay = 1.14> <CoreInst = "RAM">   --->   Core 81 'RAM' <Latency = 1> <II = 1> <Delay = 1.14> <Storage> <Opcode : 'load' 'store'> <Ports = 2> <Width = 16> <Depth = 8> <RAM>
ST_3 : Operation 91 [1/1] (0.00ns)   --->   "%br_ln32 = br void %arrayidx3.exit" [yolo_npu_v2.cpp:32]   --->   Operation 91 'br' 'br_ln32' <Predicate = (trunc_ln29 == 16)> <Delay = 0.00>
ST_3 : Operation 92 [1/1] ( I:1.14ns O:1.14ns )   --->   "%store_ln32 = store i16 %gmem_addr_read, i3 %sp_bias_15_addr" [yolo_npu_v2.cpp:32]   --->   Operation 92 'store' 'store_ln32' <Predicate = (trunc_ln29 == 15)> <Delay = 1.14> <CoreInst = "RAM">   --->   Core 81 'RAM' <Latency = 1> <II = 1> <Delay = 1.14> <Storage> <Opcode : 'load' 'store'> <Ports = 2> <Width = 16> <Depth = 8> <RAM>
ST_3 : Operation 93 [1/1] (0.00ns)   --->   "%br_ln32 = br void %arrayidx3.exit" [yolo_npu_v2.cpp:32]   --->   Operation 93 'br' 'br_ln32' <Predicate = (trunc_ln29 == 15)> <Delay = 0.00>
ST_3 : Operation 94 [1/1] ( I:1.14ns O:1.14ns )   --->   "%store_ln32 = store i16 %gmem_addr_read, i3 %sp_bias_14_addr" [yolo_npu_v2.cpp:32]   --->   Operation 94 'store' 'store_ln32' <Predicate = (trunc_ln29 == 14)> <Delay = 1.14> <CoreInst = "RAM">   --->   Core 81 'RAM' <Latency = 1> <II = 1> <Delay = 1.14> <Storage> <Opcode : 'load' 'store'> <Ports = 2> <Width = 16> <Depth = 8> <RAM>
ST_3 : Operation 95 [1/1] (0.00ns)   --->   "%br_ln32 = br void %arrayidx3.exit" [yolo_npu_v2.cpp:32]   --->   Operation 95 'br' 'br_ln32' <Predicate = (trunc_ln29 == 14)> <Delay = 0.00>
ST_3 : Operation 96 [1/1] ( I:1.14ns O:1.14ns )   --->   "%store_ln32 = store i16 %gmem_addr_read, i3 %sp_bias_13_addr" [yolo_npu_v2.cpp:32]   --->   Operation 96 'store' 'store_ln32' <Predicate = (trunc_ln29 == 13)> <Delay = 1.14> <CoreInst = "RAM">   --->   Core 81 'RAM' <Latency = 1> <II = 1> <Delay = 1.14> <Storage> <Opcode : 'load' 'store'> <Ports = 2> <Width = 16> <Depth = 8> <RAM>
ST_3 : Operation 97 [1/1] (0.00ns)   --->   "%br_ln32 = br void %arrayidx3.exit" [yolo_npu_v2.cpp:32]   --->   Operation 97 'br' 'br_ln32' <Predicate = (trunc_ln29 == 13)> <Delay = 0.00>
ST_3 : Operation 98 [1/1] ( I:1.14ns O:1.14ns )   --->   "%store_ln32 = store i16 %gmem_addr_read, i3 %sp_bias_12_addr" [yolo_npu_v2.cpp:32]   --->   Operation 98 'store' 'store_ln32' <Predicate = (trunc_ln29 == 12)> <Delay = 1.14> <CoreInst = "RAM">   --->   Core 81 'RAM' <Latency = 1> <II = 1> <Delay = 1.14> <Storage> <Opcode : 'load' 'store'> <Ports = 2> <Width = 16> <Depth = 8> <RAM>
ST_3 : Operation 99 [1/1] (0.00ns)   --->   "%br_ln32 = br void %arrayidx3.exit" [yolo_npu_v2.cpp:32]   --->   Operation 99 'br' 'br_ln32' <Predicate = (trunc_ln29 == 12)> <Delay = 0.00>
ST_3 : Operation 100 [1/1] ( I:1.14ns O:1.14ns )   --->   "%store_ln32 = store i16 %gmem_addr_read, i3 %sp_bias_11_addr" [yolo_npu_v2.cpp:32]   --->   Operation 100 'store' 'store_ln32' <Predicate = (trunc_ln29 == 11)> <Delay = 1.14> <CoreInst = "RAM">   --->   Core 81 'RAM' <Latency = 1> <II = 1> <Delay = 1.14> <Storage> <Opcode : 'load' 'store'> <Ports = 2> <Width = 16> <Depth = 8> <RAM>
ST_3 : Operation 101 [1/1] (0.00ns)   --->   "%br_ln32 = br void %arrayidx3.exit" [yolo_npu_v2.cpp:32]   --->   Operation 101 'br' 'br_ln32' <Predicate = (trunc_ln29 == 11)> <Delay = 0.00>
ST_3 : Operation 102 [1/1] ( I:1.14ns O:1.14ns )   --->   "%store_ln32 = store i16 %gmem_addr_read, i3 %sp_bias_10_addr" [yolo_npu_v2.cpp:32]   --->   Operation 102 'store' 'store_ln32' <Predicate = (trunc_ln29 == 10)> <Delay = 1.14> <CoreInst = "RAM">   --->   Core 81 'RAM' <Latency = 1> <II = 1> <Delay = 1.14> <Storage> <Opcode : 'load' 'store'> <Ports = 2> <Width = 16> <Depth = 8> <RAM>
ST_3 : Operation 103 [1/1] (0.00ns)   --->   "%br_ln32 = br void %arrayidx3.exit" [yolo_npu_v2.cpp:32]   --->   Operation 103 'br' 'br_ln32' <Predicate = (trunc_ln29 == 10)> <Delay = 0.00>
ST_3 : Operation 104 [1/1] ( I:1.14ns O:1.14ns )   --->   "%store_ln32 = store i16 %gmem_addr_read, i3 %sp_bias_9_addr" [yolo_npu_v2.cpp:32]   --->   Operation 104 'store' 'store_ln32' <Predicate = (trunc_ln29 == 9)> <Delay = 1.14> <CoreInst = "RAM">   --->   Core 81 'RAM' <Latency = 1> <II = 1> <Delay = 1.14> <Storage> <Opcode : 'load' 'store'> <Ports = 2> <Width = 16> <Depth = 8> <RAM>
ST_3 : Operation 105 [1/1] (0.00ns)   --->   "%br_ln32 = br void %arrayidx3.exit" [yolo_npu_v2.cpp:32]   --->   Operation 105 'br' 'br_ln32' <Predicate = (trunc_ln29 == 9)> <Delay = 0.00>
ST_3 : Operation 106 [1/1] ( I:1.14ns O:1.14ns )   --->   "%store_ln32 = store i16 %gmem_addr_read, i3 %sp_bias_8_addr" [yolo_npu_v2.cpp:32]   --->   Operation 106 'store' 'store_ln32' <Predicate = (trunc_ln29 == 8)> <Delay = 1.14> <CoreInst = "RAM">   --->   Core 81 'RAM' <Latency = 1> <II = 1> <Delay = 1.14> <Storage> <Opcode : 'load' 'store'> <Ports = 2> <Width = 16> <Depth = 8> <RAM>
ST_3 : Operation 107 [1/1] (0.00ns)   --->   "%br_ln32 = br void %arrayidx3.exit" [yolo_npu_v2.cpp:32]   --->   Operation 107 'br' 'br_ln32' <Predicate = (trunc_ln29 == 8)> <Delay = 0.00>
ST_3 : Operation 108 [1/1] ( I:1.14ns O:1.14ns )   --->   "%store_ln32 = store i16 %gmem_addr_read, i3 %sp_bias_7_addr" [yolo_npu_v2.cpp:32]   --->   Operation 108 'store' 'store_ln32' <Predicate = (trunc_ln29 == 7)> <Delay = 1.14> <CoreInst = "RAM">   --->   Core 81 'RAM' <Latency = 1> <II = 1> <Delay = 1.14> <Storage> <Opcode : 'load' 'store'> <Ports = 2> <Width = 16> <Depth = 8> <RAM>
ST_3 : Operation 109 [1/1] (0.00ns)   --->   "%br_ln32 = br void %arrayidx3.exit" [yolo_npu_v2.cpp:32]   --->   Operation 109 'br' 'br_ln32' <Predicate = (trunc_ln29 == 7)> <Delay = 0.00>
ST_3 : Operation 110 [1/1] ( I:1.14ns O:1.14ns )   --->   "%store_ln32 = store i16 %gmem_addr_read, i3 %sp_bias_6_addr" [yolo_npu_v2.cpp:32]   --->   Operation 110 'store' 'store_ln32' <Predicate = (trunc_ln29 == 6)> <Delay = 1.14> <CoreInst = "RAM">   --->   Core 81 'RAM' <Latency = 1> <II = 1> <Delay = 1.14> <Storage> <Opcode : 'load' 'store'> <Ports = 2> <Width = 16> <Depth = 8> <RAM>
ST_3 : Operation 111 [1/1] (0.00ns)   --->   "%br_ln32 = br void %arrayidx3.exit" [yolo_npu_v2.cpp:32]   --->   Operation 111 'br' 'br_ln32' <Predicate = (trunc_ln29 == 6)> <Delay = 0.00>
ST_3 : Operation 112 [1/1] ( I:1.14ns O:1.14ns )   --->   "%store_ln32 = store i16 %gmem_addr_read, i3 %sp_bias_5_addr" [yolo_npu_v2.cpp:32]   --->   Operation 112 'store' 'store_ln32' <Predicate = (trunc_ln29 == 5)> <Delay = 1.14> <CoreInst = "RAM">   --->   Core 81 'RAM' <Latency = 1> <II = 1> <Delay = 1.14> <Storage> <Opcode : 'load' 'store'> <Ports = 2> <Width = 16> <Depth = 8> <RAM>
ST_3 : Operation 113 [1/1] (0.00ns)   --->   "%br_ln32 = br void %arrayidx3.exit" [yolo_npu_v2.cpp:32]   --->   Operation 113 'br' 'br_ln32' <Predicate = (trunc_ln29 == 5)> <Delay = 0.00>
ST_3 : Operation 114 [1/1] ( I:1.14ns O:1.14ns )   --->   "%store_ln32 = store i16 %gmem_addr_read, i3 %sp_bias_4_addr" [yolo_npu_v2.cpp:32]   --->   Operation 114 'store' 'store_ln32' <Predicate = (trunc_ln29 == 4)> <Delay = 1.14> <CoreInst = "RAM">   --->   Core 81 'RAM' <Latency = 1> <II = 1> <Delay = 1.14> <Storage> <Opcode : 'load' 'store'> <Ports = 2> <Width = 16> <Depth = 8> <RAM>
ST_3 : Operation 115 [1/1] (0.00ns)   --->   "%br_ln32 = br void %arrayidx3.exit" [yolo_npu_v2.cpp:32]   --->   Operation 115 'br' 'br_ln32' <Predicate = (trunc_ln29 == 4)> <Delay = 0.00>
ST_3 : Operation 116 [1/1] ( I:1.14ns O:1.14ns )   --->   "%store_ln32 = store i16 %gmem_addr_read, i3 %sp_bias_3_addr" [yolo_npu_v2.cpp:32]   --->   Operation 116 'store' 'store_ln32' <Predicate = (trunc_ln29 == 3)> <Delay = 1.14> <CoreInst = "RAM">   --->   Core 81 'RAM' <Latency = 1> <II = 1> <Delay = 1.14> <Storage> <Opcode : 'load' 'store'> <Ports = 2> <Width = 16> <Depth = 8> <RAM>
ST_3 : Operation 117 [1/1] (0.00ns)   --->   "%br_ln32 = br void %arrayidx3.exit" [yolo_npu_v2.cpp:32]   --->   Operation 117 'br' 'br_ln32' <Predicate = (trunc_ln29 == 3)> <Delay = 0.00>
ST_3 : Operation 118 [1/1] ( I:1.14ns O:1.14ns )   --->   "%store_ln32 = store i16 %gmem_addr_read, i3 %sp_bias_2_addr" [yolo_npu_v2.cpp:32]   --->   Operation 118 'store' 'store_ln32' <Predicate = (trunc_ln29 == 2)> <Delay = 1.14> <CoreInst = "RAM">   --->   Core 81 'RAM' <Latency = 1> <II = 1> <Delay = 1.14> <Storage> <Opcode : 'load' 'store'> <Ports = 2> <Width = 16> <Depth = 8> <RAM>
ST_3 : Operation 119 [1/1] (0.00ns)   --->   "%br_ln32 = br void %arrayidx3.exit" [yolo_npu_v2.cpp:32]   --->   Operation 119 'br' 'br_ln32' <Predicate = (trunc_ln29 == 2)> <Delay = 0.00>
ST_3 : Operation 120 [1/1] ( I:1.14ns O:1.14ns )   --->   "%store_ln32 = store i16 %gmem_addr_read, i3 %sp_bias_1_addr" [yolo_npu_v2.cpp:32]   --->   Operation 120 'store' 'store_ln32' <Predicate = (trunc_ln29 == 1)> <Delay = 1.14> <CoreInst = "RAM">   --->   Core 81 'RAM' <Latency = 1> <II = 1> <Delay = 1.14> <Storage> <Opcode : 'load' 'store'> <Ports = 2> <Width = 16> <Depth = 8> <RAM>
ST_3 : Operation 121 [1/1] (0.00ns)   --->   "%br_ln32 = br void %arrayidx3.exit" [yolo_npu_v2.cpp:32]   --->   Operation 121 'br' 'br_ln32' <Predicate = (trunc_ln29 == 1)> <Delay = 0.00>
ST_3 : Operation 122 [1/1] ( I:1.14ns O:1.14ns )   --->   "%store_ln32 = store i16 %gmem_addr_read, i3 %sp_bias_addr" [yolo_npu_v2.cpp:32]   --->   Operation 122 'store' 'store_ln32' <Predicate = (trunc_ln29 == 0)> <Delay = 1.14> <CoreInst = "RAM">   --->   Core 81 'RAM' <Latency = 1> <II = 1> <Delay = 1.14> <Storage> <Opcode : 'load' 'store'> <Ports = 2> <Width = 16> <Depth = 8> <RAM>
ST_3 : Operation 123 [1/1] (0.00ns)   --->   "%br_ln32 = br void %arrayidx3.exit" [yolo_npu_v2.cpp:32]   --->   Operation 123 'br' 'br_ln32' <Predicate = (trunc_ln29 == 0)> <Delay = 0.00>
ST_3 : Operation 124 [1/1] ( I:1.14ns O:1.14ns )   --->   "%store_ln32 = store i16 %gmem_addr_read, i3 %sp_bias_31_addr" [yolo_npu_v2.cpp:32]   --->   Operation 124 'store' 'store_ln32' <Predicate = (trunc_ln29 == 31)> <Delay = 1.14> <CoreInst = "RAM">   --->   Core 81 'RAM' <Latency = 1> <II = 1> <Delay = 1.14> <Storage> <Opcode : 'load' 'store'> <Ports = 2> <Width = 16> <Depth = 8> <RAM>
ST_3 : Operation 125 [1/1] (0.00ns)   --->   "%br_ln32 = br void %arrayidx3.exit" [yolo_npu_v2.cpp:32]   --->   Operation 125 'br' 'br_ln32' <Predicate = (trunc_ln29 == 31)> <Delay = 0.00>


============================================================
+ Verbose Summary: Timing violations
============================================================
Target clock period: 20.000ns, clock uncertainty: 5.400ns.

 <State 1>: 3.180ns
The critical path consists of the following:
	'store' operation ('store_ln29', yolo_npu_v2.cpp:29) of constant 0 31 bit on local variable 'oc', yolo_npu_v2.cpp:29 [41]  (0.833 ns)
	'load' operation 31 bit ('oc', yolo_npu_v2.cpp:29) on local variable 'oc', yolo_npu_v2.cpp:29 [44]  (0.000 ns)
	'icmp' operation 1 bit ('icmp_ln29', yolo_npu_v2.cpp:29) [47]  (1.514 ns)
	'store' operation ('store_ln29', yolo_npu_v2.cpp:29) of variable 'add_ln29', yolo_npu_v2.cpp:29 31 bit on local variable 'oc', yolo_npu_v2.cpp:29 [189]  (0.833 ns)

 <State 2>: 14.600ns
The critical path consists of the following:
	'getelementptr' operation 16 bit ('gmem_addr', yolo_npu_v2.cpp:29) [51]  (0.000 ns)
	bus read operation ('gmem_addr_read', yolo_npu_v2.cpp:32) on port 'gmem' (yolo_npu_v2.cpp:32) [90]  (14.600 ns)

 <State 3>: 1.148ns
The critical path consists of the following:
	'getelementptr' operation 3 bit ('sp_bias_30_addr', yolo_npu_v2.cpp:32) [88]  (0.000 ns)
	'store' operation ('store_ln32', yolo_npu_v2.cpp:32) of variable 'gmem_addr_read', yolo_npu_v2.cpp:32 16 bit on array 'sp_bias_30' [93]  (1.148 ns)


============================================================
+ Verbose Summary: Binding
============================================================
N/A
* FSMD analyzer results:
  - Output states:
 - Input state : 
  - Chain level:
	State 1
	State 2
	State 3


============================================================
+ Verbose Summary: Datapath Resource usage 
============================================================
N/A
