  **** HLS Build v2025.2 6295257
INFO: [HLS 200-2005] Using work_dir /home/dlohchab/projects/Verilog/DVCON/task_detection_tpu/yolo_backbone_v4/yolo_backbone_v4 
INFO: [HLS 200-2176] Writing Vitis IDE component file /home/dlohchab/projects/Verilog/DVCON/task_detection_tpu/yolo_backbone_v4/yolo_backbone_v4/vitis-comp.json
INFO: [HLS 200-10] Creating and opening component '/home/dlohchab/projects/Verilog/DVCON/task_detection_tpu/yolo_backbone_v4/yolo_backbone_v4'.
INFO: [HLS 200-1505] Using default flow_target 'vivado'
Resolution: For help on HLS 200-1505 see docs.amd.com/access/sources/dita/topic?Doc_Version=2025.2%20English&url=ug1448-hls-guidance&resourceid=200-1505.html
INFO: [HLS 200-2174] Applying component config ini file hls_config.cfg
INFO: [HLS 200-1465] Applying config ini 'syn.file=./yolo_backbone_4.cpp' from hls_config.cfg(7)
INFO: [HLS 200-10] Adding design file '/home/dlohchab/projects/Verilog/DVCON/task_detection_tpu/yolo_backbone_v4/yolo_backbone_4.cpp' to the project
INFO: [HLS 200-1465] Applying config ini 'tb.file=./yolo_backbone_4_tb.cpp' from hls_config.cfg(8)
INFO: [HLS 200-10] Adding test bench file '/home/dlohchab/projects/Verilog/DVCON/task_detection_tpu/yolo_backbone_v4/yolo_backbone_4_tb.cpp' to the project
INFO: [HLS 200-1465] Applying config ini 'syn.top=yolo_backbone_v4' from hls_config.cfg(9)
INFO: [HLS 200-1465] Applying config ini 'flow_target=vivado' from hls_config.cfg(4)
INFO: [HLS 200-1505] Using flow_target 'vivado'
Resolution: For help on HLS 200-1505 see docs.amd.com/access/sources/dita/topic?Doc_Version=2025.2%20English&url=ug1448-hls-guidance&resourceid=200-1505.html
INFO: [HLS 200-1465] Applying config ini 'part=xc7k325tffg900-2' from hls_config.cfg(1)
INFO: [HLS 200-1611] Setting target device to 'xc7k325t-ffg900-2'
INFO: [HLS 200-1465] Applying config ini 'package.output.format=ip_catalog' from hls_config.cfg(5)
INFO: [HLS 200-2176] Writing Vitis IDE component file /home/dlohchab/projects/Verilog/DVCON/task_detection_tpu/yolo_backbone_v4/yolo_backbone_v4/vitis-comp.json
INFO: [SIM 211-2] *************** CSIM start ***************
INFO: [HLS 200-2191] C-Simulation will use clang-16 as the compiler
INFO: [HLS 200-2036] Building debug C Simulation binaries
   Compiling ../../../../yolo_backbone_4_tb.cpp in debug mode
   Generating csim.exe
WARNING: assign NaN to fixed point value
WARNING: assign NaN to fixed point value
WARNING: assign NaN to fixed point value
WARNING: assign NaN to fixed point value
WARNING: assign NaN to fixed point value
WARNING: assign NaN to fixed point value
WARNING: assign NaN to fixed point value
WARNING: assign NaN to fixed point value
WARNING: assign NaN to fixed point value
WARNING: assign NaN to fixed point value
WARNING: assign NaN to fixed point value
WARNING: assign NaN to fixed point value
WARNING: assign NaN to fixed point value
WARNING: assign NaN to fixed point value
WARNING: assign NaN to fixed point value
WARNING: assign NaN to fixed point value
WARNING: assign NaN to fixed point value
WARNING: assign NaN to fixed point value
WARNING: assign NaN to fixed point value
WARNING: assign NaN to fixed point value
WARNING: assign NaN to fixed point value
WARNING: assign NaN to fixed point value
WARNING: assign NaN to fixed point value
WARNING: assign NaN to fixed point value
WARNING: assign NaN to fixed point value
WARNING: assign NaN to fixed point value
WARNING: assign NaN to fixed point value
WARNING: assign NaN to fixed point value
WARNING: assign NaN to fixed point value
WARNING: assign NaN to fixed point value
WARNING: assign NaN to fixed point value
WARNING: assign NaN to fixed point value
WARNING: assign NaN to fixed point value
WARNING: assign NaN to fixed point value
WARNING: assign NaN to fixed point value
WARNING: assign NaN to fixed point value
WARNING: assign NaN to fixed point value
WARNING: assign NaN to fixed point value
WARNING: assign NaN to fixed point value
WARNING: assign NaN to fixed point value
WARNING: assign NaN to fixed point value
WARNING: assign NaN to fixed point value
WARNING: assign NaN to fixed point value
WARNING: assign NaN to fixed point value
WARNING: assign NaN to fixed point value
WARNING: assign NaN to fixed point value
WARNING: assign NaN to fixed point value
WARNING: assign NaN to fixed point value
WARNING: assign NaN to fixed point value
WARNING: assign NaN to fixed point value
WARNING: assign NaN to fixed point value
WARNING: assign NaN to fixed point value
WARNING: assign NaN to fixed point value
WARNING: assign NaN to fixed point value
WARNING: assign NaN to fixed point value
WARNING: assign NaN to fixed point value
WARNING: assign NaN to fixed point value
WARNING: assign NaN to fixed point value
WARNING: assign NaN to fixed point value
WARNING: assign NaN to fixed point value
WARNING: assign NaN to fixed point value
WARNING: assign NaN to fixed point value
WARNING: assign NaN to fixed point value
WARNING: assign NaN to fixed point value
WARNING: assign NaN to fixed point value
WARNING: assign NaN to fixed point value
WARNING: assign NaN to fixed point value
WARNING: assign NaN to fixed point value
WARNING: assign NaN to fixed point value
WARNING: assign NaN to fixed point value
WARNING: assign NaN to fixed point value
WARNING: assign NaN to fixed point value
WARNING: assign NaN to fixed point value
WARNING: assign NaN to fixed point value
WARNING: assign NaN to fixed point value
WARNING: assign NaN to fixed point value
WARNING: assign NaN to fixed point value
WARNING: assign NaN to fixed point value
WARNING: assign NaN to fixed point value
WARNING: assign NaN to fixed point value
WARNING: assign NaN to fixed point value
WARNING: assign NaN to fixed point value
WARNING: assign NaN to fixed point value
WARNING: assign NaN to fixed point value
WARNING: assign NaN to fixed point value
WARNING: assign NaN to fixed point value
WARNING: assign NaN to fixed point value
WARNING: assign NaN to fixed point value
WARNING: assign NaN to fixed point value
WARNING: assign NaN to fixed point value
WARNING: assign NaN to fixed point value
WARNING: assign NaN to fixed point value
WARNING: assign NaN to fixed point value
WARNING: assign NaN to fixed point value
WARNING: assign NaN to fixed point value
WARNING: assign NaN to fixed point value
WARNING: assign NaN to fixed point value
WARNING: assign NaN to fixed point value
WARNING: assign NaN to fixed point value
WARNING: assign NaN to fixed point value
WARNING: assign NaN to fixed point value
WARNING: assign NaN to fixed point value
WARNING: assign NaN to fixed point value
WARNING: assign NaN to fixed point value
WARNING: assign NaN to fixed point value
WARNING: assign NaN to fixed point value
WARNING: assign NaN to fixed point value
WARNING: assign NaN to fixed point value
WARNING: assign NaN to fixed point value
WARNING: assign NaN to fixed point value
WARNING: assign NaN to fixed point value
WARNING: assign NaN to fixed point value
WARNING: assign NaN to fixed point value
WARNING: assign NaN to fixed point value
WARNING: assign NaN to fixed point value
WARNING: assign NaN to fixed point value
WARNING: assign NaN to fixed point value
WARNING: assign NaN to fixed point value
WARNING: assign NaN to fixed point value
WARNING: assign NaN to fixed point value
WARNING: assign NaN to fixed point value
WARNING: assign NaN to fixed point value
WARNING: assign NaN to fixed point value
WARNING: assign NaN to fixed point value
WARNING: assign NaN to fixed point value
WARNING: assign NaN to fixed point value
WARNING: assign NaN to fixed point value
WARNING: assign NaN to fixed point value
WARNING: assign NaN to fixed point value
WARNING: assign NaN to fixed point value
WARNING: assign NaN to fixed point value
WARNING: assign NaN to fixed point value
WARNING: assign NaN to fixed point value
WARNING: assign NaN to fixed point value
WARNING: assign NaN to fixed point value
WARNING: assign NaN to fixed point value
WARNING: assign NaN to fixed point value
WARNING: assign NaN to fixed point value
WARNING: assign NaN to fixed point value
WARNING: assign NaN to fixed point value
WARNING: assign NaN to fixed point value
WARNING: assign NaN to fixed point value
WARNING: assign NaN to fixed point value
WARNING: assign NaN to fixed point value
WARNING: assign NaN to fixed point value
WARNING: assign NaN to fixed point value
WARNING: assign NaN to fixed point value
WARNING: assign NaN to fixed point value
WARNING: assign NaN to fixed point value
WARNING: assign NaN to fixed point value
WARNING: assign NaN to fixed point value
WARNING: assign NaN to fixed point value
WARNING: assign NaN to fixed point value
WARNING: assign NaN to fixed point value
WARNING: assign NaN to fixed point value
WARNING: assign NaN to fixed point value
WARNING: assign NaN to fixed point value
WARNING: assign NaN to fixed point value
WARNING: assign NaN to fixed point value
WARNING: assign NaN to fixed point value
WARNING: assign NaN to fixed point value
WARNING: assign NaN to fixed point value
WARNING: assign NaN to fixed point value
WARNING: assign NaN to fixed point value
WARNING: assign NaN to fixed point value
WARNING: assign NaN to fixed point value
WARNING: assign NaN to fixed point value
WARNING: assign NaN to fixed point value
WARNING: assign NaN to fixed point value
WARNING: assign NaN to fixed point value
WARNING: assign NaN to fixed point value
WARNING: assign NaN to fixed point value
WARNING: assign NaN to fixed point value
WARNING: assign NaN to fixed point value
WARNING: assign NaN to fixed point value
WARNING: assign NaN to fixed point value
WARNING: assign NaN to fixed point value
WARNING: assign NaN to fixed point value
WARNING: assign NaN to fixed point value
WARNING: assign NaN to fixed point value
WARNING: assign NaN to fixed point value
WARNING: assign NaN to fixed point value
WARNING: assign NaN to fixed point value
WARNING: assign NaN to fixed point value
WARNING: assign NaN to fixed point value
WARNING: assign NaN to fixed point value
WARNING: assign NaN to fixed point value
WARNING: assign NaN to fixed point value
WARNING: assign NaN to fixed point value
WARNING: assign NaN to fixed point value
WARNING: assign NaN to fixed point value
WARNING: assign NaN to fixed point value
WARNING: assign NaN to fixed point value
WARNING: assign NaN to fixed point value
WARNING: assign NaN to fixed point value
WARNING: assign NaN to fixed point value
WARNING: assign NaN to fixed point value
WARNING: assign NaN to fixed point value
WARNING: assign NaN to fixed point value
WARNING: assign NaN to fixed point value
WARNING: assign NaN to fixed point value
WARNING: assign NaN to fixed point value
WARNING: assign NaN to fixed point value
WARNING: assign NaN to fixed point value
WARNING: assign NaN to fixed point value
WARNING: assign NaN to fixed point value
WARNING: assign NaN to fixed point value
WARNING: assign NaN to fixed point value
WARNING: assign NaN to fixed point value
WARNING: assign NaN to fixed point value
WARNING: assign NaN to fixed point value
WARNING: assign NaN to fixed point value
WARNING: assign NaN to fixed point value
WARNING: assign NaN to fixed point value
WARNING: assign NaN to fixed point value
WARNING: assign NaN to fixed point value
WARNING: assign NaN to fixed point value
WARNING: assign NaN to fixed point value
WARNING: assign NaN to fixed point value
WARNING: assign NaN to fixed point value
WARNING: assign NaN to fixed point value
WARNING: assign NaN to fixed point value
WARNING: assign NaN to fixed point value
WARNING: assign NaN to fixed point value
WARNING: assign NaN to fixed point value
WARNING: assign NaN to fixed point value
WARNING: assign NaN to fixed point value
WARNING: assign NaN to fixed point value
WARNING: assign NaN to fixed point value
WARNING: assign NaN to fixed point value
WARNING: assign NaN to fixed point value
WARNING: assign NaN to fixed point value
WARNING: assign NaN to fixed point value
WARNING: assign NaN to fixed point value
WARNING: assign NaN to fixed point value
WARNING: assign NaN to fixed point value
WARNING: assign NaN to fixed point value
WARNING: assign NaN to fixed point value
WARNING: assign NaN to fixed point value
WARNING: assign NaN to fixed point value
WARNING: assign NaN to fixed point value
WARNING: assign NaN to fixed point value
WARNING: assign NaN to fixed point value
WARNING: assign NaN to fixed point value
WARNING: assign NaN to fixed point value
WARNING: assign NaN to fixed point value
WARNING: assign NaN to fixed point value
WARNING: assign NaN to fixed point value
WARNING: assign NaN to fixed point value
WARNING: assign NaN to fixed point value
WARNING: assign NaN to fixed point value
WARNING: assign NaN to fixed point value
WARNING: assign NaN to fixed point value
WARNING: assign NaN to fixed point value
WARNING: assign NaN to fixed point value
WARNING: assign NaN to fixed point value
WARNING: assign NaN to fixed point value
WARNING: assign NaN to fixed point value
WARNING: assign NaN to fixed point value
WARNING: assign NaN to fixed point value
WARNING: assign NaN to fixed point value
WARNING: assign NaN to fixed point value
WARNING: assign NaN to fixed point value
WARNING: assign NaN to fixed point value
WARNING: assign NaN to fixed point value
WARNING: assign NaN to fixed point value
WARNING: assign NaN to fixed point value
WARNING: assign NaN to fixed point value
WARNING: assign NaN to fixed point value
WARNING: assign NaN to fixed point value
WARNING: assign NaN to fixed point value
WARNING: assign NaN to fixed point value
WARNING: assign NaN to fixed point value
WARNING: assign NaN to fixed point value
WARNING: assign NaN to fixed point value
WARNING: assign NaN to fixed point value
WARNING: assign NaN to fixed point value
WARNING: assign NaN to fixed point value
WARNING: assign NaN to fixed point value
WARNING: assign NaN to fixed point value
WARNING: assign NaN to fixed point value
WARNING: assign NaN to fixed point value
WARNING: assign NaN to fixed point value
WARNING: assign NaN to fixed point value
WARNING: assign NaN to fixed point value
WARNING: assign NaN to fixed point value
WARNING: assign NaN to fixed point value
WARNING: assign NaN to fixed point value
WARNING: assign NaN to fixed point value
WARNING: assign NaN to fixed point value
WARNING: assign NaN to fixed point value
WARNING: assign NaN to fixed point value
WARNING: assign NaN to fixed point value
WARNING: assign NaN to fixed point value
WARNING: assign NaN to fixed point value
WARNING: assign NaN to fixed point value
WARNING: assign NaN to fixed point value
WARNING: assign NaN to fixed point value
WARNING: assign NaN to fixed point value
WARNING: assign NaN to fixed point value
WARNING: assign NaN to fixed point value
WARNING: assign NaN to fixed point value
WARNING: assign NaN to fixed point value
WARNING: assign NaN to fixed point value
WARNING: assign NaN to fixed point value
WARNING: assign NaN to fixed point value
WARNING: assign NaN to fixed point value
WARNING: assign NaN to fixed point value
WARNING: assign NaN to fixed point value
WARNING: assign NaN to fixed point value
WARNING: assign NaN to fixed point value
WARNING: assign NaN to fixed point value
WARNING: assign NaN to fixed point value
WARNING: assign NaN to fixed point value
WARNING: assign NaN to fixed point value
WARNING: assign NaN to fixed point value
WARNING: assign NaN to fixed point value
WARNING: assign NaN to fixed point value
WARNING: assign NaN to fixed point value
WARNING: assign NaN to fixed point value
WARNING: assign NaN to fixed point value
WARNING: assign NaN to fixed point value
WARNING: assign NaN to fixed point value
WARNING: assign NaN to fixed point value
WARNING: assign NaN to fixed point value
WARNING: assign NaN to fixed point value
WARNING: assign NaN to fixed point value
WARNING: assign NaN to fixed point value
WARNING: assign NaN to fixed point value
WARNING: assign NaN to fixed point value
WARNING: assign NaN to fixed point value
WARNING: assign NaN to fixed point value
WARNING: assign NaN to fixed point value
WARNING: assign NaN to fixed point value
WARNING: assign NaN to fixed point value
WARNING: assign NaN to fixed point value
WARNING: assign NaN to fixed point value
WARNING: assign NaN to fixed point value
WARNING: assign NaN to fixed point value
WARNING: assign NaN to fixed point value
WARNING: assign NaN to fixed point value
WARNING: assign NaN to fixed point value
WARNING: assign NaN to fixed point value
WARNING: assign NaN to fixed point value
WARNING: assign NaN to fixed point value
WARNING: assign NaN to fixed point value
WARNING: assign NaN to fixed point value
WARNING: assign NaN to fixed point value
WARNING: assign NaN to fixed point value
WARNING: assign NaN to fixed point value
WARNING: assign NaN to fixed point value
WARNING: assign NaN to fixed point value
WARNING: assign NaN to fixed point value
WARNING: assign NaN to fixed point value
WARNING: assign NaN to fixed point value
WARNING: assign NaN to fixed point value
WARNING: assign NaN to fixed point value
WARNING: assign NaN to fixed point value
WARNING: assign NaN to fixed point value
WARNING: assign NaN to fixed point value
WARNING: assign NaN to fixed point value
WARNING: assign NaN to fixed point value
WARNING: assign NaN to fixed point value
WARNING: assign NaN to fixed point value
WARNING: assign NaN to fixed point value
WARNING: assign NaN to fixed point value
WARNING: assign NaN to fixed point value
WARNING: assign NaN to fixed point value
WARNING: assign NaN to fixed point value
WARNING: assign NaN to fixed point value
WARNING: assign NaN to fixed point value
WARNING: assign NaN to fixed point value
WARNING: assign NaN to fixed point value
WARNING: assign NaN to fixed point value
WARNING: assign NaN to fixed point value
WARNING: assign NaN to fixed point value
WARNING: assign NaN to fixed point value
WARNING: assign NaN to fixed point value
WARNING: assign NaN to fixed point value
WARNING: assign NaN to fixed point value
WARNING: assign NaN to fixed point value
WARNING: assign NaN to fixed point value
WARNING: assign NaN to fixed point value
WARNING: assign NaN to fixed point value
WARNING: assign NaN to fixed point value
WARNING: assign NaN to fixed point value
WARNING: assign NaN to fixed point value
WARNING: assign NaN to fixed point value
WARNING: assign NaN to fixed point value
WARNING: assign NaN to fixed point value
WARNING: assign NaN to fixed point value
WARNING: assign NaN to fixed point value
WARNING: assign NaN to fixed point value
WARNING: assign NaN to fixed point value
WARNING: assign NaN to fixed point value
WARNING: assign NaN to fixed point value
WARNING: assign NaN to fixed point value
WARNING: assign NaN to fixed point value
WARNING: assign NaN to fixed point value
WARNING: assign NaN to fixed point value
WARNING: assign NaN to fixed point value
WARNING: assign NaN to fixed point value
WARNING: assign NaN to fixed point value
WARNING: assign NaN to fixed point value
WARNING: assign NaN to fixed point value
WARNING: assign NaN to fixed point value
WARNING: assign NaN to fixed point value
WARNING: assign NaN to fixed point value
WARNING: assign NaN to fixed point value
WARNING: assign NaN to fixed point value
WARNING: assign NaN to fixed point value
WARNING: assign NaN to fixed point value
WARNING: assign NaN to fixed point value
WARNING: assign NaN to fixed point value
WARNING: assign NaN to fixed point value
WARNING: assign NaN to fixed point value
WARNING: assign NaN to fixed point value
WARNING: assign NaN to fixed point value
WARNING: assign NaN to fixed point value
WARNING: assign NaN to fixed point value
WARNING: assign NaN to fixed point value
WARNING: assign NaN to fixed point value
WARNING: assign NaN to fixed point value
WARNING: assign NaN to fixed point value
WARNING: assign NaN to fixed point value
WARNING: assign NaN to fixed point value
WARNING: assign NaN to fixed point value
WARNING: assign NaN to fixed point value
WARNING: assign NaN to fixed point value
WARNING: assign NaN to fixed point value
WARNING: assign NaN to fixed point value
WARNING: assign NaN to fixed point value
WARNING: assign NaN to fixed point value
WARNING: assign NaN to fixed point value
WARNING: assign NaN to fixed point value
WARNING: assign NaN to fixed point value
WARNING: assign NaN to fixed point value
WARNING: assign NaN to fixed point value
WARNING: assign NaN to fixed point value
WARNING: assign NaN to fixed point value
WARNING: assign NaN to fixed point value
WARNING: assign NaN to fixed point value
WARNING: assign NaN to fixed point value
WARNING: assign NaN to fixed point value
WARNING: assign NaN to fixed point value
WARNING: assign NaN to fixed point value
WARNING: assign NaN to fixed point value
WARNING: assign NaN to fixed point value
WARNING: assign NaN to fixed point value
WARNING: assign NaN to fixed point value
WARNING: assign NaN to fixed point value
WARNING: assign NaN to fixed point value
WARNING: assign NaN to fixed point value
WARNING: assign NaN to fixed point value
WARNING: assign NaN to fixed point value
WARNING: assign NaN to fixed point value
WARNING: assign NaN to fixed point value
WARNING: assign NaN to fixed point value
WARNING: assign NaN to fixed point value
WARNING: assign NaN to fixed point value
WARNING: assign NaN to fixed point value
WARNING: assign NaN to fixed point value
WARNING: assign NaN to fixed point value
WARNING: assign NaN to fixed point value
WARNING: assign NaN to fixed point value
WARNING: assign NaN to fixed point value
WARNING: assign NaN to fixed point value
WARNING: assign NaN to fixed point value
WARNING: assign NaN to fixed point value
WARNING: assign NaN to fixed point value
WARNING: assign NaN to fixed point value
WARNING: assign NaN to fixed point value
WARNING: assign NaN to fixed point value
WARNING: assign NaN to fixed point value
WARNING: assign NaN to fixed point value
WARNING: assign NaN to fixed point value
WARNING: assign NaN to fixed point value
WARNING: assign NaN to fixed point value
WARNING: assign NaN to fixed point value
WARNING: assign NaN to fixed point value
WARNING: assign NaN to fixed point value
WARNING: assign NaN to fixed point value
WARNING: assign NaN to fixed point value
WARNING: assign NaN to fixed point value
WARNING: assign NaN to fixed point value
WARNING: assign NaN to fixed point value
WARNING: assign NaN to fixed point value
WARNING: assign NaN to fixed point value
WARNING: assign NaN to fixed point value
WARNING: assign NaN to fixed point value
WARNING: assign NaN to fixed point value
WARNING: assign NaN to fixed point value
WARNING: assign NaN to fixed point value
WARNING: assign NaN to fixed point value
WARNING: assign NaN to fixed point value
WARNING: assign NaN to fixed point value
WARNING: assign NaN to fixed point value
WARNING: assign NaN to fixed point value
WARNING: assign NaN to fixed point value
WARNING: assign NaN to fixed point value
WARNING: assign NaN to fixed point value
WARNING: assign NaN to fixed point value
WARNING: assign NaN to fixed point value
WARNING: assign NaN to fixed point value
WARNING: assign NaN to fixed point value
WARNING: assign NaN to fixed point value
WARNING: assign NaN to fixed point value
WARNING: assign NaN to fixed point value
WARNING: assign NaN to fixed point value
WARNING: assign NaN to fixed point value
WARNING: assign NaN to fixed point value
WARNING: assign NaN to fixed point value
WARNING: assign NaN to fixed point value
WARNING: assign NaN to fixed point value
WARNING: assign NaN to fixed point value
WARNING: assign NaN to fixed point value
WARNING: assign NaN to fixed point value
WARNING: assign NaN to fixed point value
WARNING: assign NaN to fixed point value
WARNING: assign NaN to fixed point value
WARNING: assign NaN to fixed point value
WARNING: assign NaN to fixed point value
WARNING: assign NaN to fixed point value
WARNING: assign NaN to fixed point value
WARNING: assign NaN to fixed point value
WARNING: assign NaN to fixed point value
WARNING: assign NaN to fixed point value
WARNING: assign NaN to fixed point value
WARNING: assign NaN to fixed point value
WARNING: assign NaN to fixed point value
WARNING: assign NaN to fixed point value
WARNING: assign NaN to fixed point value
WARNING: assign NaN to fixed point value
WARNING: assign NaN to fixed point value
WARNING: assign NaN to fixed point value
WARNING: assign NaN to fixed point value
WARNING: assign NaN to fixed point value
WARNING: assign NaN to fixed point value
WARNING: assign NaN to fixed point value
WARNING: assign NaN to fixed point value
WARNING: assign NaN to fixed point value
WARNING: assign NaN to fixed point value
WARNING: assign NaN to fixed point value
WARNING: assign NaN to fixed point value
WARNING: assign NaN to fixed point value
WARNING: assign NaN to fixed point value
WARNING: assign NaN to fixed point value
WARNING: assign NaN to fixed point value
WARNING: assign NaN to fixed point value
WARNING: assign NaN to fixed point value
WARNING: assign NaN to fixed point value
WARNING: assign NaN to fixed point value
WARNING: assign NaN to fixed point value
WARNING: assign NaN to fixed point value
WARNING: assign NaN to fixed point value
WARNING: assign NaN to fixed point value
WARNING: assign NaN to fixed point value
WARNING: assign NaN to fixed point value
WARNING: assign NaN to fixed point value
WARNING: assign NaN to fixed point value
WARNING: assign NaN to fixed point value
WARNING: assign NaN to fixed point value
WARNING: assign NaN to fixed point value
WARNING: assign NaN to fixed point value
WARNING: assign NaN to fixed point value
WARNING: assign NaN to fixed point value
WARNING: assign NaN to fixed point value
WARNING: assign NaN to fixed point value
WARNING: assign NaN to fixed point value
WARNING: assign NaN to fixed point value
WARNING: assign NaN to fixed point value
WARNING: assign NaN to fixed point value
WARNING: assign NaN to fixed point value
WARNING: assign NaN to fixed point value
WARNING: assign NaN to fixed point value
WARNING: assign NaN to fixed point value
WARNING: assign NaN to fixed point value
WARNING: assign NaN to fixed point value
WARNING: assign NaN to fixed point value
WARNING: assign NaN to fixed point value
WARNING: assign NaN to fixed point value
WARNING: assign NaN to fixed point value
WARNING: assign NaN to fixed point value
WARNING: assign NaN to fixed point value
WARNING: assign NaN to fixed point value
WARNING: assign NaN to fixed point value
WARNING: assign NaN to fixed point value
WARNING: assign NaN to fixed point value
WARNING: assign NaN to fixed point value
WARNING: assign NaN to fixed point value
WARNING: assign NaN to fixed point value
WARNING: assign NaN to fixed point value
WARNING: assign NaN to fixed point value
WARNING: assign NaN to fixed point value
WARNING: assign NaN to fixed point value
WARNING: assign NaN to fixed point value
WARNING: assign NaN to fixed point value
WARNING: assign NaN to fixed point value
WARNING: assign NaN to fixed point value
WARNING: assign NaN to fixed point value
WARNING: assign NaN to fixed point value
WARNING: assign NaN to fixed point value
WARNING: assign NaN to fixed point value
WARNING: assign NaN to fixed point value
WARNING: assign NaN to fixed point value
WARNING: assign NaN to fixed point value
WARNING: assign NaN to fixed point value
WARNING: assign NaN to fixed point value
WARNING: assign NaN to fixed point value
WARNING: assign NaN to fixed point value
WARNING: assign NaN to fixed point value
WARNING: assign NaN to fixed point value
WARNING: assign NaN to fixed point value
WARNING: assign NaN to fixed point value
WARNING: assign NaN to fixed point value
WARNING: assign NaN to fixed point value
WARNING: assign NaN to fixed point value
WARNING: assign NaN to fixed point value
WARNING: assign NaN to fixed point value
WARNING: assign NaN to fixed point value
WARNING: assign NaN to fixed point value
WARNING: assign NaN to fixed point value
WARNING: assign NaN to fixed point value
WARNING: assign NaN to fixed point value
WARNING: assign NaN to fixed point value
WARNING: assign NaN to fixed point value
WARNING: assign NaN to fixed point value
WARNING: assign NaN to fixed point value
WARNING: assign NaN to fixed point value
WARNING: assign NaN to fixed point value
WARNING: assign NaN to fixed point value
WARNING: assign NaN to fixed point value
WARNING: assign NaN to fixed point value
WARNING: assign NaN to fixed point value
WARNING: assign NaN to fixed point value
WARNING: assign NaN to fixed point value
WARNING: assign NaN to fixed point value
WARNING: assign NaN to fixed point value
WARNING: assign NaN to fixed point value
WARNING: assign NaN to fixed point value
WARNING: assign NaN to fixed point value
WARNING: assign NaN to fixed point value
WARNING: assign NaN to fixed point value
WARNING: assign NaN to fixed point value
WARNING: assign NaN to fixed point value
WARNING: assign NaN to fixed point value
WARNING: assign NaN to fixed point value
WARNING: assign NaN to fixed point value
WARNING: assign NaN to fixed point value
WARNING: assign NaN to fixed point value
WARNING: assign NaN to fixed point value
WARNING: assign NaN to fixed point value
WARNING: assign NaN to fixed point value
WARNING: assign NaN to fixed point value
WARNING: assign NaN to fixed point value
WARNING: assign NaN to fixed point value
WARNING: assign NaN to fixed point value
WARNING: assign NaN to fixed point value
WARNING: assign NaN to fixed point value
WARNING: assign NaN to fixed point value
WARNING: assign NaN to fixed point value
WARNING: assign NaN to fixed point value
WARNING: assign NaN to fixed point value
WARNING: assign NaN to fixed point value
WARNING: assign NaN to fixed point value
WARNING: assign NaN to fixed point value
WARNING: assign NaN to fixed point value
WARNING: assign NaN to fixed point value
WARNING: assign NaN to fixed point value
WARNING: assign NaN to fixed point value
WARNING: assign NaN to fixed point value
WARNING: assign NaN to fixed point value
WARNING: assign NaN to fixed point value
WARNING: assign NaN to fixed point value
WARNING: assign NaN to fixed point value
WARNING: assign NaN to fixed point value
WARNING: assign NaN to fixed point value
WARNING: assign NaN to fixed point value
WARNING: assign NaN to fixed point value
WARNING: assign NaN to fixed point value
WARNING: assign NaN to fixed point value
WARNING: assign NaN to fixed point value
WARNING: assign NaN to fixed point value
WARNING: assign NaN to fixed point value
WARNING: assign NaN to fixed point value
WARNING: assign NaN to fixed point value
WARNING: assign NaN to fixed point value
WARNING: assign NaN to fixed point value
WARNING: assign NaN to fixed point value
WARNING: assign NaN to fixed point value
WARNING: assign NaN to fixed point value
WARNING: assign NaN to fixed point value
WARNING: assign NaN to fixed point value
WARNING: assign NaN to fixed point value
WARNING: assign NaN to fixed point value
WARNING: assign NaN to fixed point value
WARNING: assign NaN to fixed point value
WARNING: assign NaN to fixed point value
WARNING: assign NaN to fixed point value
WARNING: assign NaN to fixed point value
WARNING: assign NaN to fixed point value
WARNING: assign NaN to fixed point value
WARNING: assign NaN to fixed point value
WARNING: assign NaN to fixed point value
WARNING: assign NaN to fixed point value
WARNING: assign NaN to fixed point value
WARNING: assign NaN to fixed point value
WARNING: assign NaN to fixed point value
WARNING: assign NaN to fixed point value
WARNING: assign NaN to fixed point value
WARNING: assign NaN to fixed point value
WARNING: assign NaN to fixed point value
WARNING: assign NaN to fixed point value
WARNING: assign NaN to fixed point value
WARNING: assign NaN to fixed point value
WARNING: assign NaN to fixed point value
WARNING: assign NaN to fixed point value
WARNING: assign NaN to fixed point value
WARNING: assign NaN to fixed point value
WARNING: assign NaN to fixed point value
WARNING: assign NaN to fixed point value
WARNING: assign NaN to fixed point value
WARNING: assign NaN to fixed point value
WARNING: assign NaN to fixed point value
WARNING: assign NaN to fixed point value
WARNING: assign NaN to fixed point value
WARNING: assign NaN to fixed point value
WARNING: assign NaN to fixed point value
WARNING: assign NaN to fixed point value
WARNING: assign NaN to fixed point value
WARNING: assign NaN to fixed point value
WARNING: assign NaN to fixed point value
WARNING: assign NaN to fixed point value
WARNING: assign NaN to fixed point value
WARNING: assign NaN to fixed point value
WARNING: assign NaN to fixed point value
WARNING: assign NaN to fixed point value
WARNING: assign NaN to fixed point value
WARNING: assign NaN to fixed point value
WARNING: assign NaN to fixed point value
WARNING: assign NaN to fixed point value
WARNING: assign NaN to fixed point value
WARNING: assign NaN to fixed point value
WARNING: assign NaN to fixed point value
WARNING: assign NaN to fixed point value
WARNING: assign NaN to fixed point value
WARNING: assign NaN to fixed point value
WARNING: assign NaN to fixed point value
WARNING: assign NaN to fixed point value
WARNING: assign NaN to fixed point value
WARNING: assign NaN to fixed point value
WARNING: assign NaN to fixed point value
WARNING: assign NaN to fixed point value
WARNING: assign NaN to fixed point value
WARNING: assign NaN to fixed point value
WARNING: assign NaN to fixed point value
WARNING: assign NaN to fixed point value
WARNING: assign NaN to fixed point value
WARNING: assign NaN to fixed point value
WARNING: assign NaN to fixed point value
WARNING: assign NaN to fixed point value
WARNING: assign NaN to fixed point value
WARNING: assign NaN to fixed point value
WARNING: assign NaN to fixed point value
WARNING: assign NaN to fixed point value
WARNING: assign NaN to fixed point value
WARNING: assign NaN to fixed point value
WARNING: assign NaN to fixed point value
WARNING: assign NaN to fixed point value
WARNING: assign NaN to fixed point value
WARNING: assign NaN to fixed point value
WARNING: assign NaN to fixed point value
WARNING: assign NaN to fixed point value
WARNING: assign NaN to fixed point value
WARNING: assign NaN to fixed point value
WARNING: assign NaN to fixed point value
WARNING: assign NaN to fixed point value
WARNING: assign NaN to fixed point value
WARNING: assign NaN to fixed point value
WARNING: assign NaN to fixed point value
WARNING: assign NaN to fixed point value
WARNING: assign NaN to fixed point value
WARNING: assign NaN to fixed point value
WARNING: assign NaN to fixed point value
WARNING: assign NaN to fixed point value
WARNING: assign NaN to fixed point value
WARNING: assign NaN to fixed point value
WARNING: assign NaN to fixed point value
WARNING: assign NaN to fixed point value
WARNING: assign NaN to fixed point value
WARNING: assign NaN to fixed point value
WARNING: assign NaN to fixed point value
WARNING: assign NaN to fixed point value
WARNING: assign NaN to fixed point value
WARNING: assign NaN to fixed point value
WARNING: assign NaN to fixed point value
WARNING: assign NaN to fixed point value
WARNING: assign NaN to fixed point value
WARNING: assign NaN to fixed point value
WARNING: assign NaN to fixed point value
WARNING: assign NaN to fixed point value
WARNING: assign NaN to fixed point value
WARNING: assign NaN to fixed point value
WARNING: assign NaN to fixed point value
WARNING: assign NaN to fixed point value
WARNING: assign NaN to fixed point value
WARNING: assign NaN to fixed point value
WARNING: assign NaN to fixed point value
WARNING: assign NaN to fixed point value
WARNING: assign NaN to fixed point value
WARNING: assign NaN to fixed point value
WARNING: assign NaN to fixed point value
WARNING: assign NaN to fixed point value
WARNING: assign NaN to fixed point value
WARNING: assign NaN to fixed point value
WARNING: assign NaN to fixed point value
WARNING: assign NaN to fixed point value
WARNING: assign NaN to fixed point value
WARNING: assign NaN to fixed point value
WARNING: assign NaN to fixed point value
WARNING: assign NaN to fixed point value
WARNING: assign NaN to fixed point value
WARNING: assign NaN to fixed point value
WARNING: assign NaN to fixed point value
WARNING: assign NaN to fixed point value
WARNING: assign NaN to fixed point value
WARNING: assign NaN to fixed point value
WARNING: assign NaN to fixed point value
WARNING: assign NaN to fixed point value
WARNING: assign NaN to fixed point value
WARNING: assign NaN to fixed point value
WARNING: assign NaN to fixed point value
WARNING: assign NaN to fixed point value
WARNING: assign NaN to fixed point value
WARNING: assign NaN to fixed point value
WARNING: assign NaN to fixed point value
WARNING: assign NaN to fixed point value
WARNING: assign NaN to fixed point value
WARNING: assign NaN to fixed point value
WARNING: assign NaN to fixed point value
WARNING: assign NaN to fixed point value
WARNING: assign NaN to fixed point value
WARNING: assign NaN to fixed point value
WARNING: assign NaN to fixed point value
WARNING: assign NaN to fixed point value
WARNING: assign NaN to fixed point value
WARNING: assign NaN to fixed point value
WARNING: assign NaN to fixed point value
WARNING: assign NaN to fixed point value
WARNING: assign NaN to fixed point value
WARNING: assign NaN to fixed point value
WARNING: assign NaN to fixed point value
WARNING: assign NaN to fixed point value
WARNING: assign NaN to fixed point value
WARNING: assign NaN to fixed point value
WARNING: assign NaN to fixed point value
WARNING: assign NaN to fixed point value
WARNING: assign NaN to fixed point value
WARNING: assign NaN to fixed point value
WARNING: assign NaN to fixed point value
WARNING: assign NaN to fixed point value
WARNING: assign NaN to fixed point value
WARNING: assign NaN to fixed point value
WARNING: assign NaN to fixed point value
WARNING: assign NaN to fixed point value
WARNING: assign NaN to fixed point value
WARNING: assign NaN to fixed point value
WARNING: assign NaN to fixed point value
WARNING: assign NaN to fixed point value
WARNING: assign NaN to fixed point value
WARNING: assign NaN to fixed point value
WARNING: assign NaN to fixed point value
WARNING: assign NaN to fixed point value
WARNING: assign NaN to fixed point value
WARNING: assign NaN to fixed point value
WARNING: assign NaN to fixed point value
WARNING: assign NaN to fixed point value
WARNING: assign NaN to fixed point value
WARNING: assign NaN to fixed point value
WARNING: assign NaN to fixed point value
WARNING: assign NaN to fixed point value
WARNING: assign NaN to fixed point value
WARNING: assign NaN to fixed point value
WARNING: assign NaN to fixed point value
WARNING: assign NaN to fixed point value
WARNING: assign NaN to fixed point value
WARNING: assign NaN to fixed point value
WARNING: assign NaN to fixed point value
WARNING: assign NaN to fixed point value
WARNING: assign NaN to fixed point value
WARNING: assign NaN to fixed point value
WARNING: assign NaN to fixed point value
WARNING: assign NaN to fixed point value
WARNING: assign NaN to fixed point value
WARNING: assign NaN to fixed point value
WARNING: assign NaN to fixed point value
WARNING: assign NaN to fixed point value
WARNING: assign NaN to fixed point value
WARNING: assign NaN to fixed point value
WARNING: assign NaN to fixed point value
WARNING: assign NaN to fixed point value
WARNING: assign NaN to fixed point value
WARNING: assign NaN to fixed point value
WARNING: assign NaN to fixed point value
WARNING: assign NaN to fixed point value
WARNING: assign NaN to fixed point value
WARNING: assign NaN to fixed point value
WARNING: assign NaN to fixed point value
WARNING: assign NaN to fixed point value
WARNING: assign NaN to fixed point value
WARNING: assign NaN to fixed point value
--- Starting YOLO Backbone V4 (64-Channel Folding) ---

--- Final 1x1 Spatial Feature Map (First 16 Channels) ---
Ch  0: 0.6777
Ch  1: -0.1475
Ch  2: 0.4717
Ch  3: 0.2139
Ch  4: -0.1592
Ch  5: -0.1543
Ch  6: 1.4375
Ch  7: -0.0635
Ch  8: 30.3896
Ch  9: 14.9316
Ch 10: -0.0479
Ch 11: -0.0586
Ch 12: -0.0107
Ch 13: 0.2646
Ch 14: -0.0771
Ch 15: -0.0459

Inference Complete. 55,296 parameters successfully processed.
INFO [HLS SIM]: The maximum depth reached by any hls::stream() instance in the design is 36
INFO: [SIM 211-1] CSim done with 0 errors.
INFO: [SIM 211-3] *************** CSIM finish ***************
INFO: [HLS 200-112] Total CPU user time: 7.24 seconds. Total CPU system time: 1.37 seconds. Total elapsed time: 13.42 seconds; peak allocated memory: 269.480 MB.
INFO: [vitis-run 60-791] Total elapsed time: 0h 0m 25s
