Wed Jun 17 17:02:39 2026: Running xcd server. This server was built by gradle.
Wed Jun 17 17:02:39 2026: Server was asked to start on port: '38287'
Wed Jun 17 17:02:39 2026: Server is using token UUID: '36733242-2fa5-46a7-9541-0250e34a9d50'
Wed Jun 17 17:02:39 2026: SESSION_MGR: creating session with session uuid: '6d04a3e9-ade5-4ab9-8d63-1f78fcd2ec76' and name 'default'
Wed Jun 17 17:02:39 2026: Attempting to start server on port '38287'
Wed Jun 17 17:02:39 2026: XCD main fifo: created main fifo '/tmp/xcdmain36733242-2fa5-46a7-9541-0250e34a9d50', fd read = 13
Wed Jun 17 17:02:39 2026: Running Dispatch Server
Wed Jun 17 17:02:39 2026: Version 2.2.0
Wed Jun 17 17:02:43 2026: Dispatch Server: Accepted socket connection from client
Wed Jun 17 17:02:43 2026: Starting Socket connection
Wed Jun 17 17:02:43 2026: EXCHANGE_TOKEN received, server token: 36733242-2fa5-46a7-9541-0250e34a9d50, passed token: 36733242-2fa5-46a7-9541-0250e34a9d50
Wed Jun 17 17:02:44 2026: DISPATCH_HANDLER: Adding handler from function makeHandler in library libxv_system_diagram
Wed Jun 17 17:02:44 2026: SESSION_MGR: creating session with session uuid: '6503f3c9-751c-4ef6-aaa0-236e3892d2da' and name 'vitis-run_compile_yolo_backbone_v4'
Wed Jun 17 17:02:44 2026: KERNEL_SVC: creating session with uuid: '6503f3c9-751c-4ef6-aaa0-236e3892d2da' and name 'vitis-run_compile_yolo_backbone_v4'
Wed Jun 17 17:02:44 2026: GUIDANCE_SMGR: creating guidance session with uuid: '6503f3c9-751c-4ef6-aaa0-236e3892d2da' and name 'vitis-run_compile_yolo_backbone_v4'
Wed Jun 17 17:02:44 2026: SYSTEM_DIAGRAM: creating session with uuid: '6503f3c9-751c-4ef6-aaa0-236e3892d2da' and name 'vitis-run_compile_yolo_backbone_v4'
Wed Jun 17 17:02:53 2026: Dispatch Server: Accepted socket connection from client
Wed Jun 17 17:02:53 2026: Starting Socket connection
Wed Jun 17 17:03:12 2026: SESSION_MGR: closing session for UUID '6503f3c9-751c-4ef6-aaa0-236e3892d2da' with name 'vitis-run_compile_yolo_backbone_v4'
Wed Jun 17 17:03:12 2026: KERNEL_SVC: closing session for UUID '6503f3c9-751c-4ef6-aaa0-236e3892d2da' with name 'vitis-run_compile_yolo_backbone_v4'
Wed Jun 17 17:03:12 2026: GUIDANCE_SMGR: closing session for UUID '6503f3c9-751c-4ef6-aaa0-236e3892d2da' with name 'vitis-run_compile_yolo_backbone_v4'
Wed Jun 17 17:03:12 2026: SYSTEM_DIAGRAM: closing session for UUID '6503f3c9-751c-4ef6-aaa0-236e3892d2da' with name 'vitis-run_compile_yolo_backbone_v4'
Wed Jun 17 17:03:12 2026: STOP_SERVER received, server token: 36733242-2fa5-46a7-9541-0250e34a9d50, passed token: 36733242-2fa5-46a7-9541-0250e34a9d50
Wed Jun 17 17:03:12 2026: Socket received request to stop server.
Wed Jun 17 17:03:12 2026: Dispatch Server: do_await_stop
Wed Jun 17 17:03:12 2026: Dispatch Server: stopping mainFifo_
Wed Jun 17 17:03:12 2026: XCD main fifo: Stopping
Wed Jun 17 17:03:12 2026: XCD main fifo: do_read error code: Operation canceled
Wed Jun 17 17:03:12 2026: XCD main fifo: bytes_transferred: 0
Wed Jun 17 17:03:12 2026: SERVER: destructor for server bound to port 38287
Wed Jun 17 17:03:12 2026: XCD main fifo: Good unlink of /tmp/xcdmain36733242-2fa5-46a7-9541-0250e34a9d50
Wed Jun 17 17:03:12 2026: Server exiting with status 0.
Wed Jun 17 17:03:12 2026: Closing log file.
Wed Jun 17 17:06:59 2026: Running xcd server. This server was built by gradle.
Wed Jun 17 17:06:59 2026: Server was asked to start on port: '42653'
Wed Jun 17 17:06:59 2026: Server is using token UUID: '9af43e3f-1ac5-4604-9ef9-d0ed243c1811'
Wed Jun 17 17:06:59 2026: SESSION_MGR: creating session with session uuid: '6d04a3e9-ade5-4ab9-8d63-1f78fcd2ec76' and name 'default'
Wed Jun 17 17:06:59 2026: Attempting to start server on port '42653'
Wed Jun 17 17:06:59 2026: XCD main fifo: created main fifo '/tmp/xcdmain9af43e3f-1ac5-4604-9ef9-d0ed243c1811', fd read = 13
Wed Jun 17 17:06:59 2026: Running Dispatch Server
Wed Jun 17 17:06:59 2026: Version 2.2.0
Wed Jun 17 17:06:59 2026: Dispatch Server: Accepted socket connection from client
Wed Jun 17 17:06:59 2026: Starting Socket connection
Wed Jun 17 17:06:59 2026: EXCHANGE_TOKEN received, server token: 9af43e3f-1ac5-4604-9ef9-d0ed243c1811, passed token: 9af43e3f-1ac5-4604-9ef9-d0ed243c1811
Wed Jun 17 17:07:00 2026: DISPATCH_HANDLER: Adding handler from function makeHandler in library libxv_system_diagram
Wed Jun 17 17:07:00 2026: SESSION_MGR: creating session with session uuid: 'c8b55763-4281-4480-935e-4c484080f353' and name 'v++_compile_yolo_backbone_v4'
Wed Jun 17 17:07:00 2026: KERNEL_SVC: creating session with uuid: 'c8b55763-4281-4480-935e-4c484080f353' and name 'v++_compile_yolo_backbone_v4'
Wed Jun 17 17:07:00 2026: GUIDANCE_SMGR: creating guidance session with uuid: 'c8b55763-4281-4480-935e-4c484080f353' and name 'v++_compile_yolo_backbone_v4'
Wed Jun 17 17:07:00 2026: SYSTEM_DIAGRAM: creating session with uuid: 'c8b55763-4281-4480-935e-4c484080f353' and name 'v++_compile_yolo_backbone_v4'
Wed Jun 17 17:07:08 2026: Dispatch Server: Accepted socket connection from client
Wed Jun 17 17:07:08 2026: Starting Socket connection
Wed Jun 17 17:16:00 2026: SESSION_MGR: closing session for UUID 'c8b55763-4281-4480-935e-4c484080f353' with name 'v++_compile_yolo_backbone_v4'
Wed Jun 17 17:16:00 2026: KERNEL_SVC: closing session for UUID 'c8b55763-4281-4480-935e-4c484080f353' with name 'v++_compile_yolo_backbone_v4'
Wed Jun 17 17:16:00 2026: GUIDANCE_SMGR: closing session for UUID 'c8b55763-4281-4480-935e-4c484080f353' with name 'v++_compile_yolo_backbone_v4'
Wed Jun 17 17:16:00 2026: SYSTEM_DIAGRAM: closing session for UUID 'c8b55763-4281-4480-935e-4c484080f353' with name 'v++_compile_yolo_backbone_v4'
Wed Jun 17 17:16:00 2026: STOP_SERVER received, server token: 9af43e3f-1ac5-4604-9ef9-d0ed243c1811, passed token: 9af43e3f-1ac5-4604-9ef9-d0ed243c1811
Wed Jun 17 17:16:00 2026: Socket received request to stop server.
Wed Jun 17 17:16:00 2026: Dispatch Server: do_await_stop
Wed Jun 17 17:16:00 2026: Dispatch Server: stopping mainFifo_
Wed Jun 17 17:16:00 2026: XCD main fifo: Stopping
Wed Jun 17 17:16:00 2026: XCD main fifo: do_read error code: Operation canceled
Wed Jun 17 17:16:00 2026: XCD main fifo: bytes_transferred: 0
Wed Jun 17 17:16:00 2026: SERVER: destructor for server bound to port 42653
Wed Jun 17 17:16:00 2026: XCD main fifo: Good unlink of /tmp/xcdmain9af43e3f-1ac5-4604-9ef9-d0ed243c1811
Wed Jun 17 17:16:00 2026: Server exiting with status 0.
Wed Jun 17 17:16:00 2026: Closing log file.
Wed Jun 17 17:23:37 2026: Running xcd server. This server was built by gradle.
Wed Jun 17 17:23:37 2026: Server was asked to start on port: '37273'
Wed Jun 17 17:23:37 2026: Server is using token UUID: '31e2c8a6-d9f2-4526-a0ac-af13837d2345'
Wed Jun 17 17:23:37 2026: SESSION_MGR: creating session with session uuid: '6d04a3e9-ade5-4ab9-8d63-1f78fcd2ec76' and name 'default'
Wed Jun 17 17:23:37 2026: Attempting to start server on port '37273'
Wed Jun 17 17:23:37 2026: XCD main fifo: created main fifo '/tmp/xcdmain31e2c8a6-d9f2-4526-a0ac-af13837d2345', fd read = 13
Wed Jun 17 17:23:37 2026: Running Dispatch Server
Wed Jun 17 17:23:37 2026: Version 2.2.0
Wed Jun 17 17:23:41 2026: Dispatch Server: Accepted socket connection from client
Wed Jun 17 17:23:41 2026: Starting Socket connection
Wed Jun 17 17:23:41 2026: EXCHANGE_TOKEN received, server token: 31e2c8a6-d9f2-4526-a0ac-af13837d2345, passed token: 31e2c8a6-d9f2-4526-a0ac-af13837d2345
Wed Jun 17 17:23:42 2026: DISPATCH_HANDLER: Adding handler from function makeHandler in library libxv_system_diagram
Wed Jun 17 17:23:42 2026: SESSION_MGR: creating session with session uuid: '6aef04fe-5d97-4709-a335-82a9402db4e4' and name 'vitis-run_compile_yolo_backbone_v4'
Wed Jun 17 17:23:42 2026: KERNEL_SVC: creating session with uuid: '6aef04fe-5d97-4709-a335-82a9402db4e4' and name 'vitis-run_compile_yolo_backbone_v4'
Wed Jun 17 17:23:42 2026: GUIDANCE_SMGR: creating guidance session with uuid: '6aef04fe-5d97-4709-a335-82a9402db4e4' and name 'vitis-run_compile_yolo_backbone_v4'
Wed Jun 17 17:23:42 2026: SYSTEM_DIAGRAM: creating session with uuid: '6aef04fe-5d97-4709-a335-82a9402db4e4' and name 'vitis-run_compile_yolo_backbone_v4'
Wed Jun 17 17:23:50 2026: Dispatch Server: Accepted socket connection from client
Wed Jun 17 17:23:50 2026: Starting Socket connection
Wed Jun 17 17:23:59 2026: SESSION_MGR: closing session for UUID '6aef04fe-5d97-4709-a335-82a9402db4e4' with name 'vitis-run_compile_yolo_backbone_v4'
Wed Jun 17 17:23:59 2026: KERNEL_SVC: closing session for UUID '6aef04fe-5d97-4709-a335-82a9402db4e4' with name 'vitis-run_compile_yolo_backbone_v4'
Wed Jun 17 17:23:59 2026: GUIDANCE_SMGR: closing session for UUID '6aef04fe-5d97-4709-a335-82a9402db4e4' with name 'vitis-run_compile_yolo_backbone_v4'
Wed Jun 17 17:23:59 2026: SYSTEM_DIAGRAM: closing session for UUID '6aef04fe-5d97-4709-a335-82a9402db4e4' with name 'vitis-run_compile_yolo_backbone_v4'
Wed Jun 17 17:23:59 2026: STOP_SERVER received, server token: 31e2c8a6-d9f2-4526-a0ac-af13837d2345, passed token: 31e2c8a6-d9f2-4526-a0ac-af13837d2345
Wed Jun 17 17:23:59 2026: Socket received request to stop server.
Wed Jun 17 17:23:59 2026: Dispatch Server: do_await_stop
Wed Jun 17 17:23:59 2026: Dispatch Server: stopping mainFifo_
Wed Jun 17 17:23:59 2026: XCD main fifo: Stopping
Wed Jun 17 17:23:59 2026: XCD main fifo: do_read error code: Operation canceled
Wed Jun 17 17:23:59 2026: XCD main fifo: bytes_transferred: 0
Wed Jun 17 17:23:59 2026: SERVER: destructor for server bound to port 37273
Wed Jun 17 17:23:59 2026: XCD main fifo: Good unlink of /tmp/xcdmain31e2c8a6-d9f2-4526-a0ac-af13837d2345
Wed Jun 17 17:23:59 2026: Server exiting with status 0.
Wed Jun 17 17:23:59 2026: Closing log file.
Wed Jun 17 17:28:47 2026: Running xcd server. This server was built by gradle.
Wed Jun 17 17:28:47 2026: Server was asked to start on port: '38345'
Wed Jun 17 17:28:47 2026: Server is using token UUID: '5d7aaca2-4816-4950-909a-0fd0d004aa02'
Wed Jun 17 17:28:47 2026: SESSION_MGR: creating session with session uuid: '6d04a3e9-ade5-4ab9-8d63-1f78fcd2ec76' and name 'default'
Wed Jun 17 17:28:47 2026: Attempting to start server on port '38345'
Wed Jun 17 17:28:47 2026: XCD main fifo: created main fifo '/tmp/xcdmain5d7aaca2-4816-4950-909a-0fd0d004aa02', fd read = 13
Wed Jun 17 17:28:47 2026: Running Dispatch Server
Wed Jun 17 17:28:47 2026: Version 2.2.0
Wed Jun 17 17:28:50 2026: Dispatch Server: Accepted socket connection from client
Wed Jun 17 17:28:50 2026: Starting Socket connection
Wed Jun 17 17:28:50 2026: EXCHANGE_TOKEN received, server token: 5d7aaca2-4816-4950-909a-0fd0d004aa02, passed token: 5d7aaca2-4816-4950-909a-0fd0d004aa02
Wed Jun 17 17:28:52 2026: DISPATCH_HANDLER: Adding handler from function makeHandler in library libxv_system_diagram
Wed Jun 17 17:28:52 2026: SESSION_MGR: creating session with session uuid: 'ee08a9c1-2b6a-46a8-b1ca-e5f1a1b173f7' and name 'vitis-run_compile_yolo_backbone_v4'
Wed Jun 17 17:28:52 2026: KERNEL_SVC: creating session with uuid: 'ee08a9c1-2b6a-46a8-b1ca-e5f1a1b173f7' and name 'vitis-run_compile_yolo_backbone_v4'
Wed Jun 17 17:28:52 2026: GUIDANCE_SMGR: creating guidance session with uuid: 'ee08a9c1-2b6a-46a8-b1ca-e5f1a1b173f7' and name 'vitis-run_compile_yolo_backbone_v4'
Wed Jun 17 17:28:52 2026: SYSTEM_DIAGRAM: creating session with uuid: 'ee08a9c1-2b6a-46a8-b1ca-e5f1a1b173f7' and name 'vitis-run_compile_yolo_backbone_v4'
Wed Jun 17 17:29:00 2026: Dispatch Server: Accepted socket connection from client
Wed Jun 17 17:29:00 2026: Starting Socket connection
Wed Jun 17 17:29:08 2026: SESSION_MGR: closing session for UUID 'ee08a9c1-2b6a-46a8-b1ca-e5f1a1b173f7' with name 'vitis-run_compile_yolo_backbone_v4'
Wed Jun 17 17:29:08 2026: KERNEL_SVC: closing session for UUID 'ee08a9c1-2b6a-46a8-b1ca-e5f1a1b173f7' with name 'vitis-run_compile_yolo_backbone_v4'
Wed Jun 17 17:29:08 2026: GUIDANCE_SMGR: closing session for UUID 'ee08a9c1-2b6a-46a8-b1ca-e5f1a1b173f7' with name 'vitis-run_compile_yolo_backbone_v4'
Wed Jun 17 17:29:08 2026: SYSTEM_DIAGRAM: closing session for UUID 'ee08a9c1-2b6a-46a8-b1ca-e5f1a1b173f7' with name 'vitis-run_compile_yolo_backbone_v4'
Wed Jun 17 17:29:08 2026: STOP_SERVER received, server token: 5d7aaca2-4816-4950-909a-0fd0d004aa02, passed token: 5d7aaca2-4816-4950-909a-0fd0d004aa02
Wed Jun 17 17:29:08 2026: Socket received request to stop server.
Wed Jun 17 17:29:08 2026: Dispatch Server: do_await_stop
Wed Jun 17 17:29:08 2026: Dispatch Server: stopping mainFifo_
Wed Jun 17 17:29:08 2026: XCD main fifo: Stopping
Wed Jun 17 17:29:08 2026: XCD main fifo: do_read error code: Operation canceled
Wed Jun 17 17:29:08 2026: XCD main fifo: bytes_transferred: 0
Wed Jun 17 17:29:08 2026: SERVER: destructor for server bound to port 38345
Wed Jun 17 17:29:08 2026: XCD main fifo: Good unlink of /tmp/xcdmain5d7aaca2-4816-4950-909a-0fd0d004aa02
Wed Jun 17 17:29:08 2026: Server exiting with status 0.
Wed Jun 17 17:29:08 2026: Closing log file.
Wed Jun 17 17:37:21 2026: Running xcd server. This server was built by gradle.
Wed Jun 17 17:37:21 2026: Server was asked to start on port: '42137'
Wed Jun 17 17:37:21 2026: Server is using token UUID: '7625de44-399a-47bd-aa87-01d8502113f9'
Wed Jun 17 17:37:21 2026: SESSION_MGR: creating session with session uuid: '6d04a3e9-ade5-4ab9-8d63-1f78fcd2ec76' and name 'default'
Wed Jun 17 17:37:21 2026: Attempting to start server on port '42137'
Wed Jun 17 17:37:21 2026: XCD main fifo: created main fifo '/tmp/xcdmain7625de44-399a-47bd-aa87-01d8502113f9', fd read = 13
Wed Jun 17 17:37:21 2026: Running Dispatch Server
Wed Jun 17 17:37:21 2026: Version 2.2.0
Wed Jun 17 17:37:25 2026: Dispatch Server: Accepted socket connection from client
Wed Jun 17 17:37:25 2026: Starting Socket connection
Wed Jun 17 17:37:25 2026: EXCHANGE_TOKEN received, server token: 7625de44-399a-47bd-aa87-01d8502113f9, passed token: 7625de44-399a-47bd-aa87-01d8502113f9
Wed Jun 17 17:37:25 2026: DISPATCH_HANDLER: Adding handler from function makeHandler in library libxv_system_diagram
Wed Jun 17 17:37:25 2026: SESSION_MGR: creating session with session uuid: '8301210b-cd58-4f44-9332-b579d012a84a' and name 'v++_compile_yolo_backbone_v4'
Wed Jun 17 17:37:25 2026: KERNEL_SVC: creating session with uuid: '8301210b-cd58-4f44-9332-b579d012a84a' and name 'v++_compile_yolo_backbone_v4'
Wed Jun 17 17:37:25 2026: GUIDANCE_SMGR: creating guidance session with uuid: '8301210b-cd58-4f44-9332-b579d012a84a' and name 'v++_compile_yolo_backbone_v4'
Wed Jun 17 17:37:25 2026: SYSTEM_DIAGRAM: creating session with uuid: '8301210b-cd58-4f44-9332-b579d012a84a' and name 'v++_compile_yolo_backbone_v4'
Wed Jun 17 17:37:34 2026: Dispatch Server: Accepted socket connection from client
Wed Jun 17 17:37:34 2026: Starting Socket connection
Wed Jun 17 17:46:08 2026: SESSION_MGR: closing session for UUID '8301210b-cd58-4f44-9332-b579d012a84a' with name 'v++_compile_yolo_backbone_v4'
Wed Jun 17 17:46:08 2026: KERNEL_SVC: closing session for UUID '8301210b-cd58-4f44-9332-b579d012a84a' with name 'v++_compile_yolo_backbone_v4'
Wed Jun 17 17:46:08 2026: GUIDANCE_SMGR: closing session for UUID '8301210b-cd58-4f44-9332-b579d012a84a' with name 'v++_compile_yolo_backbone_v4'
Wed Jun 17 17:46:08 2026: SYSTEM_DIAGRAM: closing session for UUID '8301210b-cd58-4f44-9332-b579d012a84a' with name 'v++_compile_yolo_backbone_v4'
Wed Jun 17 17:46:08 2026: STOP_SERVER received, server token: 7625de44-399a-47bd-aa87-01d8502113f9, passed token: 7625de44-399a-47bd-aa87-01d8502113f9
Wed Jun 17 17:46:08 2026: Socket received request to stop server.
Wed Jun 17 17:46:08 2026: Dispatch Server: do_await_stop
Wed Jun 17 17:46:08 2026: Dispatch Server: stopping mainFifo_
Wed Jun 17 17:46:08 2026: XCD main fifo: Stopping
Wed Jun 17 17:46:08 2026: XCD main fifo: do_read error code: Operation canceled
Wed Jun 17 17:46:08 2026: XCD main fifo: bytes_transferred: 0
Wed Jun 17 17:46:08 2026: SERVER: destructor for server bound to port 42137
Wed Jun 17 17:46:08 2026: XCD main fifo: Good unlink of /tmp/xcdmain7625de44-399a-47bd-aa87-01d8502113f9
Wed Jun 17 17:46:08 2026: Server exiting with status 0.
Wed Jun 17 17:46:09 2026: Closing log file.
