  **** HLS Build v2025.2 6295257
INFO: [HLS 200-2005] Using work_dir /home/dlohchab/projects/Verilog/DVCON/task_detection_tpu/yolo_npu/yolo_npu 
INFO: [HLS 200-2176] Writing Vitis IDE component file /home/dlohchab/projects/Verilog/DVCON/task_detection_tpu/yolo_npu/yolo_npu/vitis-comp.json
INFO: [HLS 200-10] Creating and opening component '/home/dlohchab/projects/Verilog/DVCON/task_detection_tpu/yolo_npu/yolo_npu'.
INFO: [HLS 200-1505] Using default flow_target 'vivado'
Resolution: For help on HLS 200-1505 see docs.amd.com/access/sources/dita/topic?Doc_Version=2025.2%20English&url=ug1448-hls-guidance&resourceid=200-1505.html
INFO: [HLS 200-2174] Applying component config ini file hls_config.cfg
INFO: [HLS 200-1465] Applying config ini 'syn.file=./yolo_npu_v2.cpp' from hls_config.cfg(8)
INFO: [HLS 200-10] Adding design file '/home/dlohchab/projects/Verilog/DVCON/task_detection_tpu/yolo_npu/yolo_npu_v2.cpp' to the project
INFO: [HLS 200-1465] Applying config ini 'tb.file=./yolo_npu_v2_tb.cpp' from hls_config.cfg(9)
INFO: [HLS 200-10] Adding test bench file '/home/dlohchab/projects/Verilog/DVCON/task_detection_tpu/yolo_npu/yolo_npu_v2_tb.cpp' to the project
INFO: [HLS 200-1465] Applying config ini 'syn.top=yolo_npu_v2_core' from hls_config.cfg(7)
INFO: [HLS 200-1465] Applying config ini 'flow_target=vivado' from hls_config.cfg(4)
INFO: [HLS 200-1505] Using flow_target 'vivado'
Resolution: For help on HLS 200-1505 see docs.amd.com/access/sources/dita/topic?Doc_Version=2025.2%20English&url=ug1448-hls-guidance&resourceid=200-1505.html
INFO: [HLS 200-1465] Applying config ini 'part=xc7k325tffg900-2' from hls_config.cfg(1)
INFO: [HLS 200-1611] Setting target device to 'xc7k325t-ffg900-2'
INFO: [HLS 200-1465] Applying config ini 'package.output.format=ip_catalog' from hls_config.cfg(5)
INFO: [HLS 200-2176] Writing Vitis IDE component file /home/dlohchab/projects/Verilog/DVCON/task_detection_tpu/yolo_npu/yolo_npu/vitis-comp.json
INFO: [HLS 200-111] Finished File checks and directory preparation: CPU user time: 4.52 seconds. CPU system time: 0.96 seconds. Elapsed time: 16.6 seconds; current allocated memory: 273.484 MB.
INFO: [HLS 200-2191] C-Synthesis will use clang-16 as the compiler
INFO: [HLS 200-10] Analyzing design file 'yolo_npu_v2.cpp' ... 
INFO: [HLS 200-111] Finished Source Code Analysis and Preprocessing: CPU user time: 13.98 seconds. CPU system time: 1.22 seconds. Elapsed time: 36.18 seconds; current allocated memory: 275.289 MB.
INFO: [HLS 200-777] Using interface defaults for 'Vivado' flow target.
INFO: [HLS 200-1995] There were 1,433 instructions in the design after the 'Compile/Link' phase of compilation. See the Design Size Report for more details (/home/dlohchab/projects/Verilog/DVCON/task_detection_tpu/yolo_npu/yolo_npu/hls/syn/report/csynth_design_size.rpt:2)
INFO: [HLS 200-1995] There were 373 instructions in the design after the 'Unroll/Inline (step 1)' phase of compilation. See the Design Size Report for more details (/home/dlohchab/projects/Verilog/DVCON/task_detection_tpu/yolo_npu/yolo_npu/hls/syn/report/csynth_design_size.rpt:2)
INFO: [HLS 200-1995] There were 248 instructions in the design after the 'Unroll/Inline (step 2)' phase of compilation. See the Design Size Report for more details (/home/dlohchab/projects/Verilog/DVCON/task_detection_tpu/yolo_npu/yolo_npu/hls/syn/report/csynth_design_size.rpt:2)
INFO: [HLS 200-1995] There were 277 instructions in the design after the 'Unroll/Inline (step 3)' phase of compilation. See the Design Size Report for more details (/home/dlohchab/projects/Verilog/DVCON/task_detection_tpu/yolo_npu/yolo_npu/hls/syn/report/csynth_design_size.rpt:2)
INFO: [HLS 200-1995] There were 263 instructions in the design after the 'Unroll/Inline (step 4)' phase of compilation. See the Design Size Report for more details (/home/dlohchab/projects/Verilog/DVCON/task_detection_tpu/yolo_npu/yolo_npu/hls/syn/report/csynth_design_size.rpt:2)
INFO: [HLS 200-1995] There were 254 instructions in the design after the 'Array/Struct (step 1)' phase of compilation. See the Design Size Report for more details (/home/dlohchab/projects/Verilog/DVCON/task_detection_tpu/yolo_npu/yolo_npu/hls/syn/report/csynth_design_size.rpt:2)
INFO: [HLS 200-1995] There were 254 instructions in the design after the 'Array/Struct (step 2)' phase of compilation. See the Design Size Report for more details (/home/dlohchab/projects/Verilog/DVCON/task_detection_tpu/yolo_npu/yolo_npu/hls/syn/report/csynth_design_size.rpt:2)
INFO: [HLS 200-1995] There were 254 instructions in the design after the 'Array/Struct (step 3)' phase of compilation. See the Design Size Report for more details (/home/dlohchab/projects/Verilog/DVCON/task_detection_tpu/yolo_npu/yolo_npu/hls/syn/report/csynth_design_size.rpt:2)
INFO: [HLS 200-1995] There were 254 instructions in the design after the 'Array/Struct (step 4)' phase of compilation. See the Design Size Report for more details (/home/dlohchab/projects/Verilog/DVCON/task_detection_tpu/yolo_npu/yolo_npu/hls/syn/report/csynth_design_size.rpt:2)
INFO: [HLS 200-1995] There were 271 instructions in the design after the 'Array/Struct (step 5)' phase of compilation. See the Design Size Report for more details (/home/dlohchab/projects/Verilog/DVCON/task_detection_tpu/yolo_npu/yolo_npu/hls/syn/report/csynth_design_size.rpt:2)
INFO: [HLS 200-1995] There were 271 instructions in the design after the 'Performance (step 1)' phase of compilation. See the Design Size Report for more details (/home/dlohchab/projects/Verilog/DVCON/task_detection_tpu/yolo_npu/yolo_npu/hls/syn/report/csynth_design_size.rpt:2)
INFO: [HLS 200-1995] There were 265 instructions in the design after the 'Performance (step 2)' phase of compilation. See the Design Size Report for more details (/home/dlohchab/projects/Verilog/DVCON/task_detection_tpu/yolo_npu/yolo_npu/hls/syn/report/csynth_design_size.rpt:2)
INFO: [HLS 200-1995] There were 255 instructions in the design after the 'Performance (step 3)' phase of compilation. See the Design Size Report for more details (/home/dlohchab/projects/Verilog/DVCON/task_detection_tpu/yolo_npu/yolo_npu/hls/syn/report/csynth_design_size.rpt:2)
INFO: [HLS 200-1995] There were 255 instructions in the design after the 'Performance (step 4)' phase of compilation. See the Design Size Report for more details (/home/dlohchab/projects/Verilog/DVCON/task_detection_tpu/yolo_npu/yolo_npu/hls/syn/report/csynth_design_size.rpt:2)
INFO: [HLS 200-1995] There were 270 instructions in the design after the 'HW Transforms (step 1)' phase of compilation. See the Design Size Report for more details (/home/dlohchab/projects/Verilog/DVCON/task_detection_tpu/yolo_npu/yolo_npu/hls/syn/report/csynth_design_size.rpt:2)
INFO: [HLS 200-1995] There were 304 instructions in the design after the 'HW Transforms (step 2)' phase of compilation. See the Design Size Report for more details (/home/dlohchab/projects/Verilog/DVCON/task_detection_tpu/yolo_npu/yolo_npu/hls/syn/report/csynth_design_size.rpt:2)
INFO: [HLS 214-291] Loop 'VITIS_LOOP_77_13' is marked as complete unroll implied by the pipeline pragma (yolo_npu_v2.cpp:77:39)
INFO: [HLS 214-291] Loop 'VITIS_LOOP_79_14' is marked as complete unroll implied by the pipeline pragma (yolo_npu_v2.cpp:79:43)
INFO: [HLS 214-115] Multiple burst reads of variable length and bit width 16 in loop 'VITIS_LOOP_24_1'(yolo_npu_v2.cpp:24:22) has been inferred on bundle 'gmem'. These burst requests might be further partitioned into multiple requests during RTL generation, based on max_read_burst_length or max_write_burst_length settings. (yolo_npu_v2.cpp:24:22)
INFO: [HLS 214-115] Multiple burst reads of variable length and bit width 16 in loop 'VITIS_LOOP_37_5'(yolo_npu_v2.cpp:37:34) has been inferred on bundle 'gmem'. These burst requests might be further partitioned into multiple requests during RTL generation, based on max_read_burst_length or max_write_burst_length settings. (yolo_npu_v2.cpp:37:34)
INFO: [HLS 214-115] Multiple burst reads of variable length and bit width 16 in loop 'VITIS_LOOP_51_8'(yolo_npu_v2.cpp:51:30) has been inferred on bundle 'gmem'. These burst requests might be further partitioned into multiple requests during RTL generation, based on max_read_burst_length or max_write_burst_length settings. (yolo_npu_v2.cpp:51:30)
INFO: [HLS 214-115] Multiple burst writes of variable length and bit width 16 in loop 'VITIS_LOOP_109_17'(yolo_npu_v2.cpp:109:32) has been inferred on bundle 'gmem'. These burst requests might be further partitioned into multiple requests during RTL generation, based on max_read_burst_length or max_write_burst_length settings. (yolo_npu_v2.cpp:109:32)
WARNING: [HLS 214-187] Cannot unroll loop 'VITIS_LOOP_77_13' (yolo_npu_v2.cpp:77:39) in function 'yolo_npu_v2_core' as it has a variable trip count (yolo_npu_v2.cpp:77:39)
WARNING: [HLS 214-187] Cannot unroll loop 'VITIS_LOOP_79_14' (yolo_npu_v2.cpp:79:43) in function 'yolo_npu_v2_core' as it has a variable trip count (yolo_npu_v2.cpp:79:43)
INFO: [HLS 200-111] Finished Compiling Optimization and Transform: CPU user time: 5.42 seconds. CPU system time: 0.73 seconds. Elapsed time: 21.88 seconds; current allocated memory: 277.312 MB.
INFO: [HLS 200-111] Finished Checking Pragmas: CPU user time: 0.01 seconds. CPU system time: 0 seconds. Elapsed time: 0.01 seconds; current allocated memory: 277.312 MB.
INFO: [HLS 200-10] Starting code transformations ...
INFO: [HLS 200-111] Finished Standard Transforms: CPU user time: 0.05 seconds. CPU system time: 0.01 seconds. Elapsed time: 0.2 seconds; current allocated memory: 278.078 MB.
INFO: [HLS 200-10] Checking synthesizability ...
INFO: [HLS 200-111] Finished Checking Synthesizability: CPU user time: 0.06 seconds. CPU system time: 0.01 seconds. Elapsed time: 0.19 seconds; current allocated memory: 278.090 MB.
WARNING: [XFORM 203-561] Updating loop lower bound from 0 to 1 for loop 'VITIS_LOOP_24_1' (yolo_npu_v2.cpp:25:1) in function 'yolo_npu_v2_core'.
WARNING: [XFORM 203-561] Updating loop lower bound from 0 to 1 for loop 'VITIS_LOOP_31_2' (yolo_npu_v2.cpp:32:1) in function 'yolo_npu_v2_core'.
WARNING: [XFORM 203-561] Updating loop lower bound from 0 to 1 for loop 'VITIS_LOOP_65_9' (yolo_npu_v2.cpp:66:1) in function 'yolo_npu_v2_core'.
WARNING: [XFORM 203-561] Updating loop lower bound from 0 to 1 for loop 'VITIS_LOOP_105_15' (yolo_npu_v2.cpp:106:1) in function 'yolo_npu_v2_core'.
INFO: [XFORM 203-401] Performing if-conversion on hyperblock from (yolo_npu_v2.cpp:80:1) to (yolo_npu_v2.cpp:79:43) in function 'yolo_npu_v2_core'... converting 3 basic blocks.
INFO: [XFORM 203-11] Balancing expressions in function 'yolo_npu_v2_core' (yolo_npu_v2.cpp:4:43)...3 expression(s) balanced.
INFO: [HLS 200-111] Finished Loop, function and other optimizations: CPU user time: 0.29 seconds. CPU system time: 0.01 seconds. Elapsed time: 0.86 seconds; current allocated memory: 302.191 MB.
WARNING: [XFORM 203-561] Updating loop lower bound from 0 to 1 for loop 'VITIS_LOOP_37_5' (yolo_npu_v2.cpp:38:1) in function 'yolo_npu_v2_core'.
WARNING: [XFORM 203-561] Updating loop lower bound from 0 to 1 for loop 'VITIS_LOOP_79_14' (yolo_npu_v2.cpp:80:1) in function 'yolo_npu_v2_core'.
INFO: [HLS 200-2061] Successfully converted nested loops 'VITIS_LOOP_35_4'(yolo_npu_v2.cpp:35:30) and 'VITIS_LOOP_37_5'(yolo_npu_v2.cpp:37:34) in function 'yolo_npu_v2_core' into perfectly nested loops.
INFO: [HLS 200-2061] Successfully converted nested loops 'VITIS_LOOP_33_3'(yolo_npu_v2.cpp:33:26) and 'VITIS_LOOP_35_4'(yolo_npu_v2.cpp:35:30) in function 'yolo_npu_v2_core' into perfectly nested loops.
INFO: [HLS 200-2061] Successfully converted nested loops 'VITIS_LOOP_31_2'(yolo_npu_v2.cpp:31:22) and 'VITIS_LOOP_33_3'(yolo_npu_v2.cpp:33:26) in function 'yolo_npu_v2_core' into perfectly nested loops.
INFO: [HLS 200-2061] Successfully converted nested loops 'VITIS_LOOP_49_7'(yolo_npu_v2.cpp:49:26) and 'VITIS_LOOP_51_8'(yolo_npu_v2.cpp:51:30) in function 'yolo_npu_v2_core' into perfectly nested loops.
INFO: [HLS 200-2061] Successfully converted nested loops 'VITIS_LOOP_47_6'(yolo_npu_v2.cpp:47:22) and 'VITIS_LOOP_49_7'(yolo_npu_v2.cpp:49:26) in function 'yolo_npu_v2_core' into perfectly nested loops.
INFO: [HLS 200-2061] Successfully converted nested loops 'VITIS_LOOP_107_16'(yolo_npu_v2.cpp:107:28) and 'VITIS_LOOP_109_17'(yolo_npu_v2.cpp:109:32) in function 'yolo_npu_v2_core' into perfectly nested loops.
INFO: [HLS 200-2061] Successfully converted nested loops 'VITIS_LOOP_105_15'(yolo_npu_v2.cpp:105:24) and 'VITIS_LOOP_107_16'(yolo_npu_v2.cpp:107:28) in function 'yolo_npu_v2_core' into perfectly nested loops.
INFO: [XFORM 203-541] Flattening a loop nest 'VITIS_LOOP_35_4' (yolo_npu_v2.cpp:35:30) in function 'yolo_npu_v2_core'.
INFO: [XFORM 203-541] Flattening a loop nest 'VITIS_LOOP_33_3' (yolo_npu_v2.cpp:33:26) in function 'yolo_npu_v2_core'.
INFO: [XFORM 203-541] Flattening a loop nest 'VITIS_LOOP_31_2' (yolo_npu_v2.cpp:31:22) in function 'yolo_npu_v2_core'.
INFO: [XFORM 203-541] Flattening a loop nest 'VITIS_LOOP_49_7' (yolo_npu_v2.cpp:49:26) in function 'yolo_npu_v2_core'.
INFO: [XFORM 203-541] Flattening a loop nest 'VITIS_LOOP_47_6' (yolo_npu_v2.cpp:47:22) in function 'yolo_npu_v2_core'.
INFO: [XFORM 203-541] Flattening a loop nest 'VITIS_LOOP_107_16' (yolo_npu_v2.cpp:107:28) in function 'yolo_npu_v2_core'.
INFO: [XFORM 203-541] Flattening a loop nest 'VITIS_LOOP_105_15' (yolo_npu_v2.cpp:105:24) in function 'yolo_npu_v2_core'.
INFO: [HLS 200-111] Finished Architecture Synthesis: CPU user time: 0.36 seconds. CPU system time: 0.02 seconds. Elapsed time: 1.13 seconds; current allocated memory: 332.035 MB.
INFO: [HLS 200-10] Starting hardware synthesis ...
INFO: [HLS 200-10] Synthesizing 'yolo_npu_v2_core' ...
WARNING: [SYN 201-103] Legalizing function name 'yolo_npu_v2_core_Pipeline_VITIS_LOOP_31_2_VITIS_LOOP_33_3_VITIS_LOOP_35_4_VITIS_' to 'yolo_npu_v2_core_Pipeline_VITIS_LOOP_31_2_VITIS_LOOP_33_3_VITIS_LOOP_35_4_VITIS_s'.
INFO: [SYN 201-201] Setting up clock 'default' with a period of 10ns.
INFO: [HLS 200-10] ----------------------------------------------------------------
INFO: [HLS 200-42] -- Implementing module 'yolo_npu_v2_core_Pipeline_VITIS_LOOP_24_1' 
INFO: [HLS 200-10] ----------------------------------------------------------------
INFO: [SCHED 204-11] Starting scheduling ...
INFO: [SCHED 204-61] Pipelining loop 'VITIS_LOOP_24_1'.
INFO: [HLS 200-1470] Pipelining result : Target II = 1, Final II = 1, Depth = 3, loop 'VITIS_LOOP_24_1'
INFO: [SCHED 204-11] Finished scheduling.
INFO: [HLS 200-111] Finished Scheduling: CPU user time: 0.06 seconds. CPU system time: 0.04 seconds. Elapsed time: 0.27 seconds; current allocated memory: 332.969 MB.
INFO: [BIND 205-100] Starting micro-architecture generation ...
INFO: [BIND 205-101] Performing variable lifetime analysis.
INFO: [BIND 205-101] Exploring resource sharing.
INFO: [BIND 205-101] Binding ...
INFO: [BIND 205-100] Finished micro-architecture generation.
INFO: [HLS 200-111] Finished Binding: CPU user time: 0.02 seconds. CPU system time: 0 seconds. Elapsed time: 0.05 seconds; current allocated memory: 332.969 MB.
INFO: [HLS 200-10] ----------------------------------------------------------------
INFO: [HLS 200-42] -- Implementing module 'yolo_npu_v2_core_Pipeline_VITIS_LOOP_31_2_VITIS_LOOP_33_3_VITIS_LOOP_35_4_VITIS_s' 
INFO: [HLS 200-10] ----------------------------------------------------------------
INFO: [SCHED 204-11] Starting scheduling ...
INFO: [SCHED 204-61] Pipelining loop 'VITIS_LOOP_31_2_VITIS_LOOP_33_3_VITIS_LOOP_35_4_VITIS_LOOP_37_5'.
INFO: [HLS 200-1470] Pipelining result : Target II = 1, Final II = 1, Depth = 13, loop 'VITIS_LOOP_31_2_VITIS_LOOP_33_3_VITIS_LOOP_35_4_VITIS_LOOP_37_5'
INFO: [SCHED 204-11] Finished scheduling.
INFO: [HLS 200-111] Finished Scheduling: CPU user time: 0.13 seconds. CPU system time: 0 seconds. Elapsed time: 0.21 seconds; current allocated memory: 333.445 MB.
INFO: [BIND 205-100] Starting micro-architecture generation ...
INFO: [BIND 205-101] Performing variable lifetime analysis.
INFO: [BIND 205-101] Exploring resource sharing.
INFO: [BIND 205-101] Binding ...
INFO: [BIND 205-100] Finished micro-architecture generation.
INFO: [HLS 200-111] Finished Binding: CPU user time: 0.04 seconds. CPU system time: 0 seconds. Elapsed time: 0.08 seconds; current allocated memory: 333.445 MB.
INFO: [HLS 200-10] ----------------------------------------------------------------
INFO: [HLS 200-42] -- Implementing module 'yolo_npu_v2_core_Pipeline_VITIS_LOOP_47_6_VITIS_LOOP_49_7_VITIS_LOOP_51_8' 
INFO: [HLS 200-10] ----------------------------------------------------------------
INFO: [SCHED 204-11] Starting scheduling ...
INFO: [SCHED 204-61] Pipelining loop 'VITIS_LOOP_47_6_VITIS_LOOP_49_7_VITIS_LOOP_51_8'.
INFO: [HLS 200-1470] Pipelining result : Target II = 1, Final II = 1, Depth = 13, loop 'VITIS_LOOP_47_6_VITIS_LOOP_49_7_VITIS_LOOP_51_8'
INFO: [SCHED 204-11] Finished scheduling.
INFO: [HLS 200-111] Finished Scheduling: CPU user time: 0.09 seconds. CPU system time: 0.01 seconds. Elapsed time: 0.15 seconds; current allocated memory: 333.445 MB.
INFO: [BIND 205-100] Starting micro-architecture generation ...
INFO: [BIND 205-101] Performing variable lifetime analysis.
INFO: [BIND 205-101] Exploring resource sharing.
INFO: [BIND 205-101] Binding ...
INFO: [BIND 205-100] Finished micro-architecture generation.
INFO: [HLS 200-111] Finished Binding: CPU user time: 0.04 seconds. CPU system time: 0 seconds. Elapsed time: 0.06 seconds; current allocated memory: 333.445 MB.
INFO: [HLS 200-10] ----------------------------------------------------------------
INFO: [HLS 200-42] -- Implementing module 'yolo_npu_v2_core_Pipeline_VITIS_LOOP_105_15_VITIS_LOOP_107_16_VITIS_LOOP_109_17' 
INFO: [HLS 200-10] ----------------------------------------------------------------
INFO: [SCHED 204-11] Starting scheduling ...
INFO: [SCHED 204-61] Pipelining loop 'VITIS_LOOP_105_15_VITIS_LOOP_107_16_VITIS_LOOP_109_17'.
INFO: [HLS 200-1470] Pipelining result : Target II = 1, Final II = 1, Depth = 10, loop 'VITIS_LOOP_105_15_VITIS_LOOP_107_16_VITIS_LOOP_109_17'
INFO: [SCHED 204-11] Finished scheduling.
INFO: [HLS 200-111] Finished Scheduling: CPU user time: 0.08 seconds. CPU system time: 0 seconds. Elapsed time: 0.1 seconds; current allocated memory: 333.445 MB.
INFO: [BIND 205-100] Starting micro-architecture generation ...
INFO: [BIND 205-101] Performing variable lifetime analysis.
INFO: [BIND 205-101] Exploring resource sharing.
INFO: [BIND 205-101] Binding ...
INFO: [BIND 205-100] Finished micro-architecture generation.
INFO: [HLS 200-111] Finished Binding: CPU user time: 0.05 seconds. CPU system time: 0 seconds. Elapsed time: 0.12 seconds; current allocated memory: 333.445 MB.
INFO: [HLS 200-10] ----------------------------------------------------------------
INFO: [HLS 200-42] -- Implementing module 'yolo_npu_v2_core' 
INFO: [HLS 200-10] ----------------------------------------------------------------
INFO: [SCHED 204-11] Starting scheduling ...
INFO: [HLS 200-486] Changing DSP latency (root=add_ln87) to 3 in order to utilize available DSP registers.
WARNING: [SCHED 204-65] Unable to satisfy pipeline directive for loop 'VITIS_LOOP_73_12': contains subloop(s) that are not unrolled or flattened.
INFO: [SCHED 204-11] Finished scheduling.
INFO: [HLS 200-111] Finished Scheduling: CPU user time: 0.18 seconds. CPU system time: 0.01 seconds. Elapsed time: 0.39 seconds; current allocated memory: 335.109 MB.
INFO: [BIND 205-100] Starting micro-architecture generation ...
INFO: [BIND 205-101] Performing variable lifetime analysis.
INFO: [BIND 205-101] Exploring resource sharing.
INFO: [BIND 205-101] Binding ...
INFO: [BIND 205-100] Finished micro-architecture generation.
INFO: [HLS 200-111] Finished Binding: CPU user time: 0.08 seconds. CPU system time: 0.01 seconds. Elapsed time: 0.16 seconds; current allocated memory: 335.109 MB.
INFO: [HLS 200-10] ----------------------------------------------------------------
INFO: [HLS 200-10] -- Generating RTL for module 'yolo_npu_v2_core_Pipeline_VITIS_LOOP_24_1' 
INFO: [HLS 200-10] ----------------------------------------------------------------
INFO: [HLS 200-1030] Apply Unified Pipeline Control on module 'yolo_npu_v2_core_Pipeline_VITIS_LOOP_24_1' pipeline 'VITIS_LOOP_24_1' pipeline type 'loop pipeline'
WARNING: [RTGEN 206-101] Setting dangling out port 'yolo_npu_v2_core_Pipeline_VITIS_LOOP_24_1/m_axi_gmem_0_ARVALID' to 0.
WARNING: [RTGEN 206-101] Setting dangling out port 'yolo_npu_v2_core_Pipeline_VITIS_LOOP_24_1/m_axi_gmem_0_ARADDR' to 0.
WARNING: [RTGEN 206-101] Setting dangling out port 'yolo_npu_v2_core_Pipeline_VITIS_LOOP_24_1/m_axi_gmem_0_ARID' to 0.
WARNING: [RTGEN 206-101] Setting dangling out port 'yolo_npu_v2_core_Pipeline_VITIS_LOOP_24_1/m_axi_gmem_0_ARLEN' to 0.
WARNING: [RTGEN 206-101] Setting dangling out port 'yolo_npu_v2_core_Pipeline_VITIS_LOOP_24_1/m_axi_gmem_0_ARSIZE' to 0.
WARNING: [RTGEN 206-101] Setting dangling out port 'yolo_npu_v2_core_Pipeline_VITIS_LOOP_24_1/m_axi_gmem_0_ARBURST' to 0.
WARNING: [RTGEN 206-101] Setting dangling out port 'yolo_npu_v2_core_Pipeline_VITIS_LOOP_24_1/m_axi_gmem_0_ARLOCK' to 0.
WARNING: [RTGEN 206-101] Setting dangling out port 'yolo_npu_v2_core_Pipeline_VITIS_LOOP_24_1/m_axi_gmem_0_ARCACHE' to 0.
WARNING: [RTGEN 206-101] Setting dangling out port 'yolo_npu_v2_core_Pipeline_VITIS_LOOP_24_1/m_axi_gmem_0_ARPROT' to 0.
WARNING: [RTGEN 206-101] Setting dangling out port 'yolo_npu_v2_core_Pipeline_VITIS_LOOP_24_1/m_axi_gmem_0_ARQOS' to 0.
WARNING: [RTGEN 206-101] Setting dangling out port 'yolo_npu_v2_core_Pipeline_VITIS_LOOP_24_1/m_axi_gmem_0_ARREGION' to 0.
WARNING: [RTGEN 206-101] Setting dangling out port 'yolo_npu_v2_core_Pipeline_VITIS_LOOP_24_1/m_axi_gmem_0_ARUSER' to 0.
INFO: [RTGEN 206-100] Finished creating RTL model for 'yolo_npu_v2_core_Pipeline_VITIS_LOOP_24_1'.
INFO: [HLS 200-111] Finished Creating RTL model: CPU user time: 0.08 seconds. CPU system time: 0 seconds. Elapsed time: 0.12 seconds; current allocated memory: 335.109 MB.
INFO: [HLS 200-10] ----------------------------------------------------------------
INFO: [HLS 200-10] -- Generating RTL for module 'yolo_npu_v2_core_Pipeline_VITIS_LOOP_31_2_VITIS_LOOP_33_3_VITIS_LOOP_35_4_VITIS_s' 
INFO: [HLS 200-10] ----------------------------------------------------------------
INFO: [HLS 200-1030] Apply Unified Pipeline Control on module 'yolo_npu_v2_core_Pipeline_VITIS_LOOP_31_2_VITIS_LOOP_33_3_VITIS_LOOP_35_4_VITIS_s' pipeline 'VITIS_LOOP_31_2_VITIS_LOOP_33_3_VITIS_LOOP_35_4_VITIS_LOOP_37_5' pipeline type 'loop pipeline'
INFO: [RTGEN 206-100] Finished creating RTL model for 'yolo_npu_v2_core_Pipeline_VITIS_LOOP_31_2_VITIS_LOOP_33_3_VITIS_LOOP_35_4_VITIS_s'.
INFO: [HLS 200-111] Finished Creating RTL model: CPU user time: 0.13 seconds. CPU system time: 0.01 seconds. Elapsed time: 0.51 seconds; current allocated memory: 335.574 MB.
INFO: [HLS 200-10] ----------------------------------------------------------------
INFO: [HLS 200-10] -- Generating RTL for module 'yolo_npu_v2_core_Pipeline_VITIS_LOOP_47_6_VITIS_LOOP_49_7_VITIS_LOOP_51_8' 
INFO: [HLS 200-10] ----------------------------------------------------------------
INFO: [HLS 200-1030] Apply Unified Pipeline Control on module 'yolo_npu_v2_core_Pipeline_VITIS_LOOP_47_6_VITIS_LOOP_49_7_VITIS_LOOP_51_8' pipeline 'VITIS_LOOP_47_6_VITIS_LOOP_49_7_VITIS_LOOP_51_8' pipeline type 'loop pipeline'
INFO: [RTGEN 206-100] Finished creating RTL model for 'yolo_npu_v2_core_Pipeline_VITIS_LOOP_47_6_VITIS_LOOP_49_7_VITIS_LOOP_51_8'.
INFO: [HLS 200-111] Finished Creating RTL model: CPU user time: 0.17 seconds. CPU system time: 0.02 seconds. Elapsed time: 0.33 seconds; current allocated memory: 338.531 MB.
INFO: [HLS 200-10] ----------------------------------------------------------------
INFO: [HLS 200-10] -- Generating RTL for module 'yolo_npu_v2_core_Pipeline_VITIS_LOOP_105_15_VITIS_LOOP_107_16_VITIS_LOOP_109_17' 
INFO: [HLS 200-10] ----------------------------------------------------------------
INFO: [HLS 200-1030] Apply Unified Pipeline Control on module 'yolo_npu_v2_core_Pipeline_VITIS_LOOP_105_15_VITIS_LOOP_107_16_VITIS_LOOP_109_17' pipeline 'VITIS_LOOP_105_15_VITIS_LOOP_107_16_VITIS_LOOP_109_17' pipeline type 'loop pipeline'
INFO: [RTGEN 206-100] Finished creating RTL model for 'yolo_npu_v2_core_Pipeline_VITIS_LOOP_105_15_VITIS_LOOP_107_16_VITIS_LOOP_109_17'.
INFO: [HLS 200-111] Finished Creating RTL model: CPU user time: 0.15 seconds. CPU system time: 0.01 seconds. Elapsed time: 0.25 seconds; current allocated memory: 341.043 MB.
INFO: [HLS 200-10] ----------------------------------------------------------------
INFO: [HLS 200-10] -- Generating RTL for module 'yolo_npu_v2_core' 
INFO: [HLS 200-10] ----------------------------------------------------------------
WARNING: [RTGEN 206-101] Design contains AXI ports. Reset is fixed to synchronous and active low.
INFO: [RTGEN 206-500] Setting interface mode on port 'yolo_npu_v2_core/gmem' to 'm_axi'.
INFO: [RTGEN 206-500] Setting interface mode on port 'yolo_npu_v2_core/ddr_mem' to 's_axilite & ap_none'.
INFO: [RTGEN 206-500] Setting interface mode on port 'yolo_npu_v2_core/cmd' to 's_axilite & ap_none'.
INFO: [RTGEN 206-500] Setting interface mode on function 'yolo_npu_v2_core' to 's_axilite & ap_ctrl_hs'.
INFO: [RTGEN 206-100] Bundling port 'cmd' and 'return' to AXI-Lite port control.
INFO: [RTGEN 206-100] Bundling port 'ddr_mem' to AXI-Lite port control_r.
INFO: [RTGEN 206-100] Generating core module 'mac_muladd_16s_16s_26s_26_4_1': 1 instance(s).
INFO: [RTGEN 206-100] Generating core module 'mul_16s_8ns_24_1_1': 1 instance(s).
INFO: [RTGEN 206-100] Generating core module 'mul_31ns_31ns_32_1_1': 1 instance(s).
INFO: [RTGEN 206-100] Generating core module 'mul_31ns_31ns_62_1_1': 1 instance(s).
INFO: [RTGEN 206-100] Generating core module 'mul_31ns_32ns_63_1_1': 1 instance(s).
INFO: [RTGEN 206-100] Generating core module 'mul_31ns_32s_63_1_1': 1 instance(s).
INFO: [RTGEN 206-100] Generating core module 'mul_31ns_62ns_93_2_1': 1 instance(s).
INFO: [RTGEN 206-100] Generating core module 'mul_31ns_63ns_94_2_1': 1 instance(s).
INFO: [RTGEN 206-100] Generating core module 'mul_31ns_94ns_125_2_1': 1 instance(s).
INFO: [RTGEN 206-100] Generating core module 'mul_32s_32s_32_1_1': 1 instance(s).
INFO: [RTGEN 206-100] Generating core module 'sdiv_32ns_32s_32_36_seq_1': 2 instance(s).
INFO: [RTGEN 206-100] Finished creating RTL model for 'yolo_npu_v2_core'.
INFO: [RTMG 210-278] Implementing memory 'yolo_npu_v2_core_sp_bias_RAM_AUTO_1R1W' using auto RAMs.
INFO: [RTMG 210-278] Implementing memory 'yolo_npu_v2_core_sp_weights_RAM_AUTO_1R1W' using auto RAMs.
INFO: [RTMG 210-278] Implementing memory 'yolo_npu_v2_core_sp_in_fm_RAM_AUTO_1R1W' using auto RAMs.
INFO: [RTMG 210-278] Implementing memory 'yolo_npu_v2_core_sp_out_fm_RAM_AUTO_1R1W' using auto RAMs.
INFO: [HLS 200-111] Finished Creating RTL model: CPU user time: 0.3 seconds. CPU system time: 0.04 seconds. Elapsed time: 1.27 seconds; current allocated memory: 347.895 MB.
INFO: [HLS 200-111] Finished Generating all RTL models: CPU user time: 0.64 seconds. CPU system time: 0.08 seconds. Elapsed time: 1.94 seconds; current allocated memory: 353.598 MB.
INFO: [HLS 200-1603] Design has inferred MAXI bursts and missed bursts, see Vitis HLS GUI synthesis summary report for detailed information.
INFO: [HLS 200-2225] Wrote inferred directives to file /home/dlohchab/projects/Verilog/DVCON/task_detection_tpu/yolo_npu/yolo_npu/hls/syn/inferred_directives.ini
INFO: [HLS 200-111] Finished Updating report files: CPU user time: 1.22 seconds. CPU system time: 0.13 seconds. Elapsed time: 3.04 seconds; current allocated memory: 362.145 MB.
INFO: [VHDL 208-304] Generating VHDL RTL for yolo_npu_v2_core.
INFO: [VLOG 209-307] Generating Verilog RTL for yolo_npu_v2_core.
INFO: [HLS 200-790] **** Loop Constraint Status: All loop constraints were satisfied.
INFO: [HLS 200-789] **** Estimated Fmax: 136.99 MHz
INFO: [HLS 200-112] Total CPU user time: 28.2 seconds. Total CPU system time: 3.32 seconds. Total elapsed time: 86.21 seconds; peak allocated memory: 362.145 MB.
INFO: [v++ 60-791] Total elapsed time: 0h 1m 37s
