  **** HLS Build v2025.2 6295257
INFO: [HLS 200-2005] Using work_dir /home/dlohchab/projects/Verilog/DVCON/task_detection_tpu/yolo_npu/yolo_npu 
INFO: [HLS 200-2176] Writing Vitis IDE component file /home/dlohchab/projects/Verilog/DVCON/task_detection_tpu/yolo_npu/yolo_npu/vitis-comp.json
INFO: [HLS 200-10] Creating and opening component '/home/dlohchab/projects/Verilog/DVCON/task_detection_tpu/yolo_npu/yolo_npu'.
INFO: [HLS 200-1611] Setting target device to 'xc7k325t-ffg900-2'
INFO: [HLS 200-1505] Using default flow_target 'vivado'
Resolution: For help on HLS 200-1505 see docs.amd.com/access/sources/dita/topic?Doc_Version=2025.2%20English&url=ug1448-hls-guidance&resourceid=200-1505.html
INFO: [HLS 200-2174] Applying component config ini file hls_config.cfg
INFO: [HLS 200-1465] Applying config ini 'syn.file=./yolo_npu_v2.cpp' from hls_config.cfg(8)
INFO: [HLS 200-10] Adding design file '/home/dlohchab/projects/Verilog/DVCON/task_detection_tpu/yolo_npu/yolo_npu_v2.cpp' to the project
INFO: [HLS 200-1465] Applying config ini 'tb.file=./yolo_npu_v2_tb.cpp' from hls_config.cfg(9)
INFO: [HLS 200-10] Adding test bench file '/home/dlohchab/projects/Verilog/DVCON/task_detection_tpu/yolo_npu/yolo_npu_v2_tb.cpp' to the project
INFO: [HLS 200-1465] Applying config ini 'syn.top=yolo_npu_v2_core' from hls_config.cfg(10)
INFO: [HLS 200-1465] Applying config ini 'flow_target=vivado' from hls_config.cfg(4)
INFO: [HLS 200-1505] Using flow_target 'vivado'
Resolution: For help on HLS 200-1505 see docs.amd.com/access/sources/dita/topic?Doc_Version=2025.2%20English&url=ug1448-hls-guidance&resourceid=200-1505.html
INFO: [HLS 200-1465] Applying config ini 'part=xc7k325tffg900-2' from hls_config.cfg(1)
INFO: [HLS 200-1465] Applying config ini 'clock=20ns' from hls_config.cfg(5)
INFO: [SYN 201-201] Setting up clock 'default' with a period of 20ns.
INFO: [HLS 200-1465] Applying config ini 'package.output.format=ip_catalog' from hls_config.cfg(6)
INFO: [HLS 200-2176] Writing Vitis IDE component file /home/dlohchab/projects/Verilog/DVCON/task_detection_tpu/yolo_npu/yolo_npu/vitis-comp.json
INFO: [COSIM 212-47] Using XSIM for RTL simulation.
INFO: [COSIM 212-14] Instrumenting C test bench ...
   Build using "/home/dlohchab/Xilinx/2025.2/Vitis/lnx64/tools/clang-16/bin/clang++"
   Compiling apatb_yolo_npu_v2_core.cpp
   Compiling yolo_npu_v2.cpp_pre.cpp.tb.cpp
   Compiling yolo_npu_v2_tb.cpp_pre.cpp.tb.cpp
In file included from /home/dlohchab/projects/Verilog/DVCON/task_detection_tpu/yolo_npu/yolo_npu_v2.cpp:1:
In file included from /home/dlohchab/projects/Verilog/DVCON/task_detection_tpu/yolo_npu/yolo_npu_v2.h:4:
In file included from /home/dlohchab/Xilinx/2025.2/Vitis/include/ap_fixed.h:9:
In file included from /home/dlohchab/Xilinx/2025.2/Vitis/include/etc/ap_common.h:668:
In file included from /home/dlohchab/Xilinx/2025.2/Vitis/include/etc/ap_private.h:68:
In file included from /home/dlohchab/Xilinx/2025.2/Vitis/include/hls_half.h:26:
In file included from /home/dlohchab/Xilinx/2025.2/Vitis/include/etc/hls_half_fpo.h:19:
In file included from /home/dlohchab/Xilinx/2025.2/Vitis/include/hls_fpo.h:140:
In file included from /home/dlohchab/Xilinx/2025.2/Vitis/include/floating_point_v7_1_bitacc_cmodel.h:150:
/home/dlohchab/Xilinx/2025.2/Vitis/include/gmp.h:2304:345: warning: equality comparison with extraneous parentheses [-Wparentheses-equality]
  do { mp_size_t __gmp_i; mp_limb_t __gmp_x; __gmp_i = (__gmp_ysize); if (__gmp_i != 0) { if (__gmpn_add_n (__gmp_wp, __gmp_xp, __gmp_yp, __gmp_i)) { do { if (__gmp_i >= (__gmp_xsize)) { (__gmp_c) = 1; goto __gmp_done; } __gmp_x = (__gmp_xp)[__gmp_i]; } while ((((__gmp_wp)[__gmp_i++] = (__gmp_x + 1) & ((~ (static_cast<mp_limb_t> (0))) >> 0)) == 0)); } } if ((__gmp_wp) != (__gmp_xp)) do { mp_size_t __gmp_j; for (__gmp_j = (__gmp_i); __gmp_j < (__gmp_xsize); __gmp_j++) (__gmp_wp)[__gmp_j] = (__gmp_xp)[__gmp_j]; } while (0); (__gmp_c) = 0; __gmp_done: ; } while (0);
                                                                                                                                                                                                                                                                      ~~~~~~~~~~~~~~~~~~~~~~~~~~~~~~~~~~~~~~~~~~~~~~~~~~~~~~~~~~~~~~~~~~~~~~~~~~~~~~~~~~^~~~
/home/dlohchab/Xilinx/2025.2/Vitis/include/gmp.h:2304:345: note: remove extraneous parentheses around the comparison to silence this warning
  do { mp_size_t __gmp_i; mp_limb_t __gmp_x; __gmp_i = (__gmp_ysize); if (__gmp_i != 0) { if (__gmpn_add_n (__gmp_wp, __gmp_xp, __gmp_yp, __gmp_i)) { do { if (__gmp_i >= (__gmp_xsize)) { (__gmp_c) = 1; goto __gmp_done; } __gmp_x = (__gmp_xp)[__gmp_i]; } while ((((__gmp_wp)[__gmp_i++] = (__gmp_x + 1) & ((~ (static_cast<mp_limb_t> (0))) >> 0)) == 0)); } } if ((__gmp_wp) != (__gmp_xp)) do { mp_size_t __gmp_j; for (__gmp_j = (__gmp_i); __gmp_j < (__gmp_xsize); __gmp_j++) (__gmp_wp)[__gmp_j] = (__gmp_xp)[__gmp_j]; } while (0); (__gmp_c) = 0; __gmp_done: ; } while (0);
                                                                                                                                                                                                                                                                     ~                                                                                  ^   ~
/home/dlohchab/Xilinx/2025.2/Vitis/include/gmp.h:2304:345: note: use '=' to turn this equality comparison into an assignment
  do { mp_size_t __gmp_i; mp_limb_t __gmp_x; __gmp_i = (__gmp_ysize); if (__gmp_i != 0) { if (__gmpn_add_n (__gmp_wp, __gmp_xp, __gmp_yp, __gmp_i)) { do { if (__gmp_i >= (__gmp_xsize)) { (__gmp_c) = 1; goto __gmp_done; } __gmp_x = (__gmp_xp)[__gmp_i]; } while ((((__gmp_wp)[__gmp_i++] = (__gmp_x + 1) & ((~ (static_cast<mp_limb_t> (0))) >> 0)) == 0)); } } if ((__gmp_wp) != (__gmp_xp)) do { mp_size_t __gmp_j; for (__gmp_j = (__gmp_i); __gmp_j < (__gmp_xsize); __gmp_j++) (__gmp_wp)[__gmp_j] = (__gmp_xp)[__gmp_j]; } while (0); (__gmp_c) = 0; __gmp_done: ; } while (0);
                                                                                                                                                                                                                                                                                                                                                        ^~
                                                                                                                                                                                                                                                                                                                                                        =
In file included from /home/dlohchab/projects/Verilog/DVCON/task_detection_tpu/yolo_npu/yolo_npu_v2.cpp:1:
In file included from /home/dlohchab/projects/Verilog/DVCON/task_detection_tpu/yolo_npu/yolo_npu_v2.h:4:
In file included from /home/dlohchab/Xilinx/2025.2/Vitis/include/ap_fixed.h:9:
In file included from /home/dlohchab/Xilinx/2025.2/Vitis/include/etc/ap_common.h:668:
In file included from /home/dlohchab/Xilinx/2025.2/Vitis/include/etc/ap_private.h:68:
In file included from /home/dlohchab/Xilinx/2025.2/Vitis/include/hls_half.h:26:
/home/dlohchab/Xilinx/2025.2/Vitis/include/etc/hls_half_fpo.h:375:30: warning: equality comparison with extraneous parentheses [-Wparentheses-equality]
        if (((fr)->_mpfr_exp == (0 - ((mpfr_exp_t) (((mpfr_uexp_t) -1) >> 1))))) {
             ~~~~~~~~~~~~~~~~^~~~~~~~~~~~~~~~~~~~~~~~~~~~~~~~~~~~~~~~~~~~~~~~~
/home/dlohchab/Xilinx/2025.2/Vitis/include/etc/hls_half_fpo.h:375:30: note: remove extraneous parentheses around the comparison to silence this warning
        if (((fr)->_mpfr_exp == (0 - ((mpfr_exp_t) (((mpfr_uexp_t) -1) >> 1))))) {
            ~                ^                                                ~
/home/dlohchab/Xilinx/2025.2/Vitis/include/etc/hls_half_fpo.h:375:30: note: use '=' to turn this equality comparison into an assignment
        if (((fr)->_mpfr_exp == (0 - ((mpfr_exp_t) (((mpfr_uexp_t) -1) >> 1))))) {
                             ^~
                             =
/home/dlohchab/Xilinx/2025.2/Vitis/include/etc/hls_half_fpo.h:377:37: warning: equality comparison with extraneous parentheses [-Wparentheses-equality]
        } else if (((fr)->_mpfr_exp == (2 - ((mpfr_exp_t) (((mpfr_uexp_t) -1) >> 1))))) {
                    ~~~~~~~~~~~~~~~~^~~~~~~~~~~~~~~~~~~~~~~~~~~~~~~~~~~~~~~~~~~~~~~~~
/home/dlohchab/Xilinx/2025.2/Vitis/include/etc/hls_half_fpo.h:377:37: note: remove extraneous parentheses around the comparison to silence this warning
        } else if (((fr)->_mpfr_exp == (2 - ((mpfr_exp_t) (((mpfr_uexp_t) -1) >> 1))))) {
                   ~                ^                                                ~
/home/dlohchab/Xilinx/2025.2/Vitis/include/etc/hls_half_fpo.h:377:37: note: use '=' to turn this equality comparison into an assignment
        } else if (((fr)->_mpfr_exp == (2 - ((mpfr_exp_t) (((mpfr_uexp_t) -1) >> 1))))) {
                                    ^~
                                    =
/home/dlohchab/Xilinx/2025.2/Vitis/include/etc/hls_half_fpo.h:379:37: warning: equality comparison with extraneous parentheses [-Wparentheses-equality]
        } else if (((fr)->_mpfr_exp == (1 - ((mpfr_exp_t) (((mpfr_uexp_t) -1) >> 1))))) {
                    ~~~~~~~~~~~~~~~~^~~~~~~~~~~~~~~~~~~~~~~~~~~~~~~~~~~~~~~~~~~~~~~~~
/home/dlohchab/Xilinx/2025.2/Vitis/include/etc/hls_half_fpo.h:379:37: note: remove extraneous parentheses around the comparison to silence this warning
        } else if (((fr)->_mpfr_exp == (1 - ((mpfr_exp_t) (((mpfr_uexp_t) -1) >> 1))))) {
                   ~                ^                                                ~
/home/dlohchab/Xilinx/2025.2/Vitis/include/etc/hls_half_fpo.h:379:37: note: use '=' to turn this equality comparison into an assignment
        } else if (((fr)->_mpfr_exp == (1 - ((mpfr_exp_t) (((mpfr_uexp_t) -1) >> 1))))) {
                                    ^~
                                    =
In file included from /home/dlohchab/projects/Verilog/DVCON/task_detection_tpu/yolo_npu/yolo_npu_v2.cpp:1:
In file included from /home/dlohchab/projects/Verilog/DVCON/task_detection_tpu/yolo_npu/yolo_npu_v2.h:4:
In file included from /home/dlohchab/Xilinx/2025.2/Vitis/include/ap_fixed.h:10:
In file included from /home/dlohchab/Xilinx/2025.2/Vitis/include/etc/ap_fixed_base.h:16:
In file included from /home/dlohchab/Xilinx/2025.2/Vitis/include/ap_int.h:11:
/home/dlohchab/Xilinx/2025.2/Vitis/include/etc/ap_int_base.h:394:22: warning: equality comparison with extraneous parentheses [-Wparentheses-equality]
    do { if ((length == 0)) { fprintf(stderr, "WARNING: " "ap_int<> is being initialized with an empty C string, which can result in undefined behavior during simulation/synthesis"); fprintf(stderr, "\n"); } } while (0);
              ~~~~~~~^~~~
/home/dlohchab/Xilinx/2025.2/Vitis/include/etc/ap_int_base.h:394:22: note: remove extraneous parentheses around the comparison to silence this warning
    do { if ((length == 0)) { fprintf(stderr, "WARNING: " "ap_int<> is being initialized with an empty C string, which can result in undefined behavior during simulation/synthesis"); fprintf(stderr, "\n"); } } while (0);
             ~       ^   ~
/home/dlohchab/Xilinx/2025.2/Vitis/include/etc/ap_int_base.h:394:22: note: use '=' to turn this equality comparison into an assignment
    do { if ((length == 0)) { fprintf(stderr, "WARNING: " "ap_int<> is being initialized with an empty C string, which can result in undefined behavior during simulation/synthesis"); fprintf(stderr, "\n"); } } while (0);
                     ^~
                     =
In file included from /home/dlohchab/projects/Verilog/DVCON/task_detection_tpu/yolo_npu/yolo_npu_v2.cpp:1:
In file included from /home/dlohchab/projects/Verilog/DVCON/task_detection_tpu/yolo_npu/yolo_npu_v2.h:4:
In file included from /home/dlohchab/Xilinx/2025.2/Vitis/include/ap_fixed.h:10:
/home/dlohchab/Xilinx/2025.2/Vitis/include/etc/ap_fixed_base.h:447:21: warning: equality comparison with extraneous parentheses [-Wparentheses-equality]
    do { if ((radix == 0)) { fprintf(stderr, "ERROR: " "ap_fixed_base(const char* \"%s\", %d), str=%s, radix = %d", s, rd, str.c_str(), radix); fprintf(stderr, "\n"); abort(); } } while (0);
              ~~~~~~^~~~
/home/dlohchab/Xilinx/2025.2/Vitis/include/etc/ap_fixed_base.h:447:21: note: remove extraneous parentheses around the comparison to silence this warning
    do { if ((radix == 0)) { fprintf(stderr, "ERROR: " "ap_fixed_base(const char* \"%s\", %d), str=%s, radix = %d", s, rd, str.c_str(), radix); fprintf(stderr, "\n"); abort(); } } while (0);
             ~      ^   ~
/home/dlohchab/Xilinx/2025.2/Vitis/include/etc/ap_fixed_base.h:447:21: note: use '=' to turn this equality comparison into an assignment
    do { if ((radix == 0)) { fprintf(stderr, "ERROR: " "ap_fixed_base(const char* \"%s\", %d), str=%s, radix = %d", s, rd, str.c_str(), radix); fprintf(stderr, "\n"); abort(); } } while (0);
                    ^~
                    =
6 warnings generated.
In file included from /home/dlohchab/projects/Verilog/DVCON/task_detection_tpu/yolo_npu/yolo_npu_v2_tb.cpp:2:
In file included from /home/dlohchab/projects/Verilog/DVCON/task_detection_tpu/yolo_npu/yolo_npu_v2.h:4:
In file included from /home/dlohchab/Xilinx/2025.2/Vitis/include/ap_fixed.h:9:
In file included from /home/dlohchab/Xilinx/2025.2/Vitis/include/etc/ap_common.h:668:
In file included from /home/dlohchab/Xilinx/2025.2/Vitis/include/etc/ap_private.h:68:
In file included from /home/dlohchab/Xilinx/2025.2/Vitis/include/hls_half.h:26:
In file included from /home/dlohchab/Xilinx/2025.2/Vitis/include/etc/hls_half_fpo.h:19:
In file included from /home/dlohchab/Xilinx/2025.2/Vitis/include/hls_fpo.h:140:
In file included from /home/dlohchab/Xilinx/2025.2/Vitis/include/floating_point_v7_1_bitacc_cmodel.h:150:
/home/dlohchab/Xilinx/2025.2/Vitis/include/gmp.h:2304:345: warning: equality comparison with extraneous parentheses [-Wparentheses-equality]
  do { mp_size_t __gmp_i; mp_limb_t __gmp_x; __gmp_i = (__gmp_ysize); if (__gmp_i != 0) { if (__gmpn_add_n (__gmp_wp, __gmp_xp, __gmp_yp, __gmp_i)) { do { if (__gmp_i >= (__gmp_xsize)) { (__gmp_c) = 1; goto __gmp_done; } __gmp_x = (__gmp_xp)[__gmp_i]; } while ((((__gmp_wp)[__gmp_i++] = (__gmp_x + 1) & ((~ (static_cast<mp_limb_t> (0))) >> 0)) == 0)); } } if ((__gmp_wp) != (__gmp_xp)) do { mp_size_t __gmp_j; for (__gmp_j = (__gmp_i); __gmp_j < (__gmp_xsize); __gmp_j++) (__gmp_wp)[__gmp_j] = (__gmp_xp)[__gmp_j]; } while (0); (__gmp_c) = 0; __gmp_done: ; } while (0);
                                                                                                                                                                                                                                                                      ~~~~~~~~~~~~~~~~~~~~~~~~~~~~~~~~~~~~~~~~~~~~~~~~~~~~~~~~~~~~~~~~~~~~~~~~~~~~~~~~~~^~~~
/home/dlohchab/Xilinx/2025.2/Vitis/include/gmp.h:2304:345: note: remove extraneous parentheses around the comparison to silence this warning
  do { mp_size_t __gmp_i; mp_limb_t __gmp_x; __gmp_i = (__gmp_ysize); if (__gmp_i != 0) { if (__gmpn_add_n (__gmp_wp, __gmp_xp, __gmp_yp, __gmp_i)) { do { if (__gmp_i >= (__gmp_xsize)) { (__gmp_c) = 1; goto __gmp_done; } __gmp_x = (__gmp_xp)[__gmp_i]; } while ((((__gmp_wp)[__gmp_i++] = (__gmp_x + 1) & ((~ (static_cast<mp_limb_t> (0))) >> 0)) == 0)); } } if ((__gmp_wp) != (__gmp_xp)) do { mp_size_t __gmp_j; for (__gmp_j = (__gmp_i); __gmp_j < (__gmp_xsize); __gmp_j++) (__gmp_wp)[__gmp_j] = (__gmp_xp)[__gmp_j]; } while (0); (__gmp_c) = 0; __gmp_done: ; } while (0);
                                                                                                                                                                                                                                                                     ~                                                                                  ^   ~
/home/dlohchab/Xilinx/2025.2/Vitis/include/gmp.h:2304:345: note: use '=' to turn this equality comparison into an assignment
  do { mp_size_t __gmp_i; mp_limb_t __gmp_x; __gmp_i = (__gmp_ysize); if (__gmp_i != 0) { if (__gmpn_add_n (__gmp_wp, __gmp_xp, __gmp_yp, __gmp_i)) { do { if (__gmp_i >= (__gmp_xsize)) { (__gmp_c) = 1; goto __gmp_done; } __gmp_x = (__gmp_xp)[__gmp_i]; } while ((((__gmp_wp)[__gmp_i++] = (__gmp_x + 1) & ((~ (static_cast<mp_limb_t> (0))) >> 0)) == 0)); } } if ((__gmp_wp) != (__gmp_xp)) do { mp_size_t __gmp_j; for (__gmp_j = (__gmp_i); __gmp_j < (__gmp_xsize); __gmp_j++) (__gmp_wp)[__gmp_j] = (__gmp_xp)[__gmp_j]; } while (0); (__gmp_c) = 0; __gmp_done: ; } while (0);
                                                                                                                                                                                                                                                                                                                                                        ^~
                                                                                                                                                                                                                                                                                                                                                        =
In file included from /home/dlohchab/projects/Verilog/DVCON/task_detection_tpu/yolo_npu/yolo_npu_v2_tb.cpp:2:
In file included from /home/dlohchab/projects/Verilog/DVCON/task_detection_tpu/yolo_npu/yolo_npu_v2.h:4:
In file included from /home/dlohchab/Xilinx/2025.2/Vitis/include/ap_fixed.h:9:
In file included from /home/dlohchab/Xilinx/2025.2/Vitis/include/etc/ap_common.h:668:
In file included from /home/dlohchab/Xilinx/2025.2/Vitis/include/etc/ap_private.h:68:
In file included from /home/dlohchab/Xilinx/2025.2/Vitis/include/hls_half.h:26:
/home/dlohchab/Xilinx/2025.2/Vitis/include/etc/hls_half_fpo.h:375:30: warning: equality comparison with extraneous parentheses [-Wparentheses-equality]
        if (((fr)->_mpfr_exp == (0 - ((mpfr_exp_t) (((mpfr_uexp_t) -1) >> 1))))) {
             ~~~~~~~~~~~~~~~~^~~~~~~~~~~~~~~~~~~~~~~~~~~~~~~~~~~~~~~~~~~~~~~~~
/home/dlohchab/Xilinx/2025.2/Vitis/include/etc/hls_half_fpo.h:375:30: note: remove extraneous parentheses around the comparison to silence this warning
        if (((fr)->_mpfr_exp == (0 - ((mpfr_exp_t) (((mpfr_uexp_t) -1) >> 1))))) {
            ~                ^                                                ~
/home/dlohchab/Xilinx/2025.2/Vitis/include/etc/hls_half_fpo.h:375:30: note: use '=' to turn this equality comparison into an assignment
        if (((fr)->_mpfr_exp == (0 - ((mpfr_exp_t) (((mpfr_uexp_t) -1) >> 1))))) {
                             ^~
                             =
/home/dlohchab/Xilinx/2025.2/Vitis/include/etc/hls_half_fpo.h:377:37: warning: equality comparison with extraneous parentheses [-Wparentheses-equality]
        } else if (((fr)->_mpfr_exp == (2 - ((mpfr_exp_t) (((mpfr_uexp_t) -1) >> 1))))) {
                    ~~~~~~~~~~~~~~~~^~~~~~~~~~~~~~~~~~~~~~~~~~~~~~~~~~~~~~~~~~~~~~~~~
/home/dlohchab/Xilinx/2025.2/Vitis/include/etc/hls_half_fpo.h:377:37: note: remove extraneous parentheses around the comparison to silence this warning
        } else if (((fr)->_mpfr_exp == (2 - ((mpfr_exp_t) (((mpfr_uexp_t) -1) >> 1))))) {
                   ~                ^                                                ~
/home/dlohchab/Xilinx/2025.2/Vitis/include/etc/hls_half_fpo.h:377:37: note: use '=' to turn this equality comparison into an assignment
        } else if (((fr)->_mpfr_exp == (2 - ((mpfr_exp_t) (((mpfr_uexp_t) -1) >> 1))))) {
                                    ^~
                                    =
/home/dlohchab/Xilinx/2025.2/Vitis/include/etc/hls_half_fpo.h:379:37: warning: equality comparison with extraneous parentheses [-Wparentheses-equality]
        } else if (((fr)->_mpfr_exp == (1 - ((mpfr_exp_t) (((mpfr_uexp_t) -1) >> 1))))) {
                    ~~~~~~~~~~~~~~~~^~~~~~~~~~~~~~~~~~~~~~~~~~~~~~~~~~~~~~~~~~~~~~~~~
/home/dlohchab/Xilinx/2025.2/Vitis/include/etc/hls_half_fpo.h:379:37: note: remove extraneous parentheses around the comparison to silence this warning
        } else if (((fr)->_mpfr_exp == (1 - ((mpfr_exp_t) (((mpfr_uexp_t) -1) >> 1))))) {
                   ~                ^                                                ~
/home/dlohchab/Xilinx/2025.2/Vitis/include/etc/hls_half_fpo.h:379:37: note: use '=' to turn this equality comparison into an assignment
        } else if (((fr)->_mpfr_exp == (1 - ((mpfr_exp_t) (((mpfr_uexp_t) -1) >> 1))))) {
                                    ^~
                                    =
In file included from /home/dlohchab/projects/Verilog/DVCON/task_detection_tpu/yolo_npu/yolo_npu_v2_tb.cpp:2:
In file included from /home/dlohchab/projects/Verilog/DVCON/task_detection_tpu/yolo_npu/yolo_npu_v2.h:4:
In file included from /home/dlohchab/Xilinx/2025.2/Vitis/include/ap_fixed.h:10:
In file included from /home/dlohchab/Xilinx/2025.2/Vitis/include/etc/ap_fixed_base.h:16:
In file included from /home/dlohchab/Xilinx/2025.2/Vitis/include/ap_int.h:11:
/home/dlohchab/Xilinx/2025.2/Vitis/include/etc/ap_int_base.h:394:22: warning: equality comparison with extraneous parentheses [-Wparentheses-equality]
    do { if ((length == 0)) { fprintf(stderr, "WARNING: " "ap_int<> is being initialized with an empty C string, which can result in undefined behavior during simulation/synthesis"); fprintf(stderr, "\n"); } } while (0);
              ~~~~~~~^~~~
/home/dlohchab/Xilinx/2025.2/Vitis/include/etc/ap_int_base.h:394:22: note: remove extraneous parentheses around the comparison to silence this warning
    do { if ((length == 0)) { fprintf(stderr, "WARNING: " "ap_int<> is being initialized with an empty C string, which can result in undefined behavior during simulation/synthesis"); fprintf(stderr, "\n"); } } while (0);
             ~       ^   ~
/home/dlohchab/Xilinx/2025.2/Vitis/include/etc/ap_int_base.h:394:22: note: use '=' to turn this equality comparison into an assignment
    do { if ((length == 0)) { fprintf(stderr, "WARNING: " "ap_int<> is being initialized with an empty C string, which can result in undefined behavior during simulation/synthesis"); fprintf(stderr, "\n"); } } while (0);
                     ^~
                     =
In file included from /home/dlohchab/projects/Verilog/DVCON/task_detection_tpu/yolo_npu/yolo_npu_v2_tb.cpp:2:
In file included from /home/dlohchab/projects/Verilog/DVCON/task_detection_tpu/yolo_npu/yolo_npu_v2.h:4:
In file included from /home/dlohchab/Xilinx/2025.2/Vitis/include/ap_fixed.h:10:
/home/dlohchab/Xilinx/2025.2/Vitis/include/etc/ap_fixed_base.h:447:21: warning: equality comparison with extraneous parentheses [-Wparentheses-equality]
    do { if ((radix == 0)) { fprintf(stderr, "ERROR: " "ap_fixed_base(const char* \"%s\", %d), str=%s, radix = %d", s, rd, str.c_str(), radix); fprintf(stderr, "\n"); abort(); } } while (0);
              ~~~~~~^~~~
/home/dlohchab/Xilinx/2025.2/Vitis/include/etc/ap_fixed_base.h:447:21: note: remove extraneous parentheses around the comparison to silence this warning
    do { if ((radix == 0)) { fprintf(stderr, "ERROR: " "ap_fixed_base(const char* \"%s\", %d), str=%s, radix = %d", s, rd, str.c_str(), radix); fprintf(stderr, "\n"); abort(); } } while (0);
             ~      ^   ~
/home/dlohchab/Xilinx/2025.2/Vitis/include/etc/ap_fixed_base.h:447:21: note: use '=' to turn this equality comparison into an assignment
    do { if ((radix == 0)) { fprintf(stderr, "ERROR: " "ap_fixed_base(const char* \"%s\", %d), str=%s, radix = %d", s, rd, str.c_str(), radix); fprintf(stderr, "\n"); abort(); } } while (0);
                    ^~
                    =
/home/dlohchab/projects/Verilog/DVCON/task_detection_tpu/yolo_npu/yolo_npu_v2_tb.cpp:16:31: error: use of undeclared identifier 'ddr_init_image'
    for(int i = 0; i < sizeof(ddr_init_image) / sizeof(float); i++) {
                              ^
/home/dlohchab/projects/Verilog/DVCON/task_detection_tpu/yolo_npu/yolo_npu_v2_tb.cpp:17:32: error: use of undeclared identifier 'ddr_init_image'
        ddr_ram[1000000 + i] = ddr_init_image[i];
                               ^
/home/dlohchab/projects/Verilog/DVCON/task_detection_tpu/yolo_npu/yolo_npu_v2_tb.cpp:23:24: error: use of undeclared identifier 'SCHEDULE_LENGTH'
    for(int i = 0; i < SCHEDULE_LENGTH; i++) {
                       ^
/home/dlohchab/projects/Verilog/DVCON/task_detection_tpu/yolo_npu/yolo_npu_v2_tb.cpp:27:35: error: use of undeclared identifier 'yolo_schedule'
        yolo_npu_v2_core(ddr_ram, yolo_schedule[i]);
                                  ^
6 warnings and 4 errors generated.
make: *** [cosim.tv.mk:90: obj/yolo_npu_v2_tb.cpp_pre.cpp.tb.o] Error 1
ERROR: [COSIM 212-317] C++ compile error.
ERROR: [COSIM 212-321] EXE file generate failed.
ERROR: [COSIM 212-321] EXE file generate failed.
ERROR: [COSIM 212-331] Aborting co-simulation: C simulation failed, compilation errors.
ERROR: [COSIM 212-5] *** C/RTL co-simulation file generation failed. ***
ERROR: [COSIM 212-4] *** C/RTL co-simulation finished: FAIL ***
ERROR: 
INFO: [HLS 200-112] Total CPU user time: 48.91 seconds. Total CPU system time: 5.05 seconds. Total elapsed time: 77.07 seconds; peak allocated memory: 393.809 MB.
