  **** HLS Build v2025.2 6295257
INFO: [HLS 200-2005] Using work_dir /home/dlohchab/projects/Verilog/DVCON/task_detection_tpu/yolo_npu/yolo_npu 
INFO: [HLS 200-2176] Writing Vitis IDE component file /home/dlohchab/projects/Verilog/DVCON/task_detection_tpu/yolo_npu/yolo_npu/vitis-comp.json
INFO: [HLS 200-10] Creating and opening component '/home/dlohchab/projects/Verilog/DVCON/task_detection_tpu/yolo_npu/yolo_npu'.
INFO: [HLS 200-1611] Setting target device to 'xc7k325t-ffg900-2'
INFO: [HLS 200-1505] Using default flow_target 'vivado'
Resolution: For help on HLS 200-1505 see docs.amd.com/access/sources/dita/topic?Doc_Version=2025.2%20English&url=ug1448-hls-guidance&resourceid=200-1505.html
INFO: [HLS 200-2174] Applying component config ini file hls_config.cfg
INFO: [HLS 200-1465] Applying config ini 'syn.file=./yolo_npu_v2.cpp' from hls_config.cfg(8)
INFO: [HLS 200-10] Adding design file '/home/dlohchab/projects/Verilog/DVCON/task_detection_tpu/yolo_npu/yolo_npu_v2.cpp' to the project
INFO: [HLS 200-1465] Applying config ini 'tb.file=./yolo_npu_v2_tb.cpp' from hls_config.cfg(9)
INFO: [HLS 200-10] Adding test bench file '/home/dlohchab/projects/Verilog/DVCON/task_detection_tpu/yolo_npu/yolo_npu_v2_tb.cpp' to the project
INFO: [HLS 200-1465] Applying config ini 'syn.top=yolo_npu_v2_core' from hls_config.cfg(10)
INFO: [HLS 200-1465] Applying config ini 'flow_target=vivado' from hls_config.cfg(4)
INFO: [HLS 200-1505] Using flow_target 'vivado'
Resolution: For help on HLS 200-1505 see docs.amd.com/access/sources/dita/topic?Doc_Version=2025.2%20English&url=ug1448-hls-guidance&resourceid=200-1505.html
INFO: [HLS 200-1465] Applying config ini 'part=xc7k325tffg900-2' from hls_config.cfg(1)
INFO: [HLS 200-1465] Applying config ini 'clock=20ns' from hls_config.cfg(5)
INFO: [SYN 201-201] Setting up clock 'default' with a period of 20ns.
INFO: [HLS 200-1465] Applying config ini 'package.output.format=ip_catalog' from hls_config.cfg(6)
INFO: [HLS 200-2176] Writing Vitis IDE component file /home/dlohchab/projects/Verilog/DVCON/task_detection_tpu/yolo_npu/yolo_npu/vitis-comp.json
INFO: [IMPL 213-8] Exporting RTL as a Vivado IP.

****** Vivado v2025.2 (64-bit)
  **** SW Build 6299465 on Fri Nov 14 12:34:56 MST 2025
  **** IP Build 6300035 on Fri Nov 14 10:48:45 MST 2025
  **** SharedData Build 6298862 on Thu Nov 13 04:50:51 MST 2025
  **** Start of session at: Fri Jun 19 22:01:57 2026
    ** Copyright 1986-2022 Xilinx, Inc. All Rights Reserved.
    ** Copyright 2022-2025 Advanced Micro Devices, Inc. All Rights Reserved.

source run_ippack.tcl -notrace
INFO: calling package_hls_ip ip_types=vitis sysgen json_file=/home/dlohchab/projects/Verilog/DVCON/task_detection_tpu/yolo_npu/yolo_npu/hls/hls_data.json outdir=/home/dlohchab/projects/Verilog/DVCON/task_detection_tpu/yolo_npu/yolo_npu/hls/impl/ip srcdir=/home/dlohchab/projects/Verilog/DVCON/task_detection_tpu/yolo_npu/yolo_npu/hls ippack_options_dict= ippack_options_dict=
INFO: Copied 1 ipmisc file(s) to /home/dlohchab/projects/Verilog/DVCON/task_detection_tpu/yolo_npu/yolo_npu/hls/impl/ip/misc
INFO: Copied 31 verilog file(s) to /home/dlohchab/projects/Verilog/DVCON/task_detection_tpu/yolo_npu/yolo_npu/hls/impl/ip/hdl/verilog
INFO: Copied 31 vhdl file(s) to /home/dlohchab/projects/Verilog/DVCON/task_detection_tpu/yolo_npu/yolo_npu/hls/impl/ip/hdl/vhdl
INFO: Copied 10 swdriver file(s) to /home/dlohchab/projects/Verilog/DVCON/task_detection_tpu/yolo_npu/yolo_npu/hls/impl/ip/drivers
ipx::create_core: Time (s): cpu = 00:00:13 ; elapsed = 00:00:09 . Memory (MB): peak = 1853.875 ; gain = 116.055 ; free physical = 155 ; free virtual = 3812
INFO: Import ports from HDL: /home/dlohchab/projects/Verilog/DVCON/task_detection_tpu/yolo_npu/yolo_npu/hls/impl/ip/hdl/vhdl/yolo_npu_v2_core.vhd (yolo_npu_v2_core)
INFO: Add axi4lite interface s_axi_control
INFO: Add axi4lite interface s_axi_control_r
INFO: Add clock interface ap_clk
INFO: Add reset interface ap_rst_n
INFO: Add interrupt interface interrupt
INFO: [IP_Flow 19-234] Refreshing IP repositories
INFO: [IP_Flow 19-1704] No user IP repositories specified
INFO: [IP_Flow 19-2313] Loaded Vivado IP repository '/home/dlohchab/Xilinx/2025.2/data/ip'.
INFO: Add axi4full interface m_axi_gmem
INFO: Calling post_process_vitis to specialize IP
INFO: Calling post_process_sysgen to specialize IP
Generating sysgen info xml from json file
INFO: Created IP /home/dlohchab/projects/Verilog/DVCON/task_detection_tpu/yolo_npu/yolo_npu/hls/impl/ip/component.xml
INFO: Created IP archive /home/dlohchab/projects/Verilog/DVCON/task_detection_tpu/yolo_npu/yolo_npu/hls/impl/ip/xilinx_com_hls_yolo_npu_v2_core_1_0.zip
INFO: [Common 17-206] Exiting Vivado at Fri Jun 19 22:02:17 2026...
INFO: [IMPL 213-8] Starting RTL evaluation using Vivado ...

****** Vivado v2025.2 (64-bit)
  **** SW Build 6299465 on Fri Nov 14 12:34:56 MST 2025
  **** IP Build 6300035 on Fri Nov 14 10:48:45 MST 2025
  **** SharedData Build 6298862 on Thu Nov 13 04:50:51 MST 2025
  **** Start of session at: Fri Jun 19 22:02:20 2026
    ** Copyright 1986-2022 Xilinx, Inc. All Rights Reserved.
    ** Copyright 2022-2025 Advanced Micro Devices, Inc. All Rights Reserved.

source run_vivado.tcl
# source ./settings.tcl
## set top_module yolo_npu_v2_core
## set language verilog
## set family kintex7
## set device xc7k325t
## set package -ffg900
## set speed -2
## set clock ap_clk
## set fsm_ext "off"
## set add_io_buffers false 
# source -notrace ./extraction.tcl
# set vivado_proj_name project
# set vivado_proj_dir .
# set target_device "${device}${package}${speed}"
# set target_clk_period_ns "20.000"
# set target_clk_freq_hz [expr {floor(1000 / $target_clk_period_ns) * 1000000}]
# set other_clks_freq_hz {}
# set ip_vlnv xilinx.com:hls:yolo_npu_v2_core:1.0
# set ip_repo_path ../ip
# set bd_design_name bd_0
# set bd_inst_name hls_inst
# set bd_props {}
# set has_synth true
# set synth_design_args {-directive sdx_optimization_effort_high}
# set synth_dcp ""
# set synth_props {}
# set has_impl 1
# set impl_props {}
# set has_subcore 0
# set report_options [dict create]
# dict set report_options report_level 2
# dict set report_options report_max_paths 10
# dict set report_options stdout_hls_reports 1
# dict set report_options stdout_vivado_reports 0
# dict set report_options hls_project yolo_npu
# dict set report_options hls_solution hls
# dict set report_options has_synth $has_synth
# dict set report_options has_impl $has_impl
# dict set report_options vivado_reportbasename $top_module
# dict set report_options vivado_reportdir ./report
# dict set report_options hls_impl_dir ..
# dict set report_options hls_reportdir ../report/$language
# dict set report_options target_clk_period $target_clk_period_ns
# dict set report_options target_device $target_device
# dict set report_options language $language
# dict set report_options clock_name $clock
# dict set report_options error_if_impl_timing_fails false
# dict set report_options topmodule "yolo_npu_v2_core"
# dict set report_options funcmodules {yolo_npu_v2_core_yolo_npu_v2_core_Pipeline_VITIS_LOOP_29_1 yolo_npu_v2_core_yolo_npu_v2_core_Pipeline_VITIS_LOOP_36_2_VITIS_LOOP_38_3_VITIS_LOOP_40_4 yolo_npu_v2_core_yolo_npu_v2_core_Pipeline_VITIS_LOOP_58_5_VITIS_LOOP_60_6_VITIS_LOOP_62_7 yolo_npu_v2_core_yolo_npu_v2_core_Pipeline_VITIS_LOOP_85_10_VITIS_LOOP_86_11_VITIS_LOOP_87_12_VIT yolo_npu_v2_core_yolo_npu_v2_core_Pipeline_VITIS_LOOP_116_16 yolo_npu_v2_core_yolo_npu_v2_core_Pipeline_VITIS_LOOP_118_17_VITIS_LOOP_120_18 yolo_npu_v2_core_yolo_npu_v2_core_Pipeline_VITIS_LOOP_176_23_VITIS_LOOP_178_24_VITIS_LOOP_180_25}
# dict set report_options bindmodules {yolo_npu_v2_core_flow_control_loop_pipe_sequential_init yolo_npu_v2_core_mul_31ns_32s_32_1_1 yolo_npu_v2_core_mul_32s_32s_32_1_1 yolo_npu_v2_core_sparsemux_65_5_16_1_1 yolo_npu_v2_core_mul_32ns_31ns_63_1_1 yolo_npu_v2_core_mul_63s_63s_63_1_1 yolo_npu_v2_core_mac_muladd_16s_16s_26s_26_4_1 yolo_npu_v2_core_mul_31ns_32s_62_1_1 yolo_npu_v2_core_mul_62ns_32s_63_1_1 yolo_npu_v2_core_mul_16s_8ns_24_1_1 yolo_npu_v2_core_mul_31ns_31ns_62_1_1 yolo_npu_v2_core_mul_31ns_32ns_63_1_1 yolo_npu_v2_core_mul_31ns_32s_63_1_1 yolo_npu_v2_core_mul_31ns_62ns_93_1_1 yolo_npu_v2_core_mul_32ns_32ns_63_1_1 yolo_npu_v2_core_sdiv_32ns_32s_32_36_seq_1 yolo_npu_v2_core_sp_bias_RAM_AUTO_1R1W yolo_npu_v2_core_sp_in_fm_RAM_AUTO_1R1W yolo_npu_v2_core_sp_out_fm_RAM_AUTO_1R1W yolo_npu_v2_core_weight_tile_RAM_AUTO_1R1W yolo_npu_v2_core_gmem_m_axi yolo_npu_v2_core_control_s_axi yolo_npu_v2_core_control_r_s_axi}
# dict set report_options max_module_depth 6
# create_project $vivado_proj_name $vivado_proj_dir -part $target_device -force
create_project: Time (s): cpu = 00:00:13 ; elapsed = 00:00:09 . Memory (MB): peak = 1823.668 ; gain = 64.055 ; free physical = 166 ; free virtual = 3777
# set_property target_language $language [current_project]
# if { ![file exists $ip_repo_path] } {
#   error "Cannot find packaged HLS IP"
# }
# set_property ip_repo_paths [file normalize $ip_repo_path] [current_project]
# update_ip_catalog
INFO: [IP_Flow 19-234] Refreshing IP repositories
INFO: [IP_Flow 19-1700] Loaded user IP repository '/home/dlohchab/projects/Verilog/DVCON/task_detection_tpu/yolo_npu/yolo_npu/hls/impl/ip'.
INFO: [IP_Flow 19-2313] Loaded Vivado IP repository '/home/dlohchab/Xilinx/2025.2/data/ip'.
# create_bd_design bd_0
Wrote  : </home/dlohchab/projects/Verilog/DVCON/task_detection_tpu/yolo_npu/yolo_npu/hls/impl/verilog/project.srcs/sources_1/bd/bd_0/bd_0.bd> 
# set cell_inst [create_bd_cell -type ip -vlnv $ip_vlnv $bd_inst_name]
# if { [llength $bd_props] } { 
#   set_property -dict $bd_props $cell_inst 
# }
# make_bd_pins_external $cell_inst
# make_bd_intf_pins_external $cell_inst
# set bd_clk_ports [get_bd_ports -filter {TYPE==clk}]
# if { $target_clk_freq_hz ne "" } { 
#   foreach bd_clk_port $bd_clk_ports {
#     # Remove "_0" suffix from BD ports & interfaces so they match IP ports 
#     set clk_name [regsub {_0$} [get_property name $bd_clk_port] {}]
#     set port_freq_hz $target_clk_freq_hz
#     if { [dict exists $other_clks_freq_hz $clk_name] } {
#         set port_freq_hz [dict get $other_clks_freq_hz $clk_name]
#     }
#     set_property CONFIG.FREQ_HZ $port_freq_hz $bd_clk_port
#   }
# }
# foreach bd_port [get_bd_intf_ports] {
#   set_property name [regsub {_0$} [get_property name $bd_port] {}] $bd_port
# }
# foreach bd_port [get_bd_ports -filter {INTF!=TRUE}] {
#   set_property name [regsub {_0$} [get_property name $bd_port] {}] $bd_port
# }
# set s_axi_addr_width_min 32
# foreach bd_port [get_bd_intf_ports -filter {MODE == "Slave" && VLNV =~ "xilinx.com:interface:aximm_rtl:*"}] {
#   set bd_port_addr_width [get_property CONFIG.ADDR_WIDTH $bd_port]
#   if { $bd_port_addr_width < $s_axi_addr_width_min } {
#     puts "INFO: Updating $bd_port CONFIG.ADDR_WIDTH to $s_axi_addr_width_min"
#     set_property CONFIG.ADDR_WIDTH $s_axi_addr_width_min $bd_port
#   }
# }
INFO: Updating /s_axi_control CONFIG.ADDR_WIDTH to 32
INFO: Updating /s_axi_control_r CONFIG.ADDR_WIDTH to 32
# set_msg_config -id {[BD 41-1265]} -severity {CRITICAL WARNING} -new_severity {INFO}
# assign_bd_address
INFO: [BD 41-3093] Triggering Legacy Auto Assign Algorithm
Slave segment '/hls_inst/s_axi_control/Reg' is being assigned into address space '/s_axi_control' at <0x0000_0000 [ 64K ]>.
Slave segment '/hls_inst/s_axi_control_r/Reg' is being assigned into address space '/s_axi_control_r' at <0x0000_0000 [ 64K ]>.
Slave segment '/m_axi_gmem/Reg' is being assigned into address space '/hls_inst/Data_m_axi_gmem' at <0x44A0_0000 [ 64K ]>.
Wrote  : </home/dlohchab/projects/Verilog/DVCON/task_detection_tpu/yolo_npu/yolo_npu/hls/impl/verilog/project.srcs/sources_1/bd/bd_0/bd_0.bd> 
Verilog Output written to : /home/dlohchab/projects/Verilog/DVCON/task_detection_tpu/yolo_npu/yolo_npu/hls/impl/verilog/project.gen/sources_1/bd/bd_0/synth/bd_0.v
Verilog Output written to : /home/dlohchab/projects/Verilog/DVCON/task_detection_tpu/yolo_npu/yolo_npu/hls/impl/verilog/project.gen/sources_1/bd/bd_0/sim/bd_0.v
Verilog Output written to : /home/dlohchab/projects/Verilog/DVCON/task_detection_tpu/yolo_npu/yolo_npu/hls/impl/verilog/project.gen/sources_1/bd/bd_0/hdl/bd_0_wrapper.v
# set toprtl [make_wrapper -files [get_files ${bd_design_name}.bd] -top]
# add_files -norecurse $toprtl
# set top_inst_name [file root [file tail $toprtl]]
# puts "Using BD top: $top_inst_name"
Using BD top: bd_0_wrapper
# set xdc_files [glob -nocomplain ./*.xdc]
# if { [llength $xdc_files] } {
#     add_files -fileset constrs_1 -norecurse $xdc_files
# }
# launch_runs synth_1 -scripts_only
INFO: [BD 41-1662] The design 'bd_0.bd' is already validated. Therefore parameter propagation will not be re-run.
Verilog Output written to : /home/dlohchab/projects/Verilog/DVCON/task_detection_tpu/yolo_npu/yolo_npu/hls/impl/verilog/project.gen/sources_1/bd/bd_0/synth/bd_0.v
Verilog Output written to : /home/dlohchab/projects/Verilog/DVCON/task_detection_tpu/yolo_npu/yolo_npu/hls/impl/verilog/project.gen/sources_1/bd/bd_0/sim/bd_0.v
Verilog Output written to : /home/dlohchab/projects/Verilog/DVCON/task_detection_tpu/yolo_npu/yolo_npu/hls/impl/verilog/project.gen/sources_1/bd/bd_0/hdl/bd_0_wrapper.v
INFO: [BD 41-1029] Generation completed for the IP Integrator block hls_inst .
Exporting to file /home/dlohchab/projects/Verilog/DVCON/task_detection_tpu/yolo_npu/yolo_npu/hls/impl/verilog/project.gen/sources_1/bd/bd_0/hw_handoff/bd_0.hwh
Generated Hardware Definition File /home/dlohchab/projects/Verilog/DVCON/task_detection_tpu/yolo_npu/yolo_npu/hls/impl/verilog/project.gen/sources_1/bd/bd_0/synth/bd_0.hwdef
INFO: [BD 41-3262] Generated VHDL Instantiation Template file /home/dlohchab/projects/Verilog/DVCON/task_detection_tpu/yolo_npu/yolo_npu/hls/impl/verilog/project.gen/sources_1/bd/bd_0/bd_0.vho
INFO: [BD 41-3262] Generated Verilog Instantiation Template file /home/dlohchab/projects/Verilog/DVCON/task_detection_tpu/yolo_npu/yolo_npu/hls/impl/verilog/project.gen/sources_1/bd/bd_0/bd_0.veo
INFO: [BD 41-3262] Generated System Verilog Instantiation Template file /home/dlohchab/projects/Verilog/DVCON/task_detection_tpu/yolo_npu/yolo_npu/hls/impl/verilog/project.gen/sources_1/bd/bd_0/bd_0_sv.sveo
WARNING: [Vivado 12-7122] Auto Incremental Compile:: No reference checkpoint was found in run synth_1. Auto-incremental flow will not be run, the standard flow will be run instead.
launch_runs: Time (s): cpu = 00:00:07 ; elapsed = 00:00:08 . Memory (MB): peak = 1900.914 ; gain = 0.035 ; free physical = 155 ; free virtual = 3709
# foreach run [get_runs -filter {IS_SYNTHESIS == 1}] {
#   reset_run [get_runs $run]
# }
# set_property XPM_LIBRARIES {XPM_MEMORY XPM_FIFO} [current_project]
# hls_vivado_reports_setup $report_options
TIMESTAMP: HLS-REPORT: initialize report directories: 2026-06-19 22:02:44 IST
# if { $has_subcore } { report_ip_status }
# if { $has_synth || $has_impl } {
#   # synth properties setting
#   set_property -name {STEPS.SYNTH_DESIGN.ARGS.MORE OPTIONS} -value {-mode out_of_context} -objects [get_runs synth_1]
#   set ip_inst [get_ips -quiet ${bd_design_name}*${bd_inst_name}*]
#   if { ![llength $ip_inst] } {
#       error "Cannot find HLS IP instance: ${bd_design_name}*${bd_inst_name}*"
#   }
#   set synth_run [get_runs -filter {IS_SYNTHESIS == 1} ${ip_inst}*]
#   if { ![llength $synth_run] } {
#       error "Cannot find synth run for HLS IP: ${ip_inst}*"
#   }
# 
#   if { [llength $synth_design_args] } {
#       set_property -name {STEPS.SYNTH_DESIGN.ARGS.MORE OPTIONS} -value $synth_design_args -objects $synth_run
#   }
# 
#   if { [llength $synth_props] } {
#     set_property -dict $synth_props $synth_run
#   }
# 
#   # launch run synth
#   launch_runs synth_1
#   wait_on_run synth_1
#   # synth reports
#   hls_vivado_reports_synth synth_1 $report_options
#   if { $synth_dcp ne "" } {
#     file mkdir [file dirname $synth_dcp]
#     set run_dcp [glob -nocomplain [get_property DIRECTORY $synth_run]/*.dcp]
#     if { [llength $run_dcp] != 1 } { error "Cannot find single dcp file for run $synth_run" }
#     file copy -force $run_dcp $synth_dcp
#   }
# }
WARNING: [Vivado 12-7122] Auto Incremental Compile:: No reference checkpoint was found in run synth_1. Auto-incremental flow will not be run, the standard flow will be run instead.
[Fri Jun 19 22:02:44 2026] Launched bd_0_hls_inst_0_synth_1...
Run output will be captured here: /home/dlohchab/projects/Verilog/DVCON/task_detection_tpu/yolo_npu/yolo_npu/hls/impl/verilog/project.runs/bd_0_hls_inst_0_synth_1/runme.log
[Fri Jun 19 22:02:44 2026] Launched synth_1...
Run output will be captured here: /home/dlohchab/projects/Verilog/DVCON/task_detection_tpu/yolo_npu/yolo_npu/hls/impl/verilog/project.runs/synth_1/runme.log
[Fri Jun 19 22:02:44 2026] Waiting for synth_1 to finish...
