  **** HLS Build v2025.2 6295257
INFO: [HLS 200-2005] Using work_dir /home/dlohchab/projects/Verilog/DVCON/task_detection_tpu/yolo_npu/yolo_npu 
INFO: [HLS 200-2176] Writing Vitis IDE component file /home/dlohchab/projects/Verilog/DVCON/task_detection_tpu/yolo_npu/yolo_npu/vitis-comp.json
INFO: [HLS 200-10] Creating and opening component '/home/dlohchab/projects/Verilog/DVCON/task_detection_tpu/yolo_npu/yolo_npu'.
INFO: [HLS 200-1611] Setting target device to 'xc7k325t-ffg900-2'
INFO: [HLS 200-1505] Using default flow_target 'vivado'
Resolution: For help on HLS 200-1505 see docs.amd.com/access/sources/dita/topic?Doc_Version=2025.2%20English&url=ug1448-hls-guidance&resourceid=200-1505.html
INFO: [HLS 200-2174] Applying component config ini file hls_config.cfg
INFO: [HLS 200-1465] Applying config ini 'syn.file=./yolo_npu_v2.cpp' from hls_config.cfg(8)
INFO: [HLS 200-10] Adding design file '/home/dlohchab/projects/Verilog/DVCON/task_detection_tpu/yolo_npu/yolo_npu_v2.cpp' to the project
INFO: [HLS 200-1465] Applying config ini 'tb.file=./yolo_npu_v2_tb.cpp' from hls_config.cfg(9)
INFO: [HLS 200-10] Adding test bench file '/home/dlohchab/projects/Verilog/DVCON/task_detection_tpu/yolo_npu/yolo_npu_v2_tb.cpp' to the project
INFO: [HLS 200-1465] Applying config ini 'syn.top=yolo_npu_v2_core' from hls_config.cfg(10)
INFO: [HLS 200-1465] Applying config ini 'flow_target=vivado' from hls_config.cfg(4)
INFO: [HLS 200-1505] Using flow_target 'vivado'
Resolution: For help on HLS 200-1505 see docs.amd.com/access/sources/dita/topic?Doc_Version=2025.2%20English&url=ug1448-hls-guidance&resourceid=200-1505.html
INFO: [HLS 200-1465] Applying config ini 'part=xc7k325tffg900-2' from hls_config.cfg(1)
INFO: [HLS 200-1465] Applying config ini 'clock=20ns' from hls_config.cfg(5)
INFO: [SYN 201-201] Setting up clock 'default' with a period of 20ns.
INFO: [HLS 200-1465] Applying config ini 'package.output.format=ip_catalog' from hls_config.cfg(6)
INFO: [HLS 200-2176] Writing Vitis IDE component file /home/dlohchab/projects/Verilog/DVCON/task_detection_tpu/yolo_npu/yolo_npu/vitis-comp.json
INFO: [IMPL 213-8] Exporting RTL as a Vivado IP.

****** Vivado v2025.2 (64-bit)
  **** SW Build 6299465 on Fri Nov 14 12:34:56 MST 2025
  **** IP Build 6300035 on Fri Nov 14 10:48:45 MST 2025
  **** SharedData Build 6298862 on Thu Nov 13 04:50:51 MST 2025
  **** Start of session at: Thu Jun 18 10:19:09 2026
    ** Copyright 1986-2022 Xilinx, Inc. All Rights Reserved.
    ** Copyright 2022-2025 Advanced Micro Devices, Inc. All Rights Reserved.

source run_ippack.tcl -notrace
INFO: calling package_hls_ip ip_types=vitis sysgen json_file=/home/dlohchab/projects/Verilog/DVCON/task_detection_tpu/yolo_npu/yolo_npu/hls/hls_data.json outdir=/home/dlohchab/projects/Verilog/DVCON/task_detection_tpu/yolo_npu/yolo_npu/hls/impl/ip srcdir=/home/dlohchab/projects/Verilog/DVCON/task_detection_tpu/yolo_npu/yolo_npu/hls ippack_options_dict= ippack_options_dict=
INFO: Copied 1 ipmisc file(s) to /home/dlohchab/projects/Verilog/DVCON/task_detection_tpu/yolo_npu/yolo_npu/hls/impl/ip/misc
INFO: Copied 31 verilog file(s) to /home/dlohchab/projects/Verilog/DVCON/task_detection_tpu/yolo_npu/yolo_npu/hls/impl/ip/hdl/verilog
INFO: Copied 31 vhdl file(s) to /home/dlohchab/projects/Verilog/DVCON/task_detection_tpu/yolo_npu/yolo_npu/hls/impl/ip/hdl/vhdl
INFO: Copied 10 swdriver file(s) to /home/dlohchab/projects/Verilog/DVCON/task_detection_tpu/yolo_npu/yolo_npu/hls/impl/ip/drivers
ipx::create_core: Time (s): cpu = 00:00:16 ; elapsed = 00:00:11 . Memory (MB): peak = 1838.867 ; gain = 117.055 ; free physical = 186 ; free virtual = 4989
INFO: Import ports from HDL: /home/dlohchab/projects/Verilog/DVCON/task_detection_tpu/yolo_npu/yolo_npu/hls/impl/ip/hdl/vhdl/yolo_npu_v2_core.vhd (yolo_npu_v2_core)
INFO: Add axi4lite interface s_axi_control
INFO: Add axi4lite interface s_axi_control_r
INFO: Add clock interface ap_clk
INFO: Add reset interface ap_rst_n
INFO: Add interrupt interface interrupt
INFO: [IP_Flow 19-234] Refreshing IP repositories
INFO: [IP_Flow 19-1704] No user IP repositories specified
INFO: [IP_Flow 19-2313] Loaded Vivado IP repository '/home/dlohchab/Xilinx/2025.2/data/ip'.
INFO: Add axi4full interface m_axi_gmem
INFO: Calling post_process_vitis to specialize IP
INFO: Calling post_process_sysgen to specialize IP
Generating sysgen info xml from json file
INFO: Created IP /home/dlohchab/projects/Verilog/DVCON/task_detection_tpu/yolo_npu/yolo_npu/hls/impl/ip/component.xml
INFO: Created IP archive /home/dlohchab/projects/Verilog/DVCON/task_detection_tpu/yolo_npu/yolo_npu/hls/impl/ip/xilinx_com_hls_yolo_npu_v2_core_1_0.zip
INFO: [Common 17-206] Exiting Vivado at Thu Jun 18 10:19:29 2026...
INFO: [HLS 200-802] Generated output file yolo_npu/yolo_npu_v2_core.zip
INFO: [HLS 200-112] Total CPU user time: 34.57 seconds. Total CPU system time: 2.09 seconds. Total elapsed time: 32.1 seconds; peak allocated memory: 350.750 MB.
INFO: [vitis-run 60-791] Total elapsed time: 0h 0m 43s
