  **** HLS Build v2025.2 6295257
INFO: [HLS 200-2005] Using work_dir /home/dlohchab/projects/Verilog/DVCON/task_detection_tpu/yolo_npu/yolo_npu 
INFO: [HLS 200-2176] Writing Vitis IDE component file /home/dlohchab/projects/Verilog/DVCON/task_detection_tpu/yolo_npu/yolo_npu/vitis-comp.json
INFO: [HLS 200-10] Creating and opening component '/home/dlohchab/projects/Verilog/DVCON/task_detection_tpu/yolo_npu/yolo_npu'.
INFO: [HLS 200-1505] Using default flow_target 'vivado'
Resolution: For help on HLS 200-1505 see docs.amd.com/access/sources/dita/topic?Doc_Version=2025.2%20English&url=ug1448-hls-guidance&resourceid=200-1505.html
INFO: [HLS 200-2174] Applying component config ini file hls_config.cfg
INFO: [HLS 200-1465] Applying config ini 'syn.file=./yolo_npu.cpp' from hls_config.cfg(7)
INFO: [HLS 200-10] Adding design file '/home/dlohchab/projects/Verilog/DVCON/task_detection_tpu/yolo_npu/yolo_npu.cpp' to the project
INFO: [HLS 200-1465] Applying config ini 'tb.file=./yolo_npu_tb.cpp' from hls_config.cfg(8)
INFO: [HLS 200-10] Adding test bench file '/home/dlohchab/projects/Verilog/DVCON/task_detection_tpu/yolo_npu/yolo_npu_tb.cpp' to the project
INFO: [HLS 200-1465] Applying config ini 'syn.top=yolo_npu_core' from hls_config.cfg(9)
INFO: [HLS 200-1465] Applying config ini 'flow_target=vivado' from hls_config.cfg(4)
INFO: [HLS 200-1505] Using flow_target 'vivado'
Resolution: For help on HLS 200-1505 see docs.amd.com/access/sources/dita/topic?Doc_Version=2025.2%20English&url=ug1448-hls-guidance&resourceid=200-1505.html
INFO: [HLS 200-1465] Applying config ini 'part=xcvu9p-flga2104-2-i' from hls_config.cfg(1)
ERROR: [HLS 200-1023] Part 'xcvu9p-flga2104-2-i' is not installed.
ERROR: [HLS 200-1912] Problem with config ini entry 'part=xcvu9p-flga2104-2-i' from hls_config.cfg(1): command 'create_platform' returned error code
ERROR: problem with 'part=xcvu9p-flga2104-2-i' from hls_config.cfg(1): command 'create_platform' returned error code
INFO: [HLS 200-112] Total CPU user time: 1.58 seconds. Total CPU system time: 0.36 seconds. Total elapsed time: 2.66 seconds; peak allocated memory: 234.656 MB.
