  **** HLS Build v2025.2 6295257
INFO: [HLS 200-2005] Using work_dir /home/dlohchab/projects/Verilog/DVCON/task_detection_tpu/yolo_conv2d_experiment/yolo_conv2d_experiment 
INFO: [HLS 200-2176] Writing Vitis IDE component file /home/dlohchab/projects/Verilog/DVCON/task_detection_tpu/yolo_conv2d_experiment/yolo_conv2d_experiment/vitis-comp.json
INFO: [HLS 200-10] Creating and opening component '/home/dlohchab/projects/Verilog/DVCON/task_detection_tpu/yolo_conv2d_experiment/yolo_conv2d_experiment'.
INFO: [HLS 200-1505] Using default flow_target 'vivado'
Resolution: For help on HLS 200-1505 see docs.amd.com/access/sources/dita/topic?Doc_Version=2025.2%20English&url=ug1448-hls-guidance&resourceid=200-1505.html
INFO: [HLS 200-2174] Applying component config ini file hls_config.cfg
INFO: [HLS 200-1465] Applying config ini 'syn.file=./conv2d_core.cpp' from hls_config.cfg(7)
INFO: [HLS 200-10] Adding design file '/home/dlohchab/projects/Verilog/DVCON/task_detection_tpu/yolo_conv2d_experiment/conv2d_core.cpp' to the project
INFO: [HLS 200-1465] Applying config ini 'tb.file=./conv2d_tb.cpp' from hls_config.cfg(8)
INFO: [HLS 200-10] Adding test bench file '/home/dlohchab/projects/Verilog/DVCON/task_detection_tpu/yolo_conv2d_experiment/conv2d_tb.cpp' to the project
INFO: [HLS 200-1465] Applying config ini 'syn.top=conv2d_3x3' from hls_config.cfg(9)
INFO: [HLS 200-1465] Applying config ini 'flow_target=vivado' from hls_config.cfg(4)
INFO: [HLS 200-1505] Using flow_target 'vivado'
Resolution: For help on HLS 200-1505 see docs.amd.com/access/sources/dita/topic?Doc_Version=2025.2%20English&url=ug1448-hls-guidance&resourceid=200-1505.html
INFO: [HLS 200-1465] Applying config ini 'part=xc7k325tffg900-2' from hls_config.cfg(1)
INFO: [HLS 200-1611] Setting target device to 'xc7k325t-ffg900-2'
INFO: [HLS 200-1465] Applying config ini 'package.output.format=ip_catalog' from hls_config.cfg(5)
INFO: [HLS 200-2176] Writing Vitis IDE component file /home/dlohchab/projects/Verilog/DVCON/task_detection_tpu/yolo_conv2d_experiment/yolo_conv2d_experiment/vitis-comp.json
INFO: [HLS 200-111] Finished File checks and directory preparation: CPU user time: 5.3 seconds. CPU system time: 1.09 seconds. Elapsed time: 10.86 seconds; current allocated memory: 269.527 MB.
INFO: [HLS 200-2191] C-Synthesis will use clang-16 as the compiler
INFO: [HLS 200-10] Analyzing design file 'conv2d_core.cpp' ... 
INFO: [HLS 200-111] Finished Source Code Analysis and Preprocessing: CPU user time: 15.22 seconds. CPU system time: 1.5 seconds. Elapsed time: 23 seconds; current allocated memory: 271.035 MB.
INFO: [HLS 200-777] Using interface defaults for 'Vivado' flow target.
INFO: [HLS 200-1995] There were 728 instructions in the design after the 'Compile/Link' phase of compilation. See the Design Size Report for more details (/home/dlohchab/projects/Verilog/DVCON/task_detection_tpu/yolo_conv2d_experiment/yolo_conv2d_experiment/hls/syn/report/csynth_design_size.rpt:2)
INFO: [HLS 200-1995] There were 501 instructions in the design after the 'Unroll/Inline (step 1)' phase of compilation. See the Design Size Report for more details (/home/dlohchab/projects/Verilog/DVCON/task_detection_tpu/yolo_conv2d_experiment/yolo_conv2d_experiment/hls/syn/report/csynth_design_size.rpt:2)
INFO: [HLS 200-1995] There were 199 instructions in the design after the 'Unroll/Inline (step 2)' phase of compilation. See the Design Size Report for more details (/home/dlohchab/projects/Verilog/DVCON/task_detection_tpu/yolo_conv2d_experiment/yolo_conv2d_experiment/hls/syn/report/csynth_design_size.rpt:2)
INFO: [HLS 200-1995] There were 195 instructions in the design after the 'Unroll/Inline (step 3)' phase of compilation. See the Design Size Report for more details (/home/dlohchab/projects/Verilog/DVCON/task_detection_tpu/yolo_conv2d_experiment/yolo_conv2d_experiment/hls/syn/report/csynth_design_size.rpt:2)
INFO: [HLS 200-1995] There were 195 instructions in the design after the 'Unroll/Inline (step 4)' phase of compilation. See the Design Size Report for more details (/home/dlohchab/projects/Verilog/DVCON/task_detection_tpu/yolo_conv2d_experiment/yolo_conv2d_experiment/hls/syn/report/csynth_design_size.rpt:2)
INFO: [HLS 200-1995] There were 409 instructions in the design after the 'Array/Struct (step 1)' phase of compilation. See the Design Size Report for more details (/home/dlohchab/projects/Verilog/DVCON/task_detection_tpu/yolo_conv2d_experiment/yolo_conv2d_experiment/hls/syn/report/csynth_design_size.rpt:2)
INFO: [HLS 200-1995] There were 240 instructions in the design after the 'Array/Struct (step 2)' phase of compilation. See the Design Size Report for more details (/home/dlohchab/projects/Verilog/DVCON/task_detection_tpu/yolo_conv2d_experiment/yolo_conv2d_experiment/hls/syn/report/csynth_design_size.rpt:2)
INFO: [HLS 200-1995] There were 249 instructions in the design after the 'Array/Struct (step 3)' phase of compilation. See the Design Size Report for more details (/home/dlohchab/projects/Verilog/DVCON/task_detection_tpu/yolo_conv2d_experiment/yolo_conv2d_experiment/hls/syn/report/csynth_design_size.rpt:2)
INFO: [HLS 200-1995] There were 248 instructions in the design after the 'Array/Struct (step 4)' phase of compilation. See the Design Size Report for more details (/home/dlohchab/projects/Verilog/DVCON/task_detection_tpu/yolo_conv2d_experiment/yolo_conv2d_experiment/hls/syn/report/csynth_design_size.rpt:2)
INFO: [HLS 200-1995] There were 365 instructions in the design after the 'Array/Struct (step 5)' phase of compilation. See the Design Size Report for more details (/home/dlohchab/projects/Verilog/DVCON/task_detection_tpu/yolo_conv2d_experiment/yolo_conv2d_experiment/hls/syn/report/csynth_design_size.rpt:2)
INFO: [HLS 200-1995] There were 215 instructions in the design after the 'Performance (step 1)' phase of compilation. See the Design Size Report for more details (/home/dlohchab/projects/Verilog/DVCON/task_detection_tpu/yolo_conv2d_experiment/yolo_conv2d_experiment/hls/syn/report/csynth_design_size.rpt:2)
INFO: [HLS 200-1995] There were 209 instructions in the design after the 'Performance (step 2)' phase of compilation. See the Design Size Report for more details (/home/dlohchab/projects/Verilog/DVCON/task_detection_tpu/yolo_conv2d_experiment/yolo_conv2d_experiment/hls/syn/report/csynth_design_size.rpt:2)
INFO: [HLS 200-1995] There were 209 instructions in the design after the 'Performance (step 3)' phase of compilation. See the Design Size Report for more details (/home/dlohchab/projects/Verilog/DVCON/task_detection_tpu/yolo_conv2d_experiment/yolo_conv2d_experiment/hls/syn/report/csynth_design_size.rpt:2)
INFO: [HLS 200-1995] There were 209 instructions in the design after the 'Performance (step 4)' phase of compilation. See the Design Size Report for more details (/home/dlohchab/projects/Verilog/DVCON/task_detection_tpu/yolo_conv2d_experiment/yolo_conv2d_experiment/hls/syn/report/csynth_design_size.rpt:2)
INFO: [HLS 200-1995] There were 233 instructions in the design after the 'HW Transforms (step 1)' phase of compilation. See the Design Size Report for more details (/home/dlohchab/projects/Verilog/DVCON/task_detection_tpu/yolo_conv2d_experiment/yolo_conv2d_experiment/hls/syn/report/csynth_design_size.rpt:2)
INFO: [HLS 200-1995] There were 253 instructions in the design after the 'HW Transforms (step 2)' phase of compilation. See the Design Size Report for more details (/home/dlohchab/projects/Verilog/DVCON/task_detection_tpu/yolo_conv2d_experiment/yolo_conv2d_experiment/hls/syn/report/csynth_design_size.rpt:2)
INFO: [HLS 214-291] Loop 'VITIS_LOOP_46_7' is marked as complete unroll implied by the pipeline pragma (conv2d_core.cpp:46:30)
INFO: [HLS 214-291] Loop 'VITIS_LOOP_64_8' is marked as complete unroll implied by the pipeline pragma (conv2d_core.cpp:64:34)
INFO: [HLS 214-291] Loop 'VITIS_LOOP_66_9' is marked as complete unroll implied by the pipeline pragma (conv2d_core.cpp:66:38)
INFO: [HLS 214-186] Unrolling loop 'VITIS_LOOP_46_7' (conv2d_core.cpp:46:30) in function 'conv2d_3x3' completely with a factor of 3 (conv2d_core.cpp:10:0)
INFO: [HLS 214-186] Unrolling loop 'VITIS_LOOP_64_8' (conv2d_core.cpp:64:34) in function 'conv2d_3x3' completely with a factor of 3 (conv2d_core.cpp:10:0)
INFO: [HLS 214-186] Unrolling loop 'VITIS_LOOP_66_9' (conv2d_core.cpp:66:38) in function 'conv2d_3x3' completely with a factor of 3 (conv2d_core.cpp:10:0)
INFO: [HLS 214-186] Unrolling loop 'VITIS_LOOP_31_4' (conv2d_core.cpp:31:26) in function 'conv2d_3x3' completely with a factor of 3 (conv2d_core.cpp:10:0)
INFO: [HLS 214-186] Unrolling loop 'VITIS_LOOP_24_2' (conv2d_core.cpp:24:26) in function 'conv2d_3x3' completely with a factor of 16 (conv2d_core.cpp:10:0)
INFO: [HLS 214-248] Applying array_partition to 'line_buf': Complete partitioning on dimension 1. (conv2d_core.cpp:12:12)
INFO: [HLS 214-248] Applying array_partition to 'window': Complete partitioning on dimension 1. Complete partitioning on dimension 2. (conv2d_core.cpp:16:12)
INFO: [HLS 214-248] Applying array_partition to 'weights': Complete partitioning on dimension 1. Complete partitioning on dimension 2. (conv2d_core.cpp:10:0)
INFO: [HLS 214-241] Aggregating scalar variable 'weights_2_2' with compact=bit mode in 16-bits (conv2d_core.cpp:10:0)
INFO: [HLS 214-241] Aggregating scalar variable 'weights_2_1' with compact=bit mode in 16-bits (conv2d_core.cpp:10:0)
INFO: [HLS 214-241] Aggregating scalar variable 'weights_2_0' with compact=bit mode in 16-bits (conv2d_core.cpp:10:0)
INFO: [HLS 214-241] Aggregating scalar variable 'weights_1_2' with compact=bit mode in 16-bits (conv2d_core.cpp:10:0)
INFO: [HLS 214-241] Aggregating scalar variable 'weights_1_1' with compact=bit mode in 16-bits (conv2d_core.cpp:10:0)
INFO: [HLS 214-241] Aggregating scalar variable 'weights_1_0' with compact=bit mode in 16-bits (conv2d_core.cpp:10:0)
INFO: [HLS 214-241] Aggregating scalar variable 'weights_0_2' with compact=bit mode in 16-bits (conv2d_core.cpp:10:0)
INFO: [HLS 214-241] Aggregating scalar variable 'weights_0_1' with compact=bit mode in 16-bits (conv2d_core.cpp:10:0)
INFO: [HLS 214-241] Aggregating scalar variable 'weights_0_0' with compact=bit mode in 16-bits (conv2d_core.cpp:10:0)
INFO: [HLS 214-376] Pipelining loop< VITIS_LOOP_23_1> at conv2d_core.cpp:23:22 due to pipeline_loops threshold
INFO: [HLS 214-376] Pipelining loop< VITIS_LOOP_30_3> at conv2d_core.cpp:30:22 due to pipeline_loops threshold
INFO: [HLS 200-111] Finished Compiling Optimization and Transform: CPU user time: 5.6 seconds. CPU system time: 0.8 seconds. Elapsed time: 12.16 seconds; current allocated memory: 272.902 MB.
INFO: [HLS 200-111] Finished Checking Pragmas: CPU user time: 0 seconds. CPU system time: 0 seconds. Elapsed time: 0 seconds; current allocated memory: 272.902 MB.
INFO: [HLS 200-10] Starting code transformations ...
INFO: [HLS 200-111] Finished Standard Transforms: CPU user time: 0.03 seconds. CPU system time: 0.01 seconds. Elapsed time: 0.08 seconds; current allocated memory: 273.250 MB.
INFO: [HLS 200-10] Checking synthesizability ...
INFO: [HLS 200-111] Finished Checking Synthesizability: CPU user time: 0.03 seconds. CPU system time: 0 seconds. Elapsed time: 0.04 seconds; current allocated memory: 273.348 MB.
INFO: [XFORM 203-401] Performing if-conversion on hyperblock from (conv2d_core.cpp:30:30) to (conv2d_core.cpp:30:22) in function 'conv2d_3x3'... converting 3 basic blocks.
INFO: [HLS 200-111] Finished Loop, function and other optimizations: CPU user time: 0.12 seconds. CPU system time: 0.01 seconds. Elapsed time: 0.16 seconds; current allocated memory: 295.645 MB.
INFO: [HLS 200-2061] Successfully converted nested loops 'VITIS_LOOP_38_5'(conv2d_core.cpp:38:22) and 'VITIS_LOOP_39_6'(conv2d_core.cpp:39:26) in function 'conv2d_3x3' into perfectly nested loops.
INFO: [XFORM 203-541] Flattening a loop nest 'VITIS_LOOP_38_5' (conv2d_core.cpp:38:22) in function 'conv2d_3x3'.
INFO: [HLS 200-111] Finished Architecture Synthesis: CPU user time: 0.11 seconds. CPU system time: 0.01 seconds. Elapsed time: 0.19 seconds; current allocated memory: 295.977 MB.
INFO: [HLS 200-10] Starting hardware synthesis ...
INFO: [HLS 200-10] Synthesizing 'conv2d_3x3' ...
INFO: [SYN 201-201] Setting up clock 'default' with a period of 10ns.
INFO: [HLS 200-10] ----------------------------------------------------------------
INFO: [HLS 200-42] -- Implementing module 'conv2d_3x3_Pipeline_VITIS_LOOP_38_5_VITIS_LOOP_39_6' 
INFO: [HLS 200-10] ----------------------------------------------------------------
INFO: [SCHED 204-11] Starting scheduling ...
INFO: [HLS 200-486] Changing DSP latency (root=add_ln68_7) to 3 in order to utilize available DSP registers.
INFO: [HLS 200-486] Changing DSP latency (root=add_ln68_6) to 3 in order to utilize available DSP registers.
INFO: [HLS 200-486] Changing DSP latency (root=add_ln68_5) to 3 in order to utilize available DSP registers.
INFO: [HLS 200-486] Changing DSP latency (root=add_ln68_4) to 3 in order to utilize available DSP registers.
INFO: [HLS 200-486] Changing DSP latency (root=add_ln68_3) to 3 in order to utilize available DSP registers.
INFO: [HLS 200-486] Changing DSP latency (root=add_ln68_2) to 3 in order to utilize available DSP registers.
INFO: [HLS 200-486] Changing DSP latency (root=add_ln68_1) to 3 in order to utilize available DSP registers.
INFO: [HLS 200-486] Changing DSP latency (root=add_ln68) to 3 in order to utilize available DSP registers.
INFO: [SCHED 204-61] Pipelining loop 'VITIS_LOOP_38_5_VITIS_LOOP_39_6'.
INFO: [HLS 200-1470] Pipelining result : Target II = 1, Final II = 1, Depth = 12, loop 'VITIS_LOOP_38_5_VITIS_LOOP_39_6'
INFO: [SCHED 204-11] Finished scheduling.
INFO: [HLS 200-111] Finished Scheduling: CPU user time: 0.15 seconds. CPU system time: 0.03 seconds. Elapsed time: 0.28 seconds; current allocated memory: 297.410 MB.
INFO: [BIND 205-100] Starting micro-architecture generation ...
INFO: [BIND 205-101] Performing variable lifetime analysis.
INFO: [BIND 205-101] Exploring resource sharing.
INFO: [BIND 205-101] Binding ...
INFO: [BIND 205-100] Finished micro-architecture generation.
INFO: [HLS 200-111] Finished Binding: CPU user time: 0.07 seconds. CPU system time: 0 seconds. Elapsed time: 0.1 seconds; current allocated memory: 297.410 MB.
INFO: [HLS 200-10] ----------------------------------------------------------------
INFO: [HLS 200-42] -- Implementing module 'conv2d_3x3' 
INFO: [HLS 200-10] ----------------------------------------------------------------
INFO: [SCHED 204-11] Starting scheduling ...
INFO: [SCHED 204-11] Finished scheduling.
INFO: [HLS 200-111] Finished Scheduling: CPU user time: 0.08 seconds. CPU system time: 0 seconds. Elapsed time: 0.1 seconds; current allocated memory: 297.410 MB.
INFO: [BIND 205-100] Starting micro-architecture generation ...
INFO: [BIND 205-101] Performing variable lifetime analysis.
INFO: [BIND 205-101] Exploring resource sharing.
INFO: [BIND 205-101] Binding ...
INFO: [BIND 205-100] Finished micro-architecture generation.
INFO: [HLS 200-111] Finished Binding: CPU user time: 0.03 seconds. CPU system time: 0.01 seconds. Elapsed time: 0.06 seconds; current allocated memory: 297.410 MB.
INFO: [HLS 200-10] ----------------------------------------------------------------
INFO: [HLS 200-10] -- Generating RTL for module 'conv2d_3x3_Pipeline_VITIS_LOOP_38_5_VITIS_LOOP_39_6' 
INFO: [HLS 200-10] ----------------------------------------------------------------
INFO: [HLS 200-1030] Apply Unified Pipeline Control on module 'conv2d_3x3_Pipeline_VITIS_LOOP_38_5_VITIS_LOOP_39_6' pipeline 'VITIS_LOOP_38_5_VITIS_LOOP_39_6' pipeline type 'loop pipeline'
INFO: [RTGEN 206-100] Generating core module 'mac_muladd_16s_16s_26s_26_4_1': 8 instance(s).
INFO: [RTGEN 206-100] Generating core module 'mul_16s_16s_26_1_1': 1 instance(s).
INFO: [RTGEN 206-100] Finished creating RTL model for 'conv2d_3x3_Pipeline_VITIS_LOOP_38_5_VITIS_LOOP_39_6'.
INFO: [HLS 200-111] Finished Creating RTL model: CPU user time: 0.1 seconds. CPU system time: 0 seconds. Elapsed time: 0.15 seconds; current allocated memory: 297.410 MB.
INFO: [HLS 200-10] ----------------------------------------------------------------
INFO: [HLS 200-10] -- Generating RTL for module 'conv2d_3x3' 
INFO: [HLS 200-10] ----------------------------------------------------------------
INFO: [RTGEN 206-500] Setting interface mode on port 'conv2d_3x3/in_stream' to 'ap_fifo'.
INFO: [RTGEN 206-500] Setting interface mode on port 'conv2d_3x3/weights_0_0' to 'ap_none'.
INFO: [RTGEN 206-500] Setting interface mode on port 'conv2d_3x3/weights_0_1' to 'ap_none'.
INFO: [RTGEN 206-500] Setting interface mode on port 'conv2d_3x3/weights_0_2' to 'ap_none'.
INFO: [RTGEN 206-500] Setting interface mode on port 'conv2d_3x3/weights_1_0' to 'ap_none'.
INFO: [RTGEN 206-500] Setting interface mode on port 'conv2d_3x3/weights_1_1' to 'ap_none'.
INFO: [RTGEN 206-500] Setting interface mode on port 'conv2d_3x3/weights_1_2' to 'ap_none'.
INFO: [RTGEN 206-500] Setting interface mode on port 'conv2d_3x3/weights_2_0' to 'ap_none'.
INFO: [RTGEN 206-500] Setting interface mode on port 'conv2d_3x3/weights_2_1' to 'ap_none'.
INFO: [RTGEN 206-500] Setting interface mode on port 'conv2d_3x3/weights_2_2' to 'ap_none'.
INFO: [RTGEN 206-500] Setting interface mode on port 'conv2d_3x3/out_stream' to 'ap_fifo'.
INFO: [RTGEN 206-500] Setting interface mode on function 'conv2d_3x3' to 'ap_ctrl_hs'.
INFO: [RTGEN 206-100] Finished creating RTL model for 'conv2d_3x3'.
INFO: [RTMG 210-278] Implementing memory 'conv2d_3x3_line_buf_RAM_AUTO_1R1W' using auto RAMs.
INFO: [HLS 200-111] Finished Creating RTL model: CPU user time: 0.22 seconds. CPU system time: 0.02 seconds. Elapsed time: 0.34 seconds; current allocated memory: 298.770 MB.
INFO: [HLS 200-111] Finished Generating all RTL models: CPU user time: 0.43 seconds. CPU system time: 0.04 seconds. Elapsed time: 0.67 seconds; current allocated memory: 302.719 MB.
INFO: [HLS 200-2225] Wrote inferred directives to file /home/dlohchab/projects/Verilog/DVCON/task_detection_tpu/yolo_conv2d_experiment/yolo_conv2d_experiment/hls/syn/inferred_directives.ini
INFO: [HLS 200-111] Finished Updating report files: CPU user time: 0.89 seconds. CPU system time: 0.12 seconds. Elapsed time: 1.4 seconds; current allocated memory: 305.141 MB.
INFO: [VHDL 208-304] Generating VHDL RTL for conv2d_3x3.
INFO: [VLOG 209-307] Generating Verilog RTL for conv2d_3x3.
INFO: [HLS 200-790] **** Loop Constraint Status: All loop constraints were satisfied.
INFO: [HLS 200-789] **** Estimated Fmax: 222.32 MHz
INFO: [HLS 200-112] Total CPU user time: 28.42 seconds. Total CPU system time: 3.65 seconds. Total elapsed time: 49.67 seconds; peak allocated memory: 305.141 MB.
INFO: [v++ 60-791] Total elapsed time: 0h 1m 2s
