

================================================================
== Vitis HLS Report for 'store_image_Pipeline_VITIS_LOOP_212_1'
================================================================
* Date:           Wed Jun 17 00:16:31 2026

* Version:        2025.2 (Build 6295257 on Nov 14 2025)
* Project:        yolo_backbone_2
* Solution:       hls (Vivado IP Flow Target)
* Product family: kintex7
* Target device:  xc7k325t-ffg900-2


================================================================
== Performance Estimates
================================================================
+ Timing: 
    * Summary: 
    +--------+----------+----------+------------+
    |  Clock |  Target  | Estimated| Uncertainty|
    +--------+----------+----------+------------+
    |ap_clk  |  10.00 ns|  7.300 ns|     2.70 ns|
    +--------+----------+----------+------------+

+ Latency: 
    * Summary: 
    +---------+---------+-----------+-----------+-----+-----+-------------------+
    |  Latency (cycles) |   Latency (absolute)  |  Interval |      Pipeline     |
    |   min   |   max   |    min    |    max    | min | max |        Type       |
    +---------+---------+-----------+-----------+-----+-----+-------------------+
    |     1155|     1155|  11.550 us|  11.550 us|    0|    0|  loop pipeline stp|
    +---------+---------+-----------+-----------+-----+-----+-------------------+

    + Detail: 
        * Instance: 
        N/A

        * Loop: 
        +--------------------+---------+---------+----------+-----------+-----------+------+----------+
        |                    |  Latency (cycles) | Iteration|  Initiation Interval  | Trip |          |
        |      Loop Name     |   min   |   max   |  Latency |  achieved |   target  | Count| Pipelined|
        +--------------------+---------+---------+----------+-----------+-----------+------+----------+
        |- VITIS_LOOP_212_1  |     1153|     1153|        34|         32|          1|    36|       yes|
        +--------------------+---------+---------+----------+-----------+-----------+------+----------+



================================================================
== Utilization Estimates
================================================================
* Summary: 
+-----------------+---------+-----+--------+--------+-----+
|       Name      | BRAM_18K| DSP |   FF   |   LUT  | URAM|
+-----------------+---------+-----+--------+--------+-----+
|DSP              |        -|    -|       -|       -|    -|
|Expression       |        -|    -|       0|     100|    -|
|FIFO             |        -|    -|       -|       -|    -|
|Instance         |        -|    -|       -|       -|    -|
|Memory           |        -|    -|       -|       -|    -|
|Multiplexer      |        -|    -|       0|     384|    -|
|Register         |        -|    -|     554|       -|    -|
+-----------------+---------+-----+--------+--------+-----+
|Total            |        0|    0|     554|     484|    0|
+-----------------+---------+-----+--------+--------+-----+
|Available        |      890|  840|  407600|  203800|    0|
+-----------------+---------+-----+--------+--------+-----+
|Utilization (%)  |        0|    0|      ~0|      ~0|    0|
+-----------------+---------+-----+--------+--------+-----+

+ Detail: 
    * Instance: 
    N/A

    * DSP: 
    N/A

    * Memory: 
    N/A

    * FIFO: 
    N/A

    * Expression: 
    +---------------------------------------+----------+----+---+----+------------+------------+
    |             Variable Name             | Operation| DSP| FF| LUT| Bitwidth P0| Bitwidth P1|
    +---------------------------------------+----------+----+---+----+------------+------------+
    |add_ln212_fu_218_p2                    |         +|   0|  0|  14|           6|           1|
    |ap_block_pp0_stage0_11001              |       and|   0|  0|   2|           1|           1|
    |ap_block_pp0_stage10_11001_grp10       |       and|   0|  0|   2|           1|           1|
    |ap_block_pp0_stage11_11001_grp11       |       and|   0|  0|   2|           1|           1|
    |ap_block_pp0_stage12_11001_grp12       |       and|   0|  0|   2|           1|           1|
    |ap_block_pp0_stage13_11001_grp13       |       and|   0|  0|   2|           1|           1|
    |ap_block_pp0_stage14_11001_grp14       |       and|   0|  0|   2|           1|           1|
    |ap_block_pp0_stage15_11001_grp15       |       and|   0|  0|   2|           1|           1|
    |ap_block_pp0_stage16_11001_grp16       |       and|   0|  0|   2|           1|           1|
    |ap_block_pp0_stage17_11001_grp17       |       and|   0|  0|   2|           1|           1|
    |ap_block_pp0_stage18_11001_grp18       |       and|   0|  0|   2|           1|           1|
    |ap_block_pp0_stage19_11001_grp19       |       and|   0|  0|   2|           1|           1|
    |ap_block_pp0_stage1_01001_grp1         |       and|   0|  0|   2|           1|           1|
    |ap_block_pp0_stage20_11001_grp20       |       and|   0|  0|   2|           1|           1|
    |ap_block_pp0_stage21_11001_grp21       |       and|   0|  0|   2|           1|           1|
    |ap_block_pp0_stage22_11001_grp22       |       and|   0|  0|   2|           1|           1|
    |ap_block_pp0_stage23_11001_grp23       |       and|   0|  0|   2|           1|           1|
    |ap_block_pp0_stage24_11001_grp24       |       and|   0|  0|   2|           1|           1|
    |ap_block_pp0_stage25_11001_grp25       |       and|   0|  0|   2|           1|           1|
    |ap_block_pp0_stage26_11001_grp26       |       and|   0|  0|   2|           1|           1|
    |ap_block_pp0_stage27_11001_grp27       |       and|   0|  0|   2|           1|           1|
    |ap_block_pp0_stage28_11001_grp28       |       and|   0|  0|   2|           1|           1|
    |ap_block_pp0_stage29_11001_grp29       |       and|   0|  0|   2|           1|           1|
    |ap_block_pp0_stage2_11001_grp2         |       and|   0|  0|   2|           1|           1|
    |ap_block_pp0_stage30_11001_grp30       |       and|   0|  0|   2|           1|           1|
    |ap_block_pp0_stage31_11001_grp31       |       and|   0|  0|   2|           1|           1|
    |ap_block_pp0_stage3_11001_grp3         |       and|   0|  0|   2|           1|           1|
    |ap_block_pp0_stage4_11001_grp4         |       and|   0|  0|   2|           1|           1|
    |ap_block_pp0_stage5_11001_grp5         |       and|   0|  0|   2|           1|           1|
    |ap_block_pp0_stage6_11001_grp6         |       and|   0|  0|   2|           1|           1|
    |ap_block_pp0_stage7_11001_grp7         |       and|   0|  0|   2|           1|           1|
    |ap_block_pp0_stage8_11001_grp8         |       and|   0|  0|   2|           1|           1|
    |ap_block_pp0_stage9_11001_grp9         |       and|   0|  0|   2|           1|           1|
    |ap_block_state10_io_grp9               |       and|   0|  0|   2|           1|           1|
    |ap_block_state2_pp0_stage1_iter0_grp1  |       and|   0|  0|   2|           1|           1|
    |icmp_ln212_fu_212_p2                   |      icmp|   0|  0|  14|           6|           6|
    |ap_block_pp0_stage1_11001_grp1         |        or|   0|  0|   2|           1|           1|
    |ap_enable_pp0                          |       xor|   0|  0|   2|           1|           2|
    +---------------------------------------+----------+----+---+----+------------+------------+
    |Total                                  |          |   0|  0| 100|          48|          44|
    +---------------------------------------+----------+----+---+----+------------+------------+

    * Multiplexer: 
    +-----------------------------+-----+-----------+-----+-----------+
    |             Name            | LUT | Input Size| Bits| Total Bits|
    +-----------------------------+-----+-----------+-----+-----------+
    |ap_NS_fsm                    |  156|         33|    1|         33|
    |ap_done_int                  |    9|          2|    1|          2|
    |ap_enable_reg_pp0_iter0      |    9|          2|    1|          2|
    |ap_enable_reg_pp0_iter0_reg  |    9|          2|    1|          2|
    |ap_enable_reg_pp0_iter1      |    9|          2|    1|          2|
    |ap_sig_allocacmp_i_1         |    9|          2|    6|         12|
    |gmem3_blk_n_W                |    9|          2|    1|          2|
    |i_fu_176                     |    9|          2|    6|         12|
    |m_axi_gmem3_0_WDATA          |  156|         33|   16|        528|
    |stream_pool_out_blk_n        |    9|          2|    1|          2|
    +-----------------------------+-----+-----------+-----+-----------+
    |Total                        |  384|         82|   35|        597|
    +-----------------------------+-----+-----------+-----+-----------+

    * Register: 
    +-----------------------------+----+----+-----+-----------+
    |             Name            | FF | LUT| Bits| Const Bits|
    +-----------------------------+----+----+-----+-----------+
    |ap_CS_fsm                    |  32|   0|   32|          0|
    |ap_done_reg                  |   1|   0|    1|          0|
    |ap_enable_reg_pp0_iter0_reg  |   1|   0|    1|          0|
    |ap_enable_reg_pp0_iter1      |   1|   0|    1|          0|
    |i_fu_176                     |   6|   0|    6|          0|
    |icmp_ln212_reg_556           |   1|   0|    1|          0|
    |trunc_ln214_10_reg_620       |  16|   0|   16|          0|
    |trunc_ln214_11_reg_625       |  16|   0|   16|          0|
    |trunc_ln214_12_reg_630       |  16|   0|   16|          0|
    |trunc_ln214_13_reg_635       |  16|   0|   16|          0|
    |trunc_ln214_14_reg_640       |  16|   0|   16|          0|
    |trunc_ln214_15_reg_645       |  16|   0|   16|          0|
    |trunc_ln214_16_reg_650       |  16|   0|   16|          0|
    |trunc_ln214_17_reg_655       |  16|   0|   16|          0|
    |trunc_ln214_18_reg_660       |  16|   0|   16|          0|
    |trunc_ln214_19_reg_665       |  16|   0|   16|          0|
    |trunc_ln214_1_reg_570        |  16|   0|   16|          0|
    |trunc_ln214_20_reg_670       |  16|   0|   16|          0|
    |trunc_ln214_21_reg_675       |  16|   0|   16|          0|
    |trunc_ln214_22_reg_680       |  16|   0|   16|          0|
    |trunc_ln214_23_reg_685       |  16|   0|   16|          0|
    |trunc_ln214_24_reg_690       |  16|   0|   16|          0|
    |trunc_ln214_25_reg_695       |  16|   0|   16|          0|
    |trunc_ln214_26_reg_700       |  16|   0|   16|          0|
    |trunc_ln214_27_reg_705       |  16|   0|   16|          0|
    |trunc_ln214_28_reg_710       |  16|   0|   16|          0|
    |trunc_ln214_29_reg_715       |  16|   0|   16|          0|
    |trunc_ln214_2_reg_575        |  16|   0|   16|          0|
    |trunc_ln214_30_reg_720       |  16|   0|   16|          0|
    |trunc_ln214_3_reg_580        |  16|   0|   16|          0|
    |trunc_ln214_4_reg_585        |  16|   0|   16|          0|
    |trunc_ln214_5_reg_590        |  16|   0|   16|          0|
    |trunc_ln214_6_reg_595        |  16|   0|   16|          0|
    |trunc_ln214_7_reg_600        |  16|   0|   16|          0|
    |trunc_ln214_8_reg_605        |  16|   0|   16|          0|
    |trunc_ln214_9_reg_610        |  16|   0|   16|          0|
    |trunc_ln214_reg_565          |  16|   0|   16|          0|
    |trunc_ln214_s_reg_615        |  16|   0|   16|          0|
    +-----------------------------+----+----+-----+-----------+
    |Total                        | 554|   0|  554|          0|
    +-----------------------------+----+----+-----+-----------+



================================================================
== Interface
================================================================
* Summary: 
+--------------------------------+-----+-----+------------+---------------------------------------+--------------+
|            RTL Ports           | Dir | Bits|  Protocol  |             Source Object             |    C Type    |
+--------------------------------+-----+-----+------------+---------------------------------------+--------------+
|ap_clk                          |   in|    1|  ap_ctrl_hs|  store_image_Pipeline_VITIS_LOOP_212_1|  return value|
|ap_rst                          |   in|    1|  ap_ctrl_hs|  store_image_Pipeline_VITIS_LOOP_212_1|  return value|
|ap_start                        |   in|    1|  ap_ctrl_hs|  store_image_Pipeline_VITIS_LOOP_212_1|  return value|
|ap_done                         |  out|    1|  ap_ctrl_hs|  store_image_Pipeline_VITIS_LOOP_212_1|  return value|
|ap_idle                         |  out|    1|  ap_ctrl_hs|  store_image_Pipeline_VITIS_LOOP_212_1|  return value|
|ap_ready                        |  out|    1|  ap_ctrl_hs|  store_image_Pipeline_VITIS_LOOP_212_1|  return value|
|m_axi_gmem3_0_AWVALID           |  out|    1|       m_axi|                                  gmem3|       pointer|
|m_axi_gmem3_0_AWREADY           |   in|    1|       m_axi|                                  gmem3|       pointer|
|m_axi_gmem3_0_AWADDR            |  out|   64|       m_axi|                                  gmem3|       pointer|
|m_axi_gmem3_0_AWID              |  out|    1|       m_axi|                                  gmem3|       pointer|
|m_axi_gmem3_0_AWLEN             |  out|   32|       m_axi|                                  gmem3|       pointer|
|m_axi_gmem3_0_AWSIZE            |  out|    3|       m_axi|                                  gmem3|       pointer|
|m_axi_gmem3_0_AWBURST           |  out|    2|       m_axi|                                  gmem3|       pointer|
|m_axi_gmem3_0_AWLOCK            |  out|    2|       m_axi|                                  gmem3|       pointer|
|m_axi_gmem3_0_AWCACHE           |  out|    4|       m_axi|                                  gmem3|       pointer|
|m_axi_gmem3_0_AWPROT            |  out|    3|       m_axi|                                  gmem3|       pointer|
|m_axi_gmem3_0_AWQOS             |  out|    4|       m_axi|                                  gmem3|       pointer|
|m_axi_gmem3_0_AWREGION          |  out|    4|       m_axi|                                  gmem3|       pointer|
|m_axi_gmem3_0_AWUSER            |  out|    1|       m_axi|                                  gmem3|       pointer|
|m_axi_gmem3_0_WVALID            |  out|    1|       m_axi|                                  gmem3|       pointer|
|m_axi_gmem3_0_WREADY            |   in|    1|       m_axi|                                  gmem3|       pointer|
|m_axi_gmem3_0_WDATA             |  out|   16|       m_axi|                                  gmem3|       pointer|
|m_axi_gmem3_0_WSTRB             |  out|    2|       m_axi|                                  gmem3|       pointer|
|m_axi_gmem3_0_WLAST             |  out|    1|       m_axi|                                  gmem3|       pointer|
|m_axi_gmem3_0_WID               |  out|    1|       m_axi|                                  gmem3|       pointer|
|m_axi_gmem3_0_WUSER             |  out|    1|       m_axi|                                  gmem3|       pointer|
|m_axi_gmem3_0_ARVALID           |  out|    1|       m_axi|                                  gmem3|       pointer|
|m_axi_gmem3_0_ARREADY           |   in|    1|       m_axi|                                  gmem3|       pointer|
|m_axi_gmem3_0_ARADDR            |  out|   64|       m_axi|                                  gmem3|       pointer|
|m_axi_gmem3_0_ARID              |  out|    1|       m_axi|                                  gmem3|       pointer|
|m_axi_gmem3_0_ARLEN             |  out|   32|       m_axi|                                  gmem3|       pointer|
|m_axi_gmem3_0_ARSIZE            |  out|    3|       m_axi|                                  gmem3|       pointer|
|m_axi_gmem3_0_ARBURST           |  out|    2|       m_axi|                                  gmem3|       pointer|
|m_axi_gmem3_0_ARLOCK            |  out|    2|       m_axi|                                  gmem3|       pointer|
|m_axi_gmem3_0_ARCACHE           |  out|    4|       m_axi|                                  gmem3|       pointer|
|m_axi_gmem3_0_ARPROT            |  out|    3|       m_axi|                                  gmem3|       pointer|
|m_axi_gmem3_0_ARQOS             |  out|    4|       m_axi|                                  gmem3|       pointer|
|m_axi_gmem3_0_ARREGION          |  out|    4|       m_axi|                                  gmem3|       pointer|
|m_axi_gmem3_0_ARUSER            |  out|    1|       m_axi|                                  gmem3|       pointer|
|m_axi_gmem3_0_RVALID            |   in|    1|       m_axi|                                  gmem3|       pointer|
|m_axi_gmem3_0_RREADY            |  out|    1|       m_axi|                                  gmem3|       pointer|
|m_axi_gmem3_0_RDATA             |   in|   16|       m_axi|                                  gmem3|       pointer|
|m_axi_gmem3_0_RLAST             |   in|    1|       m_axi|                                  gmem3|       pointer|
|m_axi_gmem3_0_RID               |   in|    1|       m_axi|                                  gmem3|       pointer|
|m_axi_gmem3_0_RFIFONUM          |   in|   10|       m_axi|                                  gmem3|       pointer|
|m_axi_gmem3_0_RUSER             |   in|    1|       m_axi|                                  gmem3|       pointer|
|m_axi_gmem3_0_RRESP             |   in|    2|       m_axi|                                  gmem3|       pointer|
|m_axi_gmem3_0_BVALID            |   in|    1|       m_axi|                                  gmem3|       pointer|
|m_axi_gmem3_0_BREADY            |  out|    1|       m_axi|                                  gmem3|       pointer|
|m_axi_gmem3_0_BRESP             |   in|    2|       m_axi|                                  gmem3|       pointer|
|m_axi_gmem3_0_BID               |   in|    1|       m_axi|                                  gmem3|       pointer|
|m_axi_gmem3_0_BUSER             |   in|    1|       m_axi|                                  gmem3|       pointer|
|stream_pool_out_dout            |   in|  512|     ap_fifo|                        stream_pool_out|       pointer|
|stream_pool_out_empty_n         |   in|    1|     ap_fifo|                        stream_pool_out|       pointer|
|stream_pool_out_read            |  out|    1|     ap_fifo|                        stream_pool_out|       pointer|
|stream_pool_out_num_data_valid  |   in|    3|     ap_fifo|                        stream_pool_out|       pointer|
|stream_pool_out_fifo_cap        |   in|    3|     ap_fifo|                        stream_pool_out|       pointer|
|sext_ln212                      |   in|   63|   ap_stable|                             sext_ln212|        scalar|
+--------------------------------+-----+-----+------------+---------------------------------------+--------------+

