

================================================================
== Vitis HLS Report for 'store_image'
================================================================
* Date:           Wed Jun 17 00:16:32 2026

* Version:        2025.2 (Build 6295257 on Nov 14 2025)
* Project:        yolo_backbone_2
* Solution:       hls (Vivado IP Flow Target)
* Product family: kintex7
* Target device:  xc7k325t-ffg900-2


================================================================
== Performance Estimates
================================================================
+ Timing: 
    * Summary: 
    +--------+----------+----------+------------+
    |  Clock |  Target  | Estimated| Uncertainty|
    +--------+----------+----------+------------+
    |ap_clk  |  10.00 ns|  7.300 ns|     2.70 ns|
    +--------+----------+----------+------------+

+ Latency: 
    * Summary: 
    +---------+---------+-----------+-----------+------+------+---------+
    |  Latency (cycles) |   Latency (absolute)  |   Interval  | Pipeline|
    |   min   |   max   |    min    |    max    |  min |  max |   Type  |
    +---------+---------+-----------+-----------+------+------+---------+
    |     1162|     1162|  11.620 us|  11.620 us|  1162|  1162|       no|
    +---------+---------+-----------+-----------+------+------+---------+

    + Detail: 
        * Instance: 
        +-------------------------------------------------+---------------------------------------+---------+---------+-----------+-----------+-----+-----+-------------------+
        |                                                 |                                       |  Latency (cycles) |   Latency (absolute)  |  Interval |      Pipeline     |
        |                     Instance                    |                 Module                |   min   |   max   |    min    |    max    | min | max |        Type       |
        +-------------------------------------------------+---------------------------------------+---------+---------+-----------+-----------+-----+-----+-------------------+
        |grp_store_image_Pipeline_VITIS_LOOP_212_1_fu_66  |store_image_Pipeline_VITIS_LOOP_212_1  |     1155|     1155|  11.550 us|  11.550 us|    0|    0|  loop pipeline stp|
        +-------------------------------------------------+---------------------------------------+---------+---------+-----------+-----------+-----+-----+-------------------+

        * Loop: 
        N/A



================================================================
== Utilization Estimates
================================================================
* Summary: 
+-----------------+---------+-----+--------+--------+-----+
|       Name      | BRAM_18K| DSP |   FF   |   LUT  | URAM|
+-----------------+---------+-----+--------+--------+-----+
|DSP              |        -|    -|       -|       -|    -|
|Expression       |        -|    -|       0|       2|    -|
|FIFO             |        -|    -|       -|       -|    -|
|Instance         |        -|    -|     554|     484|    -|
|Memory           |        -|    -|       -|       -|    -|
|Multiplexer      |        -|    -|       0|     206|    -|
|Register         |        -|    -|      73|       -|    -|
+-----------------+---------+-----+--------+--------+-----+
|Total            |        0|    0|     627|     692|    0|
+-----------------+---------+-----+--------+--------+-----+
|Available        |      890|  840|  407600|  203800|    0|
+-----------------+---------+-----+--------+--------+-----+
|Utilization (%)  |        0|    0|      ~0|      ~0|    0|
+-----------------+---------+-----+--------+--------+-----+

+ Detail: 
    * Instance: 
    +-------------------------------------------------+---------------------------------------+---------+----+-----+-----+-----+
    |                     Instance                    |                 Module                | BRAM_18K| DSP|  FF | LUT | URAM|
    +-------------------------------------------------+---------------------------------------+---------+----+-----+-----+-----+
    |grp_store_image_Pipeline_VITIS_LOOP_212_1_fu_66  |store_image_Pipeline_VITIS_LOOP_212_1  |        0|   0|  554|  484|    0|
    +-------------------------------------------------+---------------------------------------+---------+----+-----+-----+-----+
    |Total                                            |                                       |        0|   0|  554|  484|    0|
    +-------------------------------------------------+---------------------------------------+---------+----+-----+-----+-----+

    * DSP: 
    N/A

    * Memory: 
    N/A

    * FIFO: 
    N/A

    * Expression: 
    +-----------------+----------+----+---+----+------------+------------+
    |  Variable Name  | Operation| DSP| FF| LUT| Bitwidth P0| Bitwidth P1|
    +-----------------+----------+----+---+----+------------+------------+
    |ap_block_state1  |        or|   0|  0|   2|           1|           1|
    +-----------------+----------+----+---+----+------------+------------+
    |Total            |          |   0|  0|   2|           1|           1|
    +-----------------+----------+----+---+----+------------+------------+

    * Multiplexer: 
    +------------------------+----+-----------+-----+-----------+
    |          Name          | LUT| Input Size| Bits| Total Bits|
    +------------------------+----+-----------+-----+-----------+
    |ap_NS_fsm               |  37|          9|    1|          9|
    |ap_done                 |   9|          2|    1|          2|
    |gmem3_blk_n_AW          |   9|          2|    1|          2|
    |gmem3_blk_n_B           |   9|          2|    1|          2|
    |m_axi_gmem3_0_AWADDR    |  13|          3|   64|        192|
    |m_axi_gmem3_0_AWBURST   |   9|          2|    2|          4|
    |m_axi_gmem3_0_AWCACHE   |   9|          2|    4|          8|
    |m_axi_gmem3_0_AWID      |   9|          2|    1|          2|
    |m_axi_gmem3_0_AWLEN     |  13|          3|   32|         96|
    |m_axi_gmem3_0_AWLOCK    |   9|          2|    2|          4|
    |m_axi_gmem3_0_AWPROT    |   9|          2|    3|          6|
    |m_axi_gmem3_0_AWQOS     |   9|          2|    4|          8|
    |m_axi_gmem3_0_AWREGION  |   9|          2|    4|          8|
    |m_axi_gmem3_0_AWSIZE    |   9|          2|    3|          6|
    |m_axi_gmem3_0_AWUSER    |   9|          2|    1|          2|
    |m_axi_gmem3_0_AWVALID   |  13|          3|    1|          3|
    |m_axi_gmem3_0_BREADY    |  13|          3|    1|          3|
    |m_axi_gmem3_0_WVALID    |   9|          2|    1|          2|
    +------------------------+----+-----------+-----+-----------+
    |Total                   | 206|         47|  127|        359|
    +------------------------+----+-----------+-----+-----------+

    * Register: 
    +--------------------------------------------------------------+----+----+-----+-----------+
    |                             Name                             | FF | LUT| Bits| Const Bits|
    +--------------------------------------------------------------+----+----+-----+-----------+
    |ap_CS_fsm                                                     |   8|   0|    8|          0|
    |ap_done_reg                                                   |   1|   0|    1|          0|
    |grp_store_image_Pipeline_VITIS_LOOP_212_1_fu_66_ap_start_reg  |   1|   0|    1|          0|
    |trunc_ln_reg_96                                               |  63|   0|   63|          0|
    +--------------------------------------------------------------+----+----+-----+-----------+
    |Total                                                         |  73|   0|   73|          0|
    +--------------------------------------------------------------+----+----+-----+-----------+



================================================================
== Interface
================================================================
* Summary: 
+--------------------------------+-----+-----+------------+-----------------+--------------+
|            RTL Ports           | Dir | Bits|  Protocol  |  Source Object  |    C Type    |
+--------------------------------+-----+-----+------------+-----------------+--------------+
|ap_clk                          |   in|    1|  ap_ctrl_hs|      store_image|  return value|
|ap_rst                          |   in|    1|  ap_ctrl_hs|      store_image|  return value|
|ap_start                        |   in|    1|  ap_ctrl_hs|      store_image|  return value|
|ap_done                         |  out|    1|  ap_ctrl_hs|      store_image|  return value|
|ap_continue                     |   in|    1|  ap_ctrl_hs|      store_image|  return value|
|ap_idle                         |  out|    1|  ap_ctrl_hs|      store_image|  return value|
|ap_ready                        |  out|    1|  ap_ctrl_hs|      store_image|  return value|
|stream_pool_out_dout            |   in|  512|     ap_fifo|  stream_pool_out|       pointer|
|stream_pool_out_empty_n         |   in|    1|     ap_fifo|  stream_pool_out|       pointer|
|stream_pool_out_read            |  out|    1|     ap_fifo|  stream_pool_out|       pointer|
|stream_pool_out_num_data_valid  |   in|    3|     ap_fifo|  stream_pool_out|       pointer|
|stream_pool_out_fifo_cap        |   in|    3|     ap_fifo|  stream_pool_out|       pointer|
|m_axi_gmem3_0_AWVALID           |  out|    1|       m_axi|            gmem3|       pointer|
|m_axi_gmem3_0_AWREADY           |   in|    1|       m_axi|            gmem3|       pointer|
|m_axi_gmem3_0_AWADDR            |  out|   64|       m_axi|            gmem3|       pointer|
|m_axi_gmem3_0_AWID              |  out|    1|       m_axi|            gmem3|       pointer|
|m_axi_gmem3_0_AWLEN             |  out|   32|       m_axi|            gmem3|       pointer|
|m_axi_gmem3_0_AWSIZE            |  out|    3|       m_axi|            gmem3|       pointer|
|m_axi_gmem3_0_AWBURST           |  out|    2|       m_axi|            gmem3|       pointer|
|m_axi_gmem3_0_AWLOCK            |  out|    2|       m_axi|            gmem3|       pointer|
|m_axi_gmem3_0_AWCACHE           |  out|    4|       m_axi|            gmem3|       pointer|
|m_axi_gmem3_0_AWPROT            |  out|    3|       m_axi|            gmem3|       pointer|
|m_axi_gmem3_0_AWQOS             |  out|    4|       m_axi|            gmem3|       pointer|
|m_axi_gmem3_0_AWREGION          |  out|    4|       m_axi|            gmem3|       pointer|
|m_axi_gmem3_0_AWUSER            |  out|    1|       m_axi|            gmem3|       pointer|
|m_axi_gmem3_0_WVALID            |  out|    1|       m_axi|            gmem3|       pointer|
|m_axi_gmem3_0_WREADY            |   in|    1|       m_axi|            gmem3|       pointer|
|m_axi_gmem3_0_WDATA             |  out|   16|       m_axi|            gmem3|       pointer|
|m_axi_gmem3_0_WSTRB             |  out|    2|       m_axi|            gmem3|       pointer|
|m_axi_gmem3_0_WLAST             |  out|    1|       m_axi|            gmem3|       pointer|
|m_axi_gmem3_0_WID               |  out|    1|       m_axi|            gmem3|       pointer|
|m_axi_gmem3_0_WUSER             |  out|    1|       m_axi|            gmem3|       pointer|
|m_axi_gmem3_0_ARVALID           |  out|    1|       m_axi|            gmem3|       pointer|
|m_axi_gmem3_0_ARREADY           |   in|    1|       m_axi|            gmem3|       pointer|
|m_axi_gmem3_0_ARADDR            |  out|   64|       m_axi|            gmem3|       pointer|
|m_axi_gmem3_0_ARID              |  out|    1|       m_axi|            gmem3|       pointer|
|m_axi_gmem3_0_ARLEN             |  out|   32|       m_axi|            gmem3|       pointer|
|m_axi_gmem3_0_ARSIZE            |  out|    3|       m_axi|            gmem3|       pointer|
|m_axi_gmem3_0_ARBURST           |  out|    2|       m_axi|            gmem3|       pointer|
|m_axi_gmem3_0_ARLOCK            |  out|    2|       m_axi|            gmem3|       pointer|
|m_axi_gmem3_0_ARCACHE           |  out|    4|       m_axi|            gmem3|       pointer|
|m_axi_gmem3_0_ARPROT            |  out|    3|       m_axi|            gmem3|       pointer|
|m_axi_gmem3_0_ARQOS             |  out|    4|       m_axi|            gmem3|       pointer|
|m_axi_gmem3_0_ARREGION          |  out|    4|       m_axi|            gmem3|       pointer|
|m_axi_gmem3_0_ARUSER            |  out|    1|       m_axi|            gmem3|       pointer|
|m_axi_gmem3_0_RVALID            |   in|    1|       m_axi|            gmem3|       pointer|
|m_axi_gmem3_0_RREADY            |  out|    1|       m_axi|            gmem3|       pointer|
|m_axi_gmem3_0_RDATA             |   in|   16|       m_axi|            gmem3|       pointer|
|m_axi_gmem3_0_RLAST             |   in|    1|       m_axi|            gmem3|       pointer|
|m_axi_gmem3_0_RID               |   in|    1|       m_axi|            gmem3|       pointer|
|m_axi_gmem3_0_RFIFONUM          |   in|   10|       m_axi|            gmem3|       pointer|
|m_axi_gmem3_0_RUSER             |   in|    1|       m_axi|            gmem3|       pointer|
|m_axi_gmem3_0_RRESP             |   in|    2|       m_axi|            gmem3|       pointer|
|m_axi_gmem3_0_BVALID            |   in|    1|       m_axi|            gmem3|       pointer|
|m_axi_gmem3_0_BREADY            |  out|    1|       m_axi|            gmem3|       pointer|
|m_axi_gmem3_0_BRESP             |   in|    2|       m_axi|            gmem3|       pointer|
|m_axi_gmem3_0_BID               |   in|    1|       m_axi|            gmem3|       pointer|
|m_axi_gmem3_0_BUSER             |   in|    1|       m_axi|            gmem3|       pointer|
|image_out                       |   in|   64|   ap_stable|        image_out|        scalar|
+--------------------------------+-----+-----+------------+-----------------+--------------+

