
*** Running vivado
    with args -log design_1_clk_wiz_0.vds -m64 -product Vivado -mode batch -messageDb vivado.pb -notrace -source design_1_clk_wiz_0.tcl


****** Vivado v2025.2 (64-bit)
  **** SW Build 6299465 on Fri Nov 14 12:34:56 MST 2025
  **** IP Build 6300035 on Fri Nov 14 10:48:45 MST 2025
  **** SharedData Build 6298862 on Thu Nov 13 04:50:51 MST 2025
  **** Start of session at: Thu Jun 18 14:15:32 2026
    ** Copyright 1986-2022 Xilinx, Inc. All Rights Reserved.
    ** Copyright 2022-2025 Advanced Micro Devices, Inc. All Rights Reserved.

source design_1_clk_wiz_0.tcl -notrace
create_project: Time (s): cpu = 00:00:16 ; elapsed = 00:00:11 . Memory (MB): peak = 1823.145 ; gain = 64.055 ; free physical = 1008 ; free virtual = 4963
INFO: [IP_Flow 19-234] Refreshing IP repositories
INFO: [IP_Flow 19-1700] Loaded user IP repository '/home/dlohchab/projects/Verilog/DVCON/task_detection_tpu/yolo_npu/yolo_npu/hls/impl/ip'.
INFO: [IP_Flow 19-2313] Loaded Vivado IP repository '/home/dlohchab/Xilinx/2025.2/data/ip'.
Command: synth_design -top design_1_clk_wiz_0 -part xc7k325tffg900-2 -incremental_mode off -mode out_of_context
Starting synth_design
Attempting to get a license for feature 'Synthesis' and/or device 'xc7k325t'
INFO: [Common 17-349] Got license for feature 'Synthesis' and/or device 'xc7k325t'
INFO: [Common 17-86] Your Synthesis license expires in 5 day(s)
INFO: [Device 21-403] Loading part xc7k325tffg900-2
INFO: [Synth 8-7079] Multithreading enabled for synth_design using a maximum of 7 processes.
INFO: [Synth 8-7078] Launching helper process for spawning children vivado processes
INFO: [Synth 8-7075] Helper process launched with PID 8423
---------------------------------------------------------------------------------
Starting RTL Elaboration : Time (s): cpu = 00:00:09 ; elapsed = 00:00:11 . Memory (MB): peak = 2460.426 ; gain = 480.875 ; free physical = 115 ; free virtual = 4124
---------------------------------------------------------------------------------
INFO: [Synth 8-6157] synthesizing module 'design_1_clk_wiz_0' [/home/dlohchab/projects/Verilog/DVCON/DVCON_rtl/DVCON_rtl.gen/sources_1/bd/design_1/ip/design_1_clk_wiz_0/design_1_clk_wiz_0.v:65]
INFO: [Synth 8-6157] synthesizing module 'design_1_clk_wiz_0_clk_wiz' [/home/dlohchab/projects/Verilog/DVCON/DVCON_rtl/DVCON_rtl.gen/sources_1/bd/design_1/ip/design_1_clk_wiz_0/design_1_clk_wiz_0_clk_wiz.v:65]
INFO: [Synth 8-6157] synthesizing module 'IBUF' [/home/dlohchab/Xilinx/2025.2/Vivado/scripts/rt/data/unisim_comp.v:82804]
INFO: [Synth 8-6155] done synthesizing module 'IBUF' (0#1) [/home/dlohchab/Xilinx/2025.2/Vivado/scripts/rt/data/unisim_comp.v:82804]
INFO: [Synth 8-6157] synthesizing module 'MMCME2_ADV' [/home/dlohchab/Xilinx/2025.2/Vivado/scripts/rt/data/unisim_comp.v:95844]
	Parameter BANDWIDTH bound to: OPTIMIZED - type: string 
	Parameter CLKFBOUT_MULT_F bound to: 1.000000e+01 - type: double 
	Parameter CLKFBOUT_PHASE bound to: 0.000000e+00 - type: double 
	Parameter CLKFBOUT_USE_FINE_PS bound to: FALSE - type: string 
	Parameter CLKIN1_PERIOD bound to: 1.000000e+01 - type: double 
	Parameter CLKOUT0_DIVIDE_F bound to: 1.000000e+01 - type: double 
	Parameter CLKOUT0_DUTY_CYCLE bound to: 5.000000e-01 - type: double 
	Parameter CLKOUT0_PHASE bound to: 0.000000e+00 - type: double 
	Parameter CLKOUT0_USE_FINE_PS bound to: FALSE - type: string 
	Parameter CLKOUT4_CASCADE bound to: FALSE - type: string 
	Parameter COMPENSATION bound to: ZHOLD - type: string 
	Parameter DIVCLK_DIVIDE bound to: 1 - type: integer 
	Parameter STARTUP_WAIT bound to: FALSE - type: string 
INFO: [Synth 8-6155] done synthesizing module 'MMCME2_ADV' (0#1) [/home/dlohchab/Xilinx/2025.2/Vivado/scripts/rt/data/unisim_comp.v:95844]
INFO: [Synth 8-6157] synthesizing module 'BUFG' [/home/dlohchab/Xilinx/2025.2/Vivado/scripts/rt/data/unisim_comp.v:2678]
INFO: [Synth 8-6155] done synthesizing module 'BUFG' (0#1) [/home/dlohchab/Xilinx/2025.2/Vivado/scripts/rt/data/unisim_comp.v:2678]
INFO: [Synth 8-6155] done synthesizing module 'design_1_clk_wiz_0_clk_wiz' (0#1) [/home/dlohchab/projects/Verilog/DVCON/DVCON_rtl/DVCON_rtl.gen/sources_1/bd/design_1/ip/design_1_clk_wiz_0/design_1_clk_wiz_0_clk_wiz.v:65]
INFO: [Synth 8-6155] done synthesizing module 'design_1_clk_wiz_0' (0#1) [/home/dlohchab/projects/Verilog/DVCON/DVCON_rtl/DVCON_rtl.gen/sources_1/bd/design_1/ip/design_1_clk_wiz_0/design_1_clk_wiz_0.v:65]
---------------------------------------------------------------------------------
Finished RTL Elaboration : Time (s): cpu = 00:00:12 ; elapsed = 00:00:15 . Memory (MB): peak = 2550.395 ; gain = 570.844 ; free physical = 125 ; free virtual = 4041
---------------------------------------------------------------------------------
---------------------------------------------------------------------------------
Start Handling Custom Attributes
---------------------------------------------------------------------------------
---------------------------------------------------------------------------------
Finished Handling Custom Attributes : Time (s): cpu = 00:00:12 ; elapsed = 00:00:15 . Memory (MB): peak = 2562.270 ; gain = 582.719 ; free physical = 117 ; free virtual = 4033
---------------------------------------------------------------------------------
---------------------------------------------------------------------------------
Finished RTL Optimization Phase 1 : Time (s): cpu = 00:00:12 ; elapsed = 00:00:15 . Memory (MB): peak = 2562.270 ; gain = 582.719 ; free physical = 117 ; free virtual = 4033
---------------------------------------------------------------------------------
Netlist sorting complete. Time (s): cpu = 00:00:00 ; elapsed = 00:00:00 . Memory (MB): peak = 2565.238 ; gain = 0.000 ; free physical = 115 ; free virtual = 4031
INFO: [Netlist 29-17] Analyzing 1 Unisim elements for replacement
INFO: [Netlist 29-28] Unisim Transformation completed in 0 CPU seconds
INFO: [Project 1-570] Preparing netlist for logic optimization

Processing XDC Constraints
Initializing timing engine
Parsing XDC File [/home/dlohchab/projects/Verilog/DVCON/DVCON_rtl/DVCON_rtl.gen/sources_1/bd/design_1/ip/design_1_clk_wiz_0/design_1_clk_wiz_0_ooc.xdc] for cell 'inst'
Finished Parsing XDC File [/home/dlohchab/projects/Verilog/DVCON/DVCON_rtl/DVCON_rtl.gen/sources_1/bd/design_1/ip/design_1_clk_wiz_0/design_1_clk_wiz_0_ooc.xdc] for cell 'inst'
Parsing XDC File [/home/dlohchab/projects/Verilog/DVCON/DVCON_rtl/DVCON_rtl.gen/sources_1/bd/design_1/ip/design_1_clk_wiz_0/design_1_clk_wiz_0_board.xdc] for cell 'inst'
Finished Parsing XDC File [/home/dlohchab/projects/Verilog/DVCON/DVCON_rtl/DVCON_rtl.gen/sources_1/bd/design_1/ip/design_1_clk_wiz_0/design_1_clk_wiz_0_board.xdc] for cell 'inst'
Parsing XDC File [/home/dlohchab/projects/Verilog/DVCON/DVCON_rtl/DVCON_rtl.gen/sources_1/bd/design_1/ip/design_1_clk_wiz_0/design_1_clk_wiz_0.xdc] for cell 'inst'
Finished Parsing XDC File [/home/dlohchab/projects/Verilog/DVCON/DVCON_rtl/DVCON_rtl.gen/sources_1/bd/design_1/ip/design_1_clk_wiz_0/design_1_clk_wiz_0.xdc] for cell 'inst'
INFO: [Project 1-236] Implementation specific constraints were found while reading constraint file [/home/dlohchab/projects/Verilog/DVCON/DVCON_rtl/DVCON_rtl.gen/sources_1/bd/design_1/ip/design_1_clk_wiz_0/design_1_clk_wiz_0.xdc]. These constraints will be ignored for synthesis but will be used in implementation. Impacted constraints are listed in the file [.Xil/design_1_clk_wiz_0_propImpl.xdc].
Resolution: To avoid this warning, move constraints listed in [.Xil/design_1_clk_wiz_0_propImpl.xdc] to another XDC file and exclude this new file from synthesis with the used_in_synthesis property (File Properties dialog in GUI) and re-run elaboration/synthesis.
INFO: [Timing 38-2] Deriving generated clocks
Parsing XDC File [/home/dlohchab/projects/Verilog/DVCON/DVCON_rtl/DVCON_rtl.runs/design_1_clk_wiz_0_synth_1/dont_touch.xdc]
Finished Parsing XDC File [/home/dlohchab/projects/Verilog/DVCON/DVCON_rtl/DVCON_rtl.runs/design_1_clk_wiz_0_synth_1/dont_touch.xdc]
Completed Processing XDC Constraints

Netlist sorting complete. Time (s): cpu = 00:00:00 ; elapsed = 00:00:00 . Memory (MB): peak = 2619.199 ; gain = 0.000 ; free physical = 122 ; free virtual = 4023
INFO: [Project 1-111] Unisim Transformation Summary:
No Unisim elements were transformed.

Constraint Validation Runtime : Time (s): cpu = 00:00:00.02 ; elapsed = 00:00:00.02 . Memory (MB): peak = 2619.234 ; gain = 0.000 ; free physical = 122 ; free virtual = 4022
INFO: [Designutils 20-5008] Incremental synthesis strategy off
---------------------------------------------------------------------------------
Finished Constraint Validation : Time (s): cpu = 00:00:27 ; elapsed = 00:00:32 . Memory (MB): peak = 2619.234 ; gain = 639.684 ; free physical = 179 ; free virtual = 4045
---------------------------------------------------------------------------------
---------------------------------------------------------------------------------
Start Loading Part and Timing Information
---------------------------------------------------------------------------------
Loading part: xc7k325tffg900-2
---------------------------------------------------------------------------------
Finished Loading Part and Timing Information : Time (s): cpu = 00:00:27 ; elapsed = 00:00:32 . Memory (MB): peak = 2627.203 ; gain = 647.652 ; free physical = 178 ; free virtual = 4045
---------------------------------------------------------------------------------
---------------------------------------------------------------------------------
Start Applying 'set_property' XDC Constraints
---------------------------------------------------------------------------------
---------------------------------------------------------------------------------
Finished applying 'set_property' XDC Constraints : Time (s): cpu = 00:00:27 ; elapsed = 00:00:32 . Memory (MB): peak = 2627.203 ; gain = 647.652 ; free physical = 178 ; free virtual = 4045
---------------------------------------------------------------------------------
---------------------------------------------------------------------------------
Finished RTL Optimization Phase 2 : Time (s): cpu = 00:00:27 ; elapsed = 00:00:32 . Memory (MB): peak = 2627.203 ; gain = 647.652 ; free physical = 175 ; free virtual = 4043
---------------------------------------------------------------------------------
---------------------------------------------------------------------------------
Start RTL Component Statistics 
---------------------------------------------------------------------------------
Detailed RTL Component Info : 
---------------------------------------------------------------------------------
Finished RTL Component Statistics 
---------------------------------------------------------------------------------
---------------------------------------------------------------------------------
Start Part Resource Summary
---------------------------------------------------------------------------------
Part Resources:
DSPs: 840 (col length:140)
BRAMs: 890 (col length: RAMB18 140 RAMB36 70)
---------------------------------------------------------------------------------
Finished Part Resource Summary
---------------------------------------------------------------------------------
---------------------------------------------------------------------------------
Start Cross Boundary and Area Optimization
---------------------------------------------------------------------------------
---------------------------------------------------------------------------------
Finished Cross Boundary and Area Optimization : Time (s): cpu = 00:00:30 ; elapsed = 00:00:35 . Memory (MB): peak = 2627.203 ; gain = 647.652 ; free physical = 174 ; free virtual = 4038
---------------------------------------------------------------------------------
---------------------------------------------------------------------------------
Start Applying XDC Timing Constraints
---------------------------------------------------------------------------------
---------------------------------------------------------------------------------
Finished Applying XDC Timing Constraints : Time (s): cpu = 00:00:39 ; elapsed = 00:00:47 . Memory (MB): peak = 2717.203 ; gain = 737.652 ; free physical = 125 ; free virtual = 4074
---------------------------------------------------------------------------------
---------------------------------------------------------------------------------
Start Timing Optimization
---------------------------------------------------------------------------------
---------------------------------------------------------------------------------
Finished Timing Optimization : Time (s): cpu = 00:00:39 ; elapsed = 00:00:47 . Memory (MB): peak = 2717.203 ; gain = 737.652 ; free physical = 124 ; free virtual = 4074
---------------------------------------------------------------------------------
---------------------------------------------------------------------------------
Start Technology Mapping
---------------------------------------------------------------------------------
---------------------------------------------------------------------------------
Finished Technology Mapping : Time (s): cpu = 00:00:39 ; elapsed = 00:00:47 . Memory (MB): peak = 2726.219 ; gain = 746.668 ; free physical = 116 ; free virtual = 4066
---------------------------------------------------------------------------------
---------------------------------------------------------------------------------
Start IO Insertion
---------------------------------------------------------------------------------
---------------------------------------------------------------------------------
Start Flattening Before IO Insertion
---------------------------------------------------------------------------------
---------------------------------------------------------------------------------
Finished Flattening Before IO Insertion
---------------------------------------------------------------------------------
---------------------------------------------------------------------------------
Start Final Netlist Cleanup
---------------------------------------------------------------------------------
---------------------------------------------------------------------------------
Finished Final Netlist Cleanup
---------------------------------------------------------------------------------
---------------------------------------------------------------------------------
Finished IO Insertion : Time (s): cpu = 00:00:47 ; elapsed = 00:00:55 . Memory (MB): peak = 2913.031 ; gain = 933.480 ; free physical = 133 ; free virtual = 3906
---------------------------------------------------------------------------------
---------------------------------------------------------------------------------
Start Renaming Generated Instances
---------------------------------------------------------------------------------
---------------------------------------------------------------------------------
Finished Renaming Generated Instances : Time (s): cpu = 00:00:47 ; elapsed = 00:00:55 . Memory (MB): peak = 2913.031 ; gain = 933.480 ; free physical = 133 ; free virtual = 3906
---------------------------------------------------------------------------------
---------------------------------------------------------------------------------
Start Rebuilding User Hierarchy
---------------------------------------------------------------------------------
---------------------------------------------------------------------------------
Finished Rebuilding User Hierarchy : Time (s): cpu = 00:00:47 ; elapsed = 00:00:55 . Memory (MB): peak = 2913.031 ; gain = 933.480 ; free physical = 133 ; free virtual = 3906
---------------------------------------------------------------------------------
---------------------------------------------------------------------------------
Start Renaming Generated Ports
---------------------------------------------------------------------------------
---------------------------------------------------------------------------------
Finished Renaming Generated Ports : Time (s): cpu = 00:00:47 ; elapsed = 00:00:55 . Memory (MB): peak = 2913.031 ; gain = 933.480 ; free physical = 133 ; free virtual = 3906
---------------------------------------------------------------------------------
---------------------------------------------------------------------------------
Start Handling Custom Attributes
---------------------------------------------------------------------------------
---------------------------------------------------------------------------------
Finished Handling Custom Attributes : Time (s): cpu = 00:00:47 ; elapsed = 00:00:55 . Memory (MB): peak = 2913.031 ; gain = 933.480 ; free physical = 133 ; free virtual = 3906
---------------------------------------------------------------------------------
---------------------------------------------------------------------------------
Start Renaming Generated Nets
---------------------------------------------------------------------------------
---------------------------------------------------------------------------------
Finished Renaming Generated Nets : Time (s): cpu = 00:00:47 ; elapsed = 00:00:55 . Memory (MB): peak = 2913.031 ; gain = 933.480 ; free physical = 133 ; free virtual = 3906
---------------------------------------------------------------------------------
---------------------------------------------------------------------------------
Start Writing Synthesis Report
---------------------------------------------------------------------------------

Report BlackBoxes: 
+-+--------------+----------+
| |BlackBox name |Instances |
+-+--------------+----------+
+-+--------------+----------+

Report Cell Usage: 
+------+-----------+------+
|      |Cell       |Count |
+------+-----------+------+
|1     |BUFG       |     2|
|2     |MMCME2_ADV |     1|
|3     |IBUF       |     1|
+------+-----------+------+
---------------------------------------------------------------------------------
Finished Writing Synthesis Report : Time (s): cpu = 00:00:47 ; elapsed = 00:00:55 . Memory (MB): peak = 2913.031 ; gain = 933.480 ; free physical = 133 ; free virtual = 3906
---------------------------------------------------------------------------------
Synthesis finished with 0 errors, 0 critical warnings and 0 warnings.
Synthesis Optimization Runtime : Time (s): cpu = 00:00:43 ; elapsed = 00:00:50 . Memory (MB): peak = 2913.031 ; gain = 876.516 ; free physical = 133 ; free virtual = 3906
Synthesis Optimization Complete : Time (s): cpu = 00:00:48 ; elapsed = 00:00:56 . Memory (MB): peak = 2913.039 ; gain = 933.480 ; free physical = 133 ; free virtual = 3906
INFO: [Project 1-571] Translating synthesized netlist
Netlist sorting complete. Time (s): cpu = 00:00:00 ; elapsed = 00:00:00 . Memory (MB): peak = 2913.039 ; gain = 0.000 ; free physical = 133 ; free virtual = 3907
INFO: [Netlist 29-17] Analyzing 1 Unisim elements for replacement
INFO: [Netlist 29-28] Unisim Transformation completed in 0 CPU seconds
INFO: [Project 1-570] Preparing netlist for logic optimization
INFO: [Opt 31-138] Pushed 0 inverter(s) to 0 load pin(s).
Netlist sorting complete. Time (s): cpu = 00:00:00 ; elapsed = 00:00:00 . Memory (MB): peak = 2913.039 ; gain = 0.000 ; free physical = 270 ; free virtual = 4053
INFO: [Project 1-111] Unisim Transformation Summary:
No Unisim elements were transformed.

Synth Design complete | Checksum: 2d4012ca
INFO: [Common 17-83] Releasing license: Synthesis
33 Infos, 0 Warnings, 0 Critical Warnings and 0 Errors encountered.
synth_design completed successfully
synth_design: Time (s): cpu = 00:01:02 ; elapsed = 00:01:09 . Memory (MB): peak = 2913.066 ; gain = 1089.922 ; free physical = 269 ; free virtual = 4052
INFO: [Common 17-2834] synth_design peak Physical Memory [PSS] (MB): overall = 2131.879; main = 2044.105; forked = 330.372
INFO: [Common 17-2834] synth_design peak Virtual Memory [VSS] (MB): overall = 4432.129; main = 2913.035; forked = 1633.906
Write ShapeDB Complete: Time (s): cpu = 00:00:00 ; elapsed = 00:00:00 . Memory (MB): peak = 2937.043 ; gain = 0.000 ; free physical = 269 ; free virtual = 4052
INFO: [Common 17-1381] The checkpoint '/home/dlohchab/projects/Verilog/DVCON/DVCON_rtl/DVCON_rtl.runs/design_1_clk_wiz_0_synth_1/design_1_clk_wiz_0.dcp' has been generated.
INFO: [Coretcl 2-1648] Added synthesis output to IP cache for IP design_1_clk_wiz_0, cache-ID = 1b2155dff434fb00
Write ShapeDB Complete: Time (s): cpu = 00:00:00.01 ; elapsed = 00:00:00.01 . Memory (MB): peak = 2937.043 ; gain = 0.000 ; free physical = 262 ; free virtual = 4047
INFO: [Common 17-1381] The checkpoint '/home/dlohchab/projects/Verilog/DVCON/DVCON_rtl/DVCON_rtl.runs/design_1_clk_wiz_0_synth_1/design_1_clk_wiz_0.dcp' has been generated.
INFO: [Vivado 12-24828] Executing command : report_utilization -file design_1_clk_wiz_0_utilization_synth.rpt -pb design_1_clk_wiz_0_utilization_synth.pb
INFO: [Common 17-206] Exiting Vivado at Thu Jun 18 14:17:01 2026...
