

================================================================
== Synthesis Summary Report of 'task_detection_accel'
================================================================
+ General Information: 
    * Date:           Sun Jun 14 16:33:31 2026
    * Version:        2025.2 (Build 6295257 on Nov 14 2025)
    * Project:        task_detection_tpu
    * Solution:       hls (Vivado IP Flow Target)
    * Product family: kintex7
    * Target device:  xc7k325t-ffg900-2
    

* Performance & Resource Estimates: 
+--------------------------------------------------------------------+--------+---------------+----------+---------+-------+----------+---------+-----------+--------+-----------+---------+------------+-----------+-----+
|                               Modules                              |  Issue |               | Iteration|         |  Trip |          |       Latency       |        |           |         |            |           |     |
|                               & Loops                              |  Type  | Violation Type|  Latency | Interval| Count | Pipelined| (cycles)|    (ns)   |  Slack |   BRAM    |   DSP   |     FF     |    LUT    | URAM|
+--------------------------------------------------------------------+--------+---------------+----------+---------+-------+----------+---------+-----------+--------+-----------+---------+------------+-----------+-----+
|+ task_detection_accel                                              |  Timing|              -|         -|   174452|      -|        no|   174451|  9.342e+06|  -46.25|  218 (24%)|  11 (1%)|  3512 (~0%)|  5318 (2%)|    -|
| + task_detection_accel_Pipeline_VITIS_LOOP_29_1                    |       -|              -|         -|        -|      -|       yes|      183|  1.830e+03|    0.00|          -|        -|    62 (~0%)|   79 (~0%)|    -|
|  o VITIS_LOOP_29_1                                                 |       -|              -|         3|        1|    180|       yes|      181|  1.810e+03|    7.30|          -|        -|           -|          -|    -|
| + task_detection_accel_Pipeline_VITIS_LOOP_19_1_VITIS_LOOP_23_2    |       -|              -|         -|        -|      -|       yes|    46082|  4.608e+05|    1.66|          -|        -|    53 (~0%)|  252 (~0%)|    -|
|  o VITIS_LOOP_19_1_VITIS_LOOP_23_2                                 |       -|              -|         2|        1|  46080|       yes|    46080|  4.608e+05|    7.30|          -|        -|           -|          -|    -|
| + task_detection_accel_Pipeline_VITIS_LOOP_32_3_VITIS_LOOP_38_4    |  Timing|              -|         -|        -|      -|       yes|    46086|  2.468e+06|  -46.25|          -|  2 (~0%)|   361 (~0%)|  566 (~0%)|    -|
|  o VITIS_LOOP_32_3_VITIS_LOOP_38_4                                 |       -|              -|         6|        1|  46080|       yes|    46084|  2.468e+06|    7.30|          -|        -|           -|          -|    -|
| + task_detection_accel_Pipeline_VITIS_LOOP_64_1_VITIS_LOOP_68_2    |       -|              -|         -|        -|      -|       yes|    32770|  3.277e+05|    1.95|          -|        -|    36 (~0%)|  197 (~0%)|    -|
|  o VITIS_LOOP_64_1_VITIS_LOOP_68_2                                 |       -|              -|         1|        1|  32768|       yes|    32768|  3.277e+05|    7.30|          -|        -|           -|          -|    -|
| + task_detection_accel_Pipeline_VITIS_LOOP_77_3_VITIS_LOOP_83_4    |  Timing|              -|         -|        -|      -|       yes|    32774|  1.755e+06|  -46.25|          -|  2 (~0%)|   358 (~0%)|  522 (~0%)|    -|
|  o VITIS_LOOP_77_3_VITIS_LOOP_83_4                                 |       -|              -|         6|        1|  32768|       yes|    32772|  1.755e+06|    7.30|          -|        -|           -|          -|    -|
| + task_detection_accel_Pipeline_VITIS_LOOP_109_1_VITIS_LOOP_113_2  |       -|              -|         -|        -|      -|       yes|     8194|  8.194e+04|    0.98|          -|        -|    31 (~0%)|  201 (~0%)|    -|
|  o VITIS_LOOP_109_1_VITIS_LOOP_113_2                               |       -|              -|         1|        1|   8192|       yes|     8192|  8.192e+04|    7.30|          -|        -|           -|          -|    -|
| + task_detection_accel_Pipeline_VITIS_LOOP_122_3_VITIS_LOOP_128_4  |  Timing|              -|         -|        -|      -|       yes|     8198|  4.390e+05|  -46.25|          -|  2 (~0%)|   350 (~0%)|  527 (~0%)|    -|
|  o VITIS_LOOP_122_3_VITIS_LOOP_128_4                               |       -|              -|         6|        1|   8192|       yes|     8196|  4.389e+05|    7.30|          -|        -|           -|          -|    -|
| + task_detection_accel_Pipeline_VITIS_LOOP_156_1                   |       -|              -|         -|        -|      -|       yes|       66|    660.000|    2.93|          -|        -|     9 (~0%)|   56 (~0%)|    -|
|  o VITIS_LOOP_156_1                                                |       -|              -|         1|        1|     64|       yes|       64|    640.000|    7.30|          -|        -|           -|          -|    -|
| + task_detection_accel_Pipeline_VITIS_LOOP_166_2                   |  Timing|              -|         -|        -|      -|       yes|       70|  1.830e+03|  -18.84|          -|  2 (~0%)|   324 (~0%)|  311 (~0%)|    -|
|  o VITIS_LOOP_166_2                                                |       -|              -|         6|        1|     64|       yes|       68|  1.777e+03|    7.30|          -|        -|           -|          -|    -|
+--------------------------------------------------------------------+--------+---------------+----------+---------+-------+----------+---------+-----------+--------+-----------+---------+------------+-----------+-----+
    Name Prefix: '+' for module, 'o' for loop, '*' for dataflow


================================================================
== HW Interfaces
================================================================
* M_AXI
+-------------+------------+------------+---------------+---------+--------+----------+-----------+--------------+--------------+-------------+-------------+-------------------+
| Interface   | Read/Write | Data Width | Address Width | Latency | Offset | Register | Max Widen | Max Read     | Max Write    | Num Read    | Num Write   | Resource Estimate |
|             |            | (SW->HW)   |               |         |        |          | Bitwidth  | Burst Length | Burst Length | Outstanding | Outstanding |                   |
+-------------+------------+------------+---------------+---------+--------+----------+-----------+--------------+--------------+-------------+-------------+-------------------+
| m_axi_gmem0 | READ_ONLY  | 32 -> 32   | 64            | 0       | slave  | 0        | 0         | 16           | 16           | 16          | 16          | BRAM=2            |
| m_axi_gmem1 | WRITE_ONLY | 32 -> 32   | 64            | 0       | slave  | 0        | 0         | 16           | 16           | 16          | 16          |                   |
+-------------+------------+------------+---------------+---------+--------+----------+-----------+--------------+--------------+-------------+-------------+-------------------+

* S_AXILITE Interfaces
+-----------------+------------+---------------+--------+----------+
| Interface       | Data Width | Address Width | Offset | Register |
+-----------------+------------+---------------+--------+----------+
| s_axi_control   | 32         | 5             | 16     | 0        |
| s_axi_control_r | 32         | 6             | 16     | 0        |
+-----------------+------------+---------------+--------+----------+

* S_AXILITE Registers
+-----------------+------------+--------+-------+--------+----------------------------------+----------------------------------------------------------------------+
| Interface       | Register   | Offset | Width | Access | Description                      | Bit Fields                                                           |
+-----------------+------------+--------+-------+--------+----------------------------------+----------------------------------------------------------------------+
| s_axi_control   | CTRL       | 0x00   | 32    | RW     | Control signals                  | 0=AP_START 1=AP_DONE 2=AP_IDLE 3=AP_READY 7=AUTO_RESTART 9=INTERRUPT |
| s_axi_control   | GIER       | 0x04   | 32    | RW     | Global Interrupt Enable Register | 0=Enable                                                             |
| s_axi_control   | IP_IER     | 0x08   | 32    | RW     | IP Interrupt Enable Register     | 0=CHAN0_INT_EN 1=CHAN1_INT_EN                                        |
| s_axi_control   | IP_ISR     | 0x0c   | 32    | RW     | IP Interrupt Status Register     | 0=CHAN0_INT_ST 1=CHAN1_INT_ST                                        |
| s_axi_control   | task_id    | 0x10   | 32    | W      | Data signal of task_id           |                                                                      |
| s_axi_control   | top_k      | 0x18   | 32    | W      | Data signal of top_k             |                                                                      |
| s_axi_control_r | input_r_1  | 0x10   | 32    | W      | Data signal of input_r           |                                                                      |
| s_axi_control_r | input_r_2  | 0x14   | 32    | W      | Data signal of input_r           |                                                                      |
| s_axi_control_r | output_r_1 | 0x1c   | 32    | W      | Data signal of output_r          |                                                                      |
| s_axi_control_r | output_r_2 | 0x20   | 32    | W      | Data signal of output_r          |                                                                      |
+-----------------+------------+--------+-------+--------+----------------------------------+----------------------------------------------------------------------+

* TOP LEVEL CONTROL
+-----------+------------+-----------+
| Interface | Type       | Ports     |
+-----------+------------+-----------+
| ap_clk    | clock      | ap_clk    |
| ap_rst_n  | reset      | ap_rst_n  |
| interrupt | interrupt  | interrupt |
| ap_ctrl   | ap_ctrl_hs |           |
+-----------+------------+-----------+


================================================================
== SW I/O Information
================================================================
* Top Function Arguments
+----------+-----------+----------+
| Argument | Direction | Datatype |
+----------+-----------+----------+
| input    | in        | float*   |
| output   | out       | float*   |
| task_id  | in        | int      |
| top_k    | in        | int      |
+----------+-----------+----------+

* SW-to-HW Mapping
+----------+-----------------+-----------+----------+--------------------------------------+
| Argument | HW Interface    | HW Type   | HW Usage | HW Info                              |
+----------+-----------------+-----------+----------+--------------------------------------+
| input    | m_axi_gmem0     | interface |          | channel=0                            |
| input    | s_axi_control_r | register  | offset   | name=input_r_1 offset=0x10 range=32  |
| input    | s_axi_control_r | register  | offset   | name=input_r_2 offset=0x14 range=32  |
| output   | m_axi_gmem1     | interface |          | channel=0                            |
| output   | s_axi_control_r | register  | offset   | name=output_r_1 offset=0x1c range=32 |
| output   | s_axi_control_r | register  | offset   | name=output_r_2 offset=0x20 range=32 |
| task_id  | s_axi_control   | register  |          | name=task_id offset=0x10 range=32    |
| top_k    | s_axi_control   | register  |          | name=top_k offset=0x18 range=32      |
+----------+-----------------+-----------+----------+--------------------------------------+


================================================================
== M_AXI Burst Information
================================================================
 Note: All burst requests might be further partitioned into multiple requests during RTL generation based on max_read_burst_length or max_write_burst_length settings.

* Inferred Burst Summary
+--------------+-----------+--------+-------+-----------------+--------------------------------+
| HW Interface | Direction | Length | Width | Loop            | Loop Location                  |
+--------------+-----------+--------+-------+-----------------+--------------------------------+
| m_axi_gmem0  | read      | 180    | 32    | VITIS_LOOP_29_1 | task_detection_accel.cpp:29:22 |
+--------------+-----------+--------+-------+-----------------+--------------------------------+

* All M_AXI Variable Accesses
+--------------+----------+--------------------------------+-----------+--------------+--------+-----------------+--------------------------------+------------+---------------------------------------------------------------------------------------------------------+
| HW Interface | Variable | Access Location                | Direction | Burst Status | Length | Loop            | Loop Location                  | Resolution | Problem                                                                                                 |
+--------------+----------+--------------------------------+-----------+--------------+--------+-----------------+--------------------------------+------------+---------------------------------------------------------------------------------------------------------+
| m_axi_gmem0  | input    | task_detection_accel.cpp:32:21 | read      | Widen Fail   |        | VITIS_LOOP_29_1 | task_detection_accel.cpp:29:22 | 214-353    | Could not widen since type float size is greater than or equal to the max_widen_bitwidth threshold of 0 |
| m_axi_gmem0  | input    | task_detection_accel.cpp:32:21 | read      | Inferred     | 180    | VITIS_LOOP_29_1 | task_detection_accel.cpp:29:22 |            |                                                                                                         |
+--------------+----------+--------------------------------+-----------+--------------+--------+-----------------+--------------------------------+------------+---------------------------------------------------------------------------------------------------------+

    * Resolution URL: docs.amd.com/access/sources/dita/topic?Doc_Version=2025.2%20English&url=ug1448-hls-guidance&resourceid=XXX-YYY.html (replace XXX-YYY with column value)

================================================================
== Bind Op Report
================================================================
+--------------------------------------------------------------------+-----+--------+----------------+--------+----------+---------+
| Name                                                               | DSP | Pragma | Variable       | Op     | Impl     | Latency |
+--------------------------------------------------------------------+-----+--------+----------------+--------+----------+---------+
| + task_detection_accel                                             | 11  |        |                |        |          |         |
|  + task_detection_accel_Pipeline_VITIS_LOOP_29_1                   | 0   |        |                |        |          |         |
|    icmp_ln29_fu_90_p2                                              |     |        | icmp_ln29      | seteq  | auto     | 0       |
|    add_ln29_fu_96_p2                                               |     |        | add_ln29       | add    | fabric   | 0       |
|  + task_detection_accel_Pipeline_VITIS_LOOP_19_1_VITIS_LOOP_23_2   | 0   |        |                |        |          |         |
|    icmp_ln19_fu_104_p2                                             |     |        | icmp_ln19      | seteq  | auto     | 0       |
|    add_ln19_1_fu_110_p2                                            |     |        | add_ln19_1     | add    | fabric   | 0       |
|    add_ln19_fu_122_p2                                              |     |        | add_ln19       | add    | fabric   | 0       |
|    icmp_ln23_fu_128_p2                                             |     |        | icmp_ln23      | seteq  | auto     | 0       |
|    select_ln19_fu_134_p3                                           |     |        | select_ln19    | select | auto_sel | 0       |
|    select_ln19_1_fu_142_p3                                         |     |        | select_ln19_1  | select | auto_sel | 0       |
|    first_iter_0_fu_150_p2                                          |     |        | first_iter_0   | seteq  | auto     | 0       |
|    mul_9ns_9ns_16_1_1_U4                                           |     |        | mul_ln21       | mul    | auto     | 0       |
|    add_ln25_fu_175_p2                                              |     |        | add_ln25       | add    | fabric   | 0       |
|    add_ln23_fu_181_p2                                              |     |        | add_ln23       | add    | fabric   | 0       |
|  + task_detection_accel_Pipeline_VITIS_LOOP_32_3_VITIS_LOOP_38_4   | 2   |        |                |        |          |         |
|    icmp_ln32_fu_141_p2                                             |     |        | icmp_ln32      | seteq  | auto     | 0       |
|    add_ln32_1_fu_147_p2                                            |     |        | add_ln32_1     | add    | fabric   | 0       |
|    add_ln32_fu_159_p2                                              |     |        | add_ln32       | add    | fabric   | 0       |
|    icmp_ln38_fu_165_p2                                             |     |        | icmp_ln38      | seteq  | auto     | 0       |
|    select_ln32_fu_171_p3                                           |     |        | select_ln32    | select | auto_sel | 0       |
|    select_ln32_1_fu_179_p3                                         |     |        | select_ln32_1  | select | auto_sel | 0       |
|    first_iter_1_fu_187_p2                                          |     |        | first_iter_1   | seteq  | auto     | 0       |
|    mul_9ns_9ns_16_1_1_U10                                          |     |        | mul_ln36       | mul    | auto     | 0       |
|    add_ln41_fu_212_p2                                              |     |        | add_ln41       | add    | fabric   | 0       |
|    fadd_32ns_32ns_32_1_full_dsp_1_U8                               | 2   |        | acc_2          | fadd   | fulldsp  | 0       |
|    add_ln38_fu_223_p2                                              |     |        | add_ln38       | add    | fabric   | 0       |
|    icmp_ln38_1_fu_229_p2                                           |     |        | icmp_ln38_1    | seteq  | auto     | 0       |
|  + task_detection_accel_Pipeline_VITIS_LOOP_64_1_VITIS_LOOP_68_2   | 0   |        |                |        |          |         |
|    icmp_ln64_fu_104_p2                                             |     |        | icmp_ln64      | seteq  | auto     | 0       |
|    add_ln64_1_fu_110_p2                                            |     |        | add_ln64_1     | add    | fabric   | 0       |
|    add_ln64_fu_122_p2                                              |     |        | add_ln64       | add    | fabric   | 0       |
|    icmp_ln68_fu_128_p2                                             |     |        | icmp_ln68      | seteq  | auto     | 0       |
|    select_ln64_fu_134_p3                                           |     |        | select_ln64    | select | auto_sel | 0       |
|    select_ln64_1_fu_142_p3                                         |     |        | select_ln64_1  | select | auto_sel | 0       |
|    first_iter_2_fu_154_p2                                          |     |        | first_iter_2   | seteq  | auto     | 0       |
|    add_ln70_fu_177_p2                                              |     |        | add_ln70       | add    | fabric   | 0       |
|    add_ln68_fu_188_p2                                              |     |        | add_ln68       | add    | fabric   | 0       |
|  + task_detection_accel_Pipeline_VITIS_LOOP_77_3_VITIS_LOOP_83_4   | 2   |        |                |        |          |         |
|    icmp_ln77_fu_141_p2                                             |     |        | icmp_ln77      | seteq  | auto     | 0       |
|    add_ln77_1_fu_147_p2                                            |     |        | add_ln77_1     | add    | fabric   | 0       |
|    add_ln77_fu_159_p2                                              |     |        | add_ln77       | add    | fabric   | 0       |
|    icmp_ln83_fu_165_p2                                             |     |        | icmp_ln83      | seteq  | auto     | 0       |
|    select_ln77_fu_171_p3                                           |     |        | select_ln77    | select | auto_sel | 0       |
|    select_ln77_1_fu_179_p3                                         |     |        | select_ln77_1  | select | auto_sel | 0       |
|    first_iter_3_fu_191_p2                                          |     |        | first_iter_3   | seteq  | auto     | 0       |
|    add_ln86_fu_214_p2                                              |     |        | add_ln86       | add    | fabric   | 0       |
|    fadd_32ns_32ns_32_1_full_dsp_1_U18                              | 2   |        | acc_2          | fadd   | fulldsp  | 0       |
|    add_ln83_fu_225_p2                                              |     |        | add_ln83       | add    | fabric   | 0       |
|    icmp_ln83_1_fu_231_p2                                           |     |        | icmp_ln83_1    | seteq  | auto     | 0       |
|  + task_detection_accel_Pipeline_VITIS_LOOP_109_1_VITIS_LOOP_113_2 | 0   |        |                |        |          |         |
|    icmp_ln109_fu_104_p2                                            |     |        | icmp_ln109     | seteq  | auto     | 0       |
|    add_ln109_1_fu_110_p2                                           |     |        | add_ln109_1    | add    | fabric   | 0       |
|    add_ln109_fu_122_p2                                             |     |        | add_ln109      | add    | fabric   | 0       |
|    icmp_ln113_fu_128_p2                                            |     |        | icmp_ln113     | seteq  | auto     | 0       |
|    select_ln109_fu_134_p3                                          |     |        | select_ln109   | select | auto_sel | 0       |
|    select_ln109_1_fu_142_p3                                        |     |        | select_ln109_1 | select | auto_sel | 0       |
|    first_iter_4_fu_154_p2                                          |     |        | first_iter_4   | seteq  | auto     | 0       |
|    add_ln115_fu_177_p2                                             |     |        | add_ln115      | add    | fabric   | 0       |
|    add_ln113_fu_188_p2                                             |     |        | add_ln113      | add    | fabric   | 0       |
|  + task_detection_accel_Pipeline_VITIS_LOOP_122_3_VITIS_LOOP_128_4 | 2   |        |                |        |          |         |
|    icmp_ln122_fu_141_p2                                            |     |        | icmp_ln122     | seteq  | auto     | 0       |
|    add_ln122_1_fu_147_p2                                           |     |        | add_ln122_1    | add    | fabric   | 0       |
|    add_ln122_fu_159_p2                                             |     |        | add_ln122      | add    | fabric   | 0       |
|    icmp_ln128_fu_165_p2                                            |     |        | icmp_ln128     | seteq  | auto     | 0       |
|    select_ln122_fu_171_p3                                          |     |        | select_ln122   | select | auto_sel | 0       |
|    select_ln122_1_fu_179_p3                                        |     |        | select_ln122_1 | select | auto_sel | 0       |
|    first_iter_5_fu_191_p2                                          |     |        | first_iter_5   | seteq  | auto     | 0       |
|    add_ln131_fu_214_p2                                             |     |        | add_ln131      | add    | fabric   | 0       |
|    fadd_32ns_32ns_32_1_full_dsp_1_U26                              | 2   |        | acc_5          | fadd   | fulldsp  | 0       |
|    add_ln128_fu_225_p2                                             |     |        | add_ln128      | add    | fabric   | 0       |
|    icmp_ln128_1_fu_231_p2                                          |     |        | icmp_ln128_1   | seteq  | auto     | 0       |
|  + task_detection_accel_Pipeline_VITIS_LOOP_156_1                  | 0   |        |                |        |          |         |
|    icmp_ln156_fu_56_p2                                             |     |        | icmp_ln156     | seteq  | auto     | 0       |
|    add_ln156_fu_62_p2                                              |     |        | add_ln156      | add    | fabric   | 0       |
|  + task_detection_accel_Pipeline_VITIS_LOOP_166_2                  | 2   |        |                |        |          |         |
|    icmp_ln166_fu_100_p2                                            |     |        | icmp_ln166     | seteq  | auto     | 0       |
|    add_ln166_fu_106_p2                                             |     |        | add_ln166      | add    | fabric   | 0       |
|    fadd_32ns_32ns_32_2_full_dsp_1_U33                              | 2   |        | acc_3          | fadd   | fulldsp  | 1       |
+--------------------------------------------------------------------+-----+--------+----------------+--------+----------+---------+


================================================================
== Storage Report
================================================================
+---------------------------------------+--------------+-----------+------+------+--------+-----------------------------------+------+---------+------------------+
| Name                                  | Usage        | Type      | BRAM | URAM | Pragma | Variable                          | Impl | Latency | Bitwidth, Depth, |
|                                       |              |           |      |      |        |                                   |      |         | Banks            |
+---------------------------------------+--------------+-----------+------+------+--------+-----------------------------------+------+---------+------------------+
| + task_detection_accel                |              |           | 218  | 0    |        |                                   |      |         |                  |
|   control_s_axi_U                     | interface    | s_axilite |      |      |        |                                   |      |         |                  |
|   control_r_s_axi_U                   | interface    | s_axilite |      |      |        |                                   |      |         |                  |
|   gmem0_m_axi_U                       | interface    | m_axi     | 2    |      |        |                                   |      |         |                  |
|   gmem1_m_axi_U                       | interface    | m_axi     |      |      |        |                                   |      |         |                  |
|   in_buf_U                            | ram_1p array |           | 2    |      |        | in_buf                            | auto | 1       | 32, 180, 1       |
|   l1_U                                | ram_1p array |           | 2    |      |        | l1                                | auto | 1       | 32, 256, 1       |
|   l2_U                                | ram_1p array |           | 2    |      |        | l2                                | auto | 1       | 32, 128, 1       |
|   l3_U                                | ram_1p array |           | 2    |      |        | l3                                | auto | 1       | 32, 64, 1        |
|   weights_1_U                         | ram_1p       |           | 128  |      |        | weights_1                         | auto | 1       | 32, 46080, 1     |
|   bias_1_U                            | ram_1p       |           | 1    |      |        | bias_1                            | auto | 1       | 32, 256, 1       |
|   weights_U                           | ram_1p       |           | 64   |      |        | weights                           | auto | 1       | 32, 32768, 1     |
|   bias_U                              | ram_1p       |           | 1    |      |        | bias                              | auto | 1       | 32, 128, 1       |
|   weights_2_U                         | ram_1p       |           | 16   |      |        | weights_2                         | auto | 1       | 32, 8192, 1      |
|   bias_2_U                            | ram_1p       |           | 1    |      |        | bias_2                            | auto | 1       | 32, 64, 1        |
|   linear_64_1_float_float_weights_1_U | ram_1p       |           | 1    |      |        | linear_64_1_float_float_weights_1 | auto | 1       | 32, 64, 1        |
+---------------------------------------+--------------+-----------+------+------+--------+-----------------------------------+------+---------+------------------+


================================================================
== Pragma Report
================================================================
* Inferred Pragmas
+-----------------+----------------------------------------------------------------+--------------------------------------------------------------------------------------------+----------------------------------------------------+
| Type            | Options                                                        | Location                                                                                   | Inferred From                                      |
+-----------------+----------------------------------------------------------------+--------------------------------------------------------------------------------------------+----------------------------------------------------+
| LOOP_FLATTEN    |                                                                | loop VITIS_LOOP_19_1 (mlp_engine.cpp:19:26) in task_detection_accel (mlp_engine.cpp:19)    | pipeline mlp_engine.cpp:23 (Performance Budgeter)  |
| LOOP_FLATTEN    |                                                                | loop VITIS_LOOP_64_1 (mlp_engine.cpp:64:26) in task_detection_accel (mlp_engine.cpp:64)    | pipeline mlp_engine.cpp:68 (Performance Budgeter)  |
| LOOP_FLATTEN    |                                                                | loop VITIS_LOOP_109_1 (mlp_engine.cpp:109:27) in task_detection_accel (mlp_engine.cpp:109) | pipeline mlp_engine.cpp:113 (Performance Budgeter) |
| LOOP_FLATTEN    |                                                                | loop VITIS_LOOP_32_3 (mlp_engine.cpp:32:22) in task_detection_accel (mlp_engine.cpp:32)    | pipeline mlp_engine.cpp:40                         |
| LOOP_FLATTEN    |                                                                | loop VITIS_LOOP_77_3 (mlp_engine.cpp:77:22) in task_detection_accel (mlp_engine.cpp:77)    | pipeline mlp_engine.cpp:85                         |
| LOOP_FLATTEN    |                                                                | loop VITIS_LOOP_122_3 (mlp_engine.cpp:122:23) in task_detection_accel (mlp_engine.cpp:122) | pipeline mlp_engine.cpp:130                        |
| ARRAY_PARTITION | dim=1 type=complete variable=linear_64_1(float*, float*)::bias | variable linear_64_1(float*, float*)::bias in task_detection_accel (mlp_engine.cpp:148)    | syn.array_partition.complete_threshold=4           |
| PIPELINE        |                                                                | loop VITIS_LOOP_23_2 (mlp_engine.cpp:23:30) in task_detection_accel (mlp_engine.cpp:23)    | syn.compile.pipeline_loops=64                      |
| PIPELINE        |                                                                | loop VITIS_LOOP_68_2 (mlp_engine.cpp:68:30) in task_detection_accel (mlp_engine.cpp:68)    | syn.compile.pipeline_loops=64                      |
| PIPELINE        |                                                                | loop VITIS_LOOP_113_2 (mlp_engine.cpp:113:31) in task_detection_accel (mlp_engine.cpp:113) | syn.compile.pipeline_loops=64                      |
| PIPELINE        |                                                                | loop VITIS_LOOP_156_1 (mlp_engine.cpp:156:27) in task_detection_accel (mlp_engine.cpp:156) | syn.compile.pipeline_loops=64                      |
+-----------------+----------------------------------------------------------------+--------------------------------------------------------------------------------------------+----------------------------------------------------+

* Valid Pragma Syntax
+----------------+---------------------------------------------+-------------------------------------------------------+
| Type           | Options                                     | Location                                              |
+----------------+---------------------------------------------+-------------------------------------------------------+
| LOOP_TRIPCOUNT | min=256 max=256                             | in linear_180_256 (mlp_engine.cpp:34)                 |
| PIPELINE       | ii=1                                        | in linear_180_256 (mlp_engine.cpp:40)                 |
| LOOP_TRIPCOUNT | min=128 max=128                             | in linear_256_128 (mlp_engine.cpp:79)                 |
| PIPELINE       | ii=1                                        | in linear_256_128 (mlp_engine.cpp:85)                 |
| LOOP_TRIPCOUNT | min=64 max=64                               | in linear_128_64 (mlp_engine.cpp:124)                 |
| PIPELINE       | ii=1                                        | in linear_128_64 (mlp_engine.cpp:130)                 |
| PIPELINE       | ii=1                                        | in linear_64_1 (mlp_engine.cpp:168)                   |
| INTERFACE      | m_axi port=input offset=slave bundle=gmem0  | in task_detection_accel (task_detection_accel.cpp:13) |
| INTERFACE      | m_axi port=output offset=slave bundle=gmem1 | in task_detection_accel (task_detection_accel.cpp:14) |
| INTERFACE      | s_axilite port=task_id bundle=control       | in task_detection_accel (task_detection_accel.cpp:16) |
| INTERFACE      | s_axilite port=top_k bundle=control         | in task_detection_accel (task_detection_accel.cpp:17) |
| INTERFACE      | s_axilite port=return bundle=control        | in task_detection_accel (task_detection_accel.cpp:18) |
| PIPELINE       | ii=1                                        | in task_detection_accel (task_detection_accel.cpp:31) |
+----------------+---------------------------------------------+-------------------------------------------------------+


