

================================================================
== Vitis HLS Report for 'task_detection_accel_Pipeline_VITIS_LOOP_122_3_VITIS_LOOP_128_4'
================================================================
* Date:           Sun Jun 14 16:33:29 2026

* Version:        2025.2 (Build 6295257 on Nov 14 2025)
* Project:        task_detection_tpu
* Solution:       hls (Vivado IP Flow Target)
* Product family: kintex7
* Target device:  xc7k325t-ffg900-2


================================================================
== Performance Estimates
================================================================
+ Timing: 
    * Summary: 
    +--------+----------+-----------+------------+
    |  Clock |  Target  | Estimated | Uncertainty|
    +--------+----------+-----------+------------+
    |ap_clk  |  10.00 ns|  53.553 ns|     2.70 ns|
    +--------+----------+-----------+------------+

+ Latency: 
    * Summary: 
    +---------+---------+----------+----------+-----+-----+-------------------+
    |  Latency (cycles) |  Latency (absolute) |  Interval |      Pipeline     |
    |   min   |   max   |    min   |    max   | min | max |        Type       |
    +---------+---------+----------+----------+-----+-----+-------------------+
    |     8198|     8198|  0.439 ms|  0.439 ms|    0|    0|  loop pipeline stp|
    +---------+---------+----------+----------+-----+-----+-------------------+

    + Detail: 
        * Instance: 
        N/A

        * Loop: 
        +-------------------------------------+---------+---------+----------+-----------+-----------+------+----------+
        |                                     |  Latency (cycles) | Iteration|  Initiation Interval  | Trip |          |
        |              Loop Name              |   min   |   max   |  Latency |  achieved |   target  | Count| Pipelined|
        +-------------------------------------+---------+---------+----------+-----------+-----------+------+----------+
        |- VITIS_LOOP_122_3_VITIS_LOOP_128_4  |     8196|     8196|         6|          1|          1|  8192|       yes|
        +-------------------------------------+---------+---------+----------+-----------+-----------+------+----------+



================================================================
== Utilization Estimates
================================================================
* Summary: 
+-----------------+---------+-----+--------+--------+-----+
|       Name      | BRAM_18K| DSP |   FF   |   LUT  | URAM|
+-----------------+---------+-----+--------+--------+-----+
|DSP              |        -|    -|       -|       -|    -|
|Expression       |        -|    -|       0|     156|    -|
|FIFO             |        -|    -|       -|       -|    -|
|Instance         |        -|    2|       0|     194|    -|
|Memory           |        -|    -|       -|       -|    -|
|Multiplexer      |        -|    -|       0|      81|    -|
|Register         |        -|    -|     350|      96|    -|
+-----------------+---------+-----+--------+--------+-----+
|Total            |        0|    2|     350|     527|    0|
+-----------------+---------+-----+--------+--------+-----+
|Available        |      890|  840|  407600|  203800|    0|
+-----------------+---------+-----+--------+--------+-----+
|Utilization (%)  |        0|   ~0|      ~0|      ~0|    0|
+-----------------+---------+-----+--------+--------+-----+

+ Detail: 
    * Instance: 
    +------------------------------------+--------------------------------+---------+----+---+-----+-----+
    |              Instance              |             Module             | BRAM_18K| DSP| FF| LUT | URAM|
    +------------------------------------+--------------------------------+---------+----+---+-----+-----+
    |fadd_32ns_32ns_32_1_full_dsp_1_U26  |fadd_32ns_32ns_32_1_full_dsp_1  |        0|   2|  0|  194|    0|
    +------------------------------------+--------------------------------+---------+----+---+-----+-----+
    |Total                               |                                |        0|   2|  0|  194|    0|
    +------------------------------------+--------------------------------+---------+----+---+-----+-----+

    * DSP: 
    N/A

    * Memory: 
    N/A

    * FIFO: 
    N/A

    * Expression: 
    +--------------------------+----------+----+---+----+------------+------------+
    |       Variable Name      | Operation| DSP| FF| LUT| Bitwidth P0| Bitwidth P1|
    +--------------------------+----------+----+---+----+------------+------------+
    |add_ln122_1_fu_147_p2     |         +|   0|  0|  21|          14|           1|
    |add_ln122_fu_159_p2       |         +|   0|  0|  14|           7|           1|
    |add_ln128_fu_225_p2       |         +|   0|  0|  15|           8|           1|
    |add_ln131_fu_214_p2       |         +|   0|  0|  20|          13|          13|
    |first_iter_5_fu_191_p2    |      icmp|   0|  0|  15|           8|           1|
    |icmp_ln122_fu_141_p2      |      icmp|   0|  0|  22|          14|          15|
    |icmp_ln128_1_fu_231_p2    |      icmp|   0|  0|  16|           8|           9|
    |icmp_ln128_fu_165_p2      |      icmp|   0|  0|  16|           8|           9|
    |select_ln122_1_fu_179_p3  |    select|   0|  0|   7|           1|           7|
    |select_ln122_fu_171_p3    |    select|   0|  0|   8|           1|           1|
    |ap_enable_pp0             |       xor|   0|  0|   2|           1|           2|
    +--------------------------+----------+----+---+----+------------+------------+
    |Total                     |          |   0|  0| 156|          83|          60|
    +--------------------------+----------+----+---+----+------------+------------+

    * Multiplexer: 
    +----------------------------------------+----+-----------+-----+-----------+
    |                  Name                  | LUT| Input Size| Bits| Total Bits|
    +----------------------------------------+----+-----------+-----+-----------+
    |acc_fu_58                               |   9|          2|   32|         64|
    |ap_done_int                             |   9|          2|    1|          2|
    |ap_enable_reg_pp0_iter1                 |   9|          2|    1|          2|
    |ap_sig_allocacmp_i_load                 |   9|          2|    8|         16|
    |ap_sig_allocacmp_indvar_flatten37_load  |   9|          2|   14|         28|
    |ap_sig_allocacmp_o_load                 |   9|          2|    7|         14|
    |i_fu_46                                 |   9|          2|    8|         16|
    |indvar_flatten37_fu_54                  |   9|          2|   14|         28|
    |o_fu_50                                 |   9|          2|    7|         14|
    +----------------------------------------+----+-----------+-----+-----------+
    |Total                                   |  81|         18|   92|        184|
    +----------------------------------------+----+-----------+-----+-----------+

    * Register: 
    +--------------------------------------+----+----+-----+-----------+
    |                 Name                 | FF | LUT| Bits| Const Bits|
    +--------------------------------------+----+----+-----+-----------+
    |acc_5_reg_351                         |  32|   0|   32|          0|
    |acc_fu_58                             |  32|   0|   32|          0|
    |ap_CS_fsm                             |   1|   0|    1|          0|
    |ap_done_reg                           |   1|   0|    1|          0|
    |ap_enable_reg_pp0_iter1               |   1|   0|    1|          0|
    |ap_enable_reg_pp0_iter2               |   1|   0|    1|          0|
    |ap_enable_reg_pp0_iter3               |   1|   0|    1|          0|
    |ap_enable_reg_pp0_iter4               |   1|   0|    1|          0|
    |ap_enable_reg_pp0_iter5               |   1|   0|    1|          0|
    |ap_loop_exit_ready_pp0_iter1_reg      |   1|   0|    1|          0|
    |ap_loop_exit_ready_pp0_iter2_reg      |   1|   0|    1|          0|
    |ap_loop_exit_ready_pp0_iter3_reg      |   1|   0|    1|          0|
    |ap_loop_exit_ready_pp0_iter4_reg      |   1|   0|    1|          0|
    |first_iter_5_reg_308                  |   1|   0|    1|          0|
    |i_fu_46                               |   8|   0|    8|          0|
    |icmp_ln128_1_reg_322                  |   1|   0|    1|          0|
    |indvar_flatten37_fu_54                |  14|   0|   14|          0|
    |l3_addr_reg_341                       |   6|   0|    6|          0|
    |mul_i2_reg_346                        |  32|   0|   32|          0|
    |o_fu_50                               |   7|   0|    7|          0|
    |select_ln122_1_reg_303                |   7|   0|    7|          0|
    |select_ln122_1_reg_303_pp0_iter1_reg  |   7|   0|    7|          0|
    |first_iter_5_reg_308                  |  64|  32|    1|          0|
    |icmp_ln128_1_reg_322                  |  64|  32|    1|          0|
    |l3_addr_reg_341                       |  64|  32|    6|          0|
    +--------------------------------------+----+----+-----+-----------+
    |Total                                 | 350|  96|  166|          0|
    +--------------------------------------+----+----+-----+-----------+



================================================================
== Interface
================================================================
* Summary: 
+--------------------+-----+-----+------------+-----------------------------------------------------------------+--------------+
|      RTL Ports     | Dir | Bits|  Protocol  |                          Source Object                          |    C Type    |
+--------------------+-----+-----+------------+-----------------------------------------------------------------+--------------+
|ap_clk              |   in|    1|  ap_ctrl_hs|  task_detection_accel_Pipeline_VITIS_LOOP_122_3_VITIS_LOOP_128_4|  return value|
|ap_rst              |   in|    1|  ap_ctrl_hs|  task_detection_accel_Pipeline_VITIS_LOOP_122_3_VITIS_LOOP_128_4|  return value|
|ap_start            |   in|    1|  ap_ctrl_hs|  task_detection_accel_Pipeline_VITIS_LOOP_122_3_VITIS_LOOP_128_4|  return value|
|ap_done             |  out|    1|  ap_ctrl_hs|  task_detection_accel_Pipeline_VITIS_LOOP_122_3_VITIS_LOOP_128_4|  return value|
|ap_idle             |  out|    1|  ap_ctrl_hs|  task_detection_accel_Pipeline_VITIS_LOOP_122_3_VITIS_LOOP_128_4|  return value|
|ap_ready            |  out|    1|  ap_ctrl_hs|  task_detection_accel_Pipeline_VITIS_LOOP_122_3_VITIS_LOOP_128_4|  return value|
|grp_fu_385_p_din0   |  out|   32|  ap_ctrl_hs|  task_detection_accel_Pipeline_VITIS_LOOP_122_3_VITIS_LOOP_128_4|  return value|
|grp_fu_385_p_din1   |  out|   32|  ap_ctrl_hs|  task_detection_accel_Pipeline_VITIS_LOOP_122_3_VITIS_LOOP_128_4|  return value|
|grp_fu_385_p_dout0  |   in|   32|  ap_ctrl_hs|  task_detection_accel_Pipeline_VITIS_LOOP_122_3_VITIS_LOOP_128_4|  return value|
|grp_fu_385_p_ce     |  out|    1|  ap_ctrl_hs|  task_detection_accel_Pipeline_VITIS_LOOP_122_3_VITIS_LOOP_128_4|  return value|
|l2_address0         |  out|    7|   ap_memory|                                                               l2|         array|
|l2_ce0              |  out|    1|   ap_memory|                                                               l2|         array|
|l2_q0               |   in|   32|   ap_memory|                                                               l2|         array|
|l3_address0         |  out|    6|   ap_memory|                                                               l3|         array|
|l3_ce0              |  out|    1|   ap_memory|                                                               l3|         array|
|l3_we0              |  out|    1|   ap_memory|                                                               l3|         array|
|l3_d0               |  out|   32|   ap_memory|                                                               l3|         array|
|weights_2_address0  |  out|   13|   ap_memory|                                                        weights_2|         array|
|weights_2_ce0       |  out|    1|   ap_memory|                                                        weights_2|         array|
|weights_2_q0        |   in|   32|   ap_memory|                                                        weights_2|         array|
|bias_2_address0     |  out|    6|   ap_memory|                                                           bias_2|         array|
|bias_2_ce0          |  out|    1|   ap_memory|                                                           bias_2|         array|
|bias_2_q0           |   in|   32|   ap_memory|                                                           bias_2|         array|
+--------------------+-----+-----+------------+-----------------------------------------------------------------+--------------+

