

================================================================
== Vitis HLS Report for 'task_detection_accel_Pipeline_VITIS_LOOP_32_3_VITIS_LOOP_38_4'
================================================================
* Date:           Sun Jun 14 16:33:28 2026

* Version:        2025.2 (Build 6295257 on Nov 14 2025)
* Project:        task_detection_tpu
* Solution:       hls (Vivado IP Flow Target)
* Product family: kintex7
* Target device:  xc7k325t-ffg900-2


================================================================
== Performance Estimates
================================================================
+ Timing: 
    * Summary: 
    +--------+----------+-----------+------------+
    |  Clock |  Target  | Estimated | Uncertainty|
    +--------+----------+-----------+------------+
    |ap_clk  |  10.00 ns|  53.553 ns|     2.70 ns|
    +--------+----------+-----------+------------+

+ Latency: 
    * Summary: 
    +---------+---------+----------+----------+-----+-----+-------------------+
    |  Latency (cycles) |  Latency (absolute) |  Interval |      Pipeline     |
    |   min   |   max   |    min   |    max   | min | max |        Type       |
    +---------+---------+----------+----------+-----+-----+-------------------+
    |    46086|    46086|  2.468 ms|  2.468 ms|    0|    0|  loop pipeline stp|
    +---------+---------+----------+----------+-----+-----+-------------------+

    + Detail: 
        * Instance: 
        N/A

        * Loop: 
        +-----------------------------------+---------+---------+----------+-----------+-----------+-------+----------+
        |                                   |  Latency (cycles) | Iteration|  Initiation Interval  |  Trip |          |
        |             Loop Name             |   min   |   max   |  Latency |  achieved |   target  | Count | Pipelined|
        +-----------------------------------+---------+---------+----------+-----------+-----------+-------+----------+
        |- VITIS_LOOP_32_3_VITIS_LOOP_38_4  |    46084|    46084|         6|          1|          1|  46080|       yes|
        +-----------------------------------+---------+---------+----------+-----------+-----------+-------+----------+



================================================================
== Utilization Estimates
================================================================
* Summary: 
+-----------------+---------+-----+--------+--------+-----+
|       Name      | BRAM_18K| DSP |   FF   |   LUT  | URAM|
+-----------------+---------+-----+--------+--------+-----+
|DSP              |        -|    -|       -|       -|    -|
|Expression       |        -|    -|       0|     164|    -|
|FIFO             |        -|    -|       -|       -|    -|
|Instance         |        -|    2|       0|     243|    -|
|Memory           |        -|    -|       -|       -|    -|
|Multiplexer      |        -|    -|       0|      63|    -|
|Register         |        -|    -|     361|      96|    -|
+-----------------+---------+-----+--------+--------+-----+
|Total            |        0|    2|     361|     566|    0|
+-----------------+---------+-----+--------+--------+-----+
|Available        |      890|  840|  407600|  203800|    0|
+-----------------+---------+-----+--------+--------+-----+
|Utilization (%)  |        0|   ~0|      ~0|      ~0|    0|
+-----------------+---------+-----+--------+--------+-----+

+ Detail: 
    * Instance: 
    +-----------------------------------+--------------------------------+---------+----+---+-----+-----+
    |              Instance             |             Module             | BRAM_18K| DSP| FF| LUT | URAM|
    +-----------------------------------+--------------------------------+---------+----+---+-----+-----+
    |fadd_32ns_32ns_32_1_full_dsp_1_U8  |fadd_32ns_32ns_32_1_full_dsp_1  |        0|   2|  0|  194|    0|
    |mul_9ns_9ns_16_1_1_U10             |mul_9ns_9ns_16_1_1              |        0|   0|  0|   49|    0|
    +-----------------------------------+--------------------------------+---------+----+---+-----+-----+
    |Total                              |                                |        0|   2|  0|  243|    0|
    +-----------------------------------+--------------------------------+---------+----+---+-----+-----+

    * DSP: 
    N/A

    * Memory: 
    N/A

    * FIFO: 
    N/A

    * Expression: 
    +-------------------------+----------+----+---+----+------------+------------+
    |      Variable Name      | Operation| DSP| FF| LUT| Bitwidth P0| Bitwidth P1|
    +-------------------------+----------+----+---+----+------------+------------+
    |add_ln32_1_fu_147_p2     |         +|   0|  0|  23|          16|           1|
    |add_ln32_fu_159_p2       |         +|   0|  0|  16|           9|           1|
    |add_ln38_fu_223_p2       |         +|   0|  0|  15|           8|           1|
    |add_ln41_fu_212_p2       |         +|   0|  0|  23|          16|          16|
    |first_iter_1_fu_187_p2   |      icmp|   0|  0|  15|           8|           1|
    |icmp_ln32_fu_141_p2      |      icmp|   0|  0|  23|          16|          16|
    |icmp_ln38_1_fu_229_p2    |      icmp|   0|  0|  15|           8|           8|
    |icmp_ln38_fu_165_p2      |      icmp|   0|  0|  15|           8|           8|
    |select_ln32_1_fu_179_p3  |    select|   0|  0|   9|           1|           9|
    |select_ln32_fu_171_p3    |    select|   0|  0|   8|           1|           1|
    |ap_enable_pp0            |       xor|   0|  0|   2|           1|           2|
    +-------------------------+----------+----+---+----+------------+------------+
    |Total                    |          |   0|  0| 164|          92|          64|
    +-------------------------+----------+----+---+----+------------+------------+

    * Multiplexer: 
    +-------------------------+----+-----------+-----+-----------+
    |           Name          | LUT| Input Size| Bits| Total Bits|
    +-------------------------+----+-----------+-----+-----------+
    |acc_1_fu_58              |   9|          2|   32|         64|
    |ap_done_int              |   9|          2|    1|          2|
    |ap_enable_reg_pp0_iter1  |   9|          2|    1|          2|
    |ap_enable_reg_pp0_iter2  |   9|          2|    1|          2|
    |i_fu_46                  |   9|          2|    8|         16|
    |indvar_flatten9_fu_54    |   9|          2|   16|         32|
    |o_fu_50                  |   9|          2|    9|         18|
    +-------------------------+----+-----------+-----+-----------+
    |Total                    |  63|         14|   68|        136|
    +-------------------------+----+-----------+-----+-----------+

    * Register: 
    +-------------------------------------+----+----+-----+-----------+
    |                 Name                | FF | LUT| Bits| Const Bits|
    +-------------------------------------+----+----+-----+-----------+
    |acc_1_fu_58                          |  32|   0|   32|          0|
    |acc_2_reg_349                        |  32|   0|   32|          0|
    |ap_CS_fsm                            |   1|   0|    1|          0|
    |ap_done_reg                          |   1|   0|    1|          0|
    |ap_enable_reg_pp0_iter1              |   1|   0|    1|          0|
    |ap_enable_reg_pp0_iter2              |   1|   0|    1|          0|
    |ap_enable_reg_pp0_iter3              |   1|   0|    1|          0|
    |ap_enable_reg_pp0_iter4              |   1|   0|    1|          0|
    |ap_enable_reg_pp0_iter5              |   1|   0|    1|          0|
    |ap_enable_reg_pp0_iter6              |   1|   0|    1|          0|
    |ap_loop_exit_ready_pp0_iter2_reg     |   1|   0|    1|          0|
    |ap_loop_exit_ready_pp0_iter3_reg     |   1|   0|    1|          0|
    |ap_loop_exit_ready_pp0_iter4_reg     |   1|   0|    1|          0|
    |ap_loop_exit_ready_pp0_iter5_reg     |   1|   0|    1|          0|
    |first_iter_1_reg_306                 |   1|   0|    1|          0|
    |i_fu_46                              |   8|   0|    8|          0|
    |icmp_ln38_1_reg_320                  |   1|   0|    1|          0|
    |indvar_flatten9_fu_54                |  16|   0|   16|          0|
    |l1_addr_reg_339                      |   8|   0|    8|          0|
    |mul_i_reg_344                        |  32|   0|   32|          0|
    |o_fu_50                              |   9|   0|    9|          0|
    |select_ln32_1_reg_301                |   9|   0|    9|          0|
    |select_ln32_1_reg_301_pp0_iter2_reg  |   9|   0|    9|          0|
    |first_iter_1_reg_306                 |  64|  32|    1|          0|
    |icmp_ln38_1_reg_320                  |  64|  32|    1|          0|
    |l1_addr_reg_339                      |  64|  32|    8|          0|
    +-------------------------------------+----+----+-----+-----------+
    |Total                                | 361|  96|  179|          0|
    +-------------------------------------+----+----+-----+-----------+



================================================================
== Interface
================================================================
* Summary: 
+--------------------+-----+-----+------------+---------------------------------------------------------------+--------------+
|      RTL Ports     | Dir | Bits|  Protocol  |                         Source Object                         |    C Type    |
+--------------------+-----+-----+------------+---------------------------------------------------------------+--------------+
|ap_clk              |   in|    1|  ap_ctrl_hs|  task_detection_accel_Pipeline_VITIS_LOOP_32_3_VITIS_LOOP_38_4|  return value|
|ap_rst              |   in|    1|  ap_ctrl_hs|  task_detection_accel_Pipeline_VITIS_LOOP_32_3_VITIS_LOOP_38_4|  return value|
|ap_start            |   in|    1|  ap_ctrl_hs|  task_detection_accel_Pipeline_VITIS_LOOP_32_3_VITIS_LOOP_38_4|  return value|
|ap_done             |  out|    1|  ap_ctrl_hs|  task_detection_accel_Pipeline_VITIS_LOOP_32_3_VITIS_LOOP_38_4|  return value|
|ap_idle             |  out|    1|  ap_ctrl_hs|  task_detection_accel_Pipeline_VITIS_LOOP_32_3_VITIS_LOOP_38_4|  return value|
|ap_ready            |  out|    1|  ap_ctrl_hs|  task_detection_accel_Pipeline_VITIS_LOOP_32_3_VITIS_LOOP_38_4|  return value|
|grp_fu_385_p_din0   |  out|   32|  ap_ctrl_hs|  task_detection_accel_Pipeline_VITIS_LOOP_32_3_VITIS_LOOP_38_4|  return value|
|grp_fu_385_p_din1   |  out|   32|  ap_ctrl_hs|  task_detection_accel_Pipeline_VITIS_LOOP_32_3_VITIS_LOOP_38_4|  return value|
|grp_fu_385_p_dout0  |   in|   32|  ap_ctrl_hs|  task_detection_accel_Pipeline_VITIS_LOOP_32_3_VITIS_LOOP_38_4|  return value|
|grp_fu_385_p_ce     |  out|    1|  ap_ctrl_hs|  task_detection_accel_Pipeline_VITIS_LOOP_32_3_VITIS_LOOP_38_4|  return value|
|in_buf_address0     |  out|    8|   ap_memory|                                                         in_buf|         array|
|in_buf_ce0          |  out|    1|   ap_memory|                                                         in_buf|         array|
|in_buf_q0           |   in|   32|   ap_memory|                                                         in_buf|         array|
|l1_address0         |  out|    8|   ap_memory|                                                             l1|         array|
|l1_ce0              |  out|    1|   ap_memory|                                                             l1|         array|
|l1_we0              |  out|    1|   ap_memory|                                                             l1|         array|
|l1_d0               |  out|   32|   ap_memory|                                                             l1|         array|
|weights_1_address0  |  out|   16|   ap_memory|                                                      weights_1|         array|
|weights_1_ce0       |  out|    1|   ap_memory|                                                      weights_1|         array|
|weights_1_q0        |   in|   32|   ap_memory|                                                      weights_1|         array|
|bias_1_address0     |  out|    8|   ap_memory|                                                         bias_1|         array|
|bias_1_ce0          |  out|    1|   ap_memory|                                                         bias_1|         array|
|bias_1_q0           |   in|   32|   ap_memory|                                                         bias_1|         array|
+--------------------+-----+-----+------------+---------------------------------------------------------------+--------------+

