

================================================================
== Vitis HLS Report for 'task_detection_accel'
================================================================
* Date:           Sun Jun 14 16:33:30 2026

* Version:        2025.2 (Build 6295257 on Nov 14 2025)
* Project:        task_detection_tpu
* Solution:       hls (Vivado IP Flow Target)
* Product family: kintex7
* Target device:  xc7k325t-ffg900-2


================================================================
== Performance Estimates
================================================================
+ Timing: 
    * Summary: 
    +--------+----------+-----------+------------+
    |  Clock |  Target  | Estimated | Uncertainty|
    +--------+----------+-----------+------------+
    |ap_clk  |  10.00 ns|  53.553 ns|     2.70 ns|
    +--------+----------+-----------+------------+

+ Latency: 
    * Summary: 
    +---------+---------+----------+----------+-------+--------+---------+
    |  Latency (cycles) |  Latency (absolute) |    Interval    | Pipeline|
    |   min   |   max   |    min   |    max   |  min  |   max  |   Type  |
    +---------+---------+----------+----------+-------+--------+---------+
    |    87339|   174451|  4.677 ms|  9.342 ms|  87340|  174452|       no|
    +---------+---------+----------+----------+-------+--------+---------+

    + Detail: 
        * Instance: 
        +----------------------------------------------------------------------------+-----------------------------------------------------------------+---------+---------+-----------+-----------+-----+-----+-------------------+
        |                                                                            |                                                                 |  Latency (cycles) |   Latency (absolute)  |  Interval |      Pipeline     |
        |                                  Instance                                  |                              Module                             |   min   |   max   |    min    |    max    | min | max |        Type       |
        +----------------------------------------------------------------------------+-----------------------------------------------------------------+---------+---------+-----------+-----------+-----+-----+-------------------+
        |grp_task_detection_accel_Pipeline_VITIS_LOOP_29_1_fu_177                    |task_detection_accel_Pipeline_VITIS_LOOP_29_1                    |      183|      183|   1.830 us|   1.830 us|    0|    0|  loop pipeline stp|
        |grp_task_detection_accel_Pipeline_VITIS_LOOP_19_1_VITIS_LOOP_23_2_fu_185    |task_detection_accel_Pipeline_VITIS_LOOP_19_1_VITIS_LOOP_23_2    |    46082|    46082|   0.461 ms|   0.461 ms|    0|    0|  loop pipeline stp|
        |grp_task_detection_accel_Pipeline_VITIS_LOOP_32_3_VITIS_LOOP_38_4_fu_193    |task_detection_accel_Pipeline_VITIS_LOOP_32_3_VITIS_LOOP_38_4    |    46086|    46086|   2.468 ms|   2.468 ms|    0|    0|  loop pipeline stp|
        |grp_task_detection_accel_Pipeline_VITIS_LOOP_64_1_VITIS_LOOP_68_2_fu_203    |task_detection_accel_Pipeline_VITIS_LOOP_64_1_VITIS_LOOP_68_2    |    32770|    32770|   0.328 ms|   0.328 ms|    0|    0|  loop pipeline stp|
        |grp_task_detection_accel_Pipeline_VITIS_LOOP_77_3_VITIS_LOOP_83_4_fu_211    |task_detection_accel_Pipeline_VITIS_LOOP_77_3_VITIS_LOOP_83_4    |    32774|    32774|   1.755 ms|   1.755 ms|    0|    0|  loop pipeline stp|
        |grp_task_detection_accel_Pipeline_VITIS_LOOP_109_1_VITIS_LOOP_113_2_fu_221  |task_detection_accel_Pipeline_VITIS_LOOP_109_1_VITIS_LOOP_113_2  |     8194|     8194|  81.940 us|  81.940 us|    0|    0|  loop pipeline stp|
        |grp_task_detection_accel_Pipeline_VITIS_LOOP_122_3_VITIS_LOOP_128_4_fu_229  |task_detection_accel_Pipeline_VITIS_LOOP_122_3_VITIS_LOOP_128_4  |     8198|     8198|   0.439 ms|   0.439 ms|    0|    0|  loop pipeline stp|
        |grp_task_detection_accel_Pipeline_VITIS_LOOP_156_1_fu_239                   |task_detection_accel_Pipeline_VITIS_LOOP_156_1                   |       66|       66|   0.660 us|   0.660 us|    0|    0|  loop pipeline stp|
        |grp_task_detection_accel_Pipeline_VITIS_LOOP_166_2_fu_245                   |task_detection_accel_Pipeline_VITIS_LOOP_166_2                   |       70|       70|   1.830 us|   1.830 us|    0|    0|  loop pipeline stp|
        +----------------------------------------------------------------------------+-----------------------------------------------------------------+---------+---------+-----------+-----------+-----+-----+-------------------+

        * Loop: 
        N/A



================================================================
== Utilization Estimates
================================================================
* Summary: 
+-----------------+---------+-----+--------+--------+-----+
|       Name      | BRAM_18K| DSP |   FF   |   LUT  | URAM|
+-----------------+---------+-----+--------+--------+-----+
|DSP              |        -|    -|       -|       -|    -|
|Expression       |        -|    -|       0|       8|    -|
|FIFO             |        -|    -|       -|       -|    -|
|Instance         |        2|   11|    3276|    4631|    -|
|Memory           |      216|    -|       0|       0|    0|
|Multiplexer      |        -|    -|       0|     679|    -|
|Register         |        -|    -|     236|       -|    -|
+-----------------+---------+-----+--------+--------+-----+
|Total            |      218|   11|    3512|    5318|    0|
+-----------------+---------+-----+--------+--------+-----+
|Available        |      890|  840|  407600|  203800|    0|
+-----------------+---------+-----+--------+--------+-----+
|Utilization (%)  |       24|    1|      ~0|       2|    0|
+-----------------+---------+-----+--------+--------+-----+

+ Detail: 
    * Instance: 
    +----------------------------------------------------------------------------+-----------------------------------------------------------------+---------+----+-----+-----+-----+
    |                                  Instance                                  |                              Module                             | BRAM_18K| DSP|  FF | LUT | URAM|
    +----------------------------------------------------------------------------+-----------------------------------------------------------------+---------+----+-----+-----+-----+
    |control_r_s_axi_U                                                           |control_r_s_axi                                                  |        0|   0|  170|  296|    0|
    |control_s_axi_U                                                             |control_s_axi                                                    |        0|   0|  112|  168|    0|
    |fmul_32ns_32ns_32_3_max_dsp_1_U39                                           |fmul_32ns_32ns_32_3_max_dsp_1                                    |        0|   3|  128|  135|    0|
    |gmem0_m_axi_U                                                               |gmem0_m_axi                                                      |        2|   0|  671|  657|    0|
    |gmem1_m_axi_U                                                               |gmem1_m_axi                                                      |        0|   0|  611|  664|    0|
    |grp_task_detection_accel_Pipeline_VITIS_LOOP_109_1_VITIS_LOOP_113_2_fu_221  |task_detection_accel_Pipeline_VITIS_LOOP_109_1_VITIS_LOOP_113_2  |        0|   0|   31|  201|    0|
    |grp_task_detection_accel_Pipeline_VITIS_LOOP_122_3_VITIS_LOOP_128_4_fu_229  |task_detection_accel_Pipeline_VITIS_LOOP_122_3_VITIS_LOOP_128_4  |        0|   2|  350|  527|    0|
    |grp_task_detection_accel_Pipeline_VITIS_LOOP_156_1_fu_239                   |task_detection_accel_Pipeline_VITIS_LOOP_156_1                   |        0|   0|    9|   56|    0|
    |grp_task_detection_accel_Pipeline_VITIS_LOOP_166_2_fu_245                   |task_detection_accel_Pipeline_VITIS_LOOP_166_2                   |        0|   2|  324|  311|    0|
    |grp_task_detection_accel_Pipeline_VITIS_LOOP_19_1_VITIS_LOOP_23_2_fu_185    |task_detection_accel_Pipeline_VITIS_LOOP_19_1_VITIS_LOOP_23_2    |        0|   0|   53|  252|    0|
    |grp_task_detection_accel_Pipeline_VITIS_LOOP_29_1_fu_177                    |task_detection_accel_Pipeline_VITIS_LOOP_29_1                    |        0|   0|   62|   79|    0|
    |grp_task_detection_accel_Pipeline_VITIS_LOOP_32_3_VITIS_LOOP_38_4_fu_193    |task_detection_accel_Pipeline_VITIS_LOOP_32_3_VITIS_LOOP_38_4    |        0|   2|  361|  566|    0|
    |grp_task_detection_accel_Pipeline_VITIS_LOOP_64_1_VITIS_LOOP_68_2_fu_203    |task_detection_accel_Pipeline_VITIS_LOOP_64_1_VITIS_LOOP_68_2    |        0|   0|   36|  197|    0|
    |grp_task_detection_accel_Pipeline_VITIS_LOOP_77_3_VITIS_LOOP_83_4_fu_211    |task_detection_accel_Pipeline_VITIS_LOOP_77_3_VITIS_LOOP_83_4    |        0|   2|  358|  522|    0|
    +----------------------------------------------------------------------------+-----------------------------------------------------------------+---------+----+-----+-----+-----+
    |Total                                                                       |                                                                 |        2|  11| 3276| 4631|    0|
    +----------------------------------------------------------------------------+-----------------------------------------------------------------+---------+----+-----+-----+-----+

    * DSP: 
    N/A

    * Memory: 
    +-------------------------------------+-------------------------+---------+---+----+-----+-------+-----+------+-------------+
    |                Memory               |          Module         | BRAM_18K| FF| LUT| URAM| Words | Bits| Banks| W*Bits*Banks|
    +-------------------------------------+-------------------------+---------+---+----+-----+-------+-----+------+-------------+
    |bias_1_U                             |bias_1_RAM_AUTO_1R1W     |        1|  0|   0|    0|    256|   32|     1|         8192|
    |bias_2_U                             |bias_2_RAM_AUTO_1R1W     |        1|  0|   0|    0|     64|   32|     1|         2048|
    |linear_64_1_float_float_weights_1_U  |bias_2_RAM_AUTO_1R1W     |        1|  0|   0|    0|     64|   32|     1|         2048|
    |bias_U                               |bias_RAM_AUTO_1R1W       |        1|  0|   0|    0|    128|   32|     1|         4096|
    |in_buf_U                             |in_buf_RAM_AUTO_1R1W     |        1|  0|   0|    0|    180|   32|     1|         5760|
    |l1_U                                 |l1_RAM_AUTO_1R1W         |        1|  0|   0|    0|    256|   32|     1|         8192|
    |l2_U                                 |l2_RAM_AUTO_1R1W         |        1|  0|   0|    0|    128|   32|     1|         4096|
    |l3_U                                 |l3_RAM_AUTO_1R1W         |        1|  0|   0|    0|     64|   32|     1|         2048|
    |weights_1_U                          |weights_1_RAM_AUTO_1R1W  |      128|  0|   0|    0|  46080|   32|     1|      1474560|
    |weights_2_U                          |weights_2_RAM_AUTO_1R1W  |       16|  0|   0|    0|   8192|   32|     1|       262144|
    |weights_U                            |weights_RAM_AUTO_1R1W    |       64|  0|   0|    0|  32768|   32|     1|      1048576|
    +-------------------------------------+-------------------------+---------+---+----+-----+-------+-----+------+-------------+
    |Total                                |                         |      216|  0|   0|    0|  88180|  352|    11|      2821760|
    +-------------------------------------+-------------------------+---------+---+----+-----+-------+-----+------+-------------+

    * FIFO: 
    N/A

    * Expression: 
    +----------------------------------+----------+----+---+----+------------+------------+
    |           Variable Name          | Operation| DSP| FF| LUT| Bitwidth P0| Bitwidth P1|
    +----------------------------------+----------+----+---+----+------------+------------+
    |ap_block_state12_on_subcall_done  |       and|   0|  0|   2|           1|           1|
    |ap_block_state15_on_subcall_done  |       and|   0|  0|   2|           1|           1|
    |ap_block_state18_on_subcall_done  |       and|   0|  0|   2|           1|           1|
    |ap_block_state21_on_subcall_done  |       and|   0|  0|   2|           1|           1|
    +----------------------------------+----------+----+---+----+------------+------------+
    |Total                             |          |   0|  0|   8|           4|           4|
    +----------------------------------+----------+----+---+----+------------+------------+

    * Multiplexer: 
    +--------------------------------------------+-----+-----------+-----+-----------+
    |                    Name                    | LUT | Input Size| Bits| Total Bits|
    +--------------------------------------------+-----+-----------+-----+-----------+
    |ap_NS_fsm                                   |  147|         30|    1|         30|
    |bias_1_address0                             |   13|          3|    8|         24|
    |bias_1_ce0                                  |   13|          3|    1|          3|
    |bias_1_we0                                  |    9|          2|    1|          2|
    |bias_2_address0                             |   13|          3|    6|         18|
    |bias_2_ce0                                  |   13|          3|    1|          3|
    |bias_2_we0                                  |    9|          2|    1|          2|
    |bias_address0                               |   13|          3|    7|         21|
    |bias_ce0                                    |   13|          3|    1|          3|
    |bias_we0                                    |    9|          2|    1|          2|
    |gmem0_0_ARADDR                              |   13|          3|   64|        192|
    |gmem0_0_ARLEN                               |   13|          3|   32|         96|
    |gmem0_0_ARVALID                             |   13|          3|    1|          3|
    |gmem0_0_RREADY                              |    9|          2|    1|          2|
    |gmem0_blk_n_AR                              |    9|          2|    1|          2|
    |gmem1_blk_n_AW                              |    9|          2|    1|          2|
    |gmem1_blk_n_B                               |    9|          2|    1|          2|
    |gmem1_blk_n_W                               |    9|          2|    1|          2|
    |grp_fu_385_ce                               |   21|          5|    1|          5|
    |grp_fu_385_p0                               |   21|          5|   32|        160|
    |grp_fu_385_p1                               |   21|          5|   32|        160|
    |in_buf_address0                             |   13|          3|    8|         24|
    |in_buf_ce0                                  |   13|          3|    1|          3|
    |in_buf_we0                                  |    9|          2|    1|          2|
    |l1_address0                                 |   13|          3|    8|         24|
    |l1_ce0                                      |   13|          3|    1|          3|
    |l1_we0                                      |    9|          2|    1|          2|
    |l2_address0                                 |   13|          3|    7|         21|
    |l2_ce0                                      |   13|          3|    1|          3|
    |l2_we0                                      |    9|          2|    1|          2|
    |l3_address0                                 |   13|          3|    6|         18|
    |l3_ce0                                      |   13|          3|    1|          3|
    |l3_we0                                      |    9|          2|    1|          2|
    |linear_64_1_float_float_weights_1_address0  |   13|          3|    6|         18|
    |linear_64_1_float_float_weights_1_ce0       |   13|          3|    1|          3|
    |linear_64_1_float_float_weights_1_we0       |    9|          2|    1|          2|
    |weights_1_address0                          |   13|          3|   16|         48|
    |weights_1_ce0                               |   13|          3|    1|          3|
    |weights_1_we0                               |    9|          2|    1|          2|
    |weights_2_address0                          |   13|          3|   13|         39|
    |weights_2_ce0                               |   13|          3|    1|          3|
    |weights_2_we0                               |    9|          2|    1|          2|
    |weights_address0                            |   13|          3|   15|         45|
    |weights_ce0                                 |   13|          3|    1|          3|
    |weights_we0                                 |    9|          2|    1|          2|
    +--------------------------------------------+-----+-----------+-----+-----------+
    |Total                                       |  679|        152|  290|       1011|
    +--------------------------------------------+-----+-----------+-----+-----------+

    * Register: 
    +-----------------------------------------------------------------------------------------+----+----+-----+-----------+
    |                                           Name                                          | FF | LUT| Bits| Const Bits|
    +-----------------------------------------------------------------------------------------+----+----+-----+-----------+
    |ap_CS_fsm                                                                                |  29|   0|   29|          0|
    |gmem1_addr_reg_378                                                                       |  64|   0|   64|          0|
    |grp_task_detection_accel_Pipeline_VITIS_LOOP_109_1_VITIS_LOOP_113_2_fu_221_ap_start_reg  |   1|   0|    1|          0|
    |grp_task_detection_accel_Pipeline_VITIS_LOOP_122_3_VITIS_LOOP_128_4_fu_229_ap_start_reg  |   1|   0|    1|          0|
    |grp_task_detection_accel_Pipeline_VITIS_LOOP_156_1_fu_239_ap_start_reg                   |   1|   0|    1|          0|
    |grp_task_detection_accel_Pipeline_VITIS_LOOP_166_2_fu_245_ap_start_reg                   |   1|   0|    1|          0|
    |grp_task_detection_accel_Pipeline_VITIS_LOOP_19_1_VITIS_LOOP_23_2_fu_185_ap_start_reg    |   1|   0|    1|          0|
    |grp_task_detection_accel_Pipeline_VITIS_LOOP_29_1_fu_177_ap_start_reg                    |   1|   0|    1|          0|
    |grp_task_detection_accel_Pipeline_VITIS_LOOP_32_3_VITIS_LOOP_38_4_fu_193_ap_start_reg    |   1|   0|    1|          0|
    |grp_task_detection_accel_Pipeline_VITIS_LOOP_64_1_VITIS_LOOP_68_2_fu_203_ap_start_reg    |   1|   0|    1|          0|
    |grp_task_detection_accel_Pipeline_VITIS_LOOP_77_3_VITIS_LOOP_83_4_fu_211_ap_start_reg    |   1|   0|    1|          0|
    |initialized                                                                              |   1|   0|    1|          0|
    |initialized_1                                                                            |   1|   0|    1|          0|
    |initialized_1_load_reg_366                                                               |   1|   0|    1|          0|
    |initialized_2                                                                            |   1|   0|    1|          0|
    |initialized_2_load_reg_362                                                               |   1|   0|    1|          0|
    |initialized_3                                                                            |   1|   0|    1|          0|
    |initialized_3_load_reg_370                                                               |   1|   0|    1|          0|
    |initialized_load_reg_374                                                                 |   1|   0|    1|          0|
    |output_r_read_reg_340                                                                    |  64|   0|   64|          0|
    |trunc_ln_reg_351                                                                         |  62|   0|   62|          0|
    +-----------------------------------------------------------------------------------------+----+----+-----+-----------+
    |Total                                                                                    | 236|   0|  236|          0|
    +-----------------------------------------------------------------------------------------+----+----+-----+-----------+



================================================================
== Interface
================================================================
* Summary: 
+-------------------------+-----+-----+------------+----------------------+--------------+
|        RTL Ports        | Dir | Bits|  Protocol  |     Source Object    |    C Type    |
+-------------------------+-----+-----+------------+----------------------+--------------+
|s_axi_control_AWVALID    |   in|    1|       s_axi|               control|        scalar|
|s_axi_control_AWREADY    |  out|    1|       s_axi|               control|        scalar|
|s_axi_control_AWADDR     |   in|    5|       s_axi|               control|        scalar|
|s_axi_control_WVALID     |   in|    1|       s_axi|               control|        scalar|
|s_axi_control_WREADY     |  out|    1|       s_axi|               control|        scalar|
|s_axi_control_WDATA      |   in|   32|       s_axi|               control|        scalar|
|s_axi_control_WSTRB      |   in|    4|       s_axi|               control|        scalar|
|s_axi_control_ARVALID    |   in|    1|       s_axi|               control|        scalar|
|s_axi_control_ARREADY    |  out|    1|       s_axi|               control|        scalar|
|s_axi_control_ARADDR     |   in|    5|       s_axi|               control|        scalar|
|s_axi_control_RVALID     |  out|    1|       s_axi|               control|        scalar|
|s_axi_control_RREADY     |   in|    1|       s_axi|               control|        scalar|
|s_axi_control_RDATA      |  out|   32|       s_axi|               control|        scalar|
|s_axi_control_RRESP      |  out|    2|       s_axi|               control|        scalar|
|s_axi_control_BVALID     |  out|    1|       s_axi|               control|        scalar|
|s_axi_control_BREADY     |   in|    1|       s_axi|               control|        scalar|
|s_axi_control_BRESP      |  out|    2|       s_axi|               control|        scalar|
|s_axi_control_r_AWVALID  |   in|    1|       s_axi|             control_r|        scalar|
|s_axi_control_r_AWREADY  |  out|    1|       s_axi|             control_r|        scalar|
|s_axi_control_r_AWADDR   |   in|    6|       s_axi|             control_r|        scalar|
|s_axi_control_r_WVALID   |   in|    1|       s_axi|             control_r|        scalar|
|s_axi_control_r_WREADY   |  out|    1|       s_axi|             control_r|        scalar|
|s_axi_control_r_WDATA    |   in|   32|       s_axi|             control_r|        scalar|
|s_axi_control_r_WSTRB    |   in|    4|       s_axi|             control_r|        scalar|
|s_axi_control_r_ARVALID  |   in|    1|       s_axi|             control_r|        scalar|
|s_axi_control_r_ARREADY  |  out|    1|       s_axi|             control_r|        scalar|
|s_axi_control_r_ARADDR   |   in|    6|       s_axi|             control_r|        scalar|
|s_axi_control_r_RVALID   |  out|    1|       s_axi|             control_r|        scalar|
|s_axi_control_r_RREADY   |   in|    1|       s_axi|             control_r|        scalar|
|s_axi_control_r_RDATA    |  out|   32|       s_axi|             control_r|        scalar|
|s_axi_control_r_RRESP    |  out|    2|       s_axi|             control_r|        scalar|
|s_axi_control_r_BVALID   |  out|    1|       s_axi|             control_r|        scalar|
|s_axi_control_r_BREADY   |   in|    1|       s_axi|             control_r|        scalar|
|s_axi_control_r_BRESP    |  out|    2|       s_axi|             control_r|        scalar|
|ap_clk                   |   in|    1|  ap_ctrl_hs|  task_detection_accel|  return value|
|ap_rst_n                 |   in|    1|  ap_ctrl_hs|  task_detection_accel|  return value|
|interrupt                |  out|    1|  ap_ctrl_hs|  task_detection_accel|  return value|
|m_axi_gmem0_AWVALID      |  out|    1|       m_axi|                 gmem0|       pointer|
|m_axi_gmem0_AWREADY      |   in|    1|       m_axi|                 gmem0|       pointer|
|m_axi_gmem0_AWADDR       |  out|   64|       m_axi|                 gmem0|       pointer|
|m_axi_gmem0_AWID         |  out|    1|       m_axi|                 gmem0|       pointer|
|m_axi_gmem0_AWLEN        |  out|    8|       m_axi|                 gmem0|       pointer|
|m_axi_gmem0_AWSIZE       |  out|    3|       m_axi|                 gmem0|       pointer|
|m_axi_gmem0_AWBURST      |  out|    2|       m_axi|                 gmem0|       pointer|
|m_axi_gmem0_AWLOCK       |  out|    2|       m_axi|                 gmem0|       pointer|
|m_axi_gmem0_AWCACHE      |  out|    4|       m_axi|                 gmem0|       pointer|
|m_axi_gmem0_AWPROT       |  out|    3|       m_axi|                 gmem0|       pointer|
|m_axi_gmem0_AWQOS        |  out|    4|       m_axi|                 gmem0|       pointer|
|m_axi_gmem0_AWREGION     |  out|    4|       m_axi|                 gmem0|       pointer|
|m_axi_gmem0_AWUSER       |  out|    1|       m_axi|                 gmem0|       pointer|
|m_axi_gmem0_WVALID       |  out|    1|       m_axi|                 gmem0|       pointer|
|m_axi_gmem0_WREADY       |   in|    1|       m_axi|                 gmem0|       pointer|
|m_axi_gmem0_WDATA        |  out|   32|       m_axi|                 gmem0|       pointer|
|m_axi_gmem0_WSTRB        |  out|    4|       m_axi|                 gmem0|       pointer|
|m_axi_gmem0_WLAST        |  out|    1|       m_axi|                 gmem0|       pointer|
|m_axi_gmem0_WID          |  out|    1|       m_axi|                 gmem0|       pointer|
|m_axi_gmem0_WUSER        |  out|    1|       m_axi|                 gmem0|       pointer|
|m_axi_gmem0_ARVALID      |  out|    1|       m_axi|                 gmem0|       pointer|
|m_axi_gmem0_ARREADY      |   in|    1|       m_axi|                 gmem0|       pointer|
|m_axi_gmem0_ARADDR       |  out|   64|       m_axi|                 gmem0|       pointer|
|m_axi_gmem0_ARID         |  out|    1|       m_axi|                 gmem0|       pointer|
|m_axi_gmem0_ARLEN        |  out|    8|       m_axi|                 gmem0|       pointer|
|m_axi_gmem0_ARSIZE       |  out|    3|       m_axi|                 gmem0|       pointer|
|m_axi_gmem0_ARBURST      |  out|    2|       m_axi|                 gmem0|       pointer|
|m_axi_gmem0_ARLOCK       |  out|    2|       m_axi|                 gmem0|       pointer|
|m_axi_gmem0_ARCACHE      |  out|    4|       m_axi|                 gmem0|       pointer|
|m_axi_gmem0_ARPROT       |  out|    3|       m_axi|                 gmem0|       pointer|
|m_axi_gmem0_ARQOS        |  out|    4|       m_axi|                 gmem0|       pointer|
|m_axi_gmem0_ARREGION     |  out|    4|       m_axi|                 gmem0|       pointer|
|m_axi_gmem0_ARUSER       |  out|    1|       m_axi|                 gmem0|       pointer|
|m_axi_gmem0_RVALID       |   in|    1|       m_axi|                 gmem0|       pointer|
|m_axi_gmem0_RREADY       |  out|    1|       m_axi|                 gmem0|       pointer|
|m_axi_gmem0_RDATA        |   in|   32|       m_axi|                 gmem0|       pointer|
|m_axi_gmem0_RLAST        |   in|    1|       m_axi|                 gmem0|       pointer|
|m_axi_gmem0_RID          |   in|    1|       m_axi|                 gmem0|       pointer|
|m_axi_gmem0_RUSER        |   in|    1|       m_axi|                 gmem0|       pointer|
|m_axi_gmem0_RRESP        |   in|    2|       m_axi|                 gmem0|       pointer|
|m_axi_gmem0_BVALID       |   in|    1|       m_axi|                 gmem0|       pointer|
|m_axi_gmem0_BREADY       |  out|    1|       m_axi|                 gmem0|       pointer|
|m_axi_gmem0_BRESP        |   in|    2|       m_axi|                 gmem0|       pointer|
|m_axi_gmem0_BID          |   in|    1|       m_axi|                 gmem0|       pointer|
|m_axi_gmem0_BUSER        |   in|    1|       m_axi|                 gmem0|       pointer|
|m_axi_gmem1_AWVALID      |  out|    1|       m_axi|                 gmem1|       pointer|
|m_axi_gmem1_AWREADY      |   in|    1|       m_axi|                 gmem1|       pointer|
|m_axi_gmem1_AWADDR       |  out|   64|       m_axi|                 gmem1|       pointer|
|m_axi_gmem1_AWID         |  out|    1|       m_axi|                 gmem1|       pointer|
|m_axi_gmem1_AWLEN        |  out|    8|       m_axi|                 gmem1|       pointer|
|m_axi_gmem1_AWSIZE       |  out|    3|       m_axi|                 gmem1|       pointer|
|m_axi_gmem1_AWBURST      |  out|    2|       m_axi|                 gmem1|       pointer|
|m_axi_gmem1_AWLOCK       |  out|    2|       m_axi|                 gmem1|       pointer|
|m_axi_gmem1_AWCACHE      |  out|    4|       m_axi|                 gmem1|       pointer|
|m_axi_gmem1_AWPROT       |  out|    3|       m_axi|                 gmem1|       pointer|
|m_axi_gmem1_AWQOS        |  out|    4|       m_axi|                 gmem1|       pointer|
|m_axi_gmem1_AWREGION     |  out|    4|       m_axi|                 gmem1|       pointer|
|m_axi_gmem1_AWUSER       |  out|    1|       m_axi|                 gmem1|       pointer|
|m_axi_gmem1_WVALID       |  out|    1|       m_axi|                 gmem1|       pointer|
|m_axi_gmem1_WREADY       |   in|    1|       m_axi|                 gmem1|       pointer|
|m_axi_gmem1_WDATA        |  out|   32|       m_axi|                 gmem1|       pointer|
|m_axi_gmem1_WSTRB        |  out|    4|       m_axi|                 gmem1|       pointer|
|m_axi_gmem1_WLAST        |  out|    1|       m_axi|                 gmem1|       pointer|
|m_axi_gmem1_WID          |  out|    1|       m_axi|                 gmem1|       pointer|
|m_axi_gmem1_WUSER        |  out|    1|       m_axi|                 gmem1|       pointer|
|m_axi_gmem1_ARVALID      |  out|    1|       m_axi|                 gmem1|       pointer|
|m_axi_gmem1_ARREADY      |   in|    1|       m_axi|                 gmem1|       pointer|
|m_axi_gmem1_ARADDR       |  out|   64|       m_axi|                 gmem1|       pointer|
|m_axi_gmem1_ARID         |  out|    1|       m_axi|                 gmem1|       pointer|
|m_axi_gmem1_ARLEN        |  out|    8|       m_axi|                 gmem1|       pointer|
|m_axi_gmem1_ARSIZE       |  out|    3|       m_axi|                 gmem1|       pointer|
|m_axi_gmem1_ARBURST      |  out|    2|       m_axi|                 gmem1|       pointer|
|m_axi_gmem1_ARLOCK       |  out|    2|       m_axi|                 gmem1|       pointer|
|m_axi_gmem1_ARCACHE      |  out|    4|       m_axi|                 gmem1|       pointer|
|m_axi_gmem1_ARPROT       |  out|    3|       m_axi|                 gmem1|       pointer|
|m_axi_gmem1_ARQOS        |  out|    4|       m_axi|                 gmem1|       pointer|
|m_axi_gmem1_ARREGION     |  out|    4|       m_axi|                 gmem1|       pointer|
|m_axi_gmem1_ARUSER       |  out|    1|       m_axi|                 gmem1|       pointer|
|m_axi_gmem1_RVALID       |   in|    1|       m_axi|                 gmem1|       pointer|
|m_axi_gmem1_RREADY       |  out|    1|       m_axi|                 gmem1|       pointer|
|m_axi_gmem1_RDATA        |   in|   32|       m_axi|                 gmem1|       pointer|
|m_axi_gmem1_RLAST        |   in|    1|       m_axi|                 gmem1|       pointer|
|m_axi_gmem1_RID          |   in|    1|       m_axi|                 gmem1|       pointer|
|m_axi_gmem1_RUSER        |   in|    1|       m_axi|                 gmem1|       pointer|
|m_axi_gmem1_RRESP        |   in|    2|       m_axi|                 gmem1|       pointer|
|m_axi_gmem1_BVALID       |   in|    1|       m_axi|                 gmem1|       pointer|
|m_axi_gmem1_BREADY       |  out|    1|       m_axi|                 gmem1|       pointer|
|m_axi_gmem1_BRESP        |   in|    2|       m_axi|                 gmem1|       pointer|
|m_axi_gmem1_BID          |   in|    1|       m_axi|                 gmem1|       pointer|
|m_axi_gmem1_BUSER        |   in|    1|       m_axi|                 gmem1|       pointer|
+-------------------------+-----+-----+------------+----------------------+--------------+

