

================================================================
== Vitis HLS Report for 'task_detection_accel_Pipeline_VITIS_LOOP_237_2'
================================================================
* Date:           Tue Jun 16 18:33:27 2026

* Version:        2025.2 (Build 6295257 on Nov 14 2025)
* Project:        task_detection_tpu
* Solution:       hls (Vivado IP Flow Target)
* Product family: kintex7
* Target device:  xc7k325t-ffg900-2


================================================================
== Performance Estimates
================================================================
+ Timing: 
    * Summary: 
    +--------+----------+----------+------------+
    |  Clock |  Target  | Estimated| Uncertainty|
    +--------+----------+----------+------------+
    |ap_clk  |  10.00 ns|  3.813 ns|     2.70 ns|
    +--------+----------+----------+------------+

+ Latency: 
    * Summary: 
    +---------+---------+----------+----------+-----+-----+-------------------+
    |  Latency (cycles) |  Latency (absolute) |  Interval |      Pipeline     |
    |   min   |   max   |    min   |    max   | min | max |        Type       |
    +---------+---------+----------+----------+-----+-----+-------------------+
    |       69|       69|  0.690 us|  0.690 us|    0|    0|  loop pipeline stp|
    +---------+---------+----------+----------+-----+-----+-------------------+

    + Detail: 
        * Instance: 
        N/A

        * Loop: 
        +--------------------+---------+---------+----------+-----------+-----------+------+----------+
        |                    |  Latency (cycles) | Iteration|  Initiation Interval  | Trip |          |
        |      Loop Name     |   min   |   max   |  Latency |  achieved |   target  | Count| Pipelined|
        +--------------------+---------+---------+----------+-----------+-----------+------+----------+
        |- VITIS_LOOP_237_2  |       67|       67|         5|          1|          1|    64|       yes|
        +--------------------+---------+---------+----------+-----------+-----------+------+----------+



================================================================
== Utilization Estimates
================================================================
* Summary: 
+-----------------+---------+-----+--------+--------+-----+
|       Name      | BRAM_18K| DSP |   FF   |   LUT  | URAM|
+-----------------+---------+-----+--------+--------+-----+
|DSP              |        -|    1|       -|       -|    -|
|Expression       |        -|    -|       0|      31|    -|
|FIFO             |        -|    -|       -|       -|    -|
|Instance         |        -|    -|       0|      33|    -|
|Memory           |        -|    -|       -|       -|    -|
|Multiplexer      |        -|    -|       0|      54|    -|
|Register         |        -|    -|     100|      32|    -|
+-----------------+---------+-----+--------+--------+-----+
|Total            |        0|    1|     100|     150|    0|
+-----------------+---------+-----+--------+--------+-----+
|Available        |      890|  840|  407600|  203800|    0|
+-----------------+---------+-----+--------+--------+-----+
|Utilization (%)  |        0|   ~0|      ~0|      ~0|    0|
+-----------------+---------+-----+--------+--------+-----+

+ Detail: 
    * Instance: 
    +-----------------------------+-----------------------+---------+----+---+----+-----+
    |           Instance          |         Module        | BRAM_18K| DSP| FF| LUT| URAM|
    +-----------------------------+-----------------------+---------+----+---+----+-----+
    |sparsemux_17_3_16_1_1_U1144  |sparsemux_17_3_16_1_1  |        0|   0|  0|  33|    0|
    +-----------------------------+-----------------------+---------+----+---+----+-----+
    |Total                        |                       |        0|   0|  0|  33|    0|
    +-----------------------------+-----------------------+---------+----+---+----+-----+

    * DSP: 
    +-------------------------------------+-------------------------------+--------------+
    |               Instance              |             Module            |  Expression  |
    +-------------------------------------+-------------------------------+--------------+
    |mac_muladd_16s_4ns_26s_26_4_1_U1145  |mac_muladd_16s_4ns_26s_26_4_1  |  i0 + i1 * i2|
    +-------------------------------------+-------------------------------+--------------+

    * Memory: 
    N/A

    * FIFO: 
    N/A

    * Expression: 
    +----------------------+----------+----+---+----+------------+------------+
    |     Variable Name    | Operation| DSP| FF| LUT| Bitwidth P0| Bitwidth P1|
    +----------------------+----------+----+---+----+------------+------------+
    |add_ln237_fu_237_p2   |         +|   0|  0|  14|           7|           1|
    |icmp_ln237_fu_231_p2  |      icmp|   0|  0|  15|           7|           8|
    |ap_enable_pp0         |       xor|   0|  0|   2|           1|           2|
    +----------------------+----------+----+---+----+------------+------------+
    |Total                 |          |   0|  0|  31|          15|          11|
    +----------------------+----------+----+---+----+------------+------------+

    * Multiplexer: 
    +-----------------------------+----+-----------+-----+-----------+
    |             Name            | LUT| Input Size| Bits| Total Bits|
    +-----------------------------+----+-----------+-----+-----------+
    |acc_fu_86                    |   9|          2|   16|         32|
    |ap_done_int                  |   9|          2|    1|          2|
    |ap_enable_reg_pp0_iter1      |   9|          2|    1|          2|
    |ap_sig_allocacmp_acc_load_1  |   9|          2|   16|         32|
    |ap_sig_allocacmp_i_2         |   9|          2|    7|         14|
    |i_fu_90                      |   9|          2|    7|         14|
    +-----------------------------+----+-----------+-----+-----------+
    |Total                        |  54|         12|   48|         96|
    +-----------------------------+----+-----------+-----+-----------+

    * Register: 
    +----------------------------------+----+----+-----+-----------+
    |               Name               | FF | LUT| Bits| Const Bits|
    +----------------------------------+----+----+-----+-----------+
    |acc_fu_86                         |  16|   0|   16|          0|
    |ap_CS_fsm                         |   1|   0|    1|          0|
    |ap_done_reg                       |   1|   0|    1|          0|
    |ap_enable_reg_pp0_iter1           |   1|   0|    1|          0|
    |ap_enable_reg_pp0_iter2           |   1|   0|    1|          0|
    |ap_enable_reg_pp0_iter3           |   1|   0|    1|          0|
    |ap_enable_reg_pp0_iter4           |   1|   0|    1|          0|
    |ap_loop_exit_ready_pp0_iter1_reg  |   1|   0|    1|          0|
    |ap_loop_exit_ready_pp0_iter2_reg  |   1|   0|    1|          0|
    |ap_loop_exit_ready_pp0_iter3_reg  |   1|   0|    1|          0|
    |i_fu_90                           |   7|   0|    7|          0|
    |icmp_ln237_reg_379                |   1|   0|    1|          0|
    |trunc_ln237_reg_383               |   3|   0|    3|          0|
    |icmp_ln237_reg_379                |  64|  32|    1|          0|
    +----------------------------------+----+----+-----+-----------+
    |Total                             | 100|  32|   37|          0|
    +----------------------------------+----+----+-----+-----------+



================================================================
== Interface
================================================================
* Summary: 
+-------------------------------------------------------------------------+-----+-----+------------+----------------------------------------------------------------+--------------+
|                                RTL Ports                                | Dir | Bits|  Protocol  |                          Source Object                         |    C Type    |
+-------------------------------------------------------------------------+-----+-----+------------+----------------------------------------------------------------+--------------+
|ap_clk                                                                   |   in|    1|  ap_ctrl_hs|                  task_detection_accel_Pipeline_VITIS_LOOP_237_2|  return value|
|ap_rst                                                                   |   in|    1|  ap_ctrl_hs|                  task_detection_accel_Pipeline_VITIS_LOOP_237_2|  return value|
|ap_start                                                                 |   in|    1|  ap_ctrl_hs|                  task_detection_accel_Pipeline_VITIS_LOOP_237_2|  return value|
|ap_done                                                                  |  out|    1|  ap_ctrl_hs|                  task_detection_accel_Pipeline_VITIS_LOOP_237_2|  return value|
|ap_idle                                                                  |  out|    1|  ap_ctrl_hs|                  task_detection_accel_Pipeline_VITIS_LOOP_237_2|  return value|
|ap_ready                                                                 |  out|    1|  ap_ctrl_hs|                  task_detection_accel_Pipeline_VITIS_LOOP_237_2|  return value|
|l3_address0                                                              |  out|    3|   ap_memory|                                                              l3|         array|
|l3_ce0                                                                   |  out|    1|   ap_memory|                                                              l3|         array|
|l3_q0                                                                    |   in|   16|   ap_memory|                                                              l3|         array|
|l3_1_address0                                                            |  out|    3|   ap_memory|                                                            l3_1|         array|
|l3_1_ce0                                                                 |  out|    1|   ap_memory|                                                            l3_1|         array|
|l3_1_q0                                                                  |   in|   16|   ap_memory|                                                            l3_1|         array|
|l3_2_address0                                                            |  out|    3|   ap_memory|                                                            l3_2|         array|
|l3_2_ce0                                                                 |  out|    1|   ap_memory|                                                            l3_2|         array|
|l3_2_q0                                                                  |   in|   16|   ap_memory|                                                            l3_2|         array|
|l3_3_address0                                                            |  out|    3|   ap_memory|                                                            l3_3|         array|
|l3_3_ce0                                                                 |  out|    1|   ap_memory|                                                            l3_3|         array|
|l3_3_q0                                                                  |   in|   16|   ap_memory|                                                            l3_3|         array|
|l3_4_address0                                                            |  out|    3|   ap_memory|                                                            l3_4|         array|
|l3_4_ce0                                                                 |  out|    1|   ap_memory|                                                            l3_4|         array|
|l3_4_q0                                                                  |   in|   16|   ap_memory|                                                            l3_4|         array|
|l3_5_address0                                                            |  out|    3|   ap_memory|                                                            l3_5|         array|
|l3_5_ce0                                                                 |  out|    1|   ap_memory|                                                            l3_5|         array|
|l3_5_q0                                                                  |   in|   16|   ap_memory|                                                            l3_5|         array|
|l3_6_address0                                                            |  out|    3|   ap_memory|                                                            l3_6|         array|
|l3_6_ce0                                                                 |  out|    1|   ap_memory|                                                            l3_6|         array|
|l3_6_q0                                                                  |   in|   16|   ap_memory|                                                            l3_6|         array|
|l3_7_address0                                                            |  out|    3|   ap_memory|                                                            l3_7|         array|
|l3_7_ce0                                                                 |  out|    1|   ap_memory|                                                            l3_7|         array|
|l3_7_q0                                                                  |   in|   16|   ap_memory|                                                            l3_7|         array|
|acc_out                                                                  |  out|   16|      ap_vld|                                                         acc_out|       pointer|
|acc_out_ap_vld                                                           |  out|    1|      ap_vld|                                                         acc_out|       pointer|
|linear_64_1_ap_fixed_16_6_5_3_0_ap_fixed_16_6_5_3_0_weights_41_address0  |  out|    6|   ap_memory|  linear_64_1_ap_fixed_16_6_5_3_0_ap_fixed_16_6_5_3_0_weights_41|         array|
|linear_64_1_ap_fixed_16_6_5_3_0_ap_fixed_16_6_5_3_0_weights_41_ce0       |  out|    1|   ap_memory|  linear_64_1_ap_fixed_16_6_5_3_0_ap_fixed_16_6_5_3_0_weights_41|         array|
|linear_64_1_ap_fixed_16_6_5_3_0_ap_fixed_16_6_5_3_0_weights_41_q0        |   in|    4|   ap_memory|  linear_64_1_ap_fixed_16_6_5_3_0_ap_fixed_16_6_5_3_0_weights_41|         array|
+-------------------------------------------------------------------------+-----+-----+------------+----------------------------------------------------------------+--------------+

