  **** HLS Build v2025.2 6295257
INFO: [HLS 200-2005] Using work_dir /home/dlohchab/projects/Verilog/DVCON/task_detection_tpu/tpu_integrated_accel/tpu_integrated_accel 
INFO: [HLS 200-2176] Writing Vitis IDE component file /home/dlohchab/projects/Verilog/DVCON/task_detection_tpu/tpu_integrated_accel/tpu_integrated_accel/vitis-comp.json
INFO: [HLS 200-10] Creating and opening component '/home/dlohchab/projects/Verilog/DVCON/task_detection_tpu/tpu_integrated_accel/tpu_integrated_accel'.
INFO: [HLS 200-1505] Using default flow_target 'vivado'
Resolution: For help on HLS 200-1505 see docs.amd.com/access/sources/dita/topic?Doc_Version=2025.2%20English&url=ug1448-hls-guidance&resourceid=200-1505.html
INFO: [HLS 200-2174] Applying component config ini file hls_config.cfg
INFO: [HLS 200-1465] Applying config ini 'syn.file=../task_detection_tpu/tpu_accel.cpp' from hls_config.cfg(9)
INFO: [HLS 200-10] Adding design file '/home/dlohchab/projects/Verilog/DVCON/task_detection_tpu/task_detection_tpu/tpu_accel.cpp' to the project
INFO: [HLS 200-1465] Applying config ini 'syn.file=../task_detection_tpu/pe.cpp' from hls_config.cfg(10)
INFO: [HLS 200-10] Adding design file '/home/dlohchab/projects/Verilog/DVCON/task_detection_tpu/task_detection_tpu/pe.cpp' to the project
INFO: [HLS 200-1465] Applying config ini 'syn.file=../task_detection_tpu/systolic_8x8.cpp' from hls_config.cfg(11)
INFO: [HLS 200-10] Adding design file '/home/dlohchab/projects/Verilog/DVCON/task_detection_tpu/task_detection_tpu/systolic_8x8.cpp' to the project
INFO: [HLS 200-1465] Applying config ini 'tb.file=../task_detection_tpu/tpu_accel_tb.cpp' from hls_config.cfg(7)
INFO: [HLS 200-10] Adding test bench file '/home/dlohchab/projects/Verilog/DVCON/task_detection_tpu/task_detection_tpu/tpu_accel_tb.cpp' to the project
INFO: [HLS 200-1465] Applying config ini 'syn.top=task_detection_accel' from hls_config.cfg(8)
INFO: [HLS 200-1465] Applying config ini 'flow_target=vivado' from hls_config.cfg(4)
INFO: [HLS 200-1505] Using flow_target 'vivado'
Resolution: For help on HLS 200-1505 see docs.amd.com/access/sources/dita/topic?Doc_Version=2025.2%20English&url=ug1448-hls-guidance&resourceid=200-1505.html
INFO: [HLS 200-1465] Applying config ini 'part=xc7k325tffg900-2' from hls_config.cfg(1)
INFO: [HLS 200-1611] Setting target device to 'xc7k325t-ffg900-2'
INFO: [HLS 200-1465] Applying config ini 'package.output.format=ip_catalog' from hls_config.cfg(5)
INFO: [HLS 200-2176] Writing Vitis IDE component file /home/dlohchab/projects/Verilog/DVCON/task_detection_tpu/tpu_integrated_accel/tpu_integrated_accel/vitis-comp.json
INFO: [HLS 200-111] Finished File checks and directory preparation: CPU user time: 6.28 seconds. CPU system time: 1.01 seconds. Elapsed time: 10.33 seconds; current allocated memory: 269.543 MB.
INFO: [HLS 200-2191] C-Synthesis will use clang-16 as the compiler
INFO: [HLS 200-10] Analyzing design file '../task_detection_tpu/systolic_8x8.cpp' ... 
INFO: [HLS 200-10] Analyzing design file '../task_detection_tpu/pe.cpp' ... 
INFO: [HLS 200-10] Analyzing design file '../task_detection_tpu/tpu_accel.cpp' ... 
WARNING: [HLS 214-114] Since the only kind of statements allowed in a canonical dataflow region are variable declarations and function calls, the compiler may not be able to correctly handle the region (../task_detection_tpu/tpu_accel.cpp:198:9)
Resolution: For help on HLS 214-114 see docs.amd.com/access/sources/dita/topic?Doc_Version=2025.2%20English&url=ug1448-hls-guidance&resourceid=214-114.html
WARNING: [HLS 200-471] Dataflow form checks found 1 issue(s) in file ../task_detection_tpu/tpu_accel.cpp
Resolution: For help on HLS 200-471 see docs.amd.com/access/sources/dita/topic?Doc_Version=2025.2%20English&url=ug1448-hls-guidance&resourceid=200-471.html
INFO: [HLS 200-111] Finished Source Code Analysis and Preprocessing: CPU user time: 28.15 seconds. CPU system time: 2.51 seconds. Elapsed time: 34.39 seconds; current allocated memory: 271.988 MB.
INFO: [HLS 200-777] Using interface defaults for 'Vivado' flow target.
INFO: [HLS 200-1995] There were 13,958 instructions in the design after the 'Compile/Link' phase of compilation. See the Design Size Report for more details (/home/dlohchab/projects/Verilog/DVCON/task_detection_tpu/tpu_integrated_accel/tpu_integrated_accel/hls/syn/report/csynth_design_size.rpt:2)
INFO: [HLS 200-1995] There were 39,335 instructions in the design after the 'Unroll/Inline (step 1)' phase of compilation. See the Design Size Report for more details (/home/dlohchab/projects/Verilog/DVCON/task_detection_tpu/tpu_integrated_accel/tpu_integrated_accel/hls/syn/report/csynth_design_size.rpt:2)
INFO: [HLS 200-1995] There were 18,618 instructions in the design after the 'Unroll/Inline (step 2)' phase of compilation. See the Design Size Report for more details (/home/dlohchab/projects/Verilog/DVCON/task_detection_tpu/tpu_integrated_accel/tpu_integrated_accel/hls/syn/report/csynth_design_size.rpt:2)
INFO: [HLS 200-1995] There were 18,511 instructions in the design after the 'Unroll/Inline (step 3)' phase of compilation. See the Design Size Report for more details (/home/dlohchab/projects/Verilog/DVCON/task_detection_tpu/tpu_integrated_accel/tpu_integrated_accel/hls/syn/report/csynth_design_size.rpt:2)
INFO: [HLS 200-1995] There were 18,504 instructions in the design after the 'Unroll/Inline (step 4)' phase of compilation. See the Design Size Report for more details (/home/dlohchab/projects/Verilog/DVCON/task_detection_tpu/tpu_integrated_accel/tpu_integrated_accel/hls/syn/report/csynth_design_size.rpt:2)
INFO: [HLS 200-1995] There were 19,036 instructions in the design after the 'Array/Struct (step 1)' phase of compilation. See the Design Size Report for more details (/home/dlohchab/projects/Verilog/DVCON/task_detection_tpu/tpu_integrated_accel/tpu_integrated_accel/hls/syn/report/csynth_design_size.rpt:2)
INFO: [HLS 200-1995] There were 18,997 instructions in the design after the 'Array/Struct (step 2)' phase of compilation. See the Design Size Report for more details (/home/dlohchab/projects/Verilog/DVCON/task_detection_tpu/tpu_integrated_accel/tpu_integrated_accel/hls/syn/report/csynth_design_size.rpt:2)
INFO: [HLS 200-1995] There were 18,997 instructions in the design after the 'Array/Struct (step 3)' phase of compilation. See the Design Size Report for more details (/home/dlohchab/projects/Verilog/DVCON/task_detection_tpu/tpu_integrated_accel/tpu_integrated_accel/hls/syn/report/csynth_design_size.rpt:2)
INFO: [HLS 200-1995] There were 18,997 instructions in the design after the 'Array/Struct (step 4)' phase of compilation. See the Design Size Report for more details (/home/dlohchab/projects/Verilog/DVCON/task_detection_tpu/tpu_integrated_accel/tpu_integrated_accel/hls/syn/report/csynth_design_size.rpt:2)
INFO: [HLS 200-1995] There were 20,526 instructions in the design after the 'Array/Struct (step 5)' phase of compilation. See the Design Size Report for more details (/home/dlohchab/projects/Verilog/DVCON/task_detection_tpu/tpu_integrated_accel/tpu_integrated_accel/hls/syn/report/csynth_design_size.rpt:2)
INFO: [HLS 200-1995] There were 18,683 instructions in the design after the 'Performance (step 1)' phase of compilation. See the Design Size Report for more details (/home/dlohchab/projects/Verilog/DVCON/task_detection_tpu/tpu_integrated_accel/tpu_integrated_accel/hls/syn/report/csynth_design_size.rpt:2)
INFO: [HLS 200-1995] There were 14,300 instructions in the design after the 'Performance (step 2)' phase of compilation. See the Design Size Report for more details (/home/dlohchab/projects/Verilog/DVCON/task_detection_tpu/tpu_integrated_accel/tpu_integrated_accel/hls/syn/report/csynth_design_size.rpt:2)
INFO: [HLS 200-1995] There were 14,276 instructions in the design after the 'Performance (step 3)' phase of compilation. See the Design Size Report for more details (/home/dlohchab/projects/Verilog/DVCON/task_detection_tpu/tpu_integrated_accel/tpu_integrated_accel/hls/syn/report/csynth_design_size.rpt:2)
INFO: [HLS 200-1995] There were 10,277 instructions in the design after the 'Performance (step 4)' phase of compilation. See the Design Size Report for more details (/home/dlohchab/projects/Verilog/DVCON/task_detection_tpu/tpu_integrated_accel/tpu_integrated_accel/hls/syn/report/csynth_design_size.rpt:2)
WARNING: [HLS 214-273] In function 'rawBitsToFloat(unsigned long)', INLINE (Xilinx/2025.2/Vitis/common/technology/autopilot/etc/ap_common.h:762:23) of a non dataflow function into a region with DATAFLOW (../task_detection_tpu/tpu_accel.cpp:198:1) may break the canonical form (Xilinx/2025.2/Vitis/common/technology/autopilot/etc/ap_common.h:762:0)
INFO: [HLS 214-291] Loop 'VITIS_LOOP_36_3' is marked as complete unroll implied by the pipeline pragma (../task_detection_tpu/tpu_accel.cpp:36:26)
INFO: [HLS 214-291] Loop 'VITIS_LOOP_25_2' is marked as complete unroll implied by the pipeline pragma (../task_detection_tpu/tpu_accel.cpp:25:26)
INFO: [HLS 214-291] Loop 'VITIS_LOOP_62_6' is marked as complete unroll implied by the pipeline pragma (../task_detection_tpu/systolic_8x8.cpp:62:22)
INFO: [HLS 214-291] Loop 'VITIS_LOOP_64_7' is marked as complete unroll implied by the pipeline pragma (../task_detection_tpu/systolic_8x8.cpp:64:26)
INFO: [HLS 214-291] Loop 'VITIS_LOOP_43_4' is marked as complete unroll implied by the pipeline pragma (../task_detection_tpu/systolic_8x8.cpp:43:22)
INFO: [HLS 214-291] Loop 'VITIS_LOOP_45_5' is marked as complete unroll implied by the pipeline pragma (../task_detection_tpu/systolic_8x8.cpp:45:26)
INFO: [HLS 214-291] Loop 'VITIS_LOOP_36_3' is marked as complete unroll implied by the pipeline pragma (../task_detection_tpu/systolic_8x8.cpp:36:22)
INFO: [HLS 214-291] Loop 'VITIS_LOOP_26_1' is marked as complete unroll implied by the pipeline pragma (../task_detection_tpu/systolic_8x8.cpp:26:26)
INFO: [HLS 214-291] Loop 'VITIS_LOOP_28_2' is marked as complete unroll implied by the pipeline pragma (../task_detection_tpu/systolic_8x8.cpp:28:30)
INFO: [HLS 214-186] Unrolling loop 'VITIS_LOOP_40_4' (../task_detection_tpu/tpu_accel.cpp:40:22) in function 'run_mac_tile' completely with a factor of 8 (../task_detection_tpu/tpu_accel.cpp:6:0)
INFO: [HLS 214-186] Unrolling loop 'VITIS_LOOP_36_3' (../task_detection_tpu/tpu_accel.cpp:36:26) in function 'run_mac_tile' completely with a factor of 8 (../task_detection_tpu/tpu_accel.cpp:6:0)
INFO: [HLS 214-186] Unrolling loop 'VITIS_LOOP_25_2' (../task_detection_tpu/tpu_accel.cpp:25:26) in function 'run_mac_tile' completely with a factor of 8 (../task_detection_tpu/tpu_accel.cpp:6:0)
INFO: [HLS 214-186] Unrolling loop 'VITIS_LOOP_15_1' (../task_detection_tpu/tpu_accel.cpp:15:22) in function 'run_mac_tile' completely with a factor of 8 (../task_detection_tpu/tpu_accel.cpp:6:0)
INFO: [HLS 214-186] Unrolling loop 'VITIS_LOOP_62_6' (../task_detection_tpu/systolic_8x8.cpp:62:22) in function 'systolic_8x8' completely with a factor of 8 (../task_detection_tpu/systolic_8x8.cpp:13:0)
INFO: [HLS 214-186] Unrolling loop 'VITIS_LOOP_64_7' (../task_detection_tpu/systolic_8x8.cpp:64:26) in function 'systolic_8x8' completely with a factor of 8 (../task_detection_tpu/systolic_8x8.cpp:13:0)
INFO: [HLS 214-186] Unrolling loop 'VITIS_LOOP_43_4' (../task_detection_tpu/systolic_8x8.cpp:43:22) in function 'systolic_8x8' completely with a factor of 8 (../task_detection_tpu/systolic_8x8.cpp:13:0)
INFO: [HLS 214-186] Unrolling loop 'VITIS_LOOP_45_5' (../task_detection_tpu/systolic_8x8.cpp:45:26) in function 'systolic_8x8' completely with a factor of 8 (../task_detection_tpu/systolic_8x8.cpp:13:0)
INFO: [HLS 214-186] Unrolling loop 'VITIS_LOOP_36_3' (../task_detection_tpu/systolic_8x8.cpp:36:22) in function 'systolic_8x8' completely with a factor of 8 (../task_detection_tpu/systolic_8x8.cpp:13:0)
INFO: [HLS 214-186] Unrolling loop 'VITIS_LOOP_26_1' (../task_detection_tpu/systolic_8x8.cpp:26:26) in function 'systolic_8x8' completely with a factor of 8 (../task_detection_tpu/systolic_8x8.cpp:13:0)
INFO: [HLS 214-186] Unrolling loop 'VITIS_LOOP_28_2' (../task_detection_tpu/systolic_8x8.cpp:28:30) in function 'systolic_8x8' completely with a factor of 9 (../task_detection_tpu/systolic_8x8.cpp:13:0)
INFO: [HLS 214-248] Applying array_partition to '_ZZ12systolic_8x8P8ap_fixedILi16ELi6EL9ap_q_mode5EL9ap_o_mode3ELi0EES3_PA8_S2_bE6b_wire': Complete partitioning on dimension 1. Complete partitioning on dimension 2. (../task_detection_tpu/systolic_8x8.cpp:22:0)
INFO: [HLS 214-248] Applying array_partition to '_ZZ12systolic_8x8P8ap_fixedILi16ELi6EL9ap_q_mode5EL9ap_o_mode3ELi0EES3_PA8_S2_bE6a_wire': Complete partitioning on dimension 1. Complete partitioning on dimension 2. (../task_detection_tpu/systolic_8x8.cpp:19:0)
INFO: [HLS 214-248] Applying array_partition to '_ZZ12systolic_8x8P8ap_fixedILi16ELi6EL9ap_q_mode5EL9ap_o_mode3ELi0EES3_PA8_S2_bE3acc': Complete partitioning on dimension 1. Complete partitioning on dimension 2. (../task_detection_tpu/systolic_8x8.cpp:16:0)
INFO: [HLS 214-248] Applying array_partition to 'y_tile': Complete partitioning on dimension 1. (../task_detection_tpu/tpu_accel.cpp:71:16)
INFO: [HLS 214-248] Applying array_partition to 'w_tile': Complete partitioning on dimension 1. Complete partitioning on dimension 2. (../task_detection_tpu/tpu_accel.cpp:73:20)
INFO: [HLS 214-248] Applying array_partition to 'x_tile': Complete partitioning on dimension 1. (../task_detection_tpu/tpu_accel.cpp:73:34)
INFO: [HLS 214-248] Applying array_partition to 'y_tile': Complete partitioning on dimension 1. (../task_detection_tpu/tpu_accel.cpp:111:16)
INFO: [HLS 214-248] Applying array_partition to 'w_tile': Complete partitioning on dimension 1. Complete partitioning on dimension 2. (../task_detection_tpu/tpu_accel.cpp:113:20)
INFO: [HLS 214-248] Applying array_partition to 'x_tile': Complete partitioning on dimension 1. (../task_detection_tpu/tpu_accel.cpp:113:34)
INFO: [HLS 214-248] Applying array_partition to 'y_tile': Complete partitioning on dimension 1. (../task_detection_tpu/tpu_accel.cpp:151:16)
INFO: [HLS 214-248] Applying array_partition to 'w_tile': Complete partitioning on dimension 1. Complete partitioning on dimension 2. (../task_detection_tpu/tpu_accel.cpp:153:20)
INFO: [HLS 214-248] Applying array_partition to 'x_tile': Complete partitioning on dimension 1. (../task_detection_tpu/tpu_accel.cpp:153:34)
INFO: [HLS 214-376] Pipelining loop< VITIS_LOOP_175_1> at ../task_detection_tpu/tpu_accel.cpp:175:27 due to pipeline_loops threshold
INFO: [HLS 214-376] Pipelining loop< VITIS_LOOP_141_2> at ../task_detection_tpu/tpu_accel.cpp:141:27 due to pipeline_loops threshold
INFO: [HLS 214-376] Pipelining loop< VITIS_LOOP_145_6> at ../task_detection_tpu/tpu_accel.cpp:145:39 due to pipeline_loops threshold
INFO: [HLS 214-376] Pipelining loop< VITIS_LOOP_154_9> at ../task_detection_tpu/tpu_accel.cpp:154:31 due to pipeline_loops threshold
INFO: [HLS 214-376] Pipelining loop< unknown> at ../task_detection_tpu/tpu_accel.cpp:151:28 due to pipeline_loops threshold
INFO: [HLS 214-376] Pipelining loop< VITIS_LOOP_101_2> at ../task_detection_tpu/tpu_accel.cpp:101:27 due to pipeline_loops threshold
INFO: [HLS 214-376] Pipelining loop< VITIS_LOOP_105_6> at ../task_detection_tpu/tpu_accel.cpp:105:39 due to pipeline_loops threshold
INFO: [HLS 214-376] Pipelining loop< VITIS_LOOP_114_9> at ../task_detection_tpu/tpu_accel.cpp:114:31 due to pipeline_loops threshold
INFO: [HLS 214-376] Pipelining loop< unknown> at ../task_detection_tpu/tpu_accel.cpp:111:28 due to pipeline_loops threshold
INFO: [HLS 214-376] Pipelining loop< VITIS_LOOP_55_2> at ../task_detection_tpu/tpu_accel.cpp:55:22 due to pipeline_loops threshold
INFO: [HLS 214-376] Pipelining loop< VITIS_LOOP_61_3> at ../task_detection_tpu/tpu_accel.cpp:61:26 due to pipeline_loops threshold
INFO: [HLS 214-376] Pipelining loop< VITIS_LOOP_65_7> at ../task_detection_tpu/tpu_accel.cpp:65:38 due to pipeline_loops threshold
INFO: [HLS 214-376] Pipelining loop< VITIS_LOOP_74_10> at ../task_detection_tpu/tpu_accel.cpp:74:31 due to pipeline_loops threshold
INFO: [HLS 214-376] Pipelining loop< unknown> at ../task_detection_tpu/tpu_accel.cpp:71:28 due to pipeline_loops threshold
INFO: [HLS 214-291] Loop 'VITIS_LOOP_156_10' is marked as complete unroll implied by the pipeline pragma (../task_detection_tpu/tpu_accel.cpp:156:36)
INFO: [HLS 214-291] Loop 'VITIS_LOOP_116_10' is marked as complete unroll implied by the pipeline pragma (../task_detection_tpu/tpu_accel.cpp:116:36)
INFO: [HLS 214-291] Loop 'VITIS_LOOP_76_11' is marked as complete unroll implied by the pipeline pragma (../task_detection_tpu/tpu_accel.cpp:76:35)
INFO: [HLS 214-186] Unrolling loop 'VITIS_LOOP_156_10' (../task_detection_tpu/tpu_accel.cpp:156:36) in function 'tpu_layer_3' completely with a factor of 8 (../task_detection_tpu/tpu_accel.cpp:130:0)
INFO: [HLS 214-186] Unrolling loop 'VITIS_LOOP_116_10' (../task_detection_tpu/tpu_accel.cpp:116:36) in function 'tpu_layer_2' completely with a factor of 8 (../task_detection_tpu/tpu_accel.cpp:90:0)
INFO: [HLS 214-186] Unrolling loop 'VITIS_LOOP_76_11' (../task_detection_tpu/tpu_accel.cpp:76:35) in function 'tpu_layer_1' completely with a factor of 8 (../task_detection_tpu/tpu_accel.cpp:49:0)
INFO: [HLS 214-364] Automatically inlining function 'systolic_8x8(ap_fixed<16, 6, (ap_q_mode)5, (ap_o_mode)3, 0>*, ap_fixed<16, 6, (ap_q_mode)5, (ap_o_mode)3, 0>*, ap_fixed<16, 6, (ap_q_mode)5, (ap_o_mode)3, 0> (*) [8], bool)' to improve effectiveness of pipeline pragma in function 'run_mac_tile(ap_fixed<16, 6, (ap_q_mode)5, (ap_o_mode)3, 0> (*) [8], ap_fixed<16, 6, (ap_q_mode)5, (ap_o_mode)3, 0>*, ap_fixed<16, 6, (ap_q_mode)5, (ap_o_mode)3, 0>*)' (../task_detection_tpu/tpu_accel.cpp:30:9)
INFO: [HLS 214-364] Automatically inlining function 'systolic_8x8(ap_fixed<16, 6, (ap_q_mode)5, (ap_o_mode)3, 0>*, ap_fixed<16, 6, (ap_q_mode)5, (ap_o_mode)3, 0>*, ap_fixed<16, 6, (ap_q_mode)5, (ap_o_mode)3, 0> (*) [8], bool)' to improve effectiveness of pipeline pragma in function 'run_mac_tile(ap_fixed<16, 6, (ap_q_mode)5, (ap_o_mode)3, 0> (*) [8], ap_fixed<16, 6, (ap_q_mode)5, (ap_o_mode)3, 0>*, ap_fixed<16, 6, (ap_q_mode)5, (ap_o_mode)3, 0>*)' (../task_detection_tpu/tpu_accel.cpp:37:9)
INFO: [HLS 214-364] Automatically inlining function 'mac_pe(ap_fixed<16, 6, (ap_q_mode)5, (ap_o_mode)3, 0>, ap_fixed<16, 6, (ap_q_mode)5, (ap_o_mode)3, 0>, ap_fixed<16, 6, (ap_q_mode)5, (ap_o_mode)3, 0>&, ap_fixed<16, 6, (ap_q_mode)5, (ap_o_mode)3, 0>&, ap_fixed<16, 6, (ap_q_mode)5, (ap_o_mode)3, 0>&)' to improve effectiveness of pipeline pragma in function 'run_mac_tile(ap_fixed<16, 6, (ap_q_mode)5, (ap_o_mode)3, 0> (*) [8], ap_fixed<16, 6, (ap_q_mode)5, (ap_o_mode)3, 0>*, ap_fixed<16, 6, (ap_q_mode)5, (ap_o_mode)3, 0>*)' (../task_detection_tpu/systolic_8x8.cpp:52:13)
INFO: [HLS 214-364] Automatically inlining function 'mac_pe(ap_fixed<16, 6, (ap_q_mode)5, (ap_o_mode)3, 0>, ap_fixed<16, 6, (ap_q_mode)5, (ap_o_mode)3, 0>, ap_fixed<16, 6, (ap_q_mode)5, (ap_o_mode)3, 0>&, ap_fixed<16, 6, (ap_q_mode)5, (ap_o_mode)3, 0>&, ap_fixed<16, 6, (ap_q_mode)5, (ap_o_mode)3, 0>&)' to improve effectiveness of pipeline pragma in function 'systolic_8x8(ap_fixed<16, 6, (ap_q_mode)5, (ap_o_mode)3, 0>*, ap_fixed<16, 6, (ap_q_mode)5, (ap_o_mode)3, 0>*, ap_fixed<16, 6, (ap_q_mode)5, (ap_o_mode)3, 0> (*) [8], bool)' (../task_detection_tpu/systolic_8x8.cpp:52:13)
INFO: [HLS 214-449] Partitioning array 'A_in' dimension 1 due to constant index. (../task_detection_tpu/tpu_accel.cpp:13:12)
INFO: [HLS 214-449] Partitioning array 'B_in' dimension 1 due to constant index. (../task_detection_tpu/tpu_accel.cpp:13:21)
INFO: [HLS 214-449] Partitioning array 'C_out' dimension 1 due to constant index. (../task_detection_tpu/tpu_accel.cpp:13:30)
INFO: [HLS 214-449] Partitioning array 'C_out' dimension 2 due to constant index. (../task_detection_tpu/tpu_accel.cpp:13:30)
INFO: [HLS 214-270] Inferring pragma 'array_partition type=complete dim=4' for array 'tpu_layer_1(hls::stream<ap_fixed<16, 6, (ap_q_mode)5, (ap_o_mode)3, 0>, 0>&, hls::stream<ap_fixed<16, 6, (ap_q_mode)5, (ap_o_mode)3, 0>, 0>&)::weights' due to pipeline pragma (../task_detection_tpu/tpu_accel.cpp:57:0)
INFO: [HLS 214-270] Inferring pragma 'array_partition type=complete dim=4' for array 'tpu_layer_2(hls::stream<ap_fixed<16, 6, (ap_q_mode)5, (ap_o_mode)3, 0>, 0>&, hls::stream<ap_fixed<16, 6, (ap_q_mode)5, (ap_o_mode)3, 0>, 0>&)::weights' due to pipeline pragma (../task_detection_tpu/tpu_accel.cpp:97:0)
INFO: [HLS 214-270] Inferring pragma 'array_partition type=complete dim=4' for array 'tpu_layer_3(hls::stream<ap_fixed<16, 6, (ap_q_mode)5, (ap_o_mode)3, 0>, 0>&, hls::stream<ap_fixed<16, 6, (ap_q_mode)5, (ap_o_mode)3, 0>, 0>&)::weights' due to pipeline pragma (../task_detection_tpu/tpu_accel.cpp:137:0)
INFO: [HLS 214-248] Applying array_partition to '_ZZ11tpu_layer_3RN3hls6streamI8ap_fixedILi16ELi6EL9ap_q_mode5EL9ap_o_mode3ELi0EELi0EEES6_E7weights': Complete partitioning on dimension 4. (../task_detection_tpu/tpu_accel.cpp:137:0)
INFO: [HLS 214-248] Applying array_partition to '_ZZ11tpu_layer_2RN3hls6streamI8ap_fixedILi16ELi6EL9ap_q_mode5EL9ap_o_mode3ELi0EELi0EEES6_E7weights': Complete partitioning on dimension 4. (../task_detection_tpu/tpu_accel.cpp:97:0)
INFO: [HLS 214-248] Applying array_partition to '_ZZ11tpu_layer_1RN3hls6streamI8ap_fixedILi16ELi6EL9ap_q_mode5EL9ap_o_mode3ELi0EELi0EEES6_E7weights': Complete partitioning on dimension 4. (../task_detection_tpu/tpu_accel.cpp:57:0)
INFO: [HLS 214-248] Applying array_partition to 'A_in': Complete partitioning on dimension 1. (../task_detection_tpu/tpu_accel.cpp:13:12)
INFO: [HLS 214-248] Applying array_partition to 'B_in': Complete partitioning on dimension 1. (../task_detection_tpu/tpu_accel.cpp:13:21)
INFO: [HLS 214-248] Applying array_partition to 'C_out': Complete partitioning on dimension 1. Complete partitioning on dimension 2. (../task_detection_tpu/tpu_accel.cpp:13:30)
INFO: [HLS 214-115] Multiple burst reads of length 180 and bit width 32 in loop 'VITIS_LOOP_207_1'(../task_detection_tpu/tpu_accel.cpp:207:23) has been inferred on bundle 'gmem0'. These burst requests might be further partitioned into multiple requests during RTL generation, based on max_read_burst_length or max_write_burst_length settings. (../task_detection_tpu/tpu_accel.cpp:207:23)
INFO: [HLS 214-455] Changing loop 'Loop_VITIS_LOOP_207_1_proc' (../task_detection_tpu/tpu_accel.cpp:207:23) to a process function for dataflow in function 'task_detection_accel' (../task_detection_tpu/tpu_accel.cpp:207:23)
INFO: [HLS 200-111] Finished Compiling Optimization and Transform: CPU user time: 10.44 seconds. CPU system time: 0.74 seconds. Elapsed time: 12.84 seconds; current allocated memory: 279.430 MB.
INFO: [HLS 200-111] Finished Checking Pragmas: CPU user time: 0.01 seconds. CPU system time: 0 seconds. Elapsed time: 0 seconds; current allocated memory: 279.430 MB.
INFO: [HLS 200-10] Starting code transformations ...
INFO: [HLS 200-111] Finished Standard Transforms: CPU user time: 0.32 seconds. CPU system time: 0 seconds. Elapsed time: 0.39 seconds; current allocated memory: 283.660 MB.
INFO: [HLS 200-10] Checking synthesizability ...
INFO: [HLS 200-111] Finished Checking Synthesizability: CPU user time: 0.34 seconds. CPU system time: 0.01 seconds. Elapsed time: 0.36 seconds; current allocated memory: 287.508 MB.
WARNING: [HLS 200-805] An internal stream 'stream_in' (../task_detection_tpu/tpu_accel.cpp:201) with default size can result in deadlock. Please consider resizing the stream using the directive 'set_directive_stream' or the 'HLS stream' pragma.
WARNING: [HLS 200-805] An internal stream 'stream_l1_to_l2' (../task_detection_tpu/tpu_accel.cpp:202) with default size can result in deadlock. Please consider resizing the stream using the directive 'set_directive_stream' or the 'HLS stream' pragma.
WARNING: [HLS 200-805] An internal stream 'stream_l2_to_l3' (../task_detection_tpu/tpu_accel.cpp:203) with default size can result in deadlock. Please consider resizing the stream using the directive 'set_directive_stream' or the 'HLS stream' pragma.
WARNING: [HLS 200-805] An internal stream 'stream_l3_to_l4' (../task_detection_tpu/tpu_accel.cpp:204) with default size can result in deadlock. Please consider resizing the stream using the directive 'set_directive_stream' or the 'HLS stream' pragma.
INFO: [XFORM 203-712] Applying dataflow to function 'task_detection_accel' (../task_detection_tpu/tpu_accel.cpp:191:1), detected/extracted 8 process function(s): 
	 'entry_proc'
	 'Loop_VITIS_LOOP_207_1_proc'
	 'tpu_layer_1'
	 'tpu_layer_2'
	 'tpu_layer_3'
	 'scalar_layer_4'
	 'Block_for.end_proc'
	 'Block_entry_proc'.
INFO: [XFORM 203-401] Performing if-conversion on hyperblock from (../task_detection_tpu/tpu_accel.cpp:24:1) to (../task_detection_tpu/tpu_accel.cpp:23:5) in function 'run_mac_tile'... converting 17 basic blocks.
INFO: [XFORM 203-401] Performing if-conversion on hyperblock from (../task_detection_tpu/tpu_accel.cpp:208:1) to (../task_detection_tpu/tpu_accel.cpp:207:23) in function 'Loop_VITIS_LOOP_207_1_proc'... converting 7 basic blocks.
INFO: [XFORM 203-401] Performing if-conversion on hyperblock from (../task_detection_tpu/tpu_accel.cpp:221:24) in function 'Block_for.end_proc'... converting 3 basic blocks.
INFO: [HLS 200-111] Finished Loop, function and other optimizations: CPU user time: 1.81 seconds. CPU system time: 0.04 seconds. Elapsed time: 2.07 seconds; current allocated memory: 321.031 MB.
INFO: [HLS 200-2061] Successfully converted nested loops 'VITIS_LOOP_144_5'(../task_detection_tpu/tpu_accel.cpp:144:35) and 'VITIS_LOOP_145_6'(../task_detection_tpu/tpu_accel.cpp:145:39) in function 'tpu_layer_3' into perfectly nested loops.
INFO: [HLS 200-2061] Successfully converted nested loops 'VITIS_LOOP_143_4'(../task_detection_tpu/tpu_accel.cpp:143:31) and 'VITIS_LOOP_144_5'(../task_detection_tpu/tpu_accel.cpp:144:35) in function 'tpu_layer_3' into perfectly nested loops.
INFO: [HLS 200-2061] Successfully converted nested loops 'VITIS_LOOP_142_3'(../task_detection_tpu/tpu_accel.cpp:142:27) and 'VITIS_LOOP_143_4'(../task_detection_tpu/tpu_accel.cpp:143:31) in function 'tpu_layer_3' into perfectly nested loops.
INFO: [HLS 200-2061] Successfully converted nested loops 'VITIS_LOOP_104_5'(../task_detection_tpu/tpu_accel.cpp:104:35) and 'VITIS_LOOP_105_6'(../task_detection_tpu/tpu_accel.cpp:105:39) in function 'tpu_layer_2' into perfectly nested loops.
INFO: [HLS 200-2061] Successfully converted nested loops 'VITIS_LOOP_103_4'(../task_detection_tpu/tpu_accel.cpp:103:31) and 'VITIS_LOOP_104_5'(../task_detection_tpu/tpu_accel.cpp:104:35) in function 'tpu_layer_2' into perfectly nested loops.
INFO: [HLS 200-2061] Successfully converted nested loops 'VITIS_LOOP_102_3'(../task_detection_tpu/tpu_accel.cpp:102:27) and 'VITIS_LOOP_103_4'(../task_detection_tpu/tpu_accel.cpp:103:31) in function 'tpu_layer_2' into perfectly nested loops.
INFO: [HLS 200-2061] Successfully converted nested loops 'VITIS_LOOP_64_6'(../task_detection_tpu/tpu_accel.cpp:64:34) and 'VITIS_LOOP_65_7'(../task_detection_tpu/tpu_accel.cpp:65:38) in function 'tpu_layer_1' into perfectly nested loops.
INFO: [HLS 200-2061] Successfully converted nested loops 'VITIS_LOOP_63_5'(../task_detection_tpu/tpu_accel.cpp:63:30) and 'VITIS_LOOP_64_6'(../task_detection_tpu/tpu_accel.cpp:64:34) in function 'tpu_layer_1' into perfectly nested loops.
INFO: [HLS 200-2061] Successfully converted nested loops 'VITIS_LOOP_62_4'(../task_detection_tpu/tpu_accel.cpp:62:26) and 'VITIS_LOOP_63_5'(../task_detection_tpu/tpu_accel.cpp:63:30) in function 'tpu_layer_1' into perfectly nested loops.
INFO: [XFORM 203-541] Flattening a loop nest 'VITIS_LOOP_144_5' (../task_detection_tpu/tpu_accel.cpp:144:35) in function 'tpu_layer_3'.
INFO: [XFORM 203-541] Flattening a loop nest 'VITIS_LOOP_143_4' (../task_detection_tpu/tpu_accel.cpp:143:31) in function 'tpu_layer_3'.
INFO: [XFORM 203-541] Flattening a loop nest 'VITIS_LOOP_142_3' (../task_detection_tpu/tpu_accel.cpp:142:27) in function 'tpu_layer_3'.
INFO: [XFORM 203-541] Flattening a loop nest 'VITIS_LOOP_104_5' (../task_detection_tpu/tpu_accel.cpp:104:35) in function 'tpu_layer_2'.
INFO: [XFORM 203-541] Flattening a loop nest 'VITIS_LOOP_103_4' (../task_detection_tpu/tpu_accel.cpp:103:31) in function 'tpu_layer_2'.
INFO: [XFORM 203-541] Flattening a loop nest 'VITIS_LOOP_102_3' (../task_detection_tpu/tpu_accel.cpp:102:27) in function 'tpu_layer_2'.
INFO: [XFORM 203-541] Flattening a loop nest 'VITIS_LOOP_64_6' (../task_detection_tpu/tpu_accel.cpp:64:34) in function 'tpu_layer_1'.
INFO: [XFORM 203-541] Flattening a loop nest 'VITIS_LOOP_63_5' (../task_detection_tpu/tpu_accel.cpp:63:30) in function 'tpu_layer_1'.
INFO: [XFORM 203-541] Flattening a loop nest 'VITIS_LOOP_62_4' (../task_detection_tpu/tpu_accel.cpp:62:26) in function 'tpu_layer_1'.
INFO: [HLS 200-111] Finished Architecture Synthesis: CPU user time: 1.02 seconds. CPU system time: 0.09 seconds. Elapsed time: 1.46 seconds; current allocated memory: 584.344 MB.
INFO: [HLS 200-10] Starting hardware synthesis ...
INFO: [HLS 200-10] Synthesizing 'task_detection_accel' ...
WARNING: [SYN 201-103] Legalizing function name 'tpu_layer_1_Pipeline_VITIS_LOOP_62_4_VITIS_LOOP_63_5_VITIS_LOOP_64_6_VITIS_LOOP_' to 'tpu_layer_1_Pipeline_VITIS_LOOP_62_4_VITIS_LOOP_63_5_VITIS_LOOP_64_6_VITIS_LOOP_s'.
WARNING: [SYN 201-103] Legalizing function name 'Block_for.end_proc' to 'Block_for_end_proc'.
INFO: [SYN 201-201] Setting up clock 'default' with a period of 10ns.
INFO: [HLS 200-10] ----------------------------------------------------------------
INFO: [HLS 200-42] -- Implementing module 'entry_proc' 
INFO: [HLS 200-10] ----------------------------------------------------------------
INFO: [SCHED 204-11] Starting scheduling ...
INFO: [SCHED 204-11] Finished scheduling.
INFO: [HLS 200-111] Finished Scheduling: CPU user time: 0.2 seconds. CPU system time: 0.03 seconds. Elapsed time: 0.25 seconds; current allocated memory: 584.961 MB.
INFO: [BIND 205-100] Starting micro-architecture generation ...
INFO: [BIND 205-101] Performing variable lifetime analysis.
INFO: [BIND 205-101] Exploring resource sharing.
INFO: [BIND 205-101] Binding ...
INFO: [BIND 205-100] Finished micro-architecture generation.
INFO: [HLS 200-111] Finished Binding: CPU user time: 0.01 seconds. CPU system time: 0 seconds. Elapsed time: 0.02 seconds; current allocated memory: 584.961 MB.
INFO: [HLS 200-10] ----------------------------------------------------------------
INFO: [HLS 200-42] -- Implementing module 'Loop_VITIS_LOOP_207_1_proc' 
INFO: [HLS 200-10] ----------------------------------------------------------------
INFO: [SCHED 204-11] Starting scheduling ...
INFO: [SCHED 204-61] Pipelining loop 'VITIS_LOOP_207_1'.
INFO: [HLS 200-1470] Pipelining result : Target II = 1, Final II = 1, Depth = 13, loop 'VITIS_LOOP_207_1'
INFO: [SCHED 204-11] Finished scheduling.
INFO: [HLS 200-111] Finished Scheduling: CPU user time: 0.07 seconds. CPU system time: 0 seconds. Elapsed time: 0.08 seconds; current allocated memory: 586.523 MB.
INFO: [BIND 205-100] Starting micro-architecture generation ...
INFO: [BIND 205-101] Performing variable lifetime analysis.
INFO: [BIND 205-101] Exploring resource sharing.
INFO: [BIND 205-101] Binding ...
INFO: [BIND 205-100] Finished micro-architecture generation.
INFO: [HLS 200-111] Finished Binding: CPU user time: 0.02 seconds. CPU system time: 0.01 seconds. Elapsed time: 0.04 seconds; current allocated memory: 586.523 MB.
INFO: [HLS 200-10] ----------------------------------------------------------------
INFO: [HLS 200-42] -- Implementing module 'tpu_layer_1_Pipeline_VITIS_LOOP_51_1' 
INFO: [HLS 200-10] ----------------------------------------------------------------
INFO: [SCHED 204-11] Starting scheduling ...
INFO: [SCHED 204-61] Pipelining loop 'VITIS_LOOP_51_1'.
INFO: [HLS 200-1470] Pipelining result : Target II = 1, Final II = 1, Depth = 2, loop 'VITIS_LOOP_51_1'
INFO: [SCHED 204-11] Finished scheduling.
INFO: [HLS 200-111] Finished Scheduling: CPU user time: 0.03 seconds. CPU system time: 0 seconds. Elapsed time: 0.03 seconds; current allocated memory: 586.891 MB.
INFO: [BIND 205-100] Starting micro-architecture generation ...
INFO: [BIND 205-101] Performing variable lifetime analysis.
INFO: [BIND 205-101] Exploring resource sharing.
INFO: [BIND 205-101] Binding ...
INFO: [BIND 205-100] Finished micro-architecture generation.
INFO: [HLS 200-111] Finished Binding: CPU user time: 0.02 seconds. CPU system time: 0 seconds. Elapsed time: 0.02 seconds; current allocated memory: 586.891 MB.
INFO: [HLS 200-10] ----------------------------------------------------------------
INFO: [HLS 200-42] -- Implementing module 'tpu_layer_1_Pipeline_VITIS_LOOP_55_2' 
INFO: [HLS 200-10] ----------------------------------------------------------------
INFO: [SCHED 204-11] Starting scheduling ...
INFO: [SCHED 204-61] Pipelining loop 'VITIS_LOOP_55_2'.
INFO: [HLS 200-1470] Pipelining result : Target II = NA, Final II = 1, Depth = 1, loop 'VITIS_LOOP_55_2'
INFO: [SCHED 204-11] Finished scheduling.
INFO: [HLS 200-111] Finished Scheduling: CPU user time: 0.02 seconds. CPU system time: 0 seconds. Elapsed time: 0.02 seconds; current allocated memory: 587.082 MB.
INFO: [BIND 205-100] Starting micro-architecture generation ...
INFO: [BIND 205-101] Performing variable lifetime analysis.
INFO: [BIND 205-101] Exploring resource sharing.
INFO: [BIND 205-101] Binding ...
INFO: [BIND 205-100] Finished micro-architecture generation.
INFO: [HLS 200-111] Finished Binding: CPU user time: 0.01 seconds. CPU system time: 0 seconds. Elapsed time: 0.02 seconds; current allocated memory: 587.082 MB.
INFO: [HLS 200-10] ----------------------------------------------------------------
INFO: [HLS 200-42] -- Implementing module 'tpu_layer_1_Pipeline_VITIS_LOOP_61_3' 
INFO: [HLS 200-10] ----------------------------------------------------------------
INFO: [SCHED 204-11] Starting scheduling ...
INFO: [SCHED 204-61] Pipelining loop 'VITIS_LOOP_61_3'.
INFO: [HLS 200-1470] Pipelining result : Target II = NA, Final II = 1, Depth = 1, loop 'VITIS_LOOP_61_3'
INFO: [SCHED 204-11] Finished scheduling.
INFO: [HLS 200-111] Finished Scheduling: CPU user time: 0.03 seconds. CPU system time: 0 seconds. Elapsed time: 0.03 seconds; current allocated memory: 587.289 MB.
INFO: [BIND 205-100] Starting micro-architecture generation ...
INFO: [BIND 205-101] Performing variable lifetime analysis.
INFO: [BIND 205-101] Exploring resource sharing.
INFO: [BIND 205-101] Binding ...
INFO: [BIND 205-100] Finished micro-architecture generation.
INFO: [HLS 200-111] Finished Binding: CPU user time: 0.02 seconds. CPU system time: 0 seconds. Elapsed time: 0.02 seconds; current allocated memory: 587.289 MB.
INFO: [HLS 200-10] ----------------------------------------------------------------
INFO: [HLS 200-42] -- Implementing module 'tpu_layer_1_Pipeline_VITIS_LOOP_62_4_VITIS_LOOP_63_5_VITIS_LOOP_64_6_VITIS_LOOP_s' 
INFO: [HLS 200-10] ----------------------------------------------------------------
INFO: [SCHED 204-11] Starting scheduling ...
INFO: [HLS 200-486] Changing DSP latency (root=add_ln66) to 3 in order to utilize available DSP registers.
INFO: [SCHED 204-61] Pipelining loop 'VITIS_LOOP_62_4_VITIS_LOOP_63_5_VITIS_LOOP_64_6_VITIS_LOOP_65_7'.
INFO: [HLS 200-1470] Pipelining result : Target II = NA, Final II = 1, Depth = 5, loop 'VITIS_LOOP_62_4_VITIS_LOOP_63_5_VITIS_LOOP_64_6_VITIS_LOOP_65_7'
INFO: [SCHED 204-11] Finished scheduling.
INFO: [HLS 200-111] Finished Scheduling: CPU user time: 0.07 seconds. CPU system time: 0.01 seconds. Elapsed time: 0.08 seconds; current allocated memory: 588.633 MB.
INFO: [BIND 205-100] Starting micro-architecture generation ...
INFO: [BIND 205-101] Performing variable lifetime analysis.
INFO: [BIND 205-101] Exploring resource sharing.
INFO: [BIND 205-101] Binding ...
INFO: [BIND 205-100] Finished micro-architecture generation.
INFO: [HLS 200-111] Finished Binding: CPU user time: 0.03 seconds. CPU system time: 0 seconds. Elapsed time: 0.03 seconds; current allocated memory: 588.633 MB.
INFO: [HLS 200-10] ----------------------------------------------------------------
INFO: [HLS 200-42] -- Implementing module 'tpu_layer_1_Pipeline_VITIS_LOOP_74_10' 
INFO: [HLS 200-10] ----------------------------------------------------------------
INFO: [SCHED 204-11] Starting scheduling ...
INFO: [SCHED 204-61] Pipelining loop 'VITIS_LOOP_74_10'.
INFO: [HLS 200-1470] Pipelining result : Target II = NA, Final II = 1, Depth = 2, loop 'VITIS_LOOP_74_10'
INFO: [SCHED 204-11] Finished scheduling.
INFO: [HLS 200-111] Finished Scheduling: CPU user time: 0.1 seconds. CPU system time: 0 seconds. Elapsed time: 0.12 seconds; current allocated memory: 590.582 MB.
INFO: [BIND 205-100] Starting micro-architecture generation ...
INFO: [BIND 205-101] Performing variable lifetime analysis.
INFO: [BIND 205-101] Exploring resource sharing.
INFO: [BIND 205-101] Binding ...
INFO: [BIND 205-100] Finished micro-architecture generation.
INFO: [HLS 200-111] Finished Binding: CPU user time: 0.05 seconds. CPU system time: 0 seconds. Elapsed time: 0.07 seconds; current allocated memory: 590.582 MB.
INFO: [HLS 200-10] ----------------------------------------------------------------
INFO: [HLS 200-42] -- Implementing module 'run_mac_tile_Pipeline_PUMP_LOOP' 
INFO: [HLS 200-10] ----------------------------------------------------------------
INFO: [SCHED 204-11] Starting scheduling ...
INFO: [HLS 200-486] Changing DSP latency (root=add_ln18_7) to 3 in order to utilize available DSP registers.
INFO: [HLS 200-486] Changing DSP latency (root=add_ln18_6) to 3 in order to utilize available DSP registers.
INFO: [HLS 200-486] Changing DSP latency (root=add_ln18_5) to 3 in order to utilize available DSP registers.
INFO: [HLS 200-486] Changing DSP latency (root=add_ln18_4) to 3 in order to utilize available DSP registers.
INFO: [HLS 200-486] Changing DSP latency (root=add_ln18_3) to 3 in order to utilize available DSP registers.
INFO: [HLS 200-486] Changing DSP latency (root=add_ln18_2) to 3 in order to utilize available DSP registers.
INFO: [HLS 200-486] Changing DSP latency (root=add_ln18_1) to 3 in order to utilize available DSP registers.
INFO: [HLS 200-486] Changing DSP latency (root=add_ln18) to 3 in order to utilize available DSP registers.
INFO: [SCHED 204-61] Pipelining loop 'PUMP_LOOP'.
INFO: [HLS 200-1470] Pipelining result : Target II = 1, Final II = 1, Depth = 5, loop 'PUMP_LOOP'
INFO: [SCHED 204-11] Finished scheduling.
INFO: [HLS 200-111] Finished Scheduling: CPU user time: 0.12 seconds. CPU system time: 0.01 seconds. Elapsed time: 0.15 seconds; current allocated memory: 592.633 MB.
INFO: [BIND 205-100] Starting micro-architecture generation ...
INFO: [BIND 205-101] Performing variable lifetime analysis.
INFO: [BIND 205-101] Exploring resource sharing.
INFO: [BIND 205-101] Binding ...
INFO: [BIND 205-100] Finished micro-architecture generation.
INFO: [HLS 200-111] Finished Binding: CPU user time: 0.06 seconds. CPU system time: 0 seconds. Elapsed time: 0.07 seconds; current allocated memory: 592.633 MB.
INFO: [HLS 200-10] ----------------------------------------------------------------
INFO: [HLS 200-42] -- Implementing module 'run_mac_tile' 
INFO: [HLS 200-10] ----------------------------------------------------------------
INFO: [SCHED 204-11] Starting scheduling ...
INFO: [SCHED 204-11] Finished scheduling.
INFO: [HLS 200-111] Finished Scheduling: CPU user time: 0.08 seconds. CPU system time: 0.01 seconds. Elapsed time: 0.09 seconds; current allocated memory: 592.633 MB.
INFO: [BIND 205-100] Starting micro-architecture generation ...
INFO: [BIND 205-101] Performing variable lifetime analysis.
INFO: [BIND 205-101] Exploring resource sharing.
INFO: [BIND 205-101] Binding ...
INFO: [BIND 205-100] Finished micro-architecture generation.
INFO: [HLS 200-111] Finished Binding: CPU user time: 0.03 seconds. CPU system time: 0 seconds. Elapsed time: 0.03 seconds; current allocated memory: 592.633 MB.
INFO: [HLS 200-10] ----------------------------------------------------------------
INFO: [HLS 200-42] -- Implementing module 'tpu_layer_1_Pipeline_VITIS_LOOP_80_12' 
INFO: [HLS 200-10] ----------------------------------------------------------------
INFO: [SCHED 204-11] Starting scheduling ...
INFO: [SCHED 204-61] Pipelining loop 'VITIS_LOOP_80_12'.
INFO: [HLS 200-1470] Pipelining result : Target II = 1, Final II = 1, Depth = 2, loop 'VITIS_LOOP_80_12'
INFO: [SCHED 204-11] Finished scheduling.
INFO: [HLS 200-111] Finished Scheduling: CPU user time: 0.04 seconds. CPU system time: 0 seconds. Elapsed time: 0.04 seconds; current allocated memory: 593.727 MB.
INFO: [BIND 205-100] Starting micro-architecture generation ...
INFO: [BIND 205-101] Performing variable lifetime analysis.
INFO: [BIND 205-101] Exploring resource sharing.
INFO: [BIND 205-101] Binding ...
INFO: [BIND 205-100] Finished micro-architecture generation.
INFO: [HLS 200-111] Finished Binding: CPU user time: 0.02 seconds. CPU system time: 0 seconds. Elapsed time: 0.02 seconds; current allocated memory: 593.727 MB.
INFO: [HLS 200-10] ----------------------------------------------------------------
INFO: [HLS 200-42] -- Implementing module 'tpu_layer_1' 
INFO: [HLS 200-10] ----------------------------------------------------------------
INFO: [SCHED 204-11] Starting scheduling ...
INFO: [SCHED 204-11] Finished scheduling.
INFO: [HLS 200-111] Finished Scheduling: CPU user time: 0.08 seconds. CPU system time: 0 seconds. Elapsed time: 0.1 seconds; current allocated memory: 595.312 MB.
INFO: [BIND 205-100] Starting micro-architecture generation ...
INFO: [BIND 205-101] Performing variable lifetime analysis.
INFO: [BIND 205-101] Exploring resource sharing.
INFO: [BIND 205-101] Binding ...
INFO: [BIND 205-100] Finished micro-architecture generation.
INFO: [HLS 200-111] Finished Binding: CPU user time: 0.03 seconds. CPU system time: 0.01 seconds. Elapsed time: 0.04 seconds; current allocated memory: 595.312 MB.
INFO: [HLS 200-10] ----------------------------------------------------------------
INFO: [HLS 200-42] -- Implementing module 'tpu_layer_2_Pipeline_VITIS_LOOP_92_1' 
INFO: [HLS 200-10] ----------------------------------------------------------------
INFO: [SCHED 204-11] Starting scheduling ...
INFO: [SCHED 204-61] Pipelining loop 'VITIS_LOOP_92_1'.
INFO: [HLS 200-1470] Pipelining result : Target II = 1, Final II = 1, Depth = 2, loop 'VITIS_LOOP_92_1'
INFO: [SCHED 204-11] Finished scheduling.
INFO: [HLS 200-111] Finished Scheduling: CPU user time: 0.05 seconds. CPU system time: 0 seconds. Elapsed time: 0.06 seconds; current allocated memory: 595.445 MB.
INFO: [BIND 205-100] Starting micro-architecture generation ...
INFO: [BIND 205-101] Performing variable lifetime analysis.
INFO: [BIND 205-101] Exploring resource sharing.
INFO: [BIND 205-101] Binding ...
INFO: [BIND 205-100] Finished micro-architecture generation.
INFO: [HLS 200-111] Finished Binding: CPU user time: 0.02 seconds. CPU system time: 0 seconds. Elapsed time: 0.02 seconds; current allocated memory: 595.445 MB.
INFO: [HLS 200-10] ----------------------------------------------------------------
INFO: [HLS 200-42] -- Implementing module 'tpu_layer_2_Pipeline_VITIS_LOOP_101_2' 
INFO: [HLS 200-10] ----------------------------------------------------------------
INFO: [SCHED 204-11] Starting scheduling ...
INFO: [SCHED 204-61] Pipelining loop 'VITIS_LOOP_101_2'.
INFO: [HLS 200-1470] Pipelining result : Target II = NA, Final II = 1, Depth = 1, loop 'VITIS_LOOP_101_2'
INFO: [SCHED 204-11] Finished scheduling.
INFO: [HLS 200-111] Finished Scheduling: CPU user time: 0.02 seconds. CPU system time: 0.01 seconds. Elapsed time: 0.02 seconds; current allocated memory: 595.660 MB.
INFO: [BIND 205-100] Starting micro-architecture generation ...
INFO: [BIND 205-101] Performing variable lifetime analysis.
INFO: [BIND 205-101] Exploring resource sharing.
INFO: [BIND 205-101] Binding ...
INFO: [BIND 205-100] Finished micro-architecture generation.
INFO: [HLS 200-111] Finished Binding: CPU user time: 0.01 seconds. CPU system time: 0 seconds. Elapsed time: 0.01 seconds; current allocated memory: 595.660 MB.
INFO: [HLS 200-10] ----------------------------------------------------------------
INFO: [HLS 200-42] -- Implementing module 'tpu_layer_2_Pipeline_VITIS_LOOP_102_3_VITIS_LOOP_103_4_VITIS_LOOP_104_5_VITIS_LO' 
INFO: [HLS 200-10] ----------------------------------------------------------------
INFO: [SCHED 204-11] Starting scheduling ...
INFO: [SCHED 204-61] Pipelining loop 'VITIS_LOOP_102_3_VITIS_LOOP_103_4_VITIS_LOOP_104_5_VITIS_LOOP_105_6'.
INFO: [HLS 200-1470] Pipelining result : Target II = NA, Final II = 1, Depth = 3, loop 'VITIS_LOOP_102_3_VITIS_LOOP_103_4_VITIS_LOOP_104_5_VITIS_LOOP_105_6'
INFO: [SCHED 204-11] Finished scheduling.
INFO: [HLS 200-111] Finished Scheduling: CPU user time: 0.05 seconds. CPU system time: 0 seconds. Elapsed time: 0.06 seconds; current allocated memory: 597.004 MB.
INFO: [BIND 205-100] Starting micro-architecture generation ...
INFO: [BIND 205-101] Performing variable lifetime analysis.
INFO: [BIND 205-101] Exploring resource sharing.
INFO: [BIND 205-101] Binding ...
INFO: [BIND 205-100] Finished micro-architecture generation.
INFO: [HLS 200-111] Finished Binding: CPU user time: 0.02 seconds. CPU system time: 0.01 seconds. Elapsed time: 0.03 seconds; current allocated memory: 597.004 MB.
INFO: [HLS 200-10] ----------------------------------------------------------------
INFO: [HLS 200-42] -- Implementing module 'tpu_layer_2_Pipeline_VITIS_LOOP_114_9' 
INFO: [HLS 200-10] ----------------------------------------------------------------
INFO: [SCHED 204-11] Starting scheduling ...
INFO: [SCHED 204-61] Pipelining loop 'VITIS_LOOP_114_9'.
INFO: [HLS 200-1470] Pipelining result : Target II = NA, Final II = 1, Depth = 2, loop 'VITIS_LOOP_114_9'
INFO: [SCHED 204-11] Finished scheduling.
INFO: [HLS 200-111] Finished Scheduling: CPU user time: 0.1 seconds. CPU system time: 0 seconds. Elapsed time: 0.13 seconds; current allocated memory: 598.883 MB.
INFO: [BIND 205-100] Starting micro-architecture generation ...
INFO: [BIND 205-101] Performing variable lifetime analysis.
INFO: [BIND 205-101] Exploring resource sharing.
INFO: [BIND 205-101] Binding ...
INFO: [BIND 205-100] Finished micro-architecture generation.
INFO: [HLS 200-111] Finished Binding: CPU user time: 0.06 seconds. CPU system time: 0 seconds. Elapsed time: 0.07 seconds; current allocated memory: 598.883 MB.
INFO: [HLS 200-10] ----------------------------------------------------------------
INFO: [HLS 200-42] -- Implementing module 'tpu_layer_2_Pipeline_VITIS_LOOP_120_11' 
INFO: [HLS 200-10] ----------------------------------------------------------------
INFO: [SCHED 204-11] Starting scheduling ...
INFO: [SCHED 204-61] Pipelining loop 'VITIS_LOOP_120_11'.
INFO: [HLS 200-1470] Pipelining result : Target II = 1, Final II = 1, Depth = 2, loop 'VITIS_LOOP_120_11'
INFO: [SCHED 204-11] Finished scheduling.
INFO: [HLS 200-111] Finished Scheduling: CPU user time: 0.06 seconds. CPU system time: 0.01 seconds. Elapsed time: 0.07 seconds; current allocated memory: 598.961 MB.
INFO: [BIND 205-100] Starting micro-architecture generation ...
INFO: [BIND 205-101] Performing variable lifetime analysis.
INFO: [BIND 205-101] Exploring resource sharing.
INFO: [BIND 205-101] Binding ...
INFO: [BIND 205-100] Finished micro-architecture generation.
INFO: [HLS 200-111] Finished Binding: CPU user time: 0.01 seconds. CPU system time: 0 seconds. Elapsed time: 0.02 seconds; current allocated memory: 598.961 MB.
INFO: [HLS 200-10] ----------------------------------------------------------------
INFO: [HLS 200-42] -- Implementing module 'tpu_layer_2' 
INFO: [HLS 200-10] ----------------------------------------------------------------
INFO: [SCHED 204-11] Starting scheduling ...
INFO: [SCHED 204-11] Finished scheduling.
INFO: [HLS 200-111] Finished Scheduling: CPU user time: 0.07 seconds. CPU system time: 0 seconds. Elapsed time: 0.07 seconds; current allocated memory: 600.457 MB.
INFO: [BIND 205-100] Starting micro-architecture generation ...
INFO: [BIND 205-101] Performing variable lifetime analysis.
INFO: [BIND 205-101] Exploring resource sharing.
INFO: [BIND 205-101] Binding ...
INFO: [BIND 205-100] Finished micro-architecture generation.
INFO: [HLS 200-111] Finished Binding: CPU user time: 0.04 seconds. CPU system time: 0 seconds. Elapsed time: 0.04 seconds; current allocated memory: 600.457 MB.
INFO: [HLS 200-10] ----------------------------------------------------------------
INFO: [HLS 200-42] -- Implementing module 'tpu_layer_3_Pipeline_VITIS_LOOP_132_1' 
INFO: [HLS 200-10] ----------------------------------------------------------------
INFO: [SCHED 204-11] Starting scheduling ...
INFO: [SCHED 204-61] Pipelining loop 'VITIS_LOOP_132_1'.
INFO: [HLS 200-1470] Pipelining result : Target II = 1, Final II = 1, Depth = 2, loop 'VITIS_LOOP_132_1'
INFO: [SCHED 204-11] Finished scheduling.
INFO: [HLS 200-111] Finished Scheduling: CPU user time: 0.05 seconds. CPU system time: 0 seconds. Elapsed time: 0.06 seconds; current allocated memory: 600.617 MB.
INFO: [BIND 205-100] Starting micro-architecture generation ...
INFO: [BIND 205-101] Performing variable lifetime analysis.
INFO: [BIND 205-101] Exploring resource sharing.
INFO: [BIND 205-101] Binding ...
INFO: [BIND 205-100] Finished micro-architecture generation.
INFO: [HLS 200-111] Finished Binding: CPU user time: 0.01 seconds. CPU system time: 0 seconds. Elapsed time: 0.01 seconds; current allocated memory: 600.617 MB.
INFO: [HLS 200-10] ----------------------------------------------------------------
INFO: [HLS 200-42] -- Implementing module 'tpu_layer_3_Pipeline_VITIS_LOOP_141_2' 
INFO: [HLS 200-10] ----------------------------------------------------------------
INFO: [SCHED 204-11] Starting scheduling ...
INFO: [SCHED 204-61] Pipelining loop 'VITIS_LOOP_141_2'.
INFO: [HLS 200-1470] Pipelining result : Target II = NA, Final II = 1, Depth = 1, loop 'VITIS_LOOP_141_2'
INFO: [SCHED 204-11] Finished scheduling.
INFO: [HLS 200-111] Finished Scheduling: CPU user time: 0.03 seconds. CPU system time: 0.01 seconds. Elapsed time: 0.02 seconds; current allocated memory: 600.836 MB.
INFO: [BIND 205-100] Starting micro-architecture generation ...
INFO: [BIND 205-101] Performing variable lifetime analysis.
INFO: [BIND 205-101] Exploring resource sharing.
INFO: [BIND 205-101] Binding ...
INFO: [BIND 205-100] Finished micro-architecture generation.
INFO: [HLS 200-111] Finished Binding: CPU user time: 0.01 seconds. CPU system time: 0 seconds. Elapsed time: 0.02 seconds; current allocated memory: 600.836 MB.
INFO: [HLS 200-10] ----------------------------------------------------------------
INFO: [HLS 200-42] -- Implementing module 'tpu_layer_3_Pipeline_VITIS_LOOP_142_3_VITIS_LOOP_143_4_VITIS_LOOP_144_5_VITIS_LO' 
INFO: [HLS 200-10] ----------------------------------------------------------------
INFO: [SCHED 204-11] Starting scheduling ...
INFO: [SCHED 204-61] Pipelining loop 'VITIS_LOOP_142_3_VITIS_LOOP_143_4_VITIS_LOOP_144_5_VITIS_LOOP_145_6'.
INFO: [HLS 200-1470] Pipelining result : Target II = NA, Final II = 1, Depth = 3, loop 'VITIS_LOOP_142_3_VITIS_LOOP_143_4_VITIS_LOOP_144_5_VITIS_LOOP_145_6'
INFO: [SCHED 204-11] Finished scheduling.
INFO: [HLS 200-111] Finished Scheduling: CPU user time: 0.05 seconds. CPU system time: 0 seconds. Elapsed time: 0.06 seconds; current allocated memory: 602.184 MB.
INFO: [BIND 205-100] Starting micro-architecture generation ...
INFO: [BIND 205-101] Performing variable lifetime analysis.
INFO: [BIND 205-101] Exploring resource sharing.
INFO: [BIND 205-101] Binding ...
INFO: [BIND 205-100] Finished micro-architecture generation.
INFO: [HLS 200-111] Finished Binding: CPU user time: 0.02 seconds. CPU system time: 0 seconds. Elapsed time: 0.03 seconds; current allocated memory: 602.184 MB.
INFO: [HLS 200-10] ----------------------------------------------------------------
INFO: [HLS 200-42] -- Implementing module 'tpu_layer_3_Pipeline_VITIS_LOOP_154_9' 
INFO: [HLS 200-10] ----------------------------------------------------------------
INFO: [SCHED 204-11] Starting scheduling ...
INFO: [SCHED 204-61] Pipelining loop 'VITIS_LOOP_154_9'.
INFO: [HLS 200-1470] Pipelining result : Target II = NA, Final II = 1, Depth = 2, loop 'VITIS_LOOP_154_9'
INFO: [SCHED 204-11] Finished scheduling.
INFO: [HLS 200-111] Finished Scheduling: CPU user time: 0.1 seconds. CPU system time: 0 seconds. Elapsed time: 0.11 seconds; current allocated memory: 604.070 MB.
INFO: [BIND 205-100] Starting micro-architecture generation ...
INFO: [BIND 205-101] Performing variable lifetime analysis.
INFO: [BIND 205-101] Exploring resource sharing.
INFO: [BIND 205-101] Binding ...
INFO: [BIND 205-100] Finished micro-architecture generation.
INFO: [HLS 200-111] Finished Binding: CPU user time: 0.06 seconds. CPU system time: 0 seconds. Elapsed time: 0.06 seconds; current allocated memory: 604.070 MB.
INFO: [HLS 200-10] ----------------------------------------------------------------
INFO: [HLS 200-42] -- Implementing module 'tpu_layer_3_Pipeline_VITIS_LOOP_160_11' 
INFO: [HLS 200-10] ----------------------------------------------------------------
INFO: [SCHED 204-11] Starting scheduling ...
INFO: [SCHED 204-61] Pipelining loop 'VITIS_LOOP_160_11'.
INFO: [HLS 200-1470] Pipelining result : Target II = 1, Final II = 1, Depth = 2, loop 'VITIS_LOOP_160_11'
INFO: [SCHED 204-11] Finished scheduling.
INFO: [HLS 200-111] Finished Scheduling: CPU user time: 0.05 seconds. CPU system time: 0.01 seconds. Elapsed time: 0.06 seconds; current allocated memory: 604.129 MB.
INFO: [BIND 205-100] Starting micro-architecture generation ...
INFO: [BIND 205-101] Performing variable lifetime analysis.
INFO: [BIND 205-101] Exploring resource sharing.
INFO: [BIND 205-101] Binding ...
INFO: [BIND 205-100] Finished micro-architecture generation.
INFO: [HLS 200-111] Finished Binding: CPU user time: 0.02 seconds. CPU system time: 0 seconds. Elapsed time: 0.02 seconds; current allocated memory: 604.129 MB.
INFO: [HLS 200-10] ----------------------------------------------------------------
INFO: [HLS 200-42] -- Implementing module 'tpu_layer_3' 
INFO: [HLS 200-10] ----------------------------------------------------------------
INFO: [SCHED 204-11] Starting scheduling ...
INFO: [SCHED 204-11] Finished scheduling.
INFO: [HLS 200-111] Finished Scheduling: CPU user time: 0.06 seconds. CPU system time: 0 seconds. Elapsed time: 0.07 seconds; current allocated memory: 605.660 MB.
INFO: [BIND 205-100] Starting micro-architecture generation ...
INFO: [BIND 205-101] Performing variable lifetime analysis.
INFO: [BIND 205-101] Exploring resource sharing.
INFO: [BIND 205-101] Binding ...
INFO: [BIND 205-100] Finished micro-architecture generation.
INFO: [HLS 200-111] Finished Binding: CPU user time: 0.04 seconds. CPU system time: 0 seconds. Elapsed time: 0.04 seconds; current allocated memory: 605.660 MB.
INFO: [HLS 200-10] ----------------------------------------------------------------
INFO: [HLS 200-42] -- Implementing module 'scalar_layer_4_Pipeline_VITIS_LOOP_175_1' 
INFO: [HLS 200-10] ----------------------------------------------------------------
INFO: [SCHED 204-11] Starting scheduling ...
INFO: [SCHED 204-61] Pipelining loop 'VITIS_LOOP_175_1'.
INFO: [HLS 200-1470] Pipelining result : Target II = NA, Final II = 1, Depth = 1, loop 'VITIS_LOOP_175_1'
INFO: [SCHED 204-11] Finished scheduling.
INFO: [HLS 200-111] Finished Scheduling: CPU user time: 0.04 seconds. CPU system time: 0 seconds. Elapsed time: 0.06 seconds; current allocated memory: 605.828 MB.
INFO: [BIND 205-100] Starting micro-architecture generation ...
INFO: [BIND 205-101] Performing variable lifetime analysis.
INFO: [BIND 205-101] Exploring resource sharing.
INFO: [BIND 205-101] Binding ...
INFO: [BIND 205-100] Finished micro-architecture generation.
INFO: [HLS 200-111] Finished Binding: CPU user time: 0.01 seconds. CPU system time: 0 seconds. Elapsed time: 0.02 seconds; current allocated memory: 605.828 MB.
INFO: [HLS 200-10] ----------------------------------------------------------------
INFO: [HLS 200-42] -- Implementing module 'scalar_layer_4_Pipeline_VITIS_LOOP_180_2' 
INFO: [HLS 200-10] ----------------------------------------------------------------
INFO: [SCHED 204-11] Starting scheduling ...
INFO: [HLS 200-486] Changing DSP latency (root=add_ln182) to 3 in order to utilize available DSP registers.
INFO: [SCHED 204-61] Pipelining loop 'VITIS_LOOP_180_2'.
INFO: [HLS 200-1470] Pipelining result : Target II = 1, Final II = 1, Depth = 5, loop 'VITIS_LOOP_180_2'
INFO: [SCHED 204-11] Finished scheduling.
INFO: [HLS 200-111] Finished Scheduling: CPU user time: 0.02 seconds. CPU system time: 0 seconds. Elapsed time: 0.03 seconds; current allocated memory: 606.105 MB.
INFO: [BIND 205-100] Starting micro-architecture generation ...
INFO: [BIND 205-101] Performing variable lifetime analysis.
INFO: [BIND 205-101] Exploring resource sharing.
INFO: [BIND 205-101] Binding ...
INFO: [BIND 205-100] Finished micro-architecture generation.
INFO: [HLS 200-111] Finished Binding: CPU user time: 0.01 seconds. CPU system time: 0 seconds. Elapsed time: 0.02 seconds; current allocated memory: 606.105 MB.
INFO: [HLS 200-10] ----------------------------------------------------------------
INFO: [HLS 200-42] -- Implementing module 'scalar_layer_4' 
INFO: [HLS 200-10] ----------------------------------------------------------------
INFO: [SCHED 204-11] Starting scheduling ...
INFO: [SCHED 204-11] Finished scheduling.
INFO: [HLS 200-111] Finished Scheduling: CPU user time: 0.02 seconds. CPU system time: 0 seconds. Elapsed time: 0.02 seconds; current allocated memory: 606.289 MB.
INFO: [BIND 205-100] Starting micro-architecture generation ...
INFO: [BIND 205-101] Performing variable lifetime analysis.
INFO: [BIND 205-101] Exploring resource sharing.
INFO: [BIND 205-101] Binding ...
INFO: [BIND 205-100] Finished micro-architecture generation.
INFO: [HLS 200-111] Finished Binding: CPU user time: 0.01 seconds. CPU system time: 0 seconds. Elapsed time: 0.01 seconds; current allocated memory: 606.289 MB.
INFO: [HLS 200-10] ----------------------------------------------------------------
INFO: [HLS 200-42] -- Implementing module 'Block_for_end_proc' 
INFO: [HLS 200-10] ----------------------------------------------------------------
INFO: [SCHED 204-11] Starting scheduling ...
INFO: [SCHED 204-11] Finished scheduling.
INFO: [HLS 200-111] Finished Scheduling: CPU user time: 0.02 seconds. CPU system time: 0.01 seconds. Elapsed time: 0.04 seconds; current allocated memory: 606.508 MB.
INFO: [BIND 205-100] Starting micro-architecture generation ...
INFO: [BIND 205-101] Performing variable lifetime analysis.
INFO: [BIND 205-101] Exploring resource sharing.
INFO: [BIND 205-101] Binding ...
INFO: [BIND 205-100] Finished micro-architecture generation.
INFO: [HLS 200-111] Finished Binding: CPU user time: 0.01 seconds. CPU system time: 0 seconds. Elapsed time: 0.02 seconds; current allocated memory: 606.508 MB.
INFO: [HLS 200-10] ----------------------------------------------------------------
INFO: [HLS 200-42] -- Implementing module 'Block_entry_proc' 
INFO: [HLS 200-10] ----------------------------------------------------------------
INFO: [SCHED 204-11] Starting scheduling ...
INFO: [SCHED 204-11] Finished scheduling.
INFO: [HLS 200-111] Finished Scheduling: CPU user time: 0.02 seconds. CPU system time: 0 seconds. Elapsed time: 0.03 seconds; current allocated memory: 606.723 MB.
INFO: [BIND 205-100] Starting micro-architecture generation ...
INFO: [BIND 205-101] Performing variable lifetime analysis.
INFO: [BIND 205-101] Exploring resource sharing.
INFO: [BIND 205-101] Binding ...
INFO: [BIND 205-100] Finished micro-architecture generation.
INFO: [HLS 200-111] Finished Binding: CPU user time: 0.02 seconds. CPU system time: 0 seconds. Elapsed time: 0.01 seconds; current allocated memory: 606.723 MB.
INFO: [HLS 200-10] ----------------------------------------------------------------
INFO: [HLS 200-42] -- Implementing module 'task_detection_accel' 
INFO: [HLS 200-10] ----------------------------------------------------------------
INFO: [SCHED 204-11] Starting scheduling ...
INFO: [SCHED 204-11] Finished scheduling.
INFO: [HLS 200-111] Finished Scheduling: CPU user time: 0.02 seconds. CPU system time: 0 seconds. Elapsed time: 0.04 seconds; current allocated memory: 607.086 MB.
INFO: [BIND 205-100] Starting micro-architecture generation ...
INFO: [BIND 205-101] Performing variable lifetime analysis.
INFO: [BIND 205-101] Exploring resource sharing.
INFO: [BIND 205-101] Binding ...
INFO: [BIND 205-100] Finished micro-architecture generation.
INFO: [HLS 200-111] Finished Binding: CPU user time: 0.04 seconds. CPU system time: 0 seconds. Elapsed time: 0.05 seconds; current allocated memory: 607.086 MB.
INFO: [HLS 200-10] ----------------------------------------------------------------
INFO: [HLS 200-10] -- Generating RTL for module 'entry_proc' 
INFO: [HLS 200-10] ----------------------------------------------------------------
INFO: [RTGEN 206-100] Finished creating RTL model for 'entry_proc'.
INFO: [HLS 200-111] Finished Creating RTL model: CPU user time: 0.09 seconds. CPU system time: 0 seconds. Elapsed time: 0.1 seconds; current allocated memory: 607.086 MB.
INFO: [HLS 200-10] ----------------------------------------------------------------
INFO: [HLS 200-10] -- Generating RTL for module 'Loop_VITIS_LOOP_207_1_proc' 
INFO: [HLS 200-10] ----------------------------------------------------------------
INFO: [HLS 200-1030] Apply Unified Pipeline Control on module 'Loop_VITIS_LOOP_207_1_proc' pipeline 'VITIS_LOOP_207_1' pipeline type 'loop pipeline'
INFO: [RTGEN 206-100] Generating core module 'fpext_32ns_64_2_no_dsp_1': 1 instance(s).
INFO: [RTGEN 206-100] Generating core module 'sparsemux_9_3_16_1_1': 1 instance(s).
INFO: [RTGEN 206-100] Finished creating RTL model for 'Loop_VITIS_LOOP_207_1_proc'.
INFO: [HLS 200-111] Finished Creating RTL model: CPU user time: 0.07 seconds. CPU system time: 0.01 seconds. Elapsed time: 0.08 seconds; current allocated memory: 607.578 MB.
INFO: [HLS 200-10] ----------------------------------------------------------------
INFO: [HLS 200-10] -- Generating RTL for module 'tpu_layer_1_Pipeline_VITIS_LOOP_51_1' 
INFO: [HLS 200-10] ----------------------------------------------------------------
INFO: [HLS 200-1030] Apply Unified Pipeline Control on module 'tpu_layer_1_Pipeline_VITIS_LOOP_51_1' pipeline 'VITIS_LOOP_51_1' pipeline type 'loop pipeline'
INFO: [RTGEN 206-100] Finished creating RTL model for 'tpu_layer_1_Pipeline_VITIS_LOOP_51_1'.
INFO: [HLS 200-111] Finished Creating RTL model: CPU user time: 0.09 seconds. CPU system time: 0.01 seconds. Elapsed time: 0.11 seconds; current allocated memory: 609.691 MB.
INFO: [HLS 200-10] ----------------------------------------------------------------
INFO: [HLS 200-10] -- Generating RTL for module 'tpu_layer_1_Pipeline_VITIS_LOOP_55_2' 
INFO: [HLS 200-10] ----------------------------------------------------------------
INFO: [RTGEN 206-100] Finished creating RTL model for 'tpu_layer_1_Pipeline_VITIS_LOOP_55_2'.
INFO: [HLS 200-111] Finished Creating RTL model: CPU user time: 0.05 seconds. CPU system time: 0 seconds. Elapsed time: 0.06 seconds; current allocated memory: 609.691 MB.
INFO: [HLS 200-10] ----------------------------------------------------------------
INFO: [HLS 200-10] -- Generating RTL for module 'tpu_layer_1_Pipeline_VITIS_LOOP_61_3' 
INFO: [HLS 200-10] ----------------------------------------------------------------
INFO: [RTGEN 206-100] Finished creating RTL model for 'tpu_layer_1_Pipeline_VITIS_LOOP_61_3'.
INFO: [HLS 200-111] Finished Creating RTL model: CPU user time: 0.04 seconds. CPU system time: 0.02 seconds. Elapsed time: 0.06 seconds; current allocated memory: 610.191 MB.
INFO: [HLS 200-10] ----------------------------------------------------------------
INFO: [HLS 200-10] -- Generating RTL for module 'tpu_layer_1_Pipeline_VITIS_LOOP_62_4_VITIS_LOOP_63_5_VITIS_LOOP_64_6_VITIS_LOOP_s' 
INFO: [HLS 200-10] ----------------------------------------------------------------
INFO: [HLS 200-1030] Apply Unified Pipeline Control on module 'tpu_layer_1_Pipeline_VITIS_LOOP_62_4_VITIS_LOOP_63_5_VITIS_LOOP_64_6_VITIS_LOOP_s' pipeline 'VITIS_LOOP_62_4_VITIS_LOOP_63_5_VITIS_LOOP_64_6_VITIS_LOOP_65_7' pipeline type 'loop pipeline'
INFO: [RTGEN 206-100] Generating core module 'mac_muladd_6ns_5ns_5ns_10_4_1': 1 instance(s).
INFO: [RTGEN 206-100] Finished creating RTL model for 'tpu_layer_1_Pipeline_VITIS_LOOP_62_4_VITIS_LOOP_63_5_VITIS_LOOP_64_6_VITIS_LOOP_s'.
INFO: [HLS 200-111] Finished Creating RTL model: CPU user time: 0.07 seconds. CPU system time: 0 seconds. Elapsed time: 0.07 seconds; current allocated memory: 611.352 MB.
INFO: [HLS 200-10] ----------------------------------------------------------------
INFO: [HLS 200-10] -- Generating RTL for module 'tpu_layer_1_Pipeline_VITIS_LOOP_74_10' 
INFO: [HLS 200-10] ----------------------------------------------------------------
INFO: [HLS 200-1030] Apply Unified Pipeline Control on module 'tpu_layer_1_Pipeline_VITIS_LOOP_74_10' pipeline 'VITIS_LOOP_74_10' pipeline type 'loop pipeline'
INFO: [RTGEN 206-100] Finished creating RTL model for 'tpu_layer_1_Pipeline_VITIS_LOOP_74_10'.
INFO: [HLS 200-111] Finished Creating RTL model: CPU user time: 0.14 seconds. CPU system time: 0.02 seconds. Elapsed time: 0.17 seconds; current allocated memory: 614.883 MB.
INFO: [HLS 200-10] ----------------------------------------------------------------
INFO: [HLS 200-10] -- Generating RTL for module 'run_mac_tile_Pipeline_PUMP_LOOP' 
INFO: [HLS 200-10] ----------------------------------------------------------------
INFO: [HLS 200-1030] Apply Unified Pipeline Control on module 'run_mac_tile_Pipeline_PUMP_LOOP' pipeline 'PUMP_LOOP' pipeline type 'loop pipeline'
INFO: [RTGEN 206-100] Generating core module 'mac_muladd_16s_16s_26s_26_4_1': 8 instance(s).
INFO: [RTGEN 206-100] Generating core module 'sparsemux_17_4_16_1_1': 9 instance(s).
INFO: [RTGEN 206-100] Finished creating RTL model for 'run_mac_tile_Pipeline_PUMP_LOOP'.
INFO: [HLS 200-111] Finished Creating RTL model: CPU user time: 0.26 seconds. CPU system time: 0.01 seconds. Elapsed time: 0.27 seconds; current allocated memory: 621.578 MB.
INFO: [HLS 200-10] ----------------------------------------------------------------
INFO: [HLS 200-10] -- Generating RTL for module 'run_mac_tile' 
INFO: [HLS 200-10] ----------------------------------------------------------------
INFO: [RTGEN 206-100] Finished creating RTL model for 'run_mac_tile'.
INFO: [HLS 200-111] Finished Creating RTL model: CPU user time: 0.17 seconds. CPU system time: 0.02 seconds. Elapsed time: 0.2 seconds; current allocated memory: 627.281 MB.
INFO: [HLS 200-10] ----------------------------------------------------------------
INFO: [HLS 200-10] -- Generating RTL for module 'tpu_layer_1_Pipeline_VITIS_LOOP_80_12' 
INFO: [HLS 200-10] ----------------------------------------------------------------
INFO: [HLS 200-1030] Apply Unified Pipeline Control on module 'tpu_layer_1_Pipeline_VITIS_LOOP_80_12' pipeline 'VITIS_LOOP_80_12' pipeline type 'loop pipeline'
INFO: [RTGEN 206-100] Generating core module 'sparsemux_17_3_16_1_1': 1 instance(s).
INFO: [RTGEN 206-100] Finished creating RTL model for 'tpu_layer_1_Pipeline_VITIS_LOOP_80_12'.
INFO: [HLS 200-111] Finished Creating RTL model: CPU user time: 0.1 seconds. CPU system time: 0.01 seconds. Elapsed time: 0.11 seconds; current allocated memory: 629.465 MB.
INFO: [HLS 200-10] ----------------------------------------------------------------
INFO: [HLS 200-10] -- Generating RTL for module 'tpu_layer_1' 
INFO: [HLS 200-10] ----------------------------------------------------------------
WARNING: [RTGEN 206-101] Register 'init_2' is power-on initialization.
INFO: [SYN 201-210] Renamed object name 'tpu_layer_1_tpu_layer_1_stream_ap_fixed_0_stream_ap_fixed_16_6_5_3_0_0_weights_7_RAM_AUTO_1R1W' to 'tpu_layer_1_tpu_layer_1_stream_ap_fixed_0_stream_ap_fixed_16_6_5_3_0_0_weightbkb' due to the length limit 80
INFO: [SYN 201-210] Renamed object name 'tpu_layer_1_tpu_layer_1_stream_ap_fixed_0_stream_ap_fixed_16_6_5_3_0_0_weights_6_RAM_AUTO_1R1W' to 'tpu_layer_1_tpu_layer_1_stream_ap_fixed_0_stream_ap_fixed_16_6_5_3_0_0_weightcud' due to the length limit 80
INFO: [SYN 201-210] Renamed object name 'tpu_layer_1_tpu_layer_1_stream_ap_fixed_0_stream_ap_fixed_16_6_5_3_0_0_weights_5_RAM_AUTO_1R1W' to 'tpu_layer_1_tpu_layer_1_stream_ap_fixed_0_stream_ap_fixed_16_6_5_3_0_0_weightdEe' due to the length limit 80
INFO: [SYN 201-210] Renamed object name 'tpu_layer_1_tpu_layer_1_stream_ap_fixed_0_stream_ap_fixed_16_6_5_3_0_0_weights_4_RAM_AUTO_1R1W' to 'tpu_layer_1_tpu_layer_1_stream_ap_fixed_0_stream_ap_fixed_16_6_5_3_0_0_weighteOg' due to the length limit 80
INFO: [SYN 201-210] Renamed object name 'tpu_layer_1_tpu_layer_1_stream_ap_fixed_0_stream_ap_fixed_16_6_5_3_0_0_weights_3_RAM_AUTO_1R1W' to 'tpu_layer_1_tpu_layer_1_stream_ap_fixed_0_stream_ap_fixed_16_6_5_3_0_0_weightfYi' due to the length limit 80
INFO: [SYN 201-210] Renamed object name 'tpu_layer_1_tpu_layer_1_stream_ap_fixed_0_stream_ap_fixed_16_6_5_3_0_0_weights_2_RAM_AUTO_1R1W' to 'tpu_layer_1_tpu_layer_1_stream_ap_fixed_0_stream_ap_fixed_16_6_5_3_0_0_weightg8j' due to the length limit 80
INFO: [SYN 201-210] Renamed object name 'tpu_layer_1_tpu_layer_1_stream_ap_fixed_0_stream_ap_fixed_16_6_5_3_0_0_weights_1_RAM_AUTO_1R1W' to 'tpu_layer_1_tpu_layer_1_stream_ap_fixed_0_stream_ap_fixed_16_6_5_3_0_0_weighthbi' due to the length limit 80
INFO: [SYN 201-210] Renamed object name 'tpu_layer_1_tpu_layer_1_stream_ap_fixed_0_stream_ap_fixed_16_6_5_3_0_0_weights_RAM_AUTO_1R1W' to 'tpu_layer_1_tpu_layer_1_stream_ap_fixed_0_stream_ap_fixed_16_6_5_3_0_0_weightibs' due to the length limit 80
INFO: [RTGEN 206-100] Finished creating RTL model for 'tpu_layer_1'.
INFO: [RTMG 210-278] Implementing memory 'task_detection_accel_tpu_layer_1_bias_2_RAM_AUTO_1R1W' using auto RAMs.
INFO: [RTMG 210-278] Implementing memory 'task_detection_accel_tpu_layer_1_tpu_layer_1_stream_ap_fixed_0_stream_ap_fixed_16_6_5_3_0_0_weightbkb' using auto RAMs.
INFO: [RTMG 210-278] Implementing memory 'task_detection_accel_tpu_layer_1_x_padded_RAM_AUTO_1R1W' using auto RAMs.
INFO: [HLS 200-111] Finished Creating RTL model: CPU user time: 0.1 seconds. CPU system time: 0.01 seconds. Elapsed time: 0.13 seconds; current allocated memory: 632.602 MB.
INFO: [HLS 200-10] ----------------------------------------------------------------
INFO: [HLS 200-10] -- Generating RTL for module 'tpu_layer_2_Pipeline_VITIS_LOOP_92_1' 
INFO: [HLS 200-10] ----------------------------------------------------------------
INFO: [HLS 200-1030] Apply Unified Pipeline Control on module 'tpu_layer_2_Pipeline_VITIS_LOOP_92_1' pipeline 'VITIS_LOOP_92_1' pipeline type 'loop pipeline'
INFO: [RTGEN 206-100] Finished creating RTL model for 'tpu_layer_2_Pipeline_VITIS_LOOP_92_1'.
INFO: [HLS 200-111] Finished Creating RTL model: CPU user time: 0.15 seconds. CPU system time: 0.01 seconds. Elapsed time: 0.17 seconds; current allocated memory: 637.238 MB.
INFO: [HLS 200-10] ----------------------------------------------------------------
INFO: [HLS 200-10] -- Generating RTL for module 'tpu_layer_2_Pipeline_VITIS_LOOP_101_2' 
INFO: [HLS 200-10] ----------------------------------------------------------------
INFO: [RTGEN 206-100] Finished creating RTL model for 'tpu_layer_2_Pipeline_VITIS_LOOP_101_2'.
INFO: [HLS 200-111] Finished Creating RTL model: CPU user time: 0.05 seconds. CPU system time: 0.01 seconds. Elapsed time: 0.11 seconds; current allocated memory: 637.238 MB.
INFO: [HLS 200-10] ----------------------------------------------------------------
INFO: [HLS 200-10] -- Generating RTL for module 'tpu_layer_2_Pipeline_VITIS_LOOP_102_3_VITIS_LOOP_103_4_VITIS_LOOP_104_5_VITIS_LO' 
INFO: [HLS 200-10] ----------------------------------------------------------------
INFO: [HLS 200-1030] Apply Unified Pipeline Control on module 'tpu_layer_2_Pipeline_VITIS_LOOP_102_3_VITIS_LOOP_103_4_VITIS_LOOP_104_5_VITIS_LO' pipeline 'VITIS_LOOP_102_3_VITIS_LOOP_103_4_VITIS_LOOP_104_5_VITIS_LOOP_105_6' pipeline type 'loop pipeline'
INFO: [RTGEN 206-100] Finished creating RTL model for 'tpu_layer_2_Pipeline_VITIS_LOOP_102_3_VITIS_LOOP_103_4_VITIS_LOOP_104_5_VITIS_LO'.
INFO: [HLS 200-111] Finished Creating RTL model: CPU user time: 0.07 seconds. CPU system time: 0.01 seconds. Elapsed time: 0.19 seconds; current allocated memory: 637.461 MB.
INFO: [HLS 200-10] ----------------------------------------------------------------
INFO: [HLS 200-10] -- Generating RTL for module 'tpu_layer_2_Pipeline_VITIS_LOOP_114_9' 
INFO: [HLS 200-10] ----------------------------------------------------------------
INFO: [HLS 200-1030] Apply Unified Pipeline Control on module 'tpu_layer_2_Pipeline_VITIS_LOOP_114_9' pipeline 'VITIS_LOOP_114_9' pipeline type 'loop pipeline'
INFO: [RTGEN 206-100] Finished creating RTL model for 'tpu_layer_2_Pipeline_VITIS_LOOP_114_9'.
INFO: [HLS 200-111] Finished Creating RTL model: CPU user time: 0.16 seconds. CPU system time: 0.01 seconds. Elapsed time: 0.29 seconds; current allocated memory: 640.832 MB.
INFO: [HLS 200-10] ----------------------------------------------------------------
INFO: [HLS 200-10] -- Generating RTL for module 'tpu_layer_2_Pipeline_VITIS_LOOP_120_11' 
INFO: [HLS 200-10] ----------------------------------------------------------------
INFO: [HLS 200-1030] Apply Unified Pipeline Control on module 'tpu_layer_2_Pipeline_VITIS_LOOP_120_11' pipeline 'VITIS_LOOP_120_11' pipeline type 'loop pipeline'
INFO: [RTGEN 206-100] Generating core module 'sparsemux_17_3_16_1_1': 1 instance(s).
INFO: [RTGEN 206-100] Finished creating RTL model for 'tpu_layer_2_Pipeline_VITIS_LOOP_120_11'.
INFO: [HLS 200-111] Finished Creating RTL model: CPU user time: 0.18 seconds. CPU system time: 0.02 seconds. Elapsed time: 0.29 seconds; current allocated memory: 647.047 MB.
INFO: [HLS 200-10] ----------------------------------------------------------------
INFO: [HLS 200-10] -- Generating RTL for module 'tpu_layer_2' 
INFO: [HLS 200-10] ----------------------------------------------------------------
WARNING: [RTGEN 206-101] Register 'init_1' is power-on initialization.
INFO: [SYN 201-210] Renamed object name 'tpu_layer_2_tpu_layer_2_stream_ap_fixed_0_stream_ap_fixed_16_6_5_3_0_0_weights_7_RAM_AUTO_1R1W' to 'tpu_layer_2_tpu_layer_2_stream_ap_fixed_0_stream_ap_fixed_16_6_5_3_0_0_weightjbC' due to the length limit 80
INFO: [SYN 201-210] Renamed object name 'tpu_layer_2_tpu_layer_2_stream_ap_fixed_0_stream_ap_fixed_16_6_5_3_0_0_weights_1_RAM_AUTO_1R1W' to 'tpu_layer_2_tpu_layer_2_stream_ap_fixed_0_stream_ap_fixed_16_6_5_3_0_0_weightkbM' due to the length limit 80
INFO: [SYN 201-210] Renamed object name 'tpu_layer_2_tpu_layer_2_stream_ap_fixed_0_stream_ap_fixed_16_6_5_3_0_0_weights_RAM_AUTO_1R1W' to 'tpu_layer_2_tpu_layer_2_stream_ap_fixed_0_stream_ap_fixed_16_6_5_3_0_0_weightlbW' due to the length limit 80
INFO: [SYN 201-210] Renamed object name 'tpu_layer_2_tpu_layer_2_stream_ap_fixed_0_stream_ap_fixed_16_6_5_3_0_0_weights_6_RAM_AUTO_1R1W' to 'tpu_layer_2_tpu_layer_2_stream_ap_fixed_0_stream_ap_fixed_16_6_5_3_0_0_weightmb6' due to the length limit 80
INFO: [SYN 201-210] Renamed object name 'tpu_layer_2_tpu_layer_2_stream_ap_fixed_0_stream_ap_fixed_16_6_5_3_0_0_weights_5_RAM_AUTO_1R1W' to 'tpu_layer_2_tpu_layer_2_stream_ap_fixed_0_stream_ap_fixed_16_6_5_3_0_0_weightncg' due to the length limit 80
INFO: [SYN 201-210] Renamed object name 'tpu_layer_2_tpu_layer_2_stream_ap_fixed_0_stream_ap_fixed_16_6_5_3_0_0_weights_4_RAM_AUTO_1R1W' to 'tpu_layer_2_tpu_layer_2_stream_ap_fixed_0_stream_ap_fixed_16_6_5_3_0_0_weightocq' due to the length limit 80
INFO: [SYN 201-210] Renamed object name 'tpu_layer_2_tpu_layer_2_stream_ap_fixed_0_stream_ap_fixed_16_6_5_3_0_0_weights_3_RAM_AUTO_1R1W' to 'tpu_layer_2_tpu_layer_2_stream_ap_fixed_0_stream_ap_fixed_16_6_5_3_0_0_weightpcA' due to the length limit 80
INFO: [SYN 201-210] Renamed object name 'tpu_layer_2_tpu_layer_2_stream_ap_fixed_0_stream_ap_fixed_16_6_5_3_0_0_weights_2_RAM_AUTO_1R1W' to 'tpu_layer_2_tpu_layer_2_stream_ap_fixed_0_stream_ap_fixed_16_6_5_3_0_0_weightqcK' due to the length limit 80
INFO: [RTGEN 206-100] Finished creating RTL model for 'tpu_layer_2'.
INFO: [RTMG 210-278] Implementing memory 'task_detection_accel_tpu_layer_2_bias_1_RAM_AUTO_1R1W' using auto RAMs.
INFO: [RTMG 210-278] Implementing memory 'task_detection_accel_tpu_layer_2_tpu_layer_2_stream_ap_fixed_0_stream_ap_fixed_16_6_5_3_0_0_weightjbC' using auto RAMs.
INFO: [RTMG 210-278] Implementing memory 'task_detection_accel_tpu_layer_2_local_in_RAM_AUTO_1R1W' using auto RAMs.
INFO: [HLS 200-111] Finished Creating RTL model: CPU user time: 0.11 seconds. CPU system time: 0.02 seconds. Elapsed time: 0.23 seconds; current allocated memory: 649.141 MB.
INFO: [HLS 200-10] ----------------------------------------------------------------
INFO: [HLS 200-10] -- Generating RTL for module 'tpu_layer_3_Pipeline_VITIS_LOOP_132_1' 
INFO: [HLS 200-10] ----------------------------------------------------------------
INFO: [HLS 200-1030] Apply Unified Pipeline Control on module 'tpu_layer_3_Pipeline_VITIS_LOOP_132_1' pipeline 'VITIS_LOOP_132_1' pipeline type 'loop pipeline'
INFO: [RTGEN 206-100] Finished creating RTL model for 'tpu_layer_3_Pipeline_VITIS_LOOP_132_1'.
INFO: [HLS 200-111] Finished Creating RTL model: CPU user time: 0.16 seconds. CPU system time: 0.01 seconds. Elapsed time: 0.47 seconds; current allocated memory: 653.672 MB.
INFO: [HLS 200-10] ----------------------------------------------------------------
INFO: [HLS 200-10] -- Generating RTL for module 'tpu_layer_3_Pipeline_VITIS_LOOP_141_2' 
INFO: [HLS 200-10] ----------------------------------------------------------------
INFO: [RTGEN 206-100] Finished creating RTL model for 'tpu_layer_3_Pipeline_VITIS_LOOP_141_2'.
INFO: [HLS 200-111] Finished Creating RTL model: CPU user time: 0.06 seconds. CPU system time: 0 seconds. Elapsed time: 0.18 seconds; current allocated memory: 653.875 MB.
INFO: [HLS 200-10] ----------------------------------------------------------------
INFO: [HLS 200-10] -- Generating RTL for module 'tpu_layer_3_Pipeline_VITIS_LOOP_142_3_VITIS_LOOP_143_4_VITIS_LOOP_144_5_VITIS_LO' 
INFO: [HLS 200-10] ----------------------------------------------------------------
INFO: [HLS 200-1030] Apply Unified Pipeline Control on module 'tpu_layer_3_Pipeline_VITIS_LOOP_142_3_VITIS_LOOP_143_4_VITIS_LOOP_144_5_VITIS_LO' pipeline 'VITIS_LOOP_142_3_VITIS_LOOP_143_4_VITIS_LOOP_144_5_VITIS_LOOP_145_6' pipeline type 'loop pipeline'
INFO: [RTGEN 206-100] Finished creating RTL model for 'tpu_layer_3_Pipeline_VITIS_LOOP_142_3_VITIS_LOOP_143_4_VITIS_LOOP_144_5_VITIS_LO'.
INFO: [HLS 200-111] Finished Creating RTL model: CPU user time: 0.07 seconds. CPU system time: 0.01 seconds. Elapsed time: 0.1 seconds; current allocated memory: 654.391 MB.
INFO: [HLS 200-10] ----------------------------------------------------------------
INFO: [HLS 200-10] -- Generating RTL for module 'tpu_layer_3_Pipeline_VITIS_LOOP_154_9' 
INFO: [HLS 200-10] ----------------------------------------------------------------
INFO: [HLS 200-1030] Apply Unified Pipeline Control on module 'tpu_layer_3_Pipeline_VITIS_LOOP_154_9' pipeline 'VITIS_LOOP_154_9' pipeline type 'loop pipeline'
INFO: [RTGEN 206-100] Finished creating RTL model for 'tpu_layer_3_Pipeline_VITIS_LOOP_154_9'.
INFO: [HLS 200-111] Finished Creating RTL model: CPU user time: 0.16 seconds. CPU system time: 0.01 seconds. Elapsed time: 0.22 seconds; current allocated memory: 657.262 MB.
INFO: [HLS 200-10] ----------------------------------------------------------------
INFO: [HLS 200-10] -- Generating RTL for module 'tpu_layer_3_Pipeline_VITIS_LOOP_160_11' 
INFO: [HLS 200-10] ----------------------------------------------------------------
INFO: [HLS 200-1030] Apply Unified Pipeline Control on module 'tpu_layer_3_Pipeline_VITIS_LOOP_160_11' pipeline 'VITIS_LOOP_160_11' pipeline type 'loop pipeline'
INFO: [RTGEN 206-100] Generating core module 'sparsemux_17_3_16_1_1': 1 instance(s).
INFO: [RTGEN 206-100] Finished creating RTL model for 'tpu_layer_3_Pipeline_VITIS_LOOP_160_11'.
INFO: [HLS 200-111] Finished Creating RTL model: CPU user time: 0.18 seconds. CPU system time: 0.02 seconds. Elapsed time: 0.2 seconds; current allocated memory: 663.422 MB.
INFO: [HLS 200-10] ----------------------------------------------------------------
INFO: [HLS 200-10] -- Generating RTL for module 'tpu_layer_3' 
INFO: [HLS 200-10] ----------------------------------------------------------------
WARNING: [RTGEN 206-101] Register 'init' is power-on initialization.
INFO: [SYN 201-210] Renamed object name 'tpu_layer_3_tpu_layer_3_stream_ap_fixed_0_stream_ap_fixed_16_6_5_3_0_0_weights_7_RAM_AUTO_1R1W' to 'tpu_layer_3_tpu_layer_3_stream_ap_fixed_0_stream_ap_fixed_16_6_5_3_0_0_weightrcU' due to the length limit 80
INFO: [SYN 201-210] Renamed object name 'tpu_layer_3_tpu_layer_3_stream_ap_fixed_0_stream_ap_fixed_16_6_5_3_0_0_weights_6_RAM_AUTO_1R1W' to 'tpu_layer_3_tpu_layer_3_stream_ap_fixed_0_stream_ap_fixed_16_6_5_3_0_0_weightsc4' due to the length limit 80
INFO: [SYN 201-210] Renamed object name 'tpu_layer_3_tpu_layer_3_stream_ap_fixed_0_stream_ap_fixed_16_6_5_3_0_0_weights_5_RAM_AUTO_1R1W' to 'tpu_layer_3_tpu_layer_3_stream_ap_fixed_0_stream_ap_fixed_16_6_5_3_0_0_weighttde' due to the length limit 80
INFO: [SYN 201-210] Renamed object name 'tpu_layer_3_tpu_layer_3_stream_ap_fixed_0_stream_ap_fixed_16_6_5_3_0_0_weights_4_RAM_AUTO_1R1W' to 'tpu_layer_3_tpu_layer_3_stream_ap_fixed_0_stream_ap_fixed_16_6_5_3_0_0_weightudo' due to the length limit 80
INFO: [SYN 201-210] Renamed object name 'tpu_layer_3_tpu_layer_3_stream_ap_fixed_0_stream_ap_fixed_16_6_5_3_0_0_weights_3_RAM_AUTO_1R1W' to 'tpu_layer_3_tpu_layer_3_stream_ap_fixed_0_stream_ap_fixed_16_6_5_3_0_0_weightvdy' due to the length limit 80
INFO: [SYN 201-210] Renamed object name 'tpu_layer_3_tpu_layer_3_stream_ap_fixed_0_stream_ap_fixed_16_6_5_3_0_0_weights_2_RAM_AUTO_1R1W' to 'tpu_layer_3_tpu_layer_3_stream_ap_fixed_0_stream_ap_fixed_16_6_5_3_0_0_weightwdI' due to the length limit 80
INFO: [SYN 201-210] Renamed object name 'tpu_layer_3_tpu_layer_3_stream_ap_fixed_0_stream_ap_fixed_16_6_5_3_0_0_weights_1_RAM_AUTO_1R1W' to 'tpu_layer_3_tpu_layer_3_stream_ap_fixed_0_stream_ap_fixed_16_6_5_3_0_0_weightxdS' due to the length limit 80
INFO: [SYN 201-210] Renamed object name 'tpu_layer_3_tpu_layer_3_stream_ap_fixed_0_stream_ap_fixed_16_6_5_3_0_0_weights_RAM_AUTO_1R1W' to 'tpu_layer_3_tpu_layer_3_stream_ap_fixed_0_stream_ap_fixed_16_6_5_3_0_0_weightyd2' due to the length limit 80
INFO: [RTGEN 206-100] Finished creating RTL model for 'tpu_layer_3'.
INFO: [RTMG 210-278] Implementing memory 'task_detection_accel_tpu_layer_3_bias_RAM_AUTO_1R1W' using auto RAMs.
INFO: [RTMG 210-278] Implementing memory 'task_detection_accel_tpu_layer_3_tpu_layer_3_stream_ap_fixed_0_stream_ap_fixed_16_6_5_3_0_0_weightrcU' using auto RAMs.
INFO: [RTMG 210-278] Implementing memory 'task_detection_accel_tpu_layer_3_local_in_RAM_AUTO_1R1W' using auto RAMs.
INFO: [HLS 200-111] Finished Creating RTL model: CPU user time: 0.11 seconds. CPU system time: 0.01 seconds. Elapsed time: 0.15 seconds; current allocated memory: 665.582 MB.
INFO: [HLS 200-10] ----------------------------------------------------------------
INFO: [HLS 200-10] -- Generating RTL for module 'scalar_layer_4_Pipeline_VITIS_LOOP_175_1' 
INFO: [HLS 200-10] ----------------------------------------------------------------
INFO: [RTGEN 206-100] Finished creating RTL model for 'scalar_layer_4_Pipeline_VITIS_LOOP_175_1'.
INFO: [HLS 200-111] Finished Creating RTL model: CPU user time: 0.14 seconds. CPU system time: 0.01 seconds. Elapsed time: 0.16 seconds; current allocated memory: 670.172 MB.
INFO: [HLS 200-10] ----------------------------------------------------------------
INFO: [HLS 200-10] -- Generating RTL for module 'scalar_layer_4_Pipeline_VITIS_LOOP_180_2' 
INFO: [HLS 200-10] ----------------------------------------------------------------
INFO: [HLS 200-1030] Apply Unified Pipeline Control on module 'scalar_layer_4_Pipeline_VITIS_LOOP_180_2' pipeline 'VITIS_LOOP_180_2' pipeline type 'loop pipeline'
INFO: [RTGEN 206-100] Generating core module 'mac_muladd_16s_4ns_26s_26_4_1': 1 instance(s).
INFO: [RTGEN 206-100] Finished creating RTL model for 'scalar_layer_4_Pipeline_VITIS_LOOP_180_2'.
INFO: [HLS 200-111] Finished Creating RTL model: CPU user time: 0.07 seconds. CPU system time: 0 seconds. Elapsed time: 0.09 seconds; current allocated memory: 670.711 MB.
INFO: [HLS 200-10] ----------------------------------------------------------------
INFO: [HLS 200-10] -- Generating RTL for module 'scalar_layer_4' 
INFO: [HLS 200-10] ----------------------------------------------------------------
WARNING: [RTGEN 206-101] Register 'init_3' is power-on initialization.
INFO: [RTGEN 206-100] Finished creating RTL model for 'scalar_layer_4'.
INFO: [RTMG 210-278] Implementing memory 'task_detection_accel_scalar_layer_4_weights_RAM_AUTO_1R1W' using auto RAMs.
INFO: [HLS 200-111] Finished Creating RTL model: CPU user time: 0.06 seconds. CPU system time: 0.02 seconds. Elapsed time: 0.09 seconds; current allocated memory: 671.684 MB.
INFO: [HLS 200-10] ----------------------------------------------------------------
INFO: [HLS 200-10] -- Generating RTL for module 'Block_for_end_proc' 
INFO: [HLS 200-10] ----------------------------------------------------------------
INFO: [RTGEN 206-100] Generating core module 'ctlz_16_16_1_1': 1 instance(s).
INFO: [RTGEN 206-100] Finished creating RTL model for 'Block_for_end_proc'.
INFO: [HLS 200-111] Finished Creating RTL model: CPU user time: 0.05 seconds. CPU system time: 0.01 seconds. Elapsed time: 0.07 seconds; current allocated memory: 672.379 MB.
INFO: [HLS 200-10] ----------------------------------------------------------------
INFO: [HLS 200-10] -- Generating RTL for module 'Block_entry_proc' 
INFO: [HLS 200-10] ----------------------------------------------------------------
INFO: [RTGEN 206-100] Finished creating RTL model for 'Block_entry_proc'.
INFO: [HLS 200-111] Finished Creating RTL model: CPU user time: 0.07 seconds. CPU system time: 0.01 seconds. Elapsed time: 0.08 seconds; current allocated memory: 673.215 MB.
INFO: [HLS 200-10] ----------------------------------------------------------------
INFO: [HLS 200-10] -- Generating RTL for module 'task_detection_accel' 
INFO: [HLS 200-10] ----------------------------------------------------------------
WARNING: [RTGEN 206-101] Design contains AXI ports. Reset is fixed to synchronous and active low.
INFO: [RTGEN 206-500] Setting interface mode on port 'task_detection_accel/gmem0' to 'm_axi'.
INFO: [RTGEN 206-500] Setting interface mode on port 'task_detection_accel/gmem1' to 'm_axi'.
INFO: [RTGEN 206-500] Setting interface mode on port 'task_detection_accel/input_r' to 's_axilite & ap_none'.
INFO: [RTGEN 206-500] Setting interface mode on port 'task_detection_accel/output_r' to 's_axilite & ap_none'.
INFO: [RTGEN 206-500] Setting interface mode on port 'task_detection_accel/task_id' to 's_axilite & ap_none'.
INFO: [RTGEN 206-500] Setting interface mode on port 'task_detection_accel/top_k' to 's_axilite & ap_none'.
INFO: [RTGEN 206-500] Setting interface mode on function 'task_detection_accel' to 's_axilite & ap_ctrl_hs'.
INFO: [RTGEN 206-100] Bundling port 'task_id', 'top_k' and 'return' to AXI-Lite port control.
INFO: [RTGEN 206-100] Bundling port 'input_r' and 'output_r' to AXI-Lite port control_r.
INFO: [RTGEN 206-100] Finished creating RTL model for 'task_detection_accel'.
INFO: [RTMG 210-285] Implementing FIFO 'output_r_c_U(task_detection_accel_fifo_w64_d8_S)' using Shift Registers.
INFO: [RTMG 210-285] Implementing FIFO 'stream_in_U(task_detection_accel_fifo_w16_d2_S)' using Shift Registers.
INFO: [RTMG 210-285] Implementing FIFO 'stream_l1_to_l2_U(task_detection_accel_fifo_w16_d2_S)' using Shift Registers.
INFO: [RTMG 210-285] Implementing FIFO 'stream_l2_to_l3_U(task_detection_accel_fifo_w16_d2_S)' using Shift Registers.
INFO: [RTMG 210-285] Implementing FIFO 'stream_l3_to_l4_U(task_detection_accel_fifo_w16_d2_S)' using Shift Registers.
INFO: [RTMG 210-285] Implementing FIFO 'l4_out_U(task_detection_accel_fifo_w16_d2_S)' using Shift Registers.
INFO: [RTMG 210-285] Implementing FIFO 'p_loc_channel_U(task_detection_accel_fifo_w32_d2_S)' using Shift Registers.
INFO: [RTMG 210-285] Implementing FIFO 'start_for_tpu_layer_1_U0_U(task_detection_accel_start_for_tpu_layer_1_U0)' using Shift Registers.
INFO: [RTMG 210-285] Implementing FIFO 'start_for_tpu_layer_2_U0_U(task_detection_accel_start_for_tpu_layer_2_U0)' using Shift Registers.
INFO: [RTMG 210-285] Implementing FIFO 'start_for_tpu_layer_3_U0_U(task_detection_accel_start_for_tpu_layer_3_U0)' using Shift Registers.
INFO: [RTMG 210-285] Implementing FIFO 'start_for_scalar_layer_4_U0_U(task_detection_accel_start_for_scalar_layer_4_U0)' using Shift Registers.
INFO: [HLS 200-111] Finished Creating RTL model: CPU user time: 0.14 seconds. CPU system time: 0.01 seconds. Elapsed time: 0.18 seconds; current allocated memory: 674.734 MB.
INFO: [HLS 200-111] Finished Generating all RTL models: CPU user time: 0.55 seconds. CPU system time: 0.08 seconds. Elapsed time: 0.7 seconds; current allocated memory: 678.793 MB.
INFO: [HLS 200-1603] Design has inferred MAXI bursts and missed bursts, see Vitis HLS GUI synthesis summary report for detailed information.
INFO: [HLS 200-2225] Wrote inferred directives to file /home/dlohchab/projects/Verilog/DVCON/task_detection_tpu/tpu_integrated_accel/tpu_integrated_accel/hls/syn/inferred_directives.ini
INFO: [HLS 200-111] Finished Updating report files: CPU user time: 1.52 seconds. CPU system time: 0.12 seconds. Elapsed time: 1.83 seconds; current allocated memory: 689.254 MB.
INFO: [VHDL 208-304] Generating VHDL RTL for task_detection_accel.
INFO: [VLOG 209-307] Generating Verilog RTL for task_detection_accel.
INFO: [HLS 200-790] **** Loop Constraint Status: All loop constraints were satisfied.
INFO: [HLS 200-789] **** Estimated Fmax: 136.99 MHz
INFO: [HLS 200-112] Total CPU user time: 56.14 seconds. Total CPU system time: 5.07 seconds. Total elapsed time: 72.15 seconds; peak allocated memory: 689.254 MB.
INFO: [v++ 60-791] Total elapsed time: 0h 1m 17s
