  **** HLS Build v2025.2 6295257
INFO: [HLS 200-2005] Using work_dir /home/dlohchab/projects/Verilog/DVCON/task_detection_tpu/tpu_integrated_accel/tpu_integrated_accel 
INFO: [HLS 200-2176] Writing Vitis IDE component file /home/dlohchab/projects/Verilog/DVCON/task_detection_tpu/tpu_integrated_accel/tpu_integrated_accel/vitis-comp.json
INFO: [HLS 200-10] Creating and opening component '/home/dlohchab/projects/Verilog/DVCON/task_detection_tpu/tpu_integrated_accel/tpu_integrated_accel'.
INFO: [HLS 200-1505] Using default flow_target 'vivado'
Resolution: For help on HLS 200-1505 see docs.amd.com/access/sources/dita/topic?Doc_Version=2025.2%20English&url=ug1448-hls-guidance&resourceid=200-1505.html
INFO: [HLS 200-2174] Applying component config ini file hls_config.cfg
WARNING: [HLS 200-1921] Skipping unknown config ini [hls] entry 'top=task_detection_accel' from hls_config.cfg(8)
INFO: [HLS 200-1465] Applying config ini 'syn.file=../task_detection_tpu/tpu_accel.cpp' from hls_config.cfg(9)
INFO: [HLS 200-10] Adding design file '/home/dlohchab/projects/Verilog/DVCON/task_detection_tpu/task_detection_tpu/tpu_accel.cpp' to the project
INFO: [HLS 200-1465] Applying config ini 'syn.file=../task_detection_tpu/systolic_16x16.cpp' from hls_config.cfg(10)
INFO: [HLS 200-10] Adding design file '/home/dlohchab/projects/Verilog/DVCON/task_detection_tpu/task_detection_tpu/systolic_16x16.cpp' to the project
INFO: [HLS 200-1465] Applying config ini 'syn.file=../task_detection_tpu/pe.cpp' from hls_config.cfg(11)
INFO: [HLS 200-10] Adding design file '/home/dlohchab/projects/Verilog/DVCON/task_detection_tpu/task_detection_tpu/pe.cpp' to the project
INFO: [HLS 200-1465] Applying config ini 'tb.file=../task_detection_tpu/tpu_accel_tb.cpp' from hls_config.cfg(7)
INFO: [HLS 200-10] Adding test bench file '/home/dlohchab/projects/Verilog/DVCON/task_detection_tpu/task_detection_tpu/tpu_accel_tb.cpp' to the project
INFO: [HLS 200-1465] Applying config ini 'flow_target=vivado' from hls_config.cfg(4)
INFO: [HLS 200-1505] Using flow_target 'vivado'
Resolution: For help on HLS 200-1505 see docs.amd.com/access/sources/dita/topic?Doc_Version=2025.2%20English&url=ug1448-hls-guidance&resourceid=200-1505.html
INFO: [HLS 200-1465] Applying config ini 'part=xc7k325tffg900-2' from hls_config.cfg(1)
INFO: [HLS 200-1611] Setting target device to 'xc7k325t-ffg900-2'
INFO: [HLS 200-1465] Applying config ini 'package.output.format=ip_catalog' from hls_config.cfg(5)
INFO: [HLS 200-2176] Writing Vitis IDE component file /home/dlohchab/projects/Verilog/DVCON/task_detection_tpu/tpu_integrated_accel/tpu_integrated_accel/vitis-comp.json
INFO: [SIM 211-2] *************** CSIM start ***************
INFO: [HLS 200-2191] C-Simulation will use clang-16 as the compiler
INFO: [HLS 200-2036] Building debug C Simulation binaries
   Compiling ../../../../../task_detection_tpu/tpu_accel_tb.cpp in debug mode
   Compiling ../../../../../task_detection_tpu/pe.cpp in debug mode
   Compiling ../../../../../task_detection_tpu/systolic_16x16.cpp in debug mode
   Compiling ../../../../../task_detection_tpu/tpu_accel.cpp in debug mode
   Generating csim.exe
--- Starting Integrated TPU Accelerator Simulation ---
--- Layer 1 Output (First 10 values) ---
Output[0] = -29.543 (Expected: 1.8)
Output[1] = 3.99805 (Expected: 1.8)
Output[2] = -3.54297 (Expected: 1.8)
Output[3] = 1.40625 (Expected: 1.8)
Output[4] = -11.8398 (Expected: 1.8)
Output[5] = -1.61914 (Expected: 1.8)
Output[6] = 21.0039 (Expected: 1.8)
Output[7] = 0.966797 (Expected: 1.8)
Output[8] = -26.7305 (Expected: 1.8)
Output[9] = -2.04883 (Expected: 1.8)

FAIL: Math mismatch.
@E Simulation failed: Function 'main' returns nonzero value '1'.
ERROR: [SIM 211-100] 'csim_design' failed: nonzero return value.
INFO: [SIM 211-3] *************** CSIM finish ***************
ERROR: CSIM Failed
INFO: [HLS 200-112] Total CPU user time: 17.1 seconds. Total CPU system time: 1.56 seconds. Total elapsed time: 25.5 seconds; peak allocated memory: 275.438 MB.
