  **** HLS Build v2025.2 6295257
INFO: [HLS 200-2005] Using work_dir /home/dlohchab/projects/Verilog/DVCON/task_detection_tpu/tpu_integrated_accel/tpu_integrated_accel 
INFO: [HLS 200-2176] Writing Vitis IDE component file /home/dlohchab/projects/Verilog/DVCON/task_detection_tpu/tpu_integrated_accel/tpu_integrated_accel/vitis-comp.json
INFO: [HLS 200-10] Creating and opening component '/home/dlohchab/projects/Verilog/DVCON/task_detection_tpu/tpu_integrated_accel/tpu_integrated_accel'.
INFO: [HLS 200-1505] Using default flow_target 'vivado'
Resolution: For help on HLS 200-1505 see docs.amd.com/access/sources/dita/topic?Doc_Version=2025.2%20English&url=ug1448-hls-guidance&resourceid=200-1505.html
INFO: [HLS 200-2174] Applying component config ini file hls_config.cfg
INFO: [HLS 200-1465] Applying config ini 'syn.file=../task_detection_tpu/tpu_accel.cpp' from hls_config.cfg(9)
INFO: [HLS 200-10] Adding design file '/home/dlohchab/projects/Verilog/DVCON/task_detection_tpu/task_detection_tpu/tpu_accel.cpp' to the project
INFO: [HLS 200-1465] Applying config ini 'syn.file=../task_detection_tpu/pe.cpp' from hls_config.cfg(10)
INFO: [HLS 200-10] Adding design file '/home/dlohchab/projects/Verilog/DVCON/task_detection_tpu/task_detection_tpu/pe.cpp' to the project
INFO: [HLS 200-1465] Applying config ini 'tb.file=../task_detection_tpu/tpu_accel_tb.cpp' from hls_config.cfg(7)
INFO: [HLS 200-10] Adding test bench file '/home/dlohchab/projects/Verilog/DVCON/task_detection_tpu/task_detection_tpu/tpu_accel_tb.cpp' to the project
INFO: [HLS 200-1465] Applying config ini 'syn.top=task_detection_accel' from hls_config.cfg(8)
INFO: [HLS 200-1465] Applying config ini 'flow_target=vivado' from hls_config.cfg(4)
INFO: [HLS 200-1505] Using flow_target 'vivado'
Resolution: For help on HLS 200-1505 see docs.amd.com/access/sources/dita/topic?Doc_Version=2025.2%20English&url=ug1448-hls-guidance&resourceid=200-1505.html
INFO: [HLS 200-1465] Applying config ini 'part=xc7k325tffg900-2' from hls_config.cfg(1)
INFO: [HLS 200-1611] Setting target device to 'xc7k325t-ffg900-2'
INFO: [HLS 200-1465] Applying config ini 'package.output.format=ip_catalog' from hls_config.cfg(5)
INFO: [HLS 200-2176] Writing Vitis IDE component file /home/dlohchab/projects/Verilog/DVCON/task_detection_tpu/tpu_integrated_accel/tpu_integrated_accel/vitis-comp.json
INFO: [HLS 200-111] Finished File checks and directory preparation: CPU user time: 4.98 seconds. CPU system time: 0.78 seconds. Elapsed time: 7.76 seconds; current allocated memory: 269.523 MB.
INFO: [HLS 200-2191] C-Synthesis will use clang-16 as the compiler
INFO: [HLS 200-10] Analyzing design file '../task_detection_tpu/pe.cpp' ... 
INFO: [HLS 200-10] Analyzing design file '../task_detection_tpu/tpu_accel.cpp' ... 
ERROR: [HLS 207-1346] expected expression (../task_detection_tpu/tpu_accel.cpp:102:34)
ERROR: [HLS 207-1346] expected expression (../task_detection_tpu/tpu_accel.cpp:104:34)
ERROR: [HLS 207-1346] expected expression (../task_detection_tpu/tpu_accel.cpp:106:34)
ERROR: [HLS 207-1346] expected expression (../task_detection_tpu/tpu_accel.cpp:108:34)
ERROR: [HLS 207-1346] expected expression (../task_detection_tpu/tpu_accel.cpp:167:34)
ERROR: [HLS 207-1346] expected expression (../task_detection_tpu/tpu_accel.cpp:169:34)
ERROR: [HLS 207-1346] expected expression (../task_detection_tpu/tpu_accel.cpp:171:34)
ERROR: [HLS 207-1346] expected expression (../task_detection_tpu/tpu_accel.cpp:173:34)
ERROR: [HLS 207-1346] expected expression (../task_detection_tpu/tpu_accel.cpp:232:34)
ERROR: [HLS 207-1346] expected expression (../task_detection_tpu/tpu_accel.cpp:234:34)
ERROR: [HLS 207-1346] expected expression (../task_detection_tpu/tpu_accel.cpp:236:34)
ERROR: [HLS 207-1346] expected expression (../task_detection_tpu/tpu_accel.cpp:238:34)
ERROR: syntax check failed.
INFO: [HLS 200-112] Total CPU user time: 16.02 seconds. Total CPU system time: 1.87 seconds. Total elapsed time: 22.73 seconds; peak allocated memory: 271.188 MB.
