# 
# Steps log generated by v++
# This log file contains a collection of steps that describe the kernel compilation flow
# Note: Some steps are tagged as internal, these steps are for debugging purposes and 
#       are not expected to be able to run independently.
# 

# The following environment variables are set when running vitis-run
Environment variables :
------------------------------------------
SHELL=/bin/bash
SESSION_MANAGER=local/unix:@/tmp/.ICE-unix/3171,unix/unix:/tmp/.ICE-unix/3171
HISTCONTROL=ignoredups
XDG_MENU_PREFIX=gnome-
RDI_APPROOT=/home/dlohchab/Xilinx/2025.2/Vitis
RDI_JAVA_PLATFORM=
TK_LIBRARY=/home/dlohchab/Xilinx/2025.2/Vitis/tps/tk/tk8.5
HISTSIZE=1000
HOSTNAME=localhost
LANGUAGE=en_US:en
FREETYPE_PROPERTIES=truetype:interpreter-version=35
XIL_SUPPRESS_OVERRIDE_WARNINGS=1
RDI_BINROOT=/home/dlohchab/Xilinx/2025.2/Vitis/bin
XILINX_VIVADO=/home/dlohchab/Xilinx/2025.2/Vivado
JAVA_HOME=/home/dlohchab/Xilinx/2025.2/Vitis/tps/lnx64/jre21.0.5_11/
SSH_AUTH_SOCK=/run/user/1000/keyring/ssh
RDI_INSTALLVERSION=2025.2
RDI_OPT_EXT=.o
RDI_INSTALLVER=Vitis
RDI_INSTALLROOT=/home/dlohchab/Xilinx
THEIA_DEFAULT_PLUGINS=local-dir:/home/dlohchab/Xilinx/2025.2/Vitis/ide/electron-app/lnx64/resources/app/plugins
XMODIFIERS=@im=ibus
RDI_PATCHROOT=
DESKTOP_SESSION=gnome
GPG_TTY=not a tty
XIL_NO_OVERRIDE=0
RDI_LIBDIR=/home/dlohchab/Xilinx/2025.2/Vitis/lib/lnx64.o/Rhel/10:/home/dlohchab/Xilinx/2025.2/Vitis/lib/lnx64.o/Rhel:/home/dlohchab/Xilinx/2025.2/Vitis/lib/lnx64.o
PWD=/home/dlohchab/projects/Verilog/DVCON/task_detection_tpu/tpu_integrated_accel
LOGNAME=dlohchab
XDG_SESSION_DESKTOP=gnome
THEIA_ELECTRON_VERSION=30.1.2
XDG_SESSION_TYPE=wayland
_RDI_DONT_SET_XILINX_AS_PATH=True
SYSTEMD_EXEC_PID=3197
VALIDATE_ARGS=False
XAUTHORITY=/run/user/1000/.mutter-Xwaylandauth.NAXIR3
RDI_PREPEND_PATH=/home/dlohchab/Xilinx/2025.2/Vitis/bin
XILINX_DSP=
GJS_DEBUG_TOPICS=JS ERROR;JS LOG
THEIA_PLUGINS=local-dir:/home/dlohchab/.theia/plugins
GDM_LANG=en_IN.UTF-8
HOME=/home/dlohchab
USERNAME=dlohchab
SYNTH_COMMON=/home/dlohchab/Xilinx/2025.2/Vitis/scripts/rt/data
LANG=en_US.UTF-8
XDG_CURRENT_DESKTOP=GNOME
WAYLAND_DISPLAY=wayland-0
XILINX_HLS=/home/dlohchab/Xilinx/2025.2/Vitis
RDI_BUILD=yes
RDI_PROG=/home/dlohchab/Xilinx/2025.2/Vitis/bin/unwrapped/lnx64.o/vitis-run
INVOCATION_ID=dd0f997703bc4f33913380150ca9f2cc
MANAGERPID=3059
RDI_SESSION_INFO=/home/dlohchab:localhost.localdomain_1781539289_4475
CHROME_DESKTOP=Vitis Unified IDE.desktop
RT_TCL_PATH=/home/dlohchab/Xilinx/2025.2/Vitis/scripts/rt/base_tcl/tcl
GJS_DEBUG_OUTPUT=stderr
XILINX_SDK=/home/dlohchab/Xilinx/2025.2/Vitis
GNOME_SETUP_DISPLAY=:1
RDI_SHARED_DATA=
VSCODE_API_VERSION=1.99.3
XDG_SESSION_CLASS=user
PYTHONPATH=/home/dlohchab/Xilinx/2025.2/Vitis/cli/:/home/dlohchab/Xilinx/2025.2/Vitis/cli/python-packages/site-packages:/home/dlohchab/Xilinx/2025.2/Vitis/cli/proto:/home/dlohchab/Xilinx/2025.2/Vitis/tps/lnx64/python-3.13.0/lib/python3.13/lib-dynload/:/home/dlohchab/Xilinx/2025.2/Vitis/tps/lnx64/python-3.13.0/lib/python3.13/:/home/dlohchab/Xilinx/2025.2/Vitis/scripts/python_pkg:/home/dlohchab/Xilinx/2025.2/Vitis/cli/:/home/dlohchab/Xilinx/2025.2/Vitis/cli/python-packages/site-packages:/home/dlohchab/Xilinx/2025.2/Vitis/cli/python-packages/lnx64:/home/dlohchab/Xilinx/2025.2/Vitis/cli/proto:/home/dlohchab/Xilinx/2025.2/Vivado/tps/lnx64/python-3.13.0/lib/python3.13/lib-dynload/:/home/dlohchab/Xilinx/2025.2/Vivado/tps/lnx64/python-3.13.0/lib/python3.13
LESSOPEN=||/usr/bin/lesspipe.sh %s
PYTHONHOME=/home/dlohchab/Xilinx/2025.2/Vitis/tps/lnx64/python-3.13.0/
VITIS_HLS_INSTALL=true
USER=dlohchab
XILINX_PLANAHEAD=/home/dlohchab/Xilinx/2025.2/Vitis
PATCH_INFO=
RDI_BASEROOT=/home/dlohchab/Xilinx/2025.2
LOPPER_DTC_FLAGS=-b 0 -@
RDI_TPS_ROOT=/home/dlohchab/Xilinx/2025.2/Vivado/tps/lnx64
RDI_JAVA_VERSION=11.0.16_1
IDE_SKIP_SERVER_LICENSE=1
RDI_DATADIR=:/home/dlohchab/Xilinx/2025.2/data
THEIA_ELECTRON_TOKEN={"value":"1be23294-b4ea-4eb8-8af8-776c79a8ff5e"}
DISPLAY=:0
SHLVL=3
RDI_USE_JDK11=1
QT_IM_MODULE=ibus
XIL_CHECK_TCL_DEBUG=False
SYSTEMPLATFORM=Red
LD_LIBRARY_PATH=/home/dlohchab/Xilinx/2025.2/Vitis/tps/lnx64/java-cef-95.0.4638.69/bin/lib/linux64:/home/dlohchab/Xilinx/2025.2/Vitis/tps/lnx64/javafx-sdk-11.0.2/lib:/home/dlohchab/Xilinx/2025.2/Vitis/lib/lnx64.o/Rhel/10:/home/dlohchab/Xilinx/2025.2/Vitis/lib/lnx64.o/Rhel:/home/dlohchab/Xilinx/2025.2/Vitis/lib/lnx64.o:/home/dlohchab/Xilinx/2025.2/Vitis/tps/lnx64/jre11.0.16_1/lib/:/home/dlohchab/Xilinx/2025.2/Vitis/tps/lnx64/jre11.0.16_1/lib//server:/home/dlohchab/Xilinx/2025.2/Vitis/lib/lnx64.o/Rhel/10:/home/dlohchab/Xilinx/2025.2/Vitis/lib/lnx64.o/Rhel:/home/dlohchab/Xilinx/2025.2/Vitis/lib/lnx64.o:/home/dlohchab/Xilinx/2025.2/Vitis/tps/lnx64/cmake-3.24.2/libs/Rhel/10:/home/dlohchab/Xilinx/2025.2/Vitis/tps/lnx64/cmake-3.24.2/libs/Rhel:/home/dlohchab/Xilinx/2025.2/Vitis/tps/lnx64/cmake-3.24.2/libs:/home/dlohchab/Xilinx/2025.2/Vitis/lib/lnx64.o/Rhel/10:/home/dlohchab/Xilinx/2025.2/Vitis/lib/lnx64.o/Rhel:/home/dlohchab/Xilinx/2025.2/Vitis/lib/lnx64.o:/home/dlohchab/Xilinx/2025.2/Vitis/tps/lnx64/python-3.13.0/lib:/home/dlohchab/Xilinx/2025.2/Vivado/tps/lnx64/cmake-3.24.2/libs/Rhel/10:/home/dlohchab/Xilinx/2025.2/Vivado/tps/lnx64/cmake-3.24.2/libs/Rhel:/home/dlohchab/Xilinx/2025.2/Vivado/tps/lnx64/cmake-3.24.2/libs:/home/dlohchab/Xilinx/2025.2/Vitis/lib/lnx64.o:/home/dlohchab/Xilinx/2025.2/Vitis/lib/lnx64.o/Rhel/10:/home/dlohchab/Xilinx/2025.2/Vitis/lib/lnx64.o/Rhel:/home/dlohchab/Xilinx/2025.2/Vitis/lib/lnx64.o:/home/dlohchab/Xilinx/2025.2/Vivado/tps/lnx64/python-3.13.0/lib
HDIPRELDPATH=/home/dlohchab/Xilinx/2025.2/Vitis/lib/lnx64.o/Rhel/10:/home/dlohchab/Xilinx/2025.2/Vitis/lib/lnx64.o/Rhel:/home/dlohchab/Xilinx/2025.2/Vitis/lib/lnx64.o:/home/dlohchab/Xilinx/2025.2/Vitis/tps/lnx64/cmake-3.24.2/libs/Rhel/10:/home/dlohchab/Xilinx/2025.2/Vitis/tps/lnx64/cmake-3.24.2/libs/Rhel:/home/dlohchab/Xilinx/2025.2/Vitis/tps/lnx64/cmake-3.24.2/libs:/home/dlohchab/Xilinx/2025.2/Vitis/lib/lnx64.o/Rhel/10:/home/dlohchab/Xilinx/2025.2/Vitis/lib/lnx64.o/Rhel:/home/dlohchab/Xilinx/2025.2/Vitis/lib/lnx64.o:/home/dlohchab/Xilinx/2025.2/Vitis/tps/lnx64/python-3.13.0/lib:/home/dlohchab/Xilinx/2025.2/Vivado/tps/lnx64/cmake-3.24.2/libs/Rhel/10:/home/dlohchab/Xilinx/2025.2/Vivado/tps/lnx64/cmake-3.24.2/libs/Rhel:/home/dlohchab/Xilinx/2025.2/Vivado/tps/lnx64/cmake-3.24.2/libs:/home/dlohchab/Xilinx/2025.2/Vitis/lib/lnx64.o:/home/dlohchab/Xilinx/2025.2/Vitis/lib/lnx64.o/Rhel/10:/home/dlohchab/Xilinx/2025.2/Vitis/lib/lnx64.o/Rhel:/home/dlohchab/Xilinx/2025.2/Vitis/lib/lnx64.o:/home/dlohchab/Xilinx/2025.2/Vivado/tps/lnx64/python-3.13.0/lib
XDG_RUNTIME_DIR=/run/user/1000
TCMALLOC_LARGE_ALLOC_REPORT_THRESHOLD=4294967296
DOCKER_HOST=unix:///run/user/1000/podman/podman.sock
DEBUGINFOD_IMA_CERT_PATH=/etc/keys/ima:
TCL_LIBRARY=/home/dlohchab/Xilinx/2025.2/Vitis/tps/tcl/tcl8.6
LC_ALL=en_US.UTF-8
JOURNAL_STREAM=9:18953
XDG_DATA_DIRS=/home/dlohchab/.local/share/flatpak/exports/share:/var/lib/flatpak/exports/share:/usr/local/share/:/usr/share/
XILINX_VITIS_GIT=/home/dlohchab/Xilinx/2025.2/Vivado/tps/lnx64/git-2.50.0/bin
PATH=/home/dlohchab/Xilinx/2025.2/Vivado/tps/lnx64/binutils-2.26/bin:/home/dlohchab/Xilinx/2025.2/Vitis/bin/../gnu/aarch64/lin/aarch64-linux/bin:/home/dlohchab/Xilinx/2025.2/Vitis/bin/../gnu/ppc64le/4.9.3/lnx64/bin:/home/dlohchab/Xilinx/2025.2/Vitis/bin/../gnu/aarch32/lin/gcc-arm-linux-gnueabi/bin:/home/dlohchab/Xilinx/2025.2/Vivado/tps/lnx64/gcc-8.3.0/bin:/home/dlohchab/Xilinx/2025.2/Vivado/gnu/microblaze/lin/bin:/home/dlohchab/Xilinx/2025.2/Vitis/bin:/home/dlohchab/Xilinx/2025.2/Vitis/tps/lnx64/jre11.0.16_1/bin:/home/dlohchab/Xilinx/2025.2/Vitis/gnu/microblaze/lin/bin:/home/dlohchab/Xilinx/2025.2/Vitis/gnu/arm/lin/bin:/home/dlohchab/Xilinx/2025.2/Vitis/gnu/microblaze/linux_toolchain/nt64_be/bin:/home/dlohchab/Xilinx/2025.2/Vitis/gnu/microblaze/linux_toolchain/nt64_le/bin:/home/dlohchab/Xilinx/2025.2/Vitis/gnu/aarch32/lin/gcc-arm-linux-gnueabi/bin:/home/dlohchab/Xilinx/2025.2/Vitis/gnu/aarch32/lin/gcc-arm-none-eabi/bin:/home/dlohchab/Xilinx/2025.2/Vitis/gnu/aarch64/lin/aarch64-linux/bin:/home/dlohchab/Xilinx/2025.2/Vitis/gnu/aarch64/lin/aarch64-none/bin:/home/dlohchab/Xilinx/2025.2/Vitis/gnu/armr5/lin/gcc-arm-none-eabi/bin:/home/dlohchab/Xilinx/2025.2/Vitis/tps/lnx64/cmake-3.24.2/bin:/home/dlohchab/Xilinx/2025.2/Vitis/lnx64/tools/clang/bin:/home/dlohchab/Xilinx/2025.2/Vitis/tps/lnx64/python-3.13.0//bin:/home/dlohchab/Xilinx/2025.2/Vitis/tps/lnx64/jre21.0.5_11//bin:/bin:/home/dlohchab/Xilinx/2025.2/Vivado/bin:/home/dlohchab/Xilinx/2025.2/Vivado/tps/lnx64/git-2.50.0/bin:/home/dlohchab/Xilinx/2025.2/Vitis/lnx64/tools/vcxx/libexec:/home/dlohchab/Xilinx/2025.2/Vivado/tps/lnx64/cmake-3.24.2/bin:/home/dlohchab/Xilinx/2025.2/Vivado/tps/lnx64/jre21.0.5_11/bin:/home/dlohchab/Xilinx/2025.2/Vivado/tps/lnx64/python-3.13.0/bin:/home/dlohchab/.local/bin:/home/dlohchab/bin:/usr/local/bin:/usr/local/sbin:/usr/bin:/usr/sbin
RT_LIBPATH=/home/dlohchab/Xilinx/2025.2/Vitis/scripts/rt/data
GDMSESSION=gnome
ORIGINAL_XDG_CURRENT_DESKTOP=GNOME
HDI_APPROOT=/home/dlohchab/Xilinx/2025.2/Vitis
DBUS_SESSION_BUS_ADDRESS=unix:path=/run/user/1000/bus
RDI_PLATFORM=lnx64
THEIA_APP_PROJECT_PATH=/home/dlohchab/Xilinx/2025.2/Vitis/ide/electron-app/lnx64/resources/app
MYVIVADO=
BUILDINFO=SW Build 6295257 on 2025-11-13-01:29:14
MAIL=/var/spool/mail/dlohchab
ISL_IOSTREAMS_RSA=/home/dlohchab/Xilinx/2025.2/Vitis/tps/isl
GIO_LAUNCHED_DESKTOP_FILE_PID=4475
GIO_LAUNCHED_DESKTOP_FILE=/home/dlohchab/.local/share/applications/Vitis 2025.2_1779076938325.desktop
LC_NUMERIC=C
XILINX_VITIS=/home/dlohchab/Xilinx/2025.2/Vitis
OLDPWD=/home/dlohchab/Xilinx/2025.2/Vitis/bin
XILINX_VCXX=/home/dlohchab/Xilinx/2025.2/Vitis/lnx64/tools/vcxx
_=/home/dlohchab/Xilinx/2025.2/Vitis/bin/unwrapped/lnx64.o/vitis-run
XILINX_CD_CONNECT_ID=35283
XILINX_CD_SESSION=0e544397-7fd3-47c2-8eab-fe85527c1b19


VITIS-RUN command line:
------------------------------------------
/home/dlohchab/Xilinx/2025.2/Vitis/bin/unwrapped/lnx64.o/vitis-run --mode hls --csim --config /home/dlohchab/projects/Verilog/DVCON/task_detection_tpu/tpu_integrated_accel/hls_config.cfg --work_dir tpu_integrated_accel 

FINAL PROGRAM OPTIONS
--config /home/dlohchab/projects/Verilog/DVCON/task_detection_tpu/tpu_integrated_accel/hls_config.cfg
--csim
--hls.flow_target vivado
--hls.package.output.format ip_catalog
--hls.package.output.syn false
--hls.syn.file ../task_detection_tpu/tpu_accel.cpp
--hls.tb.file ../task_detection_tpu/tpu_accel_tb.cpp
--mode hls
--part xc7k325tffg900-2
--work_dir tpu_integrated_accel

PARSED COMMAND LINE OPTIONS
--mode hls 
--csim 
--config /home/dlohchab/projects/Verilog/DVCON/task_detection_tpu/tpu_integrated_accel/hls_config.cfg 
--work_dir tpu_integrated_accel 

PARSED CONFIG FILE (1) OPTIONS
file: /home/dlohchab/projects/Verilog/DVCON/task_detection_tpu/tpu_integrated_accel/hls_config.cfg
part xc7k325tffg900-2 
hls.flow_target vivado 
hls.package.output.format ip_catalog 
hls.package.output.syn false 
hls.syn.file ../task_detection_tpu/tpu_accel.cpp 
hls.tb.file ../task_detection_tpu/tpu_accel_tb.cpp 


==========================================
new:  steps log generated by v++ for new launch 
timestamp: 15 Jun 2026 21:33:48

------------------------------------------
VITIS-RUN command line :
------------------------------------------
/home/dlohchab/Xilinx/2025.2/Vitis/bin/unwrapped/lnx64.o/vitis-run --mode hls --csim --config /home/dlohchab/projects/Verilog/DVCON/task_detection_tpu/tpu_integrated_accel/hls_config.cfg --work_dir tpu_integrated_accel 
  Options from -O    : 
  Options from *.ini : 
  Options from Hw Platform : 

==========================================
new:  steps log generated by v++ for new launch 
timestamp: 15 Jun 2026 21:40:18

------------------------------------------
VITIS-RUN command line :
------------------------------------------
/home/dlohchab/Xilinx/2025.2/Vitis/bin/unwrapped/lnx64.o/vitis-run --mode hls --csim --config /home/dlohchab/projects/Verilog/DVCON/task_detection_tpu/tpu_integrated_accel/hls_config.cfg --work_dir tpu_integrated_accel 
  Options from -O    : 
  Options from *.ini : 
  Options from Hw Platform : 

==========================================
new:  steps log generated by v++ for new launch 
timestamp: 15 Jun 2026 21:43:53

------------------------------------------
VITIS-RUN command line :
------------------------------------------
/home/dlohchab/Xilinx/2025.2/Vitis/bin/unwrapped/lnx64.o/vitis-run --mode hls --csim --config /home/dlohchab/projects/Verilog/DVCON/task_detection_tpu/tpu_integrated_accel/hls_config.cfg --work_dir tpu_integrated_accel 
  Options from -O    : 
  Options from *.ini : 
  Options from Hw Platform : 

==========================================
new:  steps log generated by v++ for new launch 
timestamp: 15 Jun 2026 21:47:19

------------------------------------------
VITIS-RUN command line :
------------------------------------------
/home/dlohchab/Xilinx/2025.2/Vitis/bin/unwrapped/lnx64.o/vitis-run --mode hls --csim --config /home/dlohchab/projects/Verilog/DVCON/task_detection_tpu/tpu_integrated_accel/hls_config.cfg --work_dir tpu_integrated_accel 
  Options from -O    : 
  Options from *.ini : 
  Options from Hw Platform : 

==========================================
new:  steps log generated by v++ for new launch 
timestamp: 15 Jun 2026 21:53:19

------------------------------------------
VITIS-RUN command line :
------------------------------------------
/home/dlohchab/Xilinx/2025.2/Vitis/bin/unwrapped/lnx64.o/vitis-run --mode hls --csim --config /home/dlohchab/projects/Verilog/DVCON/task_detection_tpu/tpu_integrated_accel/hls_config.cfg --work_dir tpu_integrated_accel 
  Options from -O    : 
  Options from *.ini : 
  Options from Hw Platform : 

==========================================
new:  steps log generated by v++ for new launch 
timestamp: 15 Jun 2026 22:23:49

------------------------------------------
V++ command line :
------------------------------------------
/home/dlohchab/Xilinx/2025.2/Vitis/bin/unwrapped/lnx64.o/v++ -c --mode hls --config /home/dlohchab/projects/Verilog/DVCON/task_detection_tpu/tpu_integrated_accel/hls_config.cfg --work_dir tpu_integrated_accel 
  Options from -O    : 
  Options from *.ini : 
  Options from Hw Platform : 

==========================================
new:  steps log generated by v++ for new launch 
timestamp: 15 Jun 2026 22:29:19

------------------------------------------
VITIS-RUN command line :
------------------------------------------
/home/dlohchab/Xilinx/2025.2/Vitis/bin/unwrapped/lnx64.o/vitis-run --mode hls --csim --config /home/dlohchab/projects/Verilog/DVCON/task_detection_tpu/tpu_integrated_accel/hls_config.cfg --work_dir tpu_integrated_accel 
  Options from -O    : 
  Options from *.ini : 
  Options from Hw Platform : 

==========================================
new:  steps log generated by v++ for new launch 
timestamp: 15 Jun 2026 22:43:58

------------------------------------------
V++ command line :
------------------------------------------
/home/dlohchab/Xilinx/2025.2/Vitis/bin/unwrapped/lnx64.o/v++ -c --mode hls --config /home/dlohchab/projects/Verilog/DVCON/task_detection_tpu/tpu_integrated_accel/hls_config.cfg --work_dir tpu_integrated_accel 
  Options from -O    : 
  Options from *.ini : 
  Options from Hw Platform : 

==========================================
new:  steps log generated by v++ for new launch 
timestamp: 15 Jun 2026 22:45:41

------------------------------------------
VITIS-RUN command line :
------------------------------------------
/home/dlohchab/Xilinx/2025.2/Vitis/bin/unwrapped/lnx64.o/vitis-run --mode hls --csim --config /home/dlohchab/projects/Verilog/DVCON/task_detection_tpu/tpu_integrated_accel/hls_config.cfg --work_dir tpu_integrated_accel 
  Options from -O    : 
  Options from *.ini : 
  Options from Hw Platform : 

==========================================
new:  steps log generated by v++ for new launch 
timestamp: 15 Jun 2026 23:06:01

------------------------------------------
VITIS-RUN command line :
------------------------------------------
/home/dlohchab/Xilinx/2025.2/Vitis/bin/unwrapped/lnx64.o/vitis-run --mode hls --csim --config /home/dlohchab/projects/Verilog/DVCON/task_detection_tpu/tpu_integrated_accel/hls_config.cfg --work_dir tpu_integrated_accel 
  Options from -O    : 
  Options from *.ini : 
  Options from Hw Platform : 

==========================================
new:  steps log generated by v++ for new launch 
timestamp: 15 Jun 2026 23:11:42

------------------------------------------
V++ command line :
------------------------------------------
/home/dlohchab/Xilinx/2025.2/Vitis/bin/unwrapped/lnx64.o/v++ -c --mode hls --config /home/dlohchab/projects/Verilog/DVCON/task_detection_tpu/tpu_integrated_accel/hls_config.cfg --work_dir tpu_integrated_accel 
  Options from -O    : 
  Options from *.ini : 
  Options from Hw Platform : 

==========================================
new:  steps log generated by v++ for new launch 
timestamp: 15 Jun 2026 23:12:59
