

================================================================
== Vitis HLS Report for 'linear_180_16_Pipeline_VITIS_LOOP_190_1_VITIS_LOOP_192_2'
================================================================
* Date:           Mon Jun 15 16:42:38 2026

* Version:        2025.2 (Build 6295257 on Nov 14 2025)
* Project:        linear_180_16
* Solution:       hls (Vivado IP Flow Target)
* Product family: kintex7
* Target device:  xc7k325t-ffg900-2


================================================================
== Performance Estimates
================================================================
+ Timing: 
    * Summary: 
    +--------+----------+----------+------------+
    |  Clock |  Target  | Estimated| Uncertainty|
    +--------+----------+----------+------------+
    |ap_clk  |  10.00 ns|  6.100 ns|     2.70 ns|
    +--------+----------+----------+------------+

+ Latency: 
    * Summary: 
    +---------+---------+-----------+-----------+-----+-----+-------------------+
    |  Latency (cycles) |   Latency (absolute)  |  Interval |      Pipeline     |
    |   min   |   max   |    min    |    max    | min | max |        Type       |
    +---------+---------+-----------+-----------+-----+-----+-------------------+
    |     2882|     2882|  28.820 us|  28.820 us|    0|    0|  loop pipeline stp|
    +---------+---------+-----------+-----------+-----+-----+-------------------+

    + Detail: 
        * Instance: 
        N/A

        * Loop: 
        +-------------------------------------+---------+---------+----------+-----------+-----------+------+----------+
        |                                     |  Latency (cycles) | Iteration|  Initiation Interval  | Trip |          |
        |              Loop Name              |   min   |   max   |  Latency |  achieved |   target  | Count| Pipelined|
        +-------------------------------------+---------+---------+----------+-----------+-----------+------+----------+
        |- VITIS_LOOP_190_1_VITIS_LOOP_192_2  |     2880|     2880|         1|          1|          1|  2880|       yes|
        +-------------------------------------+---------+---------+----------+-----------+-----------+------+----------+



================================================================
== Utilization Estimates
================================================================
* Summary: 
+-----------------+---------+-----+--------+--------+-----+
|       Name      | BRAM_18K| DSP |   FF   |   LUT  | URAM|
+-----------------+---------+-----+--------+--------+-----+
|DSP              |        -|    -|       -|       -|    -|
|Expression       |        -|    -|       0|      94|    -|
|FIFO             |        -|    -|       -|       -|    -|
|Instance         |        -|    -|       -|       -|    -|
|Memory           |        -|    -|       -|       -|    -|
|Multiplexer      |        -|    -|       0|      63|    -|
|Register         |        -|    -|      27|       -|    -|
+-----------------+---------+-----+--------+--------+-----+
|Total            |        0|    0|      27|     157|    0|
+-----------------+---------+-----+--------+--------+-----+
|Available        |      890|  840|  407600|  203800|    0|
+-----------------+---------+-----+--------+--------+-----+
|Utilization (%)  |        0|    0|      ~0|      ~0|    0|
+-----------------+---------+-----+--------+--------+-----+

+ Detail: 
    * Instance: 
    N/A

    * DSP: 
    N/A

    * Memory: 
    N/A

    * FIFO: 
    N/A

    * Expression: 
    +--------------------------+----------+----+---+----+------------+------------+
    |       Variable Name      | Operation| DSP| FF| LUT| Bitwidth P0| Bitwidth P1|
    +--------------------------+----------+----+---+----+------------+------------+
    |add_ln190_1_fu_386_p2     |         +|   0|  0|  13|           5|           1|
    |add_ln190_fu_360_p2       |         +|   0|  0|  19|          12|           1|
    |add_ln192_fu_458_p2       |         +|   0|  0|  15|           8|           1|
    |icmp_ln190_fu_354_p2      |      icmp|   0|  0|  19|          12|          12|
    |icmp_ln192_fu_372_p2      |      icmp|   0|  0|  15|           8|           8|
    |select_ln190_1_fu_392_p3  |    select|   0|  0|   5|           1|           5|
    |select_ln190_fu_378_p3    |    select|   0|  0|   8|           1|           1|
    +--------------------------+----------+----+---+----+------------+------------+
    |Total                     |          |   0|  0|  94|          47|          29|
    +--------------------------+----------+----+---+----+------------+------------+

    * Multiplexer: 
    +--------------------------------------+----+-----------+-----+-----------+
    |                 Name                 | LUT| Input Size| Bits| Total Bits|
    +--------------------------------------+----+-----------+-----+-----------+
    |ap_done_int                           |   9|          2|    1|          2|
    |ap_sig_allocacmp_i_load               |   9|          2|    8|         16|
    |ap_sig_allocacmp_indvar_flatten_load  |   9|          2|   12|         24|
    |ap_sig_allocacmp_o_load               |   9|          2|    5|         10|
    |i_fu_100                              |   9|          2|    8|         16|
    |indvar_flatten_fu_108                 |   9|          2|   12|         24|
    |o_fu_104                              |   9|          2|    5|         10|
    +--------------------------------------+----+-----------+-----+-----------+
    |Total                                 |  63|         14|   51|        102|
    +--------------------------------------+----+-----------+-----+-----------+

    * Register: 
    +-----------------------+----+----+-----+-----------+
    |          Name         | FF | LUT| Bits| Const Bits|
    +-----------------------+----+----+-----+-----------+
    |ap_CS_fsm              |   1|   0|    1|          0|
    |ap_done_reg            |   1|   0|    1|          0|
    |i_fu_100               |   8|   0|    8|          0|
    |indvar_flatten_fu_108  |  12|   0|   12|          0|
    |o_fu_104               |   5|   0|    5|          0|
    +-----------------------+----+----+-----+-----------+
    |Total                  |  27|   0|   27|          0|
    +-----------------------+----+----+-----+-----------+



================================================================
== Interface
================================================================
* Summary: 
+----------------------------------------------+-----+-----+------------+----------------------------------------------------------+--------------+
|                   RTL Ports                  | Dir | Bits|  Protocol  |                       Source Object                      |    C Type    |
+----------------------------------------------+-----+-----+------------+----------------------------------------------------------+--------------+
|ap_clk                                        |   in|    1|  ap_ctrl_hs|  linear_180_16_Pipeline_VITIS_LOOP_190_1_VITIS_LOOP_192_2|  return value|
|ap_rst                                        |   in|    1|  ap_ctrl_hs|  linear_180_16_Pipeline_VITIS_LOOP_190_1_VITIS_LOOP_192_2|  return value|
|ap_start                                      |   in|    1|  ap_ctrl_hs|  linear_180_16_Pipeline_VITIS_LOOP_190_1_VITIS_LOOP_192_2|  return value|
|ap_done                                       |  out|    1|  ap_ctrl_hs|  linear_180_16_Pipeline_VITIS_LOOP_190_1_VITIS_LOOP_192_2|  return value|
|ap_idle                                       |  out|    1|  ap_ctrl_hs|  linear_180_16_Pipeline_VITIS_LOOP_190_1_VITIS_LOOP_192_2|  return value|
|ap_ready                                      |  out|    1|  ap_ctrl_hs|  linear_180_16_Pipeline_VITIS_LOOP_190_1_VITIS_LOOP_192_2|  return value|
|linear_180_16_float_float_weights_address0    |  out|    8|   ap_memory|                         linear_180_16_float_float_weights|         array|
|linear_180_16_float_float_weights_ce0         |  out|    1|   ap_memory|                         linear_180_16_float_float_weights|         array|
|linear_180_16_float_float_weights_we0         |  out|    1|   ap_memory|                         linear_180_16_float_float_weights|         array|
|linear_180_16_float_float_weights_d0          |  out|   32|   ap_memory|                         linear_180_16_float_float_weights|         array|
|linear_180_16_float_float_weights_1_address0  |  out|    8|   ap_memory|                       linear_180_16_float_float_weights_1|         array|
|linear_180_16_float_float_weights_1_ce0       |  out|    1|   ap_memory|                       linear_180_16_float_float_weights_1|         array|
|linear_180_16_float_float_weights_1_we0       |  out|    1|   ap_memory|                       linear_180_16_float_float_weights_1|         array|
|linear_180_16_float_float_weights_1_d0        |  out|   32|   ap_memory|                       linear_180_16_float_float_weights_1|         array|
|linear_180_16_float_float_weights_2_address0  |  out|    8|   ap_memory|                       linear_180_16_float_float_weights_2|         array|
|linear_180_16_float_float_weights_2_ce0       |  out|    1|   ap_memory|                       linear_180_16_float_float_weights_2|         array|
|linear_180_16_float_float_weights_2_we0       |  out|    1|   ap_memory|                       linear_180_16_float_float_weights_2|         array|
|linear_180_16_float_float_weights_2_d0        |  out|   32|   ap_memory|                       linear_180_16_float_float_weights_2|         array|
|linear_180_16_float_float_weights_3_address0  |  out|    8|   ap_memory|                       linear_180_16_float_float_weights_3|         array|
|linear_180_16_float_float_weights_3_ce0       |  out|    1|   ap_memory|                       linear_180_16_float_float_weights_3|         array|
|linear_180_16_float_float_weights_3_we0       |  out|    1|   ap_memory|                       linear_180_16_float_float_weights_3|         array|
|linear_180_16_float_float_weights_3_d0        |  out|   32|   ap_memory|                       linear_180_16_float_float_weights_3|         array|
|linear_180_16_float_float_weights_4_address0  |  out|    8|   ap_memory|                       linear_180_16_float_float_weights_4|         array|
|linear_180_16_float_float_weights_4_ce0       |  out|    1|   ap_memory|                       linear_180_16_float_float_weights_4|         array|
|linear_180_16_float_float_weights_4_we0       |  out|    1|   ap_memory|                       linear_180_16_float_float_weights_4|         array|
|linear_180_16_float_float_weights_4_d0        |  out|   32|   ap_memory|                       linear_180_16_float_float_weights_4|         array|
|linear_180_16_float_float_weights_5_address0  |  out|    8|   ap_memory|                       linear_180_16_float_float_weights_5|         array|
|linear_180_16_float_float_weights_5_ce0       |  out|    1|   ap_memory|                       linear_180_16_float_float_weights_5|         array|
|linear_180_16_float_float_weights_5_we0       |  out|    1|   ap_memory|                       linear_180_16_float_float_weights_5|         array|
|linear_180_16_float_float_weights_5_d0        |  out|   32|   ap_memory|                       linear_180_16_float_float_weights_5|         array|
|linear_180_16_float_float_weights_6_address0  |  out|    8|   ap_memory|                       linear_180_16_float_float_weights_6|         array|
|linear_180_16_float_float_weights_6_ce0       |  out|    1|   ap_memory|                       linear_180_16_float_float_weights_6|         array|
|linear_180_16_float_float_weights_6_we0       |  out|    1|   ap_memory|                       linear_180_16_float_float_weights_6|         array|
|linear_180_16_float_float_weights_6_d0        |  out|   32|   ap_memory|                       linear_180_16_float_float_weights_6|         array|
|linear_180_16_float_float_weights_7_address0  |  out|    8|   ap_memory|                       linear_180_16_float_float_weights_7|         array|
|linear_180_16_float_float_weights_7_ce0       |  out|    1|   ap_memory|                       linear_180_16_float_float_weights_7|         array|
|linear_180_16_float_float_weights_7_we0       |  out|    1|   ap_memory|                       linear_180_16_float_float_weights_7|         array|
|linear_180_16_float_float_weights_7_d0        |  out|   32|   ap_memory|                       linear_180_16_float_float_weights_7|         array|
|linear_180_16_float_float_weights_8_address0  |  out|    8|   ap_memory|                       linear_180_16_float_float_weights_8|         array|
|linear_180_16_float_float_weights_8_ce0       |  out|    1|   ap_memory|                       linear_180_16_float_float_weights_8|         array|
|linear_180_16_float_float_weights_8_we0       |  out|    1|   ap_memory|                       linear_180_16_float_float_weights_8|         array|
|linear_180_16_float_float_weights_8_d0        |  out|   32|   ap_memory|                       linear_180_16_float_float_weights_8|         array|
|linear_180_16_float_float_weights_9_address0  |  out|    8|   ap_memory|                       linear_180_16_float_float_weights_9|         array|
|linear_180_16_float_float_weights_9_ce0       |  out|    1|   ap_memory|                       linear_180_16_float_float_weights_9|         array|
|linear_180_16_float_float_weights_9_we0       |  out|    1|   ap_memory|                       linear_180_16_float_float_weights_9|         array|
|linear_180_16_float_float_weights_9_d0        |  out|   32|   ap_memory|                       linear_180_16_float_float_weights_9|         array|
|p_ZZ13linear_180_16PfS_E7weights_10_address0  |  out|    8|   ap_memory|                       p_ZZ13linear_180_16PfS_E7weights_10|         array|
|p_ZZ13linear_180_16PfS_E7weights_10_ce0       |  out|    1|   ap_memory|                       p_ZZ13linear_180_16PfS_E7weights_10|         array|
|p_ZZ13linear_180_16PfS_E7weights_10_we0       |  out|    1|   ap_memory|                       p_ZZ13linear_180_16PfS_E7weights_10|         array|
|p_ZZ13linear_180_16PfS_E7weights_10_d0        |  out|   32|   ap_memory|                       p_ZZ13linear_180_16PfS_E7weights_10|         array|
|p_ZZ13linear_180_16PfS_E7weights_11_address0  |  out|    8|   ap_memory|                       p_ZZ13linear_180_16PfS_E7weights_11|         array|
|p_ZZ13linear_180_16PfS_E7weights_11_ce0       |  out|    1|   ap_memory|                       p_ZZ13linear_180_16PfS_E7weights_11|         array|
|p_ZZ13linear_180_16PfS_E7weights_11_we0       |  out|    1|   ap_memory|                       p_ZZ13linear_180_16PfS_E7weights_11|         array|
|p_ZZ13linear_180_16PfS_E7weights_11_d0        |  out|   32|   ap_memory|                       p_ZZ13linear_180_16PfS_E7weights_11|         array|
|p_ZZ13linear_180_16PfS_E7weights_12_address0  |  out|    8|   ap_memory|                       p_ZZ13linear_180_16PfS_E7weights_12|         array|
|p_ZZ13linear_180_16PfS_E7weights_12_ce0       |  out|    1|   ap_memory|                       p_ZZ13linear_180_16PfS_E7weights_12|         array|
|p_ZZ13linear_180_16PfS_E7weights_12_we0       |  out|    1|   ap_memory|                       p_ZZ13linear_180_16PfS_E7weights_12|         array|
|p_ZZ13linear_180_16PfS_E7weights_12_d0        |  out|   32|   ap_memory|                       p_ZZ13linear_180_16PfS_E7weights_12|         array|
|p_ZZ13linear_180_16PfS_E7weights_13_address0  |  out|    8|   ap_memory|                       p_ZZ13linear_180_16PfS_E7weights_13|         array|
|p_ZZ13linear_180_16PfS_E7weights_13_ce0       |  out|    1|   ap_memory|                       p_ZZ13linear_180_16PfS_E7weights_13|         array|
|p_ZZ13linear_180_16PfS_E7weights_13_we0       |  out|    1|   ap_memory|                       p_ZZ13linear_180_16PfS_E7weights_13|         array|
|p_ZZ13linear_180_16PfS_E7weights_13_d0        |  out|   32|   ap_memory|                       p_ZZ13linear_180_16PfS_E7weights_13|         array|
|p_ZZ13linear_180_16PfS_E7weights_14_address0  |  out|    8|   ap_memory|                       p_ZZ13linear_180_16PfS_E7weights_14|         array|
|p_ZZ13linear_180_16PfS_E7weights_14_ce0       |  out|    1|   ap_memory|                       p_ZZ13linear_180_16PfS_E7weights_14|         array|
|p_ZZ13linear_180_16PfS_E7weights_14_we0       |  out|    1|   ap_memory|                       p_ZZ13linear_180_16PfS_E7weights_14|         array|
|p_ZZ13linear_180_16PfS_E7weights_14_d0        |  out|   32|   ap_memory|                       p_ZZ13linear_180_16PfS_E7weights_14|         array|
|p_ZZ13linear_180_16PfS_E7weights_15_address0  |  out|    8|   ap_memory|                       p_ZZ13linear_180_16PfS_E7weights_15|         array|
|p_ZZ13linear_180_16PfS_E7weights_15_ce0       |  out|    1|   ap_memory|                       p_ZZ13linear_180_16PfS_E7weights_15|         array|
|p_ZZ13linear_180_16PfS_E7weights_15_we0       |  out|    1|   ap_memory|                       p_ZZ13linear_180_16PfS_E7weights_15|         array|
|p_ZZ13linear_180_16PfS_E7weights_15_d0        |  out|   32|   ap_memory|                       p_ZZ13linear_180_16PfS_E7weights_15|         array|
+----------------------------------------------+-----+-----+------------+----------------------------------------------------------+--------------+

