

================================================================
== Vitis HLS Report for 'linear_180_16'
================================================================
* Date:           Mon Jun 15 16:42:39 2026

* Version:        2025.2 (Build 6295257 on Nov 14 2025)
* Project:        linear_180_16
* Solution:       hls (Vivado IP Flow Target)
* Product family: kintex7
* Target device:  xc7k325t-ffg900-2


================================================================
== Performance Estimates
================================================================
+ Timing: 
    * Summary: 
    +--------+----------+-----------+------------+
    |  Clock |  Target  | Estimated | Uncertainty|
    +--------+----------+-----------+------------+
    |ap_clk  |  10.00 ns|  26.139 ns|     2.70 ns|
    +--------+----------+-----------+------------+

+ Latency: 
    * Summary: 
    +---------+---------+----------+-----------+-----+------+---------+
    |  Latency (cycles) |  Latency (absolute)  |  Interval  | Pipeline|
    |   min   |   max   |    min   |    max    | min |  max |   Type  |
    +---------+---------+----------+-----------+-----+------+---------+
    |      197|     3079|  5.149 us|  80.482 us|  198|  3080|       no|
    +---------+---------+----------+-----------+-----+------+---------+

    + Detail: 
        * Instance: 
        +---------------------------------------------------------------------+----------------------------------------------------------+---------+---------+-----------+-----------+-----+-----+-------------------+
        |                                                                     |                                                          |  Latency (cycles) |   Latency (absolute)  |  Interval |      Pipeline     |
        |                               Instance                              |                          Module                          |   min   |   max   |    min    |    max    | min | max |        Type       |
        +---------------------------------------------------------------------+----------------------------------------------------------+---------+---------+-----------+-----------+-----+-----+-------------------+
        |grp_linear_180_16_Pipeline_VITIS_LOOP_190_1_VITIS_LOOP_192_2_fu_309  |linear_180_16_Pipeline_VITIS_LOOP_190_1_VITIS_LOOP_192_2  |     2882|     2882|  28.820 us|  28.820 us|    0|    0|  loop pipeline stp|
        |grp_linear_180_16_Pipeline_VITIS_LOOP_211_4_fu_345                   |linear_180_16_Pipeline_VITIS_LOOP_211_4                   |      186|      186|   4.862 us|   4.862 us|    0|    0|  loop pipeline stp|
        +---------------------------------------------------------------------+----------------------------------------------------------+---------+---------+-----------+-----------+-----+-----+-------------------+

        * Loop: 
        N/A



================================================================
== Utilization Estimates
================================================================
* Summary: 
+-----------------+---------+-----+--------+--------+-----+
|       Name      | BRAM_18K| DSP |   FF   |   LUT  | URAM|
+-----------------+---------+-----+--------+--------+-----+
|DSP              |        -|    -|       -|       -|    -|
|Expression       |        -|    -|       0|       2|    -|
|FIFO             |        -|    -|       -|       -|    -|
|Instance         |        -|   80|    6015|    5809|    -|
|Memory           |       16|    -|       0|       0|    0|
|Multiplexer      |        -|    -|       0|     761|    -|
|Register         |        -|    -|      16|       -|    -|
+-----------------+---------+-----+--------+--------+-----+
|Total            |       16|   80|    6031|    6572|    0|
+-----------------+---------+-----+--------+--------+-----+
|Available        |      890|  840|  407600|  203800|    0|
+-----------------+---------+-----+--------+--------+-----+
|Utilization (%)  |        1|    9|       1|       3|    0|
+-----------------+---------+-----+--------+--------+-----+

+ Detail: 
    * Instance: 
    +---------------------------------------------------------------------+----------------------------------------------------------+---------+----+------+------+-----+
    |                               Instance                              |                          Module                          | BRAM_18K| DSP|  FF  |  LUT | URAM|
    +---------------------------------------------------------------------+----------------------------------------------------------+---------+----+------+------+-----+
    |grp_linear_180_16_Pipeline_VITIS_LOOP_190_1_VITIS_LOOP_192_2_fu_309  |linear_180_16_Pipeline_VITIS_LOOP_190_1_VITIS_LOOP_192_2  |        0|   0|    27|   157|    0|
    |grp_linear_180_16_Pipeline_VITIS_LOOP_211_4_fu_345                   |linear_180_16_Pipeline_VITIS_LOOP_211_4                   |        0|  80|  5988|  5652|    0|
    +---------------------------------------------------------------------+----------------------------------------------------------+---------+----+------+------+-----+
    |Total                                                                |                                                          |        0|  80|  6015|  5809|    0|
    +---------------------------------------------------------------------+----------------------------------------------------------+---------+----+------+------+-----+

    * DSP: 
    N/A

    * Memory: 
    +---------------------------------------+-------------------------------------------------+---------+---+----+-----+------+-----+------+-------------+
    |                 Memory                |                      Module                     | BRAM_18K| FF| LUT| URAM| Words| Bits| Banks| W*Bits*Banks|
    +---------------------------------------+-------------------------------------------------+---------+---+----+-----+------+-----+------+-------------+
    |linear_180_16_float_float_weights_U    |linear_180_16_float_float_weights_RAM_AUTO_1R1W  |        1|  0|   0|    0|   180|   32|     1|         5760|
    |linear_180_16_float_float_weights_1_U  |linear_180_16_float_float_weights_RAM_AUTO_1R1W  |        1|  0|   0|    0|   180|   32|     1|         5760|
    |linear_180_16_float_float_weights_2_U  |linear_180_16_float_float_weights_RAM_AUTO_1R1W  |        1|  0|   0|    0|   180|   32|     1|         5760|
    |linear_180_16_float_float_weights_3_U  |linear_180_16_float_float_weights_RAM_AUTO_1R1W  |        1|  0|   0|    0|   180|   32|     1|         5760|
    |linear_180_16_float_float_weights_4_U  |linear_180_16_float_float_weights_RAM_AUTO_1R1W  |        1|  0|   0|    0|   180|   32|     1|         5760|
    |linear_180_16_float_float_weights_5_U  |linear_180_16_float_float_weights_RAM_AUTO_1R1W  |        1|  0|   0|    0|   180|   32|     1|         5760|
    |linear_180_16_float_float_weights_6_U  |linear_180_16_float_float_weights_RAM_AUTO_1R1W  |        1|  0|   0|    0|   180|   32|     1|         5760|
    |linear_180_16_float_float_weights_7_U  |linear_180_16_float_float_weights_RAM_AUTO_1R1W  |        1|  0|   0|    0|   180|   32|     1|         5760|
    |linear_180_16_float_float_weights_8_U  |linear_180_16_float_float_weights_RAM_AUTO_1R1W  |        1|  0|   0|    0|   180|   32|     1|         5760|
    |linear_180_16_float_float_weights_9_U  |linear_180_16_float_float_weights_RAM_AUTO_1R1W  |        1|  0|   0|    0|   180|   32|     1|         5760|
    |p_ZZ13linear_180_16PfS_E7weights_10_U  |linear_180_16_float_float_weights_RAM_AUTO_1R1W  |        1|  0|   0|    0|   180|   32|     1|         5760|
    |p_ZZ13linear_180_16PfS_E7weights_11_U  |linear_180_16_float_float_weights_RAM_AUTO_1R1W  |        1|  0|   0|    0|   180|   32|     1|         5760|
    |p_ZZ13linear_180_16PfS_E7weights_12_U  |linear_180_16_float_float_weights_RAM_AUTO_1R1W  |        1|  0|   0|    0|   180|   32|     1|         5760|
    |p_ZZ13linear_180_16PfS_E7weights_13_U  |linear_180_16_float_float_weights_RAM_AUTO_1R1W  |        1|  0|   0|    0|   180|   32|     1|         5760|
    |p_ZZ13linear_180_16PfS_E7weights_14_U  |linear_180_16_float_float_weights_RAM_AUTO_1R1W  |        1|  0|   0|    0|   180|   32|     1|         5760|
    |p_ZZ13linear_180_16PfS_E7weights_15_U  |linear_180_16_float_float_weights_RAM_AUTO_1R1W  |        1|  0|   0|    0|   180|   32|     1|         5760|
    +---------------------------------------+-------------------------------------------------+---------+---+----+-----+------+-----+------+-------------+
    |Total                                  |                                                 |       16|  0|   0|    0|  2880|  512|    16|        92160|
    +---------------------------------------+-------------------------------------------------+---------+---+----+-----+------+-----+------+-------------+

    * FIFO: 
    N/A

    * Expression: 
    +---------------------------------+----------+----+---+----+------------+------------+
    |          Variable Name          | Operation| DSP| FF| LUT| Bitwidth P0| Bitwidth P1|
    +---------------------------------+----------+----+---+----+------------+------------+
    |ap_block_state2_on_subcall_done  |       and|   0|  0|   2|           1|           1|
    +---------------------------------+----------+----+---+----+------------+------------+
    |Total                            |          |   0|  0|   2|           1|           1|
    +---------------------------------+----------+----+---+----+------------+------------+

    * Multiplexer: 
    +----------------------------------------------+----+-----------+-----+-----------+
    |                     Name                     | LUT| Input Size| Bits| Total Bits|
    +----------------------------------------------+----+-----------+-----+-----------+
    |ap_NS_fsm                                     |  53|         13|    1|         13|
    |linear_180_16_float_float_weights_1_address0  |  13|          3|    8|         24|
    |linear_180_16_float_float_weights_1_ce0       |  13|          3|    1|          3|
    |linear_180_16_float_float_weights_1_we0       |   9|          2|    1|          2|
    |linear_180_16_float_float_weights_2_address0  |  13|          3|    8|         24|
    |linear_180_16_float_float_weights_2_ce0       |  13|          3|    1|          3|
    |linear_180_16_float_float_weights_2_we0       |   9|          2|    1|          2|
    |linear_180_16_float_float_weights_3_address0  |  13|          3|    8|         24|
    |linear_180_16_float_float_weights_3_ce0       |  13|          3|    1|          3|
    |linear_180_16_float_float_weights_3_we0       |   9|          2|    1|          2|
    |linear_180_16_float_float_weights_4_address0  |  13|          3|    8|         24|
    |linear_180_16_float_float_weights_4_ce0       |  13|          3|    1|          3|
    |linear_180_16_float_float_weights_4_we0       |   9|          2|    1|          2|
    |linear_180_16_float_float_weights_5_address0  |  13|          3|    8|         24|
    |linear_180_16_float_float_weights_5_ce0       |  13|          3|    1|          3|
    |linear_180_16_float_float_weights_5_we0       |   9|          2|    1|          2|
    |linear_180_16_float_float_weights_6_address0  |  13|          3|    8|         24|
    |linear_180_16_float_float_weights_6_ce0       |  13|          3|    1|          3|
    |linear_180_16_float_float_weights_6_we0       |   9|          2|    1|          2|
    |linear_180_16_float_float_weights_7_address0  |  13|          3|    8|         24|
    |linear_180_16_float_float_weights_7_ce0       |  13|          3|    1|          3|
    |linear_180_16_float_float_weights_7_we0       |   9|          2|    1|          2|
    |linear_180_16_float_float_weights_8_address0  |  13|          3|    8|         24|
    |linear_180_16_float_float_weights_8_ce0       |  13|          3|    1|          3|
    |linear_180_16_float_float_weights_8_we0       |   9|          2|    1|          2|
    |linear_180_16_float_float_weights_9_address0  |  13|          3|    8|         24|
    |linear_180_16_float_float_weights_9_ce0       |  13|          3|    1|          3|
    |linear_180_16_float_float_weights_9_we0       |   9|          2|    1|          2|
    |linear_180_16_float_float_weights_address0    |  13|          3|    8|         24|
    |linear_180_16_float_float_weights_ce0         |  13|          3|    1|          3|
    |linear_180_16_float_float_weights_we0         |   9|          2|    1|          2|
    |output_r_address0_local                       |  37|          9|    4|         36|
    |output_r_address1_local                       |  37|          9|    4|         36|
    |output_r_d0_local                             |  37|          9|   32|        288|
    |output_r_d1_local                             |  37|          9|   32|        288|
    |p_ZZ13linear_180_16PfS_E7weights_10_address0  |  13|          3|    8|         24|
    |p_ZZ13linear_180_16PfS_E7weights_10_ce0       |  13|          3|    1|          3|
    |p_ZZ13linear_180_16PfS_E7weights_10_we0       |   9|          2|    1|          2|
    |p_ZZ13linear_180_16PfS_E7weights_11_address0  |  13|          3|    8|         24|
    |p_ZZ13linear_180_16PfS_E7weights_11_ce0       |  13|          3|    1|          3|
    |p_ZZ13linear_180_16PfS_E7weights_11_we0       |   9|          2|    1|          2|
    |p_ZZ13linear_180_16PfS_E7weights_12_address0  |  13|          3|    8|         24|
    |p_ZZ13linear_180_16PfS_E7weights_12_ce0       |  13|          3|    1|          3|
    |p_ZZ13linear_180_16PfS_E7weights_12_we0       |   9|          2|    1|          2|
    |p_ZZ13linear_180_16PfS_E7weights_13_address0  |  13|          3|    8|         24|
    |p_ZZ13linear_180_16PfS_E7weights_13_ce0       |  13|          3|    1|          3|
    |p_ZZ13linear_180_16PfS_E7weights_13_we0       |   9|          2|    1|          2|
    |p_ZZ13linear_180_16PfS_E7weights_14_address0  |  13|          3|    8|         24|
    |p_ZZ13linear_180_16PfS_E7weights_14_ce0       |  13|          3|    1|          3|
    |p_ZZ13linear_180_16PfS_E7weights_14_we0       |   9|          2|    1|          2|
    |p_ZZ13linear_180_16PfS_E7weights_15_address0  |  13|          3|    8|         24|
    |p_ZZ13linear_180_16PfS_E7weights_15_ce0       |  13|          3|    1|          3|
    |p_ZZ13linear_180_16PfS_E7weights_15_we0       |   9|          2|    1|          2|
    +----------------------------------------------+----+-----------+-----+-----------+
    |Total                                         | 761|        177|  233|       1125|
    +----------------------------------------------+----+-----------+-----+-----------+

    * Register: 
    +----------------------------------------------------------------------------------+----+----+-----+-----------+
    |                                       Name                                       | FF | LUT| Bits| Const Bits|
    +----------------------------------------------------------------------------------+----+----+-----+-----------+
    |ap_CS_fsm                                                                         |  12|   0|   12|          0|
    |grp_linear_180_16_Pipeline_VITIS_LOOP_190_1_VITIS_LOOP_192_2_fu_309_ap_start_reg  |   1|   0|    1|          0|
    |grp_linear_180_16_Pipeline_VITIS_LOOP_211_4_fu_345_ap_start_reg                   |   1|   0|    1|          0|
    |initialized                                                                       |   1|   0|    1|          0|
    |initialized_load_reg_633                                                          |   1|   0|    1|          0|
    +----------------------------------------------------------------------------------+----+----+-----+-----------+
    |Total                                                                             |  16|   0|   16|          0|
    +----------------------------------------------------------------------------------+----+----+-----+-----------+



================================================================
== Interface
================================================================
* Summary: 
+-------------------+-----+-----+------------+---------------+--------------+
|     RTL Ports     | Dir | Bits|  Protocol  | Source Object |    C Type    |
+-------------------+-----+-----+------------+---------------+--------------+
|ap_clk             |   in|    1|  ap_ctrl_hs|  linear_180_16|  return value|
|ap_rst             |   in|    1|  ap_ctrl_hs|  linear_180_16|  return value|
|ap_start           |   in|    1|  ap_ctrl_hs|  linear_180_16|  return value|
|ap_done            |  out|    1|  ap_ctrl_hs|  linear_180_16|  return value|
|ap_idle            |  out|    1|  ap_ctrl_hs|  linear_180_16|  return value|
|ap_ready           |  out|    1|  ap_ctrl_hs|  linear_180_16|  return value|
|input_r_address0   |  out|    8|   ap_memory|        input_r|         array|
|input_r_ce0        |  out|    1|   ap_memory|        input_r|         array|
|input_r_q0         |   in|   32|   ap_memory|        input_r|         array|
|output_r_address0  |  out|    4|   ap_memory|       output_r|         array|
|output_r_ce0       |  out|    1|   ap_memory|       output_r|         array|
|output_r_we0       |  out|    1|   ap_memory|       output_r|         array|
|output_r_d0        |  out|   32|   ap_memory|       output_r|         array|
|output_r_address1  |  out|    4|   ap_memory|       output_r|         array|
|output_r_ce1       |  out|    1|   ap_memory|       output_r|         array|
|output_r_we1       |  out|    1|   ap_memory|       output_r|         array|
|output_r_d1        |  out|   32|   ap_memory|       output_r|         array|
+-------------------+-----+-----+------------+---------------+--------------+

