

================================================================
== Vitis HLS Report for 'linear_180_16_Pipeline_VITIS_LOOP_211_4'
================================================================
* Date:           Mon Jun 15 16:42:39 2026

* Version:        2025.2 (Build 6295257 on Nov 14 2025)
* Project:        linear_180_16
* Solution:       hls (Vivado IP Flow Target)
* Product family: kintex7
* Target device:  xc7k325t-ffg900-2


================================================================
== Performance Estimates
================================================================
+ Timing: 
    * Summary: 
    +--------+----------+-----------+------------+
    |  Clock |  Target  | Estimated | Uncertainty|
    +--------+----------+-----------+------------+
    |ap_clk  |  10.00 ns|  26.139 ns|     2.70 ns|
    +--------+----------+-----------+------------+

+ Latency: 
    * Summary: 
    +---------+---------+----------+----------+-----+-----+-------------------+
    |  Latency (cycles) |  Latency (absolute) |  Interval |      Pipeline     |
    |   min   |   max   |    min   |    max   | min | max |        Type       |
    +---------+---------+----------+----------+-----+-----+-------------------+
    |      186|      186|  4.862 us|  4.862 us|    0|    0|  loop pipeline stp|
    +---------+---------+----------+----------+-----+-----+-------------------+

    + Detail: 
        * Instance: 
        N/A

        * Loop: 
        +--------------------+---------+---------+----------+-----------+-----------+------+----------+
        |                    |  Latency (cycles) | Iteration|  Initiation Interval  | Trip |          |
        |      Loop Name     |   min   |   max   |  Latency |  achieved |   target  | Count| Pipelined|
        +--------------------+---------+---------+----------+-----------+-----------+------+----------+
        |- VITIS_LOOP_211_4  |      184|      184|         6|          1|          1|   180|       yes|
        +--------------------+---------+---------+----------+-----------+-----------+------+----------+



================================================================
== Utilization Estimates
================================================================
* Summary: 
+-----------------+---------+-----+--------+--------+-----+
|       Name      | BRAM_18K| DSP |   FF   |   LUT  | URAM|
+-----------------+---------+-----+--------+--------+-----+
|DSP              |        -|    -|       -|       -|    -|
|Expression       |        -|    -|       0|      32|    -|
|FIFO             |        -|    -|       -|       -|    -|
|Instance         |        -|   80|    4880|    5264|    -|
|Memory           |        -|    -|       -|       -|    -|
|Multiplexer      |        -|    -|       0|     324|    -|
|Register         |        -|    -|    1108|      32|    -|
+-----------------+---------+-----+--------+--------+-----+
|Total            |        0|   80|    5988|    5652|    0|
+-----------------+---------+-----+--------+--------+-----+
|Available        |      890|  840|  407600|  203800|    0|
+-----------------+---------+-----+--------+--------+-----+
|Utilization (%)  |        0|    9|       1|       2|    0|
+-----------------+---------+-----+--------+--------+-----+

+ Detail: 
    * Instance: 
    +------------------------------------+--------------------------------+---------+----+-----+-----+-----+
    |              Instance              |             Module             | BRAM_18K| DSP|  FF | LUT | URAM|
    +------------------------------------+--------------------------------+---------+----+-----+-----+-----+
    |fadd_32ns_32ns_32_2_full_dsp_1_U17  |fadd_32ns_32ns_32_2_full_dsp_1  |        0|   2|  177|  194|    0|
    |fadd_32ns_32ns_32_2_full_dsp_1_U18  |fadd_32ns_32ns_32_2_full_dsp_1  |        0|   2|  177|  194|    0|
    |fadd_32ns_32ns_32_2_full_dsp_1_U19  |fadd_32ns_32ns_32_2_full_dsp_1  |        0|   2|  177|  194|    0|
    |fadd_32ns_32ns_32_2_full_dsp_1_U20  |fadd_32ns_32ns_32_2_full_dsp_1  |        0|   2|  177|  194|    0|
    |fadd_32ns_32ns_32_2_full_dsp_1_U21  |fadd_32ns_32ns_32_2_full_dsp_1  |        0|   2|  177|  194|    0|
    |fadd_32ns_32ns_32_2_full_dsp_1_U22  |fadd_32ns_32ns_32_2_full_dsp_1  |        0|   2|  177|  194|    0|
    |fadd_32ns_32ns_32_2_full_dsp_1_U23  |fadd_32ns_32ns_32_2_full_dsp_1  |        0|   2|  177|  194|    0|
    |fadd_32ns_32ns_32_2_full_dsp_1_U24  |fadd_32ns_32ns_32_2_full_dsp_1  |        0|   2|  177|  194|    0|
    |fadd_32ns_32ns_32_2_full_dsp_1_U25  |fadd_32ns_32ns_32_2_full_dsp_1  |        0|   2|  177|  194|    0|
    |fadd_32ns_32ns_32_2_full_dsp_1_U26  |fadd_32ns_32ns_32_2_full_dsp_1  |        0|   2|  177|  194|    0|
    |fadd_32ns_32ns_32_2_full_dsp_1_U27  |fadd_32ns_32ns_32_2_full_dsp_1  |        0|   2|  177|  194|    0|
    |fadd_32ns_32ns_32_2_full_dsp_1_U28  |fadd_32ns_32ns_32_2_full_dsp_1  |        0|   2|  177|  194|    0|
    |fadd_32ns_32ns_32_2_full_dsp_1_U29  |fadd_32ns_32ns_32_2_full_dsp_1  |        0|   2|  177|  194|    0|
    |fadd_32ns_32ns_32_2_full_dsp_1_U30  |fadd_32ns_32ns_32_2_full_dsp_1  |        0|   2|  177|  194|    0|
    |fadd_32ns_32ns_32_2_full_dsp_1_U31  |fadd_32ns_32ns_32_2_full_dsp_1  |        0|   2|  177|  194|    0|
    |fadd_32ns_32ns_32_2_full_dsp_1_U32  |fadd_32ns_32ns_32_2_full_dsp_1  |        0|   2|  177|  194|    0|
    |fmul_32ns_32ns_32_3_max_dsp_1_U33   |fmul_32ns_32ns_32_3_max_dsp_1   |        0|   3|  128|  135|    0|
    |fmul_32ns_32ns_32_3_max_dsp_1_U34   |fmul_32ns_32ns_32_3_max_dsp_1   |        0|   3|  128|  135|    0|
    |fmul_32ns_32ns_32_3_max_dsp_1_U35   |fmul_32ns_32ns_32_3_max_dsp_1   |        0|   3|  128|  135|    0|
    |fmul_32ns_32ns_32_3_max_dsp_1_U36   |fmul_32ns_32ns_32_3_max_dsp_1   |        0|   3|  128|  135|    0|
    |fmul_32ns_32ns_32_3_max_dsp_1_U37   |fmul_32ns_32ns_32_3_max_dsp_1   |        0|   3|  128|  135|    0|
    |fmul_32ns_32ns_32_3_max_dsp_1_U38   |fmul_32ns_32ns_32_3_max_dsp_1   |        0|   3|  128|  135|    0|
    |fmul_32ns_32ns_32_3_max_dsp_1_U39   |fmul_32ns_32ns_32_3_max_dsp_1   |        0|   3|  128|  135|    0|
    |fmul_32ns_32ns_32_3_max_dsp_1_U40   |fmul_32ns_32ns_32_3_max_dsp_1   |        0|   3|  128|  135|    0|
    |fmul_32ns_32ns_32_3_max_dsp_1_U41   |fmul_32ns_32ns_32_3_max_dsp_1   |        0|   3|  128|  135|    0|
    |fmul_32ns_32ns_32_3_max_dsp_1_U42   |fmul_32ns_32ns_32_3_max_dsp_1   |        0|   3|  128|  135|    0|
    |fmul_32ns_32ns_32_3_max_dsp_1_U43   |fmul_32ns_32ns_32_3_max_dsp_1   |        0|   3|  128|  135|    0|
    |fmul_32ns_32ns_32_3_max_dsp_1_U44   |fmul_32ns_32ns_32_3_max_dsp_1   |        0|   3|  128|  135|    0|
    |fmul_32ns_32ns_32_3_max_dsp_1_U45   |fmul_32ns_32ns_32_3_max_dsp_1   |        0|   3|  128|  135|    0|
    |fmul_32ns_32ns_32_3_max_dsp_1_U46   |fmul_32ns_32ns_32_3_max_dsp_1   |        0|   3|  128|  135|    0|
    |fmul_32ns_32ns_32_3_max_dsp_1_U47   |fmul_32ns_32ns_32_3_max_dsp_1   |        0|   3|  128|  135|    0|
    |fmul_32ns_32ns_32_3_max_dsp_1_U48   |fmul_32ns_32ns_32_3_max_dsp_1   |        0|   3|  128|  135|    0|
    +------------------------------------+--------------------------------+---------+----+-----+-----+-----+
    |Total                               |                                |        0|  80| 4880| 5264|    0|
    +------------------------------------+--------------------------------+---------+----+-----+-----+-----+

    * DSP: 
    N/A

    * Memory: 
    N/A

    * FIFO: 
    N/A

    * Expression: 
    +----------------------+----------+----+---+----+------------+------------+
    |     Variable Name    | Operation| DSP| FF| LUT| Bitwidth P0| Bitwidth P1|
    +----------------------+----------+----+---+----+------------+------------+
    |add_ln211_fu_739_p2   |         +|   0|  0|  15|           8|           1|
    |icmp_ln211_fu_733_p2  |      icmp|   0|  0|  15|           8|           8|
    |ap_enable_pp0         |       xor|   0|  0|   2|           1|           2|
    +----------------------+----------+----+---+----+------------+------------+
    |Total                 |          |   0|  0|  32|          17|          11|
    +----------------------+----------+----+---+----+------------+------------+

    * Multiplexer: 
    +---------------------------+----+-----------+-----+-----------+
    |            Name           | LUT| Input Size| Bits| Total Bits|
    +---------------------------+----+-----------+-----+-----------+
    |ap_done_int                |   9|          2|    1|          2|
    |ap_enable_reg_pp0_iter1    |   9|          2|    1|          2|
    |ap_sig_allocacmp_i_1       |   9|          2|    8|         16|
    |ap_sig_allocacmp_p_load    |   9|          2|   32|         64|
    |ap_sig_allocacmp_p_load17  |   9|          2|   32|         64|
    |ap_sig_allocacmp_p_load19  |   9|          2|   32|         64|
    |ap_sig_allocacmp_p_load21  |   9|          2|   32|         64|
    |ap_sig_allocacmp_p_load23  |   9|          2|   32|         64|
    |ap_sig_allocacmp_p_load25  |   9|          2|   32|         64|
    |ap_sig_allocacmp_p_load27  |   9|          2|   32|         64|
    |ap_sig_allocacmp_p_load29  |   9|          2|   32|         64|
    |ap_sig_allocacmp_p_load31  |   9|          2|   32|         64|
    |ap_sig_allocacmp_p_load33  |   9|          2|   32|         64|
    |ap_sig_allocacmp_p_load35  |   9|          2|   32|         64|
    |ap_sig_allocacmp_p_load37  |   9|          2|   32|         64|
    |ap_sig_allocacmp_p_load39  |   9|          2|   32|         64|
    |ap_sig_allocacmp_p_load41  |   9|          2|   32|         64|
    |ap_sig_allocacmp_p_load43  |   9|          2|   32|         64|
    |ap_sig_allocacmp_p_load45  |   9|          2|   32|         64|
    |empty_10_fu_120            |   9|          2|   32|         64|
    |empty_11_fu_124            |   9|          2|   32|         64|
    |empty_12_fu_128            |   9|          2|   32|         64|
    |empty_13_fu_132            |   9|          2|   32|         64|
    |empty_14_fu_136            |   9|          2|   32|         64|
    |empty_15_fu_140            |   9|          2|   32|         64|
    |empty_16_fu_144            |   9|          2|   32|         64|
    |empty_17_fu_148            |   9|          2|   32|         64|
    |empty_18_fu_152            |   9|          2|   32|         64|
    |empty_19_fu_156            |   9|          2|   32|         64|
    |empty_20_fu_160            |   9|          2|   32|         64|
    |empty_6_fu_104             |   9|          2|   32|         64|
    |empty_7_fu_108             |   9|          2|   32|         64|
    |empty_8_fu_112             |   9|          2|   32|         64|
    |empty_9_fu_116             |   9|          2|   32|         64|
    |empty_fu_100               |   9|          2|   32|         64|
    |i_fu_164                   |   9|          2|    8|         16|
    +---------------------------+----+-----------+-----+-----------+
    |Total                      | 324|         72| 1042|       2084|
    +---------------------------+----+-----------+-----+-----------+

    * Register: 
    +----------------------------------+----+----+-----+-----------+
    |               Name               | FF | LUT| Bits| Const Bits|
    +----------------------------------+----+----+-----+-----------+
    |ap_CS_fsm                         |   1|   0|    1|          0|
    |ap_done_reg                       |   1|   0|    1|          0|
    |ap_enable_reg_pp0_iter1           |   1|   0|    1|          0|
    |ap_enable_reg_pp0_iter2           |   1|   0|    1|          0|
    |ap_enable_reg_pp0_iter3           |   1|   0|    1|          0|
    |ap_enable_reg_pp0_iter4           |   1|   0|    1|          0|
    |ap_enable_reg_pp0_iter5           |   1|   0|    1|          0|
    |ap_loop_exit_ready_pp0_iter1_reg  |   1|   0|    1|          0|
    |ap_loop_exit_ready_pp0_iter2_reg  |   1|   0|    1|          0|
    |ap_loop_exit_ready_pp0_iter3_reg  |   1|   0|    1|          0|
    |ap_loop_exit_ready_pp0_iter4_reg  |   1|   0|    1|          0|
    |empty_10_fu_120                   |  32|   0|   32|          0|
    |empty_11_fu_124                   |  32|   0|   32|          0|
    |empty_12_fu_128                   |  32|   0|   32|          0|
    |empty_13_fu_132                   |  32|   0|   32|          0|
    |empty_14_fu_136                   |  32|   0|   32|          0|
    |empty_15_fu_140                   |  32|   0|   32|          0|
    |empty_16_fu_144                   |  32|   0|   32|          0|
    |empty_17_fu_148                   |  32|   0|   32|          0|
    |empty_18_fu_152                   |  32|   0|   32|          0|
    |empty_19_fu_156                   |  32|   0|   32|          0|
    |empty_20_fu_160                   |  32|   0|   32|          0|
    |empty_6_fu_104                    |  32|   0|   32|          0|
    |empty_7_fu_108                    |  32|   0|   32|          0|
    |empty_8_fu_112                    |  32|   0|   32|          0|
    |empty_9_fu_116                    |  32|   0|   32|          0|
    |empty_fu_100                      |  32|   0|   32|          0|
    |i_fu_164                          |   8|   0|    8|          0|
    |icmp_ln211_reg_1134               |   1|   0|    1|          0|
    |mul_10_reg_1378                   |  32|   0|   32|          0|
    |mul_11_reg_1383                   |  32|   0|   32|          0|
    |mul_12_reg_1388                   |  32|   0|   32|          0|
    |mul_13_reg_1393                   |  32|   0|   32|          0|
    |mul_14_reg_1398                   |  32|   0|   32|          0|
    |mul_1_reg_1328                    |  32|   0|   32|          0|
    |mul_2_reg_1333                    |  32|   0|   32|          0|
    |mul_3_reg_1338                    |  32|   0|   32|          0|
    |mul_4_reg_1343                    |  32|   0|   32|          0|
    |mul_5_reg_1348                    |  32|   0|   32|          0|
    |mul_6_reg_1353                    |  32|   0|   32|          0|
    |mul_7_reg_1358                    |  32|   0|   32|          0|
    |mul_8_reg_1363                    |  32|   0|   32|          0|
    |mul_9_reg_1368                    |  32|   0|   32|          0|
    |mul_reg_1323                      |  32|   0|   32|          0|
    |mul_s_reg_1373                    |  32|   0|   32|          0|
    |icmp_ln211_reg_1134               |  64|  32|    1|          0|
    +----------------------------------+----+----+-----+-----------+
    |Total                             |1108|  32| 1045|          0|
    +----------------------------------+----+----+-----+-----------+



================================================================
== Interface
================================================================
* Summary: 
+----------------------------------------------+-----+-----+------------+-----------------------------------------+--------------+
|                   RTL Ports                  | Dir | Bits|  Protocol  |              Source Object              |    C Type    |
+----------------------------------------------+-----+-----+------------+-----------------------------------------+--------------+
|ap_clk                                        |   in|    1|  ap_ctrl_hs|  linear_180_16_Pipeline_VITIS_LOOP_211_4|  return value|
|ap_rst                                        |   in|    1|  ap_ctrl_hs|  linear_180_16_Pipeline_VITIS_LOOP_211_4|  return value|
|ap_start                                      |   in|    1|  ap_ctrl_hs|  linear_180_16_Pipeline_VITIS_LOOP_211_4|  return value|
|ap_done                                       |  out|    1|  ap_ctrl_hs|  linear_180_16_Pipeline_VITIS_LOOP_211_4|  return value|
|ap_idle                                       |  out|    1|  ap_ctrl_hs|  linear_180_16_Pipeline_VITIS_LOOP_211_4|  return value|
|ap_ready                                      |  out|    1|  ap_ctrl_hs|  linear_180_16_Pipeline_VITIS_LOOP_211_4|  return value|
|input_r_address0                              |  out|    8|   ap_memory|                                  input_r|         array|
|input_r_ce0                                   |  out|    1|   ap_memory|                                  input_r|         array|
|input_r_q0                                    |   in|   32|   ap_memory|                                  input_r|         array|
|p_out                                         |  out|   32|      ap_vld|                                    p_out|       pointer|
|p_out_ap_vld                                  |  out|    1|      ap_vld|                                    p_out|       pointer|
|p_out1                                        |  out|   32|      ap_vld|                                   p_out1|       pointer|
|p_out1_ap_vld                                 |  out|    1|      ap_vld|                                   p_out1|       pointer|
|p_out2                                        |  out|   32|      ap_vld|                                   p_out2|       pointer|
|p_out2_ap_vld                                 |  out|    1|      ap_vld|                                   p_out2|       pointer|
|p_out3                                        |  out|   32|      ap_vld|                                   p_out3|       pointer|
|p_out3_ap_vld                                 |  out|    1|      ap_vld|                                   p_out3|       pointer|
|p_out4                                        |  out|   32|      ap_vld|                                   p_out4|       pointer|
|p_out4_ap_vld                                 |  out|    1|      ap_vld|                                   p_out4|       pointer|
|p_out5                                        |  out|   32|      ap_vld|                                   p_out5|       pointer|
|p_out5_ap_vld                                 |  out|    1|      ap_vld|                                   p_out5|       pointer|
|p_out6                                        |  out|   32|      ap_vld|                                   p_out6|       pointer|
|p_out6_ap_vld                                 |  out|    1|      ap_vld|                                   p_out6|       pointer|
|p_out7                                        |  out|   32|      ap_vld|                                   p_out7|       pointer|
|p_out7_ap_vld                                 |  out|    1|      ap_vld|                                   p_out7|       pointer|
|p_out8                                        |  out|   32|      ap_vld|                                   p_out8|       pointer|
|p_out8_ap_vld                                 |  out|    1|      ap_vld|                                   p_out8|       pointer|
|p_out9                                        |  out|   32|      ap_vld|                                   p_out9|       pointer|
|p_out9_ap_vld                                 |  out|    1|      ap_vld|                                   p_out9|       pointer|
|p_out10                                       |  out|   32|      ap_vld|                                  p_out10|       pointer|
|p_out10_ap_vld                                |  out|    1|      ap_vld|                                  p_out10|       pointer|
|p_out11                                       |  out|   32|      ap_vld|                                  p_out11|       pointer|
|p_out11_ap_vld                                |  out|    1|      ap_vld|                                  p_out11|       pointer|
|p_out12                                       |  out|   32|      ap_vld|                                  p_out12|       pointer|
|p_out12_ap_vld                                |  out|    1|      ap_vld|                                  p_out12|       pointer|
|p_out13                                       |  out|   32|      ap_vld|                                  p_out13|       pointer|
|p_out13_ap_vld                                |  out|    1|      ap_vld|                                  p_out13|       pointer|
|p_out14                                       |  out|   32|      ap_vld|                                  p_out14|       pointer|
|p_out14_ap_vld                                |  out|    1|      ap_vld|                                  p_out14|       pointer|
|p_out15                                       |  out|   32|      ap_vld|                                  p_out15|       pointer|
|p_out15_ap_vld                                |  out|    1|      ap_vld|                                  p_out15|       pointer|
|linear_180_16_float_float_weights_address0    |  out|    8|   ap_memory|        linear_180_16_float_float_weights|         array|
|linear_180_16_float_float_weights_ce0         |  out|    1|   ap_memory|        linear_180_16_float_float_weights|         array|
|linear_180_16_float_float_weights_q0          |   in|   32|   ap_memory|        linear_180_16_float_float_weights|         array|
|linear_180_16_float_float_weights_1_address0  |  out|    8|   ap_memory|      linear_180_16_float_float_weights_1|         array|
|linear_180_16_float_float_weights_1_ce0       |  out|    1|   ap_memory|      linear_180_16_float_float_weights_1|         array|
|linear_180_16_float_float_weights_1_q0        |   in|   32|   ap_memory|      linear_180_16_float_float_weights_1|         array|
|linear_180_16_float_float_weights_2_address0  |  out|    8|   ap_memory|      linear_180_16_float_float_weights_2|         array|
|linear_180_16_float_float_weights_2_ce0       |  out|    1|   ap_memory|      linear_180_16_float_float_weights_2|         array|
|linear_180_16_float_float_weights_2_q0        |   in|   32|   ap_memory|      linear_180_16_float_float_weights_2|         array|
|linear_180_16_float_float_weights_3_address0  |  out|    8|   ap_memory|      linear_180_16_float_float_weights_3|         array|
|linear_180_16_float_float_weights_3_ce0       |  out|    1|   ap_memory|      linear_180_16_float_float_weights_3|         array|
|linear_180_16_float_float_weights_3_q0        |   in|   32|   ap_memory|      linear_180_16_float_float_weights_3|         array|
|linear_180_16_float_float_weights_4_address0  |  out|    8|   ap_memory|      linear_180_16_float_float_weights_4|         array|
|linear_180_16_float_float_weights_4_ce0       |  out|    1|   ap_memory|      linear_180_16_float_float_weights_4|         array|
|linear_180_16_float_float_weights_4_q0        |   in|   32|   ap_memory|      linear_180_16_float_float_weights_4|         array|
|linear_180_16_float_float_weights_5_address0  |  out|    8|   ap_memory|      linear_180_16_float_float_weights_5|         array|
|linear_180_16_float_float_weights_5_ce0       |  out|    1|   ap_memory|      linear_180_16_float_float_weights_5|         array|
|linear_180_16_float_float_weights_5_q0        |   in|   32|   ap_memory|      linear_180_16_float_float_weights_5|         array|
|linear_180_16_float_float_weights_6_address0  |  out|    8|   ap_memory|      linear_180_16_float_float_weights_6|         array|
|linear_180_16_float_float_weights_6_ce0       |  out|    1|   ap_memory|      linear_180_16_float_float_weights_6|         array|
|linear_180_16_float_float_weights_6_q0        |   in|   32|   ap_memory|      linear_180_16_float_float_weights_6|         array|
|linear_180_16_float_float_weights_7_address0  |  out|    8|   ap_memory|      linear_180_16_float_float_weights_7|         array|
|linear_180_16_float_float_weights_7_ce0       |  out|    1|   ap_memory|      linear_180_16_float_float_weights_7|         array|
|linear_180_16_float_float_weights_7_q0        |   in|   32|   ap_memory|      linear_180_16_float_float_weights_7|         array|
|linear_180_16_float_float_weights_8_address0  |  out|    8|   ap_memory|      linear_180_16_float_float_weights_8|         array|
|linear_180_16_float_float_weights_8_ce0       |  out|    1|   ap_memory|      linear_180_16_float_float_weights_8|         array|
|linear_180_16_float_float_weights_8_q0        |   in|   32|   ap_memory|      linear_180_16_float_float_weights_8|         array|
|linear_180_16_float_float_weights_9_address0  |  out|    8|   ap_memory|      linear_180_16_float_float_weights_9|         array|
|linear_180_16_float_float_weights_9_ce0       |  out|    1|   ap_memory|      linear_180_16_float_float_weights_9|         array|
|linear_180_16_float_float_weights_9_q0        |   in|   32|   ap_memory|      linear_180_16_float_float_weights_9|         array|
|p_ZZ13linear_180_16PfS_E7weights_10_address0  |  out|    8|   ap_memory|      p_ZZ13linear_180_16PfS_E7weights_10|         array|
|p_ZZ13linear_180_16PfS_E7weights_10_ce0       |  out|    1|   ap_memory|      p_ZZ13linear_180_16PfS_E7weights_10|         array|
|p_ZZ13linear_180_16PfS_E7weights_10_q0        |   in|   32|   ap_memory|      p_ZZ13linear_180_16PfS_E7weights_10|         array|
|p_ZZ13linear_180_16PfS_E7weights_11_address0  |  out|    8|   ap_memory|      p_ZZ13linear_180_16PfS_E7weights_11|         array|
|p_ZZ13linear_180_16PfS_E7weights_11_ce0       |  out|    1|   ap_memory|      p_ZZ13linear_180_16PfS_E7weights_11|         array|
|p_ZZ13linear_180_16PfS_E7weights_11_q0        |   in|   32|   ap_memory|      p_ZZ13linear_180_16PfS_E7weights_11|         array|
|p_ZZ13linear_180_16PfS_E7weights_12_address0  |  out|    8|   ap_memory|      p_ZZ13linear_180_16PfS_E7weights_12|         array|
|p_ZZ13linear_180_16PfS_E7weights_12_ce0       |  out|    1|   ap_memory|      p_ZZ13linear_180_16PfS_E7weights_12|         array|
|p_ZZ13linear_180_16PfS_E7weights_12_q0        |   in|   32|   ap_memory|      p_ZZ13linear_180_16PfS_E7weights_12|         array|
|p_ZZ13linear_180_16PfS_E7weights_13_address0  |  out|    8|   ap_memory|      p_ZZ13linear_180_16PfS_E7weights_13|         array|
|p_ZZ13linear_180_16PfS_E7weights_13_ce0       |  out|    1|   ap_memory|      p_ZZ13linear_180_16PfS_E7weights_13|         array|
|p_ZZ13linear_180_16PfS_E7weights_13_q0        |   in|   32|   ap_memory|      p_ZZ13linear_180_16PfS_E7weights_13|         array|
|p_ZZ13linear_180_16PfS_E7weights_14_address0  |  out|    8|   ap_memory|      p_ZZ13linear_180_16PfS_E7weights_14|         array|
|p_ZZ13linear_180_16PfS_E7weights_14_ce0       |  out|    1|   ap_memory|      p_ZZ13linear_180_16PfS_E7weights_14|         array|
|p_ZZ13linear_180_16PfS_E7weights_14_q0        |   in|   32|   ap_memory|      p_ZZ13linear_180_16PfS_E7weights_14|         array|
|p_ZZ13linear_180_16PfS_E7weights_15_address0  |  out|    8|   ap_memory|      p_ZZ13linear_180_16PfS_E7weights_15|         array|
|p_ZZ13linear_180_16PfS_E7weights_15_ce0       |  out|    1|   ap_memory|      p_ZZ13linear_180_16PfS_E7weights_15|         array|
|p_ZZ13linear_180_16PfS_E7weights_15_q0        |   in|   32|   ap_memory|      p_ZZ13linear_180_16PfS_E7weights_15|         array|
+----------------------------------------------+-----+-----+------------+-----------------------------------------+--------------+

